Mon Aug 24 14:39:53 UTC 2020 - Executing "/openLANE_flow/scripts//padLefMacro.py -s unithd -r 8 -i /openLANE_flow/designs/cbx_1__0_/runs/24-08_14-39//tmp//merged_unpadded.lef -o /openLANE_flow/designs/cbx_1__0_/runs/24-08_14-39//tmp//merged.lef -e {sky130_fd_sc_hd__tap* sky130_fd_sc_hd__decap* sky130_fd_sc_hd__fill*} |& tee >&@stdout"

Mon Aug 24 14:40:03 UTC 2020 - Executing "sed -i -E {s/CLASS PAD.*$/CLASS PAD ;/g} /openLANE_flow/designs/cbx_1__0_/runs/24-08_14-39//tmp//merged.lef"

Mon Aug 24 14:40:03 UTC 2020 - Executing "sed -i -E {s/CLASS PAD.*$/CLASS PAD ;/g} /openLANE_flow/designs/cbx_1__0_/runs/24-08_14-39//tmp//merged_unpadded.lef"

Mon Aug 24 14:40:03 UTC 2020 - Executing "/openLANE_flow/scripts//libtrim.pl /home/aa/Desktop/Afify/openlane/pdks/sky130A/libs.ref/sky130_fd_sc_hd/lib/sky130_fd_sc_hd__tt_025C_1v80.lib /home/aa/Desktop/Afify/openlane/pdks/sky130A/libs.tech/openlane/sky130_fd_sc_hd/no_synth.cells > /openLANE_flow/designs/cbx_1__0_/runs/24-08_14-39//tmp//trimmed.lib"

Mon Aug 24 14:40:25 UTC 2020 - Executing "yosys -c /openLANE_flow/scripts//synth.tcl -l /openLANE_flow/designs/cbx_1__0_/runs/24-08_14-39//logs/synthesis/yosys.log |& tee >&@stdout"

Mon Aug 24 14:40:26 UTC 2020 - Executing "sta /openLANE_flow/scripts//sta.tcl |& tee >&@stdout /openLANE_flow/designs/cbx_1__0_/runs/24-08_14-39//logs/synthesis/opensta.log"

Mon Aug 24 14:40:35 UTC 2020 - Executing "openroad -exit /openLANE_flow/scripts//openroad/or_floorplan.tcl |& tee >&@stdout /openLANE_flow/designs/cbx_1__0_/runs/24-08_14-39//logs/floorplan/verilog2def.openroad.log"

Mon Aug 24 14:40:36 UTC 2020 - Executing "openroad -exit /openLANE_flow/scripts//openroad/or_ioplacer.tcl |& tee >&@stdout /openLANE_flow/designs/cbx_1__0_/runs/24-08_14-39//logs/floorplan/ioPlacer.log"

Mon Aug 24 14:40:37 UTC 2020 - Executing "openroad -exit /openLANE_flow/scripts//openroad/or_tapcell.tcl |& tee >&@stdout /openLANE_flow/designs/cbx_1__0_/runs/24-08_14-39//logs/floorplan/tapcell.log"

Mon Aug 24 14:40:40 UTC 2020 - Executing "replace < /openLANE_flow/scripts//replace_gp.tcl |& tee >&@stdout /openLANE_flow/designs/cbx_1__0_/runs/24-08_14-39//logs/placement/replace.log"

Mon Aug 24 14:40:40 UTC 2020 - Executing "cp /openLANE_flow/designs/cbx_1__0_/runs/24-08_14-39//tmp/placement/replace_place.def /openLANE_flow/designs/cbx_1__0_/runs/24-08_14-39//tmp/placement/replace.def"

Mon Aug 24 14:40:40 UTC 2020 - Executing "opendp -lef /openLANE_flow/designs/cbx_1__0_/runs/24-08_14-39//tmp//merged.lef -def /openLANE_flow/designs/cbx_1__0_/runs/24-08_14-39//tmp/placement/replace.def -output_def /openLANE_flow/designs/cbx_1__0_/runs/24-08_14-39//results/placement/cbx_1__0_.placement.def |& tee >&@stdout /openLANE_flow/designs/cbx_1__0_/runs/24-08_14-39//logs/placement/opendp.log"

Mon Aug 24 14:40:45 UTC 2020 - Executing "openroad -exit /openLANE_flow/scripts//openroad/or_cts.tcl |& tee >&@stdout /openLANE_flow/designs/cbx_1__0_/runs/24-08_14-39//logs/cts/cts.log"

Mon Aug 24 14:45:19 UTC 2020 - Executing "openroad -exit /openLANE_flow/scripts//new_pdn.tcl |& tee >&@stdout /openLANE_flow/designs/cbx_1__0_/runs/24-08_14-39//logs/floorplan/pdn.log"

Mon Aug 24 14:45:25 UTC 2020 - Executing "openroad -exit /openLANE_flow/scripts//openroad/or_diodes.tcl |& tee >&@stdout /openLANE_flow/designs/cbx_1__0_/runs/24-08_14-39//logs//placement/diodes.log"

Mon Aug 24 14:45:25 UTC 2020 - Executing "openroad -exit /openLANE_flow/scripts//openroad/or_fill.tcl |& tee >&@stdout /openLANE_flow/designs/cbx_1__0_/runs/24-08_14-39//logs/routing/addspacers.log"

Mon Aug 24 14:45:26 UTC 2020 - Executing "openroad -exit /openLANE_flow/scripts//openroad/or_write_verilog.tcl |& tee >&@stdout /openLANE_flow/designs/cbx_1__0_/runs/24-08_14-39//logs//write_verilog.log"

Mon Aug 24 14:45:27 UTC 2020 - Executing "openroad -exit /openLANE_flow/scripts//openroad/or_route.tcl |& tee >&@stdout /openLANE_flow/designs/cbx_1__0_/runs/24-08_14-39//logs/routing/fastroute.log"

Mon Aug 24 14:45:34 UTC 2020 - Executing "envsubst < /openLANE_flow/scripts//tritonRoute.param > /openLANE_flow/designs/cbx_1__0_/runs/24-08_14-39//tmp/routing/tritonRoute.param"

Mon Aug 24 14:45:34 UTC 2020 - Executing "TritonRoute /openLANE_flow/designs/cbx_1__0_/runs/24-08_14-39//tmp/routing/tritonRoute.param |& tee >&@stdout /openLANE_flow/designs/cbx_1__0_/runs/24-08_14-39//logs/routing/tritonRoute.log"

Mon Aug 24 14:45:55 UTC 2020 - Executing "magic -noconsole -dnull -rcfile /openLANE_flow/designs/cbx_1__0_/runs/24-08_14-39//tmp//tmp.magicrc /openLANE_flow/designs/cbx_1__0_/runs/24-08_14-39//tmp//magic_spice.tcl </dev/null |& tee >&@stdout /openLANE_flow/designs/cbx_1__0_/runs/24-08_14-39//logs/magic/magic_spice.log"

Mon Aug 24 14:46:10 UTC 2020 - Executing "vlog2Verilog -v VPWR -g VGND -l /openLANE_flow/designs/cbx_1__0_/runs/24-08_14-39//tmp//merged.lef /openLANE_flow/designs/cbx_1__0_/runs/24-08_14-39//results/synthesis/cbx_1__0_.synthesis_preroute.v |& tee /openLANE_flow/designs/cbx_1__0_/runs/24-08_14-39//results/lvs/cbx_1__0_.lvs.v"

Mon Aug 24 14:46:10 UTC 2020 - Executing "netgen -batch lvs {/openLANE_flow/designs/cbx_1__0_/runs/24-08_14-39//results/magic/cbx_1__0_.spice cbx_1__0_} {/openLANE_flow/designs/cbx_1__0_/runs/24-08_14-39//results/lvs/cbx_1__0_.lvs.v cbx_1__0_} /home/aa/Desktop/Afify/openlane/pdks/sky130A/libs.tech/netgen/sky130A_setup.tcl /openLANE_flow/designs/cbx_1__0_/runs/24-08_14-39//results/lvs/cbx_1__0_.lvs.log -json |& tee >&@stdout /openLANE_flow/designs/cbx_1__0_/runs/24-08_14-39//logs/lvs/lvs.log"

