Sat Aug 15 22:13:55 UTC 2020 - Executing "/openLANE_flow/scripts//padLefMacro.py -s unithd -r 8 -i /openLANE_flow/designs/cbx_1__1_/runs/pin_placement//tmp//merged_unpadded.lef -o /openLANE_flow/designs/cbx_1__1_/runs/pin_placement//tmp//merged.lef -e {sky130_fd_sc_hd__tap* sky130_fd_sc_hd__decap* sky130_fd_sc_hd__fill*} |& tee >&@stdout"

Sat Aug 15 22:14:05 UTC 2020 - Executing "sed -i -E {s/CLASS PAD.*$/CLASS PAD ;/g} /openLANE_flow/designs/cbx_1__1_/runs/pin_placement//tmp//merged.lef"

Sat Aug 15 22:14:05 UTC 2020 - Executing "sed -i -E {s/CLASS PAD.*$/CLASS PAD ;/g} /openLANE_flow/designs/cbx_1__1_/runs/pin_placement//tmp//merged_unpadded.lef"

Sat Aug 15 22:14:05 UTC 2020 - Executing "/openLANE_flow/scripts//libtrim.pl /home/aa/Desktop/Afify/openlane/pdks/sky130A/libs.ref/sky130_fd_sc_hd/lib/sky130_fd_sc_hd__tt_025C_1v80.lib /home/aa/Desktop/Afify/openlane/pdks/sky130A/libs.tech/openlane/sky130_fd_sc_hd/no_synth.cells > /openLANE_flow/designs/cbx_1__1_/runs/pin_placement//tmp//trimmed.lib"

Sat Aug 15 22:14:13 UTC 2020 - Executing "yosys -c /openLANE_flow/scripts//synth.tcl -l /openLANE_flow/designs/cbx_1__1_/runs/pin_placement//logs/synthesis/yosys.log |& tee >&@stdout"

Sat Aug 15 22:14:14 UTC 2020 - Executing "sta /openLANE_flow/scripts//sta.tcl |& tee >&@stdout /openLANE_flow/designs/cbx_1__1_/runs/pin_placement//logs/synthesis/opensta.log"

Sat Aug 15 22:14:20 UTC 2020 - Executing "openroad -exit /openLANE_flow/scripts//openroad/or_floorplan.tcl |& tee >&@stdout /openLANE_flow/designs/cbx_1__1_/runs/pin_placement//logs/floorplan/verilog2def.openroad.log"

Sat Aug 15 22:14:21 UTC 2020 - Executing "openroad -exit /openLANE_flow/scripts//openroad/or_ioplacer.tcl |& tee >&@stdout /openLANE_flow/designs/cbx_1__1_/runs/pin_placement//logs/floorplan/ioPlacer.log"

Sat Aug 15 22:14:21 UTC 2020 - Executing "openroad -exit /openLANE_flow/scripts//openroad/or_tapcell.tcl |& tee >&@stdout /openLANE_flow/designs/cbx_1__1_/runs/pin_placement//logs/floorplan/tapcell.log"

Sat Aug 15 22:15:39 UTC 2020 - Executing "replace < /openLANE_flow/scripts//replace_gp.tcl |& tee >&@stdout /openLANE_flow/designs/cbx_1__1_/runs/pin_placement//logs/placement/replace.log"

Sat Aug 15 22:15:39 UTC 2020 - Executing "cp /openLANE_flow/designs/cbx_1__1_/runs/pin_placement//tmp/placement/replace_place.def /openLANE_flow/designs/cbx_1__1_/runs/pin_placement//tmp/placement/replace.def"

Sat Aug 15 22:15:39 UTC 2020 - Executing "opendp -lef /openLANE_flow/designs/cbx_1__1_/runs/pin_placement//tmp//merged.lef -def /openLANE_flow/designs/cbx_1__1_/runs/pin_placement//tmp/placement/replace.def -output_def /openLANE_flow/designs/cbx_1__1_/runs/pin_placement//results/placement/cbx_1__1_.placement.def |& tee >&@stdout /openLANE_flow/designs/cbx_1__1_/runs/pin_placement//logs/placement/opendp.log"

Sat Aug 15 22:15:48 UTC 2020 - Executing "openroad -exit /openLANE_flow/scripts//openroad/or_cts.tcl |& tee >&@stdout /openLANE_flow/designs/cbx_1__1_/runs/pin_placement//logs/cts/cts.log"

Sat Aug 15 22:17:42 UTC 2020 - Executing "openroad -exit /openLANE_flow/scripts//openroad/or_diodes.tcl |& tee >&@stdout /openLANE_flow/designs/cbx_1__1_/runs/pin_placement//logs//placement/diodes.log"

Sat Aug 15 22:17:43 UTC 2020 - Executing "openroad -exit /openLANE_flow/scripts//openroad/or_fill.tcl |& tee >&@stdout /openLANE_flow/designs/cbx_1__1_/runs/pin_placement//logs/routing/addspacers.log"

Sat Aug 15 22:17:44 UTC 2020 - Executing "openroad -exit /openLANE_flow/scripts//openroad/or_write_verilog.tcl |& tee >&@stdout /openLANE_flow/designs/cbx_1__1_/runs/pin_placement//logs//write_verilog.log"

Sat Aug 15 22:17:44 UTC 2020 - Executing "openroad -exit /openLANE_flow/scripts//openroad/or_route.tcl |& tee >&@stdout /openLANE_flow/designs/cbx_1__1_/runs/pin_placement//logs/routing/fastroute.log"

Sat Aug 15 22:17:51 UTC 2020 - Executing "envsubst < /openLANE_flow/scripts//tritonRoute.param > /openLANE_flow/designs/cbx_1__1_/runs/pin_placement//tmp/routing/tritonRoute.param"

Sat Aug 15 22:17:51 UTC 2020 - Executing "TritonRoute /openLANE_flow/designs/cbx_1__1_/runs/pin_placement//tmp/routing/tritonRoute.param |& tee >&@stdout /openLANE_flow/designs/cbx_1__1_/runs/pin_placement//logs/routing/tritonRoute.log"

Sat Aug 15 22:18:26 UTC 2020 - Executing "magic -noconsole -dnull -rcfile /openLANE_flow/designs/cbx_1__1_/runs/pin_placement//tmp//tmp.magicrc /openLANE_flow/designs/cbx_1__1_/runs/pin_placement//tmp//magic_spice.tcl </dev/null |& tee >&@stdout /openLANE_flow/designs/cbx_1__1_/runs/pin_placement//logs/magic/magic_spice.log"

Sat Aug 15 22:18:56 UTC 2020 - Executing "vlog2Verilog -v VPWR -g VGND -l /openLANE_flow/designs/cbx_1__1_/runs/pin_placement//tmp//merged.lef /openLANE_flow/designs/cbx_1__1_/runs/pin_placement//results/synthesis/cbx_1__1_.synthesis_preroute.v |& tee /openLANE_flow/designs/cbx_1__1_/runs/pin_placement//results/lvs/cbx_1__1_.lvs.v"

Sat Aug 15 22:18:57 UTC 2020 - Executing "netgen -batch lvs {/openLANE_flow/designs/cbx_1__1_/runs/pin_placement//results/magic/cbx_1__1_.spice cbx_1__1_} {/openLANE_flow/designs/cbx_1__1_/runs/pin_placement//results/lvs/cbx_1__1_.lvs.v cbx_1__1_} /home/aa/Desktop/Afify/openlane/pdks/sky130A/libs.tech/netgen/sky130A_setup.tcl /openLANE_flow/designs/cbx_1__1_/runs/pin_placement//results/lvs/cbx_1__1_.lvs.log -json |& tee >&@stdout /openLANE_flow/designs/cbx_1__1_/runs/pin_placement//logs/lvs/lvs.log"

Sat Aug 15 22:19:12 UTC 2020 - Executing "magic -noconsole -dnull -rcfile /openLANE_flow/designs/cbx_1__1_/runs/pin_placement//tmp//magic_antenna.magicrc /openLANE_flow/designs/cbx_1__1_/runs/pin_placement//tmp//magic_antenna.tcl </dev/null |& tee >&@stdout /openLANE_flow/designs/cbx_1__1_/runs/pin_placement//logs/magic/magic_antenna.log"

Sat Aug 15 22:19:17 UTC 2020 - Executing "awk {/Cell:/ {print $2}} /openLANE_flow/designs/cbx_1__1_/runs/pin_placement//logs/magic/magic_antenna.log > /openLANE_flow/designs/cbx_1__1_/runs/pin_placement//reports/magic/magic.antenna_violators.rpt"

