Tue Aug 25 09:56:33 UTC 2020 - Executing "/openLANE_flow/scripts//padLefMacro.py -s unithd -r 8 -i /openLANE_flow/designs/cbx_1__0_/runs/25-08_09-56//tmp//merged_unpadded.lef -o /openLANE_flow/designs/cbx_1__0_/runs/25-08_09-56//tmp//merged.lef -e {sky130_fd_sc_hd__tap* sky130_fd_sc_hd__decap* sky130_fd_sc_hd__fill*} |& tee >&@stdout"

Tue Aug 25 09:56:43 UTC 2020 - Executing "sed -i -E {s/CLASS PAD.*$/CLASS PAD ;/g} /openLANE_flow/designs/cbx_1__0_/runs/25-08_09-56//tmp//merged.lef"

Tue Aug 25 09:56:43 UTC 2020 - Executing "sed -i -E {s/CLASS PAD.*$/CLASS PAD ;/g} /openLANE_flow/designs/cbx_1__0_/runs/25-08_09-56//tmp//merged_unpadded.lef"

Tue Aug 25 09:56:43 UTC 2020 - Executing "/openLANE_flow/scripts//libtrim.pl /home/aa/Desktop/Afify/openlane/pdks/sky130A/libs.ref/sky130_fd_sc_hd/lib/sky130_fd_sc_hd__tt_025C_1v80.lib /home/aa/Desktop/Afify/openlane/pdks/sky130A/libs.tech/openlane/sky130_fd_sc_hd/no_synth.cells > /openLANE_flow/designs/cbx_1__0_/runs/25-08_09-56//tmp//trimmed.lib"

Tue Aug 25 09:56:44 UTC 2020 - Executing "yosys -c /openLANE_flow/scripts//synth.tcl -l /openLANE_flow/designs/cbx_1__0_/runs/25-08_09-56//logs/synthesis/yosys.log |& tee >&@stdout"

Tue Aug 25 09:56:44 UTC 2020 - Executing "sta /openLANE_flow/scripts//sta.tcl |& tee >&@stdout /openLANE_flow/designs/cbx_1__0_/runs/25-08_09-56//logs/synthesis/opensta.log"

Tue Aug 25 09:56:45 UTC 2020 - Executing "openroad -exit /openLANE_flow/scripts//openroad/or_floorplan.tcl |& tee >&@stdout /openLANE_flow/designs/cbx_1__0_/runs/25-08_09-56//logs/floorplan/verilog2def.openroad.log"

Tue Aug 25 09:56:46 UTC 2020 - Executing "openroad -exit /openLANE_flow/scripts//openroad/or_ioplacer.tcl |& tee >&@stdout /openLANE_flow/designs/cbx_1__0_/runs/25-08_09-56//logs/floorplan/ioPlacer.log"

Tue Aug 25 09:56:46 UTC 2020 - Executing "openroad -exit /openLANE_flow/scripts//openroad/or_tapcell.tcl |& tee >&@stdout /openLANE_flow/designs/cbx_1__0_/runs/25-08_09-56//logs/floorplan/tapcell.log"

Tue Aug 25 09:56:47 UTC 2020 - Executing "replace < /openLANE_flow/scripts//replace_gp.tcl |& tee >&@stdout /openLANE_flow/designs/cbx_1__0_/runs/25-08_09-56//logs/placement/replace.log"

Tue Aug 25 09:56:47 UTC 2020 - Executing "cp /openLANE_flow/designs/cbx_1__0_/runs/25-08_09-56//tmp/placement/replace_place.def /openLANE_flow/designs/cbx_1__0_/runs/25-08_09-56//tmp/placement/replace.def"

Tue Aug 25 09:56:47 UTC 2020 - Executing "opendp -lef /openLANE_flow/designs/cbx_1__0_/runs/25-08_09-56//tmp//merged.lef -def /openLANE_flow/designs/cbx_1__0_/runs/25-08_09-56//tmp/placement/replace.def -output_def /openLANE_flow/designs/cbx_1__0_/runs/25-08_09-56//results/placement/cbx_1__0_.placement.def |& tee >&@stdout /openLANE_flow/designs/cbx_1__0_/runs/25-08_09-56//logs/placement/opendp.log"

Tue Aug 25 09:56:47 UTC 2020 - Executing "openroad -exit /openLANE_flow/scripts//openroad/or_cts.tcl |& tee >&@stdout /openLANE_flow/designs/cbx_1__0_/runs/25-08_09-56//logs/cts/cts.log"

Tue Aug 25 09:58:15 UTC 2020 - Executing "openroad -exit /openLANE_flow/scripts//new_pdn.tcl |& tee >&@stdout /openLANE_flow/designs/cbx_1__0_/runs/25-08_09-56//logs/floorplan/pdn.log"

Tue Aug 25 09:58:15 UTC 2020 - Executing "openroad -exit /openLANE_flow/scripts//openroad/or_diodes.tcl |& tee >&@stdout /openLANE_flow/designs/cbx_1__0_/runs/25-08_09-56//logs//placement/diodes.log"

Tue Aug 25 09:58:16 UTC 2020 - Executing "openroad -exit /openLANE_flow/scripts//openroad/or_fill.tcl |& tee >&@stdout /openLANE_flow/designs/cbx_1__0_/runs/25-08_09-56//logs/routing/addspacers.log"

Tue Aug 25 09:58:16 UTC 2020 - Executing "openroad -exit /openLANE_flow/scripts//openroad/or_write_verilog.tcl |& tee >&@stdout /openLANE_flow/designs/cbx_1__0_/runs/25-08_09-56//logs//write_verilog.log"

Tue Aug 25 09:58:17 UTC 2020 - Executing "openroad -exit /openLANE_flow/scripts//openroad/or_route.tcl |& tee >&@stdout /openLANE_flow/designs/cbx_1__0_/runs/25-08_09-56//logs/routing/fastroute.log"

Tue Aug 25 09:58:24 UTC 2020 - Executing "envsubst < /openLANE_flow/scripts//tritonRoute.param > /openLANE_flow/designs/cbx_1__0_/runs/25-08_09-56//tmp/routing/tritonRoute.param"

Tue Aug 25 09:58:24 UTC 2020 - Executing "TritonRoute /openLANE_flow/designs/cbx_1__0_/runs/25-08_09-56//tmp/routing/tritonRoute.param |& tee >&@stdout /openLANE_flow/designs/cbx_1__0_/runs/25-08_09-56//logs/routing/tritonRoute.log"

Tue Aug 25 09:58:27 UTC 2020 - Executing "magic -noconsole -dnull -rcfile /openLANE_flow/designs/cbx_1__0_/runs/25-08_09-56//tmp//tmp.magicrc /openLANE_flow/designs/cbx_1__0_/runs/25-08_09-56//tmp//magic_spice.tcl </dev/null |& tee >&@stdout /openLANE_flow/designs/cbx_1__0_/runs/25-08_09-56//logs/magic/magic_spice.log"

Tue Aug 25 09:58:33 UTC 2020 - Executing "vlog2Verilog -v VPWR -g VGND -l /openLANE_flow/designs/cbx_1__0_/runs/25-08_09-56//tmp//merged.lef /openLANE_flow/designs/cbx_1__0_/runs/25-08_09-56//results/synthesis/cbx_1__0_.synthesis_preroute.v |& tee /openLANE_flow/designs/cbx_1__0_/runs/25-08_09-56//results/lvs/cbx_1__0_.lvs.v"

Tue Aug 25 09:58:33 UTC 2020 - Executing "netgen -batch lvs {/openLANE_flow/designs/cbx_1__0_/runs/25-08_09-56//results/magic/cbx_1__0_.spice cbx_1__0_} {/openLANE_flow/designs/cbx_1__0_/runs/25-08_09-56//results/lvs/cbx_1__0_.lvs.v cbx_1__0_} /home/aa/Desktop/Afify/openlane/pdks/sky130A/libs.tech/netgen/sky130A_setup.tcl /openLANE_flow/designs/cbx_1__0_/runs/25-08_09-56//results/lvs/cbx_1__0_.lvs.log -json |& tee >&@stdout /openLANE_flow/designs/cbx_1__0_/runs/25-08_09-56//logs/lvs/lvs.log"

Tue Aug 25 09:58:33 UTC 2020 - Executing "magic -noconsole -dnull -rcfile /openLANE_flow/designs/cbx_1__0_/runs/25-08_09-56//tmp//magic_antenna.magicrc /openLANE_flow/designs/cbx_1__0_/runs/25-08_09-56//tmp//magic_antenna.tcl </dev/null |& tee >&@stdout /openLANE_flow/designs/cbx_1__0_/runs/25-08_09-56//logs/magic/magic_antenna.log"

Tue Aug 25 09:58:45 UTC 2020 - Executing "awk {/Cell:/ {print $2}} /openLANE_flow/designs/cbx_1__0_/runs/25-08_09-56//logs/magic/magic_antenna.log > /openLANE_flow/designs/cbx_1__0_/runs/25-08_09-56//reports/magic/magic.antenna_violators.rpt"

