RePlAce Version: 1.0.0

** WARNING: Your Detail Placement Step must be skipped.
              (i.e. this program will be executed as -onlyGP)
     If you want to have DP after GP, please specify -dpflag and -dploc.

[INFO] TargetDensity = 0.400000
[INFO] ExperimentIndex = 0
[INFO] DirectoryPath = /openLANE_flow/designs/cby_0__1_/runs/21-08_00-30//tmp/placement/replace/etc/cby_0__1_.floorplan/experiment000
[PROC] Begin LefParsing ...
[LEF] Parsed 500 number of lines!!
WARNING (LEFPARS-2036): SOURCE statement is obsolete in version 5.6 and later.
The LEF parser will ignore this statement.
To avoid this warning in the future, remove this statement from the LEF file with version 5.6 or later. See file /openLANE_flow/designs/cby_0__1_/runs/21-08_00-30//tmp//merged.lef at line 776.

WARNING (LEFPARS-2036): SOURCE statement is obsolete in version 5.6 and later.
The LEF parser will ignore this statement.
To avoid this warning in the future, remove this statement from the LEF file with version 5.6 or later. See file /openLANE_flow/designs/cby_0__1_/runs/21-08_00-30//tmp//merged.lef at line 903.

[LEF] Parsed 1000 number of lines!!
WARNING (LEFPARS-2036): SOURCE statement is obsolete in version 5.6 and later.
The LEF parser will ignore this statement.
To avoid this warning in the future, remove this statement from the LEF file with version 5.6 or later. See file /openLANE_flow/designs/cby_0__1_/runs/21-08_00-30//tmp//merged.lef at line 1034.

WARNING (LEFPARS-2036): SOURCE statement is obsolete in version 5.6 and later.
The LEF parser will ignore this statement.
To avoid this warning in the future, remove this statement from the LEF file with version 5.6 or later. See file /openLANE_flow/designs/cby_0__1_/runs/21-08_00-30//tmp//merged.lef at line 1204.

WARNING (LEFPARS-2036): SOURCE statement is obsolete in version 5.6 and later.
The LEF parser will ignore this statement.
To avoid this warning in the future, remove this statement from the LEF file with version 5.6 or later. See file /openLANE_flow/designs/cby_0__1_/runs/21-08_00-30//tmp//merged.lef at line 1322.

WARNING (LEFPARS-2036): SOURCE statement is obsolete in version 5.6 and later.
The LEF parser will ignore this statement.
To avoid this warning in the future, remove this statement from the LEF file with version 5.6 or later. See file /openLANE_flow/designs/cby_0__1_/runs/21-08_00-30//tmp//merged.lef at line 1442.

[LEF] Parsed 1500 number of lines!!
WARNING (LEFPARS-2036): SOURCE statement is obsolete in version 5.6 and later.
The LEF parser will ignore this statement.
To avoid this warning in the future, remove this statement from the LEF file with version 5.6 or later. See file /openLANE_flow/designs/cby_0__1_/runs/21-08_00-30//tmp//merged.lef at line 1589.

WARNING (LEFPARS-2036): SOURCE statement is obsolete in version 5.6 and later.
The LEF parser will ignore this statement.
To avoid this warning in the future, remove this statement from the LEF file with version 5.6 or later. See file /openLANE_flow/designs/cby_0__1_/runs/21-08_00-30//tmp//merged.lef at line 1777.

WARNING (LEFPARS-2036): SOURCE statement is obsolete in version 5.6 and later.
The LEF parser will ignore this statement.
To avoid this warning in the future, remove this statement from the LEF file with version 5.6 or later. See file /openLANE_flow/designs/cby_0__1_/runs/21-08_00-30//tmp//merged.lef at line 1886.

WARNING (LEFPARS-2036): SOURCE statement is obsolete in version 5.6 and later.
The LEF parser will ignore this statement.
To avoid this warning in the future, remove this statement from the LEF file with version 5.6 or later. See file /openLANE_flow/designs/cby_0__1_/runs/21-08_00-30//tmp//merged.lef at line 1999.

[LEF] Parsed 2000 number of lines!!
WARNING (LEFPARS-2036): SOURCE statement is obsolete in version 5.6 and later.
The LEF parser will ignore this statement.
To avoid this warning in the future, remove this statement from the LEF file with version 5.6 or later. See file /openLANE_flow/designs/cby_0__1_/runs/21-08_00-30//tmp//merged.lef at line 2148.

WARNING (LEFPARS-2036): SOURCE statement is obsolete in version 5.6 and later.
The LEF parser will ignore this statement.
To avoid this warning in the future, remove this statement from the LEF file with version 5.6 or later. See file /openLANE_flow/designs/cby_0__1_/runs/21-08_00-30//tmp//merged.lef at line 2253.

WARNING (LEFPARS-2036): SOURCE statement is obsolete in version 5.6 and later.
The LEF parser will ignore this statement.
To avoid this warning in the future, remove this statement from the LEF file with version 5.6 or later. See file /openLANE_flow/designs/cby_0__1_/runs/21-08_00-30//tmp//merged.lef at line 2380.

[LEF] Parsed 2500 number of lines!!
WARNING (LEFPARS-2036): SOURCE statement is obsolete in version 5.6 and later.
The LEF parser will ignore this statement.
To avoid this warning in the future, remove this statement from the LEF file with version 5.6 or later. See file /openLANE_flow/designs/cby_0__1_/runs/21-08_00-30//tmp//merged.lef at line 2547.

WARNING (LEFPARS-2036): SOURCE statement is obsolete in version 5.6 and later.
The LEF parser will ignore this statement.
To avoid this warning in the future, remove this statement from the LEF file with version 5.6 or later. See file /openLANE_flow/designs/cby_0__1_/runs/21-08_00-30//tmp//merged.lef at line 2653.

WARNING (LEFPARS-2036): SOURCE statement is obsolete in version 5.6 and later.
The LEF parser will ignore this statement.
To avoid this warning in the future, remove this statement from the LEF file with version 5.6 or later. See file /openLANE_flow/designs/cby_0__1_/runs/21-08_00-30//tmp//merged.lef at line 2770.

WARNING (LEFPARS-2036): SOURCE statement is obsolete in version 5.6 and later.
The LEF parser will ignore this statement.
To avoid this warning in the future, remove this statement from the LEF file with version 5.6 or later. See file /openLANE_flow/designs/cby_0__1_/runs/21-08_00-30//tmp//merged.lef at line 2908.

[LEF] Parsed 3000 number of lines!!
WARNING (LEFPARS-2036): SOURCE statement is obsolete in version 5.6 and later.
The LEF parser will ignore this statement.
To avoid this warning in the future, remove this statement from the LEF file with version 5.6 or later. See file /openLANE_flow/designs/cby_0__1_/runs/21-08_00-30//tmp//merged.lef at line 3005.

WARNING (LEFPARS-2036): SOURCE statement is obsolete in version 5.6 and later.
The LEF parser will ignore this statement.
To avoid this warning in the future, remove this statement from the LEF file with version 5.6 or later. See file /openLANE_flow/designs/cby_0__1_/runs/21-08_00-30//tmp//merged.lef at line 3105.

WARNING (LEFPARS-2036): SOURCE statement is obsolete in version 5.6 and later.
The LEF parser will ignore this statement.
To avoid this warning in the future, remove this statement from the LEF file with version 5.6 or later. See file /openLANE_flow/designs/cby_0__1_/runs/21-08_00-30//tmp//merged.lef at line 3219.

WARNING (LEFPARS-2036): SOURCE statement is obsolete in version 5.6 and later.
The LEF parser will ignore this statement.
To avoid this warning in the future, remove this statement from the LEF file with version 5.6 or later. See file /openLANE_flow/designs/cby_0__1_/runs/21-08_00-30//tmp//merged.lef at line 3361.

WARNING (LEFPARS-2036): SOURCE statement is obsolete in version 5.6 and later.
The LEF parser will ignore this statement.
To avoid this warning in the future, remove this statement from the LEF file with version 5.6 or later. See file /openLANE_flow/designs/cby_0__1_/runs/21-08_00-30//tmp//merged.lef at line 3458.

[LEF] Parsed 3500 number of lines!!
WARNING (LEFPARS-2036): SOURCE statement is obsolete in version 5.6 and later.
The LEF parser will ignore this statement.
To avoid this warning in the future, remove this statement from the LEF file with version 5.6 or later. See file /openLANE_flow/designs/cby_0__1_/runs/21-08_00-30//tmp//merged.lef at line 3561.

WARNING (LEFPARS-2036): SOURCE statement is obsolete in version 5.6 and later.
The LEF parser will ignore this statement.
To avoid this warning in the future, remove this statement from the LEF file with version 5.6 or later. See file /openLANE_flow/designs/cby_0__1_/runs/21-08_00-30//tmp//merged.lef at line 3691.

WARNING (LEFPARS-2036): SOURCE statement is obsolete in version 5.6 and later.
The LEF parser will ignore this statement.
To avoid this warning in the future, remove this statement from the LEF file with version 5.6 or later. See file /openLANE_flow/designs/cby_0__1_/runs/21-08_00-30//tmp//merged.lef at line 3783.

WARNING (LEFPARS-2036): SOURCE statement is obsolete in version 5.6 and later.
The LEF parser will ignore this statement.
To avoid this warning in the future, remove this statement from the LEF file with version 5.6 or later. See file /openLANE_flow/designs/cby_0__1_/runs/21-08_00-30//tmp//merged.lef at line 3887.

[LEF] Parsed 4000 number of lines!!
WARNING (LEFPARS-2036): SOURCE statement is obsolete in version 5.6 and later.
The LEF parser will ignore this statement.
To avoid this warning in the future, remove this statement from the LEF file with version 5.6 or later. See file /openLANE_flow/designs/cby_0__1_/runs/21-08_00-30//tmp//merged.lef at line 4018.

WARNING (LEFPARS-2036): SOURCE statement is obsolete in version 5.6 and later.
The LEF parser will ignore this statement.
To avoid this warning in the future, remove this statement from the LEF file with version 5.6 or later. See file /openLANE_flow/designs/cby_0__1_/runs/21-08_00-30//tmp//merged.lef at line 4148.

WARNING (LEFPARS-2036): SOURCE statement is obsolete in version 5.6 and later.
The LEF parser will ignore this statement.
To avoid this warning in the future, remove this statement from the LEF file with version 5.6 or later. See file /openLANE_flow/designs/cby_0__1_/runs/21-08_00-30//tmp//merged.lef at line 4282.

WARNING (LEFPARS-2036): SOURCE statement is obsolete in version 5.6 and later.
The LEF parser will ignore this statement.
To avoid this warning in the future, remove this statement from the LEF file with version 5.6 or later. See file /openLANE_flow/designs/cby_0__1_/runs/21-08_00-30//tmp//merged.lef at line 4467.

[LEF] Parsed 4500 number of lines!!
[LEF] Parsed 5000 number of lines!!
[LEF] Parsed 5500 number of lines!!
[LEF] Parsed 6000 number of lines!!
[LEF] Parsed 6500 number of lines!!
[LEF] Parsed 7000 number of lines!!
[LEF] Parsed 7500 number of lines!!
[LEF] Parsed 8000 number of lines!!
[LEF] Parsed 8500 number of lines!!
[LEF] Parsed 9000 number of lines!!
[LEF] Parsed 9500 number of lines!!
[LEF] Parsed 10000 number of lines!!
[LEF] Parsed 10500 number of lines!!
[LEF] Parsed 11000 number of lines!!
[LEF] Parsed 11500 number of lines!!
[LEF] Parsed 12000 number of lines!!
[LEF] Parsed 12500 number of lines!!
[LEF] Parsed 13000 number of lines!!
[LEF] Parsed 13500 number of lines!!
[LEF] Parsed 14000 number of lines!!
[LEF] Parsed 14500 number of lines!!
[LEF] Parsed 15000 number of lines!!
[LEF] Parsed 15500 number of lines!!
[LEF] Parsed 16000 number of lines!!
[LEF] Parsed 16500 number of lines!!
[LEF] Parsed 17000 number of lines!!
[LEF] Parsed 17500 number of lines!!
[LEF] Parsed 18000 number of lines!!
[LEF] Parsed 18500 number of lines!!
[LEF] Parsed 19000 number of lines!!
[LEF] Parsed 19500 number of lines!!
[LEF] Parsed 20000 number of lines!!
[LEF] Parsed 20500 number of lines!!
[LEF] Parsed 21000 number of lines!!
[LEF] Parsed 21500 number of lines!!
[LEF] Parsed 22000 number of lines!!
[LEF] Parsed 22500 number of lines!!
[LEF] Parsed 23000 number of lines!!
[LEF] Parsed 23500 number of lines!!
[LEF] Parsed 24000 number of lines!!
[LEF] Parsed 24500 number of lines!!
[LEF] Parsed 25000 number of lines!!
[LEF] Parsed 25500 number of lines!!
[LEF] Parsed 26000 number of lines!!
[LEF] Parsed 26500 number of lines!!
[LEF] Parsed 27000 number of lines!!
[LEF] Parsed 27500 number of lines!!
[LEF] Parsed 28000 number of lines!!
[LEF] Parsed 28500 number of lines!!
[LEF] Parsed 29000 number of lines!!
[LEF] Parsed 29500 number of lines!!
[LEF] Parsed 30000 number of lines!!
[LEF] Parsed 30500 number of lines!!
[LEF] Parsed 31000 number of lines!!
[LEF] Parsed 31500 number of lines!!
[LEF] Parsed 32000 number of lines!!
[LEF] Parsed 32500 number of lines!!
[LEF] Parsed 33000 number of lines!!
[LEF] Parsed 33500 number of lines!!
[LEF] Parsed 34000 number of lines!!
[LEF] Parsed 34500 number of lines!!
[LEF] Parsed 35000 number of lines!!
[LEF] Parsed 35500 number of lines!!
[LEF] Parsed 36000 number of lines!!
[LEF] Parsed 36500 number of lines!!
[LEF] Parsed 37000 number of lines!!
[LEF] Parsed 37500 number of lines!!
[LEF] Parsed 38000 number of lines!!
[LEF] Parsed 38500 number of lines!!
[LEF] Parsed 39000 number of lines!!
[LEF] Parsed 39500 number of lines!!
[LEF] Parsed 40000 number of lines!!
[LEF] Parsed 40500 number of lines!!
[LEF] Parsed 41000 number of lines!!
[LEF] Parsed 41500 number of lines!!
[LEF] Parsed 42000 number of lines!!
[LEF] Parsed 42500 number of lines!!
[LEF] Parsed 43000 number of lines!!
[LEF] Parsed 43500 number of lines!!
[LEF] Parsed 44000 number of lines!!
[LEF] Parsed 44500 number of lines!!
[LEF] Parsed 45000 number of lines!!
[LEF] Parsed 45500 number of lines!!
[LEF] Parsed 46000 number of lines!!
[LEF] Parsed 46500 number of lines!!
[LEF] Parsed 47000 number of lines!!
[LEF] Parsed 47500 number of lines!!
[LEF] Parsed 48000 number of lines!!
[LEF] Parsed 48500 number of lines!!
[LEF] Parsed 49000 number of lines!!
[LEF] Parsed 49500 number of lines!!
[LEF] Parsed 50000 number of lines!!
[LEF] Parsed 50500 number of lines!!
[LEF] Parsed 51000 number of lines!!
[LEF] Parsed 51500 number of lines!!
[LEF] Parsed 52000 number of lines!!
[LEF] Parsed 52500 number of lines!!
[LEF] Parsed 53000 number of lines!!
[LEF] Parsed 53500 number of lines!!
[LEF] Parsed 54000 number of lines!!
[LEF] Parsed 54500 number of lines!!
[LEF] Parsed 55000 number of lines!!
[LEF] Parsed 55500 number of lines!!
[LEF] Parsed 56000 number of lines!!
[LEF] Parsed 56500 number of lines!!
[LEF] Parsed 57000 number of lines!!
[LEF] Parsed 57500 number of lines!!
[LEF] Parsed 58000 number of lines!!
[LEF] Parsed 58500 number of lines!!
[LEF] Parsed 59000 number of lines!!
[LEF] Parsed 59500 number of lines!!
[LEF] Parsed 60000 number of lines!!
[LEF] Parsed 60500 number of lines!!
[LEF] Parsed 61000 number of lines!!
[LEF] Parsed 61500 number of lines!!
[LEF] Parsed 62000 number of lines!!
[PROC] End LefParsing
[PROC] Begin DefParsing ...
WARNING (DEFPARS-7011): The NAMESCASESENSITIVE statement is obsolete in version 5.6 and later.
The DEF parser will ignore this statement. See file /openLANE_flow/designs/cby_0__1_/runs/21-08_00-30//results/floorplan/cby_0__1_.floorplan.def at line 2.

[PROC] End DefParsing
[INFO] DefUnit = 1000
[INFO] LefMetal1Name = li1
[INFO] DefSiteName = unithd
[INFO] ScaleDownUnit = 302.222229
[INFO] OffsetCoordi = (2640.000000, 0.000000)
[INFO] RowSize = (1.522059, 9.000000)
[INFO] NumRows = 18
[INFO] MacroCount = 0
[INFO] NumModules = 84
[INFO] NumTerminals = 196
[INFO] Inserted Dummy Terms = 0
[PROC] Begin Generate Un-fragmented Rows ...
[INFO] CoreAreaLxLy = (27.000000, 36.000000)
[INFO] CoreAreaUxUy = (587.117615, 198.000000)
[INFO] RowSize = (1.522059, 9.000000)
[INFO] NumRows = 18
[PROC] End Generate Un-fragmented Rows
[PROC] Begin DEF Net Parsing ...
[INFO] NumNets = 161
[INFO] NumPins = 376
[PROC] End DEF Net Parsing
[PROC] LEF/DEF Parsing Success!
[INFO] AspectRatio = 0.289225
[INFO] RowMinXY = (27.000000, 36.000000)
[INFO] RowMaxXY = (587.117676, 198.000000)
[INFO] NumPlaceStdCells = 84
[INFO] NumPlaceMacros = 0
[INFO] RowSize = (1.522059, 9.000000)
[INFO] NumRows = 18
[INFO] GlobalAreaLxLy = (9.496324, 6.617647)
[INFO] GlobalAreaUxUy = (604.621338, 233.454041)
[INFO] PlaceAreaLxLy = (27.000000, 36.000000)
[INFO] PlaceAreaUxUy = (587.117676, 198.000000)
[INFO] TotalPlaceArea = 90739.062500
[INFO] TotalFixedArea = 2986.263184
[INFO] TotalWhiteSpaceArea = 87752.796875
[INFO] TotalPlaceMacrosArea = 0.000000
[INFO] TotalPlaceStdCellsArea = 28246.361328
[INFO] Util(%) = 31.129221
[INFO] 80pCellArea = 340.271393
[INFO] FillerInit: TotalFillerArea = 6854.759766
[INFO] FillerInit: NumFillerCells = 20
[INFO] FillerInit: FillerCellArea = 340.271545
[INFO] FillerInit: FillerCellSize = (37.807949, 9.000000)
[INFO] FillerInit: NumCells = 104
[INFO] FillerInit: NumModules = 84
[INFO] FillerInit: NumFillers = 20
INFO:  D_MSH = 1024 
INFO:  MSH(X, Y) = (32, 32)
[INFO] TierInit: TierUtil = 0.311292
[INFO] TierInit: NumModules = 84
[INFO] TierInit: PlaceArea = 90739.062500
[INFO] TierInit: CoreSpacingArea = 0.000000
[INFO] TierInit: TerminalArea = 2986.263184
[INFO] TierInit: ModuleArea = 28246.361328
[INFO] TierInit: FillerArea = 6854.759766
[INFO] TierInit: NumFillers = 20
[INFO] TierInit: FillerMinIdx = 84
[INFO] TierInit: FillerMaxIdx = 104
INFO:  dim_bin_cGP2D.(x,y) = (8, 8)
cell Init 2D:
tier->bin_stp: (70.0147 20.25)
tier->half_bin_stp: (35.0074 10.125)
PROC:  Start NESTEROV's Optimization
PROC:    Global Lagrangian Multiplier is Applied

ITER: 0
    HPWL=19311.072266
    OVFL=0.923195
    HPWL=(13965.542969, 5345.528809)
    POTN=1.637734E+05
    PHIC=4.028259E-09
    GRAD=3.263187E-02
    NuBT=0
    CPU =0.000000

ITER: 1
    HPWL=19310.988281
    OVFL=0.923195
    HPWL=(13965.474609, 5345.512695)
    POTN=1.637731E+05
    PHIC=4.229671E-09
    GRAD=4.820083E-02
    NuBT=1
    CPU =0.000107

ITER: 2
    HPWL=19310.658203
    OVFL=0.923195
    HPWL=(13965.213867, 5345.444336)
    POTN=1.637718E+05
    PHIC=4.441155E-09
    GRAD=4.819936E-02
    NuBT=1
    CPU =0.000052

ITER: 3
    HPWL=11887.752930
    OVFL=0.781156
    HPWL=(8079.979492, 3807.773682)
    POTN=1.257809E+05
    PHIC=4.663212E-09
    GRAD=1.936365E-02
    NuBT=1
    CPU =0.000053

ITER: 4
    HPWL=9468.742188
    OVFL=0.764375
    HPWL=(5970.069824, 3498.672852)
    POTN=1.111717E+05
    PHIC=4.896372E-09
    GRAD=1.656872E-02
    NuBT=2
    CPU =0.000091

ITER: 5
    HPWL=9341.460938
    OVFL=0.760525
    HPWL=(5843.485840, 3497.975342)
    POTN=1.112742E+05
    PHIC=5.141191E-09
    GRAD=1.563147E-02
    NuBT=2
    CPU =0.000099

ITER: 6
    HPWL=9267.125000
    OVFL=0.751009
    HPWL=(5774.993652, 3492.131348)
    POTN=1.111517E+05
    PHIC=5.398250E-09
    GRAD=1.518499E-02
    NuBT=2
    CPU =0.000158

ITER: 7
    HPWL=9246.466797
    OVFL=0.746846
    HPWL=(5754.604980, 3491.861572)
    POTN=1.096848E+05
    PHIC=5.668162E-09
    GRAD=1.593316E-02
    NuBT=1
    CPU =0.000095

ITER: 8
    HPWL=9233.207031
    OVFL=0.737228
    HPWL=(5741.187012, 3492.020508)
    POTN=1.080362E+05
    PHIC=5.951570E-09
    GRAD=1.627212E-02
    NuBT=1
    CPU =0.000244

ITER: 9
    HPWL=9228.853516
    OVFL=0.729660
    HPWL=(5736.671387, 3492.182617)
    POTN=1.061229E+05
    PHIC=6.249148E-09
    GRAD=1.709628E-02
    NuBT=2
    CPU =0.000161

ITER: 10
    HPWL=9225.818359
    OVFL=0.722796
    HPWL=(5733.551270, 3492.267334)
    POTN=1.046298E+05
    PHIC=6.561605E-09
    GRAD=1.776943E-02
    NuBT=2
    CPU =0.000124

ITER: 11
    HPWL=9223.394531
    OVFL=0.714982
    HPWL=(5731.125000, 3492.269043)
    POTN=1.027604E+05
    PHIC=6.889685E-09
    GRAD=1.840294E-02
    NuBT=2
    CPU =0.000095

ITER: 12
    HPWL=9220.932617
    OVFL=0.709036
    HPWL=(5728.782227, 3492.150146)
    POTN=1.014154E+05
    PHIC=7.234169E-09
    GRAD=1.914906E-02
    NuBT=2
    CPU =0.000093

ITER: 13
    HPWL=9220.084961
    OVFL=0.701952
    HPWL=(5727.907227, 3492.177490)
    POTN=9.972211E+04
    PHIC=7.595878E-09
    GRAD=1.973874E-02
    NuBT=1
    CPU =0.000057

ITER: 14
    HPWL=9219.373047
    OVFL=0.694286
    HPWL=(5727.223633, 3492.149902)
    POTN=9.837627E+04
    PHIC=7.975671E-09
    GRAD=2.046418E-02
    NuBT=2
    CPU =0.000093

ITER: 15
    HPWL=9218.820312
    OVFL=0.686370
    HPWL=(5726.812012, 3492.008057)
    POTN=9.679134E+04
    PHIC=8.374454E-09
    GRAD=2.128174E-02
    NuBT=2
    CPU =0.000093

ITER: 16
    HPWL=9218.571289
    OVFL=0.677115
    HPWL=(5727.334473, 3491.236816)
    POTN=9.532555E+04
    PHIC=8.793176E-09
    GRAD=2.216132E-02
    NuBT=1
    CPU =0.000056

ITER: 17
    HPWL=9216.651367
    OVFL=0.673814
    HPWL=(5726.511719, 3490.139893)
    POTN=9.315374E+04
    PHIC=9.232834E-09
    GRAD=2.323249E-02
    NuBT=2
    CPU =0.000128

ITER: 18
    HPWL=9215.167969
    OVFL=0.670729
    HPWL=(5726.246094, 3488.921631)
    POTN=9.141136E+04
    PHIC=9.694475E-09
    GRAD=2.362348E-02
    NuBT=1
    CPU =0.000060

ITER: 19
    HPWL=9216.562500
    OVFL=0.667506
    HPWL=(5728.732910, 3487.829102)
    POTN=8.948623E+04
    PHIC=1.017920E-08
    GRAD=2.400588E-02
    NuBT=2
    CPU =0.000101

ITER: 20
    HPWL=9215.595703
    OVFL=0.672670
    HPWL=(5729.085938, 3486.509277)
    POTN=8.819416E+04
    PHIC=1.068816E-08
    GRAD=2.440474E-02
    NuBT=2
    CPU =0.000127

ITER: 21
    HPWL=9215.333008
    OVFL=0.673825
    HPWL=(5730.101074, 3485.232178)
    POTN=8.657288E+04
    PHIC=1.122256E-08
    GRAD=2.377242E-02
    NuBT=2
    CPU =0.000122

ITER: 22
    HPWL=9215.747070
    OVFL=0.674550
    HPWL=(5731.792969, 3483.953857)
    POTN=8.550341E+04
    PHIC=1.178369E-08
    GRAD=2.363877E-02
    NuBT=1
    CPU =0.000080

ITER: 23
    HPWL=9214.503906
    OVFL=0.673963
    HPWL=(5731.965820, 3482.538330)
    POTN=8.408477E+04
    PHIC=1.237287E-08
    GRAD=2.354969E-02
    NuBT=2
    CPU =0.000118

ITER: 24
    HPWL=9213.876953
    OVFL=0.671996
    HPWL=(5732.694824, 3481.182617)
    POTN=8.329524E+04
    PHIC=1.299152E-08
    GRAD=2.362472E-02
    NuBT=1
    CPU =0.000080

ITER: 25
    HPWL=9213.362305
    OVFL=0.670295
    HPWL=(5733.570312, 3479.791992)
    POTN=8.202365E+04
    PHIC=1.364109E-08
    GRAD=2.386501E-02
    NuBT=1
    CPU =0.000082

ITER: 26
    HPWL=9211.954102
    OVFL=0.669755
    HPWL=(5733.626465, 3478.327881)
    POTN=8.093665E+04
    PHIC=1.432314E-08
    GRAD=2.407159E-02
    NuBT=1
    CPU =0.000079

ITER: 27
    HPWL=9210.076172
    OVFL=0.668617
    HPWL=(5733.307129, 3476.769043)
    POTN=7.952912E+04
    PHIC=1.503930E-08
    GRAD=2.413561E-02
    NuBT=1
    CPU =0.000082

ITER: 28
    HPWL=9208.508789
    OVFL=0.666907
    HPWL=(5733.223633, 3475.285156)
    POTN=7.892040E+04
    PHIC=1.579127E-08
    GRAD=2.427540E-02
    NuBT=1
    CPU =0.000091

ITER: 29
    HPWL=9207.550781
    OVFL=0.667128
    HPWL=(5733.679688, 3473.871582)
    POTN=7.780459E+04
    PHIC=1.658083E-08
    GRAD=2.449001E-02
    NuBT=1
    CPU =0.000081

ITER: 30
    HPWL=9206.597656
    OVFL=0.666859
    HPWL=(5734.138184, 3472.459473)
    POTN=7.727659E+04
    PHIC=1.740987E-08
    GRAD=2.446169E-02
    NuBT=1
    CPU =0.000082

ITER: 31
    HPWL=9205.127930
    OVFL=0.666284
    HPWL=(5734.109863, 3471.018066)
    POTN=7.631565E+04
    PHIC=1.828036E-08
    GRAD=2.449599E-02
    NuBT=1
    CPU =0.000079

ITER: 32
    HPWL=9203.388672
    OVFL=0.663942
    HPWL=(5733.860352, 3469.527832)
    POTN=7.599666E+04
    PHIC=1.919438E-08
    GRAD=2.456461E-02
    NuBT=1
    CPU =0.000078

ITER: 33
    HPWL=9201.965820
    OVFL=0.652566
    HPWL=(5733.848145, 3468.117676)
    POTN=7.453658E+04
    PHIC=2.015410E-08
    GRAD=2.486051E-02
    NuBT=1
    CPU =0.000080

ITER: 34
    HPWL=9194.941406
    OVFL=0.632440
    HPWL=(5728.854980, 3466.086182)
    POTN=7.308116E+04
    PHIC=2.116180E-08
    GRAD=2.632234E-02
    NuBT=2
    CPU =0.000122

ITER: 35
    HPWL=9187.050781
    OVFL=0.625861
    HPWL=(5722.996094, 3464.055176)
    POTN=7.163720E+04
    PHIC=2.221989E-08
    GRAD=2.915758E-02
    NuBT=3
    CPU =0.000153

ITER: 36
    HPWL=9185.507812
    OVFL=0.621447
    HPWL=(5722.755859, 3462.752441)
    POTN=7.048262E+04
    PHIC=2.333088E-08
    GRAD=3.015300E-02
    NuBT=1
    CPU =0.000082

ITER: 37
    HPWL=9185.861328
    OVFL=0.621386
    HPWL=(5724.295898, 3461.564941)
    POTN=6.931668E+04
    PHIC=2.449742E-08
    GRAD=3.083972E-02
    NuBT=1
    CPU =0.000080

ITER: 38
    HPWL=9188.024414
    OVFL=0.622251
    HPWL=(5727.374512, 3460.649902)
    POTN=6.794142E+04
    PHIC=2.572229E-08
    GRAD=3.085481E-02
    NuBT=2
    CPU =0.000130

ITER: 39
    HPWL=9186.651367
    OVFL=0.624900
    HPWL=(5727.342773, 3459.308594)
    POTN=6.697032E+04
    PHIC=2.700840E-08
    GRAD=3.071799E-02
    NuBT=2
    CPU =0.000119

ITER: 40
    HPWL=9187.336914
    OVFL=0.626668
    HPWL=(5729.112305, 3458.224365)
    POTN=6.587856E+04
    PHIC=2.835881E-08
    GRAD=3.031371E-02
    NuBT=2
    CPU =0.000118

ITER: 41
    HPWL=9187.325195
    OVFL=0.627631
    HPWL=(5730.210938, 3457.114258)
    POTN=6.524880E+04
    PHIC=2.977675E-08
    GRAD=3.004241E-02
    NuBT=2
    CPU =0.000117

ITER: 42
    HPWL=9187.073242
    OVFL=0.625752
    HPWL=(5731.094238, 3455.979004)
    POTN=6.437689E+04
    PHIC=3.126559E-08
    GRAD=2.989680E-02
    NuBT=2
    CPU =0.000121

ITER: 43
    HPWL=9186.205078
    OVFL=0.615947
    HPWL=(5731.401367, 3454.803467)
    POTN=6.379483E+04
    PHIC=3.282887E-08
    GRAD=3.018569E-02
    NuBT=2
    CPU =0.000118

ITER: 44
    HPWL=9180.630859
    OVFL=0.613374
    HPWL=(5727.613770, 3453.016846)
    POTN=6.307547E+04
    PHIC=3.447031E-08
    GRAD=3.172041E-02
    NuBT=2
    CPU =0.000116

ITER: 45
    HPWL=9177.940430
    OVFL=0.621649
    HPWL=(5726.302734, 3451.637939)
    POTN=6.280352E+04
    PHIC=3.619382E-08
    GRAD=3.213637E-02
    NuBT=1
    CPU =0.000078

ITER: 46
    HPWL=9177.076172
    OVFL=0.633408
    HPWL=(5726.548828, 3450.527832)
    POTN=6.249221E+04
    PHIC=3.800351E-08
    GRAD=3.080900E-02
    NuBT=2
    CPU =0.000133

ITER: 47
    HPWL=9173.874023
    OVFL=0.637817
    HPWL=(5724.695801, 3449.178467)
    POTN=6.214036E+04
    PHIC=3.990369E-08
    GRAD=2.901170E-02
    NuBT=2
    CPU =0.000128

ITER: 48
    HPWL=9170.782227
    OVFL=0.641599
    HPWL=(5722.922363, 3447.860107)
    POTN=6.169951E+04
    PHIC=4.189887E-08
    GRAD=2.836617E-02
    NuBT=1
    CPU =0.000079

ITER: 49
    HPWL=9172.578125
    OVFL=0.650888
    HPWL=(5725.381836, 3447.196777)
    POTN=6.141466E+04
    PHIC=4.399380E-08
    GRAD=2.782559E-02
    NuBT=1
    CPU =0.000080

ITER: 50
    HPWL=9170.845703
    OVFL=0.659002
    HPWL=(5724.719727, 3446.126465)
    POTN=6.110885E+04
    PHIC=4.619349E-08
    GRAD=2.653762E-02
    NuBT=2
    CPU =0.000119

ITER: 51
    HPWL=9168.747070
    OVFL=0.662191
    HPWL=(5723.675293, 3445.071533)
    POTN=6.088996E+04
    PHIC=4.850316E-08
    GRAD=2.546045E-02
    NuBT=1
    CPU =0.000080

ITER: 52
    HPWL=9167.833984
    OVFL=0.663509
    HPWL=(5723.653809, 3444.180420)
    POTN=6.062890E+04
    PHIC=5.092832E-08
    GRAD=2.504910E-02
    NuBT=1
    CPU =0.000080

ITER: 53
    HPWL=9169.649414
    OVFL=0.663836
    HPWL=(5725.999512, 3443.649658)
    POTN=6.050397E+04
    PHIC=5.347472E-08
    GRAD=2.488367E-02
    NuBT=2
    CPU =0.000120

ITER: 54
    HPWL=9168.652344
    OVFL=0.663788
    HPWL=(5725.770996, 3442.881348)
    POTN=6.022976E+04
    PHIC=5.614845E-08
    GRAD=2.484132E-02
    NuBT=2
    CPU =0.000116

ITER: 55
    HPWL=9168.678711
    OVFL=0.665404
    HPWL=(5726.389648, 3442.288818)
    POTN=6.011057E+04
    PHIC=5.895587E-08
    GRAD=2.484917E-02
    NuBT=2
    CPU =0.000116

ITER: 56
    HPWL=9168.193359
    OVFL=0.666437
    HPWL=(5726.574219, 3441.618652)
    POTN=5.989834E+04
    PHIC=6.190366E-08
    GRAD=2.464264E-02
    NuBT=2
    CPU =0.000130

ITER: 57
    HPWL=9168.296875
    OVFL=0.667500
    HPWL=(5727.291992, 3441.005127)
    POTN=5.991996E+04
    PHIC=6.499884E-08
    GRAD=2.451509E-02
    NuBT=2
    CPU =0.000119

ITER: 58
    HPWL=9168.239258
    OVFL=0.668014
    HPWL=(5727.808594, 3440.430664)
    POTN=5.980835E+04
    PHIC=6.824878E-08
    GRAD=2.438292E-02
    NuBT=2
    CPU =0.000118

ITER: 59
    HPWL=9168.103516
    OVFL=0.668567
    HPWL=(5728.238770, 3439.865234)
    POTN=5.991074E+04
    PHIC=7.166122E-08
    GRAD=2.431810E-02
    NuBT=2
    CPU =0.000117

ITER: 60
    HPWL=9167.758789
    OVFL=0.668854
    HPWL=(5728.450684, 3439.308105)
    POTN=5.986000E+04
    PHIC=7.524428E-08
    GRAD=2.425021E-02
    NuBT=2
    CPU =0.000118

ITER: 61
    HPWL=9167.919922
    OVFL=0.673347
    HPWL=(5729.048340, 3438.871094)
    POTN=5.999722E+04
    PHIC=7.900649E-08
    GRAD=2.421215E-02
    NuBT=1
    CPU =0.000079

ITER: 62
    HPWL=9164.646484
    OVFL=0.677687
    HPWL=(5726.645020, 3438.001465)
    POTN=5.992705E+04
    PHIC=8.295681E-08
    GRAD=2.366261E-02
    NuBT=2
    CPU =0.000119

ITER: 63
    HPWL=9162.430664
    OVFL=0.678971
    HPWL=(5725.088379, 3437.342041)
    POTN=5.985366E+04
    PHIC=8.710465E-08
    GRAD=2.314447E-02
    NuBT=1
    CPU =0.000078

ITER: 64
    HPWL=9161.845703
    OVFL=0.679840
    HPWL=(5724.938965, 3436.906982)
    POTN=5.974803E+04
    PHIC=9.145987E-08
    GRAD=2.299266E-02
    NuBT=1
    CPU =0.000079

ITER: 65
    HPWL=9162.470703
    OVFL=0.680435
    HPWL=(5725.776367, 3436.693848)
    POTN=5.967706E+04
    PHIC=9.603286E-08
    GRAD=2.289037E-02
    NuBT=2
    CPU =0.000123

ITER: 66
    HPWL=9162.419922
    OVFL=0.680917
    HPWL=(5725.958984, 3436.461426)
    POTN=5.958910E+04
    PHIC=1.008345E-07
    GRAD=2.282110E-02
    NuBT=2
    CPU =0.000125

ITER: 67
    HPWL=9162.103516
    OVFL=0.681215
    HPWL=(5725.865234, 3436.238770)
    POTN=5.953547E+04
    PHIC=1.058762E-07
    GRAD=2.276355E-02
    NuBT=2
    CPU =0.000118

ITER: 68
    HPWL=9162.073242
    OVFL=0.681390
    HPWL=(5725.990723, 3436.082520)
    POTN=5.946527E+04
    PHIC=1.111700E-07
    GRAD=2.273126E-02
    NuBT=2
    CPU =0.000161

ITER: 69
    HPWL=9161.761719
    OVFL=0.681528
    HPWL=(5725.830566, 3435.930908)
    POTN=5.941869E+04
    PHIC=1.167285E-07
    GRAD=2.271141E-02
    NuBT=2
    CPU =0.000120

ITER: 70
    HPWL=9161.666992
    OVFL=0.681619
    HPWL=(5725.867676, 3435.799561)
    POTN=5.936248E+04
    PHIC=1.225649E-07
    GRAD=2.269492E-02
    NuBT=2
    CPU =0.000118

ITER: 71
    HPWL=9161.619141
    OVFL=0.681676
    HPWL=(5725.853516, 3435.765869)
    POTN=5.932043E+04
    PHIC=1.286932E-07
    GRAD=2.268283E-02
    NuBT=2
    CPU =0.000117

ITER: 72
    HPWL=9161.843750
    OVFL=0.681676
    HPWL=(5726.079590, 3435.764160)
    POTN=5.926903E+04
    PHIC=1.351278E-07
    GRAD=2.267521E-02
    NuBT=2
    CPU =0.000117

ITER: 73
    HPWL=9162.062500
    OVFL=0.681640
    HPWL=(5726.206543, 3435.855713)
    POTN=5.923280E+04
    PHIC=1.418842E-07
    GRAD=2.267524E-02
    NuBT=2
    CPU =0.000117

ITER: 74
    HPWL=9162.492188
    OVFL=0.681556
    HPWL=(5726.487793, 3436.004883)
    POTN=5.917689E+04
    PHIC=1.489784E-07
    GRAD=2.268110E-02
    NuBT=2
    CPU =0.000129

ITER: 75
    HPWL=9162.791016
    OVFL=0.681442
    HPWL=(5726.677734, 3436.113281)
    POTN=5.914994E+04
    PHIC=1.564273E-07
    GRAD=2.269132E-02
    NuBT=2
    CPU =0.000121

ITER: 76
    HPWL=9163.306641
    OVFL=0.681284
    HPWL=(5727.018555, 3436.288574)
    POTN=5.908756E+04
    PHIC=1.642487E-07
    GRAD=2.270275E-02
    NuBT=2
    CPU =0.000118

ITER: 77
    HPWL=9163.877930
    OVFL=0.681103
    HPWL=(5727.369629, 3436.508301)
    POTN=5.907277E+04
    PHIC=1.724611E-07
    GRAD=2.272117E-02
    NuBT=1
    CPU =0.000077

ITER: 78
    HPWL=9164.538086
    OVFL=0.680827
    HPWL=(5727.763184, 3436.774902)
    POTN=5.899879E+04
    PHIC=1.810841E-07
    GRAD=2.274329E-02
    NuBT=1
    CPU =0.000079

ITER: 79
    HPWL=9164.763672
    OVFL=0.680476
    HPWL=(5727.726074, 3437.037598)
    POTN=5.899596E+04
    PHIC=1.901383E-07
    GRAD=2.277620E-02
    NuBT=1
    CPU =0.000080

ITER: 80
    HPWL=9165.011719
    OVFL=0.679958
    HPWL=(5727.726562, 3437.285645)
    POTN=5.891802E+04
    PHIC=1.996452E-07
    GRAD=2.281773E-02
    NuBT=1
    CPU =0.000079

ITER: 81
    HPWL=9165.178711
    OVFL=0.679382
    HPWL=(5727.616211, 3437.562500)
    POTN=5.891757E+04
    PHIC=2.096274E-07
    GRAD=2.287718E-02
    NuBT=1
    CPU =0.000079

ITER: 82
    HPWL=9165.847656
    OVFL=0.678648
    HPWL=(5727.955566, 3437.892090)
    POTN=5.882961E+04
    PHIC=2.201088E-07
    GRAD=2.294363E-02
    NuBT=1
    CPU =0.000081

ITER: 83
    HPWL=9166.252930
    OVFL=0.677741
    HPWL=(5727.987793, 3438.265381)
    POTN=5.883483E+04
    PHIC=2.311142E-07
    GRAD=2.303017E-02
    NuBT=1
    CPU =0.000078

ITER: 84
    HPWL=9166.660156
    OVFL=0.675463
    HPWL=(5728.027832, 3438.631836)
    POTN=5.868980E+04
    PHIC=2.426698E-07
    GRAD=2.313919E-02
    NuBT=1
    CPU =0.000079

ITER: 85
    HPWL=9165.656250
    OVFL=0.671363
    HPWL=(5726.826660, 3438.829102)
    POTN=5.858070E+04
    PHIC=2.548033E-07
    GRAD=2.341069E-02
    NuBT=2
    CPU =0.000127

ITER: 86
    HPWL=9163.508789
    OVFL=0.668685
    HPWL=(5724.716309, 3438.792725)
    POTN=5.838867E+04
    PHIC=2.675434E-07
    GRAD=2.390172E-02
    NuBT=2
    CPU =0.000117

ITER: 87
    HPWL=9162.285156
    OVFL=0.668461
    HPWL=(5723.323730, 3438.961914)
    POTN=5.823603E+04
    PHIC=2.809206E-07
    GRAD=2.423138E-02
    NuBT=1
    CPU =0.000083

ITER: 88
    HPWL=9162.841797
    OVFL=0.668191
    HPWL=(5723.441406, 3439.400879)
    POTN=5.805762E+04
    PHIC=2.949666E-07
    GRAD=2.426012E-02
    NuBT=1
    CPU =0.000082

ITER: 89
    HPWL=9163.578125
    OVFL=0.667914
    HPWL=(5723.670898, 3439.906738)
    POTN=5.789764E+04
    PHIC=3.097149E-07
    GRAD=2.429324E-02
    NuBT=2
    CPU =0.000117

ITER: 90
    HPWL=9164.288086
    OVFL=0.667592
    HPWL=(5723.897461, 3440.390381)
    POTN=5.771417E+04
    PHIC=3.252005E-07
    GRAD=2.432671E-02
    NuBT=2
    CPU =0.000116

ITER: 91
    HPWL=9164.966797
    OVFL=0.667211
    HPWL=(5724.050781, 3440.916016)
    POTN=5.757296E+04
    PHIC=3.414605E-07
    GRAD=2.436764E-02
    NuBT=2
    CPU =0.000116

ITER: 92
    HPWL=9166.008789
    OVFL=0.666619
    HPWL=(5724.563965, 3441.445068)
    POTN=5.738327E+04
    PHIC=3.585335E-07
    GRAD=2.441621E-02
    NuBT=2
    CPU =0.000116

ITER: 93
    HPWL=9166.883789
    OVFL=0.666150
    HPWL=(5724.917969, 3441.965820)
    POTN=5.726948E+04
    PHIC=3.764601E-07
    GRAD=2.448837E-02
    NuBT=2
    CPU =0.000118

ITER: 94
    HPWL=9168.235352
    OVFL=0.665540
    HPWL=(5725.722168, 3442.513428)
    POTN=5.708487E+04
    PHIC=3.952830E-07
    GRAD=2.454847E-02
    NuBT=2
    CPU =0.000127

ITER: 95
    HPWL=9168.898438
    OVFL=0.665086
    HPWL=(5725.927734, 3442.970703)
    POTN=5.698746E+04
    PHIC=4.150471E-07
    GRAD=2.462286E-02
    NuBT=2
    CPU =0.000117

ITER: 96
    HPWL=9170.036133
    OVFL=0.664269
    HPWL=(5726.588379, 3443.447998)
    POTN=5.678538E+04
    PHIC=4.357994E-07
    GRAD=2.468162E-02
    NuBT=2
    CPU =0.000117

ITER: 97
    HPWL=9170.470703
    OVFL=0.663697
    HPWL=(5726.626465, 3443.844238)
    POTN=5.670467E+04
    PHIC=4.575893E-07
    GRAD=2.478559E-02
    NuBT=2
    CPU =0.000118

ITER: 98
    HPWL=9172.410156
    OVFL=0.662901
    HPWL=(5727.959961, 3444.449707)
    POTN=5.648992E+04
    PHIC=4.804686E-07
    GRAD=2.485827E-02
    NuBT=1
    CPU =0.000079

ITER: 99
    HPWL=9172.062500
    OVFL=0.663681
    HPWL=(5727.352051, 3444.709961)
    POTN=5.637949E+04
    PHIC=5.044920E-07
    GRAD=2.496056E-02
    NuBT=2
    CPU =0.000116

ITER: 100
    HPWL=9172.546875
    OVFL=0.663746
    HPWL=(5727.509277, 3445.037109)
    POTN=5.610294E+04
    PHIC=5.297165E-07
    GRAD=2.485857E-02
    NuBT=1
    CPU =0.000079

ITER: 101
    HPWL=9173.140625
    OVFL=0.663750
    HPWL=(5727.696777, 3445.443604)
    POTN=5.594349E+04
    PHIC=5.562022E-07
    GRAD=2.485343E-02
    NuBT=1
    CPU =0.000078

ITER: 102
    HPWL=9174.452148
    OVFL=0.663331
    HPWL=(5728.576172, 3445.876221)
    POTN=5.562541E+04
    PHIC=5.840122E-07
    GRAD=2.485379E-02
    NuBT=1
    CPU =0.000081

ITER: 103
    HPWL=9174.653320
    OVFL=0.663231
    HPWL=(5728.442383, 3446.211182)
    POTN=5.544648E+04
    PHIC=6.132128E-07
    GRAD=2.490496E-02
    NuBT=1
    CPU =0.000078

ITER: 104
    HPWL=9175.015625
    OVFL=0.662767
    HPWL=(5728.579590, 3446.436035)
    POTN=5.510251E+04
    PHIC=6.438734E-07
    GRAD=2.491866E-02
    NuBT=1
    CPU =0.000089

ITER: 105
    HPWL=9175.009766
    OVFL=0.662631
    HPWL=(5728.324707, 3446.685059)
    POTN=5.490599E+04
    PHIC=6.760670E-07
    GRAD=2.497670E-02
    NuBT=1
    CPU =0.000080

ITER: 106
    HPWL=9176.027344
    OVFL=0.662188
    HPWL=(5729.015137, 3447.012695)
    POTN=5.453644E+04
    PHIC=7.098702E-07
    GRAD=2.499299E-02
    NuBT=1
    CPU =0.000079

ITER: 107
    HPWL=9176.643555
    OVFL=0.662038
    HPWL=(5729.225586, 3447.418213)
    POTN=5.430365E+04
    PHIC=7.453636E-07
    GRAD=2.505239E-02
    NuBT=1
    CPU =0.000082

ITER: 108
    HPWL=9177.595703
    OVFL=0.661621
    HPWL=(5729.865234, 3447.729980)
    POTN=5.388735E+04
    PHIC=7.826317E-07
    GRAD=2.507226E-02
    NuBT=1
    CPU =0.000080

ITER: 109
    HPWL=9177.587891
    OVFL=0.661416
    HPWL=(5729.612793, 3447.975586)
    POTN=5.363163E+04
    PHIC=8.217632E-07
    GRAD=2.512536E-02
    NuBT=1
    CPU =0.000081

ITER: 110
    HPWL=9178.405273
    OVFL=0.661248
    HPWL=(5730.186523, 3448.218994)
    POTN=5.317102E+04
    PHIC=8.628512E-07
    GRAD=2.515077E-02
    NuBT=1
    CPU =0.000081

ITER: 111
    HPWL=9178.648438
    OVFL=0.661448
    HPWL=(5730.168457, 3448.480469)
    POTN=5.288261E+04
    PHIC=9.059937E-07
    GRAD=2.517166E-02
    NuBT=1
    CPU =0.000082

ITER: 112
    HPWL=9179.763672
    OVFL=0.661321
    HPWL=(5730.964355, 3448.799316)
    POTN=5.237211E+04
    PHIC=9.512933E-07
    GRAD=2.514695E-02
    NuBT=1
    CPU =0.000080

ITER: 113
    HPWL=9179.920898
    OVFL=0.661536
    HPWL=(5730.830566, 3449.090332)
    POTN=5.204375E+04
    PHIC=9.988579E-07
    GRAD=2.516651E-02
    NuBT=1
    CPU =0.000079

ITER: 114
    HPWL=9180.957031
    OVFL=0.661448
    HPWL=(5731.582520, 3449.374023)
    POTN=5.148522E+04
    PHIC=1.048801E-06
    GRAD=2.513882E-02
    NuBT=1
    CPU =0.000082

ITER: 115
    HPWL=9181.177734
    OVFL=0.661685
    HPWL=(5731.541016, 3449.637207)
    POTN=5.111986E+04
    PHIC=1.101241E-06
    GRAD=2.514827E-02
    NuBT=1
    CPU =0.000079

ITER: 116
    HPWL=9182.505859
    OVFL=0.661610
    HPWL=(5732.601562, 3449.904053)
    POTN=5.051017E+04
    PHIC=1.156302E-06
    GRAD=2.511945E-02
    NuBT=1
    CPU =0.000081

ITER: 117
    HPWL=9182.884766
    OVFL=0.661889
    HPWL=(5732.639160, 3450.245117)
    POTN=5.012045E+04
    PHIC=1.214117E-06
    GRAD=2.513000E-02
    NuBT=1
    CPU =0.000092

ITER: 118
    HPWL=9184.187500
    OVFL=0.661806
    HPWL=(5733.652344, 3450.535400)
    POTN=4.945909E+04
    PHIC=1.274823E-06
    GRAD=2.509761E-02
    NuBT=1
    CPU =0.000081

ITER: 119
    HPWL=9184.073242
    OVFL=0.662080
    HPWL=(5733.322754, 3450.750488)
    POTN=4.904950E+04
    PHIC=1.338564E-06
    GRAD=2.510574E-02
    NuBT=1
    CPU =0.000079

ITER: 120
    HPWL=9185.292969
    OVFL=0.661955
    HPWL=(5734.287109, 3451.005615)
    POTN=4.837694E+04
    PHIC=1.405492E-06
    GRAD=2.507114E-02
    NuBT=1
    CPU =0.000078

ITER: 121
    HPWL=9185.417969
    OVFL=0.662242
    HPWL=(5734.162598, 3451.255859)
    POTN=4.795414E+04
    PHIC=1.475766E-06
    GRAD=2.508826E-02
    NuBT=1
    CPU =0.000079

ITER: 122
    HPWL=9187.240234
    OVFL=0.662103
    HPWL=(5735.558594, 3451.681641)
    POTN=4.723263E+04
    PHIC=1.549554E-06
    GRAD=2.505640E-02
    NuBT=1
    CPU =0.000081

ITER: 123
    HPWL=9187.351562
    OVFL=0.662403
    HPWL=(5735.407227, 3451.944092)
    POTN=4.676963E+04
    PHIC=1.627032E-06
    GRAD=2.507228E-02
    NuBT=1
    CPU =0.000079

ITER: 124
    HPWL=9189.009766
    OVFL=0.662160
    HPWL=(5736.739746, 3452.270020)
    POTN=4.599085E+04
    PHIC=1.708383E-06
    GRAD=2.503687E-02
    NuBT=1
    CPU =0.000082

ITER: 125
    HPWL=9189.169922
    OVFL=0.662419
    HPWL=(5736.607910, 3452.562012)
    POTN=4.554402E+04
    PHIC=1.793802E-06
    GRAD=2.506650E-02
    NuBT=1
    CPU =0.000078

ITER: 126
    HPWL=9190.970703
    OVFL=0.662136
    HPWL=(5738.060059, 3452.910156)
    POTN=4.480956E+04
    PHIC=1.883492E-06
    GRAD=2.503590E-02
    NuBT=1
    CPU =0.000079

ITER: 127
    HPWL=9191.146484
    OVFL=0.662381
    HPWL=(5737.994141, 3453.151855)
    POTN=4.434107E+04
    PHIC=1.977666E-06
    GRAD=2.507159E-02
    NuBT=1
    CPU =0.000079

ITER: 128
    HPWL=9192.403320
    OVFL=0.662068
    HPWL=(5739.155762, 3453.247559)
    POTN=4.350137E+04
    PHIC=2.076549E-06
    GRAD=2.504176E-02
    NuBT=1
    CPU =0.000081

ITER: 129
    HPWL=9192.353516
    OVFL=0.662254
    HPWL=(5738.958008, 3453.395264)
    POTN=4.300238E+04
    PHIC=2.180376E-06
    GRAD=2.508350E-02
    NuBT=1
    CPU =0.000088

ITER: 130
    HPWL=9194.798828
    OVFL=0.661838
    HPWL=(5741.037109, 3453.762207)
    POTN=4.215120E+04
    PHIC=2.289394E-06
    GRAD=2.506055E-02
    NuBT=1
    CPU =0.000080

ITER: 131
    HPWL=9195.416016
    OVFL=0.661984
    HPWL=(5741.345215, 3454.070312)
    POTN=4.165019E+04
    PHIC=2.403864E-06
    GRAD=2.511590E-02
    NuBT=1
    CPU =0.000079

ITER: 132
    HPWL=9197.787109
    OVFL=0.661528
    HPWL=(5743.373047, 3454.413574)
    POTN=4.089338E+04
    PHIC=2.524056E-06
    GRAD=2.510051E-02
    NuBT=1
    CPU =0.000080

ITER: 133
    HPWL=9197.759766
    OVFL=0.661699
    HPWL=(5743.157227, 3454.603027)
    POTN=4.049941E+04
    PHIC=2.650258E-06
    GRAD=2.516148E-02
    NuBT=1
    CPU =0.000082

ITER: 134
    HPWL=9199.484375
    OVFL=0.661238
    HPWL=(5744.669922, 3454.814697)
    POTN=3.973723E+04
    PHIC=2.782771E-06
    GRAD=2.513819E-02
    NuBT=1
    CPU =0.000080

ITER: 135
    HPWL=9199.309570
    OVFL=0.661422
    HPWL=(5744.349121, 3454.960205)
    POTN=3.935090E+04
    PHIC=2.921909E-06
    GRAD=2.519660E-02
    NuBT=1
    CPU =0.000082

ITER: 136
    HPWL=9202.032227
    OVFL=0.660913
    HPWL=(5746.680664, 3455.351562)
    POTN=3.858506E+04
    PHIC=3.068003E-06
    GRAD=2.517823E-02
    NuBT=1
    CPU =0.000082

ITER: 137
    HPWL=9202.431641
    OVFL=0.661074
    HPWL=(5746.748047, 3455.683594)
    POTN=3.828738E+04
    PHIC=3.221403E-06
    GRAD=2.524660E-02
    NuBT=1
    CPU =0.000083

ITER: 138
    HPWL=9204.514648
    OVFL=0.660524
    HPWL=(5748.613770, 3455.900879)
    POTN=3.753427E+04
    PHIC=3.382472E-06
    GRAD=2.522754E-02
    NuBT=1
    CPU =0.000081

ITER: 139
    HPWL=9203.302734
    OVFL=0.660653
    HPWL=(5747.384766, 3455.917480)
    POTN=3.718336E+04
    PHIC=3.551595E-06
    GRAD=2.529733E-02
    NuBT=1
    CPU =0.000079

ITER: 140
    HPWL=9205.424805
    OVFL=0.660028
    HPWL=(5749.215820, 3456.208984)
    POTN=3.640820E+04
    PHIC=3.729174E-06
    GRAD=2.528280E-02
    NuBT=1
    CPU =0.000079

ITER: 141
    HPWL=9205.350586
    OVFL=0.660115
    HPWL=(5748.828613, 3456.521973)
    POTN=3.609766E+04
    PHIC=3.915633E-06
    GRAD=2.536832E-02
    NuBT=1
    CPU =0.000089

ITER: 142
    HPWL=9208.367188
    OVFL=0.659409
    HPWL=(5751.361816, 3457.005371)
    POTN=3.542673E+04
    PHIC=4.111412E-06
    GRAD=2.535902E-02
    NuBT=1
    CPU =0.000081

ITER: 143
    HPWL=9207.453125
    OVFL=0.659467
    HPWL=(5750.315430, 3457.137207)
    POTN=3.518514E+04
    PHIC=4.316983E-06
    GRAD=2.545080E-02
    NuBT=1
    CPU =0.000077

ITER: 144
    HPWL=9209.161133
    OVFL=0.658677
    HPWL=(5751.835449, 3457.325684)
    POTN=3.453144E+04
    PHIC=4.532831E-06
    GRAD=2.544363E-02
    NuBT=1
    CPU =0.000079

ITER: 145
    HPWL=9207.959961
    OVFL=0.658623
    HPWL=(5750.517578, 3457.442627)
    POTN=3.431849E+04
    PHIC=4.759472E-06
    GRAD=2.554759E-02
    NuBT=1
    CPU =0.000078

ITER: 146
    HPWL=9210.694336
    OVFL=0.657692
    HPWL=(5752.873047, 3457.821289)
    POTN=3.371658E+04
    PHIC=4.997444E-06
    GRAD=2.555520E-02
    NuBT=1
    CPU =0.000079

ITER: 147
    HPWL=9209.660156
    OVFL=0.657625
    HPWL=(5751.668457, 3457.992188)
    POTN=3.355905E+04
    PHIC=5.247316E-06
    GRAD=2.567552E-02
    NuBT=1
    CPU =0.000076

ITER: 148
    HPWL=9211.970703
    OVFL=0.656540
    HPWL=(5753.732422, 3458.238281)
    POTN=3.304993E+04
    PHIC=5.509679E-06
    GRAD=2.568643E-02
    NuBT=1
    CPU =0.000080

ITER: 149
    HPWL=9209.205078
    OVFL=0.656550
    HPWL=(5751.152832, 3458.052246)
    POTN=3.298260E+04
    PHIC=5.785163E-06
    GRAD=2.582353E-02
    NuBT=1
    CPU =0.000080

ITER: 150
    HPWL=9211.069336
    OVFL=0.655185
    HPWL=(5752.957031, 3458.112305)
    POTN=3.252130E+04
    PHIC=6.074420E-06
    GRAD=2.581939E-02
    NuBT=1
    CPU =0.000086

ITER: 151
    HPWL=9209.427734
    OVFL=0.655222
    HPWL=(5751.210449, 3458.217529)
    POTN=3.244923E+04
    PHIC=6.378140E-06
    GRAD=2.600059E-02
    NuBT=1
    CPU =0.000078

ITER: 152
    HPWL=9209.690430
    OVFL=0.653554
    HPWL=(5751.806152, 3457.884033)
    POTN=3.200955E+04
    PHIC=6.697047E-06
    GRAD=2.598224E-02
    NuBT=1
    CPU =0.000080

ITER: 153
    HPWL=9205.216797
    OVFL=0.653442
    HPWL=(5747.896484, 3457.320068)
    POTN=3.197406E+04
    PHIC=7.031899E-06
    GRAD=2.619689E-02
    NuBT=1
    CPU =0.000077

ITER: 154
    HPWL=9205.862305
    OVFL=0.651648
    HPWL=(5748.867188, 3456.994873)
    POTN=3.162274E+04
    PHIC=7.383493E-06
    GRAD=2.620141E-02
    NuBT=1
    CPU =0.000087

ITER: 155
    HPWL=9203.012695
    OVFL=0.651191
    HPWL=(5746.126953, 3456.885498)
    POTN=3.156322E+04
    PHIC=7.752667E-06
    GRAD=2.644147E-02
    NuBT=1
    CPU =0.000082

ITER: 156
    HPWL=9206.507812
    OVFL=0.649151
    HPWL=(5749.212402, 3457.295654)
    POTN=3.122428E+04
    PHIC=8.140296E-06
    GRAD=2.650243E-02
    NuBT=1
    CPU =0.000078

ITER: 157
    HPWL=9203.520508
    OVFL=0.648321
    HPWL=(5746.297363, 3457.223389)
    POTN=3.116079E+04
    PHIC=8.547310E-06
    GRAD=2.677671E-02
    NuBT=1
    CPU =0.000078

ITER: 158
    HPWL=9205.418945
    OVFL=0.645497
    HPWL=(5748.199219, 3457.219971)
    POTN=3.082486E+04
    PHIC=8.974674E-06
    GRAD=2.688213E-02
    NuBT=1
    CPU =0.000078

ITER: 159
    HPWL=9200.914062
    OVFL=0.645936
    HPWL=(5744.083984, 3456.830078)
    POTN=3.071624E+04
    PHIC=9.423406E-06
    GRAD=2.726737E-02
    NuBT=1
    CPU =0.000078

ITER: 160
    HPWL=9201.730469
    OVFL=0.645014
    HPWL=(5745.278320, 3456.452637)
    POTN=3.038800E+04
    PHIC=9.894576E-06
    GRAD=2.719687E-02
    NuBT=1
    CPU =0.000080

ITER: 161
    HPWL=9192.928711
    OVFL=0.645268
    HPWL=(5737.694824, 3455.234131)
    POTN=3.022845E+04
    PHIC=1.038930E-05
    GRAD=2.731253E-02
    NuBT=2
    CPU =0.000116

ITER: 162
    HPWL=9194.031250
    OVFL=0.644663
    HPWL=(5739.094727, 3454.937012)
    POTN=2.994447E+04
    PHIC=1.090877E-05
    GRAD=2.727123E-02
    NuBT=1
    CPU =0.000078

ITER: 163
    HPWL=9191.190430
    OVFL=0.644559
    HPWL=(5736.156250, 3455.033936)
    POTN=2.973650E+04
    PHIC=1.145421E-05
    GRAD=2.735397E-02
    NuBT=1
    CPU =0.000080

ITER: 164
    HPWL=9196.647461
    OVFL=0.643557
    HPWL=(5741.142090, 3455.505127)
    POTN=2.944698E+04
    PHIC=1.202691E-05
    GRAD=2.736970E-02
    NuBT=2
    CPU =0.000115

ITER: 165
    HPWL=9194.197266
    OVFL=0.643430
    HPWL=(5738.444336, 3455.753418)
    POTN=2.924727E+04
    PHIC=1.262825E-05
    GRAD=2.750760E-02
    NuBT=2
    CPU =0.000130

ITER: 166
    HPWL=9199.623047
    OVFL=0.642138
    HPWL=(5743.451172, 3456.171875)
    POTN=2.894805E+04
    PHIC=1.325965E-05
    GRAD=2.752483E-02
    NuBT=2
    CPU =0.000121

ITER: 167
    HPWL=9197.277344
    OVFL=0.642092
    HPWL=(5740.959961, 3456.317871)
    POTN=2.876663E+04
    PHIC=1.392263E-05
    GRAD=2.771138E-02
    NuBT=2
    CPU =0.000115

ITER: 168
    HPWL=9203.388672
    OVFL=0.640568
    HPWL=(5746.606934, 3456.781494)
    POTN=2.847712E+04
    PHIC=1.461875E-05
    GRAD=2.771655E-02
    NuBT=1
    CPU =0.000080

ITER: 169
    HPWL=9201.914062
    OVFL=0.640641
    HPWL=(5744.729004, 3457.184814)
    POTN=2.833188E+04
    PHIC=1.534969E-05
    GRAD=2.793796E-02
    NuBT=1
    CPU =0.000079

ITER: 170
    HPWL=9207.992188
    OVFL=0.638794
    HPWL=(5750.421387, 3457.571289)
    POTN=2.805109E+04
    PHIC=1.611715E-05
    GRAD=2.792490E-02
    NuBT=1
    CPU =0.000086

ITER: 171
    HPWL=9206.007812
    OVFL=0.634553
    HPWL=(5748.136719, 3457.870850)
    POTN=2.765240E+04
    PHIC=1.692301E-05
    GRAD=2.819351E-02
    NuBT=1
    CPU =0.000077

ITER: 172
    HPWL=9213.105469
    OVFL=0.618099
    HPWL=(5754.689941, 3458.415039)
    POTN=2.643395E+04
    PHIC=1.776914E-05
    GRAD=2.881657E-02
    NuBT=1
    CPU =0.000078

ITER: 173
    HPWL=9200.945312
    OVFL=0.611903
    HPWL=(5744.054199, 3456.890869)
    POTN=2.531340E+04
    PHIC=1.865760E-05
    GRAD=3.130702E-02
    NuBT=2
    CPU =0.000120

ITER: 174
    HPWL=9200.697266
    OVFL=0.605309
    HPWL=(5744.374512, 3456.322510)
    POTN=2.412669E+04
    PHIC=1.959048E-05
    GRAD=3.230344E-02
    NuBT=1
    CPU =0.000079

ITER: 175
    HPWL=9202.111328
    OVFL=0.597957
    HPWL=(5745.669434, 3456.441406)
    POTN=2.289697E+04
    PHIC=2.057000E-05
    GRAD=3.340871E-02
    NuBT=1
    CPU =0.000080

ITER: 176
    HPWL=9208.839844
    OVFL=0.593107
    HPWL=(5752.297852, 3456.541504)
    POTN=2.179365E+04
    PHIC=2.159848E-05
    GRAD=3.468547E-02
    NuBT=2
    CPU =0.000125

ITER: 177
    HPWL=9213.008789
    OVFL=0.591267
    HPWL=(5756.445801, 3456.562744)
    POTN=2.095949E+04
    PHIC=2.267839E-05
    GRAD=3.556326E-02
    NuBT=2
    CPU =0.000115

ITER: 178
    HPWL=9217.973633
    OVFL=0.594175
    HPWL=(5761.500977, 3456.472900)
    POTN=2.021802E+04
    PHIC=2.381229E-05
    GRAD=3.590368E-02
    NuBT=2
    CPU =0.000118

ITER: 179
    HPWL=9221.432617
    OVFL=0.606785
    HPWL=(5765.009277, 3456.423340)
    POTN=1.979454E+04
    PHIC=2.500289E-05
    GRAD=3.538282E-02
    NuBT=2
    CPU =0.000116

ITER: 180
    HPWL=9227.530273
    OVFL=0.616000
    HPWL=(5771.537598, 3455.992920)
    POTN=1.907558E+04
    PHIC=2.625301E-05
    GRAD=3.317037E-02
    NuBT=2
    CPU =0.000115

ITER: 181
    HPWL=9230.765625
    OVFL=0.620015
    HPWL=(5775.054688, 3455.710449)
    POTN=1.843129E+04
    PHIC=2.756565E-05
    GRAD=3.164332E-02
    NuBT=1
    CPU =0.000079

ITER: 182
    HPWL=9240.402344
    OVFL=0.620846
    HPWL=(5784.807129, 3455.595215)
    POTN=1.778666E+04
    PHIC=2.894389E-05
    GRAD=3.100979E-02
    NuBT=1
    CPU =0.000080

ITER: 183
    HPWL=9244.003906
    OVFL=0.620488
    HPWL=(5788.347656, 3455.656250)
    POTN=1.732338E+04
    PHIC=3.039107E-05
    GRAD=3.088101E-02
    NuBT=2
    CPU =0.000117

ITER: 184
    HPWL=9251.169922
    OVFL=0.619213
    HPWL=(5795.599121, 3455.570557)
    POTN=1.683989E+04
    PHIC=3.191059E-05
    GRAD=3.092894E-02
    NuBT=2
    CPU =0.000116

ITER: 185
    HPWL=9253.436523
    OVFL=0.616412
    HPWL=(5797.642578, 3455.794189)
    POTN=1.651357E+04
    PHIC=3.350610E-05
    GRAD=3.112624E-02
    NuBT=2
    CPU =0.000125

ITER: 186
    HPWL=9260.167969
    OVFL=0.612888
    HPWL=(5804.264648, 3455.903320)
    POTN=1.615312E+04
    PHIC=3.518137E-05
    GRAD=3.156333E-02
    NuBT=2
    CPU =0.000121

ITER: 187
    HPWL=9261.175781
    OVFL=0.611749
    HPWL=(5804.915527, 3456.260498)
    POTN=1.591688E+04
    PHIC=3.694043E-05
    GRAD=3.212682E-02
    NuBT=2
    CPU =0.000117

ITER: 188
    HPWL=9267.159180
    OVFL=0.609609
    HPWL=(5810.411133, 3456.748291)
    POTN=1.566912E+04
    PHIC=3.878742E-05
    GRAD=3.230859E-02
    NuBT=1
    CPU =0.000078

ITER: 189
    HPWL=9267.387695
    OVFL=0.607342
    HPWL=(5810.056641, 3457.331299)
    POTN=1.550801E+04
    PHIC=4.072679E-05
    GRAD=3.265653E-02
    NuBT=2
    CPU =0.000119

ITER: 190
    HPWL=9272.380859
    OVFL=0.604481
    HPWL=(5814.611328, 3457.769043)
    POTN=1.533489E+04
    PHIC=4.276310E-05
    GRAD=3.302620E-02
    NuBT=1
    CPU =0.000081

ITER: 191
    HPWL=9269.962891
    OVFL=0.601671
    HPWL=(5811.764160, 3458.198486)
    POTN=1.522333E+04
    PHIC=4.490125E-05
    GRAD=3.350759E-02
    NuBT=2
    CPU =0.000118

ITER: 192
    HPWL=9272.599609
    OVFL=0.600969
    HPWL=(5813.975586, 3458.624512)
    POTN=1.510253E+04
    PHIC=4.714630E-05
    GRAD=3.398127E-02
    NuBT=1
    CPU =0.000079

ITER: 193
    HPWL=9268.855469
    OVFL=0.600641
    HPWL=(5809.785645, 3459.069336)
    POTN=1.504293E+04
    PHIC=4.950361E-05
    GRAD=3.409886E-02
    NuBT=1
    CPU =0.000081

ITER: 194
    HPWL=9271.168945
    OVFL=0.600035
    HPWL=(5811.631836, 3459.537109)
    POTN=1.498574E+04
    PHIC=5.197877E-05
    GRAD=3.414799E-02
    NuBT=2
    CPU =0.000114

ITER: 195
    HPWL=9264.083984
    OVFL=0.599619
    HPWL=(5804.090332, 3459.993652)
    POTN=1.499554E+04
    PHIC=5.457770E-05
    GRAD=3.425334E-02
    NuBT=2
    CPU =0.000129

ITER: 196
    HPWL=9263.972656
    OVFL=0.598479
    HPWL=(5803.335449, 3460.636963)
    POTN=1.498075E+04
    PHIC=5.730659E-05
    GRAD=3.432034E-02
    NuBT=1
    CPU =0.000078

ITER: 197
    HPWL=9257.421875
    OVFL=0.597415
    HPWL=(5796.402344, 3461.019531)
    POTN=1.507065E+04
    PHIC=6.017191E-05
    GRAD=3.451953E-02
    NuBT=2
    CPU =0.000116

ITER: 198
    HPWL=9257.451172
    OVFL=0.595614
    HPWL=(5796.011230, 3461.439697)
    POTN=1.511661E+04
    PHIC=6.318051E-05
    GRAD=3.469392E-02
    NuBT=1
    CPU =0.000079

ITER: 199
    HPWL=9250.180664
    OVFL=0.594088
    HPWL=(5788.160156, 3462.020752)
    POTN=1.528604E+04
    PHIC=6.633953E-05
    GRAD=3.501656E-02
    NuBT=1
    CPU =0.000082

ITER: 200
    HPWL=9250.664062
    OVFL=0.591483
    HPWL=(5788.051758, 3462.612793)
    POTN=1.537207E+04
    PHIC=6.965650E-05
    GRAD=3.527466E-02
    NuBT=1
    CPU =0.000079

ITER: 201
    HPWL=9242.947266
    OVFL=0.589046
    HPWL=(5778.283691, 3464.663330)
    POTN=1.559327E+04
    PHIC=7.313932E-05
    GRAD=3.574322E-02
    NuBT=1
    CPU =0.000081

ITER: 202
    HPWL=9243.546875
    OVFL=0.585374
    HPWL=(5777.435547, 3466.111328)
    POTN=1.569674E+04
    PHIC=7.679627E-05
    GRAD=3.616429E-02
    NuBT=1
    CPU =0.000078

ITER: 203
    HPWL=9235.441406
    OVFL=0.582046
    HPWL=(5767.378418, 3468.062744)
    POTN=1.590024E+04
    PHIC=8.063608E-05
    GRAD=3.683931E-02
    NuBT=1
    CPU =0.000079

ITER: 204
    HPWL=9234.693359
    OVFL=0.577983
    HPWL=(5766.596680, 3468.096191)
    POTN=1.593172E+04
    PHIC=8.466787E-05
    GRAD=3.744447E-02
    NuBT=1
    CPU =0.000080

ITER: 205
    HPWL=9224.043945
    OVFL=0.574487
    HPWL=(5756.250000, 3467.793701)
    POTN=1.592586E+04
    PHIC=8.890127E-05
    GRAD=3.820230E-02
    NuBT=2
    CPU =0.000117

ITER: 206
    HPWL=9226.796875
    OVFL=0.571365
    HPWL=(5759.187012, 3467.609619)
    POTN=1.574776E+04
    PHIC=9.334629E-05
    GRAD=3.886078E-02
    NuBT=1
    CPU =0.000090

ITER: 207
    HPWL=9221.358398
    OVFL=0.568503
    HPWL=(5753.546875, 3467.811279)
    POTN=1.553242E+04
    PHIC=9.801360E-05
    GRAD=3.947822E-02
    NuBT=1
    CPU =0.000080

ITER: 208
    HPWL=9227.687500
    OVFL=0.563931
    HPWL=(5759.230469, 3468.457520)
    POTN=1.516590E+04
    PHIC=1.029142E-04
    GRAD=4.003634E-02
    NuBT=1
    CPU =0.000079

ITER: 209
    HPWL=9222.488281
    OVFL=0.559009
    HPWL=(5753.557129, 3468.931641)
    POTN=1.490905E+04
    PHIC=1.080599E-04
    GRAD=4.096090E-02
    NuBT=2
    CPU =0.000117

ITER: 210
    HPWL=9232.668945
    OVFL=0.554369
    HPWL=(5760.775879, 3471.893066)
    POTN=1.464554E+04
    PHIC=1.134627E-04
    GRAD=4.196257E-02
    NuBT=1
    CPU =0.000080

ITER: 211
    HPWL=9228.640625
    OVFL=0.551295
    HPWL=(5754.830566, 3473.810059)
    POTN=1.451363E+04
    PHIC=1.191358E-04
    GRAD=4.294428E-02
    NuBT=2
    CPU =0.000116

ITER: 212
    HPWL=9238.347656
    OVFL=0.550196
    HPWL=(5762.451172, 3475.895996)
    POTN=1.438248E+04
    PHIC=1.250925E-04
    GRAD=4.358284E-02
    NuBT=1
    CPU =0.000079

ITER: 213
    HPWL=9235.777344
    OVFL=0.551390
    HPWL=(5758.760742, 3477.017090)
    POTN=1.435217E+04
    PHIC=1.313471E-04
    GRAD=4.382317E-02
    NuBT=1
    CPU =0.000079

ITER: 214
    HPWL=9245.667969
    OVFL=0.552773
    HPWL=(5767.924316, 3477.743408)
    POTN=1.427642E+04
    PHIC=1.379142E-04
    GRAD=4.352183E-02
    NuBT=2
    CPU =0.000117

ITER: 215
    HPWL=9241.211914
    OVFL=0.554633
    HPWL=(5763.201172, 3478.010986)
    POTN=1.426267E+04
    PHIC=1.448099E-04
    GRAD=4.321033E-02
    NuBT=1
    CPU =0.000080

ITER: 216
    HPWL=9251.180664
    OVFL=0.555857
    HPWL=(5773.402832, 3477.777588)
    POTN=1.418614E+04
    PHIC=1.520502E-04
    GRAD=4.276913E-02
    NuBT=1
    CPU =0.000078

ITER: 217
    HPWL=9246.542969
    OVFL=0.557079
    HPWL=(5770.275391, 3476.267822)
    POTN=1.416561E+04
    PHIC=1.596527E-04
    GRAD=4.249610E-02
    NuBT=1
    CPU =0.000090

ITER: 218
    HPWL=9255.338867
    OVFL=0.557090
    HPWL=(5781.336426, 3474.002686)
    POTN=1.406432E+04
    PHIC=1.676351E-04
    GRAD=4.219084E-02
    NuBT=1
    CPU =0.000080

ITER: 219
    HPWL=9248.681641
    OVFL=0.555886
    HPWL=(5776.509277, 3472.171875)
    POTN=1.399166E+04
    PHIC=1.760169E-04
    GRAD=4.218455E-02
    NuBT=1
    CPU =0.000077

ITER: 220
    HPWL=9258.967773
    OVFL=0.553092
    HPWL=(5788.362305, 3470.605469)
    POTN=1.380019E+04
    PHIC=1.848174E-04
    GRAD=4.239967E-02
    NuBT=1
    CPU =0.000078

ITER: 221
    HPWL=9249.708008
    OVFL=0.549064
    HPWL=(5780.571289, 3469.136963)
    POTN=1.363777E+04
    PHIC=1.940583E-04
    GRAD=4.299461E-02
    NuBT=1
    CPU =0.000080

ITER: 222
    HPWL=9262.491211
    OVFL=0.545389
    HPWL=(5794.961914, 3467.529297)
    POTN=1.340795E+04
    PHIC=2.037608E-04
    GRAD=4.382505E-02
    NuBT=1
    CPU =0.000078

ITER: 223
    HPWL=9256.615234
    OVFL=0.542520
    HPWL=(5791.273926, 3465.341309)
    POTN=1.318943E+04
    PHIC=2.139489E-04
    GRAD=4.464978E-02
    NuBT=1
    CPU =0.000081

ITER: 224
    HPWL=9279.901367
    OVFL=0.533025
    HPWL=(5813.421387, 3466.479980)
    POTN=1.257245E+04
    PHIC=2.246456E-04
    GRAD=4.525837E-02
    NuBT=1
    CPU =0.000080

ITER: 225
    HPWL=9279.461914
    OVFL=0.523221
    HPWL=(5813.369629, 3466.092285)
    POTN=1.195209E+04
    PHIC=2.358778E-04
    GRAD=4.747384E-02
    NuBT=2
    CPU =0.000117

ITER: 226
    HPWL=9306.764648
    OVFL=0.512808
    HPWL=(5839.520020, 3467.244873)
    POTN=1.111475E+04
    PHIC=2.476707E-04
    GRAD=4.983870E-02
    NuBT=1
    CPU =0.000080

ITER: 227
    HPWL=9310.039062
    OVFL=0.509651
    HPWL=(5841.405762, 3468.632812)
    POTN=1.052900E+04
    PHIC=2.600542E-04
    GRAD=5.249126E-02
    NuBT=2
    CPU =0.000116

ITER: 228
    HPWL=9330.212891
    OVFL=0.510090
    HPWL=(5860.546875, 3469.665527)
    POTN=9.887922E+03
    PHIC=2.730561E-04
    GRAD=5.325350E-02
    NuBT=2
    CPU =0.000128

ITER: 229
    HPWL=9333.425781
    OVFL=0.511160
    HPWL=(5862.904785, 3470.521240)
    POTN=9.425684E+03
    PHIC=2.867088E-04
    GRAD=5.316018E-02
    NuBT=1
    CPU =0.000080

ITER: 230
    HPWL=9355.449219
    OVFL=0.508897
    HPWL=(5880.291992, 3475.157227)
    POTN=8.832642E+03
    PHIC=3.010433E-04
    GRAD=5.278924E-02
    NuBT=1
    CPU =0.000078

ITER: 231
    HPWL=9358.062500
    OVFL=0.495059
    HPWL=(5875.794434, 3482.267822)
    POTN=8.374126E+03
    PHIC=3.160953E-04
    GRAD=5.332826E-02
    NuBT=1
    CPU =0.000079

ITER: 232
    HPWL=9382.720703
    OVFL=0.486902
    HPWL=(5887.709961, 3495.010498)
    POTN=7.811071E+03
    PHIC=3.318989E-04
    GRAD=5.698296E-02
    NuBT=2
    CPU =0.000117

ITER: 233
    HPWL=9391.315430
    OVFL=0.478827
    HPWL=(5883.869629, 3507.446045)
    POTN=7.314653E+03
    PHIC=3.484934E-04
    GRAD=5.930714E-02
    NuBT=1
    CPU =0.000080

ITER: 234
    HPWL=9418.141602
    OVFL=0.470726
    HPWL=(5897.089844, 3521.051758)
    POTN=6.870206E+03
    PHIC=3.659166E-04
    GRAD=6.161912E-02
    NuBT=2
    CPU =0.000121

ITER: 235
    HPWL=9424.168945
    OVFL=0.462452
    HPWL=(5888.489746, 3535.679199)
    POTN=6.569768E+03
    PHIC=3.842122E-04
    GRAD=6.406103E-02
    NuBT=2
    CPU =0.000117

ITER: 236
    HPWL=9447.000977
    OVFL=0.453128
    HPWL=(5895.286621, 3551.714355)
    POTN=6.263070E+03
    PHIC=4.034215E-04
    GRAD=6.661225E-02
    NuBT=2
    CPU =0.000118

ITER: 237
    HPWL=9451.833984
    OVFL=0.454059
    HPWL=(5885.283203, 3566.551025)
    POTN=6.101094E+03
    PHIC=4.235922E-04
    GRAD=6.966563E-02
    NuBT=2
    CPU =0.000117

ITER: 238
    HPWL=9467.216797
    OVFL=0.458255
    HPWL=(5889.848633, 3577.367676)
    POTN=6.016955E+03
    PHIC=4.447708E-04
    GRAD=6.918681E-02
    NuBT=1
    CPU =0.000092

ITER: 239
    HPWL=9461.285156
    OVFL=0.460005
    HPWL=(5877.305664, 3583.979492)
    POTN=5.987314E+03
    PHIC=4.670094E-04
    GRAD=6.768531E-02
    NuBT=2
    CPU =0.000117

ITER: 240
    HPWL=9471.809570
    OVFL=0.458957
    HPWL=(5881.772461, 3590.036865)
    POTN=5.936354E+03
    PHIC=4.903591E-04
    GRAD=6.692684E-02
    NuBT=1
    CPU =0.000079

ITER: 241
    HPWL=9469.087891
    OVFL=0.457393
    HPWL=(5874.606445, 3594.481689)
    POTN=5.911433E+03
    PHIC=5.148770E-04
    GRAD=6.719013E-02
    NuBT=1
    CPU =0.000078

ITER: 242
    HPWL=9481.905273
    OVFL=0.456866
    HPWL=(5883.880371, 3598.024658)
    POTN=5.868253E+03
    PHIC=5.406199E-04
    GRAD=6.751668E-02
    NuBT=1
    CPU =0.000080

ITER: 243
    HPWL=9473.790039
    OVFL=0.454709
    HPWL=(5874.180176, 3599.609619)
    POTN=5.826411E+03
    PHIC=5.676509E-04
    GRAD=6.755359E-02
    NuBT=1
    CPU =0.000078

ITER: 244
    HPWL=9481.640625
    OVFL=0.448580
    HPWL=(5881.285156, 3600.355957)
    POTN=5.673016E+03
    PHIC=5.960327E-04
    GRAD=6.804189E-02
    NuBT=1
    CPU =0.000078

ITER: 245
    HPWL=9475.280273
    OVFL=0.439727
    HPWL=(5874.371582, 3600.908447)
    POTN=5.428061E+03
    PHIC=6.258343E-04
    GRAD=6.998561E-02
    NuBT=2
    CPU =0.000116

ITER: 246
    HPWL=9478.656250
    OVFL=0.433292
    HPWL=(5880.125000, 3598.531494)
    POTN=5.219455E+03
    PHIC=6.571257E-04
    GRAD=7.283415E-02
    NuBT=2
    CPU =0.000120

ITER: 247
    HPWL=9471.226562
    OVFL=0.430425
    HPWL=(5874.636230, 3596.590332)
    POTN=5.005682E+03
    PHIC=6.899820E-04
    GRAD=7.501315E-02
    NuBT=1
    CPU =0.000081

ITER: 248
    HPWL=9473.467773
    OVFL=0.429554
    HPWL=(5880.854980, 3592.612549)
    POTN=4.801005E+03
    PHIC=7.244808E-04
    GRAD=7.582740E-02
    NuBT=1
    CPU =0.000080

ITER: 249
    HPWL=9465.520508
    OVFL=0.426599
    HPWL=(5875.238281, 3590.282227)
    POTN=4.598646E+03
    PHIC=7.607048E-04
    GRAD=7.594781E-02
    NuBT=2
    CPU =0.000125

ITER: 250
    HPWL=9472.053711
    OVFL=0.421829
    HPWL=(5883.393555, 3588.660156)
    POTN=4.369870E+03
    PHIC=7.987393E-04
    GRAD=7.674762E-02
    NuBT=1
    CPU =0.000080

ITER: 251
    HPWL=9470.457031
    OVFL=0.415713
    HPWL=(5883.385742, 3587.070801)
    POTN=4.163438E+03
    PHIC=8.386762E-04
    GRAD=7.836159E-02
    NuBT=1
    CPU =0.000077

ITER: 252
    HPWL=9477.951172
    OVFL=0.411092
    HPWL=(5891.591797, 3586.359131)
    POTN=3.995575E+03
    PHIC=8.806090E-04
    GRAD=8.036590E-02
    NuBT=2
    CPU =0.000118

ITER: 253
    HPWL=9481.189453
    OVFL=0.406900
    HPWL=(5893.189453, 3587.999512)
    POTN=3.854359E+03
    PHIC=9.246390E-04
    GRAD=8.194628E-02
    NuBT=1
    CPU =0.000080

ITER: 254
    HPWL=9489.450195
    OVFL=0.401982
    HPWL=(5897.796387, 3591.654053)
    POTN=3.730840E+03
    PHIC=9.708698E-04
    GRAD=8.326478E-02
    NuBT=1
    CPU =0.000081

ITER: 255
    HPWL=9492.789062
    OVFL=0.396431
    HPWL=(5898.959473, 3593.829590)
    POTN=3.640829E+03
    PHIC=1.019413E-03
    GRAD=8.495795E-02
    NuBT=1
    CPU =0.000079

ITER: 256
    HPWL=9498.321289
    OVFL=0.390339
    HPWL=(5903.671875, 3594.649658)
    POTN=3.557621E+03
    PHIC=1.070383E-03
    GRAD=8.679330E-02
    NuBT=1
    CPU =0.000079

ITER: 257
    HPWL=9498.254883
    OVFL=0.384938
    HPWL=(5900.999023, 3597.256104)
    POTN=3.480726E+03
    PHIC=1.123902E-03
    GRAD=8.905541E-02
    NuBT=1
    CPU =0.000079

ITER: 258
    HPWL=9501.017578
    OVFL=0.381234
    HPWL=(5898.931152, 3602.085938)
    POTN=3.417765E+03
    PHIC=1.180096E-03
    GRAD=9.096282E-02
    NuBT=1
    CPU =0.000083

ITER: 259
    HPWL=9506.295898
    OVFL=0.377042
    HPWL=(5900.014648, 3606.281494)
    POTN=3.337563E+03
    PHIC=1.239100E-03
    GRAD=9.214658E-02
    NuBT=1
    CPU =0.000079

ITER: 260
    HPWL=9510.892578
    OVFL=0.372282
    HPWL=(5900.124512, 3610.767822)
    POTN=3.240874E+03
    PHIC=1.301054E-03
    GRAD=9.352027E-02
    NuBT=2
    CPU =0.000130

ITER: 261
    HPWL=9506.554688
    OVFL=0.364995
    HPWL=(5893.316895, 3613.238037)
    POTN=3.093710E+03
    PHIC=1.366107E-03
    GRAD=9.515263E-02
    NuBT=1
    CPU =0.000082

ITER: 262
    HPWL=9512.149414
    OVFL=0.355976
    HPWL=(5889.302246, 3622.846924)
    POTN=2.930457E+03
    PHIC=1.434411E-03
    GRAD=9.793277E-02
    NuBT=1
    CPU =0.000081

ITER: 263
    HPWL=9518.141602
    OVFL=0.346129
    HPWL=(5891.884766, 3626.257080)
    POTN=2.779685E+03
    PHIC=1.506130E-03
    GRAD=1.015424E-01
    NuBT=1
    CPU =0.000079

ITER: 264
    HPWL=9522.005859
    OVFL=0.337442
    HPWL=(5888.099609, 3633.906250)
    POTN=2.628524E+03
    PHIC=1.581436E-03
    GRAD=1.056441E-01
    NuBT=1
    CPU =0.000080

ITER: 265
    HPWL=9523.751953
    OVFL=0.331807
    HPWL=(5887.457031, 3636.294922)
    POTN=2.517795E+03
    PHIC=1.660507E-03
    GRAD=1.092970E-01
    NuBT=1
    CPU =0.000081

ITER: 266
    HPWL=9524.897461
    OVFL=0.333170
    HPWL=(5888.978027, 3635.919678)
    POTN=2.458007E+03
    PHIC=1.743532E-03
    GRAD=1.114752E-01
    NuBT=1
    CPU =0.000077

ITER: 267
    HPWL=9527.471680
    OVFL=0.336310
    HPWL=(5890.683105, 3636.788574)
    POTN=2.409421E+03
    PHIC=1.830708E-03
    GRAD=1.099256E-01
    NuBT=1
    CPU =0.000077

ITER: 268
    HPWL=9528.844727
    OVFL=0.334922
    HPWL=(5895.526367, 3633.318115)
    POTN=2.334404E+03
    PHIC=1.922243E-03
    GRAD=1.074150E-01
    NuBT=1
    CPU =0.000080

ITER: 269
    HPWL=9531.461914
    OVFL=0.328545
    HPWL=(5894.368164, 3637.093994)
    POTN=2.238509E+03
    PHIC=2.018354E-03
    GRAD=1.073412E-01
    NuBT=1
    CPU =0.000080

ITER: 270
    HPWL=9549.976562
    OVFL=0.318293
    HPWL=(5900.495605, 3649.481201)
    POTN=2.108008E+03
    PHIC=2.119266E-03
    GRAD=1.095307E-01
    NuBT=1
    CPU =0.000078

ITER: 271
    HPWL=9557.202148
    OVFL=0.307695
    HPWL=(5897.340332, 3659.861816)
    POTN=1.978049E+03
    PHIC=2.225227E-03
    GRAD=1.138459E-01
    NuBT=2
    CPU =0.000116

ITER: 272
    HPWL=9567.333984
    OVFL=0.299440
    HPWL=(5897.524414, 3669.810059)
    POTN=1.814330E+03
    PHIC=2.336485E-03
    GRAD=1.183168E-01
    NuBT=1
    CPU =0.000092

ITER: 273
    HPWL=9575.320312
    OVFL=0.294271
    HPWL=(5894.847656, 3680.472412)
    POTN=1.658317E+03
    PHIC=2.453307E-03
    GRAD=1.218185E-01
    NuBT=1
    CPU =0.000081

ITER: 274
    HPWL=9581.490234
    OVFL=0.293197
    HPWL=(5893.402832, 3688.087402)
    POTN=1.527780E+03
    PHIC=2.575970E-03
    GRAD=1.234341E-01
    NuBT=1
    CPU =0.000079

ITER: 275
    HPWL=9578.321289
    OVFL=0.290960
    HPWL=(5891.607422, 3686.713867)
    POTN=1.385366E+03
    PHIC=2.704768E-03
    GRAD=1.227468E-01
    NuBT=1
    CPU =0.000079

ITER: 276
    HPWL=9589.311523
    OVFL=0.290166
    HPWL=(5896.950195, 3692.361084)
    POTN=1.308807E+03
    PHIC=2.840002E-03
    GRAD=1.227339E-01
    NuBT=1
    CPU =0.000079

ITER: 277
    HPWL=9589.899414
    OVFL=0.288114
    HPWL=(5896.269043, 3693.630615)
    POTN=1.224811E+03
    PHIC=2.982002E-03
    GRAD=1.217279E-01
    NuBT=1
    CPU =0.000082

ITER: 278
    HPWL=9593.197266
    OVFL=0.283232
    HPWL=(5894.295898, 3698.901367)
    POTN=1.162043E+03
    PHIC=3.131100E-03
    GRAD=1.213582E-01
    NuBT=1
    CPU =0.000079

ITER: 279
    HPWL=9602.933594
    OVFL=0.281052
    HPWL=(5900.080078, 3702.854004)
    POTN=1.080501E+03
    PHIC=3.287650E-03
    GRAD=1.224457E-01
    NuBT=1
    CPU =0.000079

ITER: 280
    HPWL=9599.453125
    OVFL=0.275697
    HPWL=(5890.776855, 3708.675781)
    POTN=1.039419E+03
    PHIC=3.452033E-03
    GRAD=1.220832E-01
    NuBT=1
    CPU =0.000079

ITER: 281
    HPWL=9611.217773
    OVFL=0.270343
    HPWL=(5897.023926, 3714.193604)
    POTN=9.642253E+02
    PHIC=3.624628E-03
    GRAD=1.234253E-01
    NuBT=1
    CPU =0.000080

ITER: 282
    HPWL=9607.684570
    OVFL=0.263193
    HPWL=(5891.875488, 3715.808838)
    POTN=9.282971E+02
    PHIC=3.805859E-03
    GRAD=1.246757E-01
    NuBT=1
    CPU =0.000079

ITER: 283
    HPWL=9614.041992
    OVFL=0.260648
    HPWL=(5898.943359, 3715.098877)
    POTN=8.741766E+02
    PHIC=3.996148E-03
    GRAD=1.267837E-01
    NuBT=1
    CPU =0.000081

ITER: 284
    HPWL=9611.983398
    OVFL=0.254318
    HPWL=(5896.228027, 3715.755615)
    POTN=8.287052E+02
    PHIC=4.195956E-03
    GRAD=1.263121E-01
    NuBT=1
    CPU =0.000092

ITER: 285
    HPWL=9613.740234
    OVFL=0.250252
    HPWL=(5900.023438, 3713.717285)
    POTN=7.615094E+02
    PHIC=4.405752E-03
    GRAD=1.278951E-01
    NuBT=1
    CPU =0.000080

ITER: 286
    HPWL=9618.484375
    OVFL=0.243570
    HPWL=(5897.342773, 3721.141357)
    POTN=7.115904E+02
    PHIC=4.626037E-03
    GRAD=1.280896E-01
    NuBT=1
    CPU =0.000087

ITER: 287
    HPWL=9624.269531
    OVFL=0.239547
    HPWL=(5899.719727, 3724.550293)
    POTN=6.467205E+02
    PHIC=4.857334E-03
    GRAD=1.296786E-01
    NuBT=1
    CPU =0.000082

ITER: 288
    HPWL=9624.505859
    OVFL=0.234803
    HPWL=(5897.755859, 3726.749756)
    POTN=6.050452E+02
    PHIC=5.100201E-03
    GRAD=1.297261E-01
    NuBT=1
    CPU =0.000079

ITER: 289
    HPWL=9633.813477
    OVFL=0.232358
    HPWL=(5898.821289, 3734.992432)
    POTN=5.441609E+02
    PHIC=5.355204E-03
    GRAD=1.301167E-01
    NuBT=1
    CPU =0.000078

ITER: 290
    HPWL=9631.433594
    OVFL=0.225767
    HPWL=(5895.548828, 3735.884521)
    POTN=5.030734E+02
    PHIC=5.622963E-03
    GRAD=1.291732E-01
    NuBT=1
    CPU =0.000079

ITER: 291
    HPWL=9641.052734
    OVFL=0.222767
    HPWL=(5896.919434, 3744.133545)
    POTN=4.517261E+02
    PHIC=5.904103E-03
    GRAD=1.303617E-01
    NuBT=1
    CPU =0.000084

ITER: 292
    HPWL=9644.483398
    OVFL=0.217626
    HPWL=(5895.481934, 3749.001221)
    POTN=4.194886E+02
    PHIC=6.199305E-03
    GRAD=1.295336E-01
    NuBT=1
    CPU =0.000080

ITER: 293
    HPWL=9648.237305
    OVFL=0.215943
    HPWL=(5895.540039, 3752.697266)
    POTN=3.893468E+02
    PHIC=6.509267E-03
    GRAD=1.295545E-01
    NuBT=2
    CPU =0.000119

ITER: 294
    HPWL=9652.392578
    OVFL=0.210480
    HPWL=(5894.157227, 3758.235352)
    POTN=3.812934E+02
    PHIC=6.834726E-03
    GRAD=1.277686E-01
    NuBT=1
    CPU =0.000079

ITER: 295
    HPWL=9655.889648
    OVFL=0.210473
    HPWL=(5894.692383, 3761.197021)
    POTN=3.751366E+02
    PHIC=7.176458E-03
    GRAD=1.279800E-01
    NuBT=1
    CPU =0.000079

ITER: 296
    HPWL=9656.545898
    OVFL=0.207441
    HPWL=(5895.545410, 3761.000244)
    POTN=3.688452E+02
    PHIC=7.535280E-03
    GRAD=1.254132E-01
    NuBT=1
    CPU =0.000088

ITER: 297
    HPWL=9660.027344
    OVFL=0.205147
    HPWL=(5897.861328, 3762.166016)
    POTN=3.478597E+02
    PHIC=7.912041E-03
    GRAD=1.242567E-01
    NuBT=2
    CPU =0.000119

ITER: 298
    HPWL=9666.654297
    OVFL=0.200417
    HPWL=(5899.109863, 3767.543945)
    POTN=3.376591E+02
    PHIC=8.307635E-03
    GRAD=1.226727E-01
    NuBT=1
    CPU =0.000081

ITER: 299
    HPWL=9681.701172
    OVFL=0.191571
    HPWL=(5899.341797, 3782.358887)
    POTN=3.118656E+02
    PHIC=8.722997E-03
    GRAD=1.221887E-01
    NuBT=1
    CPU =0.000079

ITER: 300
    HPWL=9694.641602
    OVFL=0.183628
    HPWL=(5901.011230, 3793.630127)
    POTN=2.905882E+02
    PHIC=9.159130E-03
    GRAD=1.236128E-01
    NuBT=1
    CPU =0.000080

ITER: 301
    HPWL=9704.453125
    OVFL=0.178201
    HPWL=(5903.668457, 3800.784912)
    POTN=2.619039E+02
    PHIC=9.617073E-03
    GRAD=1.244639E-01
    NuBT=1
    CPU =0.000079

ITER: 302
    HPWL=9704.562500
    OVFL=0.170676
    HPWL=(5903.700684, 3800.861328)
    POTN=2.472732E+02
    PHIC=1.009793E-02
    GRAD=1.239611E-01
    NuBT=1
    CPU =0.000078

ITER: 303
    HPWL=9705.767578
    OVFL=0.169239
    HPWL=(5902.677734, 3803.090088)
    POTN=2.338802E+02
    PHIC=1.060282E-02
    GRAD=1.242997E-01
    NuBT=1
    CPU =0.000079

ITER: 304
    HPWL=9710.383789
    OVFL=0.168156
    HPWL=(5905.474609, 3804.908936)
    POTN=2.227297E+02
    PHIC=1.113295E-02
    GRAD=1.218229E-01
    NuBT=1
    CPU =0.000079

ITER: 305
    HPWL=9716.099609
    OVFL=0.166641
    HPWL=(5906.290039, 3809.809814)
    POTN=2.103294E+02
    PHIC=1.168959E-02
    GRAD=1.191637E-01
    NuBT=1
    CPU =0.000078

ITER: 306
    HPWL=9717.209961
    OVFL=0.168198
    HPWL=(5905.408691, 3811.801514)
    POTN=2.014332E+02
    PHIC=1.227407E-02
    GRAD=1.167134E-01
    NuBT=1
    CPU =0.000078

ITER: 307
    HPWL=9716.798828
    OVFL=0.168668
    HPWL=(5905.399902, 3811.399414)
    POTN=1.909705E+02
    PHIC=1.288777E-02
    GRAD=1.128345E-01
    NuBT=1
    CPU =0.000082

ITER: 308
    HPWL=9724.871094
    OVFL=0.171439
    HPWL=(5908.748047, 3816.122803)
    POTN=1.863554E+02
    PHIC=1.353214E-02
    GRAD=1.097062E-01
    NuBT=1
    CPU =0.000089

ITER: 309
    HPWL=9732.098633
    OVFL=0.173706
    HPWL=(5912.280762, 3819.818115)
    POTN=1.767462E+02
    PHIC=1.420874E-02
    GRAD=1.056444E-01
    NuBT=1
    CPU =0.000081

ITER: 310
    HPWL=9741.895508
    OVFL=0.170874
    HPWL=(5916.578613, 3825.317139)
    POTN=1.662905E+02
    PHIC=1.491915E-02
    GRAD=1.017682E-01
    NuBT=1
    CPU =0.000079

ITER: 311
    HPWL=9749.849609
    OVFL=0.169432
    HPWL=(5917.269531, 3832.580566)
    POTN=1.563657E+02
    PHIC=1.566509E-02
    GRAD=9.987305E-02
    NuBT=1
    CPU =0.000079

ITER: 312
    HPWL=9754.175781
    OVFL=0.168147
    HPWL=(5918.926758, 3835.249512)
    POTN=1.489781E+02
    PHIC=1.644833E-02
    GRAD=9.752677E-02
    NuBT=1
    CPU =0.000079

ITER: 313
    HPWL=9751.957031
    OVFL=0.167006
    HPWL=(5919.197266, 3832.760254)
    POTN=1.374860E+02
    PHIC=1.727075E-02
    GRAD=9.508713E-02
    NuBT=1
    CPU =0.000078

ITER: 314
    HPWL=9758.300781
    OVFL=0.166493
    HPWL=(5918.775391, 3839.525879)
    POTN=1.334626E+02
    PHIC=1.813427E-02
    GRAD=9.252994E-02
    NuBT=1
    CPU =0.000081

ITER: 315
    HPWL=9765.279297
    OVFL=0.162962
    HPWL=(5918.089844, 3847.189209)
    POTN=1.241522E+02
    PHIC=1.904096E-02
    GRAD=8.981881E-02
    NuBT=1
    CPU =0.000079

ITER: 316
    HPWL=9773.233398
    OVFL=0.158995
    HPWL=(5919.560059, 3853.673340)
    POTN=1.196777E+02
    PHIC=1.999299E-02
    GRAD=8.807945E-02
    NuBT=1
    CPU =0.000079

ITER: 317
    HPWL=9777.852539
    OVFL=0.153222
    HPWL=(5920.489258, 3857.363281)
    POTN=1.118284E+02
    PHIC=2.099262E-02
    GRAD=8.628847E-02
    NuBT=1
    CPU =0.000078

ITER: 318
    HPWL=9785.177734
    OVFL=0.154790
    HPWL=(5922.789062, 3862.389160)
    POTN=1.140012E+02
    PHIC=2.204223E-02
    GRAD=8.533462E-02
    NuBT=1
    CPU =0.000079

ITER: 319
    HPWL=9785.670898
    OVFL=0.154335
    HPWL=(5921.735352, 3863.935791)
    POTN=1.102819E+02
    PHIC=2.314434E-02
    GRAD=8.220576E-02
    NuBT=2
    CPU =0.000117

ITER: 320
    HPWL=9796.939453
    OVFL=0.148292
    HPWL=(5923.320801, 3873.618896)
    POTN=1.017912E+02
    PHIC=2.430151E-02
    GRAD=7.948275E-02
    NuBT=1
    CPU =0.000089

ITER: 321
    HPWL=9798.937500
    OVFL=0.145598
    HPWL=(5921.373535, 3877.564209)
    POTN=9.430360E+01
    PHIC=2.551658E-02
    GRAD=7.845581E-02
    NuBT=1
    CPU =0.000080

ITER: 322
    HPWL=9800.679688
    OVFL=0.145131
    HPWL=(5920.183594, 3880.496582)
    POTN=9.703134E+01
    PHIC=2.679241E-02
    GRAD=7.654670E-02
    NuBT=1
    CPU =0.000078

ITER: 323
    HPWL=9807.080078
    OVFL=0.142235
    HPWL=(5920.187500, 3886.892090)
    POTN=8.990748E+01
    PHIC=2.813200E-02
    GRAD=7.399476E-02
    NuBT=2
    CPU =0.000120

ITER: 324
    HPWL=9809.239258
    OVFL=0.135226
    HPWL=(5917.956055, 3891.282959)
    POTN=8.856508E+01
    PHIC=2.953859E-02
    GRAD=7.207899E-02
    NuBT=1
    CPU =0.000080

ITER: 325
    HPWL=9826.487305
    OVFL=0.127783
    HPWL=(5916.947754, 3909.539551)
    POTN=7.362117E+01
    PHIC=3.101544E-02
    GRAD=7.085221E-02
    NuBT=1
    CPU =0.000078

ITER: 326
    HPWL=9820.728516
    OVFL=0.121909
    HPWL=(5916.410156, 3904.317871)
    POTN=7.107175E+01
    PHIC=3.256621E-02
    GRAD=6.978211E-02
    NuBT=1
    CPU =0.000078

ITER: 327
    HPWL=9823.500977
    OVFL=0.116054
    HPWL=(5916.508789, 3906.991943)
    POTN=6.153867E+01
    PHIC=3.419451E-02
    GRAD=6.838283E-02
    NuBT=1
    CPU =0.000080

ITER: 328
    HPWL=9827.539062
    OVFL=0.109902
    HPWL=(5917.203125, 3910.336426)
    POTN=5.530756E+01
    PHIC=3.590421E-02
    GRAD=6.696269E-02
    NuBT=1
    CPU =0.000080

ITER: 329
    HPWL=9824.189453
    OVFL=0.107749
    HPWL=(5919.172363, 3905.017090)
    POTN=5.193172E+01
    PHIC=3.769942E-02
    GRAD=6.594387E-02
    NuBT=1
    CPU =0.000082

ITER: 330
    HPWL=9823.164062
    OVFL=0.105946
    HPWL=(5916.749512, 3906.415039)
    POTN=4.783827E+01
    PHIC=3.958439E-02
    GRAD=6.402345E-02
    NuBT=1
    CPU =0.000079

ITER: 331
    HPWL=9830.912109
    OVFL=0.101012
    HPWL=(5919.233398, 3911.678223)
    POTN=4.199681E+01
    PHIC=4.156357E-02
    GRAD=6.197535E-02
    NuBT=2
    CPU =0.000132

ITER: 332
    HPWL=9836.562500
    OVFL=0.095998
    HPWL=(5921.569336, 3914.992920)
    POTN=4.009286E+01
    PHIC=4.364171E-02
    GRAD=6.029946E-02
    NuBT=1
    CPU =0.000085
[INFO] Nesterov: NumIters = 332
[INFO] Nesterov: ScaledHpwl = 9836.562500
[INFO] Nesterov: Overflow = 0.095998
[INFO] Nesterov: Potential = 40.092857
[INFO] Nesterov: xInstScaledHpwl = 9827.235352
[INFO] Nesterov: yInstScaledHpwl = 9836.562500
[INFO] Nesterov: HPWL = 2970.008789
