
Cell sky130_fd_sc_hd__dfrbp_1 disconnected node: D
Cell sky130_fd_sc_hd__dfrbp_1 disconnected node: Q
Cell sky130_fd_sc_hd__dfrbp_1 disconnected node: Q_N
Cell sky130_fd_sc_hd__dfrbp_1 disconnected node: RESET_B
Cell sky130_fd_sc_hd__dfrbp_1 disconnected node: CLK
Cell sky130_fd_sc_hd__dfrbp_1 disconnected node: VGND
Cell sky130_fd_sc_hd__dfrbp_1 disconnected node: VPWR
Warning: Equate pins:  cell sky130_fd_sc_hd__dfrbp_1 has no definition, treated as a black box.

Subcircuit pins:
Circuit 1: sky130_fd_sc_hd__dfrbp_1        |Circuit 2: sky130_fd_sc_hd__dfrbp_1        
-------------------------------------------|-------------------------------------------
D                                          |D                                          
Q                                          |Q                                          
Q_N                                        |Q_N                                        
RESET_B                                    |RESET_B                                    
CLK                                        |CLK                                        
VGND                                       |VGND                                       
VPWR                                       |VPWR                                       
---------------------------------------------------------------------------------------
Cell pin lists are equivalent.
Device classes sky130_fd_sc_hd__dfrbp_1 and sky130_fd_sc_hd__dfrbp_1 are equivalent.

Cell sky130_fd_sc_hd__diode_2 disconnected node: DIODE
Cell sky130_fd_sc_hd__diode_2 disconnected node: VGND
Cell sky130_fd_sc_hd__diode_2 disconnected node: VPWR
Warning: Equate pins:  cell sky130_fd_sc_hd__diode_2 has no definition, treated as a black box.

Subcircuit pins:
Circuit 1: sky130_fd_sc_hd__diode_2        |Circuit 2: sky130_fd_sc_hd__diode_2        
-------------------------------------------|-------------------------------------------
DIODE                                      |DIODE                                      
VGND                                       |VGND                                       
VPWR                                       |VPWR                                       
---------------------------------------------------------------------------------------
Cell pin lists are equivalent.
Device classes sky130_fd_sc_hd__diode_2 and sky130_fd_sc_hd__diode_2 are equivalent.

Cell sky130_fd_sc_hd__clkbuf_1 disconnected node: A
Cell sky130_fd_sc_hd__clkbuf_1 disconnected node: X
Cell sky130_fd_sc_hd__clkbuf_1 disconnected node: VGND
Cell sky130_fd_sc_hd__clkbuf_1 disconnected node: VPWR
Warning: Equate pins:  cell sky130_fd_sc_hd__clkbuf_1 has no definition, treated as a black box.

Subcircuit pins:
Circuit 1: sky130_fd_sc_hd__clkbuf_1       |Circuit 2: sky130_fd_sc_hd__clkbuf_1       
-------------------------------------------|-------------------------------------------
A                                          |A                                          
X                                          |X                                          
VGND                                       |VGND                                       
VPWR                                       |VPWR                                       
---------------------------------------------------------------------------------------
Cell pin lists are equivalent.
Device classes sky130_fd_sc_hd__clkbuf_1 and sky130_fd_sc_hd__clkbuf_1 are equivalent.

Cell sky130_fd_sc_hd__tapvpwrvgnd_1 disconnected node: VGND
Cell sky130_fd_sc_hd__tapvpwrvgnd_1 disconnected node: VPWR
Warning: Equate pins:  cell sky130_fd_sc_hd__tapvpwrvgnd_1 has no definition, treated as a black box.

Subcircuit pins:
Circuit 1: sky130_fd_sc_hd__tapvpwrvgnd_1  |Circuit 2: sky130_fd_sc_hd__tapvpwrvgnd_1  
-------------------------------------------|-------------------------------------------
VGND                                       |VGND                                       
VPWR                                       |VPWR                                       
---------------------------------------------------------------------------------------
Cell pin lists are equivalent.
Device classes sky130_fd_sc_hd__tapvpwrvgnd_1 and sky130_fd_sc_hd__tapvpwrvgnd_1 are equivalent.

Cell sky130_fd_sc_hd__buf_2 disconnected node: A
Cell sky130_fd_sc_hd__buf_2 disconnected node: X
Cell sky130_fd_sc_hd__buf_2 disconnected node: VGND
Cell sky130_fd_sc_hd__buf_2 disconnected node: VPWR
Warning: Equate pins:  cell sky130_fd_sc_hd__buf_2 has no definition, treated as a black box.

Subcircuit pins:
Circuit 1: sky130_fd_sc_hd__buf_2          |Circuit 2: sky130_fd_sc_hd__buf_2          
-------------------------------------------|-------------------------------------------
A                                          |A                                          
X                                          |X                                          
VGND                                       |VGND                                       
VPWR                                       |VPWR                                       
---------------------------------------------------------------------------------------
Cell pin lists are equivalent.
Device classes sky130_fd_sc_hd__buf_2 and sky130_fd_sc_hd__buf_2 are equivalent.

Cell sky130_fd_sc_hd__conb_1 disconnected node: HI
Cell sky130_fd_sc_hd__conb_1 disconnected node: LO
Cell sky130_fd_sc_hd__conb_1 disconnected node: VGND
Cell sky130_fd_sc_hd__conb_1 disconnected node: VPWR
Warning: Equate pins:  cell sky130_fd_sc_hd__conb_1 has no definition, treated as a black box.

Subcircuit pins:
Circuit 1: sky130_fd_sc_hd__conb_1         |Circuit 2: sky130_fd_sc_hd__conb_1         
-------------------------------------------|-------------------------------------------
LO                                         |LO                                         
VGND                                       |VGND                                       
VPWR                                       |VPWR                                       
---------------------------------------------------------------------------------------
Cell pin lists are equivalent.
Device classes sky130_fd_sc_hd__conb_1 and sky130_fd_sc_hd__conb_1 are equivalent.

Cell sky130_fd_sc_hd__clkbuf_16 disconnected node: A
Cell sky130_fd_sc_hd__clkbuf_16 disconnected node: X
Cell sky130_fd_sc_hd__clkbuf_16 disconnected node: VGND
Cell sky130_fd_sc_hd__clkbuf_16 disconnected node: VPWR
Warning: Equate pins:  cell sky130_fd_sc_hd__clkbuf_16 has no definition, treated as a black box.

Subcircuit pins:
Circuit 1: sky130_fd_sc_hd__clkbuf_16      |Circuit 2: sky130_fd_sc_hd__clkbuf_16      
-------------------------------------------|-------------------------------------------
A                                          |A                                          
X                                          |X                                          
VGND                                       |VGND                                       
VPWR                                       |VPWR                                       
---------------------------------------------------------------------------------------
Cell pin lists are equivalent.
Device classes sky130_fd_sc_hd__clkbuf_16 and sky130_fd_sc_hd__clkbuf_16 are equivalent.

Subcircuit summary:
Circuit 1: cbx_1__0_                       |Circuit 2: cbx_1__0_                       
-------------------------------------------|-------------------------------------------
sky130_fd_sc_hd__dfrbp_1 (62)              |sky130_fd_sc_hd__dfrbp_1 (62)              
sky130_fd_sc_hd__diode_2 (219)             |sky130_fd_sc_hd__diode_2 (219)             
sky130_fd_sc_hd__clkbuf_1 (14)             |sky130_fd_sc_hd__clkbuf_1 (14)             
sky130_fd_sc_hd__tapvpwrvgnd_1 (120)       |sky130_fd_sc_hd__tapvpwrvgnd_1 (120)       
sky130_fd_sc_hd__buf_2 (18)                |sky130_fd_sc_hd__buf_2 (18)                
sky130_fd_sc_hd__conb_1 (11)               |sky130_fd_sc_hd__conb_1 (11)               
sky130_fd_sc_hd__clkbuf_16 (1)             |sky130_fd_sc_hd__clkbuf_16 (1)             
Number of devices: 445                     |Number of devices: 445                     
Number of nets: 191                        |Number of nets: 191                        
---------------------------------------------------------------------------------------
Netlists match with 17 symmetries.
Circuits match correctly.

Subcircuit pins:
Circuit 1: cbx_1__0_                       |Circuit 2: cbx_1__0_                       
-------------------------------------------|-------------------------------------------
chanx_right_in[8]                          |chanx_right_in[8]                          
chanx_right_in[7]                          |chanx_right_in[7]                          
chanx_right_in[6]                          |chanx_right_in[6]                          
chanx_right_in[5]                          |chanx_right_in[5]                          
chanx_right_in[4]                          |chanx_right_in[4]                          
chanx_right_in[3]                          |chanx_right_in[3]                          
chanx_right_in[2]                          |chanx_right_in[2]                          
chanx_right_in[1]                          |chanx_right_in[1]                          
chanx_right_in[0]                          |chanx_right_in[0]                          
chanx_left_in[8]                           |chanx_left_in[8]                           
chanx_left_in[7]                           |chanx_left_in[7]                           
chanx_left_in[6]                           |chanx_left_in[6]                           
chanx_left_in[5]                           |chanx_left_in[5]                           
chanx_left_in[4]                           |chanx_left_in[4]                           
chanx_left_in[3]                           |chanx_left_in[3]                           
chanx_left_in[2]                           |chanx_left_in[2]                           
chanx_left_in[1]                           |chanx_left_in[1]                           
chanx_left_in[0]                           |chanx_left_in[0]                           
ccff_head                                  |ccff_head                                  
prog_clk                                   |prog_clk                                   
VGND                                       |VGND                                       
VPWR                                       |VPWR                                       
pReset                                     |pReset                                     
top_grid_pin_2_                            |top_grid_pin_2_                            
top_grid_pin_6_                            |top_grid_pin_6_                            
bottom_grid_pin_8_                         |bottom_grid_pin_8_                         
bottom_grid_pin_6_                         |bottom_grid_pin_6_                         
bottom_grid_pin_4_                         |bottom_grid_pin_4_                         
bottom_grid_pin_2_                         |bottom_grid_pin_2_                         
bottom_grid_pin_14_                        |bottom_grid_pin_14_                        
bottom_grid_pin_12_                        |bottom_grid_pin_12_                        
bottom_grid_pin_10_                        |bottom_grid_pin_10_                        
bottom_grid_pin_0_                         |bottom_grid_pin_0_                         
top_grid_pin_14_                           |top_grid_pin_14_                           
chanx_left_out[8]                          |chanx_left_out[8]                          
chanx_left_out[7]                          |chanx_left_out[7]                          
chanx_left_out[6]                          |chanx_left_out[6]                          
chanx_left_out[5]                          |chanx_left_out[5]                          
chanx_left_out[4]                          |chanx_left_out[4]                          
chanx_left_out[3]                          |chanx_left_out[3]                          
chanx_left_out[2]                          |chanx_left_out[2]                          
chanx_left_out[1]                          |chanx_left_out[1]                          
chanx_left_out[0]                          |chanx_left_out[0]                          
chanx_right_out[8]                         |chanx_right_out[8]                         
chanx_right_out[7]                         |chanx_right_out[7]                         
chanx_right_out[6]                         |chanx_right_out[6]                         
chanx_right_out[5]                         |chanx_right_out[5]                         
chanx_right_out[4]                         |chanx_right_out[4]                         
chanx_right_out[3]                         |chanx_right_out[3]                         
chanx_right_out[2]                         |chanx_right_out[2]                         
chanx_right_out[1]                         |chanx_right_out[1]                         
chanx_right_out[0]                         |chanx_right_out[0]                         
ccff_tail                                  |ccff_tail                                  
---------------------------------------------------------------------------------------
Cell pin lists are equivalent.
Device classes cbx_1__0_ and cbx_1__0_ are equivalent.
Circuits match uniquely.
