Startpoint: pReset (input port clocked by vclk)
Endpoint: mem_left_track_1.sc_dff_compact_0_.sky130_fd_sc_hd__dfrbp_1
          (removal check against rising-edge clock vclk)
Path Group: **async_default**
Path Type: min

  Delay    Time   Description
---------------------------------------------------------
   0.00    0.00   clock vclk (rise edge)
   0.00    0.00   clock network delay (ideal)
   2.00    2.00 ^ input external delay
   0.19    2.19 ^ pReset (in)
   0.00    2.19 ^ mem_left_track_1.sc_dff_compact_0_.sky130_fd_sc_hd__dfrbp_1/RESET_B (sky130_fd_sc_hd__dfrbp_1)
           2.19   data arrival time

   0.00    0.00   clock vclk (rise edge)
   0.00    0.00   clock network delay (ideal)
   0.00    0.00   clock reconvergence pessimism
           0.00 ^ mem_left_track_1.sc_dff_compact_0_.sky130_fd_sc_hd__dfrbp_1/CLK (sky130_fd_sc_hd__dfrbp_1)
   0.70    0.70   library removal time
           0.70   data required time
---------------------------------------------------------
           0.70   data required time
          -2.19   data arrival time
---------------------------------------------------------
           1.49   slack (MET)


Startpoint: mem_top_track_16.sc_dff_compact_1_.sky130_fd_sc_hd__dfrbp_1
            (rising edge-triggered flip-flop clocked by vclk)
Endpoint: mem_left_track_1.sc_dff_compact_0_.sky130_fd_sc_hd__dfrbp_1
          (rising edge-triggered flip-flop clocked by vclk)
Path Group: vclk
Path Type: min

  Delay    Time   Description
---------------------------------------------------------
   0.00    0.00   clock vclk (rise edge)
   0.00    0.00   clock network delay (ideal)
   0.00    0.00 ^ mem_top_track_16.sc_dff_compact_1_.sky130_fd_sc_hd__dfrbp_1/CLK (sky130_fd_sc_hd__dfrbp_1)
   0.65    0.65 ^ mem_top_track_16.sc_dff_compact_1_.sky130_fd_sc_hd__dfrbp_1/Q (sky130_fd_sc_hd__dfrbp_1)
   0.00    0.65 ^ mem_left_track_1.sc_dff_compact_0_.sky130_fd_sc_hd__dfrbp_1/D (sky130_fd_sc_hd__dfrbp_1)
           0.65   data arrival time

   0.00    0.00   clock vclk (rise edge)
   0.00    0.00   clock network delay (ideal)
   0.00    0.00   clock reconvergence pessimism
           0.00 ^ mem_left_track_1.sc_dff_compact_0_.sky130_fd_sc_hd__dfrbp_1/CLK (sky130_fd_sc_hd__dfrbp_1)
  -0.09   -0.09   library hold time
          -0.09   data required time
---------------------------------------------------------
          -0.09   data required time
          -0.65   data arrival time
---------------------------------------------------------
           0.74   slack (MET)


Startpoint: pReset (input port clocked by vclk)
Endpoint: mem_left_track_1.sc_dff_compact_0_.sky130_fd_sc_hd__dfrbp_1
          (recovery check against rising-edge clock vclk)
Path Group: **async_default**
Path Type: max

  Delay    Time   Description
---------------------------------------------------------
   0.00    0.00   clock vclk (rise edge)
   0.00    0.00   clock network delay (ideal)
   2.00    2.00 ^ input external delay
   0.10    2.10 ^ pReset (in)
   0.00    2.10 ^ mem_left_track_1.sc_dff_compact_0_.sky130_fd_sc_hd__dfrbp_1/RESET_B (sky130_fd_sc_hd__dfrbp_1)
           2.10   data arrival time

  12.00   12.00   clock vclk (rise edge)
   0.00   12.00   clock network delay (ideal)
   0.00   12.00   clock reconvergence pessimism
          12.00 ^ mem_left_track_1.sc_dff_compact_0_.sky130_fd_sc_hd__dfrbp_1/CLK (sky130_fd_sc_hd__dfrbp_1)
   0.11   12.11   library recovery time
          12.11   data required time
---------------------------------------------------------
          12.11   data required time
          -2.10   data arrival time
---------------------------------------------------------
          10.00   slack (MET)


Startpoint: mem_left_track_17.sc_dff_compact_1_.sky130_fd_sc_hd__dfrbp_1
            (rising edge-triggered flip-flop clocked by vclk)
Endpoint: ccff_tail (output port clocked by vclk)
Path Group: vclk
Path Type: max

  Delay    Time   Description
---------------------------------------------------------
   0.00    0.00   clock vclk (rise edge)
   0.00    0.00   clock network delay (ideal)
   0.00    0.00 ^ mem_left_track_17.sc_dff_compact_1_.sky130_fd_sc_hd__dfrbp_1/CLK (sky130_fd_sc_hd__dfrbp_1)
   0.30    0.30 v mem_left_track_17.sc_dff_compact_1_.sky130_fd_sc_hd__dfrbp_1/Q (sky130_fd_sc_hd__dfrbp_1)
   0.00    0.30 v ccff_tail (out)
           0.30   data arrival time

  12.00   12.00   clock vclk (rise edge)
   0.00   12.00   clock network delay (ideal)
   0.00   12.00   clock reconvergence pessimism
  -2.00   10.00   output external delay
          10.00   data required time
---------------------------------------------------------
          10.00   data required time
          -0.30   data arrival time
---------------------------------------------------------
           9.70   slack (MET)


