RePlAce Version: 1.0.0

** WARNING: Your Detail Placement Step must be skipped.
              (i.e. this program will be executed as -onlyGP)
     If you want to have DP after GP, please specify -dpflag and -dploc.

[INFO] TargetDensity = 0.400000
[INFO] ExperimentIndex = 0
[INFO] DirectoryPath = /openLANE_flow/designs/cbx_1__0_/runs/final_pin_placement//tmp/placement/replace/etc/cbx_1__0_.floorplan/experiment000
[PROC] Begin LefParsing ...
[LEF] Parsed 500 number of lines!!
WARNING (LEFPARS-2036): SOURCE statement is obsolete in version 5.6 and later.
The LEF parser will ignore this statement.
To avoid this warning in the future, remove this statement from the LEF file with version 5.6 or later. See file /openLANE_flow/designs/cbx_1__0_/runs/final_pin_placement//tmp//merged.lef at line 776.

WARNING (LEFPARS-2036): SOURCE statement is obsolete in version 5.6 and later.
The LEF parser will ignore this statement.
To avoid this warning in the future, remove this statement from the LEF file with version 5.6 or later. See file /openLANE_flow/designs/cbx_1__0_/runs/final_pin_placement//tmp//merged.lef at line 903.

[LEF] Parsed 1000 number of lines!!
WARNING (LEFPARS-2036): SOURCE statement is obsolete in version 5.6 and later.
The LEF parser will ignore this statement.
To avoid this warning in the future, remove this statement from the LEF file with version 5.6 or later. See file /openLANE_flow/designs/cbx_1__0_/runs/final_pin_placement//tmp//merged.lef at line 1034.

WARNING (LEFPARS-2036): SOURCE statement is obsolete in version 5.6 and later.
The LEF parser will ignore this statement.
To avoid this warning in the future, remove this statement from the LEF file with version 5.6 or later. See file /openLANE_flow/designs/cbx_1__0_/runs/final_pin_placement//tmp//merged.lef at line 1204.

WARNING (LEFPARS-2036): SOURCE statement is obsolete in version 5.6 and later.
The LEF parser will ignore this statement.
To avoid this warning in the future, remove this statement from the LEF file with version 5.6 or later. See file /openLANE_flow/designs/cbx_1__0_/runs/final_pin_placement//tmp//merged.lef at line 1322.

WARNING (LEFPARS-2036): SOURCE statement is obsolete in version 5.6 and later.
The LEF parser will ignore this statement.
To avoid this warning in the future, remove this statement from the LEF file with version 5.6 or later. See file /openLANE_flow/designs/cbx_1__0_/runs/final_pin_placement//tmp//merged.lef at line 1442.

[LEF] Parsed 1500 number of lines!!
WARNING (LEFPARS-2036): SOURCE statement is obsolete in version 5.6 and later.
The LEF parser will ignore this statement.
To avoid this warning in the future, remove this statement from the LEF file with version 5.6 or later. See file /openLANE_flow/designs/cbx_1__0_/runs/final_pin_placement//tmp//merged.lef at line 1589.

WARNING (LEFPARS-2036): SOURCE statement is obsolete in version 5.6 and later.
The LEF parser will ignore this statement.
To avoid this warning in the future, remove this statement from the LEF file with version 5.6 or later. See file /openLANE_flow/designs/cbx_1__0_/runs/final_pin_placement//tmp//merged.lef at line 1777.

WARNING (LEFPARS-2036): SOURCE statement is obsolete in version 5.6 and later.
The LEF parser will ignore this statement.
To avoid this warning in the future, remove this statement from the LEF file with version 5.6 or later. See file /openLANE_flow/designs/cbx_1__0_/runs/final_pin_placement//tmp//merged.lef at line 1886.

WARNING (LEFPARS-2036): SOURCE statement is obsolete in version 5.6 and later.
The LEF parser will ignore this statement.
To avoid this warning in the future, remove this statement from the LEF file with version 5.6 or later. See file /openLANE_flow/designs/cbx_1__0_/runs/final_pin_placement//tmp//merged.lef at line 1999.

[LEF] Parsed 2000 number of lines!!
WARNING (LEFPARS-2036): SOURCE statement is obsolete in version 5.6 and later.
The LEF parser will ignore this statement.
To avoid this warning in the future, remove this statement from the LEF file with version 5.6 or later. See file /openLANE_flow/designs/cbx_1__0_/runs/final_pin_placement//tmp//merged.lef at line 2148.

WARNING (LEFPARS-2036): SOURCE statement is obsolete in version 5.6 and later.
The LEF parser will ignore this statement.
To avoid this warning in the future, remove this statement from the LEF file with version 5.6 or later. See file /openLANE_flow/designs/cbx_1__0_/runs/final_pin_placement//tmp//merged.lef at line 2253.

WARNING (LEFPARS-2036): SOURCE statement is obsolete in version 5.6 and later.
The LEF parser will ignore this statement.
To avoid this warning in the future, remove this statement from the LEF file with version 5.6 or later. See file /openLANE_flow/designs/cbx_1__0_/runs/final_pin_placement//tmp//merged.lef at line 2380.

[LEF] Parsed 2500 number of lines!!
WARNING (LEFPARS-2036): SOURCE statement is obsolete in version 5.6 and later.
The LEF parser will ignore this statement.
To avoid this warning in the future, remove this statement from the LEF file with version 5.6 or later. See file /openLANE_flow/designs/cbx_1__0_/runs/final_pin_placement//tmp//merged.lef at line 2547.

WARNING (LEFPARS-2036): SOURCE statement is obsolete in version 5.6 and later.
The LEF parser will ignore this statement.
To avoid this warning in the future, remove this statement from the LEF file with version 5.6 or later. See file /openLANE_flow/designs/cbx_1__0_/runs/final_pin_placement//tmp//merged.lef at line 2653.

WARNING (LEFPARS-2036): SOURCE statement is obsolete in version 5.6 and later.
The LEF parser will ignore this statement.
To avoid this warning in the future, remove this statement from the LEF file with version 5.6 or later. See file /openLANE_flow/designs/cbx_1__0_/runs/final_pin_placement//tmp//merged.lef at line 2770.

WARNING (LEFPARS-2036): SOURCE statement is obsolete in version 5.6 and later.
The LEF parser will ignore this statement.
To avoid this warning in the future, remove this statement from the LEF file with version 5.6 or later. See file /openLANE_flow/designs/cbx_1__0_/runs/final_pin_placement//tmp//merged.lef at line 2908.

[LEF] Parsed 3000 number of lines!!
WARNING (LEFPARS-2036): SOURCE statement is obsolete in version 5.6 and later.
The LEF parser will ignore this statement.
To avoid this warning in the future, remove this statement from the LEF file with version 5.6 or later. See file /openLANE_flow/designs/cbx_1__0_/runs/final_pin_placement//tmp//merged.lef at line 3005.

WARNING (LEFPARS-2036): SOURCE statement is obsolete in version 5.6 and later.
The LEF parser will ignore this statement.
To avoid this warning in the future, remove this statement from the LEF file with version 5.6 or later. See file /openLANE_flow/designs/cbx_1__0_/runs/final_pin_placement//tmp//merged.lef at line 3105.

WARNING (LEFPARS-2036): SOURCE statement is obsolete in version 5.6 and later.
The LEF parser will ignore this statement.
To avoid this warning in the future, remove this statement from the LEF file with version 5.6 or later. See file /openLANE_flow/designs/cbx_1__0_/runs/final_pin_placement//tmp//merged.lef at line 3219.

WARNING (LEFPARS-2036): SOURCE statement is obsolete in version 5.6 and later.
The LEF parser will ignore this statement.
To avoid this warning in the future, remove this statement from the LEF file with version 5.6 or later. See file /openLANE_flow/designs/cbx_1__0_/runs/final_pin_placement//tmp//merged.lef at line 3361.

WARNING (LEFPARS-2036): SOURCE statement is obsolete in version 5.6 and later.
The LEF parser will ignore this statement.
To avoid this warning in the future, remove this statement from the LEF file with version 5.6 or later. See file /openLANE_flow/designs/cbx_1__0_/runs/final_pin_placement//tmp//merged.lef at line 3458.

[LEF] Parsed 3500 number of lines!!
WARNING (LEFPARS-2036): SOURCE statement is obsolete in version 5.6 and later.
The LEF parser will ignore this statement.
To avoid this warning in the future, remove this statement from the LEF file with version 5.6 or later. See file /openLANE_flow/designs/cbx_1__0_/runs/final_pin_placement//tmp//merged.lef at line 3561.

WARNING (LEFPARS-2036): SOURCE statement is obsolete in version 5.6 and later.
The LEF parser will ignore this statement.
To avoid this warning in the future, remove this statement from the LEF file with version 5.6 or later. See file /openLANE_flow/designs/cbx_1__0_/runs/final_pin_placement//tmp//merged.lef at line 3691.

WARNING (LEFPARS-2036): SOURCE statement is obsolete in version 5.6 and later.
The LEF parser will ignore this statement.
To avoid this warning in the future, remove this statement from the LEF file with version 5.6 or later. See file /openLANE_flow/designs/cbx_1__0_/runs/final_pin_placement//tmp//merged.lef at line 3783.

WARNING (LEFPARS-2036): SOURCE statement is obsolete in version 5.6 and later.
The LEF parser will ignore this statement.
To avoid this warning in the future, remove this statement from the LEF file with version 5.6 or later. See file /openLANE_flow/designs/cbx_1__0_/runs/final_pin_placement//tmp//merged.lef at line 3887.

[LEF] Parsed 4000 number of lines!!
WARNING (LEFPARS-2036): SOURCE statement is obsolete in version 5.6 and later.
The LEF parser will ignore this statement.
To avoid this warning in the future, remove this statement from the LEF file with version 5.6 or later. See file /openLANE_flow/designs/cbx_1__0_/runs/final_pin_placement//tmp//merged.lef at line 4018.

WARNING (LEFPARS-2036): SOURCE statement is obsolete in version 5.6 and later.
The LEF parser will ignore this statement.
To avoid this warning in the future, remove this statement from the LEF file with version 5.6 or later. See file /openLANE_flow/designs/cbx_1__0_/runs/final_pin_placement//tmp//merged.lef at line 4148.

WARNING (LEFPARS-2036): SOURCE statement is obsolete in version 5.6 and later.
The LEF parser will ignore this statement.
To avoid this warning in the future, remove this statement from the LEF file with version 5.6 or later. See file /openLANE_flow/designs/cbx_1__0_/runs/final_pin_placement//tmp//merged.lef at line 4282.

WARNING (LEFPARS-2036): SOURCE statement is obsolete in version 5.6 and later.
The LEF parser will ignore this statement.
To avoid this warning in the future, remove this statement from the LEF file with version 5.6 or later. See file /openLANE_flow/designs/cbx_1__0_/runs/final_pin_placement//tmp//merged.lef at line 4467.

[LEF] Parsed 4500 number of lines!!
[LEF] Parsed 5000 number of lines!!
[LEF] Parsed 5500 number of lines!!
[LEF] Parsed 6000 number of lines!!
[LEF] Parsed 6500 number of lines!!
[LEF] Parsed 7000 number of lines!!
[LEF] Parsed 7500 number of lines!!
[LEF] Parsed 8000 number of lines!!
[LEF] Parsed 8500 number of lines!!
[LEF] Parsed 9000 number of lines!!
[LEF] Parsed 9500 number of lines!!
[LEF] Parsed 10000 number of lines!!
[LEF] Parsed 10500 number of lines!!
[LEF] Parsed 11000 number of lines!!
[LEF] Parsed 11500 number of lines!!
[LEF] Parsed 12000 number of lines!!
[LEF] Parsed 12500 number of lines!!
[LEF] Parsed 13000 number of lines!!
[LEF] Parsed 13500 number of lines!!
[LEF] Parsed 14000 number of lines!!
[LEF] Parsed 14500 number of lines!!
[LEF] Parsed 15000 number of lines!!
[LEF] Parsed 15500 number of lines!!
[LEF] Parsed 16000 number of lines!!
[LEF] Parsed 16500 number of lines!!
[LEF] Parsed 17000 number of lines!!
[LEF] Parsed 17500 number of lines!!
[LEF] Parsed 18000 number of lines!!
[LEF] Parsed 18500 number of lines!!
[LEF] Parsed 19000 number of lines!!
[LEF] Parsed 19500 number of lines!!
[LEF] Parsed 20000 number of lines!!
[LEF] Parsed 20500 number of lines!!
[LEF] Parsed 21000 number of lines!!
[LEF] Parsed 21500 number of lines!!
[LEF] Parsed 22000 number of lines!!
[LEF] Parsed 22500 number of lines!!
[LEF] Parsed 23000 number of lines!!
[LEF] Parsed 23500 number of lines!!
[LEF] Parsed 24000 number of lines!!
[LEF] Parsed 24500 number of lines!!
[LEF] Parsed 25000 number of lines!!
[LEF] Parsed 25500 number of lines!!
[LEF] Parsed 26000 number of lines!!
[LEF] Parsed 26500 number of lines!!
[LEF] Parsed 27000 number of lines!!
[LEF] Parsed 27500 number of lines!!
[LEF] Parsed 28000 number of lines!!
[LEF] Parsed 28500 number of lines!!
[LEF] Parsed 29000 number of lines!!
[LEF] Parsed 29500 number of lines!!
[LEF] Parsed 30000 number of lines!!
[LEF] Parsed 30500 number of lines!!
[LEF] Parsed 31000 number of lines!!
[LEF] Parsed 31500 number of lines!!
[LEF] Parsed 32000 number of lines!!
[LEF] Parsed 32500 number of lines!!
[LEF] Parsed 33000 number of lines!!
[LEF] Parsed 33500 number of lines!!
[LEF] Parsed 34000 number of lines!!
[LEF] Parsed 34500 number of lines!!
[LEF] Parsed 35000 number of lines!!
[LEF] Parsed 35500 number of lines!!
[LEF] Parsed 36000 number of lines!!
[LEF] Parsed 36500 number of lines!!
[LEF] Parsed 37000 number of lines!!
[LEF] Parsed 37500 number of lines!!
[LEF] Parsed 38000 number of lines!!
[LEF] Parsed 38500 number of lines!!
[LEF] Parsed 39000 number of lines!!
[LEF] Parsed 39500 number of lines!!
[LEF] Parsed 40000 number of lines!!
[LEF] Parsed 40500 number of lines!!
[LEF] Parsed 41000 number of lines!!
[LEF] Parsed 41500 number of lines!!
[LEF] Parsed 42000 number of lines!!
[LEF] Parsed 42500 number of lines!!
[LEF] Parsed 43000 number of lines!!
[LEF] Parsed 43500 number of lines!!
[LEF] Parsed 44000 number of lines!!
[LEF] Parsed 44500 number of lines!!
[LEF] Parsed 45000 number of lines!!
[LEF] Parsed 45500 number of lines!!
[LEF] Parsed 46000 number of lines!!
[LEF] Parsed 46500 number of lines!!
[LEF] Parsed 47000 number of lines!!
[LEF] Parsed 47500 number of lines!!
[LEF] Parsed 48000 number of lines!!
[LEF] Parsed 48500 number of lines!!
[LEF] Parsed 49000 number of lines!!
[LEF] Parsed 49500 number of lines!!
[LEF] Parsed 50000 number of lines!!
[LEF] Parsed 50500 number of lines!!
[LEF] Parsed 51000 number of lines!!
[LEF] Parsed 51500 number of lines!!
[LEF] Parsed 52000 number of lines!!
[LEF] Parsed 52500 number of lines!!
[LEF] Parsed 53000 number of lines!!
[LEF] Parsed 53500 number of lines!!
[LEF] Parsed 54000 number of lines!!
[LEF] Parsed 54500 number of lines!!
[LEF] Parsed 55000 number of lines!!
[LEF] Parsed 55500 number of lines!!
[LEF] Parsed 56000 number of lines!!
[LEF] Parsed 56500 number of lines!!
[LEF] Parsed 57000 number of lines!!
[LEF] Parsed 57500 number of lines!!
[LEF] Parsed 58000 number of lines!!
[LEF] Parsed 58500 number of lines!!
[LEF] Parsed 59000 number of lines!!
[LEF] Parsed 59500 number of lines!!
[LEF] Parsed 60000 number of lines!!
[LEF] Parsed 60500 number of lines!!
[LEF] Parsed 61000 number of lines!!
[LEF] Parsed 61500 number of lines!!
[LEF] Parsed 62000 number of lines!!
[PROC] End LefParsing
[PROC] Begin DefParsing ...
WARNING (DEFPARS-7011): The NAMESCASESENSITIVE statement is obsolete in version 5.6 and later.
The DEF parser will ignore this statement. See file /openLANE_flow/designs/cbx_1__0_/runs/final_pin_placement//results/floorplan/cbx_1__0_.floorplan.def at line 2.

[PROC] End DefParsing
[INFO] DefUnit = 1000
[INFO] LefMetal1Name = li1
[INFO] DefSiteName = unithd
[INFO] ScaleDownUnit = 302.222229
[INFO] OffsetCoordi = (2640.000000, 0.000000)
[INFO] RowSize = (1.522059, 9.000000)
[INFO] NumRows = 16
[INFO] MacroCount = 0
[INFO] NumModules = 91
[INFO] NumTerminals = 173
[INFO] Inserted Dummy Terms = 0
[PROC] Begin Generate Un-fragmented Rows ...
[INFO] CoreAreaLxLy = (27.000000, 36.000000)
[INFO] CoreAreaUxUy = (533.845581, 180.000000)
[INFO] RowSize = (1.522059, 9.000000)
[INFO] NumRows = 16
[PROC] End Generate Un-fragmented Rows
[PROC] Begin DEF Net Parsing ...
[INFO] NumNets = 174
[INFO] NumPins = 408
[PROC] End DEF Net Parsing
[PROC] LEF/DEF Parsing Success!
[INFO] AspectRatio = 0.284110
[INFO] RowMinXY = (27.000000, 36.000000)
[INFO] RowMaxXY = (533.845581, 180.000000)
[INFO] NumPlaceStdCells = 91
[INFO] NumPlaceMacros = 0
[INFO] RowSize = (1.522059, 9.000000)
[INFO] NumRows = 16
[INFO] GlobalAreaLxLy = (9.496324, 6.617647)
[INFO] GlobalAreaUxUy = (533.845581, 217.720581)
[INFO] PlaceAreaLxLy = (27.000000, 36.000000)
[INFO] PlaceAreaUxUy = (533.845581, 180.000000)
[INFO] TotalPlaceArea = 72985.765625
[INFO] TotalFixedArea = 2547.910156
[INFO] TotalWhiteSpaceArea = 70437.859375
[INFO] TotalPlaceMacrosArea = 0.000000
[INFO] TotalPlaceStdCellsArea = 30944.970703
[INFO] Util(%) = 42.398636
[INFO] 80pCellArea = 344.133728
[INFO] FillerInit: TotalFillerArea = 0.000000
[INFO] FillerInit: NumFillerCells = 0
[INFO] FillerInit: FillerCellArea = 344.133850
[INFO] FillerInit: FillerCellSize = (38.237095, 9.000000)
[INFO] FillerInit: NumCells = 91
[INFO] FillerInit: NumModules = 91
[INFO] FillerInit: NumFillers = 0
INFO:  D_MSH = 1024 
INFO:  MSH(X, Y) = (32, 32)
[INFO] TierInit: TierUtil = 0.423986
[INFO] TierInit: NumModules = 91
[INFO] TierInit: PlaceArea = 72985.765625
[INFO] TierInit: CoreSpacingArea = 0.000000
[INFO] TierInit: TerminalArea = 2547.910156
[INFO] TierInit: ModuleArea = 30944.970703
[INFO] TierInit: FillerArea = 0.000000
[INFO] TierInit: NumFillers = 0
[INFO] TierInit: FillerMinIdx = 91
[INFO] TierInit: FillerMaxIdx = 91
INFO:  dim_bin_cGP2D.(x,y) = (8, 8)
cell Init 2D:
tier->bin_stp: (63.3557 18)
tier->half_bin_stp: (31.6778 9)
PROC:  Start NESTEROV's Optimization
PROC:    Global Lagrangian Multiplier is Applied

ITER: 0
    HPWL=9771.622070
    OVFL=0.938536
    HPWL=(5823.400391, 3948.221680)
    POTN=2.395761E+05
    PHIC=1.466124E-09
    GRAD=1.920617E-02
    NuBT=0
    CPU =0.000000

ITER: 1
    HPWL=9771.574219
    OVFL=0.938535
    HPWL=(5823.378906, 3948.195068)
    POTN=2.395759E+05
    PHIC=1.539430E-09
    GRAD=2.627959E-02
    NuBT=1
    CPU =0.000112

ITER: 2
    HPWL=9771.349609
    OVFL=0.938536
    HPWL=(5823.279297, 3948.070312)
    POTN=2.395751E+05
    PHIC=1.616401E-09
    GRAD=2.627912E-02
    NuBT=1
    CPU =0.000059

ITER: 3
    HPWL=7115.411133
    OVFL=0.793708
    HPWL=(4599.023438, 2516.387451)
    POTN=1.990266E+05
    PHIC=1.697221E-09
    GRAD=1.105904E-02
    NuBT=2
    CPU =0.000097

ITER: 4
    HPWL=7298.769531
    OVFL=0.799769
    HPWL=(4766.030762, 2532.739014)
    POTN=1.971952E+05
    PHIC=1.782036E-09
    GRAD=2.631996E-02
    NuBT=4
    CPU =0.000189

ITER: 5
    HPWL=7009.842285
    OVFL=0.796386
    HPWL=(4494.813477, 2515.028809)
    POTN=1.987111E+05
    PHIC=1.871138E-09
    GRAD=2.069869E-02
    NuBT=1
    CPU =0.000058

ITER: 6
    HPWL=6809.887695
    OVFL=0.797820
    HPWL=(4296.119629, 2513.768066)
    POTN=2.062447E+05
    PHIC=1.964695E-09
    GRAD=1.837667E-02
    NuBT=1
    CPU =0.000057

ITER: 7
    HPWL=6562.749023
    OVFL=0.786183
    HPWL=(4050.466553, 2512.282715)
    POTN=2.015139E+05
    PHIC=2.062929E-09
    GRAD=1.685001E-02
    NuBT=1
    CPU =0.000056

ITER: 8
    HPWL=6547.336914
    OVFL=0.783596
    HPWL=(4035.946777, 2511.389893)
    POTN=1.998578E+05
    PHIC=2.166076E-09
    GRAD=1.787045E-02
    NuBT=1
    CPU =0.000057

ITER: 9
    HPWL=6544.288086
    OVFL=0.781045
    HPWL=(4034.099365, 2510.188721)
    POTN=1.983471E+05
    PHIC=2.274379E-09
    GRAD=1.810899E-02
    NuBT=1
    CPU =0.000070

ITER: 10
    HPWL=6544.560547
    OVFL=0.774838
    HPWL=(4036.540283, 2508.020264)
    POTN=1.944837E+05
    PHIC=2.388098E-09
    GRAD=1.834692E-02
    NuBT=1
    CPU =0.000084

ITER: 11
    HPWL=6547.115234
    OVFL=0.769168
    HPWL=(4040.832031, 2506.283203)
    POTN=1.914137E+05
    PHIC=2.507502E-09
    GRAD=1.893874E-02
    NuBT=2
    CPU =0.000111

ITER: 12
    HPWL=6547.520508
    OVFL=0.765578
    HPWL=(4042.700928, 2504.819580)
    POTN=1.893082E+05
    PHIC=2.632876E-09
    GRAD=1.949705E-02
    NuBT=2
    CPU =0.000095

ITER: 13
    HPWL=6548.553711
    OVFL=0.761882
    HPWL=(4045.107666, 2503.446289)
    POTN=1.868090E+05
    PHIC=2.764520E-09
    GRAD=1.985838E-02
    NuBT=2
    CPU =0.000122

ITER: 14
    HPWL=6547.171875
    OVFL=0.758897
    HPWL=(4044.790039, 2502.382080)
    POTN=1.850105E+05
    PHIC=2.902746E-09
    GRAD=2.023248E-02
    NuBT=2
    CPU =0.000114

ITER: 15
    HPWL=6547.723633
    OVFL=0.755737
    HPWL=(4046.678711, 2501.045166)
    POTN=1.828350E+05
    PHIC=3.047882E-09
    GRAD=2.054747E-02
    NuBT=1
    CPU =0.000117

ITER: 16
    HPWL=6545.916016
    OVFL=0.752439
    HPWL=(4045.975586, 2499.940674)
    POTN=1.813815E+05
    PHIC=3.200276E-09
    GRAD=2.088048E-02
    NuBT=2
    CPU =0.000168

ITER: 17
    HPWL=6545.321777
    OVFL=0.750946
    HPWL=(4046.409912, 2498.911865)
    POTN=1.786604E+05
    PHIC=3.360290E-09
    GRAD=2.123670E-02
    NuBT=1
    CPU =0.000077

ITER: 18
    HPWL=6545.280273
    OVFL=0.750441
    HPWL=(4047.506592, 2497.773926)
    POTN=1.765094E+05
    PHIC=3.528304E-09
    GRAD=2.140226E-02
    NuBT=1
    CPU =0.000059

ITER: 19
    HPWL=6545.908691
    OVFL=0.749851
    HPWL=(4049.215088, 2496.693604)
    POTN=1.740011E+05
    PHIC=3.704719E-09
    GRAD=2.145595E-02
    NuBT=1
    CPU =0.000086

ITER: 20
    HPWL=6545.573730
    OVFL=0.750472
    HPWL=(4049.834473, 2495.739258)
    POTN=1.724135E+05
    PHIC=3.889955E-09
    GRAD=2.151835E-02
    NuBT=1
    CPU =0.000092

ITER: 21
    HPWL=6543.789551
    OVFL=0.752989
    HPWL=(4049.003418, 2494.786133)
    POTN=1.703972E+05
    PHIC=4.084452E-09
    GRAD=2.145204E-02
    NuBT=1
    CPU =0.000101

ITER: 22
    HPWL=6541.874023
    OVFL=0.754551
    HPWL=(4048.138916, 2493.735352)
    POTN=1.690807E+05
    PHIC=4.288675E-09
    GRAD=2.117509E-02
    NuBT=1
    CPU =0.000102

ITER: 23
    HPWL=6540.278809
    OVFL=0.754265
    HPWL=(4047.417480, 2492.861328)
    POTN=1.672768E+05
    PHIC=4.503108E-09
    GRAD=2.100589E-02
    NuBT=1
    CPU =0.000099

ITER: 24
    HPWL=6540.425781
    OVFL=0.754730
    HPWL=(4048.404297, 2492.021240)
    POTN=1.661782E+05
    PHIC=4.728263E-09
    GRAD=2.103535E-02
    NuBT=1
    CPU =0.000068

ITER: 25
    HPWL=6541.468750
    OVFL=0.754477
    HPWL=(4050.440186, 2491.028564)
    POTN=1.645685E+05
    PHIC=4.964675E-09
    GRAD=2.098771E-02
    NuBT=1
    CPU =0.000091

ITER: 26
    HPWL=6541.085449
    OVFL=0.754976
    HPWL=(4050.888672, 2490.196777)
    POTN=1.637356E+05
    PHIC=5.212909E-09
    GRAD=2.101336E-02
    NuBT=1
    CPU =0.000120

ITER: 27
    HPWL=6539.159180
    OVFL=0.753971
    HPWL=(4049.673584, 2489.485596)
    POTN=1.619788E+05
    PHIC=5.473554E-09
    GRAD=2.095949E-02
    NuBT=1
    CPU =0.000062

ITER: 28
    HPWL=6537.479492
    OVFL=0.754373
    HPWL=(4048.748779, 2488.730957)
    POTN=1.606627E+05
    PHIC=5.747232E-09
    GRAD=2.106489E-02
    NuBT=1
    CPU =0.000056

ITER: 29
    HPWL=6537.428711
    OVFL=0.753309
    HPWL=(4049.323975, 2488.104492)
    POTN=1.589942E+05
    PHIC=6.034593E-09
    GRAD=2.102219E-02
    NuBT=1
    CPU =0.000056

ITER: 30
    HPWL=6538.917969
    OVFL=0.753156
    HPWL=(4050.326416, 2488.591309)
    POTN=1.581702E+05
    PHIC=6.336321E-09
    GRAD=2.113832E-02
    NuBT=1
    CPU =0.000056

ITER: 31
    HPWL=6540.190918
    OVFL=0.751957
    HPWL=(4050.614990, 2489.575928)
    POTN=1.567925E+05
    PHIC=6.653135E-09
    GRAD=2.115159E-02
    NuBT=1
    CPU =0.000056

ITER: 32
    HPWL=6540.402344
    OVFL=0.752514
    HPWL=(4050.013184, 2490.388916)
    POTN=1.559954E+05
    PHIC=6.985792E-09
    GRAD=2.128090E-02
    NuBT=1
    CPU =0.000056

ITER: 33
    HPWL=6540.364258
    OVFL=0.752809
    HPWL=(4049.311523, 2491.052490)
    POTN=1.547495E+05
    PHIC=7.335081E-09
    GRAD=2.122039E-02
    NuBT=1
    CPU =0.000056

ITER: 34
    HPWL=6540.879883
    OVFL=0.754199
    HPWL=(4049.257080, 2491.622803)
    POTN=1.541969E+05
    PHIC=7.701833E-09
    GRAD=2.118617E-02
    NuBT=1
    CPU =0.000063

ITER: 35
    HPWL=6541.778809
    OVFL=0.753838
    HPWL=(4049.841553, 2491.937256)
    POTN=1.532313E+05
    PHIC=8.086923E-09
    GRAD=2.103313E-02
    NuBT=1
    CPU =0.000057

ITER: 36
    HPWL=6541.559082
    OVFL=0.754906
    HPWL=(4049.516357, 2492.042725)
    POTN=1.528981E+05
    PHIC=8.491269E-09
    GRAD=2.107339E-02
    NuBT=1
    CPU =0.000055

ITER: 37
    HPWL=6541.253906
    OVFL=0.754201
    HPWL=(4049.196045, 2492.057617)
    POTN=1.516721E+05
    PHIC=8.915832E-09
    GRAD=2.095616E-02
    NuBT=1
    CPU =0.000056

ITER: 38
    HPWL=6540.822266
    OVFL=0.755072
    HPWL=(4048.803955, 2492.018555)
    POTN=1.510830E+05
    PHIC=9.361623E-09
    GRAD=2.103013E-02
    NuBT=1
    CPU =0.000055

ITER: 39
    HPWL=6540.800781
    OVFL=0.755905
    HPWL=(4048.899170, 2491.901855)
    POTN=1.502643E+05
    PHIC=9.829703E-09
    GRAD=2.093690E-02
    NuBT=1
    CPU =0.000056

ITER: 40
    HPWL=6540.437500
    OVFL=0.756960
    HPWL=(4048.764160, 2491.673096)
    POTN=1.501257E+05
    PHIC=1.032119E-08
    GRAD=2.084991E-02
    NuBT=1
    CPU =0.000056

ITER: 41
    HPWL=6539.629395
    OVFL=0.757585
    HPWL=(4048.312012, 2491.317383)
    POTN=1.494734E+05
    PHIC=1.083725E-08
    GRAD=2.073565E-02
    NuBT=1
    CPU =0.000056

ITER: 42
    HPWL=6538.789062
    OVFL=0.758007
    HPWL=(4047.858643, 2490.930420)
    POTN=1.491135E+05
    PHIC=1.137911E-08
    GRAD=2.067131E-02
    NuBT=1
    CPU =0.000094

ITER: 43
    HPWL=6538.229004
    OVFL=0.758147
    HPWL=(4047.675049, 2490.553955)
    POTN=1.484671E+05
    PHIC=1.194806E-08
    GRAD=2.062397E-02
    NuBT=1
    CPU =0.000061

ITER: 44
    HPWL=6537.762695
    OVFL=0.758419
    HPWL=(4047.628662, 2490.134277)
    POTN=1.482928E+05
    PHIC=1.254547E-08
    GRAD=2.060801E-02
    NuBT=1
    CPU =0.000085

ITER: 45
    HPWL=6537.224121
    OVFL=0.758489
    HPWL=(4047.511963, 2489.712158)
    POTN=1.478617E+05
    PHIC=1.317274E-08
    GRAD=2.057943E-02
    NuBT=1
    CPU =0.000078

ITER: 46
    HPWL=6536.244141
    OVFL=0.756679
    HPWL=(4046.868896, 2489.375244)
    POTN=1.475357E+05
    PHIC=1.383138E-08
    GRAD=2.057184E-02
    NuBT=1
    CPU =0.000078

ITER: 47
    HPWL=6535.375977
    OVFL=0.751996
    HPWL=(4046.304443, 2489.071533)
    POTN=1.465713E+05
    PHIC=1.452294E-08
    GRAD=2.076230E-02
    NuBT=1
    CPU =0.000078

ITER: 48
    HPWL=6531.135742
    OVFL=0.747342
    HPWL=(4042.302002, 2488.833984)
    POTN=1.457190E+05
    PHIC=1.524909E-08
    GRAD=2.126333E-02
    NuBT=2
    CPU =0.000116

ITER: 49
    HPWL=6528.999023
    OVFL=0.742943
    HPWL=(4040.258301, 2488.740723)
    POTN=1.446314E+05
    PHIC=1.601154E-08
    GRAD=2.177208E-02
    NuBT=1
    CPU =0.000078

ITER: 50
    HPWL=6529.159180
    OVFL=0.738441
    HPWL=(4040.381592, 2488.777832)
    POTN=1.438456E+05
    PHIC=1.681212E-08
    GRAD=2.226526E-02
    NuBT=1
    CPU =0.000081

ITER: 51
    HPWL=6528.683594
    OVFL=0.736329
    HPWL=(4039.811523, 2488.872070)
    POTN=1.430508E+05
    PHIC=1.765273E-08
    GRAD=2.278454E-02
    NuBT=2
    CPU =0.000117

ITER: 52
    HPWL=6528.821777
    OVFL=0.735235
    HPWL=(4039.792969, 2489.028809)
    POTN=1.425121E+05
    PHIC=1.853536E-08
    GRAD=2.302988E-02
    NuBT=1
    CPU =0.000078

ITER: 53
    HPWL=6530.553711
    OVFL=0.734535
    HPWL=(4041.333740, 2489.219971)
    POTN=1.419323E+05
    PHIC=1.946212E-08
    GRAD=2.316087E-02
    NuBT=2
    CPU =0.000127

ITER: 54
    HPWL=6530.552734
    OVFL=0.732444
    HPWL=(4041.199951, 2489.353027)
    POTN=1.413787E+05
    PHIC=2.043523E-08
    GRAD=2.324818E-02
    NuBT=2
    CPU =0.000120

ITER: 55
    HPWL=6530.167969
    OVFL=0.730042
    HPWL=(4040.634521, 2489.533447)
    POTN=1.405826E+05
    PHIC=2.145699E-08
    GRAD=2.349273E-02
    NuBT=2
    CPU =0.000117

ITER: 56
    HPWL=6529.919922
    OVFL=0.729273
    HPWL=(4040.232178, 2489.687988)
    POTN=1.399814E+05
    PHIC=2.252984E-08
    GRAD=2.378618E-02
    NuBT=2
    CPU =0.000118

ITER: 57
    HPWL=6530.626953
    OVFL=0.729737
    HPWL=(4040.793945, 2489.833008)
    POTN=1.393230E+05
    PHIC=2.365633E-08
    GRAD=2.387579E-02
    NuBT=1
    CPU =0.000078

ITER: 58
    HPWL=6530.620117
    OVFL=0.729777
    HPWL=(4040.629639, 2489.990723)
    POTN=1.388508E+05
    PHIC=2.483914E-08
    GRAD=2.381874E-02
    NuBT=2
    CPU =0.000114

ITER: 59
    HPWL=6531.466309
    OVFL=0.730165
    HPWL=(4041.375244, 2490.091064)
    POTN=1.382933E+05
    PHIC=2.608109E-08
    GRAD=2.381530E-02
    NuBT=1
    CPU =0.000079

ITER: 60
    HPWL=6530.535156
    OVFL=0.730124
    HPWL=(4040.360840, 2490.174316)
    POTN=1.379196E+05
    PHIC=2.738515E-08
    GRAD=2.376624E-02
    NuBT=2
    CPU =0.000119

ITER: 61
    HPWL=6529.917480
    OVFL=0.730497
    HPWL=(4039.656738, 2490.260742)
    POTN=1.374807E+05
    PHIC=2.875441E-08
    GRAD=2.376949E-02
    NuBT=1
    CPU =0.000077

ITER: 62
    HPWL=6529.856445
    OVFL=0.730429
    HPWL=(4039.533936, 2490.322510)
    POTN=1.371897E+05
    PHIC=3.019212E-08
    GRAD=2.372491E-02
    NuBT=1
    CPU =0.000079

ITER: 63
    HPWL=6529.714844
    OVFL=0.730747
    HPWL=(4039.354980, 2490.359619)
    POTN=1.368390E+05
    PHIC=3.170173E-08
    GRAD=2.373695E-02
    NuBT=1
    CPU =0.000093

ITER: 64
    HPWL=6529.163086
    OVFL=0.730655
    HPWL=(4038.792969, 2490.370117)
    POTN=1.366206E+05
    PHIC=3.328681E-08
    GRAD=2.369687E-02
    NuBT=1
    CPU =0.000082

ITER: 65
    HPWL=6528.445312
    OVFL=0.730884
    HPWL=(4038.066650, 2490.378418)
    POTN=1.363479E+05
    PHIC=3.495115E-08
    GRAD=2.371011E-02
    NuBT=1
    CPU =0.000078

ITER: 66
    HPWL=6527.842773
    OVFL=0.730802
    HPWL=(4037.498535, 2490.344482)
    POTN=1.361794E+05
    PHIC=3.669871E-08
    GRAD=2.367553E-02
    NuBT=1
    CPU =0.000078

ITER: 67
    HPWL=6527.479004
    OVFL=0.730961
    HPWL=(4037.122070, 2490.356934)
    POTN=1.359727E+05
    PHIC=3.853364E-08
    GRAD=2.368845E-02
    NuBT=1
    CPU =0.000078

ITER: 68
    HPWL=6527.024902
    OVFL=0.730858
    HPWL=(4036.699707, 2490.325195)
    POTN=1.358468E+05
    PHIC=4.046032E-08
    GRAD=2.366930E-02
    NuBT=1
    CPU =0.000079

ITER: 69
    HPWL=6526.697266
    OVFL=0.730964
    HPWL=(4036.383301, 2490.314209)
    POTN=1.356932E+05
    PHIC=4.248334E-08
    GRAD=2.368473E-02
    NuBT=1
    CPU =0.000079

ITER: 70
    HPWL=6526.065430
    OVFL=0.730847
    HPWL=(4035.817627, 2490.247559)
    POTN=1.355987E+05
    PHIC=4.460750E-08
    GRAD=2.366878E-02
    NuBT=1
    CPU =0.000078

ITER: 71
    HPWL=6525.615234
    OVFL=0.730858
    HPWL=(4035.364990, 2490.250488)
    POTN=1.354866E+05
    PHIC=4.683787E-08
    GRAD=2.368516E-02
    NuBT=1
    CPU =0.000079

ITER: 72
    HPWL=6525.193359
    OVFL=0.730773
    HPWL=(4034.973877, 2490.219238)
    POTN=1.354168E+05
    PHIC=4.917976E-08
    GRAD=2.368441E-02
    NuBT=1
    CPU =0.000077

ITER: 73
    HPWL=6524.717773
    OVFL=0.730637
    HPWL=(4034.531494, 2490.186523)
    POTN=1.353354E+05
    PHIC=5.163875E-08
    GRAD=2.369245E-02
    NuBT=2
    CPU =0.000115

ITER: 74
    HPWL=6524.183594
    OVFL=0.730525
    HPWL=(4034.037598, 2490.145752)
    POTN=1.352818E+05
    PHIC=5.422068E-08
    GRAD=2.370992E-02
    NuBT=2
    CPU =0.000118

ITER: 75
    HPWL=6523.974609
    OVFL=0.730475
    HPWL=(4033.847168, 2490.127686)
    POTN=1.352367E+05
    PHIC=5.693172E-08
    GRAD=2.372098E-02
    NuBT=2
    CPU =0.000125

ITER: 76
    HPWL=6523.855469
    OVFL=0.730521
    HPWL=(4033.755127, 2490.100342)
    POTN=1.352159E+05
    PHIC=5.977830E-08
    GRAD=2.372783E-02
    NuBT=1
    CPU =0.000080

ITER: 77
    HPWL=6523.842773
    OVFL=0.730621
    HPWL=(4033.768799, 2490.074219)
    POTN=1.352097E+05
    PHIC=6.276721E-08
    GRAD=2.372116E-02
    NuBT=1
    CPU =0.000081

ITER: 78
    HPWL=6524.102539
    OVFL=0.730710
    HPWL=(4033.996094, 2490.106201)
    POTN=1.352315E+05
    PHIC=6.590557E-08
    GRAD=2.371079E-02
    NuBT=1
    CPU =0.000077

ITER: 79
    HPWL=6524.177734
    OVFL=0.730776
    HPWL=(4034.141113, 2490.036621)
    POTN=1.352600E+05
    PHIC=6.920085E-08
    GRAD=2.369745E-02
    NuBT=2
    CPU =0.000116

ITER: 80
    HPWL=6524.350586
    OVFL=0.730704
    HPWL=(4034.320312, 2490.030029)
    POTN=1.352912E+05
    PHIC=7.266089E-08
    GRAD=2.368915E-02
    NuBT=2
    CPU =0.000116

ITER: 81
    HPWL=6524.475586
    OVFL=0.730825
    HPWL=(4034.474854, 2490.000732)
    POTN=1.353441E+05
    PHIC=7.629393E-08
    GRAD=2.369788E-02
    NuBT=2
    CPU =0.000117

ITER: 82
    HPWL=6524.623047
    OVFL=0.730639
    HPWL=(4034.640137, 2489.982910)
    POTN=1.353903E+05
    PHIC=8.010862E-08
    GRAD=2.368625E-02
    NuBT=2
    CPU =0.000115

ITER: 83
    HPWL=6524.741211
    OVFL=0.730787
    HPWL=(4034.781250, 2489.959961)
    POTN=1.354668E+05
    PHIC=8.411405E-08
    GRAD=2.370987E-02
    NuBT=2
    CPU =0.000116

ITER: 84
    HPWL=6524.979492
    OVFL=0.730524
    HPWL=(4035.062012, 2489.917480)
    POTN=1.355321E+05
    PHIC=8.831974E-08
    GRAD=2.368868E-02
    NuBT=1
    CPU =0.000078

ITER: 85
    HPWL=6525.116211
    OVFL=0.730692
    HPWL=(4035.198975, 2489.916992)
    POTN=1.356228E+05
    PHIC=9.273572E-08
    GRAD=2.372129E-02
    NuBT=1
    CPU =0.000090

ITER: 86
    HPWL=6525.200684
    OVFL=0.730382
    HPWL=(4035.263672, 2489.937012)
    POTN=1.356970E+05
    PHIC=9.737251E-08
    GRAD=2.369877E-02
    NuBT=1
    CPU =0.000085

ITER: 87
    HPWL=6525.209961
    OVFL=0.730539
    HPWL=(4035.362305, 2489.847900)
    POTN=1.357999E+05
    PHIC=1.022411E-07
    GRAD=2.373804E-02
    NuBT=1
    CPU =0.000082

ITER: 88
    HPWL=6525.316406
    OVFL=0.730228
    HPWL=(4035.463379, 2489.853271)
    POTN=1.358885E+05
    PHIC=1.073532E-07
    GRAD=2.372037E-02
    NuBT=1
    CPU =0.000080

ITER: 89
    HPWL=6525.470215
    OVFL=0.730344
    HPWL=(4035.710938, 2489.759277)
    POTN=1.359987E+05
    PHIC=1.127208E-07
    GRAD=2.375983E-02
    NuBT=1
    CPU =0.000078

ITER: 90
    HPWL=6525.551758
    OVFL=0.730009
    HPWL=(4035.799805, 2489.752197)
    POTN=1.360992E+05
    PHIC=1.183569E-07
    GRAD=2.374167E-02
    NuBT=1
    CPU =0.000078

ITER: 91
    HPWL=6525.678711
    OVFL=0.730131
    HPWL=(4035.920166, 2489.758301)
    POTN=1.362150E+05
    PHIC=1.242747E-07
    GRAD=2.378548E-02
    NuBT=1
    CPU =0.000079

ITER: 92
    HPWL=6525.726074
    OVFL=0.729777
    HPWL=(4035.968018, 2489.758057)
    POTN=1.363237E+05
    PHIC=1.304884E-07
    GRAD=2.376687E-02
    NuBT=1
    CPU =0.000079

ITER: 93
    HPWL=6525.760742
    OVFL=0.729873
    HPWL=(4036.040283, 2489.720215)
    POTN=1.364478E+05
    PHIC=1.370128E-07
    GRAD=2.381198E-02
    NuBT=1
    CPU =0.000080

ITER: 94
    HPWL=6525.905273
    OVFL=0.729522
    HPWL=(4036.179932, 2489.725342)
    POTN=1.365592E+05
    PHIC=1.438635E-07
    GRAD=2.379879E-02
    NuBT=1
    CPU =0.000079

ITER: 95
    HPWL=6526.009277
    OVFL=0.729594
    HPWL=(4036.280029, 2489.729248)
    POTN=1.366896E+05
    PHIC=1.510567E-07
    GRAD=2.384495E-02
    NuBT=1
    CPU =0.000079

ITER: 96
    HPWL=6526.034180
    OVFL=0.729216
    HPWL=(4036.282715, 2489.751465)
    POTN=1.367981E+05
    PHIC=1.586095E-07
    GRAD=2.383486E-02
    NuBT=1
    CPU =0.000079

ITER: 97
    HPWL=6526.151367
    OVFL=0.729282
    HPWL=(4036.428223, 2489.722900)
    POTN=1.369274E+05
    PHIC=1.665399E-07
    GRAD=2.387974E-02
    NuBT=1
    CPU =0.000089

ITER: 98
    HPWL=6526.202148
    OVFL=0.728919
    HPWL=(4036.442871, 2489.759521)
    POTN=1.370350E+05
    PHIC=1.748669E-07
    GRAD=2.387168E-02
    NuBT=1
    CPU =0.000083

ITER: 99
    HPWL=6526.165039
    OVFL=0.728935
    HPWL=(4036.430664, 2489.734131)
    POTN=1.371550E+05
    PHIC=1.836103E-07
    GRAD=2.391860E-02
    NuBT=1
    CPU =0.000082

ITER: 100
    HPWL=6526.094727
    OVFL=0.728596
    HPWL=(4036.344971, 2489.750000)
    POTN=1.372514E+05
    PHIC=1.927908E-07
    GRAD=2.391745E-02
    NuBT=1
    CPU =0.000079

ITER: 101
    HPWL=6526.048828
    OVFL=0.728571
    HPWL=(4036.317627, 2489.731201)
    POTN=1.373580E+05
    PHIC=2.024303E-07
    GRAD=2.395447E-02
    NuBT=1
    CPU =0.000080

ITER: 102
    HPWL=6526.056641
    OVFL=0.728231
    HPWL=(4036.278320, 2489.778564)
    POTN=1.374353E+05
    PHIC=2.125518E-07
    GRAD=2.396088E-02
    NuBT=1
    CPU =0.000081

ITER: 103
    HPWL=6526.038574
    OVFL=0.728161
    HPWL=(4036.264648, 2489.773926)
    POTN=1.375068E+05
    PHIC=2.231794E-07
    GRAD=2.400130E-02
    NuBT=1
    CPU =0.000081

ITER: 104
    HPWL=6525.851562
    OVFL=0.727803
    HPWL=(4036.092773, 2489.759033)
    POTN=1.375354E+05
    PHIC=2.343384E-07
    GRAD=2.401045E-02
    NuBT=1
    CPU =0.000078

ITER: 105
    HPWL=6525.816406
    OVFL=0.727660
    HPWL=(4036.039307, 2489.777100)
    POTN=1.375520E+05
    PHIC=2.460553E-07
    GRAD=2.405582E-02
    NuBT=1
    CPU =0.000079

ITER: 106
    HPWL=6525.657227
    OVFL=0.726820
    HPWL=(4035.919189, 2489.738037)
    POTN=1.374420E+05
    PHIC=2.583581E-07
    GRAD=2.406561E-02
    NuBT=1
    CPU =0.000077

ITER: 107
    HPWL=6525.196289
    OVFL=0.726472
    HPWL=(4035.459229, 2489.737061)
    POTN=1.373110E+05
    PHIC=2.712760E-07
    GRAD=2.417561E-02
    NuBT=2
    CPU =0.000119

ITER: 108
    HPWL=6524.925781
    OVFL=0.726131
    HPWL=(4035.213623, 2489.712158)
    POTN=1.371457E+05
    PHIC=2.848397E-07
    GRAD=2.421639E-02
    NuBT=1
    CPU =0.000081

ITER: 109
    HPWL=6525.173828
    OVFL=0.725874
    HPWL=(4035.470459, 2489.703125)
    POTN=1.369665E+05
    PHIC=2.990817E-07
    GRAD=2.425929E-02
    NuBT=2
    CPU =0.000132

ITER: 110
    HPWL=6525.077148
    OVFL=0.725401
    HPWL=(4035.441162, 2489.635986)
    POTN=1.367594E+05
    PHIC=3.140358E-07
    GRAD=2.428735E-02
    NuBT=2
    CPU =0.000120

ITER: 111
    HPWL=6524.850586
    OVFL=0.725022
    HPWL=(4035.220703, 2489.629883)
    POTN=1.365422E+05
    PHIC=3.297376E-07
    GRAD=2.435342E-02
    NuBT=2
    CPU =0.000117

ITER: 112
    HPWL=6525.008789
    OVFL=0.724466
    HPWL=(4035.420166, 2489.588623)
    POTN=1.362978E+05
    PHIC=3.462244E-07
    GRAD=2.439844E-02
    NuBT=1
    CPU =0.000080

ITER: 113
    HPWL=6524.770508
    OVFL=0.724001
    HPWL=(4035.196533, 2489.573975)
    POTN=1.360393E+05
    PHIC=3.635356E-07
    GRAD=2.446633E-02
    NuBT=2
    CPU =0.000116

ITER: 114
    HPWL=6524.751953
    OVFL=0.723351
    HPWL=(4035.256104, 2489.496094)
    POTN=1.357550E+05
    PHIC=3.817124E-07
    GRAD=2.452382E-02
    NuBT=1
    CPU =0.000079

ITER: 115
    HPWL=6524.545410
    OVFL=0.722791
    HPWL=(4035.061035, 2489.484375)
    POTN=1.354552E+05
    PHIC=4.007980E-07
    GRAD=2.460661E-02
    NuBT=2
    CPU =0.000117

ITER: 116
    HPWL=6524.491211
    OVFL=0.722052
    HPWL=(4035.049805, 2489.441406)
    POTN=1.351277E+05
    PHIC=4.208379E-07
    GRAD=2.467458E-02
    NuBT=1
    CPU =0.000078

ITER: 117
    HPWL=6524.322754
    OVFL=0.721400
    HPWL=(4034.928467, 2489.394287)
    POTN=1.347809E+05
    PHIC=4.418798E-07
    GRAD=2.477006E-02
    NuBT=2
    CPU =0.000118

ITER: 118
    HPWL=6524.440430
    OVFL=0.720552
    HPWL=(4035.084717, 2489.355713)
    POTN=1.344017E+05
    PHIC=4.639737E-07
    GRAD=2.484934E-02
    NuBT=1
    CPU =0.000077

ITER: 119
    HPWL=6524.291016
    OVFL=0.719825
    HPWL=(4034.973877, 2489.317383)
    POTN=1.340060E+05
    PHIC=4.871724E-07
    GRAD=2.496020E-02
    NuBT=2
    CPU =0.000127

ITER: 120
    HPWL=6524.454590
    OVFL=0.718860
    HPWL=(4035.166260, 2489.288330)
    POTN=1.335751E+05
    PHIC=5.115310E-07
    GRAD=2.504901E-02
    NuBT=1
    CPU =0.000077

ITER: 121
    HPWL=6524.326172
    OVFL=0.718036
    HPWL=(4035.061035, 2489.265381)
    POTN=1.331281E+05
    PHIC=5.371075E-07
    GRAD=2.517224E-02
    NuBT=2
    CPU =0.000117

ITER: 122
    HPWL=6524.619141
    OVFL=0.716959
    HPWL=(4035.385254, 2489.233887)
    POTN=1.326438E+05
    PHIC=5.639628E-07
    GRAD=2.528363E-02
    NuBT=1
    CPU =0.000081

ITER: 123
    HPWL=6524.559570
    OVFL=0.716122
    HPWL=(4035.339600, 2489.220215)
    POTN=1.321471E+05
    PHIC=5.921609E-07
    GRAD=2.542019E-02
    NuBT=2
    CPU =0.000120

ITER: 124
    HPWL=6524.880859
    OVFL=0.714980
    HPWL=(4035.685791, 2489.194824)
    POTN=1.316109E+05
    PHIC=6.217689E-07
    GRAD=2.553143E-02
    NuBT=1
    CPU =0.000079

ITER: 125
    HPWL=6524.900391
    OVFL=0.714006
    HPWL=(4035.733154, 2489.167480)
    POTN=1.310537E+05
    PHIC=6.528574E-07
    GRAD=2.567708E-02
    NuBT=2
    CPU =0.000121

ITER: 126
    HPWL=6525.139648
    OVFL=0.712653
    HPWL=(4036.057617, 2489.082031)
    POTN=1.304530E+05
    PHIC=6.855002E-07
    GRAD=2.580787E-02
    NuBT=1
    CPU =0.000079

ITER: 127
    HPWL=6525.055176
    OVFL=0.712378
    HPWL=(4035.958740, 2489.096436)
    POTN=1.298465E+05
    PHIC=7.197752E-07
    GRAD=2.598058E-02
    NuBT=2
    CPU =0.000116

ITER: 128
    HPWL=6525.312988
    OVFL=0.711999
    HPWL=(4036.288086, 2489.024902)
    POTN=1.291988E+05
    PHIC=7.557639E-07
    GRAD=2.602302E-02
    NuBT=1
    CPU =0.000077

ITER: 129
    HPWL=6525.849609
    OVFL=0.711997
    HPWL=(4036.808350, 2489.041260)
    POTN=1.285407E+05
    PHIC=7.935520E-07
    GRAD=2.607004E-02
    NuBT=2
    CPU =0.000137

ITER: 130
    HPWL=6526.302734
    OVFL=0.711687
    HPWL=(4037.317871, 2488.985107)
    POTN=1.278410E+05
    PHIC=8.332294E-07
    GRAD=2.606996E-02
    NuBT=2
    CPU =0.000114

ITER: 131
    HPWL=6526.458008
    OVFL=0.711890
    HPWL=(4037.521240, 2488.937012)
    POTN=1.271410E+05
    PHIC=8.748909E-07
    GRAD=2.611388E-02
    NuBT=2
    CPU =0.000162

ITER: 132
    HPWL=6527.352539
    OVFL=0.711649
    HPWL=(4038.403320, 2488.949219)
    POTN=1.263923E+05
    PHIC=9.186353E-07
    GRAD=2.608778E-02
    NuBT=1
    CPU =0.000109

ITER: 133
    HPWL=6527.773438
    OVFL=0.712064
    HPWL=(4038.862793, 2488.910400)
    POTN=1.256495E+05
    PHIC=9.645669E-07
    GRAD=2.611786E-02
    NuBT=1
    CPU =0.000106

ITER: 134
    HPWL=6527.834473
    OVFL=0.711922
    HPWL=(4038.933350, 2488.901123)
    POTN=1.248637E+05
    PHIC=1.012795E-06
    GRAD=2.606404E-02
    NuBT=1
    CPU =0.000110

ITER: 135
    HPWL=6527.454102
    OVFL=0.712505
    HPWL=(4038.562012, 2488.891846)
    POTN=1.240879E+05
    PHIC=1.063435E-06
    GRAD=2.608120E-02
    NuBT=1
    CPU =0.000097

ITER: 136
    HPWL=6527.779785
    OVFL=0.712467
    HPWL=(4038.922363, 2488.857422)
    POTN=1.232596E+05
    PHIC=1.116607E-06
    GRAD=2.600132E-02
    NuBT=1
    CPU =0.000111

ITER: 137
    HPWL=6528.106934
    OVFL=0.713181
    HPWL=(4039.275146, 2488.831787)
    POTN=1.224429E+05
    PHIC=1.172437E-06
    GRAD=2.600455E-02
    NuBT=1
    CPU =0.000118

ITER: 138
    HPWL=6528.820801
    OVFL=0.713110
    HPWL=(4039.982178, 2488.838623)
    POTN=1.215607E+05
    PHIC=1.231058E-06
    GRAD=2.591475E-02
    NuBT=1
    CPU =0.000065

ITER: 139
    HPWL=6528.659180
    OVFL=0.713893
    HPWL=(4039.849854, 2488.809082)
    POTN=1.206953E+05
    PHIC=1.292611E-06
    GRAD=2.592454E-02
    NuBT=1
    CPU =0.000057

ITER: 140
    HPWL=6528.984863
    OVFL=0.713797
    HPWL=(4040.180908, 2488.803955)
    POTN=1.197713E+05
    PHIC=1.357242E-06
    GRAD=2.581825E-02
    NuBT=1
    CPU =0.000056

ITER: 141
    HPWL=6528.936035
    OVFL=0.714595
    HPWL=(4040.163086, 2488.772949)
    POTN=1.188716E+05
    PHIC=1.425104E-06
    GRAD=2.583314E-02
    NuBT=1
    CPU =0.000056

ITER: 142
    HPWL=6529.742188
    OVFL=0.714418
    HPWL=(4040.997070, 2488.745117)
    POTN=1.179116E+05
    PHIC=1.496359E-06
    GRAD=2.572666E-02
    NuBT=1
    CPU =0.000055

ITER: 143
    HPWL=6529.895508
    OVFL=0.715137
    HPWL=(4041.128418, 2488.766846)
    POTN=1.169833E+05
    PHIC=1.571177E-06
    GRAD=2.575111E-02
    NuBT=1
    CPU =0.000056

ITER: 144
    HPWL=6530.533691
    OVFL=0.714764
    HPWL=(4041.825195, 2488.708496)
    POTN=1.159730E+05
    PHIC=1.649735E-06
    GRAD=2.565472E-02
    NuBT=1
    CPU =0.000083

ITER: 145
    HPWL=6530.295898
    OVFL=0.715341
    HPWL=(4041.626465, 2488.669678)
    POTN=1.149711E+05
    PHIC=1.732222E-06
    GRAD=2.570367E-02
    NuBT=1
    CPU =0.000078

ITER: 146
    HPWL=6530.888672
    OVFL=0.714680
    HPWL=(4042.261963, 2488.626953)
    POTN=1.138864E+05
    PHIC=1.818833E-06
    GRAD=2.562878E-02
    NuBT=1
    CPU =0.000077

ITER: 147
    HPWL=6530.947266
    OVFL=0.714985
    HPWL=(4042.335693, 2488.611816)
    POTN=1.128214E+05
    PHIC=1.909774E-06
    GRAD=2.571739E-02
    NuBT=1
    CPU =0.000078

ITER: 148
    HPWL=6531.729492
    OVFL=0.713904
    HPWL=(4043.177002, 2488.552490)
    POTN=1.116723E+05
    PHIC=2.005263E-06
    GRAD=2.567721E-02
    NuBT=1
    CPU =0.000078

ITER: 149
    HPWL=6530.246094
    OVFL=0.713967
    HPWL=(4041.795654, 2488.450684)
    POTN=1.106698E+05
    PHIC=2.105526E-06
    GRAD=2.581735E-02
    NuBT=2
    CPU =0.000116

ITER: 150
    HPWL=6530.187988
    OVFL=0.712593
    HPWL=(4041.776123, 2488.411865)
    POTN=1.096567E+05
    PHIC=2.210802E-06
    GRAD=2.580865E-02
    NuBT=1
    CPU =0.000077

ITER: 151
    HPWL=6530.220703
    OVFL=0.712177
    HPWL=(4041.937012, 2488.283691)
    POTN=1.087400E+05
    PHIC=2.321342E-06
    GRAD=2.599376E-02
    NuBT=1
    CPU =0.000089

ITER: 152
    HPWL=6530.523438
    OVFL=0.710362
    HPWL=(4042.344482, 2488.179199)
    POTN=1.078119E+05
    PHIC=2.437409E-06
    GRAD=2.604712E-02
    NuBT=1
    CPU =0.000078

ITER: 153
    HPWL=6529.393555
    OVFL=0.709467
    HPWL=(4041.353760, 2488.039795)
    POTN=1.069650E+05
    PHIC=2.559279E-06
    GRAD=2.628818E-02
    NuBT=1
    CPU =0.000078

ITER: 154
    HPWL=6528.856445
    OVFL=0.707118
    HPWL=(4040.925537, 2487.930664)
    POTN=1.060939E+05
    PHIC=2.687243E-06
    GRAD=2.640909E-02
    NuBT=1
    CPU =0.000084

ITER: 155
    HPWL=6527.128418
    OVFL=0.707070
    HPWL=(4039.312012, 2487.816406)
    POTN=1.052997E+05
    PHIC=2.821605E-06
    GRAD=2.672537E-02
    NuBT=2
    CPU =0.000121

ITER: 156
    HPWL=6527.502930
    OVFL=0.706195
    HPWL=(4039.858398, 2487.644775)
    POTN=1.044956E+05
    PHIC=2.962685E-06
    GRAD=2.673116E-02
    NuBT=1
    CPU =0.000078

ITER: 157
    HPWL=6526.763672
    OVFL=0.706275
    HPWL=(4039.233154, 2487.530273)
    POTN=1.037628E+05
    PHIC=3.110820E-06
    GRAD=2.684887E-02
    NuBT=2
    CPU =0.000116

ITER: 158
    HPWL=6527.835449
    OVFL=0.705248
    HPWL=(4040.484863, 2487.350586)
    POTN=1.030145E+05
    PHIC=3.266360E-06
    GRAD=2.683935E-02
    NuBT=2
    CPU =0.000116

ITER: 159
    HPWL=6526.833984
    OVFL=0.705741
    HPWL=(4039.601562, 2487.232666)
    POTN=1.023279E+05
    PHIC=3.429678E-06
    GRAD=2.698016E-02
    NuBT=2
    CPU =0.000116

ITER: 160
    HPWL=6528.740723
    OVFL=0.704614
    HPWL=(4041.640137, 2487.100586)
    POTN=1.016138E+05
    PHIC=3.601161E-06
    GRAD=2.690935E-02
    NuBT=1
    CPU =0.000078

ITER: 161
    HPWL=6528.816406
    OVFL=0.705289
    HPWL=(4041.879883, 2486.936279)
    POTN=1.009553E+05
    PHIC=3.781219E-06
    GRAD=2.706888E-02
    NuBT=1
    CPU =0.000091

ITER: 162
    HPWL=6530.135742
    OVFL=0.704073
    HPWL=(4043.313477, 2486.822266)
    POTN=1.002660E+05
    PHIC=3.970278E-06
    GRAD=2.697714E-02
    NuBT=1
    CPU =0.000076

ITER: 163
    HPWL=6529.115234
    OVFL=0.704801
    HPWL=(4042.486572, 2486.628662)
    POTN=9.963109E+04
    PHIC=4.168792E-06
    GRAD=2.714309E-02
    NuBT=1
    CPU =0.000078

ITER: 164
    HPWL=6530.388672
    OVFL=0.703612
    HPWL=(4043.976562, 2486.411865)
    POTN=9.895431E+04
    PHIC=4.377230E-06
    GRAD=2.703812E-02
    NuBT=1
    CPU =0.000078

ITER: 165
    HPWL=6529.884766
    OVFL=0.704254
    HPWL=(4043.680908, 2486.203613)
    POTN=9.832048E+04
    PHIC=4.596091E-06
    GRAD=2.720319E-02
    NuBT=1
    CPU =0.000079

ITER: 166
    HPWL=6531.558105
    OVFL=0.702841
    HPWL=(4045.558105, 2486.000000)
    POTN=9.763063E+04
    PHIC=4.825895E-06
    GRAD=2.711829E-02
    NuBT=1
    CPU =0.000080

ITER: 167
    HPWL=6530.956055
    OVFL=0.703478
    HPWL=(4045.206055, 2485.749756)
    POTN=9.698119E+04
    PHIC=5.067189E-06
    GRAD=2.731189E-02
    NuBT=1
    CPU =0.000080

ITER: 168
    HPWL=6532.358398
    OVFL=0.701984
    HPWL=(4046.840332, 2485.518311)
    POTN=9.627059E+04
    PHIC=5.320547E-06
    GRAD=2.722103E-02
    NuBT=1
    CPU =0.000080

ITER: 169
    HPWL=6531.872559
    OVFL=0.702621
    HPWL=(4046.598877, 2485.273682)
    POTN=9.559384E+04
    PHIC=5.586574E-06
    GRAD=2.742975E-02
    NuBT=1
    CPU =0.000077

ITER: 170
    HPWL=6533.931641
    OVFL=0.700935
    HPWL=(4048.908936, 2485.022461)
    POTN=9.484697E+04
    PHIC=5.865901E-06
    GRAD=2.734354E-02
    NuBT=1
    CPU =0.000083

ITER: 171
    HPWL=6534.186035
    OVFL=0.701627
    HPWL=(4049.493652, 2484.692383)
    POTN=9.413694E+04
    PHIC=6.159195E-06
    GRAD=2.758272E-02
    NuBT=1
    CPU =0.000078

ITER: 172
    HPWL=6536.441406
    OVFL=0.699764
    HPWL=(4052.057861, 2484.383789)
    POTN=9.335575E+04
    PHIC=6.467153E-06
    GRAD=2.748558E-02
    NuBT=1
    CPU =0.000076

ITER: 173
    HPWL=6536.781250
    OVFL=0.698128
    HPWL=(4052.763428, 2484.018066)
    POTN=9.233090E+04
    PHIC=6.790510E-06
    GRAD=2.774644E-02
    NuBT=1
    CPU =0.000081

ITER: 174
    HPWL=6539.404785
    OVFL=0.685036
    HPWL=(4055.750732, 2483.654053)
    POTN=9.003623E+04
    PHIC=7.130032E-06
    GRAD=2.798245E-02
    NuBT=1
    CPU =0.000090

ITER: 175
    HPWL=6532.401367
    OVFL=0.674863
    HPWL=(4049.155273, 2483.245850)
    POTN=8.762154E+04
    PHIC=7.486534E-06
    GRAD=2.990360E-02
    NuBT=2
    CPU =0.000116

ITER: 176
    HPWL=6532.341309
    OVFL=0.669530
    HPWL=(4049.463623, 2482.877686)
    POTN=8.507728E+04
    PHIC=7.860860E-06
    GRAD=3.149503E-02
    NuBT=1
    CPU =0.000081

ITER: 177
    HPWL=6532.915527
    OVFL=0.663450
    HPWL=(4050.405762, 2482.509766)
    POTN=8.241511E+04
    PHIC=8.253902E-06
    GRAD=3.236343E-02
    NuBT=1
    CPU =0.000082

ITER: 178
    HPWL=6533.885742
    OVFL=0.656329
    HPWL=(4051.849365, 2482.036621)
    POTN=7.941893E+04
    PHIC=8.666596E-06
    GRAD=3.338308E-02
    NuBT=1
    CPU =0.000081

ITER: 179
    HPWL=6534.328125
    OVFL=0.648319
    HPWL=(4053.000244, 2481.328125)
    POTN=7.641029E+04
    PHIC=9.099925E-06
    GRAD=3.461305E-02
    NuBT=2
    CPU =0.000117

ITER: 180
    HPWL=6539.308105
    OVFL=0.646830
    HPWL=(4058.337402, 2480.970703)
    POTN=7.354870E+04
    PHIC=9.554914E-06
    GRAD=3.606264E-02
    NuBT=2
    CPU =0.000116

ITER: 181
    HPWL=6545.441895
    OVFL=0.645715
    HPWL=(4064.547363, 2480.894531)
    POTN=7.091154E+04
    PHIC=1.003265E-05
    GRAD=3.636062E-02
    NuBT=1
    CPU =0.000078

ITER: 182
    HPWL=6546.435547
    OVFL=0.646176
    HPWL=(4066.568359, 2479.866943)
    POTN=6.842895E+04
    PHIC=1.053428E-05
    GRAD=3.656148E-02
    NuBT=2
    CPU =0.000115

ITER: 183
    HPWL=6548.828125
    OVFL=0.644867
    HPWL=(4069.446533, 2479.381592)
    POTN=6.611785E+04
    PHIC=1.106099E-05
    GRAD=3.649002E-02
    NuBT=2
    CPU =0.000116

ITER: 184
    HPWL=6554.081543
    OVFL=0.647452
    HPWL=(4075.205811, 2478.875732)
    POTN=6.379086E+04
    PHIC=1.161403E-05
    GRAD=3.673906E-02
    NuBT=2
    CPU =0.000122

ITER: 185
    HPWL=6554.183594
    OVFL=0.647347
    HPWL=(4075.736328, 2478.447266)
    POTN=6.186059E+04
    PHIC=1.219473E-05
    GRAD=3.625147E-02
    NuBT=2
    CPU =0.000117

ITER: 186
    HPWL=6561.507324
    OVFL=0.648342
    HPWL=(4083.183838, 2478.323486)
    POTN=6.008555E+04
    PHIC=1.280445E-05
    GRAD=3.628000E-02
    NuBT=1
    CPU =0.000076

ITER: 187
    HPWL=6562.956543
    OVFL=0.649425
    HPWL=(4085.222168, 2477.734375)
    POTN=5.856932E+04
    PHIC=1.344467E-05
    GRAD=3.610264E-02
    NuBT=1
    CPU =0.000075

ITER: 188
    HPWL=6568.512207
    OVFL=0.650688
    HPWL=(4090.885498, 2477.626709)
    POTN=5.710764E+04
    PHIC=1.411689E-05
    GRAD=3.589514E-02
    NuBT=1
    CPU =0.000077

ITER: 189
    HPWL=6567.021484
    OVFL=0.650315
    HPWL=(4089.616943, 2477.404785)
    POTN=5.586609E+04
    PHIC=1.482274E-05
    GRAD=3.565033E-02
    NuBT=1
    CPU =0.000076

ITER: 190
    HPWL=6572.522461
    OVFL=0.650245
    HPWL=(4095.282227, 2477.240234)
    POTN=5.469171E+04
    PHIC=1.556386E-05
    GRAD=3.571717E-02
    NuBT=1
    CPU =0.000076

ITER: 191
    HPWL=6572.151367
    OVFL=0.648791
    HPWL=(4095.117432, 2477.034180)
    POTN=5.368463E+04
    PHIC=1.634206E-05
    GRAD=3.573418E-02
    NuBT=1
    CPU =0.000088

ITER: 192
    HPWL=6579.379395
    OVFL=0.648266
    HPWL=(4102.653320, 2476.726074)
    POTN=5.269998E+04
    PHIC=1.715914E-05
    GRAD=3.600158E-02
    NuBT=1
    CPU =0.000098

ITER: 193
    HPWL=6576.775391
    OVFL=0.644751
    HPWL=(4100.371582, 2476.404053)
    POTN=5.184914E+04
    PHIC=1.801710E-05
    GRAD=3.609882E-02
    NuBT=1
    CPU =0.000096

ITER: 194
    HPWL=6583.718262
    OVFL=0.643287
    HPWL=(4107.670898, 2476.047363)
    POTN=5.099973E+04
    PHIC=1.891793E-05
    GRAD=3.675061E-02
    NuBT=1
    CPU =0.000096

ITER: 195
    HPWL=6579.998047
    OVFL=0.630385
    HPWL=(4104.393555, 2475.604736)
    POTN=4.908059E+04
    PHIC=1.986383E-05
    GRAD=3.703369E-02
    NuBT=1
    CPU =0.000113

ITER: 196
    HPWL=6580.339844
    OVFL=0.616607
    HPWL=(4105.187500, 2475.152100)
    POTN=4.642270E+04
    PHIC=2.085702E-05
    GRAD=3.952081E-02
    NuBT=2
    CPU =0.000161

ITER: 197
    HPWL=6573.395508
    OVFL=0.605926
    HPWL=(4099.038086, 2474.357666)
    POTN=4.368788E+04
    PHIC=2.189987E-05
    GRAD=4.238387E-02
    NuBT=1
    CPU =0.000089

ITER: 198
    HPWL=6577.515625
    OVFL=0.598165
    HPWL=(4103.025391, 2474.490234)
    POTN=4.116512E+04
    PHIC=2.299485E-05
    GRAD=4.475012E-02
    NuBT=1
    CPU =0.000083

ITER: 199
    HPWL=6575.945312
    OVFL=0.591999
    HPWL=(4102.346191, 2473.599365)
    POTN=3.893043E+04
    PHIC=2.414459E-05
    GRAD=4.656912E-02
    NuBT=1
    CPU =0.000083

ITER: 200
    HPWL=6582.258301
    OVFL=0.593030
    HPWL=(4108.590332, 2473.667969)
    POTN=3.704038E+04
    PHIC=2.535179E-05
    GRAD=4.805297E-02
    NuBT=2
    CPU =0.000125

ITER: 201
    HPWL=6580.704590
    OVFL=0.591186
    HPWL=(4106.919434, 2473.785156)
    POTN=3.538118E+04
    PHIC=2.661938E-05
    GRAD=4.781587E-02
    NuBT=2
    CPU =0.000119

ITER: 202
    HPWL=6587.149414
    OVFL=0.592214
    HPWL=(4112.956055, 2474.193604)
    POTN=3.381089E+04
    PHIC=2.795032E-05
    GRAD=4.826467E-02
    NuBT=2
    CPU =0.000121

ITER: 203
    HPWL=6582.541016
    OVFL=0.590357
    HPWL=(4107.529297, 2475.011963)
    POTN=3.253794E+04
    PHIC=2.934784E-05
    GRAD=4.800684E-02
    NuBT=2
    CPU =0.000118

ITER: 204
    HPWL=6590.247070
    OVFL=0.591020
    HPWL=(4113.758301, 2476.489014)
    POTN=3.145608E+04
    PHIC=3.081519E-05
    GRAD=4.844750E-02
    NuBT=2
    CPU =0.000138

ITER: 205
    HPWL=6585.848633
    OVFL=0.588893
    HPWL=(4107.876465, 2477.971924)
    POTN=3.062897E+04
    PHIC=3.235595E-05
    GRAD=4.827318E-02
    NuBT=2
    CPU =0.000120

ITER: 206
    HPWL=6595.893555
    OVFL=0.588706
    HPWL=(4115.287598, 2480.605713)
    POTN=2.998063E+04
    PHIC=3.397370E-05
    GRAD=4.879134E-02
    NuBT=1
    CPU =0.000080

ITER: 207
    HPWL=6594.273438
    OVFL=0.587950
    HPWL=(4110.726562, 2483.546631)
    POTN=2.952458E+04
    PHIC=3.567239E-05
    GRAD=4.883177E-02
    NuBT=1
    CPU =0.000084

ITER: 208
    HPWL=6603.831543
    OVFL=0.589400
    HPWL=(4116.442383, 2487.389160)
    POTN=2.919343E+04
    PHIC=3.745595E-05
    GRAD=4.900869E-02
    NuBT=1
    CPU =0.000081

ITER: 209
    HPWL=6603.650391
    OVFL=0.589628
    HPWL=(4112.751465, 2490.898682)
    POTN=2.898176E+04
    PHIC=3.932875E-05
    GRAD=4.864104E-02
    NuBT=1
    CPU =0.000084

ITER: 210
    HPWL=6611.013672
    OVFL=0.592526
    HPWL=(4118.097656, 2492.915771)
    POTN=2.885812E+04
    PHIC=4.129514E-05
    GRAD=4.857173E-02
    NuBT=1
    CPU =0.000081

ITER: 211
    HPWL=6610.587891
    OVFL=0.594931
    HPWL=(4116.322266, 2494.265381)
    POTN=2.881806E+04
    PHIC=4.335990E-05
    GRAD=4.785638E-02
    NuBT=2
    CPU =0.000136

ITER: 212
    HPWL=6615.148438
    OVFL=0.597453
    HPWL=(4119.075195, 2496.073242)
    POTN=2.881359E+04
    PHIC=4.552786E-05
    GRAD=4.727206E-02
    NuBT=1
    CPU =0.000081

ITER: 213
    HPWL=6614.552734
    OVFL=0.599485
    HPWL=(4119.657227, 2494.895264)
    POTN=2.887027E+04
    PHIC=4.780425E-05
    GRAD=4.666650E-02
    NuBT=1
    CPU =0.000093

ITER: 214
    HPWL=6615.719727
    OVFL=0.601417
    HPWL=(4121.655273, 2494.064453)
    POTN=2.896166E+04
    PHIC=5.019446E-05
    GRAD=4.618243E-02
    NuBT=1
    CPU =0.000093

ITER: 215
    HPWL=6614.945312
    OVFL=0.602767
    HPWL=(4122.726562, 2492.218750)
    POTN=2.910848E+04
    PHIC=5.270418E-05
    GRAD=4.572933E-02
    NuBT=1
    CPU =0.000083

ITER: 216
    HPWL=6614.769043
    OVFL=0.604011
    HPWL=(4125.652832, 2489.116211)
    POTN=2.926557E+04
    PHIC=5.533938E-05
    GRAD=4.540700E-02
    NuBT=1
    CPU =0.000081

ITER: 217
    HPWL=6611.291016
    OVFL=0.604254
    HPWL=(4125.587891, 2485.703369)
    POTN=2.942205E+04
    PHIC=5.810635E-05
    GRAD=4.512592E-02
    NuBT=2
    CPU =0.000123

ITER: 218
    HPWL=6612.606445
    OVFL=0.603990
    HPWL=(4128.566895, 2484.039551)
    POTN=2.947021E+04
    PHIC=6.101165E-05
    GRAD=4.506689E-02
    NuBT=1
    CPU =0.000079

ITER: 219
    HPWL=6607.928223
    OVFL=0.599953
    HPWL=(4126.392578, 2481.535645)
    POTN=2.941207E+04
    PHIC=6.406223E-05
    GRAD=4.512793E-02
    NuBT=1
    CPU =0.000080

ITER: 220
    HPWL=6606.708008
    OVFL=0.592343
    HPWL=(4126.663086, 2480.044678)
    POTN=2.926248E+04
    PHIC=6.726534E-05
    GRAD=4.604798E-02
    NuBT=2
    CPU =0.000120

ITER: 221
    HPWL=6599.466309
    OVFL=0.581090
    HPWL=(4121.501465, 2477.964844)
    POTN=2.910323E+04
    PHIC=7.062860E-05
    GRAD=4.784344E-02
    NuBT=2
    CPU =0.000120

ITER: 222
    HPWL=6594.927734
    OVFL=0.570123
    HPWL=(4117.103027, 2477.824951)
    POTN=2.885756E+04
    PHIC=7.416003E-05
    GRAD=5.063300E-02
    NuBT=2
    CPU =0.000123

ITER: 223
    HPWL=6593.645508
    OVFL=0.560885
    HPWL=(4114.434570, 2479.210938)
    POTN=2.867763E+04
    PHIC=7.786803E-05
    GRAD=5.351361E-02
    NuBT=2
    CPU =0.000121

ITER: 224
    HPWL=6591.747559
    OVFL=0.555848
    HPWL=(4111.700195, 2480.047363)
    POTN=2.855930E+04
    PHIC=8.176142E-05
    GRAD=5.606883E-02
    NuBT=1
    CPU =0.000091

ITER: 225
    HPWL=6592.510742
    OVFL=0.554202
    HPWL=(4110.036621, 2482.473877)
    POTN=2.847119E+04
    PHIC=8.584947E-05
    GRAD=5.750741E-02
    NuBT=1
    CPU =0.000084

ITER: 226
    HPWL=6595.277344
    OVFL=0.552706
    HPWL=(4110.479004, 2484.798340)
    POTN=2.835617E+04
    PHIC=9.014191E-05
    GRAD=5.797219E-02
    NuBT=1
    CPU =0.000080

ITER: 227
    HPWL=6602.775391
    OVFL=0.550220
    HPWL=(4111.679688, 2491.095947)
    POTN=2.812613E+04
    PHIC=9.464891E-05
    GRAD=5.839913E-02
    NuBT=1
    CPU =0.000083

ITER: 228
    HPWL=6613.795898
    OVFL=0.547565
    HPWL=(4112.553223, 2501.242676)
    POTN=2.795929E+04
    PHIC=9.938119E-05
    GRAD=5.911642E-02
    NuBT=2
    CPU =0.000120

ITER: 229
    HPWL=6617.523926
    OVFL=0.546311
    HPWL=(4108.761230, 2508.762695)
    POTN=2.781352E+04
    PHIC=1.043502E-04
    GRAD=5.990803E-02
    NuBT=2
    CPU =0.000119

ITER: 230
    HPWL=6630.250977
    OVFL=0.546553
    HPWL=(4117.524902, 2512.726318)
    POTN=2.761155E+04
    PHIC=1.095675E-04
    GRAD=6.026526E-02
    NuBT=2
    CPU =0.000120

ITER: 231
    HPWL=6628.318359
    OVFL=0.546088
    HPWL=(4110.267578, 2518.050537)
    POTN=2.747913E+04
    PHIC=1.150459E-04
    GRAD=6.018720E-02
    NuBT=2
    CPU =0.000121

ITER: 232
    HPWL=6641.319336
    OVFL=0.544563
    HPWL=(4119.235352, 2522.083984)
    POTN=2.715849E+04
    PHIC=1.207979E-04
    GRAD=6.029508E-02
    NuBT=1
    CPU =0.000084

ITER: 233
    HPWL=6634.716309
    OVFL=0.542054
    HPWL=(4111.936035, 2522.780273)
    POTN=2.685457E+04
    PHIC=1.268378E-04
    GRAD=6.076274E-02
    NuBT=1
    CPU =0.000084

ITER: 234
    HPWL=6641.636719
    OVFL=0.541440
    HPWL=(4121.936035, 2519.700684)
    POTN=2.627069E+04
    PHIC=1.331796E-04
    GRAD=6.150763E-02
    NuBT=1
    CPU =0.000091

ITER: 235
    HPWL=6631.613281
    OVFL=0.537539
    HPWL=(4113.875488, 2517.738037)
    POTN=2.552741E+04
    PHIC=1.398386E-04
    GRAD=6.170256E-02
    NuBT=1
    CPU =0.000083

ITER: 236
    HPWL=6646.431152
    OVFL=0.526678
    HPWL=(4126.041016, 2520.390137)
    POTN=2.408811E+04
    PHIC=1.468302E-04
    GRAD=6.291327E-02
    NuBT=1
    CPU =0.000082

ITER: 237
    HPWL=6641.248535
    OVFL=0.512410
    HPWL=(4115.417969, 2525.830566)
    POTN=2.259111E+04
    PHIC=1.541717E-04
    GRAD=6.643987E-02
    NuBT=2
    CPU =0.000125

ITER: 238
    HPWL=6653.677734
    OVFL=0.502935
    HPWL=(4122.504395, 2531.173096)
    POTN=2.076361E+04
    PHIC=1.618800E-04
    GRAD=7.132260E-02
    NuBT=2
    CPU =0.000126

ITER: 239
    HPWL=6652.784180
    OVFL=0.501501
    HPWL=(4115.897949, 2536.886475)
    POTN=1.914974E+04
    PHIC=1.699740E-04
    GRAD=7.483566E-02
    NuBT=1
    CPU =0.000082

ITER: 240
    HPWL=6676.386719
    OVFL=0.500874
    HPWL=(4134.278809, 2542.107666)
    POTN=1.745537E+04
    PHIC=1.784721E-04
    GRAD=7.538614E-02
    NuBT=2
    CPU =0.000119

ITER: 241
    HPWL=6681.144043
    OVFL=0.498978
    HPWL=(4137.104980, 2544.039062)
    POTN=1.617322E+04
    PHIC=1.873955E-04
    GRAD=7.562690E-02
    NuBT=2
    CPU =0.000123

ITER: 242
    HPWL=6697.873047
    OVFL=0.492470
    HPWL=(4153.053223, 2544.819580)
    POTN=1.469696E+04
    PHIC=1.967648E-04
    GRAD=7.627288E-02
    NuBT=2
    CPU =0.000123

ITER: 243
    HPWL=6699.003418
    OVFL=0.480789
    HPWL=(4154.493652, 2544.509766)
    POTN=1.349842E+04
    PHIC=2.066030E-04
    GRAD=7.880239E-02
    NuBT=1
    CPU =0.000086

ITER: 244
    HPWL=6706.311523
    OVFL=0.469654
    HPWL=(4163.835938, 2542.475830)
    POTN=1.205469E+04
    PHIC=2.169330E-04
    GRAD=8.337310E-02
    NuBT=2
    CPU =0.000133

ITER: 245
    HPWL=6707.692383
    OVFL=0.465249
    HPWL=(4163.186523, 2544.506104)
    POTN=1.107801E+04
    PHIC=2.277796E-04
    GRAD=8.810578E-02
    NuBT=1
    CPU =0.000086

ITER: 246
    HPWL=6725.434570
    OVFL=0.465797
    HPWL=(4177.401367, 2548.032959)
    POTN=1.019086E+04
    PHIC=2.391679E-04
    GRAD=9.003080E-02
    NuBT=1
    CPU =0.000084

ITER: 247
    HPWL=6728.203613
    OVFL=0.470723
    HPWL=(4175.771973, 2552.431641)
    POTN=9.713871E+03
    PHIC=2.511262E-04
    GRAD=8.971372E-02
    NuBT=2
    CPU =0.000122

ITER: 248
    HPWL=6738.823242
    OVFL=0.472675
    HPWL=(4184.893066, 2553.930420)
    POTN=9.258744E+03
    PHIC=2.636822E-04
    GRAD=8.745253E-02
    NuBT=1
    CPU =0.000081

ITER: 249
    HPWL=6736.383789
    OVFL=0.469115
    HPWL=(4185.199707, 2551.184082)
    POTN=8.950072E+03
    PHIC=2.768663E-04
    GRAD=8.648832E-02
    NuBT=1
    CPU =0.000083

ITER: 250
    HPWL=6736.265137
    OVFL=0.463552
    HPWL=(4187.139648, 2549.125488)
    POTN=8.610185E+03
    PHIC=2.907095E-04
    GRAD=8.791356E-02
    NuBT=1
    CPU =0.000085

ITER: 251
    HPWL=6738.019531
    OVFL=0.454684
    HPWL=(4187.104980, 2550.914551)
    POTN=8.368798E+03
    PHIC=3.052449E-04
    GRAD=9.030608E-02
    NuBT=1
    CPU =0.000082

ITER: 252
    HPWL=6733.513672
    OVFL=0.447372
    HPWL=(4179.218750, 2554.294678)
    POTN=8.163210E+03
    PHIC=3.205072E-04
    GRAD=9.421530E-02
    NuBT=2
    CPU =0.000119

ITER: 253
    HPWL=6728.689453
    OVFL=0.440742
    HPWL=(4173.916992, 2554.772217)
    POTN=7.987999E+03
    PHIC=3.365325E-04
    GRAD=9.758768E-02
    NuBT=1
    CPU =0.000083

ITER: 254
    HPWL=6723.961914
    OVFL=0.435442
    HPWL=(4169.785156, 2554.177002)
    POTN=7.881212E+03
    PHIC=3.533591E-04
    GRAD=1.007064E-01
    NuBT=2
    CPU =0.000137

ITER: 255
    HPWL=6722.395508
    OVFL=0.427493
    HPWL=(4169.591797, 2552.803955)
    POTN=7.778857E+03
    PHIC=3.710271E-04
    GRAD=1.032653E-01
    NuBT=2
    CPU =0.000124

ITER: 256
    HPWL=6712.962402
    OVFL=0.422058
    HPWL=(4160.567383, 2552.395020)
    POTN=7.702594E+03
    PHIC=3.895784E-04
    GRAD=1.072186E-01
    NuBT=2
    CPU =0.000120

ITER: 257
    HPWL=6709.300781
    OVFL=0.421415
    HPWL=(4158.304688, 2550.996094)
    POTN=7.674506E+03
    PHIC=4.090573E-04
    GRAD=1.099984E-01
    NuBT=1
    CPU =0.000083

ITER: 258
    HPWL=6704.375000
    OVFL=0.422104
    HPWL=(4156.898926, 2547.475830)
    POTN=7.644845E+03
    PHIC=4.295101E-04
    GRAD=1.102076E-01
    NuBT=1
    CPU =0.000082

ITER: 259
    HPWL=6704.465820
    OVFL=0.422955
    HPWL=(4159.005371, 2545.460449)
    POTN=7.599467E+03
    PHIC=4.509856E-04
    GRAD=1.096359E-01
    NuBT=2
    CPU =0.000124

ITER: 260
    HPWL=6698.523438
    OVFL=0.423008
    HPWL=(4154.086426, 2544.436768)
    POTN=7.499320E+03
    PHIC=4.735349E-04
    GRAD=1.089944E-01
    NuBT=1
    CPU =0.000082

ITER: 261
    HPWL=6706.235840
    OVFL=0.420871
    HPWL=(4160.616211, 2545.619629)
    POTN=7.296869E+03
    PHIC=4.972111E-04
    GRAD=1.087613E-01
    NuBT=1
    CPU =0.000084

ITER: 262
    HPWL=6705.170410
    OVFL=0.419299
    HPWL=(4156.098145, 2549.072266)
    POTN=7.064826E+03
    PHIC=5.220716E-04
    GRAD=1.097062E-01
    NuBT=1
    CPU =0.000083

ITER: 263
    HPWL=6718.671875
    OVFL=0.412584
    HPWL=(4168.004883, 2550.667236)
    POTN=6.725242E+03
    PHIC=5.481741E-04
    GRAD=1.103403E-01
    NuBT=1
    CPU =0.000085

ITER: 264
    HPWL=6709.660156
    OVFL=0.402771
    HPWL=(4157.218262, 2552.441895)
    POTN=6.359646E+03
    PHIC=5.755828E-04
    GRAD=1.137808E-01
    NuBT=2
    CPU =0.000128

ITER: 265
    HPWL=6712.702637
    OVFL=0.395254
    HPWL=(4159.529297, 2553.173340)
    POTN=5.964659E+03
    PHIC=6.043616E-04
    GRAD=1.190756E-01
    NuBT=2
    CPU =0.000121

ITER: 266
    HPWL=6702.103027
    OVFL=0.391731
    HPWL=(4148.898926, 2553.204102)
    POTN=5.683217E+03
    PHIC=6.345797E-04
    GRAD=1.232339E-01
    NuBT=1
    CPU =0.000082

ITER: 267
    HPWL=6711.224121
    OVFL=0.389325
    HPWL=(4157.550781, 2553.673340)
    POTN=5.437669E+03
    PHIC=6.663078E-04
    GRAD=1.250645E-01
    NuBT=1
    CPU =0.000086

ITER: 268
    HPWL=6701.261719
    OVFL=0.388891
    HPWL=(4149.270996, 2551.990723)
    POTN=5.274878E+03
    PHIC=6.996232E-04
    GRAD=1.261946E-01
    NuBT=2
    CPU =0.000122

ITER: 269
    HPWL=6708.818359
    OVFL=0.389884
    HPWL=(4159.005371, 2549.813232)
    POTN=5.107122E+03
    PHIC=7.346036E-04
    GRAD=1.261107E-01
    NuBT=1
    CPU =0.000083

ITER: 270
    HPWL=6702.228027
    OVFL=0.391169
    HPWL=(4153.801758, 2548.426270)
    POTN=4.978103E+03
    PHIC=7.713337E-04
    GRAD=1.251478E-01
    NuBT=2
    CPU =0.000121

ITER: 271
    HPWL=6712.749023
    OVFL=0.389617
    HPWL=(4167.999512, 2544.749268)
    POTN=4.785849E+03
    PHIC=8.098991E-04
    GRAD=1.239784E-01
    NuBT=1
    CPU =0.000081

ITER: 272
    HPWL=6709.581055
    OVFL=0.388506
    HPWL=(4165.366699, 2544.214111)
    POTN=4.578249E+03
    PHIC=8.503940E-04
    GRAD=1.245490E-01
    NuBT=1
    CPU =0.000088

ITER: 273
    HPWL=6722.210449
    OVFL=0.383566
    HPWL=(4182.393066, 2539.817383)
    POTN=4.304952E+03
    PHIC=8.929120E-04
    GRAD=1.248343E-01
    NuBT=1
    CPU =0.000083

ITER: 274
    HPWL=6716.457031
    OVFL=0.378833
    HPWL=(4175.747559, 2540.709229)
    POTN=4.062481E+03
    PHIC=9.375576E-04
    GRAD=1.274082E-01
    NuBT=2
    CPU =0.000129

ITER: 275
    HPWL=6727.832031
    OVFL=0.378420
    HPWL=(4188.753418, 2539.078857)
    POTN=3.779058E+03
    PHIC=9.844339E-04
    GRAD=1.298764E-01
    NuBT=1
    CPU =0.000083

ITER: 276
    HPWL=6728.917969
    OVFL=0.377937
    HPWL=(4182.105469, 2546.812256)
    POTN=3.545149E+03
    PHIC=1.033655E-03
    GRAD=1.296952E-01
    NuBT=1
    CPU =0.000085

ITER: 277
    HPWL=6739.355469
    OVFL=0.376139
    HPWL=(4194.098145, 2545.257324)
    POTN=3.281329E+03
    PHIC=1.085337E-03
    GRAD=1.294873E-01
    NuBT=2
    CPU =0.000121

ITER: 278
    HPWL=6735.451172
    OVFL=0.374856
    HPWL=(4183.496582, 2551.954590)
    POTN=3.088643E+03
    PHIC=1.139603E-03
    GRAD=1.301018E-01
    NuBT=2
    CPU =0.000120

ITER: 279
    HPWL=6753.572266
    OVFL=0.372483
    HPWL=(4195.420410, 2558.151855)
    POTN=2.864458E+03
    PHIC=1.196580E-03
    GRAD=1.303100E-01
    NuBT=1
    CPU =0.000083

ITER: 280
    HPWL=6750.781250
    OVFL=0.371401
    HPWL=(4187.566895, 2563.214111)
    POTN=2.708250E+03
    PHIC=1.256409E-03
    GRAD=1.312413E-01
    NuBT=1
    CPU =0.000082

ITER: 281
    HPWL=6761.540039
    OVFL=0.368606
    HPWL=(4199.118164, 2562.422119)
    POTN=2.515566E+03
    PHIC=1.319228E-03
    GRAD=1.312372E-01
    NuBT=1
    CPU =0.000082

ITER: 282
    HPWL=6756.172852
    OVFL=0.365404
    HPWL=(4190.763184, 2565.409912)
    POTN=2.373601E+03
    PHIC=1.385189E-03
    GRAD=1.323493E-01
    NuBT=1
    CPU =0.000080

ITER: 283
    HPWL=6759.260254
    OVFL=0.360675
    HPWL=(4197.437988, 2561.822266)
    POTN=2.214352E+03
    PHIC=1.454448E-03
    GRAD=1.336189E-01
    NuBT=1
    CPU =0.000080

ITER: 284
    HPWL=6752.217773
    OVFL=0.359385
    HPWL=(4190.460938, 2561.757080)
    POTN=2.074874E+03
    PHIC=1.527170E-03
    GRAD=1.359137E-01
    NuBT=1
    CPU =0.000079

ITER: 285
    HPWL=6760.892578
    OVFL=0.356816
    HPWL=(4199.163574, 2561.729248)
    POTN=1.941707E+03
    PHIC=1.603527E-03
    GRAD=1.359098E-01
    NuBT=1
    CPU =0.000091

ITER: 286
    HPWL=6758.689453
    OVFL=0.354657
    HPWL=(4194.461426, 2564.228027)
    POTN=1.832292E+03
    PHIC=1.683703E-03
    GRAD=1.367332E-01
    NuBT=1
    CPU =0.000085

ITER: 287
    HPWL=6767.030273
    OVFL=0.351079
    HPWL=(4204.790039, 2562.240234)
    POTN=1.727124E+03
    PHIC=1.767886E-03
    GRAD=1.372707E-01
    NuBT=2
    CPU =0.000123

ITER: 288
    HPWL=6765.877930
    OVFL=0.346388
    HPWL=(4198.996094, 2566.881836)
    POTN=1.633141E+03
    PHIC=1.856280E-03
    GRAD=1.387060E-01
    NuBT=2
    CPU =0.000119

ITER: 289
    HPWL=6776.073242
    OVFL=0.339405
    HPWL=(4204.285156, 2571.788330)
    POTN=1.543510E+03
    PHIC=1.949091E-03
    GRAD=1.408386E-01
    NuBT=2
    CPU =0.000121

ITER: 290
    HPWL=6782.982422
    OVFL=0.333419
    HPWL=(4203.193359, 2579.789062)
    POTN=1.477790E+03
    PHIC=2.046543E-03
    GRAD=1.445441E-01
    NuBT=2
    CPU =0.000123

ITER: 291
    HPWL=6796.763184
    OVFL=0.327920
    HPWL=(4208.343262, 2588.419922)
    POTN=1.433103E+03
    PHIC=2.148866E-03
    GRAD=1.475430E-01
    NuBT=1
    CPU =0.000082

ITER: 292
    HPWL=6806.098145
    OVFL=0.324020
    HPWL=(4210.532715, 2595.565430)
    POTN=1.398306E+03
    PHIC=2.256307E-03
    GRAD=1.502711E-01
    NuBT=2
    CPU =0.000123

ITER: 293
    HPWL=6814.161133
    OVFL=0.321566
    HPWL=(4213.411133, 2600.750244)
    POTN=1.353658E+03
    PHIC=2.369119E-03
    GRAD=1.517892E-01
    NuBT=1
    CPU =0.000081

ITER: 294
    HPWL=6819.088867
    OVFL=0.321899
    HPWL=(4213.485352, 2605.603760)
    POTN=1.309641E+03
    PHIC=2.487573E-03
    GRAD=1.522839E-01
    NuBT=1
    CPU =0.000092

ITER: 295
    HPWL=6820.223633
    OVFL=0.320069
    HPWL=(4214.065918, 2606.157715)
    POTN=1.237300E+03
    PHIC=2.611952E-03
    GRAD=1.507403E-01
    NuBT=2
    CPU =0.000124

ITER: 296
    HPWL=6820.894531
    OVFL=0.316776
    HPWL=(4212.756836, 2608.137939)
    POTN=1.163939E+03
    PHIC=2.742549E-03
    GRAD=1.507207E-01
    NuBT=1
    CPU =0.000082

ITER: 297
    HPWL=6819.501953
    OVFL=0.313705
    HPWL=(4213.166504, 2606.335205)
    POTN=1.077305E+03
    PHIC=2.879676E-03
    GRAD=1.515359E-01
    NuBT=2
    CPU =0.000121

ITER: 298
    HPWL=6820.030273
    OVFL=0.312085
    HPWL=(4214.751465, 2605.279053)
    POTN=1.008011E+03
    PHIC=3.023659E-03
    GRAD=1.521518E-01
    NuBT=1
    CPU =0.000081

ITER: 299
    HPWL=6818.035645
    OVFL=0.310604
    HPWL=(4214.470215, 2603.565430)
    POTN=9.328367E+02
    PHIC=3.174842E-03
    GRAD=1.518061E-01
    NuBT=1
    CPU =0.000083

ITER: 300
    HPWL=6825.721680
    OVFL=0.308638
    HPWL=(4219.140137, 2606.581787)
    POTN=8.857680E+02
    PHIC=3.333580E-03
    GRAD=1.513089E-01
    NuBT=1
    CPU =0.000082

ITER: 301
    HPWL=6834.309570
    OVFL=0.305142
    HPWL=(4222.695312, 2611.614502)
    POTN=8.193085E+02
    PHIC=3.500255E-03
    GRAD=1.509056E-01
    NuBT=1
    CPU =0.000083

ITER: 302
    HPWL=6840.353516
    OVFL=0.302009
    HPWL=(4224.488281, 2615.865234)
    POTN=7.729910E+02
    PHIC=3.675264E-03
    GRAD=1.516003E-01
    NuBT=1
    CPU =0.000079

ITER: 303
    HPWL=6843.138672
    OVFL=0.295900
    HPWL=(4224.823730, 2618.314697)
    POTN=7.176922E+02
    PHIC=3.859026E-03
    GRAD=1.519070E-01
    NuBT=1
    CPU =0.000082

ITER: 304
    HPWL=6845.474609
    OVFL=0.293787
    HPWL=(4222.130859, 2623.343750)
    POTN=6.900564E+02
    PHIC=4.051975E-03
    GRAD=1.541940E-01
    NuBT=1
    CPU =0.000082

ITER: 305
    HPWL=6844.911621
    OVFL=0.292987
    HPWL=(4218.962402, 2625.949219)
    POTN=6.578754E+02
    PHIC=4.254574E-03
    GRAD=1.535599E-01
    NuBT=1
    CPU =0.000083

ITER: 306
    HPWL=6849.812500
    OVFL=0.290661
    HPWL=(4214.403809, 2635.408447)
    POTN=6.361581E+02
    PHIC=4.467299E-03
    GRAD=1.520658E-01
    NuBT=1
    CPU =0.000094

ITER: 307
    HPWL=6871.173340
    OVFL=0.283208
    HPWL=(4219.639648, 2651.533691)
    POTN=5.770049E+02
    PHIC=4.690649E-03
    GRAD=1.515670E-01
    NuBT=1
    CPU =0.000084

ITER: 308
    HPWL=6888.315918
    OVFL=0.275787
    HPWL=(4220.482910, 2667.833008)
    POTN=5.358229E+02
    PHIC=4.925170E-03
    GRAD=1.542881E-01
    NuBT=2
    CPU =0.000120

ITER: 309
    HPWL=6900.562500
    OVFL=0.264031
    HPWL=(4219.813477, 2680.749023)
    POTN=4.629862E+02
    PHIC=5.171420E-03
    GRAD=1.571687E-01
    NuBT=1
    CPU =0.000082

ITER: 310
    HPWL=6910.110840
    OVFL=0.254095
    HPWL=(4216.702637, 2693.408203)
    POTN=4.229485E+02
    PHIC=5.429983E-03
    GRAD=1.627477E-01
    NuBT=2
    CPU =0.000121

ITER: 311
    HPWL=6913.271484
    OVFL=0.246155
    HPWL=(4214.752441, 2698.519287)
    POTN=3.884765E+02
    PHIC=5.701480E-03
    GRAD=1.671582E-01
    NuBT=1
    CPU =0.000083

ITER: 312
    HPWL=6912.102539
    OVFL=0.244839
    HPWL=(4208.858398, 2703.244385)
    POTN=3.811815E+02
    PHIC=5.986553E-03
    GRAD=1.701911E-01
    NuBT=1
    CPU =0.000084

ITER: 313
    HPWL=6917.527344
    OVFL=0.241466
    HPWL=(4209.970215, 2707.556885)
    POTN=3.610863E+02
    PHIC=6.285876E-03
    GRAD=1.682982E-01
    NuBT=2
    CPU =0.000122

ITER: 314
    HPWL=6918.469727
    OVFL=0.241174
    HPWL=(4209.294434, 2709.175049)
    POTN=3.634556E+02
    PHIC=6.600168E-03
    GRAD=1.676989E-01
    NuBT=1
    CPU =0.000083

ITER: 315
    HPWL=6916.374512
    OVFL=0.234962
    HPWL=(4209.992188, 2706.382324)
    POTN=3.468718E+02
    PHIC=6.930176E-03
    GRAD=1.648700E-01
    NuBT=2
    CPU =0.000125

ITER: 316
    HPWL=6920.936523
    OVFL=0.229169
    HPWL=(4211.178223, 2709.758301)
    POTN=3.437985E+02
    PHIC=7.276680E-03
    GRAD=1.661166E-01
    NuBT=1
    CPU =0.000094

ITER: 317
    HPWL=6931.377441
    OVFL=0.223873
    HPWL=(4213.943848, 2717.433594)
    POTN=3.292179E+02
    PHIC=7.640502E-03
    GRAD=1.669188E-01
    NuBT=1
    CPU =0.000084

ITER: 318
    HPWL=6931.605957
    OVFL=0.220589
    HPWL=(4213.291016, 2718.314941)
    POTN=3.228765E+02
    PHIC=8.022527E-03
    GRAD=1.671505E-01
    NuBT=1
    CPU =0.000081

ITER: 319
    HPWL=6933.525879
    OVFL=0.218679
    HPWL=(4213.454102, 2720.071777)
    POTN=3.016327E+02
    PHIC=8.423652E-03
    GRAD=1.660228E-01
    NuBT=1
    CPU =0.000083

ITER: 320
    HPWL=6935.523438
    OVFL=0.218480
    HPWL=(4211.301758, 2724.221924)
    POTN=2.930287E+02
    PHIC=8.844832E-03
    GRAD=1.636077E-01
    NuBT=1
    CPU =0.000084

ITER: 321
    HPWL=6940.092773
    OVFL=0.215956
    HPWL=(4211.907227, 2728.185303)
    POTN=2.650214E+02
    PHIC=9.287067E-03
    GRAD=1.604825E-01
    NuBT=1
    CPU =0.000083

ITER: 322
    HPWL=6943.782715
    OVFL=0.214135
    HPWL=(4213.601562, 2730.181152)
    POTN=2.527204E+02
    PHIC=9.751414E-03
    GRAD=1.584361E-01
    NuBT=1
    CPU =0.000082

ITER: 323
    HPWL=6946.775391
    OVFL=0.209928
    HPWL=(4216.743164, 2730.032471)
    POTN=2.286297E+02
    PHIC=1.023898E-02
    GRAD=1.560747E-01
    NuBT=1
    CPU =0.000083

ITER: 324
    HPWL=6952.156250
    OVFL=0.207473
    HPWL=(4217.337402, 2734.818604)
    POTN=2.238147E+02
    PHIC=1.075092E-02
    GRAD=1.548049E-01
    NuBT=1
    CPU =0.000081

ITER: 325
    HPWL=6966.501953
    OVFL=0.202772
    HPWL=(4221.265625, 2745.236572)
    POTN=2.073259E+02
    PHIC=1.128844E-02
    GRAD=1.529118E-01
    NuBT=1
    CPU =0.000082

ITER: 326
    HPWL=6966.653320
    OVFL=0.201393
    HPWL=(4222.282227, 2744.370850)
    POTN=2.042706E+02
    PHIC=1.185286E-02
    GRAD=1.518672E-01
    NuBT=1
    CPU =0.000080

ITER: 327
    HPWL=6970.951172
    OVFL=0.197186
    HPWL=(4223.932129, 2747.018799)
    POTN=1.918853E+02
    PHIC=1.244550E-02
    GRAD=1.490682E-01
    NuBT=2
    CPU =0.000133

ITER: 328
    HPWL=6972.539062
    OVFL=0.197209
    HPWL=(4226.049316, 2746.489746)
    POTN=1.907347E+02
    PHIC=1.306777E-02
    GRAD=1.476759E-01
    NuBT=1
    CPU =0.000082

ITER: 329
    HPWL=6973.368164
    OVFL=0.195319
    HPWL=(4225.251465, 2748.116943)
    POTN=1.787182E+02
    PHIC=1.372116E-02
    GRAD=1.439532E-01
    NuBT=2
    CPU =0.000122

ITER: 330
    HPWL=6974.923828
    OVFL=0.196040
    HPWL=(4224.770508, 2750.153320)
    POTN=1.773853E+02
    PHIC=1.440721E-02
    GRAD=1.411097E-01
    NuBT=1
    CPU =0.000083

ITER: 331
    HPWL=6984.187500
    OVFL=0.196318
    HPWL=(4227.679688, 2756.508057)
    POTN=1.699068E+02
    PHIC=1.512755E-02
    GRAD=1.371387E-01
    NuBT=2
    CPU =0.000120

ITER: 332
    HPWL=6989.324219
    OVFL=0.195665
    HPWL=(4229.156738, 2760.167480)
    POTN=1.695946E+02
    PHIC=1.588392E-02
    GRAD=1.333341E-01
    NuBT=1
    CPU =0.000084

ITER: 333
    HPWL=7003.927734
    OVFL=0.193853
    HPWL=(4231.296875, 2772.630859)
    POTN=1.608192E+02
    PHIC=1.667808E-02
    GRAD=1.300254E-01
    NuBT=1
    CPU =0.000082

ITER: 334
    HPWL=7005.648438
    OVFL=0.194192
    HPWL=(4231.507324, 2774.141113)
    POTN=1.575555E+02
    PHIC=1.751198E-02
    GRAD=1.272438E-01
    NuBT=1
    CPU =0.000082

ITER: 335
    HPWL=7020.306641
    OVFL=0.186439
    HPWL=(4230.919922, 2789.386963)
    POTN=1.403017E+02
    PHIC=1.838754E-02
    GRAD=1.234479E-01
    NuBT=2
    CPU =0.000124

ITER: 336
    HPWL=7034.846191
    OVFL=0.176187
    HPWL=(4227.394531, 2807.451660)
    POTN=1.339191E+02
    PHIC=1.930687E-02
    GRAD=1.228376E-01
    NuBT=1
    CPU =0.000081

ITER: 337
    HPWL=7048.700684
    OVFL=0.163082
    HPWL=(4224.276855, 2824.423828)
    POTN=1.159076E+02
    PHIC=2.027217E-02
    GRAD=1.237013E-01
    NuBT=2
    CPU =0.000130

ITER: 338
    HPWL=7051.660645
    OVFL=0.163470
    HPWL=(4220.837402, 2830.823242)
    POTN=1.194916E+02
    PHIC=2.128577E-02
    GRAD=1.250337E-01
    NuBT=1
    CPU =0.000084

ITER: 339
    HPWL=7054.133789
    OVFL=0.157997
    HPWL=(4220.115234, 2834.018311)
    POTN=1.052478E+02
    PHIC=2.235005E-02
    GRAD=1.211530E-01
    NuBT=2
    CPU =0.000120

ITER: 340
    HPWL=7058.572266
    OVFL=0.158751
    HPWL=(4223.243164, 2835.329102)
    POTN=1.086785E+02
    PHIC=2.346754E-02
    GRAD=1.192675E-01
    NuBT=1
    CPU =0.000080

ITER: 341
    HPWL=7049.885254
    OVFL=0.157163
    HPWL=(4223.529297, 2826.355957)
    POTN=1.027871E+02
    PHIC=2.464091E-02
    GRAD=1.155138E-01
    NuBT=1
    CPU =0.000085

ITER: 342
    HPWL=7056.284180
    OVFL=0.159247
    HPWL=(4230.040039, 2826.244141)
    POTN=1.038284E+02
    PHIC=2.587293E-02
    GRAD=1.120431E-01
    NuBT=1
    CPU =0.000081

ITER: 343
    HPWL=7062.601562
    OVFL=0.156329
    HPWL=(4232.388672, 2830.212646)
    POTN=9.328845E+01
    PHIC=2.716655E-02
    GRAD=1.076803E-01
    NuBT=1
    CPU =0.000081

ITER: 344
    HPWL=7072.967773
    OVFL=0.155451
    HPWL=(4234.827148, 2838.140625)
    POTN=8.822849E+01
    PHIC=2.852484E-02
    GRAD=1.048771E-01
    NuBT=1
    CPU =0.000084

ITER: 345
    HPWL=7073.512207
    OVFL=0.152427
    HPWL=(4234.351562, 2839.160645)
    POTN=8.043848E+01
    PHIC=2.995107E-02
    GRAD=1.014028E-01
    NuBT=2
    CPU =0.000122

ITER: 346
    HPWL=7077.629883
    OVFL=0.149511
    HPWL=(4234.496582, 2843.133301)
    POTN=7.769705E+01
    PHIC=3.144861E-02
    GRAD=9.848308E-02
    NuBT=1
    CPU =0.000082

ITER: 347
    HPWL=7075.760254
    OVFL=0.147884
    HPWL=(4232.501465, 2843.258789)
    POTN=7.309862E+01
    PHIC=3.302104E-02
    GRAD=9.601493E-02
    NuBT=2
    CPU =0.000118

ITER: 348
    HPWL=7073.956055
    OVFL=0.152702
    HPWL=(4231.014648, 2842.941406)
    POTN=7.406573E+01
    PHIC=3.467209E-02
    GRAD=9.290352E-02
    NuBT=1
    CPU =0.000092

ITER: 349
    HPWL=7085.937500
    OVFL=0.146842
    HPWL=(4232.385254, 2853.552490)
    POTN=6.689089E+01
    PHIC=3.640563E-02
    GRAD=8.833235E-02
    NuBT=2
    CPU =0.000121

ITER: 350
    HPWL=7104.292480
    OVFL=0.139750
    HPWL=(4237.798340, 2866.494141)
    POTN=6.352559E+01
    PHIC=3.822581E-02
    GRAD=8.667392E-02
    NuBT=1
    CPU =0.000082

ITER: 351
    HPWL=7111.163574
    OVFL=0.139938
    HPWL=(4241.685547, 2869.478027)
    POTN=6.001342E+01
    PHIC=4.013706E-02
    GRAD=8.553664E-02
    NuBT=1
    CPU =0.000084

ITER: 352
    HPWL=7122.076172
    OVFL=0.138011
    HPWL=(4242.166504, 2879.909424)
    POTN=5.920992E+01
    PHIC=4.214384E-02
    GRAD=8.221861E-02
    NuBT=2
    CPU =0.000121

ITER: 353
    HPWL=7133.622070
    OVFL=0.132922
    HPWL=(4245.731445, 2887.890869)
    POTN=5.283508E+01
    PHIC=4.425096E-02
    GRAD=7.963780E-02
    NuBT=1
    CPU =0.000083

ITER: 354
    HPWL=7148.351074
    OVFL=0.131746
    HPWL=(4247.171387, 2901.179688)
    POTN=5.290066E+01
    PHIC=4.646341E-02
    GRAD=7.767544E-02
    NuBT=2
    CPU =0.000124

ITER: 355
    HPWL=7162.936523
    OVFL=0.127039
    HPWL=(4245.975098, 2916.961670)
    POTN=4.602800E+01
    PHIC=4.878648E-02
    GRAD=7.491812E-02
    NuBT=2
    CPU =0.000121

ITER: 356
    HPWL=7173.984375
    OVFL=0.121349
    HPWL=(4244.388184, 2929.595947)
    POTN=4.434657E+01
    PHIC=5.122572E-02
    GRAD=7.289591E-02
    NuBT=1
    CPU =0.000083

ITER: 357
    HPWL=7163.861816
    OVFL=0.120017
    HPWL=(4244.692383, 2919.169434)
    POTN=4.060698E+01
    PHIC=5.378700E-02
    GRAD=7.112757E-02
    NuBT=1
    CPU =0.000082

ITER: 358
    HPWL=7163.798828
    OVFL=0.115977
    HPWL=(4242.851074, 2920.947998)
    POTN=4.212166E+01
    PHIC=5.647635E-02
    GRAD=6.857418E-02
    NuBT=2
    CPU =0.000135

ITER: 359
    HPWL=7174.956543
    OVFL=0.110138
    HPWL=(4245.086914, 2929.869629)
    POTN=3.609987E+01
    PHIC=5.930007E-02
    GRAD=6.646232E-02
    NuBT=1
    CPU =0.000083

ITER: 360
    HPWL=7186.981445
    OVFL=0.104089
    HPWL=(4245.991699, 2940.989746)
    POTN=3.368815E+01
    PHIC=6.226497E-02
    GRAD=6.441739E-02
    NuBT=1
    CPU =0.000084

ITER: 361
    HPWL=7185.531250
    OVFL=0.102602
    HPWL=(4247.036133, 2938.495361)
    POTN=2.942280E+01
    PHIC=6.537821E-02
    GRAD=6.242357E-02
    NuBT=1
    CPU =0.000082

ITER: 362
    HPWL=7183.740723
    OVFL=0.101368
    HPWL=(4245.443359, 2938.297363)
    POTN=2.886357E+01
    PHIC=6.864712E-02
    GRAD=5.983296E-02
    NuBT=2
    CPU =0.000121

ITER: 363
    HPWL=7182.511230
    OVFL=0.096514
    HPWL=(4245.892578, 2936.618652)
    POTN=2.412701E+01
    PHIC=7.207947E-02
    GRAD=5.752878E-02
    NuBT=1
    CPU =0.000083
[INFO] Nesterov: NumIters = 363
[INFO] Nesterov: ScaledHpwl = 7182.511230
[INFO] Nesterov: Overflow = 0.096514
[INFO] Nesterov: Potential = 24.127007
[INFO] Nesterov: xInstScaledHpwl = 7178.462402
[INFO] Nesterov: yInstScaledHpwl = 7182.511230
[INFO] Nesterov: HPWL = 2169.490723
