Mon Aug 31 10:56:06 UTC 2020 - Executing "/openLANE_flow/scripts//padLefMacro.py -s unithd -r 8 -i /openLANE_flow/designs/sb_0__3_/runs/31-08_10-56//tmp//merged_unpadded.lef -o /openLANE_flow/designs/sb_0__3_/runs/31-08_10-56//tmp//merged.lef -e {sky130_fd_sc_hd__tap* sky130_fd_sc_hd__decap* sky130_fd_sc_hd__fill*} |& tee >&@stdout"

Mon Aug 31 10:56:14 UTC 2020 - Executing "sed -i -E {s/CLASS PAD.*$/CLASS PAD ;/g} /openLANE_flow/designs/sb_0__3_/runs/31-08_10-56//tmp//merged.lef"

Mon Aug 31 10:56:14 UTC 2020 - Executing "sed -i -E {s/CLASS PAD.*$/CLASS PAD ;/g} /openLANE_flow/designs/sb_0__3_/runs/31-08_10-56//tmp//merged_unpadded.lef"

Mon Aug 31 10:56:14 UTC 2020 - Executing "/openLANE_flow/scripts//libtrim.pl /home/aa/Desktop/Afify/openlane-rc2/openlane/pdks/sky130A/libs.ref/sky130_fd_sc_hd/lib/sky130_fd_sc_hd__tt_025C_1v80.lib /home/aa/Desktop/Afify/openlane-rc2/openlane/pdks/sky130A/libs.tech/openlane/sky130_fd_sc_hd/no_synth.cells > /openLANE_flow/designs/sb_0__3_/runs/31-08_10-56//tmp//trimmed.lib"

Mon Aug 31 10:56:14 UTC 2020 - Executing "yosys -c /openLANE_flow/scripts//synth.tcl -l /openLANE_flow/designs/sb_0__3_/runs/31-08_10-56//logs/synthesis/yosys.log |& tee >&@stdout"

Mon Aug 31 10:56:15 UTC 2020 - Executing "sta /openLANE_flow/scripts//sta.tcl |& tee >&@stdout /openLANE_flow/designs/sb_0__3_/runs/31-08_10-56//logs/synthesis/opensta.log"

Mon Aug 31 10:56:16 UTC 2020 - Executing "openroad -exit /openLANE_flow/scripts//openroad/or_floorplan.tcl |& tee >&@stdout /openLANE_flow/designs/sb_0__3_/runs/31-08_10-56//logs/floorplan/verilog2def.openroad.log"

Mon Aug 31 10:56:16 UTC 2020 - Executing "openroad -exit /openLANE_flow/scripts//openroad/or_ioplacer.tcl |& tee >&@stdout /openLANE_flow/designs/sb_0__3_/runs/31-08_10-56//logs/floorplan/ioPlacer.log"

Mon Aug 31 10:56:17 UTC 2020 - Executing "openroad -exit /openLANE_flow/scripts//openroad/or_tapcell.tcl |& tee >&@stdout /openLANE_flow/designs/sb_0__3_/runs/31-08_10-56//logs/floorplan/tapcell.log"

Mon Aug 31 10:56:17 UTC 2020 - Executing "replace < /openLANE_flow/scripts//replace_gp.tcl |& tee >&@stdout /openLANE_flow/designs/sb_0__3_/runs/31-08_10-56//logs/placement/replace.log"

Mon Aug 31 10:56:17 UTC 2020 - Executing "cp /openLANE_flow/designs/sb_0__3_/runs/31-08_10-56//tmp/placement/replace_place.def /openLANE_flow/designs/sb_0__3_/runs/31-08_10-56//tmp/placement/replace.def"

Mon Aug 31 10:56:17 UTC 2020 - Executing "opendp -lef /openLANE_flow/designs/sb_0__3_/runs/31-08_10-56//tmp//merged.lef -def /openLANE_flow/designs/sb_0__3_/runs/31-08_10-56//tmp/placement/replace.def -output_def /openLANE_flow/designs/sb_0__3_/runs/31-08_10-56//results/placement/sb_0__3_.placement.def |& tee >&@stdout /openLANE_flow/designs/sb_0__3_/runs/31-08_10-56//logs/placement/opendp.log"

Mon Aug 31 10:56:18 UTC 2020 - Executing "openroad -exit /openLANE_flow/scripts//openroad/or_cts.tcl |& tee >&@stdout /openLANE_flow/designs/sb_0__3_/runs/31-08_10-56//logs/cts/cts.log"

Mon Aug 31 10:57:28 UTC 2020 - Executing "openroad -exit /openLANE_flow/scripts//new_pdn.tcl |& tee >&@stdout /openLANE_flow/designs/sb_0__3_/runs/31-08_10-56//logs/floorplan/pdn.log"

Mon Aug 31 10:57:29 UTC 2020 - Executing "openroad -exit /openLANE_flow/scripts//openroad/or_diodes.tcl |& tee >&@stdout /openLANE_flow/designs/sb_0__3_/runs/31-08_10-56//logs//placement/diodes.log"

Mon Aug 31 10:57:30 UTC 2020 - Executing "openroad -exit /openLANE_flow/scripts//openroad/or_fill.tcl |& tee >&@stdout /openLANE_flow/designs/sb_0__3_/runs/31-08_10-56//logs/routing/addspacers.log"

Mon Aug 31 10:57:30 UTC 2020 - Executing "openroad -exit /openLANE_flow/scripts//openroad/or_write_verilog.tcl |& tee >&@stdout /openLANE_flow/designs/sb_0__3_/runs/31-08_10-56//logs//write_verilog.log"

Mon Aug 31 10:57:31 UTC 2020 - Executing "openroad -exit /openLANE_flow/scripts//openroad/or_route.tcl |& tee >&@stdout /openLANE_flow/designs/sb_0__3_/runs/31-08_10-56//logs/routing/fastroute.log"

Mon Aug 31 10:57:37 UTC 2020 - Executing "envsubst < /openLANE_flow/scripts//tritonRoute.param > /openLANE_flow/designs/sb_0__3_/runs/31-08_10-56//tmp/routing/tritonRoute.param"

Mon Aug 31 10:57:37 UTC 2020 - Executing "TritonRoute /openLANE_flow/designs/sb_0__3_/runs/31-08_10-56//tmp/routing/tritonRoute.param |& tee >&@stdout /openLANE_flow/designs/sb_0__3_/runs/31-08_10-56//logs/routing/tritonRoute.log"

Mon Aug 31 10:57:45 UTC 2020 - Executing "magic -noconsole -dnull -rcfile /openLANE_flow/designs/sb_0__3_/runs/31-08_10-56//tmp//tmp.magicrc /openLANE_flow/designs/sb_0__3_/runs/31-08_10-56//tmp//magic_spice.tcl </dev/null |& tee >&@stdout /openLANE_flow/designs/sb_0__3_/runs/31-08_10-56//logs/magic/magic_spice.log"

