
25. Printing statistics.

=== sb_0__1_ ===

   Number of wires:                266
   Number of wire bits:            314
   Number of public wires:         252
   Number of public wire bits:     300
   Number of memories:               0
   Number of memory bits:            0
   Number of processes:              0
   Number of cells:                281
     sky130_fd_sc_hd__buf_2         27
     sky130_fd_sc_hd__conb_1        13
     sky130_fd_sc_hd__dfrbp_1       50
     sky130_fd_sc_hd__ebufn_1      110
     sky130_fd_sc_hd__inv_1         80
     sky130_fd_sc_hd__inv_8          1

   Area for cell type \sky130_fd_sc_hd__inv_1 is unknown!
   Area for cell type \sky130_fd_sc_hd__ebufn_1 is unknown!
   Area for cell type \sky130_fd_sc_hd__buf_2 is unknown!
   Area for cell type \sky130_fd_sc_hd__dfrbp_1 is unknown!

   Chip area for module '\sb_0__1_': 60.057600

