Sun Aug 23 10:13:06 UTC 2020 - Executing "/openLANE_flow/scripts//padLefMacro.py -s unithd -r 8 -i /openLANE_flow/designs/cbx_1__0_/runs/23-08_10-13//tmp//merged_unpadded.lef -o /openLANE_flow/designs/cbx_1__0_/runs/23-08_10-13//tmp//merged.lef -e {sky130_fd_sc_hd__tap* sky130_fd_sc_hd__decap* sky130_fd_sc_hd__fill*} |& tee >&@stdout"

Sun Aug 23 10:13:16 UTC 2020 - Executing "sed -i -E {s/CLASS PAD.*$/CLASS PAD ;/g} /openLANE_flow/designs/cbx_1__0_/runs/23-08_10-13//tmp//merged.lef"

Sun Aug 23 10:13:16 UTC 2020 - Executing "sed -i -E {s/CLASS PAD.*$/CLASS PAD ;/g} /openLANE_flow/designs/cbx_1__0_/runs/23-08_10-13//tmp//merged_unpadded.lef"

Sun Aug 23 10:13:16 UTC 2020 - Executing "/openLANE_flow/scripts//libtrim.pl /home/aa/Desktop/Afify/openlane/pdks/sky130A/libs.ref/sky130_fd_sc_hd/lib/sky130_fd_sc_hd__tt_025C_1v80.lib /home/aa/Desktop/Afify/openlane/pdks/sky130A/libs.tech/openlane/sky130_fd_sc_hd/no_synth.cells > /openLANE_flow/designs/cbx_1__0_/runs/23-08_10-13//tmp//trimmed.lib"

Sun Aug 23 10:13:20 UTC 2020 - Executing "yosys -c /openLANE_flow/scripts//synth.tcl -l /openLANE_flow/designs/cbx_1__0_/runs/23-08_10-13//logs/synthesis/yosys.log |& tee >&@stdout"

Sun Aug 23 10:13:21 UTC 2020 - Executing "sta /openLANE_flow/scripts//sta.tcl |& tee >&@stdout /openLANE_flow/designs/cbx_1__0_/runs/23-08_10-13//logs/synthesis/opensta.log"

Sun Aug 23 10:13:25 UTC 2020 - Executing "openroad -exit /openLANE_flow/scripts//openroad/or_floorplan.tcl |& tee >&@stdout /openLANE_flow/designs/cbx_1__0_/runs/23-08_10-13//logs/floorplan/verilog2def.openroad.log"

Sun Aug 23 10:13:26 UTC 2020 - Executing "openroad -exit /openLANE_flow/scripts//openroad/or_ioplacer.tcl |& tee >&@stdout /openLANE_flow/designs/cbx_1__0_/runs/23-08_10-13//logs/floorplan/ioPlacer.log"

Sun Aug 23 10:13:26 UTC 2020 - Executing "openroad -exit /openLANE_flow/scripts//openroad/or_tapcell.tcl |& tee >&@stdout /openLANE_flow/designs/cbx_1__0_/runs/23-08_10-13//logs/floorplan/tapcell.log"

Sun Aug 23 10:13:30 UTC 2020 - Executing "replace < /openLANE_flow/scripts//replace_gp.tcl |& tee >&@stdout /openLANE_flow/designs/cbx_1__0_/runs/23-08_10-13//logs/placement/replace.log"

Sun Aug 23 10:13:30 UTC 2020 - Executing "cp /openLANE_flow/designs/cbx_1__0_/runs/23-08_10-13//tmp/placement/replace_place.def /openLANE_flow/designs/cbx_1__0_/runs/23-08_10-13//tmp/placement/replace.def"

Sun Aug 23 10:13:30 UTC 2020 - Executing "opendp -lef /openLANE_flow/designs/cbx_1__0_/runs/23-08_10-13//tmp//merged.lef -def /openLANE_flow/designs/cbx_1__0_/runs/23-08_10-13//tmp/placement/replace.def -output_def /openLANE_flow/designs/cbx_1__0_/runs/23-08_10-13//results/placement/cbx_1__0_.placement.def |& tee >&@stdout /openLANE_flow/designs/cbx_1__0_/runs/23-08_10-13//logs/placement/opendp.log"

Sun Aug 23 10:13:34 UTC 2020 - Executing "openroad -exit /openLANE_flow/scripts//openroad/or_cts.tcl |& tee >&@stdout /openLANE_flow/designs/cbx_1__0_/runs/23-08_10-13//logs/cts/cts.log"

Sun Aug 23 10:15:58 UTC 2020 - Executing "openroad -exit /openLANE_flow/scripts//new_pdn.tcl |& tee >&@stdout /openLANE_flow/designs/cbx_1__0_/runs/23-08_10-13//logs/floorplan/pdn.log"

Sun Aug 23 10:16:05 UTC 2020 - Executing "openroad -exit /openLANE_flow/scripts//openroad/or_diodes.tcl |& tee >&@stdout /openLANE_flow/designs/cbx_1__0_/runs/23-08_10-13//logs//placement/diodes.log"

Sun Aug 23 10:16:05 UTC 2020 - Executing "openroad -exit /openLANE_flow/scripts//openroad/or_fill.tcl |& tee >&@stdout /openLANE_flow/designs/cbx_1__0_/runs/23-08_10-13//logs/routing/addspacers.log"

Sun Aug 23 10:16:06 UTC 2020 - Executing "openroad -exit /openLANE_flow/scripts//openroad/or_write_verilog.tcl |& tee >&@stdout /openLANE_flow/designs/cbx_1__0_/runs/23-08_10-13//logs//write_verilog.log"

Sun Aug 23 10:16:07 UTC 2020 - Executing "openroad -exit /openLANE_flow/scripts//openroad/or_route.tcl |& tee >&@stdout /openLANE_flow/designs/cbx_1__0_/runs/23-08_10-13//logs/routing/fastroute.log"

Sun Aug 23 10:16:13 UTC 2020 - Executing "envsubst < /openLANE_flow/scripts//tritonRoute.param > /openLANE_flow/designs/cbx_1__0_/runs/23-08_10-13//tmp/routing/tritonRoute.param"

Sun Aug 23 10:16:13 UTC 2020 - Executing "TritonRoute /openLANE_flow/designs/cbx_1__0_/runs/23-08_10-13//tmp/routing/tritonRoute.param |& tee >&@stdout /openLANE_flow/designs/cbx_1__0_/runs/23-08_10-13//logs/routing/tritonRoute.log"

Sun Aug 23 10:16:31 UTC 2020 - Executing "magic -noconsole -dnull -rcfile /openLANE_flow/designs/cbx_1__0_/runs/23-08_10-13//tmp//tmp.magicrc /openLANE_flow/designs/cbx_1__0_/runs/23-08_10-13//tmp//magic_spice.tcl </dev/null |& tee >&@stdout /openLANE_flow/designs/cbx_1__0_/runs/23-08_10-13//logs/magic/magic_spice.log"

Sun Aug 23 10:16:45 UTC 2020 - Executing "vlog2Verilog -v VPWR -g VGND -l /openLANE_flow/designs/cbx_1__0_/runs/23-08_10-13//tmp//merged.lef /openLANE_flow/designs/cbx_1__0_/runs/23-08_10-13//results/synthesis/cbx_1__0_.synthesis_preroute.v |& tee /openLANE_flow/designs/cbx_1__0_/runs/23-08_10-13//results/lvs/cbx_1__0_.lvs.v"

Sun Aug 23 10:16:45 UTC 2020 - Executing "netgen -batch lvs {/openLANE_flow/designs/cbx_1__0_/runs/23-08_10-13//results/magic/cbx_1__0_.spice cbx_1__0_} {/openLANE_flow/designs/cbx_1__0_/runs/23-08_10-13//results/lvs/cbx_1__0_.lvs.v cbx_1__0_} /home/aa/Desktop/Afify/openlane/pdks/sky130A/libs.tech/netgen/sky130A_setup.tcl /openLANE_flow/designs/cbx_1__0_/runs/23-08_10-13//results/lvs/cbx_1__0_.lvs.log -json |& tee >&@stdout /openLANE_flow/designs/cbx_1__0_/runs/23-08_10-13//logs/lvs/lvs.log"

