
 /----------------------------------------------------------------------------\
 |                                                                            |
 |  yosys -- Yosys Open SYnthesis Suite                                       |
 |                                                                            |
 |  Copyright (C) 2012 - 2020  Claire Wolf <claire@symbioticeda.com>          |
 |                                                                            |
 |  Permission to use, copy, modify, and/or distribute this software for any  |
 |  purpose with or without fee is hereby granted, provided that the above    |
 |  copyright notice and this permission notice appear in all copies.         |
 |                                                                            |
 |  THE SOFTWARE IS PROVIDED "AS IS" AND THE AUTHOR DISCLAIMS ALL WARRANTIES  |
 |  WITH REGARD TO THIS SOFTWARE INCLUDING ALL IMPLIED WARRANTIES OF          |
 |  MERCHANTABILITY AND FITNESS. IN NO EVENT SHALL THE AUTHOR BE LIABLE FOR   |
 |  ANY SPECIAL, DIRECT, INDIRECT, OR CONSEQUENTIAL DAMAGES OR ANY DAMAGES    |
 |  WHATSOEVER RESULTING FROM LOSS OF USE, DATA OR PROFITS, WHETHER IN AN     |
 |  ACTION OF CONTRACT, NEGLIGENCE OR OTHER TORTIOUS ACTION, ARISING OUT OF   |
 |  OR IN CONNECTION WITH THE USE OR PERFORMANCE OF THIS SOFTWARE.            |
 |                                                                            |
 \----------------------------------------------------------------------------/

 Yosys 0.9+2406 (git sha1 347dd01, gcc 8.3.1 -fPIC -Os)

[TCL: yosys -import] Command name collision: found pre-existing command `cd' -> skip.
[TCL: yosys -import] Command name collision: found pre-existing command `eval' -> skip.
[TCL: yosys -import] Command name collision: found pre-existing command `exec' -> skip.
[TCL: yosys -import] Command name collision: found pre-existing command `read' -> skip.
[TCL: yosys -import] Command name collision: found pre-existing command `trace' -> skip.

1. Executing Verilog-2005 frontend: /openLANE_flow/designs/grid_clb/src/openlane_src_cells.v
Parsing Verilog input from `/openLANE_flow/designs/grid_clb/src/openlane_src_cells.v' to AST representation.
Generating RTLIL representation for module `\sky130_fd_sc_hd__inv_1'.
Generating RTLIL representation for module `\sky130_fd_sc_hd__inv_2'.
Generating RTLIL representation for module `\sky130_fd_sc_hd__inv_4'.
Generating RTLIL representation for module `\sky130_fd_sc_hd__buf_1'.
Generating RTLIL representation for module `\sky130_fd_sc_hd__buf_2'.
Generating RTLIL representation for module `\sky130_fd_sc_hd__buf_4'.
Generating RTLIL representation for module `\sky130_fd_sc_hd__or2_1'.
Generating RTLIL representation for module `\sky130_fd_sc_hd__mux2_1'.
Generating RTLIL representation for module `\sky130_fd_sc_hd__dfrtp_1'.
Generating RTLIL representation for module `\sky130_fd_sc_hd__dfrbp_1'.
Generating RTLIL representation for module `\sky130_fd_sc_hd__dfbbp'.
Generating RTLIL representation for module `\iopad'.
Successfully finished Verilog frontend.

2. Executing Verilog-2005 frontend: /openLANE_flow/designs/grid_clb/src/muxes.v
Parsing Verilog input from `/openLANE_flow/designs/grid_clb/src/muxes.v' to AST representation.
Generating RTLIL representation for module `\mux_2level_tapbuf_size6_basis_size3'.
Generating RTLIL representation for module `\mux_2level_tapbuf_size2_basis_size2'.
Generating RTLIL representation for module `\mux_2level_tapbuf_size8_basis_size3'.
Generating RTLIL representation for module `\mux_2level_tapbuf_size9_basis_size4'.
Generating RTLIL representation for module `\mux_2level_tapbuf_size3_basis_size2'.
Generating RTLIL representation for module `\mux_2level_tapbuf_size5_basis_size3'.
Generating RTLIL representation for module `\mux_2level_tapbuf_size5_basis_size2'.
Generating RTLIL representation for module `\mux_2level_tapbuf_size4_basis_size3'.
Generating RTLIL representation for module `\mux_2level_size14_basis_size4'.
Generating RTLIL representation for module `\mux_2level_size14_basis_size3'.
Generating RTLIL representation for module `\mux_1level_tapbuf_size2_basis_size3'.
Generating RTLIL representation for module `\lut4_mux_basis_size2'.
Generating RTLIL representation for module `\mux_2level_tapbuf_size6'.
Generating RTLIL representation for module `\mux_2level_tapbuf_size2'.
Generating RTLIL representation for module `\mux_2level_tapbuf_size8'.
Generating RTLIL representation for module `\mux_2level_tapbuf_size9'.
Generating RTLIL representation for module `\mux_2level_tapbuf_size3'.
Generating RTLIL representation for module `\mux_2level_tapbuf_size5'.
Generating RTLIL representation for module `\mux_2level_tapbuf_size4'.
Generating RTLIL representation for module `\mux_2level_size14'.
Generating RTLIL representation for module `\mux_1level_tapbuf_size2'.
Generating RTLIL representation for module `\lut4_mux'.
Successfully finished Verilog frontend.

3. Executing Verilog-2005 frontend: /openLANE_flow/designs/grid_clb/src/logical_tile_clb.v
Parsing Verilog input from `/openLANE_flow/designs/grid_clb/src/logical_tile_clb.v' to AST representation.
Generating RTLIL representation for module `\logical_tile_clb_mode_default__fle_mode_n1_lut4__ble4_mode_default__lut4'.
Generating RTLIL representation for module `\logical_tile_clb_mode_default__fle_mode_n1_lut4__ble4_mode_default__ff'.
Generating RTLIL representation for module `\logical_tile_clb_mode_default__fle_mode_n1_lut4__ble4'.
Generating RTLIL representation for module `\logical_tile_clb_mode_default__fle'.
Generating RTLIL representation for module `\logical_tile_clb_mode_clb_'.
Successfully finished Verilog frontend.

4. Executing Verilog-2005 frontend: /openLANE_flow/designs/grid_clb/src/grid_clb.v
Parsing Verilog input from `/openLANE_flow/designs/grid_clb/src/grid_clb.v' to AST representation.
Generating RTLIL representation for module `\grid_clb'.
Successfully finished Verilog frontend.

5. Executing HIERARCHY pass (managing design hierarchy).

5.1. Analyzing design hierarchy..
Top module:  \grid_clb
Used module:     \logical_tile_clb_mode_clb_
Used module:         \mux_2level_size14
Used module:             \mux_2level_size14_basis_size3
Used module:             \mux_2level_size14_basis_size4
Used module:         \logical_tile_clb_mode_default__fle
Used module:             \logical_tile_clb_mode_default__fle_mode_n1_lut4__ble4
Used module:                 \mux_1level_tapbuf_size2
Used module:                     \mux_1level_tapbuf_size2_basis_size3
Used module:                 \logical_tile_clb_mode_default__fle_mode_n1_lut4__ble4_mode_default__ff
Used module:                 \logical_tile_clb_mode_default__fle_mode_n1_lut4__ble4_mode_default__lut4
ERROR: Module `\TGATE' referenced in module `\mux_2level_size14_basis_size4' in cell `\TGATE_3_' is not part of the design.
