RePlAce Version: 1.0.0

** WARNING: Your Detail Placement Step must be skipped.
              (i.e. this program will be executed as -onlyGP)
     If you want to have DP after GP, please specify -dpflag and -dploc.

[INFO] TargetDensity = 0.900000
[INFO] ExperimentIndex = 0
[INFO] DirectoryPath = /openLANE_flow/designs/sb_3__0_/runs/01-09_10-22//tmp/placement/replace/etc/sb_3__0_.floorplan/experiment000
[PROC] Begin LefParsing ...
[LEF] Parsed 500 number of lines!!
WARNING (LEFPARS-2036): SOURCE statement is obsolete in version 5.6 and later.
The LEF parser will ignore this statement.
To avoid this warning in the future, remove this statement from the LEF file with version 5.6 or later. See file /openLANE_flow/designs/sb_3__0_/runs/01-09_10-22//tmp//merged.lef at line 776.

WARNING (LEFPARS-2036): SOURCE statement is obsolete in version 5.6 and later.
The LEF parser will ignore this statement.
To avoid this warning in the future, remove this statement from the LEF file with version 5.6 or later. See file /openLANE_flow/designs/sb_3__0_/runs/01-09_10-22//tmp//merged.lef at line 903.

[LEF] Parsed 1000 number of lines!!
WARNING (LEFPARS-2036): SOURCE statement is obsolete in version 5.6 and later.
The LEF parser will ignore this statement.
To avoid this warning in the future, remove this statement from the LEF file with version 5.6 or later. See file /openLANE_flow/designs/sb_3__0_/runs/01-09_10-22//tmp//merged.lef at line 1034.

WARNING (LEFPARS-2036): SOURCE statement is obsolete in version 5.6 and later.
The LEF parser will ignore this statement.
To avoid this warning in the future, remove this statement from the LEF file with version 5.6 or later. See file /openLANE_flow/designs/sb_3__0_/runs/01-09_10-22//tmp//merged.lef at line 1204.

WARNING (LEFPARS-2036): SOURCE statement is obsolete in version 5.6 and later.
The LEF parser will ignore this statement.
To avoid this warning in the future, remove this statement from the LEF file with version 5.6 or later. See file /openLANE_flow/designs/sb_3__0_/runs/01-09_10-22//tmp//merged.lef at line 1322.

WARNING (LEFPARS-2036): SOURCE statement is obsolete in version 5.6 and later.
The LEF parser will ignore this statement.
To avoid this warning in the future, remove this statement from the LEF file with version 5.6 or later. See file /openLANE_flow/designs/sb_3__0_/runs/01-09_10-22//tmp//merged.lef at line 1442.

[LEF] Parsed 1500 number of lines!!
WARNING (LEFPARS-2036): SOURCE statement is obsolete in version 5.6 and later.
The LEF parser will ignore this statement.
To avoid this warning in the future, remove this statement from the LEF file with version 5.6 or later. See file /openLANE_flow/designs/sb_3__0_/runs/01-09_10-22//tmp//merged.lef at line 1589.

WARNING (LEFPARS-2036): SOURCE statement is obsolete in version 5.6 and later.
The LEF parser will ignore this statement.
To avoid this warning in the future, remove this statement from the LEF file with version 5.6 or later. See file /openLANE_flow/designs/sb_3__0_/runs/01-09_10-22//tmp//merged.lef at line 1777.

WARNING (LEFPARS-2036): SOURCE statement is obsolete in version 5.6 and later.
The LEF parser will ignore this statement.
To avoid this warning in the future, remove this statement from the LEF file with version 5.6 or later. See file /openLANE_flow/designs/sb_3__0_/runs/01-09_10-22//tmp//merged.lef at line 1886.

WARNING (LEFPARS-2036): SOURCE statement is obsolete in version 5.6 and later.
The LEF parser will ignore this statement.
To avoid this warning in the future, remove this statement from the LEF file with version 5.6 or later. See file /openLANE_flow/designs/sb_3__0_/runs/01-09_10-22//tmp//merged.lef at line 1999.

[LEF] Parsed 2000 number of lines!!
WARNING (LEFPARS-2036): SOURCE statement is obsolete in version 5.6 and later.
The LEF parser will ignore this statement.
To avoid this warning in the future, remove this statement from the LEF file with version 5.6 or later. See file /openLANE_flow/designs/sb_3__0_/runs/01-09_10-22//tmp//merged.lef at line 2148.

WARNING (LEFPARS-2036): SOURCE statement is obsolete in version 5.6 and later.
The LEF parser will ignore this statement.
To avoid this warning in the future, remove this statement from the LEF file with version 5.6 or later. See file /openLANE_flow/designs/sb_3__0_/runs/01-09_10-22//tmp//merged.lef at line 2253.

WARNING (LEFPARS-2036): SOURCE statement is obsolete in version 5.6 and later.
The LEF parser will ignore this statement.
To avoid this warning in the future, remove this statement from the LEF file with version 5.6 or later. See file /openLANE_flow/designs/sb_3__0_/runs/01-09_10-22//tmp//merged.lef at line 2380.

[LEF] Parsed 2500 number of lines!!
WARNING (LEFPARS-2036): SOURCE statement is obsolete in version 5.6 and later.
The LEF parser will ignore this statement.
To avoid this warning in the future, remove this statement from the LEF file with version 5.6 or later. See file /openLANE_flow/designs/sb_3__0_/runs/01-09_10-22//tmp//merged.lef at line 2547.

WARNING (LEFPARS-2036): SOURCE statement is obsolete in version 5.6 and later.
The LEF parser will ignore this statement.
To avoid this warning in the future, remove this statement from the LEF file with version 5.6 or later. See file /openLANE_flow/designs/sb_3__0_/runs/01-09_10-22//tmp//merged.lef at line 2653.

WARNING (LEFPARS-2036): SOURCE statement is obsolete in version 5.6 and later.
The LEF parser will ignore this statement.
To avoid this warning in the future, remove this statement from the LEF file with version 5.6 or later. See file /openLANE_flow/designs/sb_3__0_/runs/01-09_10-22//tmp//merged.lef at line 2770.

WARNING (LEFPARS-2036): SOURCE statement is obsolete in version 5.6 and later.
The LEF parser will ignore this statement.
To avoid this warning in the future, remove this statement from the LEF file with version 5.6 or later. See file /openLANE_flow/designs/sb_3__0_/runs/01-09_10-22//tmp//merged.lef at line 2908.

[LEF] Parsed 3000 number of lines!!
WARNING (LEFPARS-2036): SOURCE statement is obsolete in version 5.6 and later.
The LEF parser will ignore this statement.
To avoid this warning in the future, remove this statement from the LEF file with version 5.6 or later. See file /openLANE_flow/designs/sb_3__0_/runs/01-09_10-22//tmp//merged.lef at line 3005.

WARNING (LEFPARS-2036): SOURCE statement is obsolete in version 5.6 and later.
The LEF parser will ignore this statement.
To avoid this warning in the future, remove this statement from the LEF file with version 5.6 or later. See file /openLANE_flow/designs/sb_3__0_/runs/01-09_10-22//tmp//merged.lef at line 3105.

WARNING (LEFPARS-2036): SOURCE statement is obsolete in version 5.6 and later.
The LEF parser will ignore this statement.
To avoid this warning in the future, remove this statement from the LEF file with version 5.6 or later. See file /openLANE_flow/designs/sb_3__0_/runs/01-09_10-22//tmp//merged.lef at line 3219.

WARNING (LEFPARS-2036): SOURCE statement is obsolete in version 5.6 and later.
The LEF parser will ignore this statement.
To avoid this warning in the future, remove this statement from the LEF file with version 5.6 or later. See file /openLANE_flow/designs/sb_3__0_/runs/01-09_10-22//tmp//merged.lef at line 3361.

WARNING (LEFPARS-2036): SOURCE statement is obsolete in version 5.6 and later.
The LEF parser will ignore this statement.
To avoid this warning in the future, remove this statement from the LEF file with version 5.6 or later. See file /openLANE_flow/designs/sb_3__0_/runs/01-09_10-22//tmp//merged.lef at line 3458.

[LEF] Parsed 3500 number of lines!!
WARNING (LEFPARS-2036): SOURCE statement is obsolete in version 5.6 and later.
The LEF parser will ignore this statement.
To avoid this warning in the future, remove this statement from the LEF file with version 5.6 or later. See file /openLANE_flow/designs/sb_3__0_/runs/01-09_10-22//tmp//merged.lef at line 3561.

WARNING (LEFPARS-2036): SOURCE statement is obsolete in version 5.6 and later.
The LEF parser will ignore this statement.
To avoid this warning in the future, remove this statement from the LEF file with version 5.6 or later. See file /openLANE_flow/designs/sb_3__0_/runs/01-09_10-22//tmp//merged.lef at line 3691.

WARNING (LEFPARS-2036): SOURCE statement is obsolete in version 5.6 and later.
The LEF parser will ignore this statement.
To avoid this warning in the future, remove this statement from the LEF file with version 5.6 or later. See file /openLANE_flow/designs/sb_3__0_/runs/01-09_10-22//tmp//merged.lef at line 3783.

WARNING (LEFPARS-2036): SOURCE statement is obsolete in version 5.6 and later.
The LEF parser will ignore this statement.
To avoid this warning in the future, remove this statement from the LEF file with version 5.6 or later. See file /openLANE_flow/designs/sb_3__0_/runs/01-09_10-22//tmp//merged.lef at line 3887.

[LEF] Parsed 4000 number of lines!!
WARNING (LEFPARS-2036): SOURCE statement is obsolete in version 5.6 and later.
The LEF parser will ignore this statement.
To avoid this warning in the future, remove this statement from the LEF file with version 5.6 or later. See file /openLANE_flow/designs/sb_3__0_/runs/01-09_10-22//tmp//merged.lef at line 4018.

WARNING (LEFPARS-2036): SOURCE statement is obsolete in version 5.6 and later.
The LEF parser will ignore this statement.
To avoid this warning in the future, remove this statement from the LEF file with version 5.6 or later. See file /openLANE_flow/designs/sb_3__0_/runs/01-09_10-22//tmp//merged.lef at line 4148.

WARNING (LEFPARS-2036): SOURCE statement is obsolete in version 5.6 and later.
The LEF parser will ignore this statement.
To avoid this warning in the future, remove this statement from the LEF file with version 5.6 or later. See file /openLANE_flow/designs/sb_3__0_/runs/01-09_10-22//tmp//merged.lef at line 4282.

WARNING (LEFPARS-2036): SOURCE statement is obsolete in version 5.6 and later.
The LEF parser will ignore this statement.
To avoid this warning in the future, remove this statement from the LEF file with version 5.6 or later. See file /openLANE_flow/designs/sb_3__0_/runs/01-09_10-22//tmp//merged.lef at line 4467.

[LEF] Parsed 4500 number of lines!!
[LEF] Parsed 5000 number of lines!!
[LEF] Parsed 5500 number of lines!!
[LEF] Parsed 6000 number of lines!!
[LEF] Parsed 6500 number of lines!!
[LEF] Parsed 7000 number of lines!!
[LEF] Parsed 7500 number of lines!!
[LEF] Parsed 8000 number of lines!!
[LEF] Parsed 8500 number of lines!!
[LEF] Parsed 9000 number of lines!!
[LEF] Parsed 9500 number of lines!!
[LEF] Parsed 10000 number of lines!!
[LEF] Parsed 10500 number of lines!!
[LEF] Parsed 11000 number of lines!!
[LEF] Parsed 11500 number of lines!!
[LEF] Parsed 12000 number of lines!!
[LEF] Parsed 12500 number of lines!!
[LEF] Parsed 13000 number of lines!!
[LEF] Parsed 13500 number of lines!!
[LEF] Parsed 14000 number of lines!!
[LEF] Parsed 14500 number of lines!!
[LEF] Parsed 15000 number of lines!!
[LEF] Parsed 15500 number of lines!!
[LEF] Parsed 16000 number of lines!!
[LEF] Parsed 16500 number of lines!!
[LEF] Parsed 17000 number of lines!!
[LEF] Parsed 17500 number of lines!!
[LEF] Parsed 18000 number of lines!!
[LEF] Parsed 18500 number of lines!!
[LEF] Parsed 19000 number of lines!!
[LEF] Parsed 19500 number of lines!!
[LEF] Parsed 20000 number of lines!!
[LEF] Parsed 20500 number of lines!!
[LEF] Parsed 21000 number of lines!!
[LEF] Parsed 21500 number of lines!!
[LEF] Parsed 22000 number of lines!!
[LEF] Parsed 22500 number of lines!!
[LEF] Parsed 23000 number of lines!!
[LEF] Parsed 23500 number of lines!!
[LEF] Parsed 24000 number of lines!!
[LEF] Parsed 24500 number of lines!!
[LEF] Parsed 25000 number of lines!!
[LEF] Parsed 25500 number of lines!!
[LEF] Parsed 26000 number of lines!!
[LEF] Parsed 26500 number of lines!!
[LEF] Parsed 27000 number of lines!!
[LEF] Parsed 27500 number of lines!!
[LEF] Parsed 28000 number of lines!!
[LEF] Parsed 28500 number of lines!!
[LEF] Parsed 29000 number of lines!!
[LEF] Parsed 29500 number of lines!!
[LEF] Parsed 30000 number of lines!!
[LEF] Parsed 30500 number of lines!!
[LEF] Parsed 31000 number of lines!!
[LEF] Parsed 31500 number of lines!!
[LEF] Parsed 32000 number of lines!!
[LEF] Parsed 32500 number of lines!!
[LEF] Parsed 33000 number of lines!!
[LEF] Parsed 33500 number of lines!!
[LEF] Parsed 34000 number of lines!!
[LEF] Parsed 34500 number of lines!!
[LEF] Parsed 35000 number of lines!!
[LEF] Parsed 35500 number of lines!!
[LEF] Parsed 36000 number of lines!!
[LEF] Parsed 36500 number of lines!!
[LEF] Parsed 37000 number of lines!!
[LEF] Parsed 37500 number of lines!!
[LEF] Parsed 38000 number of lines!!
[LEF] Parsed 38500 number of lines!!
[LEF] Parsed 39000 number of lines!!
[LEF] Parsed 39500 number of lines!!
[LEF] Parsed 40000 number of lines!!
[LEF] Parsed 40500 number of lines!!
[LEF] Parsed 41000 number of lines!!
[LEF] Parsed 41500 number of lines!!
[LEF] Parsed 42000 number of lines!!
[LEF] Parsed 42500 number of lines!!
[LEF] Parsed 43000 number of lines!!
[LEF] Parsed 43500 number of lines!!
[LEF] Parsed 44000 number of lines!!
[LEF] Parsed 44500 number of lines!!
[LEF] Parsed 45000 number of lines!!
[LEF] Parsed 45500 number of lines!!
[LEF] Parsed 46000 number of lines!!
[LEF] Parsed 46500 number of lines!!
[LEF] Parsed 47000 number of lines!!
[LEF] Parsed 47500 number of lines!!
[LEF] Parsed 48000 number of lines!!
[LEF] Parsed 48500 number of lines!!
[LEF] Parsed 49000 number of lines!!
[LEF] Parsed 49500 number of lines!!
[LEF] Parsed 50000 number of lines!!
[LEF] Parsed 50500 number of lines!!
[LEF] Parsed 51000 number of lines!!
[LEF] Parsed 51500 number of lines!!
[LEF] Parsed 52000 number of lines!!
[LEF] Parsed 52500 number of lines!!
[LEF] Parsed 53000 number of lines!!
[LEF] Parsed 53500 number of lines!!
[LEF] Parsed 54000 number of lines!!
[LEF] Parsed 54500 number of lines!!
[LEF] Parsed 55000 number of lines!!
[LEF] Parsed 55500 number of lines!!
[LEF] Parsed 56000 number of lines!!
[LEF] Parsed 56500 number of lines!!
[LEF] Parsed 57000 number of lines!!
[LEF] Parsed 57500 number of lines!!
[LEF] Parsed 58000 number of lines!!
[LEF] Parsed 58500 number of lines!!
[LEF] Parsed 59000 number of lines!!
[LEF] Parsed 59500 number of lines!!
[LEF] Parsed 60000 number of lines!!
[LEF] Parsed 60500 number of lines!!
[LEF] Parsed 61000 number of lines!!
[LEF] Parsed 61500 number of lines!!
[LEF] Parsed 62000 number of lines!!
[PROC] End LefParsing
[PROC] Begin DefParsing ...
WARNING (DEFPARS-7011): The NAMESCASESENSITIVE statement is obsolete in version 5.6 and later.
The DEF parser will ignore this statement. See file /openLANE_flow/designs/sb_3__0_/runs/01-09_10-22//results/floorplan/sb_3__0_.floorplan.def at line 2.

[PROC] End DefParsing
[INFO] DefUnit = 1000
[INFO] LefMetal1Name = li1
[INFO] DefSiteName = unithd
[INFO] ScaleDownUnit = 302.222229
[INFO] OffsetCoordi = (2640.000000, 0.000000)
[INFO] RowSize = (1.522059, 9.000000)
[INFO] NumRows = 157
[INFO] MacroCount = 0
[INFO] NumModules = 54
[INFO] NumTerminals = 2755
[INFO] Inserted Dummy Terms = 0
[PROC] Begin Generate Un-fragmented Rows ...
[INFO] CoreAreaLxLy = (27.000000, 36.000000)
[INFO] CoreAreaUxUy = (1440.992554, 1449.000000)
[INFO] RowSize = (1.522059, 9.000000)
[INFO] NumRows = 157
[PROC] End Generate Un-fragmented Rows
[PROC] Begin DEF Net Parsing ...
[INFO] NumNets = 129
[INFO] NumPins = 256
[PROC] End DEF Net Parsing
[PROC] LEF/DEF Parsing Success!
[INFO] AspectRatio = 0.999298
[INFO] RowMinXY = (27.000000, 36.000000)
[INFO] RowMaxXY = (1440.992676, 1449.000000)
[INFO] NumPlaceStdCells = 54
[INFO] NumPlaceMacros = 0
[INFO] RowSize = (1.522059, 9.000000)
[INFO] NumRows = 157
[INFO] GlobalAreaLxLy = (9.496324, 6.617647)
[INFO] GlobalAreaUxUy = (1458.496338, 1479.590088)
[INFO] PlaceAreaLxLy = (27.000000, 36.000000)
[INFO] PlaceAreaUxUy = (1440.992676, 1449.000000)
[INFO] TotalPlaceArea = 1997971.625000
[INFO] TotalFixedArea = 45548.359375
[INFO] TotalWhiteSpaceArea = 1952423.250000
[INFO] TotalPlaceMacrosArea = 0.000000
[INFO] TotalPlaceStdCellsArea = 17999.865234
[INFO] Util(%) = 0.900907
[INFO] 80pCellArea = 335.194550
[INFO] FillerInit: TotalFillerArea = 1739181.000000
[INFO] FillerInit: NumFillerCells = 5189
[INFO] FillerInit: FillerCellArea = 335.194733
[INFO] FillerInit: FillerCellSize = (37.243858, 9.000000)
[INFO] FillerInit: NumCells = 5243
[INFO] FillerInit: NumModules = 54
[INFO] FillerInit: NumFillers = 5189
INFO:  D_MSH = 1024 
INFO:  MSH(X, Y) = (32, 32)
[INFO] TierInit: TierUtil = 0.009009
[INFO] TierInit: NumModules = 54
[INFO] TierInit: PlaceArea = 1997971.625000
[INFO] TierInit: CoreSpacingArea = 0.000000
[INFO] TierInit: TerminalArea = 45548.359375
[INFO] TierInit: ModuleArea = 17999.865234
[INFO] TierInit: FillerArea = 1739181.000000
[INFO] TierInit: NumFillers = 5189
[INFO] TierInit: FillerMinIdx = 54
[INFO] TierInit: FillerMaxIdx = 5243
INFO:  dim_bin_cGP2D.(x,y) = (64, 64)
cell Init 2D:
tier->bin_stp: (22.0936 22.0781)
tier->half_bin_stp: (11.0468 11.0391)
PROC:  Start NESTEROV's Optimization
PROC:    Global Lagrangian Multiplier is Applied

ITER: 0
    HPWL=32047.734375
    OVFL=0.872045
    HPWL=(17310.582031, 14737.153320)
    POTN=2.689826E+06
    PHIC=6.719879E-10
    GRAD=2.636233E-02
    NuBT=0
    CPU =0.000000

ITER: 1
    HPWL=32047.519531
    OVFL=0.872045
    HPWL=(17310.460938, 14737.058594)
    POTN=2.689812E+06
    PHIC=7.055873E-10
    GRAD=4.158189E-02
    NuBT=1
    CPU =0.001815

ITER: 2
    HPWL=32046.757812
    OVFL=0.872043
    HPWL=(17310.035156, 14736.721680)
    POTN=2.689770E+06
    PHIC=7.408666E-10
    GRAD=4.158132E-02
    NuBT=1
    CPU =0.000894

ITER: 3
    HPWL=13823.195312
    OVFL=0.667516
    HPWL=(6403.218262, 7419.976562)
    POTN=2.131884E+06
    PHIC=7.779099E-10
    GRAD=1.274542E-02
    NuBT=2
    CPU =0.001662

ITER: 4
    HPWL=11272.332031
    OVFL=0.620332
    HPWL=(5083.632324, 6188.700195)
    POTN=2.096732E+06
    PHIC=8.168053E-10
    GRAD=1.672622E-02
    NuBT=2
    CPU =0.001652

ITER: 5
    HPWL=9976.786133
    OVFL=0.566181
    HPWL=(4467.995605, 5508.790527)
    POTN=2.057801E+06
    PHIC=8.576456E-10
    GRAD=1.028189E-02
    NuBT=3
    CPU =0.002446

ITER: 6
    HPWL=9263.589844
    OVFL=0.563092
    HPWL=(4104.739258, 5158.850098)
    POTN=1.980429E+06
    PHIC=9.005278E-10
    GRAD=9.026684E-03
    NuBT=2
    CPU =0.001666

ITER: 7
    HPWL=9246.005859
    OVFL=0.494154
    HPWL=(4094.534912, 5151.470703)
    POTN=1.939943E+06
    PHIC=9.455542E-10
    GRAD=9.349579E-03
    NuBT=1
    CPU =0.000901

ITER: 8
    HPWL=9075.785156
    OVFL=0.502837
    HPWL=(4010.313965, 5065.471680)
    POTN=1.895800E+06
    PHIC=9.928318E-10
    GRAD=1.263039E-02
    NuBT=2
    CPU =0.001693

ITER: 9
    HPWL=9106.462891
    OVFL=0.433475
    HPWL=(4032.996582, 5073.466309)
    POTN=1.870390E+06
    PHIC=1.042469E-09
    GRAD=1.283474E-02
    NuBT=2
    CPU =0.001661

ITER: 10
    HPWL=8863.749023
    OVFL=0.440565
    HPWL=(3907.189209, 4956.559570)
    POTN=1.841818E+06
    PHIC=1.094592E-09
    GRAD=1.678061E-02
    NuBT=2
    CPU =0.001648

ITER: 11
    HPWL=8841.614258
    OVFL=0.406501
    HPWL=(3902.539795, 4939.074707)
    POTN=1.820531E+06
    PHIC=1.149322E-09
    GRAD=1.663342E-02
    NuBT=1
    CPU =0.000876

ITER: 12
    HPWL=8726.965820
    OVFL=0.383944
    HPWL=(3847.067627, 4879.898438)
    POTN=1.794683E+06
    PHIC=1.206788E-09
    GRAD=1.932029E-02
    NuBT=2
    CPU =0.001658

ITER: 13
    HPWL=8652.556641
    OVFL=0.376538
    HPWL=(3816.626221, 4835.930176)
    POTN=1.772314E+06
    PHIC=1.267127E-09
    GRAD=2.150794E-02
    NuBT=2
    CPU =0.001659

ITER: 14
    HPWL=8591.974609
    OVFL=0.340464
    HPWL=(3793.450195, 4798.524414)
    POTN=1.751100E+06
    PHIC=1.330484E-09
    GRAD=2.242546E-02
    NuBT=2
    CPU =0.001720

ITER: 15
    HPWL=8470.163086
    OVFL=0.341217
    HPWL=(3736.048096, 4734.114746)
    POTN=1.731818E+06
    PHIC=1.397008E-09
    GRAD=2.590250E-02
    NuBT=2
    CPU =0.001659

ITER: 16
    HPWL=8431.782227
    OVFL=0.285983
    HPWL=(3725.536865, 4706.245117)
    POTN=1.708569E+06
    PHIC=1.466858E-09
    GRAD=2.625010E-02
    NuBT=2
    CPU =0.001663

ITER: 17
    HPWL=8283.741211
    OVFL=0.301046
    HPWL=(3656.030273, 4627.710938)
    POTN=1.692003E+06
    PHIC=1.540201E-09
    GRAD=3.207840E-02
    NuBT=2
    CPU =0.001649

ITER: 18
    HPWL=8261.655273
    OVFL=0.267615
    HPWL=(3651.903564, 4609.751465)
    POTN=1.671697E+06
    PHIC=1.617211E-09
    GRAD=3.095605E-02
    NuBT=1
    CPU =0.000875

ITER: 19
    HPWL=8160.770508
    OVFL=0.271959
    HPWL=(3613.272461, 4547.498047)
    POTN=1.654998E+06
    PHIC=1.698071E-09
    GRAD=3.470121E-02
    NuBT=2
    CPU =0.001654

ITER: 20
    HPWL=8108.613770
    OVFL=0.217470
    HPWL=(3594.912109, 4513.701660)
    POTN=1.637306E+06
    PHIC=1.782975E-09
    GRAD=3.456239E-02
    NuBT=2
    CPU =0.001701

ITER: 21
    HPWL=7984.266602
    OVFL=0.235320
    HPWL=(3542.718262, 4441.548340)
    POTN=1.624362E+06
    PHIC=1.872123E-09
    GRAD=4.060351E-02
    NuBT=2
    CPU =0.001677

ITER: 22
    HPWL=7962.912109
    OVFL=0.192045
    HPWL=(3541.926025, 4420.986328)
    POTN=1.610056E+06
    PHIC=1.965729E-09
    GRAD=3.945571E-02
    NuBT=1
    CPU =0.000868

ITER: 23
    HPWL=7847.099609
    OVFL=0.210308
    HPWL=(3495.348145, 4351.751465)
    POTN=1.600773E+06
    PHIC=2.064016E-09
    GRAD=4.378441E-02
    NuBT=2
    CPU =0.001650

ITER: 24
    HPWL=7822.583008
    OVFL=0.187561
    HPWL=(3498.563965, 4324.019043)
    POTN=1.589952E+06
    PHIC=2.167216E-09
    GRAD=4.268382E-02
    NuBT=1
    CPU =0.000870

ITER: 25
    HPWL=7730.204102
    OVFL=0.187989
    HPWL=(3466.587402, 4263.616699)
    POTN=1.583198E+06
    PHIC=2.275577E-09
    GRAD=4.485147E-02
    NuBT=2
    CPU =0.001640

ITER: 26
    HPWL=7662.459961
    OVFL=0.181394
    HPWL=(3448.357666, 4214.102539)
    POTN=1.574801E+06
    PHIC=2.389356E-09
    GRAD=4.491414E-02
    NuBT=2
    CPU =0.001645

ITER: 27
    HPWL=7595.144043
    OVFL=0.153395
    HPWL=(3432.470215, 4162.673828)
    POTN=1.569799E+06
    PHIC=2.508824E-09
    GRAD=4.574172E-02
    NuBT=2
    CPU =0.001689

ITER: 28
    HPWL=7497.343750
    OVFL=0.164206
    HPWL=(3400.336182, 4097.007812)
    POTN=1.561104E+06
    PHIC=2.634265E-09
    GRAD=4.787364E-02
    NuBT=2
    CPU =0.001677

ITER: 29
    HPWL=7452.241699
    OVFL=0.139671
    HPWL=(3399.883789, 4052.357910)
    POTN=1.556268E+06
    PHIC=2.765978E-09
    GRAD=4.748351E-02
    NuBT=2
    CPU =0.001657

ITER: 30
    HPWL=7366.741211
    OVFL=0.132027
    HPWL=(3377.908447, 3988.832764)
    POTN=1.548291E+06
    PHIC=2.904276E-09
    GRAD=4.919964E-02
    NuBT=2
    CPU =0.001660

ITER: 31
    HPWL=7307.358887
    OVFL=0.139976
    HPWL=(3374.173584, 3933.185303)
    POTN=1.543159E+06
    PHIC=3.049490E-09
    GRAD=4.982209E-02
    NuBT=2
    CPU =0.001643

ITER: 32
    HPWL=7269.185547
    OVFL=0.114656
    HPWL=(3384.535156, 3884.650391)
    POTN=1.535780E+06
    PHIC=3.201964E-09
    GRAD=4.976217E-02
    NuBT=2
    CPU =0.001655

ITER: 33
    HPWL=7190.122070
    OVFL=0.117643
    HPWL=(3371.664307, 3818.458008)
    POTN=1.531752E+06
    PHIC=3.362062E-09
    GRAD=5.088548E-02
    NuBT=2
    CPU =0.001694

ITER: 34
    HPWL=7144.083984
    OVFL=0.114173
    HPWL=(3377.551514, 3766.532471)
    POTN=1.527555E+06
    PHIC=3.530165E-09
    GRAD=5.106630E-02
    NuBT=2
    CPU =0.001670

ITER: 35
    HPWL=7091.697266
    OVFL=0.099789
    HPWL=(3379.776123, 3711.920898)
    POTN=1.527917E+06
    PHIC=3.706673E-09
    GRAD=5.145118E-02
    NuBT=2
    CPU =0.001651

ITER: 36
    HPWL=7023.723633
    OVFL=0.106992
    HPWL=(3373.055908, 3650.667480)
    POTN=1.527350E+06
    PHIC=3.892007E-09
    GRAD=5.184406E-02
    NuBT=2
    CPU =0.001648

ITER: 37
    HPWL=6993.708008
    OVFL=0.102546
    HPWL=(3387.577637, 3606.130371)
    POTN=1.530491E+06
    PHIC=4.086607E-09
    GRAD=5.251230E-02
    NuBT=1
    CPU =0.000857

ITER: 38
    HPWL=6940.451660
    OVFL=0.091497
    HPWL=(3388.799316, 3551.652344)
    POTN=1.530967E+06
    PHIC=4.290937E-09
    GRAD=5.291772E-02
    NuBT=1
    CPU =0.000869

ITER: 39
    HPWL=6873.965332
    OVFL=0.108980
    HPWL=(3382.393555, 3491.571777)
    POTN=1.534542E+06
    PHIC=4.505484E-09
    GRAD=5.259629E-02
    NuBT=1
    CPU =0.000868

ITER: 40
    HPWL=6811.975586
    OVFL=0.101765
    HPWL=(3378.325195, 3433.650635)
    POTN=1.534820E+06
    PHIC=4.730758E-09
    GRAD=5.176447E-02
    NuBT=1
    CPU =0.000871

ITER: 41
    HPWL=6747.976562
    OVFL=0.098022
    HPWL=(3373.073730, 3374.902588)
    POTN=1.536683E+06
    PHIC=4.967295E-09
    GRAD=5.182756E-02
    NuBT=1
    CPU =0.000871

ITER: 42
    HPWL=6706.187500
    OVFL=0.124285
    HPWL=(3379.781250, 3326.406250)
    POTN=1.536411E+06
    PHIC=5.215660E-09
    GRAD=5.244732E-02
    NuBT=1
    CPU =0.000918

ITER: 43
    HPWL=6659.899414
    OVFL=0.108344
    HPWL=(3383.614258, 3276.284912)
    POTN=1.537304E+06
    PHIC=5.476443E-09
    GRAD=5.110943E-02
    NuBT=1
    CPU =0.000899

ITER: 44
    HPWL=6574.885742
    OVFL=0.130223
    HPWL=(3366.152588, 3208.732910)
    POTN=1.536793E+06
    PHIC=5.750265E-09
    GRAD=5.101850E-02
    NuBT=1
    CPU =0.000873

ITER: 45
    HPWL=6536.323730
    OVFL=0.152281
    HPWL=(3373.578613, 3162.745117)
    POTN=1.538808E+06
    PHIC=6.037778E-09
    GRAD=5.003915E-02
    NuBT=1
    CPU =0.000862

ITER: 46
    HPWL=6484.775391
    OVFL=0.145378
    HPWL=(3373.580566, 3111.194824)
    POTN=1.539765E+06
    PHIC=6.339667E-09
    GRAD=4.819556E-02
    NuBT=1
    CPU =0.000875

ITER: 47
    HPWL=6418.623535
    OVFL=0.191119
    HPWL=(3364.514648, 3054.108887)
    POTN=1.544307E+06
    PHIC=6.656649E-09
    GRAD=4.835661E-02
    NuBT=1
    CPU =0.000877

ITER: 48
    HPWL=6394.690430
    OVFL=0.165129
    HPWL=(3374.917969, 3019.772705)
    POTN=1.546533E+06
    PHIC=6.989481E-09
    GRAD=4.424745E-02
    NuBT=1
    CPU =0.000873

ITER: 49
    HPWL=6332.123535
    OVFL=0.205505
    HPWL=(3360.993408, 2971.130127)
    POTN=1.552014E+06
    PHIC=7.338955E-09
    GRAD=4.644671E-02
    NuBT=1
    CPU =0.000873

ITER: 50
    HPWL=6330.653320
    OVFL=0.185002
    HPWL=(3378.958740, 2951.694824)
    POTN=1.554134E+06
    PHIC=7.705903E-09
    GRAD=4.271419E-02
    NuBT=1
    CPU =0.000872

ITER: 51
    HPWL=6283.434570
    OVFL=0.202116
    HPWL=(3374.182129, 2909.252686)
    POTN=1.558807E+06
    PHIC=8.091197E-09
    GRAD=4.483587E-02
    NuBT=1
    CPU =0.000877

ITER: 52
    HPWL=6263.566895
    OVFL=0.186979
    HPWL=(3384.435791, 2879.131104)
    POTN=1.560502E+06
    PHIC=8.495756E-09
    GRAD=4.333407E-02
    NuBT=1
    CPU =0.000872

ITER: 53
    HPWL=6219.210938
    OVFL=0.184284
    HPWL=(3384.370117, 2834.840820)
    POTN=1.565884E+06
    PHIC=8.920543E-09
    GRAD=4.512513E-02
    NuBT=1
    CPU =0.000897

ITER: 54
    HPWL=6185.901855
    OVFL=0.184907
    HPWL=(3392.107422, 2793.794434)
    POTN=1.568721E+06
    PHIC=9.366570E-09
    GRAD=4.579392E-02
    NuBT=1
    CPU =0.000905

ITER: 55
    HPWL=6142.458008
    OVFL=0.170693
    HPWL=(3395.520752, 2746.937500)
    POTN=1.574222E+06
    PHIC=9.834897E-09
    GRAD=4.588960E-02
    NuBT=1
    CPU =0.000882

ITER: 56
    HPWL=6084.431641
    OVFL=0.179876
    HPWL=(3390.795166, 2693.636230)
    POTN=1.575872E+06
    PHIC=1.032664E-08
    GRAD=4.726663E-02
    NuBT=1
    CPU =0.000875

ITER: 57
    HPWL=6049.319336
    OVFL=0.168726
    HPWL=(3398.577393, 2650.741943)
    POTN=1.579671E+06
    PHIC=1.084297E-08
    GRAD=4.663932E-02
    NuBT=1
    CPU =0.000885

ITER: 58
    HPWL=5992.557617
    OVFL=0.179926
    HPWL=(3394.926514, 2597.630859)
    POTN=1.579459E+06
    PHIC=1.138512E-08
    GRAD=4.770655E-02
    NuBT=1
    CPU =0.000874

ITER: 59
    HPWL=5955.749512
    OVFL=0.159713
    HPWL=(3401.697754, 2554.051758)
    POTN=1.579543E+06
    PHIC=1.195438E-08
    GRAD=4.679799E-02
    NuBT=1
    CPU =0.000873

ITER: 60
    HPWL=5899.452637
    OVFL=0.169554
    HPWL=(3397.803955, 2501.648682)
    POTN=1.575613E+06
    PHIC=1.255210E-08
    GRAD=4.884321E-02
    NuBT=1
    CPU =0.000876

ITER: 61
    HPWL=5874.131836
    OVFL=0.143199
    HPWL=(3410.363281, 2463.768311)
    POTN=1.572459E+06
    PHIC=1.317970E-08
    GRAD=4.850280E-02
    NuBT=1
    CPU =0.000863

ITER: 62
    HPWL=5785.836426
    OVFL=0.158489
    HPWL=(3388.869141, 2396.967285)
    POTN=1.567460E+06
    PHIC=1.383868E-08
    GRAD=4.993740E-02
    NuBT=2
    CPU =0.001656

ITER: 63
    HPWL=5775.750000
    OVFL=0.127578
    HPWL=(3402.901367, 2372.848389)
    POTN=1.564675E+06
    PHIC=1.453062E-08
    GRAD=4.928871E-02
    NuBT=1
    CPU =0.000874

ITER: 64
    HPWL=5705.420898
    OVFL=0.163158
    HPWL=(3384.765625, 2320.655029)
    POTN=1.560414E+06
    PHIC=1.525715E-08
    GRAD=5.101693E-02
    NuBT=2
    CPU =0.001725

ITER: 65
    HPWL=5704.497070
    OVFL=0.131146
    HPWL=(3405.069824, 2299.427246)
    POTN=1.557810E+06
    PHIC=1.602000E-08
    GRAD=4.892119E-02
    NuBT=1
    CPU =0.000877

ITER: 66
    HPWL=5643.772949
    OVFL=0.165062
    HPWL=(3392.868652, 2250.904297)
    POTN=1.553246E+06
    PHIC=1.682101E-08
    GRAD=5.128616E-02
    NuBT=1
    CPU =0.000865

ITER: 67
    HPWL=5630.735352
    OVFL=0.149530
    HPWL=(3407.879639, 2222.855957)
    POTN=1.549376E+06
    PHIC=1.766205E-08
    GRAD=4.888088E-02
    NuBT=1
    CPU =0.000876

ITER: 68
    HPWL=5552.341797
    OVFL=0.166351
    HPWL=(3387.759033, 2164.582520)
    POTN=1.545021E+06
    PHIC=1.854516E-08
    GRAD=4.927826E-02
    NuBT=1
    CPU =0.000873

ITER: 69
    HPWL=5520.830078
    OVFL=0.173464
    HPWL=(3393.893555, 2126.936523)
    POTN=1.542942E+06
    PHIC=1.947241E-08
    GRAD=4.791385E-02
    NuBT=1
    CPU =0.000877

ITER: 70
    HPWL=5496.907715
    OVFL=0.155928
    HPWL=(3397.184570, 2099.723145)
    POTN=1.542383E+06
    PHIC=2.044603E-08
    GRAD=4.730548E-02
    NuBT=1
    CPU =0.000875

ITER: 71
    HPWL=5464.619141
    OVFL=0.206261
    HPWL=(3396.128906, 2068.489990)
    POTN=1.544963E+06
    PHIC=2.146833E-08
    GRAD=4.914295E-02
    NuBT=1
    CPU =0.000874

ITER: 72
    HPWL=5460.316406
    OVFL=0.215968
    HPWL=(3411.054199, 2049.262451)
    POTN=1.545529E+06
    PHIC=2.254175E-08
    GRAD=4.400393E-02
    NuBT=1
    CPU =0.000876

ITER: 73
    HPWL=5358.413574
    OVFL=0.207654
    HPWL=(3372.354736, 1986.058960)
    POTN=1.546688E+06
    PHIC=2.366883E-08
    GRAD=4.120642E-02
    NuBT=1
    CPU =0.000875

ITER: 74
    HPWL=5326.963867
    OVFL=0.243112
    HPWL=(3371.642334, 1955.321289)
    POTN=1.544694E+06
    PHIC=2.485227E-08
    GRAD=4.210936E-02
    NuBT=1
    CPU =0.000901

ITER: 75
    HPWL=5356.135742
    OVFL=0.235529
    HPWL=(3401.208252, 1954.927246)
    POTN=1.542873E+06
    PHIC=2.609478E-08
    GRAD=3.869738E-02
    NuBT=2
    CPU =0.001690

ITER: 76
    HPWL=5346.053223
    OVFL=0.255311
    HPWL=(3412.925781, 1933.127441)
    POTN=1.537649E+06
    PHIC=2.739952E-08
    GRAD=3.979784E-02
    NuBT=1
    CPU =0.000874

ITER: 77
    HPWL=5328.699219
    OVFL=0.281412
    HPWL=(3412.917236, 1915.782104)
    POTN=1.533611E+06
    PHIC=2.876949E-08
    GRAD=3.735616E-02
    NuBT=1
    CPU =0.000873

ITER: 78
    HPWL=5286.348633
    OVFL=0.281057
    HPWL=(3404.428711, 1881.919678)
    POTN=1.528747E+06
    PHIC=3.020797E-08
    GRAD=3.339917E-02
    NuBT=1
    CPU =0.000874

ITER: 79
    HPWL=5239.576172
    OVFL=0.288215
    HPWL=(3393.966309, 1845.609619)
    POTN=1.525981E+06
    PHIC=3.171836E-08
    GRAD=3.298544E-02
    NuBT=1
    CPU =0.000877

ITER: 80
    HPWL=5256.560547
    OVFL=0.278194
    HPWL=(3414.684570, 1841.875732)
    POTN=1.523207E+06
    PHIC=3.330420E-08
    GRAD=3.263703E-02
    NuBT=1
    CPU =0.000876

ITER: 81
    HPWL=5229.210449
    OVFL=0.280952
    HPWL=(3409.972412, 1819.238037)
    POTN=1.523014E+06
    PHIC=3.496941E-08
    GRAD=3.373789E-02
    NuBT=2
    CPU =0.001648

ITER: 82
    HPWL=5231.297363
    OVFL=0.304979
    HPWL=(3417.711914, 1813.585327)
    POTN=1.521726E+06
    PHIC=3.671787E-08
    GRAD=3.381567E-02
    NuBT=1
    CPU =0.000875

ITER: 83
    HPWL=5232.343750
    OVFL=0.305277
    HPWL=(3430.033936, 1802.309814)
    POTN=1.518666E+06
    PHIC=3.855376E-08
    GRAD=3.097011E-02
    NuBT=1
    CPU =0.000875

ITER: 84
    HPWL=5167.355957
    OVFL=0.331403
    HPWL=(3409.747559, 1757.608521)
    POTN=1.513390E+06
    PHIC=4.048144E-08
    GRAD=3.018614E-02
    NuBT=1
    CPU =0.000917

ITER: 85
    HPWL=5143.378906
    OVFL=0.318033
    HPWL=(3407.747803, 1735.630859)
    POTN=1.509791E+06
    PHIC=4.250551E-08
    GRAD=2.698247E-02
    NuBT=1
    CPU =0.000898

ITER: 86
    HPWL=5144.606934
    OVFL=0.357643
    HPWL=(3423.385254, 1721.221802)
    POTN=1.500220E+06
    PHIC=4.463077E-08
    GRAD=2.859647E-02
    NuBT=1
    CPU =0.000877

ITER: 87
    HPWL=5182.189453
    OVFL=0.345811
    HPWL=(3445.006592, 1737.183105)
    POTN=1.491394E+06
    PHIC=4.686206E-08
    GRAD=2.461727E-02
    NuBT=1
    CPU =0.000876

ITER: 88
    HPWL=5150.006836
    OVFL=0.385477
    HPWL=(3435.025391, 1714.981445)
    POTN=1.479501E+06
    PHIC=4.920516E-08
    GRAD=2.536904E-02
    NuBT=1
    CPU =0.000863

ITER: 89
    HPWL=5167.294434
    OVFL=0.357449
    HPWL=(3444.607910, 1722.686523)
    POTN=1.467515E+06
    PHIC=5.166529E-08
    GRAD=2.128618E-02
    NuBT=1
    CPU =0.000877

ITER: 90
    HPWL=5184.945312
    OVFL=0.405809
    HPWL=(3458.089600, 1726.855713)
    POTN=1.454742E+06
    PHIC=5.424842E-08
    GRAD=2.401277E-02
    NuBT=1
    CPU =0.000876

ITER: 91
    HPWL=5226.898926
    OVFL=0.383908
    HPWL=(3467.671875, 1759.227173)
    POTN=1.444350E+06
    PHIC=5.696050E-08
    GRAD=1.951632E-02
    NuBT=2
    CPU =0.001655

ITER: 92
    HPWL=5231.227539
    OVFL=0.402228
    HPWL=(3471.816895, 1759.410522)
    POTN=1.430061E+06
    PHIC=5.980849E-08
    GRAD=2.129897E-02
    NuBT=1
    CPU =0.000877

ITER: 93
    HPWL=5284.660645
    OVFL=0.416037
    HPWL=(3494.528809, 1790.131714)
    POTN=1.418627E+06
    PHIC=6.279844E-08
    GRAD=1.991367E-02
    NuBT=1
    CPU =0.000876

ITER: 94
    HPWL=5335.200195
    OVFL=0.379520
    HPWL=(3523.238281, 1811.962158)
    POTN=1.400705E+06
    PHIC=6.593789E-08
    GRAD=1.890628E-02
    NuBT=1
    CPU =0.000900

ITER: 95
    HPWL=5263.761230
    OVFL=0.411818
    HPWL=(3488.906006, 1774.855347)
    POTN=1.384903E+06
    PHIC=6.923478E-08
    GRAD=2.170680E-02
    NuBT=2
    CPU =0.001694

ITER: 96
    HPWL=5248.905273
    OVFL=0.349392
    HPWL=(3465.962402, 1782.942871)
    POTN=1.368051E+06
    PHIC=7.269652E-08
    GRAD=1.880341E-02
    NuBT=1
    CPU =0.000875

ITER: 97
    HPWL=5166.552246
    OVFL=0.370398
    HPWL=(3424.577393, 1741.974731)
    POTN=1.352365E+06
    PHIC=7.633134E-08
    GRAD=2.446305E-02
    NuBT=2
    CPU =0.001659

ITER: 98
    HPWL=5122.656250
    OVFL=0.331694
    HPWL=(3376.947510, 1745.708862)
    POTN=1.337581E+06
    PHIC=8.014791E-08
    GRAD=2.235140E-02
    NuBT=1
    CPU =0.000877

ITER: 99
    HPWL=5117.779297
    OVFL=0.318084
    HPWL=(3380.154785, 1737.624756)
    POTN=1.325067E+06
    PHIC=8.415530E-08
    GRAD=2.642634E-02
    NuBT=2
    CPU =0.001651

ITER: 100
    HPWL=5121.535156
    OVFL=0.338981
    HPWL=(3375.122070, 1746.413208)
    POTN=1.315608E+06
    PHIC=8.836301E-08
    GRAD=2.821804E-02
    NuBT=2
    CPU =0.001661

ITER: 101
    HPWL=5153.675781
    OVFL=0.289198
    HPWL=(3398.696045, 1754.979736)
    POTN=1.307864E+06
    PHIC=9.278074E-08
    GRAD=2.605027E-02
    NuBT=2
    CPU =0.001694

ITER: 102
    HPWL=5094.870117
    OVFL=0.323257
    HPWL=(3372.746582, 1722.123535)
    POTN=1.301058E+06
    PHIC=9.741977E-08
    GRAD=3.146574E-02
    NuBT=2
    CPU =0.001673

ITER: 103
    HPWL=5119.745605
    OVFL=0.333379
    HPWL=(3380.446289, 1739.299194)
    POTN=1.297535E+06
    PHIC=1.022904E-07
    GRAD=2.784681E-02
    NuBT=1
    CPU =0.000872

ITER: 104
    HPWL=5178.957520
    OVFL=0.328662
    HPWL=(3424.235352, 1754.722168)
    POTN=1.291801E+06
    PHIC=1.074040E-07
    GRAD=2.692191E-02
    NuBT=2
    CPU =0.001647

ITER: 105
    HPWL=5173.817383
    OVFL=0.343166
    HPWL=(3424.023193, 1749.794434)
    POTN=1.287867E+06
    PHIC=1.127742E-07
    GRAD=2.733648E-02
    NuBT=2
    CPU =0.001635

ITER: 106
    HPWL=5190.776367
    OVFL=0.362161
    HPWL=(3435.182861, 1755.593384)
    POTN=1.284453E+06
    PHIC=1.184126E-07
    GRAD=2.580570E-02
    NuBT=1
    CPU =0.000872

ITER: 107
    HPWL=5189.836426
    OVFL=0.363478
    HPWL=(3438.462402, 1751.374023)
    POTN=1.281416E+06
    PHIC=1.243332E-07
    GRAD=2.358626E-02
    NuBT=1
    CPU =0.000868

ITER: 108
    HPWL=5172.693848
    OVFL=0.382683
    HPWL=(3434.649414, 1738.044434)
    POTN=1.277917E+06
    PHIC=1.305499E-07
    GRAD=2.318771E-02
    NuBT=1
    CPU =0.000869

ITER: 109
    HPWL=5188.383789
    OVFL=0.421166
    HPWL=(3445.314941, 1743.068726)
    POTN=1.277032E+06
    PHIC=1.370771E-07
    GRAD=2.129280E-02
    NuBT=1
    CPU =0.000869

ITER: 110
    HPWL=5203.767090
    OVFL=0.405067
    HPWL=(3456.650879, 1747.116089)
    POTN=1.274565E+06
    PHIC=1.439306E-07
    GRAD=1.778139E-02
    NuBT=1
    CPU =0.000922

ITER: 111
    HPWL=5186.556641
    OVFL=0.448069
    HPWL=(3457.933105, 1728.623291)
    POTN=1.272070E+06
    PHIC=1.511271E-07
    GRAD=1.894030E-02
    NuBT=1
    CPU =0.000901

ITER: 112
    HPWL=5204.620117
    OVFL=0.427043
    HPWL=(3467.645996, 1736.974243)
    POTN=1.270137E+06
    PHIC=1.586831E-07
    GRAD=1.545963E-02
    NuBT=2
    CPU =0.001647

ITER: 113
    HPWL=5229.649414
    OVFL=0.457975
    HPWL=(3494.749512, 1734.899780)
    POTN=1.264612E+06
    PHIC=1.666167E-07
    GRAD=1.704404E-02
    NuBT=1
    CPU =0.000874

ITER: 114
    HPWL=5246.754883
    OVFL=0.460961
    HPWL=(3498.896484, 1747.858521)
    POTN=1.259631E+06
    PHIC=1.749471E-07
    GRAD=1.475275E-02
    NuBT=2
    CPU =0.001655

ITER: 115
    HPWL=5300.069336
    OVFL=0.471844
    HPWL=(3539.628174, 1760.440918)
    POTN=1.249421E+06
    PHIC=1.836930E-07
    GRAD=1.460858E-02
    NuBT=1
    CPU =0.000876

ITER: 116
    HPWL=5341.223145
    OVFL=0.439857
    HPWL=(3567.839600, 1773.383667)
    POTN=1.239432E+06
    PHIC=1.928766E-07
    GRAD=1.396429E-02
    NuBT=2
    CPU =0.001645

ITER: 117
    HPWL=5324.638672
    OVFL=0.463395
    HPWL=(3566.581055, 1758.057373)
    POTN=1.226216E+06
    PHIC=2.025204E-07
    GRAD=1.620913E-02
    NuBT=2
    CPU =0.001659

ITER: 118
    HPWL=5314.634766
    OVFL=0.463953
    HPWL=(3539.096924, 1775.537720)
    POTN=1.211156E+06
    PHIC=2.126464E-07
    GRAD=1.464847E-02
    NuBT=1
    CPU =0.000927

ITER: 119
    HPWL=5353.467285
    OVFL=0.417020
    HPWL=(3562.397949, 1791.069458)
    POTN=1.195032E+06
    PHIC=2.232775E-07
    GRAD=1.479508E-02
    NuBT=1
    CPU =0.000898

ITER: 120
    HPWL=5258.573242
    OVFL=0.449341
    HPWL=(3506.103760, 1752.469238)
    POTN=1.176554E+06
    PHIC=2.344413E-07
    GRAD=1.805652E-02
    NuBT=2
    CPU =0.001654

ITER: 121
    HPWL=5228.614258
    OVFL=0.380024
    HPWL=(3453.905029, 1774.708984)
    POTN=1.160982E+06
    PHIC=2.461634E-07
    GRAD=1.565299E-02
    NuBT=1
    CPU =0.000864

ITER: 122
    HPWL=5153.748535
    OVFL=0.408266
    HPWL=(3412.295410, 1741.453247)
    POTN=1.144049E+06
    PHIC=2.584716E-07
    GRAD=2.128925E-02
    NuBT=2
    CPU =0.001658

ITER: 123
    HPWL=5143.614258
    OVFL=0.345533
    HPWL=(3387.683838, 1755.930664)
    POTN=1.125920E+06
    PHIC=2.713952E-07
    GRAD=1.883663E-02
    NuBT=1
    CPU =0.000877

ITER: 124
    HPWL=5113.604004
    OVFL=0.370321
    HPWL=(3379.398682, 1734.205200)
    POTN=1.109869E+06
    PHIC=2.849649E-07
    GRAD=2.481635E-02
    NuBT=2
    CPU =0.001655

ITER: 125
    HPWL=5145.063477
    OVFL=0.316372
    HPWL=(3388.105713, 1756.957764)
    POTN=1.091241E+06
    PHIC=2.992118E-07
    GRAD=2.260447E-02
    NuBT=1
    CPU =0.000866

ITER: 126
    HPWL=5100.092773
    OVFL=0.336768
    HPWL=(3375.691895, 1724.401123)
    POTN=1.075269E+06
    PHIC=3.141724E-07
    GRAD=2.815294E-02
    NuBT=2
    CPU =0.001707

ITER: 127
    HPWL=5141.808594
    OVFL=0.302603
    HPWL=(3397.023926, 1744.784790)
    POTN=1.057626E+06
    PHIC=3.298790E-07
    GRAD=2.628451E-02
    NuBT=1
    CPU =0.000888

ITER: 128
    HPWL=5110.570801
    OVFL=0.313626
    HPWL=(3389.328369, 1721.242554)
    POTN=1.040232E+06
    PHIC=3.463730E-07
    GRAD=2.997671E-02
    NuBT=2
    CPU =0.001662

ITER: 129
    HPWL=5128.258789
    OVFL=0.315699
    HPWL=(3399.655518, 1728.603271)
    POTN=1.024010E+06
    PHIC=3.636907E-07
    GRAD=2.895339E-02
    NuBT=2
    CPU =0.001646

ITER: 130
    HPWL=5140.818359
    OVFL=0.291815
    HPWL=(3412.011230, 1728.807373)
    POTN=1.007176E+06
    PHIC=3.818745E-07
    GRAD=2.879428E-02
    NuBT=2
    CPU =0.001652

ITER: 131
    HPWL=5107.318848
    OVFL=0.307977
    HPWL=(3395.591797, 1711.726929)
    POTN=9.917446E+05
    PHIC=4.009682E-07
    GRAD=3.139551E-02
    NuBT=2
    CPU =0.001654

ITER: 132
    HPWL=5126.205566
    OVFL=0.298529
    HPWL=(3404.377686, 1721.828003)
    POTN=9.763421E+05
    PHIC=4.210155E-07
    GRAD=2.970969E-02
    NuBT=2
    CPU =0.001676

ITER: 133
    HPWL=5119.266113
    OVFL=0.279606
    HPWL=(3402.410156, 1716.855835)
    POTN=9.614572E+05
    PHIC=4.420662E-07
    GRAD=3.076473E-02
    NuBT=2
    CPU =0.001682

ITER: 134
    HPWL=5089.981445
    OVFL=0.277361
    HPWL=(3386.412598, 1703.568848)
    POTN=9.463133E+05
    PHIC=4.641695E-07
    GRAD=3.289763E-02
    NuBT=2
    CPU =0.001659

ITER: 135
    HPWL=5085.303223
    OVFL=0.293753
    HPWL=(3382.846436, 1702.456665)
    POTN=9.321352E+05
    PHIC=4.873780E-07
    GRAD=3.328526E-02
    NuBT=2
    CPU =0.001646

ITER: 136
    HPWL=5091.048340
    OVFL=0.282091
    HPWL=(3388.306396, 1702.741943)
    POTN=9.179310E+05
    PHIC=5.117465E-07
    GRAD=3.134879E-02
    NuBT=2
    CPU =0.001652

ITER: 137
    HPWL=5091.783691
    OVFL=0.283110
    HPWL=(3392.244385, 1699.539307)
    POTN=9.055052E+05
    PHIC=5.373337E-07
    GRAD=3.276692E-02
    NuBT=1
    CPU =0.000873

ITER: 138
    HPWL=5092.441406
    OVFL=0.280896
    HPWL=(3392.603516, 1699.837891)
    POTN=8.915840E+05
    PHIC=5.642003E-07
    GRAD=3.273435E-02
    NuBT=1
    CPU =0.000878

ITER: 139
    HPWL=5084.402344
    OVFL=0.271852
    HPWL=(3390.440674, 1693.961670)
    POTN=8.786300E+05
    PHIC=5.924102E-07
    GRAD=3.295119E-02
    NuBT=1
    CPU =0.000874

ITER: 140
    HPWL=5067.206055
    OVFL=0.294126
    HPWL=(3382.719482, 1684.486328)
    POTN=8.643198E+05
    PHIC=6.220307E-07
    GRAD=3.396179E-02
    NuBT=1
    CPU =0.000899

ITER: 141
    HPWL=5057.450684
    OVFL=0.299461
    HPWL=(3378.601074, 1678.849731)
    POTN=8.515336E+05
    PHIC=6.531322E-07
    GRAD=3.115338E-02
    NuBT=1
    CPU =0.000907

ITER: 142
    HPWL=5038.442383
    OVFL=0.327363
    HPWL=(3372.664551, 1665.777832)
    POTN=8.365393E+05
    PHIC=6.857888E-07
    GRAD=3.027110E-02
    NuBT=1
    CPU =0.000866

ITER: 143
    HPWL=5043.392578
    OVFL=0.351939
    HPWL=(3376.495117, 1666.897705)
    POTN=8.222373E+05
    PHIC=7.200777E-07
    GRAD=2.696983E-02
    NuBT=1
    CPU =0.000868

ITER: 144
    HPWL=5051.979004
    OVFL=0.351803
    HPWL=(3383.238525, 1668.740356)
    POTN=8.057994E+05
    PHIC=7.560806E-07
    GRAD=2.418363E-02
    NuBT=1
    CPU =0.000868

ITER: 145
    HPWL=5076.439453
    OVFL=0.365888
    HPWL=(3398.760254, 1677.679321)
    POTN=7.876973E+05
    PHIC=7.938819E-07
    GRAD=2.417105E-02
    NuBT=1
    CPU =0.000866

ITER: 146
    HPWL=5117.050781
    OVFL=0.359482
    HPWL=(3419.526611, 1697.523926)
    POTN=7.676205E+05
    PHIC=8.335712E-07
    GRAD=2.280384E-02
    NuBT=2
    CPU =0.001632

ITER: 147
    HPWL=5139.636230
    OVFL=0.352460
    HPWL=(3430.771484, 1708.864746)
    POTN=7.478966E+05
    PHIC=8.752469E-07
    GRAD=2.350819E-02
    NuBT=2
    CPU =0.001645

ITER: 148
    HPWL=5134.977051
    OVFL=0.354501
    HPWL=(3424.778809, 1710.198120)
    POTN=7.278778E+05
    PHIC=9.190093E-07
    GRAD=2.422844E-02
    NuBT=2
    CPU =0.001643

ITER: 149
    HPWL=5148.330566
    OVFL=0.344971
    HPWL=(3427.380371, 1720.950073)
    POTN=7.079419E+05
    PHIC=9.649578E-07
    GRAD=2.414998E-02
    NuBT=1
    CPU =0.000914

ITER: 150
    HPWL=5126.131348
    OVFL=0.352163
    HPWL=(3412.004395, 1714.126953)
    POTN=6.889838E+05
    PHIC=1.013206E-06
    GRAD=2.508980E-02
    NuBT=2
    CPU =0.001678

ITER: 151
    HPWL=5119.801270
    OVFL=0.377015
    HPWL=(3404.514648, 1715.286743)
    POTN=6.717025E+05
    PHIC=1.063866E-06
    GRAD=2.433985E-02
    NuBT=1
    CPU =0.000873

ITER: 152
    HPWL=5128.734375
    OVFL=0.365418
    HPWL=(3408.934082, 1719.800049)
    POTN=6.531361E+05
    PHIC=1.117058E-06
    GRAD=2.180822E-02
    NuBT=1
    CPU =0.000874

ITER: 153
    HPWL=5118.514648
    OVFL=0.379197
    HPWL=(3408.009033, 1710.505859)
    POTN=6.364391E+05
    PHIC=1.172911E-06
    GRAD=2.282727E-02
    NuBT=1
    CPU =0.000876

ITER: 154
    HPWL=5144.986328
    OVFL=0.357676
    HPWL=(3422.872070, 1722.114136)
    POTN=6.186868E+05
    PHIC=1.231551E-06
    GRAD=2.155828E-02
    NuBT=1
    CPU =0.000873

ITER: 155
    HPWL=5141.353516
    OVFL=0.362169
    HPWL=(3423.117432, 1718.235840)
    POTN=6.028996E+05
    PHIC=1.293129E-06
    GRAD=2.369629E-02
    NuBT=2
    CPU =0.001660

ITER: 156
    HPWL=5158.884766
    OVFL=0.384489
    HPWL=(3428.061279, 1730.823730)
    POTN=5.871251E+05
    PHIC=1.357782E-06
    GRAD=2.342257E-02
    NuBT=1
    CPU =0.000866

ITER: 157
    HPWL=5191.721191
    OVFL=0.393284
    HPWL=(3442.184570, 1749.536743)
    POTN=5.678521E+05
    PHIC=1.425664E-06
    GRAD=2.140213E-02
    NuBT=1
    CPU =0.000874

ITER: 158
    HPWL=5170.521973
    OVFL=0.372281
    HPWL=(3433.012939, 1737.509033)
    POTN=5.507314E+05
    PHIC=1.496948E-06
    GRAD=2.027953E-02
    NuBT=1
    CPU =0.000883

ITER: 159
    HPWL=5170.465820
    OVFL=0.337539
    HPWL=(3436.407227, 1734.058716)
    POTN=5.297848E+05
    PHIC=1.571795E-06
    GRAD=2.223034E-02
    NuBT=1
    CPU =0.000920

ITER: 160
    HPWL=5138.856445
    OVFL=0.323321
    HPWL=(3416.148438, 1722.708008)
    POTN=5.119563E+05
    PHIC=1.650385E-06
    GRAD=2.580494E-02
    NuBT=2
    CPU =0.001673

ITER: 161
    HPWL=5131.510742
    OVFL=0.350045
    HPWL=(3399.136475, 1732.374268)
    POTN=4.929311E+05
    PHIC=1.732904E-06
    GRAD=2.763880E-02
    NuBT=2
    CPU =0.001650

ITER: 162
    HPWL=5142.003418
    OVFL=0.329258
    HPWL=(3400.673340, 1741.329956)
    POTN=4.737579E+05
    PHIC=1.819546E-06
    GRAD=2.483205E-02
    NuBT=2
    CPU =0.001661

ITER: 163
    HPWL=5163.158203
    OVFL=0.302717
    HPWL=(3417.051758, 1746.106445)
    POTN=4.557746E+05
    PHIC=1.910518E-06
    GRAD=2.723865E-02
    NuBT=1
    CPU =0.000875

ITER: 164
    HPWL=5118.847656
    OVFL=0.303874
    HPWL=(3391.872559, 1726.974854)
    POTN=4.401926E+05
    PHIC=2.006044E-06
    GRAD=3.008218E-02
    NuBT=2
    CPU =0.001656

ITER: 165
    HPWL=5145.917969
    OVFL=0.310898
    HPWL=(3403.291992, 1742.625732)
    POTN=4.250602E+05
    PHIC=2.106337E-06
    GRAD=3.042127E-02
    NuBT=1
    CPU =0.000866

ITER: 166
    HPWL=5150.934082
    OVFL=0.293584
    HPWL=(3409.433838, 1741.500366)
    POTN=4.105223E+05
    PHIC=2.211653E-06
    GRAD=2.959153E-02
    NuBT=2
    CPU =0.001712

ITER: 167
    HPWL=5153.647461
    OVFL=0.262223
    HPWL=(3413.241211, 1740.406494)
    POTN=3.965797E+05
    PHIC=2.322234E-06
    GRAD=3.172880E-02
    NuBT=1
    CPU =0.000888

ITER: 168
    HPWL=5101.740234
    OVFL=0.300445
    HPWL=(3384.884277, 1716.855957)
    POTN=3.841694E+05
    PHIC=2.438346E-06
    GRAD=3.519481E-02
    NuBT=2
    CPU =0.001658

ITER: 169
    HPWL=5126.301270
    OVFL=0.284854
    HPWL=(3395.746094, 1730.555176)
    POTN=3.695803E+05
    PHIC=2.560254E-06
    GRAD=3.091184E-02
    NuBT=1
    CPU =0.000875

ITER: 170
    HPWL=5146.016113
    OVFL=0.259253
    HPWL=(3411.800781, 1734.215332)
    POTN=3.562963E+05
    PHIC=2.688259E-06
    GRAD=3.285597E-02
    NuBT=1
    CPU =0.000865

ITER: 171
    HPWL=5104.750000
    OVFL=0.293034
    HPWL=(3387.577637, 1717.172485)
    POTN=3.439187E+05
    PHIC=2.822672E-06
    GRAD=3.563815E-02
    NuBT=2
    CPU =0.001658

ITER: 172
    HPWL=5137.976562
    OVFL=0.290537
    HPWL=(3401.804199, 1736.172485)
    POTN=3.322707E+05
    PHIC=2.963792E-06
    GRAD=3.193282E-02
    NuBT=1
    CPU =0.000883

ITER: 173
    HPWL=5153.244141
    OVFL=0.285690
    HPWL=(3413.666748, 1739.577393)
    POTN=3.212804E+05
    PHIC=3.111975E-06
    GRAD=3.217418E-02
    NuBT=1
    CPU =0.000878

ITER: 174
    HPWL=5158.176270
    OVFL=0.309736
    HPWL=(3414.493652, 1743.682739)
    POTN=3.121202E+05
    PHIC=3.267571E-06
    GRAD=3.280972E-02
    NuBT=1
    CPU =0.000877

ITER: 175
    HPWL=5170.925293
    OVFL=0.337441
    HPWL=(3419.767578, 1751.157715)
    POTN=3.041162E+05
    PHIC=3.430943E-06
    GRAD=2.992865E-02
    NuBT=1
    CPU =0.000916

ITER: 176
    HPWL=5144.237305
    OVFL=0.350488
    HPWL=(3407.499268, 1736.738281)
    POTN=2.978204E+05
    PHIC=3.602490E-06
    GRAD=2.619281E-02
    NuBT=1
    CPU =0.000903

ITER: 177
    HPWL=5123.753418
    OVFL=0.359980
    HPWL=(3399.236328, 1724.517090)
    POTN=2.906343E+05
    PHIC=3.782615E-06
    GRAD=2.444742E-02
    NuBT=1
    CPU =0.000865

ITER: 178
    HPWL=5170.566406
    OVFL=0.386620
    HPWL=(3428.834473, 1741.732056)
    POTN=2.838160E+05
    PHIC=3.971719E-06
    GRAD=2.360283E-02
    NuBT=1
    CPU =0.000875

ITER: 179
    HPWL=5202.458008
    OVFL=0.388490
    HPWL=(3449.269043, 1753.188721)
    POTN=2.735160E+05
    PHIC=4.170286E-06
    GRAD=2.101741E-02
    NuBT=2
    CPU =0.001663

ITER: 180
    HPWL=5199.856445
    OVFL=0.396506
    HPWL=(3454.072266, 1745.784424)
    POTN=2.659871E+05
    PHIC=4.378800E-06
    GRAD=2.068545E-02
    NuBT=1
    CPU =0.000876

ITER: 181
    HPWL=5211.576660
    OVFL=0.381154
    HPWL=(3463.628418, 1747.948120)
    POTN=2.535811E+05
    PHIC=4.597731E-06
    GRAD=1.994083E-02
    NuBT=1
    CPU =0.000876

ITER: 182
    HPWL=5199.168945
    OVFL=0.405360
    HPWL=(3461.464355, 1737.704590)
    POTN=2.428207E+05
    PHIC=4.827617E-06
    GRAD=2.129253E-02
    NuBT=2
    CPU =0.001650

ITER: 183
    HPWL=5196.481445
    OVFL=0.394043
    HPWL=(3456.988770, 1739.492798)
    POTN=2.293216E+05
    PHIC=5.068998E-06
    GRAD=1.906734E-02
    NuBT=1
    CPU =0.000878

ITER: 184
    HPWL=5179.654785
    OVFL=0.383275
    HPWL=(3450.591553, 1729.063110)
    POTN=2.157244E+05
    PHIC=5.322448E-06
    GRAD=1.999553E-02
    NuBT=1
    CPU =0.000884

ITER: 185
    HPWL=5176.553711
    OVFL=0.390639
    HPWL=(3446.479248, 1730.074707)
    POTN=2.015933E+05
    PHIC=5.588570E-06
    GRAD=2.104307E-02
    NuBT=1
    CPU =0.000914

ITER: 186
    HPWL=5169.284668
    OVFL=0.405966
    HPWL=(3438.483887, 1730.800659)
    POTN=1.876992E+05
    PHIC=5.867998E-06
    GRAD=2.037000E-02
    NuBT=2
    CPU =0.001673

ITER: 187
    HPWL=5163.849609
    OVFL=0.419357
    HPWL=(3433.642822, 1730.206787)
    POTN=1.725232E+05
    PHIC=6.161398E-06
    GRAD=1.896206E-02
    NuBT=1
    CPU =0.000875

ITER: 188
    HPWL=5160.058594
    OVFL=0.444801
    HPWL=(3434.852783, 1725.205933)
    POTN=1.568085E+05
    PHIC=6.469468E-06
    GRAD=1.774751E-02
    NuBT=1
    CPU =0.000866

ITER: 189
    HPWL=5177.306641
    OVFL=0.450444
    HPWL=(3450.464844, 1726.841675)
    POTN=1.397768E+05
    PHIC=6.792925E-06
    GRAD=1.571145E-02
    NuBT=1
    CPU =0.000875

ITER: 190
    HPWL=5204.240234
    OVFL=0.440706
    HPWL=(3475.550293, 1728.690063)
    POTN=1.232937E+05
    PHIC=7.132543E-06
    GRAD=1.527802E-02
    NuBT=1
    CPU =0.000877

ITER: 191
    HPWL=5257.194336
    OVFL=0.437660
    HPWL=(3511.050781, 1746.143311)
    POTN=1.049439E+05
    PHIC=7.489114E-06
    GRAD=1.612776E-02
    NuBT=2
    CPU =0.001663

ITER: 192
    HPWL=5274.497070
    OVFL=0.453926
    HPWL=(3522.214355, 1752.282471)
    POTN=8.946768E+04
    PHIC=7.863550E-06
    GRAD=1.640796E-02
    NuBT=2
    CPU =0.001661

ITER: 193
    HPWL=5320.166504
    OVFL=0.399439
    HPWL=(3543.095215, 1777.071411)
    POTN=7.705974E+04
    PHIC=8.256674E-06
    GRAD=1.542241E-02
    NuBT=1
    CPU =0.000903

ITER: 194
    HPWL=5225.712402
    OVFL=0.427924
    HPWL=(3494.870605, 1730.841797)
    POTN=7.139617E+04
    PHIC=8.669507E-06
    GRAD=1.947764E-02
    NuBT=2
    CPU =0.001696

ITER: 195
    HPWL=5191.275879
    OVFL=0.384997
    HPWL=(3456.835449, 1734.440308)
    POTN=6.899070E+04
    PHIC=9.102982E-06
    GRAD=1.706700E-02
    NuBT=1
    CPU =0.000877

ITER: 196
    HPWL=5180.667969
    OVFL=0.401423
    HPWL=(3448.872070, 1731.795776)
    POTN=7.447044E+04
    PHIC=9.558131E-06
    GRAD=2.086574E-02
    NuBT=2
    CPU =0.001663

ITER: 197
    HPWL=5194.281738
    OVFL=0.372000
    HPWL=(3442.701416, 1751.580444)
    POTN=8.243680E+04
    PHIC=1.003602E-05
    GRAD=1.961772E-02
    NuBT=2
    CPU =0.001649

ITER: 198
    HPWL=5155.720703
    OVFL=0.389954
    HPWL=(3421.592285, 1734.128296)
    POTN=9.875909E+04
    PHIC=1.053782E-05
    GRAD=2.225290E-02
    NuBT=2
    CPU =0.001659

ITER: 199
    HPWL=5180.770508
    OVFL=0.374889
    HPWL=(3432.874512, 1747.895874)
    POTN=1.148293E+05
    PHIC=1.106467E-05
    GRAD=2.074488E-02
    NuBT=2
    CPU =0.001662

ITER: 200
    HPWL=5178.714355
    OVFL=0.365310
    HPWL=(3435.259766, 1743.454590)
    POTN=1.383588E+05
    PHIC=1.161790E-05
    GRAD=2.218008E-02
    NuBT=2
    CPU =0.001718

ITER: 201
    HPWL=5164.991211
    OVFL=0.365289
    HPWL=(3429.627930, 1735.363159)
    POTN=1.579826E+05
    PHIC=1.219880E-05
    GRAD=2.307801E-02
    NuBT=2
    CPU =0.001660

ITER: 202
    HPWL=5168.065430
    OVFL=0.347272
    HPWL=(3430.583008, 1737.482666)
    POTN=1.810623E+05
    PHIC=1.280873E-05
    GRAD=2.315588E-02
    NuBT=2
    CPU =0.001660

ITER: 203
    HPWL=5138.864258
    OVFL=0.363950
    HPWL=(3415.926270, 1722.937744)
    POTN=2.027309E+05
    PHIC=1.344917E-05
    GRAD=2.489462E-02
    NuBT=2
    CPU =0.001649

ITER: 204
    HPWL=5147.863770
    OVFL=0.365237
    HPWL=(3418.700684, 1729.163208)
    POTN=2.222225E+05
    PHIC=1.412161E-05
    GRAD=2.325988E-02
    NuBT=2
    CPU =0.001659

ITER: 205
    HPWL=5169.078613
    OVFL=0.359573
    HPWL=(3432.973633, 1736.104858)
    POTN=2.394240E+05
    PHIC=1.482764E-05
    GRAD=2.323609E-02
    NuBT=1
    CPU =0.000875

ITER: 206
    HPWL=5174.083984
    OVFL=0.363510
    HPWL=(3439.026855, 1735.057129)
    POTN=2.529842E+05
    PHIC=1.556901E-05
    GRAD=2.381293E-02
    NuBT=1
    CPU =0.000877

ITER: 207
    HPWL=5165.011719
    OVFL=0.359291
    HPWL=(3435.380371, 1729.631592)
    POTN=2.618068E+05
    PHIC=1.634746E-05
    GRAD=2.332013E-02
    NuBT=1
    CPU =0.000918

ITER: 208
    HPWL=5148.194336
    OVFL=0.354074
    HPWL=(3427.660156, 1720.534058)
    POTN=2.655383E+05
    PHIC=1.716483E-05
    GRAD=2.362262E-02
    NuBT=1
    CPU =0.000906

ITER: 209
    HPWL=5145.350586
    OVFL=0.378184
    HPWL=(3426.273438, 1719.077393)
    POTN=2.663799E+05
    PHIC=1.802307E-05
    GRAD=2.417534E-02
    NuBT=1
    CPU =0.000864

ITER: 210
    HPWL=5152.505859
    OVFL=0.361942
    HPWL=(3428.747070, 1723.759033)
    POTN=2.577264E+05
    PHIC=1.892421E-05
    GRAD=2.175846E-02
    NuBT=1
    CPU =0.000874

ITER: 211
    HPWL=5133.459961
    OVFL=0.332005
    HPWL=(3422.344238, 1711.115723)
    POTN=2.465288E+05
    PHIC=1.987042E-05
    GRAD=2.321217E-02
    NuBT=1
    CPU =0.000877

ITER: 212
    HPWL=5114.875000
    OVFL=0.333278
    HPWL=(3412.206055, 1702.669189)
    POTN=2.317335E+05
    PHIC=2.086394E-05
    GRAD=2.638270E-02
    NuBT=2
    CPU =0.001657

ITER: 213
    HPWL=5133.286621
    OVFL=0.339931
    HPWL=(3413.778320, 1719.508179)
    POTN=2.122433E+05
    PHIC=2.190708E-05
    GRAD=2.661084E-02
    NuBT=1
    CPU =0.000873

ITER: 214
    HPWL=5127.289062
    OVFL=0.315248
    HPWL=(3408.986816, 1718.302246)
    POTN=1.901193E+05
    PHIC=2.300243E-05
    GRAD=2.587653E-02
    NuBT=2
    CPU =0.001648

ITER: 215
    HPWL=5112.015625
    OVFL=0.301705
    HPWL=(3403.381104, 1708.634277)
    POTN=1.696918E+05
    PHIC=2.415255E-05
    GRAD=2.858059E-02
    NuBT=2
    CPU =0.001657

ITER: 216
    HPWL=5104.960938
    OVFL=0.288755
    HPWL=(3397.416992, 1707.543945)
    POTN=1.490656E+05
    PHIC=2.536018E-05
    GRAD=3.029175E-02
    NuBT=2
    CPU =0.001721

ITER: 217
    HPWL=5092.953613
    OVFL=0.296502
    HPWL=(3392.170410, 1700.783081)
    POTN=1.312665E+05
    PHIC=2.662818E-05
    GRAD=3.188708E-02
    NuBT=2
    CPU =0.001647

ITER: 218
    HPWL=5107.590820
    OVFL=0.310626
    HPWL=(3401.459473, 1706.131104)
    POTN=1.147033E+05
    PHIC=2.795954E-05
    GRAD=3.120620E-02
    NuBT=2
    CPU =0.001657

ITER: 219
    HPWL=5150.493164
    OVFL=0.321580
    HPWL=(3428.689453, 1721.803833)
    POTN=1.008403E+05
    PHIC=2.935733E-05
    GRAD=2.994300E-02
    NuBT=1
    CPU =0.000874

ITER: 220
    HPWL=5148.541504
    OVFL=0.332988
    HPWL=(3430.200684, 1718.340820)
    POTN=9.024733E+04
    PHIC=3.082520E-05
    GRAD=2.845426E-02
    NuBT=1
    CPU =0.000874

ITER: 221
    HPWL=5129.860840
    OVFL=0.342824
    HPWL=(3421.286133, 1708.574707)
    POTN=8.372923E+04
    PHIC=3.236646E-05
    GRAD=2.677713E-02
    NuBT=1
    CPU =0.000877

ITER: 222
    HPWL=5138.492676
    OVFL=0.335656
    HPWL=(3425.136475, 1713.356201)
    POTN=8.008186E+04
    PHIC=3.398474E-05
    GRAD=2.560143E-02
    NuBT=1
    CPU =0.000874

ITER: 223
    HPWL=5179.536133
    OVFL=0.324357
    HPWL=(3446.941895, 1732.594238)
    POTN=7.982756E+04
    PHIC=3.568376E-05
    GRAD=2.664919E-02
    NuBT=1
    CPU =0.000866

ITER: 224
    HPWL=5156.794922
    OVFL=0.324373
    HPWL=(3431.529297, 1725.265381)
    POTN=8.336847E+04
    PHIC=3.746795E-05
    GRAD=2.769545E-02
    NuBT=2
    CPU =0.001710

ITER: 225
    HPWL=5168.572754
    OVFL=0.345284
    HPWL=(3431.291260, 1737.281494)
    POTN=8.934788E+04
    PHIC=3.934128E-05
    GRAD=2.793171E-02
    NuBT=1
    CPU =0.000889

ITER: 226
    HPWL=5185.042969
    OVFL=0.343810
    HPWL=(3435.741699, 1749.301392)
    POTN=9.586572E+04
    PHIC=4.130825E-05
    GRAD=2.573784E-02
    NuBT=1
    CPU =0.000877

ITER: 227
    HPWL=5147.233887
    OVFL=0.321977
    HPWL=(3416.726807, 1730.507080)
    POTN=1.017097E+05
    PHIC=4.337366E-05
    GRAD=2.539295E-02
    NuBT=1
    CPU =0.000876

ITER: 228
    HPWL=5138.645508
    OVFL=0.304621
    HPWL=(3411.377930, 1727.267578)
    POTN=1.061619E+05
    PHIC=4.554234E-05
    GRAD=2.776576E-02
    NuBT=1
    CPU =0.000874

ITER: 229
    HPWL=5116.921875
    OVFL=0.320260
    HPWL=(3395.336426, 1721.585571)
    POTN=1.101376E+05
    PHIC=4.781945E-05
    GRAD=2.973861E-02
    NuBT=2
    CPU =0.001653

ITER: 230
    HPWL=5144.879395
    OVFL=0.315299
    HPWL=(3406.280029, 1738.599365)
    POTN=1.107017E+05
    PHIC=5.021022E-05
    GRAD=2.829419E-02
    NuBT=1
    CPU =0.000875

ITER: 231
    HPWL=5166.558105
    OVFL=0.311390
    HPWL=(3420.630127, 1745.927979)
    POTN=1.074937E+05
    PHIC=5.272057E-05
    GRAD=2.900928E-02
    NuBT=1
    CPU =0.000874

ITER: 232
    HPWL=5160.279297
    OVFL=0.317236
    HPWL=(3416.614258, 1743.665283)
    POTN=1.032428E+05
    PHIC=5.535660E-05
    GRAD=2.940300E-02
    NuBT=1
    CPU =0.000875

ITER: 233
    HPWL=5163.293945
    OVFL=0.306296
    HPWL=(3417.525879, 1745.768311)
    POTN=9.706179E+04
    PHIC=5.812439E-05
    GRAD=2.869973E-02
    NuBT=1
    CPU =0.000876

ITER: 234
    HPWL=5170.997070
    OVFL=0.291680
    HPWL=(3421.980469, 1749.016724)
    POTN=8.844619E+04
    PHIC=6.103054E-05
    GRAD=3.005307E-02
    NuBT=1
    CPU =0.000920

ITER: 235
    HPWL=5158.617188
    OVFL=0.291388
    HPWL=(3413.076660, 1745.540405)
    POTN=7.966128E+04
    PHIC=6.408207E-05
    GRAD=3.175795E-02
    NuBT=2
    CPU =0.001678

ITER: 236
    HPWL=5172.546875
    OVFL=0.292880
    HPWL=(3418.432617, 1754.114014)
    POTN=7.138778E+04
    PHIC=6.728603E-05
    GRAD=3.208176E-02
    NuBT=2
    CPU =0.001659

ITER: 237
    HPWL=5190.624023
    OVFL=0.278477
    HPWL=(3428.253906, 1762.369873)
    POTN=6.369241E+04
    PHIC=7.065015E-05
    GRAD=3.211722E-02
    NuBT=2
    CPU =0.001659

ITER: 238
    HPWL=5181.328125
    OVFL=0.280184
    HPWL=(3423.438965, 1757.889038)
    POTN=5.785472E+04
    PHIC=7.418266E-05
    GRAD=3.380008E-02
    NuBT=2
    CPU =0.001645

ITER: 239
    HPWL=5221.169434
    OVFL=0.288194
    HPWL=(3442.394043, 1778.775269)
    POTN=5.221425E+04
    PHIC=7.789135E-05
    GRAD=3.434552E-02
    NuBT=1
    CPU =0.000876

ITER: 240
    HPWL=5247.330078
    OVFL=0.291917
    HPWL=(3457.065918, 1790.264282)
    POTN=4.866053E+04
    PHIC=8.178562E-05
    GRAD=3.367732E-02
    NuBT=1
    CPU =0.000877

ITER: 241
    HPWL=5217.540039
    OVFL=0.274299
    HPWL=(3441.727783, 1775.812378)
    POTN=4.643384E+04
    PHIC=8.587490E-05
    GRAD=3.253034E-02
    NuBT=1
    CPU =0.000876

ITER: 242
    HPWL=5201.530762
    OVFL=0.273455
    HPWL=(3433.136719, 1768.393921)
    POTN=4.648465E+04
    PHIC=9.016864E-05
    GRAD=3.449531E-02
    NuBT=1
    CPU =0.000920

ITER: 243
    HPWL=5199.391602
    OVFL=0.293573
    HPWL=(3429.186279, 1770.205078)
    POTN=4.656536E+04
    PHIC=9.467707E-05
    GRAD=3.470790E-02
    NuBT=2
    CPU =0.001680

ITER: 244
    HPWL=5230.289551
    OVFL=0.291796
    HPWL=(3446.101318, 1784.188354)
    POTN=4.659743E+04
    PHIC=9.941048E-05
    GRAD=3.256763E-02
    NuBT=1
    CPU =0.000865

ITER: 245
    HPWL=5213.834961
    OVFL=0.286246
    HPWL=(3439.446777, 1774.388184)
    POTN=4.573890E+04
    PHIC=1.043810E-04
    GRAD=3.234320E-02
    NuBT=1
    CPU =0.000874

ITER: 246
    HPWL=5211.978027
    OVFL=0.284459
    HPWL=(3438.144043, 1773.834106)
    POTN=4.414806E+04
    PHIC=1.096000E-04
    GRAD=3.299740E-02
    NuBT=1
    CPU =0.000876

ITER: 247
    HPWL=5236.458496
    OVFL=0.285426
    HPWL=(3450.863770, 1785.594849)
    POTN=4.210197E+04
    PHIC=1.150797E-04
    GRAD=3.370298E-02
    NuBT=1
    CPU =0.000877

ITER: 248
    HPWL=5242.402344
    OVFL=0.293738
    HPWL=(3454.479736, 1787.922485)
    POTN=3.958652E+04
    PHIC=1.208335E-04
    GRAD=3.370479E-02
    NuBT=1
    CPU =0.000878

ITER: 249
    HPWL=5220.968750
    OVFL=0.302271
    HPWL=(3444.560059, 1776.408691)
    POTN=3.737830E+04
    PHIC=1.268752E-04
    GRAD=3.222371E-02
    NuBT=1
    CPU =0.000877

ITER: 250
    HPWL=5197.250488
    OVFL=0.317861
    HPWL=(3433.782227, 1763.468384)
    POTN=3.498348E+04
    PHIC=1.332189E-04
    GRAD=3.069720E-02
    NuBT=1
    CPU =0.000876

ITER: 251
    HPWL=5200.327637
    OVFL=0.318577
    HPWL=(3437.297363, 1763.030273)
    POTN=3.223710E+04
    PHIC=1.398798E-04
    GRAD=2.872128E-02
    NuBT=1
    CPU =0.000878

ITER: 252
    HPWL=5220.563965
    OVFL=0.322424
    HPWL=(3450.200195, 1770.363770)
    POTN=2.887386E+04
    PHIC=1.468734E-04
    GRAD=2.874352E-02
    NuBT=1
    CPU =0.000904

ITER: 253
    HPWL=5254.625977
    OVFL=0.335501
    HPWL=(3468.536133, 1786.089966)
    POTN=2.534834E+04
    PHIC=1.542163E-04
    GRAD=2.869806E-02
    NuBT=1
    CPU =0.000913

ITER: 254
    HPWL=5266.132812
    OVFL=0.343224
    HPWL=(3475.687744, 1790.445312)
    POTN=2.255775E+04
    PHIC=1.619269E-04
    GRAD=2.719686E-02
    NuBT=1
    CPU =0.000877

ITER: 255
    HPWL=5236.944336
    OVFL=0.349197
    HPWL=(3462.449219, 1774.495117)
    POTN=1.969026E+04
    PHIC=1.700232E-04
    GRAD=2.576171E-02
    NuBT=1
    CPU =0.000879

ITER: 256
    HPWL=5233.519531
    OVFL=0.355729
    HPWL=(3462.836914, 1770.682739)
    POTN=1.727190E+04
    PHIC=1.785244E-04
    GRAD=2.490837E-02
    NuBT=1
    CPU =0.000877

ITER: 257
    HPWL=5272.471680
    OVFL=0.361625
    HPWL=(3484.912598, 1787.558960)
    POTN=1.598019E+04
    PHIC=1.874495E-04
    GRAD=2.450434E-02
    NuBT=1
    CPU =0.000876

ITER: 258
    HPWL=5302.649902
    OVFL=0.363345
    HPWL=(3501.337891, 1801.312012)
    POTN=1.571196E+04
    PHIC=1.968212E-04
    GRAD=2.413177E-02
    NuBT=1
    CPU =0.000878

ITER: 259
    HPWL=5287.685059
    OVFL=0.341436
    HPWL=(3493.472168, 1794.212769)
    POTN=1.507591E+04
    PHIC=2.066622E-04
    GRAD=2.367225E-02
    NuBT=1
    CPU =0.000879

ITER: 260
    HPWL=5261.714844
    OVFL=0.309772
    HPWL=(3478.968750, 1782.746094)
    POTN=1.443408E+04
    PHIC=2.169953E-04
    GRAD=2.574432E-02
    NuBT=1
    CPU =0.000878

ITER: 261
    HPWL=5180.229492
    OVFL=0.293525
    HPWL=(3429.827637, 1750.401611)
    POTN=1.387338E+04
    PHIC=2.278451E-04
    GRAD=2.868107E-02
    NuBT=2
    CPU =0.001654

ITER: 262
    HPWL=5152.266602
    OVFL=0.279248
    HPWL=(3404.810547, 1747.456177)
    POTN=1.310584E+04
    PHIC=2.392373E-04
    GRAD=3.067384E-02
    NuBT=2
    CPU =0.001709

ITER: 263
    HPWL=5127.045898
    OVFL=0.264478
    HPWL=(3389.800293, 1737.245361)
    POTN=1.230310E+04
    PHIC=2.511992E-04
    GRAD=3.227077E-02
    NuBT=2
    CPU =0.001683

ITER: 264
    HPWL=5116.875000
    OVFL=0.257899
    HPWL=(3385.544434, 1731.330322)
    POTN=1.109390E+04
    PHIC=2.637591E-04
    GRAD=3.401687E-02
    NuBT=2
    CPU =0.001653

ITER: 265
    HPWL=5119.859375
    OVFL=0.244076
    HPWL=(3388.763672, 1731.095459)
    POTN=9.730239E+03
    PHIC=2.769469E-04
    GRAD=3.490405E-02
    NuBT=2
    CPU =0.001663

ITER: 266
    HPWL=5109.377930
    OVFL=0.230255
    HPWL=(3385.221191, 1724.156982)
    POTN=8.456883E+03
    PHIC=2.907943E-04
    GRAD=3.643570E-02
    NuBT=2
    CPU =0.001660

ITER: 267
    HPWL=5100.697266
    OVFL=0.218368
    HPWL=(3381.124512, 1719.572632)
    POTN=7.386475E+03
    PHIC=3.053340E-04
    GRAD=3.801394E-02
    NuBT=2
    CPU =0.001664

ITER: 268
    HPWL=5092.903809
    OVFL=0.210633
    HPWL=(3377.305176, 1715.598511)
    POTN=6.767010E+03
    PHIC=3.206006E-04
    GRAD=3.932323E-02
    NuBT=2
    CPU =0.001716

ITER: 269
    HPWL=5093.805664
    OVFL=0.218909
    HPWL=(3378.924561, 1714.880981)
    POTN=6.686814E+03
    PHIC=3.366306E-04
    GRAD=4.022338E-02
    NuBT=2
    CPU =0.001686

ITER: 270
    HPWL=5111.869141
    OVFL=0.226115
    HPWL=(3388.911377, 1722.957520)
    POTN=7.033723E+03
    PHIC=3.534612E-04
    GRAD=3.951382E-02
    NuBT=2
    CPU =0.001660

ITER: 271
    HPWL=5141.134277
    OVFL=0.243586
    HPWL=(3404.584473, 1736.549683)
    POTN=7.443368E+03
    PHIC=3.711328E-04
    GRAD=3.900713E-02
    NuBT=1
    CPU =0.000877

ITER: 272
    HPWL=5138.177734
    OVFL=0.261860
    HPWL=(3402.203613, 1735.973877)
    POTN=7.937963E+03
    PHIC=3.896894E-04
    GRAD=3.655011E-02
    NuBT=1
    CPU =0.000879

ITER: 273
    HPWL=5110.621094
    OVFL=0.263257
    HPWL=(3387.280762, 1723.340576)
    POTN=7.823168E+03
    PHIC=4.091739E-04
    GRAD=3.360487E-02
    NuBT=1
    CPU =0.000878

ITER: 274
    HPWL=5108.367676
    OVFL=0.249997
    HPWL=(3384.687012, 1723.680664)
    POTN=7.046909E+03
    PHIC=4.296325E-04
    GRAD=3.314064E-02
    NuBT=1
    CPU =0.000882

ITER: 275
    HPWL=5134.994141
    OVFL=0.245008
    HPWL=(3395.433594, 1739.560303)
    POTN=6.362258E+03
    PHIC=4.511125E-04
    GRAD=3.493515E-02
    NuBT=2
    CPU =0.001654

ITER: 276
    HPWL=5129.839844
    OVFL=0.254566
    HPWL=(3389.946777, 1739.893066)
    POTN=6.198318E+03
    PHIC=4.736681E-04
    GRAD=3.542580E-02
    NuBT=2
    CPU =0.001720

ITER: 277
    HPWL=5170.175781
    OVFL=0.264400
    HPWL=(3411.643555, 1758.532104)
    POTN=6.124096E+03
    PHIC=4.973486E-04
    GRAD=3.484289E-02
    NuBT=1
    CPU =0.000894

ITER: 278
    HPWL=5187.051270
    OVFL=0.270791
    HPWL=(3421.765137, 1765.286133)
    POTN=6.252271E+03
    PHIC=5.222147E-04
    GRAD=3.370589E-02
    NuBT=1
    CPU =0.000879

ITER: 279
    HPWL=5155.539062
    OVFL=0.269971
    HPWL=(3404.847656, 1750.691528)
    POTN=6.070906E+03
    PHIC=5.483255E-04
    GRAD=3.226338E-02
    NuBT=1
    CPU =0.000878

ITER: 280
    HPWL=5140.910645
    OVFL=0.264790
    HPWL=(3397.172119, 1743.738525)
    POTN=5.763191E+03
    PHIC=5.757418E-04
    GRAD=3.198104E-02
    NuBT=1
    CPU =0.000879

ITER: 281
    HPWL=5164.956055
    OVFL=0.258273
    HPWL=(3408.101562, 1756.854614)
    POTN=5.522690E+03
    PHIC=6.045268E-04
    GRAD=3.279004E-02
    NuBT=1
    CPU =0.000878

ITER: 282
    HPWL=5150.273438
    OVFL=0.247252
    HPWL=(3399.108398, 1751.165283)
    POTN=5.346161E+03
    PHIC=6.347531E-04
    GRAD=3.326343E-02
    NuBT=2
    CPU =0.001656

ITER: 283
    HPWL=5161.393555
    OVFL=0.237410
    HPWL=(3402.715088, 1758.678345)
    POTN=5.149465E+03
    PHIC=6.664897E-04
    GRAD=3.468480E-02
    NuBT=1
    CPU =0.000880

ITER: 284
    HPWL=5138.260254
    OVFL=0.231248
    HPWL=(3388.731934, 1749.528320)
    POTN=5.023209E+03
    PHIC=6.998141E-04
    GRAD=3.541795E-02
    NuBT=2
    CPU =0.001667

ITER: 285
    HPWL=5148.041992
    OVFL=0.229359
    HPWL=(3393.045898, 1754.995850)
    POTN=4.801073E+03
    PHIC=7.348038E-04
    GRAD=3.620017E-02
    NuBT=1
    CPU =0.000921

ITER: 286
    HPWL=5144.459473
    OVFL=0.227608
    HPWL=(3390.567383, 1753.892090)
    POTN=4.544161E+03
    PHIC=7.715439E-04
    GRAD=3.621205E-02
    NuBT=2
    CPU =0.001682

ITER: 287
    HPWL=5150.777344
    OVFL=0.230505
    HPWL=(3393.994141, 1756.783447)
    POTN=4.149762E+03
    PHIC=8.101204E-04
    GRAD=3.631678E-02
    NuBT=1
    CPU =0.000881

ITER: 288
    HPWL=5162.937988
    OVFL=0.230598
    HPWL=(3399.668457, 1763.269531)
    POTN=3.792686E+03
    PHIC=8.506249E-04
    GRAD=3.597678E-02
    NuBT=1
    CPU =0.000878

ITER: 289
    HPWL=5162.884766
    OVFL=0.228292
    HPWL=(3398.584229, 1764.300293)
    POTN=3.482226E+03
    PHIC=8.931562E-04
    GRAD=3.572998E-02
    NuBT=1
    CPU =0.000878

ITER: 290
    HPWL=5164.353027
    OVFL=0.219669
    HPWL=(3397.715332, 1766.637573)
    POTN=3.222359E+03
    PHIC=9.378137E-04
    GRAD=3.578505E-02
    NuBT=1
    CPU =0.000880

ITER: 291
    HPWL=5173.658203
    OVFL=0.211062
    HPWL=(3401.158203, 1772.500000)
    POTN=2.941446E+03
    PHIC=9.847031E-04
    GRAD=3.670891E-02
    NuBT=1
    CPU =0.000879

ITER: 292
    HPWL=5162.170898
    OVFL=0.201096
    HPWL=(3393.354736, 1768.816162)
    POTN=2.748130E+03
    PHIC=1.033938E-03
    GRAD=3.723732E-02
    NuBT=2
    CPU =0.001653

ITER: 293
    HPWL=5179.632812
    OVFL=0.193808
    HPWL=(3402.301758, 1777.330811)
    POTN=2.647114E+03
    PHIC=1.085632E-03
    GRAD=3.845005E-02
    NuBT=1
    CPU =0.000879

ITER: 294
    HPWL=5166.083984
    OVFL=0.189717
    HPWL=(3395.222656, 1770.861328)
    POTN=2.600938E+03
    PHIC=1.139914E-03
    GRAD=3.868183E-02
    NuBT=2
    CPU =0.001716

ITER: 295
    HPWL=5175.706055
    OVFL=0.186614
    HPWL=(3400.317139, 1775.388672)
    POTN=2.551826E+03
    PHIC=1.196908E-03
    GRAD=3.908391E-02
    NuBT=1
    CPU =0.000899

ITER: 296
    HPWL=5195.416016
    OVFL=0.180723
    HPWL=(3410.500488, 1784.915527)
    POTN=2.436897E+03
    PHIC=1.256750E-03
    GRAD=3.957149E-02
    NuBT=1
    CPU =0.000879

ITER: 297
    HPWL=5195.518066
    OVFL=0.177135
    HPWL=(3409.726562, 1785.791504)
    POTN=2.393281E+03
    PHIC=1.319587E-03
    GRAD=3.990468E-02
    NuBT=1
    CPU =0.000877

ITER: 298
    HPWL=5192.827637
    OVFL=0.171149
    HPWL=(3407.262695, 1785.564819)
    POTN=2.308484E+03
    PHIC=1.385566E-03
    GRAD=3.984991E-02
    NuBT=1
    CPU =0.000876

ITER: 299
    HPWL=5192.915039
    OVFL=0.162200
    HPWL=(3406.386719, 1786.528442)
    POTN=2.265365E+03
    PHIC=1.454845E-03
    GRAD=4.011738E-02
    NuBT=1
    CPU =0.000870

ITER: 300
    HPWL=5203.207031
    OVFL=0.153177
    HPWL=(3410.707764, 1792.499390)
    POTN=2.189279E+03
    PHIC=1.527585E-03
    GRAD=4.085254E-02
    NuBT=1
    CPU =0.000876

ITER: 301
    HPWL=5214.248047
    OVFL=0.151739
    HPWL=(3416.401367, 1797.846924)
    POTN=2.124008E+03
    PHIC=1.603961E-03
    GRAD=4.165488E-02
    NuBT=1
    CPU =0.000881

ITER: 302
    HPWL=5218.095703
    OVFL=0.149673
    HPWL=(3418.011230, 1800.084595)
    POTN=2.026170E+03
    PHIC=1.684158E-03
    GRAD=4.148313E-02
    NuBT=1
    CPU =0.000881

ITER: 303
    HPWL=5207.131836
    OVFL=0.145439
    HPWL=(3411.920898, 1795.210693)
    POTN=1.950325E+03
    PHIC=1.768366E-03
    GRAD=4.092338E-02
    NuBT=1
    CPU =0.000879

ITER: 304
    HPWL=5205.540039
    OVFL=0.139047
    HPWL=(3410.210938, 1795.329102)
    POTN=1.905064E+03
    PHIC=1.856784E-03
    GRAD=4.077066E-02
    NuBT=1
    CPU =0.000880

ITER: 305
    HPWL=5219.182617
    OVFL=0.133016
    HPWL=(3416.912109, 1802.270752)
    POTN=1.839505E+03
    PHIC=1.949620E-03
    GRAD=4.125091E-02
    NuBT=1
    CPU =0.000925

ITER: 306
    HPWL=5233.568848
    OVFL=0.128067
    HPWL=(3423.886719, 1809.682129)
    POTN=1.811344E+03
    PHIC=2.047096E-03
    GRAD=4.171462E-02
    NuBT=1
    CPU =0.000904

ITER: 307
    HPWL=5233.958984
    OVFL=0.127385
    HPWL=(3424.057373, 1809.901489)
    POTN=1.799596E+03
    PHIC=2.149451E-03
    GRAD=4.165704E-02
    NuBT=1
    CPU =0.000880

ITER: 308
    HPWL=5229.492676
    OVFL=0.126103
    HPWL=(3421.151855, 1808.340698)
    POTN=1.822702E+03
    PHIC=2.256924E-03
    GRAD=4.107985E-02
    NuBT=1
    CPU =0.000871

ITER: 309
    HPWL=5226.932129
    OVFL=0.124652
    HPWL=(3419.155273, 1807.776855)
    POTN=1.818863E+03
    PHIC=2.369770E-03
    GRAD=4.062430E-02
    NuBT=1
    CPU =0.000878

ITER: 310
    HPWL=5235.577637
    OVFL=0.123434
    HPWL=(3422.896973, 1812.680786)
    POTN=1.847991E+03
    PHIC=2.488255E-03
    GRAD=4.051752E-02
    NuBT=1
    CPU =0.000879

ITER: 311
    HPWL=5247.113770
    OVFL=0.123153
    HPWL=(3428.050293, 1819.063477)
    POTN=1.861967E+03
    PHIC=2.612663E-03
    GRAD=4.055850E-02
    NuBT=1
    CPU =0.000879

ITER: 312
    HPWL=5255.353027
    OVFL=0.120599
    HPWL=(3431.245605, 1824.107544)
    POTN=1.827199E+03
    PHIC=2.743293E-03
    GRAD=4.031862E-02
    NuBT=1
    CPU =0.000879

ITER: 313
    HPWL=5256.583008
    OVFL=0.116797
    HPWL=(3430.775391, 1825.807373)
    POTN=1.853896E+03
    PHIC=2.880457E-03
    GRAD=4.017146E-02
    NuBT=1
    CPU =0.000877

ITER: 314
    HPWL=5266.639160
    OVFL=0.111997
    HPWL=(3434.554688, 1832.084351)
    POTN=1.846094E+03
    PHIC=3.024475E-03
    GRAD=4.027942E-02
    NuBT=1
    CPU =0.000878

ITER: 315
    HPWL=5271.237793
    OVFL=0.108937
    HPWL=(3437.292480, 1833.945312)
    POTN=1.888056E+03
    PHIC=3.175697E-03
    GRAD=4.047534E-02
    NuBT=1
    CPU =0.000880

ITER: 316
    HPWL=5275.479492
    OVFL=0.107768
    HPWL=(3439.089355, 1836.390259)
    POTN=1.931405E+03
    PHIC=3.334480E-03
    GRAD=4.031472E-02
    NuBT=1
    CPU =0.000904

ITER: 317
    HPWL=5273.784180
    OVFL=0.108407
    HPWL=(3438.701416, 1835.082764)
    POTN=1.913750E+03
    PHIC=3.501203E-03
    GRAD=3.984542E-02
    NuBT=1
    CPU =0.000913

ITER: 318
    HPWL=5273.863281
    OVFL=0.109046
    HPWL=(3438.588379, 1835.274902)
    POTN=1.925611E+03
    PHIC=3.676263E-03
    GRAD=3.920015E-02
    NuBT=1
    CPU =0.000877

ITER: 319
    HPWL=5276.624023
    OVFL=0.107822
    HPWL=(3439.207520, 1837.416748)
    POTN=1.916807E+03
    PHIC=3.860075E-03
    GRAD=3.865061E-02
    NuBT=1
    CPU =0.000882

ITER: 320
    HPWL=5281.064941
    OVFL=0.106141
    HPWL=(3441.949707, 1839.115356)
    POTN=2.057506E+03
    PHIC=4.053076E-03
    GRAD=3.846037E-02
    NuBT=1
    CPU =0.000878

ITER: 321
    HPWL=5288.583984
    OVFL=0.103931
    HPWL=(3445.580566, 1843.003174)
    POTN=2.240578E+03
    PHIC=4.255725E-03
    GRAD=3.836997E-02
    NuBT=1
    CPU =0.000879

ITER: 322
    HPWL=5289.178223
    OVFL=0.101990
    HPWL=(3447.285889, 1841.892456)
    POTN=2.394391E+03
    PHIC=4.468510E-03
    GRAD=3.826179E-02
    NuBT=1
    CPU =0.000879

ITER: 323
    HPWL=5293.117188
    OVFL=0.102008
    HPWL=(3448.176758, 1844.940552)
    POTN=2.457314E+03
    PHIC=4.691933E-03
    GRAD=3.785628E-02
    NuBT=1
    CPU =0.000881

ITER: 324
    HPWL=5291.169922
    OVFL=0.101893
    HPWL=(3448.117188, 1843.052734)
    POTN=2.558705E+03
    PHIC=4.926529E-03
    GRAD=3.753692E-02
    NuBT=1
    CPU =0.000879

ITER: 325
    HPWL=5293.707031
    OVFL=0.105613
    HPWL=(3448.472168, 1845.234863)
    POTN=2.703974E+03
    PHIC=5.172854E-03
    GRAD=3.695247E-02
    NuBT=1
    CPU =0.000869

ITER: 326
    HPWL=5284.176758
    OVFL=0.111331
    HPWL=(3443.337646, 1840.838867)
    POTN=2.968427E+03
    PHIC=5.431496E-03
    GRAD=3.652992E-02
    NuBT=1
    CPU =0.000880

ITER: 327
    HPWL=5282.895996
    OVFL=0.119209
    HPWL=(3443.020996, 1839.874878)
    POTN=3.196292E+03
    PHIC=5.703071E-03
    GRAD=3.577534E-02
    NuBT=1
    CPU =0.000904

ITER: 328
    HPWL=5257.714844
    OVFL=0.124553
    HPWL=(3428.250244, 1829.464478)
    POTN=3.587809E+03
    PHIC=5.988224E-03
    GRAD=3.522124E-02
    NuBT=1
    CPU =0.000907

ITER: 329
    HPWL=5251.131836
    OVFL=0.124826
    HPWL=(3428.109863, 1823.022095)
    POTN=3.896995E+03
    PHIC=6.287635E-03
    GRAD=3.480693E-02
    NuBT=1
    CPU =0.000894

ITER: 330
    HPWL=5230.125488
    OVFL=0.122867
    HPWL=(3413.494141, 1816.631470)
    POTN=4.461748E+03
    PHIC=6.602016E-03
    GRAD=3.510219E-02
    NuBT=1
    CPU =0.000878

ITER: 331
    HPWL=5227.388672
    OVFL=0.119254
    HPWL=(3414.479492, 1812.908936)
    POTN=4.905588E+03
    PHIC=6.932117E-03
    GRAD=3.525407E-02
    NuBT=1
    CPU =0.000877

ITER: 332
    HPWL=5211.778809
    OVFL=0.116464
    HPWL=(3405.687012, 1806.091675)
    POTN=5.444238E+03
    PHIC=7.278722E-03
    GRAD=3.610715E-02
    NuBT=1
    CPU =0.000876

ITER: 333
    HPWL=5203.595703
    OVFL=0.112728
    HPWL=(3405.922852, 1797.673096)
    POTN=5.833304E+03
    PHIC=7.642658E-03
    GRAD=3.596681E-02
    NuBT=1
    CPU =0.000868

ITER: 334
    HPWL=5172.172852
    OVFL=0.107709
    HPWL=(3384.000000, 1788.173096)
    POTN=5.858903E+03
    PHIC=8.024790E-03
    GRAD=3.541977E-02
    NuBT=1
    CPU =0.000877

ITER: 335
    HPWL=5167.254883
    OVFL=0.106106
    HPWL=(3385.072266, 1782.182617)
    POTN=5.806284E+03
    PHIC=8.426029E-03
    GRAD=3.492178E-02
    NuBT=1
    CPU =0.000878

ITER: 336
    HPWL=5170.964355
    OVFL=0.105739
    HPWL=(3390.541016, 1780.423218)
    POTN=5.670527E+03
    PHIC=8.847325E-03
    GRAD=3.442682E-02
    NuBT=1
    CPU =0.000878

ITER: 337
    HPWL=5160.568359
    OVFL=0.103673
    HPWL=(3381.645020, 1778.923096)
    POTN=5.696618E+03
    PHIC=9.289691E-03
    GRAD=3.372001E-02
    NuBT=1
    CPU =0.000876

ITER: 338
    HPWL=5147.766602
    OVFL=0.099131
    HPWL=(3370.396973, 1777.369873)
    POTN=6.063872E+03
    PHIC=9.754175E-03
    GRAD=3.405493E-02
    NuBT=1
    CPU =0.000878
[INFO] Nesterov: NumIters = 338
[INFO] Nesterov: ScaledHpwl = 5147.766602
[INFO] Nesterov: Overflow = 0.099131
[INFO] Nesterov: Potential = 6063.872070
[INFO] Nesterov: xInstScaledHpwl = 5071.977051
[INFO] Nesterov: yInstScaledHpwl = 5147.766602
[INFO] Nesterov: HPWL = 1532.864380
