RePlAce Version: 1.0.0

** WARNING: Your Detail Placement Step must be skipped.
              (i.e. this program will be executed as -onlyGP)
     If you want to have DP after GP, please specify -dpflag and -dploc.

[INFO] TargetDensity = 0.500000
[INFO] ExperimentIndex = 0
[INFO] DirectoryPath = /openLANE_flow/designs/sb_1__1_/runs/01-09_13-45//tmp/placement/replace/etc/sb_1__1_.floorplan/experiment000
[PROC] Begin LefParsing ...
[LEF] Parsed 500 number of lines!!
WARNING (LEFPARS-2036): SOURCE statement is obsolete in version 5.6 and later.
The LEF parser will ignore this statement.
To avoid this warning in the future, remove this statement from the LEF file with version 5.6 or later. See file /openLANE_flow/designs/sb_1__1_/runs/01-09_13-45//tmp//merged.lef at line 776.

WARNING (LEFPARS-2036): SOURCE statement is obsolete in version 5.6 and later.
The LEF parser will ignore this statement.
To avoid this warning in the future, remove this statement from the LEF file with version 5.6 or later. See file /openLANE_flow/designs/sb_1__1_/runs/01-09_13-45//tmp//merged.lef at line 903.

[LEF] Parsed 1000 number of lines!!
WARNING (LEFPARS-2036): SOURCE statement is obsolete in version 5.6 and later.
The LEF parser will ignore this statement.
To avoid this warning in the future, remove this statement from the LEF file with version 5.6 or later. See file /openLANE_flow/designs/sb_1__1_/runs/01-09_13-45//tmp//merged.lef at line 1034.

WARNING (LEFPARS-2036): SOURCE statement is obsolete in version 5.6 and later.
The LEF parser will ignore this statement.
To avoid this warning in the future, remove this statement from the LEF file with version 5.6 or later. See file /openLANE_flow/designs/sb_1__1_/runs/01-09_13-45//tmp//merged.lef at line 1204.

WARNING (LEFPARS-2036): SOURCE statement is obsolete in version 5.6 and later.
The LEF parser will ignore this statement.
To avoid this warning in the future, remove this statement from the LEF file with version 5.6 or later. See file /openLANE_flow/designs/sb_1__1_/runs/01-09_13-45//tmp//merged.lef at line 1322.

WARNING (LEFPARS-2036): SOURCE statement is obsolete in version 5.6 and later.
The LEF parser will ignore this statement.
To avoid this warning in the future, remove this statement from the LEF file with version 5.6 or later. See file /openLANE_flow/designs/sb_1__1_/runs/01-09_13-45//tmp//merged.lef at line 1442.

[LEF] Parsed 1500 number of lines!!
WARNING (LEFPARS-2036): SOURCE statement is obsolete in version 5.6 and later.
The LEF parser will ignore this statement.
To avoid this warning in the future, remove this statement from the LEF file with version 5.6 or later. See file /openLANE_flow/designs/sb_1__1_/runs/01-09_13-45//tmp//merged.lef at line 1589.

WARNING (LEFPARS-2036): SOURCE statement is obsolete in version 5.6 and later.
The LEF parser will ignore this statement.
To avoid this warning in the future, remove this statement from the LEF file with version 5.6 or later. See file /openLANE_flow/designs/sb_1__1_/runs/01-09_13-45//tmp//merged.lef at line 1777.

WARNING (LEFPARS-2036): SOURCE statement is obsolete in version 5.6 and later.
The LEF parser will ignore this statement.
To avoid this warning in the future, remove this statement from the LEF file with version 5.6 or later. See file /openLANE_flow/designs/sb_1__1_/runs/01-09_13-45//tmp//merged.lef at line 1886.

WARNING (LEFPARS-2036): SOURCE statement is obsolete in version 5.6 and later.
The LEF parser will ignore this statement.
To avoid this warning in the future, remove this statement from the LEF file with version 5.6 or later. See file /openLANE_flow/designs/sb_1__1_/runs/01-09_13-45//tmp//merged.lef at line 1999.

[LEF] Parsed 2000 number of lines!!
WARNING (LEFPARS-2036): SOURCE statement is obsolete in version 5.6 and later.
The LEF parser will ignore this statement.
To avoid this warning in the future, remove this statement from the LEF file with version 5.6 or later. See file /openLANE_flow/designs/sb_1__1_/runs/01-09_13-45//tmp//merged.lef at line 2148.

WARNING (LEFPARS-2036): SOURCE statement is obsolete in version 5.6 and later.
The LEF parser will ignore this statement.
To avoid this warning in the future, remove this statement from the LEF file with version 5.6 or later. See file /openLANE_flow/designs/sb_1__1_/runs/01-09_13-45//tmp//merged.lef at line 2253.

WARNING (LEFPARS-2036): SOURCE statement is obsolete in version 5.6 and later.
The LEF parser will ignore this statement.
To avoid this warning in the future, remove this statement from the LEF file with version 5.6 or later. See file /openLANE_flow/designs/sb_1__1_/runs/01-09_13-45//tmp//merged.lef at line 2380.

[LEF] Parsed 2500 number of lines!!
WARNING (LEFPARS-2036): SOURCE statement is obsolete in version 5.6 and later.
The LEF parser will ignore this statement.
To avoid this warning in the future, remove this statement from the LEF file with version 5.6 or later. See file /openLANE_flow/designs/sb_1__1_/runs/01-09_13-45//tmp//merged.lef at line 2547.

WARNING (LEFPARS-2036): SOURCE statement is obsolete in version 5.6 and later.
The LEF parser will ignore this statement.
To avoid this warning in the future, remove this statement from the LEF file with version 5.6 or later. See file /openLANE_flow/designs/sb_1__1_/runs/01-09_13-45//tmp//merged.lef at line 2653.

WARNING (LEFPARS-2036): SOURCE statement is obsolete in version 5.6 and later.
The LEF parser will ignore this statement.
To avoid this warning in the future, remove this statement from the LEF file with version 5.6 or later. See file /openLANE_flow/designs/sb_1__1_/runs/01-09_13-45//tmp//merged.lef at line 2770.

WARNING (LEFPARS-2036): SOURCE statement is obsolete in version 5.6 and later.
The LEF parser will ignore this statement.
To avoid this warning in the future, remove this statement from the LEF file with version 5.6 or later. See file /openLANE_flow/designs/sb_1__1_/runs/01-09_13-45//tmp//merged.lef at line 2908.

[LEF] Parsed 3000 number of lines!!
WARNING (LEFPARS-2036): SOURCE statement is obsolete in version 5.6 and later.
The LEF parser will ignore this statement.
To avoid this warning in the future, remove this statement from the LEF file with version 5.6 or later. See file /openLANE_flow/designs/sb_1__1_/runs/01-09_13-45//tmp//merged.lef at line 3005.

WARNING (LEFPARS-2036): SOURCE statement is obsolete in version 5.6 and later.
The LEF parser will ignore this statement.
To avoid this warning in the future, remove this statement from the LEF file with version 5.6 or later. See file /openLANE_flow/designs/sb_1__1_/runs/01-09_13-45//tmp//merged.lef at line 3105.

WARNING (LEFPARS-2036): SOURCE statement is obsolete in version 5.6 and later.
The LEF parser will ignore this statement.
To avoid this warning in the future, remove this statement from the LEF file with version 5.6 or later. See file /openLANE_flow/designs/sb_1__1_/runs/01-09_13-45//tmp//merged.lef at line 3219.

WARNING (LEFPARS-2036): SOURCE statement is obsolete in version 5.6 and later.
The LEF parser will ignore this statement.
To avoid this warning in the future, remove this statement from the LEF file with version 5.6 or later. See file /openLANE_flow/designs/sb_1__1_/runs/01-09_13-45//tmp//merged.lef at line 3361.

WARNING (LEFPARS-2036): SOURCE statement is obsolete in version 5.6 and later.
The LEF parser will ignore this statement.
To avoid this warning in the future, remove this statement from the LEF file with version 5.6 or later. See file /openLANE_flow/designs/sb_1__1_/runs/01-09_13-45//tmp//merged.lef at line 3458.

[LEF] Parsed 3500 number of lines!!
WARNING (LEFPARS-2036): SOURCE statement is obsolete in version 5.6 and later.
The LEF parser will ignore this statement.
To avoid this warning in the future, remove this statement from the LEF file with version 5.6 or later. See file /openLANE_flow/designs/sb_1__1_/runs/01-09_13-45//tmp//merged.lef at line 3561.

WARNING (LEFPARS-2036): SOURCE statement is obsolete in version 5.6 and later.
The LEF parser will ignore this statement.
To avoid this warning in the future, remove this statement from the LEF file with version 5.6 or later. See file /openLANE_flow/designs/sb_1__1_/runs/01-09_13-45//tmp//merged.lef at line 3691.

WARNING (LEFPARS-2036): SOURCE statement is obsolete in version 5.6 and later.
The LEF parser will ignore this statement.
To avoid this warning in the future, remove this statement from the LEF file with version 5.6 or later. See file /openLANE_flow/designs/sb_1__1_/runs/01-09_13-45//tmp//merged.lef at line 3783.

WARNING (LEFPARS-2036): SOURCE statement is obsolete in version 5.6 and later.
The LEF parser will ignore this statement.
To avoid this warning in the future, remove this statement from the LEF file with version 5.6 or later. See file /openLANE_flow/designs/sb_1__1_/runs/01-09_13-45//tmp//merged.lef at line 3887.

[LEF] Parsed 4000 number of lines!!
WARNING (LEFPARS-2036): SOURCE statement is obsolete in version 5.6 and later.
The LEF parser will ignore this statement.
To avoid this warning in the future, remove this statement from the LEF file with version 5.6 or later. See file /openLANE_flow/designs/sb_1__1_/runs/01-09_13-45//tmp//merged.lef at line 4018.

WARNING (LEFPARS-2036): SOURCE statement is obsolete in version 5.6 and later.
The LEF parser will ignore this statement.
To avoid this warning in the future, remove this statement from the LEF file with version 5.6 or later. See file /openLANE_flow/designs/sb_1__1_/runs/01-09_13-45//tmp//merged.lef at line 4148.

WARNING (LEFPARS-2036): SOURCE statement is obsolete in version 5.6 and later.
The LEF parser will ignore this statement.
To avoid this warning in the future, remove this statement from the LEF file with version 5.6 or later. See file /openLANE_flow/designs/sb_1__1_/runs/01-09_13-45//tmp//merged.lef at line 4282.

WARNING (LEFPARS-2036): SOURCE statement is obsolete in version 5.6 and later.
The LEF parser will ignore this statement.
To avoid this warning in the future, remove this statement from the LEF file with version 5.6 or later. See file /openLANE_flow/designs/sb_1__1_/runs/01-09_13-45//tmp//merged.lef at line 4467.

[LEF] Parsed 4500 number of lines!!
[LEF] Parsed 5000 number of lines!!
[LEF] Parsed 5500 number of lines!!
[LEF] Parsed 6000 number of lines!!
[LEF] Parsed 6500 number of lines!!
[LEF] Parsed 7000 number of lines!!
[LEF] Parsed 7500 number of lines!!
[LEF] Parsed 8000 number of lines!!
[LEF] Parsed 8500 number of lines!!
[LEF] Parsed 9000 number of lines!!
[LEF] Parsed 9500 number of lines!!
[LEF] Parsed 10000 number of lines!!
[LEF] Parsed 10500 number of lines!!
[LEF] Parsed 11000 number of lines!!
[LEF] Parsed 11500 number of lines!!
[LEF] Parsed 12000 number of lines!!
[LEF] Parsed 12500 number of lines!!
[LEF] Parsed 13000 number of lines!!
[LEF] Parsed 13500 number of lines!!
[LEF] Parsed 14000 number of lines!!
[LEF] Parsed 14500 number of lines!!
[LEF] Parsed 15000 number of lines!!
[LEF] Parsed 15500 number of lines!!
[LEF] Parsed 16000 number of lines!!
[LEF] Parsed 16500 number of lines!!
[LEF] Parsed 17000 number of lines!!
[LEF] Parsed 17500 number of lines!!
[LEF] Parsed 18000 number of lines!!
[LEF] Parsed 18500 number of lines!!
[LEF] Parsed 19000 number of lines!!
[LEF] Parsed 19500 number of lines!!
[LEF] Parsed 20000 number of lines!!
[LEF] Parsed 20500 number of lines!!
[LEF] Parsed 21000 number of lines!!
[LEF] Parsed 21500 number of lines!!
[LEF] Parsed 22000 number of lines!!
[LEF] Parsed 22500 number of lines!!
[LEF] Parsed 23000 number of lines!!
[LEF] Parsed 23500 number of lines!!
[LEF] Parsed 24000 number of lines!!
[LEF] Parsed 24500 number of lines!!
[LEF] Parsed 25000 number of lines!!
[LEF] Parsed 25500 number of lines!!
[LEF] Parsed 26000 number of lines!!
[LEF] Parsed 26500 number of lines!!
[LEF] Parsed 27000 number of lines!!
[LEF] Parsed 27500 number of lines!!
[LEF] Parsed 28000 number of lines!!
[LEF] Parsed 28500 number of lines!!
[LEF] Parsed 29000 number of lines!!
[LEF] Parsed 29500 number of lines!!
[LEF] Parsed 30000 number of lines!!
[LEF] Parsed 30500 number of lines!!
[LEF] Parsed 31000 number of lines!!
[LEF] Parsed 31500 number of lines!!
[LEF] Parsed 32000 number of lines!!
[LEF] Parsed 32500 number of lines!!
[LEF] Parsed 33000 number of lines!!
[LEF] Parsed 33500 number of lines!!
[LEF] Parsed 34000 number of lines!!
[LEF] Parsed 34500 number of lines!!
[LEF] Parsed 35000 number of lines!!
[LEF] Parsed 35500 number of lines!!
[LEF] Parsed 36000 number of lines!!
[LEF] Parsed 36500 number of lines!!
[LEF] Parsed 37000 number of lines!!
[LEF] Parsed 37500 number of lines!!
[LEF] Parsed 38000 number of lines!!
[LEF] Parsed 38500 number of lines!!
[LEF] Parsed 39000 number of lines!!
[LEF] Parsed 39500 number of lines!!
[LEF] Parsed 40000 number of lines!!
[LEF] Parsed 40500 number of lines!!
[LEF] Parsed 41000 number of lines!!
[LEF] Parsed 41500 number of lines!!
[LEF] Parsed 42000 number of lines!!
[LEF] Parsed 42500 number of lines!!
[LEF] Parsed 43000 number of lines!!
[LEF] Parsed 43500 number of lines!!
[LEF] Parsed 44000 number of lines!!
[LEF] Parsed 44500 number of lines!!
[LEF] Parsed 45000 number of lines!!
[LEF] Parsed 45500 number of lines!!
[LEF] Parsed 46000 number of lines!!
[LEF] Parsed 46500 number of lines!!
[LEF] Parsed 47000 number of lines!!
[LEF] Parsed 47500 number of lines!!
[LEF] Parsed 48000 number of lines!!
[LEF] Parsed 48500 number of lines!!
[LEF] Parsed 49000 number of lines!!
[LEF] Parsed 49500 number of lines!!
[LEF] Parsed 50000 number of lines!!
[LEF] Parsed 50500 number of lines!!
[LEF] Parsed 51000 number of lines!!
[LEF] Parsed 51500 number of lines!!
[LEF] Parsed 52000 number of lines!!
[LEF] Parsed 52500 number of lines!!
[LEF] Parsed 53000 number of lines!!
[LEF] Parsed 53500 number of lines!!
[LEF] Parsed 54000 number of lines!!
[LEF] Parsed 54500 number of lines!!
[LEF] Parsed 55000 number of lines!!
[LEF] Parsed 55500 number of lines!!
[LEF] Parsed 56000 number of lines!!
[LEF] Parsed 56500 number of lines!!
[LEF] Parsed 57000 number of lines!!
[LEF] Parsed 57500 number of lines!!
[LEF] Parsed 58000 number of lines!!
[LEF] Parsed 58500 number of lines!!
[LEF] Parsed 59000 number of lines!!
[LEF] Parsed 59500 number of lines!!
[LEF] Parsed 60000 number of lines!!
[LEF] Parsed 60500 number of lines!!
[LEF] Parsed 61000 number of lines!!
[LEF] Parsed 61500 number of lines!!
[LEF] Parsed 62000 number of lines!!
[PROC] End LefParsing
[PROC] Begin DefParsing ...
WARNING (DEFPARS-7011): The NAMESCASESENSITIVE statement is obsolete in version 5.6 and later.
The DEF parser will ignore this statement. See file /openLANE_flow/designs/sb_1__1_/runs/01-09_13-45//results/floorplan/sb_1__1_.floorplan.def at line 2.

[PROC] End DefParsing
[INFO] DefUnit = 1000
[INFO] LefMetal1Name = li1
[INFO] DefSiteName = unithd
[INFO] ScaleDownUnit = 302.222229
[INFO] OffsetCoordi = (2640.000000, 0.000000)
[INFO] RowSize = (1.522059, 9.000000)
[INFO] NumRows = 32
[INFO] MacroCount = 0
[INFO] NumModules = 124
[INFO] NumTerminals = 250
[INFO] Inserted Dummy Terms = 0
[PROC] Begin Generate Un-fragmented Rows ...
[INFO] CoreAreaLxLy = (27.000000, 36.000000)
[INFO] CoreAreaUxUy = (319.235291, 324.000000)
[INFO] RowSize = (1.522059, 9.000000)
[INFO] NumRows = 32
[PROC] End Generate Un-fragmented Rows
[PROC] Begin DEF Net Parsing ...
[INFO] NumNets = 259
[INFO] NumPins = 584
[PROC] End DEF Net Parsing
[PROC] LEF/DEF Parsing Success!
[INFO] AspectRatio = 0.985507
[INFO] RowMinXY = (27.000000, 36.000000)
[INFO] RowMaxXY = (319.235291, 324.000000)
[INFO] NumPlaceStdCells = 124
[INFO] NumPlaceMacros = 0
[INFO] RowSize = (1.522059, 9.000000)
[INFO] NumRows = 32
[INFO] GlobalAreaLxLy = (9.496324, 6.617647)
[INFO] GlobalAreaUxUy = (338.261017, 359.056976)
[INFO] PlaceAreaLxLy = (27.000000, 36.000000)
[INFO] PlaceAreaUxUy = (319.235291, 324.000000)
[INFO] TotalPlaceArea = 84163.765625
[INFO] TotalFixedArea = 4027.351562
[INFO] TotalWhiteSpaceArea = 80136.414062
[INFO] TotalPlaceMacrosArea = 0.000000
[INFO] TotalPlaceStdCellsArea = 43123.007812
[INFO] Util(%) = 51.237022
[INFO] 80pCellArea = 353.570343
[INFO] FillerInit: TotalFillerArea = 0.000000
[INFO] FillerInit: NumFillerCells = 0
[INFO] FillerInit: FillerCellArea = 353.570129
[INFO] FillerInit: FillerCellSize = (39.285568, 9.000000)
[INFO] FillerInit: NumCells = 124
[INFO] FillerInit: NumModules = 124
[INFO] FillerInit: NumFillers = 0
INFO:  D_MSH = 1024 
INFO:  MSH(X, Y) = (32, 32)
[INFO] TierInit: TierUtil = 0.512370
[INFO] TierInit: NumModules = 124
[INFO] TierInit: PlaceArea = 84163.765625
[INFO] TierInit: CoreSpacingArea = 0.000000
[INFO] TierInit: TerminalArea = 4027.351562
[INFO] TierInit: ModuleArea = 43123.007812
[INFO] TierInit: FillerArea = 0.000000
[INFO] TierInit: NumFillers = 0
[INFO] TierInit: FillerMinIdx = 124
[INFO] TierInit: FillerMaxIdx = 124
INFO:  dim_bin_cGP2D.(x,y) = (8, 8)
cell Init 2D:
tier->bin_stp: (36.5294 36)
tier->half_bin_stp: (18.2647 18)
PROC:  Start NESTEROV's Optimization
PROC:    Global Lagrangian Multiplier is Applied

ITER: 0
    HPWL=21163.023438
    OVFL=0.939089
    HPWL=(10858.614258, 10304.409180)
    POTN=1.010780E+06
    PHIC=1.060609E-09
    GRAD=3.142214E-02
    NuBT=0
    CPU =0.000000

ITER: 1
    HPWL=21162.898438
    OVFL=0.939089
    HPWL=(10858.550781, 10304.348633)
    POTN=1.010777E+06
    PHIC=1.113640E-09
    GRAD=4.286163E-02
    NuBT=1
    CPU =0.000115

ITER: 2
    HPWL=21162.326172
    OVFL=0.939089
    HPWL=(10858.254883, 10304.071289)
    POTN=1.010760E+06
    PHIC=1.169322E-09
    GRAD=4.285962E-02
    NuBT=1
    CPU =0.000056

ITER: 3
    HPWL=12820.572266
    OVFL=0.814251
    HPWL=(6587.838867, 6232.733887)
    POTN=7.653751E+05
    PHIC=1.227788E-09
    GRAD=9.053502E-03
    NuBT=1
    CPU =0.000058

ITER: 4
    HPWL=12556.469727
    OVFL=0.800833
    HPWL=(6407.608398, 6148.861328)
    POTN=7.340474E+05
    PHIC=1.289177E-09
    GRAD=1.498823E-02
    NuBT=2
    CPU =0.000114

ITER: 5
    HPWL=12384.474609
    OVFL=0.793390
    HPWL=(6262.630371, 6121.844238)
    POTN=7.238701E+05
    PHIC=1.353636E-09
    GRAD=1.461938E-02
    NuBT=2
    CPU =0.000120

ITER: 6
    HPWL=12373.044922
    OVFL=0.783811
    HPWL=(6252.188965, 6120.855957)
    POTN=7.081547E+05
    PHIC=1.421317E-09
    GRAD=1.516364E-02
    NuBT=1
    CPU =0.000066

ITER: 7
    HPWL=12386.797852
    OVFL=0.772775
    HPWL=(6254.641113, 6132.156738)
    POTN=6.879972E+05
    PHIC=1.492380E-09
    GRAD=1.593279E-02
    NuBT=2
    CPU =0.000116

ITER: 8
    HPWL=12400.452148
    OVFL=0.763191
    HPWL=(6256.485840, 6143.966309)
    POTN=6.680829E+05
    PHIC=1.566996E-09
    GRAD=1.684945E-02
    NuBT=2
    CPU =0.000111

ITER: 9
    HPWL=12405.553711
    OVFL=0.757436
    HPWL=(6257.874023, 6147.679688)
    POTN=6.544752E+05
    PHIC=1.645345E-09
    GRAD=1.769003E-02
    NuBT=2
    CPU =0.000110

ITER: 10
    HPWL=12406.455078
    OVFL=0.751066
    HPWL=(6259.526367, 6146.928711)
    POTN=6.364612E+05
    PHIC=1.727612E-09
    GRAD=1.822107E-02
    NuBT=2
    CPU =0.000110

ITER: 11
    HPWL=12402.005859
    OVFL=0.746331
    HPWL=(6258.399902, 6143.605957)
    POTN=6.235070E+05
    PHIC=1.813992E-09
    GRAD=1.881367E-02
    NuBT=2
    CPU =0.000111

ITER: 12
    HPWL=12398.984375
    OVFL=0.741041
    HPWL=(6259.574707, 6139.409180)
    POTN=6.072766E+05
    PHIC=1.904692E-09
    GRAD=1.927935E-02
    NuBT=1
    CPU =0.000065

ITER: 13
    HPWL=12392.083984
    OVFL=0.737182
    HPWL=(6258.337402, 6133.746094)
    POTN=5.946962E+05
    PHIC=1.999926E-09
    GRAD=1.980046E-02
    NuBT=2
    CPU =0.000109

ITER: 14
    HPWL=12386.634766
    OVFL=0.733042
    HPWL=(6258.541992, 6128.092285)
    POTN=5.787101E+05
    PHIC=2.099922E-09
    GRAD=2.019326E-02
    NuBT=1
    CPU =0.000065

ITER: 15
    HPWL=12380.300781
    OVFL=0.731645
    HPWL=(6258.651855, 6121.648926)
    POTN=5.667933E+05
    PHIC=2.204918E-09
    GRAD=2.062217E-02
    NuBT=2
    CPU =0.000118

ITER: 16
    HPWL=12374.910156
    OVFL=0.728888
    HPWL=(6259.922363, 6114.988281)
    POTN=5.523952E+05
    PHIC=2.315164E-09
    GRAD=2.077554E-02
    NuBT=1
    CPU =0.000066

ITER: 17
    HPWL=12367.201172
    OVFL=0.728488
    HPWL=(6259.739258, 6107.461914)
    POTN=5.413277E+05
    PHIC=2.430922E-09
    GRAD=2.106897E-02
    NuBT=2
    CPU =0.000110

ITER: 18
    HPWL=12360.162109
    OVFL=0.726936
    HPWL=(6260.664062, 6099.498047)
    POTN=5.282992E+05
    PHIC=2.552468E-09
    GRAD=2.110953E-02
    NuBT=1
    CPU =0.000066

ITER: 19
    HPWL=12353.791016
    OVFL=0.727286
    HPWL=(6262.446777, 6091.344727)
    POTN=5.188669E+05
    PHIC=2.680092E-09
    GRAD=2.128382E-02
    NuBT=1
    CPU =0.000067

ITER: 20
    HPWL=12345.780273
    OVFL=0.725668
    HPWL=(6263.354492, 6082.425781)
    POTN=5.070392E+05
    PHIC=2.814096E-09
    GRAD=2.125056E-02
    NuBT=1
    CPU =0.000066

ITER: 21
    HPWL=12336.097656
    OVFL=0.726061
    HPWL=(6263.230469, 6072.866699)
    POTN=4.938600E+05
    PHIC=2.954801E-09
    GRAD=2.142494E-02
    NuBT=1
    CPU =0.000065

ITER: 22
    HPWL=12326.103516
    OVFL=0.724167
    HPWL=(6263.307129, 6062.796387)
    POTN=4.733315E+05
    PHIC=3.102540E-09
    GRAD=2.137864E-02
    NuBT=1
    CPU =0.000066

ITER: 23
    HPWL=12316.887695
    OVFL=0.724152
    HPWL=(6264.203613, 6052.684082)
    POTN=4.580631E+05
    PHIC=3.257667E-09
    GRAD=2.158925E-02
    NuBT=1
    CPU =0.000065

ITER: 24
    HPWL=12307.946289
    OVFL=0.722125
    HPWL=(6265.745605, 6042.200684)
    POTN=4.423294E+05
    PHIC=3.420551E-09
    GRAD=2.159788E-02
    NuBT=1
    CPU =0.000066

ITER: 25
    HPWL=12297.873047
    OVFL=0.722319
    HPWL=(6266.708496, 6031.165039)
    POTN=4.324441E+05
    PHIC=3.591578E-09
    GRAD=2.182408E-02
    NuBT=1
    CPU =0.000066

ITER: 26
    HPWL=12286.658203
    OVFL=0.743492
    HPWL=(6267.013184, 6019.645020)
    POTN=4.217051E+05
    PHIC=3.771157E-09
    GRAD=2.180119E-02
    NuBT=1
    CPU =0.000066

ITER: 27
    HPWL=12262.667969
    OVFL=0.745703
    HPWL=(6257.548340, 6005.119141)
    POTN=4.121088E+05
    PHIC=3.959714E-09
    GRAD=1.953938E-02
    NuBT=2
    CPU =0.000110

ITER: 28
    HPWL=12240.567383
    OVFL=0.744520
    HPWL=(6249.236816, 5991.330566)
    POTN=4.023160E+05
    PHIC=4.157700E-09
    GRAD=1.931114E-02
    NuBT=1
    CPU =0.000066

ITER: 29
    HPWL=12226.713867
    OVFL=0.743125
    HPWL=(6250.988770, 5975.725098)
    POTN=3.915126E+05
    PHIC=4.365585E-09
    GRAD=1.942701E-02
    NuBT=1
    CPU =0.000073

ITER: 30
    HPWL=12216.707031
    OVFL=0.741191
    HPWL=(6255.818359, 5960.889160)
    POTN=3.828501E+05
    PHIC=4.583864E-09
    GRAD=1.957003E-02
    NuBT=2
    CPU =0.000111

ITER: 31
    HPWL=12204.157227
    OVFL=0.739498
    HPWL=(6257.695801, 5946.461426)
    POTN=3.767905E+05
    PHIC=4.813057E-09
    GRAD=1.976655E-02
    NuBT=2
    CPU =0.000110

ITER: 32
    HPWL=12194.121094
    OVFL=0.737020
    HPWL=(6261.661133, 5932.460449)
    POTN=3.695847E+05
    PHIC=5.053710E-09
    GRAD=1.994525E-02
    NuBT=2
    CPU =0.000110

ITER: 33
    HPWL=12182.955078
    OVFL=0.735478
    HPWL=(6264.168945, 5918.786621)
    POTN=3.558535E+05
    PHIC=5.306395E-09
    GRAD=2.020377E-02
    NuBT=2
    CPU =0.000110

ITER: 34
    HPWL=12172.159180
    OVFL=0.733338
    HPWL=(6267.470703, 5904.688477)
    POTN=3.457978E+05
    PHIC=5.571715E-09
    GRAD=2.037217E-02
    NuBT=2
    CPU =0.000111

ITER: 35
    HPWL=12160.878906
    OVFL=0.731958
    HPWL=(6270.535645, 5890.342773)
    POTN=3.414929E+05
    PHIC=5.850300E-09
    GRAD=2.060012E-02
    NuBT=2
    CPU =0.000110

ITER: 36
    HPWL=12150.199219
    OVFL=0.753785
    HPWL=(6274.203613, 5875.995605)
    POTN=3.358049E+05
    PHIC=6.142815E-09
    GRAD=2.075646E-02
    NuBT=2
    CPU =0.000110

ITER: 37
    HPWL=12125.777344
    OVFL=0.752418
    HPWL=(6265.948242, 5859.828613)
    POTN=3.286099E+05
    PHIC=6.449956E-09
    GRAD=1.854690E-02
    NuBT=2
    CPU =0.000110

ITER: 38
    HPWL=12100.173828
    OVFL=0.750931
    HPWL=(6256.903320, 5843.270020)
    POTN=3.227292E+05
    PHIC=6.772453E-09
    GRAD=1.866055E-02
    NuBT=1
    CPU =0.000073

ITER: 39
    HPWL=12099.224609
    OVFL=0.749570
    HPWL=(6269.324219, 5829.900879)
    POTN=3.197657E+05
    PHIC=7.111076E-09
    GRAD=1.882616E-02
    NuBT=1
    CPU =0.000066

ITER: 40
    HPWL=12081.937500
    OVFL=0.747222
    HPWL=(6267.633301, 5814.304688)
    POTN=3.179922E+05
    PHIC=7.466629E-09
    GRAD=1.895421E-02
    NuBT=2
    CPU =0.000109

ITER: 41
    HPWL=12073.357422
    OVFL=0.745657
    HPWL=(6273.596191, 5799.761719)
    POTN=3.185222E+05
    PHIC=7.839960E-09
    GRAD=1.919222E-02
    NuBT=2
    CPU =0.000110

ITER: 42
    HPWL=12060.917969
    OVFL=0.742327
    HPWL=(6276.128418, 5784.790039)
    POTN=3.094345E+05
    PHIC=8.231957E-09
    GRAD=1.935264E-02
    NuBT=2
    CPU =0.000114

ITER: 43
    HPWL=12047.201172
    OVFL=0.733070
    HPWL=(6277.538574, 5769.663086)
    POTN=3.040201E+05
    PHIC=8.643555E-09
    GRAD=1.968759E-02
    NuBT=2
    CPU =0.000109

ITER: 44
    HPWL=12028.131836
    OVFL=0.721289
    HPWL=(6274.108398, 5754.023438)
    POTN=3.006017E+05
    PHIC=9.075732E-09
    GRAD=2.063244E-02
    NuBT=2
    CPU =0.000109

ITER: 45
    HPWL=12010.123047
    OVFL=0.744818
    HPWL=(6271.317383, 5738.805176)
    POTN=3.012442E+05
    PHIC=9.529519E-09
    GRAD=2.190582E-02
    NuBT=2
    CPU =0.000110

ITER: 46
    HPWL=11987.201172
    OVFL=0.741519
    HPWL=(6264.468750, 5722.732422)
    POTN=2.922270E+05
    PHIC=1.000599E-08
    GRAD=1.940844E-02
    NuBT=2
    CPU =0.000109

ITER: 47
    HPWL=11962.751953
    OVFL=0.739445
    HPWL=(6256.179688, 5706.572754)
    POTN=2.867833E+05
    PHIC=1.050629E-08
    GRAD=1.972596E-02
    NuBT=1
    CPU =0.000066

ITER: 48
    HPWL=11961.292969
    OVFL=0.736760
    HPWL=(6267.932129, 5693.360840)
    POTN=2.826957E+05
    PHIC=1.103161E-08
    GRAD=1.995572E-02
    NuBT=1
    CPU =0.000067

ITER: 49
    HPWL=11944.373047
    OVFL=0.734890
    HPWL=(6266.170410, 5678.202637)
    POTN=2.822238E+05
    PHIC=1.158319E-08
    GRAD=2.022865E-02
    NuBT=2
    CPU =0.000118

ITER: 50
    HPWL=11935.492188
    OVFL=0.730733
    HPWL=(6270.880859, 5664.610840)
    POTN=2.826038E+05
    PHIC=1.216235E-08
    GRAD=2.043285E-02
    NuBT=2
    CPU =0.000109

ITER: 51
    HPWL=11922.541016
    OVFL=0.720612
    HPWL=(6271.813477, 5650.727051)
    POTN=2.811171E+05
    PHIC=1.277046E-08
    GRAD=2.087261E-02
    NuBT=2
    CPU =0.000109

ITER: 52
    HPWL=11906.675781
    OVFL=0.714390
    HPWL=(6269.935059, 5636.740234)
    POTN=2.776289E+05
    PHIC=1.340899E-08
    GRAD=2.197529E-02
    NuBT=2
    CPU =0.000111

ITER: 53
    HPWL=11907.301758
    OVFL=0.714861
    HPWL=(6280.233398, 5627.068359)
    POTN=2.798351E+05
    PHIC=1.407943E-08
    GRAD=2.270803E-02
    NuBT=1
    CPU =0.000066

ITER: 54
    HPWL=11899.975586
    OVFL=0.727998
    HPWL=(6280.000488, 5619.975098)
    POTN=2.846731E+05
    PHIC=1.478340E-08
    GRAD=2.265504E-02
    NuBT=2
    CPU =0.000109

ITER: 55
    HPWL=11889.453125
    OVFL=0.750272
    HPWL=(6275.225098, 5614.227539)
    POTN=2.888811E+05
    PHIC=1.552257E-08
    GRAD=2.117326E-02
    NuBT=2
    CPU =0.000109

ITER: 56
    HPWL=11876.416992
    OVFL=0.748753
    HPWL=(6265.921875, 5610.495117)
    POTN=2.851063E+05
    PHIC=1.629870E-08
    GRAD=1.887630E-02
    NuBT=2
    CPU =0.000109

ITER: 57
    HPWL=11863.917969
    OVFL=0.746601
    HPWL=(6257.220215, 5606.698242)
    POTN=2.840480E+05
    PHIC=1.711363E-08
    GRAD=1.901465E-02
    NuBT=1
    CPU =0.000065

ITER: 58
    HPWL=11874.140625
    OVFL=0.744112
    HPWL=(6266.947266, 5607.193359)
    POTN=2.847270E+05
    PHIC=1.796929E-08
    GRAD=1.923680E-02
    NuBT=1
    CPU =0.000066

ITER: 59
    HPWL=11870.625977
    OVFL=0.741052
    HPWL=(6265.455078, 5605.170898)
    POTN=2.878199E+05
    PHIC=1.886775E-08
    GRAD=1.948004E-02
    NuBT=2
    CPU =0.000117

ITER: 60
    HPWL=11873.001953
    OVFL=0.738984
    HPWL=(6268.723633, 5604.277832)
    POTN=2.921459E+05
    PHIC=1.981113E-08
    GRAD=1.979121E-02
    NuBT=2
    CPU =0.000110

ITER: 61
    HPWL=11873.484375
    OVFL=0.738386
    HPWL=(6270.420898, 5603.063477)
    POTN=2.980646E+05
    PHIC=2.080169E-08
    GRAD=2.000710E-02
    NuBT=2
    CPU =0.000111

ITER: 62
    HPWL=11873.980469
    OVFL=0.737704
    HPWL=(6272.130859, 5601.850098)
    POTN=2.991650E+05
    PHIC=2.184177E-08
    GRAD=2.007347E-02
    NuBT=2
    CPU =0.000110

ITER: 63
    HPWL=11874.618164
    OVFL=0.737993
    HPWL=(6273.934570, 5600.683594)
    POTN=3.034709E+05
    PHIC=2.293385E-08
    GRAD=2.014546E-02
    NuBT=2
    CPU =0.000109

ITER: 64
    HPWL=11875.011719
    OVFL=0.738660
    HPWL=(6275.601074, 5599.411133)
    POTN=3.093301E+05
    PHIC=2.408054E-08
    GRAD=2.011808E-02
    NuBT=2
    CPU =0.000109

ITER: 65
    HPWL=11875.069336
    OVFL=0.739815
    HPWL=(6276.909668, 5598.159668)
    POTN=3.183736E+05
    PHIC=2.528457E-08
    GRAD=2.005317E-02
    NuBT=2
    CPU =0.000110

ITER: 66
    HPWL=11874.404297
    OVFL=0.755145
    HPWL=(6277.583008, 5596.820801)
    POTN=3.269770E+05
    PHIC=2.654880E-08
    GRAD=1.993591E-02
    NuBT=2
    CPU =0.000108

ITER: 67
    HPWL=11862.566406
    OVFL=0.757697
    HPWL=(6268.781738, 5593.785156)
    POTN=3.272985E+05
    PHIC=2.787623E-08
    GRAD=1.842018E-02
    NuBT=2
    CPU =0.000109

ITER: 68
    HPWL=11852.333984
    OVFL=0.759254
    HPWL=(6261.594238, 5590.739258)
    POTN=3.279316E+05
    PHIC=2.927005E-08
    GRAD=1.817009E-02
    NuBT=1
    CPU =0.000076

ITER: 69
    HPWL=11860.687500
    OVFL=0.759827
    HPWL=(6269.418945, 5591.268066)
    POTN=3.299508E+05
    PHIC=3.073351E-08
    GRAD=1.803652E-02
    NuBT=1
    CPU =0.000066

ITER: 70
    HPWL=11858.013672
    OVFL=0.760226
    HPWL=(6268.305176, 5589.708496)
    POTN=3.325258E+05
    PHIC=3.227019E-08
    GRAD=1.798253E-02
    NuBT=2
    CPU =0.000110

ITER: 71
    HPWL=11859.373047
    OVFL=0.759823
    HPWL=(6270.375000, 5588.998535)
    POTN=3.364595E+05
    PHIC=3.388369E-08
    GRAD=1.794858E-02
    NuBT=2
    CPU =0.000111

ITER: 72
    HPWL=11859.033203
    OVFL=0.759309
    HPWL=(6271.098145, 5587.934570)
    POTN=3.406580E+05
    PHIC=3.557787E-08
    GRAD=1.798814E-02
    NuBT=2
    CPU =0.000110

ITER: 73
    HPWL=11858.263672
    OVFL=0.757918
    HPWL=(6271.425293, 5586.838379)
    POTN=3.461155E+05
    PHIC=3.735676E-08
    GRAD=1.803651E-02
    NuBT=2
    CPU =0.000110

ITER: 74
    HPWL=11857.412109
    OVFL=0.755884
    HPWL=(6271.638672, 5585.773438)
    POTN=3.514421E+05
    PHIC=3.922460E-08
    GRAD=1.816600E-02
    NuBT=2
    CPU =0.000110

ITER: 75
    HPWL=11855.855469
    OVFL=0.749153
    HPWL=(6271.201660, 5584.653320)
    POTN=3.565249E+05
    PHIC=4.118583E-08
    GRAD=1.835417E-02
    NuBT=2
    CPU =0.000110

ITER: 76
    HPWL=11850.942383
    OVFL=0.749735
    HPWL=(6268.050781, 5582.891602)
    POTN=3.607823E+05
    PHIC=4.324512E-08
    GRAD=1.899038E-02
    NuBT=2
    CPU =0.000110

ITER: 77
    HPWL=11849.534180
    OVFL=0.750059
    HPWL=(6267.647461, 5581.886719)
    POTN=3.665786E+05
    PHIC=4.540737E-08
    GRAD=1.893619E-02
    NuBT=1
    CPU =0.000065

ITER: 78
    HPWL=11850.169922
    OVFL=0.750421
    HPWL=(6268.902832, 5581.267578)
    POTN=3.726641E+05
    PHIC=4.767773E-08
    GRAD=1.890776E-02
    NuBT=2
    CPU =0.000118

ITER: 79
    HPWL=11849.097656
    OVFL=0.750577
    HPWL=(6268.737793, 5580.360352)
    POTN=3.800072E+05
    PHIC=5.006162E-08
    GRAD=1.887015E-02
    NuBT=2
    CPU =0.000111

ITER: 80
    HPWL=11848.701172
    OVFL=0.750882
    HPWL=(6269.127441, 5579.574219)
    POTN=3.873265E+05
    PHIC=5.256469E-08
    GRAD=1.885568E-02
    NuBT=2
    CPU =0.000109

ITER: 81
    HPWL=11847.625000
    OVFL=0.751018
    HPWL=(6268.873535, 5578.750977)
    POTN=3.956029E+05
    PHIC=5.519293E-08
    GRAD=1.882670E-02
    NuBT=2
    CPU =0.000110

ITER: 82
    HPWL=11847.706055
    OVFL=0.752880
    HPWL=(6269.551270, 5578.154785)
    POTN=4.034594E+05
    PHIC=5.795257E-08
    GRAD=1.881515E-02
    NuBT=1
    CPU =0.000065

ITER: 83
    HPWL=11846.804688
    OVFL=0.761889
    HPWL=(6269.396484, 5577.408691)
    POTN=4.117798E+05
    PHIC=6.085020E-08
    GRAD=1.863616E-02
    NuBT=1
    CPU =0.000066

ITER: 84
    HPWL=11838.007812
    OVFL=0.764017
    HPWL=(6262.834473, 5575.173340)
    POTN=4.143032E+05
    PHIC=6.389271E-08
    GRAD=1.779065E-02
    NuBT=2
    CPU =0.000109

ITER: 85
    HPWL=11832.176758
    OVFL=0.764842
    HPWL=(6258.553223, 5573.623535)
    POTN=4.163185E+05
    PHIC=6.708734E-08
    GRAD=1.759895E-02
    NuBT=1
    CPU =0.000066

ITER: 86
    HPWL=11833.792969
    OVFL=0.765393
    HPWL=(6260.378418, 5573.415039)
    POTN=4.179686E+05
    PHIC=7.044169E-08
    GRAD=1.752410E-02
    NuBT=1
    CPU =0.000065

ITER: 87
    HPWL=11832.679688
    OVFL=0.765837
    HPWL=(6259.816406, 5572.863281)
    POTN=4.198224E+05
    PHIC=7.396377E-08
    GRAD=1.747470E-02
    NuBT=2
    CPU =0.000111

ITER: 88
    HPWL=11832.304688
    OVFL=0.766234
    HPWL=(6259.969727, 5572.334473)
    POTN=4.214798E+05
    PHIC=7.766195E-08
    GRAD=1.743452E-02
    NuBT=2
    CPU =0.000110

ITER: 89
    HPWL=11831.576172
    OVFL=0.767044
    HPWL=(6259.738770, 5571.837402)
    POTN=4.231927E+05
    PHIC=8.154505E-08
    GRAD=1.740004E-02
    NuBT=2
    CPU =0.000120

ITER: 90
    HPWL=11830.995117
    OVFL=0.767705
    HPWL=(6259.668945, 5571.326172)
    POTN=4.247023E+05
    PHIC=8.562230E-08
    GRAD=1.732557E-02
    NuBT=2
    CPU =0.000111

ITER: 91
    HPWL=11830.539062
    OVFL=0.768312
    HPWL=(6259.542969, 5570.996094)
    POTN=4.261910E+05
    PHIC=8.990341E-08
    GRAD=1.727083E-02
    NuBT=2
    CPU =0.000109

ITER: 92
    HPWL=11830.152344
    OVFL=0.768758
    HPWL=(6259.510254, 5570.641602)
    POTN=4.274518E+05
    PHIC=9.439857E-08
    GRAD=1.721565E-02
    NuBT=2
    CPU =0.000110

ITER: 93
    HPWL=11829.498047
    OVFL=0.769125
    HPWL=(6259.121582, 5570.376953)
    POTN=4.286142E+05
    PHIC=9.911849E-08
    GRAD=1.717767E-02
    NuBT=2
    CPU =0.000109

ITER: 94
    HPWL=11829.137695
    OVFL=0.769420
    HPWL=(6258.999023, 5570.138672)
    POTN=4.295795E+05
    PHIC=1.040744E-07
    GRAD=1.714491E-02
    NuBT=2
    CPU =0.000110

ITER: 95
    HPWL=11828.558594
    OVFL=0.769660
    HPWL=(6258.616699, 5569.942383)
    POTN=4.304119E+05
    PHIC=1.092781E-07
    GRAD=1.711922E-02
    NuBT=2
    CPU =0.000109

ITER: 96
    HPWL=11828.699219
    OVFL=0.769802
    HPWL=(6258.863770, 5569.835938)
    POTN=4.308824E+05
    PHIC=1.147420E-07
    GRAD=1.709779E-02
    NuBT=2
    CPU =0.000110

ITER: 97
    HPWL=11828.525391
    OVFL=0.769885
    HPWL=(6258.730469, 5569.794922)
    POTN=4.311506E+05
    PHIC=1.204791E-07
    GRAD=1.708571E-02
    NuBT=2
    CPU =0.000120

ITER: 98
    HPWL=11828.833008
    OVFL=0.769916
    HPWL=(6259.116699, 5569.716309)
    POTN=4.311808E+05
    PHIC=1.265031E-07
    GRAD=1.707679E-02
    NuBT=2
    CPU =0.000121

ITER: 99
    HPWL=11828.859375
    OVFL=0.769867
    HPWL=(6259.024902, 5569.834961)
    POTN=4.309412E+05
    PHIC=1.328282E-07
    GRAD=1.707493E-02
    NuBT=2
    CPU =0.000111

ITER: 100
    HPWL=11829.655273
    OVFL=0.769739
    HPWL=(6259.698242, 5569.957031)
    POTN=4.303313E+05
    PHIC=1.394696E-07
    GRAD=1.707753E-02
    NuBT=1
    CPU =0.000066

ITER: 101
    HPWL=11829.947266
    OVFL=0.769550
    HPWL=(6259.729004, 5570.218750)
    POTN=4.295564E+05
    PHIC=1.464431E-07
    GRAD=1.709087E-02
    NuBT=2
    CPU =0.000109

ITER: 102
    HPWL=11831.046875
    OVFL=0.769297
    HPWL=(6260.563477, 5570.483887)
    POTN=4.284260E+05
    PHIC=1.537652E-07
    GRAD=1.710517E-02
    NuBT=1
    CPU =0.000068

ITER: 103
    HPWL=11831.355469
    OVFL=0.768997
    HPWL=(6260.558594, 5570.796387)
    POTN=4.272529E+05
    PHIC=1.614535E-07
    GRAD=1.712984E-02
    NuBT=2
    CPU =0.000110

ITER: 104
    HPWL=11832.580078
    OVFL=0.768628
    HPWL=(6261.412109, 5571.168457)
    POTN=4.256875E+05
    PHIC=1.695261E-07
    GRAD=1.715506E-02
    NuBT=1
    CPU =0.000066

ITER: 105
    HPWL=11833.388672
    OVFL=0.768218
    HPWL=(6261.749512, 5571.638672)
    POTN=4.241957E+05
    PHIC=1.780024E-07
    GRAD=1.718677E-02
    NuBT=1
    CPU =0.000065

ITER: 106
    HPWL=11834.648438
    OVFL=0.767637
    HPWL=(6262.575684, 5572.072754)
    POTN=4.222307E+05
    PHIC=1.869025E-07
    GRAD=1.722493E-02
    NuBT=1
    CPU =0.000065

ITER: 107
    HPWL=11835.019531
    OVFL=0.767005
    HPWL=(6262.503418, 5572.515625)
    POTN=4.205144E+05
    PHIC=1.962476E-07
    GRAD=1.727519E-02
    NuBT=1
    CPU =0.000065

ITER: 108
    HPWL=11836.235352
    OVFL=0.766294
    HPWL=(6263.253418, 5572.981934)
    POTN=4.183302E+05
    PHIC=2.060599E-07
    GRAD=1.733068E-02
    NuBT=1
    CPU =0.000066

ITER: 109
    HPWL=11836.896484
    OVFL=0.765727
    HPWL=(6263.327637, 5573.568359)
    POTN=4.164629E+05
    PHIC=2.163629E-07
    GRAD=1.739568E-02
    NuBT=1
    CPU =0.000069

ITER: 110
    HPWL=11838.542969
    OVFL=0.765343
    HPWL=(6264.410645, 5574.132324)
    POTN=4.140985E+05
    PHIC=2.271809E-07
    GRAD=1.744548E-02
    NuBT=1
    CPU =0.000074

ITER: 111
    HPWL=11839.380859
    OVFL=0.764869
    HPWL=(6264.486816, 5574.894531)
    POTN=4.121954E+05
    PHIC=2.385400E-07
    GRAD=1.747952E-02
    NuBT=1
    CPU =0.000066

ITER: 112
    HPWL=11841.039062
    OVFL=0.764261
    HPWL=(6265.509277, 5575.529785)
    POTN=4.097216E+05
    PHIC=2.504669E-07
    GRAD=1.752393E-02
    NuBT=1
    CPU =0.000066

ITER: 113
    HPWL=11841.613281
    OVFL=0.763505
    HPWL=(6265.406250, 5576.207520)
    POTN=4.078298E+05
    PHIC=2.629902E-07
    GRAD=1.757775E-02
    NuBT=1
    CPU =0.000065

ITER: 114
    HPWL=11843.242188
    OVFL=0.762350
    HPWL=(6266.396973, 5576.845703)
    POTN=4.051535E+05
    PHIC=2.761397E-07
    GRAD=1.764467E-02
    NuBT=1
    CPU =0.000066

ITER: 115
    HPWL=11843.917969
    OVFL=0.755945
    HPWL=(6266.335449, 5577.582031)
    POTN=3.997457E+05
    PHIC=2.899466E-07
    GRAD=1.775168E-02
    NuBT=1
    CPU =0.000066

ITER: 116
    HPWL=11840.912109
    OVFL=0.751568
    HPWL=(6263.576172, 5577.335449)
    POTN=3.922496E+05
    PHIC=3.044439E-07
    GRAD=1.833828E-02
    NuBT=2
    CPU =0.000111

ITER: 117
    HPWL=11838.634766
    OVFL=0.751480
    HPWL=(6261.115234, 5577.519531)
    POTN=3.853195E+05
    PHIC=3.196661E-07
    GRAD=1.874974E-02
    NuBT=1
    CPU =0.000065

ITER: 118
    HPWL=11841.493164
    OVFL=0.751380
    HPWL=(6263.007812, 5578.485352)
    POTN=3.781470E+05
    PHIC=3.356492E-07
    GRAD=1.876124E-02
    NuBT=1
    CPU =0.000071

ITER: 119
    HPWL=11842.181641
    OVFL=0.751286
    HPWL=(6262.935059, 5579.246582)
    POTN=3.716939E+05
    PHIC=3.524316E-07
    GRAD=1.876795E-02
    NuBT=2
    CPU =0.000111

ITER: 120
    HPWL=11844.853516
    OVFL=0.751187
    HPWL=(6264.668945, 5580.184570)
    POTN=3.652306E+05
    PHIC=3.700531E-07
    GRAD=1.877961E-02
    NuBT=2
    CPU =0.000110

ITER: 121
    HPWL=11845.869141
    OVFL=0.751011
    HPWL=(6264.843262, 5581.026367)
    POTN=3.596828E+05
    PHIC=3.885557E-07
    GRAD=1.878979E-02
    NuBT=2
    CPU =0.000111

ITER: 122
    HPWL=11848.363281
    OVFL=0.750771
    HPWL=(6266.395996, 5581.966797)
    POTN=3.540973E+05
    PHIC=4.079833E-07
    GRAD=1.880799E-02
    NuBT=2
    CPU =0.000117

ITER: 123
    HPWL=11849.228516
    OVFL=0.750526
    HPWL=(6266.430176, 5582.798340)
    POTN=3.496226E+05
    PHIC=4.283824E-07
    GRAD=1.883089E-02
    NuBT=2
    CPU =0.000111

ITER: 124
    HPWL=11851.401367
    OVFL=0.750268
    HPWL=(6267.735352, 5583.666016)
    POTN=3.450709E+05
    PHIC=4.498013E-07
    GRAD=1.885472E-02
    NuBT=2
    CPU =0.000110

ITER: 125
    HPWL=11851.939453
    OVFL=0.751088
    HPWL=(6267.469238, 5584.470703)
    POTN=3.417645E+05
    PHIC=4.722913E-07
    GRAD=1.887920E-02
    NuBT=2
    CPU =0.000111

ITER: 126
    HPWL=11853.724609
    OVFL=0.757909
    HPWL=(6268.527344, 5585.197754)
    POTN=3.381935E+05
    PHIC=4.959057E-07
    GRAD=1.880022E-02
    NuBT=2
    CPU =0.000109

ITER: 127
    HPWL=11849.781250
    OVFL=0.759118
    HPWL=(6264.514648, 5585.266113)
    POTN=3.343250E+05
    PHIC=5.207010E-07
    GRAD=1.815334E-02
    NuBT=2
    CPU =0.000110

ITER: 128
    HPWL=11848.267578
    OVFL=0.759345
    HPWL=(6262.802246, 5585.465332)
    POTN=3.300714E+05
    PHIC=5.467360E-07
    GRAD=1.803934E-02
    NuBT=1
    CPU =0.000065

ITER: 129
    HPWL=11852.212891
    OVFL=0.759826
    HPWL=(6265.353027, 5586.859375)
    POTN=3.263508E+05
    PHIC=5.740725E-07
    GRAD=1.802187E-02
    NuBT=2
    CPU =0.000111

ITER: 130
    HPWL=11854.045898
    OVFL=0.760370
    HPWL=(6266.377441, 5587.668457)
    POTN=3.222750E+05
    PHIC=6.027760E-07
    GRAD=1.797654E-02
    NuBT=2
    CPU =0.000111

ITER: 131
    HPWL=11855.640625
    OVFL=0.760795
    HPWL=(6266.998047, 5588.642578)
    POTN=3.188674E+05
    PHIC=6.329146E-07
    GRAD=1.792722E-02
    NuBT=2
    CPU =0.000118

ITER: 132
    HPWL=11858.357422
    OVFL=0.760897
    HPWL=(6268.824707, 5589.533203)
    POTN=3.150118E+05
    PHIC=6.645600E-07
    GRAD=1.788832E-02
    NuBT=2
    CPU =0.000113

ITER: 133
    HPWL=11859.357422
    OVFL=0.760910
    HPWL=(6268.921875, 5590.436035)
    POTN=3.120623E+05
    PHIC=6.977879E-07
    GRAD=1.788395E-02
    NuBT=2
    CPU =0.000111

ITER: 134
    HPWL=11861.893555
    OVFL=0.760712
    HPWL=(6270.573242, 5591.320312)
    POTN=3.085885E+05
    PHIC=7.326771E-07
    GRAD=1.788311E-02
    NuBT=2
    CPU =0.000112

ITER: 135
    HPWL=11863.916016
    OVFL=0.760408
    HPWL=(6271.517090, 5592.398926)
    POTN=3.062142E+05
    PHIC=7.693106E-07
    GRAD=1.790405E-02
    NuBT=1
    CPU =0.000066

ITER: 136
    HPWL=11866.810547
    OVFL=0.759856
    HPWL=(6273.477051, 5593.333496)
    POTN=3.031603E+05
    PHIC=8.077757E-07
    GRAD=1.792873E-02
    NuBT=1
    CPU =0.000068

ITER: 137
    HPWL=11865.924805
    OVFL=0.759045
    HPWL=(6271.891602, 5594.033203)
    POTN=3.014286E+05
    PHIC=8.481645E-07
    GRAD=1.798044E-02
    NuBT=1
    CPU =0.000066

ITER: 138
    HPWL=11867.351562
    OVFL=0.757754
    HPWL=(6272.584961, 5594.766602)
    POTN=2.989786E+05
    PHIC=8.905724E-07
    GRAD=1.805242E-02
    NuBT=1
    CPU =0.000066

ITER: 139
    HPWL=11867.773438
    OVFL=0.755989
    HPWL=(6272.066895, 5595.706543)
    POTN=2.977564E+05
    PHIC=9.351009E-07
    GRAD=1.817431E-02
    NuBT=1
    CPU =0.000065

ITER: 140
    HPWL=11871.064453
    OVFL=0.752887
    HPWL=(6274.298340, 5596.766602)
    POTN=2.956098E+05
    PHIC=9.818555E-07
    GRAD=1.834082E-02
    NuBT=1
    CPU =0.000066

ITER: 141
    HPWL=11870.987305
    OVFL=0.741483
    HPWL=(6273.351074, 5597.636230)
    POTN=2.910736E+05
    PHIC=1.030948E-06
    GRAD=1.863232E-02
    NuBT=1
    CPU =0.000065

ITER: 142
    HPWL=11862.734375
    OVFL=0.740628
    HPWL=(6265.991699, 5596.742676)
    POTN=2.840390E+05
    PHIC=1.082495E-06
    GRAD=1.974021E-02
    NuBT=2
    CPU =0.000110

ITER: 143
    HPWL=11858.124023
    OVFL=0.740160
    HPWL=(6261.431641, 5596.692383)
    POTN=2.781829E+05
    PHIC=1.136620E-06
    GRAD=1.982388E-02
    NuBT=1
    CPU =0.000065

ITER: 144
    HPWL=11865.334961
    OVFL=0.738726
    HPWL=(6267.181152, 5598.153809)
    POTN=2.727690E+05
    PHIC=1.193450E-06
    GRAD=1.987258E-02
    NuBT=1
    CPU =0.000071

ITER: 145
    HPWL=11864.005859
    OVFL=0.734338
    HPWL=(6265.162109, 5598.844238)
    POTN=2.674685E+05
    PHIC=1.253122E-06
    GRAD=2.002062E-02
    NuBT=2
    CPU =0.000112

ITER: 146
    HPWL=11867.468750
    OVFL=0.720926
    HPWL=(6267.564941, 5599.903320)
    POTN=2.598686E+05
    PHIC=1.315778E-06
    GRAD=2.047409E-02
    NuBT=2
    CPU =0.000110

ITER: 147
    HPWL=11862.573242
    OVFL=0.716977
    HPWL=(6262.717285, 5599.855957)
    POTN=2.532589E+05
    PHIC=1.381567E-06
    GRAD=2.191986E-02
    NuBT=2
    CPU =0.000111

ITER: 148
    HPWL=11862.597656
    OVFL=0.712705
    HPWL=(6262.284668, 5600.312500)
    POTN=2.472778E+05
    PHIC=1.450645E-06
    GRAD=2.236804E-02
    NuBT=1
    CPU =0.000065

ITER: 149
    HPWL=11865.340820
    OVFL=0.711062
    HPWL=(6264.536621, 5600.804199)
    POTN=2.415058E+05
    PHIC=1.523177E-06
    GRAD=2.286255E-02
    NuBT=2
    CPU =0.000111

ITER: 150
    HPWL=11871.082031
    OVFL=0.715164
    HPWL=(6269.111816, 5601.970703)
    POTN=2.365471E+05
    PHIC=1.599334E-06
    GRAD=2.305687E-02
    NuBT=1
    CPU =0.000066

ITER: 151
    HPWL=11871.625000
    OVFL=0.718819
    HPWL=(6269.237793, 5602.386719)
    POTN=2.321091E+05
    PHIC=1.679300E-06
    GRAD=2.257821E-02
    NuBT=2
    CPU =0.000110

ITER: 152
    HPWL=11874.625977
    OVFL=0.722073
    HPWL=(6271.606445, 5603.019531)
    POTN=2.288327E+05
    PHIC=1.763265E-06
    GRAD=2.216473E-02
    NuBT=2
    CPU =0.000111

ITER: 153
    HPWL=11877.393555
    OVFL=0.724241
    HPWL=(6273.756348, 5603.637207)
    POTN=2.255723E+05
    PHIC=1.851427E-06
    GRAD=2.180061E-02
    NuBT=2
    CPU =0.000109

ITER: 154
    HPWL=11880.843750
    OVFL=0.725261
    HPWL=(6276.671875, 5604.171875)
    POTN=2.231923E+05
    PHIC=1.943997E-06
    GRAD=2.156469E-02
    NuBT=1
    CPU =0.000073

ITER: 155
    HPWL=11883.294922
    OVFL=0.725460
    HPWL=(6278.687500, 5604.607910)
    POTN=2.208315E+05
    PHIC=2.041196E-06
    GRAD=2.145252E-02
    NuBT=2
    CPU =0.000112

ITER: 156
    HPWL=11884.224609
    OVFL=0.725709
    HPWL=(6279.274414, 5604.950195)
    POTN=2.183592E+05
    PHIC=2.143256E-06
    GRAD=2.142956E-02
    NuBT=1
    CPU =0.000066

ITER: 157
    HPWL=11887.272461
    OVFL=0.724959
    HPWL=(6281.902344, 5605.370117)
    POTN=2.145073E+05
    PHIC=2.250418E-06
    GRAD=2.140466E-02
    NuBT=1
    CPU =0.000066

ITER: 158
    HPWL=11888.312500
    OVFL=0.725279
    HPWL=(6282.692383, 5605.619629)
    POTN=2.117777E+05
    PHIC=2.362938E-06
    GRAD=2.148749E-02
    NuBT=1
    CPU =0.000065

ITER: 159
    HPWL=11890.279297
    OVFL=0.724750
    HPWL=(6284.418945, 5605.860352)
    POTN=2.091710E+05
    PHIC=2.481084E-06
    GRAD=2.145249E-02
    NuBT=1
    CPU =0.000065

ITER: 160
    HPWL=11888.906250
    OVFL=0.725239
    HPWL=(6283.122070, 5605.783691)
    POTN=2.078259E+05
    PHIC=2.605138E-06
    GRAD=2.150675E-02
    NuBT=1
    CPU =0.000066

ITER: 161
    HPWL=11889.384766
    OVFL=0.724824
    HPWL=(6283.567871, 5605.816895)
    POTN=2.064190E+05
    PHIC=2.735395E-06
    GRAD=2.145095E-02
    NuBT=1
    CPU =0.000066

ITER: 162
    HPWL=11888.939453
    OVFL=0.725197
    HPWL=(6283.102051, 5605.837891)
    POTN=2.057303E+05
    PHIC=2.872164E-06
    GRAD=2.149735E-02
    NuBT=1
    CPU =0.000064

ITER: 163
    HPWL=11891.333984
    OVFL=0.725733
    HPWL=(6285.231445, 5606.102051)
    POTN=2.044675E+05
    PHIC=3.015772E-06
    GRAD=2.145746E-02
    NuBT=1
    CPU =0.000065

ITER: 164
    HPWL=11890.944336
    OVFL=0.726870
    HPWL=(6284.767578, 5606.176758)
    POTN=2.039820E+05
    PHIC=3.166560E-06
    GRAD=2.139790E-02
    NuBT=1
    CPU =0.000065

ITER: 165
    HPWL=11892.166992
    OVFL=0.727184
    HPWL=(6285.891113, 5606.275879)
    POTN=2.033270E+05
    PHIC=3.324887E-06
    GRAD=2.127578E-02
    NuBT=1
    CPU =0.000066

ITER: 166
    HPWL=11890.888672
    OVFL=0.727948
    HPWL=(6284.554688, 5606.333496)
    POTN=2.033225E+05
    PHIC=3.491132E-06
    GRAD=2.123961E-02
    NuBT=1
    CPU =0.000066

ITER: 167
    HPWL=11892.943359
    OVFL=0.728040
    HPWL=(6286.424805, 5606.519043)
    POTN=2.031667E+05
    PHIC=3.665687E-06
    GRAD=2.115921E-02
    NuBT=1
    CPU =0.000066

ITER: 168
    HPWL=11891.883789
    OVFL=0.728578
    HPWL=(6285.485352, 5606.398438)
    POTN=2.035621E+05
    PHIC=3.848971E-06
    GRAD=2.114821E-02
    NuBT=1
    CPU =0.000073

ITER: 169
    HPWL=11893.849609
    OVFL=0.728558
    HPWL=(6287.474609, 5606.375000)
    POTN=2.037272E+05
    PHIC=4.041418E-06
    GRAD=2.109406E-02
    NuBT=1
    CPU =0.000066

ITER: 170
    HPWL=11891.681641
    OVFL=0.728991
    HPWL=(6285.405762, 5606.275391)
    POTN=2.042810E+05
    PHIC=4.243489E-06
    GRAD=2.109664E-02
    NuBT=1
    CPU =0.000068

ITER: 171
    HPWL=11894.186523
    OVFL=0.728922
    HPWL=(6287.442383, 5606.744141)
    POTN=2.044517E+05
    PHIC=4.455662E-06
    GRAD=2.104829E-02
    NuBT=1
    CPU =0.000066

ITER: 172
    HPWL=11893.804688
    OVFL=0.729142
    HPWL=(6285.564453, 5608.240234)
    POTN=2.048307E+05
    PHIC=4.678445E-06
    GRAD=2.105714E-02
    NuBT=1
    CPU =0.000065

ITER: 173
    HPWL=11899.302734
    OVFL=0.728857
    HPWL=(6288.177246, 5611.125488)
    POTN=2.047739E+05
    PHIC=4.912363E-06
    GRAD=2.103422E-02
    NuBT=1
    CPU =0.000065

ITER: 174
    HPWL=11900.197266
    OVFL=0.728352
    HPWL=(6285.789062, 5614.407715)
    POTN=2.046802E+05
    PHIC=5.157980E-06
    GRAD=2.106774E-02
    NuBT=1
    CPU =0.000066

ITER: 175
    HPWL=11906.011719
    OVFL=0.726754
    HPWL=(6288.237793, 5617.773438)
    POTN=2.038440E+05
    PHIC=5.415875E-06
    GRAD=2.111998E-02
    NuBT=1
    CPU =0.000066

ITER: 176
    HPWL=11907.598633
    OVFL=0.724933
    HPWL=(6286.166016, 5621.432617)
    POTN=2.028338E+05
    PHIC=5.686667E-06
    GRAD=2.129716E-02
    NuBT=1
    CPU =0.000065

ITER: 177
    HPWL=11914.893555
    OVFL=0.722055
    HPWL=(6289.685547, 5625.208008)
    POTN=2.010001E+05
    PHIC=5.970994E-06
    GRAD=2.149457E-02
    NuBT=1
    CPU =0.000067

ITER: 178
    HPWL=11917.244141
    OVFL=0.719003
    HPWL=(6287.719238, 5629.525391)
    POTN=1.990433E+05
    PHIC=6.269541E-06
    GRAD=2.181581E-02
    NuBT=1
    CPU =0.000066

ITER: 179
    HPWL=11925.720703
    OVFL=0.715092
    HPWL=(6291.418945, 5634.301270)
    POTN=1.963427E+05
    PHIC=6.583010E-06
    GRAD=2.215725E-02
    NuBT=1
    CPU =0.000065

ITER: 180
    HPWL=11928.844727
    OVFL=0.711330
    HPWL=(6288.989258, 5639.855469)
    POTN=1.937144E+05
    PHIC=6.912157E-06
    GRAD=2.260847E-02
    NuBT=1
    CPU =0.000066

ITER: 181
    HPWL=11938.119141
    OVFL=0.706623
    HPWL=(6293.133301, 5644.986328)
    POTN=1.904143E+05
    PHIC=7.257754E-06
    GRAD=2.304615E-02
    NuBT=1
    CPU =0.000065

ITER: 182
    HPWL=11944.408203
    OVFL=0.704103
    HPWL=(6291.281738, 5653.126465)
    POTN=1.874185E+05
    PHIC=7.620635E-06
    GRAD=2.361077E-02
    NuBT=1
    CPU =0.000065

ITER: 183
    HPWL=11955.143555
    OVFL=0.701993
    HPWL=(6295.712891, 5659.430664)
    POTN=1.839793E+05
    PHIC=8.001654E-06
    GRAD=2.391434E-02
    NuBT=1
    CPU =0.000065

ITER: 184
    HPWL=11962.007812
    OVFL=0.700548
    HPWL=(6294.991699, 5667.016113)
    POTN=1.811669E+05
    PHIC=8.401728E-06
    GRAD=2.418067E-02
    NuBT=1
    CPU =0.000075

ITER: 185
    HPWL=11977.349609
    OVFL=0.698006
    HPWL=(6299.399902, 5677.950195)
    POTN=1.778960E+05
    PHIC=8.821796E-06
    GRAD=2.435895E-02
    NuBT=2
    CPU =0.000109

ITER: 186
    HPWL=11985.255859
    OVFL=0.695986
    HPWL=(6297.885742, 5687.370117)
    POTN=1.751335E+05
    PHIC=9.262874E-06
    GRAD=2.468374E-02
    NuBT=1
    CPU =0.000066

ITER: 187
    HPWL=12003.482422
    OVFL=0.692803
    HPWL=(6304.246582, 5699.236328)
    POTN=1.717356E+05
    PHIC=9.725992E-06
    GRAD=2.493968E-02
    NuBT=1
    CPU =0.000065

ITER: 188
    HPWL=12013.068359
    OVFL=0.692000
    HPWL=(6304.198730, 5708.869629)
    POTN=1.686585E+05
    PHIC=1.021228E-05
    GRAD=2.535333E-02
    NuBT=1
    CPU =0.000066

ITER: 189
    HPWL=12032.869141
    OVFL=0.686398
    HPWL=(6311.186035, 5721.683594)
    POTN=1.638322E+05
    PHIC=1.072286E-05
    GRAD=2.546233E-02
    NuBT=1
    CPU =0.000065

ITER: 190
    HPWL=12045.771484
    OVFL=0.678632
    HPWL=(6311.899414, 5733.872070)
    POTN=1.586131E+05
    PHIC=1.125898E-05
    GRAD=2.620685E-02
    NuBT=1
    CPU =0.000065

ITER: 191
    HPWL=12061.195312
    OVFL=0.669778
    HPWL=(6316.155762, 5745.039551)
    POTN=1.516942E+05
    PHIC=1.182190E-05
    GRAD=2.725567E-02
    NuBT=2
    CPU =0.000110

ITER: 192
    HPWL=12070.728516
    OVFL=0.661548
    HPWL=(6316.239746, 5754.488770)
    POTN=1.447022E+05
    PHIC=1.241298E-05
    GRAD=2.851425E-02
    NuBT=1
    CPU =0.000066

ITER: 193
    HPWL=12088.168945
    OVFL=0.654701
    HPWL=(6324.529297, 5763.639648)
    POTN=1.371383E+05
    PHIC=1.303360E-05
    GRAD=2.974211E-02
    NuBT=1
    CPU =0.000065

ITER: 194
    HPWL=12100.653320
    OVFL=0.650944
    HPWL=(6327.514160, 5773.139160)
    POTN=1.300943E+05
    PHIC=1.368525E-05
    GRAD=3.080973E-02
    NuBT=1
    CPU =0.000066

ITER: 195
    HPWL=12117.321289
    OVFL=0.646573
    HPWL=(6338.004395, 5779.316895)
    POTN=1.228077E+05
    PHIC=1.436948E-05
    GRAD=3.142399E-02
    NuBT=1
    CPU =0.000066

ITER: 196
    HPWL=12121.695312
    OVFL=0.644393
    HPWL=(6338.176270, 5783.518555)
    POTN=1.169363E+05
    PHIC=1.508794E-05
    GRAD=3.212981E-02
    NuBT=2
    CPU =0.000111

ITER: 197
    HPWL=12132.593750
    OVFL=0.641872
    HPWL=(6345.979980, 5786.613770)
    POTN=1.111440E+05
    PHIC=1.584232E-05
    GRAD=3.249882E-02
    NuBT=1
    CPU =0.000071

ITER: 198
    HPWL=12141.397461
    OVFL=0.642850
    HPWL=(6351.073242, 5790.324219)
    POTN=1.071542E+05
    PHIC=1.663441E-05
    GRAD=3.295023E-02
    NuBT=1
    CPU =0.000066

ITER: 199
    HPWL=12152.506836
    OVFL=0.633074
    HPWL=(6359.103027, 5793.403809)
    POTN=1.016096E+05
    PHIC=1.746610E-05
    GRAD=3.280413E-02
    NuBT=1
    CPU =0.000065

ITER: 200
    HPWL=12153.024414
    OVFL=0.615614
    HPWL=(6355.318848, 5797.705566)
    POTN=9.617900E+04
    PHIC=1.833940E-05
    GRAD=3.443779E-02
    NuBT=2
    CPU =0.000112

ITER: 201
    HPWL=12153.054688
    OVFL=0.606750
    HPWL=(6352.574707, 5800.479980)
    POTN=9.083579E+04
    PHIC=1.925637E-05
    GRAD=3.757006E-02
    NuBT=2
    CPU =0.000111

ITER: 202
    HPWL=12156.873047
    OVFL=0.605190
    HPWL=(6353.058594, 5803.813965)
    POTN=8.733195E+04
    PHIC=2.021918E-05
    GRAD=3.929321E-02
    NuBT=1
    CPU =0.000066

ITER: 203
    HPWL=12167.533203
    OVFL=0.605278
    HPWL=(6362.575195, 5804.957520)
    POTN=8.512973E+04
    PHIC=2.123010E-05
    GRAD=3.963153E-02
    NuBT=2
    CPU =0.000111

ITER: 204
    HPWL=12168.781250
    OVFL=0.610541
    HPWL=(6361.895996, 5806.885254)
    POTN=8.415602E+04
    PHIC=2.229160E-05
    GRAD=3.961541E-02
    NuBT=2
    CPU =0.000112

ITER: 205
    HPWL=12178.291016
    OVFL=0.612117
    HPWL=(6367.276855, 5811.013672)
    POTN=8.325655E+04
    PHIC=2.340615E-05
    GRAD=3.858486E-02
    NuBT=2
    CPU =0.000110

ITER: 206
    HPWL=12192.527344
    OVFL=0.614870
    HPWL=(6370.718262, 5821.808594)
    POTN=8.275345E+04
    PHIC=2.457641E-05
    GRAD=3.830698E-02
    NuBT=1
    CPU =0.000066

ITER: 207
    HPWL=12208.298828
    OVFL=0.614958
    HPWL=(6374.107910, 5834.190430)
    POTN=8.141376E+04
    PHIC=2.580517E-05
    GRAD=3.778088E-02
    NuBT=1
    CPU =0.000066

ITER: 208
    HPWL=12221.516602
    OVFL=0.615530
    HPWL=(6371.036133, 5850.480469)
    POTN=8.042859E+04
    PHIC=2.709537E-05
    GRAD=3.775111E-02
    NuBT=1
    CPU =0.000072

ITER: 209
    HPWL=12240.343750
    OVFL=0.608527
    HPWL=(6373.479004, 5866.864258)
    POTN=7.799888E+04
    PHIC=2.845007E-05
    GRAD=3.763406E-02
    NuBT=1
    CPU =0.000066

ITER: 210
    HPWL=12253.351562
    OVFL=0.598196
    HPWL=(6372.551758, 5880.799805)
    POTN=7.532463E+04
    PHIC=2.987251E-05
    GRAD=3.898823E-02
    NuBT=2
    CPU =0.000110

ITER: 211
    HPWL=12269.280273
    OVFL=0.584286
    HPWL=(6373.419434, 5895.860840)
    POTN=7.205010E+04
    PHIC=3.136607E-05
    GRAD=4.105663E-02
    NuBT=2
    CPU =0.000110

ITER: 212
    HPWL=12276.924805
    OVFL=0.574232
    HPWL=(6369.223145, 5907.701660)
    POTN=6.885180E+04
    PHIC=3.293433E-05
    GRAD=4.402491E-02
    NuBT=2
    CPU =0.000110

ITER: 213
    HPWL=12291.129883
    OVFL=0.568893
    HPWL=(6372.121094, 5919.008789)
    POTN=6.521123E+04
    PHIC=3.458098E-05
    GRAD=4.631355E-02
    NuBT=1
    CPU =0.000066

ITER: 214
    HPWL=12299.758789
    OVFL=0.561604
    HPWL=(6371.668945, 5928.089844)
    POTN=6.219873E+04
    PHIC=3.630998E-05
    GRAD=4.760201E-02
    NuBT=2
    CPU =0.000109

ITER: 215
    HPWL=12312.923828
    OVFL=0.556843
    HPWL=(6371.047852, 5941.875977)
    POTN=5.940112E+04
    PHIC=3.812541E-05
    GRAD=4.935424E-02
    NuBT=2
    CPU =0.000110

ITER: 216
    HPWL=12327.170898
    OVFL=0.552906
    HPWL=(6370.419434, 5956.751465)
    POTN=5.743121E+04
    PHIC=4.003159E-05
    GRAD=5.058118E-02
    NuBT=1
    CPU =0.000066

ITER: 217
    HPWL=12334.244141
    OVFL=0.547069
    HPWL=(6369.474609, 5964.770020)
    POTN=5.568176E+04
    PHIC=4.203313E-05
    GRAD=5.156868E-02
    NuBT=2
    CPU =0.000109

ITER: 218
    HPWL=12334.163086
    OVFL=0.542127
    HPWL=(6364.886230, 5969.276855)
    POTN=5.455982E+04
    PHIC=4.413478E-05
    GRAD=5.310304E-02
    NuBT=2
    CPU =0.000117

ITER: 219
    HPWL=12343.673828
    OVFL=0.538345
    HPWL=(6364.976562, 5978.697754)
    POTN=5.369097E+04
    PHIC=4.634146E-05
    GRAD=5.443697E-02
    NuBT=1
    CPU =0.000072

ITER: 220
    HPWL=12347.272461
    OVFL=0.536832
    HPWL=(6361.788574, 5985.483887)
    POTN=5.324805E+04
    PHIC=4.865850E-05
    GRAD=5.549821E-02
    NuBT=1
    CPU =0.000069

ITER: 221
    HPWL=12353.841797
    OVFL=0.534409
    HPWL=(6363.574707, 5990.266602)
    POTN=5.275669E+04
    PHIC=5.109138E-05
    GRAD=5.591123E-02
    NuBT=1
    CPU =0.000068

ITER: 222
    HPWL=12350.275391
    OVFL=0.532648
    HPWL=(6361.387695, 5988.888184)
    POTN=5.253116E+04
    PHIC=5.364595E-05
    GRAD=5.659008E-02
    NuBT=1
    CPU =0.000066

ITER: 223
    HPWL=12345.326172
    OVFL=0.529928
    HPWL=(6362.203613, 5983.123047)
    POTN=5.208723E+04
    PHIC=5.632824E-05
    GRAD=5.707139E-02
    NuBT=1
    CPU =0.000066

ITER: 224
    HPWL=12331.534180
    OVFL=0.528703
    HPWL=(6360.041992, 5971.492188)
    POTN=5.176491E+04
    PHIC=5.914466E-05
    GRAD=5.786958E-02
    NuBT=1
    CPU =0.000066

ITER: 225
    HPWL=12325.849609
    OVFL=0.527921
    HPWL=(6360.606934, 5965.242676)
    POTN=5.110402E+04
    PHIC=6.210188E-05
    GRAD=5.821081E-02
    NuBT=1
    CPU =0.000066

ITER: 226
    HPWL=12316.513672
    OVFL=0.528646
    HPWL=(6358.381348, 5958.132812)
    POTN=5.045148E+04
    PHIC=6.520697E-05
    GRAD=5.844985E-02
    NuBT=1
    CPU =0.000066

ITER: 227
    HPWL=12309.261719
    OVFL=0.528958
    HPWL=(6359.441895, 5949.820312)
    POTN=4.952475E+04
    PHIC=6.846731E-05
    GRAD=5.822600E-02
    NuBT=1
    CPU =0.000066

ITER: 228
    HPWL=12301.759766
    OVFL=0.529845
    HPWL=(6357.245117, 5944.514160)
    POTN=4.866684E+04
    PHIC=7.189067E-05
    GRAD=5.814391E-02
    NuBT=1
    CPU =0.000066

ITER: 229
    HPWL=12299.037109
    OVFL=0.528931
    HPWL=(6359.072266, 5939.965332)
    POTN=4.747015E+04
    PHIC=7.548520E-05
    GRAD=5.788274E-02
    NuBT=1
    CPU =0.000066

ITER: 230
    HPWL=12289.011719
    OVFL=0.530045
    HPWL=(6357.375000, 5931.637207)
    POTN=4.637467E+04
    PHIC=7.925946E-05
    GRAD=5.815875E-02
    NuBT=1
    CPU =0.000066

ITER: 231
    HPWL=12275.063477
    OVFL=0.528890
    HPWL=(6361.051758, 5914.011719)
    POTN=4.492608E+04
    PHIC=8.322243E-05
    GRAD=5.782190E-02
    NuBT=1
    CPU =0.000065

ITER: 232
    HPWL=12265.781250
    OVFL=0.528829
    HPWL=(6360.196777, 5905.584961)
    POTN=4.345353E+04
    PHIC=8.738355E-05
    GRAD=5.818271E-02
    NuBT=1
    CPU =0.000065

ITER: 233
    HPWL=12276.838867
    OVFL=0.524835
    HPWL=(6364.907227, 5911.931641)
    POTN=4.154527E+04
    PHIC=9.175258E-05
    GRAD=5.819961E-02
    NuBT=1
    CPU =0.000066

ITER: 234
    HPWL=12282.395508
    OVFL=0.521044
    HPWL=(6362.464844, 5919.930664)
    POTN=3.969699E+04
    PHIC=9.634013E-05
    GRAD=5.938447E-02
    NuBT=1
    CPU =0.000072

ITER: 235
    HPWL=12298.296875
    OVFL=0.512056
    HPWL=(6367.813477, 5930.482910)
    POTN=3.775570E+04
    PHIC=1.011569E-04
    GRAD=6.051664E-02
    NuBT=1
    CPU =0.000066

ITER: 236
    HPWL=12298.773438
    OVFL=0.505192
    HPWL=(6362.334961, 5936.437988)
    POTN=3.616677E+04
    PHIC=1.062147E-04
    GRAD=6.325736E-02
    NuBT=2
    CPU =0.000110

ITER: 237
    HPWL=12308.312500
    OVFL=0.499358
    HPWL=(6368.159180, 5940.153320)
    POTN=3.477816E+04
    PHIC=1.115253E-04
    GRAD=6.542911E-02
    NuBT=1
    CPU =0.000066

ITER: 238
    HPWL=12309.415039
    OVFL=0.495392
    HPWL=(6370.291504, 5939.123535)
    POTN=3.384098E+04
    PHIC=1.171015E-04
    GRAD=6.739103E-02
    NuBT=1
    CPU =0.000068

ITER: 239
    HPWL=12318.052734
    OVFL=0.490480
    HPWL=(6377.329590, 5940.723633)
    POTN=3.286783E+04
    PHIC=1.229565E-04
    GRAD=6.870303E-02
    NuBT=2
    CPU =0.000110

ITER: 240
    HPWL=12316.694336
    OVFL=0.485913
    HPWL=(6377.415527, 5939.278809)
    POTN=3.203638E+04
    PHIC=1.291043E-04
    GRAD=7.041764E-02
    NuBT=1
    CPU =0.000066

ITER: 241
    HPWL=12320.865234
    OVFL=0.480448
    HPWL=(6383.961426, 5936.904297)
    POTN=3.111459E+04
    PHIC=1.355594E-04
    GRAD=7.200056E-02
    NuBT=1
    CPU =0.000066

ITER: 242
    HPWL=12323.152344
    OVFL=0.475704
    HPWL=(6383.514160, 5939.637695)
    POTN=3.042107E+04
    PHIC=1.423373E-04
    GRAD=7.395396E-02
    NuBT=2
    CPU =0.000110

ITER: 243
    HPWL=12334.066406
    OVFL=0.470852
    HPWL=(6388.931641, 5945.135254)
    POTN=2.978520E+04
    PHIC=1.494540E-04
    GRAD=7.565782E-02
    NuBT=1
    CPU =0.000066

ITER: 244
    HPWL=12339.081055
    OVFL=0.466577
    HPWL=(6388.539551, 5950.541504)
    POTN=2.939555E+04
    PHIC=1.569265E-04
    GRAD=7.748313E-02
    NuBT=2
    CPU =0.000110

ITER: 245
    HPWL=12346.820312
    OVFL=0.462792
    HPWL=(6392.232910, 5954.587891)
    POTN=2.901929E+04
    PHIC=1.647727E-04
    GRAD=7.906758E-02
    NuBT=1
    CPU =0.000066

ITER: 246
    HPWL=12343.394531
    OVFL=0.461446
    HPWL=(6390.721680, 5952.672852)
    POTN=2.883276E+04
    PHIC=1.730113E-04
    GRAD=8.056047E-02
    NuBT=1
    CPU =0.000075

ITER: 247
    HPWL=12346.630859
    OVFL=0.458795
    HPWL=(6393.220703, 5953.410156)
    POTN=2.850528E+04
    PHIC=1.816618E-04
    GRAD=8.100903E-02
    NuBT=1
    CPU =0.000067

ITER: 248
    HPWL=12341.253906
    OVFL=0.455040
    HPWL=(6390.616211, 5950.637695)
    POTN=2.808394E+04
    PHIC=1.907449E-04
    GRAD=8.207263E-02
    NuBT=1
    CPU =0.000066

ITER: 249
    HPWL=12346.247070
    OVFL=0.449738
    HPWL=(6393.302246, 5952.944824)
    POTN=2.743719E+04
    PHIC=2.002820E-04
    GRAD=8.349667E-02
    NuBT=1
    CPU =0.000066

ITER: 250
    HPWL=12341.568359
    OVFL=0.443700
    HPWL=(6390.810547, 5950.758301)
    POTN=2.676088E+04
    PHIC=2.102960E-04
    GRAD=8.566698E-02
    NuBT=2
    CPU =0.000110

ITER: 251
    HPWL=12342.861328
    OVFL=0.437306
    HPWL=(6393.010254, 5949.851074)
    POTN=2.595079E+04
    PHIC=2.208108E-04
    GRAD=8.811074E-02
    NuBT=1
    CPU =0.000066

ITER: 252
    HPWL=12340.811523
    OVFL=0.430279
    HPWL=(6392.264160, 5948.547363)
    POTN=2.520288E+04
    PHIC=2.318513E-04
    GRAD=9.088336E-02
    NuBT=2
    CPU =0.000110

ITER: 253
    HPWL=12346.830078
    OVFL=0.422750
    HPWL=(6396.078125, 5950.751465)
    POTN=2.434280E+04
    PHIC=2.434437E-04
    GRAD=9.391972E-02
    NuBT=1
    CPU =0.000065

ITER: 254
    HPWL=12349.681641
    OVFL=0.415637
    HPWL=(6395.853516, 5953.828125)
    POTN=2.360637E+04
    PHIC=2.556157E-04
    GRAD=9.738903E-02
    NuBT=2
    CPU =0.000110

ITER: 255
    HPWL=12357.205078
    OVFL=0.410298
    HPWL=(6400.026367, 5957.178223)
    POTN=2.288609E+04
    PHIC=2.683963E-04
    GRAD=1.006569E-01
    NuBT=1
    CPU =0.000065

ITER: 256
    HPWL=12356.749023
    OVFL=0.406318
    HPWL=(6401.465820, 5955.283203)
    POTN=2.231488E+04
    PHIC=2.818161E-04
    GRAD=1.032729E-01
    NuBT=1
    CPU =0.000065

ITER: 257
    HPWL=12364.337891
    OVFL=0.403953
    HPWL=(6405.309082, 5959.029297)
    POTN=2.184914E+04
    PHIC=2.959065E-04
    GRAD=1.050965E-01
    NuBT=2
    CPU =0.000110

ITER: 258
    HPWL=12364.897461
    OVFL=0.402097
    HPWL=(6404.096191, 5960.801270)
    POTN=2.147315E+04
    PHIC=3.107018E-04
    GRAD=1.062773E-01
    NuBT=1
    CPU =0.000074

ITER: 259
    HPWL=12370.693359
    OVFL=0.401164
    HPWL=(6405.737305, 5964.955566)
    POTN=2.105028E+04
    PHIC=3.262366E-04
    GRAD=1.070502E-01
    NuBT=2
    CPU =0.000111

ITER: 260
    HPWL=12374.380859
    OVFL=0.398767
    HPWL=(6404.410156, 5969.970215)
    POTN=2.067701E+04
    PHIC=3.425482E-04
    GRAD=1.075171E-01
    NuBT=1
    CPU =0.000066

ITER: 261
    HPWL=12380.874023
    OVFL=0.394972
    HPWL=(6406.301758, 5974.572266)
    POTN=2.018610E+04
    PHIC=3.596753E-04
    GRAD=1.085820E-01
    NuBT=1
    CPU =0.000066

ITER: 262
    HPWL=12380.994141
    OVFL=0.390240
    HPWL=(6403.742188, 5977.251465)
    POTN=1.970590E+04
    PHIC=3.776591E-04
    GRAD=1.104880E-01
    NuBT=1
    CPU =0.000066

ITER: 263
    HPWL=12382.979492
    OVFL=0.386890
    HPWL=(6405.781250, 5977.198242)
    POTN=1.915912E+04
    PHIC=3.965419E-04
    GRAD=1.128161E-01
    NuBT=1
    CPU =0.000065

ITER: 264
    HPWL=12378.791016
    OVFL=0.384221
    HPWL=(6403.791016, 5974.999512)
    POTN=1.868517E+04
    PHIC=4.163690E-04
    GRAD=1.145483E-01
    NuBT=1
    CPU =0.000066

ITER: 265
    HPWL=12380.969727
    OVFL=0.382906
    HPWL=(6406.289551, 5974.680176)
    POTN=1.814070E+04
    PHIC=4.371873E-04
    GRAD=1.157834E-01
    NuBT=1
    CPU =0.000066

ITER: 266
    HPWL=12379.909180
    OVFL=0.383201
    HPWL=(6405.321289, 5974.587891)
    POTN=1.763586E+04
    PHIC=4.590466E-04
    GRAD=1.164434E-01
    NuBT=2
    CPU =0.000110

ITER: 267
    HPWL=12383.632812
    OVFL=0.382835
    HPWL=(6407.738281, 5975.894531)
    POTN=1.699341E+04
    PHIC=4.819987E-04
    GRAD=1.160370E-01
    NuBT=1
    CPU =0.000068

ITER: 268
    HPWL=12378.787109
    OVFL=0.380177
    HPWL=(6405.586426, 5973.200684)
    POTN=1.636943E+04
    PHIC=5.060986E-04
    GRAD=1.161609E-01
    NuBT=2
    CPU =0.000110

ITER: 269
    HPWL=12390.506836
    OVFL=0.376866
    HPWL=(6408.332520, 5982.174316)
    POTN=1.563052E+04
    PHIC=5.314025E-04
    GRAD=1.173140E-01
    NuBT=1
    CPU =0.000067

ITER: 270
    HPWL=12394.330078
    OVFL=0.373144
    HPWL=(6406.314453, 5988.016113)
    POTN=1.504249E+04
    PHIC=5.579723E-04
    GRAD=1.190608E-01
    NuBT=2
    CPU =0.000110

ITER: 271
    HPWL=12402.418945
    OVFL=0.368442
    HPWL=(6409.276855, 5993.142090)
    POTN=1.444460E+04
    PHIC=5.858702E-04
    GRAD=1.208027E-01
    NuBT=1
    CPU =0.000075

ITER: 272
    HPWL=12411.697266
    OVFL=0.364544
    HPWL=(6407.634277, 6004.062988)
    POTN=1.399815E+04
    PHIC=6.151629E-04
    GRAD=1.233549E-01
    NuBT=2
    CPU =0.000113

ITER: 273
    HPWL=12419.588867
    OVFL=0.359949
    HPWL=(6409.016602, 6010.572266)
    POTN=1.342542E+04
    PHIC=6.459203E-04
    GRAD=1.251816E-01
    NuBT=1
    CPU =0.000066

ITER: 274
    HPWL=12438.634766
    OVFL=0.357489
    HPWL=(6409.099121, 6029.535156)
    POTN=1.295181E+04
    PHIC=6.782144E-04
    GRAD=1.277550E-01
    NuBT=2
    CPU =0.000110

ITER: 275
    HPWL=12461.193359
    OVFL=0.354723
    HPWL=(6413.152344, 6048.040527)
    POTN=1.231121E+04
    PHIC=7.121228E-04
    GRAD=1.288021E-01
    NuBT=1
    CPU =0.000066

ITER: 276
    HPWL=12482.797852
    OVFL=0.352567
    HPWL=(6413.557129, 6069.240723)
    POTN=1.165324E+04
    PHIC=7.477266E-04
    GRAD=1.302902E-01
    NuBT=1
    CPU =0.000066

ITER: 277
    HPWL=12512.255859
    OVFL=0.348536
    HPWL=(6419.004395, 6093.250977)
    POTN=1.083855E+04
    PHIC=7.851096E-04
    GRAD=1.311058E-01
    NuBT=1
    CPU =0.000066

ITER: 278
    HPWL=12537.192383
    OVFL=0.342976
    HPWL=(6415.802246, 6121.390137)
    POTN=1.000247E+04
    PHIC=8.243622E-04
    GRAD=1.332939E-01
    NuBT=2
    CPU =0.000110

ITER: 279
    HPWL=12566.859375
    OVFL=0.333112
    HPWL=(6420.475586, 6146.384277)
    POTN=9.010378E+03
    PHIC=8.655767E-04
    GRAD=1.359777E-01
    NuBT=1
    CPU =0.000066

ITER: 280
    HPWL=12578.131836
    OVFL=0.322151
    HPWL=(6414.333496, 6163.798340)
    POTN=8.216353E+03
    PHIC=9.088540E-04
    GRAD=1.417247E-01
    NuBT=2
    CPU =0.000111

ITER: 281
    HPWL=12600.634766
    OVFL=0.310933
    HPWL=(6416.708984, 6183.925781)
    POTN=7.566282E+03
    PHIC=9.542936E-04
    GRAD=1.479670E-01
    NuBT=2
    CPU =0.000110

ITER: 282
    HPWL=12605.445312
    OVFL=0.304265
    HPWL=(6413.183594, 6192.261719)
    POTN=7.224626E+03
    PHIC=1.002008E-03
    GRAD=1.549399E-01
    NuBT=2
    CPU =0.000118

ITER: 283
    HPWL=12611.488281
    OVFL=0.302119
    HPWL=(6418.321777, 6193.166504)
    POTN=6.995693E+03
    PHIC=1.052107E-03
    GRAD=1.586873E-01
    NuBT=1
    CPU =0.000066

ITER: 284
    HPWL=12612.923828
    OVFL=0.302939
    HPWL=(6414.765625, 6198.157715)
    POTN=6.932474E+03
    PHIC=1.104712E-03
    GRAD=1.597416E-01
    NuBT=2
    CPU =0.000111

ITER: 285
    HPWL=12625.370117
    OVFL=0.302579
    HPWL=(6422.637695, 6202.732422)
    POTN=6.826672E+03
    PHIC=1.159946E-03
    GRAD=1.582585E-01
    NuBT=1
    CPU =0.000066

ITER: 286
    HPWL=12628.325195
    OVFL=0.301107
    HPWL=(6416.709473, 6211.615723)
    POTN=6.709655E+03
    PHIC=1.217942E-03
    GRAD=1.580371E-01
    NuBT=2
    CPU =0.000110

ITER: 287
    HPWL=12647.199219
    OVFL=0.298287
    HPWL=(6424.383789, 6222.815430)
    POTN=6.520460E+03
    PHIC=1.278836E-03
    GRAD=1.579464E-01
    NuBT=1
    CPU =0.000066

ITER: 288
    HPWL=12651.017578
    OVFL=0.296236
    HPWL=(6418.500000, 6232.517090)
    POTN=6.307619E+03
    PHIC=1.342777E-03
    GRAD=1.593510E-01
    NuBT=1
    CPU =0.000066

ITER: 289
    HPWL=12668.412109
    OVFL=0.292587
    HPWL=(6425.508789, 6242.903809)
    POTN=6.019895E+03
    PHIC=1.409912E-03
    GRAD=1.595362E-01
    NuBT=1
    CPU =0.000066

ITER: 290
    HPWL=12664.906250
    OVFL=0.288530
    HPWL=(6419.988281, 6244.917969)
    POTN=5.714900E+03
    PHIC=1.480408E-03
    GRAD=1.614260E-01
    NuBT=1
    CPU =0.000066

ITER: 291
    HPWL=12673.435547
    OVFL=0.282746
    HPWL=(6425.353027, 6248.082031)
    POTN=5.319300E+03
    PHIC=1.554426E-03
    GRAD=1.628910E-01
    NuBT=1
    CPU =0.000066

ITER: 292
    HPWL=12667.548828
    OVFL=0.279008
    HPWL=(6419.492188, 6248.057129)
    POTN=4.995736E+03
    PHIC=1.632147E-03
    GRAD=1.660975E-01
    NuBT=2
    CPU =0.000111

ITER: 293
    HPWL=12671.986328
    OVFL=0.274495
    HPWL=(6423.545410, 6248.440430)
    POTN=4.615018E+03
    PHIC=1.713754E-03
    GRAD=1.674091E-01
    NuBT=1
    CPU =0.000066

ITER: 294
    HPWL=12671.052734
    OVFL=0.270711
    HPWL=(6418.674805, 6252.378418)
    POTN=4.280991E+03
    PHIC=1.799441E-03
    GRAD=1.695653E-01
    NuBT=1
    CPU =0.000066

ITER: 295
    HPWL=12685.679688
    OVFL=0.266457
    HPWL=(6424.064453, 6261.615234)
    POTN=3.897301E+03
    PHIC=1.889409E-03
    GRAD=1.706605E-01
    NuBT=1
    CPU =0.000072

ITER: 296
    HPWL=12678.009766
    OVFL=0.263093
    HPWL=(6417.516113, 6260.493164)
    POTN=3.618814E+03
    PHIC=1.983880E-03
    GRAD=1.725481E-01
    NuBT=1
    CPU =0.000067

ITER: 297
    HPWL=12688.830078
    OVFL=0.258554
    HPWL=(6423.016113, 6265.813477)
    POTN=3.326641E+03
    PHIC=2.083070E-03
    GRAD=1.731155E-01
    NuBT=1
    CPU =0.000066

ITER: 298
    HPWL=12680.145508
    OVFL=0.253769
    HPWL=(6419.071777, 6261.073730)
    POTN=3.135277E+03
    PHIC=2.187224E-03
    GRAD=1.750855E-01
    NuBT=1
    CPU =0.000066

ITER: 299
    HPWL=12684.523438
    OVFL=0.248339
    HPWL=(6424.725586, 6259.797363)
    POTN=2.965320E+03
    PHIC=2.296584E-03
    GRAD=1.766227E-01
    NuBT=1
    CPU =0.000066

ITER: 300
    HPWL=12677.453125
    OVFL=0.244957
    HPWL=(6421.058105, 6256.395020)
    POTN=2.921472E+03
    PHIC=2.411413E-03
    GRAD=1.790339E-01
    NuBT=1
    CPU =0.000066

ITER: 301
    HPWL=12680.402344
    OVFL=0.241656
    HPWL=(6426.614258, 6253.788574)
    POTN=2.836138E+03
    PHIC=2.531982E-03
    GRAD=1.793874E-01
    NuBT=1
    CPU =0.000066

ITER: 302
    HPWL=12674.171875
    OVFL=0.240867
    HPWL=(6422.436523, 6251.735352)
    POTN=2.818112E+03
    PHIC=2.658581E-03
    GRAD=1.806684E-01
    NuBT=2
    CPU =0.000112

ITER: 303
    HPWL=12673.197266
    OVFL=0.238446
    HPWL=(6430.955566, 6242.241211)
    POTN=2.678741E+03
    PHIC=2.791510E-03
    GRAD=1.787963E-01
    NuBT=1
    CPU =0.000065

ITER: 304
    HPWL=12666.878906
    OVFL=0.235822
    HPWL=(6425.555664, 6241.322754)
    POTN=2.591708E+03
    PHIC=2.931086E-03
    GRAD=1.795934E-01
    NuBT=2
    CPU =0.000112

ITER: 305
    HPWL=12668.655273
    OVFL=0.230157
    HPWL=(6436.829590, 6231.825684)
    POTN=2.400950E+03
    PHIC=3.077639E-03
    GRAD=1.784317E-01
    NuBT=1
    CPU =0.000066

ITER: 306
    HPWL=12670.015625
    OVFL=0.225018
    HPWL=(6431.344727, 6238.671387)
    POTN=2.305742E+03
    PHIC=3.231520E-03
    GRAD=1.808067E-01
    NuBT=2
    CPU =0.000111

ITER: 307
    HPWL=12675.781250
    OVFL=0.221457
    HPWL=(6438.663574, 6237.118164)
    POTN=2.154056E+03
    PHIC=3.393093E-03
    GRAD=1.812736E-01
    NuBT=1
    CPU =0.000068

ITER: 308
    HPWL=12669.875000
    OVFL=0.220279
    HPWL=(6432.033691, 6237.841309)
    POTN=2.110744E+03
    PHIC=3.562748E-03
    GRAD=1.823019E-01
    NuBT=1
    CPU =0.000074

ITER: 309
    HPWL=12671.058594
    OVFL=0.216982
    HPWL=(6436.769043, 6234.290039)
    POTN=1.913674E+03
    PHIC=3.740885E-03
    GRAD=1.795436E-01
    NuBT=1
    CPU =0.000067

ITER: 310
    HPWL=12655.176758
    OVFL=0.213687
    HPWL=(6428.366211, 6226.810547)
    POTN=1.830339E+03
    PHIC=3.927929E-03
    GRAD=1.802479E-01
    NuBT=2
    CPU =0.000111

ITER: 311
    HPWL=12647.882812
    OVFL=0.209343
    HPWL=(6429.147461, 6218.734863)
    POTN=1.716416E+03
    PHIC=4.124325E-03
    GRAD=1.793169E-01
    NuBT=2
    CPU =0.000111

ITER: 312
    HPWL=12635.761719
    OVFL=0.205810
    HPWL=(6427.407227, 6208.354004)
    POTN=1.662827E+03
    PHIC=4.330541E-03
    GRAD=1.798532E-01
    NuBT=1
    CPU =0.000067

ITER: 313
    HPWL=12634.896484
    OVFL=0.201444
    HPWL=(6428.467773, 6206.428711)
    POTN=1.555328E+03
    PHIC=4.547068E-03
    GRAD=1.788428E-01
    NuBT=1
    CPU =0.000066

ITER: 314
    HPWL=12625.365234
    OVFL=0.197171
    HPWL=(6430.010742, 6195.354004)
    POTN=1.482134E+03
    PHIC=4.774421E-03
    GRAD=1.788453E-01
    NuBT=1
    CPU =0.000066

ITER: 315
    HPWL=12625.969727
    OVFL=0.192496
    HPWL=(6431.532715, 6194.437012)
    POTN=1.338433E+03
    PHIC=5.013142E-03
    GRAD=1.775701E-01
    NuBT=1
    CPU =0.000065

ITER: 316
    HPWL=12627.656250
    OVFL=0.189270
    HPWL=(6429.762207, 6197.894531)
    POTN=1.277166E+03
    PHIC=5.263797E-03
    GRAD=1.781974E-01
    NuBT=1
    CPU =0.000066

ITER: 317
    HPWL=12633.730469
    OVFL=0.185397
    HPWL=(6433.487305, 6200.242676)
    POTN=1.195342E+03
    PHIC=5.526982E-03
    GRAD=1.764780E-01
    NuBT=1
    CPU =0.000065

ITER: 318
    HPWL=12635.578125
    OVFL=0.183527
    HPWL=(6428.604980, 6206.973145)
    POTN=1.207027E+03
    PHIC=5.803330E-03
    GRAD=1.765618E-01
    NuBT=1
    CPU =0.000067

ITER: 319
    HPWL=12633.628906
    OVFL=0.180063
    HPWL=(6431.980469, 6201.648926)
    POTN=1.149963E+03
    PHIC=6.093496E-03
    GRAD=1.738242E-01
    NuBT=1
    CPU =0.000066

ITER: 320
    HPWL=12617.938477
    OVFL=0.181445
    HPWL=(6426.782715, 6191.155762)
    POTN=1.180706E+03
    PHIC=6.398171E-03
    GRAD=1.737455E-01
    NuBT=1
    CPU =0.000066

ITER: 321
    HPWL=12609.875000
    OVFL=0.181106
    HPWL=(6434.312500, 6175.562012)
    POTN=1.117530E+03
    PHIC=6.718079E-03
    GRAD=1.693648E-01
    NuBT=1
    CPU =0.000074

ITER: 322
    HPWL=12593.550781
    OVFL=0.182725
    HPWL=(6426.919434, 6166.630859)
    POTN=1.108447E+03
    PHIC=7.053983E-03
    GRAD=1.670629E-01
    NuBT=2
    CPU =0.000110

ITER: 323
    HPWL=12601.884766
    OVFL=0.177358
    HPWL=(6432.218750, 6169.666016)
    POTN=9.989734E+02
    PHIC=7.406673E-03
    GRAD=1.624017E-01
    NuBT=1
    CPU =0.000067

ITER: 324
    HPWL=12594.428711
    OVFL=0.172442
    HPWL=(6430.102539, 6164.326172)
    POTN=9.272073E+02
    PHIC=7.777007E-03
    GRAD=1.616522E-01
    NuBT=1
    CPU =0.000065

ITER: 325
    HPWL=12609.138672
    OVFL=0.162565
    HPWL=(6432.783691, 6176.354980)
    POTN=8.125057E+02
    PHIC=8.165840E-03
    GRAD=1.600275E-01
    NuBT=1
    CPU =0.000067

ITER: 326
    HPWL=12605.075195
    OVFL=0.157034
    HPWL=(6432.791504, 6172.283691)
    POTN=7.622745E+02
    PHIC=8.574132E-03
    GRAD=1.609913E-01
    NuBT=2
    CPU =0.000111

ITER: 327
    HPWL=12603.910156
    OVFL=0.150070
    HPWL=(6432.630371, 6171.279785)
    POTN=6.862386E+02
    PHIC=9.002838E-03
    GRAD=1.595667E-01
    NuBT=2
    CPU =0.000110

ITER: 328
    HPWL=12610.224609
    OVFL=0.147561
    HPWL=(6434.022949, 6176.202148)
    POTN=6.575740E+02
    PHIC=9.452972E-03
    GRAD=1.590029E-01
    NuBT=1
    CPU =0.000066

ITER: 329
    HPWL=12620.810547
    OVFL=0.143571
    HPWL=(6435.678711, 6185.131836)
    POTN=6.263743E+02
    PHIC=9.925605E-03
    GRAD=1.558510E-01
    NuBT=1
    CPU =0.000066

ITER: 330
    HPWL=12628.855469
    OVFL=0.142232
    HPWL=(6437.141602, 6191.713867)
    POTN=6.186766E+02
    PHIC=1.042187E-02
    GRAD=1.535208E-01
    NuBT=1
    CPU =0.000066

ITER: 331
    HPWL=12637.800781
    OVFL=0.137803
    HPWL=(6439.482910, 6198.317383)
    POTN=5.859109E+02
    PHIC=1.094295E-02
    GRAD=1.504210E-01
    NuBT=1
    CPU =0.000066

ITER: 332
    HPWL=12644.818359
    OVFL=0.135894
    HPWL=(6440.242676, 6204.575684)
    POTN=5.653066E+02
    PHIC=1.149009E-02
    GRAD=1.485957E-01
    NuBT=1
    CPU =0.000066

ITER: 333
    HPWL=12653.714844
    OVFL=0.130503
    HPWL=(6438.602539, 6215.112793)
    POTN=5.193284E+02
    PHIC=1.206458E-02
    GRAD=1.455622E-01
    NuBT=1
    CPU =0.000066

ITER: 334
    HPWL=12660.108398
    OVFL=0.125767
    HPWL=(6436.043457, 6224.064941)
    POTN=4.773152E+02
    PHIC=1.266779E-02
    GRAD=1.438084E-01
    NuBT=1
    CPU =0.000073

ITER: 335
    HPWL=12661.146484
    OVFL=0.119580
    HPWL=(6436.674316, 6224.471680)
    POTN=4.337916E+02
    PHIC=1.330118E-02
    GRAD=1.410733E-01
    NuBT=1
    CPU =0.000068

ITER: 336
    HPWL=12679.160156
    OVFL=0.115884
    HPWL=(6440.936523, 6238.223145)
    POTN=4.120529E+02
    PHIC=1.396621E-02
    GRAD=1.394170E-01
    NuBT=1
    CPU =0.000066

ITER: 337
    HPWL=12697.708008
    OVFL=0.108378
    HPWL=(6443.845703, 6253.862305)
    POTN=3.602784E+02
    PHIC=1.466448E-02
    GRAD=1.358240E-01
    NuBT=1
    CPU =0.000066

ITER: 338
    HPWL=12695.869141
    OVFL=0.103875
    HPWL=(6442.399414, 6253.470215)
    POTN=3.322490E+02
    PHIC=1.539770E-02
    GRAD=1.336203E-01
    NuBT=1
    CPU =0.000066

ITER: 339
    HPWL=12698.106445
    OVFL=0.097656
    HPWL=(6435.992188, 6262.114258)
    POTN=2.867036E+02
    PHIC=1.616758E-02
    GRAD=1.298566E-01
    NuBT=2
    CPU =0.000110
[INFO] Nesterov: NumIters = 339
[INFO] Nesterov: ScaledHpwl = 12698.106445
[INFO] Nesterov: Overflow = 0.097656
[INFO] Nesterov: Potential = 286.703583
[INFO] Nesterov: xInstScaledHpwl = 12684.432617
[INFO] Nesterov: yInstScaledHpwl = 12698.106445
[INFO] Nesterov: HPWL = 3833.515625
