Mon Aug 17 12:31:31 UTC 2020 - Executing "/openLANE_flow/scripts//padLefMacro.py -s unithd -r 8 -i /openLANE_flow/designs/spm/runs/17-08_12-31//tmp//merged_unpadded.lef -o /openLANE_flow/designs/spm/runs/17-08_12-31//tmp//merged.lef -e {sky130_fd_sc_hd__tap* sky130_fd_sc_hd__decap* sky130_fd_sc_hd__fill*} |& tee >&@stdout"

Mon Aug 17 12:31:41 UTC 2020 - Executing "sed -i -E {s/CLASS PAD.*$/CLASS PAD ;/g} /openLANE_flow/designs/spm/runs/17-08_12-31//tmp//merged.lef"

Mon Aug 17 12:31:41 UTC 2020 - Executing "sed -i -E {s/CLASS PAD.*$/CLASS PAD ;/g} /openLANE_flow/designs/spm/runs/17-08_12-31//tmp//merged_unpadded.lef"

Mon Aug 17 12:31:42 UTC 2020 - Executing "/openLANE_flow/scripts//libtrim.pl /home/aa/Desktop/Afify/openlane/pdks/sky130A/libs.ref/sky130_fd_sc_hd/lib/sky130_fd_sc_hd__tt_025C_1v80.lib /home/aa/Desktop/Afify/openlane/pdks/sky130A/libs.tech/openlane/sky130_fd_sc_hd/no_synth.cells > /openLANE_flow/designs/spm/runs/17-08_12-31//tmp//trimmed.lib"

Mon Aug 17 12:31:42 UTC 2020 - Executing "yosys -c /openLANE_flow/scripts//synth.tcl -l /openLANE_flow/designs/spm/runs/17-08_12-31//logs/synthesis/yosys.log |& tee >&@stdout"

Mon Aug 17 12:31:43 UTC 2020 - Executing "sta /openLANE_flow/scripts//sta.tcl |& tee >&@stdout /openLANE_flow/designs/spm/runs/17-08_12-31//logs/synthesis/opensta.log"

Mon Aug 17 12:31:44 UTC 2020 - Executing "openroad -exit /openLANE_flow/scripts//openroad/or_floorplan.tcl |& tee >&@stdout /openLANE_flow/designs/spm/runs/17-08_12-31//logs/floorplan/verilog2def.openroad.log"

Mon Aug 17 12:31:44 UTC 2020 - Executing "openroad -exit /openLANE_flow/scripts//openroad/or_ioplacer.tcl |& tee >&@stdout /openLANE_flow/designs/spm/runs/17-08_12-31//logs/floorplan/ioPlacer.log"

Mon Aug 17 12:31:45 UTC 2020 - Executing "openroad -exit /openLANE_flow/scripts//openroad/or_tapcell.tcl |& tee >&@stdout /openLANE_flow/designs/spm/runs/17-08_12-31//logs/floorplan/tapcell.log"

Mon Aug 17 12:31:45 UTC 2020 - Executing "replace < /openLANE_flow/scripts//replace_gp.tcl |& tee >&@stdout /openLANE_flow/designs/spm/runs/17-08_12-31//logs/placement/replace.log"

Mon Aug 17 12:31:46 UTC 2020 - Executing "cp /openLANE_flow/designs/spm/runs/17-08_12-31//tmp/placement/replace_place.def /openLANE_flow/designs/spm/runs/17-08_12-31//tmp/placement/replace.def"

Mon Aug 17 12:31:46 UTC 2020 - Executing "opendp -lef /openLANE_flow/designs/spm/runs/17-08_12-31//tmp//merged.lef -def /openLANE_flow/designs/spm/runs/17-08_12-31//tmp/placement/replace.def -output_def /openLANE_flow/designs/spm/runs/17-08_12-31//results/placement/spm.placement.def |& tee >&@stdout /openLANE_flow/designs/spm/runs/17-08_12-31//logs/placement/opendp.log"

Mon Aug 17 12:31:46 UTC 2020 - Executing "openroad -exit /openLANE_flow/scripts//openroad/or_cts.tcl |& tee >&@stdout /openLANE_flow/designs/spm/runs/17-08_12-31//logs/cts/cts.log"

Mon Aug 17 12:33:13 UTC 2020 - Executing "openroad -exit /openLANE_flow/scripts//new_pdn.tcl |& tee >&@stdout /openLANE_flow/designs/spm/runs/17-08_12-31//logs/floorplan/pdn.log"

Mon Aug 17 12:33:13 UTC 2020 - Executing "openroad -exit /openLANE_flow/scripts//openroad/or_diodes.tcl |& tee >&@stdout /openLANE_flow/designs/spm/runs/17-08_12-31//logs//placement/diodes.log"

Mon Aug 17 12:33:14 UTC 2020 - Executing "openroad -exit /openLANE_flow/scripts//openroad/or_fill.tcl |& tee >&@stdout /openLANE_flow/designs/spm/runs/17-08_12-31//logs/routing/addspacers.log"

Mon Aug 17 12:33:15 UTC 2020 - Executing "openroad -exit /openLANE_flow/scripts//openroad/or_write_verilog.tcl |& tee >&@stdout /openLANE_flow/designs/spm/runs/17-08_12-31//logs//write_verilog.log"

Mon Aug 17 12:33:15 UTC 2020 - Executing "openroad -exit /openLANE_flow/scripts//openroad/or_route.tcl |& tee >&@stdout /openLANE_flow/designs/spm/runs/17-08_12-31//logs/routing/fastroute.log"

Mon Aug 17 12:33:22 UTC 2020 - Executing "envsubst < /openLANE_flow/scripts//tritonRoute.param > /openLANE_flow/designs/spm/runs/17-08_12-31//tmp/routing/tritonRoute.param"

Mon Aug 17 12:33:22 UTC 2020 - Executing "TritonRoute /openLANE_flow/designs/spm/runs/17-08_12-31//tmp/routing/tritonRoute.param |& tee >&@stdout /openLANE_flow/designs/spm/runs/17-08_12-31//logs/routing/tritonRoute.log"

Mon Aug 17 12:33:29 UTC 2020 - Executing "magic -noconsole -dnull -rcfile /openLANE_flow/designs/spm/runs/17-08_12-31//tmp//tmp.magicrc /openLANE_flow/designs/spm/runs/17-08_12-31//tmp//magic_spice.tcl </dev/null |& tee >&@stdout /openLANE_flow/designs/spm/runs/17-08_12-31//logs/magic/magic_spice.log"

Mon Aug 17 12:33:39 UTC 2020 - Executing "vlog2Verilog -v VPWR -g VGND -l /openLANE_flow/designs/spm/runs/17-08_12-31//tmp//merged.lef /openLANE_flow/designs/spm/runs/17-08_12-31//results/synthesis/spm.synthesis_preroute.v |& tee /openLANE_flow/designs/spm/runs/17-08_12-31//results/lvs/spm.lvs.v"

Mon Aug 17 12:33:39 UTC 2020 - Executing "netgen -batch lvs {/openLANE_flow/designs/spm/runs/17-08_12-31//results/magic/spm.spice spm} {/openLANE_flow/designs/spm/runs/17-08_12-31//results/lvs/spm.lvs.v spm} /home/aa/Desktop/Afify/openlane/pdks/sky130A/libs.tech/netgen/sky130A_setup.tcl /openLANE_flow/designs/spm/runs/17-08_12-31//results/lvs/spm.lvs.log -json |& tee >&@stdout /openLANE_flow/designs/spm/runs/17-08_12-31//logs/lvs/lvs.log"

Mon Aug 17 12:33:40 UTC 2020 - Executing "magic -noconsole -dnull -rcfile /openLANE_flow/designs/spm/runs/17-08_12-31//tmp//magic_antenna.magicrc /openLANE_flow/designs/spm/runs/17-08_12-31//tmp//magic_antenna.tcl </dev/null |& tee >&@stdout /openLANE_flow/designs/spm/runs/17-08_12-31//logs/magic/magic_antenna.log"

Mon Aug 17 12:34:07 UTC 2020 - Executing "awk {/Cell:/ {print $2}} /openLANE_flow/designs/spm/runs/17-08_12-31//logs/magic/magic_antenna.log > /openLANE_flow/designs/spm/runs/17-08_12-31//reports/magic/magic.antenna_violators.rpt"

