RePlAce Version: 1.0.0

** WARNING: Your Detail Placement Step must be skipped.
              (i.e. this program will be executed as -onlyGP)
     If you want to have DP after GP, please specify -dpflag and -dploc.

[INFO] TargetDensity = 0.900000
[INFO] ExperimentIndex = 0
[INFO] DirectoryPath = /openLANE_flow/designs/sb_1__0_/runs/01-09_10-49//tmp/placement/replace/etc/sb_1__0_.floorplan/experiment000
[PROC] Begin LefParsing ...
[LEF] Parsed 500 number of lines!!
WARNING (LEFPARS-2036): SOURCE statement is obsolete in version 5.6 and later.
The LEF parser will ignore this statement.
To avoid this warning in the future, remove this statement from the LEF file with version 5.6 or later. See file /openLANE_flow/designs/sb_1__0_/runs/01-09_10-49//tmp//merged.lef at line 776.

WARNING (LEFPARS-2036): SOURCE statement is obsolete in version 5.6 and later.
The LEF parser will ignore this statement.
To avoid this warning in the future, remove this statement from the LEF file with version 5.6 or later. See file /openLANE_flow/designs/sb_1__0_/runs/01-09_10-49//tmp//merged.lef at line 903.

[LEF] Parsed 1000 number of lines!!
WARNING (LEFPARS-2036): SOURCE statement is obsolete in version 5.6 and later.
The LEF parser will ignore this statement.
To avoid this warning in the future, remove this statement from the LEF file with version 5.6 or later. See file /openLANE_flow/designs/sb_1__0_/runs/01-09_10-49//tmp//merged.lef at line 1034.

WARNING (LEFPARS-2036): SOURCE statement is obsolete in version 5.6 and later.
The LEF parser will ignore this statement.
To avoid this warning in the future, remove this statement from the LEF file with version 5.6 or later. See file /openLANE_flow/designs/sb_1__0_/runs/01-09_10-49//tmp//merged.lef at line 1204.

WARNING (LEFPARS-2036): SOURCE statement is obsolete in version 5.6 and later.
The LEF parser will ignore this statement.
To avoid this warning in the future, remove this statement from the LEF file with version 5.6 or later. See file /openLANE_flow/designs/sb_1__0_/runs/01-09_10-49//tmp//merged.lef at line 1322.

WARNING (LEFPARS-2036): SOURCE statement is obsolete in version 5.6 and later.
The LEF parser will ignore this statement.
To avoid this warning in the future, remove this statement from the LEF file with version 5.6 or later. See file /openLANE_flow/designs/sb_1__0_/runs/01-09_10-49//tmp//merged.lef at line 1442.

[LEF] Parsed 1500 number of lines!!
WARNING (LEFPARS-2036): SOURCE statement is obsolete in version 5.6 and later.
The LEF parser will ignore this statement.
To avoid this warning in the future, remove this statement from the LEF file with version 5.6 or later. See file /openLANE_flow/designs/sb_1__0_/runs/01-09_10-49//tmp//merged.lef at line 1589.

WARNING (LEFPARS-2036): SOURCE statement is obsolete in version 5.6 and later.
The LEF parser will ignore this statement.
To avoid this warning in the future, remove this statement from the LEF file with version 5.6 or later. See file /openLANE_flow/designs/sb_1__0_/runs/01-09_10-49//tmp//merged.lef at line 1777.

WARNING (LEFPARS-2036): SOURCE statement is obsolete in version 5.6 and later.
The LEF parser will ignore this statement.
To avoid this warning in the future, remove this statement from the LEF file with version 5.6 or later. See file /openLANE_flow/designs/sb_1__0_/runs/01-09_10-49//tmp//merged.lef at line 1886.

WARNING (LEFPARS-2036): SOURCE statement is obsolete in version 5.6 and later.
The LEF parser will ignore this statement.
To avoid this warning in the future, remove this statement from the LEF file with version 5.6 or later. See file /openLANE_flow/designs/sb_1__0_/runs/01-09_10-49//tmp//merged.lef at line 1999.

[LEF] Parsed 2000 number of lines!!
WARNING (LEFPARS-2036): SOURCE statement is obsolete in version 5.6 and later.
The LEF parser will ignore this statement.
To avoid this warning in the future, remove this statement from the LEF file with version 5.6 or later. See file /openLANE_flow/designs/sb_1__0_/runs/01-09_10-49//tmp//merged.lef at line 2148.

WARNING (LEFPARS-2036): SOURCE statement is obsolete in version 5.6 and later.
The LEF parser will ignore this statement.
To avoid this warning in the future, remove this statement from the LEF file with version 5.6 or later. See file /openLANE_flow/designs/sb_1__0_/runs/01-09_10-49//tmp//merged.lef at line 2253.

WARNING (LEFPARS-2036): SOURCE statement is obsolete in version 5.6 and later.
The LEF parser will ignore this statement.
To avoid this warning in the future, remove this statement from the LEF file with version 5.6 or later. See file /openLANE_flow/designs/sb_1__0_/runs/01-09_10-49//tmp//merged.lef at line 2380.

[LEF] Parsed 2500 number of lines!!
WARNING (LEFPARS-2036): SOURCE statement is obsolete in version 5.6 and later.
The LEF parser will ignore this statement.
To avoid this warning in the future, remove this statement from the LEF file with version 5.6 or later. See file /openLANE_flow/designs/sb_1__0_/runs/01-09_10-49//tmp//merged.lef at line 2547.

WARNING (LEFPARS-2036): SOURCE statement is obsolete in version 5.6 and later.
The LEF parser will ignore this statement.
To avoid this warning in the future, remove this statement from the LEF file with version 5.6 or later. See file /openLANE_flow/designs/sb_1__0_/runs/01-09_10-49//tmp//merged.lef at line 2653.

WARNING (LEFPARS-2036): SOURCE statement is obsolete in version 5.6 and later.
The LEF parser will ignore this statement.
To avoid this warning in the future, remove this statement from the LEF file with version 5.6 or later. See file /openLANE_flow/designs/sb_1__0_/runs/01-09_10-49//tmp//merged.lef at line 2770.

WARNING (LEFPARS-2036): SOURCE statement is obsolete in version 5.6 and later.
The LEF parser will ignore this statement.
To avoid this warning in the future, remove this statement from the LEF file with version 5.6 or later. See file /openLANE_flow/designs/sb_1__0_/runs/01-09_10-49//tmp//merged.lef at line 2908.

[LEF] Parsed 3000 number of lines!!
WARNING (LEFPARS-2036): SOURCE statement is obsolete in version 5.6 and later.
The LEF parser will ignore this statement.
To avoid this warning in the future, remove this statement from the LEF file with version 5.6 or later. See file /openLANE_flow/designs/sb_1__0_/runs/01-09_10-49//tmp//merged.lef at line 3005.

WARNING (LEFPARS-2036): SOURCE statement is obsolete in version 5.6 and later.
The LEF parser will ignore this statement.
To avoid this warning in the future, remove this statement from the LEF file with version 5.6 or later. See file /openLANE_flow/designs/sb_1__0_/runs/01-09_10-49//tmp//merged.lef at line 3105.

WARNING (LEFPARS-2036): SOURCE statement is obsolete in version 5.6 and later.
The LEF parser will ignore this statement.
To avoid this warning in the future, remove this statement from the LEF file with version 5.6 or later. See file /openLANE_flow/designs/sb_1__0_/runs/01-09_10-49//tmp//merged.lef at line 3219.

WARNING (LEFPARS-2036): SOURCE statement is obsolete in version 5.6 and later.
The LEF parser will ignore this statement.
To avoid this warning in the future, remove this statement from the LEF file with version 5.6 or later. See file /openLANE_flow/designs/sb_1__0_/runs/01-09_10-49//tmp//merged.lef at line 3361.

WARNING (LEFPARS-2036): SOURCE statement is obsolete in version 5.6 and later.
The LEF parser will ignore this statement.
To avoid this warning in the future, remove this statement from the LEF file with version 5.6 or later. See file /openLANE_flow/designs/sb_1__0_/runs/01-09_10-49//tmp//merged.lef at line 3458.

[LEF] Parsed 3500 number of lines!!
WARNING (LEFPARS-2036): SOURCE statement is obsolete in version 5.6 and later.
The LEF parser will ignore this statement.
To avoid this warning in the future, remove this statement from the LEF file with version 5.6 or later. See file /openLANE_flow/designs/sb_1__0_/runs/01-09_10-49//tmp//merged.lef at line 3561.

WARNING (LEFPARS-2036): SOURCE statement is obsolete in version 5.6 and later.
The LEF parser will ignore this statement.
To avoid this warning in the future, remove this statement from the LEF file with version 5.6 or later. See file /openLANE_flow/designs/sb_1__0_/runs/01-09_10-49//tmp//merged.lef at line 3691.

WARNING (LEFPARS-2036): SOURCE statement is obsolete in version 5.6 and later.
The LEF parser will ignore this statement.
To avoid this warning in the future, remove this statement from the LEF file with version 5.6 or later. See file /openLANE_flow/designs/sb_1__0_/runs/01-09_10-49//tmp//merged.lef at line 3783.

WARNING (LEFPARS-2036): SOURCE statement is obsolete in version 5.6 and later.
The LEF parser will ignore this statement.
To avoid this warning in the future, remove this statement from the LEF file with version 5.6 or later. See file /openLANE_flow/designs/sb_1__0_/runs/01-09_10-49//tmp//merged.lef at line 3887.

[LEF] Parsed 4000 number of lines!!
WARNING (LEFPARS-2036): SOURCE statement is obsolete in version 5.6 and later.
The LEF parser will ignore this statement.
To avoid this warning in the future, remove this statement from the LEF file with version 5.6 or later. See file /openLANE_flow/designs/sb_1__0_/runs/01-09_10-49//tmp//merged.lef at line 4018.

WARNING (LEFPARS-2036): SOURCE statement is obsolete in version 5.6 and later.
The LEF parser will ignore this statement.
To avoid this warning in the future, remove this statement from the LEF file with version 5.6 or later. See file /openLANE_flow/designs/sb_1__0_/runs/01-09_10-49//tmp//merged.lef at line 4148.

WARNING (LEFPARS-2036): SOURCE statement is obsolete in version 5.6 and later.
The LEF parser will ignore this statement.
To avoid this warning in the future, remove this statement from the LEF file with version 5.6 or later. See file /openLANE_flow/designs/sb_1__0_/runs/01-09_10-49//tmp//merged.lef at line 4282.

WARNING (LEFPARS-2036): SOURCE statement is obsolete in version 5.6 and later.
The LEF parser will ignore this statement.
To avoid this warning in the future, remove this statement from the LEF file with version 5.6 or later. See file /openLANE_flow/designs/sb_1__0_/runs/01-09_10-49//tmp//merged.lef at line 4467.

[LEF] Parsed 4500 number of lines!!
[LEF] Parsed 5000 number of lines!!
[LEF] Parsed 5500 number of lines!!
[LEF] Parsed 6000 number of lines!!
[LEF] Parsed 6500 number of lines!!
[LEF] Parsed 7000 number of lines!!
[LEF] Parsed 7500 number of lines!!
[LEF] Parsed 8000 number of lines!!
[LEF] Parsed 8500 number of lines!!
[LEF] Parsed 9000 number of lines!!
[LEF] Parsed 9500 number of lines!!
[LEF] Parsed 10000 number of lines!!
[LEF] Parsed 10500 number of lines!!
[LEF] Parsed 11000 number of lines!!
[LEF] Parsed 11500 number of lines!!
[LEF] Parsed 12000 number of lines!!
[LEF] Parsed 12500 number of lines!!
[LEF] Parsed 13000 number of lines!!
[LEF] Parsed 13500 number of lines!!
[LEF] Parsed 14000 number of lines!!
[LEF] Parsed 14500 number of lines!!
[LEF] Parsed 15000 number of lines!!
[LEF] Parsed 15500 number of lines!!
[LEF] Parsed 16000 number of lines!!
[LEF] Parsed 16500 number of lines!!
[LEF] Parsed 17000 number of lines!!
[LEF] Parsed 17500 number of lines!!
[LEF] Parsed 18000 number of lines!!
[LEF] Parsed 18500 number of lines!!
[LEF] Parsed 19000 number of lines!!
[LEF] Parsed 19500 number of lines!!
[LEF] Parsed 20000 number of lines!!
[LEF] Parsed 20500 number of lines!!
[LEF] Parsed 21000 number of lines!!
[LEF] Parsed 21500 number of lines!!
[LEF] Parsed 22000 number of lines!!
[LEF] Parsed 22500 number of lines!!
[LEF] Parsed 23000 number of lines!!
[LEF] Parsed 23500 number of lines!!
[LEF] Parsed 24000 number of lines!!
[LEF] Parsed 24500 number of lines!!
[LEF] Parsed 25000 number of lines!!
[LEF] Parsed 25500 number of lines!!
[LEF] Parsed 26000 number of lines!!
[LEF] Parsed 26500 number of lines!!
[LEF] Parsed 27000 number of lines!!
[LEF] Parsed 27500 number of lines!!
[LEF] Parsed 28000 number of lines!!
[LEF] Parsed 28500 number of lines!!
[LEF] Parsed 29000 number of lines!!
[LEF] Parsed 29500 number of lines!!
[LEF] Parsed 30000 number of lines!!
[LEF] Parsed 30500 number of lines!!
[LEF] Parsed 31000 number of lines!!
[LEF] Parsed 31500 number of lines!!
[LEF] Parsed 32000 number of lines!!
[LEF] Parsed 32500 number of lines!!
[LEF] Parsed 33000 number of lines!!
[LEF] Parsed 33500 number of lines!!
[LEF] Parsed 34000 number of lines!!
[LEF] Parsed 34500 number of lines!!
[LEF] Parsed 35000 number of lines!!
[LEF] Parsed 35500 number of lines!!
[LEF] Parsed 36000 number of lines!!
[LEF] Parsed 36500 number of lines!!
[LEF] Parsed 37000 number of lines!!
[LEF] Parsed 37500 number of lines!!
[LEF] Parsed 38000 number of lines!!
[LEF] Parsed 38500 number of lines!!
[LEF] Parsed 39000 number of lines!!
[LEF] Parsed 39500 number of lines!!
[LEF] Parsed 40000 number of lines!!
[LEF] Parsed 40500 number of lines!!
[LEF] Parsed 41000 number of lines!!
[LEF] Parsed 41500 number of lines!!
[LEF] Parsed 42000 number of lines!!
[LEF] Parsed 42500 number of lines!!
[LEF] Parsed 43000 number of lines!!
[LEF] Parsed 43500 number of lines!!
[LEF] Parsed 44000 number of lines!!
[LEF] Parsed 44500 number of lines!!
[LEF] Parsed 45000 number of lines!!
[LEF] Parsed 45500 number of lines!!
[LEF] Parsed 46000 number of lines!!
[LEF] Parsed 46500 number of lines!!
[LEF] Parsed 47000 number of lines!!
[LEF] Parsed 47500 number of lines!!
[LEF] Parsed 48000 number of lines!!
[LEF] Parsed 48500 number of lines!!
[LEF] Parsed 49000 number of lines!!
[LEF] Parsed 49500 number of lines!!
[LEF] Parsed 50000 number of lines!!
[LEF] Parsed 50500 number of lines!!
[LEF] Parsed 51000 number of lines!!
[LEF] Parsed 51500 number of lines!!
[LEF] Parsed 52000 number of lines!!
[LEF] Parsed 52500 number of lines!!
[LEF] Parsed 53000 number of lines!!
[LEF] Parsed 53500 number of lines!!
[LEF] Parsed 54000 number of lines!!
[LEF] Parsed 54500 number of lines!!
[LEF] Parsed 55000 number of lines!!
[LEF] Parsed 55500 number of lines!!
[LEF] Parsed 56000 number of lines!!
[LEF] Parsed 56500 number of lines!!
[LEF] Parsed 57000 number of lines!!
[LEF] Parsed 57500 number of lines!!
[LEF] Parsed 58000 number of lines!!
[LEF] Parsed 58500 number of lines!!
[LEF] Parsed 59000 number of lines!!
[LEF] Parsed 59500 number of lines!!
[LEF] Parsed 60000 number of lines!!
[LEF] Parsed 60500 number of lines!!
[LEF] Parsed 61000 number of lines!!
[LEF] Parsed 61500 number of lines!!
[LEF] Parsed 62000 number of lines!!
[PROC] End LefParsing
[PROC] Begin DefParsing ...
WARNING (DEFPARS-7011): The NAMESCASESENSITIVE statement is obsolete in version 5.6 and later.
The DEF parser will ignore this statement. See file /openLANE_flow/designs/sb_1__0_/runs/01-09_10-49//results/floorplan/sb_1__0_.floorplan.def at line 2.

[PROC] End DefParsing
[INFO] DefUnit = 1000
[INFO] LefMetal1Name = li1
[INFO] DefSiteName = unithd
[INFO] ScaleDownUnit = 302.222229
[INFO] OffsetCoordi = (2640.000000, 0.000000)
[INFO] RowSize = (1.522059, 9.000000)
[INFO] NumRows = 193
[INFO] MacroCount = 0
[INFO] NumModules = 81
[INFO] NumTerminals = 4069
[INFO] Inserted Dummy Terms = 0
[PROC] Begin Generate Un-fragmented Rows ...
[INFO] CoreAreaLxLy = (27.000000, 36.000000)
[INFO] CoreAreaUxUy = (1765.191162, 1773.000000)
[INFO] RowSize = (1.522059, 9.000000)
[INFO] NumRows = 193
[PROC] End Generate Un-fragmented Rows
[PROC] Begin DEF Net Parsing ...
[INFO] NumNets = 185
[INFO] NumPins = 391
[PROC] End DEF Net Parsing
[PROC] LEF/DEF Parsing Success!
[INFO] AspectRatio = 0.999315
[INFO] RowMinXY = (27.000000, 36.000000)
[INFO] RowMaxXY = (1765.191162, 1773.000000)
[INFO] NumPlaceStdCells = 81
[INFO] NumPlaceMacros = 0
[INFO] RowSize = (1.522059, 9.000000)
[INFO] NumRows = 193
[INFO] GlobalAreaLxLy = (9.496324, 6.617647)
[INFO] GlobalAreaUxUy = (1782.694824, 1804.450317)
[INFO] PlaceAreaLxLy = (27.000000, 36.000000)
[INFO] PlaceAreaUxUy = (1765.191162, 1773.000000)
[INFO] TotalPlaceArea = 3019238.000000
[INFO] TotalFixedArea = 65247.558594
[INFO] TotalWhiteSpaceArea = 2953990.500000
[INFO] TotalPlaceMacrosArea = 0.000000
[INFO] TotalPlaceStdCellsArea = 27218.972656
[INFO] Util(%) = 0.901518
[INFO] 80pCellArea = 340.180054
[INFO] FillerInit: TotalFillerArea = 2631372.500000
[INFO] FillerInit: NumFillerCells = 7735
[INFO] FillerInit: FillerCellArea = 340.180237
[INFO] FillerInit: FillerCellSize = (37.797806, 9.000000)
[INFO] FillerInit: NumCells = 7816
[INFO] FillerInit: NumModules = 81
[INFO] FillerInit: NumFillers = 7735
INFO:  D_MSH = 1024 
INFO:  MSH(X, Y) = (32, 32)
[INFO] TierInit: TierUtil = 0.009015
[INFO] TierInit: NumModules = 81
[INFO] TierInit: PlaceArea = 3019238.000000
[INFO] TierInit: CoreSpacingArea = 0.000000
[INFO] TierInit: TerminalArea = 65247.558594
[INFO] TierInit: ModuleArea = 27218.972656
[INFO] TierInit: FillerArea = 2631372.500000
[INFO] TierInit: NumFillers = 7735
[INFO] TierInit: FillerMinIdx = 81
[INFO] TierInit: FillerMaxIdx = 7816
INFO:  dim_bin_cGP2D.(x,y) = (64, 64)
cell Init 2D:
tier->bin_stp: (27.1592 27.1406)
tier->half_bin_stp: (13.5796 13.5703)
PROC:  Start NESTEROV's Optimization
PROC:    Global Lagrangian Multiplier is Applied

ITER: 0
    HPWL=82648.031250
    OVFL=0.911803
    HPWL=(41304.167969, 41343.859375)
    POTN=2.163006E+06
    PHIC=1.600514E-09
    GRAD=2.583105E-02
    NuBT=0
    CPU =0.000000

ITER: 1
    HPWL=82647.453125
    OVFL=0.911803
    HPWL=(41303.835938, 41343.613281)
    POTN=2.162979E+06
    PHIC=1.680539E-09
    GRAD=3.619398E-02
    NuBT=1
    CPU =0.002481

ITER: 2
    HPWL=82644.890625
    OVFL=0.911803
    HPWL=(41302.406250, 41342.488281)
    POTN=2.162853E+06
    PHIC=1.764566E-09
    GRAD=3.619280E-02
    NuBT=1
    CPU =0.001213

ITER: 3
    HPWL=43053.273438
    OVFL=0.723077
    HPWL=(19283.474609, 23769.798828)
    POTN=1.584443E+06
    PHIC=1.852794E-09
    GRAD=1.100392E-02
    NuBT=2
    CPU =0.002280

ITER: 4
    HPWL=39144.011719
    OVFL=0.691874
    HPWL=(18062.470703, 21081.541016)
    POTN=1.533426E+06
    PHIC=1.945434E-09
    GRAD=8.139143E-03
    NuBT=2
    CPU =0.002283

ITER: 5
    HPWL=38890.859375
    OVFL=0.641472
    HPWL=(18154.544922, 20736.316406)
    POTN=1.470371E+06
    PHIC=2.042706E-09
    GRAD=6.624257E-03
    NuBT=3
    CPU =0.003393

ITER: 6
    HPWL=38141.527344
    OVFL=0.602214
    HPWL=(17875.156250, 20266.371094)
    POTN=1.386102E+06
    PHIC=2.144841E-09
    GRAD=4.502298E-03
    NuBT=2
    CPU =0.002300

ITER: 7
    HPWL=37911.589844
    OVFL=0.562011
    HPWL=(17834.146484, 20077.443359)
    POTN=1.298954E+06
    PHIC=2.252083E-09
    GRAD=5.338312E-03
    NuBT=1
    CPU =0.001218

ITER: 8
    HPWL=37605.382812
    OVFL=0.554627
    HPWL=(17703.830078, 19901.554688)
    POTN=1.232611E+06
    PHIC=2.364687E-09
    GRAD=6.402653E-03
    NuBT=2
    CPU =0.002304

ITER: 9
    HPWL=37335.128906
    OVFL=0.499119
    HPWL=(17569.433594, 19765.695312)
    POTN=1.183411E+06
    PHIC=2.482921E-09
    GRAD=6.892060E-03
    NuBT=2
    CPU =0.002283

ITER: 10
    HPWL=37083.050781
    OVFL=0.560266
    HPWL=(17451.150391, 19631.900391)
    POTN=1.149966E+06
    PHIC=2.607067E-09
    GRAD=8.075656E-03
    NuBT=2
    CPU =0.002351

ITER: 11
    HPWL=36856.843750
    OVFL=0.486088
    HPWL=(17277.064453, 19579.779297)
    POTN=1.116867E+06
    PHIC=2.737420E-09
    GRAD=7.246858E-03
    NuBT=1
    CPU =0.001213

ITER: 12
    HPWL=36830.527344
    OVFL=0.528083
    HPWL=(17316.351562, 19514.175781)
    POTN=1.101084E+06
    PHIC=2.874291E-09
    GRAD=8.734632E-03
    NuBT=2
    CPU =0.002289

ITER: 13
    HPWL=36553.035156
    OVFL=0.452659
    HPWL=(17110.066406, 19442.968750)
    POTN=1.081201E+06
    PHIC=3.018006E-09
    GRAD=7.821704E-03
    NuBT=1
    CPU =0.001212

ITER: 14
    HPWL=36532.660156
    OVFL=0.496126
    HPWL=(17149.308594, 19383.351562)
    POTN=1.071159E+06
    PHIC=3.168906E-09
    GRAD=1.034221E-02
    NuBT=2
    CPU =0.002276

ITER: 15
    HPWL=36286.007812
    OVFL=0.406922
    HPWL=(16971.333984, 19314.671875)
    POTN=1.054827E+06
    PHIC=3.327351E-09
    GRAD=9.833125E-03
    NuBT=1
    CPU =0.001204

ITER: 16
    HPWL=36153.953125
    OVFL=0.460742
    HPWL=(16957.156250, 19196.796875)
    POTN=1.050822E+06
    PHIC=3.493718E-09
    GRAD=1.259886E-02
    NuBT=2
    CPU =0.002352

ITER: 17
    HPWL=35929.859375
    OVFL=0.369370
    HPWL=(16803.580078, 19126.277344)
    POTN=1.046895E+06
    PHIC=3.668404E-09
    GRAD=1.122159E-02
    NuBT=1
    CPU =0.001214

ITER: 18
    HPWL=35783.105469
    OVFL=0.415425
    HPWL=(16768.183594, 19014.921875)
    POTN=1.051267E+06
    PHIC=3.851824E-09
    GRAD=1.452650E-02
    NuBT=2
    CPU =0.002281

ITER: 19
    HPWL=35591.812500
    OVFL=0.341688
    HPWL=(16646.093750, 18945.716797)
    POTN=1.054018E+06
    PHIC=4.044415E-09
    GRAD=1.313717E-02
    NuBT=1
    CPU =0.001210

ITER: 20
    HPWL=35466.015625
    OVFL=0.363794
    HPWL=(16602.775391, 18863.238281)
    POTN=1.058357E+06
    PHIC=4.246635E-09
    GRAD=1.644885E-02
    NuBT=2
    CPU =0.002293

ITER: 21
    HPWL=35334.335938
    OVFL=0.332836
    HPWL=(16527.210938, 18807.125000)
    POTN=1.067516E+06
    PHIC=4.458967E-09
    GRAD=1.609383E-02
    NuBT=1
    CPU =0.001244

ITER: 22
    HPWL=35250.468750
    OVFL=0.328391
    HPWL=(16498.179688, 18752.289062)
    POTN=1.074166E+06
    PHIC=4.681915E-09
    GRAD=1.781158E-02
    NuBT=2
    CPU =0.002315

ITER: 23
    HPWL=35115.289062
    OVFL=0.321743
    HPWL=(16432.974609, 18682.312500)
    POTN=1.092604E+06
    PHIC=4.916011E-09
    GRAD=1.817557E-02
    NuBT=2
    CPU =0.002292

ITER: 24
    HPWL=35017.765625
    OVFL=0.314213
    HPWL=(16388.998047, 18628.769531)
    POTN=1.102235E+06
    PHIC=5.161811E-09
    GRAD=1.880624E-02
    NuBT=2
    CPU =0.002287

ITER: 25
    HPWL=34894.093750
    OVFL=0.275813
    HPWL=(16334.288086, 18559.804688)
    POTN=1.116306E+06
    PHIC=5.419901E-09
    GRAD=1.917041E-02
    NuBT=2
    CPU =0.002288

ITER: 26
    HPWL=34735.890625
    OVFL=0.322746
    HPWL=(16262.182617, 18473.708984)
    POTN=1.130962E+06
    PHIC=5.690896E-09
    GRAD=2.174446E-02
    NuBT=2
    CPU =0.002361

ITER: 27
    HPWL=34686.496094
    OVFL=0.264253
    HPWL=(16244.429688, 18442.066406)
    POTN=1.139720E+06
    PHIC=5.975441E-09
    GRAD=1.879183E-02
    NuBT=1
    CPU =0.001213

ITER: 28
    HPWL=34547.609375
    OVFL=0.267547
    HPWL=(16189.833008, 18357.775391)
    POTN=1.147030E+06
    PHIC=6.274212E-09
    GRAD=2.266435E-02
    NuBT=2
    CPU =0.002278

ITER: 29
    HPWL=34503.113281
    OVFL=0.246955
    HPWL=(16190.020508, 18313.093750)
    POTN=1.156623E+06
    PHIC=6.587923E-09
    GRAD=2.314036E-02
    NuBT=1
    CPU =0.001213

ITER: 30
    HPWL=34411.648438
    OVFL=0.283830
    HPWL=(16163.619141, 18248.031250)
    POTN=1.161798E+06
    PHIC=6.917318E-09
    GRAD=2.470608E-02
    NuBT=2
    CPU =0.002292

ITER: 31
    HPWL=34389.343750
    OVFL=0.235870
    HPWL=(16182.150391, 18207.193359)
    POTN=1.166581E+06
    PHIC=7.263184E-09
    GRAD=2.192468E-02
    NuBT=1
    CPU =0.001210

ITER: 32
    HPWL=34282.339844
    OVFL=0.241130
    HPWL=(16157.266602, 18125.072266)
    POTN=1.170759E+06
    PHIC=7.626343E-09
    GRAD=2.530322E-02
    NuBT=2
    CPU =0.002353

ITER: 33
    HPWL=34231.195312
    OVFL=0.237892
    HPWL=(16150.873047, 18080.324219)
    POTN=1.178751E+06
    PHIC=8.007660E-09
    GRAD=2.541284E-02
    NuBT=1
    CPU =0.001213

ITER: 34
    HPWL=34168.765625
    OVFL=0.270287
    HPWL=(16145.035156, 18023.732422)
    POTN=1.183412E+06
    PHIC=8.408043E-09
    GRAD=2.568011E-02
    NuBT=2
    CPU =0.002288

ITER: 35
    HPWL=34105.886719
    OVFL=0.249163
    HPWL=(16126.770508, 17979.115234)
    POTN=1.189122E+06
    PHIC=8.828445E-09
    GRAD=2.266609E-02
    NuBT=1
    CPU =0.001214

ITER: 36
    HPWL=34037.757812
    OVFL=0.266324
    HPWL=(16110.909180, 17926.849609)
    POTN=1.192956E+06
    PHIC=9.269867E-09
    GRAD=2.403168E-02
    NuBT=1
    CPU =0.001214

ITER: 37
    HPWL=34007.558594
    OVFL=0.280283
    HPWL=(16106.306641, 17901.251953)
    POTN=1.198598E+06
    PHIC=9.733360E-09
    GRAD=2.297003E-02
    NuBT=1
    CPU =0.001212

ITER: 38
    HPWL=33980.320312
    OVFL=0.292671
    HPWL=(16108.149414, 17872.169922)
    POTN=1.199200E+06
    PHIC=1.022003E-08
    GRAD=2.184956E-02
    NuBT=1
    CPU =0.001255

ITER: 39
    HPWL=33913.617188
    OVFL=0.304132
    HPWL=(16089.496094, 17824.119141)
    POTN=1.204504E+06
    PHIC=1.073103E-08
    GRAD=2.033374E-02
    NuBT=1
    CPU =0.001240

ITER: 40
    HPWL=33863.593750
    OVFL=0.315508
    HPWL=(16078.901367, 17784.693359)
    POTN=1.208914E+06
    PHIC=1.126758E-08
    GRAD=1.916041E-02
    NuBT=1
    CPU =0.001225

ITER: 41
    HPWL=33843.765625
    OVFL=0.341997
    HPWL=(16080.698242, 17763.066406)
    POTN=1.215679E+06
    PHIC=1.183096E-08
    GRAD=1.839665E-02
    NuBT=1
    CPU =0.001214

ITER: 42
    HPWL=33839.859375
    OVFL=0.321096
    HPWL=(16086.705078, 17753.154297)
    POTN=1.219948E+06
    PHIC=1.242251E-08
    GRAD=1.663099E-02
    NuBT=1
    CPU =0.001214

ITER: 43
    HPWL=33816.457031
    OVFL=0.374052
    HPWL=(16079.356445, 17737.099609)
    POTN=1.229301E+06
    PHIC=1.304363E-08
    GRAD=1.809701E-02
    NuBT=1
    CPU =0.001220

ITER: 44
    HPWL=33831.726562
    OVFL=0.345765
    HPWL=(16085.297852, 17746.429688)
    POTN=1.234679E+06
    PHIC=1.369578E-08
    GRAD=1.473090E-02
    NuBT=1
    CPU =0.001214

ITER: 45
    HPWL=33782.070312
    OVFL=0.377194
    HPWL=(16055.859375, 17726.210938)
    POTN=1.244146E+06
    PHIC=1.438057E-08
    GRAD=1.589024E-02
    NuBT=1
    CPU =0.001215

ITER: 46
    HPWL=33803.304688
    OVFL=0.385968
    HPWL=(16064.418945, 17738.886719)
    POTN=1.249299E+06
    PHIC=1.509955E-08
    GRAD=1.422243E-02
    NuBT=1
    CPU =0.001247

ITER: 47
    HPWL=33861.308594
    OVFL=0.383675
    HPWL=(16083.765625, 17777.542969)
    POTN=1.255409E+06
    PHIC=1.585440E-08
    GRAD=1.409363E-02
    NuBT=1
    CPU =0.001247

ITER: 48
    HPWL=33859.007812
    OVFL=0.409291
    HPWL=(16087.011719, 17771.996094)
    POTN=1.261395E+06
    PHIC=1.664712E-08
    GRAD=1.426459E-02
    NuBT=2
    CPU =0.002280

ITER: 49
    HPWL=33869.230469
    OVFL=0.404521
    HPWL=(16090.503906, 17778.726562)
    POTN=1.270064E+06
    PHIC=1.747945E-08
    GRAD=1.304395E-02
    NuBT=1
    CPU =0.001213

ITER: 50
    HPWL=33822.078125
    OVFL=0.424564
    HPWL=(16066.915039, 17755.164062)
    POTN=1.278696E+06
    PHIC=1.835342E-08
    GRAD=1.269820E-02
    NuBT=1
    CPU =0.001212

ITER: 51
    HPWL=33816.617188
    OVFL=0.421954
    HPWL=(16070.606445, 17746.009766)
    POTN=1.288399E+06
    PHIC=1.927109E-08
    GRAD=1.164802E-02
    NuBT=1
    CPU =0.001211

ITER: 52
    HPWL=33847.421875
    OVFL=0.429430
    HPWL=(16085.240234, 17762.181641)
    POTN=1.294310E+06
    PHIC=2.023456E-08
    GRAD=1.199952E-02
    NuBT=1
    CPU =0.001217

ITER: 53
    HPWL=33845.335938
    OVFL=0.458714
    HPWL=(16093.234375, 17752.099609)
    POTN=1.299704E+06
    PHIC=2.124628E-08
    GRAD=1.185524E-02
    NuBT=2
    CPU =0.002348

ITER: 54
    HPWL=33846.500000
    OVFL=0.418309
    HPWL=(16099.575195, 17746.925781)
    POTN=1.293851E+06
    PHIC=2.230859E-08
    GRAD=1.060694E-02
    NuBT=1
    CPU =0.001211

ITER: 55
    HPWL=33817.417969
    OVFL=0.483935
    HPWL=(16090.473633, 17726.943359)
    POTN=1.294999E+06
    PHIC=2.342402E-08
    GRAD=1.245708E-02
    NuBT=1
    CPU =0.001216

ITER: 56
    HPWL=33822.324219
    OVFL=0.439675
    HPWL=(16112.258789, 17710.066406)
    POTN=1.281234E+06
    PHIC=2.459521E-08
    GRAD=1.025430E-02
    NuBT=1
    CPU =0.001220

ITER: 57
    HPWL=33730.156250
    OVFL=0.413634
    HPWL=(16072.558594, 17657.597656)
    POTN=1.269697E+06
    PHIC=2.582497E-08
    GRAD=1.086199E-02
    NuBT=1
    CPU =0.001209

ITER: 58
    HPWL=33611.941406
    OVFL=0.470960
    HPWL=(16030.590820, 17581.351562)
    POTN=1.262794E+06
    PHIC=2.711622E-08
    GRAD=1.225519E-02
    NuBT=2
    CPU =0.002282

ITER: 59
    HPWL=33585.878906
    OVFL=0.421808
    HPWL=(16029.208008, 17556.671875)
    POTN=1.254343E+06
    PHIC=2.847202E-08
    GRAD=1.051020E-02
    NuBT=2
    CPU =0.002325

ITER: 60
    HPWL=33570.511719
    OVFL=0.397590
    HPWL=(16029.406250, 17541.105469)
    POTN=1.249310E+06
    PHIC=2.989562E-08
    GRAD=1.234317E-02
    NuBT=1
    CPU =0.001244

ITER: 61
    HPWL=33382.238281
    OVFL=0.402279
    HPWL=(15935.416992, 17446.820312)
    POTN=1.246753E+06
    PHIC=3.139040E-08
    GRAD=1.342024E-02
    NuBT=2
    CPU =0.002280

ITER: 62
    HPWL=33300.437500
    OVFL=0.390574
    HPWL=(15903.361328, 17397.078125)
    POTN=1.241038E+06
    PHIC=3.295992E-08
    GRAD=1.388247E-02
    NuBT=2
    CPU =0.002282

ITER: 63
    HPWL=33186.113281
    OVFL=0.368695
    HPWL=(15850.776367, 17335.335938)
    POTN=1.237382E+06
    PHIC=3.460791E-08
    GRAD=1.432757E-02
    NuBT=2
    CPU =0.002288

ITER: 64
    HPWL=33050.640625
    OVFL=0.350844
    HPWL=(15779.624023, 17271.017578)
    POTN=1.229090E+06
    PHIC=3.633831E-08
    GRAD=1.554084E-02
    NuBT=2
    CPU =0.002334

ITER: 65
    HPWL=32929.328125
    OVFL=0.358958
    HPWL=(15713.361328, 17215.964844)
    POTN=1.228243E+06
    PHIC=3.815522E-08
    GRAD=1.690862E-02
    NuBT=2
    CPU =0.002289

ITER: 66
    HPWL=32854.531250
    OVFL=0.302314
    HPWL=(15668.613281, 17185.919922)
    POTN=1.221782E+06
    PHIC=4.006299E-08
    GRAD=1.704702E-02
    NuBT=2
    CPU =0.002424

ITER: 67
    HPWL=32639.316406
    OVFL=0.331925
    HPWL=(15561.223633, 17078.093750)
    POTN=1.225284E+06
    PHIC=4.206613E-08
    GRAD=1.994013E-02
    NuBT=2
    CPU =0.002289

ITER: 68
    HPWL=32660.214844
    OVFL=0.295755
    HPWL=(15576.141602, 17084.072266)
    POTN=1.224532E+06
    PHIC=4.416931E-08
    GRAD=1.995267E-02
    NuBT=1
    CPU =0.001217

ITER: 69
    HPWL=32486.648438
    OVFL=0.293292
    HPWL=(15494.922852, 16991.726562)
    POTN=1.225583E+06
    PHIC=4.637777E-08
    GRAD=2.125103E-02
    NuBT=2
    CPU =0.002350

ITER: 70
    HPWL=32444.226562
    OVFL=0.290854
    HPWL=(15481.629883, 16962.595703)
    POTN=1.227643E+06
    PHIC=4.869666E-08
    GRAD=2.241308E-02
    NuBT=1
    CPU =0.001223

ITER: 71
    HPWL=32380.029297
    OVFL=0.288958
    HPWL=(15458.658203, 16921.371094)
    POTN=1.232454E+06
    PHIC=5.113149E-08
    GRAD=2.277210E-02
    NuBT=2
    CPU =0.002282

ITER: 72
    HPWL=32318.816406
    OVFL=0.276009
    HPWL=(15438.075195, 16880.742188)
    POTN=1.233758E+06
    PHIC=5.368806E-08
    GRAD=2.320406E-02
    NuBT=1
    CPU =0.001214

ITER: 73
    HPWL=32220.548828
    OVFL=0.296618
    HPWL=(15403.736328, 16816.812500)
    POTN=1.238627E+06
    PHIC=5.637246E-08
    GRAD=2.387923E-02
    NuBT=2
    CPU =0.002280

ITER: 74
    HPWL=32173.148438
    OVFL=0.321791
    HPWL=(15388.814453, 16784.333984)
    POTN=1.243122E+06
    PHIC=5.919108E-08
    GRAD=2.237225E-02
    NuBT=1
    CPU =0.001222

ITER: 75
    HPWL=32104.642578
    OVFL=0.309860
    HPWL=(15362.589844, 16742.052734)
    POTN=1.246962E+06
    PHIC=6.215063E-08
    GRAD=1.958730E-02
    NuBT=1
    CPU =0.001283

ITER: 76
    HPWL=32026.230469
    OVFL=0.339158
    HPWL=(15328.480469, 16697.750000)
    POTN=1.248219E+06
    PHIC=6.525816E-08
    GRAD=1.973033E-02
    NuBT=1
    CPU =0.001217

ITER: 77
    HPWL=32047.972656
    OVFL=0.366828
    HPWL=(15340.643555, 16707.330078)
    POTN=1.250254E+06
    PHIC=6.852086E-08
    GRAD=1.831250E-02
    NuBT=1
    CPU =0.001212

ITER: 78
    HPWL=32030.921875
    OVFL=0.352106
    HPWL=(15325.274414, 16705.648438)
    POTN=1.249242E+06
    PHIC=7.194690E-08
    GRAD=1.603114E-02
    NuBT=1
    CPU =0.001217

ITER: 79
    HPWL=31978.796875
    OVFL=0.390620
    HPWL=(15290.821289, 16687.976562)
    POTN=1.253606E+06
    PHIC=7.554424E-08
    GRAD=1.634781E-02
    NuBT=1
    CPU =0.001213

ITER: 80
    HPWL=32026.453125
    OVFL=0.398878
    HPWL=(15308.409180, 16718.042969)
    POTN=1.256986E+06
    PHIC=7.932092E-08
    GRAD=1.450135E-02
    NuBT=1
    CPU =0.001217

ITER: 81
    HPWL=32019.828125
    OVFL=0.408803
    HPWL=(15285.938477, 16733.890625)
    POTN=1.261590E+06
    PHIC=8.328696E-08
    GRAD=1.351893E-02
    NuBT=1
    CPU =0.001212

ITER: 82
    HPWL=32043.320312
    OVFL=0.421922
    HPWL=(15279.663086, 16763.656250)
    POTN=1.258793E+06
    PHIC=8.745102E-08
    GRAD=1.292048E-02
    NuBT=1
    CPU =0.001217

ITER: 83
    HPWL=32118.398438
    OVFL=0.419605
    HPWL=(15285.756836, 16832.642578)
    POTN=1.254896E+06
    PHIC=9.182260E-08
    GRAD=1.248126E-02
    NuBT=1
    CPU =0.001273

ITER: 84
    HPWL=32177.695312
    OVFL=0.453143
    HPWL=(15279.859375, 16897.835938)
    POTN=1.250622E+06
    PHIC=9.641291E-08
    GRAD=1.260776E-02
    NuBT=1
    CPU =0.001227

ITER: 85
    HPWL=32219.453125
    OVFL=0.430591
    HPWL=(15268.220703, 16951.232422)
    POTN=1.250517E+06
    PHIC=1.012330E-07
    GRAD=1.096612E-02
    NuBT=1
    CPU =0.001214

ITER: 86
    HPWL=32236.539062
    OVFL=0.449631
    HPWL=(15238.476562, 16998.062500)
    POTN=1.249187E+06
    PHIC=1.062943E-07
    GRAD=1.139664E-02
    NuBT=1
    CPU =0.001212

ITER: 87
    HPWL=32289.162109
    OVFL=0.418537
    HPWL=(15243.095703, 17046.066406)
    POTN=1.246492E+06
    PHIC=1.116082E-07
    GRAD=1.115196E-02
    NuBT=1
    CPU =0.001218

ITER: 88
    HPWL=32256.736328
    OVFL=0.463072
    HPWL=(15206.683594, 17050.052734)
    POTN=1.244108E+06
    PHIC=1.171886E-07
    GRAD=1.232873E-02
    NuBT=2
    CPU =0.002282

ITER: 89
    HPWL=32223.195312
    OVFL=0.417287
    HPWL=(15182.926758, 17040.269531)
    POTN=1.235875E+06
    PHIC=1.230481E-07
    GRAD=1.051466E-02
    NuBT=1
    CPU =0.001216

ITER: 90
    HPWL=32246.667969
    OVFL=0.424111
    HPWL=(15173.325195, 17073.343750)
    POTN=1.232533E+06
    PHIC=1.292000E-07
    GRAD=1.262785E-02
    NuBT=1
    CPU =0.001254

ITER: 91
    HPWL=32139.816406
    OVFL=0.385454
    HPWL=(15111.109375, 17028.707031)
    POTN=1.229061E+06
    PHIC=1.356600E-07
    GRAD=1.244022E-02
    NuBT=2
    CPU =0.002315

ITER: 92
    HPWL=32021.228516
    OVFL=0.386845
    HPWL=(15047.146484, 16974.082031)
    POTN=1.229462E+06
    PHIC=1.424430E-07
    GRAD=1.419742E-02
    NuBT=2
    CPU =0.002284

ITER: 93
    HPWL=31954.796875
    OVFL=0.374201
    HPWL=(15009.331055, 16945.466797)
    POTN=1.234618E+06
    PHIC=1.495652E-07
    GRAD=1.492401E-02
    NuBT=2
    CPU =0.002284

ITER: 94
    HPWL=31880.777344
    OVFL=0.357926
    HPWL=(14965.186523, 16915.589844)
    POTN=1.238740E+06
    PHIC=1.570434E-07
    GRAD=1.562314E-02
    NuBT=2
    CPU =0.002289

ITER: 95
    HPWL=31776.695312
    OVFL=0.373417
    HPWL=(14906.127930, 16870.566406)
    POTN=1.249839E+06
    PHIC=1.648956E-07
    GRAD=1.658444E-02
    NuBT=2
    CPU =0.002345

ITER: 96
    HPWL=31754.425781
    OVFL=0.312344
    HPWL=(14883.907227, 16870.517578)
    POTN=1.262125E+06
    PHIC=1.731404E-07
    GRAD=1.640614E-02
    NuBT=2
    CPU =0.002287

ITER: 97
    HPWL=31563.234375
    OVFL=0.309518
    HPWL=(14791.134766, 16772.099609)
    POTN=1.278472E+06
    PHIC=1.817974E-07
    GRAD=1.903069E-02
    NuBT=2
    CPU =0.002288

ITER: 98
    HPWL=31533.515625
    OVFL=0.307311
    HPWL=(14784.553711, 16748.960938)
    POTN=1.293530E+06
    PHIC=1.908872E-07
    GRAD=2.032876E-02
    NuBT=2
    CPU =0.002296

ITER: 99
    HPWL=31517.978516
    OVFL=0.313161
    HPWL=(14777.343750, 16740.634766)
    POTN=1.303195E+06
    PHIC=2.004316E-07
    GRAD=2.100315E-02
    NuBT=2
    CPU =0.002353

ITER: 100
    HPWL=31494.490234
    OVFL=0.279135
    HPWL=(14770.789062, 16723.701172)
    POTN=1.307717E+06
    PHIC=2.104531E-07
    GRAD=2.069859E-02
    NuBT=2
    CPU =0.002278

ITER: 101
    HPWL=31413.484375
    OVFL=0.251388
    HPWL=(14735.387695, 16678.097656)
    POTN=1.311191E+06
    PHIC=2.209758E-07
    GRAD=2.267287E-02
    NuBT=2
    CPU =0.002285

ITER: 102
    HPWL=31335.365234
    OVFL=0.264871
    HPWL=(14698.884766, 16636.480469)
    POTN=1.314754E+06
    PHIC=2.320246E-07
    GRAD=2.490964E-02
    NuBT=2
    CPU =0.002284

ITER: 103
    HPWL=31335.640625
    OVFL=0.233844
    HPWL=(14695.983398, 16639.656250)
    POTN=1.316301E+06
    PHIC=2.436258E-07
    GRAD=2.478798E-02
    NuBT=2
    CPU =0.002325

ITER: 104
    HPWL=31265.384766
    OVFL=0.214423
    HPWL=(14664.478516, 16600.906250)
    POTN=1.316071E+06
    PHIC=2.558071E-07
    GRAD=2.692777E-02
    NuBT=2
    CPU =0.002309

ITER: 105
    HPWL=31212.724609
    OVFL=0.225178
    HPWL=(14635.943359, 16576.781250)
    POTN=1.316174E+06
    PHIC=2.685974E-07
    GRAD=2.881573E-02
    NuBT=2
    CPU =0.002280

ITER: 106
    HPWL=31220.748047
    OVFL=0.180724
    HPWL=(14636.214844, 16584.533203)
    POTN=1.312942E+06
    PHIC=2.820269E-07
    GRAD=2.888231E-02
    NuBT=2
    CPU =0.002282

ITER: 107
    HPWL=31129.812500
    OVFL=0.204137
    HPWL=(14596.517578, 16533.294922)
    POTN=1.313877E+06
    PHIC=2.961283E-07
    GRAD=3.171610E-02
    NuBT=2
    CPU =0.002285

ITER: 108
    HPWL=31145.025391
    OVFL=0.170181
    HPWL=(14597.925781, 16547.099609)
    POTN=1.311411E+06
    PHIC=3.109340E-07
    GRAD=3.096925E-02
    NuBT=2
    CPU =0.002363

ITER: 109
    HPWL=31110.773438
    OVFL=0.155936
    HPWL=(14591.315430, 16519.458984)
    POTN=1.311204E+06
    PHIC=3.264807E-07
    GRAD=3.338694E-02
    NuBT=2
    CPU =0.002285

ITER: 110
    HPWL=31083.257812
    OVFL=0.157909
    HPWL=(14576.948242, 16506.310547)
    POTN=1.312937E+06
    PHIC=3.428047E-07
    GRAD=3.444682E-02
    NuBT=2
    CPU =0.002283

ITER: 111
    HPWL=31121.652344
    OVFL=0.141845
    HPWL=(14601.574219, 16520.078125)
    POTN=1.313170E+06
    PHIC=3.599430E-07
    GRAD=3.525905E-02
    NuBT=2
    CPU =0.002290

ITER: 112
    HPWL=31106.164062
    OVFL=0.121453
    HPWL=(14606.237305, 16499.925781)
    POTN=1.315979E+06
    PHIC=3.779401E-07
    GRAD=3.610877E-02
    NuBT=2
    CPU =0.002352

ITER: 113
    HPWL=31082.291016
    OVFL=0.120977
    HPWL=(14605.984375, 16476.306641)
    POTN=1.319736E+06
    PHIC=3.968371E-07
    GRAD=3.723599E-02
    NuBT=2
    CPU =0.002282

ITER: 114
    HPWL=31092.613281
    OVFL=0.130814
    HPWL=(14621.273438, 16471.339844)
    POTN=1.325164E+06
    PHIC=4.166783E-07
    GRAD=3.790655E-02
    NuBT=2
    CPU =0.002294

ITER: 115
    HPWL=31118.015625
    OVFL=0.102881
    HPWL=(14644.836914, 16473.179688)
    POTN=1.328245E+06
    PHIC=4.375106E-07
    GRAD=3.813910E-02
    NuBT=1
    CPU =0.001214

ITER: 116
    HPWL=31057.054688
    OVFL=0.122985
    HPWL=(14629.083984, 16427.970703)
    POTN=1.334477E+06
    PHIC=4.593861E-07
    GRAD=3.825309E-02
    NuBT=2
    CPU =0.002284

ITER: 117
    HPWL=31083.109375
    OVFL=0.130511
    HPWL=(14650.021484, 16433.087891)
    POTN=1.338806E+06
    PHIC=4.823537E-07
    GRAD=3.796413E-02
    NuBT=1
    CPU =0.001254

ITER: 118
    HPWL=31063.400391
    OVFL=0.128951
    HPWL=(14650.316406, 16413.083984)
    POTN=1.345547E+06
    PHIC=5.064713E-07
    GRAD=3.678094E-02
    NuBT=1
    CPU =0.001249

ITER: 119
    HPWL=31021.890625
    OVFL=0.156542
    HPWL=(14637.946289, 16383.945312)
    POTN=1.349985E+06
    PHIC=5.317949E-07
    GRAD=3.583845E-02
    NuBT=1
    CPU =0.001286

ITER: 120
    HPWL=31002.652344
    OVFL=0.174829
    HPWL=(14637.787109, 16364.864258)
    POTN=1.356494E+06
    PHIC=5.583846E-07
    GRAD=3.343534E-02
    NuBT=1
    CPU =0.001217

ITER: 121
    HPWL=30963.390625
    OVFL=0.177885
    HPWL=(14632.051758, 16331.339844)
    POTN=1.360532E+06
    PHIC=5.863038E-07
    GRAD=3.102459E-02
    NuBT=1
    CPU =0.001212

ITER: 122
    HPWL=30938.335938
    OVFL=0.205746
    HPWL=(14632.090820, 16306.246094)
    POTN=1.365299E+06
    PHIC=6.156189E-07
    GRAD=3.044749E-02
    NuBT=1
    CPU =0.001229

ITER: 123
    HPWL=30943.214844
    OVFL=0.221365
    HPWL=(14643.829102, 16299.386719)
    POTN=1.367790E+06
    PHIC=6.463994E-07
    GRAD=2.833396E-02
    NuBT=1
    CPU =0.001216

ITER: 124
    HPWL=30917.814453
    OVFL=0.235776
    HPWL=(14646.599609, 16271.214844)
    POTN=1.369447E+06
    PHIC=6.787193E-07
    GRAD=2.656013E-02
    NuBT=1
    CPU =0.001212

ITER: 125
    HPWL=30884.138672
    OVFL=0.246149
    HPWL=(14641.666016, 16242.472656)
    POTN=1.368235E+06
    PHIC=7.126553E-07
    GRAD=2.489235E-02
    NuBT=1
    CPU =0.001250

ITER: 126
    HPWL=30870.410156
    OVFL=0.255204
    HPWL=(14644.025391, 16226.384766)
    POTN=1.366060E+06
    PHIC=7.482880E-07
    GRAD=2.387198E-02
    NuBT=1
    CPU =0.001247

ITER: 127
    HPWL=30878.378906
    OVFL=0.264841
    HPWL=(14650.437500, 16227.941406)
    POTN=1.359996E+06
    PHIC=7.857015E-07
    GRAD=2.312475E-02
    NuBT=1
    CPU =0.001221

ITER: 128
    HPWL=30882.582031
    OVFL=0.263502
    HPWL=(14649.923828, 16232.658203)
    POTN=1.353959E+06
    PHIC=8.249860E-07
    GRAD=2.214109E-02
    NuBT=1
    CPU =0.001213

ITER: 129
    HPWL=30879.279297
    OVFL=0.244299
    HPWL=(14645.025391, 16234.253906)
    POTN=1.342527E+06
    PHIC=8.662353E-07
    GRAD=2.208771E-02
    NuBT=1
    CPU =0.001212

ITER: 130
    HPWL=30889.664062
    OVFL=0.220932
    HPWL=(14643.924805, 16245.738281)
    POTN=1.330046E+06
    PHIC=9.095457E-07
    GRAD=2.389485E-02
    NuBT=1
    CPU =0.001216

ITER: 131
    HPWL=30874.917969
    OVFL=0.218664
    HPWL=(14629.600586, 16245.317383)
    POTN=1.315676E+06
    PHIC=9.550230E-07
    GRAD=2.592482E-02
    NuBT=2
    CPU =0.002288

ITER: 132
    HPWL=30894.582031
    OVFL=0.223978
    HPWL=(14626.078125, 16268.503906)
    POTN=1.302044E+06
    PHIC=1.002771E-06
    GRAD=2.643231E-02
    NuBT=1
    CPU =0.001223

ITER: 133
    HPWL=30908.933594
    OVFL=0.234866
    HPWL=(14628.221680, 16280.712891)
    POTN=1.285193E+06
    PHIC=1.052908E-06
    GRAD=2.606083E-02
    NuBT=2
    CPU =0.002346

ITER: 134
    HPWL=30923.472656
    OVFL=0.248354
    HPWL=(14632.331055, 16291.140625)
    POTN=1.268519E+06
    PHIC=1.105551E-06
    GRAD=2.525050E-02
    NuBT=1
    CPU =0.001217

ITER: 135
    HPWL=30910.199219
    OVFL=0.264852
    HPWL=(14625.791016, 16284.408203)
    POTN=1.248889E+06
    PHIC=1.160828E-06
    GRAD=2.380291E-02
    NuBT=1
    CPU =0.001224

ITER: 136
    HPWL=30889.082031
    OVFL=0.278326
    HPWL=(14615.297852, 16273.785156)
    POTN=1.229730E+06
    PHIC=1.218870E-06
    GRAD=2.201588E-02
    NuBT=1
    CPU =0.001216

ITER: 137
    HPWL=30897.357422
    OVFL=0.272314
    HPWL=(14617.341797, 16280.015625)
    POTN=1.207150E+06
    PHIC=1.279811E-06
    GRAD=2.071012E-02
    NuBT=1
    CPU =0.001213

ITER: 138
    HPWL=30937.980469
    OVFL=0.263479
    HPWL=(14633.040039, 16304.939453)
    POTN=1.183052E+06
    PHIC=1.343794E-06
    GRAD=2.145245E-02
    NuBT=2
    CPU =0.002287

ITER: 139
    HPWL=30913.867188
    OVFL=0.263100
    HPWL=(14617.741211, 16296.125000)
    POTN=1.155756E+06
    PHIC=1.410984E-06
    GRAD=2.205482E-02
    NuBT=2
    CPU =0.002357

ITER: 140
    HPWL=30922.427734
    OVFL=0.287059
    HPWL=(14612.607422, 16309.820312)
    POTN=1.130483E+06
    PHIC=1.481531E-06
    GRAD=2.226991E-02
    NuBT=1
    CPU =0.001214

ITER: 141
    HPWL=30953.158203
    OVFL=0.305953
    HPWL=(14620.605469, 16332.552734)
    POTN=1.105126E+06
    PHIC=1.555601E-06
    GRAD=2.041421E-02
    NuBT=1
    CPU =0.001214

ITER: 142
    HPWL=30943.117188
    OVFL=0.291139
    HPWL=(14613.908203, 16329.209961)
    POTN=1.077156E+06
    PHIC=1.633381E-06
    GRAD=1.854279E-02
    NuBT=1
    CPU =0.001220

ITER: 143
    HPWL=30944.042969
    OVFL=0.279628
    HPWL=(14612.532227, 16331.510742)
    POTN=1.044955E+06
    PHIC=1.715050E-06
    GRAD=1.953986E-02
    NuBT=1
    CPU =0.001219

ITER: 144
    HPWL=30971.308594
    OVFL=0.298515
    HPWL=(14619.606445, 16351.701172)
    POTN=1.013891E+06
    PHIC=1.800795E-06
    GRAD=2.067946E-02
    NuBT=2
    CPU =0.002278

ITER: 145
    HPWL=30997.021484
    OVFL=0.318181
    HPWL=(14623.375000, 16373.646484)
    POTN=9.826542E+05
    PHIC=1.890828E-06
    GRAD=1.923212E-02
    NuBT=2
    CPU =0.002344

ITER: 146
    HPWL=31032.859375
    OVFL=0.296678
    HPWL=(14633.840820, 16399.017578)
    POTN=9.493327E+05
    PHIC=1.985359E-06
    GRAD=1.776002E-02
    NuBT=1
    CPU =0.001215

ITER: 147
    HPWL=31060.222656
    OVFL=0.301468
    HPWL=(14642.153320, 16418.068359)
    POTN=9.132087E+05
    PHIC=2.084619E-06
    GRAD=1.944947E-02
    NuBT=1
    CPU =0.001221

ITER: 148
    HPWL=31070.406250
    OVFL=0.321898
    HPWL=(14641.943359, 16428.462891)
    POTN=8.784842E+05
    PHIC=2.188847E-06
    GRAD=1.908944E-02
    NuBT=2
    CPU =0.002279

ITER: 149
    HPWL=31104.083984
    OVFL=0.313549
    HPWL=(14653.703125, 16450.380859)
    POTN=8.424741E+05
    PHIC=2.298278E-06
    GRAD=1.759365E-02
    NuBT=1
    CPU =0.001211

ITER: 150
    HPWL=31118.359375
    OVFL=0.297489
    HPWL=(14657.833008, 16460.527344)
    POTN=8.049695E+05
    PHIC=2.413187E-06
    GRAD=1.811528E-02
    NuBT=1
    CPU =0.001208

ITER: 151
    HPWL=31122.806641
    OVFL=0.323990
    HPWL=(14658.097656, 16464.708984)
    POTN=7.689252E+05
    PHIC=2.533844E-06
    GRAD=1.939265E-02
    NuBT=2
    CPU =0.002335

ITER: 152
    HPWL=31163.103516
    OVFL=0.317343
    HPWL=(14673.535156, 16489.568359)
    POTN=7.335272E+05
    PHIC=2.660521E-06
    GRAD=1.764317E-02
    NuBT=1
    CPU =0.001227

ITER: 153
    HPWL=31177.453125
    OVFL=0.289393
    HPWL=(14677.714844, 16499.738281)
    POTN=6.960442E+05
    PHIC=2.793541E-06
    GRAD=1.797246E-02
    NuBT=1
    CPU =0.001212

ITER: 154
    HPWL=31158.996094
    OVFL=0.325654
    HPWL=(14667.125000, 16491.871094)
    POTN=6.620543E+05
    PHIC=2.933218E-06
    GRAD=2.003589E-02
    NuBT=2
    CPU =0.002281

ITER: 155
    HPWL=31187.800781
    OVFL=0.313659
    HPWL=(14677.179688, 16510.621094)
    POTN=6.258213E+05
    PHIC=3.079866E-06
    GRAD=1.749777E-02
    NuBT=1
    CPU =0.001228

ITER: 156
    HPWL=31208.564453
    OVFL=0.293669
    HPWL=(14684.417969, 16524.146484)
    POTN=5.893875E+05
    PHIC=3.233850E-06
    GRAD=1.821575E-02
    NuBT=1
    CPU =0.001212

ITER: 157
    HPWL=31200.792969
    OVFL=0.318911
    HPWL=(14679.387695, 16521.404297)
    POTN=5.549785E+05
    PHIC=3.395542E-06
    GRAD=1.972575E-02
    NuBT=2
    CPU =0.002317

ITER: 158
    HPWL=31240.228516
    OVFL=0.311363
    HPWL=(14695.052734, 16545.175781)
    POTN=5.196742E+05
    PHIC=3.565299E-06
    GRAD=1.815807E-02
    NuBT=1
    CPU =0.001249

ITER: 159
    HPWL=31262.359375
    OVFL=0.294075
    HPWL=(14703.216797, 16559.142578)
    POTN=4.853806E+05
    PHIC=3.743553E-06
    GRAD=1.864492E-02
    NuBT=1
    CPU =0.001218

ITER: 160
    HPWL=31248.363281
    OVFL=0.308276
    HPWL=(14696.844727, 16551.519531)
    POTN=4.530670E+05
    PHIC=3.930730E-06
    GRAD=1.982521E-02
    NuBT=2
    CPU =0.002276

ITER: 161
    HPWL=31268.257812
    OVFL=0.303603
    HPWL=(14704.663086, 16563.593750)
    POTN=4.214729E+05
    PHIC=4.127255E-06
    GRAD=1.892528E-02
    NuBT=1
    CPU =0.001216

ITER: 162
    HPWL=31292.103516
    OVFL=0.276529
    HPWL=(14714.169922, 16577.933594)
    POTN=3.895383E+05
    PHIC=4.333603E-06
    GRAD=1.936329E-02
    NuBT=1
    CPU =0.001218

ITER: 163
    HPWL=31255.710938
    OVFL=0.281124
    HPWL=(14697.518555, 16558.191406)
    POTN=3.613560E+05
    PHIC=4.550282E-06
    GRAD=2.123474E-02
    NuBT=2
    CPU =0.002286

ITER: 164
    HPWL=31260.992188
    OVFL=0.275933
    HPWL=(14699.281250, 16561.710938)
    POTN=3.334900E+05
    PHIC=4.777793E-06
    GRAD=2.117477E-02
    NuBT=1
    CPU =0.001263

ITER: 165
    HPWL=31257.285156
    OVFL=0.244267
    HPWL=(14697.507812, 16559.777344)
    POTN=3.061644E+05
    PHIC=5.016682E-06
    GRAD=2.156853E-02
    NuBT=2
    CPU =0.002298

ITER: 166
    HPWL=31219.570312
    OVFL=0.248991
    HPWL=(14681.883789, 16537.687500)
    POTN=2.823246E+05
    PHIC=5.267515E-06
    GRAD=2.404678E-02
    NuBT=2
    CPU =0.002285

ITER: 167
    HPWL=31238.785156
    OVFL=0.248209
    HPWL=(14690.916992, 16547.867188)
    POTN=2.601550E+05
    PHIC=5.530876E-06
    GRAD=2.439198E-02
    NuBT=1
    CPU =0.001220

ITER: 168
    HPWL=31228.585938
    OVFL=0.212825
    HPWL=(14695.586914, 16532.998047)
    POTN=2.382413E+05
    PHIC=5.807420E-06
    GRAD=2.428808E-02
    NuBT=2
    CPU =0.002284

ITER: 169
    HPWL=31186.265625
    OVFL=0.212642
    HPWL=(14680.812500, 16505.453125)
    POTN=2.207770E+05
    PHIC=6.097790E-06
    GRAD=2.697100E-02
    NuBT=2
    CPU =0.002357

ITER: 170
    HPWL=31183.351562
    OVFL=0.203929
    HPWL=(14677.783203, 16505.568359)
    POTN=2.041381E+05
    PHIC=6.402680E-06
    GRAD=2.746929E-02
    NuBT=2
    CPU =0.002289

ITER: 171
    HPWL=31178.447266
    OVFL=0.181764
    HPWL=(14685.812500, 16492.634766)
    POTN=1.904475E+05
    PHIC=6.722813E-06
    GRAD=2.822076E-02
    NuBT=2
    CPU =0.002283

ITER: 172
    HPWL=31154.191406
    OVFL=0.181715
    HPWL=(14678.670898, 16475.519531)
    POTN=1.792120E+05
    PHIC=7.058954E-06
    GRAD=3.000460E-02
    NuBT=2
    CPU =0.002284

ITER: 173
    HPWL=31152.761719
    OVFL=0.155527
    HPWL=(14679.101562, 16473.660156)
    POTN=1.702394E+05
    PHIC=7.411901E-06
    GRAD=3.040227E-02
    NuBT=2
    CPU =0.002327

ITER: 174
    HPWL=31130.113281
    OVFL=0.158876
    HPWL=(14674.482422, 16455.630859)
    POTN=1.638696E+05
    PHIC=7.782495E-06
    GRAD=3.228242E-02
    NuBT=2
    CPU =0.002313

ITER: 175
    HPWL=31125.154297
    OVFL=0.165779
    HPWL=(14670.244141, 16454.910156)
    POTN=1.605675E+05
    PHIC=8.171620E-06
    GRAD=3.249245E-02
    NuBT=2
    CPU =0.002277

ITER: 176
    HPWL=31132.439453
    OVFL=0.149695
    HPWL=(14678.412109, 16454.027344)
    POTN=1.576282E+05
    PHIC=8.580191E-06
    GRAD=3.227682E-02
    NuBT=2
    CPU =0.002282

ITER: 177
    HPWL=31106.972656
    OVFL=0.155410
    HPWL=(14667.222656, 16439.750000)
    POTN=1.581040E+05
    PHIC=9.009201E-06
    GRAD=3.313698E-02
    NuBT=2
    CPU =0.002291

ITER: 178
    HPWL=31110.253906
    OVFL=0.175931
    HPWL=(14663.446289, 16446.808594)
    POTN=1.607079E+05
    PHIC=9.459656E-06
    GRAD=3.328992E-02
    NuBT=1
    CPU =0.001270

ITER: 179
    HPWL=31106.154297
    OVFL=0.163273
    HPWL=(14659.937500, 16446.216797)
    POTN=1.637601E+05
    PHIC=9.932639E-06
    GRAD=3.157525E-02
    NuBT=1
    CPU =0.001226

ITER: 180
    HPWL=31066.707031
    OVFL=0.150290
    HPWL=(14638.268555, 16428.439453)
    POTN=1.691275E+05
    PHIC=1.042927E-05
    GRAD=3.179919E-02
    NuBT=1
    CPU =0.001216

ITER: 181
    HPWL=31057.625000
    OVFL=0.165481
    HPWL=(14622.854492, 16434.769531)
    POTN=1.774440E+05
    PHIC=1.095073E-05
    GRAD=3.324227E-02
    NuBT=1
    CPU =0.001222

ITER: 182
    HPWL=31043.740234
    OVFL=0.151027
    HPWL=(14607.068359, 16436.671875)
    POTN=1.847898E+05
    PHIC=1.149827E-05
    GRAD=3.220513E-02
    NuBT=2
    CPU =0.002288

ITER: 183
    HPWL=31015.792969
    OVFL=0.148736
    HPWL=(14588.555664, 16427.238281)
    POTN=1.954861E+05
    PHIC=1.207318E-05
    GRAD=3.299582E-02
    NuBT=1
    CPU =0.001217

ITER: 184
    HPWL=31006.316406
    OVFL=0.151486
    HPWL=(14574.913086, 16431.402344)
    POTN=2.062415E+05
    PHIC=1.267684E-05
    GRAD=3.355172E-02
    NuBT=1
    CPU =0.001212

ITER: 185
    HPWL=30996.273438
    OVFL=0.167697
    HPWL=(14564.800781, 16431.472656)
    POTN=2.173868E+05
    PHIC=1.331068E-05
    GRAD=3.355630E-02
    NuBT=1
    CPU =0.001271

ITER: 186
    HPWL=30965.988281
    OVFL=0.166273
    HPWL=(14545.733398, 16420.255859)
    POTN=2.299079E+05
    PHIC=1.397622E-05
    GRAD=3.178445E-02
    NuBT=1
    CPU =0.001230

ITER: 187
    HPWL=30932.207031
    OVFL=0.164025
    HPWL=(14526.494141, 16405.712891)
    POTN=2.433040E+05
    PHIC=1.467503E-05
    GRAD=3.131756E-02
    NuBT=1
    CPU =0.001213

ITER: 188
    HPWL=30925.869141
    OVFL=0.143400
    HPWL=(14518.109375, 16407.759766)
    POTN=2.532734E+05
    PHIC=1.540878E-05
    GRAD=3.176121E-02
    NuBT=1
    CPU =0.001214

ITER: 189
    HPWL=30891.123047
    OVFL=0.153556
    HPWL=(14497.275391, 16393.847656)
    POTN=2.655155E+05
    PHIC=1.617922E-05
    GRAD=3.302922E-02
    NuBT=2
    CPU =0.002294

ITER: 190
    HPWL=30890.847656
    OVFL=0.175855
    HPWL=(14491.938477, 16398.908203)
    POTN=2.776074E+05
    PHIC=1.698818E-05
    GRAD=3.306804E-02
    NuBT=1
    CPU =0.001212

ITER: 191
    HPWL=30884.726562
    OVFL=0.167248
    HPWL=(14489.431641, 16395.294922)
    POTN=2.852530E+05
    PHIC=1.783758E-05
    GRAD=3.132560E-02
    NuBT=1
    CPU =0.001215

ITER: 192
    HPWL=30832.371094
    OVFL=0.151344
    HPWL=(14464.334961, 16368.036133)
    POTN=2.912313E+05
    PHIC=1.872946E-05
    GRAD=3.114867E-02
    NuBT=1
    CPU =0.001252

ITER: 193
    HPWL=30813.136719
    OVFL=0.159924
    HPWL=(14449.957031, 16363.180664)
    POTN=2.978428E+05
    PHIC=1.966593E-05
    GRAD=3.262604E-02
    NuBT=1
    CPU =0.001241

ITER: 194
    HPWL=30793.177734
    OVFL=0.148212
    HPWL=(14436.339844, 16356.837891)
    POTN=3.002503E+05
    PHIC=2.064923E-05
    GRAD=3.218472E-02
    NuBT=2
    CPU =0.002288

ITER: 195
    HPWL=30775.605469
    OVFL=0.144471
    HPWL=(14425.623047, 16349.982422)
    POTN=2.995108E+05
    PHIC=2.168169E-05
    GRAD=3.326190E-02
    NuBT=1
    CPU =0.001214

ITER: 196
    HPWL=30744.203125
    OVFL=0.126722
    HPWL=(14408.381836, 16335.821289)
    POTN=2.970122E+05
    PHIC=2.276577E-05
    GRAD=3.335175E-02
    NuBT=2
    CPU =0.002279

ITER: 197
    HPWL=30717.603516
    OVFL=0.118003
    HPWL=(14394.606445, 16322.997070)
    POTN=2.942683E+05
    PHIC=2.390406E-05
    GRAD=3.433692E-02
    NuBT=2
    CPU =0.002280

ITER: 198
    HPWL=30705.882812
    OVFL=0.107859
    HPWL=(14386.209961, 16319.672852)
    POTN=2.879327E+05
    PHIC=2.509926E-05
    GRAD=3.493128E-02
    NuBT=2
    CPU =0.002346

ITER: 199
    HPWL=30704.199219
    OVFL=0.098760
    HPWL=(14383.063477, 16321.136719)
    POTN=2.792678E+05
    PHIC=2.635422E-05
    GRAD=3.554511E-02
    NuBT=2
    CPU =0.002281
[INFO] Nesterov: NumIters = 199
[INFO] Nesterov: ScaledHpwl = 30704.199219
[INFO] Nesterov: Overflow = 0.098760
[INFO] Nesterov: Potential = 279267.812500
[INFO] Nesterov: xInstScaledHpwl = 30625.093750
[INFO] Nesterov: yInstScaledHpwl = 30704.199219
[INFO] Nesterov: HPWL = 9255.583984
