Tue Sep 01 12:35:45 UTC 2020 - Executing "/openLANE_flow/scripts//padLefMacro.py -s unithd -r 8 -i /openLANE_flow/designs/sb_3__1_/runs/final_pin_placement//tmp//merged_unpadded.lef -o /openLANE_flow/designs/sb_3__1_/runs/final_pin_placement//tmp//merged.lef -e {sky130_fd_sc_hd__tap* sky130_fd_sc_hd__decap* sky130_fd_sc_hd__fill*} |& tee >&@stdout"

Tue Sep 01 12:35:53 UTC 2020 - Executing "sed -i -E {s/CLASS PAD.*$/CLASS PAD ;/g} /openLANE_flow/designs/sb_3__1_/runs/final_pin_placement//tmp//merged.lef"

Tue Sep 01 12:35:53 UTC 2020 - Executing "sed -i -E {s/CLASS PAD.*$/CLASS PAD ;/g} /openLANE_flow/designs/sb_3__1_/runs/final_pin_placement//tmp//merged_unpadded.lef"

Tue Sep 01 12:35:53 UTC 2020 - Executing "/openLANE_flow/scripts//libtrim.pl /home/aa/Desktop/Afify/openlane-rc2/openlane/pdks/sky130A/libs.ref/sky130_fd_sc_hd/lib/sky130_fd_sc_hd__tt_025C_1v80.lib /home/aa/Desktop/Afify/openlane-rc2/openlane/pdks/sky130A/libs.tech/openlane/sky130_fd_sc_hd/no_synth.cells > /openLANE_flow/designs/sb_3__1_/runs/final_pin_placement//tmp//trimmed.lib"

Tue Sep 01 12:35:58 UTC 2020 - Executing "yosys -c /openLANE_flow/scripts//synth.tcl -l /openLANE_flow/designs/sb_3__1_/runs/final_pin_placement//logs/synthesis/yosys.log |& tee >&@stdout"

Tue Sep 01 12:35:59 UTC 2020 - Executing "sta /openLANE_flow/scripts//sta.tcl |& tee >&@stdout /openLANE_flow/designs/sb_3__1_/runs/final_pin_placement//logs/synthesis/opensta.log"

Tue Sep 01 12:36:02 UTC 2020 - Executing "openroad -exit /openLANE_flow/scripts//openroad/or_floorplan.tcl |& tee >&@stdout /openLANE_flow/designs/sb_3__1_/runs/final_pin_placement//logs/floorplan/verilog2def.openroad.log"

Tue Sep 01 12:36:03 UTC 2020 - Executing "openroad -exit /openLANE_flow/scripts//openroad/or_ioplacer.tcl |& tee >&@stdout /openLANE_flow/designs/sb_3__1_/runs/final_pin_placement//logs/floorplan/ioPlacer.log"

Tue Sep 01 12:36:03 UTC 2020 - Executing "openroad -exit /openLANE_flow/scripts//openroad/or_tapcell.tcl |& tee >&@stdout /openLANE_flow/designs/sb_3__1_/runs/final_pin_placement//logs/floorplan/tapcell.log"

Tue Sep 01 12:36:26 UTC 2020 - Executing "replace < /openLANE_flow/scripts//replace_gp.tcl |& tee >&@stdout /openLANE_flow/designs/sb_3__1_/runs/final_pin_placement//logs/placement/replace.log"

Tue Sep 01 12:36:27 UTC 2020 - Executing "cp /openLANE_flow/designs/sb_3__1_/runs/final_pin_placement//tmp/placement/replace_place.def /openLANE_flow/designs/sb_3__1_/runs/final_pin_placement//tmp/placement/replace.def"

Tue Sep 01 12:36:27 UTC 2020 - Executing "opendp -lef /openLANE_flow/designs/sb_3__1_/runs/final_pin_placement//tmp//merged.lef -def /openLANE_flow/designs/sb_3__1_/runs/final_pin_placement//tmp/placement/replace.def -output_def /openLANE_flow/designs/sb_3__1_/runs/final_pin_placement//results/placement/sb_3__1_.placement.def |& tee >&@stdout /openLANE_flow/designs/sb_3__1_/runs/final_pin_placement//logs/placement/opendp.log"

Tue Sep 01 12:36:55 UTC 2020 - Executing "openroad -exit /openLANE_flow/scripts//openroad/or_cts.tcl |& tee >&@stdout /openLANE_flow/designs/sb_3__1_/runs/final_pin_placement//logs/cts/cts.log"

Tue Sep 01 12:38:35 UTC 2020 - Executing "openroad -exit /openLANE_flow/scripts//new_pdn.tcl |& tee >&@stdout /openLANE_flow/designs/sb_3__1_/runs/final_pin_placement//logs/floorplan/pdn.log"

Tue Sep 01 12:38:39 UTC 2020 - Executing "openroad -exit /openLANE_flow/scripts//openroad/or_diodes.tcl |& tee >&@stdout /openLANE_flow/designs/sb_3__1_/runs/final_pin_placement//logs//placement/diodes.log"

Tue Sep 01 12:38:39 UTC 2020 - Executing "openroad -exit /openLANE_flow/scripts//openroad/or_fill.tcl |& tee >&@stdout /openLANE_flow/designs/sb_3__1_/runs/final_pin_placement//logs/routing/addspacers.log"

Tue Sep 01 12:38:40 UTC 2020 - Executing "openroad -exit /openLANE_flow/scripts//openroad/or_write_verilog.tcl |& tee >&@stdout /openLANE_flow/designs/sb_3__1_/runs/final_pin_placement//logs//write_verilog.log"

Tue Sep 01 12:38:40 UTC 2020 - Executing "openroad -exit /openLANE_flow/scripts//openroad/or_route.tcl |& tee >&@stdout /openLANE_flow/designs/sb_3__1_/runs/final_pin_placement//logs/routing/fastroute.log"

Tue Sep 01 12:38:46 UTC 2020 - Executing "envsubst < /openLANE_flow/scripts//tritonRoute.param > /openLANE_flow/designs/sb_3__1_/runs/final_pin_placement//tmp/routing/tritonRoute.param"

Tue Sep 01 12:38:46 UTC 2020 - Executing "TritonRoute /openLANE_flow/designs/sb_3__1_/runs/final_pin_placement//tmp/routing/tritonRoute.param |& tee >&@stdout /openLANE_flow/designs/sb_3__1_/runs/final_pin_placement//logs/routing/tritonRoute.log"

Tue Sep 01 12:39:23 UTC 2020 - Executing "magic -noconsole -dnull -rcfile /openLANE_flow/designs/sb_3__1_/runs/final_pin_placement//tmp//tmp.magicrc /openLANE_flow/designs/sb_3__1_/runs/final_pin_placement//tmp//magic_spice.tcl </dev/null |& tee >&@stdout /openLANE_flow/designs/sb_3__1_/runs/final_pin_placement//logs/magic/magic_spice.log"

Tue Sep 01 12:41:17 UTC 2020 - Executing "vlog2Verilog -v VPWR -g VGND -l /openLANE_flow/designs/sb_3__1_/runs/final_pin_placement//tmp//merged.lef /openLANE_flow/designs/sb_3__1_/runs/final_pin_placement//results/synthesis/sb_3__1_.synthesis_preroute.v |& tee /openLANE_flow/designs/sb_3__1_/runs/final_pin_placement//results/lvs/sb_3__1_.lvs.v"

Tue Sep 01 12:41:17 UTC 2020 - Executing "netgen -batch lvs {/openLANE_flow/designs/sb_3__1_/runs/final_pin_placement//results/magic/sb_3__1_.spice sb_3__1_} {/openLANE_flow/designs/sb_3__1_/runs/final_pin_placement//results/lvs/sb_3__1_.lvs.v sb_3__1_} /home/aa/Desktop/Afify/openlane-rc2/openlane/pdks/sky130A/libs.tech/netgen/sky130A_setup.tcl /openLANE_flow/designs/sb_3__1_/runs/final_pin_placement//results/lvs/sb_3__1_.lvs.log -json |& tee >&@stdout /openLANE_flow/designs/sb_3__1_/runs/final_pin_placement//logs/lvs/lvs.log"

Tue Sep 01 12:41:43 UTC 2020 - Executing "magic -noconsole -dnull -rcfile /openLANE_flow/designs/sb_3__1_/runs/final_pin_placement//tmp//magic_antenna.magicrc /openLANE_flow/designs/sb_3__1_/runs/final_pin_placement//tmp//magic_antenna.tcl </dev/null |& tee >&@stdout /openLANE_flow/designs/sb_3__1_/runs/final_pin_placement//logs/magic/magic_antenna.log"

Tue Sep 01 12:45:41 UTC 2020 - Executing "awk {/Cell:/ {print $2}} /openLANE_flow/designs/sb_3__1_/runs/final_pin_placement//logs/magic/magic_antenna.log > /openLANE_flow/designs/sb_3__1_/runs/final_pin_placement//reports/magic/magic.antenna_violators.rpt"

