Netgen 1.5.155 compiled on Fri Aug 28 17:58:56 UTC 2020
Warning: netgen command 'format' use fully-qualified name '::netgen::format'
Warning: netgen command 'global' use fully-qualified name '::netgen::global'
Generating JSON file result
Reading netlist file /openLANE_flow/designs/sb_0__0_/runs/10-09_11-12//results/magic/sb_0__0_.spice
Reading netlist file /openLANE_flow/designs/sb_0__0_/runs/10-09_11-12//results/lvs/sb_0__0_.lvs.powered.v
Warning:  A case-insensitive file has been read and so the	verilog file must be treated case-insensitive to match.
Creating placeholder cell definition for module sky130_fd_sc_hd__diode_2.
Creating placeholder cell definition for module sky130_fd_sc_hd__decap_8.
Creating placeholder cell definition for module sky130_fd_sc_hd__decap_4.
Creating placeholder cell definition for module sky130_fd_sc_hd__fill_1.
Creating placeholder cell definition for module sky130_fd_sc_hd__fill_2.
Creating placeholder cell definition for module sky130_fd_sc_hd__decap_6.
Creating placeholder cell definition for module sky130_fd_sc_hd__decap_3.
Creating placeholder cell definition for module sky130_fd_sc_hd__decap_12.
Creating placeholder cell definition for module sky130_fd_sc_hd__tapvpwrvgnd_1.
Creating placeholder cell definition for module sky130_fd_sc_hd__inv_8.
Creating placeholder cell definition for module sky130_fd_sc_hd__conb_1.
Creating placeholder cell definition for module sky130_fd_sc_hd__buf_2.
Creating placeholder cell definition for module sky130_fd_sc_hd__clkbuf_16.
Creating placeholder cell definition for module sky130_fd_sc_hd__clkbuf_1.
Creating placeholder cell definition for module sky130_fd_sc_hd__dfrbp_1.
Creating placeholder cell definition for module sky130_fd_sc_hd__inv_1.
Reading setup file /home/aa/Desktop/Afify/openlane/pdks/sky130A/libs.tech/netgen/sky130A_setup.tcl
Comparison output logged to file /openLANE_flow/designs/sb_0__0_/runs/10-09_11-12//results/lvs/sb_0__0_.lvs.log
Logging to file "/openLANE_flow/designs/sb_0__0_/runs/10-09_11-12//results/lvs/sb_0__0_.lvs.log" enabled
Contents of circuit 1:  Circuit: 'sky130_fd_sc_hd__buf_2'
Circuit sky130_fd_sc_hd__buf_2 contains 0 device instances.
Circuit contains 0 nets, and 4 disconnected pins.
Contents of circuit 2:  Circuit: 'sky130_fd_sc_hd__buf_2'
Circuit sky130_fd_sc_hd__buf_2 contains 0 device instances.
Circuit contains 0 nets.

Circuit sky130_fd_sc_hd__buf_2 contains no devices.
Contents of circuit 1:  Circuit: 'sky130_fd_sc_hd__diode_2'
Circuit sky130_fd_sc_hd__diode_2 contains 0 device instances.
Circuit contains 0 nets, and 3 disconnected pins.
Contents of circuit 2:  Circuit: 'sky130_fd_sc_hd__diode_2'
Circuit sky130_fd_sc_hd__diode_2 contains 0 device instances.
Circuit contains 0 nets.

Circuit sky130_fd_sc_hd__diode_2 contains no devices.
Contents of circuit 1:  Circuit: 'sky130_fd_sc_hd__dfrbp_1'
Circuit sky130_fd_sc_hd__dfrbp_1 contains 0 device instances.
Circuit contains 0 nets, and 7 disconnected pins.
Contents of circuit 2:  Circuit: 'sky130_fd_sc_hd__dfrbp_1'
Circuit sky130_fd_sc_hd__dfrbp_1 contains 0 device instances.
Circuit contains 0 nets.

Circuit sky130_fd_sc_hd__dfrbp_1 contains no devices.
Contents of circuit 1:  Circuit: 'sky130_fd_sc_hd__inv_1'
Circuit sky130_fd_sc_hd__inv_1 contains 0 device instances.
Circuit contains 0 nets, and 4 disconnected pins.
Contents of circuit 2:  Circuit: 'sky130_fd_sc_hd__inv_1'
Circuit sky130_fd_sc_hd__inv_1 contains 0 device instances.
Circuit contains 0 nets.

Circuit sky130_fd_sc_hd__inv_1 contains no devices.
Contents of circuit 1:  Circuit: 'sky130_fd_sc_hd__clkbuf_1'
Circuit sky130_fd_sc_hd__clkbuf_1 contains 0 device instances.
Circuit contains 0 nets, and 4 disconnected pins.
Contents of circuit 2:  Circuit: 'sky130_fd_sc_hd__clkbuf_1'
Circuit sky130_fd_sc_hd__clkbuf_1 contains 0 device instances.
Circuit contains 0 nets.

Circuit sky130_fd_sc_hd__clkbuf_1 contains no devices.
Contents of circuit 1:  Circuit: 'sky130_fd_sc_hd__conb_1'
Circuit sky130_fd_sc_hd__conb_1 contains 0 device instances.
Circuit contains 0 nets, and 4 disconnected pins.
Contents of circuit 2:  Circuit: 'sky130_fd_sc_hd__conb_1'
Circuit sky130_fd_sc_hd__conb_1 contains 0 device instances.
Circuit contains 0 nets.

Circuit sky130_fd_sc_hd__conb_1 contains no devices.
Contents of circuit 1:  Circuit: 'sky130_fd_sc_hd__clkbuf_16'
Circuit sky130_fd_sc_hd__clkbuf_16 contains 0 device instances.
Circuit contains 0 nets, and 4 disconnected pins.
Contents of circuit 2:  Circuit: 'sky130_fd_sc_hd__clkbuf_16'
Circuit sky130_fd_sc_hd__clkbuf_16 contains 0 device instances.
Circuit contains 0 nets.

Circuit sky130_fd_sc_hd__clkbuf_16 contains no devices.
Contents of circuit 1:  Circuit: 'sky130_fd_sc_hd__tapvpwrvgnd_1'
Circuit sky130_fd_sc_hd__tapvpwrvgnd_1 contains 0 device instances.
Circuit contains 0 nets, and 2 disconnected pins.
Contents of circuit 2:  Circuit: 'sky130_fd_sc_hd__tapvpwrvgnd_1'
Circuit sky130_fd_sc_hd__tapvpwrvgnd_1 contains 0 device instances.
Circuit contains 0 nets.

Circuit sky130_fd_sc_hd__tapvpwrvgnd_1 contains no devices.
Contents of circuit 1:  Circuit: 'sky130_fd_sc_hd__inv_8'
Circuit sky130_fd_sc_hd__inv_8 contains 0 device instances.
Circuit contains 0 nets, and 4 disconnected pins.
Contents of circuit 2:  Circuit: 'sky130_fd_sc_hd__inv_8'
Circuit sky130_fd_sc_hd__inv_8 contains 0 device instances.
Circuit contains 0 nets.

Circuit sky130_fd_sc_hd__inv_8 contains no devices.
Contents of circuit 1:  Circuit: 'sb_0__0_'
Circuit sb_0__0_ contains 302 device instances.
  Class: sky130_fd_sc_hd__clkbuf_16 instances:   1
  Class: sky130_fd_sc_hd__buf_2 instances:  18
  Class: sky130_fd_sc_hd__inv_1 instances:  18
  Class: sky130_fd_sc_hd__inv_8 instances:   1
  Class: sky130_fd_sc_hd__clkbuf_1 instances:   6
  Class: sky130_fd_sc_hd__conb_1 instances:  18
  Class: sky130_fd_sc_hd__diode_2 instances: 152
  Class: sky130_fd_sc_hd__dfrbp_1 instances:  36
  Class: sky130_fd_sc_hd__tapvpwrvgnd_1 instances:  52
Circuit contains 157 nets, and 36 disconnected pins.
Contents of circuit 2:  Circuit: 'sb_0__0_'
Circuit sb_0__0_ contains 302 device instances.
  Class: sky130_fd_sc_hd__clkbuf_16 instances:   1
  Class: sky130_fd_sc_hd__buf_2 instances:  18
  Class: sky130_fd_sc_hd__inv_1 instances:  18
  Class: sky130_fd_sc_hd__inv_8 instances:   1
  Class: sky130_fd_sc_hd__clkbuf_1 instances:   6
  Class: sky130_fd_sc_hd__conb_1 instances:  18
  Class: sky130_fd_sc_hd__diode_2 instances: 152
  Class: sky130_fd_sc_hd__dfrbp_1 instances:  36
  Class: sky130_fd_sc_hd__tapvpwrvgnd_1 instances:  52
Circuit contains 139 nets, and 36 disconnected pins.

Circuit 1 contains 302 devices, Circuit 2 contains 302 devices.
Circuit 1 contains 139 nets,    Circuit 2 contains 139 nets.

Circuits match with 17 symmetries.
Resolving automorphisms by property value.
Resolving automorphisms by pin name.
Netlists match with 9 symmetries.
Circuits match correctly.
Result: Circuits match uniquely.
Logging to file "/openLANE_flow/designs/sb_0__0_/runs/10-09_11-12//results/lvs/sb_0__0_.lvs.log" disabled
LVS Done.
