RePlAce Version: 1.0.0

** WARNING: Your Detail Placement Step must be skipped.
              (i.e. this program will be executed as -onlyGP)
     If you want to have DP after GP, please specify -dpflag and -dploc.

[INFO] TargetDensity = 0.900000
[INFO] ExperimentIndex = 0
[INFO] DirectoryPath = /openLANE_flow/designs/sb_1__3_/runs/01-09_12-51//tmp/placement/replace/etc/sb_1__3_.floorplan/experiment000
[PROC] Begin LefParsing ...
[LEF] Parsed 500 number of lines!!
WARNING (LEFPARS-2036): SOURCE statement is obsolete in version 5.6 and later.
The LEF parser will ignore this statement.
To avoid this warning in the future, remove this statement from the LEF file with version 5.6 or later. See file /openLANE_flow/designs/sb_1__3_/runs/01-09_12-51//tmp//merged.lef at line 776.

WARNING (LEFPARS-2036): SOURCE statement is obsolete in version 5.6 and later.
The LEF parser will ignore this statement.
To avoid this warning in the future, remove this statement from the LEF file with version 5.6 or later. See file /openLANE_flow/designs/sb_1__3_/runs/01-09_12-51//tmp//merged.lef at line 903.

[LEF] Parsed 1000 number of lines!!
WARNING (LEFPARS-2036): SOURCE statement is obsolete in version 5.6 and later.
The LEF parser will ignore this statement.
To avoid this warning in the future, remove this statement from the LEF file with version 5.6 or later. See file /openLANE_flow/designs/sb_1__3_/runs/01-09_12-51//tmp//merged.lef at line 1034.

WARNING (LEFPARS-2036): SOURCE statement is obsolete in version 5.6 and later.
The LEF parser will ignore this statement.
To avoid this warning in the future, remove this statement from the LEF file with version 5.6 or later. See file /openLANE_flow/designs/sb_1__3_/runs/01-09_12-51//tmp//merged.lef at line 1204.

WARNING (LEFPARS-2036): SOURCE statement is obsolete in version 5.6 and later.
The LEF parser will ignore this statement.
To avoid this warning in the future, remove this statement from the LEF file with version 5.6 or later. See file /openLANE_flow/designs/sb_1__3_/runs/01-09_12-51//tmp//merged.lef at line 1322.

WARNING (LEFPARS-2036): SOURCE statement is obsolete in version 5.6 and later.
The LEF parser will ignore this statement.
To avoid this warning in the future, remove this statement from the LEF file with version 5.6 or later. See file /openLANE_flow/designs/sb_1__3_/runs/01-09_12-51//tmp//merged.lef at line 1442.

[LEF] Parsed 1500 number of lines!!
WARNING (LEFPARS-2036): SOURCE statement is obsolete in version 5.6 and later.
The LEF parser will ignore this statement.
To avoid this warning in the future, remove this statement from the LEF file with version 5.6 or later. See file /openLANE_flow/designs/sb_1__3_/runs/01-09_12-51//tmp//merged.lef at line 1589.

WARNING (LEFPARS-2036): SOURCE statement is obsolete in version 5.6 and later.
The LEF parser will ignore this statement.
To avoid this warning in the future, remove this statement from the LEF file with version 5.6 or later. See file /openLANE_flow/designs/sb_1__3_/runs/01-09_12-51//tmp//merged.lef at line 1777.

WARNING (LEFPARS-2036): SOURCE statement is obsolete in version 5.6 and later.
The LEF parser will ignore this statement.
To avoid this warning in the future, remove this statement from the LEF file with version 5.6 or later. See file /openLANE_flow/designs/sb_1__3_/runs/01-09_12-51//tmp//merged.lef at line 1886.

WARNING (LEFPARS-2036): SOURCE statement is obsolete in version 5.6 and later.
The LEF parser will ignore this statement.
To avoid this warning in the future, remove this statement from the LEF file with version 5.6 or later. See file /openLANE_flow/designs/sb_1__3_/runs/01-09_12-51//tmp//merged.lef at line 1999.

[LEF] Parsed 2000 number of lines!!
WARNING (LEFPARS-2036): SOURCE statement is obsolete in version 5.6 and later.
The LEF parser will ignore this statement.
To avoid this warning in the future, remove this statement from the LEF file with version 5.6 or later. See file /openLANE_flow/designs/sb_1__3_/runs/01-09_12-51//tmp//merged.lef at line 2148.

WARNING (LEFPARS-2036): SOURCE statement is obsolete in version 5.6 and later.
The LEF parser will ignore this statement.
To avoid this warning in the future, remove this statement from the LEF file with version 5.6 or later. See file /openLANE_flow/designs/sb_1__3_/runs/01-09_12-51//tmp//merged.lef at line 2253.

WARNING (LEFPARS-2036): SOURCE statement is obsolete in version 5.6 and later.
The LEF parser will ignore this statement.
To avoid this warning in the future, remove this statement from the LEF file with version 5.6 or later. See file /openLANE_flow/designs/sb_1__3_/runs/01-09_12-51//tmp//merged.lef at line 2380.

[LEF] Parsed 2500 number of lines!!
WARNING (LEFPARS-2036): SOURCE statement is obsolete in version 5.6 and later.
The LEF parser will ignore this statement.
To avoid this warning in the future, remove this statement from the LEF file with version 5.6 or later. See file /openLANE_flow/designs/sb_1__3_/runs/01-09_12-51//tmp//merged.lef at line 2547.

WARNING (LEFPARS-2036): SOURCE statement is obsolete in version 5.6 and later.
The LEF parser will ignore this statement.
To avoid this warning in the future, remove this statement from the LEF file with version 5.6 or later. See file /openLANE_flow/designs/sb_1__3_/runs/01-09_12-51//tmp//merged.lef at line 2653.

WARNING (LEFPARS-2036): SOURCE statement is obsolete in version 5.6 and later.
The LEF parser will ignore this statement.
To avoid this warning in the future, remove this statement from the LEF file with version 5.6 or later. See file /openLANE_flow/designs/sb_1__3_/runs/01-09_12-51//tmp//merged.lef at line 2770.

WARNING (LEFPARS-2036): SOURCE statement is obsolete in version 5.6 and later.
The LEF parser will ignore this statement.
To avoid this warning in the future, remove this statement from the LEF file with version 5.6 or later. See file /openLANE_flow/designs/sb_1__3_/runs/01-09_12-51//tmp//merged.lef at line 2908.

[LEF] Parsed 3000 number of lines!!
WARNING (LEFPARS-2036): SOURCE statement is obsolete in version 5.6 and later.
The LEF parser will ignore this statement.
To avoid this warning in the future, remove this statement from the LEF file with version 5.6 or later. See file /openLANE_flow/designs/sb_1__3_/runs/01-09_12-51//tmp//merged.lef at line 3005.

WARNING (LEFPARS-2036): SOURCE statement is obsolete in version 5.6 and later.
The LEF parser will ignore this statement.
To avoid this warning in the future, remove this statement from the LEF file with version 5.6 or later. See file /openLANE_flow/designs/sb_1__3_/runs/01-09_12-51//tmp//merged.lef at line 3105.

WARNING (LEFPARS-2036): SOURCE statement is obsolete in version 5.6 and later.
The LEF parser will ignore this statement.
To avoid this warning in the future, remove this statement from the LEF file with version 5.6 or later. See file /openLANE_flow/designs/sb_1__3_/runs/01-09_12-51//tmp//merged.lef at line 3219.

WARNING (LEFPARS-2036): SOURCE statement is obsolete in version 5.6 and later.
The LEF parser will ignore this statement.
To avoid this warning in the future, remove this statement from the LEF file with version 5.6 or later. See file /openLANE_flow/designs/sb_1__3_/runs/01-09_12-51//tmp//merged.lef at line 3361.

WARNING (LEFPARS-2036): SOURCE statement is obsolete in version 5.6 and later.
The LEF parser will ignore this statement.
To avoid this warning in the future, remove this statement from the LEF file with version 5.6 or later. See file /openLANE_flow/designs/sb_1__3_/runs/01-09_12-51//tmp//merged.lef at line 3458.

[LEF] Parsed 3500 number of lines!!
WARNING (LEFPARS-2036): SOURCE statement is obsolete in version 5.6 and later.
The LEF parser will ignore this statement.
To avoid this warning in the future, remove this statement from the LEF file with version 5.6 or later. See file /openLANE_flow/designs/sb_1__3_/runs/01-09_12-51//tmp//merged.lef at line 3561.

WARNING (LEFPARS-2036): SOURCE statement is obsolete in version 5.6 and later.
The LEF parser will ignore this statement.
To avoid this warning in the future, remove this statement from the LEF file with version 5.6 or later. See file /openLANE_flow/designs/sb_1__3_/runs/01-09_12-51//tmp//merged.lef at line 3691.

WARNING (LEFPARS-2036): SOURCE statement is obsolete in version 5.6 and later.
The LEF parser will ignore this statement.
To avoid this warning in the future, remove this statement from the LEF file with version 5.6 or later. See file /openLANE_flow/designs/sb_1__3_/runs/01-09_12-51//tmp//merged.lef at line 3783.

WARNING (LEFPARS-2036): SOURCE statement is obsolete in version 5.6 and later.
The LEF parser will ignore this statement.
To avoid this warning in the future, remove this statement from the LEF file with version 5.6 or later. See file /openLANE_flow/designs/sb_1__3_/runs/01-09_12-51//tmp//merged.lef at line 3887.

[LEF] Parsed 4000 number of lines!!
WARNING (LEFPARS-2036): SOURCE statement is obsolete in version 5.6 and later.
The LEF parser will ignore this statement.
To avoid this warning in the future, remove this statement from the LEF file with version 5.6 or later. See file /openLANE_flow/designs/sb_1__3_/runs/01-09_12-51//tmp//merged.lef at line 4018.

WARNING (LEFPARS-2036): SOURCE statement is obsolete in version 5.6 and later.
The LEF parser will ignore this statement.
To avoid this warning in the future, remove this statement from the LEF file with version 5.6 or later. See file /openLANE_flow/designs/sb_1__3_/runs/01-09_12-51//tmp//merged.lef at line 4148.

WARNING (LEFPARS-2036): SOURCE statement is obsolete in version 5.6 and later.
The LEF parser will ignore this statement.
To avoid this warning in the future, remove this statement from the LEF file with version 5.6 or later. See file /openLANE_flow/designs/sb_1__3_/runs/01-09_12-51//tmp//merged.lef at line 4282.

WARNING (LEFPARS-2036): SOURCE statement is obsolete in version 5.6 and later.
The LEF parser will ignore this statement.
To avoid this warning in the future, remove this statement from the LEF file with version 5.6 or later. See file /openLANE_flow/designs/sb_1__3_/runs/01-09_12-51//tmp//merged.lef at line 4467.

[LEF] Parsed 4500 number of lines!!
[LEF] Parsed 5000 number of lines!!
[LEF] Parsed 5500 number of lines!!
[LEF] Parsed 6000 number of lines!!
[LEF] Parsed 6500 number of lines!!
[LEF] Parsed 7000 number of lines!!
[LEF] Parsed 7500 number of lines!!
[LEF] Parsed 8000 number of lines!!
[LEF] Parsed 8500 number of lines!!
[LEF] Parsed 9000 number of lines!!
[LEF] Parsed 9500 number of lines!!
[LEF] Parsed 10000 number of lines!!
[LEF] Parsed 10500 number of lines!!
[LEF] Parsed 11000 number of lines!!
[LEF] Parsed 11500 number of lines!!
[LEF] Parsed 12000 number of lines!!
[LEF] Parsed 12500 number of lines!!
[LEF] Parsed 13000 number of lines!!
[LEF] Parsed 13500 number of lines!!
[LEF] Parsed 14000 number of lines!!
[LEF] Parsed 14500 number of lines!!
[LEF] Parsed 15000 number of lines!!
[LEF] Parsed 15500 number of lines!!
[LEF] Parsed 16000 number of lines!!
[LEF] Parsed 16500 number of lines!!
[LEF] Parsed 17000 number of lines!!
[LEF] Parsed 17500 number of lines!!
[LEF] Parsed 18000 number of lines!!
[LEF] Parsed 18500 number of lines!!
[LEF] Parsed 19000 number of lines!!
[LEF] Parsed 19500 number of lines!!
[LEF] Parsed 20000 number of lines!!
[LEF] Parsed 20500 number of lines!!
[LEF] Parsed 21000 number of lines!!
[LEF] Parsed 21500 number of lines!!
[LEF] Parsed 22000 number of lines!!
[LEF] Parsed 22500 number of lines!!
[LEF] Parsed 23000 number of lines!!
[LEF] Parsed 23500 number of lines!!
[LEF] Parsed 24000 number of lines!!
[LEF] Parsed 24500 number of lines!!
[LEF] Parsed 25000 number of lines!!
[LEF] Parsed 25500 number of lines!!
[LEF] Parsed 26000 number of lines!!
[LEF] Parsed 26500 number of lines!!
[LEF] Parsed 27000 number of lines!!
[LEF] Parsed 27500 number of lines!!
[LEF] Parsed 28000 number of lines!!
[LEF] Parsed 28500 number of lines!!
[LEF] Parsed 29000 number of lines!!
[LEF] Parsed 29500 number of lines!!
[LEF] Parsed 30000 number of lines!!
[LEF] Parsed 30500 number of lines!!
[LEF] Parsed 31000 number of lines!!
[LEF] Parsed 31500 number of lines!!
[LEF] Parsed 32000 number of lines!!
[LEF] Parsed 32500 number of lines!!
[LEF] Parsed 33000 number of lines!!
[LEF] Parsed 33500 number of lines!!
[LEF] Parsed 34000 number of lines!!
[LEF] Parsed 34500 number of lines!!
[LEF] Parsed 35000 number of lines!!
[LEF] Parsed 35500 number of lines!!
[LEF] Parsed 36000 number of lines!!
[LEF] Parsed 36500 number of lines!!
[LEF] Parsed 37000 number of lines!!
[LEF] Parsed 37500 number of lines!!
[LEF] Parsed 38000 number of lines!!
[LEF] Parsed 38500 number of lines!!
[LEF] Parsed 39000 number of lines!!
[LEF] Parsed 39500 number of lines!!
[LEF] Parsed 40000 number of lines!!
[LEF] Parsed 40500 number of lines!!
[LEF] Parsed 41000 number of lines!!
[LEF] Parsed 41500 number of lines!!
[LEF] Parsed 42000 number of lines!!
[LEF] Parsed 42500 number of lines!!
[LEF] Parsed 43000 number of lines!!
[LEF] Parsed 43500 number of lines!!
[LEF] Parsed 44000 number of lines!!
[LEF] Parsed 44500 number of lines!!
[LEF] Parsed 45000 number of lines!!
[LEF] Parsed 45500 number of lines!!
[LEF] Parsed 46000 number of lines!!
[LEF] Parsed 46500 number of lines!!
[LEF] Parsed 47000 number of lines!!
[LEF] Parsed 47500 number of lines!!
[LEF] Parsed 48000 number of lines!!
[LEF] Parsed 48500 number of lines!!
[LEF] Parsed 49000 number of lines!!
[LEF] Parsed 49500 number of lines!!
[LEF] Parsed 50000 number of lines!!
[LEF] Parsed 50500 number of lines!!
[LEF] Parsed 51000 number of lines!!
[LEF] Parsed 51500 number of lines!!
[LEF] Parsed 52000 number of lines!!
[LEF] Parsed 52500 number of lines!!
[LEF] Parsed 53000 number of lines!!
[LEF] Parsed 53500 number of lines!!
[LEF] Parsed 54000 number of lines!!
[LEF] Parsed 54500 number of lines!!
[LEF] Parsed 55000 number of lines!!
[LEF] Parsed 55500 number of lines!!
[LEF] Parsed 56000 number of lines!!
[LEF] Parsed 56500 number of lines!!
[LEF] Parsed 57000 number of lines!!
[LEF] Parsed 57500 number of lines!!
[LEF] Parsed 58000 number of lines!!
[LEF] Parsed 58500 number of lines!!
[LEF] Parsed 59000 number of lines!!
[LEF] Parsed 59500 number of lines!!
[LEF] Parsed 60000 number of lines!!
[LEF] Parsed 60500 number of lines!!
[LEF] Parsed 61000 number of lines!!
[LEF] Parsed 61500 number of lines!!
[LEF] Parsed 62000 number of lines!!
[PROC] End LefParsing
[PROC] Begin DefParsing ...
WARNING (DEFPARS-7011): The NAMESCASESENSITIVE statement is obsolete in version 5.6 and later.
The DEF parser will ignore this statement. See file /openLANE_flow/designs/sb_1__3_/runs/01-09_12-51//results/floorplan/sb_1__3_.floorplan.def at line 2.

[PROC] End DefParsing
[INFO] DefUnit = 1000
[INFO] LefMetal1Name = li1
[INFO] DefSiteName = unithd
[INFO] ScaleDownUnit = 302.222229
[INFO] OffsetCoordi = (2640.000000, 0.000000)
[INFO] RowSize = (1.522059, 9.000000)
[INFO] NumRows = 193
[INFO] MacroCount = 0
[INFO] NumModules = 81
[INFO] NumTerminals = 4069
[INFO] Inserted Dummy Terms = 0
[PROC] Begin Generate Un-fragmented Rows ...
[INFO] CoreAreaLxLy = (27.000000, 36.000000)
[INFO] CoreAreaUxUy = (1763.669067, 1773.000000)
[INFO] RowSize = (1.522059, 9.000000)
[INFO] NumRows = 193
[PROC] End Generate Un-fragmented Rows
[PROC] Begin DEF Net Parsing ...
[INFO] NumNets = 185
[INFO] NumPins = 387
[PROC] End DEF Net Parsing
[PROC] LEF/DEF Parsing Success!
[INFO] AspectRatio = 1.000190
[INFO] RowMinXY = (27.000000, 36.000000)
[INFO] RowMaxXY = (1763.669189, 1773.000000)
[INFO] NumPlaceStdCells = 81
[INFO] NumPlaceMacros = 0
[INFO] RowSize = (1.522059, 9.000000)
[INFO] NumRows = 193
[INFO] GlobalAreaLxLy = (9.496324, 6.617647)
[INFO] GlobalAreaUxUy = (1781.172729, 1802.696655)
[INFO] PlaceAreaLxLy = (27.000000, 36.000000)
[INFO] PlaceAreaUxUy = (1763.669189, 1773.000000)
[INFO] TotalPlaceArea = 3016594.500000
[INFO] TotalFixedArea = 65247.558594
[INFO] TotalWhiteSpaceArea = 2951347.000000
[INFO] TotalPlaceMacrosArea = 0.000000
[INFO] TotalPlaceStdCellsArea = 27164.177734
[INFO] Util(%) = 0.900492
[INFO] 80pCellArea = 339.419067
[INFO] FillerInit: TotalFillerArea = 2629048.000000
[INFO] FillerInit: NumFillerCells = 7746
[INFO] FillerInit: FillerCellArea = 339.419189
[INFO] FillerInit: FillerCellSize = (37.713242, 9.000000)
[INFO] FillerInit: NumCells = 7827
[INFO] FillerInit: NumModules = 81
[INFO] FillerInit: NumFillers = 7746
INFO:  D_MSH = 1024 
INFO:  MSH(X, Y) = (32, 32)
[INFO] TierInit: TierUtil = 0.009005
[INFO] TierInit: NumModules = 81
[INFO] TierInit: PlaceArea = 3016594.500000
[INFO] TierInit: CoreSpacingArea = 0.000000
[INFO] TierInit: TerminalArea = 65247.558594
[INFO] TierInit: ModuleArea = 27164.177734
[INFO] TierInit: FillerArea = 2629048.000000
[INFO] TierInit: NumFillers = 7746
[INFO] TierInit: FillerMinIdx = 81
[INFO] TierInit: FillerMaxIdx = 7827
INFO:  dim_bin_cGP2D.(x,y) = (64, 64)
cell Init 2D:
tier->bin_stp: (27.1355 27.1406)
tier->half_bin_stp: (13.5677 13.5703)
PROC:  Start NESTEROV's Optimization
PROC:    Global Lagrangian Multiplier is Applied

ITER: 0
    HPWL=70381.859375
    OVFL=0.911711
    HPWL=(34152.679688, 36229.183594)
    POTN=2.217169E+06
    PHIC=1.313259E-09
    GRAD=2.563228E-02
    NuBT=0
    CPU =0.000000

ITER: 1
    HPWL=70381.328125
    OVFL=0.911711
    HPWL=(34152.417969, 36228.906250)
    POTN=2.217148E+06
    PHIC=1.378922E-09
    GRAD=3.595784E-02
    NuBT=1
    CPU =0.002497

ITER: 2
    HPWL=70378.929688
    OVFL=0.911711
    HPWL=(34151.246094, 36227.683594)
    POTN=2.217034E+06
    PHIC=1.447868E-09
    GRAD=3.595675E-02
    NuBT=1
    CPU =0.001201

ITER: 3
    HPWL=35411.179688
    OVFL=0.730168
    HPWL=(18028.732422, 17382.447266)
    POTN=1.662681E+06
    PHIC=1.520261E-09
    GRAD=1.080793E-02
    NuBT=2
    CPU =0.002275

ITER: 4
    HPWL=31207.667969
    OVFL=0.706490
    HPWL=(16179.997070, 15027.670898)
    POTN=1.637245E+06
    PHIC=1.596274E-09
    GRAD=7.628134E-03
    NuBT=2
    CPU =0.002278

ITER: 5
    HPWL=30773.128906
    OVFL=0.676332
    HPWL=(15949.148438, 14823.980469)
    POTN=1.587471E+06
    PHIC=1.676088E-09
    GRAD=5.296551E-03
    NuBT=3
    CPU =0.003362

ITER: 6
    HPWL=30245.160156
    OVFL=0.613472
    HPWL=(15648.683594, 14596.477539)
    POTN=1.503875E+06
    PHIC=1.759892E-09
    GRAD=4.100466E-03
    NuBT=2
    CPU =0.002297

ITER: 7
    HPWL=30171.089844
    OVFL=0.572613
    HPWL=(15594.484375, 14576.605469)
    POTN=1.414062E+06
    PHIC=1.847887E-09
    GRAD=5.485221E-03
    NuBT=1
    CPU =0.001200

ITER: 8
    HPWL=30026.261719
    OVFL=0.618158
    HPWL=(15538.308594, 14487.952148)
    POTN=1.361139E+06
    PHIC=1.940281E-09
    GRAD=6.591321E-03
    NuBT=2
    CPU =0.002253

ITER: 9
    HPWL=29972.261719
    OVFL=0.499674
    HPWL=(15564.128906, 14408.132812)
    POTN=1.296988E+06
    PHIC=2.037295E-09
    GRAD=5.628406E-03
    NuBT=1
    CPU =0.001192

ITER: 10
    HPWL=29599.662109
    OVFL=0.543542
    HPWL=(15372.079102, 14227.583008)
    POTN=1.263471E+06
    PHIC=2.139160E-09
    GRAD=9.023543E-03
    NuBT=2
    CPU =0.002261

ITER: 11
    HPWL=29459.476562
    OVFL=0.537385
    HPWL=(15354.455078, 14105.021484)
    POTN=1.242506E+06
    PHIC=2.246117E-09
    GRAD=7.247515E-03
    NuBT=1
    CPU =0.001254

ITER: 12
    HPWL=29462.992188
    OVFL=0.493819
    HPWL=(15378.147461, 14084.843750)
    POTN=1.204280E+06
    PHIC=2.358422E-09
    GRAD=7.605812E-03
    NuBT=1
    CPU =0.001223

ITER: 13
    HPWL=29398.621094
    OVFL=0.495070
    HPWL=(15394.843750, 14003.776367)
    POTN=1.194642E+06
    PHIC=2.476343E-09
    GRAD=9.478560E-03
    NuBT=2
    CPU =0.002267

ITER: 14
    HPWL=29368.923828
    OVFL=0.459600
    HPWL=(15439.874023, 13929.049805)
    POTN=1.173018E+06
    PHIC=2.600160E-09
    GRAD=9.767974E-03
    NuBT=2
    CPU =0.002263

ITER: 15
    HPWL=29272.984375
    OVFL=0.475300
    HPWL=(15431.186523, 13841.796875)
    POTN=1.166095E+06
    PHIC=2.730168E-09
    GRAD=1.145913E-02
    NuBT=2
    CPU =0.002270

ITER: 16
    HPWL=29291.664062
    OVFL=0.426945
    HPWL=(15487.666016, 13803.999023)
    POTN=1.151722E+06
    PHIC=2.866668E-09
    GRAD=1.123784E-02
    NuBT=2
    CPU =0.002323

ITER: 17
    HPWL=29171.746094
    OVFL=0.472243
    HPWL=(15459.035156, 13712.711914)
    POTN=1.154116E+06
    PHIC=3.010002E-09
    GRAD=1.363874E-02
    NuBT=2
    CPU =0.002277

ITER: 18
    HPWL=29269.640625
    OVFL=0.401168
    HPWL=(15555.052734, 13714.586914)
    POTN=1.149514E+06
    PHIC=3.160458E-09
    GRAD=1.219193E-02
    NuBT=1
    CPU =0.001203

ITER: 19
    HPWL=29008.970703
    OVFL=0.432245
    HPWL=(15445.698242, 13563.272461)
    POTN=1.154490E+06
    PHIC=3.318481E-09
    GRAD=1.502568E-02
    NuBT=2
    CPU =0.002271

ITER: 20
    HPWL=29019.636719
    OVFL=0.400749
    HPWL=(15491.925781, 13527.710938)
    POTN=1.156907E+06
    PHIC=3.484399E-09
    GRAD=1.378474E-02
    NuBT=1
    CPU =0.001198

ITER: 21
    HPWL=28946.175781
    OVFL=0.397020
    HPWL=(15484.922852, 13461.253906)
    POTN=1.159844E+06
    PHIC=3.658619E-09
    GRAD=1.558352E-02
    NuBT=2
    CPU =0.002301

ITER: 22
    HPWL=28909.650391
    OVFL=0.408172
    HPWL=(15500.351562, 13409.298828)
    POTN=1.175393E+06
    PHIC=3.841550E-09
    GRAD=1.598419E-02
    NuBT=2
    CPU =0.002307

ITER: 23
    HPWL=28914.515625
    OVFL=0.381523
    HPWL=(15537.393555, 13377.123047)
    POTN=1.186739E+06
    PHIC=4.033625E-09
    GRAD=1.566883E-02
    NuBT=2
    CPU =0.002263

ITER: 24
    HPWL=28795.921875
    OVFL=0.376452
    HPWL=(15505.892578, 13290.030273)
    POTN=1.210174E+06
    PHIC=4.235306E-09
    GRAD=1.703454E-02
    NuBT=2
    CPU =0.002264

ITER: 25
    HPWL=28729.121094
    OVFL=0.410918
    HPWL=(15502.292969, 13226.827148)
    POTN=1.226997E+06
    PHIC=4.447071E-09
    GRAD=1.744390E-02
    NuBT=2
    CPU =0.002269

ITER: 26
    HPWL=28699.255859
    OVFL=0.377861
    HPWL=(15518.768555, 13180.487305)
    POTN=1.242433E+06
    PHIC=4.669424E-09
    GRAD=1.524607E-02
    NuBT=2
    CPU =0.002340

ITER: 27
    HPWL=28587.792969
    OVFL=0.441918
    HPWL=(15489.778320, 13098.014648)
    POTN=1.259686E+06
    PHIC=4.902895E-09
    GRAD=1.685361E-02
    NuBT=1
    CPU =0.001197

ITER: 28
    HPWL=28550.048828
    OVFL=0.415000
    HPWL=(15498.885742, 13051.163086)
    POTN=1.270876E+06
    PHIC=5.148040E-09
    GRAD=1.267456E-02
    NuBT=1
    CPU =0.001200

ITER: 29
    HPWL=28424.292969
    OVFL=0.432480
    HPWL=(15458.042969, 12966.250000)
    POTN=1.277135E+06
    PHIC=5.405441E-09
    GRAD=1.361265E-02
    NuBT=1
    CPU =0.001197

ITER: 30
    HPWL=28451.761719
    OVFL=0.478578
    HPWL=(15500.934570, 12950.827148)
    POTN=1.290271E+06
    PHIC=5.675691E-09
    GRAD=1.276968E-02
    NuBT=1
    CPU =0.001198

ITER: 31
    HPWL=28505.398438
    OVFL=0.453126
    HPWL=(15557.211914, 12948.186523)
    POTN=1.293117E+06
    PHIC=5.959430E-09
    GRAD=1.059768E-02
    NuBT=2
    CPU =0.002274

ITER: 32
    HPWL=28469.558594
    OVFL=0.512321
    HPWL=(15553.231445, 12916.328125)
    POTN=1.306614E+06
    PHIC=6.257402E-09
    GRAD=1.174059E-02
    NuBT=1
    CPU =0.001221

ITER: 33
    HPWL=28545.843750
    OVFL=0.478655
    HPWL=(15604.662109, 12941.180664)
    POTN=1.311111E+06
    PHIC=6.570201E-09
    GRAD=9.224181E-03
    NuBT=1
    CPU =0.001243

ITER: 34
    HPWL=28499.304688
    OVFL=0.514307
    HPWL=(15568.869141, 12930.434570)
    POTN=1.313266E+06
    PHIC=6.898710E-09
    GRAD=1.028914E-02
    NuBT=1
    CPU =0.001201

ITER: 35
    HPWL=28590.212891
    OVFL=0.498218
    HPWL=(15606.602539, 12983.610352)
    POTN=1.316112E+06
    PHIC=7.243553E-09
    GRAD=8.943204E-03
    NuBT=1
    CPU =0.001209

ITER: 36
    HPWL=28663.087891
    OVFL=0.494653
    HPWL=(15631.077148, 13032.010742)
    POTN=1.312977E+06
    PHIC=7.605651E-09
    GRAD=9.724290E-03
    NuBT=1
    CPU =0.001196

ITER: 37
    HPWL=28692.964844
    OVFL=0.503302
    HPWL=(15636.277344, 13056.686523)
    POTN=1.310877E+06
    PHIC=7.985900E-09
    GRAD=9.893723E-03
    NuBT=2
    CPU =0.002270

ITER: 38
    HPWL=28773.570312
    OVFL=0.476522
    HPWL=(15673.171875, 13100.398438)
    POTN=1.317168E+06
    PHIC=8.385100E-09
    GRAD=9.801755E-03
    NuBT=1
    CPU =0.001199

ITER: 39
    HPWL=28757.144531
    OVFL=0.491685
    HPWL=(15656.600586, 13100.542969)
    POTN=1.318179E+06
    PHIC=8.804355E-09
    GRAD=1.092708E-02
    NuBT=2
    CPU =0.002321

ITER: 40
    HPWL=28835.458984
    OVFL=0.457561
    HPWL=(15700.753906, 13134.705078)
    POTN=1.329881E+06
    PHIC=9.244470E-09
    GRAD=1.067309E-02
    NuBT=1
    CPU =0.001216

ITER: 41
    HPWL=28716.398438
    OVFL=0.468654
    HPWL=(15634.354492, 13082.043945)
    POTN=1.341458E+06
    PHIC=9.706693E-09
    GRAD=1.176251E-02
    NuBT=2
    CPU =0.002250

ITER: 42
    HPWL=28731.609375
    OVFL=0.465035
    HPWL=(15647.941406, 13083.667969)
    POTN=1.354595E+06
    PHIC=1.019201E-08
    GRAD=1.139310E-02
    NuBT=1
    CPU =0.001194

ITER: 43
    HPWL=28770.871094
    OVFL=0.428823
    HPWL=(15674.458008, 13096.413086)
    POTN=1.367806E+06
    PHIC=1.070155E-08
    GRAD=1.177798E-02
    NuBT=2
    CPU =0.002259

ITER: 44
    HPWL=28684.492188
    OVFL=0.444738
    HPWL=(15631.110352, 13053.381836)
    POTN=1.383427E+06
    PHIC=1.123662E-08
    GRAD=1.341627E-02
    NuBT=2
    CPU =0.002247

ITER: 45
    HPWL=28748.654297
    OVFL=0.461240
    HPWL=(15672.013672, 13076.640625)
    POTN=1.394086E+06
    PHIC=1.179835E-08
    GRAD=1.329051E-02
    NuBT=1
    CPU =0.001265

ITER: 46
    HPWL=28755.531250
    OVFL=0.402986
    HPWL=(15684.262695, 13071.267578)
    POTN=1.402969E+06
    PHIC=1.238825E-08
    GRAD=1.244744E-02
    NuBT=2
    CPU =0.002265

ITER: 47
    HPWL=28565.765625
    OVFL=0.416649
    HPWL=(15585.070312, 12980.696289)
    POTN=1.409604E+06
    PHIC=1.300766E-08
    GRAD=1.474862E-02
    NuBT=2
    CPU =0.002271

ITER: 48
    HPWL=28532.414062
    OVFL=0.439701
    HPWL=(15568.821289, 12963.592773)
    POTN=1.422135E+06
    PHIC=1.365804E-08
    GRAD=1.407669E-02
    NuBT=1
    CPU =0.001197

ITER: 49
    HPWL=28587.691406
    OVFL=0.400963
    HPWL=(15608.624023, 12979.066406)
    POTN=1.429483E+06
    PHIC=1.434083E-08
    GRAD=1.299303E-02
    NuBT=2
    CPU =0.002266

ITER: 50
    HPWL=28525.767578
    OVFL=0.401840
    HPWL=(15577.772461, 12947.995117)
    POTN=1.433146E+06
    PHIC=1.505787E-08
    GRAD=1.489119E-02
    NuBT=2
    CPU =0.002328

ITER: 51
    HPWL=28546.974609
    OVFL=0.392693
    HPWL=(15587.319336, 12959.655273)
    POTN=1.434039E+06
    PHIC=1.581072E-08
    GRAD=1.519481E-02
    NuBT=1
    CPU =0.001202

ITER: 52
    HPWL=28509.148438
    OVFL=0.367938
    HPWL=(15567.873047, 12941.276367)
    POTN=1.433539E+06
    PHIC=1.660126E-08
    GRAD=1.564733E-02
    NuBT=2
    CPU =0.002249

ITER: 53
    HPWL=28454.648438
    OVFL=0.386660
    HPWL=(15536.812500, 12917.836914)
    POTN=1.432601E+06
    PHIC=1.743132E-08
    GRAD=1.735725E-02
    NuBT=2
    CPU =0.002250

ITER: 54
    HPWL=28468.037109
    OVFL=0.359345
    HPWL=(15541.381836, 12926.655273)
    POTN=1.432566E+06
    PHIC=1.830285E-08
    GRAD=1.637728E-02
    NuBT=1
    CPU =0.001191

ITER: 55
    HPWL=28387.957031
    OVFL=0.398206
    HPWL=(15498.964844, 12888.992188)
    POTN=1.431682E+06
    PHIC=1.921799E-08
    GRAD=1.796710E-02
    NuBT=2
    CPU =0.002312

ITER: 56
    HPWL=28366.460938
    OVFL=0.364534
    HPWL=(15486.909180, 12879.551758)
    POTN=1.430602E+06
    PHIC=2.017889E-08
    GRAD=1.519536E-02
    NuBT=1
    CPU =0.001221

ITER: 57
    HPWL=28380.031250
    OVFL=0.368200
    HPWL=(15499.837891, 12880.193359)
    POTN=1.428663E+06
    PHIC=2.118779E-08
    GRAD=1.746160E-02
    NuBT=1
    CPU =0.001200

ITER: 58
    HPWL=28374.845703
    OVFL=0.358691
    HPWL=(15497.893555, 12876.952148)
    POTN=1.427752E+06
    PHIC=2.224718E-08
    GRAD=1.721418E-02
    NuBT=2
    CPU =0.002268

ITER: 59
    HPWL=28368.308594
    OVFL=0.365662
    HPWL=(15495.779297, 12872.530273)
    POTN=1.427602E+06
    PHIC=2.335954E-08
    GRAD=1.795916E-02
    NuBT=2
    CPU =0.002280

ITER: 60
    HPWL=28379.328125
    OVFL=0.361242
    HPWL=(15500.642578, 12878.685547)
    POTN=1.426522E+06
    PHIC=2.452748E-08
    GRAD=1.755551E-02
    NuBT=1
    CPU =0.001201

ITER: 61
    HPWL=28391.648438
    OVFL=0.354648
    HPWL=(15507.722656, 12883.925781)
    POTN=1.425738E+06
    PHIC=2.575381E-08
    GRAD=1.797622E-02
    NuBT=1
    CPU =0.001225

ITER: 62
    HPWL=28379.410156
    OVFL=0.383894
    HPWL=(15499.636719, 12879.772461)
    POTN=1.427153E+06
    PHIC=2.704150E-08
    GRAD=1.844804E-02
    NuBT=1
    CPU =0.001242

ITER: 63
    HPWL=28366.996094
    OVFL=0.371163
    HPWL=(15491.042969, 12875.953125)
    POTN=1.425055E+06
    PHIC=2.839357E-08
    GRAD=1.615303E-02
    NuBT=1
    CPU =0.001204

ITER: 64
    HPWL=28336.644531
    OVFL=0.360645
    HPWL=(15473.520508, 12863.124023)
    POTN=1.423720E+06
    PHIC=2.981325E-08
    GRAD=1.675085E-02
    NuBT=1
    CPU =0.001206

ITER: 65
    HPWL=28345.955078
    OVFL=0.382396
    HPWL=(15476.261719, 12869.693359)
    POTN=1.423953E+06
    PHIC=3.130387E-08
    GRAD=1.753826E-02
    NuBT=1
    CPU =0.001199

ITER: 66
    HPWL=28344.123047
    OVFL=0.385466
    HPWL=(15472.226562, 12871.896484)
    POTN=1.423227E+06
    PHIC=3.286906E-08
    GRAD=1.584631E-02
    NuBT=2
    CPU =0.002271

ITER: 67
    HPWL=28352.937500
    OVFL=0.394193
    HPWL=(15474.895508, 12878.041016)
    POTN=1.422526E+06
    PHIC=3.451246E-08
    GRAD=1.553837E-02
    NuBT=1
    CPU =0.001196

ITER: 68
    HPWL=28405.781250
    OVFL=0.396127
    HPWL=(15501.083984, 12904.696289)
    POTN=1.421722E+06
    PHIC=3.623781E-08
    GRAD=1.497780E-02
    NuBT=1
    CPU =0.001197

ITER: 69
    HPWL=28441.484375
    OVFL=0.395700
    HPWL=(15518.193359, 12923.291016)
    POTN=1.420369E+06
    PHIC=3.804951E-08
    GRAD=1.483943E-02
    NuBT=2
    CPU =0.002342

ITER: 70
    HPWL=28455.691406
    OVFL=0.395075
    HPWL=(15521.598633, 12934.093750)
    POTN=1.419156E+06
    PHIC=3.995191E-08
    GRAD=1.483685E-02
    NuBT=2
    CPU =0.002268

ITER: 71
    HPWL=28468.589844
    OVFL=0.392938
    HPWL=(15523.388672, 12945.201172)
    POTN=1.417361E+06
    PHIC=4.194942E-08
    GRAD=1.488112E-02
    NuBT=1
    CPU =0.001198

ITER: 72
    HPWL=28469.890625
    OVFL=0.394314
    HPWL=(15519.118164, 12950.771484)
    POTN=1.416490E+06
    PHIC=4.404688E-08
    GRAD=1.501624E-02
    NuBT=1
    CPU =0.001201

ITER: 73
    HPWL=28459.863281
    OVFL=0.399041
    HPWL=(15508.399414, 12951.462891)
    POTN=1.414789E+06
    PHIC=4.624922E-08
    GRAD=1.488726E-02
    NuBT=1
    CPU =0.001205

ITER: 74
    HPWL=28455.882812
    OVFL=0.399569
    HPWL=(15501.123047, 12954.760742)
    POTN=1.413115E+06
    PHIC=4.856168E-08
    GRAD=1.454544E-02
    NuBT=1
    CPU =0.001201

ITER: 75
    HPWL=28459.431641
    OVFL=0.396531
    HPWL=(15498.719727, 12960.711914)
    POTN=1.410815E+06
    PHIC=5.098974E-08
    GRAD=1.450458E-02
    NuBT=1
    CPU =0.001229

ITER: 76
    HPWL=28460.427734
    OVFL=0.393736
    HPWL=(15495.001953, 12965.425781)
    POTN=1.408730E+06
    PHIC=5.353922E-08
    GRAD=1.470821E-02
    NuBT=1
    CPU =0.001242

ITER: 77
    HPWL=28454.195312
    OVFL=0.387646
    HPWL=(15487.908203, 12966.288086)
    POTN=1.405892E+06
    PHIC=5.621618E-08
    GRAD=1.489797E-02
    NuBT=1
    CPU =0.001198

ITER: 78
    HPWL=28444.912109
    OVFL=0.375322
    HPWL=(15480.453125, 12964.458984)
    POTN=1.403539E+06
    PHIC=5.902698E-08
    GRAD=1.533199E-02
    NuBT=1
    CPU =0.001190

ITER: 79
    HPWL=28428.544922
    OVFL=0.361311
    HPWL=(15469.209961, 12959.334961)
    POTN=1.400465E+06
    PHIC=6.197833E-08
    GRAD=1.625703E-02
    NuBT=1
    CPU =0.001192

ITER: 80
    HPWL=28396.976562
    OVFL=0.351319
    HPWL=(15449.899414, 12947.078125)
    POTN=1.397768E+06
    PHIC=6.507724E-08
    GRAD=1.735953E-02
    NuBT=1
    CPU =0.001194

ITER: 81
    HPWL=28372.835938
    OVFL=0.341420
    HPWL=(15435.729492, 12937.105469)
    POTN=1.395182E+06
    PHIC=6.833110E-08
    GRAD=1.822157E-02
    NuBT=1
    CPU =0.001194

ITER: 82
    HPWL=28330.636719
    OVFL=0.330870
    HPWL=(15412.948242, 12917.689453)
    POTN=1.393322E+06
    PHIC=7.174766E-08
    GRAD=1.904881E-02
    NuBT=2
    CPU =0.002256

ITER: 83
    HPWL=28295.585938
    OVFL=0.320385
    HPWL=(15397.791016, 12897.795898)
    POTN=1.391247E+06
    PHIC=7.533504E-08
    GRAD=1.996466E-02
    NuBT=2
    CPU =0.002330

ITER: 84
    HPWL=28262.027344
    OVFL=0.310246
    HPWL=(15385.800781, 12876.225586)
    POTN=1.389584E+06
    PHIC=7.910179E-08
    GRAD=2.089634E-02
    NuBT=2
    CPU =0.002269

ITER: 85
    HPWL=28231.074219
    OVFL=0.301456
    HPWL=(15375.942383, 12855.130859)
    POTN=1.387826E+06
    PHIC=8.305688E-08
    GRAD=2.182370E-02
    NuBT=2
    CPU =0.002266

ITER: 86
    HPWL=28205.992188
    OVFL=0.295533
    HPWL=(15370.029297, 12835.961914)
    POTN=1.386485E+06
    PHIC=8.720971E-08
    GRAD=2.265739E-02
    NuBT=2
    CPU =0.002275

ITER: 87
    HPWL=28185.142578
    OVFL=0.288599
    HPWL=(15366.637695, 12818.504883)
    POTN=1.384235E+06
    PHIC=9.157019E-08
    GRAD=2.323263E-02
    NuBT=2
    CPU =0.002332

ITER: 88
    HPWL=28165.716797
    OVFL=0.281850
    HPWL=(15364.208008, 12801.508789)
    POTN=1.382427E+06
    PHIC=9.614870E-08
    GRAD=2.390520E-02
    NuBT=2
    CPU =0.002267

ITER: 89
    HPWL=28149.671875
    OVFL=0.278911
    HPWL=(15362.856445, 12786.814453)
    POTN=1.380436E+06
    PHIC=1.009561E-07
    GRAD=2.457881E-02
    NuBT=2
    CPU =0.002273

ITER: 90
    HPWL=28135.867188
    OVFL=0.277088
    HPWL=(15362.242188, 12773.625977)
    POTN=1.378490E+06
    PHIC=1.060039E-07
    GRAD=2.488225E-02
    NuBT=2
    CPU =0.002266

ITER: 91
    HPWL=28122.605469
    OVFL=0.280439
    HPWL=(15361.262695, 12761.343750)
    POTN=1.376128E+06
    PHIC=1.113041E-07
    GRAD=2.506272E-02
    NuBT=2
    CPU =0.002300

ITER: 92
    HPWL=28118.765625
    OVFL=0.284573
    HPWL=(15364.495117, 12754.269531)
    POTN=1.373936E+06
    PHIC=1.168693E-07
    GRAD=2.474514E-02
    NuBT=1
    CPU =0.001232

ITER: 93
    HPWL=28114.753906
    OVFL=0.287604
    HPWL=(15366.612305, 12748.142578)
    POTN=1.371018E+06
    PHIC=1.227128E-07
    GRAD=2.433006E-02
    NuBT=1
    CPU =0.001205

ITER: 94
    HPWL=28108.656250
    OVFL=0.291921
    HPWL=(15366.432617, 12742.222656)
    POTN=1.368458E+06
    PHIC=1.288484E-07
    GRAD=2.400254E-02
    NuBT=1
    CPU =0.001201

ITER: 95
    HPWL=28110.710938
    OVFL=0.298340
    HPWL=(15369.490234, 12741.221680)
    POTN=1.365520E+06
    PHIC=1.352908E-07
    GRAD=2.356742E-02
    NuBT=1
    CPU =0.001201

ITER: 96
    HPWL=28122.941406
    OVFL=0.310387
    HPWL=(15376.444336, 12746.498047)
    POTN=1.363114E+06
    PHIC=1.420551E-07
    GRAD=2.295199E-02
    NuBT=1
    CPU =0.001200

ITER: 97
    HPWL=28138.558594
    OVFL=0.318188
    HPWL=(15384.152344, 12754.405273)
    POTN=1.360349E+06
    PHIC=1.491575E-07
    GRAD=2.181404E-02
    NuBT=1
    CPU =0.001201

ITER: 98
    HPWL=28152.429688
    OVFL=0.316995
    HPWL=(15390.064453, 12762.365234)
    POTN=1.357297E+06
    PHIC=1.566151E-07
    GRAD=2.106844E-02
    NuBT=1
    CPU =0.001207

ITER: 99
    HPWL=28182.914062
    OVFL=0.313761
    HPWL=(15404.025391, 12778.889648)
    POTN=1.353517E+06
    PHIC=1.644451E-07
    GRAD=2.119999E-02
    NuBT=1
    CPU =0.001199

ITER: 100
    HPWL=28188.833984
    OVFL=0.309206
    HPWL=(15402.102539, 12786.731445)
    POTN=1.349866E+06
    PHIC=1.726672E-07
    GRAD=2.149039E-02
    NuBT=2
    CPU =0.002343

ITER: 101
    HPWL=28193.726562
    OVFL=0.317344
    HPWL=(15399.196289, 12794.530273)
    POTN=1.346236E+06
    PHIC=1.813005E-07
    GRAD=2.193607E-02
    NuBT=1
    CPU =0.001203

ITER: 102
    HPWL=28194.113281
    OVFL=0.331534
    HPWL=(15395.282227, 12798.831055)
    POTN=1.343173E+06
    PHIC=1.903655E-07
    GRAD=2.117976E-02
    NuBT=1
    CPU =0.001208

ITER: 103
    HPWL=28194.398438
    OVFL=0.350598
    HPWL=(15391.834961, 12802.562500)
    POTN=1.339550E+06
    PHIC=1.998837E-07
    GRAD=1.988877E-02
    NuBT=1
    CPU =0.001198

ITER: 104
    HPWL=28196.035156
    OVFL=0.363430
    HPWL=(15390.422852, 12805.611328)
    POTN=1.335943E+06
    PHIC=2.098779E-07
    GRAD=1.824926E-02
    NuBT=1
    CPU =0.001197

ITER: 105
    HPWL=28224.308594
    OVFL=0.365299
    HPWL=(15403.811523, 12820.497070)
    POTN=1.331492E+06
    PHIC=2.203709E-07
    GRAD=1.717572E-02
    NuBT=1
    CPU =0.001199

ITER: 106
    HPWL=28333.464844
    OVFL=0.358593
    HPWL=(15462.506836, 12870.958008)
    POTN=1.325807E+06
    PHIC=2.313858E-07
    GRAD=1.706868E-02
    NuBT=1
    CPU =0.001197

ITER: 107
    HPWL=28352.359375
    OVFL=0.369742
    HPWL=(15467.707031, 12884.653320)
    POTN=1.320145E+06
    PHIC=2.429545E-07
    GRAD=1.760207E-02
    NuBT=2
    CPU =0.002344

ITER: 108
    HPWL=28358.929688
    OVFL=0.382366
    HPWL=(15462.466797, 12896.462891)
    POTN=1.314210E+06
    PHIC=2.551020E-07
    GRAD=1.668988E-02
    NuBT=2
    CPU =0.002265

ITER: 109
    HPWL=28389.966797
    OVFL=0.381328
    HPWL=(15471.236328, 12918.730469)
    POTN=1.307073E+06
    PHIC=2.678559E-07
    GRAD=1.573904E-02
    NuBT=2
    CPU =0.002265

ITER: 110
    HPWL=28426.849609
    OVFL=0.371869
    HPWL=(15484.180664, 12942.668945)
    POTN=1.299685E+06
    PHIC=2.812472E-07
    GRAD=1.583336E-02
    NuBT=1
    CPU =0.001205

ITER: 111
    HPWL=28433.371094
    OVFL=0.373524
    HPWL=(15480.323242, 12953.046875)
    POTN=1.292399E+06
    PHIC=2.953092E-07
    GRAD=1.654249E-02
    NuBT=2
    CPU =0.002275

ITER: 112
    HPWL=28427.968750
    OVFL=0.379340
    HPWL=(15470.099609, 12957.870117)
    POTN=1.284886E+06
    PHIC=3.100747E-07
    GRAD=1.641541E-02
    NuBT=1
    CPU =0.001249

ITER: 113
    HPWL=28425.160156
    OVFL=0.391918
    HPWL=(15464.158203, 12961.002930)
    POTN=1.276688E+06
    PHIC=3.255784E-07
    GRAD=1.598322E-02
    NuBT=2
    CPU =0.002285

ITER: 114
    HPWL=28422.078125
    OVFL=0.396668
    HPWL=(15459.987305, 12962.089844)
    POTN=1.268106E+06
    PHIC=3.418573E-07
    GRAD=1.507843E-02
    NuBT=2
    CPU =0.002276

ITER: 115
    HPWL=28431.943359
    OVFL=0.395908
    HPWL=(15465.509766, 12966.433594)
    POTN=1.258247E+06
    PHIC=3.589497E-07
    GRAD=1.470721E-02
    NuBT=1
    CPU =0.001196

ITER: 116
    HPWL=28479.945312
    OVFL=0.394904
    HPWL=(15496.159180, 12983.787109)
    POTN=1.247592E+06
    PHIC=3.768946E-07
    GRAD=1.479806E-02
    NuBT=1
    CPU =0.001199

ITER: 117
    HPWL=28477.476562
    OVFL=0.395565
    HPWL=(15497.657227, 12979.818359)
    POTN=1.235748E+06
    PHIC=3.957393E-07
    GRAD=1.484199E-02
    NuBT=2
    CPU =0.002306

ITER: 118
    HPWL=28481.476562
    OVFL=0.400706
    HPWL=(15502.658203, 12978.818359)
    POTN=1.223972E+06
    PHIC=4.155260E-07
    GRAD=1.481471E-02
    NuBT=1
    CPU =0.001234

ITER: 119
    HPWL=28474.449219
    OVFL=0.386100
    HPWL=(15500.738281, 12973.711914)
    POTN=1.210646E+06
    PHIC=4.363023E-07
    GRAD=1.444533E-02
    NuBT=2
    CPU =0.002274

ITER: 120
    HPWL=28457.078125
    OVFL=0.363480
    HPWL=(15492.765625, 12964.311523)
    POTN=1.197651E+06
    PHIC=4.581173E-07
    GRAD=1.547144E-02
    NuBT=2
    CPU =0.002265

ITER: 121
    HPWL=28429.382812
    OVFL=0.348929
    HPWL=(15476.949219, 12952.434570)
    POTN=1.183977E+06
    PHIC=4.810232E-07
    GRAD=1.724210E-02
    NuBT=1
    CPU =0.001201

ITER: 122
    HPWL=28390.513672
    OVFL=0.344182
    HPWL=(15450.890625, 12939.623047)
    POTN=1.170496E+06
    PHIC=5.050743E-07
    GRAD=1.846783E-02
    NuBT=1
    CPU =0.001201

ITER: 123
    HPWL=28367.144531
    OVFL=0.340657
    HPWL=(15433.365234, 12933.780273)
    POTN=1.157121E+06
    PHIC=5.303280E-07
    GRAD=1.896305E-02
    NuBT=2
    CPU =0.002320

ITER: 124
    HPWL=28318.886719
    OVFL=0.326733
    HPWL=(15405.015625, 12913.870117)
    POTN=1.144239E+06
    PHIC=5.568444E-07
    GRAD=1.921937E-02
    NuBT=2
    CPU =0.002274

ITER: 125
    HPWL=28285.699219
    OVFL=0.314753
    HPWL=(15391.119141, 12894.579102)
    POTN=1.130497E+06
    PHIC=5.846866E-07
    GRAD=2.036448E-02
    NuBT=2
    CPU =0.002250

ITER: 126
    HPWL=28276.554688
    OVFL=0.318462
    HPWL=(15391.081055, 12885.473633)
    POTN=1.117016E+06
    PHIC=6.139209E-07
    GRAD=2.147067E-02
    NuBT=2
    CPU =0.002254

ITER: 127
    HPWL=28267.871094
    OVFL=0.322006
    HPWL=(15391.259766, 12876.610352)
    POTN=1.102648E+06
    PHIC=6.446169E-07
    GRAD=2.117922E-02
    NuBT=2
    CPU =0.002261

ITER: 128
    HPWL=28272.179688
    OVFL=0.321338
    HPWL=(15400.000000, 12872.179688)
    POTN=1.088508E+06
    PHIC=6.768473E-07
    GRAD=2.087640E-02
    NuBT=2
    CPU =0.002334

ITER: 129
    HPWL=28290.003906
    OVFL=0.313506
    HPWL=(15416.564453, 12873.438477)
    POTN=1.073193E+06
    PHIC=7.106879E-07
    GRAD=2.098077E-02
    NuBT=1
    CPU =0.001198

ITER: 130
    HPWL=28277.566406
    OVFL=0.304693
    HPWL=(15415.062500, 12862.502930)
    POTN=1.058319E+06
    PHIC=7.462222E-07
    GRAD=2.164203E-02
    NuBT=2
    CPU =0.002272

ITER: 131
    HPWL=28269.046875
    OVFL=0.306303
    HPWL=(15414.613281, 12854.433594)
    POTN=1.043159E+06
    PHIC=7.835333E-07
    GRAD=2.250110E-02
    NuBT=1
    CPU =0.001196

ITER: 132
    HPWL=28258.941406
    OVFL=0.320490
    HPWL=(15412.932617, 12846.007812)
    POTN=1.028120E+06
    PHIC=8.227099E-07
    GRAD=2.238797E-02
    NuBT=1
    CPU =0.001200

ITER: 133
    HPWL=28248.179688
    OVFL=0.323039
    HPWL=(15412.266602, 12835.912109)
    POTN=1.012309E+06
    PHIC=8.638453E-07
    GRAD=2.106483E-02
    NuBT=1
    CPU =0.001200

ITER: 134
    HPWL=28232.617188
    OVFL=0.324292
    HPWL=(15410.184570, 12822.432617)
    POTN=9.963392E+05
    PHIC=9.070376E-07
    GRAD=2.074005E-02
    NuBT=1
    CPU =0.001239

ITER: 135
    HPWL=28234.884766
    OVFL=0.334777
    HPWL=(15418.020508, 12816.864258)
    POTN=9.798902E+05
    PHIC=9.523891E-07
    GRAD=2.061264E-02
    NuBT=1
    CPU =0.001252

ITER: 136
    HPWL=28253.490234
    OVFL=0.346503
    HPWL=(15434.250977, 12819.239258)
    POTN=9.631899E+05
    PHIC=1.000006E-06
    GRAD=1.976451E-02
    NuBT=1
    CPU =0.001211

ITER: 137
    HPWL=28265.628906
    OVFL=0.353909
    HPWL=(15446.752930, 12818.876953)
    POTN=9.445798E+05
    PHIC=1.050004E-06
    GRAD=1.877308E-02
    NuBT=1
    CPU =0.001217

ITER: 138
    HPWL=28273.765625
    OVFL=0.355733
    HPWL=(15455.774414, 12817.990234)
    POTN=9.274444E+05
    PHIC=1.102503E-06
    GRAD=1.810434E-02
    NuBT=1
    CPU =0.001212

ITER: 139
    HPWL=28303.974609
    OVFL=0.355998
    HPWL=(15473.871094, 12830.103516)
    POTN=9.068492E+05
    PHIC=1.157623E-06
    GRAD=1.797703E-02
    NuBT=1
    CPU =0.001217

ITER: 140
    HPWL=28317.710938
    OVFL=0.360475
    HPWL=(15479.770508, 12837.940430)
    POTN=8.863930E+05
    PHIC=1.215502E-06
    GRAD=1.794072E-02
    NuBT=2
    CPU =0.002294

ITER: 141
    HPWL=28328.410156
    OVFL=0.367299
    HPWL=(15482.791016, 12845.620117)
    POTN=8.653723E+05
    PHIC=1.276275E-06
    GRAD=1.758266E-02
    NuBT=1
    CPU =0.001246

ITER: 142
    HPWL=28332.558594
    OVFL=0.355741
    HPWL=(15481.391602, 12851.167969)
    POTN=8.427432E+05
    PHIC=1.340088E-06
    GRAD=1.701363E-02
    NuBT=1
    CPU =0.001255

ITER: 143
    HPWL=28333.972656
    OVFL=0.373815
    HPWL=(15478.273438, 12855.699219)
    POTN=8.200623E+05
    PHIC=1.407092E-06
    GRAD=1.792371E-02
    NuBT=1
    CPU =0.001208

ITER: 144
    HPWL=28326.160156
    OVFL=0.401869
    HPWL=(15467.032227, 12859.128906)
    POTN=7.982722E+05
    PHIC=1.477447E-06
    GRAD=1.647976E-02
    NuBT=1
    CPU =0.001232

ITER: 145
    HPWL=28335.642578
    OVFL=0.412068
    HPWL=(15464.499023, 12871.143555)
    POTN=7.741184E+05
    PHIC=1.551317E-06
    GRAD=1.447622E-02
    NuBT=1
    CPU =0.001213

ITER: 146
    HPWL=28357.558594
    OVFL=0.402281
    HPWL=(15470.504883, 12887.052734)
    POTN=7.486747E+05
    PHIC=1.628878E-06
    GRAD=1.367970E-02
    NuBT=1
    CPU =0.001210

ITER: 147
    HPWL=28487.863281
    OVFL=0.394764
    HPWL=(15544.478516, 12943.383789)
    POTN=7.194845E+05
    PHIC=1.710290E-06
    GRAD=1.441916E-02
    NuBT=1
    CPU =0.001208

ITER: 148
    HPWL=28480.816406
    OVFL=0.387848
    HPWL=(15535.595703, 12945.220703)
    POTN=6.919105E+05
    PHIC=1.795805E-06
    GRAD=1.491395E-02
    NuBT=2
    CPU =0.002288

ITER: 149
    HPWL=28466.662109
    OVFL=0.406967
    HPWL=(15521.271484, 12945.390625)
    POTN=6.626204E+05
    PHIC=1.885595E-06
    GRAD=1.544277E-02
    NuBT=2
    CPU =0.002354

ITER: 150
    HPWL=28465.468750
    OVFL=0.419545
    HPWL=(15518.080078, 12947.388672)
    POTN=6.331469E+05
    PHIC=1.979874E-06
    GRAD=1.410829E-02
    NuBT=2
    CPU =0.002285

ITER: 151
    HPWL=28460.507812
    OVFL=0.426986
    HPWL=(15515.648438, 12944.860352)
    POTN=6.023629E+05
    PHIC=2.078868E-06
    GRAD=1.326581E-02
    NuBT=2
    CPU =0.002276

ITER: 152
    HPWL=28455.228516
    OVFL=0.428765
    HPWL=(15514.361328, 12940.867188)
    POTN=5.708548E+05
    PHIC=2.182812E-06
    GRAD=1.276235E-02
    NuBT=1
    CPU =0.001206

ITER: 153
    HPWL=28474.894531
    OVFL=0.429496
    HPWL=(15528.578125, 12946.316406)
    POTN=5.378636E+05
    PHIC=2.291946E-06
    GRAD=1.262883E-02
    NuBT=1
    CPU =0.001211

ITER: 154
    HPWL=28513.898438
    OVFL=0.425551
    HPWL=(15556.173828, 12957.725586)
    POTN=5.030935E+05
    PHIC=2.406530E-06
    GRAD=1.263603E-02
    NuBT=2
    CPU =0.002352

ITER: 155
    HPWL=28510.144531
    OVFL=0.420364
    HPWL=(15557.009766, 12953.133789)
    POTN=4.674793E+05
    PHIC=2.526856E-06
    GRAD=1.286639E-02
    NuBT=2
    CPU =0.002296

ITER: 156
    HPWL=28503.746094
    OVFL=0.414608
    HPWL=(15553.499023, 12950.248047)
    POTN=4.315106E+05
    PHIC=2.653199E-06
    GRAD=1.321051E-02
    NuBT=2
    CPU =0.002284

ITER: 157
    HPWL=28511.093750
    OVFL=0.408235
    HPWL=(15555.964844, 12955.128906)
    POTN=3.944428E+05
    PHIC=2.785856E-06
    GRAD=1.365776E-02
    NuBT=1
    CPU =0.001215

ITER: 158
    HPWL=28500.222656
    OVFL=0.398788
    HPWL=(15544.369141, 12955.853516)
    POTN=3.574941E+05
    PHIC=2.925149E-06
    GRAD=1.409006E-02
    NuBT=2
    CPU =0.002272

ITER: 159
    HPWL=28504.822266
    OVFL=0.393568
    HPWL=(15539.564453, 12965.257812)
    POTN=3.210364E+05
    PHIC=3.071404E-06
    GRAD=1.482405E-02
    NuBT=1
    CPU =0.001270

ITER: 160
    HPWL=28483.171875
    OVFL=0.387403
    HPWL=(15520.741211, 12962.431641)
    POTN=2.870382E+05
    PHIC=3.224974E-06
    GRAD=1.518753E-02
    NuBT=2
    CPU =0.002306

ITER: 161
    HPWL=28459.470703
    OVFL=0.378245
    HPWL=(15503.762695, 12955.708008)
    POTN=2.547447E+05
    PHIC=3.386222E-06
    GRAD=1.560741E-02
    NuBT=2
    CPU =0.002288

ITER: 162
    HPWL=28435.847656
    OVFL=0.364065
    HPWL=(15489.348633, 12946.499023)
    POTN=2.251173E+05
    PHIC=3.555533E-06
    GRAD=1.625201E-02
    NuBT=2
    CPU =0.002302

ITER: 163
    HPWL=28406.603516
    OVFL=0.358794
    HPWL=(15473.408203, 12933.195312)
    POTN=1.977717E+05
    PHIC=3.733310E-06
    GRAD=1.731203E-02
    NuBT=2
    CPU =0.002287

ITER: 164
    HPWL=28386.392578
    OVFL=0.364026
    HPWL=(15463.803711, 12922.588867)
    POTN=1.736945E+05
    PHIC=3.919975E-06
    GRAD=1.779561E-02
    NuBT=2
    CPU =0.002350

ITER: 165
    HPWL=28366.556641
    OVFL=0.373784
    HPWL=(15456.296875, 12910.259766)
    POTN=1.518119E+05
    PHIC=4.115973E-06
    GRAD=1.740473E-02
    NuBT=2
    CPU =0.002276

ITER: 166
    HPWL=28376.292969
    OVFL=0.376940
    HPWL=(15469.047852, 12907.245117)
    POTN=1.323152E+05
    PHIC=4.321766E-06
    GRAD=1.670033E-02
    NuBT=1
    CPU =0.001222

ITER: 167
    HPWL=28390.369141
    OVFL=0.372979
    HPWL=(15485.226562, 12905.142578)
    POTN=1.148405E+05
    PHIC=4.537845E-06
    GRAD=1.641424E-02
    NuBT=1
    CPU =0.001218

ITER: 168
    HPWL=28416.142578
    OVFL=0.365299
    HPWL=(15506.674805, 12909.467773)
    POTN=1.000953E+05
    PHIC=4.764720E-06
    GRAD=1.675712E-02
    NuBT=1
    CPU =0.001213

ITER: 169
    HPWL=28400.746094
    OVFL=0.367099
    HPWL=(15503.261719, 12897.483398)
    POTN=8.789279E+04
    PHIC=5.002956E-06
    GRAD=1.728067E-02
    NuBT=2
    CPU =0.002334

ITER: 170
    HPWL=28394.507812
    OVFL=0.381894
    HPWL=(15504.403320, 12890.103516)
    POTN=7.843252E+04
    PHIC=5.253103E-06
    GRAD=1.715895E-02
    NuBT=1
    CPU =0.001253

ITER: 171
    HPWL=28396.472656
    OVFL=0.387501
    HPWL=(15509.311523, 12887.161133)
    POTN=7.127145E+04
    PHIC=5.515757E-06
    GRAD=1.605764E-02
    NuBT=1
    CPU =0.001221

ITER: 172
    HPWL=28387.810547
    OVFL=0.381353
    HPWL=(15508.460938, 12879.349609)
    POTN=6.614215E+04
    PHIC=5.791544E-06
    GRAD=1.554409E-02
    NuBT=1
    CPU =0.001216

ITER: 173
    HPWL=28398.826172
    OVFL=0.383585
    HPWL=(15517.828125, 12880.998047)
    POTN=6.367242E+04
    PHIC=6.081111E-06
    GRAD=1.597466E-02
    NuBT=1
    CPU =0.001220

ITER: 174
    HPWL=28404.769531
    OVFL=0.383359
    HPWL=(15522.273438, 12882.495117)
    POTN=6.355701E+04
    PHIC=6.385161E-06
    GRAD=1.583311E-02
    NuBT=2
    CPU =0.002286

ITER: 175
    HPWL=28419.574219
    OVFL=0.387848
    HPWL=(15530.154297, 12889.418945)
    POTN=6.553287E+04
    PHIC=6.704405E-06
    GRAD=1.591850E-02
    NuBT=1
    CPU =0.001215

ITER: 176
    HPWL=28421.601562
    OVFL=0.395875
    HPWL=(15528.222656, 12893.377930)
    POTN=6.944387E+04
    PHIC=7.039623E-06
    GRAD=1.559414E-02
    NuBT=1
    CPU =0.001249

ITER: 177
    HPWL=28409.578125
    OVFL=0.398786
    HPWL=(15518.089844, 12891.488281)
    POTN=7.507011E+04
    PHIC=7.391604E-06
    GRAD=1.493259E-02
    NuBT=1
    CPU =0.001258

ITER: 178
    HPWL=28407.435547
    OVFL=0.398354
    HPWL=(15513.108398, 12894.327148)
    POTN=8.215654E+04
    PHIC=7.761183E-06
    GRAD=1.465582E-02
    NuBT=1
    CPU =0.001231

ITER: 179
    HPWL=28432.833984
    OVFL=0.400354
    HPWL=(15522.425781, 12910.408203)
    POTN=9.051948E+04
    PHIC=8.149213E-06
    GRAD=1.471879E-02
    NuBT=1
    CPU =0.001216

ITER: 180
    HPWL=28439.613281
    OVFL=0.402163
    HPWL=(15520.734375, 12918.879883)
    POTN=9.943191E+04
    PHIC=8.556665E-06
    GRAD=1.455972E-02
    NuBT=2
    CPU =0.002274

ITER: 181
    HPWL=28451.550781
    OVFL=0.405187
    HPWL=(15521.575195, 12929.976562)
    POTN=1.083088E+05
    PHIC=8.984483E-06
    GRAD=1.443827E-02
    NuBT=1
    CPU =0.001220

ITER: 182
    HPWL=28460.589844
    OVFL=0.403958
    HPWL=(15521.019531, 12939.570312)
    POTN=1.167960E+05
    PHIC=9.433695E-06
    GRAD=1.422878E-02
    NuBT=1
    CPU =0.001223

ITER: 183
    HPWL=28461.750000
    OVFL=0.399521
    HPWL=(15516.130859, 12945.620117)
    POTN=1.251410E+05
    PHIC=9.905378E-06
    GRAD=1.427995E-02
    NuBT=1
    CPU =0.001218

ITER: 184
    HPWL=28461.273438
    OVFL=0.389014
    HPWL=(15510.471680, 12950.801758)
    POTN=1.324940E+05
    PHIC=1.040065E-05
    GRAD=1.456857E-02
    NuBT=1
    CPU =0.001282

ITER: 185
    HPWL=28455.093750
    OVFL=0.374520
    HPWL=(15503.754883, 12951.339844)
    POTN=1.387436E+05
    PHIC=1.092068E-05
    GRAD=1.532525E-02
    NuBT=1
    CPU =0.001212

ITER: 186
    HPWL=28435.185547
    OVFL=0.358985
    HPWL=(15490.417969, 12944.767578)
    POTN=1.434043E+05
    PHIC=1.146671E-05
    GRAD=1.642702E-02
    NuBT=1
    CPU =0.001212

ITER: 187
    HPWL=28407.375000
    OVFL=0.352172
    HPWL=(15474.503906, 12932.870117)
    POTN=1.464838E+05
    PHIC=1.204005E-05
    GRAD=1.770831E-02
    NuBT=1
    CPU =0.001224

ITER: 188
    HPWL=28368.511719
    OVFL=0.349781
    HPWL=(15454.627930, 12913.884766)
    POTN=1.473739E+05
    PHIC=1.264205E-05
    GRAD=1.831400E-02
    NuBT=2
    CPU =0.002288

ITER: 189
    HPWL=28317.519531
    OVFL=0.352878
    HPWL=(15429.515625, 12888.003906)
    POTN=1.469544E+05
    PHIC=1.327415E-05
    GRAD=1.846356E-02
    NuBT=2
    CPU =0.002294

ITER: 190
    HPWL=28284.976562
    OVFL=0.357634
    HPWL=(15419.426758, 12865.549805)
    POTN=1.444902E+05
    PHIC=1.393786E-05
    GRAD=1.818242E-02
    NuBT=2
    CPU =0.002358

ITER: 191
    HPWL=28280.287109
    OVFL=0.357179
    HPWL=(15425.851562, 12854.435547)
    POTN=1.398062E+05
    PHIC=1.463475E-05
    GRAD=1.777774E-02
    NuBT=1
    CPU =0.001216

ITER: 192
    HPWL=28289.808594
    OVFL=0.348691
    HPWL=(15438.857422, 12850.951172)
    POTN=1.324432E+05
    PHIC=1.536646E-05
    GRAD=1.775897E-02
    NuBT=1
    CPU =0.001217

ITER: 193
    HPWL=28304.181641
    OVFL=0.336318
    HPWL=(15452.202148, 12851.979492)
    POTN=1.232457E+05
    PHIC=1.613475E-05
    GRAD=1.847029E-02
    NuBT=2
    CPU =0.002278

ITER: 194
    HPWL=28284.558594
    OVFL=0.321838
    HPWL=(15443.001953, 12841.555664)
    POTN=1.128489E+05
    PHIC=1.694149E-05
    GRAD=1.950639E-02
    NuBT=2
    CPU =0.002291

ITER: 195
    HPWL=28274.289062
    OVFL=0.309480
    HPWL=(15436.614258, 12837.674805)
    POTN=1.013397E+05
    PHIC=1.778856E-05
    GRAD=2.088133E-02
    NuBT=1
    CPU =0.001209

ITER: 196
    HPWL=28255.335938
    OVFL=0.303773
    HPWL=(15425.551758, 12829.785156)
    POTN=8.949065E+04
    PHIC=1.867799E-05
    GRAD=2.210128E-02
    NuBT=2
    CPU =0.002361

ITER: 197
    HPWL=28236.542969
    OVFL=0.296582
    HPWL=(15414.983398, 12821.558594)
    POTN=7.798293E+04
    PHIC=1.961189E-05
    GRAD=2.271979E-02
    NuBT=2
    CPU =0.002275

ITER: 198
    HPWL=28212.105469
    OVFL=0.291092
    HPWL=(15404.286133, 12807.820312)
    POTN=6.687134E+04
    PHIC=2.059248E-05
    GRAD=2.339246E-02
    NuBT=2
    CPU =0.002280

ITER: 199
    HPWL=28195.808594
    OVFL=0.283582
    HPWL=(15400.004883, 12795.803711)
    POTN=5.695660E+04
    PHIC=2.162211E-05
    GRAD=2.392672E-02
    NuBT=2
    CPU =0.002285

ITER: 200
    HPWL=28181.667969
    OVFL=0.275897
    HPWL=(15396.755859, 12784.912109)
    POTN=4.825017E+04
    PHIC=2.270321E-05
    GRAD=2.464731E-02
    NuBT=2
    CPU =0.002348

ITER: 201
    HPWL=28171.894531
    OVFL=0.280422
    HPWL=(15395.156250, 12776.739258)
    POTN=4.104107E+04
    PHIC=2.383837E-05
    GRAD=2.542181E-02
    NuBT=2
    CPU =0.002291

ITER: 202
    HPWL=28172.730469
    OVFL=0.283536
    HPWL=(15399.203125, 12773.527344)
    POTN=3.525213E+04
    PHIC=2.503028E-05
    GRAD=2.503881E-02
    NuBT=2
    CPU =0.002286

ITER: 203
    HPWL=28188.435547
    OVFL=0.293301
    HPWL=(15411.431641, 12777.003906)
    POTN=3.118654E+04
    PHIC=2.628174E-05
    GRAD=2.482482E-02
    NuBT=1
    CPU =0.001214

ITER: 204
    HPWL=28194.593750
    OVFL=0.300924
    HPWL=(15415.873047, 12778.720703)
    POTN=2.844928E+04
    PHIC=2.759580E-05
    GRAD=2.385093E-02
    NuBT=1
    CPU =0.001216

ITER: 205
    HPWL=28192.578125
    OVFL=0.308624
    HPWL=(15415.413086, 12777.164062)
    POTN=2.774792E+04
    PHIC=2.897558E-05
    GRAD=2.296696E-02
    NuBT=1
    CPU =0.001229

ITER: 206
    HPWL=28205.050781
    OVFL=0.311953
    HPWL=(15422.089844, 12782.960938)
    POTN=2.890591E+04
    PHIC=3.042431E-05
    GRAD=2.217677E-02
    NuBT=1
    CPU =0.001272

ITER: 207
    HPWL=28233.869141
    OVFL=0.305180
    HPWL=(15436.658203, 12797.210938)
    POTN=3.178914E+04
    PHIC=3.194539E-05
    GRAD=2.191632E-02
    NuBT=1
    CPU =0.001232

ITER: 208
    HPWL=28236.660156
    OVFL=0.299130
    HPWL=(15435.466797, 12801.193359)
    POTN=3.613981E+04
    PHIC=3.354265E-05
    GRAD=2.250236E-02
    NuBT=2
    CPU =0.002293

ITER: 209
    HPWL=28241.560547
    OVFL=0.297089
    HPWL=(15434.254883, 12807.305664)
    POTN=4.140261E+04
    PHIC=3.521976E-05
    GRAD=2.314420E-02
    NuBT=1
    CPU =0.001227

ITER: 210
    HPWL=28237.894531
    OVFL=0.300616
    HPWL=(15428.791992, 12809.103516)
    POTN=4.727648E+04
    PHIC=3.698075E-05
    GRAD=2.339105E-02
    NuBT=1
    CPU =0.001217

ITER: 211
    HPWL=28222.125000
    OVFL=0.310082
    HPWL=(15417.402344, 12804.721680)
    POTN=5.319668E+04
    PHIC=3.882978E-05
    GRAD=2.298166E-02
    NuBT=1
    CPU =0.001210

ITER: 212
    HPWL=28205.675781
    OVFL=0.325194
    HPWL=(15407.075195, 12798.600586)
    POTN=5.873595E+04
    PHIC=4.077127E-05
    GRAD=2.197929E-02
    NuBT=1
    CPU =0.001215

ITER: 213
    HPWL=28198.878906
    OVFL=0.323690
    HPWL=(15403.076172, 12795.803711)
    POTN=6.231294E+04
    PHIC=4.280983E-05
    GRAD=2.051590E-02
    NuBT=1
    CPU =0.001272

ITER: 214
    HPWL=28213.500000
    OVFL=0.322326
    HPWL=(15411.177734, 12802.323242)
    POTN=6.347589E+04
    PHIC=4.495023E-05
    GRAD=2.056346E-02
    NuBT=1
    CPU =0.001238

ITER: 215
    HPWL=28250.769531
    OVFL=0.322291
    HPWL=(15430.860352, 12819.909180)
    POTN=6.170936E+04
    PHIC=4.719749E-05
    GRAD=2.078367E-02
    NuBT=2
    CPU =0.002289

ITER: 216
    HPWL=28258.703125
    OVFL=0.316413
    HPWL=(15432.705078, 12825.998047)
    POTN=5.862179E+04
    PHIC=4.955731E-05
    GRAD=2.080448E-02
    NuBT=2
    CPU =0.002277

ITER: 217
    HPWL=28278.546875
    OVFL=0.307359
    HPWL=(15441.404297, 12837.141602)
    POTN=5.391709E+04
    PHIC=5.203502E-05
    GRAD=2.148010E-02
    NuBT=1
    CPU =0.001223

ITER: 218
    HPWL=28265.250000
    OVFL=0.304691
    HPWL=(15431.600586, 12833.648438)
    POTN=4.881106E+04
    PHIC=5.463677E-05
    GRAD=2.231411E-02
    NuBT=2
    CPU =0.002276

ITER: 219
    HPWL=28264.648438
    OVFL=0.298338
    HPWL=(15430.039062, 12834.610352)
    POTN=4.287743E+04
    PHIC=5.736860E-05
    GRAD=2.268059E-02
    NuBT=1
    CPU =0.001289

ITER: 220
    HPWL=28253.804688
    OVFL=0.293153
    HPWL=(15424.349609, 12829.454102)
    POTN=3.702690E+04
    PHIC=6.023703E-05
    GRAD=2.331483E-02
    NuBT=2
    CPU =0.002288

ITER: 221
    HPWL=28245.363281
    OVFL=0.289714
    HPWL=(15421.173828, 12824.188477)
    POTN=3.181771E+04
    PHIC=6.324888E-05
    GRAD=2.386228E-02
    NuBT=2
    CPU =0.002285

ITER: 222
    HPWL=28237.861328
    OVFL=0.288129
    HPWL=(15420.791016, 12817.070312)
    POTN=2.788263E+04
    PHIC=6.641132E-05
    GRAD=2.423782E-02
    NuBT=2
    CPU =0.002292

ITER: 223
    HPWL=28253.576172
    OVFL=0.281344
    HPWL=(15433.919922, 12819.656250)
    POTN=2.509068E+04
    PHIC=6.973173E-05
    GRAD=2.462954E-02
    NuBT=1
    CPU =0.001217

ITER: 224
    HPWL=28229.355469
    OVFL=0.276403
    HPWL=(15424.510742, 12804.845703)
    POTN=2.386956E+04
    PHIC=7.321831E-05
    GRAD=2.513559E-02
    NuBT=2
    CPU =0.002365

ITER: 225
    HPWL=28222.203125
    OVFL=0.274624
    HPWL=(15424.413086, 12797.791016)
    POTN=2.350361E+04
    PHIC=7.687922E-05
    GRAD=2.567821E-02
    NuBT=1
    CPU =0.001219

ITER: 226
    HPWL=28230.306641
    OVFL=0.270545
    HPWL=(15433.416016, 12796.890625)
    POTN=2.377192E+04
    PHIC=8.072309E-05
    GRAD=2.605939E-02
    NuBT=1
    CPU =0.001225

ITER: 227
    HPWL=28220.207031
    OVFL=0.261251
    HPWL=(15432.140625, 12788.065430)
    POTN=2.451397E+04
    PHIC=8.475924E-05
    GRAD=2.646075E-02
    NuBT=1
    CPU =0.001221

ITER: 228
    HPWL=28196.832031
    OVFL=0.246199
    HPWL=(15422.757812, 12774.075195)
    POTN=2.514790E+04
    PHIC=8.899719E-05
    GRAD=2.727760E-02
    NuBT=1
    CPU =0.001218

ITER: 229
    HPWL=28179.593750
    OVFL=0.241513
    HPWL=(15416.852539, 12762.741211)
    POTN=2.563810E+04
    PHIC=9.344704E-05
    GRAD=2.885338E-02
    NuBT=1
    CPU =0.001229

ITER: 230
    HPWL=28171.324219
    OVFL=0.241564
    HPWL=(15417.325195, 12753.998047)
    POTN=2.571351E+04
    PHIC=9.811940E-05
    GRAD=2.948775E-02
    NuBT=1
    CPU =0.001220

ITER: 231
    HPWL=28161.824219
    OVFL=0.248062
    HPWL=(15417.980469, 12743.843750)
    POTN=2.559249E+04
    PHIC=1.030254E-04
    GRAD=2.949591E-02
    NuBT=1
    CPU =0.001257

ITER: 232
    HPWL=28144.861328
    OVFL=0.269666
    HPWL=(15412.657227, 12732.204102)
    POTN=2.477183E+04
    PHIC=1.081766E-04
    GRAD=2.862888E-02
    NuBT=1
    CPU =0.001253

ITER: 233
    HPWL=28130.914062
    OVFL=0.279708
    HPWL=(15407.982422, 12722.930664)
    POTN=2.337908E+04
    PHIC=1.135854E-04
    GRAD=2.618952E-02
    NuBT=1
    CPU =0.001221

ITER: 234
    HPWL=28126.687500
    OVFL=0.278672
    HPWL=(15406.787109, 12719.899414)
    POTN=2.130784E+04
    PHIC=1.192647E-04
    GRAD=2.493130E-02
    NuBT=1
    CPU =0.001217

ITER: 235
    HPWL=28166.425781
    OVFL=0.277686
    HPWL=(15427.251953, 12739.173828)
    POTN=1.879361E+04
    PHIC=1.252272E-04
    GRAD=2.519532E-02
    NuBT=1
    CPU =0.001217

ITER: 236
    HPWL=28178.679688
    OVFL=0.280480
    HPWL=(15431.284180, 12747.396484)
    POTN=1.686971E+04
    PHIC=1.314884E-04
    GRAD=2.531240E-02
    NuBT=2
    CPU =0.002300

ITER: 237
    HPWL=28207.410156
    OVFL=0.290113
    HPWL=(15444.814453, 12762.595703)
    POTN=1.585952E+04
    PHIC=1.380622E-04
    GRAD=2.528758E-02
    NuBT=1
    CPU =0.001224

ITER: 238
    HPWL=28221.681641
    OVFL=0.278681
    HPWL=(15449.893555, 12771.788086)
    POTN=1.514784E+04
    PHIC=1.449650E-04
    GRAD=2.438566E-02
    NuBT=1
    CPU =0.001216

ITER: 239
    HPWL=28206.183594
    OVFL=0.289555
    HPWL=(15437.498047, 12768.686523)
    POTN=1.482637E+04
    PHIC=1.522133E-04
    GRAD=2.526240E-02
    NuBT=1
    CPU =0.001297

ITER: 240
    HPWL=28210.710938
    OVFL=0.296055
    HPWL=(15435.608398, 12775.101562)
    POTN=1.439803E+04
    PHIC=1.598238E-04
    GRAD=2.418451E-02
    NuBT=1
    CPU =0.001218

ITER: 241
    HPWL=28222.644531
    OVFL=0.302945
    HPWL=(15440.012695, 12782.631836)
    POTN=1.421696E+04
    PHIC=1.678147E-04
    GRAD=2.351919E-02
    NuBT=1
    CPU =0.001225

ITER: 242
    HPWL=28230.072266
    OVFL=0.298369
    HPWL=(15441.634766, 12788.437500)
    POTN=1.410421E+04
    PHIC=1.762053E-04
    GRAD=2.279321E-02
    NuBT=1
    CPU =0.001218

ITER: 243
    HPWL=28246.058594
    OVFL=0.281232
    HPWL=(15448.743164, 12797.314453)
    POTN=1.379813E+04
    PHIC=1.850151E-04
    GRAD=2.321975E-02
    NuBT=1
    CPU =0.001220

ITER: 244
    HPWL=28230.503906
    OVFL=0.281037
    HPWL=(15436.993164, 12793.509766)
    POTN=1.335446E+04
    PHIC=1.942658E-04
    GRAD=2.474132E-02
    NuBT=2
    CPU =0.002282

ITER: 245
    HPWL=28247.433594
    OVFL=0.277301
    HPWL=(15444.154297, 12803.278320)
    POTN=1.266634E+04
    PHIC=2.039786E-04
    GRAD=2.508908E-02
    NuBT=1
    CPU =0.001223

ITER: 246
    HPWL=28231.703125
    OVFL=0.269419
    HPWL=(15434.813477, 12796.890625)
    POTN=1.216114E+04
    PHIC=2.141776E-04
    GRAD=2.532025E-02
    NuBT=2
    CPU =0.002363

ITER: 247
    HPWL=28231.251953
    OVFL=0.256334
    HPWL=(15435.977539, 12795.274414)
    POTN=1.163683E+04
    PHIC=2.248864E-04
    GRAD=2.615827E-02
    NuBT=1
    CPU =0.001234

ITER: 248
    HPWL=28206.462891
    OVFL=0.245358
    HPWL=(15422.656250, 12783.806641)
    POTN=1.120174E+04
    PHIC=2.361307E-04
    GRAD=2.730031E-02
    NuBT=2
    CPU =0.002300

ITER: 249
    HPWL=28193.146484
    OVFL=0.233991
    HPWL=(15415.923828, 12777.222656)
    POTN=1.064149E+04
    PHIC=2.479373E-04
    GRAD=2.840289E-02
    NuBT=2
    CPU =0.002302

ITER: 250
    HPWL=28179.597656
    OVFL=0.230961
    HPWL=(15410.245117, 12769.353516)
    POTN=1.017169E+04
    PHIC=2.603341E-04
    GRAD=2.953526E-02
    NuBT=2
    CPU =0.002324

ITER: 251
    HPWL=28176.031250
    OVFL=0.213604
    HPWL=(15411.552734, 12764.478516)
    POTN=9.386335E+03
    PHIC=2.733508E-04
    GRAD=2.992063E-02
    NuBT=2
    CPU =0.002322

ITER: 252
    HPWL=28153.181641
    OVFL=0.191783
    HPWL=(15403.605469, 12749.576172)
    POTN=8.500480E+03
    PHIC=2.870184E-04
    GRAD=3.150725E-02
    NuBT=2
    CPU =0.002303

ITER: 253
    HPWL=28122.150391
    OVFL=0.192086
    HPWL=(15391.010742, 12731.139648)
    POTN=7.737464E+03
    PHIC=3.013693E-04
    GRAD=3.352145E-02
    NuBT=2
    CPU =0.002279

ITER: 254
    HPWL=28119.830078
    OVFL=0.189630
    HPWL=(15397.545898, 12722.284180)
    POTN=7.090144E+03
    PHIC=3.164377E-04
    GRAD=3.374808E-02
    NuBT=2
    CPU =0.002293

ITER: 255
    HPWL=28117.875000
    OVFL=0.191429
    HPWL=(15403.970703, 12713.905273)
    POTN=6.744054E+03
    PHIC=3.322596E-04
    GRAD=3.405715E-02
    NuBT=2
    CPU =0.002362

ITER: 256
    HPWL=28138.531250
    OVFL=0.194404
    HPWL=(15421.855469, 12716.674805)
    POTN=6.586933E+03
    PHIC=3.488715E-04
    GRAD=3.433664E-02
    NuBT=1
    CPU =0.001214

ITER: 257
    HPWL=28142.363281
    OVFL=0.205674
    HPWL=(15428.066406, 12714.295898)
    POTN=6.698990E+03
    PHIC=3.663149E-04
    GRAD=3.409452E-02
    NuBT=1
    CPU =0.001221

ITER: 258
    HPWL=28120.904297
    OVFL=0.219499
    HPWL=(15418.071289, 12702.833008)
    POTN=6.845864E+03
    PHIC=3.846306E-04
    GRAD=3.245602E-02
    NuBT=1
    CPU =0.001219

ITER: 259
    HPWL=28106.566406
    OVFL=0.223079
    HPWL=(15410.275391, 12696.290039)
    POTN=6.795366E+03
    PHIC=4.038621E-04
    GRAD=3.060990E-02
    NuBT=1
    CPU =0.001211

ITER: 260
    HPWL=28119.468750
    OVFL=0.226016
    HPWL=(15416.968750, 12702.499023)
    POTN=6.631773E+03
    PHIC=4.240545E-04
    GRAD=3.020274E-02
    NuBT=1
    CPU =0.001224

ITER: 261
    HPWL=28162.914062
    OVFL=0.224716
    HPWL=(15439.329102, 12723.583984)
    POTN=6.425713E+03
    PHIC=4.452544E-04
    GRAD=3.042085E-02
    NuBT=1
    CPU =0.001213

ITER: 262
    HPWL=28190.402344
    OVFL=0.223272
    HPWL=(15453.139648, 12737.261719)
    POTN=6.168228E+03
    PHIC=4.675153E-04
    GRAD=3.084014E-02
    NuBT=1
    CPU =0.001252

ITER: 263
    HPWL=28182.816406
    OVFL=0.225943
    HPWL=(15444.062500, 12738.754883)
    POTN=6.079030E+03
    PHIC=4.908911E-04
    GRAD=3.071694E-02
    NuBT=1
    CPU =0.001253

ITER: 264
    HPWL=28173.689453
    OVFL=0.226557
    HPWL=(15435.303711, 12738.385742)
    POTN=5.961512E+03
    PHIC=5.154356E-04
    GRAD=3.012154E-02
    NuBT=1
    CPU =0.001227

ITER: 265
    HPWL=28182.880859
    OVFL=0.220651
    HPWL=(15436.794922, 12746.085938)
    POTN=5.842977E+03
    PHIC=5.412067E-04
    GRAD=2.999536E-02
    NuBT=1
    CPU =0.001222

ITER: 266
    HPWL=28202.378906
    OVFL=0.218200
    HPWL=(15446.456055, 12755.923828)
    POTN=5.791786E+03
    PHIC=5.682655E-04
    GRAD=3.083150E-02
    NuBT=1
    CPU =0.001222

ITER: 267
    HPWL=28220.617188
    OVFL=0.222784
    HPWL=(15456.567383, 12764.050781)
    POTN=5.879274E+03
    PHIC=5.966772E-04
    GRAD=3.137100E-02
    NuBT=1
    CPU =0.001214

ITER: 268
    HPWL=28216.605469
    OVFL=0.227469
    HPWL=(15454.001953, 12762.604492)
    POTN=6.140276E+03
    PHIC=6.265110E-04
    GRAD=3.069717E-02
    NuBT=1
    CPU =0.001225

ITER: 269
    HPWL=28197.066406
    OVFL=0.223325
    HPWL=(15443.152344, 12753.914062)
    POTN=6.439211E+03
    PHIC=6.578365E-04
    GRAD=2.969036E-02
    NuBT=1
    CPU =0.001214

ITER: 270
    HPWL=28194.046875
    OVFL=0.220431
    HPWL=(15441.918945, 12752.126953)
    POTN=6.675248E+03
    PHIC=6.907283E-04
    GRAD=2.991937E-02
    NuBT=1
    CPU =0.001242

ITER: 271
    HPWL=28223.960938
    OVFL=0.215621
    HPWL=(15458.250000, 12765.711914)
    POTN=6.713641E+03
    PHIC=7.252616E-04
    GRAD=3.064577E-02
    NuBT=1
    CPU =0.001273

ITER: 272
    HPWL=28246.625000
    OVFL=0.213625
    HPWL=(15471.478516, 12775.147461)
    POTN=6.692649E+03
    PHIC=7.615223E-04
    GRAD=3.148488E-02
    NuBT=1
    CPU =0.001217

ITER: 273
    HPWL=28239.785156
    OVFL=0.212392
    HPWL=(15466.069336, 12773.714844)
    POTN=6.425979E+03
    PHIC=7.995983E-04
    GRAD=3.145130E-02
    NuBT=1
    CPU =0.001227

ITER: 274
    HPWL=28224.242188
    OVFL=0.206175
    HPWL=(15457.497070, 12766.745117)
    POTN=6.015628E+03
    PHIC=8.395782E-04
    GRAD=3.115681E-02
    NuBT=1
    CPU =0.001213

ITER: 275
    HPWL=28225.820312
    OVFL=0.202398
    HPWL=(15458.030273, 12767.790039)
    POTN=5.518560E+03
    PHIC=8.815569E-04
    GRAD=3.171857E-02
    NuBT=1
    CPU =0.001218

ITER: 276
    HPWL=28247.080078
    OVFL=0.193960
    HPWL=(15471.862305, 12775.217773)
    POTN=4.995794E+03
    PHIC=9.256320E-04
    GRAD=3.246896E-02
    NuBT=1
    CPU =0.001221

ITER: 277
    HPWL=28253.513672
    OVFL=0.189744
    HPWL=(15477.918945, 12775.594727)
    POTN=4.670725E+03
    PHIC=9.719126E-04
    GRAD=3.344807E-02
    NuBT=1
    CPU =0.001233

ITER: 278
    HPWL=28245.509766
    OVFL=0.189793
    HPWL=(15476.564453, 12768.945312)
    POTN=4.420498E+03
    PHIC=1.020508E-03
    GRAD=3.377102E-02
    NuBT=1
    CPU =0.001213

ITER: 279
    HPWL=28234.910156
    OVFL=0.192320
    HPWL=(15473.846680, 12761.063477)
    POTN=4.279816E+03
    PHIC=1.071534E-03
    GRAD=3.347213E-02
    NuBT=1
    CPU =0.001288

ITER: 280
    HPWL=28230.923828
    OVFL=0.193594
    HPWL=(15473.150391, 12757.773438)
    POTN=4.127698E+03
    PHIC=1.125110E-03
    GRAD=3.298251E-02
    NuBT=1
    CPU =0.001223

ITER: 281
    HPWL=28238.849609
    OVFL=0.192448
    HPWL=(15477.727539, 12761.122070)
    POTN=3.995569E+03
    PHIC=1.181364E-03
    GRAD=3.274231E-02
    NuBT=1
    CPU =0.001230

ITER: 282
    HPWL=28253.076172
    OVFL=0.189460
    HPWL=(15486.117188, 12766.958984)
    POTN=3.891729E+03
    PHIC=1.240430E-03
    GRAD=3.294267E-02
    NuBT=1
    CPU =0.001215

ITER: 283
    HPWL=28270.455078
    OVFL=0.187669
    HPWL=(15494.032227, 12776.422852)
    POTN=3.844465E+03
    PHIC=1.302448E-03
    GRAD=3.334043E-02
    NuBT=1
    CPU =0.001213

ITER: 284
    HPWL=28282.945312
    OVFL=0.183241
    HPWL=(15497.208984, 12785.736328)
    POTN=3.734638E+03
    PHIC=1.367568E-03
    GRAD=3.342514E-02
    NuBT=1
    CPU =0.001223

ITER: 285
    HPWL=28290.878906
    OVFL=0.179935
    HPWL=(15496.927734, 12793.952148)
    POTN=3.653706E+03
    PHIC=1.435945E-03
    GRAD=3.365331E-02
    NuBT=1
    CPU =0.001213

ITER: 286
    HPWL=28306.755859
    OVFL=0.176723
    HPWL=(15501.275391, 12805.480469)
    POTN=3.566152E+03
    PHIC=1.507738E-03
    GRAD=3.392027E-02
    NuBT=1
    CPU =0.001219

ITER: 287
    HPWL=28322.595703
    OVFL=0.170941
    HPWL=(15507.107422, 12815.488281)
    POTN=3.414656E+03
    PHIC=1.583122E-03
    GRAD=3.417572E-02
    NuBT=1
    CPU =0.001271

ITER: 288
    HPWL=28334.357422
    OVFL=0.163333
    HPWL=(15510.256836, 12824.100586)
    POTN=3.301282E+03
    PHIC=1.662275E-03
    GRAD=3.457611E-02
    NuBT=1
    CPU =0.001234

ITER: 289
    HPWL=28345.546875
    OVFL=0.157404
    HPWL=(15516.394531, 12829.153320)
    POTN=3.148513E+03
    PHIC=1.745386E-03
    GRAD=3.524701E-02
    NuBT=1
    CPU =0.001222

ITER: 290
    HPWL=28358.429688
    OVFL=0.153180
    HPWL=(15522.317383, 12836.111328)
    POTN=3.018562E+03
    PHIC=1.832652E-03
    GRAD=3.569762E-02
    NuBT=1
    CPU =0.001228

ITER: 291
    HPWL=28358.550781
    OVFL=0.148012
    HPWL=(15523.761719, 12834.790039)
    POTN=2.948274E+03
    PHIC=1.924284E-03
    GRAD=3.587919E-02
    NuBT=1
    CPU =0.001222

ITER: 292
    HPWL=28358.691406
    OVFL=0.144685
    HPWL=(15523.818359, 12834.873047)
    POTN=2.919573E+03
    PHIC=2.020498E-03
    GRAD=3.601887E-02
    NuBT=1
    CPU =0.001224

ITER: 293
    HPWL=28366.804688
    OVFL=0.144626
    HPWL=(15529.172852, 12837.632812)
    POTN=2.867008E+03
    PHIC=2.121521E-03
    GRAD=3.616023E-02
    NuBT=1
    CPU =0.001215

ITER: 294
    HPWL=28370.300781
    OVFL=0.146394
    HPWL=(15532.228516, 12838.071289)
    POTN=2.883544E+03
    PHIC=2.227596E-03
    GRAD=3.590987E-02
    NuBT=1
    CPU =0.001216

ITER: 295
    HPWL=28368.921875
    OVFL=0.148797
    HPWL=(15531.908203, 12837.014648)
    POTN=2.945467E+03
    PHIC=2.338975E-03
    GRAD=3.552276E-02
    NuBT=1
    CPU =0.001280

ITER: 296
    HPWL=28373.369141
    OVFL=0.151403
    HPWL=(15535.083008, 12838.286133)
    POTN=3.039179E+03
    PHIC=2.455922E-03
    GRAD=3.508842E-02
    NuBT=1
    CPU =0.001236

ITER: 297
    HPWL=28378.238281
    OVFL=0.152060
    HPWL=(15535.762695, 12842.475586)
    POTN=3.182727E+03
    PHIC=2.578716E-03
    GRAD=3.480854E-02
    NuBT=1
    CPU =0.001225

ITER: 298
    HPWL=28383.214844
    OVFL=0.148810
    HPWL=(15538.376953, 12844.836914)
    POTN=3.488302E+03
    PHIC=2.707650E-03
    GRAD=3.479749E-02
    NuBT=1
    CPU =0.001223

ITER: 299
    HPWL=28387.994141
    OVFL=0.145746
    HPWL=(15535.017578, 12852.976562)
    POTN=3.991763E+03
    PHIC=2.843031E-03
    GRAD=3.546991E-02
    NuBT=1
    CPU =0.001227

ITER: 300
    HPWL=28384.953125
    OVFL=0.138890
    HPWL=(15533.166992, 12851.787109)
    POTN=4.993935E+03
    PHIC=2.985182E-03
    GRAD=3.664474E-02
    NuBT=1
    CPU =0.001220

ITER: 301
    HPWL=28373.951172
    OVFL=0.132021
    HPWL=(15519.240234, 12854.710938)
    POTN=6.092902E+03
    PHIC=3.134441E-03
    GRAD=3.788563E-02
    NuBT=1
    CPU =0.001213

ITER: 302
    HPWL=28349.648438
    OVFL=0.122180
    HPWL=(15504.221680, 12845.427734)
    POTN=7.047611E+03
    PHIC=3.291163E-03
    GRAD=3.883015E-02
    NuBT=1
    CPU =0.001220

ITER: 303
    HPWL=28355.251953
    OVFL=0.113238
    HPWL=(15500.173828, 12855.078125)
    POTN=6.959551E+03
    PHIC=3.455718E-03
    GRAD=3.879665E-02
    NuBT=1
    CPU =0.001272

ITER: 304
    HPWL=28359.640625
    OVFL=0.105532
    HPWL=(15505.523438, 12854.117188)
    POTN=6.556086E+03
    PHIC=3.628502E-03
    GRAD=3.839961E-02
    NuBT=1
    CPU =0.001241

ITER: 305
    HPWL=28385.425781
    OVFL=0.103473
    HPWL=(15515.083984, 12870.342773)
    POTN=6.171216E+03
    PHIC=3.809913E-03
    GRAD=3.820661E-02
    NuBT=1
    CPU =0.001216

ITER: 306
    HPWL=28410.546875
    OVFL=0.102047
    HPWL=(15529.885742, 12880.661133)
    POTN=6.383842E+03
    PHIC=4.000394E-03
    GRAD=3.832390E-02
    NuBT=1
    CPU =0.001224

ITER: 307
    HPWL=28401.968750
    OVFL=0.102186
    HPWL=(15516.042969, 12885.925781)
    POTN=7.361997E+03
    PHIC=4.200414E-03
    GRAD=3.900377E-02
    NuBT=1
    CPU =0.001222

ITER: 308
    HPWL=28428.603516
    OVFL=0.101709
    HPWL=(15518.778320, 12909.825195)
    POTN=7.960343E+03
    PHIC=4.410418E-03
    GRAD=3.898541E-02
    NuBT=1
    CPU =0.001227

ITER: 309
    HPWL=28436.378906
    OVFL=0.099929
    HPWL=(15502.855469, 12933.523438)
    POTN=8.123436E+03
    PHIC=4.630933E-03
    GRAD=3.862906E-02
    NuBT=1
    CPU =0.001219
[INFO] Nesterov: NumIters = 309
[INFO] Nesterov: ScaledHpwl = 28436.378906
[INFO] Nesterov: Overflow = 0.099929
[INFO] Nesterov: Potential = 8123.435547
[INFO] Nesterov: xInstScaledHpwl = 28135.724609
[INFO] Nesterov: yInstScaledHpwl = 28436.378906
[INFO] Nesterov: HPWL = 8503.241211
