RePlAce Version: 1.0.0

** WARNING: Your Detail Placement Step must be skipped.
              (i.e. this program will be executed as -onlyGP)
     If you want to have DP after GP, please specify -dpflag and -dploc.

[INFO] TargetDensity = 0.400000
[INFO] ExperimentIndex = 0
[INFO] DirectoryPath = /openLANE_flow/designs/cby_1__1_/runs/pin_placement//tmp/placement/replace/etc/cby_1__1_.floorplan/experiment000
[PROC] Begin LefParsing ...
[LEF] Parsed 500 number of lines!!
WARNING (LEFPARS-2036): SOURCE statement is obsolete in version 5.6 and later.
The LEF parser will ignore this statement.
To avoid this warning in the future, remove this statement from the LEF file with version 5.6 or later. See file /openLANE_flow/designs/cby_1__1_/runs/pin_placement//tmp//merged.lef at line 776.

WARNING (LEFPARS-2036): SOURCE statement is obsolete in version 5.6 and later.
The LEF parser will ignore this statement.
To avoid this warning in the future, remove this statement from the LEF file with version 5.6 or later. See file /openLANE_flow/designs/cby_1__1_/runs/pin_placement//tmp//merged.lef at line 903.

[LEF] Parsed 1000 number of lines!!
WARNING (LEFPARS-2036): SOURCE statement is obsolete in version 5.6 and later.
The LEF parser will ignore this statement.
To avoid this warning in the future, remove this statement from the LEF file with version 5.6 or later. See file /openLANE_flow/designs/cby_1__1_/runs/pin_placement//tmp//merged.lef at line 1034.

WARNING (LEFPARS-2036): SOURCE statement is obsolete in version 5.6 and later.
The LEF parser will ignore this statement.
To avoid this warning in the future, remove this statement from the LEF file with version 5.6 or later. See file /openLANE_flow/designs/cby_1__1_/runs/pin_placement//tmp//merged.lef at line 1204.

WARNING (LEFPARS-2036): SOURCE statement is obsolete in version 5.6 and later.
The LEF parser will ignore this statement.
To avoid this warning in the future, remove this statement from the LEF file with version 5.6 or later. See file /openLANE_flow/designs/cby_1__1_/runs/pin_placement//tmp//merged.lef at line 1322.

WARNING (LEFPARS-2036): SOURCE statement is obsolete in version 5.6 and later.
The LEF parser will ignore this statement.
To avoid this warning in the future, remove this statement from the LEF file with version 5.6 or later. See file /openLANE_flow/designs/cby_1__1_/runs/pin_placement//tmp//merged.lef at line 1442.

[LEF] Parsed 1500 number of lines!!
WARNING (LEFPARS-2036): SOURCE statement is obsolete in version 5.6 and later.
The LEF parser will ignore this statement.
To avoid this warning in the future, remove this statement from the LEF file with version 5.6 or later. See file /openLANE_flow/designs/cby_1__1_/runs/pin_placement//tmp//merged.lef at line 1589.

WARNING (LEFPARS-2036): SOURCE statement is obsolete in version 5.6 and later.
The LEF parser will ignore this statement.
To avoid this warning in the future, remove this statement from the LEF file with version 5.6 or later. See file /openLANE_flow/designs/cby_1__1_/runs/pin_placement//tmp//merged.lef at line 1777.

WARNING (LEFPARS-2036): SOURCE statement is obsolete in version 5.6 and later.
The LEF parser will ignore this statement.
To avoid this warning in the future, remove this statement from the LEF file with version 5.6 or later. See file /openLANE_flow/designs/cby_1__1_/runs/pin_placement//tmp//merged.lef at line 1886.

WARNING (LEFPARS-2036): SOURCE statement is obsolete in version 5.6 and later.
The LEF parser will ignore this statement.
To avoid this warning in the future, remove this statement from the LEF file with version 5.6 or later. See file /openLANE_flow/designs/cby_1__1_/runs/pin_placement//tmp//merged.lef at line 1999.

[LEF] Parsed 2000 number of lines!!
WARNING (LEFPARS-2036): SOURCE statement is obsolete in version 5.6 and later.
The LEF parser will ignore this statement.
To avoid this warning in the future, remove this statement from the LEF file with version 5.6 or later. See file /openLANE_flow/designs/cby_1__1_/runs/pin_placement//tmp//merged.lef at line 2148.

WARNING (LEFPARS-2036): SOURCE statement is obsolete in version 5.6 and later.
The LEF parser will ignore this statement.
To avoid this warning in the future, remove this statement from the LEF file with version 5.6 or later. See file /openLANE_flow/designs/cby_1__1_/runs/pin_placement//tmp//merged.lef at line 2253.

WARNING (LEFPARS-2036): SOURCE statement is obsolete in version 5.6 and later.
The LEF parser will ignore this statement.
To avoid this warning in the future, remove this statement from the LEF file with version 5.6 or later. See file /openLANE_flow/designs/cby_1__1_/runs/pin_placement//tmp//merged.lef at line 2380.

[LEF] Parsed 2500 number of lines!!
WARNING (LEFPARS-2036): SOURCE statement is obsolete in version 5.6 and later.
The LEF parser will ignore this statement.
To avoid this warning in the future, remove this statement from the LEF file with version 5.6 or later. See file /openLANE_flow/designs/cby_1__1_/runs/pin_placement//tmp//merged.lef at line 2547.

WARNING (LEFPARS-2036): SOURCE statement is obsolete in version 5.6 and later.
The LEF parser will ignore this statement.
To avoid this warning in the future, remove this statement from the LEF file with version 5.6 or later. See file /openLANE_flow/designs/cby_1__1_/runs/pin_placement//tmp//merged.lef at line 2653.

WARNING (LEFPARS-2036): SOURCE statement is obsolete in version 5.6 and later.
The LEF parser will ignore this statement.
To avoid this warning in the future, remove this statement from the LEF file with version 5.6 or later. See file /openLANE_flow/designs/cby_1__1_/runs/pin_placement//tmp//merged.lef at line 2770.

WARNING (LEFPARS-2036): SOURCE statement is obsolete in version 5.6 and later.
The LEF parser will ignore this statement.
To avoid this warning in the future, remove this statement from the LEF file with version 5.6 or later. See file /openLANE_flow/designs/cby_1__1_/runs/pin_placement//tmp//merged.lef at line 2908.

[LEF] Parsed 3000 number of lines!!
WARNING (LEFPARS-2036): SOURCE statement is obsolete in version 5.6 and later.
The LEF parser will ignore this statement.
To avoid this warning in the future, remove this statement from the LEF file with version 5.6 or later. See file /openLANE_flow/designs/cby_1__1_/runs/pin_placement//tmp//merged.lef at line 3005.

WARNING (LEFPARS-2036): SOURCE statement is obsolete in version 5.6 and later.
The LEF parser will ignore this statement.
To avoid this warning in the future, remove this statement from the LEF file with version 5.6 or later. See file /openLANE_flow/designs/cby_1__1_/runs/pin_placement//tmp//merged.lef at line 3105.

WARNING (LEFPARS-2036): SOURCE statement is obsolete in version 5.6 and later.
The LEF parser will ignore this statement.
To avoid this warning in the future, remove this statement from the LEF file with version 5.6 or later. See file /openLANE_flow/designs/cby_1__1_/runs/pin_placement//tmp//merged.lef at line 3219.

WARNING (LEFPARS-2036): SOURCE statement is obsolete in version 5.6 and later.
The LEF parser will ignore this statement.
To avoid this warning in the future, remove this statement from the LEF file with version 5.6 or later. See file /openLANE_flow/designs/cby_1__1_/runs/pin_placement//tmp//merged.lef at line 3361.

WARNING (LEFPARS-2036): SOURCE statement is obsolete in version 5.6 and later.
The LEF parser will ignore this statement.
To avoid this warning in the future, remove this statement from the LEF file with version 5.6 or later. See file /openLANE_flow/designs/cby_1__1_/runs/pin_placement//tmp//merged.lef at line 3458.

[LEF] Parsed 3500 number of lines!!
WARNING (LEFPARS-2036): SOURCE statement is obsolete in version 5.6 and later.
The LEF parser will ignore this statement.
To avoid this warning in the future, remove this statement from the LEF file with version 5.6 or later. See file /openLANE_flow/designs/cby_1__1_/runs/pin_placement//tmp//merged.lef at line 3561.

WARNING (LEFPARS-2036): SOURCE statement is obsolete in version 5.6 and later.
The LEF parser will ignore this statement.
To avoid this warning in the future, remove this statement from the LEF file with version 5.6 or later. See file /openLANE_flow/designs/cby_1__1_/runs/pin_placement//tmp//merged.lef at line 3691.

WARNING (LEFPARS-2036): SOURCE statement is obsolete in version 5.6 and later.
The LEF parser will ignore this statement.
To avoid this warning in the future, remove this statement from the LEF file with version 5.6 or later. See file /openLANE_flow/designs/cby_1__1_/runs/pin_placement//tmp//merged.lef at line 3783.

WARNING (LEFPARS-2036): SOURCE statement is obsolete in version 5.6 and later.
The LEF parser will ignore this statement.
To avoid this warning in the future, remove this statement from the LEF file with version 5.6 or later. See file /openLANE_flow/designs/cby_1__1_/runs/pin_placement//tmp//merged.lef at line 3887.

[LEF] Parsed 4000 number of lines!!
WARNING (LEFPARS-2036): SOURCE statement is obsolete in version 5.6 and later.
The LEF parser will ignore this statement.
To avoid this warning in the future, remove this statement from the LEF file with version 5.6 or later. See file /openLANE_flow/designs/cby_1__1_/runs/pin_placement//tmp//merged.lef at line 4018.

WARNING (LEFPARS-2036): SOURCE statement is obsolete in version 5.6 and later.
The LEF parser will ignore this statement.
To avoid this warning in the future, remove this statement from the LEF file with version 5.6 or later. See file /openLANE_flow/designs/cby_1__1_/runs/pin_placement//tmp//merged.lef at line 4148.

WARNING (LEFPARS-2036): SOURCE statement is obsolete in version 5.6 and later.
The LEF parser will ignore this statement.
To avoid this warning in the future, remove this statement from the LEF file with version 5.6 or later. See file /openLANE_flow/designs/cby_1__1_/runs/pin_placement//tmp//merged.lef at line 4282.

WARNING (LEFPARS-2036): SOURCE statement is obsolete in version 5.6 and later.
The LEF parser will ignore this statement.
To avoid this warning in the future, remove this statement from the LEF file with version 5.6 or later. See file /openLANE_flow/designs/cby_1__1_/runs/pin_placement//tmp//merged.lef at line 4467.

[LEF] Parsed 4500 number of lines!!
[LEF] Parsed 5000 number of lines!!
[LEF] Parsed 5500 number of lines!!
[LEF] Parsed 6000 number of lines!!
[LEF] Parsed 6500 number of lines!!
[LEF] Parsed 7000 number of lines!!
[LEF] Parsed 7500 number of lines!!
[LEF] Parsed 8000 number of lines!!
[LEF] Parsed 8500 number of lines!!
[LEF] Parsed 9000 number of lines!!
[LEF] Parsed 9500 number of lines!!
[LEF] Parsed 10000 number of lines!!
[LEF] Parsed 10500 number of lines!!
[LEF] Parsed 11000 number of lines!!
[LEF] Parsed 11500 number of lines!!
[LEF] Parsed 12000 number of lines!!
[LEF] Parsed 12500 number of lines!!
[LEF] Parsed 13000 number of lines!!
[LEF] Parsed 13500 number of lines!!
[LEF] Parsed 14000 number of lines!!
[LEF] Parsed 14500 number of lines!!
[LEF] Parsed 15000 number of lines!!
[LEF] Parsed 15500 number of lines!!
[LEF] Parsed 16000 number of lines!!
[LEF] Parsed 16500 number of lines!!
[LEF] Parsed 17000 number of lines!!
[LEF] Parsed 17500 number of lines!!
[LEF] Parsed 18000 number of lines!!
[LEF] Parsed 18500 number of lines!!
[LEF] Parsed 19000 number of lines!!
[LEF] Parsed 19500 number of lines!!
[LEF] Parsed 20000 number of lines!!
[LEF] Parsed 20500 number of lines!!
[LEF] Parsed 21000 number of lines!!
[LEF] Parsed 21500 number of lines!!
[LEF] Parsed 22000 number of lines!!
[LEF] Parsed 22500 number of lines!!
[LEF] Parsed 23000 number of lines!!
[LEF] Parsed 23500 number of lines!!
[LEF] Parsed 24000 number of lines!!
[LEF] Parsed 24500 number of lines!!
[LEF] Parsed 25000 number of lines!!
[LEF] Parsed 25500 number of lines!!
[LEF] Parsed 26000 number of lines!!
[LEF] Parsed 26500 number of lines!!
[LEF] Parsed 27000 number of lines!!
[LEF] Parsed 27500 number of lines!!
[LEF] Parsed 28000 number of lines!!
[LEF] Parsed 28500 number of lines!!
[LEF] Parsed 29000 number of lines!!
[LEF] Parsed 29500 number of lines!!
[LEF] Parsed 30000 number of lines!!
[LEF] Parsed 30500 number of lines!!
[LEF] Parsed 31000 number of lines!!
[LEF] Parsed 31500 number of lines!!
[LEF] Parsed 32000 number of lines!!
[LEF] Parsed 32500 number of lines!!
[LEF] Parsed 33000 number of lines!!
[LEF] Parsed 33500 number of lines!!
[LEF] Parsed 34000 number of lines!!
[LEF] Parsed 34500 number of lines!!
[LEF] Parsed 35000 number of lines!!
[LEF] Parsed 35500 number of lines!!
[LEF] Parsed 36000 number of lines!!
[LEF] Parsed 36500 number of lines!!
[LEF] Parsed 37000 number of lines!!
[LEF] Parsed 37500 number of lines!!
[LEF] Parsed 38000 number of lines!!
[LEF] Parsed 38500 number of lines!!
[LEF] Parsed 39000 number of lines!!
[LEF] Parsed 39500 number of lines!!
[LEF] Parsed 40000 number of lines!!
[LEF] Parsed 40500 number of lines!!
[LEF] Parsed 41000 number of lines!!
[LEF] Parsed 41500 number of lines!!
[LEF] Parsed 42000 number of lines!!
[LEF] Parsed 42500 number of lines!!
[LEF] Parsed 43000 number of lines!!
[LEF] Parsed 43500 number of lines!!
[LEF] Parsed 44000 number of lines!!
[LEF] Parsed 44500 number of lines!!
[LEF] Parsed 45000 number of lines!!
[LEF] Parsed 45500 number of lines!!
[LEF] Parsed 46000 number of lines!!
[LEF] Parsed 46500 number of lines!!
[LEF] Parsed 47000 number of lines!!
[LEF] Parsed 47500 number of lines!!
[LEF] Parsed 48000 number of lines!!
[LEF] Parsed 48500 number of lines!!
[LEF] Parsed 49000 number of lines!!
[LEF] Parsed 49500 number of lines!!
[LEF] Parsed 50000 number of lines!!
[LEF] Parsed 50500 number of lines!!
[LEF] Parsed 51000 number of lines!!
[LEF] Parsed 51500 number of lines!!
[LEF] Parsed 52000 number of lines!!
[LEF] Parsed 52500 number of lines!!
[LEF] Parsed 53000 number of lines!!
[LEF] Parsed 53500 number of lines!!
[LEF] Parsed 54000 number of lines!!
[LEF] Parsed 54500 number of lines!!
[LEF] Parsed 55000 number of lines!!
[LEF] Parsed 55500 number of lines!!
[LEF] Parsed 56000 number of lines!!
[LEF] Parsed 56500 number of lines!!
[LEF] Parsed 57000 number of lines!!
[LEF] Parsed 57500 number of lines!!
[LEF] Parsed 58000 number of lines!!
[LEF] Parsed 58500 number of lines!!
[LEF] Parsed 59000 number of lines!!
[LEF] Parsed 59500 number of lines!!
[LEF] Parsed 60000 number of lines!!
[LEF] Parsed 60500 number of lines!!
[LEF] Parsed 61000 number of lines!!
[LEF] Parsed 61500 number of lines!!
[LEF] Parsed 62000 number of lines!!
[PROC] End LefParsing
[PROC] Begin DefParsing ...
WARNING (DEFPARS-7011): The NAMESCASESENSITIVE statement is obsolete in version 5.6 and later.
The DEF parser will ignore this statement. See file /openLANE_flow/designs/cby_1__1_/runs/pin_placement//results/floorplan/cby_1__1_.floorplan.def at line 2.

[PROC] End DefParsing
[INFO] DefUnit = 1000
[INFO] LefMetal1Name = li1
[INFO] DefSiteName = unithd
[INFO] ScaleDownUnit = 302.222229
[INFO] OffsetCoordi = (2640.000000, 0.000000)
[INFO] RowSize = (1.522059, 9.000000)
[INFO] NumRows = 23
[INFO] MacroCount = 0
[INFO] NumModules = 41
[INFO] NumTerminals = 141
[INFO] Inserted Dummy Terms = 0
[PROC] Begin Generate Un-fragmented Rows ...
[INFO] CoreAreaLxLy = (27.000000, 36.000000)
[INFO] CoreAreaUxUy = (240.088226, 243.000000)
[INFO] RowSize = (1.522059, 9.000000)
[INFO] NumRows = 23
[PROC] End Generate Un-fragmented Rows
[PROC] Begin DEF Net Parsing ...
[INFO] NumNets = 80
[INFO] NumPins = 176
[PROC] End DEF Net Parsing
[PROC] LEF/DEF Parsing Success!
[INFO] AspectRatio = 0.971429
[INFO] RowMinXY = (27.000000, 36.000000)
[INFO] RowMaxXY = (240.088242, 243.000000)
[INFO] NumPlaceStdCells = 41
[INFO] NumPlaceMacros = 0
[INFO] RowSize = (1.522059, 9.000000)
[INFO] NumRows = 23
[INFO] GlobalAreaLxLy = (9.496324, 6.617647)
[INFO] GlobalAreaUxUy = (251.784927, 278.520203)
[INFO] PlaceAreaLxLy = (27.000000, 36.000000)
[INFO] PlaceAreaUxUy = (240.088242, 243.000000)
[INFO] TotalPlaceArea = 44109.265625
[INFO] TotalFixedArea = 2575.319824
[INFO] TotalWhiteSpaceArea = 41533.945312
[INFO] TotalPlaceMacrosArea = 0.000000
[INFO] TotalPlaceStdCellsArea = 11356.079102
[INFO] Util(%) = 25.745338
[INFO] 80pCellArea = 271.687439
[INFO] FillerInit: TotalFillerArea = 5257.499023
[INFO] FillerInit: NumFillerCells = 19
[INFO] FillerInit: FillerCellArea = 271.687561
[INFO] FillerInit: FillerCellSize = (30.187508, 9.000000)
[INFO] FillerInit: NumCells = 60
[INFO] FillerInit: NumModules = 41
[INFO] FillerInit: NumFillers = 19
INFO:  D_MSH = 1024 
INFO:  MSH(X, Y) = (32, 32)
[INFO] TierInit: TierUtil = 0.257453
[INFO] TierInit: NumModules = 41
[INFO] TierInit: PlaceArea = 44109.265625
[INFO] TierInit: CoreSpacingArea = 0.000000
[INFO] TierInit: TerminalArea = 2575.319824
[INFO] TierInit: ModuleArea = 11356.079102
[INFO] TierInit: FillerArea = 5257.499023
[INFO] TierInit: NumFillers = 19
[INFO] TierInit: FillerMinIdx = 41
[INFO] TierInit: FillerMaxIdx = 60
INFO:  dim_bin_cGP2D.(x,y) = (8, 8)
cell Init 2D:
tier->bin_stp: (26.636 25.875)
tier->half_bin_stp: (13.318 12.9375)
PROC:  Start NESTEROV's Optimization
PROC:    Global Lagrangian Multiplier is Applied

ITER: 0
    HPWL=10606.255859
    OVFL=0.912229
    HPWL=(5227.896484, 5378.359863)
    POTN=1.225962E+05
    PHIC=6.249465E-09
    GRAD=3.155079E-02
    NuBT=0
    CPU =0.000000

ITER: 1
    HPWL=10606.208984
    OVFL=0.912229
    HPWL=(5227.869629, 5378.339355)
    POTN=1.225953E+05
    PHIC=6.561939E-09
    GRAD=4.933917E-02
    NuBT=1
    CPU =0.000112

ITER: 2
    HPWL=10606.044922
    OVFL=0.912229
    HPWL=(5227.778809, 5378.266113)
    POTN=1.225921E+05
    PHIC=6.890035E-09
    GRAD=4.933740E-02
    NuBT=1
    CPU =0.000053

ITER: 3
    HPWL=7801.238770
    OVFL=0.729006
    HPWL=(3670.692871, 4130.545898)
    POTN=6.537711E+04
    PHIC=7.234537E-09
    GRAD=1.949603E-02
    NuBT=1
    CPU =0.000050

ITER: 4
    HPWL=7256.254883
    OVFL=0.685819
    HPWL=(3371.192383, 3885.062744)
    POTN=5.303097E+04
    PHIC=7.596263E-09
    GRAD=1.725462E-02
    NuBT=2
    CPU =0.000197

ITER: 5
    HPWL=7325.815918
    OVFL=0.685368
    HPWL=(3421.823730, 3903.992188)
    POTN=5.232684E+04
    PHIC=7.975999E-09
    GRAD=2.911643E-02
    NuBT=3
    CPU =0.000135

ITER: 6
    HPWL=7225.810547
    OVFL=0.688895
    HPWL=(3363.777588, 3862.032959)
    POTN=5.375802E+04
    PHIC=8.374798E-09
    GRAD=1.829985E-02
    NuBT=1
    CPU =0.000061

ITER: 7
    HPWL=7226.357422
    OVFL=0.682548
    HPWL=(3363.982910, 3862.374268)
    POTN=5.428520E+04
    PHIC=8.793537E-09
    GRAD=1.798681E-02
    NuBT=1
    CPU =0.000063

ITER: 8
    HPWL=7223.312500
    OVFL=0.684433
    HPWL=(3362.636963, 3860.675781)
    POTN=5.399795E+04
    PHIC=9.233213E-09
    GRAD=1.834114E-02
    NuBT=1
    CPU =0.000059

ITER: 9
    HPWL=7223.352539
    OVFL=0.684304
    HPWL=(3362.652100, 3860.700439)
    POTN=5.399669E+04
    PHIC=9.694873E-09
    GRAD=1.816426E-02
    NuBT=5
    CPU =0.000187

ITER: 10
    HPWL=7223.335938
    OVFL=0.684384
    HPWL=(3362.647949, 3860.687988)
    POTN=5.399689E+04
    PHIC=1.017962E-08
    GRAD=1.817603E-02
    NuBT=1
    CPU =0.000059

ITER: 11
    HPWL=7223.251465
    OVFL=0.685248
    HPWL=(3362.616211, 3860.635254)
    POTN=5.400129E+04
    PHIC=1.068860E-08
    GRAD=1.816918E-02
    NuBT=1
    CPU =0.000060

ITER: 12
    HPWL=7223.303711
    OVFL=0.685413
    HPWL=(3362.637695, 3860.666260)
    POTN=5.400160E+04
    PHIC=1.122303E-08
    GRAD=1.808877E-02
    NuBT=4
    CPU =0.000156

ITER: 13
    HPWL=7223.240723
    OVFL=0.685175
    HPWL=(3362.612305, 3860.628418)
    POTN=5.399853E+04
    PHIC=1.178418E-08
    GRAD=1.807478E-02
    NuBT=1
    CPU =0.000061

ITER: 14
    HPWL=7223.255859
    OVFL=0.684715
    HPWL=(3362.606934, 3860.648682)
    POTN=5.399416E+04
    PHIC=1.237339E-08
    GRAD=1.809505E-02
    NuBT=1
    CPU =0.000094

ITER: 15
    HPWL=7223.289062
    OVFL=0.684592
    HPWL=(3362.621094, 3860.668213)
    POTN=5.399224E+04
    PHIC=1.299205E-08
    GRAD=1.813765E-02
    NuBT=5
    CPU =0.000188

ITER: 16
    HPWL=7223.232422
    OVFL=0.684842
    HPWL=(3362.625244, 3860.606934)
    POTN=5.399183E+04
    PHIC=1.364166E-08
    GRAD=1.814977E-02
    NuBT=1
    CPU =0.000057

ITER: 17
    HPWL=7223.219727
    OVFL=0.685013
    HPWL=(3362.616455, 3860.603027)
    POTN=5.399012E+04
    PHIC=1.432374E-08
    GRAD=1.812563E-02
    NuBT=1
    CPU =0.000059

ITER: 18
    HPWL=7223.222656
    OVFL=0.685035
    HPWL=(3362.612305, 3860.610352)
    POTN=5.398843E+04
    PHIC=1.503992E-08
    GRAD=1.811155E-02
    NuBT=6
    CPU =0.000224

ITER: 19
    HPWL=7223.219727
    OVFL=0.684997
    HPWL=(3362.608887, 3860.610840)
    POTN=5.398667E+04
    PHIC=1.579192E-08
    GRAD=1.810724E-02
    NuBT=1
    CPU =0.000058

ITER: 20
    HPWL=7223.201172
    OVFL=0.684878
    HPWL=(3362.605225, 3860.595703)
    POTN=5.398407E+04
    PHIC=1.658152E-08
    GRAD=1.811219E-02
    NuBT=1
    CPU =0.000057

ITER: 21
    HPWL=7223.209961
    OVFL=0.684875
    HPWL=(3362.606445, 3860.603760)
    POTN=5.398185E+04
    PHIC=1.741059E-08
    GRAD=1.812363E-02
    NuBT=6
    CPU =0.000220

ITER: 22
    HPWL=7223.217773
    OVFL=0.684899
    HPWL=(3362.608643, 3860.609131)
    POTN=5.397966E+04
    PHIC=1.828112E-08
    GRAD=1.812377E-02
    NuBT=1
    CPU =0.000081

ITER: 23
    HPWL=7223.225098
    OVFL=0.684926
    HPWL=(3362.613525, 3860.611572)
    POTN=5.397723E+04
    PHIC=1.919518E-08
    GRAD=1.812263E-02
    NuBT=1
    CPU =0.000055

ITER: 24
    HPWL=7223.227051
    OVFL=0.684948
    HPWL=(3362.617432, 3860.609619)
    POTN=5.397467E+04
    PHIC=2.015493E-08
    GRAD=1.811810E-02
    NuBT=3
    CPU =0.000114

ITER: 25
    HPWL=7223.230469
    OVFL=0.684917
    HPWL=(3362.621826, 3860.608398)
    POTN=5.397202E+04
    PHIC=2.116268E-08
    GRAD=1.811696E-02
    NuBT=1
    CPU =0.000049

ITER: 26
    HPWL=7223.230469
    OVFL=0.684914
    HPWL=(3362.623535, 3860.607178)
    POTN=5.396868E+04
    PHIC=2.222081E-08
    GRAD=1.811842E-02
    NuBT=1
    CPU =0.000049

ITER: 27
    HPWL=7223.233887
    OVFL=0.684942
    HPWL=(3362.626709, 3860.607178)
    POTN=5.396491E+04
    PHIC=2.333185E-08
    GRAD=1.811854E-02
    NuBT=2
    CPU =0.000082

ITER: 28
    HPWL=7223.239258
    OVFL=0.684913
    HPWL=(3362.630859, 3860.608643)
    POTN=5.396125E+04
    PHIC=2.449844E-08
    GRAD=1.811707E-02
    NuBT=1
    CPU =0.000049

ITER: 29
    HPWL=7223.246094
    OVFL=0.684919
    HPWL=(3362.636475, 3860.609863)
    POTN=5.395685E+04
    PHIC=2.572336E-08
    GRAD=1.811850E-02
    NuBT=1
    CPU =0.000048

ITER: 30
    HPWL=7223.252930
    OVFL=0.684918
    HPWL=(3362.642578, 3860.610596)
    POTN=5.395180E+04
    PHIC=2.700953E-08
    GRAD=1.811812E-02
    NuBT=1
    CPU =0.000049

ITER: 31
    HPWL=7223.259277
    OVFL=0.684926
    HPWL=(3362.647949, 3860.611328)
    POTN=5.394639E+04
    PHIC=2.836001E-08
    GRAD=1.811814E-02
    NuBT=1
    CPU =0.000053

ITER: 32
    HPWL=7223.265625
    OVFL=0.684918
    HPWL=(3362.653076, 3860.612305)
    POTN=5.394016E+04
    PHIC=2.977801E-08
    GRAD=1.811768E-02
    NuBT=1
    CPU =0.000050

ITER: 33
    HPWL=7223.269531
    OVFL=0.684926
    HPWL=(3362.656250, 3860.613281)
    POTN=5.393367E+04
    PHIC=3.126690E-08
    GRAD=1.811800E-02
    NuBT=2
    CPU =0.000081

ITER: 34
    HPWL=7223.274902
    OVFL=0.684914
    HPWL=(3362.660400, 3860.614502)
    POTN=5.392617E+04
    PHIC=3.283025E-08
    GRAD=1.811752E-02
    NuBT=1
    CPU =0.000055

ITER: 35
    HPWL=7223.281738
    OVFL=0.684926
    HPWL=(3362.666260, 3860.615479)
    POTN=5.391855E+04
    PHIC=3.447176E-08
    GRAD=1.811799E-02
    NuBT=1
    CPU =0.000049

ITER: 36
    HPWL=7223.286133
    OVFL=0.684911
    HPWL=(3362.669189, 3860.616943)
    POTN=5.390998E+04
    PHIC=3.619534E-08
    GRAD=1.811747E-02
    NuBT=1
    CPU =0.000049

ITER: 37
    HPWL=7223.286133
    OVFL=0.684927
    HPWL=(3362.667969, 3860.618408)
    POTN=5.390122E+04
    PHIC=3.800511E-08
    GRAD=1.812129E-02
    NuBT=2
    CPU =0.000081

ITER: 38
    HPWL=7223.291992
    OVFL=0.684909
    HPWL=(3362.672607, 3860.619141)
    POTN=5.389166E+04
    PHIC=3.990536E-08
    GRAD=1.811724E-02
    NuBT=1
    CPU =0.000048

ITER: 39
    HPWL=7223.298828
    OVFL=0.684928
    HPWL=(3362.677246, 3860.621338)
    POTN=5.388203E+04
    PHIC=4.190063E-08
    GRAD=1.812124E-02
    NuBT=1
    CPU =0.000066

ITER: 40
    HPWL=7223.304199
    OVFL=0.684909
    HPWL=(3362.682617, 3860.621582)
    POTN=5.387143E+04
    PHIC=4.399566E-08
    GRAD=1.811705E-02
    NuBT=1
    CPU =0.000050

ITER: 41
    HPWL=7223.321777
    OVFL=0.684940
    HPWL=(3362.698486, 3860.623291)
    POTN=5.386154E+04
    PHIC=4.619544E-08
    GRAD=1.812110E-02
    NuBT=1
    CPU =0.000052

ITER: 42
    HPWL=7223.350586
    OVFL=0.684895
    HPWL=(3362.725830, 3860.624512)
    POTN=5.384680E+04
    PHIC=4.850521E-08
    GRAD=1.811627E-02
    NuBT=2
    CPU =0.000084

ITER: 43
    HPWL=7223.358398
    OVFL=0.684949
    HPWL=(3362.732178, 3860.626221)
    POTN=5.383741E+04
    PHIC=5.093046E-08
    GRAD=1.812159E-02
    NuBT=1
    CPU =0.000049

ITER: 44
    HPWL=7223.384766
    OVFL=0.684889
    HPWL=(3362.756348, 3860.628418)
    POTN=5.381963E+04
    PHIC=5.347698E-08
    GRAD=1.811567E-02
    NuBT=2
    CPU =0.000081

ITER: 45
    HPWL=7223.395996
    OVFL=0.684963
    HPWL=(3362.758789, 3860.637207)
    POTN=5.381061E+04
    PHIC=5.615083E-08
    GRAD=1.812167E-02
    NuBT=1
    CPU =0.000051

ITER: 46
    HPWL=7223.467773
    OVFL=0.684878
    HPWL=(3362.805420, 3860.662354)
    POTN=5.378944E+04
    PHIC=5.895837E-08
    GRAD=1.811226E-02
    NuBT=1
    CPU =0.000049

ITER: 47
    HPWL=7223.463867
    OVFL=0.684965
    HPWL=(3362.807129, 3860.656494)
    POTN=5.377911E+04
    PHIC=6.190628E-08
    GRAD=1.812196E-02
    NuBT=1
    CPU =0.000049

ITER: 48
    HPWL=7223.484863
    OVFL=0.684863
    HPWL=(3362.820068, 3860.664795)
    POTN=5.375843E+04
    PHIC=6.500159E-08
    GRAD=1.811191E-02
    NuBT=1
    CPU =0.000050

ITER: 49
    HPWL=7223.538086
    OVFL=0.684978
    HPWL=(3362.851807, 3860.686279)
    POTN=5.374223E+04
    PHIC=6.825167E-08
    GRAD=1.812252E-02
    NuBT=1
    CPU =0.000053

ITER: 50
    HPWL=7223.555664
    OVFL=0.684879
    HPWL=(3362.859619, 3860.696289)
    POTN=5.372281E+04
    PHIC=7.166425E-08
    GRAD=1.811101E-02
    NuBT=1
    CPU =0.000049

ITER: 51
    HPWL=7223.589844
    OVFL=0.684978
    HPWL=(3362.849121, 3860.740479)
    POTN=5.370200E+04
    PHIC=7.524746E-08
    GRAD=1.812150E-02
    NuBT=1
    CPU =0.000049

ITER: 52
    HPWL=7223.618652
    OVFL=0.684873
    HPWL=(3362.872559, 3860.746094)
    POTN=5.368154E+04
    PHIC=7.900983E-08
    GRAD=1.811075E-02
    NuBT=1
    CPU =0.000049

ITER: 53
    HPWL=7223.665527
    OVFL=0.684972
    HPWL=(3362.866699, 3860.798828)
    POTN=5.365686E+04
    PHIC=8.296032E-08
    GRAD=1.812145E-02
    NuBT=1
    CPU =0.000049

ITER: 54
    HPWL=7223.677246
    OVFL=0.684870
    HPWL=(3362.883301, 3860.793945)
    POTN=5.363632E+04
    PHIC=8.710833E-08
    GRAD=1.811084E-02
    NuBT=1
    CPU =0.000050

ITER: 55
    HPWL=7223.705078
    OVFL=0.684969
    HPWL=(3362.870361, 3860.834717)
    POTN=5.360818E+04
    PHIC=9.146375E-08
    GRAD=1.812139E-02
    NuBT=1
    CPU =0.000049

ITER: 56
    HPWL=7223.704102
    OVFL=0.684865
    HPWL=(3362.881592, 3860.822266)
    POTN=5.358676E+04
    PHIC=9.603693E-08
    GRAD=1.811071E-02
    NuBT=1
    CPU =0.000048

ITER: 57
    HPWL=7223.712891
    OVFL=0.684967
    HPWL=(3362.885498, 3860.827148)
    POTN=5.355570E+04
    PHIC=1.008388E-07
    GRAD=1.812129E-02
    NuBT=1
    CPU =0.000070

ITER: 58
    HPWL=7223.766113
    OVFL=0.684863
    HPWL=(3362.917725, 3860.848389)
    POTN=5.353132E+04
    PHIC=1.058807E-07
    GRAD=1.811034E-02
    NuBT=1
    CPU =0.000054

ITER: 59
    HPWL=7223.787598
    OVFL=0.684968
    HPWL=(3362.919922, 3860.867676)
    POTN=5.349619E+04
    PHIC=1.111747E-07
    GRAD=1.812099E-02
    NuBT=1
    CPU =0.000049

ITER: 60
    HPWL=7223.826172
    OVFL=0.684859
    HPWL=(3362.953125, 3860.873047)
    POTN=5.346664E+04
    PHIC=1.167335E-07
    GRAD=1.810995E-02
    NuBT=1
    CPU =0.000049

ITER: 61
    HPWL=7223.911133
    OVFL=0.684972
    HPWL=(3362.972412, 3860.938721)
    POTN=5.342566E+04
    PHIC=1.225701E-07
    GRAD=1.812081E-02
    NuBT=1
    CPU =0.000049

ITER: 62
    HPWL=7223.913086
    OVFL=0.684831
    HPWL=(3362.970703, 3860.942383)
    POTN=5.339338E+04
    PHIC=1.286986E-07
    GRAD=1.810941E-02
    NuBT=1
    CPU =0.000048

ITER: 63
    HPWL=7223.892578
    OVFL=0.684977
    HPWL=(3362.958252, 3860.934570)
    POTN=5.334600E+04
    PHIC=1.351336E-07
    GRAD=1.812161E-02
    NuBT=1
    CPU =0.000049

ITER: 64
    HPWL=7223.928711
    OVFL=0.684854
    HPWL=(3362.976318, 3860.952148)
    POTN=5.331226E+04
    PHIC=1.418902E-07
    GRAD=1.810854E-02
    NuBT=1
    CPU =0.000049

ITER: 65
    HPWL=7224.005859
    OVFL=0.684973
    HPWL=(3363.011475, 3860.994629)
    POTN=5.325826E+04
    PHIC=1.489847E-07
    GRAD=1.812014E-02
    NuBT=1
    CPU =0.000052

ITER: 66
    HPWL=7224.100586
    OVFL=0.684846
    HPWL=(3363.078125, 3861.022217)
    POTN=5.322020E+04
    PHIC=1.564340E-07
    GRAD=1.810838E-02
    NuBT=1
    CPU =0.000049

ITER: 67
    HPWL=7224.164551
    OVFL=0.684972
    HPWL=(3363.064453, 3861.100098)
    POTN=5.315579E+04
    PHIC=1.642557E-07
    GRAD=1.812010E-02
    NuBT=1
    CPU =0.000051

ITER: 68
    HPWL=7224.190918
    OVFL=0.684851
    HPWL=(3363.083252, 3861.107666)
    POTN=5.311440E+04
    PHIC=1.724684E-07
    GRAD=1.810785E-02
    NuBT=1
    CPU =0.000054

ITER: 69
    HPWL=7224.192383
    OVFL=0.684943
    HPWL=(3363.058594, 3861.133789)
    POTN=5.304227E+04
    PHIC=1.810918E-07
    GRAD=1.811928E-02
    NuBT=1
    CPU =0.000054

ITER: 70
    HPWL=7224.284180
    OVFL=0.684873
    HPWL=(3363.125977, 3861.157959)
    POTN=5.299496E+04
    PHIC=1.901464E-07
    GRAD=1.811115E-02
    NuBT=1
    CPU =0.000049

ITER: 71
    HPWL=7224.333984
    OVFL=0.684923
    HPWL=(3363.148193, 3861.185791)
    POTN=5.291496E+04
    PHIC=1.996538E-07
    GRAD=1.811758E-02
    NuBT=2
    CPU =0.000082

ITER: 72
    HPWL=7224.412598
    OVFL=0.684879
    HPWL=(3363.199219, 3861.213379)
    POTN=5.286390E+04
    PHIC=2.096364E-07
    GRAD=1.811150E-02
    NuBT=1
    CPU =0.000049

ITER: 73
    HPWL=7224.541016
    OVFL=0.684906
    HPWL=(3363.249756, 3861.291016)
    POTN=5.277458E+04
    PHIC=2.201183E-07
    GRAD=1.811680E-02
    NuBT=1
    CPU =0.000049

ITER: 74
    HPWL=7224.584961
    OVFL=0.684908
    HPWL=(3363.303223, 3861.281738)
    POTN=5.272354E+04
    PHIC=2.311242E-07
    GRAD=1.811492E-02
    NuBT=1
    CPU =0.000049

ITER: 75
    HPWL=7224.603027
    OVFL=0.684875
    HPWL=(3363.307373, 3861.295654)
    POTN=5.262587E+04
    PHIC=2.426804E-07
    GRAD=1.811463E-02
    NuBT=1
    CPU =0.000049

ITER: 76
    HPWL=7224.668945
    OVFL=0.684922
    HPWL=(3363.338379, 3861.330811)
    POTN=5.254811E+04
    PHIC=2.548144E-07
    GRAD=1.811556E-02
    NuBT=1
    CPU =0.000064

ITER: 77
    HPWL=7224.822266
    OVFL=0.684854
    HPWL=(3363.358154, 3861.463867)
    POTN=5.242343E+04
    PHIC=2.675551E-07
    GRAD=1.810998E-02
    NuBT=1
    CPU =0.000051

ITER: 78
    HPWL=7224.885742
    OVFL=0.684940
    HPWL=(3363.405518, 3861.480469)
    POTN=5.233811E+04
    PHIC=2.809328E-07
    GRAD=1.811583E-02
    NuBT=1
    CPU =0.000048

ITER: 79
    HPWL=7224.941406
    OVFL=0.684823
    HPWL=(3363.415771, 3861.525635)
    POTN=5.219870E+04
    PHIC=2.949794E-07
    GRAD=1.810827E-02
    NuBT=1
    CPU =0.000051

ITER: 80
    HPWL=7225.018066
    OVFL=0.684965
    HPWL=(3363.484131, 3861.533936)
    POTN=5.210385E+04
    PHIC=3.097284E-07
    GRAD=1.811640E-02
    NuBT=1
    CPU =0.000053

ITER: 81
    HPWL=7225.169922
    OVFL=0.684830
    HPWL=(3363.526855, 3861.643311)
    POTN=5.194731E+04
    PHIC=3.252148E-07
    GRAD=1.810369E-02
    NuBT=1
    CPU =0.000049

ITER: 82
    HPWL=7225.250488
    OVFL=0.684921
    HPWL=(3363.580811, 3861.669678)
    POTN=5.184339E+04
    PHIC=3.414755E-07
    GRAD=1.811515E-02
    NuBT=1
    CPU =0.000048

ITER: 83
    HPWL=7225.353516
    OVFL=0.684846
    HPWL=(3363.588867, 3861.764893)
    POTN=5.166828E+04
    PHIC=3.585492E-07
    GRAD=1.810746E-02
    NuBT=1
    CPU =0.000049

ITER: 84
    HPWL=7225.443359
    OVFL=0.684931
    HPWL=(3363.638184, 3861.805176)
    POTN=5.155253E+04
    PHIC=3.764767E-07
    GRAD=1.811347E-02
    NuBT=1
    CPU =0.000049

ITER: 85
    HPWL=7225.599609
    OVFL=0.684848
    HPWL=(3363.645020, 3861.954590)
    POTN=5.135704E+04
    PHIC=3.953005E-07
    GRAD=1.810613E-02
    NuBT=1
    CPU =0.000049

ITER: 86
    HPWL=7225.737305
    OVFL=0.684890
    HPWL=(3363.722900, 3862.014404)
    POTN=5.123655E+04
    PHIC=4.150655E-07
    GRAD=1.811246E-02
    NuBT=1
    CPU =0.000049

ITER: 87
    HPWL=7225.812988
    OVFL=0.684868
    HPWL=(3363.739014, 3862.073975)
    POTN=5.102461E+04
    PHIC=4.358187E-07
    GRAD=1.811012E-02
    NuBT=1
    CPU =0.000049

ITER: 88
    HPWL=7225.804688
    OVFL=0.684872
    HPWL=(3363.783936, 3862.020752)
    POTN=5.086594E+04
    PHIC=4.576097E-07
    GRAD=1.811010E-02
    NuBT=1
    CPU =0.000048

ITER: 89
    HPWL=7225.951660
    OVFL=0.684891
    HPWL=(3363.823486, 3862.128174)
    POTN=5.064129E+04
    PHIC=4.804901E-07
    GRAD=1.810968E-02
    NuBT=1
    CPU =0.000050

ITER: 90
    HPWL=7226.173828
    OVFL=0.684830
    HPWL=(3363.941650, 3862.231934)
    POTN=5.050067E+04
    PHIC=5.045146E-07
    GRAD=1.810793E-02
    NuBT=1
    CPU =0.000049

ITER: 91
    HPWL=7226.395508
    OVFL=0.684882
    HPWL=(3363.980469, 3862.415039)
    POTN=5.024992E+04
    PHIC=5.297403E-07
    GRAD=1.811078E-02
    NuBT=1
    CPU =0.000053

ITER: 92
    HPWL=7226.435547
    OVFL=0.684857
    HPWL=(3364.074951, 3862.360352)
    POTN=5.010526E+04
    PHIC=5.562273E-07
    GRAD=1.810702E-02
    NuBT=1
    CPU =0.000051

ITER: 93
    HPWL=7226.483398
    OVFL=0.684889
    HPWL=(3364.071045, 3862.412109)
    POTN=4.983786E+04
    PHIC=5.840386E-07
    GRAD=1.810778E-02
    NuBT=1
    CPU =0.000050

ITER: 94
    HPWL=7226.589844
    OVFL=0.684802
    HPWL=(3364.148926, 3862.440918)
    POTN=4.969391E+04
    PHIC=6.132405E-07
    GRAD=1.810501E-02
    NuBT=1
    CPU =0.000048

ITER: 95
    HPWL=7226.888184
    OVFL=0.684894
    HPWL=(3364.208252, 3862.679932)
    POTN=4.941747E+04
    PHIC=6.439025E-07
    GRAD=1.811239E-02
    NuBT=1
    CPU =0.000049

ITER: 96
    HPWL=7227.107422
    OVFL=0.684795
    HPWL=(3364.358154, 3862.749268)
    POTN=4.926988E+04
    PHIC=6.760976E-07
    GRAD=1.810388E-02
    NuBT=1
    CPU =0.000064

ITER: 97
    HPWL=7227.304688
    OVFL=0.684892
    HPWL=(3364.378906, 3862.926025)
    POTN=4.899137E+04
    PHIC=7.099025E-07
    GRAD=1.811145E-02
    NuBT=1
    CPU =0.000050

ITER: 98
    HPWL=7227.416992
    OVFL=0.684792
    HPWL=(3364.479248, 3862.937500)
    POTN=4.886280E+04
    PHIC=7.453975E-07
    GRAD=1.810221E-02
    NuBT=1
    CPU =0.000049

ITER: 99
    HPWL=7227.668945
    OVFL=0.684852
    HPWL=(3364.523438, 3863.145508)
    POTN=4.854927E+04
    PHIC=7.826674E-07
    GRAD=1.810990E-02
    NuBT=1
    CPU =0.000050

ITER: 100
    HPWL=7227.737305
    OVFL=0.684796
    HPWL=(3364.626953, 3863.110352)
    POTN=4.839930E+04
    PHIC=8.218007E-07
    GRAD=1.810204E-02
    NuBT=1
    CPU =0.000056

ITER: 101
    HPWL=7227.872559
    OVFL=0.684854
    HPWL=(3364.655518, 3863.217041)
    POTN=4.808075E+04
    PHIC=8.628907E-07
    GRAD=1.810732E-02
    NuBT=1
    CPU =0.000056

ITER: 102
    HPWL=7228.017090
    OVFL=0.684780
    HPWL=(3364.792480, 3863.224609)
    POTN=4.793058E+04
    PHIC=9.060352E-07
    GRAD=1.809974E-02
    NuBT=1
    CPU =0.000063

ITER: 103
    HPWL=7228.295410
    OVFL=0.684855
    HPWL=(3364.817139, 3863.478271)
    POTN=4.759320E+04
    PHIC=9.513369E-07
    GRAD=1.810630E-02
    NuBT=1
    CPU =0.000058

ITER: 104
    HPWL=7228.389648
    OVFL=0.684766
    HPWL=(3364.971680, 3863.417725)
    POTN=4.745323E+04
    PHIC=9.989037E-07
    GRAD=1.809724E-02
    NuBT=1
    CPU =0.000058

ITER: 105
    HPWL=7228.727539
    OVFL=0.684832
    HPWL=(3365.031250, 3863.696045)
    POTN=4.714245E+04
    PHIC=1.048849E-06
    GRAD=1.810467E-02
    NuBT=1
    CPU =0.000055

ITER: 106
    HPWL=7228.631836
    OVFL=0.684743
    HPWL=(3365.197510, 3863.434326)
    POTN=4.701513E+04
    PHIC=1.101291E-06
    GRAD=1.809489E-02
    NuBT=1
    CPU =0.000056

ITER: 107
    HPWL=7229.040527
    OVFL=0.684825
    HPWL=(3365.256836, 3863.783691)
    POTN=4.668824E+04
    PHIC=1.156356E-06
    GRAD=1.810514E-02
    NuBT=1
    CPU =0.000057

ITER: 108
    HPWL=7228.976562
    OVFL=0.684737
    HPWL=(3365.476562, 3863.500244)
    POTN=4.655414E+04
    PHIC=1.214173E-06
    GRAD=1.809166E-02
    NuBT=1
    CPU =0.000056

ITER: 109
    HPWL=7229.667480
    OVFL=0.684817
    HPWL=(3365.598633, 3864.068848)
    POTN=4.620896E+04
    PHIC=1.274882E-06
    GRAD=1.810288E-02
    NuBT=1
    CPU =0.000056

ITER: 110
    HPWL=7229.472656
    OVFL=0.684708
    HPWL=(3365.841309, 3863.631104)
    POTN=4.608099E+04
    PHIC=1.338626E-06
    GRAD=1.808835E-02
    NuBT=1
    CPU =0.000057

ITER: 111
    HPWL=7230.291992
    OVFL=0.684810
    HPWL=(3365.940186, 3864.351562)
    POTN=4.570919E+04
    PHIC=1.405557E-06
    GRAD=1.810112E-02
    NuBT=1
    CPU =0.000058

ITER: 112
    HPWL=7230.046387
    OVFL=0.684704
    HPWL=(3366.209961, 3863.836426)
    POTN=4.558306E+04
    PHIC=1.475835E-06
    GRAD=1.808479E-02
    NuBT=1
    CPU =0.000055

ITER: 113
    HPWL=7230.879395
    OVFL=0.684774
    HPWL=(3366.337891, 3864.541504)
    POTN=4.522623E+04
    PHIC=1.549626E-06
    GRAD=1.810064E-02
    NuBT=1
    CPU =0.000053

ITER: 114
    HPWL=7230.703125
    OVFL=0.684670
    HPWL=(3366.655518, 3864.047363)
    POTN=4.512806E+04
    PHIC=1.627107E-06
    GRAD=1.808547E-02
    NuBT=1
    CPU =0.000072

ITER: 115
    HPWL=7231.657227
    OVFL=0.684801
    HPWL=(3366.796875, 3864.860107)
    POTN=4.481695E+04
    PHIC=1.708462E-06
    GRAD=1.809848E-02
    NuBT=1
    CPU =0.000054

ITER: 116
    HPWL=7231.431641
    OVFL=0.684616
    HPWL=(3367.114746, 3864.317139)
    POTN=4.476977E+04
    PHIC=1.793885E-06
    GRAD=1.807991E-02
    NuBT=1
    CPU =0.000052

ITER: 117
    HPWL=7232.315918
    OVFL=0.684733
    HPWL=(3367.243652, 3865.072266)
    POTN=4.446850E+04
    PHIC=1.883579E-06
    GRAD=1.809625E-02
    NuBT=1
    CPU =0.000057

ITER: 118
    HPWL=7232.023438
    OVFL=0.684630
    HPWL=(3367.547607, 3864.475586)
    POTN=4.444464E+04
    PHIC=1.977758E-06
    GRAD=1.808053E-02
    NuBT=1
    CPU =0.000069

ITER: 119
    HPWL=7232.762695
    OVFL=0.684729
    HPWL=(3367.664795, 3865.097656)
    POTN=4.414087E+04
    PHIC=2.076646E-06
    GRAD=1.808930E-02
    NuBT=1
    CPU =0.000056

ITER: 120
    HPWL=7232.630859
    OVFL=0.684591
    HPWL=(3368.028564, 3864.602295)
    POTN=4.411546E+04
    PHIC=2.180478E-06
    GRAD=1.807486E-02
    NuBT=1
    CPU =0.000047

ITER: 121
    HPWL=7233.306641
    OVFL=0.684705
    HPWL=(3368.110596, 3865.196045)
    POTN=4.379519E+04
    PHIC=2.289502E-06
    GRAD=1.808792E-02
    NuBT=1
    CPU =0.000033

ITER: 122
    HPWL=7233.111328
    OVFL=0.684549
    HPWL=(3368.429443, 3864.681885)
    POTN=4.376712E+04
    PHIC=2.403977E-06
    GRAD=1.807243E-02
    NuBT=1
    CPU =0.000030

ITER: 123
    HPWL=7233.845703
    OVFL=0.684687
    HPWL=(3368.543701, 3865.301758)
    POTN=4.344883E+04
    PHIC=2.524175E-06
    GRAD=1.808541E-02
    NuBT=1
    CPU =0.000031

ITER: 124
    HPWL=7233.702148
    OVFL=0.684497
    HPWL=(3368.904785, 3864.797607)
    POTN=4.342792E+04
    PHIC=2.650384E-06
    GRAD=1.806580E-02
    NuBT=1
    CPU =0.000030

ITER: 125
    HPWL=7234.340820
    OVFL=0.684649
    HPWL=(3368.990234, 3865.350830)
    POTN=4.311717E+04
    PHIC=2.782902E-06
    GRAD=1.808285E-02
    NuBT=1
    CPU =0.000030

ITER: 126
    HPWL=7234.139160
    OVFL=0.684467
    HPWL=(3369.326904, 3864.812256)
    POTN=4.310214E+04
    PHIC=2.922047E-06
    GRAD=1.805887E-02
    NuBT=1
    CPU =0.000030

ITER: 127
    HPWL=7234.800781
    OVFL=0.684600
    HPWL=(3369.447021, 3865.354004)
    POTN=4.279868E+04
    PHIC=3.068149E-06
    GRAD=1.807483E-02
    NuBT=1
    CPU =0.000030

ITER: 128
    HPWL=7234.634766
    OVFL=0.684432
    HPWL=(3369.828857, 3864.805664)
    POTN=4.279338E+04
    PHIC=3.221557E-06
    GRAD=1.805467E-02
    NuBT=1
    CPU =0.000030

ITER: 129
    HPWL=7235.385742
    OVFL=0.684581
    HPWL=(3369.969482, 3865.416016)
    POTN=4.250123E+04
    PHIC=3.382634E-06
    GRAD=1.806694E-02
    NuBT=1
    CPU =0.000030

ITER: 130
    HPWL=7235.249023
    OVFL=0.683966
    HPWL=(3370.418213, 3864.830811)
    POTN=4.246855E+04
    PHIC=3.551765E-06
    GRAD=1.804532E-02
    NuBT=1
    CPU =0.000031

ITER: 131
    HPWL=7236.073242
    OVFL=0.682114
    HPWL=(3370.603027, 3865.470459)
    POTN=4.204888E+04
    PHIC=3.729353E-06
    GRAD=1.810209E-02
    NuBT=1
    CPU =0.000030

ITER: 132
    HPWL=7235.894531
    OVFL=0.679198
    HPWL=(3371.059814, 3864.834961)
    POTN=4.187780E+04
    PHIC=3.915820E-06
    GRAD=1.826299E-02
    NuBT=1
    CPU =0.000030

ITER: 133
    HPWL=7236.848633
    OVFL=0.676342
    HPWL=(3371.269531, 3865.579102)
    POTN=4.141154E+04
    PHIC=4.111611E-06
    GRAD=1.853516E-02
    NuBT=1
    CPU =0.000030

ITER: 134
    HPWL=7236.469727
    OVFL=0.672736
    HPWL=(3371.673828, 3864.796143)
    POTN=4.122303E+04
    PHIC=4.317191E-06
    GRAD=1.879752E-02
    NuBT=1
    CPU =0.000030

ITER: 135
    HPWL=7237.141113
    OVFL=0.669550
    HPWL=(3371.784668, 3865.356445)
    POTN=4.076593E+04
    PHIC=4.533050E-06
    GRAD=1.914443E-02
    NuBT=1
    CPU =0.000030

ITER: 136
    HPWL=7236.395508
    OVFL=0.666038
    HPWL=(3372.080566, 3864.314941)
    POTN=4.057924E+04
    PHIC=4.759703E-06
    GRAD=1.944587E-02
    NuBT=1
    CPU =0.000036

ITER: 137
    HPWL=7237.462891
    OVFL=0.663149
    HPWL=(3372.489746, 3864.972900)
    POTN=4.014129E+04
    PHIC=4.997687E-06
    GRAD=1.979551E-02
    NuBT=1
    CPU =0.000031

ITER: 138
    HPWL=7236.651367
    OVFL=0.662192
    HPWL=(3372.542725, 3864.108643)
    POTN=3.992235E+04
    PHIC=5.247571E-06
    GRAD=2.007939E-02
    NuBT=1
    CPU =0.000030

ITER: 139
    HPWL=7238.855957
    OVFL=0.661079
    HPWL=(3373.192871, 3865.663086)
    POTN=3.946775E+04
    PHIC=5.509948E-06
    GRAD=2.017843E-02
    NuBT=1
    CPU =0.000030

ITER: 140
    HPWL=7237.830566
    OVFL=0.660172
    HPWL=(3373.231689, 3864.598877)
    POTN=3.924365E+04
    PHIC=5.785445E-06
    GRAD=2.028043E-02
    NuBT=1
    CPU =0.000048

ITER: 141
    HPWL=7240.390625
    OVFL=0.659035
    HPWL=(3373.912109, 3866.478516)
    POTN=3.876355E+04
    PHIC=6.074715E-06
    GRAD=2.037152E-02
    NuBT=1
    CPU =0.000033

ITER: 142
    HPWL=7239.152344
    OVFL=0.658007
    HPWL=(3373.947266, 3865.205078)
    POTN=3.852067E+04
    PHIC=6.378450E-06
    GRAD=2.047818E-02
    NuBT=1
    CPU =0.000030

ITER: 143
    HPWL=7242.023438
    OVFL=0.656750
    HPWL=(3374.562012, 3867.461182)
    POTN=3.801856E+04
    PHIC=6.697369E-06
    GRAD=2.058148E-02
    NuBT=1
    CPU =0.000031

ITER: 144
    HPWL=7241.030273
    OVFL=0.655586
    HPWL=(3374.669434, 3866.360596)
    POTN=3.774018E+04
    PHIC=7.032238E-06
    GRAD=2.070090E-02
    NuBT=1
    CPU =0.000030

ITER: 145
    HPWL=7244.756836
    OVFL=0.654069
    HPWL=(3375.195312, 3869.561768)
    POTN=3.719904E+04
    PHIC=7.383845E-06
    GRAD=2.081943E-02
    NuBT=1
    CPU =0.000030

ITER: 146
    HPWL=7243.999023
    OVFL=0.652617
    HPWL=(3375.377441, 3868.621582)
    POTN=3.688036E+04
    PHIC=7.753037E-06
    GRAD=2.096744E-02
    NuBT=1
    CPU =0.000030

ITER: 147
    HPWL=7247.307617
    OVFL=0.650861
    HPWL=(3375.841797, 3871.465820)
    POTN=3.632979E+04
    PHIC=8.140684E-06
    GRAD=2.111414E-02
    NuBT=2
    CPU =0.000050

ITER: 148
    HPWL=7247.026855
    OVFL=0.649061
    HPWL=(3376.159912, 3870.866943)
    POTN=3.595798E+04
    PHIC=8.547718E-06
    GRAD=2.129171E-02
    NuBT=1
    CPU =0.000038

ITER: 149
    HPWL=7250.467773
    OVFL=0.648930
    HPWL=(3376.408936, 3874.058838)
    POTN=3.564350E+04
    PHIC=8.975099E-06
    GRAD=2.148329E-02
    NuBT=1
    CPU =0.000054

ITER: 150
    HPWL=7248.342773
    OVFL=0.648993
    HPWL=(3376.603516, 3871.739502)
    POTN=3.563057E+04
    PHIC=9.423854E-06
    GRAD=2.147952E-02
    NuBT=1
    CPU =0.000056

ITER: 151
    HPWL=7250.769043
    OVFL=0.648875
    HPWL=(3376.811523, 3873.957520)
    POTN=3.548905E+04
    PHIC=9.895043E-06
    GRAD=2.146463E-02
    NuBT=1
    CPU =0.000054

ITER: 152
    HPWL=7247.992188
    OVFL=0.648917
    HPWL=(3377.017090, 3870.975342)
    POTN=3.559589E+04
    PHIC=1.038979E-05
    GRAD=2.146230E-02
    NuBT=1
    CPU =0.000059

ITER: 153
    HPWL=7249.944824
    OVFL=0.648816
    HPWL=(3377.197754, 3872.747070)
    POTN=3.554422E+04
    PHIC=1.090928E-05
    GRAD=2.145261E-02
    NuBT=1
    CPU =0.000059

ITER: 154
    HPWL=7248.615234
    OVFL=0.648829
    HPWL=(3377.425781, 3871.189209)
    POTN=3.548038E+04
    PHIC=1.145475E-05
    GRAD=2.144361E-02
    NuBT=1
    CPU =0.000058

ITER: 155
    HPWL=7250.474609
    OVFL=0.648776
    HPWL=(3377.889893, 3872.584473)
    POTN=3.521628E+04
    PHIC=1.202748E-05
    GRAD=2.143780E-02
    NuBT=1
    CPU =0.000054

ITER: 156
    HPWL=7250.526855
    OVFL=0.648713
    HPWL=(3378.495361, 3872.031494)
    POTN=3.493927E+04
    PHIC=1.262885E-05
    GRAD=2.142579E-02
    NuBT=1
    CPU =0.000060

ITER: 157
    HPWL=7254.412598
    OVFL=0.648691
    HPWL=(3379.044189, 3875.368408)
    POTN=3.452169E+04
    PHIC=1.326029E-05
    GRAD=2.142640E-02
    NuBT=1
    CPU =0.000058

ITER: 158
    HPWL=7254.187012
    OVFL=0.648648
    HPWL=(3379.715820, 3874.471191)
    POTN=3.412366E+04
    PHIC=1.392330E-05
    GRAD=2.140379E-02
    NuBT=1
    CPU =0.000059

ITER: 159
    HPWL=7257.109863
    OVFL=0.648575
    HPWL=(3380.458008, 3876.651855)
    POTN=3.362837E+04
    PHIC=1.461946E-05
    GRAD=2.140012E-02
    NuBT=1
    CPU =0.000058

ITER: 160
    HPWL=7255.196289
    OVFL=0.648609
    HPWL=(3381.102783, 3874.093506)
    POTN=3.332392E+04
    PHIC=1.535043E-05
    GRAD=2.138586E-02
    NuBT=1
    CPU =0.000054

ITER: 161
    HPWL=7257.048828
    OVFL=0.648487
    HPWL=(3381.907471, 3875.141113)
    POTN=3.298765E+04
    PHIC=1.611795E-05
    GRAD=2.138203E-02
    NuBT=1
    CPU =0.000067

ITER: 162
    HPWL=7255.800781
    OVFL=0.648473
    HPWL=(3382.923828, 3872.876709)
    POTN=3.251292E+04
    PHIC=1.692384E-05
    GRAD=2.136770E-02
    NuBT=1
    CPU =0.000055

ITER: 163
    HPWL=7259.774414
    OVFL=0.648420
    HPWL=(3383.849121, 3875.925293)
    POTN=3.184718E+04
    PHIC=1.777003E-05
    GRAD=2.136280E-02
    NuBT=1
    CPU =0.000059

ITER: 164
    HPWL=7259.243164
    OVFL=0.648420
    HPWL=(3384.725586, 3874.517578)
    POTN=3.141883E+04
    PHIC=1.865853E-05
    GRAD=2.134851E-02
    NuBT=1
    CPU =0.000059

ITER: 165
    HPWL=7262.545410
    OVFL=0.648326
    HPWL=(3386.305176, 3876.240234)
    POTN=3.093555E+04
    PHIC=1.959144E-05
    GRAD=2.134664E-02
    NuBT=1
    CPU =0.000058

ITER: 166
    HPWL=7261.609863
    OVFL=0.648314
    HPWL=(3387.162598, 3874.447266)
    POTN=3.064226E+04
    PHIC=2.057101E-05
    GRAD=2.132609E-02
    NuBT=1
    CPU =0.000054

ITER: 167
    HPWL=7264.958984
    OVFL=0.648245
    HPWL=(3387.871582, 3877.087646)
    POTN=3.030832E+04
    PHIC=2.159955E-05
    GRAD=2.131984E-02
    NuBT=1
    CPU =0.000055

ITER: 168
    HPWL=7263.366211
    OVFL=0.648188
    HPWL=(3388.209229, 3875.157227)
    POTN=3.012457E+04
    PHIC=2.267953E-05
    GRAD=2.129402E-02
    NuBT=1
    CPU =0.000059

ITER: 169
    HPWL=7265.655273
    OVFL=0.648130
    HPWL=(3388.580078, 3877.075195)
    POTN=2.995663E+04
    PHIC=2.381350E-05
    GRAD=2.129251E-02
    NuBT=1
    CPU =0.000059

ITER: 170
    HPWL=7265.279297
    OVFL=0.648045
    HPWL=(3388.817383, 3876.462158)
    POTN=2.984067E+04
    PHIC=2.500417E-05
    GRAD=2.127049E-02
    NuBT=1
    CPU =0.000066

ITER: 171
    HPWL=7268.579102
    OVFL=0.648000
    HPWL=(3389.026367, 3879.552490)
    POTN=2.970039E+04
    PHIC=2.625437E-05
    GRAD=2.127156E-02
    NuBT=1
    CPU =0.000057

ITER: 172
    HPWL=7268.363281
    OVFL=0.647909
    HPWL=(3389.210205, 3879.153320)
    POTN=2.956688E+04
    PHIC=2.756708E-05
    GRAD=2.124195E-02
    NuBT=1
    CPU =0.000054

ITER: 173
    HPWL=7272.908691
    OVFL=0.647819
    HPWL=(3389.461426, 3883.447266)
    POTN=2.937394E+04
    PHIC=2.894542E-05
    GRAD=2.124863E-02
    NuBT=1
    CPU =0.000056

ITER: 174
    HPWL=7272.891602
    OVFL=0.647758
    HPWL=(3389.636475, 3883.255371)
    POTN=2.924035E+04
    PHIC=3.039269E-05
    GRAD=2.123621E-02
    NuBT=1
    CPU =0.000059

ITER: 175
    HPWL=7278.997070
    OVFL=0.647650
    HPWL=(3390.164795, 3888.832520)
    POTN=2.891019E+04
    PHIC=3.191229E-05
    GRAD=2.124061E-02
    NuBT=1
    CPU =0.000058

ITER: 176
    HPWL=7279.769531
    OVFL=0.647599
    HPWL=(3390.650146, 3889.119141)
    POTN=2.861499E+04
    PHIC=3.350790E-05
    GRAD=2.122881E-02
    NuBT=1
    CPU =0.000058

ITER: 177
    HPWL=7287.579590
    OVFL=0.647483
    HPWL=(3391.626709, 3895.952881)
    POTN=2.809696E+04
    PHIC=3.518326E-05
    GRAD=2.124225E-02
    NuBT=1
    CPU =0.000059

ITER: 178
    HPWL=7291.072266
    OVFL=0.647448
    HPWL=(3392.763428, 3898.308594)
    POTN=2.758235E+04
    PHIC=3.694240E-05
    GRAD=2.124887E-02
    NuBT=1
    CPU =0.000069

ITER: 179
    HPWL=7301.918945
    OVFL=0.647347
    HPWL=(3394.515137, 3907.403809)
    POTN=2.689073E+04
    PHIC=3.878946E-05
    GRAD=2.127981E-02
    NuBT=1
    CPU =0.000057

ITER: 180
    HPWL=7308.232910
    OVFL=0.647295
    HPWL=(3396.683105, 3911.549805)
    POTN=2.623796E+04
    PHIC=4.072890E-05
    GRAD=2.129441E-02
    NuBT=1
    CPU =0.000060

ITER: 181
    HPWL=7324.631836
    OVFL=0.647239
    HPWL=(3399.666992, 3924.964600)
    POTN=2.537608E+04
    PHIC=4.276524E-05
    GRAD=2.137805E-02
    NuBT=1
    CPU =0.000056

ITER: 182
    HPWL=7335.060547
    OVFL=0.628205
    HPWL=(3401.667725, 3933.392578)
    POTN=2.397626E+04
    PHIC=4.490343E-05
    GRAD=2.141509E-02
    NuBT=1
    CPU =0.000058

ITER: 183
    HPWL=7353.878418
    OVFL=0.604612
    HPWL=(3404.008545, 3949.869873)
    POTN=2.219317E+04
    PHIC=4.714848E-05
    GRAD=2.371939E-02
    NuBT=2
    CPU =0.000085

ITER: 184
    HPWL=7364.238281
    OVFL=0.602768
    HPWL=(3405.001221, 3959.237305)
    POTN=2.062641E+04
    PHIC=4.950583E-05
    GRAD=2.679631E-02
    NuBT=2
    CPU =0.000081

ITER: 185
    HPWL=7378.527832
    OVFL=0.602914
    HPWL=(3406.560059, 3971.967773)
    POTN=1.939801E+04
    PHIC=5.198101E-05
    GRAD=2.710418E-02
    NuBT=1
    CPU =0.000054

ITER: 186
    HPWL=7394.110352
    OVFL=0.602978
    HPWL=(3409.480713, 3984.629639)
    POTN=1.834606E+04
    PHIC=5.457994E-05
    GRAD=2.711105E-02
    NuBT=2
    CPU =0.000085

ITER: 187
    HPWL=7396.595703
    OVFL=0.606273
    HPWL=(3409.113525, 3987.481934)
    POTN=1.768669E+04
    PHIC=5.730892E-05
    GRAD=2.714314E-02
    NuBT=2
    CPU =0.000080

ITER: 188
    HPWL=7401.763672
    OVFL=0.607446
    HPWL=(3412.256348, 3989.507080)
    POTN=1.722654E+04
    PHIC=6.017432E-05
    GRAD=2.667508E-02
    NuBT=2
    CPU =0.000080

ITER: 189
    HPWL=7405.348633
    OVFL=0.607874
    HPWL=(3413.466553, 3991.881836)
    POTN=1.692315E+04
    PHIC=6.318300E-05
    GRAD=2.654829E-02
    NuBT=2
    CPU =0.000079

ITER: 190
    HPWL=7407.458984
    OVFL=0.605235
    HPWL=(3416.120605, 3991.338135)
    POTN=1.665786E+04
    PHIC=6.634213E-05
    GRAD=2.647487E-02
    NuBT=1
    CPU =0.000055

ITER: 191
    HPWL=7409.058105
    OVFL=0.601455
    HPWL=(3418.095215, 3990.962891)
    POTN=1.645078E+04
    PHIC=6.965922E-05
    GRAD=2.685491E-02
    NuBT=1
    CPU =0.000058

ITER: 192
    HPWL=7407.701172
    OVFL=0.596423
    HPWL=(3420.315918, 3987.385254)
    POTN=1.631627E+04
    PHIC=7.314218E-05
    GRAD=2.735502E-02
    NuBT=1
    CPU =0.000056

ITER: 193
    HPWL=7406.503906
    OVFL=0.589454
    HPWL=(3422.336670, 3984.167480)
    POTN=1.621968E+04
    PHIC=7.679928E-05
    GRAD=2.807608E-02
    NuBT=1
    CPU =0.000072

ITER: 194
    HPWL=7404.509766
    OVFL=0.581151
    HPWL=(3424.229980, 3980.279785)
    POTN=1.613074E+04
    PHIC=8.063924E-05
    GRAD=2.905751E-02
    NuBT=2
    CPU =0.000079

ITER: 195
    HPWL=7405.328125
    OVFL=0.571487
    HPWL=(3425.979248, 3979.349121)
    POTN=1.600907E+04
    PHIC=8.467119E-05
    GRAD=3.030188E-02
    NuBT=2
    CPU =0.000080

ITER: 196
    HPWL=7403.627930
    OVFL=0.565848
    HPWL=(3428.372559, 3975.255371)
    POTN=1.572663E+04
    PHIC=8.890474E-05
    GRAD=3.177050E-02
    NuBT=2
    CPU =0.000079

ITER: 197
    HPWL=7406.305664
    OVFL=0.561798
    HPWL=(3431.348145, 3974.957764)
    POTN=1.535974E+04
    PHIC=9.334995E-05
    GRAD=3.267173E-02
    NuBT=1
    CPU =0.000054

ITER: 198
    HPWL=7411.335938
    OVFL=0.557749
    HPWL=(3435.302246, 3976.033936)
    POTN=1.497060E+04
    PHIC=9.801737E-05
    GRAD=3.330368E-02
    NuBT=1
    CPU =0.000058

ITER: 199
    HPWL=7416.025879
    OVFL=0.555874
    HPWL=(3439.228271, 3976.797607)
    POTN=1.451954E+04
    PHIC=1.029182E-04
    GRAD=3.399935E-02
    NuBT=2
    CPU =0.000083

ITER: 200
    HPWL=7410.915039
    OVFL=0.555568
    HPWL=(3441.215576, 3969.699463)
    POTN=1.415867E+04
    PHIC=1.080641E-04
    GRAD=3.427574E-02
    NuBT=1
    CPU =0.000055

ITER: 201
    HPWL=7413.372070
    OVFL=0.555578
    HPWL=(3443.201904, 3970.169922)
    POTN=1.378851E+04
    PHIC=1.134672E-04
    GRAD=3.436187E-02
    NuBT=1
    CPU =0.000054

ITER: 202
    HPWL=7412.160156
    OVFL=0.555455
    HPWL=(3444.568359, 3967.591797)
    POTN=1.350168E+04
    PHIC=1.191406E-04
    GRAD=3.431641E-02
    NuBT=1
    CPU =0.000056

ITER: 203
    HPWL=7419.262695
    OVFL=0.555576
    HPWL=(3445.852051, 3973.410400)
    POTN=1.317895E+04
    PHIC=1.250975E-04
    GRAD=3.436393E-02
    NuBT=1
    CPU =0.000057

ITER: 204
    HPWL=7423.792480
    OVFL=0.556048
    HPWL=(3446.935547, 3976.856934)
    POTN=1.287225E+04
    PHIC=1.313523E-04
    GRAD=3.433093E-02
    NuBT=1
    CPU =0.000063

ITER: 205
    HPWL=7428.897949
    OVFL=0.556017
    HPWL=(3447.173096, 3981.724854)
    POTN=1.263461E+04
    PHIC=1.379198E-04
    GRAD=3.427729E-02
    NuBT=1
    CPU =0.000056

ITER: 206
    HPWL=7427.582031
    OVFL=0.557013
    HPWL=(3446.810791, 3980.770996)
    POTN=1.254073E+04
    PHIC=1.448158E-04
    GRAD=3.426909E-02
    NuBT=1
    CPU =0.000058

ITER: 207
    HPWL=7433.131836
    OVFL=0.558502
    HPWL=(3446.579346, 3986.552246)
    POTN=1.247388E+04
    PHIC=1.520564E-04
    GRAD=3.413625E-02
    NuBT=1
    CPU =0.000057

ITER: 208
    HPWL=7429.704590
    OVFL=0.559711
    HPWL=(3446.234619, 3983.469971)
    POTN=1.250875E+04
    PHIC=1.596592E-04
    GRAD=3.386169E-02
    NuBT=2
    CPU =0.000111

ITER: 209
    HPWL=7427.834961
    OVFL=0.560829
    HPWL=(3447.334473, 3980.500732)
    POTN=1.243823E+04
    PHIC=1.676422E-04
    GRAD=3.371093E-02
    NuBT=2
    CPU =0.000070

ITER: 210
    HPWL=7432.256348
    OVFL=0.561155
    HPWL=(3447.865723, 3984.390625)
    POTN=1.233139E+04
    PHIC=1.760242E-04
    GRAD=3.349153E-02
    NuBT=1
    CPU =0.000032

ITER: 211
    HPWL=7430.001465
    OVFL=0.562386
    HPWL=(3448.856201, 3981.145264)
    POTN=1.235543E+04
    PHIC=1.848254E-04
    GRAD=3.348972E-02
    NuBT=2
    CPU =0.000050

ITER: 212
    HPWL=7437.728516
    OVFL=0.562800
    HPWL=(3451.207520, 3986.520996)
    POTN=1.214080E+04
    PHIC=1.940664E-04
    GRAD=3.325752E-02
    NuBT=1
    CPU =0.000031

ITER: 213
    HPWL=7439.649414
    OVFL=0.563437
    HPWL=(3453.641602, 3986.007568)
    POTN=1.201003E+04
    PHIC=2.037697E-04
    GRAD=3.322506E-02
    NuBT=1
    CPU =0.000030

ITER: 214
    HPWL=7445.466797
    OVFL=0.563170
    HPWL=(3456.900879, 3988.566162)
    POTN=1.178842E+04
    PHIC=2.139580E-04
    GRAD=3.307563E-02
    NuBT=1
    CPU =0.000030

ITER: 215
    HPWL=7449.899414
    OVFL=0.563692
    HPWL=(3461.316162, 3988.583008)
    POTN=1.144207E+04
    PHIC=2.246557E-04
    GRAD=3.313789E-02
    NuBT=1
    CPU =0.000030

ITER: 216
    HPWL=7461.648438
    OVFL=0.562945
    HPWL=(3467.324707, 3994.323486)
    POTN=1.097990E+04
    PHIC=2.358881E-04
    GRAD=3.296837E-02
    NuBT=1
    CPU =0.000031

ITER: 217
    HPWL=7468.121094
    OVFL=0.551663
    HPWL=(3475.660889, 3992.460205)
    POTN=1.031892E+04
    PHIC=2.476823E-04
    GRAD=3.316346E-02
    NuBT=1
    CPU =0.000030

ITER: 218
    HPWL=7487.168945
    OVFL=0.533188
    HPWL=(3484.316895, 4002.852051)
    POTN=9.424380E+03
    PHIC=2.600657E-04
    GRAD=3.488548E-02
    NuBT=2
    CPU =0.000049

ITER: 219
    HPWL=7486.722656
    OVFL=0.519679
    HPWL=(3491.220703, 3995.502197)
    POTN=8.835642E+03
    PHIC=2.730689E-04
    GRAD=3.812119E-02
    NuBT=2
    CPU =0.000050

ITER: 220
    HPWL=7501.128906
    OVFL=0.515152
    HPWL=(3496.248291, 4004.880859)
    POTN=8.419327E+03
    PHIC=2.867218E-04
    GRAD=4.058824E-02
    NuBT=1
    CPU =0.000031

ITER: 221
    HPWL=7506.347656
    OVFL=0.514782
    HPWL=(3498.664307, 4007.683105)
    POTN=8.353214E+03
    PHIC=3.010576E-04
    GRAD=4.156595E-02
    NuBT=1
    CPU =0.000030

ITER: 222
    HPWL=7517.450195
    OVFL=0.513671
    HPWL=(3500.471436, 4016.979004)
    POTN=8.232439E+03
    PHIC=3.161100E-04
    GRAD=4.146899E-02
    NuBT=1
    CPU =0.000031

ITER: 223
    HPWL=7513.987305
    OVFL=0.515357
    HPWL=(3502.111816, 4011.875244)
    POTN=8.225205E+03
    PHIC=3.319155E-04
    GRAD=4.172490E-02
    NuBT=1
    CPU =0.000030

ITER: 224
    HPWL=7519.354004
    OVFL=0.516503
    HPWL=(3502.292969, 4017.061035)
    POTN=8.136459E+03
    PHIC=3.485109E-04
    GRAD=4.121151E-02
    NuBT=1
    CPU =0.000030

ITER: 225
    HPWL=7522.691406
    OVFL=0.516754
    HPWL=(3502.966797, 4019.724854)
    POTN=8.058293E+03
    PHIC=3.659363E-04
    GRAD=4.103507E-02
    NuBT=1
    CPU =0.000031

ITER: 226
    HPWL=7531.085938
    OVFL=0.514557
    HPWL=(3502.079590, 4029.006104)
    POTN=7.848144E+03
    PHIC=3.842327E-04
    GRAD=4.081002E-02
    NuBT=1
    CPU =0.000031

ITER: 227
    HPWL=7534.166992
    OVFL=0.512549
    HPWL=(3502.856689, 4031.310059)
    POTN=7.647259E+03
    PHIC=4.034441E-04
    GRAD=4.127803E-02
    NuBT=1
    CPU =0.000030

ITER: 228
    HPWL=7561.399414
    OVFL=0.503971
    HPWL=(3502.843018, 4058.556152)
    POTN=7.182309E+03
    PHIC=4.236147E-04
    GRAD=4.148272E-02
    NuBT=1
    CPU =0.000030

ITER: 229
    HPWL=7576.314453
    OVFL=0.488852
    HPWL=(3504.924561, 4071.390137)
    POTN=6.669700E+03
    PHIC=4.447944E-04
    GRAD=4.333427E-02
    NuBT=1
    CPU =0.000030

ITER: 230
    HPWL=7603.980469
    OVFL=0.468013
    HPWL=(3505.309814, 4098.670898)
    POTN=6.108988E+03
    PHIC=4.670323E-04
    GRAD=4.637517E-02
    NuBT=2
    CPU =0.000050

ITER: 231
    HPWL=7601.374512
    OVFL=0.454096
    HPWL=(3507.172607, 4094.201904)
    POTN=5.834729E+03
    PHIC=4.903839E-04
    GRAD=5.111952E-02
    NuBT=2
    CPU =0.000051

ITER: 232
    HPWL=7606.652344
    OVFL=0.446049
    HPWL=(3506.326172, 4100.326172)
    POTN=5.597603E+03
    PHIC=5.149026E-04
    GRAD=5.448857E-02
    NuBT=1
    CPU =0.000030

ITER: 233
    HPWL=7601.319336
    OVFL=0.443722
    HPWL=(3505.016846, 4096.302246)
    POTN=5.556458E+03
    PHIC=5.406478E-04
    GRAD=5.665812E-02
    NuBT=2
    CPU =0.000050

ITER: 234
    HPWL=7601.388672
    OVFL=0.441716
    HPWL=(3504.584473, 4096.804199)
    POTN=5.575498E+03
    PHIC=5.676801E-04
    GRAD=5.707005E-02
    NuBT=1
    CPU =0.000046

ITER: 235
    HPWL=7592.696289
    OVFL=0.440321
    HPWL=(3498.870850, 4093.825439)
    POTN=5.671631E+03
    PHIC=5.960641E-04
    GRAD=5.766979E-02
    NuBT=1
    CPU =0.000049

ITER: 236
    HPWL=7597.674805
    OVFL=0.439095
    HPWL=(3497.675049, 4100.000000)
    POTN=5.693578E+03
    PHIC=6.258668E-04
    GRAD=5.775312E-02
    NuBT=1
    CPU =0.000050

ITER: 237
    HPWL=7591.669922
    OVFL=0.438102
    HPWL=(3497.478516, 4094.191162)
    POTN=5.621282E+03
    PHIC=6.571601E-04
    GRAD=5.806504E-02
    NuBT=1
    CPU =0.000048

ITER: 238
    HPWL=7607.480469
    OVFL=0.433417
    HPWL=(3499.772461, 4107.708008)
    POTN=5.334911E+03
    PHIC=6.900165E-04
    GRAD=5.789767E-02
    NuBT=1
    CPU =0.000052

ITER: 239
    HPWL=7609.744141
    OVFL=0.432066
    HPWL=(3501.387451, 4108.356445)
    POTN=5.237755E+03
    PHIC=7.245171E-04
    GRAD=5.909709E-02
    NuBT=2
    CPU =0.000081

ITER: 240
    HPWL=7621.973145
    OVFL=0.427940
    HPWL=(3502.875488, 4119.097656)
    POTN=4.994946E+03
    PHIC=7.607416E-04
    GRAD=5.902091E-02
    NuBT=1
    CPU =0.000052

ITER: 241
    HPWL=7621.599121
    OVFL=0.425598
    HPWL=(3504.288574, 4117.310547)
    POTN=4.823283E+03
    PHIC=7.987787E-04
    GRAD=6.014427E-02
    NuBT=1
    CPU =0.000049

ITER: 242
    HPWL=7632.802734
    OVFL=0.423055
    HPWL=(3503.139893, 4129.663086)
    POTN=4.563402E+03
    PHIC=8.387162E-04
    GRAD=6.031841E-02
    NuBT=1
    CPU =0.000039

ITER: 243
    HPWL=7626.930664
    OVFL=0.420860
    HPWL=(3504.554932, 4122.375488)
    POTN=4.405104E+03
    PHIC=8.806520E-04
    GRAD=6.100781E-02
    NuBT=1
    CPU =0.000032

ITER: 244
    HPWL=7635.166504
    OVFL=0.416062
    HPWL=(3506.672852, 4128.493652)
    POTN=4.186139E+03
    PHIC=9.246835E-04
    GRAD=6.113719E-02
    NuBT=1
    CPU =0.000055

ITER: 245
    HPWL=7633.270020
    OVFL=0.415385
    HPWL=(3507.638672, 4125.631348)
    POTN=4.106771E+03
    PHIC=9.709176E-04
    GRAD=6.246371E-02
    NuBT=1
    CPU =0.000054

ITER: 246
    HPWL=7643.823730
    OVFL=0.411609
    HPWL=(3510.865234, 4132.958496)
    POTN=3.946250E+03
    PHIC=1.019462E-03
    GRAD=6.223015E-02
    NuBT=1
    CPU =0.000059

ITER: 247
    HPWL=7649.059570
    OVFL=0.407275
    HPWL=(3514.224609, 4134.834961)
    POTN=3.813699E+03
    PHIC=1.070434E-03
    GRAD=6.322083E-02
    NuBT=1
    CPU =0.000053

ITER: 248
    HPWL=7661.593750
    OVFL=0.403191
    HPWL=(3516.699707, 4144.894043)
    POTN=3.594859E+03
    PHIC=1.123954E-03
    GRAD=6.398433E-02
    NuBT=1
    CPU =0.000056

ITER: 249
    HPWL=7667.823242
    OVFL=0.396419
    HPWL=(3519.664795, 4148.158203)
    POTN=3.387670E+03
    PHIC=1.180150E-03
    GRAD=6.500400E-02
    NuBT=1
    CPU =0.000059

ITER: 250
    HPWL=7679.115234
    OVFL=0.389391
    HPWL=(3520.060791, 4159.054199)
    POTN=3.165235E+03
    PHIC=1.239156E-03
    GRAD=6.643607E-02
    NuBT=1
    CPU =0.000059

ITER: 251
    HPWL=7680.697754
    OVFL=0.384159
    HPWL=(3519.257812, 4161.439941)
    POTN=3.056982E+03
    PHIC=1.301113E-03
    GRAD=6.839471E-02
    NuBT=1
    CPU =0.000059

ITER: 252
    HPWL=7691.221680
    OVFL=0.379051
    HPWL=(3519.439453, 4171.782227)
    POTN=2.933129E+03
    PHIC=1.366167E-03
    GRAD=6.948322E-02
    NuBT=1
    CPU =0.000054

ITER: 253
    HPWL=7689.316406
    OVFL=0.376640
    HPWL=(3515.946045, 4173.370117)
    POTN=2.939089E+03
    PHIC=1.434475E-03
    GRAD=7.107490E-02
    NuBT=1
    CPU =0.000071

ITER: 254
    HPWL=7698.706543
    OVFL=0.372546
    HPWL=(3514.498535, 4184.208008)
    POTN=2.904343E+03
    PHIC=1.506197E-03
    GRAD=7.142024E-02
    NuBT=1
    CPU =0.000055

ITER: 255
    HPWL=7696.088379
    OVFL=0.367342
    HPWL=(3511.855469, 4184.232910)
    POTN=2.917031E+03
    PHIC=1.581507E-03
    GRAD=7.240815E-02
    NuBT=2
    CPU =0.000086

ITER: 256
    HPWL=7698.576660
    OVFL=0.365183
    HPWL=(3510.567383, 4188.009277)
    POTN=2.885102E+03
    PHIC=1.660581E-03
    GRAD=7.338641E-02
    NuBT=1
    CPU =0.000054

ITER: 257
    HPWL=7695.699219
    OVFL=0.361314
    HPWL=(3511.445312, 4184.253906)
    POTN=2.842803E+03
    PHIC=1.743610E-03
    GRAD=7.369635E-02
    NuBT=1
    CPU =0.000059

ITER: 258
    HPWL=7706.815430
    OVFL=0.360303
    HPWL=(3513.176025, 4193.639160)
    POTN=2.766557E+03
    PHIC=1.830788E-03
    GRAD=7.403067E-02
    NuBT=1
    CPU =0.000059

ITER: 259
    HPWL=7705.459473
    OVFL=0.356590
    HPWL=(3515.406738, 4190.052734)
    POTN=2.670400E+03
    PHIC=1.922327E-03
    GRAD=7.374435E-02
    NuBT=1
    CPU =0.000054

ITER: 260
    HPWL=7717.001953
    OVFL=0.353341
    HPWL=(3520.101562, 4196.900391)
    POTN=2.516266E+03
    PHIC=2.018440E-03
    GRAD=7.404328E-02
    NuBT=1
    CPU =0.000058

ITER: 261
    HPWL=7718.865234
    OVFL=0.348348
    HPWL=(3525.009521, 4193.855957)
    POTN=2.375143E+03
    PHIC=2.119361E-03
    GRAD=7.446454E-02
    NuBT=1
    CPU =0.000058

ITER: 262
    HPWL=7725.753418
    OVFL=0.340890
    HPWL=(3528.412109, 4197.341309)
    POTN=2.190751E+03
    PHIC=2.225327E-03
    GRAD=7.518645E-02
    NuBT=1
    CPU =0.000059

ITER: 263
    HPWL=7724.214844
    OVFL=0.339565
    HPWL=(3530.995850, 4193.219238)
    POTN=2.148547E+03
    PHIC=2.336593E-03
    GRAD=7.711807E-02
    NuBT=2
    CPU =0.000086

ITER: 264
    HPWL=7722.704102
    OVFL=0.337958
    HPWL=(3529.395752, 4193.308594)
    POTN=2.048773E+03
    PHIC=2.453423E-03
    GRAD=7.675058E-02
    NuBT=1
    CPU =0.000055

ITER: 265
    HPWL=7718.892578
    OVFL=0.336178
    HPWL=(3530.310791, 4188.581543)
    POTN=1.922689E+03
    PHIC=2.576094E-03
    GRAD=7.596444E-02
    NuBT=1
    CPU =0.000053

ITER: 266
    HPWL=7724.125000
    OVFL=0.331074
    HPWL=(3532.442139, 4191.683105)
    POTN=1.835054E+03
    PHIC=2.704897E-03
    GRAD=7.601730E-02
    NuBT=2
    CPU =0.000082

ITER: 267
    HPWL=7736.270508
    OVFL=0.328121
    HPWL=(3533.608643, 4202.661621)
    POTN=1.737809E+03
    PHIC=2.840137E-03
    GRAD=7.652789E-02
    NuBT=2
    CPU =0.000081

ITER: 268
    HPWL=7734.411133
    OVFL=0.328325
    HPWL=(3534.554199, 4199.856934)
    POTN=1.725275E+03
    PHIC=2.982143E-03
    GRAD=7.633991E-02
    NuBT=1
    CPU =0.000069

ITER: 269
    HPWL=7738.336914
    OVFL=0.323057
    HPWL=(3536.585938, 4201.750977)
    POTN=1.630809E+03
    PHIC=3.131249E-03
    GRAD=7.487223E-02
    NuBT=1
    CPU =0.000058

ITER: 270
    HPWL=7735.207031
    OVFL=0.320336
    HPWL=(3534.676758, 4200.530273)
    POTN=1.572116E+03
    PHIC=3.287811E-03
    GRAD=7.555383E-02
    NuBT=2
    CPU =0.000077

ITER: 271
    HPWL=7742.836914
    OVFL=0.316704
    HPWL=(3536.350830, 4206.485840)
    POTN=1.489685E+03
    PHIC=3.452198E-03
    GRAD=7.520141E-02
    NuBT=1
    CPU =0.000055

ITER: 272
    HPWL=7744.448242
    OVFL=0.316732
    HPWL=(3537.153320, 4207.294922)
    POTN=1.446813E+03
    PHIC=3.624807E-03
    GRAD=7.549100E-02
    NuBT=2
    CPU =0.000081

ITER: 273
    HPWL=7751.019531
    OVFL=0.314618
    HPWL=(3536.937256, 4214.082031)
    POTN=1.372086E+03
    PHIC=3.806043E-03
    GRAD=7.388277E-02
    NuBT=1
    CPU =0.000055

ITER: 274
    HPWL=7759.050781
    OVFL=0.310055
    HPWL=(3539.573975, 4219.477051)
    POTN=1.285178E+03
    PHIC=3.996341E-03
    GRAD=7.375758E-02
    NuBT=1
    CPU =0.000057

ITER: 275
    HPWL=7771.195801
    OVFL=0.308503
    HPWL=(3538.849121, 4232.346680)
    POTN=1.229547E+03
    PHIC=4.196151E-03
    GRAD=7.383746E-02
    NuBT=1
    CPU =0.000055

ITER: 276
    HPWL=7773.816406
    OVFL=0.305913
    HPWL=(3540.171143, 4233.645020)
    POTN=1.188051E+03
    PHIC=4.405957E-03
    GRAD=7.279005E-02
    NuBT=2
    CPU =0.000076

ITER: 277
    HPWL=7781.059570
    OVFL=0.304912
    HPWL=(3540.889893, 4240.169434)
    POTN=1.154659E+03
    PHIC=4.626249E-03
    GRAD=7.308849E-02
    NuBT=1
    CPU =0.000054

ITER: 278
    HPWL=7781.232422
    OVFL=0.298011
    HPWL=(3543.821533, 4237.411133)
    POTN=1.099463E+03
    PHIC=4.857562E-03
    GRAD=7.161227E-02
    NuBT=2
    CPU =0.000078

ITER: 279
    HPWL=7788.276367
    OVFL=0.291709
    HPWL=(3545.636230, 4242.640137)
    POTN=1.031199E+03
    PHIC=5.100434E-03
    GRAD=7.224689E-02
    NuBT=1
    CPU =0.000056

ITER: 280
    HPWL=7783.862793
    OVFL=0.284917
    HPWL=(3548.105469, 4235.757324)
    POTN=9.924337E+02
    PHIC=5.355455E-03
    GRAD=7.271583E-02
    NuBT=1
    CPU =0.000054

ITER: 281
    HPWL=7787.848633
    OVFL=0.280431
    HPWL=(3550.232910, 4237.615723)
    POTN=9.539763E+02
    PHIC=5.623225E-03
    GRAD=7.377903E-02
    NuBT=1
    CPU =0.000056

ITER: 282
    HPWL=7778.197754
    OVFL=0.274378
    HPWL=(3548.617676, 4229.580078)
    POTN=9.281423E+02
    PHIC=5.904386E-03
    GRAD=7.277706E-02
    NuBT=2
    CPU =0.000075

ITER: 283
    HPWL=7789.080078
    OVFL=0.263577
    HPWL=(3552.504395, 4236.575684)
    POTN=8.471505E+02
    PHIC=6.199595E-03
    GRAD=7.444964E-02
    NuBT=1
    CPU =0.000054

ITER: 284
    HPWL=7779.263672
    OVFL=0.253399
    HPWL=(3549.364990, 4229.898438)
    POTN=8.194002E+02
    PHIC=6.509575E-03
    GRAD=7.443880E-02
    NuBT=1
    CPU =0.000069

ITER: 285
    HPWL=7796.191406
    OVFL=0.238060
    HPWL=(3552.409912, 4243.781250)
    POTN=7.496241E+02
    PHIC=6.835037E-03
    GRAD=7.737803E-02
    NuBT=2
    CPU =0.000080

ITER: 286
    HPWL=7780.903320
    OVFL=0.223942
    HPWL=(3551.615479, 4229.288086)
    POTN=7.843745E+02
    PHIC=7.176789E-03
    GRAD=8.013355E-02
    NuBT=2
    CPU =0.000082

ITER: 287
    HPWL=7784.717773
    OVFL=0.223814
    HPWL=(3553.005371, 4231.712402)
    POTN=7.431898E+02
    PHIC=7.535623E-03
    GRAD=8.320569E-02
    NuBT=2
    CPU =0.000081

ITER: 288
    HPWL=7781.225098
    OVFL=0.217558
    HPWL=(3553.731934, 4227.493164)
    POTN=7.320254E+02
    PHIC=7.912404E-03
    GRAD=8.258812E-02
    NuBT=2
    CPU =0.000082

ITER: 289
    HPWL=7783.318359
    OVFL=0.225024
    HPWL=(3556.657471, 4226.661133)
    POTN=6.859887E+02
    PHIC=8.308021E-03
    GRAD=8.177625E-02
    NuBT=2
    CPU =0.000082

ITER: 290
    HPWL=7782.601562
    OVFL=0.213167
    HPWL=(3559.452881, 4223.148926)
    POTN=6.183915E+02
    PHIC=8.723422E-03
    GRAD=7.748351E-02
    NuBT=1
    CPU =0.000055

ITER: 291
    HPWL=7798.679688
    OVFL=0.218858
    HPWL=(3563.890137, 4234.789551)
    POTN=5.648615E+02
    PHIC=9.159571E-03
    GRAD=7.833711E-02
    NuBT=1
    CPU =0.000059

ITER: 292
    HPWL=7792.268066
    OVFL=0.217709
    HPWL=(3565.237305, 4227.030762)
    POTN=5.522034E+02
    PHIC=9.617549E-03
    GRAD=7.518931E-02
    NuBT=1
    CPU =0.000055

ITER: 293
    HPWL=7798.899902
    OVFL=0.227173
    HPWL=(3565.576660, 4233.323242)
    POTN=5.898633E+02
    PHIC=1.009842E-02
    GRAD=7.291400E-02
    NuBT=2
    CPU =0.000085

ITER: 294
    HPWL=7801.108398
    OVFL=0.217797
    HPWL=(3570.039307, 4231.069336)
    POTN=5.359459E+02
    PHIC=1.060333E-02
    GRAD=6.892603E-02
    NuBT=1
    CPU =0.000055

ITER: 295
    HPWL=7819.510742
    OVFL=0.214682
    HPWL=(3572.986572, 4246.524414)
    POTN=4.753471E+02
    PHIC=1.113347E-02
    GRAD=6.792142E-02
    NuBT=1
    CPU =0.000059

ITER: 296
    HPWL=7819.396484
    OVFL=0.203908
    HPWL=(3576.370850, 4243.025879)
    POTN=4.098068E+02
    PHIC=1.169014E-02
    GRAD=6.661239E-02
    NuBT=1
    CPU =0.000060

ITER: 297
    HPWL=7835.734375
    OVFL=0.200885
    HPWL=(3577.365967, 4258.368652)
    POTN=3.930388E+02
    PHIC=1.227462E-02
    GRAD=6.567638E-02
    NuBT=1
    CPU =0.000058

ITER: 298
    HPWL=7823.163086
    OVFL=0.200709
    HPWL=(3576.240479, 4246.922363)
    POTN=4.123881E+02
    PHIC=1.288835E-02
    GRAD=6.509703E-02
    NuBT=1
    CPU =0.000059

ITER: 299
    HPWL=7828.687500
    OVFL=0.203534
    HPWL=(3576.964844, 4251.722656)
    POTN=4.352379E+02
    PHIC=1.353276E-02
    GRAD=6.258717E-02
    NuBT=2
    CPU =0.000095

ITER: 300
    HPWL=7815.554688
    OVFL=0.202556
    HPWL=(3578.041748, 4237.512695)
    POTN=4.177318E+02
    PHIC=1.420940E-02
    GRAD=6.045886E-02
    NuBT=1
    CPU =0.000055

ITER: 301
    HPWL=7824.419922
    OVFL=0.198569
    HPWL=(3581.720703, 4242.699219)
    POTN=3.821295E+02
    PHIC=1.491985E-02
    GRAD=5.934762E-02
    NuBT=1
    CPU =0.000059

ITER: 302
    HPWL=7808.743164
    OVFL=0.196893
    HPWL=(3582.924072, 4225.818848)
    POTN=3.786953E+02
    PHIC=1.566584E-02
    GRAD=5.854873E-02
    NuBT=1
    CPU =0.000057

ITER: 303
    HPWL=7815.429688
    OVFL=0.193492
    HPWL=(3585.792480, 4229.637207)
    POTN=3.388570E+02
    PHIC=1.644911E-02
    GRAD=5.613435E-02
    NuBT=2
    CPU =0.000086

ITER: 304
    HPWL=7801.808594
    OVFL=0.193403
    HPWL=(3579.394043, 4222.414551)
    POTN=3.383719E+02
    PHIC=1.727157E-02
    GRAD=5.546758E-02
    NuBT=1
    CPU =0.000054

ITER: 305
    HPWL=7816.373535
    OVFL=0.189864
    HPWL=(3577.227539, 4239.145996)
    POTN=3.521026E+02
    PHIC=1.813511E-02
    GRAD=5.316822E-02
    NuBT=1
    CPU =0.000055

ITER: 306
    HPWL=7806.444336
    OVFL=0.183623
    HPWL=(3577.188721, 4229.255371)
    POTN=3.148648E+02
    PHIC=1.904186E-02
    GRAD=5.272691E-02
    NuBT=1
    CPU =0.000055

ITER: 307
    HPWL=7807.375000
    OVFL=0.178634
    HPWL=(3577.551025, 4229.823730)
    POTN=2.970401E+02
    PHIC=1.999395E-02
    GRAD=5.143074E-02
    NuBT=1
    CPU =0.000062

ITER: 308
    HPWL=7805.462891
    OVFL=0.172515
    HPWL=(3577.796875, 4227.666016)
    POTN=2.845030E+02
    PHIC=2.099365E-02
    GRAD=5.162970E-02
    NuBT=1
    CPU =0.000059

ITER: 309
    HPWL=7806.533691
    OVFL=0.174431
    HPWL=(3582.625000, 4223.908691)
    POTN=2.883680E+02
    PHIC=2.204333E-02
    GRAD=4.999921E-02
    NuBT=2
    CPU =0.000082

ITER: 310
    HPWL=7793.902832
    OVFL=0.172863
    HPWL=(3584.566895, 4209.335938)
    POTN=2.725934E+02
    PHIC=2.314549E-02
    GRAD=4.818646E-02
    NuBT=1
    CPU =0.000056

ITER: 311
    HPWL=7797.862305
    OVFL=0.174724
    HPWL=(3586.065674, 4211.796387)
    POTN=2.618177E+02
    PHIC=2.430275E-02
    GRAD=4.611452E-02
    NuBT=1
    CPU =0.000057

ITER: 312
    HPWL=7801.192383
    OVFL=0.169848
    HPWL=(3584.521729, 4216.670898)
    POTN=2.431823E+02
    PHIC=2.551788E-02
    GRAD=4.552817E-02
    NuBT=1
    CPU =0.000059

ITER: 313
    HPWL=7823.570312
    OVFL=0.163089
    HPWL=(3593.092041, 4230.478516)
    POTN=2.315360E+02
    PHIC=2.679369E-02
    GRAD=4.415802E-02
    NuBT=1
    CPU =0.000058

ITER: 314
    HPWL=7820.458984
    OVFL=0.155428
    HPWL=(3595.594727, 4224.864258)
    POTN=2.198866E+02
    PHIC=2.813337E-02
    GRAD=4.443325E-02
    NuBT=1
    CPU =0.000054

ITER: 315
    HPWL=7822.502930
    OVFL=0.150142
    HPWL=(3597.597412, 4224.905273)
    POTN=2.193022E+02
    PHIC=2.954003E-02
    GRAD=4.265103E-02
    NuBT=1
    CPU =0.000065

ITER: 316
    HPWL=7816.007324
    OVFL=0.142139
    HPWL=(3595.666504, 4220.340820)
    POTN=2.049530E+02
    PHIC=3.101703E-02
    GRAD=4.278389E-02
    NuBT=1
    CPU =0.000056

ITER: 317
    HPWL=7824.969238
    OVFL=0.136613
    HPWL=(3598.909668, 4226.059570)
    POTN=1.902938E+02
    PHIC=3.256784E-02
    GRAD=4.089434E-02
    NuBT=1
    CPU =0.000058

ITER: 318
    HPWL=7809.525391
    OVFL=0.137180
    HPWL=(3596.028076, 4213.497559)
    POTN=1.946797E+02
    PHIC=3.419623E-02
    GRAD=4.120244E-02
    NuBT=1
    CPU =0.000060

ITER: 319
    HPWL=7833.036621
    OVFL=0.133434
    HPWL=(3600.412598, 4232.624023)
    POTN=1.778819E+02
    PHIC=3.590592E-02
    GRAD=3.902949E-02
    NuBT=1
    CPU =0.000058

ITER: 320
    HPWL=7816.081055
    OVFL=0.131129
    HPWL=(3598.663818, 4217.417480)
    POTN=1.740045E+02
    PHIC=3.770122E-02
    GRAD=3.781457E-02
    NuBT=2
    CPU =0.000084

ITER: 321
    HPWL=7839.259766
    OVFL=0.127834
    HPWL=(3602.763672, 4236.496094)
    POTN=1.579157E+02
    PHIC=3.958615E-02
    GRAD=3.667158E-02
    NuBT=1
    CPU =0.000055

ITER: 322
    HPWL=7820.311523
    OVFL=0.130915
    HPWL=(3599.260986, 4221.050781)
    POTN=1.582064E+02
    PHIC=4.156545E-02
    GRAD=3.519121E-02
    NuBT=1
    CPU =0.000058

ITER: 323
    HPWL=7838.045898
    OVFL=0.130338
    HPWL=(3607.070068, 4230.975586)
    POTN=1.492715E+02
    PHIC=4.364361E-02
    GRAD=3.457088E-02
    NuBT=1
    CPU =0.000057

ITER: 324
    HPWL=7830.641602
    OVFL=0.128223
    HPWL=(3601.289307, 4229.352051)
    POTN=1.475443E+02
    PHIC=4.582579E-02
    GRAD=3.338367E-02
    NuBT=1
    CPU =0.000059

ITER: 325
    HPWL=7843.846680
    OVFL=0.128461
    HPWL=(3607.691895, 4236.154785)
    POTN=1.374824E+02
    PHIC=4.811699E-02
    GRAD=3.245265E-02
    NuBT=2
    CPU =0.000087

ITER: 326
    HPWL=7851.233398
    OVFL=0.120131
    HPWL=(3604.679199, 4246.554199)
    POTN=1.316754E+02
    PHIC=5.052279E-02
    GRAD=3.112497E-02
    NuBT=1
    CPU =0.000056

ITER: 327
    HPWL=7861.931641
    OVFL=0.122971
    HPWL=(3609.456299, 4252.475098)
    POTN=1.287693E+02
    PHIC=5.304885E-02
    GRAD=3.098647E-02
    NuBT=1
    CPU =0.000058

ITER: 328
    HPWL=7863.806152
    OVFL=0.123052
    HPWL=(3612.251953, 4251.554199)
    POTN=1.298634E+02
    PHIC=5.570127E-02
    GRAD=2.945229E-02
    NuBT=2
    CPU =0.000083

ITER: 329
    HPWL=7868.184570
    OVFL=0.126276
    HPWL=(3616.673096, 4251.511230)
    POTN=1.195456E+02
    PHIC=5.848630E-02
    GRAD=2.835117E-02
    NuBT=1
    CPU =0.000056

ITER: 330
    HPWL=7881.821777
    OVFL=0.119942
    HPWL=(3614.758789, 4267.062988)
    POTN=1.127842E+02
    PHIC=6.141049E-02
    GRAD=2.811222E-02
    NuBT=1
    CPU =0.000058

ITER: 331
    HPWL=7883.290039
    OVFL=0.115186
    HPWL=(3620.382324, 4262.907715)
    POTN=1.013823E+02
    PHIC=6.448100E-02
    GRAD=2.812256E-02
    NuBT=2
    CPU =0.000098

ITER: 332
    HPWL=7891.575684
    OVFL=0.105191
    HPWL=(3620.237793, 4271.337891)
    POTN=9.749078E+01
    PHIC=6.770497E-02
    GRAD=2.848833E-02
    NuBT=1
    CPU =0.000056

ITER: 333
    HPWL=7897.538574
    OVFL=0.105200
    HPWL=(3624.037598, 4273.500977)
    POTN=9.243205E+01
    PHIC=7.109015E-02
    GRAD=2.685147E-02
    NuBT=2
    CPU =0.000087

ITER: 334
    HPWL=7894.478516
    OVFL=0.100880
    HPWL=(3627.177490, 4267.301270)
    POTN=9.705088E+01
    PHIC=7.464465E-02
    GRAD=2.610934E-02
    NuBT=1
    CPU =0.000055

ITER: 335
    HPWL=7904.986328
    OVFL=0.102468
    HPWL=(3633.443115, 4271.543457)
    POTN=9.178654E+01
    PHIC=7.837677E-02
    GRAD=2.578887E-02
    NuBT=1
    CPU =0.000059

ITER: 336
    HPWL=7904.593750
    OVFL=0.097890
    HPWL=(3632.247070, 4272.346680)
    POTN=8.999773E+01
    PHIC=8.229560E-02
    GRAD=2.425326E-02
    NuBT=1
    CPU =0.000059
[INFO] Nesterov: NumIters = 336
[INFO] Nesterov: ScaledHpwl = 7904.593750
[INFO] Nesterov: Overflow = 0.097890
[INFO] Nesterov: Potential = 89.997726
[INFO] Nesterov: xInstScaledHpwl = 7899.605469
[INFO] Nesterov: yInstScaledHpwl = 7904.593750
[INFO] Nesterov: HPWL = 2387.436279
