RePlAce Version: 1.0.0

** WARNING: Your Detail Placement Step must be skipped.
              (i.e. this program will be executed as -onlyGP)
     If you want to have DP after GP, please specify -dpflag and -dploc.

[INFO] TargetDensity = 0.900000
[INFO] ExperimentIndex = 0
[INFO] DirectoryPath = /openLANE_flow/designs/sb_1__3_/runs/final_pin_placement//tmp/placement/replace/etc/sb_1__3_.floorplan/experiment000
[PROC] Begin LefParsing ...
[LEF] Parsed 500 number of lines!!
WARNING (LEFPARS-2036): SOURCE statement is obsolete in version 5.6 and later.
The LEF parser will ignore this statement.
To avoid this warning in the future, remove this statement from the LEF file with version 5.6 or later. See file /openLANE_flow/designs/sb_1__3_/runs/final_pin_placement//tmp//merged.lef at line 776.

WARNING (LEFPARS-2036): SOURCE statement is obsolete in version 5.6 and later.
The LEF parser will ignore this statement.
To avoid this warning in the future, remove this statement from the LEF file with version 5.6 or later. See file /openLANE_flow/designs/sb_1__3_/runs/final_pin_placement//tmp//merged.lef at line 903.

[LEF] Parsed 1000 number of lines!!
WARNING (LEFPARS-2036): SOURCE statement is obsolete in version 5.6 and later.
The LEF parser will ignore this statement.
To avoid this warning in the future, remove this statement from the LEF file with version 5.6 or later. See file /openLANE_flow/designs/sb_1__3_/runs/final_pin_placement//tmp//merged.lef at line 1034.

WARNING (LEFPARS-2036): SOURCE statement is obsolete in version 5.6 and later.
The LEF parser will ignore this statement.
To avoid this warning in the future, remove this statement from the LEF file with version 5.6 or later. See file /openLANE_flow/designs/sb_1__3_/runs/final_pin_placement//tmp//merged.lef at line 1204.

WARNING (LEFPARS-2036): SOURCE statement is obsolete in version 5.6 and later.
The LEF parser will ignore this statement.
To avoid this warning in the future, remove this statement from the LEF file with version 5.6 or later. See file /openLANE_flow/designs/sb_1__3_/runs/final_pin_placement//tmp//merged.lef at line 1322.

WARNING (LEFPARS-2036): SOURCE statement is obsolete in version 5.6 and later.
The LEF parser will ignore this statement.
To avoid this warning in the future, remove this statement from the LEF file with version 5.6 or later. See file /openLANE_flow/designs/sb_1__3_/runs/final_pin_placement//tmp//merged.lef at line 1442.

[LEF] Parsed 1500 number of lines!!
WARNING (LEFPARS-2036): SOURCE statement is obsolete in version 5.6 and later.
The LEF parser will ignore this statement.
To avoid this warning in the future, remove this statement from the LEF file with version 5.6 or later. See file /openLANE_flow/designs/sb_1__3_/runs/final_pin_placement//tmp//merged.lef at line 1589.

WARNING (LEFPARS-2036): SOURCE statement is obsolete in version 5.6 and later.
The LEF parser will ignore this statement.
To avoid this warning in the future, remove this statement from the LEF file with version 5.6 or later. See file /openLANE_flow/designs/sb_1__3_/runs/final_pin_placement//tmp//merged.lef at line 1777.

WARNING (LEFPARS-2036): SOURCE statement is obsolete in version 5.6 and later.
The LEF parser will ignore this statement.
To avoid this warning in the future, remove this statement from the LEF file with version 5.6 or later. See file /openLANE_flow/designs/sb_1__3_/runs/final_pin_placement//tmp//merged.lef at line 1886.

WARNING (LEFPARS-2036): SOURCE statement is obsolete in version 5.6 and later.
The LEF parser will ignore this statement.
To avoid this warning in the future, remove this statement from the LEF file with version 5.6 or later. See file /openLANE_flow/designs/sb_1__3_/runs/final_pin_placement//tmp//merged.lef at line 1999.

[LEF] Parsed 2000 number of lines!!
WARNING (LEFPARS-2036): SOURCE statement is obsolete in version 5.6 and later.
The LEF parser will ignore this statement.
To avoid this warning in the future, remove this statement from the LEF file with version 5.6 or later. See file /openLANE_flow/designs/sb_1__3_/runs/final_pin_placement//tmp//merged.lef at line 2148.

WARNING (LEFPARS-2036): SOURCE statement is obsolete in version 5.6 and later.
The LEF parser will ignore this statement.
To avoid this warning in the future, remove this statement from the LEF file with version 5.6 or later. See file /openLANE_flow/designs/sb_1__3_/runs/final_pin_placement//tmp//merged.lef at line 2253.

WARNING (LEFPARS-2036): SOURCE statement is obsolete in version 5.6 and later.
The LEF parser will ignore this statement.
To avoid this warning in the future, remove this statement from the LEF file with version 5.6 or later. See file /openLANE_flow/designs/sb_1__3_/runs/final_pin_placement//tmp//merged.lef at line 2380.

[LEF] Parsed 2500 number of lines!!
WARNING (LEFPARS-2036): SOURCE statement is obsolete in version 5.6 and later.
The LEF parser will ignore this statement.
To avoid this warning in the future, remove this statement from the LEF file with version 5.6 or later. See file /openLANE_flow/designs/sb_1__3_/runs/final_pin_placement//tmp//merged.lef at line 2547.

WARNING (LEFPARS-2036): SOURCE statement is obsolete in version 5.6 and later.
The LEF parser will ignore this statement.
To avoid this warning in the future, remove this statement from the LEF file with version 5.6 or later. See file /openLANE_flow/designs/sb_1__3_/runs/final_pin_placement//tmp//merged.lef at line 2653.

WARNING (LEFPARS-2036): SOURCE statement is obsolete in version 5.6 and later.
The LEF parser will ignore this statement.
To avoid this warning in the future, remove this statement from the LEF file with version 5.6 or later. See file /openLANE_flow/designs/sb_1__3_/runs/final_pin_placement//tmp//merged.lef at line 2770.

WARNING (LEFPARS-2036): SOURCE statement is obsolete in version 5.6 and later.
The LEF parser will ignore this statement.
To avoid this warning in the future, remove this statement from the LEF file with version 5.6 or later. See file /openLANE_flow/designs/sb_1__3_/runs/final_pin_placement//tmp//merged.lef at line 2908.

[LEF] Parsed 3000 number of lines!!
WARNING (LEFPARS-2036): SOURCE statement is obsolete in version 5.6 and later.
The LEF parser will ignore this statement.
To avoid this warning in the future, remove this statement from the LEF file with version 5.6 or later. See file /openLANE_flow/designs/sb_1__3_/runs/final_pin_placement//tmp//merged.lef at line 3005.

WARNING (LEFPARS-2036): SOURCE statement is obsolete in version 5.6 and later.
The LEF parser will ignore this statement.
To avoid this warning in the future, remove this statement from the LEF file with version 5.6 or later. See file /openLANE_flow/designs/sb_1__3_/runs/final_pin_placement//tmp//merged.lef at line 3105.

WARNING (LEFPARS-2036): SOURCE statement is obsolete in version 5.6 and later.
The LEF parser will ignore this statement.
To avoid this warning in the future, remove this statement from the LEF file with version 5.6 or later. See file /openLANE_flow/designs/sb_1__3_/runs/final_pin_placement//tmp//merged.lef at line 3219.

WARNING (LEFPARS-2036): SOURCE statement is obsolete in version 5.6 and later.
The LEF parser will ignore this statement.
To avoid this warning in the future, remove this statement from the LEF file with version 5.6 or later. See file /openLANE_flow/designs/sb_1__3_/runs/final_pin_placement//tmp//merged.lef at line 3361.

WARNING (LEFPARS-2036): SOURCE statement is obsolete in version 5.6 and later.
The LEF parser will ignore this statement.
To avoid this warning in the future, remove this statement from the LEF file with version 5.6 or later. See file /openLANE_flow/designs/sb_1__3_/runs/final_pin_placement//tmp//merged.lef at line 3458.

[LEF] Parsed 3500 number of lines!!
WARNING (LEFPARS-2036): SOURCE statement is obsolete in version 5.6 and later.
The LEF parser will ignore this statement.
To avoid this warning in the future, remove this statement from the LEF file with version 5.6 or later. See file /openLANE_flow/designs/sb_1__3_/runs/final_pin_placement//tmp//merged.lef at line 3561.

WARNING (LEFPARS-2036): SOURCE statement is obsolete in version 5.6 and later.
The LEF parser will ignore this statement.
To avoid this warning in the future, remove this statement from the LEF file with version 5.6 or later. See file /openLANE_flow/designs/sb_1__3_/runs/final_pin_placement//tmp//merged.lef at line 3691.

WARNING (LEFPARS-2036): SOURCE statement is obsolete in version 5.6 and later.
The LEF parser will ignore this statement.
To avoid this warning in the future, remove this statement from the LEF file with version 5.6 or later. See file /openLANE_flow/designs/sb_1__3_/runs/final_pin_placement//tmp//merged.lef at line 3783.

WARNING (LEFPARS-2036): SOURCE statement is obsolete in version 5.6 and later.
The LEF parser will ignore this statement.
To avoid this warning in the future, remove this statement from the LEF file with version 5.6 or later. See file /openLANE_flow/designs/sb_1__3_/runs/final_pin_placement//tmp//merged.lef at line 3887.

[LEF] Parsed 4000 number of lines!!
WARNING (LEFPARS-2036): SOURCE statement is obsolete in version 5.6 and later.
The LEF parser will ignore this statement.
To avoid this warning in the future, remove this statement from the LEF file with version 5.6 or later. See file /openLANE_flow/designs/sb_1__3_/runs/final_pin_placement//tmp//merged.lef at line 4018.

WARNING (LEFPARS-2036): SOURCE statement is obsolete in version 5.6 and later.
The LEF parser will ignore this statement.
To avoid this warning in the future, remove this statement from the LEF file with version 5.6 or later. See file /openLANE_flow/designs/sb_1__3_/runs/final_pin_placement//tmp//merged.lef at line 4148.

WARNING (LEFPARS-2036): SOURCE statement is obsolete in version 5.6 and later.
The LEF parser will ignore this statement.
To avoid this warning in the future, remove this statement from the LEF file with version 5.6 or later. See file /openLANE_flow/designs/sb_1__3_/runs/final_pin_placement//tmp//merged.lef at line 4282.

WARNING (LEFPARS-2036): SOURCE statement is obsolete in version 5.6 and later.
The LEF parser will ignore this statement.
To avoid this warning in the future, remove this statement from the LEF file with version 5.6 or later. See file /openLANE_flow/designs/sb_1__3_/runs/final_pin_placement//tmp//merged.lef at line 4467.

[LEF] Parsed 4500 number of lines!!
[LEF] Parsed 5000 number of lines!!
[LEF] Parsed 5500 number of lines!!
[LEF] Parsed 6000 number of lines!!
[LEF] Parsed 6500 number of lines!!
[LEF] Parsed 7000 number of lines!!
[LEF] Parsed 7500 number of lines!!
[LEF] Parsed 8000 number of lines!!
[LEF] Parsed 8500 number of lines!!
[LEF] Parsed 9000 number of lines!!
[LEF] Parsed 9500 number of lines!!
[LEF] Parsed 10000 number of lines!!
[LEF] Parsed 10500 number of lines!!
[LEF] Parsed 11000 number of lines!!
[LEF] Parsed 11500 number of lines!!
[LEF] Parsed 12000 number of lines!!
[LEF] Parsed 12500 number of lines!!
[LEF] Parsed 13000 number of lines!!
[LEF] Parsed 13500 number of lines!!
[LEF] Parsed 14000 number of lines!!
[LEF] Parsed 14500 number of lines!!
[LEF] Parsed 15000 number of lines!!
[LEF] Parsed 15500 number of lines!!
[LEF] Parsed 16000 number of lines!!
[LEF] Parsed 16500 number of lines!!
[LEF] Parsed 17000 number of lines!!
[LEF] Parsed 17500 number of lines!!
[LEF] Parsed 18000 number of lines!!
[LEF] Parsed 18500 number of lines!!
[LEF] Parsed 19000 number of lines!!
[LEF] Parsed 19500 number of lines!!
[LEF] Parsed 20000 number of lines!!
[LEF] Parsed 20500 number of lines!!
[LEF] Parsed 21000 number of lines!!
[LEF] Parsed 21500 number of lines!!
[LEF] Parsed 22000 number of lines!!
[LEF] Parsed 22500 number of lines!!
[LEF] Parsed 23000 number of lines!!
[LEF] Parsed 23500 number of lines!!
[LEF] Parsed 24000 number of lines!!
[LEF] Parsed 24500 number of lines!!
[LEF] Parsed 25000 number of lines!!
[LEF] Parsed 25500 number of lines!!
[LEF] Parsed 26000 number of lines!!
[LEF] Parsed 26500 number of lines!!
[LEF] Parsed 27000 number of lines!!
[LEF] Parsed 27500 number of lines!!
[LEF] Parsed 28000 number of lines!!
[LEF] Parsed 28500 number of lines!!
[LEF] Parsed 29000 number of lines!!
[LEF] Parsed 29500 number of lines!!
[LEF] Parsed 30000 number of lines!!
[LEF] Parsed 30500 number of lines!!
[LEF] Parsed 31000 number of lines!!
[LEF] Parsed 31500 number of lines!!
[LEF] Parsed 32000 number of lines!!
[LEF] Parsed 32500 number of lines!!
[LEF] Parsed 33000 number of lines!!
[LEF] Parsed 33500 number of lines!!
[LEF] Parsed 34000 number of lines!!
[LEF] Parsed 34500 number of lines!!
[LEF] Parsed 35000 number of lines!!
[LEF] Parsed 35500 number of lines!!
[LEF] Parsed 36000 number of lines!!
[LEF] Parsed 36500 number of lines!!
[LEF] Parsed 37000 number of lines!!
[LEF] Parsed 37500 number of lines!!
[LEF] Parsed 38000 number of lines!!
[LEF] Parsed 38500 number of lines!!
[LEF] Parsed 39000 number of lines!!
[LEF] Parsed 39500 number of lines!!
[LEF] Parsed 40000 number of lines!!
[LEF] Parsed 40500 number of lines!!
[LEF] Parsed 41000 number of lines!!
[LEF] Parsed 41500 number of lines!!
[LEF] Parsed 42000 number of lines!!
[LEF] Parsed 42500 number of lines!!
[LEF] Parsed 43000 number of lines!!
[LEF] Parsed 43500 number of lines!!
[LEF] Parsed 44000 number of lines!!
[LEF] Parsed 44500 number of lines!!
[LEF] Parsed 45000 number of lines!!
[LEF] Parsed 45500 number of lines!!
[LEF] Parsed 46000 number of lines!!
[LEF] Parsed 46500 number of lines!!
[LEF] Parsed 47000 number of lines!!
[LEF] Parsed 47500 number of lines!!
[LEF] Parsed 48000 number of lines!!
[LEF] Parsed 48500 number of lines!!
[LEF] Parsed 49000 number of lines!!
[LEF] Parsed 49500 number of lines!!
[LEF] Parsed 50000 number of lines!!
[LEF] Parsed 50500 number of lines!!
[LEF] Parsed 51000 number of lines!!
[LEF] Parsed 51500 number of lines!!
[LEF] Parsed 52000 number of lines!!
[LEF] Parsed 52500 number of lines!!
[LEF] Parsed 53000 number of lines!!
[LEF] Parsed 53500 number of lines!!
[LEF] Parsed 54000 number of lines!!
[LEF] Parsed 54500 number of lines!!
[LEF] Parsed 55000 number of lines!!
[LEF] Parsed 55500 number of lines!!
[LEF] Parsed 56000 number of lines!!
[LEF] Parsed 56500 number of lines!!
[LEF] Parsed 57000 number of lines!!
[LEF] Parsed 57500 number of lines!!
[LEF] Parsed 58000 number of lines!!
[LEF] Parsed 58500 number of lines!!
[LEF] Parsed 59000 number of lines!!
[LEF] Parsed 59500 number of lines!!
[LEF] Parsed 60000 number of lines!!
[LEF] Parsed 60500 number of lines!!
[LEF] Parsed 61000 number of lines!!
[LEF] Parsed 61500 number of lines!!
[LEF] Parsed 62000 number of lines!!
[PROC] End LefParsing
[PROC] Begin DefParsing ...
WARNING (DEFPARS-7011): The NAMESCASESENSITIVE statement is obsolete in version 5.6 and later.
The DEF parser will ignore this statement. See file /openLANE_flow/designs/sb_1__3_/runs/final_pin_placement//results/floorplan/sb_1__3_.floorplan.def at line 2.

[PROC] End DefParsing
[INFO] DefUnit = 1000
[INFO] LefMetal1Name = li1
[INFO] DefSiteName = unithd
[INFO] ScaleDownUnit = 302.222229
[INFO] OffsetCoordi = (2640.000000, 0.000000)
[INFO] RowSize = (1.522059, 9.000000)
[INFO] NumRows = 193
[INFO] MacroCount = 0
[INFO] NumModules = 81
[INFO] NumTerminals = 4069
[INFO] Inserted Dummy Terms = 0
[PROC] Begin Generate Un-fragmented Rows ...
[INFO] CoreAreaLxLy = (27.000000, 36.000000)
[INFO] CoreAreaUxUy = (1763.669067, 1773.000000)
[INFO] RowSize = (1.522059, 9.000000)
[INFO] NumRows = 193
[PROC] End Generate Un-fragmented Rows
[PROC] Begin DEF Net Parsing ...
[INFO] NumNets = 185
[INFO] NumPins = 387
[PROC] End DEF Net Parsing
[PROC] LEF/DEF Parsing Success!
[INFO] AspectRatio = 1.000190
[INFO] RowMinXY = (27.000000, 36.000000)
[INFO] RowMaxXY = (1763.669189, 1773.000000)
[INFO] NumPlaceStdCells = 81
[INFO] NumPlaceMacros = 0
[INFO] RowSize = (1.522059, 9.000000)
[INFO] NumRows = 193
[INFO] GlobalAreaLxLy = (9.496324, 6.617647)
[INFO] GlobalAreaUxUy = (1775.961304, 1773.000000)
[INFO] PlaceAreaLxLy = (27.000000, 36.000000)
[INFO] PlaceAreaUxUy = (1763.669189, 1773.000000)
[INFO] TotalPlaceArea = 3016594.500000
[INFO] TotalFixedArea = 65247.558594
[INFO] TotalWhiteSpaceArea = 2951347.000000
[INFO] TotalPlaceMacrosArea = 0.000000
[INFO] TotalPlaceStdCellsArea = 27164.177734
[INFO] Util(%) = 0.900492
[INFO] 80pCellArea = 339.419067
[INFO] FillerInit: TotalFillerArea = 2629048.000000
[INFO] FillerInit: NumFillerCells = 7746
[INFO] FillerInit: FillerCellArea = 339.419189
[INFO] FillerInit: FillerCellSize = (37.713242, 9.000000)
[INFO] FillerInit: NumCells = 7827
[INFO] FillerInit: NumModules = 81
[INFO] FillerInit: NumFillers = 7746
INFO:  D_MSH = 1024 
INFO:  MSH(X, Y) = (32, 32)
[INFO] TierInit: TierUtil = 0.009005
[INFO] TierInit: NumModules = 81
[INFO] TierInit: PlaceArea = 3016594.500000
[INFO] TierInit: CoreSpacingArea = 0.000000
[INFO] TierInit: TerminalArea = 65247.558594
[INFO] TierInit: ModuleArea = 27164.177734
[INFO] TierInit: FillerArea = 2629048.000000
[INFO] TierInit: NumFillers = 7746
[INFO] TierInit: FillerMinIdx = 81
[INFO] TierInit: FillerMaxIdx = 7827
INFO:  dim_bin_cGP2D.(x,y) = (64, 64)
cell Init 2D:
tier->bin_stp: (27.1355 27.1406)
tier->half_bin_stp: (13.5677 13.5703)
PROC:  Start NESTEROV's Optimization
PROC:    Global Lagrangian Multiplier is Applied

ITER: 0
    HPWL=53338.500000
    OVFL=0.911711
    HPWL=(33115.984375, 20222.517578)
    POTN=2.217169E+06
    PHIC=1.023942E-09
    GRAD=1.685012E-02
    NuBT=0
    CPU =0.000000

ITER: 1
    HPWL=53338.242188
    OVFL=0.911711
    HPWL=(33115.898438, 20222.345703)
    POTN=2.217156E+06
    PHIC=1.075139E-09
    GRAD=2.396631E-02
    NuBT=1
    CPU =0.002449

ITER: 2
    HPWL=53337.078125
    OVFL=0.911711
    HPWL=(33115.503906, 20221.572266)
    POTN=2.217093E+06
    PHIC=1.128896E-09
    GRAD=2.396547E-02
    NuBT=1
    CPU =0.001270

ITER: 3
    HPWL=41698.304688
    OVFL=0.724621
    HPWL=(27509.968750, 14188.337891)
    POTN=1.675370E+06
    PHIC=1.185340E-09
    GRAD=9.681159E-03
    NuBT=1
    CPU =0.001218

ITER: 4
    HPWL=37032.476562
    OVFL=0.693355
    HPWL=(26252.953125, 10779.525391)
    POTN=1.644617E+06
    PHIC=1.244607E-09
    GRAD=6.702700E-03
    NuBT=2
    CPU =0.002273

ITER: 5
    HPWL=36914.097656
    OVFL=0.673694
    HPWL=(26233.884766, 10680.212891)
    POTN=1.604266E+06
    PHIC=1.306838E-09
    GRAD=5.150806E-03
    NuBT=3
    CPU =0.003341

ITER: 6
    HPWL=36649.796875
    OVFL=0.651488
    HPWL=(26091.533203, 10558.262695)
    POTN=1.540250E+06
    PHIC=1.372179E-09
    GRAD=3.947877E-03
    NuBT=1
    CPU =0.001199

ITER: 7
    HPWL=36616.640625
    OVFL=0.591324
    HPWL=(26082.935547, 10533.704102)
    POTN=1.465903E+06
    PHIC=1.440788E-09
    GRAD=4.401530E-03
    NuBT=1
    CPU =0.001230

ITER: 8
    HPWL=36369.226562
    OVFL=0.573294
    HPWL=(25930.095703, 10439.131836)
    POTN=1.396135E+06
    PHIC=1.512828E-09
    GRAD=5.604087E-03
    NuBT=2
    CPU =0.002303

ITER: 9
    HPWL=36116.281250
    OVFL=0.494879
    HPWL=(25701.871094, 10414.409180)
    POTN=1.328438E+06
    PHIC=1.588469E-09
    GRAD=6.304340E-03
    NuBT=1
    CPU =0.001205

ITER: 10
    HPWL=35816.441406
    OVFL=0.532618
    HPWL=(25495.021484, 10321.419922)
    POTN=1.279835E+06
    PHIC=1.667892E-09
    GRAD=8.693436E-03
    NuBT=2
    CPU =0.002268

ITER: 11
    HPWL=35661.980469
    OVFL=0.509897
    HPWL=(25333.179688, 10328.801758)
    POTN=1.245807E+06
    PHIC=1.751287E-09
    GRAD=8.048159E-03
    NuBT=1
    CPU =0.001206

ITER: 12
    HPWL=35514.800781
    OVFL=0.492122
    HPWL=(25251.203125, 10263.597656)
    POTN=1.205678E+06
    PHIC=1.838851E-09
    GRAD=8.783565E-03
    NuBT=2
    CPU =0.002270

ITER: 13
    HPWL=35430.906250
    OVFL=0.423445
    HPWL=(25218.023438, 10212.884766)
    POTN=1.180695E+06
    PHIC=1.930794E-09
    GRAD=9.692671E-03
    NuBT=2
    CPU =0.002349

ITER: 14
    HPWL=35207.371094
    OVFL=0.456572
    HPWL=(25095.083984, 10112.287109)
    POTN=1.159617E+06
    PHIC=2.027333E-09
    GRAD=1.230963E-02
    NuBT=2
    CPU =0.002267

ITER: 15
    HPWL=35203.191406
    OVFL=0.449026
    HPWL=(25097.916016, 10105.274414)
    POTN=1.152979E+06
    PHIC=2.128700E-09
    GRAD=1.145928E-02
    NuBT=2
    CPU =0.002267

ITER: 16
    HPWL=35177.800781
    OVFL=0.465364
    HPWL=(25111.695312, 10066.104492)
    POTN=1.138862E+06
    PHIC=2.235135E-09
    GRAD=1.224320E-02
    NuBT=2
    CPU =0.002273

ITER: 17
    HPWL=35217.742188
    OVFL=0.381228
    HPWL=(25171.134766, 10046.608398)
    POTN=1.131461E+06
    PHIC=2.346878E-09
    GRAD=1.230977E-02
    NuBT=1
    CPU =0.001201

ITER: 18
    HPWL=34950.117188
    OVFL=0.393622
    HPWL=(25037.185547, 9912.931641)
    POTN=1.119413E+06
    PHIC=2.464221E-09
    GRAD=1.543565E-02
    NuBT=2
    CPU =0.002328

ITER: 19
    HPWL=34938.937500
    OVFL=0.351036
    HPWL=(25047.232422, 9891.706055)
    POTN=1.118114E+06
    PHIC=2.587432E-09
    GRAD=1.548928E-02
    NuBT=2
    CPU =0.002262

ITER: 20
    HPWL=34842.910156
    OVFL=0.372603
    HPWL=(25012.103516, 9830.805664)
    POTN=1.115203E+06
    PHIC=2.716804E-09
    GRAD=1.851083E-02
    NuBT=2
    CPU =0.002269

ITER: 21
    HPWL=34855.335938
    OVFL=0.366662
    HPWL=(25039.728516, 9815.606445)
    POTN=1.118603E+06
    PHIC=2.852639E-09
    GRAD=1.806251E-02
    NuBT=2
    CPU =0.002260

ITER: 22
    HPWL=34898.968750
    OVFL=0.387969
    HPWL=(25096.300781, 9802.666992)
    POTN=1.111801E+06
    PHIC=2.995252E-09
    GRAD=1.998479E-02
    NuBT=1
    CPU =0.001226

ITER: 23
    HPWL=34936.398438
    OVFL=0.345692
    HPWL=(25149.640625, 9786.758789)
    POTN=1.108540E+06
    PHIC=3.144998E-09
    GRAD=1.941581E-02
    NuBT=1
    CPU =0.001236

ITER: 24
    HPWL=34537.488281
    OVFL=0.356610
    HPWL=(24934.365234, 9603.122070)
    POTN=1.101462E+06
    PHIC=3.302248E-09
    GRAD=1.856057E-02
    NuBT=2
    CPU =0.002255

ITER: 25
    HPWL=34468.433594
    OVFL=0.299259
    HPWL=(24922.226562, 9546.208008)
    POTN=1.098918E+06
    PHIC=3.467360E-09
    GRAD=1.793140E-02
    NuBT=1
    CPU =0.001188

ITER: 26
    HPWL=34338.328125
    OVFL=0.303061
    HPWL=(24875.748047, 9462.582031)
    POTN=1.097991E+06
    PHIC=3.640728E-09
    GRAD=2.121887E-02
    NuBT=2
    CPU =0.002249

ITER: 27
    HPWL=34326.222656
    OVFL=0.272434
    HPWL=(24894.003906, 9432.218750)
    POTN=1.098820E+06
    PHIC=3.822764E-09
    GRAD=2.154505E-02
    NuBT=1
    CPU =0.001192

ITER: 28
    HPWL=34207.703125
    OVFL=0.285810
    HPWL=(24849.132812, 9358.570312)
    POTN=1.099762E+06
    PHIC=4.013903E-09
    GRAD=2.375561E-02
    NuBT=2
    CPU =0.002300

ITER: 29
    HPWL=34188.722656
    OVFL=0.254654
    HPWL=(24863.853516, 9324.869141)
    POTN=1.101550E+06
    PHIC=4.214598E-09
    GRAD=2.313163E-02
    NuBT=1
    CPU =0.001232

ITER: 30
    HPWL=34075.218750
    OVFL=0.269876
    HPWL=(24823.412109, 9251.807617)
    POTN=1.105246E+06
    PHIC=4.425327E-09
    GRAD=2.549694E-02
    NuBT=2
    CPU =0.002264

ITER: 31
    HPWL=34054.492188
    OVFL=0.240538
    HPWL=(24838.869141, 9215.623047)
    POTN=1.109113E+06
    PHIC=4.646593E-09
    GRAD=2.462731E-02
    NuBT=1
    CPU =0.001201

ITER: 32
    HPWL=33947.949219
    OVFL=0.255777
    HPWL=(24804.230469, 9143.718750)
    POTN=1.115629E+06
    PHIC=4.878923E-09
    GRAD=2.687974E-02
    NuBT=2
    CPU =0.002267

ITER: 33
    HPWL=33925.710938
    OVFL=0.228070
    HPWL=(24820.373047, 9105.336914)
    POTN=1.121266E+06
    PHIC=5.122868E-09
    GRAD=2.599994E-02
    NuBT=1
    CPU =0.001204

ITER: 34
    HPWL=33822.593750
    OVFL=0.242051
    HPWL=(24789.242188, 9033.349609)
    POTN=1.130654E+06
    PHIC=5.379011E-09
    GRAD=2.810473E-02
    NuBT=2
    CPU =0.002328

ITER: 35
    HPWL=33796.078125
    OVFL=0.224261
    HPWL=(24804.093750, 8991.985352)
    POTN=1.138903E+06
    PHIC=5.647962E-09
    GRAD=2.732016E-02
    NuBT=1
    CPU =0.001211

ITER: 36
    HPWL=33710.152344
    OVFL=0.247390
    HPWL=(24784.742188, 8925.410156)
    POTN=1.150231E+06
    PHIC=5.930359E-09
    GRAD=2.869936E-02
    NuBT=2
    CPU =0.002267

ITER: 37
    HPWL=33669.417969
    OVFL=0.236503
    HPWL=(24792.761719, 8876.656250)
    POTN=1.160213E+06
    PHIC=6.226877E-09
    GRAD=2.676168E-02
    NuBT=1
    CPU =0.001204

ITER: 38
    HPWL=33594.523438
    OVFL=0.264426
    HPWL=(24783.046875, 8811.476562)
    POTN=1.171135E+06
    PHIC=6.538220E-09
    GRAD=2.760366E-02
    NuBT=1
    CPU =0.001199

ITER: 39
    HPWL=33547.148438
    OVFL=0.257070
    HPWL=(24790.511719, 8756.637695)
    POTN=1.180003E+06
    PHIC=6.865131E-09
    GRAD=2.505067E-02
    NuBT=1
    CPU =0.001200

ITER: 40
    HPWL=33456.703125
    OVFL=0.256262
    HPWL=(24775.314453, 8681.389648)
    POTN=1.187349E+06
    PHIC=7.208387E-09
    GRAD=2.531707E-02
    NuBT=1
    CPU =0.001196

ITER: 41
    HPWL=33416.781250
    OVFL=0.269938
    HPWL=(24791.667969, 8625.112305)
    POTN=1.194990E+06
    PHIC=7.568806E-09
    GRAD=2.571761E-02
    NuBT=1
    CPU =0.001241

ITER: 42
    HPWL=33388.769531
    OVFL=0.232926
    HPWL=(24815.984375, 8572.784180)
    POTN=1.199566E+06
    PHIC=7.947246E-09
    GRAD=2.490084E-02
    NuBT=1
    CPU =0.001233

ITER: 43
    HPWL=33249.277344
    OVFL=0.234107
    HPWL=(24774.343750, 8474.932617)
    POTN=1.205106E+06
    PHIC=8.344608E-09
    GRAD=2.754095E-02
    NuBT=2
    CPU =0.002263

ITER: 44
    HPWL=33214.714844
    OVFL=0.224072
    HPWL=(24793.138672, 8421.577148)
    POTN=1.213452E+06
    PHIC=8.761837E-09
    GRAD=2.806695E-02
    NuBT=1
    CPU =0.001198

ITER: 45
    HPWL=33124.992188
    OVFL=0.211198
    HPWL=(24778.851562, 8346.141602)
    POTN=1.220795E+06
    PHIC=9.199929E-09
    GRAD=2.887887E-02
    NuBT=2
    CPU =0.002269

ITER: 46
    HPWL=33033.261719
    OVFL=0.221773
    HPWL=(24762.951172, 8270.311523)
    POTN=1.233731E+06
    PHIC=9.659924E-09
    GRAD=2.998412E-02
    NuBT=2
    CPU =0.002272

ITER: 47
    HPWL=33003.093750
    OVFL=0.229244
    HPWL=(24783.705078, 8219.388672)
    POTN=1.247487E+06
    PHIC=1.014292E-08
    GRAD=2.994994E-02
    NuBT=1
    CPU =0.001258

ITER: 48
    HPWL=32920.585938
    OVFL=0.225029
    HPWL=(24774.662109, 8145.922852)
    POTN=1.262824E+06
    PHIC=1.065007E-08
    GRAD=2.918437E-02
    NuBT=1
    CPU =0.001210

ITER: 49
    HPWL=32798.578125
    OVFL=0.263748
    HPWL=(24743.339844, 8055.239258)
    POTN=1.279569E+06
    PHIC=1.118257E-08
    GRAD=2.885480E-02
    NuBT=1
    CPU =0.001198

ITER: 50
    HPWL=32718.964844
    OVFL=0.295068
    HPWL=(24738.154297, 7980.809570)
    POTN=1.299945E+06
    PHIC=1.174170E-08
    GRAD=2.504848E-02
    NuBT=1
    CPU =0.001205

ITER: 51
    HPWL=32605.625000
    OVFL=0.279617
    HPWL=(24717.046875, 7888.578613)
    POTN=1.315411E+06
    PHIC=1.232878E-08
    GRAD=2.162288E-02
    NuBT=1
    CPU =0.001199

ITER: 52
    HPWL=32535.023438
    OVFL=0.302239
    HPWL=(24727.363281, 7807.659180)
    POTN=1.335247E+06
    PHIC=1.294522E-08
    GRAD=2.297013E-02
    NuBT=1
    CPU =0.001197

ITER: 53
    HPWL=32513.441406
    OVFL=0.326247
    HPWL=(24766.457031, 7746.983887)
    POTN=1.355204E+06
    PHIC=1.359248E-08
    GRAD=2.147560E-02
    NuBT=2
    CPU =0.002271

ITER: 54
    HPWL=32480.554688
    OVFL=0.328586
    HPWL=(24802.384766, 7678.170410)
    POTN=1.377512E+06
    PHIC=1.427210E-08
    GRAD=1.978624E-02
    NuBT=1
    CPU =0.001252

ITER: 55
    HPWL=32383.296875
    OVFL=0.302587
    HPWL=(24803.345703, 7579.952148)
    POTN=1.396749E+06
    PHIC=1.498571E-08
    GRAD=1.929882E-02
    NuBT=1
    CPU =0.001218

ITER: 56
    HPWL=32318.126953
    OVFL=0.305755
    HPWL=(24824.748047, 7493.378906)
    POTN=1.421407E+06
    PHIC=1.573499E-08
    GRAD=2.185124E-02
    NuBT=1
    CPU =0.001198

ITER: 57
    HPWL=32249.861328
    OVFL=0.324343
    HPWL=(24839.478516, 7410.383301)
    POTN=1.448778E+06
    PHIC=1.652174E-08
    GRAD=2.183529E-02
    NuBT=2
    CPU =0.002272

ITER: 58
    HPWL=32191.652344
    OVFL=0.357082
    HPWL=(24860.312500, 7331.340332)
    POTN=1.480311E+06
    PHIC=1.734783E-08
    GRAD=2.055075E-02
    NuBT=1
    CPU =0.001196

ITER: 59
    HPWL=32096.257812
    OVFL=0.395891
    HPWL=(24862.103516, 7234.154785)
    POTN=1.509002E+06
    PHIC=1.821522E-08
    GRAD=1.777175E-02
    NuBT=1
    CPU =0.001204

ITER: 60
    HPWL=31946.308594
    OVFL=0.435569
    HPWL=(24836.593750, 7109.714355)
    POTN=1.542866E+06
    PHIC=1.912598E-08
    GRAD=1.481533E-02
    NuBT=1
    CPU =0.001197

ITER: 61
    HPWL=31812.570312
    OVFL=0.484284
    HPWL=(24827.332031, 6985.237793)
    POTN=1.579992E+06
    PHIC=2.008227E-08
    GRAD=1.232962E-02
    NuBT=1
    CPU =0.001227

ITER: 62
    HPWL=31892.308594
    OVFL=0.519518
    HPWL=(24937.726562, 6954.583008)
    POTN=1.621164E+06
    PHIC=2.108615E-08
    GRAD=9.677496E-03
    NuBT=1
    CPU =0.001235

ITER: 63
    HPWL=32323.400391
    OVFL=0.559854
    HPWL=(25221.144531, 7102.256348)
    POTN=1.652941E+06
    PHIC=2.213911E-08
    GRAD=9.994643E-03
    NuBT=2
    CPU =0.002257

ITER: 64
    HPWL=32591.806641
    OVFL=0.572006
    HPWL=(25357.542969, 7234.263184)
    POTN=1.674548E+06
    PHIC=2.324519E-08
    GRAD=8.617906E-03
    NuBT=2
    CPU =0.002253

ITER: 65
    HPWL=32599.585938
    OVFL=0.577778
    HPWL=(25331.402344, 7268.184570)
    POTN=1.682516E+06
    PHIC=2.440742E-08
    GRAD=6.432405E-03
    NuBT=1
    CPU =0.001194

ITER: 66
    HPWL=32783.414062
    OVFL=0.540608
    HPWL=(25450.726562, 7332.688477)
    POTN=1.688996E+06
    PHIC=2.562713E-08
    GRAD=6.214344E-03
    NuBT=1
    CPU =0.001191

ITER: 67
    HPWL=32784.253906
    OVFL=0.487271
    HPWL=(25479.478516, 7304.775391)
    POTN=1.689924E+06
    PHIC=2.690848E-08
    GRAD=7.303980E-03
    NuBT=2
    CPU =0.002300

ITER: 68
    HPWL=32670.523438
    OVFL=0.464924
    HPWL=(25442.142578, 7228.381836)
    POTN=1.691224E+06
    PHIC=2.825390E-08
    GRAD=9.298508E-03
    NuBT=2
    CPU =0.002299

ITER: 69
    HPWL=32499.849609
    OVFL=0.468644
    HPWL=(25357.318359, 7142.530762)
    POTN=1.692085E+06
    PHIC=2.966659E-08
    GRAD=1.111791E-02
    NuBT=1
    CPU =0.001198

ITER: 70
    HPWL=32395.339844
    OVFL=0.509230
    HPWL=(25324.386719, 7070.953613)
    POTN=1.692150E+06
    PHIC=3.114992E-08
    GRAD=1.148038E-02
    NuBT=2
    CPU =0.002271

ITER: 71
    HPWL=32483.402344
    OVFL=0.498934
    HPWL=(25385.160156, 7098.242676)
    POTN=1.683954E+06
    PHIC=3.270701E-08
    GRAD=1.047112E-02
    NuBT=1
    CPU =0.001197

ITER: 72
    HPWL=32382.376953
    OVFL=0.460390
    HPWL=(25318.130859, 7064.245605)
    POTN=1.676678E+06
    PHIC=3.434236E-08
    GRAD=1.016842E-02
    NuBT=2
    CPU =0.002276

ITER: 73
    HPWL=32138.542969
    OVFL=0.472934
    HPWL=(25167.712891, 6970.829590)
    POTN=1.671186E+06
    PHIC=3.605948E-08
    GRAD=1.043139E-02
    NuBT=2
    CPU =0.002329

ITER: 74
    HPWL=32188.082031
    OVFL=0.500050
    HPWL=(25199.292969, 6988.788086)
    POTN=1.678581E+06
    PHIC=3.786219E-08
    GRAD=1.071750E-02
    NuBT=1
    CPU =0.001198

ITER: 75
    HPWL=32279.296875
    OVFL=0.509143
    HPWL=(25253.517578, 7025.779297)
    POTN=1.682925E+06
    PHIC=3.975478E-08
    GRAD=1.004544E-02
    NuBT=1
    CPU =0.001197

ITER: 76
    HPWL=32202.914062
    OVFL=0.471046
    HPWL=(25209.845703, 6993.068848)
    POTN=1.681482E+06
    PHIC=4.174252E-08
    GRAD=8.521560E-03
    NuBT=1
    CPU =0.001204

ITER: 77
    HPWL=32283.652344
    OVFL=0.463301
    HPWL=(25263.945312, 7019.707031)
    POTN=1.680007E+06
    PHIC=4.382915E-08
    GRAD=1.028318E-02
    NuBT=1
    CPU =0.001196

ITER: 78
    HPWL=32202.539062
    OVFL=0.525597
    HPWL=(25214.482422, 6988.056152)
    POTN=1.683121E+06
    PHIC=4.602060E-08
    GRAD=1.021151E-02
    NuBT=2
    CPU =0.002268

ITER: 79
    HPWL=32231.564453
    OVFL=0.459559
    HPWL=(25227.662109, 7003.902832)
    POTN=1.677873E+06
    PHIC=4.832143E-08
    GRAD=7.510871E-03
    NuBT=1
    CPU =0.001236

ITER: 80
    HPWL=32198.667969
    OVFL=0.478095
    HPWL=(25215.865234, 6982.802246)
    POTN=1.672434E+06
    PHIC=5.073750E-08
    GRAD=1.013988E-02
    NuBT=1
    CPU =0.001232

ITER: 81
    HPWL=32237.230469
    OVFL=0.489186
    HPWL=(25234.357422, 7002.872070)
    POTN=1.676827E+06
    PHIC=5.327408E-08
    GRAD=9.302872E-03
    NuBT=1
    CPU =0.001189

ITER: 82
    HPWL=32313.101562
    OVFL=0.489429
    HPWL=(25277.906250, 7035.195801)
    POTN=1.679515E+06
    PHIC=5.593719E-08
    GRAD=8.980690E-03
    NuBT=2
    CPU =0.002250

ITER: 83
    HPWL=32317.632812
    OVFL=0.489108
    HPWL=(25283.958984, 7033.674805)
    POTN=1.676001E+06
    PHIC=5.873400E-08
    GRAD=8.847026E-03
    NuBT=2
    CPU =0.002250

ITER: 84
    HPWL=32368.250000
    OVFL=0.454219
    HPWL=(25320.552734, 7047.698242)
    POTN=1.674289E+06
    PHIC=6.167026E-08
    GRAD=8.939498E-03
    NuBT=1
    CPU =0.001191

ITER: 85
    HPWL=32302.269531
    OVFL=0.514152
    HPWL=(25285.515625, 7016.754883)
    POTN=1.678972E+06
    PHIC=6.475376E-08
    GRAD=1.018779E-02
    NuBT=2
    CPU =0.002462

ITER: 86
    HPWL=32293.027344
    OVFL=0.504187
    HPWL=(25271.529297, 7021.498047)
    POTN=1.678091E+06
    PHIC=6.799145E-08
    GRAD=7.867185E-03
    NuBT=2
    CPU =0.002287

ITER: 87
    HPWL=32268.781250
    OVFL=0.487495
    HPWL=(25266.710938, 7002.070801)
    POTN=1.673173E+06
    PHIC=7.139102E-08
    GRAD=7.807257E-03
    NuBT=1
    CPU =0.001199

ITER: 88
    HPWL=32385.199219
    OVFL=0.479387
    HPWL=(25355.265625, 7029.932617)
    POTN=1.667880E+06
    PHIC=7.495933E-08
    GRAD=8.615304E-03
    NuBT=2
    CPU =0.002276

ITER: 89
    HPWL=32374.320312
    OVFL=0.502144
    HPWL=(25354.062500, 7020.258301)
    POTN=1.666341E+06
    PHIC=7.870729E-08
    GRAD=8.935820E-03
    NuBT=2
    CPU =0.002267

ITER: 90
    HPWL=32406.214844
    OVFL=0.516450
    HPWL=(25371.210938, 7035.004883)
    POTN=1.661887E+06
    PHIC=8.264228E-08
    GRAD=7.970763E-03
    NuBT=2
    CPU =0.002327

ITER: 91
    HPWL=32457.085938
    OVFL=0.475829
    HPWL=(25410.279297, 7046.807129)
    POTN=1.649989E+06
    PHIC=8.677377E-08
    GRAD=7.487545E-03
    NuBT=2
    CPU =0.002258

ITER: 92
    HPWL=32408.968750
    OVFL=0.472078
    HPWL=(25392.855469, 7016.114258)
    POTN=1.639606E+06
    PHIC=9.111245E-08
    GRAD=9.027181E-03
    NuBT=2
    CPU =0.002252

ITER: 93
    HPWL=32392.154297
    OVFL=0.479186
    HPWL=(25376.791016, 7015.362793)
    POTN=1.631086E+06
    PHIC=9.566807E-08
    GRAD=9.140887E-03
    NuBT=1
    CPU =0.001192

ITER: 94
    HPWL=32438.814453
    OVFL=0.497277
    HPWL=(25396.828125, 7041.986816)
    POTN=1.623691E+06
    PHIC=1.004508E-07
    GRAD=8.911073E-03
    NuBT=2
    CPU =0.002253

ITER: 95
    HPWL=32403.787109
    OVFL=0.480195
    HPWL=(25374.156250, 7029.630371)
    POTN=1.612625E+06
    PHIC=1.054733E-07
    GRAD=8.213076E-03
    NuBT=2
    CPU =0.002350

ITER: 96
    HPWL=32407.595703
    OVFL=0.445508
    HPWL=(25384.896484, 7022.698730)
    POTN=1.598472E+06
    PHIC=1.107469E-07
    GRAD=8.757302E-03
    NuBT=1
    CPU =0.001198

ITER: 97
    HPWL=32367.511719
    OVFL=0.428885
    HPWL=(25363.003906, 7004.508301)
    POTN=1.586046E+06
    PHIC=1.162843E-07
    GRAD=1.039721E-02
    NuBT=2
    CPU =0.002267

ITER: 98
    HPWL=32328.589844
    OVFL=0.419973
    HPWL=(25330.326172, 6998.262695)
    POTN=1.577286E+06
    PHIC=1.220985E-07
    GRAD=1.127223E-02
    NuBT=1
    CPU =0.001200

ITER: 99
    HPWL=32264.294922
    OVFL=0.454988
    HPWL=(25264.078125, 7000.216309)
    POTN=1.570648E+06
    PHIC=1.282034E-07
    GRAD=1.173878E-02
    NuBT=1
    CPU =0.001198

ITER: 100
    HPWL=32242.339844
    OVFL=0.476934
    HPWL=(25242.468750, 6999.871094)
    POTN=1.564113E+06
    PHIC=1.346136E-07
    GRAD=1.042586E-02
    NuBT=2
    CPU =0.002269

ITER: 101
    HPWL=32243.187500
    OVFL=0.477868
    HPWL=(25249.240234, 6993.947754)
    POTN=1.556940E+06
    PHIC=1.413442E-07
    GRAD=9.335912E-03
    NuBT=1
    CPU =0.001255

ITER: 102
    HPWL=32411.968750
    OVFL=0.469317
    HPWL=(25383.277344, 7028.690918)
    POTN=1.549556E+06
    PHIC=1.484079E-07
    GRAD=9.079735E-03
    NuBT=1
    CPU =0.001216

ITER: 103
    HPWL=32371.582031
    OVFL=0.466042
    HPWL=(25375.910156, 6995.671875)
    POTN=1.540046E+06
    PHIC=1.558283E-07
    GRAD=9.418486E-03
    NuBT=2
    CPU =0.002277

ITER: 104
    HPWL=32361.406250
    OVFL=0.478853
    HPWL=(25380.240234, 6981.165039)
    POTN=1.531624E+06
    PHIC=1.636197E-07
    GRAD=9.575963E-03
    NuBT=2
    CPU =0.002279

ITER: 105
    HPWL=32419.679688
    OVFL=0.501934
    HPWL=(25420.808594, 6998.872070)
    POTN=1.522775E+06
    PHIC=1.717992E-07
    GRAD=9.001625E-03
    NuBT=1
    CPU =0.001199

ITER: 106
    HPWL=32453.509766
    OVFL=0.489489
    HPWL=(25453.179688, 7000.330078)
    POTN=1.513134E+06
    PHIC=1.803883E-07
    GRAD=8.024951E-03
    NuBT=2
    CPU =0.002308

ITER: 107
    HPWL=32467.460938
    OVFL=0.492469
    HPWL=(25480.845703, 6986.615723)
    POTN=1.501566E+06
    PHIC=1.894074E-07
    GRAD=8.478839E-03
    NuBT=1
    CPU =0.001240

ITER: 108
    HPWL=32476.824219
    OVFL=0.502719
    HPWL=(25499.361328, 6977.462891)
    POTN=1.489904E+06
    PHIC=1.988775E-07
    GRAD=8.344161E-03
    NuBT=1
    CPU =0.001207

ITER: 109
    HPWL=32499.652344
    OVFL=0.488869
    HPWL=(25524.732422, 6974.920410)
    POTN=1.477478E+06
    PHIC=2.088207E-07
    GRAD=7.989765E-03
    NuBT=1
    CPU =0.001197

ITER: 110
    HPWL=32507.486328
    OVFL=0.483345
    HPWL=(25542.699219, 6964.787109)
    POTN=1.464772E+06
    PHIC=2.192615E-07
    GRAD=8.504915E-03
    NuBT=1
    CPU =0.001200

ITER: 111
    HPWL=32497.308594
    OVFL=0.496988
    HPWL=(25539.322266, 6957.987305)
    POTN=1.449250E+06
    PHIC=2.302245E-07
    GRAD=8.732647E-03
    NuBT=2
    CPU =0.002266

ITER: 112
    HPWL=32498.634766
    OVFL=0.492487
    HPWL=(25537.814453, 6960.820801)
    POTN=1.436764E+06
    PHIC=2.417357E-07
    GRAD=8.201088E-03
    NuBT=1
    CPU =0.001208

ITER: 113
    HPWL=32493.953125
    OVFL=0.468977
    HPWL=(25537.384766, 6956.569336)
    POTN=1.421137E+06
    PHIC=2.538224E-07
    GRAD=8.356408E-03
    NuBT=1
    CPU =0.001196

ITER: 114
    HPWL=32448.167969
    OVFL=0.493865
    HPWL=(25510.632812, 6937.534668)
    POTN=1.407162E+06
    PHIC=2.665136E-07
    GRAD=9.337998E-03
    NuBT=2
    CPU =0.002337

ITER: 115
    HPWL=32421.970703
    OVFL=0.487774
    HPWL=(25486.910156, 6935.060059)
    POTN=1.392746E+06
    PHIC=2.798392E-07
    GRAD=8.252166E-03
    NuBT=1
    CPU =0.001199

ITER: 116
    HPWL=32447.062500
    OVFL=0.456881
    HPWL=(25504.015625, 6943.046387)
    POTN=1.377456E+06
    PHIC=2.938301E-07
    GRAD=8.538589E-03
    NuBT=1
    CPU =0.001197

ITER: 117
    HPWL=32378.144531
    OVFL=0.490565
    HPWL=(25462.826172, 6915.319336)
    POTN=1.362398E+06
    PHIC=3.085216E-07
    GRAD=9.872735E-03
    NuBT=2
    CPU =0.002272

ITER: 118
    HPWL=32331.832031
    OVFL=0.491120
    HPWL=(25426.806641, 6905.026367)
    POTN=1.347178E+06
    PHIC=3.239477E-07
    GRAD=8.357783E-03
    NuBT=1
    CPU =0.001199

ITER: 119
    HPWL=32357.521484
    OVFL=0.453116
    HPWL=(25445.050781, 6912.470215)
    POTN=1.330365E+06
    PHIC=3.401438E-07
    GRAD=8.337075E-03
    NuBT=1
    CPU =0.001198

ITER: 120
    HPWL=32311.539062
    OVFL=0.478675
    HPWL=(25420.898438, 6890.639648)
    POTN=1.314656E+06
    PHIC=3.571510E-07
    GRAD=1.003223E-02
    NuBT=2
    CPU =0.002335

ITER: 121
    HPWL=32261.375000
    OVFL=0.494690
    HPWL=(25386.593750, 6874.781738)
    POTN=1.296466E+06
    PHIC=3.750085E-07
    GRAD=8.789421E-03
    NuBT=1
    CPU =0.001201

ITER: 122
    HPWL=32303.085938
    OVFL=0.483553
    HPWL=(25413.326172, 6889.759766)
    POTN=1.279658E+06
    PHIC=3.937566E-07
    GRAD=8.208335E-03
    NuBT=1
    CPU =0.001190

ITER: 123
    HPWL=32351.492188
    OVFL=0.464244
    HPWL=(25449.466797, 6902.024902)
    POTN=1.258468E+06
    PHIC=4.134416E-07
    GRAD=8.684771E-03
    NuBT=2
    CPU =0.002255

ITER: 124
    HPWL=32300.761719
    OVFL=0.504942
    HPWL=(25422.341797, 6878.420898)
    POTN=1.241327E+06
    PHIC=4.341136E-07
    GRAD=9.515887E-03
    NuBT=2
    CPU =0.002254

ITER: 125
    HPWL=32253.080078
    OVFL=0.505642
    HPWL=(25392.669922, 6860.410645)
    POTN=1.219890E+06
    PHIC=4.558193E-07
    GRAD=7.761178E-03
    NuBT=2
    CPU =0.002318

ITER: 126
    HPWL=32242.412109
    OVFL=0.498383
    HPWL=(25391.666016, 6850.745605)
    POTN=1.200706E+06
    PHIC=4.786103E-07
    GRAD=7.685646E-03
    NuBT=1
    CPU =0.001210

ITER: 127
    HPWL=32338.167969
    OVFL=0.477154
    HPWL=(25462.855469, 6875.312500)
    POTN=1.172678E+06
    PHIC=5.025340E-07
    GRAD=8.003071E-03
    NuBT=2
    CPU =0.002255

ITER: 128
    HPWL=32324.609375
    OVFL=0.489775
    HPWL=(25460.691406, 6863.918945)
    POTN=1.148142E+06
    PHIC=5.276606E-07
    GRAD=8.974540E-03
    NuBT=2
    CPU =0.002254

ITER: 129
    HPWL=32289.289062
    OVFL=0.516272
    HPWL=(25434.777344, 6854.512207)
    POTN=1.122465E+06
    PHIC=5.540437E-07
    GRAD=8.340005E-03
    NuBT=1
    CPU =0.001201

ITER: 130
    HPWL=32298.060547
    OVFL=0.525555
    HPWL=(25437.814453, 6860.246582)
    POTN=1.094568E+06
    PHIC=5.817451E-07
    GRAD=7.381571E-03
    NuBT=2
    CPU =0.002266

ITER: 131
    HPWL=32312.974609
    OVFL=0.524607
    HPWL=(25451.906250, 6861.067871)
    POTN=1.065436E+06
    PHIC=6.108310E-07
    GRAD=7.048344E-03
    NuBT=1
    CPU =0.001263

ITER: 132
    HPWL=32406.238281
    OVFL=0.513537
    HPWL=(25520.558594, 6885.678711)
    POTN=1.033629E+06
    PHIC=6.413641E-07
    GRAD=7.053178E-03
    NuBT=1
    CPU =0.001207

ITER: 133
    HPWL=32401.718750
    OVFL=0.488841
    HPWL=(25526.808594, 6874.910156)
    POTN=1.000980E+06
    PHIC=6.734323E-07
    GRAD=7.449376E-03
    NuBT=2
    CPU =0.002274

ITER: 134
    HPWL=32357.195312
    OVFL=0.479357
    HPWL=(25503.882812, 6853.311523)
    POTN=9.687674E+05
    PHIC=7.071039E-07
    GRAD=8.517587E-03
    NuBT=2
    CPU =0.002267

ITER: 135
    HPWL=32302.242188
    OVFL=0.477474
    HPWL=(25463.029297, 6839.212891)
    POTN=9.372386E+05
    PHIC=7.424591E-07
    GRAD=8.889520E-03
    NuBT=1
    CPU =0.001201

ITER: 136
    HPWL=32246.326172
    OVFL=0.474071
    HPWL=(25394.107422, 6852.218750)
    POTN=8.972262E+05
    PHIC=7.795820E-07
    GRAD=9.007396E-03
    NuBT=2
    CPU =0.002310

ITER: 137
    HPWL=32148.550781
    OVFL=0.471887
    HPWL=(25321.080078, 6827.470703)
    POTN=8.611240E+05
    PHIC=8.185610E-07
    GRAD=9.327414E-03
    NuBT=2
    CPU =0.002309

ITER: 138
    HPWL=32161.572266
    OVFL=0.468928
    HPWL=(25322.792969, 6838.779785)
    POTN=8.244491E+05
    PHIC=8.594875E-07
    GRAD=9.325352E-03
    NuBT=3
    CPU =0.003340

ITER: 139
    HPWL=32202.960938
    OVFL=0.467376
    HPWL=(25344.158203, 6858.801758)
    POTN=7.868501E+05
    PHIC=9.024566E-07
    GRAD=9.423880E-03
    NuBT=2
    CPU =0.002275

ITER: 140
    HPWL=32183.121094
    OVFL=0.465619
    HPWL=(25329.738281, 6853.382324)
    POTN=7.503708E+05
    PHIC=9.475794E-07
    GRAD=9.420758E-03
    NuBT=2
    CPU =0.002326

ITER: 141
    HPWL=32184.994141
    OVFL=0.463308
    HPWL=(25329.486328, 6855.507324)
    POTN=7.132808E+05
    PHIC=9.949581E-07
    GRAD=9.515469E-03
    NuBT=1
    CPU =0.001223

ITER: 142
    HPWL=32161.812500
    OVFL=0.467207
    HPWL=(25314.535156, 6847.277832)
    POTN=6.776780E+05
    PHIC=1.044706E-06
    GRAD=9.584186E-03
    NuBT=2
    CPU =0.002271

ITER: 143
    HPWL=32146.804688
    OVFL=0.472278
    HPWL=(25304.591797, 6842.213867)
    POTN=6.424002E+05
    PHIC=1.096941E-06
    GRAD=9.368172E-03
    NuBT=1
    CPU =0.001201

ITER: 144
    HPWL=32154.941406
    OVFL=0.490485
    HPWL=(25308.859375, 6846.081055)
    POTN=6.085438E+05
    PHIC=1.151787E-06
    GRAD=9.138122E-03
    NuBT=1
    CPU =0.001207

ITER: 145
    HPWL=32180.589844
    OVFL=0.517345
    HPWL=(25324.607422, 6855.981445)
    POTN=5.734402E+05
    PHIC=1.209372E-06
    GRAD=8.408156E-03
    NuBT=1
    CPU =0.001197

ITER: 146
    HPWL=32192.146484
    OVFL=0.526582
    HPWL=(25334.697266, 6857.449219)
    POTN=5.379228E+05
    PHIC=1.269838E-06
    GRAD=7.443684E-03
    NuBT=1
    CPU =0.001202

ITER: 147
    HPWL=32244.691406
    OVFL=0.529947
    HPWL=(25377.160156, 6867.530273)
    POTN=5.012524E+05
    PHIC=1.333320E-06
    GRAD=6.989475E-03
    NuBT=1
    CPU =0.001237

ITER: 148
    HPWL=32428.691406
    OVFL=0.530295
    HPWL=(25508.099609, 6920.590820)
    POTN=4.632214E+05
    PHIC=1.399950E-06
    GRAD=7.055254E-03
    NuBT=2
    CPU =0.002310

ITER: 149
    HPWL=32428.925781
    OVFL=0.519875
    HPWL=(25523.457031, 6905.469727)
    POTN=4.268915E+05
    PHIC=1.469947E-06
    GRAD=6.948149E-03
    NuBT=2
    CPU =0.002265

ITER: 150
    HPWL=32439.101562
    OVFL=0.506409
    HPWL=(25541.404297, 6897.697266)
    POTN=3.912018E+05
    PHIC=1.543442E-06
    GRAD=7.353401E-03
    NuBT=2
    CPU =0.002267

ITER: 151
    HPWL=32487.101562
    OVFL=0.492910
    HPWL=(25570.279297, 6916.821289)
    POTN=3.533750E+05
    PHIC=1.620603E-06
    GRAD=7.995659E-03
    NuBT=1
    CPU =0.001203

ITER: 152
    HPWL=32511.787109
    OVFL=0.490692
    HPWL=(25575.916016, 6935.870605)
    POTN=3.197774E+05
    PHIC=1.701628E-06
    GRAD=8.687573E-03
    NuBT=2
    CPU =0.002327

ITER: 153
    HPWL=32515.191406
    OVFL=0.506242
    HPWL=(25563.437500, 6951.752930)
    POTN=2.880099E+05
    PHIC=1.786708E-06
    GRAD=8.897702E-03
    NuBT=2
    CPU =0.002291

ITER: 154
    HPWL=32465.375000
    OVFL=0.510128
    HPWL=(25520.787109, 6944.586914)
    POTN=2.565100E+05
    PHIC=1.876043E-06
    GRAD=8.283487E-03
    NuBT=2
    CPU =0.002273

ITER: 155
    HPWL=32377.974609
    OVFL=0.508774
    HPWL=(25462.398438, 6915.576172)
    POTN=2.275607E+05
    PHIC=1.969845E-06
    GRAD=7.933473E-03
    NuBT=2
    CPU =0.002271

ITER: 156
    HPWL=32326.230469
    OVFL=0.503215
    HPWL=(25428.796875, 6897.434570)
    POTN=2.027468E+05
    PHIC=2.068338E-06
    GRAD=7.737990E-03
    NuBT=1
    CPU =0.001211

ITER: 157
    HPWL=32369.683594
    OVFL=0.465103
    HPWL=(25454.320312, 6915.364258)
    POTN=1.783283E+05
    PHIC=2.171741E-06
    GRAD=7.927540E-03
    NuBT=1
    CPU =0.001199

ITER: 158
    HPWL=32293.960938
    OVFL=0.460764
    HPWL=(25406.474609, 6887.485840)
    POTN=1.584984E+05
    PHIC=2.280328E-06
    GRAD=9.557530E-03
    NuBT=2
    CPU =0.002342

ITER: 159
    HPWL=32236.964844
    OVFL=0.474108
    HPWL=(25357.107422, 6879.856445)
    POTN=1.434924E+05
    PHIC=2.394344E-06
    GRAD=9.720088E-03
    NuBT=1
    CPU =0.001202

ITER: 160
    HPWL=32283.185547
    OVFL=0.482778
    HPWL=(25368.042969, 6915.142578)
    POTN=1.281295E+05
    PHIC=2.514045E-06
    GRAD=9.249000E-03
    NuBT=2
    CPU =0.002292

ITER: 161
    HPWL=32225.716797
    OVFL=0.484112
    HPWL=(25324.310547, 6901.406250)
    POTN=1.165435E+05
    PHIC=2.639747E-06
    GRAD=8.816796E-03
    NuBT=2
    CPU =0.002269

ITER: 162
    HPWL=32243.714844
    OVFL=0.484012
    HPWL=(25332.052734, 6911.663086)
    POTN=1.093782E+05
    PHIC=2.771728E-06
    GRAD=8.768579E-03
    NuBT=1
    CPU =0.001202

ITER: 163
    HPWL=32297.431641
    OVFL=0.464694
    HPWL=(25364.539062, 6932.893066)
    POTN=1.045276E+05
    PHIC=2.910292E-06
    GRAD=8.854173E-03
    NuBT=1
    CPU =0.001243

ITER: 164
    HPWL=32253.611328
    OVFL=0.469697
    HPWL=(25339.289062, 6914.322754)
    POTN=1.034566E+05
    PHIC=3.055806E-06
    GRAD=9.572932E-03
    NuBT=2
    CPU =0.002311

ITER: 165
    HPWL=32246.242188
    OVFL=0.492513
    HPWL=(25332.623047, 6913.618652)
    POTN=1.068279E+05
    PHIC=3.208596E-06
    GRAD=9.337193E-03
    NuBT=1
    CPU =0.001202

ITER: 166
    HPWL=32252.318359
    OVFL=0.509151
    HPWL=(25334.607422, 6917.710449)
    POTN=1.084933E+05
    PHIC=3.369023E-06
    GRAD=8.385177E-03
    NuBT=2
    CPU =0.002274

ITER: 167
    HPWL=32246.628906
    OVFL=0.515709
    HPWL=(25335.507812, 6911.120605)
    POTN=1.115220E+05
    PHIC=3.537474E-06
    GRAD=7.696468E-03
    NuBT=1
    CPU =0.001204

ITER: 168
    HPWL=32309.859375
    OVFL=0.517492
    HPWL=(25385.361328, 6924.497070)
    POTN=1.169504E+05
    PHIC=3.714314E-06
    GRAD=7.419852E-03
    NuBT=1
    CPU =0.001207

ITER: 169
    HPWL=32393.453125
    OVFL=0.518243
    HPWL=(25449.939453, 6943.513672)
    POTN=1.241338E+05
    PHIC=3.899983E-06
    GRAD=7.420249E-03
    NuBT=2
    CPU =0.002329

ITER: 170
    HPWL=32407.724609
    OVFL=0.515877
    HPWL=(25471.291016, 6936.434082)
    POTN=1.326586E+05
    PHIC=4.094974E-06
    GRAD=7.348131E-03
    NuBT=2
    CPU =0.002293

ITER: 171
    HPWL=32429.324219
    OVFL=0.509260
    HPWL=(25494.556641, 6934.767090)
    POTN=1.414468E+05
    PHIC=4.299709E-06
    GRAD=7.434674E-03
    NuBT=2
    CPU =0.002271

ITER: 172
    HPWL=32450.181641
    OVFL=0.509482
    HPWL=(25513.236328, 6936.944824)
    POTN=1.504757E+05
    PHIC=4.514681E-06
    GRAD=7.701984E-03
    NuBT=2
    CPU =0.002283

ITER: 173
    HPWL=32473.664062
    OVFL=0.507658
    HPWL=(25527.539062, 6946.124512)
    POTN=1.594385E+05
    PHIC=4.740400E-06
    GRAD=7.706219E-03
    NuBT=1
    CPU =0.001205

ITER: 174
    HPWL=32475.734375
    OVFL=0.510040
    HPWL=(25528.283203, 6947.451172)
    POTN=1.675697E+05
    PHIC=4.977418E-06
    GRAD=7.764422E-03
    NuBT=2
    CPU =0.002331

ITER: 175
    HPWL=32461.085938
    OVFL=0.513393
    HPWL=(25517.632812, 6943.454102)
    POTN=1.743656E+05
    PHIC=5.226288E-06
    GRAD=7.652844E-03
    NuBT=2
    CPU =0.002287

ITER: 176
    HPWL=32436.179688
    OVFL=0.509535
    HPWL=(25501.746094, 6934.433594)
    POTN=1.786362E+05
    PHIC=5.487602E-06
    GRAD=7.498137E-03
    NuBT=2
    CPU =0.002270

ITER: 177
    HPWL=32423.644531
    OVFL=0.497986
    HPWL=(25494.937500, 6928.708008)
    POTN=1.808370E+05
    PHIC=5.761982E-06
    GRAD=7.592583E-03
    NuBT=1
    CPU =0.001203

ITER: 178
    HPWL=32411.583984
    OVFL=0.489972
    HPWL=(25486.769531, 6924.813965)
    POTN=1.810108E+05
    PHIC=6.050081E-06
    GRAD=8.019737E-03
    NuBT=2
    CPU =0.002267

ITER: 179
    HPWL=32400.683594
    OVFL=0.486955
    HPWL=(25474.289062, 6926.394531)
    POTN=1.793223E+05
    PHIC=6.352585E-06
    GRAD=8.367592E-03
    NuBT=1
    CPU =0.001262

ITER: 180
    HPWL=32394.619141
    OVFL=0.482815
    HPWL=(25462.527344, 6932.091797)
    POTN=1.757908E+05
    PHIC=6.670214E-06
    GRAD=8.523997E-03
    NuBT=1
    CPU =0.001222

ITER: 181
    HPWL=32368.679688
    OVFL=0.478246
    HPWL=(25439.765625, 6928.915039)
    POTN=1.714136E+05
    PHIC=7.003724E-06
    GRAD=8.689774E-03
    NuBT=2
    CPU =0.002272

ITER: 182
    HPWL=32360.591797
    OVFL=0.473296
    HPWL=(25428.429688, 6932.162109)
    POTN=1.654793E+05
    PHIC=7.353910E-06
    GRAD=8.916258E-03
    NuBT=1
    CPU =0.001197

ITER: 183
    HPWL=32329.113281
    OVFL=0.466879
    HPWL=(25403.679688, 6925.434570)
    POTN=1.589551E+05
    PHIC=7.721605E-06
    GRAD=9.110961E-03
    NuBT=2
    CPU =0.002277

ITER: 184
    HPWL=32313.074219
    OVFL=0.466042
    HPWL=(25388.845703, 6924.229492)
    POTN=1.510545E+05
    PHIC=8.107685E-06
    GRAD=9.409663E-03
    NuBT=1
    CPU =0.001203

ITER: 185
    HPWL=32305.658203
    OVFL=0.470398
    HPWL=(25379.488281, 6926.169922)
    POTN=1.424530E+05
    PHIC=8.513069E-06
    GRAD=9.481912E-03
    NuBT=1
    CPU =0.001228

ITER: 186
    HPWL=32294.269531
    OVFL=0.470246
    HPWL=(25369.466797, 6924.803711)
    POTN=1.325739E+05
    PHIC=8.938721E-06
    GRAD=9.297403E-03
    NuBT=1
    CPU =0.001257

ITER: 187
    HPWL=32275.664062
    OVFL=0.465237
    HPWL=(25357.597656, 6918.065430)
    POTN=1.212463E+05
    PHIC=9.385657E-06
    GRAD=9.258856E-03
    NuBT=1
    CPU =0.001204

ITER: 188
    HPWL=32277.189453
    OVFL=0.460279
    HPWL=(25359.675781, 6917.513672)
    POTN=1.087450E+05
    PHIC=9.854937E-06
    GRAD=9.484916E-03
    NuBT=1
    CPU =0.001211

ITER: 189
    HPWL=32277.007812
    OVFL=0.458383
    HPWL=(25360.650391, 6916.357422)
    POTN=9.671854E+04
    PHIC=1.034768E-05
    GRAD=9.732290E-03
    NuBT=2
    CPU =0.002270

ITER: 190
    HPWL=32292.513672
    OVFL=0.460130
    HPWL=(25370.441406, 6922.072754)
    POTN=8.519905E+04
    PHIC=1.086504E-05
    GRAD=9.883909E-03
    NuBT=1
    CPU =0.001201

ITER: 191
    HPWL=32304.816406
    OVFL=0.465276
    HPWL=(25377.960938, 6926.854492)
    POTN=7.539016E+04
    PHIC=1.140828E-05
    GRAD=9.852608E-03
    NuBT=1
    CPU =0.001202

ITER: 192
    HPWL=32297.984375
    OVFL=0.478834
    HPWL=(25374.072266, 6923.912109)
    POTN=6.754202E+04
    PHIC=1.197869E-05
    GRAD=9.588760E-03
    NuBT=1
    CPU =0.001207

ITER: 193
    HPWL=32285.408203
    OVFL=0.487666
    HPWL=(25367.781250, 6917.626953)
    POTN=6.118839E+04
    PHIC=1.257762E-05
    GRAD=8.944943E-03
    NuBT=1
    CPU =0.001254

ITER: 194
    HPWL=32289.011719
    OVFL=0.497922
    HPWL=(25374.484375, 6914.528320)
    POTN=5.586282E+04
    PHIC=1.320650E-05
    GRAD=8.515712E-03
    NuBT=1
    CPU =0.001219

ITER: 195
    HPWL=32358.068359
    OVFL=0.503133
    HPWL=(25424.365234, 6933.703125)
    POTN=5.233293E+04
    PHIC=1.386669E-05
    GRAD=8.172844E-03
    NuBT=1
    CPU =0.001205

ITER: 196
    HPWL=32414.150391
    OVFL=0.503343
    HPWL=(25468.863281, 6945.287598)
    POTN=5.128748E+04
    PHIC=1.455990E-05
    GRAD=8.017710E-03
    NuBT=2
    CPU =0.002275

ITER: 197
    HPWL=32427.357422
    OVFL=0.498721
    HPWL=(25487.923828, 6939.433594)
    POTN=5.256518E+04
    PHIC=1.528787E-05
    GRAD=7.972444E-03
    NuBT=2
    CPU =0.002279

ITER: 198
    HPWL=32421.408203
    OVFL=0.493001
    HPWL=(25493.371094, 6928.037598)
    POTN=5.591409E+04
    PHIC=1.605226E-05
    GRAD=8.116624E-03
    NuBT=2
    CPU =0.002301

ITER: 199
    HPWL=32429.162109
    OVFL=0.487583
    HPWL=(25502.503906, 6926.658203)
    POTN=6.079224E+04
    PHIC=1.685486E-05
    GRAD=8.367163E-03
    NuBT=1
    CPU =0.001241

ITER: 200
    HPWL=32427.384766
    OVFL=0.475584
    HPWL=(25501.263672, 6926.120605)
    POTN=6.605726E+04
    PHIC=1.769760E-05
    GRAD=8.597454E-03
    NuBT=1
    CPU =0.001202

ITER: 201
    HPWL=32427.802734
    OVFL=0.468974
    HPWL=(25497.703125, 6930.099609)
    POTN=7.093014E+04
    PHIC=1.858247E-05
    GRAD=9.172208E-03
    NuBT=1
    CPU =0.001209

ITER: 202
    HPWL=32400.646484
    OVFL=0.461817
    HPWL=(25473.701172, 6926.945312)
    POTN=7.565588E+04
    PHIC=1.951160E-05
    GRAD=9.471229E-03
    NuBT=2
    CPU =0.002269

ITER: 203
    HPWL=32344.339844
    OVFL=0.455438
    HPWL=(25430.693359, 6913.646484)
    POTN=7.982663E+04
    PHIC=2.048718E-05
    GRAD=9.731152E-03
    NuBT=2
    CPU =0.002268

ITER: 204
    HPWL=32284.998047
    OVFL=0.452328
    HPWL=(25385.119141, 6899.879395)
    POTN=8.275247E+04
    PHIC=2.151153E-05
    GRAD=9.978846E-03
    NuBT=2
    CPU =0.002329

ITER: 205
    HPWL=32233.703125
    OVFL=0.448945
    HPWL=(25344.558594, 6889.145508)
    POTN=8.346479E+04
    PHIC=2.258711E-05
    GRAD=1.009760E-02
    NuBT=2
    CPU =0.002287

ITER: 206
    HPWL=32209.527344
    OVFL=0.444974
    HPWL=(25321.378906, 6888.147461)
    POTN=8.166506E+04
    PHIC=2.371646E-05
    GRAD=1.025777E-02
    NuBT=1
    CPU =0.001198

ITER: 207
    HPWL=32189.732422
    OVFL=0.441472
    HPWL=(25302.019531, 6887.712402)
    POTN=7.785404E+04
    PHIC=2.490229E-05
    GRAD=1.044694E-02
    NuBT=1
    CPU =0.001194

ITER: 208
    HPWL=32175.730469
    OVFL=0.439063
    HPWL=(25286.861328, 6888.870117)
    POTN=7.259096E+04
    PHIC=2.614740E-05
    GRAD=1.063525E-02
    NuBT=1
    CPU =0.001198

ITER: 209
    HPWL=32169.189453
    OVFL=0.438695
    HPWL=(25277.337891, 6891.851562)
    POTN=6.621117E+04
    PHIC=2.745477E-05
    GRAD=1.078935E-02
    NuBT=1
    CPU =0.001206

ITER: 210
    HPWL=32162.722656
    OVFL=0.442065
    HPWL=(25269.121094, 6893.602051)
    POTN=5.968132E+04
    PHIC=2.882751E-05
    GRAD=1.083338E-02
    NuBT=1
    CPU =0.001195

ITER: 211
    HPWL=32157.636719
    OVFL=0.448417
    HPWL=(25262.763672, 6894.872070)
    POTN=5.341803E+04
    PHIC=3.026888E-05
    GRAD=1.067103E-02
    NuBT=1
    CPU =0.001226

ITER: 212
    HPWL=32156.619141
    OVFL=0.453448
    HPWL=(25259.832031, 6896.786621)
    POTN=4.838519E+04
    PHIC=3.178232E-05
    GRAD=1.035218E-02
    NuBT=1
    CPU =0.001242

ITER: 213
    HPWL=32164.894531
    OVFL=0.450666
    HPWL=(25263.710938, 6901.184570)
    POTN=4.438024E+04
    PHIC=3.337140E-05
    GRAD=1.010165E-02
    NuBT=1
    CPU =0.001212

ITER: 214
    HPWL=32189.505859
    OVFL=0.457886
    HPWL=(25278.318359, 6911.187988)
    POTN=4.153795E+04
    PHIC=3.503984E-05
    GRAD=1.026867E-02
    NuBT=1
    CPU =0.001201

ITER: 215
    HPWL=32199.474609
    OVFL=0.466675
    HPWL=(25284.291016, 6915.184082)
    POTN=4.019227E+04
    PHIC=3.679179E-05
    GRAD=9.912469E-03
    NuBT=2
    CPU =0.002277

ITER: 216
    HPWL=32209.320312
    OVFL=0.472643
    HPWL=(25290.908203, 6918.412109)
    POTN=4.060845E+04
    PHIC=3.863132E-05
    GRAD=9.476118E-03
    NuBT=1
    CPU =0.001205

ITER: 217
    HPWL=32226.013672
    OVFL=0.473324
    HPWL=(25303.287109, 6922.726562)
    POTN=4.205140E+04
    PHIC=4.056279E-05
    GRAD=9.182687E-03
    NuBT=1
    CPU =0.001202

ITER: 218
    HPWL=32257.455078
    OVFL=0.472118
    HPWL=(25326.226562, 6931.228027)
    POTN=4.379753E+04
    PHIC=4.259074E-05
    GRAD=9.174471E-03
    NuBT=1
    CPU =0.001211

ITER: 219
    HPWL=32259.246094
    OVFL=0.469016
    HPWL=(25330.224609, 6929.022461)
    POTN=4.527973E+04
    PHIC=4.472026E-05
    GRAD=9.185190E-03
    NuBT=2
    CPU =0.002341

ITER: 220
    HPWL=32266.363281
    OVFL=0.460072
    HPWL=(25335.775391, 6930.588379)
    POTN=4.545074E+04
    PHIC=4.695623E-05
    GRAD=9.319121E-03
    NuBT=1
    CPU =0.001199

ITER: 221
    HPWL=32268.535156
    OVFL=0.447272
    HPWL=(25337.326172, 6931.209961)
    POTN=4.418495E+04
    PHIC=4.930402E-05
    GRAD=9.751039E-03
    NuBT=1
    CPU =0.001196

ITER: 222
    HPWL=32261.474609
    OVFL=0.433386
    HPWL=(25328.978516, 6932.495605)
    POTN=4.188677E+04
    PHIC=5.176922E-05
    GRAD=1.039755E-02
    NuBT=1
    CPU =0.001205

ITER: 223
    HPWL=32254.933594
    OVFL=0.420004
    HPWL=(25318.078125, 6936.855469)
    POTN=3.923297E+04
    PHIC=5.435768E-05
    GRAD=1.119272E-02
    NuBT=1
    CPU =0.001194

ITER: 224
    HPWL=32217.089844
    OVFL=0.411831
    HPWL=(25286.408203, 6930.680664)
    POTN=3.657968E+04
    PHIC=5.707555E-05
    GRAD=1.192251E-02
    NuBT=2
    CPU =0.002263

ITER: 225
    HPWL=32174.611328
    OVFL=0.403417
    HPWL=(25251.431641, 6923.180176)
    POTN=3.415593E+04
    PHIC=5.992933E-05
    GRAD=1.240532E-02
    NuBT=2
    CPU =0.002350

ITER: 226
    HPWL=32111.375000
    OVFL=0.396211
    HPWL=(25204.607422, 6906.767578)
    POTN=3.175569E+04
    PHIC=6.292579E-05
    GRAD=1.283141E-02
    NuBT=2
    CPU =0.002282

ITER: 227
    HPWL=32059.933594
    OVFL=0.391673
    HPWL=(25166.332031, 6893.602051)
    POTN=2.984647E+04
    PHIC=6.607208E-05
    GRAD=1.323623E-02
    NuBT=2
    CPU =0.002271

ITER: 228
    HPWL=32024.820312
    OVFL=0.390089
    HPWL=(25138.611328, 6886.208008)
    POTN=2.836908E+04
    PHIC=6.937567E-05
    GRAD=1.351492E-02
    NuBT=2
    CPU =0.002277

ITER: 229
    HPWL=31999.945312
    OVFL=0.393994
    HPWL=(25118.275391, 6881.669922)
    POTN=2.750339E+04
    PHIC=7.284446E-05
    GRAD=1.362106E-02
    NuBT=2
    CPU =0.002337

ITER: 230
    HPWL=31996.773438
    OVFL=0.400465
    HPWL=(25111.933594, 6884.840332)
    POTN=2.716160E+04
    PHIC=7.648668E-05
    GRAD=1.344688E-02
    NuBT=1
    CPU =0.001229

ITER: 231
    HPWL=31989.851562
    OVFL=0.407913
    HPWL=(25103.240234, 6886.612305)
    POTN=2.728785E+04
    PHIC=8.031101E-05
    GRAD=1.304910E-02
    NuBT=1
    CPU =0.001209

ITER: 232
    HPWL=31974.570312
    OVFL=0.405088
    HPWL=(25089.476562, 6885.094727)
    POTN=2.727800E+04
    PHIC=8.432656E-05
    GRAD=1.251872E-02
    NuBT=1
    CPU =0.001205

ITER: 233
    HPWL=31974.066406
    OVFL=0.396480
    HPWL=(25085.404297, 6888.662598)
    POTN=2.690910E+04
    PHIC=8.854288E-05
    GRAD=1.264217E-02
    NuBT=1
    CPU =0.001206

ITER: 234
    HPWL=31969.318359
    OVFL=0.388363
    HPWL=(25081.144531, 6888.173828)
    POTN=2.628781E+04
    PHIC=9.297002E-05
    GRAD=1.315028E-02
    NuBT=2
    CPU =0.002288

ITER: 235
    HPWL=31980.724609
    OVFL=0.390802
    HPWL=(25087.847656, 6892.876953)
    POTN=2.546848E+04
    PHIC=9.761836E-05
    GRAD=1.373415E-02
    NuBT=1
    CPU =0.001205

ITER: 236
    HPWL=31988.593750
    OVFL=0.393193
    HPWL=(25092.068359, 6896.526367)
    POTN=2.491587E+04
    PHIC=1.024992E-04
    GRAD=1.364341E-02
    NuBT=1
    CPU =0.001241

ITER: 237
    HPWL=31983.111328
    OVFL=0.391210
    HPWL=(25086.531250, 6896.580078)
    POTN=2.456421E+04
    PHIC=1.076241E-04
    GRAD=1.348266E-02
    NuBT=1
    CPU =0.001245

ITER: 238
    HPWL=31965.019531
    OVFL=0.390297
    HPWL=(25072.921875, 6892.097656)
    POTN=2.414917E+04
    PHIC=1.130053E-04
    GRAD=1.352571E-02
    NuBT=1
    CPU =0.001213

ITER: 239
    HPWL=31952.792969
    OVFL=0.390858
    HPWL=(25063.531250, 6889.261719)
    POTN=2.336174E+04
    PHIC=1.186556E-04
    GRAD=1.354291E-02
    NuBT=1
    CPU =0.001205

ITER: 240
    HPWL=31958.359375
    OVFL=0.389664
    HPWL=(25063.632812, 6894.725586)
    POTN=2.199550E+04
    PHIC=1.245882E-04
    GRAD=1.353200E-02
    NuBT=1
    CPU =0.001206

ITER: 241
    HPWL=31968.835938
    OVFL=0.382359
    HPWL=(25067.507812, 6901.329102)
    POTN=2.059851E+04
    PHIC=1.308175E-04
    GRAD=1.366578E-02
    NuBT=1
    CPU =0.001206

ITER: 242
    HPWL=31970.271484
    OVFL=0.376018
    HPWL=(25066.769531, 6903.502441)
    POTN=1.933295E+04
    PHIC=1.373583E-04
    GRAD=1.417406E-02
    NuBT=1
    CPU =0.001205

ITER: 243
    HPWL=31956.328125
    OVFL=0.363592
    HPWL=(25058.826172, 6897.500977)
    POTN=1.811278E+04
    PHIC=1.442262E-04
    GRAD=1.461037E-02
    NuBT=1
    CPU =0.001216

ITER: 244
    HPWL=31935.480469
    OVFL=0.346498
    HPWL=(25046.113281, 6889.367676)
    POTN=1.708456E+04
    PHIC=1.514375E-04
    GRAD=1.547065E-02
    NuBT=1
    CPU =0.001204

ITER: 245
    HPWL=31885.542969
    OVFL=0.337235
    HPWL=(25016.320312, 6869.223145)
    POTN=1.624016E+04
    PHIC=1.590094E-04
    GRAD=1.659808E-02
    NuBT=2
    CPU =0.002354

ITER: 246
    HPWL=31866.912109
    OVFL=0.329698
    HPWL=(25007.085938, 6859.826172)
    POTN=1.550155E+04
    PHIC=1.669598E-04
    GRAD=1.744832E-02
    NuBT=1
    CPU =0.001207

ITER: 247
    HPWL=31812.757812
    OVFL=0.327131
    HPWL=(24975.128906, 6837.627930)
    POTN=1.490942E+04
    PHIC=1.753078E-04
    GRAD=1.793429E-02
    NuBT=2
    CPU =0.002285

ITER: 248
    HPWL=31774.984375
    OVFL=0.330720
    HPWL=(24951.980469, 6823.004883)
    POTN=1.466102E+04
    PHIC=1.840732E-04
    GRAD=1.813997E-02
    NuBT=2
    CPU =0.002278

ITER: 249
    HPWL=31750.292969
    OVFL=0.335199
    HPWL=(24934.009766, 6816.282715)
    POTN=1.462211E+04
    PHIC=1.932769E-04
    GRAD=1.788596E-02
    NuBT=2
    CPU =0.002326

ITER: 250
    HPWL=31740.179688
    OVFL=0.343819
    HPWL=(24921.921875, 6818.257812)
    POTN=1.482037E+04
    PHIC=2.029407E-04
    GRAD=1.753796E-02
    NuBT=1
    CPU =0.001250

ITER: 251
    HPWL=31737.644531
    OVFL=0.347262
    HPWL=(24912.927734, 6824.715820)
    POTN=1.510485E+04
    PHIC=2.130877E-04
    GRAD=1.685342E-02
    NuBT=1
    CPU =0.001198

ITER: 252
    HPWL=31741.904297
    OVFL=0.350290
    HPWL=(24906.464844, 6835.439453)
    POTN=1.561808E+04
    PHIC=2.237420E-04
    GRAD=1.653322E-02
    NuBT=1
    CPU =0.001201

ITER: 253
    HPWL=31762.103516
    OVFL=0.346993
    HPWL=(24910.666016, 6851.437500)
    POTN=1.587094E+04
    PHIC=2.349284E-04
    GRAD=1.634988E-02
    NuBT=1
    CPU =0.001200

ITER: 254
    HPWL=31777.488281
    OVFL=0.341150
    HPWL=(24913.955078, 6863.532227)
    POTN=1.559073E+04
    PHIC=2.466743E-04
    GRAD=1.661768E-02
    NuBT=1
    CPU =0.001199

ITER: 255
    HPWL=31781.265625
    OVFL=0.335026
    HPWL=(24913.679688, 6867.585938)
    POTN=1.506790E+04
    PHIC=2.590078E-04
    GRAD=1.705953E-02
    NuBT=1
    CPU =0.001208

ITER: 256
    HPWL=31777.185547
    OVFL=0.325859
    HPWL=(24911.097656, 6866.087891)
    POTN=1.420879E+04
    PHIC=2.719582E-04
    GRAD=1.752539E-02
    NuBT=1
    CPU =0.001198

ITER: 257
    HPWL=31772.535156
    OVFL=0.320339
    HPWL=(24910.179688, 6862.354492)
    POTN=1.311384E+04
    PHIC=2.855561E-04
    GRAD=1.830708E-02
    NuBT=1
    CPU =0.001225

ITER: 258
    HPWL=31771.283203
    OVFL=0.313053
    HPWL=(24912.613281, 6858.670410)
    POTN=1.217264E+04
    PHIC=2.998339E-04
    GRAD=1.891948E-02
    NuBT=1
    CPU =0.001250

ITER: 259
    HPWL=31763.271484
    OVFL=0.301583
    HPWL=(24910.210938, 6853.061035)
    POTN=1.128691E+04
    PHIC=3.148256E-04
    GRAD=1.966837E-02
    NuBT=1
    CPU =0.001204

ITER: 260
    HPWL=31708.462891
    OVFL=0.291256
    HPWL=(24880.443359, 6828.019043)
    POTN=1.045553E+04
    PHIC=3.305668E-04
    GRAD=2.034404E-02
    NuBT=2
    CPU =0.002291

ITER: 261
    HPWL=31689.625000
    OVFL=0.278904
    HPWL=(24873.107422, 6816.518555)
    POTN=9.707073E+03
    PHIC=3.470952E-04
    GRAD=2.141668E-02
    NuBT=1
    CPU =0.001206

ITER: 262
    HPWL=31649.414062
    OVFL=0.271051
    HPWL=(24852.693359, 6796.721191)
    POTN=9.288056E+03
    PHIC=3.644499E-04
    GRAD=2.242256E-02
    NuBT=2
    CPU =0.002286

ITER: 263
    HPWL=31623.835938
    OVFL=0.268280
    HPWL=(24840.546875, 6783.288086)
    POTN=9.195046E+03
    PHIC=3.826724E-04
    GRAD=2.323711E-02
    NuBT=2
    CPU =0.002334

ITER: 264
    HPWL=31589.421875
    OVFL=0.267313
    HPWL=(24821.320312, 6768.100586)
    POTN=9.321020E+03
    PHIC=4.018060E-04
    GRAD=2.355403E-02
    NuBT=2
    CPU =0.002305

ITER: 265
    HPWL=31596.294922
    OVFL=0.273039
    HPWL=(24823.250000, 6773.044922)
    POTN=9.580508E+03
    PHIC=4.218958E-04
    GRAD=2.399034E-02
    NuBT=1
    CPU =0.001208

ITER: 266
    HPWL=31591.755859
    OVFL=0.284192
    HPWL=(24816.619141, 6775.136719)
    POTN=1.002979E+04
    PHIC=4.429906E-04
    GRAD=2.357243E-02
    NuBT=1
    CPU =0.001206

ITER: 267
    HPWL=31548.783203
    OVFL=0.297321
    HPWL=(24785.455078, 6763.328613)
    POTN=1.049462E+04
    PHIC=4.651401E-04
    GRAD=2.197922E-02
    NuBT=1
    CPU =0.001206

ITER: 268
    HPWL=31521.648438
    OVFL=0.303650
    HPWL=(24761.539062, 6760.108398)
    POTN=1.081417E+04
    PHIC=4.883971E-04
    GRAD=2.033367E-02
    NuBT=1
    CPU =0.001213

ITER: 269
    HPWL=31557.140625
    OVFL=0.302873
    HPWL=(24773.503906, 6783.637207)
    POTN=1.079689E+04
    PHIC=5.128143E-04
    GRAD=1.982766E-02
    NuBT=1
    CPU =0.001205

ITER: 270
    HPWL=31606.949219
    OVFL=0.290112
    HPWL=(24793.691406, 6813.257324)
    POTN=1.013961E+04
    PHIC=5.384512E-04
    GRAD=2.007996E-02
    NuBT=2
    CPU =0.002352

ITER: 271
    HPWL=31605.769531
    OVFL=0.267107
    HPWL=(24786.132812, 6819.637695)
    POTN=9.198080E+03
    PHIC=5.653738E-04
    GRAD=2.089949E-02
    NuBT=2
    CPU =0.002281

ITER: 272
    HPWL=31591.439453
    OVFL=0.249579
    HPWL=(24775.390625, 6816.048828)
    POTN=8.220565E+03
    PHIC=5.936425E-04
    GRAD=2.265387E-02
    NuBT=2
    CPU =0.002287

ITER: 273
    HPWL=31581.578125
    OVFL=0.233842
    HPWL=(24774.525391, 6807.051758)
    POTN=7.474719E+03
    PHIC=6.233246E-04
    GRAD=2.426960E-02
    NuBT=2
    CPU =0.002279

ITER: 274
    HPWL=31566.412109
    OVFL=0.218467
    HPWL=(24771.091797, 6795.320801)
    POTN=6.976491E+03
    PHIC=6.544908E-04
    GRAD=2.577276E-02
    NuBT=2
    CPU =0.002323

ITER: 275
    HPWL=31546.369141
    OVFL=0.208204
    HPWL=(24762.546875, 6783.822266)
    POTN=6.609823E+03
    PHIC=6.872153E-04
    GRAD=2.719983E-02
    NuBT=2
    CPU =0.002306

ITER: 276
    HPWL=31516.972656
    OVFL=0.206360
    HPWL=(24748.515625, 6768.456543)
    POTN=6.316791E+03
    PHIC=7.215760E-04
    GRAD=2.816573E-02
    NuBT=2
    CPU =0.002264

ITER: 277
    HPWL=31490.197266
    OVFL=0.209761
    HPWL=(24734.947266, 6755.250000)
    POTN=6.199171E+03
    PHIC=7.576548E-04
    GRAD=2.837821E-02
    NuBT=2
    CPU =0.002269

ITER: 278
    HPWL=31507.980469
    OVFL=0.219819
    HPWL=(24746.398438, 6761.581055)
    POTN=6.373093E+03
    PHIC=7.955356E-04
    GRAD=2.869791E-02
    NuBT=1
    CPU =0.001198

ITER: 279
    HPWL=31496.054688
    OVFL=0.230468
    HPWL=(24737.488281, 6758.567383)
    POTN=6.653488E+03
    PHIC=8.353123E-04
    GRAD=2.759755E-02
    NuBT=1
    CPU =0.001207

ITER: 280
    HPWL=31456.291016
    OVFL=0.237893
    HPWL=(24710.546875, 6745.744629)
    POTN=6.924089E+03
    PHIC=8.770779E-04
    GRAD=2.578271E-02
    NuBT=1
    CPU =0.001256

ITER: 281
    HPWL=31451.410156
    OVFL=0.243877
    HPWL=(24704.660156, 6746.749023)
    POTN=7.187521E+03
    PHIC=9.209317E-04
    GRAD=2.482745E-02
    NuBT=1
    CPU =0.001223

ITER: 282
    HPWL=31502.716797
    OVFL=0.249510
    HPWL=(24730.935547, 6771.780762)
    POTN=7.310002E+03
    PHIC=9.669712E-04
    GRAD=2.473298E-02
    NuBT=1
    CPU =0.001204

ITER: 283
    HPWL=31562.597656
    OVFL=0.247231
    HPWL=(24758.640625, 6803.957031)
    POTN=7.216788E+03
    PHIC=1.015311E-03
    GRAD=2.469757E-02
    NuBT=1
    CPU =0.001213

ITER: 284
    HPWL=31577.257812
    OVFL=0.240802
    HPWL=(24760.591797, 6816.666016)
    POTN=6.942894E+03
    PHIC=1.066075E-03
    GRAD=2.462723E-02
    NuBT=1
    CPU =0.001203

ITER: 285
    HPWL=31589.009766
    OVFL=0.228420
    HPWL=(24763.330078, 6825.679688)
    POTN=6.347107E+03
    PHIC=1.119376E-03
    GRAD=2.496656E-02
    NuBT=1
    CPU =0.001204

ITER: 286
    HPWL=31620.839844
    OVFL=0.215930
    HPWL=(24781.703125, 6839.137207)
    POTN=5.795448E+03
    PHIC=1.175340E-03
    GRAD=2.633925E-02
    NuBT=1
    CPU =0.001205

ITER: 287
    HPWL=31602.945312
    OVFL=0.209324
    HPWL=(24772.703125, 6830.243164)
    POTN=5.361551E+03
    PHIC=1.234107E-03
    GRAD=2.694887E-02
    NuBT=2
    CPU =0.002319

ITER: 288
    HPWL=31630.890625
    OVFL=0.203024
    HPWL=(24795.140625, 6835.749512)
    POTN=4.848677E+03
    PHIC=1.295807E-03
    GRAD=2.813602E-02
    NuBT=1
    CPU =0.001242

ITER: 289
    HPWL=31608.152344
    OVFL=0.200812
    HPWL=(24788.367188, 6819.785645)
    POTN=4.518353E+03
    PHIC=1.360597E-03
    GRAD=2.839462E-02
    NuBT=2
    CPU =0.002277

ITER: 290
    HPWL=31603.351562
    OVFL=0.204533
    HPWL=(24793.179688, 6810.171875)
    POTN=4.364333E+03
    PHIC=1.428627E-03
    GRAD=2.879161E-02
    NuBT=1
    CPU =0.001205

ITER: 291
    HPWL=31599.941406
    OVFL=0.210523
    HPWL=(24798.173828, 6801.767090)
    POTN=4.313993E+03
    PHIC=1.500058E-03
    GRAD=2.854742E-02
    NuBT=1
    CPU =0.001204

ITER: 292
    HPWL=31570.185547
    OVFL=0.217044
    HPWL=(24786.261719, 6783.923340)
    POTN=4.350856E+03
    PHIC=1.575061E-03
    GRAD=2.750251E-02
    NuBT=1
    CPU =0.001220

ITER: 293
    HPWL=31550.722656
    OVFL=0.220168
    HPWL=(24782.267578, 6768.455078)
    POTN=4.369461E+03
    PHIC=1.653814E-03
    GRAD=2.652363E-02
    NuBT=1
    CPU =0.001218

ITER: 294
    HPWL=31567.582031
    OVFL=0.221120
    HPWL=(24795.142578, 6772.438965)
    POTN=4.348963E+03
    PHIC=1.736500E-03
    GRAD=2.637908E-02
    NuBT=1
    CPU =0.001274

ITER: 295
    HPWL=31608.863281
    OVFL=0.220786
    HPWL=(24818.500000, 6790.364258)
    POTN=4.283762E+03
    PHIC=1.823315E-03
    GRAD=2.669745E-02
    NuBT=1
    CPU =0.001262

ITER: 296
    HPWL=31633.214844
    OVFL=0.215310
    HPWL=(24831.095703, 6802.120117)
    POTN=4.216197E+03
    PHIC=1.914474E-03
    GRAD=2.684485E-02
    NuBT=1
    CPU =0.001231

ITER: 297
    HPWL=31643.539062
    OVFL=0.208323
    HPWL=(24834.302734, 6809.235352)
    POTN=4.040673E+03
    PHIC=2.010194E-03
    GRAD=2.709945E-02
    NuBT=1
    CPU =0.001221

ITER: 298
    HPWL=31668.148438
    OVFL=0.200266
    HPWL=(24849.125000, 6819.022461)
    POTN=3.972668E+03
    PHIC=2.110697E-03
    GRAD=2.800303E-02
    NuBT=1
    CPU =0.001219

ITER: 299
    HPWL=31691.156250
    OVFL=0.192320
    HPWL=(24862.568359, 6828.588867)
    POTN=4.035451E+03
    PHIC=2.216224E-03
    GRAD=2.902487E-02
    NuBT=1
    CPU =0.001215

ITER: 300
    HPWL=31688.896484
    OVFL=0.185351
    HPWL=(24861.738281, 6827.158203)
    POTN=4.226662E+03
    PHIC=2.327035E-03
    GRAD=2.960130E-02
    NuBT=1
    CPU =0.001215

ITER: 301
    HPWL=31675.671875
    OVFL=0.180066
    HPWL=(24855.945312, 6819.726562)
    POTN=4.288233E+03
    PHIC=2.443387E-03
    GRAD=3.013889E-02
    NuBT=1
    CPU =0.001250

ITER: 302
    HPWL=31674.882812
    OVFL=0.174049
    HPWL=(24856.035156, 6818.846680)
    POTN=4.586777E+03
    PHIC=2.565556E-03
    GRAD=3.077126E-02
    NuBT=1
    CPU =0.001249

ITER: 303
    HPWL=31666.851562
    OVFL=0.169001
    HPWL=(24854.421875, 6812.430664)
    POTN=4.938157E+03
    PHIC=2.693834E-03
    GRAD=3.158312E-02
    NuBT=1
    CPU =0.001269

ITER: 304
    HPWL=31661.988281
    OVFL=0.164583
    HPWL=(24851.583984, 6810.403809)
    POTN=5.290784E+03
    PHIC=2.828525E-03
    GRAD=3.231691E-02
    NuBT=1
    CPU =0.001218

ITER: 305
    HPWL=31653.638672
    OVFL=0.160932
    HPWL=(24843.417969, 6810.221191)
    POTN=6.109607E+03
    PHIC=2.969952E-03
    GRAD=3.368607E-02
    NuBT=1
    CPU =0.001230

ITER: 306
    HPWL=31620.507812
    OVFL=0.158252
    HPWL=(24826.896484, 6793.611816)
    POTN=7.354405E+03
    PHIC=3.118449E-03
    GRAD=3.492168E-02
    NuBT=1
    CPU =0.001243

ITER: 307
    HPWL=31587.994141
    OVFL=0.155867
    HPWL=(24800.261719, 6787.732422)
    POTN=8.419285E+03
    PHIC=3.274371E-03
    GRAD=3.604490E-02
    NuBT=1
    CPU =0.001228

ITER: 308
    HPWL=31544.240234
    OVFL=0.153082
    HPWL=(24777.263672, 6766.976074)
    POTN=9.035413E+03
    PHIC=3.438090E-03
    GRAD=3.573970E-02
    NuBT=1
    CPU =0.001217

ITER: 309
    HPWL=31539.250000
    OVFL=0.151366
    HPWL=(24769.693359, 6769.556641)
    POTN=8.350531E+03
    PHIC=3.609994E-03
    GRAD=3.495691E-02
    NuBT=1
    CPU =0.001222

ITER: 310
    HPWL=31536.851562
    OVFL=0.151534
    HPWL=(24764.554688, 6772.295898)
    POTN=8.391406E+03
    PHIC=3.790494E-03
    GRAD=3.450513E-02
    NuBT=1
    CPU =0.001217

ITER: 311
    HPWL=31550.609375
    OVFL=0.150731
    HPWL=(24765.417969, 6785.190918)
    POTN=8.909961E+03
    PHIC=3.980010E-03
    GRAD=3.521678E-02
    NuBT=1
    CPU =0.001293

ITER: 312
    HPWL=31552.277344
    OVFL=0.146860
    HPWL=(24764.216797, 6788.059570)
    POTN=9.625180E+03
    PHIC=4.179010E-03
    GRAD=3.559591E-02
    NuBT=1
    CPU =0.001216

ITER: 313
    HPWL=31544.781250
    OVFL=0.140821
    HPWL=(24754.005859, 6790.774414)
    POTN=9.881005E+03
    PHIC=4.387960E-03
    GRAD=3.573890E-02
    NuBT=1
    CPU =0.001224

ITER: 314
    HPWL=31552.259766
    OVFL=0.132427
    HPWL=(24759.500000, 6792.760254)
    POTN=1.023265E+04
    PHIC=4.607353E-03
    GRAD=3.587651E-02
    NuBT=1
    CPU =0.001217

ITER: 315
    HPWL=31558.564453
    OVFL=0.127981
    HPWL=(24760.558594, 6798.005859)
    POTN=1.014638E+04
    PHIC=4.837716E-03
    GRAD=3.618841E-02
    NuBT=1
    CPU =0.001217

ITER: 316
    HPWL=31561.792969
    OVFL=0.125531
    HPWL=(24765.298828, 6796.493164)
    POTN=1.029696E+04
    PHIC=5.079599E-03
    GRAD=3.583202E-02
    NuBT=1
    CPU =0.001217

ITER: 317
    HPWL=31568.675781
    OVFL=0.124133
    HPWL=(24776.593750, 6792.081543)
    POTN=9.861379E+03
    PHIC=5.333574E-03
    GRAD=3.540926E-02
    NuBT=1
    CPU =0.001215

ITER: 318
    HPWL=31556.029297
    OVFL=0.122596
    HPWL=(24766.593750, 6789.435059)
    POTN=1.056449E+04
    PHIC=5.600252E-03
    GRAD=3.608654E-02
    NuBT=1
    CPU =0.001222

ITER: 319
    HPWL=31545.447266
    OVFL=0.120901
    HPWL=(24766.673828, 6778.772949)
    POTN=1.123579E+04
    PHIC=5.880265E-03
    GRAD=3.641981E-02
    NuBT=1
    CPU =0.001280

ITER: 320
    HPWL=31521.378906
    OVFL=0.119251
    HPWL=(24749.068359, 6772.310547)
    POTN=1.170758E+04
    PHIC=6.174278E-03
    GRAD=3.651704E-02
    NuBT=1
    CPU =0.001265

ITER: 321
    HPWL=31521.275391
    OVFL=0.117495
    HPWL=(24758.203125, 6763.072266)
    POTN=1.187506E+04
    PHIC=6.482991E-03
    GRAD=3.645464E-02
    NuBT=1
    CPU =0.001226

ITER: 322
    HPWL=31498.292969
    OVFL=0.112503
    HPWL=(24744.849609, 6753.443359)
    POTN=1.180082E+04
    PHIC=6.807140E-03
    GRAD=3.616287E-02
    NuBT=1
    CPU =0.001225

ITER: 323
    HPWL=31509.537109
    OVFL=0.109551
    HPWL=(24748.507812, 6761.029297)
    POTN=1.169184E+04
    PHIC=7.147485E-03
    GRAD=3.610787E-02
    NuBT=1
    CPU =0.001215

ITER: 324
    HPWL=31496.570312
    OVFL=0.108543
    HPWL=(24747.263672, 6749.307617)
    POTN=1.227721E+04
    PHIC=7.504859E-03
    GRAD=3.639371E-02
    NuBT=1
    CPU =0.001213

ITER: 325
    HPWL=31516.781250
    OVFL=0.107634
    HPWL=(24764.935547, 6751.844727)
    POTN=1.272037E+04
    PHIC=7.880080E-03
    GRAD=3.694508E-02
    NuBT=1
    CPU =0.001212

ITER: 326
    HPWL=31489.359375
    OVFL=0.104689
    HPWL=(24744.890625, 6744.468262)
    POTN=1.320308E+04
    PHIC=8.274083E-03
    GRAD=3.709437E-02
    NuBT=1
    CPU =0.001215

ITER: 327
    HPWL=31477.830078
    OVFL=0.102495
    HPWL=(24744.494141, 6733.335938)
    POTN=1.322830E+04
    PHIC=8.687787E-03
    GRAD=3.668826E-02
    NuBT=1
    CPU =0.001273

ITER: 328
    HPWL=31479.380859
    OVFL=0.101231
    HPWL=(24751.861328, 6727.519043)
    POTN=1.284907E+04
    PHIC=9.122173E-03
    GRAD=3.603245E-02
    NuBT=1
    CPU =0.001232

ITER: 329
    HPWL=31446.425781
    OVFL=0.100230
    HPWL=(24722.318359, 6724.106445)
    POTN=1.282706E+04
    PHIC=9.578281E-03
    GRAD=3.507194E-02
    NuBT=1
    CPU =0.001210

ITER: 330
    HPWL=31449.132812
    OVFL=0.098614
    HPWL=(24728.244141, 6720.887695)
    POTN=1.300344E+04
    PHIC=1.005719E-02
    GRAD=3.554587E-02
    NuBT=1
    CPU =0.001212
[INFO] Nesterov: NumIters = 330
[INFO] Nesterov: ScaledHpwl = 31449.132812
[INFO] Nesterov: Overflow = 0.098614
[INFO] Nesterov: Potential = 13003.437500
[INFO] Nesterov: xInstScaledHpwl = 31319.132812
[INFO] Nesterov: yInstScaledHpwl = 31449.132812
[INFO] Nesterov: HPWL = 9465.334961
