RePlAce Version: 1.0.0

** WARNING: Your Detail Placement Step must be skipped.
              (i.e. this program will be executed as -onlyGP)
     If you want to have DP after GP, please specify -dpflag and -dploc.

[INFO] TargetDensity = 0.200000
[INFO] ExperimentIndex = 0
[INFO] DirectoryPath = /openLANE_flow/designs/cby_3__1_/runs/28-08_12-29//tmp/placement/replace/etc/cby_3__1_.floorplan/experiment000
[PROC] Begin LefParsing ...
[LEF] Parsed 500 number of lines!!
WARNING (LEFPARS-2036): SOURCE statement is obsolete in version 5.6 and later.
The LEF parser will ignore this statement.
To avoid this warning in the future, remove this statement from the LEF file with version 5.6 or later. See file /openLANE_flow/designs/cby_3__1_/runs/28-08_12-29//tmp//merged.lef at line 776.

WARNING (LEFPARS-2036): SOURCE statement is obsolete in version 5.6 and later.
The LEF parser will ignore this statement.
To avoid this warning in the future, remove this statement from the LEF file with version 5.6 or later. See file /openLANE_flow/designs/cby_3__1_/runs/28-08_12-29//tmp//merged.lef at line 903.

[LEF] Parsed 1000 number of lines!!
WARNING (LEFPARS-2036): SOURCE statement is obsolete in version 5.6 and later.
The LEF parser will ignore this statement.
To avoid this warning in the future, remove this statement from the LEF file with version 5.6 or later. See file /openLANE_flow/designs/cby_3__1_/runs/28-08_12-29//tmp//merged.lef at line 1034.

WARNING (LEFPARS-2036): SOURCE statement is obsolete in version 5.6 and later.
The LEF parser will ignore this statement.
To avoid this warning in the future, remove this statement from the LEF file with version 5.6 or later. See file /openLANE_flow/designs/cby_3__1_/runs/28-08_12-29//tmp//merged.lef at line 1204.

WARNING (LEFPARS-2036): SOURCE statement is obsolete in version 5.6 and later.
The LEF parser will ignore this statement.
To avoid this warning in the future, remove this statement from the LEF file with version 5.6 or later. See file /openLANE_flow/designs/cby_3__1_/runs/28-08_12-29//tmp//merged.lef at line 1322.

WARNING (LEFPARS-2036): SOURCE statement is obsolete in version 5.6 and later.
The LEF parser will ignore this statement.
To avoid this warning in the future, remove this statement from the LEF file with version 5.6 or later. See file /openLANE_flow/designs/cby_3__1_/runs/28-08_12-29//tmp//merged.lef at line 1442.

[LEF] Parsed 1500 number of lines!!
WARNING (LEFPARS-2036): SOURCE statement is obsolete in version 5.6 and later.
The LEF parser will ignore this statement.
To avoid this warning in the future, remove this statement from the LEF file with version 5.6 or later. See file /openLANE_flow/designs/cby_3__1_/runs/28-08_12-29//tmp//merged.lef at line 1589.

WARNING (LEFPARS-2036): SOURCE statement is obsolete in version 5.6 and later.
The LEF parser will ignore this statement.
To avoid this warning in the future, remove this statement from the LEF file with version 5.6 or later. See file /openLANE_flow/designs/cby_3__1_/runs/28-08_12-29//tmp//merged.lef at line 1777.

WARNING (LEFPARS-2036): SOURCE statement is obsolete in version 5.6 and later.
The LEF parser will ignore this statement.
To avoid this warning in the future, remove this statement from the LEF file with version 5.6 or later. See file /openLANE_flow/designs/cby_3__1_/runs/28-08_12-29//tmp//merged.lef at line 1886.

WARNING (LEFPARS-2036): SOURCE statement is obsolete in version 5.6 and later.
The LEF parser will ignore this statement.
To avoid this warning in the future, remove this statement from the LEF file with version 5.6 or later. See file /openLANE_flow/designs/cby_3__1_/runs/28-08_12-29//tmp//merged.lef at line 1999.

[LEF] Parsed 2000 number of lines!!
WARNING (LEFPARS-2036): SOURCE statement is obsolete in version 5.6 and later.
The LEF parser will ignore this statement.
To avoid this warning in the future, remove this statement from the LEF file with version 5.6 or later. See file /openLANE_flow/designs/cby_3__1_/runs/28-08_12-29//tmp//merged.lef at line 2148.

WARNING (LEFPARS-2036): SOURCE statement is obsolete in version 5.6 and later.
The LEF parser will ignore this statement.
To avoid this warning in the future, remove this statement from the LEF file with version 5.6 or later. See file /openLANE_flow/designs/cby_3__1_/runs/28-08_12-29//tmp//merged.lef at line 2253.

WARNING (LEFPARS-2036): SOURCE statement is obsolete in version 5.6 and later.
The LEF parser will ignore this statement.
To avoid this warning in the future, remove this statement from the LEF file with version 5.6 or later. See file /openLANE_flow/designs/cby_3__1_/runs/28-08_12-29//tmp//merged.lef at line 2380.

[LEF] Parsed 2500 number of lines!!
WARNING (LEFPARS-2036): SOURCE statement is obsolete in version 5.6 and later.
The LEF parser will ignore this statement.
To avoid this warning in the future, remove this statement from the LEF file with version 5.6 or later. See file /openLANE_flow/designs/cby_3__1_/runs/28-08_12-29//tmp//merged.lef at line 2547.

WARNING (LEFPARS-2036): SOURCE statement is obsolete in version 5.6 and later.
The LEF parser will ignore this statement.
To avoid this warning in the future, remove this statement from the LEF file with version 5.6 or later. See file /openLANE_flow/designs/cby_3__1_/runs/28-08_12-29//tmp//merged.lef at line 2653.

WARNING (LEFPARS-2036): SOURCE statement is obsolete in version 5.6 and later.
The LEF parser will ignore this statement.
To avoid this warning in the future, remove this statement from the LEF file with version 5.6 or later. See file /openLANE_flow/designs/cby_3__1_/runs/28-08_12-29//tmp//merged.lef at line 2770.

WARNING (LEFPARS-2036): SOURCE statement is obsolete in version 5.6 and later.
The LEF parser will ignore this statement.
To avoid this warning in the future, remove this statement from the LEF file with version 5.6 or later. See file /openLANE_flow/designs/cby_3__1_/runs/28-08_12-29//tmp//merged.lef at line 2908.

[LEF] Parsed 3000 number of lines!!
WARNING (LEFPARS-2036): SOURCE statement is obsolete in version 5.6 and later.
The LEF parser will ignore this statement.
To avoid this warning in the future, remove this statement from the LEF file with version 5.6 or later. See file /openLANE_flow/designs/cby_3__1_/runs/28-08_12-29//tmp//merged.lef at line 3005.

WARNING (LEFPARS-2036): SOURCE statement is obsolete in version 5.6 and later.
The LEF parser will ignore this statement.
To avoid this warning in the future, remove this statement from the LEF file with version 5.6 or later. See file /openLANE_flow/designs/cby_3__1_/runs/28-08_12-29//tmp//merged.lef at line 3105.

WARNING (LEFPARS-2036): SOURCE statement is obsolete in version 5.6 and later.
The LEF parser will ignore this statement.
To avoid this warning in the future, remove this statement from the LEF file with version 5.6 or later. See file /openLANE_flow/designs/cby_3__1_/runs/28-08_12-29//tmp//merged.lef at line 3219.

WARNING (LEFPARS-2036): SOURCE statement is obsolete in version 5.6 and later.
The LEF parser will ignore this statement.
To avoid this warning in the future, remove this statement from the LEF file with version 5.6 or later. See file /openLANE_flow/designs/cby_3__1_/runs/28-08_12-29//tmp//merged.lef at line 3361.

WARNING (LEFPARS-2036): SOURCE statement is obsolete in version 5.6 and later.
The LEF parser will ignore this statement.
To avoid this warning in the future, remove this statement from the LEF file with version 5.6 or later. See file /openLANE_flow/designs/cby_3__1_/runs/28-08_12-29//tmp//merged.lef at line 3458.

[LEF] Parsed 3500 number of lines!!
WARNING (LEFPARS-2036): SOURCE statement is obsolete in version 5.6 and later.
The LEF parser will ignore this statement.
To avoid this warning in the future, remove this statement from the LEF file with version 5.6 or later. See file /openLANE_flow/designs/cby_3__1_/runs/28-08_12-29//tmp//merged.lef at line 3561.

WARNING (LEFPARS-2036): SOURCE statement is obsolete in version 5.6 and later.
The LEF parser will ignore this statement.
To avoid this warning in the future, remove this statement from the LEF file with version 5.6 or later. See file /openLANE_flow/designs/cby_3__1_/runs/28-08_12-29//tmp//merged.lef at line 3691.

WARNING (LEFPARS-2036): SOURCE statement is obsolete in version 5.6 and later.
The LEF parser will ignore this statement.
To avoid this warning in the future, remove this statement from the LEF file with version 5.6 or later. See file /openLANE_flow/designs/cby_3__1_/runs/28-08_12-29//tmp//merged.lef at line 3783.

WARNING (LEFPARS-2036): SOURCE statement is obsolete in version 5.6 and later.
The LEF parser will ignore this statement.
To avoid this warning in the future, remove this statement from the LEF file with version 5.6 or later. See file /openLANE_flow/designs/cby_3__1_/runs/28-08_12-29//tmp//merged.lef at line 3887.

[LEF] Parsed 4000 number of lines!!
WARNING (LEFPARS-2036): SOURCE statement is obsolete in version 5.6 and later.
The LEF parser will ignore this statement.
To avoid this warning in the future, remove this statement from the LEF file with version 5.6 or later. See file /openLANE_flow/designs/cby_3__1_/runs/28-08_12-29//tmp//merged.lef at line 4018.

WARNING (LEFPARS-2036): SOURCE statement is obsolete in version 5.6 and later.
The LEF parser will ignore this statement.
To avoid this warning in the future, remove this statement from the LEF file with version 5.6 or later. See file /openLANE_flow/designs/cby_3__1_/runs/28-08_12-29//tmp//merged.lef at line 4148.

WARNING (LEFPARS-2036): SOURCE statement is obsolete in version 5.6 and later.
The LEF parser will ignore this statement.
To avoid this warning in the future, remove this statement from the LEF file with version 5.6 or later. See file /openLANE_flow/designs/cby_3__1_/runs/28-08_12-29//tmp//merged.lef at line 4282.

WARNING (LEFPARS-2036): SOURCE statement is obsolete in version 5.6 and later.
The LEF parser will ignore this statement.
To avoid this warning in the future, remove this statement from the LEF file with version 5.6 or later. See file /openLANE_flow/designs/cby_3__1_/runs/28-08_12-29//tmp//merged.lef at line 4467.

[LEF] Parsed 4500 number of lines!!
[LEF] Parsed 5000 number of lines!!
[LEF] Parsed 5500 number of lines!!
[LEF] Parsed 6000 number of lines!!
[LEF] Parsed 6500 number of lines!!
[LEF] Parsed 7000 number of lines!!
[LEF] Parsed 7500 number of lines!!
[LEF] Parsed 8000 number of lines!!
[LEF] Parsed 8500 number of lines!!
[LEF] Parsed 9000 number of lines!!
[LEF] Parsed 9500 number of lines!!
[LEF] Parsed 10000 number of lines!!
[LEF] Parsed 10500 number of lines!!
[LEF] Parsed 11000 number of lines!!
[LEF] Parsed 11500 number of lines!!
[LEF] Parsed 12000 number of lines!!
[LEF] Parsed 12500 number of lines!!
[LEF] Parsed 13000 number of lines!!
[LEF] Parsed 13500 number of lines!!
[LEF] Parsed 14000 number of lines!!
[LEF] Parsed 14500 number of lines!!
[LEF] Parsed 15000 number of lines!!
[LEF] Parsed 15500 number of lines!!
[LEF] Parsed 16000 number of lines!!
[LEF] Parsed 16500 number of lines!!
[LEF] Parsed 17000 number of lines!!
[LEF] Parsed 17500 number of lines!!
[LEF] Parsed 18000 number of lines!!
[LEF] Parsed 18500 number of lines!!
[LEF] Parsed 19000 number of lines!!
[LEF] Parsed 19500 number of lines!!
[LEF] Parsed 20000 number of lines!!
[LEF] Parsed 20500 number of lines!!
[LEF] Parsed 21000 number of lines!!
[LEF] Parsed 21500 number of lines!!
[LEF] Parsed 22000 number of lines!!
[LEF] Parsed 22500 number of lines!!
[LEF] Parsed 23000 number of lines!!
[LEF] Parsed 23500 number of lines!!
[LEF] Parsed 24000 number of lines!!
[LEF] Parsed 24500 number of lines!!
[LEF] Parsed 25000 number of lines!!
[LEF] Parsed 25500 number of lines!!
[LEF] Parsed 26000 number of lines!!
[LEF] Parsed 26500 number of lines!!
[LEF] Parsed 27000 number of lines!!
[LEF] Parsed 27500 number of lines!!
[LEF] Parsed 28000 number of lines!!
[LEF] Parsed 28500 number of lines!!
[LEF] Parsed 29000 number of lines!!
[LEF] Parsed 29500 number of lines!!
[LEF] Parsed 30000 number of lines!!
[LEF] Parsed 30500 number of lines!!
[LEF] Parsed 31000 number of lines!!
[LEF] Parsed 31500 number of lines!!
[LEF] Parsed 32000 number of lines!!
[LEF] Parsed 32500 number of lines!!
[LEF] Parsed 33000 number of lines!!
[LEF] Parsed 33500 number of lines!!
[LEF] Parsed 34000 number of lines!!
[LEF] Parsed 34500 number of lines!!
[LEF] Parsed 35000 number of lines!!
[LEF] Parsed 35500 number of lines!!
[LEF] Parsed 36000 number of lines!!
[LEF] Parsed 36500 number of lines!!
[LEF] Parsed 37000 number of lines!!
[LEF] Parsed 37500 number of lines!!
[LEF] Parsed 38000 number of lines!!
[LEF] Parsed 38500 number of lines!!
[LEF] Parsed 39000 number of lines!!
[LEF] Parsed 39500 number of lines!!
[LEF] Parsed 40000 number of lines!!
[LEF] Parsed 40500 number of lines!!
[LEF] Parsed 41000 number of lines!!
[LEF] Parsed 41500 number of lines!!
[LEF] Parsed 42000 number of lines!!
[LEF] Parsed 42500 number of lines!!
[LEF] Parsed 43000 number of lines!!
[LEF] Parsed 43500 number of lines!!
[LEF] Parsed 44000 number of lines!!
[LEF] Parsed 44500 number of lines!!
[LEF] Parsed 45000 number of lines!!
[LEF] Parsed 45500 number of lines!!
[LEF] Parsed 46000 number of lines!!
[LEF] Parsed 46500 number of lines!!
[LEF] Parsed 47000 number of lines!!
[LEF] Parsed 47500 number of lines!!
[LEF] Parsed 48000 number of lines!!
[LEF] Parsed 48500 number of lines!!
[LEF] Parsed 49000 number of lines!!
[LEF] Parsed 49500 number of lines!!
[LEF] Parsed 50000 number of lines!!
[LEF] Parsed 50500 number of lines!!
[LEF] Parsed 51000 number of lines!!
[LEF] Parsed 51500 number of lines!!
[LEF] Parsed 52000 number of lines!!
[LEF] Parsed 52500 number of lines!!
[LEF] Parsed 53000 number of lines!!
[LEF] Parsed 53500 number of lines!!
[LEF] Parsed 54000 number of lines!!
[LEF] Parsed 54500 number of lines!!
[LEF] Parsed 55000 number of lines!!
[LEF] Parsed 55500 number of lines!!
[LEF] Parsed 56000 number of lines!!
[LEF] Parsed 56500 number of lines!!
[LEF] Parsed 57000 number of lines!!
[LEF] Parsed 57500 number of lines!!
[LEF] Parsed 58000 number of lines!!
[LEF] Parsed 58500 number of lines!!
[LEF] Parsed 59000 number of lines!!
[LEF] Parsed 59500 number of lines!!
[LEF] Parsed 60000 number of lines!!
[LEF] Parsed 60500 number of lines!!
[LEF] Parsed 61000 number of lines!!
[LEF] Parsed 61500 number of lines!!
[LEF] Parsed 62000 number of lines!!
[PROC] End LefParsing
[PROC] Begin DefParsing ...
WARNING (DEFPARS-7011): The NAMESCASESENSITIVE statement is obsolete in version 5.6 and later.
The DEF parser will ignore this statement. See file /openLANE_flow/designs/cby_3__1_/runs/28-08_12-29//results/floorplan/cby_3__1_.floorplan.def at line 2.

[PROC] End DefParsing
[INFO] DefUnit = 1000
[INFO] LefMetal1Name = li1
[INFO] DefSiteName = unithd
[INFO] ScaleDownUnit = 302.222229
[INFO] OffsetCoordi = (2640.000000, 0.000000)
[INFO] RowSize = (1.522059, 9.000000)
[INFO] NumRows = 26
[INFO] MacroCount = 0
[INFO] NumModules = 87
[INFO] NumTerminals = 271
[INFO] Inserted Dummy Terms = 0
[PROC] Begin Generate Un-fragmented Rows ...
[INFO] CoreAreaLxLy = (27.000000, 36.000000)
[INFO] CoreAreaUxUy = (631.257324, 270.000000)
[INFO] RowSize = (1.522059, 9.000000)
[INFO] NumRows = 26
[PROC] End Generate Un-fragmented Rows
[PROC] Begin DEF Net Parsing ...
[INFO] NumNets = 166
[INFO] NumPins = 388
[PROC] End DEF Net Parsing
[PROC] LEF/DEF Parsing Success!
[INFO] AspectRatio = 0.387252
[INFO] RowMinXY = (27.000000, 36.000000)
[INFO] RowMaxXY = (631.257385, 270.000000)
[INFO] NumPlaceStdCells = 87
[INFO] NumPlaceMacros = 0
[INFO] RowSize = (1.522059, 9.000000)
[INFO] NumRows = 26
[INFO] GlobalAreaLxLy = (9.496324, 6.617647)
[INFO] GlobalAreaUxUy = (644.194824, 307.240814)
[INFO] PlaceAreaLxLy = (27.000000, 36.000000)
[INFO] PlaceAreaUxUy = (631.257385, 270.000000)
[INFO] TotalPlaceArea = 141396.234375
[INFO] TotalFixedArea = 4438.301270
[INFO] TotalWhiteSpaceArea = 136957.937500
[INFO] TotalPlaceMacrosArea = 0.000000
[INFO] TotalPlaceStdCellsArea = 29246.353516
[INFO] Util(%) = 20.683969
[INFO] 80pCellArea = 340.004456
[INFO] FillerInit: TotalFillerArea = 0.000000
[INFO] FillerInit: NumFillerCells = 0
[INFO] FillerInit: FillerCellArea = 340.004608
[INFO] FillerInit: FillerCellSize = (37.778290, 9.000000)
[INFO] FillerInit: NumCells = 87
[INFO] FillerInit: NumModules = 87
[INFO] FillerInit: NumFillers = 0
INFO:  D_MSH = 1024 
INFO:  MSH(X, Y) = (32, 32)
[INFO] TierInit: TierUtil = 0.206840
[INFO] TierInit: NumModules = 87
[INFO] TierInit: PlaceArea = 141396.234375
[INFO] TierInit: CoreSpacingArea = 0.000000
[INFO] TierInit: TerminalArea = 4438.301270
[INFO] TierInit: ModuleArea = 29246.353516
[INFO] TierInit: FillerArea = 0.000000
[INFO] TierInit: NumFillers = 0
[INFO] TierInit: FillerMinIdx = 87
[INFO] TierInit: FillerMaxIdx = 87
INFO:  dim_bin_cGP2D.(x,y) = (8, 8)
cell Init 2D:
tier->bin_stp: (75.5322 29.25)
tier->half_bin_stp: (37.7661 14.625)
PROC:  Start NESTEROV's Optimization
PROC:    Global Lagrangian Multiplier is Applied

ITER: 0
    HPWL=22520.687500
    OVFL=0.938005
    HPWL=(15331.352539, 7189.335449)
    POTN=1.292759E+05
    PHIC=5.318078E-09
    GRAD=3.554554E-02
    NuBT=0
    CPU =0.000000

ITER: 1
    HPWL=22520.582031
    OVFL=0.938005
    HPWL=(15331.270508, 7189.311523)
    POTN=1.292755E+05
    PHIC=5.583981E-09
    GRAD=4.872675E-02
    NuBT=1
    CPU =0.000105

ITER: 2
    HPWL=22520.105469
    OVFL=0.938005
    HPWL=(15330.897461, 7189.208496)
    POTN=1.292739E+05
    PHIC=5.863180E-09
    GRAD=4.872547E-02
    NuBT=1
    CPU =0.000074

ITER: 3
    HPWL=11252.265625
    OVFL=0.783040
    HPWL=(6494.395508, 4757.870605)
    POTN=8.848842E+04
    PHIC=6.156339E-09
    GRAD=6.471441E-03
    NuBT=1
    CPU =0.000083

ITER: 4
    HPWL=11547.464844
    OVFL=0.780498
    HPWL=(6766.549805, 4780.915039)
    POTN=8.682655E+04
    PHIC=6.463886E-09
    GRAD=1.948768E-02
    NuBT=2
    CPU =0.000141

ITER: 5
    HPWL=11325.242188
    OVFL=0.780472
    HPWL=(6530.558594, 4794.683594)
    POTN=8.732541E+04
    PHIC=6.787080E-09
    GRAD=1.449692E-02
    NuBT=1
    CPU =0.000054

ITER: 6
    HPWL=11312.707031
    OVFL=0.771063
    HPWL=(6490.797363, 4821.909180)
    POTN=8.776683E+04
    PHIC=7.126434E-09
    GRAD=1.391403E-02
    NuBT=1
    CPU =0.000082

ITER: 7
    HPWL=11256.352539
    OVFL=0.763670
    HPWL=(6421.466309, 4834.886230)
    POTN=8.601977E+04
    PHIC=7.482756E-09
    GRAD=1.417757E-02
    NuBT=1
    CPU =0.000068

ITER: 8
    HPWL=11255.239258
    OVFL=0.757256
    HPWL=(6410.840820, 4844.398438)
    POTN=8.503345E+04
    PHIC=7.856893E-09
    GRAD=1.471413E-02
    NuBT=1
    CPU =0.000083

ITER: 9
    HPWL=11257.187500
    OVFL=0.744209
    HPWL=(6409.771973, 4847.415527)
    POTN=8.324619E+04
    PHIC=8.249735E-09
    GRAD=1.521122E-02
    NuBT=1
    CPU =0.000066

ITER: 10
    HPWL=11255.966797
    OVFL=0.738666
    HPWL=(6405.154785, 4850.811523)
    POTN=8.223280E+04
    PHIC=8.662221E-09
    GRAD=1.625416E-02
    NuBT=2
    CPU =0.000084

ITER: 11
    HPWL=11256.791016
    OVFL=0.730062
    HPWL=(6405.005371, 4851.785156)
    POTN=8.082142E+04
    PHIC=9.095331E-09
    GRAD=1.672212E-02
    NuBT=1
    CPU =0.000048

ITER: 12
    HPWL=11254.687500
    OVFL=0.722599
    HPWL=(6404.945801, 4849.741699)
    POTN=7.976788E+04
    PHIC=9.550097E-09
    GRAD=1.747202E-02
    NuBT=2
    CPU =0.000083

ITER: 13
    HPWL=11251.382812
    OVFL=0.718283
    HPWL=(6405.645996, 4845.736328)
    POTN=7.855884E+04
    PHIC=1.002760E-08
    GRAD=1.815338E-02
    NuBT=2
    CPU =0.000082

ITER: 14
    HPWL=11248.337891
    OVFL=0.713211
    HPWL=(6408.236328, 4840.101074)
    POTN=7.758588E+04
    PHIC=1.052898E-08
    GRAD=1.855952E-02
    NuBT=1
    CPU =0.000048

ITER: 15
    HPWL=11241.552734
    OVFL=0.708653
    HPWL=(6407.429199, 4834.124023)
    POTN=7.639502E+04
    PHIC=1.105543E-08
    GRAD=1.904748E-02
    NuBT=2
    CPU =0.000102

ITER: 16
    HPWL=11236.087891
    OVFL=0.706609
    HPWL=(6408.598145, 4827.489258)
    POTN=7.553333E+04
    PHIC=1.160820E-08
    GRAD=1.949620E-02
    NuBT=1
    CPU =0.000049

ITER: 17
    HPWL=11231.794922
    OVFL=0.704063
    HPWL=(6411.186035, 4820.609375)
    POTN=7.438227E+04
    PHIC=1.218861E-08
    GRAD=1.970471E-02
    NuBT=1
    CPU =0.000048

ITER: 18
    HPWL=11223.853516
    OVFL=0.702246
    HPWL=(6410.444336, 4813.409668)
    POTN=7.359910E+04
    PHIC=1.279804E-08
    GRAD=1.996120E-02
    NuBT=2
    CPU =0.000083

ITER: 19
    HPWL=11217.070312
    OVFL=0.700822
    HPWL=(6411.168945, 4805.901367)
    POTN=7.182583E+04
    PHIC=1.343794E-08
    GRAD=2.014652E-02
    NuBT=1
    CPU =0.000048

ITER: 20
    HPWL=11211.726562
    OVFL=0.699992
    HPWL=(6413.448242, 4798.278809)
    POTN=7.055615E+04
    PHIC=1.410984E-08
    GRAD=2.029947E-02
    NuBT=1
    CPU =0.000048

ITER: 21
    HPWL=11205.436523
    OVFL=0.698240
    HPWL=(6415.002441, 4790.434082)
    POTN=6.911048E+04
    PHIC=1.481533E-08
    GRAD=2.038647E-02
    NuBT=1
    CPU =0.000047

ITER: 22
    HPWL=11197.087891
    OVFL=0.702892
    HPWL=(6414.717285, 4782.371094)
    POTN=6.827352E+04
    PHIC=1.555609E-08
    GRAD=2.057108E-02
    NuBT=1
    CPU =0.000049

ITER: 23
    HPWL=11188.873047
    OVFL=0.717151
    HPWL=(6414.066406, 4774.806152)
    POTN=6.712982E+04
    PHIC=1.633390E-08
    GRAD=2.008504E-02
    NuBT=1
    CPU =0.000048

ITER: 24
    HPWL=11173.419922
    OVFL=0.715736
    HPWL=(6405.713379, 4767.706543)
    POTN=6.638209E+04
    PHIC=1.715059E-08
    GRAD=1.866002E-02
    NuBT=2
    CPU =0.000082

ITER: 25
    HPWL=11160.015625
    OVFL=0.714750
    HPWL=(6398.227051, 4761.788574)
    POTN=6.554238E+04
    PHIC=1.800812E-08
    GRAD=1.878684E-02
    NuBT=1
    CPU =0.000049

ITER: 26
    HPWL=11164.937500
    OVFL=0.713250
    HPWL=(6405.515625, 4759.421875)
    POTN=6.474743E+04
    PHIC=1.890851E-08
    GRAD=1.888819E-02
    NuBT=1
    CPU =0.000048

ITER: 27
    HPWL=11163.003906
    OVFL=0.711199
    HPWL=(6405.997070, 4757.006836)
    POTN=6.399123E+04
    PHIC=1.985394E-08
    GRAD=1.903282E-02
    NuBT=2
    CPU =0.000083

ITER: 28
    HPWL=11166.927734
    OVFL=0.708957
    HPWL=(6409.856934, 4757.071289)
    POTN=6.344259E+04
    PHIC=2.084662E-08
    GRAD=1.923951E-02
    NuBT=2
    CPU =0.000083

ITER: 29
    HPWL=11168.955078
    OVFL=0.706677
    HPWL=(6411.803711, 4757.150879)
    POTN=6.205227E+04
    PHIC=2.188895E-08
    GRAD=1.946423E-02
    NuBT=2
    CPU =0.000082

ITER: 30
    HPWL=11171.087891
    OVFL=0.705047
    HPWL=(6413.830566, 4757.256836)
    POTN=6.122690E+04
    PHIC=2.298339E-08
    GRAD=1.969494E-02
    NuBT=2
    CPU =0.000083

ITER: 31
    HPWL=11173.439453
    OVFL=0.703543
    HPWL=(6415.666016, 4757.773926)
    POTN=6.036466E+04
    PHIC=2.413255E-08
    GRAD=1.986302E-02
    NuBT=2
    CPU =0.000096

ITER: 32
    HPWL=11175.497070
    OVFL=0.717061
    HPWL=(6416.696777, 4758.800293)
    POTN=5.994150E+04
    PHIC=2.533916E-08
    GRAD=2.001663E-02
    NuBT=2
    CPU =0.000084

ITER: 33
    HPWL=11168.564453
    OVFL=0.717977
    HPWL=(6410.115723, 4758.448242)
    POTN=5.911907E+04
    PHIC=2.660612E-08
    GRAD=1.866906E-02
    NuBT=2
    CPU =0.000083

ITER: 34
    HPWL=11159.935547
    OVFL=0.716898
    HPWL=(6402.770996, 4757.165039)
    POTN=5.864993E+04
    PHIC=2.793642E-08
    GRAD=1.857665E-02
    NuBT=1
    CPU =0.000053

ITER: 35
    HPWL=11170.400391
    OVFL=0.714667
    HPWL=(6413.721191, 4756.678711)
    POTN=5.806897E+04
    PHIC=2.933320E-08
    GRAD=1.868797E-02
    NuBT=1
    CPU =0.000048

ITER: 36
    HPWL=11167.185547
    OVFL=0.712071
    HPWL=(6411.492676, 4755.692383)
    POTN=5.787883E+04
    PHIC=3.079986E-08
    GRAD=1.890110E-02
    NuBT=2
    CPU =0.000083

ITER: 37
    HPWL=11169.630859
    OVFL=0.710601
    HPWL=(6414.673828, 4754.956543)
    POTN=5.746054E+04
    PHIC=3.233984E-08
    GRAD=1.915747E-02
    NuBT=2
    CPU =0.000082

ITER: 38
    HPWL=11169.811523
    OVFL=0.709118
    HPWL=(6415.734375, 4754.077148)
    POTN=5.694723E+04
    PHIC=3.395683E-08
    GRAD=1.930329E-02
    NuBT=2
    CPU =0.000083

ITER: 39
    HPWL=11169.527344
    OVFL=0.707362
    HPWL=(6416.334961, 4753.192871)
    POTN=5.632953E+04
    PHIC=3.565467E-08
    GRAD=1.945036E-02
    NuBT=2
    CPU =0.000083

ITER: 40
    HPWL=11169.023438
    OVFL=0.706051
    HPWL=(6416.744629, 4752.278320)
    POTN=5.625083E+04
    PHIC=3.743740E-08
    GRAD=1.962683E-02
    NuBT=2
    CPU =0.000082

ITER: 41
    HPWL=11171.167969
    OVFL=0.707780
    HPWL=(6419.654297, 4751.513672)
    POTN=5.602029E+04
    PHIC=3.930925E-08
    GRAD=1.976396E-02
    NuBT=1
    CPU =0.000048

ITER: 42
    HPWL=11171.355469
    OVFL=0.709843
    HPWL=(6420.654785, 4750.701172)
    POTN=5.585969E+04
    PHIC=4.127471E-08
    GRAD=1.959151E-02
    NuBT=1
    CPU =0.000048

ITER: 43
    HPWL=11167.511719
    OVFL=0.710177
    HPWL=(6417.833008, 4749.678223)
    POTN=5.541767E+04
    PHIC=4.333845E-08
    GRAD=1.938108E-02
    NuBT=1
    CPU =0.000048

ITER: 44
    HPWL=11163.828125
    OVFL=0.710890
    HPWL=(6415.103027, 4748.725586)
    POTN=5.538414E+04
    PHIC=4.550537E-08
    GRAD=1.934122E-02
    NuBT=1
    CPU =0.000048

ITER: 45
    HPWL=11163.557617
    OVFL=0.710949
    HPWL=(6415.653320, 4747.904297)
    POTN=5.514071E+04
    PHIC=4.778063E-08
    GRAD=1.927261E-02
    NuBT=1
    CPU =0.000063

ITER: 46
    HPWL=11164.888672
    OVFL=0.710559
    HPWL=(6417.697754, 4747.190918)
    POTN=5.525747E+04
    PHIC=5.016965E-08
    GRAD=1.926984E-02
    NuBT=1
    CPU =0.000079

ITER: 47
    HPWL=11164.499023
    OVFL=0.708735
    HPWL=(6418.051758, 4746.447266)
    POTN=5.513632E+04
    PHIC=5.267813E-08
    GRAD=1.930788E-02
    NuBT=1
    CPU =0.000075

ITER: 48
    HPWL=11162.160156
    OVFL=0.707944
    HPWL=(6416.485840, 4745.674316)
    POTN=5.517214E+04
    PHIC=5.531203E-08
    GRAD=1.948595E-02
    NuBT=1
    CPU =0.000073

ITER: 49
    HPWL=11160.111328
    OVFL=0.708357
    HPWL=(6415.169434, 4744.941406)
    POTN=5.493532E+04
    PHIC=5.807763E-08
    GRAD=1.956004E-02
    NuBT=1
    CPU =0.000074

ITER: 50
    HPWL=11159.407227
    OVFL=0.708943
    HPWL=(6415.139160, 4744.268066)
    POTN=5.506415E+04
    PHIC=6.098151E-08
    GRAD=1.951997E-02
    NuBT=1
    CPU =0.000074

ITER: 51
    HPWL=11159.285156
    OVFL=0.709021
    HPWL=(6415.625488, 4743.659180)
    POTN=5.505918E+04
    PHIC=6.403059E-08
    GRAD=1.946273E-02
    NuBT=1
    CPU =0.000079

ITER: 52
    HPWL=11158.231445
    OVFL=0.709192
    HPWL=(6415.206055, 4743.025391)
    POTN=5.537239E+04
    PHIC=6.723211E-08
    GRAD=1.945209E-02
    NuBT=1
    CPU =0.000075

ITER: 53
    HPWL=11156.757812
    OVFL=0.709190
    HPWL=(6414.318359, 4742.439453)
    POTN=5.546048E+04
    PHIC=7.059371E-08
    GRAD=1.943626E-02
    NuBT=1
    CPU =0.000080

ITER: 54
    HPWL=11155.330078
    OVFL=0.709203
    HPWL=(6413.479980, 4741.849609)
    POTN=5.550973E+04
    PHIC=7.412340E-08
    GRAD=1.943511E-02
    NuBT=1
    CPU =0.000081

ITER: 55
    HPWL=11154.489258
    OVFL=0.709137
    HPWL=(6413.214844, 4741.274414)
    POTN=5.538453E+04
    PHIC=7.782957E-08
    GRAD=1.943340E-02
    NuBT=1
    CPU =0.000081

ITER: 56
    HPWL=11153.701172
    OVFL=0.709159
    HPWL=(6412.893066, 4740.807617)
    POTN=5.547538E+04
    PHIC=8.172104E-08
    GRAD=1.943879E-02
    NuBT=1
    CPU =0.000083

ITER: 57
    HPWL=11152.747070
    OVFL=0.709660
    HPWL=(6412.407227, 4740.339844)
    POTN=5.541055E+04
    PHIC=8.580709E-08
    GRAD=1.943676E-02
    NuBT=1
    CPU =0.000079

ITER: 58
    HPWL=11151.397461
    OVFL=0.710215
    HPWL=(6411.516602, 4739.880859)
    POTN=5.553812E+04
    PHIC=9.009744E-08
    GRAD=1.938134E-02
    NuBT=1
    CPU =0.000095

ITER: 59
    HPWL=11150.343750
    OVFL=0.710657
    HPWL=(6410.847656, 4739.495605)
    POTN=5.552985E+04
    PHIC=9.460231E-08
    GRAD=1.932846E-02
    NuBT=1
    CPU =0.000081

ITER: 60
    HPWL=11149.500977
    OVFL=0.710802
    HPWL=(6410.367676, 4739.133301)
    POTN=5.567532E+04
    PHIC=9.933242E-08
    GRAD=1.928268E-02
    NuBT=1
    CPU =0.000081

ITER: 61
    HPWL=11148.766602
    OVFL=0.710936
    HPWL=(6409.989258, 4738.777344)
    POTN=5.569942E+04
    PHIC=1.042990E-07
    GRAD=1.926865E-02
    NuBT=1
    CPU =0.000082

ITER: 62
    HPWL=11147.670898
    OVFL=0.710945
    HPWL=(6409.233398, 4738.437500)
    POTN=5.585456E+04
    PHIC=1.095140E-07
    GRAD=1.925755E-02
    NuBT=1
    CPU =0.000079

ITER: 63
    HPWL=11146.714844
    OVFL=0.710830
    HPWL=(6408.576660, 4738.138184)
    POTN=5.589736E+04
    PHIC=1.149897E-07
    GRAD=1.925451E-02
    NuBT=1
    CPU =0.000078

ITER: 64
    HPWL=11145.777344
    OVFL=0.710399
    HPWL=(6407.895996, 4737.880859)
    POTN=5.603714E+04
    PHIC=1.207392E-07
    GRAD=1.926467E-02
    NuBT=1
    CPU =0.000084

ITER: 65
    HPWL=11145.060547
    OVFL=0.709870
    HPWL=(6407.420898, 4737.640137)
    POTN=5.607784E+04
    PHIC=1.267761E-07
    GRAD=1.930809E-02
    NuBT=1
    CPU =0.000080

ITER: 66
    HPWL=11144.066406
    OVFL=0.708200
    HPWL=(6406.641113, 4737.424805)
    POTN=5.617738E+04
    PHIC=1.331149E-07
    GRAD=1.935782E-02
    NuBT=1
    CPU =0.000079

ITER: 67
    HPWL=11142.149414
    OVFL=0.704871
    HPWL=(6405.018555, 4737.130859)
    POTN=5.617143E+04
    PHIC=1.397706E-07
    GRAD=1.952643E-02
    NuBT=2
    CPU =0.000115

ITER: 68
    HPWL=11138.345703
    OVFL=0.704764
    HPWL=(6401.704590, 4736.641113)
    POTN=5.621564E+04
    PHIC=1.467592E-07
    GRAD=1.985922E-02
    NuBT=2
    CPU =0.000119

ITER: 69
    HPWL=11137.194336
    OVFL=0.704843
    HPWL=(6400.830078, 4736.364258)
    POTN=5.624053E+04
    PHIC=1.540971E-07
    GRAD=1.986916E-02
    NuBT=1
    CPU =0.000093

ITER: 70
    HPWL=11137.139648
    OVFL=0.704910
    HPWL=(6400.887695, 4736.251953)
    POTN=5.626914E+04
    PHIC=1.618020E-07
    GRAD=1.986129E-02
    NuBT=2
    CPU =0.000117

ITER: 71
    HPWL=11137.513672
    OVFL=0.704972
    HPWL=(6401.247559, 4736.265625)
    POTN=5.628395E+04
    PHIC=1.698921E-07
    GRAD=1.985503E-02
    NuBT=2
    CPU =0.000115

ITER: 72
    HPWL=11137.236328
    OVFL=0.705061
    HPWL=(6401.119629, 4736.116699)
    POTN=5.630221E+04
    PHIC=1.783867E-07
    GRAD=1.984918E-02
    NuBT=2
    CPU =0.000117

ITER: 73
    HPWL=11137.135742
    OVFL=0.705089
    HPWL=(6401.111816, 4736.023926)
    POTN=5.631173E+04
    PHIC=1.873060E-07
    GRAD=1.983808E-02
    NuBT=2
    CPU =0.000116

ITER: 74
    HPWL=11137.197266
    OVFL=0.705096
    HPWL=(6401.208008, 4735.989746)
    POTN=5.631373E+04
    PHIC=1.966713E-07
    GRAD=1.983637E-02
    NuBT=3
    CPU =0.000151

ITER: 75
    HPWL=11137.216797
    OVFL=0.705074
    HPWL=(6401.223633, 4735.993652)
    POTN=5.630930E+04
    PHIC=2.065049E-07
    GRAD=1.983600E-02
    NuBT=3
    CPU =0.000150

ITER: 76
    HPWL=11137.373047
    OVFL=0.705030
    HPWL=(6401.354492, 4736.018066)
    POTN=5.629247E+04
    PHIC=2.168301E-07
    GRAD=1.983722E-02
    NuBT=1
    CPU =0.000080

ITER: 77
    HPWL=11137.646484
    OVFL=0.704920
    HPWL=(6401.571289, 4736.074707)
    POTN=5.627021E+04
    PHIC=2.276716E-07
    GRAD=1.984345E-02
    NuBT=1
    CPU =0.000079

ITER: 78
    HPWL=11138.245117
    OVFL=0.704843
    HPWL=(6402.086914, 4736.158203)
    POTN=5.623291E+04
    PHIC=2.390551E-07
    GRAD=1.985431E-02
    NuBT=2
    CPU =0.000130

ITER: 79
    HPWL=11138.617188
    OVFL=0.704648
    HPWL=(6402.375000, 4736.242188)
    POTN=5.620543E+04
    PHIC=2.510079E-07
    GRAD=1.986111E-02
    NuBT=2
    CPU =0.000117

ITER: 80
    HPWL=11139.104492
    OVFL=0.704603
    HPWL=(6402.750000, 4736.354492)
    POTN=5.615494E+04
    PHIC=2.635582E-07
    GRAD=1.988041E-02
    NuBT=2
    CPU =0.000117

ITER: 81
    HPWL=11139.566406
    OVFL=0.704423
    HPWL=(6403.097168, 4736.469238)
    POTN=5.612909E+04
    PHIC=2.767361E-07
    GRAD=1.988605E-02
    NuBT=2
    CPU =0.000116

ITER: 82
    HPWL=11140.097656
    OVFL=0.704374
    HPWL=(6403.478027, 4736.619141)
    POTN=5.607171E+04
    PHIC=2.905728E-07
    GRAD=1.990220E-02
    NuBT=2
    CPU =0.000116

ITER: 83
    HPWL=11140.807617
    OVFL=0.705768
    HPWL=(6404.021484, 4736.786133)
    POTN=5.605269E+04
    PHIC=3.051014E-07
    GRAD=1.991009E-02
    NuBT=1
    CPU =0.000079

ITER: 84
    HPWL=11140.654297
    OVFL=0.708503
    HPWL=(6403.713867, 4736.940918)
    POTN=5.599382E+04
    PHIC=3.203565E-07
    GRAD=1.976664E-02
    NuBT=2
    CPU =0.000117

ITER: 85
    HPWL=11139.341797
    OVFL=0.709354
    HPWL=(6402.241211, 4737.100098)
    POTN=5.593913E+04
    PHIC=3.363743E-07
    GRAD=1.949364E-02
    NuBT=2
    CPU =0.000115

ITER: 86
    HPWL=11138.924805
    OVFL=0.709819
    HPWL=(6401.643555, 4737.281250)
    POTN=5.585438E+04
    PHIC=3.531930E-07
    GRAD=1.940819E-02
    NuBT=1
    CPU =0.000079

ITER: 87
    HPWL=11140.753906
    OVFL=0.710134
    HPWL=(6403.250000, 4737.503418)
    POTN=5.577051E+04
    PHIC=3.708525E-07
    GRAD=1.936144E-02
    NuBT=1
    CPU =0.000093

ITER: 88
    HPWL=11141.107422
    OVFL=0.710339
    HPWL=(6403.406738, 4737.701172)
    POTN=5.566715E+04
    PHIC=3.893952E-07
    GRAD=1.933121E-02
    NuBT=2
    CPU =0.000117

ITER: 89
    HPWL=11142.037109
    OVFL=0.710287
    HPWL=(6404.093262, 4737.943848)
    POTN=5.559130E+04
    PHIC=4.088648E-07
    GRAD=1.930963E-02
    NuBT=2
    CPU =0.000118

ITER: 90
    HPWL=11142.856445
    OVFL=0.710296
    HPWL=(6404.699219, 4738.157227)
    POTN=5.548016E+04
    PHIC=4.293080E-07
    GRAD=1.931732E-02
    NuBT=2
    CPU =0.000116

ITER: 91
    HPWL=11143.404297
    OVFL=0.710121
    HPWL=(6405.004395, 4738.400391)
    POTN=5.541525E+04
    PHIC=4.507733E-07
    GRAD=1.931632E-02
    NuBT=2
    CPU =0.000118

ITER: 92
    HPWL=11144.285156
    OVFL=0.710065
    HPWL=(6405.635742, 4738.649414)
    POTN=5.530583E+04
    PHIC=4.733119E-07
    GRAD=1.933313E-02
    NuBT=2
    CPU =0.000117

ITER: 93
    HPWL=11144.695312
    OVFL=0.709784
    HPWL=(6405.813477, 4738.882324)
    POTN=5.525433E+04
    PHIC=4.969775E-07
    GRAD=1.933785E-02
    NuBT=2
    CPU =0.000116

ITER: 94
    HPWL=11145.414062
    OVFL=0.709714
    HPWL=(6406.286621, 4739.127930)
    POTN=5.515327E+04
    PHIC=5.218263E-07
    GRAD=1.936643E-02
    NuBT=2
    CPU =0.000118

ITER: 95
    HPWL=11146.265625
    OVFL=0.709224
    HPWL=(6406.891602, 4739.374023)
    POTN=5.511300E+04
    PHIC=5.479175E-07
    GRAD=1.937156E-02
    NuBT=1
    CPU =0.000080

ITER: 96
    HPWL=11147.028320
    OVFL=0.708957
    HPWL=(6407.399414, 4739.628906)
    POTN=5.501506E+04
    PHIC=5.753133E-07
    GRAD=1.942099E-02
    NuBT=1
    CPU =0.000092

ITER: 97
    HPWL=11146.774414
    OVFL=0.708438
    HPWL=(6406.901367, 4739.873047)
    POTN=5.499071E+04
    PHIC=6.040789E-07
    GRAD=1.944874E-02
    NuBT=1
    CPU =0.000080

ITER: 98
    HPWL=11146.882812
    OVFL=0.708294
    HPWL=(6406.773438, 4740.109863)
    POTN=5.491146E+04
    PHIC=6.342829E-07
    GRAD=1.949910E-02
    NuBT=1
    CPU =0.000083

ITER: 99
    HPWL=11147.054688
    OVFL=0.708365
    HPWL=(6406.679199, 4740.375488)
    POTN=5.489515E+04
    PHIC=6.659970E-07
    GRAD=1.951240E-02
    NuBT=1
    CPU =0.000079

ITER: 100
    HPWL=11147.954102
    OVFL=0.708304
    HPWL=(6407.343750, 4740.610352)
    POTN=5.482346E+04
    PHIC=6.992967E-07
    GRAD=1.950598E-02
    NuBT=1
    CPU =0.000081

ITER: 101
    HPWL=11148.083984
    OVFL=0.708296
    HPWL=(6407.210449, 4740.874023)
    POTN=5.482014E+04
    PHIC=7.342615E-07
    GRAD=1.951172E-02
    NuBT=1
    CPU =0.000079

ITER: 102
    HPWL=11148.337891
    OVFL=0.708205
    HPWL=(6407.227051, 4741.110840)
    POTN=5.475600E+04
    PHIC=7.709746E-07
    GRAD=1.951171E-02
    NuBT=1
    CPU =0.000082

ITER: 103
    HPWL=11148.097656
    OVFL=0.708182
    HPWL=(6406.755859, 4741.342285)
    POTN=5.475943E+04
    PHIC=8.095233E-07
    GRAD=1.952260E-02
    NuBT=1
    CPU =0.000079

ITER: 104
    HPWL=11148.616211
    OVFL=0.708088
    HPWL=(6407.023926, 4741.592285)
    POTN=5.470130E+04
    PHIC=8.499993E-07
    GRAD=1.952346E-02
    NuBT=1
    CPU =0.000080

ITER: 105
    HPWL=11148.650391
    OVFL=0.708055
    HPWL=(6406.818359, 4741.832031)
    POTN=5.470353E+04
    PHIC=8.924993E-07
    GRAD=1.953094E-02
    NuBT=1
    CPU =0.000077

ITER: 106
    HPWL=11149.074219
    OVFL=0.707953
    HPWL=(6407.004883, 4742.068848)
    POTN=5.463497E+04
    PHIC=9.371241E-07
    GRAD=1.953557E-02
    NuBT=1
    CPU =0.000081

ITER: 107
    HPWL=11148.973633
    OVFL=0.707897
    HPWL=(6406.663574, 4742.310059)
    POTN=5.452902E+04
    PHIC=9.839803E-07
    GRAD=1.954306E-02
    NuBT=1
    CPU =0.000079

ITER: 108
    HPWL=11149.353516
    OVFL=0.707773
    HPWL=(6406.810547, 4742.542969)
    POTN=5.436242E+04
    PHIC=1.033179E-06
    GRAD=1.954629E-02
    NuBT=1
    CPU =0.000080

ITER: 109
    HPWL=11149.201172
    OVFL=0.707656
    HPWL=(6406.450684, 4742.750977)
    POTN=5.425482E+04
    PHIC=1.084838E-06
    GRAD=1.956092E-02
    NuBT=1
    CPU =0.000089

ITER: 110
    HPWL=11149.730469
    OVFL=0.707486
    HPWL=(6406.764648, 4742.966309)
    POTN=5.410347E+04
    PHIC=1.139080E-06
    GRAD=1.957531E-02
    NuBT=1
    CPU =0.000080

ITER: 111
    HPWL=11149.569336
    OVFL=0.707364
    HPWL=(6406.403320, 4743.166016)
    POTN=5.401058E+04
    PHIC=1.196034E-06
    GRAD=1.958739E-02
    NuBT=1
    CPU =0.000082

ITER: 112
    HPWL=11149.902344
    OVFL=0.707209
    HPWL=(6406.566895, 4743.335449)
    POTN=5.387788E+04
    PHIC=1.255836E-06
    GRAD=1.960188E-02
    NuBT=1
    CPU =0.000080

ITER: 113
    HPWL=11149.567383
    OVFL=0.707083
    HPWL=(6406.069824, 4743.497559)
    POTN=5.379448E+04
    PHIC=1.318627E-06
    GRAD=1.961798E-02
    NuBT=1
    CPU =0.000078

ITER: 114
    HPWL=11150.048828
    OVFL=0.706923
    HPWL=(6406.421875, 4743.627441)
    POTN=5.367786E+04
    PHIC=1.384558E-06
    GRAD=1.962893E-02
    NuBT=1
    CPU =0.000079

ITER: 115
    HPWL=11149.971680
    OVFL=0.706743
    HPWL=(6406.211914, 4743.759766)
    POTN=5.360027E+04
    PHIC=1.453786E-06
    GRAD=1.964455E-02
    NuBT=1
    CPU =0.000079

ITER: 116
    HPWL=11150.516602
    OVFL=0.706450
    HPWL=(6406.619629, 4743.896973)
    POTN=5.348933E+04
    PHIC=1.526475E-06
    GRAD=1.966268E-02
    NuBT=1
    CPU =0.000081

ITER: 117
    HPWL=11150.306641
    OVFL=0.706187
    HPWL=(6406.289551, 4744.017578)
    POTN=5.341581E+04
    PHIC=1.602799E-06
    GRAD=1.969244E-02
    NuBT=1
    CPU =0.000079

ITER: 118
    HPWL=11150.955078
    OVFL=0.705875
    HPWL=(6406.814941, 4744.139648)
    POTN=5.330913E+04
    PHIC=1.682939E-06
    GRAD=1.971611E-02
    NuBT=1
    CPU =0.000079

ITER: 119
    HPWL=11151.058594
    OVFL=0.705551
    HPWL=(6406.820801, 4744.237305)
    POTN=5.323330E+04
    PHIC=1.767086E-06
    GRAD=1.974822E-02
    NuBT=1
    CPU =0.000079

ITER: 120
    HPWL=11152.024414
    OVFL=0.705204
    HPWL=(6407.718750, 4744.305664)
    POTN=5.312375E+04
    PHIC=1.855440E-06
    GRAD=1.977957E-02
    NuBT=1
    CPU =0.000079

ITER: 121
    HPWL=11152.166016
    OVFL=0.704892
    HPWL=(6407.802734, 4744.363281)
    POTN=5.304711E+04
    PHIC=1.948212E-06
    GRAD=1.981563E-02
    NuBT=1
    CPU =0.000090

ITER: 122
    HPWL=11153.406250
    OVFL=0.704539
    HPWL=(6408.994629, 4744.412109)
    POTN=5.293457E+04
    PHIC=2.045622E-06
    GRAD=1.984561E-02
    NuBT=1
    CPU =0.000081

ITER: 123
    HPWL=11153.699219
    OVFL=0.704164
    HPWL=(6409.239258, 4744.460449)
    POTN=5.285147E+04
    PHIC=2.147903E-06
    GRAD=1.988214E-02
    NuBT=1
    CPU =0.000079

ITER: 124
    HPWL=11155.089844
    OVFL=0.703722
    HPWL=(6410.625977, 4744.464355)
    POTN=5.272784E+04
    PHIC=2.255297E-06
    GRAD=1.991994E-02
    NuBT=1
    CPU =0.000081

ITER: 125
    HPWL=11155.457031
    OVFL=0.703279
    HPWL=(6410.988770, 4744.468750)
    POTN=5.264148E+04
    PHIC=2.368062E-06
    GRAD=1.996491E-02
    NuBT=1
    CPU =0.000078

ITER: 126
    HPWL=11156.974609
    OVFL=0.702709
    HPWL=(6412.493164, 4744.481934)
    POTN=5.250511E+04
    PHIC=2.486464E-06
    GRAD=2.001006E-02
    NuBT=1
    CPU =0.000079

ITER: 127
    HPWL=11157.500977
    OVFL=0.702063
    HPWL=(6413.020020, 4744.480957)
    POTN=5.240868E+04
    PHIC=2.610787E-06
    GRAD=2.006625E-02
    NuBT=1
    CPU =0.000082

ITER: 128
    HPWL=11159.193359
    OVFL=0.701177
    HPWL=(6414.720703, 4744.473145)
    POTN=5.224857E+04
    PHIC=2.741326E-06
    GRAD=2.013278E-02
    NuBT=1
    CPU =0.000080

ITER: 129
    HPWL=11159.571289
    OVFL=0.700028
    HPWL=(6415.125488, 4744.445801)
    POTN=5.212522E+04
    PHIC=2.878392E-06
    GRAD=2.022523E-02
    NuBT=1
    CPU =0.000080

ITER: 130
    HPWL=11161.299805
    OVFL=0.696258
    HPWL=(6416.880859, 4744.418945)
    POTN=5.176959E+04
    PHIC=3.022310E-06
    GRAD=2.034335E-02
    NuBT=1
    CPU =0.000079

ITER: 131
    HPWL=11158.728516
    OVFL=0.690275
    HPWL=(6414.342285, 4744.386719)
    POTN=5.132729E+04
    PHIC=3.173426E-06
    GRAD=2.073707E-02
    NuBT=2
    CPU =0.000117

ITER: 132
    HPWL=11156.148438
    OVFL=0.683875
    HPWL=(6411.806641, 4744.341309)
    POTN=5.082035E+04
    PHIC=3.332097E-06
    GRAD=2.138042E-02
    NuBT=2
    CPU =0.000120

ITER: 133
    HPWL=11155.250000
    OVFL=0.681616
    HPWL=(6410.965820, 4744.284668)
    POTN=5.031783E+04
    PHIC=3.498702E-06
    GRAD=2.208922E-02
    NuBT=1
    CPU =0.000088

ITER: 134
    HPWL=11155.965820
    OVFL=0.679266
    HPWL=(6411.748535, 4744.217285)
    POTN=4.980462E+04
    PHIC=3.673636E-06
    GRAD=2.234491E-02
    NuBT=1
    CPU =0.000081

ITER: 135
    HPWL=11156.788086
    OVFL=0.676310
    HPWL=(6412.698730, 4744.089355)
    POTN=4.918697E+04
    PHIC=3.857317E-06
    GRAD=2.261415E-02
    NuBT=1
    CPU =0.000080

ITER: 136
    HPWL=11159.499023
    OVFL=0.675420
    HPWL=(6415.474121, 4744.024902)
    POTN=4.853746E+04
    PHIC=4.050181E-06
    GRAD=2.295763E-02
    NuBT=2
    CPU =0.000117

ITER: 137
    HPWL=11162.066406
    OVFL=0.675123
    HPWL=(6418.203613, 4743.862305)
    POTN=4.790432E+04
    PHIC=4.252689E-06
    GRAD=2.306243E-02
    NuBT=2
    CPU =0.000116

ITER: 138
    HPWL=11164.122070
    OVFL=0.674967
    HPWL=(6420.373535, 4743.748535)
    POTN=4.727432E+04
    PHIC=4.465322E-06
    GRAD=2.309602E-02
    NuBT=2
    CPU =0.000116

ITER: 139
    HPWL=11165.946289
    OVFL=0.674684
    HPWL=(6422.311035, 4743.635254)
    POTN=4.664731E+04
    PHIC=4.688586E-06
    GRAD=2.311741E-02
    NuBT=2
    CPU =0.000116

ITER: 140
    HPWL=11168.775391
    OVFL=0.674661
    HPWL=(6425.229004, 4743.545898)
    POTN=4.602236E+04
    PHIC=4.923013E-06
    GRAD=2.315037E-02
    NuBT=2
    CPU =0.000115

ITER: 141
    HPWL=11170.066406
    OVFL=0.674512
    HPWL=(6426.617188, 4743.448730)
    POTN=4.541199E+04
    PHIC=5.169162E-06
    GRAD=2.315346E-02
    NuBT=2
    CPU =0.000116

ITER: 142
    HPWL=11173.162109
    OVFL=0.674532
    HPWL=(6429.791992, 4743.370605)
    POTN=4.479896E+04
    PHIC=5.427617E-06
    GRAD=2.317224E-02
    NuBT=2
    CPU =0.000127

ITER: 143
    HPWL=11174.178711
    OVFL=0.674335
    HPWL=(6430.875000, 4743.303711)
    POTN=4.421610E+04
    PHIC=5.698997E-06
    GRAD=2.316879E-02
    NuBT=2
    CPU =0.000117

ITER: 144
    HPWL=11178.794922
    OVFL=0.674328
    HPWL=(6435.525879, 4743.268555)
    POTN=4.363432E+04
    PHIC=5.983943E-06
    GRAD=2.319376E-02
    NuBT=1
    CPU =0.000079

ITER: 145
    HPWL=11179.908203
    OVFL=0.675182
    HPWL=(6436.666992, 4743.241699)
    POTN=4.309480E+04
    PHIC=6.283139E-06
    GRAD=2.319853E-02
    NuBT=1
    CPU =0.000080

ITER: 146
    HPWL=11181.100586
    OVFL=0.678793
    HPWL=(6437.859375, 4743.241211)
    POTN=4.255766E+04
    PHIC=6.597295E-06
    GRAD=2.309287E-02
    NuBT=1
    CPU =0.000079

ITER: 147
    HPWL=11180.252930
    OVFL=0.682067
    HPWL=(6437.004883, 4743.248047)
    POTN=4.206161E+04
    PHIC=6.927160E-06
    GRAD=2.266868E-02
    NuBT=1
    CPU =0.000081

ITER: 148
    HPWL=11181.701172
    OVFL=0.686396
    HPWL=(6438.427246, 4743.274414)
    POTN=4.157466E+04
    PHIC=7.273516E-06
    GRAD=2.228942E-02
    NuBT=1
    CPU =0.000079

ITER: 149
    HPWL=11182.531250
    OVFL=0.691669
    HPWL=(6439.172852, 4743.358887)
    POTN=4.100649E+04
    PHIC=7.637190E-06
    GRAD=2.180346E-02
    NuBT=1
    CPU =0.000078

ITER: 150
    HPWL=11185.830078
    OVFL=0.692141
    HPWL=(6442.340820, 4743.489258)
    POTN=4.034899E+04
    PHIC=8.019046E-06
    GRAD=2.122556E-02
    NuBT=1
    CPU =0.000078

ITER: 151
    HPWL=11185.164062
    OVFL=0.691611
    HPWL=(6441.506836, 4743.657715)
    POTN=3.970922E+04
    PHIC=8.419997E-06
    GRAD=2.116820E-02
    NuBT=1
    CPU =0.000081

ITER: 152
    HPWL=11191.384766
    OVFL=0.690279
    HPWL=(6447.522949, 4743.861328)
    POTN=3.904885E+04
    PHIC=8.840989E-06
    GRAD=2.123079E-02
    NuBT=1
    CPU =0.000079

ITER: 153
    HPWL=11189.558594
    OVFL=0.688315
    HPWL=(6445.516602, 4744.041992)
    POTN=3.851011E+04
    PHIC=9.283038E-06
    GRAD=2.137226E-02
    NuBT=2
    CPU =0.000131

ITER: 154
    HPWL=11192.701172
    OVFL=0.686335
    HPWL=(6448.458984, 4744.241699)
    POTN=3.800521E+04
    PHIC=9.747185E-06
    GRAD=2.158401E-02
    NuBT=1
    CPU =0.000080

ITER: 155
    HPWL=11194.847656
    OVFL=0.685053
    HPWL=(6450.390137, 4744.457520)
    POTN=3.756932E+04
    PHIC=1.023454E-05
    GRAD=2.180360E-02
    NuBT=1
    CPU =0.000082

ITER: 156
    HPWL=11198.263672
    OVFL=0.685383
    HPWL=(6453.586426, 4744.676758)
    POTN=3.715315E+04
    PHIC=1.074626E-05
    GRAD=2.194542E-02
    NuBT=1
    CPU =0.000080

ITER: 157
    HPWL=11197.489258
    OVFL=0.685586
    HPWL=(6452.539551, 4744.949707)
    POTN=3.679872E+04
    PHIC=1.128357E-05
    GRAD=2.190281E-02
    NuBT=1
    CPU =0.000079

ITER: 158
    HPWL=11199.800781
    OVFL=0.685662
    HPWL=(6454.623047, 4745.177246)
    POTN=3.645551E+04
    PHIC=1.184775E-05
    GRAD=2.187835E-02
    NuBT=1
    CPU =0.000079

ITER: 159
    HPWL=11200.251953
    OVFL=0.685804
    HPWL=(6454.820312, 4745.431641)
    POTN=3.616626E+04
    PHIC=1.244013E-05
    GRAD=2.186834E-02
    NuBT=1
    CPU =0.000079

ITER: 160
    HPWL=11203.602539
    OVFL=0.686125
    HPWL=(6457.841309, 4745.761230)
    POTN=3.588834E+04
    PHIC=1.306213E-05
    GRAD=2.184994E-02
    NuBT=1
    CPU =0.000079

ITER: 161
    HPWL=11203.885742
    OVFL=0.686414
    HPWL=(6457.795898, 4746.089844)
    POTN=3.565715E+04
    PHIC=1.371524E-05
    GRAD=2.181405E-02
    NuBT=1
    CPU =0.000081

ITER: 162
    HPWL=11205.998047
    OVFL=0.686459
    HPWL=(6459.666016, 4746.331543)
    POTN=3.542559E+04
    PHIC=1.440100E-05
    GRAD=2.177816E-02
    NuBT=1
    CPU =0.000079

ITER: 163
    HPWL=11206.517578
    OVFL=0.686157
    HPWL=(6459.896973, 4746.621094)
    POTN=3.522986E+04
    PHIC=1.512104E-05
    GRAD=2.177290E-02
    NuBT=1
    CPU =0.000079

ITER: 164
    HPWL=11208.312500
    OVFL=0.685657
    HPWL=(6461.548340, 4746.764160)
    POTN=3.503216E+04
    PHIC=1.587709E-05
    GRAD=2.180382E-02
    NuBT=1
    CPU =0.000081

ITER: 165
    HPWL=11209.118164
    OVFL=0.685289
    HPWL=(6461.896484, 4747.221680)
    POTN=3.486665E+04
    PHIC=1.667095E-05
    GRAD=2.185820E-02
    NuBT=1
    CPU =0.000078

ITER: 166
    HPWL=11210.611328
    OVFL=0.684669
    HPWL=(6463.048340, 4747.562988)
    POTN=3.469080E+04
    PHIC=1.750449E-05
    GRAD=2.189782E-02
    NuBT=1
    CPU =0.000088

ITER: 167
    HPWL=11211.917969
    OVFL=0.684125
    HPWL=(6463.935059, 4747.982422)
    POTN=3.454243E+04
    PHIC=1.837971E-05
    GRAD=2.196530E-02
    NuBT=1
    CPU =0.000080

ITER: 168
    HPWL=11213.876953
    OVFL=0.683090
    HPWL=(6465.645020, 4748.231934)
    POTN=3.436947E+04
    PHIC=1.929869E-05
    GRAD=2.202429E-02
    NuBT=1
    CPU =0.000079

ITER: 169
    HPWL=11216.095703
    OVFL=0.682266
    HPWL=(6467.514160, 4748.581055)
    POTN=3.422253E+04
    PHIC=2.026361E-05
    GRAD=2.213844E-02
    NuBT=1
    CPU =0.000078

ITER: 170
    HPWL=11218.884766
    OVFL=0.681151
    HPWL=(6470.204590, 4748.680176)
    POTN=3.404722E+04
    PHIC=2.127679E-05
    GRAD=2.223076E-02
    NuBT=1
    CPU =0.000081

ITER: 171
    HPWL=11222.238281
    OVFL=0.680095
    HPWL=(6473.269531, 4748.969238)
    POTN=3.389379E+04
    PHIC=2.234062E-05
    GRAD=2.235711E-02
    NuBT=1
    CPU =0.000081

ITER: 172
    HPWL=11225.910156
    OVFL=0.678930
    HPWL=(6476.898438, 4749.011230)
    POTN=3.371011E+04
    PHIC=2.345763E-05
    GRAD=2.247827E-02
    NuBT=1
    CPU =0.000078

ITER: 173
    HPWL=11230.201172
    OVFL=0.677720
    HPWL=(6480.897949, 4749.303223)
    POTN=3.354462E+04
    PHIC=2.463050E-05
    GRAD=2.261104E-02
    NuBT=1
    CPU =0.000079

ITER: 174
    HPWL=11235.630859
    OVFL=0.676455
    HPWL=(6486.314941, 4749.315918)
    POTN=3.333779E+04
    PHIC=2.586200E-05
    GRAD=2.274888E-02
    NuBT=1
    CPU =0.000079

ITER: 175
    HPWL=11241.041992
    OVFL=0.676073
    HPWL=(6491.446777, 4749.595215)
    POTN=3.315655E+04
    PHIC=2.715508E-05
    GRAD=2.289787E-02
    NuBT=1
    CPU =0.000079

ITER: 176
    HPWL=11248.466797
    OVFL=0.675248
    HPWL=(6498.896973, 4749.569336)
    POTN=3.291116E+04
    PHIC=2.851280E-05
    GRAD=2.294113E-02
    NuBT=1
    CPU =0.000077

ITER: 177
    HPWL=11257.736328
    OVFL=0.674138
    HPWL=(6507.915039, 4749.821289)
    POTN=3.267675E+04
    PHIC=2.993840E-05
    GRAD=2.304262E-02
    NuBT=1
    CPU =0.000080

ITER: 178
    HPWL=11269.387695
    OVFL=0.667502
    HPWL=(6519.569824, 4749.817871)
    POTN=3.207656E+04
    PHIC=3.143527E-05
    GRAD=2.318378E-02
    NuBT=1
    CPU =0.000091

ITER: 179
    HPWL=11279.948242
    OVFL=0.654812
    HPWL=(6529.951660, 4749.996582)
    POTN=3.093894E+04
    PHIC=3.300698E-05
    GRAD=2.397960E-02
    NuBT=2
    CPU =0.000117

ITER: 180
    HPWL=11287.744141
    OVFL=0.646387
    HPWL=(6537.882812, 4749.861328)
    POTN=2.960969E+04
    PHIC=3.465729E-05
    GRAD=2.556919E-02
    NuBT=2
    CPU =0.000117

ITER: 181
    HPWL=11300.664062
    OVFL=0.637901
    HPWL=(6550.665039, 4749.999512)
    POTN=2.834752E+04
    PHIC=3.639009E-05
    GRAD=2.669425E-02
    NuBT=1
    CPU =0.000079

ITER: 182
    HPWL=11315.637695
    OVFL=0.633430
    HPWL=(6565.578125, 4750.059570)
    POTN=2.707443E+04
    PHIC=3.820951E-05
    GRAD=2.788552E-02
    NuBT=2
    CPU =0.000116

ITER: 183
    HPWL=11331.500000
    OVFL=0.632967
    HPWL=(6581.460449, 4750.039062)
    POTN=2.602619E+04
    PHIC=4.011989E-05
    GRAD=2.854400E-02
    NuBT=2
    CPU =0.000115

ITER: 184
    HPWL=11346.754883
    OVFL=0.637249
    HPWL=(6596.831055, 4749.923828)
    POTN=2.501552E+04
    PHIC=4.212579E-05
    GRAD=2.862296E-02
    NuBT=2
    CPU =0.000117

ITER: 185
    HPWL=11363.324219
    OVFL=0.644118
    HPWL=(6613.602539, 4749.721680)
    POTN=2.407944E+04
    PHIC=4.423197E-05
    GRAD=2.801980E-02
    NuBT=2
    CPU =0.000115

ITER: 186
    HPWL=11375.851562
    OVFL=0.647722
    HPWL=(6626.376465, 4749.475586)
    POTN=2.309977E+04
    PHIC=4.644349E-05
    GRAD=2.707246E-02
    NuBT=1
    CPU =0.000079

ITER: 187
    HPWL=11388.009766
    OVFL=0.648449
    HPWL=(6638.214844, 4749.795410)
    POTN=2.233130E+04
    PHIC=4.876557E-05
    GRAD=2.656753E-02
    NuBT=1
    CPU =0.000082

ITER: 188
    HPWL=11396.023438
    OVFL=0.646360
    HPWL=(6644.251953, 4751.771973)
    POTN=2.159046E+04
    PHIC=5.120379E-05
    GRAD=2.644726E-02
    NuBT=1
    CPU =0.000089

ITER: 189
    HPWL=11410.761719
    OVFL=0.644803
    HPWL=(6655.919434, 4754.842773)
    POTN=2.101209E+04
    PHIC=5.376387E-05
    GRAD=2.672162E-02
    NuBT=1
    CPU =0.000080

ITER: 190
    HPWL=11420.933594
    OVFL=0.641104
    HPWL=(6663.565918, 4757.367676)
    POTN=2.048403E+04
    PHIC=5.645198E-05
    GRAD=2.693820E-02
    NuBT=1
    CPU =0.000082

ITER: 191
    HPWL=11434.776367
    OVFL=0.640593
    HPWL=(6674.754395, 4760.021973)
    POTN=2.007151E+04
    PHIC=5.927446E-05
    GRAD=2.743622E-02
    NuBT=1
    CPU =0.000078

ITER: 192
    HPWL=11442.152344
    OVFL=0.640502
    HPWL=(6680.053711, 4762.098633)
    POTN=1.970459E+04
    PHIC=6.223811E-05
    GRAD=2.749261E-02
    NuBT=1
    CPU =0.000081

ITER: 193
    HPWL=11457.865234
    OVFL=0.641143
    HPWL=(6692.348633, 4765.517090)
    POTN=1.939605E+04
    PHIC=6.534986E-05
    GRAD=2.749254E-02
    NuBT=1
    CPU =0.000079

ITER: 194
    HPWL=11471.783203
    OVFL=0.640483
    HPWL=(6702.517578, 4769.266113)
    POTN=1.906984E+04
    PHIC=6.861722E-05
    GRAD=2.739955E-02
    NuBT=1
    CPU =0.000081

ITER: 195
    HPWL=11495.850586
    OVFL=0.633519
    HPWL=(6723.708496, 4772.142090)
    POTN=1.847748E+04
    PHIC=7.204783E-05
    GRAD=2.749551E-02
    NuBT=1
    CPU =0.000079

ITER: 196
    HPWL=11514.875977
    OVFL=0.625574
    HPWL=(6739.507812, 4775.368164)
    POTN=1.774102E+04
    PHIC=7.565002E-05
    GRAD=2.848093E-02
    NuBT=2
    CPU =0.000116

ITER: 197
    HPWL=11543.113281
    OVFL=0.621297
    HPWL=(6767.356445, 4775.756836)
    POTN=1.695487E+04
    PHIC=7.943220E-05
    GRAD=2.966229E-02
    NuBT=1
    CPU =0.000079

ITER: 198
    HPWL=11565.327148
    OVFL=0.613069
    HPWL=(6788.652344, 4776.674805)
    POTN=1.613089E+04
    PHIC=8.340354E-05
    GRAD=3.033699E-02
    NuBT=1
    CPU =0.000080

ITER: 199
    HPWL=11589.449219
    OVFL=0.606861
    HPWL=(6812.803711, 4776.645996)
    POTN=1.525352E+04
    PHIC=8.757341E-05
    GRAD=3.159403E-02
    NuBT=2
    CPU =0.000127

ITER: 200
    HPWL=11606.365234
    OVFL=0.598351
    HPWL=(6828.146484, 4778.218750)
    POTN=1.445047E+04
    PHIC=9.195186E-05
    GRAD=3.260925E-02
    NuBT=1
    CPU =0.000081

ITER: 201
    HPWL=11628.833984
    OVFL=0.592466
    HPWL=(6847.548340, 4781.285645)
    POTN=1.374602E+04
    PHIC=9.654914E-05
    GRAD=3.400512E-02
    NuBT=2
    CPU =0.000117

ITER: 202
    HPWL=11638.574219
    OVFL=0.592603
    HPWL=(6855.863281, 4782.710449)
    POTN=1.322367E+04
    PHIC=1.013765E-04
    GRAD=3.504201E-02
    NuBT=1
    CPU =0.000078

ITER: 203
    HPWL=11655.820312
    OVFL=0.593528
    HPWL=(6870.895020, 4784.925293)
    POTN=1.279086E+04
    PHIC=1.064450E-04
    GRAD=3.499038E-02
    NuBT=2
    CPU =0.000116

ITER: 204
    HPWL=11659.400391
    OVFL=0.593610
    HPWL=(6871.961914, 4787.438965)
    POTN=1.246956E+04
    PHIC=1.117672E-04
    GRAD=3.481203E-02
    NuBT=1
    CPU =0.000086

ITER: 205
    HPWL=11670.333984
    OVFL=0.593679
    HPWL=(6883.855469, 4786.478516)
    POTN=1.213410E+04
    PHIC=1.173554E-04
    GRAD=3.478158E-02
    NuBT=1
    CPU =0.000079

ITER: 206
    HPWL=11665.788086
    OVFL=0.592957
    HPWL=(6881.578613, 4784.209473)
    POTN=1.193396E+04
    PHIC=1.232231E-04
    GRAD=3.474353E-02
    NuBT=1
    CPU =0.000078

ITER: 207
    HPWL=11675.705078
    OVFL=0.592610
    HPWL=(6885.694336, 4790.010254)
    POTN=1.177845E+04
    PHIC=1.293841E-04
    GRAD=3.483491E-02
    NuBT=1
    CPU =0.000078

ITER: 208
    HPWL=11677.763672
    OVFL=0.591184
    HPWL=(6882.372070, 4795.391113)
    POTN=1.168756E+04
    PHIC=1.358533E-04
    GRAD=3.486663E-02
    NuBT=1
    CPU =0.000079

ITER: 209
    HPWL=11683.128906
    OVFL=0.589692
    HPWL=(6886.844238, 4796.284668)
    POTN=1.161522E+04
    PHIC=1.426458E-04
    GRAD=3.509963E-02
    NuBT=1
    CPU =0.000082

ITER: 210
    HPWL=11681.828125
    OVFL=0.587151
    HPWL=(6885.462891, 4796.365723)
    POTN=1.157869E+04
    PHIC=1.497781E-04
    GRAD=3.534256E-02
    NuBT=1
    CPU =0.000080

ITER: 211
    HPWL=11687.554688
    OVFL=0.583675
    HPWL=(6890.694824, 4796.859863)
    POTN=1.152181E+04
    PHIC=1.572669E-04
    GRAD=3.578749E-02
    NuBT=1
    CPU =0.000089

ITER: 212
    HPWL=11687.298828
    OVFL=0.580357
    HPWL=(6889.911133, 4797.388184)
    POTN=1.150382E+04
    PHIC=1.651302E-04
    GRAD=3.639637E-02
    NuBT=1
    CPU =0.000083

ITER: 213
    HPWL=11691.222656
    OVFL=0.576537
    HPWL=(6893.411621, 4797.811035)
    POTN=1.145121E+04
    PHIC=1.733866E-04
    GRAD=3.699033E-02
    NuBT=1
    CPU =0.000079

ITER: 214
    HPWL=11686.685547
    OVFL=0.573215
    HPWL=(6890.877930, 4795.807617)
    POTN=1.141428E+04
    PHIC=1.820559E-04
    GRAD=3.768088E-02
    NuBT=1
    CPU =0.000079

ITER: 215
    HPWL=11690.666992
    OVFL=0.571058
    HPWL=(6894.772461, 4795.894531)
    POTN=1.135038E+04
    PHIC=1.911586E-04
    GRAD=3.829890E-02
    NuBT=1
    CPU =0.000084

ITER: 216
    HPWL=11685.940430
    OVFL=0.569417
    HPWL=(6892.057617, 4793.882812)
    POTN=1.129667E+04
    PHIC=2.007165E-04
    GRAD=3.868538E-02
    NuBT=1
    CPU =0.000064

ITER: 217
    HPWL=11685.500000
    OVFL=0.567958
    HPWL=(6892.887207, 4792.612793)
    POTN=1.120239E+04
    PHIC=2.107523E-04
    GRAD=3.898472E-02
    NuBT=1
    CPU =0.000050

ITER: 218
    HPWL=11686.994141
    OVFL=0.566364
    HPWL=(6892.416504, 4794.577148)
    POTN=1.110276E+04
    PHIC=2.212899E-04
    GRAD=3.924365E-02
    NuBT=1
    CPU =0.000048

ITER: 219
    HPWL=11700.392578
    OVFL=0.564523
    HPWL=(6901.495117, 4798.896973)
    POTN=1.092400E+04
    PHIC=2.323539E-04
    GRAD=3.952631E-02
    NuBT=1
    CPU =0.000048

ITER: 220
    HPWL=11709.862305
    OVFL=0.561086
    HPWL=(6905.532715, 4804.329590)
    POTN=1.069818E+04
    PHIC=2.439713E-04
    GRAD=3.986102E-02
    NuBT=1
    CPU =0.000048

ITER: 221
    HPWL=11722.087891
    OVFL=0.554727
    HPWL=(6914.454102, 4807.633789)
    POTN=1.039697E+04
    PHIC=2.561694E-04
    GRAD=4.051743E-02
    NuBT=2
    CPU =0.000083

ITER: 222
    HPWL=11724.960938
    OVFL=0.546398
    HPWL=(6913.727051, 4811.233398)
    POTN=1.009605E+04
    PHIC=2.689777E-04
    GRAD=4.178340E-02
    NuBT=2
    CPU =0.000084

ITER: 223
    HPWL=11735.646484
    OVFL=0.540778
    HPWL=(6919.193359, 4816.452637)
    POTN=9.773991E+03
    PHIC=2.824262E-04
    GRAD=4.351801E-02
    NuBT=2
    CPU =0.000083

ITER: 224
    HPWL=11745.250977
    OVFL=0.538659
    HPWL=(6924.145996, 4821.104980)
    POTN=9.548396E+03
    PHIC=2.965471E-04
    GRAD=4.470577E-02
    NuBT=1
    CPU =0.000063

ITER: 225
    HPWL=11759.875977
    OVFL=0.537216
    HPWL=(6934.433105, 4825.442871)
    POTN=9.327912E+03
    PHIC=3.113738E-04
    GRAD=4.513994E-02
    NuBT=1
    CPU =0.000160

ITER: 226
    HPWL=11762.241211
    OVFL=0.537493
    HPWL=(6935.797852, 4826.443359)
    POTN=9.143854E+03
    PHIC=3.269424E-04
    GRAD=4.539624E-02
    NuBT=2
    CPU =0.000096

ITER: 227
    HPWL=11776.327148
    OVFL=0.537077
    HPWL=(6944.567871, 4831.759277)
    POTN=8.958007E+03
    PHIC=3.432888E-04
    GRAD=4.527931E-02
    NuBT=1
    CPU =0.000055

ITER: 228
    HPWL=11770.021484
    OVFL=0.535966
    HPWL=(6940.687988, 4829.333496)
    POTN=8.779879E+03
    PHIC=3.604532E-04
    GRAD=4.529662E-02
    NuBT=1
    CPU =0.000055

ITER: 229
    HPWL=11777.894531
    OVFL=0.532502
    HPWL=(6946.378906, 4831.516113)
    POTN=8.552880E+03
    PHIC=3.784754E-04
    GRAD=4.549313E-02
    NuBT=1
    CPU =0.000055

ITER: 230
    HPWL=11769.744141
    OVFL=0.528328
    HPWL=(6939.204590, 4830.540039)
    POTN=8.331548E+03
    PHIC=3.973992E-04
    GRAD=4.621993E-02
    NuBT=1
    CPU =0.000055

ITER: 231
    HPWL=11778.009766
    OVFL=0.520860
    HPWL=(6946.274902, 4831.734375)
    POTN=8.015455E+03
    PHIC=4.172687E-04
    GRAD=4.714628E-02
    NuBT=1
    CPU =0.000054

ITER: 232
    HPWL=11779.939453
    OVFL=0.513372
    HPWL=(6946.304199, 4833.635254)
    POTN=7.738018E+03
    PHIC=4.381320E-04
    GRAD=4.882963E-02
    NuBT=2
    CPU =0.000090

ITER: 233
    HPWL=11785.165039
    OVFL=0.503332
    HPWL=(6949.825195, 4835.339844)
    POTN=7.413890E+03
    PHIC=4.600383E-04
    GRAD=5.060425E-02
    NuBT=1
    CPU =0.000055

ITER: 234
    HPWL=11781.679688
    OVFL=0.498902
    HPWL=(6947.136719, 4834.543457)
    POTN=7.151303E+03
    PHIC=4.830401E-04
    GRAD=5.306475E-02
    NuBT=2
    CPU =0.000090

ITER: 235
    HPWL=11786.250000
    OVFL=0.494199
    HPWL=(6952.633301, 4833.617188)
    POTN=6.918263E+03
    PHIC=5.071918E-04
    GRAD=5.415392E-02
    NuBT=1
    CPU =0.000055

ITER: 236
    HPWL=11785.716797
    OVFL=0.494857
    HPWL=(6954.857910, 4830.859375)
    POTN=6.744665E+03
    PHIC=5.325513E-04
    GRAD=5.530174E-02
    NuBT=2
    CPU =0.000089

ITER: 237
    HPWL=11791.087891
    OVFL=0.493328
    HPWL=(6963.394043, 4827.693848)
    POTN=6.541698E+03
    PHIC=5.591784E-04
    GRAD=5.501580E-02
    NuBT=1
    CPU =0.000055

ITER: 238
    HPWL=11792.839844
    OVFL=0.492107
    HPWL=(6966.005371, 4826.834473)
    POTN=6.394972E+03
    PHIC=5.871372E-04
    GRAD=5.528161E-02
    NuBT=2
    CPU =0.000126

ITER: 239
    HPWL=11799.687500
    OVFL=0.486716
    HPWL=(6973.425293, 4826.262695)
    POTN=6.202283E+03
    PHIC=6.164934E-04
    GRAD=5.548063E-02
    NuBT=1
    CPU =0.000056

ITER: 240
    HPWL=11803.475586
    OVFL=0.481903
    HPWL=(6974.188965, 4829.286621)
    POTN=6.045001E+03
    PHIC=6.473177E-04
    GRAD=5.679847E-02
    NuBT=2
    CPU =0.000123

ITER: 241
    HPWL=11816.376953
    OVFL=0.475623
    HPWL=(6985.687500, 4830.688965)
    POTN=5.878936E+03
    PHIC=6.796823E-04
    GRAD=5.803017E-02
    NuBT=1
    CPU =0.000079

ITER: 242
    HPWL=11812.982422
    OVFL=0.471801
    HPWL=(6980.402344, 4832.580566)
    POTN=5.766452E+03
    PHIC=7.136664E-04
    GRAD=5.963789E-02
    NuBT=2
    CPU =0.000117

ITER: 243
    HPWL=11823.413086
    OVFL=0.468230
    HPWL=(6987.976074, 4835.437012)
    POTN=5.644883E+03
    PHIC=7.493485E-04
    GRAD=6.059768E-02
    NuBT=1
    CPU =0.000080

ITER: 244
    HPWL=11820.292969
    OVFL=0.467114
    HPWL=(6982.145508, 4838.147461)
    POTN=5.584372E+03
    PHIC=7.868159E-04
    GRAD=6.144620E-02
    NuBT=2
    CPU =0.000118

ITER: 245
    HPWL=11825.722656
    OVFL=0.465412
    HPWL=(6986.219238, 4839.503906)
    POTN=5.489943E+03
    PHIC=8.261561E-04
    GRAD=6.159825E-02
    NuBT=1
    CPU =0.000082

ITER: 246
    HPWL=11825.582031
    OVFL=0.464558
    HPWL=(6981.040527, 4844.541992)
    POTN=5.431191E+03
    PHIC=8.674638E-04
    GRAD=6.185161E-02
    NuBT=2
    CPU =0.000117

ITER: 247
    HPWL=11838.152344
    OVFL=0.462321
    HPWL=(6989.038574, 4849.114258)
    POTN=5.347319E+03
    PHIC=9.108353E-04
    GRAD=6.189741E-02
    NuBT=1
    CPU =0.000080

ITER: 248
    HPWL=11839.775391
    OVFL=0.460255
    HPWL=(6983.758789, 4856.017090)
    POTN=5.275932E+03
    PHIC=9.563768E-04
    GRAD=6.229345E-02
    NuBT=1
    CPU =0.000080

ITER: 249
    HPWL=11850.089844
    OVFL=0.456955
    HPWL=(6988.382324, 4861.707520)
    POTN=5.154969E+03
    PHIC=1.004194E-03
    GRAD=6.270065E-02
    NuBT=1
    CPU =0.000092

ITER: 250
    HPWL=11849.203125
    OVFL=0.454778
    HPWL=(6982.487305, 4866.715332)
    POTN=5.033624E+03
    PHIC=1.054404E-03
    GRAD=6.340244E-02
    NuBT=1
    CPU =0.000080

ITER: 251
    HPWL=11859.521484
    OVFL=0.453379
    HPWL=(6990.445312, 4869.076172)
    POTN=4.920293E+03
    PHIC=1.107122E-03
    GRAD=6.383702E-02
    NuBT=1
    CPU =0.000078

ITER: 252
    HPWL=11863.764648
    OVFL=0.452069
    HPWL=(6990.410156, 4873.354492)
    POTN=4.809403E+03
    PHIC=1.162478E-03
    GRAD=6.393036E-02
    NuBT=2
    CPU =0.000120

ITER: 253
    HPWL=11876.072266
    OVFL=0.448739
    HPWL=(7002.168945, 4873.902832)
    POTN=4.659610E+03
    PHIC=1.220600E-03
    GRAD=6.406623E-02
    NuBT=1
    CPU =0.000079

ITER: 254
    HPWL=11882.353516
    OVFL=0.442020
    HPWL=(7008.024414, 4874.329102)
    POTN=4.442435E+03
    PHIC=1.281628E-03
    GRAD=6.472884E-02
    NuBT=1
    CPU =0.000080

ITER: 255
    HPWL=11910.539062
    OVFL=0.432658
    HPWL=(7033.129395, 4877.409180)
    POTN=4.164272E+03
    PHIC=1.345704E-03
    GRAD=6.658185E-02
    NuBT=2
    CPU =0.000118

ITER: 256
    HPWL=11923.571289
    OVFL=0.423066
    HPWL=(7049.370117, 4874.201172)
    POTN=3.900444E+03
    PHIC=1.412987E-03
    GRAD=6.920885E-02
    NuBT=2
    CPU =0.000117

ITER: 257
    HPWL=11946.222656
    OVFL=0.414816
    HPWL=(7074.212402, 4872.010742)
    POTN=3.650094E+03
    PHIC=1.483631E-03
    GRAD=7.212392E-02
    NuBT=2
    CPU =0.000116

ITER: 258
    HPWL=11953.765625
    OVFL=0.408522
    HPWL=(7086.127930, 4867.637695)
    POTN=3.465835E+03
    PHIC=1.557811E-03
    GRAD=7.456466E-02
    NuBT=1
    CPU =0.000078

ITER: 259
    HPWL=11971.024414
    OVFL=0.408298
    HPWL=(7103.168945, 4867.855469)
    POTN=3.241398E+03
    PHIC=1.635698E-03
    GRAD=7.638391E-02
    NuBT=2
    CPU =0.000129

ITER: 260
    HPWL=11970.089844
    OVFL=0.407786
    HPWL=(7104.723633, 4865.366211)
    POTN=3.089563E+03
    PHIC=1.717483E-03
    GRAD=7.589811E-02
    NuBT=1
    CPU =0.000080

ITER: 261
    HPWL=11977.007812
    OVFL=0.403016
    HPWL=(7113.790527, 4863.216797)
    POTN=2.865753E+03
    PHIC=1.803355E-03
    GRAD=7.560013E-02
    NuBT=1
    CPU =0.000080

ITER: 262
    HPWL=11962.980469
    OVFL=0.402759
    HPWL=(7098.924316, 4864.056641)
    POTN=2.684550E+03
    PHIC=1.893523E-03
    GRAD=7.670701E-02
    NuBT=1
    CPU =0.000078

ITER: 263
    HPWL=11967.169922
    OVFL=0.400073
    HPWL=(7106.629883, 4860.540039)
    POTN=2.467485E+03
    PHIC=1.988198E-03
    GRAD=7.625603E-02
    NuBT=1
    CPU =0.000080

ITER: 264
    HPWL=11961.905273
    OVFL=0.392816
    HPWL=(7103.634766, 4858.270508)
    POTN=2.332497E+03
    PHIC=2.087608E-03
    GRAD=7.651130E-02
    NuBT=2
    CPU =0.000115

ITER: 265
    HPWL=11968.583984
    OVFL=0.384385
    HPWL=(7116.877930, 4851.706543)
    POTN=2.172935E+03
    PHIC=2.191986E-03
    GRAD=7.854649E-02
    NuBT=1
    CPU =0.000081

ITER: 266
    HPWL=11969.007812
    OVFL=0.378640
    HPWL=(7117.273438, 4851.734863)
    POTN=2.071231E+03
    PHIC=2.301585E-03
    GRAD=8.092920E-02
    NuBT=2
    CPU =0.000115

ITER: 267
    HPWL=11997.426758
    OVFL=0.374729
    HPWL=(7141.272461, 4856.154297)
    POTN=1.970851E+03
    PHIC=2.416654E-03
    GRAD=8.241662E-02
    NuBT=2
    CPU =0.000122

ITER: 268
    HPWL=11991.667969
    OVFL=0.371401
    HPWL=(7133.033203, 4858.634277)
    POTN=1.916497E+03
    PHIC=2.537487E-03
    GRAD=8.312691E-02
    NuBT=2
    CPU =0.000118

ITER: 269
    HPWL=11998.265625
    OVFL=0.371806
    HPWL=(7136.176758, 4862.089355)
    POTN=1.872787E+03
    PHIC=2.664359E-03
    GRAD=8.359370E-02
    NuBT=1
    CPU =0.000091

ITER: 270
    HPWL=12004.188477
    OVFL=0.372201
    HPWL=(7134.718750, 4869.469727)
    POTN=1.870661E+03
    PHIC=2.797574E-03
    GRAD=8.254807E-02
    NuBT=2
    CPU =0.000117

ITER: 271
    HPWL=11992.507812
    OVFL=0.373680
    HPWL=(7125.498535, 4867.009766)
    POTN=1.849064E+03
    PHIC=2.937453E-03
    GRAD=8.149975E-02
    NuBT=1
    CPU =0.000080

ITER: 272
    HPWL=11988.069336
    OVFL=0.373434
    HPWL=(7116.117188, 4871.952148)
    POTN=1.822031E+03
    PHIC=3.084325E-03
    GRAD=8.003999E-02
    NuBT=1
    CPU =0.000082

ITER: 273
    HPWL=11993.907227
    OVFL=0.373745
    HPWL=(7116.709473, 4877.197754)
    POTN=1.767830E+03
    PHIC=3.238539E-03
    GRAD=7.918262E-02
    NuBT=1
    CPU =0.000079

ITER: 274
    HPWL=11972.065430
    OVFL=0.368274
    HPWL=(7091.134277, 4880.931152)
    POTN=1.685918E+03
    PHIC=3.400466E-03
    GRAD=7.826269E-02
    NuBT=1
    CPU =0.000080

ITER: 275
    HPWL=11979.265625
    OVFL=0.364559
    HPWL=(7091.838379, 4887.427246)
    POTN=1.560716E+03
    PHIC=3.570485E-03
    GRAD=7.923271E-02
    NuBT=2
    CPU =0.000116

ITER: 276
    HPWL=12004.545898
    OVFL=0.360770
    HPWL=(7099.751465, 4904.794434)
    POTN=1.475917E+03
    PHIC=3.748996E-03
    GRAD=7.969028E-02
    NuBT=2
    CPU =0.000116

ITER: 277
    HPWL=12022.083984
    OVFL=0.356646
    HPWL=(7104.515625, 4917.568848)
    POTN=1.349337E+03
    PHIC=3.936436E-03
    GRAD=7.987664E-02
    NuBT=1
    CPU =0.000080

ITER: 278
    HPWL=12053.201172
    OVFL=0.355775
    HPWL=(7109.652832, 4943.548340)
    POTN=1.273614E+03
    PHIC=4.133239E-03
    GRAD=8.049481E-02
    NuBT=1
    CPU =0.000077

ITER: 279
    HPWL=12068.777344
    OVFL=0.348065
    HPWL=(7111.894531, 4956.882812)
    POTN=1.145859E+03
    PHIC=4.339891E-03
    GRAD=7.947180E-02
    NuBT=1
    CPU =0.000080

ITER: 280
    HPWL=12079.244141
    OVFL=0.340544
    HPWL=(7117.784668, 4961.459961)
    POTN=1.060131E+03
    PHIC=4.556879E-03
    GRAD=8.123764E-02
    NuBT=2
    CPU =0.000129

ITER: 281
    HPWL=12084.572266
    OVFL=0.335507
    HPWL=(7121.255859, 4963.315918)
    POTN=9.603900E+02
    PHIC=4.784719E-03
    GRAD=8.260012E-02
    NuBT=1
    CPU =0.000086

ITER: 282
    HPWL=12068.693359
    OVFL=0.331113
    HPWL=(7119.369141, 4949.323730)
    POTN=9.151794E+02
    PHIC=5.023955E-03
    GRAD=8.327362E-02
    NuBT=1
    CPU =0.000088

ITER: 283
    HPWL=12063.369141
    OVFL=0.332587
    HPWL=(7126.578125, 4936.791504)
    POTN=8.433575E+02
    PHIC=5.275153E-03
    GRAD=8.335108E-02
    NuBT=1
    CPU =0.000079

ITER: 284
    HPWL=12057.898438
    OVFL=0.331964
    HPWL=(7130.407227, 4927.490723)
    POTN=8.083841E+02
    PHIC=5.538910E-03
    GRAD=8.147725E-02
    NuBT=1
    CPU =0.000082

ITER: 285
    HPWL=12065.767578
    OVFL=0.332792
    HPWL=(7143.778320, 4921.989258)
    POTN=7.555665E+02
    PHIC=5.815849E-03
    GRAD=8.007935E-02
    NuBT=1
    CPU =0.000079

ITER: 286
    HPWL=12081.699219
    OVFL=0.326160
    HPWL=(7154.360840, 4927.338867)
    POTN=7.074536E+02
    PHIC=6.106627E-03
    GRAD=7.843498E-02
    NuBT=1
    CPU =0.000080

ITER: 287
    HPWL=12086.773438
    OVFL=0.322767
    HPWL=(7155.115723, 4931.657715)
    POTN=6.570621E+02
    PHIC=6.411954E-03
    GRAD=7.912432E-02
    NuBT=1
    CPU =0.000080

ITER: 288
    HPWL=12095.434570
    OVFL=0.319561
    HPWL=(7154.976562, 4940.458008)
    POTN=6.298735E+02
    PHIC=6.732543E-03
    GRAD=7.892391E-02
    NuBT=2
    CPU =0.000115

ITER: 289
    HPWL=12108.152344
    OVFL=0.317549
    HPWL=(7162.572266, 4945.580078)
    POTN=6.030392E+02
    PHIC=7.069157E-03
    GRAD=7.835712E-02
    NuBT=1
    CPU =0.000080

ITER: 290
    HPWL=12112.032227
    OVFL=0.316543
    HPWL=(7158.580078, 4953.452148)
    POTN=5.932903E+02
    PHIC=7.422610E-03
    GRAD=7.767455E-02
    NuBT=2
    CPU =0.000119

ITER: 291
    HPWL=12116.953125
    OVFL=0.317803
    HPWL=(7158.364258, 4958.588379)
    POTN=5.852329E+02
    PHIC=7.793735E-03
    GRAD=7.636591E-02
    NuBT=1
    CPU =0.000089

ITER: 292
    HPWL=12125.988281
    OVFL=0.315599
    HPWL=(7158.307617, 4967.680664)
    POTN=5.751857E+02
    PHIC=8.183411E-03
    GRAD=7.455011E-02
    NuBT=1
    CPU =0.000082

ITER: 293
    HPWL=12123.623047
    OVFL=0.314647
    HPWL=(7156.724609, 4966.898438)
    POTN=5.623132E+02
    PHIC=8.592581E-03
    GRAD=7.360612E-02
    NuBT=1
    CPU =0.000080

ITER: 294
    HPWL=12139.895508
    OVFL=0.310565
    HPWL=(7161.388672, 4978.506836)
    POTN=5.456476E+02
    PHIC=9.022189E-03
    GRAD=7.251354E-02
    NuBT=1
    CPU =0.000080

ITER: 295
    HPWL=12142.337891
    OVFL=0.307148
    HPWL=(7161.041016, 4981.296387)
    POTN=5.069795E+02
    PHIC=9.473295E-03
    GRAD=7.204726E-02
    NuBT=1
    CPU =0.000078

ITER: 296
    HPWL=12152.787109
    OVFL=0.302886
    HPWL=(7159.915527, 4992.871582)
    POTN=4.822674E+02
    PHIC=9.946944E-03
    GRAD=7.164972E-02
    NuBT=2
    CPU =0.000119

ITER: 297
    HPWL=12171.518555
    OVFL=0.298226
    HPWL=(7170.495117, 5001.023438)
    POTN=4.419247E+02
    PHIC=1.044426E-02
    GRAD=7.107746E-02
    NuBT=1
    CPU =0.000081

ITER: 298
    HPWL=12165.857422
    OVFL=0.297463
    HPWL=(7166.508789, 4999.348145)
    POTN=4.236089E+02
    PHIC=1.096648E-02
    GRAD=7.121415E-02
    NuBT=1
    CPU =0.000080

ITER: 299
    HPWL=12173.550781
    OVFL=0.295244
    HPWL=(7165.755371, 5007.794922)
    POTN=3.954473E+02
    PHIC=1.151479E-02
    GRAD=6.948149E-02
    NuBT=1
    CPU =0.000077

ITER: 300
    HPWL=12185.363281
    OVFL=0.291113
    HPWL=(7172.646973, 5012.715820)
    POTN=3.710162E+02
    PHIC=1.209051E-02
    GRAD=6.849639E-02
    NuBT=1
    CPU =0.000080

ITER: 301
    HPWL=12194.396484
    OVFL=0.287055
    HPWL=(7177.187500, 5017.208496)
    POTN=3.461375E+02
    PHIC=1.269501E-02
    GRAD=6.771679E-02
    NuBT=2
    CPU =0.000115

ITER: 302
    HPWL=12201.109375
    OVFL=0.283049
    HPWL=(7177.041992, 5024.066895)
    POTN=3.331106E+02
    PHIC=1.332975E-02
    GRAD=6.722879E-02
    NuBT=1
    CPU =0.000080

ITER: 303
    HPWL=12213.531250
    OVFL=0.280093
    HPWL=(7180.620117, 5032.911621)
    POTN=3.188689E+02
    PHIC=1.399622E-02
    GRAD=6.643388E-02
    NuBT=1
    CPU =0.000088

ITER: 304
    HPWL=12222.846680
    OVFL=0.276963
    HPWL=(7182.527344, 5040.319336)
    POTN=3.107128E+02
    PHIC=1.469601E-02
    GRAD=6.565373E-02
    NuBT=1
    CPU =0.000080

ITER: 305
    HPWL=12234.324219
    OVFL=0.273032
    HPWL=(7184.723633, 5049.600098)
    POTN=2.980825E+02
    PHIC=1.543078E-02
    GRAD=6.457251E-02
    NuBT=1
    CPU =0.000078

ITER: 306
    HPWL=12243.232422
    OVFL=0.266701
    HPWL=(7185.470215, 5057.762207)
    POTN=2.861506E+02
    PHIC=1.620230E-02
    GRAD=6.398420E-02
    NuBT=1
    CPU =0.000084

ITER: 307
    HPWL=12260.169922
    OVFL=0.260671
    HPWL=(7188.883301, 5071.287109)
    POTN=2.711899E+02
    PHIC=1.701237E-02
    GRAD=6.362183E-02
    NuBT=1
    CPU =0.000082

ITER: 308
    HPWL=12270.736328
    OVFL=0.255065
    HPWL=(7191.924805, 5078.811035)
    POTN=2.610305E+02
    PHIC=1.786296E-02
    GRAD=6.348176E-02
    NuBT=1
    CPU =0.000080

ITER: 309
    HPWL=12282.263672
    OVFL=0.252685
    HPWL=(7198.317383, 5083.946289)
    POTN=2.507798E+02
    PHIC=1.875608E-02
    GRAD=6.288549E-02
    NuBT=1
    CPU =0.000080

ITER: 310
    HPWL=12286.372070
    OVFL=0.249731
    HPWL=(7204.701172, 5081.670898)
    POTN=2.433239E+02
    PHIC=1.969387E-02
    GRAD=6.179394E-02
    NuBT=1
    CPU =0.000078

ITER: 311
    HPWL=12291.779297
    OVFL=0.247283
    HPWL=(7210.673340, 5081.106445)
    POTN=2.319905E+02
    PHIC=2.067855E-02
    GRAD=6.048708E-02
    NuBT=1
    CPU =0.000082

ITER: 312
    HPWL=12303.013672
    OVFL=0.243318
    HPWL=(7212.827637, 5090.186035)
    POTN=2.230887E+02
    PHIC=2.171244E-02
    GRAD=5.935613E-02
    NuBT=1
    CPU =0.000082

ITER: 313
    HPWL=12314.081055
    OVFL=0.241269
    HPWL=(7214.520508, 5099.560547)
    POTN=2.147176E+02
    PHIC=2.279803E-02
    GRAD=5.831698E-02
    NuBT=1
    CPU =0.000078

ITER: 314
    HPWL=12319.324219
    OVFL=0.239787
    HPWL=(7214.724121, 5104.599609)
    POTN=2.106521E+02
    PHIC=2.393791E-02
    GRAD=5.713053E-02
    NuBT=1
    CPU =0.000082

ITER: 315
    HPWL=12341.254883
    OVFL=0.240389
    HPWL=(7225.317871, 5115.937012)
    POTN=2.074749E+02
    PHIC=2.513473E-02
    GRAD=5.571863E-02
    NuBT=2
    CPU =0.000127

ITER: 316
    HPWL=12381.945312
    OVFL=0.232777
    HPWL=(7229.043945, 5152.900879)
    POTN=1.894252E+02
    PHIC=2.639131E-02
    GRAD=5.376412E-02
    NuBT=1
    CPU =0.000081

ITER: 317
    HPWL=12426.675781
    OVFL=0.223301
    HPWL=(7236.083496, 5190.592285)
    POTN=1.650865E+02
    PHIC=2.771069E-02
    GRAD=5.359142E-02
    NuBT=1
    CPU =0.000080

ITER: 318
    HPWL=12444.353516
    OVFL=0.201753
    HPWL=(7246.211914, 5198.141602)
    POTN=1.338601E+02
    PHIC=2.909616E-02
    GRAD=5.343788E-02
    NuBT=1
    CPU =0.000078

ITER: 319
    HPWL=12491.521484
    OVFL=0.191805
    HPWL=(7265.195801, 5226.326172)
    POTN=1.227394E+02
    PHIC=3.055076E-02
    GRAD=5.592946E-02
    NuBT=2
    CPU =0.000116

ITER: 320
    HPWL=12494.076172
    OVFL=0.187860
    HPWL=(7268.526367, 5225.549805)
    POTN=1.138138E+02
    PHIC=3.207828E-02
    GRAD=5.586150E-02
    NuBT=1
    CPU =0.000081

ITER: 321
    HPWL=12502.407227
    OVFL=0.188247
    HPWL=(7288.435059, 5213.972168)
    POTN=1.131057E+02
    PHIC=3.368216E-02
    GRAD=5.495257E-02
    NuBT=2
    CPU =0.000117

ITER: 322
    HPWL=12526.720703
    OVFL=0.187428
    HPWL=(7302.739746, 5223.980469)
    POTN=1.155803E+02
    PHIC=3.536615E-02
    GRAD=5.311825E-02
    NuBT=2
    CPU =0.000119

ITER: 323
    HPWL=12523.536133
    OVFL=0.184752
    HPWL=(7292.963379, 5230.572754)
    POTN=1.116226E+02
    PHIC=3.713445E-02
    GRAD=5.134761E-02
    NuBT=1
    CPU =0.000080

ITER: 324
    HPWL=12533.832031
    OVFL=0.180060
    HPWL=(7297.234863, 5236.597168)
    POTN=1.041348E+02
    PHIC=3.899112E-02
    GRAD=4.976363E-02
    NuBT=1
    CPU =0.000082

ITER: 325
    HPWL=12547.380859
    OVFL=0.179152
    HPWL=(7301.695801, 5245.685547)
    POTN=9.843842E+01
    PHIC=4.094059E-02
    GRAD=4.870023E-02
    NuBT=1
    CPU =0.000088

ITER: 326
    HPWL=12537.192383
    OVFL=0.176356
    HPWL=(7311.160156, 5226.032227)
    POTN=8.966968E+01
    PHIC=4.298762E-02
    GRAD=4.705754E-02
    NuBT=1
    CPU =0.000082

ITER: 327
    HPWL=12538.117188
    OVFL=0.174425
    HPWL=(7318.292480, 5219.824707)
    POTN=8.531786E+01
    PHIC=4.513699E-02
    GRAD=4.569959E-02
    NuBT=2
    CPU =0.000118

ITER: 328
    HPWL=12562.312500
    OVFL=0.173054
    HPWL=(7333.492676, 5228.819824)
    POTN=8.189639E+01
    PHIC=4.739368E-02
    GRAD=4.450886E-02
    NuBT=1
    CPU =0.000081

ITER: 329
    HPWL=12574.644531
    OVFL=0.167724
    HPWL=(7336.439453, 5238.205566)
    POTN=7.534330E+01
    PHIC=4.976328E-02
    GRAD=4.284540E-02
    NuBT=1
    CPU =0.000080

ITER: 330
    HPWL=12599.933594
    OVFL=0.160021
    HPWL=(7350.197266, 5249.736328)
    POTN=7.141111E+01
    PHIC=5.225125E-02
    GRAD=4.215403E-02
    NuBT=1
    CPU =0.000079

ITER: 331
    HPWL=12613.216797
    OVFL=0.155930
    HPWL=(7356.073730, 5257.143066)
    POTN=6.750554E+01
    PHIC=5.486371E-02
    GRAD=4.153235E-02
    NuBT=2
    CPU =0.000115

ITER: 332
    HPWL=12600.666016
    OVFL=0.160804
    HPWL=(7355.604492, 5245.061523)
    POTN=7.067890E+01
    PHIC=5.760690E-02
    GRAD=4.067401E-02
    NuBT=1
    CPU =0.000080

ITER: 333
    HPWL=12613.391602
    OVFL=0.154942
    HPWL=(7357.347168, 5256.044434)
    POTN=6.499978E+01
    PHIC=6.048713E-02
    GRAD=3.846465E-02
    NuBT=2
    CPU =0.000117

ITER: 334
    HPWL=12609.887695
    OVFL=0.153225
    HPWL=(7355.345215, 5254.542480)
    POTN=6.296646E+01
    PHIC=6.351148E-02
    GRAD=3.776824E-02
    NuBT=1
    CPU =0.000080

ITER: 335
    HPWL=12615.853516
    OVFL=0.150567
    HPWL=(7361.665527, 5254.188477)
    POTN=5.755440E+01
    PHIC=6.668700E-02
    GRAD=3.618287E-02
    NuBT=2
    CPU =0.000120

ITER: 336
    HPWL=12631.473633
    OVFL=0.147503
    HPWL=(7369.706055, 5261.767578)
    POTN=5.805687E+01
    PHIC=7.002120E-02
    GRAD=3.557510E-02
    NuBT=1
    CPU =0.000090

ITER: 337
    HPWL=12637.405273
    OVFL=0.144434
    HPWL=(7378.858398, 5258.546875)
    POTN=5.144978E+01
    PHIC=7.352220E-02
    GRAD=3.399913E-02
    NuBT=1
    CPU =0.000078

ITER: 338
    HPWL=12660.622070
    OVFL=0.140258
    HPWL=(7390.220703, 5270.401367)
    POTN=5.211711E+01
    PHIC=7.719805E-02
    GRAD=3.334999E-02
    NuBT=1
    CPU =0.000074

ITER: 339
    HPWL=12668.250000
    OVFL=0.139203
    HPWL=(7393.451172, 5274.799316)
    POTN=4.677502E+01
    PHIC=8.105787E-02
    GRAD=3.195783E-02
    NuBT=1
    CPU =0.000075

ITER: 340
    HPWL=12682.388672
    OVFL=0.133542
    HPWL=(7403.411133, 5278.977539)
    POTN=4.640312E+01
    PHIC=8.511058E-02
    GRAD=3.110381E-02
    NuBT=1
    CPU =0.000075

ITER: 341
    HPWL=12676.094727
    OVFL=0.136827
    HPWL=(7412.175293, 5263.919434)
    POTN=4.329935E+01
    PHIC=8.936611E-02
    GRAD=3.008717E-02
    NuBT=1
    CPU =0.000078

ITER: 342
    HPWL=12715.455078
    OVFL=0.130911
    HPWL=(7427.921387, 5287.534180)
    POTN=4.073639E+01
    PHIC=9.383389E-02
    GRAD=2.903271E-02
    NuBT=1
    CPU =0.000077

ITER: 343
    HPWL=12728.523438
    OVFL=0.128923
    HPWL=(7438.103516, 5290.419922)
    POTN=3.829517E+01
    PHIC=9.852540E-02
    GRAD=2.786983E-02
    NuBT=1
    CPU =0.000075

ITER: 344
    HPWL=12767.010742
    OVFL=0.118444
    HPWL=(7446.661621, 5320.349121)
    POTN=3.434468E+01
    PHIC=1.034511E-01
    GRAD=2.723392E-02
    NuBT=1
    CPU =0.000076

ITER: 345
    HPWL=12772.894531
    OVFL=0.114529
    HPWL=(7443.492188, 5329.401855)
    POTN=3.264407E+01
    PHIC=1.086236E-01
    GRAD=2.653262E-02
    NuBT=2
    CPU =0.000111

ITER: 346
    HPWL=12776.939453
    OVFL=0.113348
    HPWL=(7451.018066, 5325.920898)
    POTN=3.063649E+01
    PHIC=1.140547E-01
    GRAD=2.616358E-02
    NuBT=1
    CPU =0.000075

ITER: 347
    HPWL=12780.873047
    OVFL=0.108147
    HPWL=(7446.789062, 5334.083984)
    POTN=2.879322E+01
    PHIC=1.197573E-01
    GRAD=2.485345E-02
    NuBT=1
    CPU =0.000076

ITER: 348
    HPWL=12810.581055
    OVFL=0.101600
    HPWL=(7461.046387, 5349.534668)
    POTN=2.788243E+01
    PHIC=1.257447E-01
    GRAD=2.450468E-02
    NuBT=2
    CPU =0.000139

ITER: 349
    HPWL=12795.007812
    OVFL=0.093450
    HPWL=(7453.167480, 5341.839844)
    POTN=2.510071E+01
    PHIC=1.320319E-01
    GRAD=2.349519E-02
    NuBT=1
    CPU =0.000084
[INFO] Nesterov: NumIters = 349
[INFO] Nesterov: ScaledHpwl = 12795.007812
[INFO] Nesterov: Overflow = 0.093450
[INFO] Nesterov: Potential = 25.100708
[INFO] Nesterov: xInstScaledHpwl = 12780.833984
[INFO] Nesterov: yInstScaledHpwl = 12795.007812
[INFO] Nesterov: HPWL = 3862.651123
