Thu Sep 03 18:14:57 UTC 2020 - Executing "/openLANE_flow/scripts//padLefMacro.py -s unithd -r 8 -i /openLANE_flow/designs/grid_clb/runs/03-09_18-14//tmp//merged_unpadded.lef -o /openLANE_flow/designs/grid_clb/runs/03-09_18-14//tmp//merged.lef -e {sky130_fd_sc_hd__tap* sky130_fd_sc_hd__decap* sky130_fd_sc_hd__fill*} |& tee >&@stdout"

Thu Sep 03 18:15:03 UTC 2020 - Executing "sed -i -E {s/CLASS PAD.*$/CLASS PAD ;/g} /openLANE_flow/designs/grid_clb/runs/03-09_18-14//tmp//merged.lef"

Thu Sep 03 18:15:03 UTC 2020 - Executing "sed -i -E {s/CLASS PAD.*$/CLASS PAD ;/g} /openLANE_flow/designs/grid_clb/runs/03-09_18-14//tmp//merged_unpadded.lef"

Thu Sep 03 18:15:03 UTC 2020 - Executing "/openLANE_flow/scripts//libtrim.pl /home/aa/Desktop/Afify/openlane/pdks/sky130A/libs.ref/sky130_fd_sc_hd/lib/sky130_fd_sc_hd__tt_025C_1v80.lib /home/aa/Desktop/Afify/openlane/pdks/sky130A/libs.tech/openlane/sky130_fd_sc_hd/no_synth.cells > /openLANE_flow/designs/grid_clb/runs/03-09_18-14//tmp//trimmed.lib"

Thu Sep 03 18:15:03 UTC 2020 - Executing "yosys -c /openLANE_flow/scripts//synth.tcl -l /openLANE_flow/designs/grid_clb/runs/03-09_18-14//logs/synthesis/yosys.log |& tee >&@stdout"

Thu Sep 03 18:15:08 UTC 2020 - Executing "sed -i -e {s/\(set ::env(CURRENT_NETLIST)\).*/\1 \/openLANE_flow\/designs\/grid_clb\/runs\/03-09_18-14\/\/results\/synthesis\/grid_clb.synthesis.v/} /openLANE_flow/designs/grid_clb/runs/03-09_18-14//config.tcl"

Thu Sep 03 18:15:08 UTC 2020 - Executing "sed -i -e {s/\(set ::env(PREV_NETLIST)\).*/\1 0/} /openLANE_flow/designs/grid_clb/runs/03-09_18-14//config.tcl"

Thu Sep 03 18:15:08 UTC 2020 - Executing "sta /openLANE_flow/scripts//sta.tcl |& tee >&@stdout /openLANE_flow/designs/grid_clb/runs/03-09_18-14//logs/synthesis/opensta.log"

Thu Sep 03 18:15:09 UTC 2020 - Executing "openroad -exit /openLANE_flow/scripts//openroad/or_floorplan.tcl |& tee >&@stdout /openLANE_flow/designs/grid_clb/runs/03-09_18-14//logs/floorplan/verilog2def.openroad.log"

Thu Sep 03 18:15:09 UTC 2020 - Executing "openroad -exit /openLANE_flow/scripts//openroad/or_ioplacer.tcl |& tee >&@stdout /openLANE_flow/designs/grid_clb/runs/03-09_18-14//logs/floorplan/ioPlacer.log"

Thu Sep 03 18:15:10 UTC 2020 - Executing "openroad -exit /openLANE_flow/scripts//openroad/or_tapcell.tcl |& tee >&@stdout /openLANE_flow/designs/grid_clb/runs/03-09_18-14//logs/floorplan/tapcell.log"

Thu Sep 03 18:15:10 UTC 2020 - Executing "openroad -exit /openLANE_flow/scripts//openroad/or_replace.tcl |& tee >&@stdout /openLANE_flow/designs/grid_clb/runs/03-09_18-14//logs/placement/replace.log"

Thu Sep 03 18:15:11 UTC 2020 - Executing "opendp -lef /openLANE_flow/designs/grid_clb/runs/03-09_18-14//tmp//merged.lef -def /openLANE_flow/designs/grid_clb/runs/03-09_18-14//tmp/placement/replace.def -output_def /openLANE_flow/designs/grid_clb/runs/03-09_18-14//results/placement/grid_clb.placement.def |& tee >&@stdout /openLANE_flow/designs/grid_clb/runs/03-09_18-14//logs/placement/opendp.log"

Thu Sep 03 18:15:31 UTC 2020 - Executing "openroad -exit /openLANE_flow/scripts//openroad/or_cts.tcl |& tee >&@stdout /openLANE_flow/designs/grid_clb/runs/03-09_18-14//logs/cts/cts.log"

Thu Sep 03 18:16:44 UTC 2020 - Executing "openroad -exit /openLANE_flow/scripts//openroad/or_write_verilog.tcl |& tee >&@stdout /openLANE_flow/designs/grid_clb/runs/03-09_18-14//logs//write_verilog.log"

Thu Sep 03 18:16:45 UTC 2020 - Executing "yosys -c /openLANE_flow/scripts//yosys_rewrite_verilog.tcl -l /openLANE_flow/designs/grid_clb/runs/03-09_18-14//logs/synthesis/yosys_rewrite_verilog.log"

Thu Sep 03 18:16:45 UTC 2020 - Executing "sed -i -e {s/\(set ::env(CURRENT_NETLIST)\).*/\1 \/openLANE_flow\/designs\/grid_clb\/runs\/03-09_18-14\/\/results\/synthesis\/grid_clb.synthesis_cts.v/} /openLANE_flow/designs/grid_clb/runs/03-09_18-14//config.tcl"

Thu Sep 03 18:16:45 UTC 2020 - Executing "sed -i -e {s/\(set ::env(PREV_NETLIST)\).*/\1 \/openLANE_flow\/designs\/grid_clb\/runs\/03-09_18-14\/\/results\/synthesis\/grid_clb.synthesis.v/} /openLANE_flow/designs/grid_clb/runs/03-09_18-14//config.tcl"

Thu Sep 03 18:16:45 UTC 2020 - Executing "openroad -exit /openLANE_flow/scripts//new_pdn.tcl |& tee >&@stdout /openLANE_flow/designs/grid_clb/runs/03-09_18-14//logs/floorplan/pdn.log"

Thu Sep 03 18:16:46 UTC 2020 - Executing "openroad -exit /openLANE_flow/scripts//openroad/or_diodes.tcl |& tee >&@stdout /openLANE_flow/designs/grid_clb/runs/03-09_18-14//logs//placement/diodes.log"

Thu Sep 03 18:16:47 UTC 2020 - Executing "openroad -exit /openLANE_flow/scripts//openroad/or_write_verilog.tcl |& tee >&@stdout /openLANE_flow/designs/grid_clb/runs/03-09_18-14//logs//write_verilog.log"

Thu Sep 03 18:16:47 UTC 2020 - Executing "yosys -c /openLANE_flow/scripts//yosys_rewrite_verilog.tcl -l /openLANE_flow/designs/grid_clb/runs/03-09_18-14//logs/synthesis/yosys_rewrite_verilog.log"

Thu Sep 03 18:16:48 UTC 2020 - Executing "sed -i -e {s/\(set ::env(CURRENT_NETLIST)\).*/\1 \/openLANE_flow\/designs\/grid_clb\/runs\/03-09_18-14\/\/results\/synthesis\/grid_clb.synthesis_diodes.v/} /openLANE_flow/designs/grid_clb/runs/03-09_18-14//config.tcl"

Thu Sep 03 18:16:48 UTC 2020 - Executing "sed -i -e {s/\(set ::env(PREV_NETLIST)\).*/\1 \/openLANE_flow\/designs\/grid_clb\/runs\/03-09_18-14\/\/results\/synthesis\/grid_clb.synthesis_cts.v/} /openLANE_flow/designs/grid_clb/runs/03-09_18-14//config.tcl"

Thu Sep 03 18:16:48 UTC 2020 - Executing "openroad -exit /openLANE_flow/scripts//openroad/or_fill.tcl |& tee >&@stdout /openLANE_flow/designs/grid_clb/runs/03-09_18-14//logs/routing/addspacers.log"

Thu Sep 03 18:16:48 UTC 2020 - Executing "openroad -exit /openLANE_flow/scripts//openroad/or_write_verilog.tcl |& tee >&@stdout /openLANE_flow/designs/grid_clb/runs/03-09_18-14//logs//write_verilog.log"

Thu Sep 03 18:16:49 UTC 2020 - Executing "yosys -c /openLANE_flow/scripts//yosys_rewrite_verilog.tcl -l /openLANE_flow/designs/grid_clb/runs/03-09_18-14//logs/synthesis/yosys_rewrite_verilog.log"

Thu Sep 03 18:16:49 UTC 2020 - Executing "sed -i -e {s/\(set ::env(CURRENT_NETLIST)\).*/\1 \/openLANE_flow\/designs\/grid_clb\/runs\/03-09_18-14\/\/results\/synthesis\/grid_clb.synthesis_preroute.v/} /openLANE_flow/designs/grid_clb/runs/03-09_18-14//config.tcl"

Thu Sep 03 18:16:49 UTC 2020 - Executing "sed -i -e {s/\(set ::env(PREV_NETLIST)\).*/\1 \/openLANE_flow\/designs\/grid_clb\/runs\/03-09_18-14\/\/results\/synthesis\/grid_clb.synthesis_diodes.v/} /openLANE_flow/designs/grid_clb/runs/03-09_18-14//config.tcl"

Thu Sep 03 18:16:49 UTC 2020 - Executing "python3 /openLANE_flow/scripts//write_powered_def.py -d /openLANE_flow/designs/grid_clb/runs/03-09_18-14//tmp/routing/addspacers.def -l /openLANE_flow/designs/grid_clb/runs/03-09_18-14//tmp//merged.lef -v VPWR -g VGND -o /openLANE_flow/designs/grid_clb/runs/03-09_18-14//tmp//routing/grid_clb.powered.def |& tee >&@stdout /openLANE_flow/designs/grid_clb/runs/03-09_18-14//logs//lvs/write_powered_verilog.log"

Thu Sep 03 18:16:50 UTC 2020 - Executing "openroad -exit /openLANE_flow/scripts//openroad/or_write_verilog.tcl |& tee >&@stdout /openLANE_flow/designs/grid_clb/runs/03-09_18-14//logs//write_verilog.log"

Thu Sep 03 18:16:50 UTC 2020 - Executing "yosys -c /openLANE_flow/scripts//yosys_rewrite_verilog.tcl -l /openLANE_flow/designs/grid_clb/runs/03-09_18-14//logs/synthesis/yosys_rewrite_verilog.log"

Thu Sep 03 18:16:51 UTC 2020 - Executing "sed -i -e {s/\(set ::env(CURRENT_NETLIST)\).*/\1 \/openLANE_flow\/designs\/grid_clb\/runs\/03-09_18-14\/\/results\/lvs\/grid_clb.lvs.powered.v/} /openLANE_flow/designs/grid_clb/runs/03-09_18-14//config.tcl"

Thu Sep 03 18:16:51 UTC 2020 - Executing "sed -i -e {s/\(set ::env(PREV_NETLIST)\).*/\1 \/openLANE_flow\/designs\/grid_clb\/runs\/03-09_18-14\/\/results\/synthesis\/grid_clb.synthesis_preroute.v/} /openLANE_flow/designs/grid_clb/runs/03-09_18-14//config.tcl"

Thu Sep 03 18:16:51 UTC 2020 - Executing "openroad -exit /openLANE_flow/scripts//openroad/or_route.tcl |& tee >&@stdout /openLANE_flow/designs/grid_clb/runs/03-09_18-14//logs/routing/fastroute.log"

Thu Sep 03 18:16:57 UTC 2020 - Executing "envsubst < /openLANE_flow/scripts//tritonRoute.param > /openLANE_flow/designs/grid_clb/runs/03-09_18-14//tmp/routing/tritonRoute.param"

Thu Sep 03 18:16:57 UTC 2020 - Executing "TritonRoute14 /openLANE_flow/designs/grid_clb/runs/03-09_18-14//tmp/routing/tritonRoute.param |& tee >&@stdout /openLANE_flow/designs/grid_clb/runs/03-09_18-14//logs/routing/tritonRoute.log"

Thu Sep 03 18:17:25 UTC 2020 - Executing "magic -noconsole -dnull -rcfile /home/aa/Desktop/Afify/openlane/pdks/sky130A/libs.tech/magic/sky130A.magicrc /openLANE_flow/scripts//magic.tcl </dev/null |& tee >&@stdout /openLANE_flow/designs/grid_clb/runs/03-09_18-14//logs/magic/magic.log"

