Thu Aug 20 16:19:56 UTC 2020 - Executing "/openLANE_flow/scripts//padLefMacro.py -s unithd -r 8 -i /openLANE_flow/designs/cby_0__1_/runs/experiment//tmp//merged_unpadded.lef -o /openLANE_flow/designs/cby_0__1_/runs/experiment//tmp//merged.lef -e {sky130_fd_sc_hd__tap* sky130_fd_sc_hd__decap* sky130_fd_sc_hd__fill*} |& tee >&@stdout"

Thu Aug 20 16:20:06 UTC 2020 - Executing "sed -i -E {s/CLASS PAD.*$/CLASS PAD ;/g} /openLANE_flow/designs/cby_0__1_/runs/experiment//tmp//merged.lef"

Thu Aug 20 16:20:06 UTC 2020 - Executing "sed -i -E {s/CLASS PAD.*$/CLASS PAD ;/g} /openLANE_flow/designs/cby_0__1_/runs/experiment//tmp//merged_unpadded.lef"

Thu Aug 20 16:20:06 UTC 2020 - Executing "/openLANE_flow/scripts//libtrim.pl /home/aa/Desktop/Afify/openlane/pdks/sky130A/libs.ref/sky130_fd_sc_hd/lib/sky130_fd_sc_hd__tt_025C_1v80.lib /home/aa/Desktop/Afify/openlane/pdks/sky130A/libs.tech/openlane/sky130_fd_sc_hd/no_synth.cells > /openLANE_flow/designs/cby_0__1_/runs/experiment//tmp//trimmed.lib"

Thu Aug 20 16:20:13 UTC 2020 - Executing "yosys -c /openLANE_flow/scripts//synth.tcl -l /openLANE_flow/designs/cby_0__1_/runs/experiment//logs/synthesis/yosys.log |& tee >&@stdout"

Thu Aug 20 16:20:14 UTC 2020 - Executing "sta /openLANE_flow/scripts//sta.tcl |& tee >&@stdout /openLANE_flow/designs/cby_0__1_/runs/experiment//logs/synthesis/opensta.log"

Thu Aug 20 16:20:21 UTC 2020 - Executing "openroad -exit /openLANE_flow/scripts//openroad/or_floorplan.tcl |& tee >&@stdout /openLANE_flow/designs/cby_0__1_/runs/experiment//logs/floorplan/verilog2def.openroad.log"

Thu Aug 20 16:20:22 UTC 2020 - Executing "openroad -exit /openLANE_flow/scripts//openroad/or_ioplacer.tcl |& tee >&@stdout /openLANE_flow/designs/cby_0__1_/runs/experiment//logs/floorplan/ioPlacer.log"

Thu Aug 20 16:20:22 UTC 2020 - Executing "openroad -exit /openLANE_flow/scripts//openroad/or_tapcell.tcl |& tee >&@stdout /openLANE_flow/designs/cby_0__1_/runs/experiment//logs/floorplan/tapcell.log"

Thu Aug 20 16:21:33 UTC 2020 - Executing "replace < /openLANE_flow/scripts//replace_gp.tcl |& tee >&@stdout /openLANE_flow/designs/cby_0__1_/runs/experiment//logs/placement/replace.log"

Thu Aug 20 16:21:33 UTC 2020 - Executing "cp /openLANE_flow/designs/cby_0__1_/runs/experiment//tmp/placement/replace_place.def /openLANE_flow/designs/cby_0__1_/runs/experiment//tmp/placement/replace.def"

Thu Aug 20 16:21:33 UTC 2020 - Executing "opendp -lef /openLANE_flow/designs/cby_0__1_/runs/experiment//tmp//merged.lef -def /openLANE_flow/designs/cby_0__1_/runs/experiment//tmp/placement/replace.def -output_def /openLANE_flow/designs/cby_0__1_/runs/experiment//results/placement/cby_0__1_.placement.def |& tee >&@stdout /openLANE_flow/designs/cby_0__1_/runs/experiment//logs/placement/opendp.log"

Thu Aug 20 16:21:38 UTC 2020 - Executing "openroad -exit /openLANE_flow/scripts//openroad/or_cts.tcl |& tee >&@stdout /openLANE_flow/designs/cby_0__1_/runs/experiment//logs/cts/cts.log"

Thu Aug 20 16:23:21 UTC 2020 - Executing "openroad -exit /openLANE_flow/scripts//new_pdn.tcl |& tee >&@stdout /openLANE_flow/designs/cby_0__1_/runs/experiment//logs/floorplan/pdn.log"

Thu Aug 20 16:23:30 UTC 2020 - Executing "openroad -exit /openLANE_flow/scripts//openroad/or_diodes.tcl |& tee >&@stdout /openLANE_flow/designs/cby_0__1_/runs/experiment//logs//placement/diodes.log"

Thu Aug 20 16:23:31 UTC 2020 - Executing "openroad -exit /openLANE_flow/scripts//openroad/or_fill.tcl |& tee >&@stdout /openLANE_flow/designs/cby_0__1_/runs/experiment//logs/routing/addspacers.log"

Thu Aug 20 16:23:32 UTC 2020 - Executing "openroad -exit /openLANE_flow/scripts//openroad/or_write_verilog.tcl |& tee >&@stdout /openLANE_flow/designs/cby_0__1_/runs/experiment//logs//write_verilog.log"

Thu Aug 20 16:23:32 UTC 2020 - Executing "openroad -exit /openLANE_flow/scripts//openroad/or_route.tcl |& tee >&@stdout /openLANE_flow/designs/cby_0__1_/runs/experiment//logs/routing/fastroute.log"

Thu Aug 20 16:23:39 UTC 2020 - Executing "envsubst < /openLANE_flow/scripts//tritonRoute.param > /openLANE_flow/designs/cby_0__1_/runs/experiment//tmp/routing/tritonRoute.param"

Thu Aug 20 16:23:39 UTC 2020 - Executing "TritonRoute /openLANE_flow/designs/cby_0__1_/runs/experiment//tmp/routing/tritonRoute.param |& tee >&@stdout /openLANE_flow/designs/cby_0__1_/runs/experiment//logs/routing/tritonRoute.log"

Thu Aug 20 16:24:50 UTC 2020 - Executing "magic -noconsole -dnull -rcfile /openLANE_flow/designs/cby_0__1_/runs/experiment//tmp//tmp.magicrc /openLANE_flow/designs/cby_0__1_/runs/experiment//tmp//magic_spice.tcl </dev/null |& tee >&@stdout /openLANE_flow/designs/cby_0__1_/runs/experiment//logs/magic/magic_spice.log"

Thu Aug 20 16:25:12 UTC 2020 - Executing "vlog2Verilog -v VPWR -g VGND -l /openLANE_flow/designs/cby_0__1_/runs/experiment//tmp//merged.lef /openLANE_flow/designs/cby_0__1_/runs/experiment//results/synthesis/cby_0__1_.synthesis_preroute.v |& tee /openLANE_flow/designs/cby_0__1_/runs/experiment//results/lvs/cby_0__1_.lvs.v"

Thu Aug 20 16:25:12 UTC 2020 - Executing "netgen -batch lvs {/openLANE_flow/designs/cby_0__1_/runs/experiment//results/magic/cby_0__1_.spice cby_0__1_} {/openLANE_flow/designs/cby_0__1_/runs/experiment//results/lvs/cby_0__1_.lvs.v cby_0__1_} /home/aa/Desktop/Afify/openlane/pdks/sky130A/libs.tech/netgen/sky130A_setup.tcl /openLANE_flow/designs/cby_0__1_/runs/experiment//results/lvs/cby_0__1_.lvs.log -json |& tee >&@stdout /openLANE_flow/designs/cby_0__1_/runs/experiment//logs/lvs/lvs.log"

Thu Aug 20 16:25:29 UTC 2020 - Executing "magic -noconsole -dnull -rcfile /openLANE_flow/designs/cby_0__1_/runs/experiment//tmp//magic_antenna.magicrc /openLANE_flow/designs/cby_0__1_/runs/experiment//tmp//magic_antenna.tcl </dev/null |& tee >&@stdout /openLANE_flow/designs/cby_0__1_/runs/experiment//logs/magic/magic_antenna.log"

Thu Aug 20 16:25:41 UTC 2020 - Executing "awk {/Cell:/ {print $2}} /openLANE_flow/designs/cby_0__1_/runs/experiment//logs/magic/magic_antenna.log > /openLANE_flow/designs/cby_0__1_/runs/experiment//reports/magic/magic.antenna_violators.rpt"

Fri Aug 21 00:18:36 UTC 2020 - Executing "yosys -c /openLANE_flow/scripts//synth.tcl -l /openLANE_flow/designs/cby_0__1_/runs/experiment//logs/synthesis/yosys.log |& tee >&@stdout"

Fri Aug 21 00:18:37 UTC 2020 - Executing "sta /openLANE_flow/scripts//sta.tcl |& tee >&@stdout /openLANE_flow/designs/cby_0__1_/runs/experiment//logs/synthesis/opensta.log"

Fri Aug 21 00:18:51 UTC 2020 - Executing "openroad -exit /openLANE_flow/scripts//openroad/or_floorplan.tcl |& tee >&@stdout /openLANE_flow/designs/cby_0__1_/runs/experiment//logs/floorplan/verilog2def.openroad.log"

Fri Aug 21 00:18:51 UTC 2020 - Executing "openroad -exit /openLANE_flow/scripts//openroad/or_ioplacer.tcl |& tee >&@stdout /openLANE_flow/designs/cby_0__1_/runs/experiment//logs/floorplan/ioPlacer.log"

Fri Aug 21 00:18:52 UTC 2020 - Executing "openroad -exit /openLANE_flow/scripts//openroad/or_tapcell.tcl |& tee >&@stdout /openLANE_flow/designs/cby_0__1_/runs/experiment//logs/floorplan/tapcell.log"

Fri Aug 21 00:19:22 UTC 2020 - Executing "replace < /openLANE_flow/scripts//replace_gp.tcl |& tee >&@stdout /openLANE_flow/designs/cby_0__1_/runs/experiment//logs/placement/replace.log"

Fri Aug 21 00:19:23 UTC 2020 - Executing "cp /openLANE_flow/designs/cby_0__1_/runs/experiment//tmp/placement/replace_place.def /openLANE_flow/designs/cby_0__1_/runs/experiment//tmp/placement/replace.def"

Fri Aug 21 00:19:23 UTC 2020 - Executing "opendp -lef /openLANE_flow/designs/cby_0__1_/runs/experiment//tmp//merged.lef -def /openLANE_flow/designs/cby_0__1_/runs/experiment//tmp/placement/replace.def -output_def /openLANE_flow/designs/cby_0__1_/runs/experiment//results/placement/cby_0__1_.placement.def |& tee >&@stdout /openLANE_flow/designs/cby_0__1_/runs/experiment//logs/placement/opendp.log"

Fri Aug 21 00:19:29 UTC 2020 - Executing "openroad -exit /openLANE_flow/scripts//openroad/or_diodes.tcl |& tee >&@stdout /openLANE_flow/designs/cby_0__1_/runs/experiment//logs//placement/diodes.log"

Fri Aug 21 00:19:30 UTC 2020 - Executing "openroad -exit /openLANE_flow/scripts//openroad/or_fill.tcl |& tee >&@stdout /openLANE_flow/designs/cby_0__1_/runs/experiment//logs/routing/addspacers.log"

Fri Aug 21 00:19:30 UTC 2020 - Executing "openroad -exit /openLANE_flow/scripts//openroad/or_write_verilog.tcl |& tee >&@stdout /openLANE_flow/designs/cby_0__1_/runs/experiment//logs//write_verilog.log"

Fri Aug 21 00:19:31 UTC 2020 - Executing "openroad -exit /openLANE_flow/scripts//openroad/or_route.tcl |& tee >&@stdout /openLANE_flow/designs/cby_0__1_/runs/experiment//logs/routing/fastroute.log"

Fri Aug 21 00:19:38 UTC 2020 - Executing "envsubst < /openLANE_flow/scripts//tritonRoute.param > /openLANE_flow/designs/cby_0__1_/runs/experiment//tmp/routing/tritonRoute.param"

Fri Aug 21 00:19:38 UTC 2020 - Executing "TritonRoute /openLANE_flow/designs/cby_0__1_/runs/experiment//tmp/routing/tritonRoute.param |& tee >&@stdout /openLANE_flow/designs/cby_0__1_/runs/experiment//logs/routing/tritonRoute.log"

