===========================================================================
   Open Source Mixed-Height Standard Cell Detail Placer < OpenDP_v1.0 >    
   Developers : SangGi Do, Mingyu Woo                                      
===========================================================================
WARNING (LEFPARS-2036): SOURCE statement is obsolete in version 5.6 and later.
The LEF parser will ignore this statement.
To avoid this warning in the future, remove this statement from the LEF file with version 5.6 or later. See file /openLANE_flow/designs/fpga_3x3/runs/25-08_14-14//tmp//merged.lef at line 776.

WARNING (LEFPARS-2036): SOURCE statement is obsolete in version 5.6 and later.
The LEF parser will ignore this statement.
To avoid this warning in the future, remove this statement from the LEF file with version 5.6 or later. See file /openLANE_flow/designs/fpga_3x3/runs/25-08_14-14//tmp//merged.lef at line 903.

WARNING (LEFPARS-2036): SOURCE statement is obsolete in version 5.6 and later.
The LEF parser will ignore this statement.
To avoid this warning in the future, remove this statement from the LEF file with version 5.6 or later. See file /openLANE_flow/designs/fpga_3x3/runs/25-08_14-14//tmp//merged.lef at line 1034.

WARNING (LEFPARS-2036): SOURCE statement is obsolete in version 5.6 and later.
The LEF parser will ignore this statement.
To avoid this warning in the future, remove this statement from the LEF file with version 5.6 or later. See file /openLANE_flow/designs/fpga_3x3/runs/25-08_14-14//tmp//merged.lef at line 1204.

WARNING (LEFPARS-2036): SOURCE statement is obsolete in version 5.6 and later.
The LEF parser will ignore this statement.
To avoid this warning in the future, remove this statement from the LEF file with version 5.6 or later. See file /openLANE_flow/designs/fpga_3x3/runs/25-08_14-14//tmp//merged.lef at line 1322.

WARNING (LEFPARS-2036): SOURCE statement is obsolete in version 5.6 and later.
The LEF parser will ignore this statement.
To avoid this warning in the future, remove this statement from the LEF file with version 5.6 or later. See file /openLANE_flow/designs/fpga_3x3/runs/25-08_14-14//tmp//merged.lef at line 1442.

WARNING (LEFPARS-2036): SOURCE statement is obsolete in version 5.6 and later.
The LEF parser will ignore this statement.
To avoid this warning in the future, remove this statement from the LEF file with version 5.6 or later. See file /openLANE_flow/designs/fpga_3x3/runs/25-08_14-14//tmp//merged.lef at line 1589.

WARNING (LEFPARS-2036): SOURCE statement is obsolete in version 5.6 and later.
The LEF parser will ignore this statement.
To avoid this warning in the future, remove this statement from the LEF file with version 5.6 or later. See file /openLANE_flow/designs/fpga_3x3/runs/25-08_14-14//tmp//merged.lef at line 1777.

WARNING (LEFPARS-2036): SOURCE statement is obsolete in version 5.6 and later.
The LEF parser will ignore this statement.
To avoid this warning in the future, remove this statement from the LEF file with version 5.6 or later. See file /openLANE_flow/designs/fpga_3x3/runs/25-08_14-14//tmp//merged.lef at line 1886.

WARNING (LEFPARS-2036): SOURCE statement is obsolete in version 5.6 and later.
The LEF parser will ignore this statement.
To avoid this warning in the future, remove this statement from the LEF file with version 5.6 or later. See file /openLANE_flow/designs/fpga_3x3/runs/25-08_14-14//tmp//merged.lef at line 1999.

WARNING (LEFPARS-2036): SOURCE statement is obsolete in version 5.6 and later.
The LEF parser will ignore this statement.
To avoid this warning in the future, remove this statement from the LEF file with version 5.6 or later. See file /openLANE_flow/designs/fpga_3x3/runs/25-08_14-14//tmp//merged.lef at line 2148.

WARNING (LEFPARS-2036): SOURCE statement is obsolete in version 5.6 and later.
The LEF parser will ignore this statement.
To avoid this warning in the future, remove this statement from the LEF file with version 5.6 or later. See file /openLANE_flow/designs/fpga_3x3/runs/25-08_14-14//tmp//merged.lef at line 2253.

WARNING (LEFPARS-2036): SOURCE statement is obsolete in version 5.6 and later.
The LEF parser will ignore this statement.
To avoid this warning in the future, remove this statement from the LEF file with version 5.6 or later. See file /openLANE_flow/designs/fpga_3x3/runs/25-08_14-14//tmp//merged.lef at line 2380.

WARNING (LEFPARS-2036): SOURCE statement is obsolete in version 5.6 and later.
The LEF parser will ignore this statement.
To avoid this warning in the future, remove this statement from the LEF file with version 5.6 or later. See file /openLANE_flow/designs/fpga_3x3/runs/25-08_14-14//tmp//merged.lef at line 2547.

WARNING (LEFPARS-2036): SOURCE statement is obsolete in version 5.6 and later.
The LEF parser will ignore this statement.
To avoid this warning in the future, remove this statement from the LEF file with version 5.6 or later. See file /openLANE_flow/designs/fpga_3x3/runs/25-08_14-14//tmp//merged.lef at line 2653.

WARNING (LEFPARS-2036): SOURCE statement is obsolete in version 5.6 and later.
The LEF parser will ignore this statement.
To avoid this warning in the future, remove this statement from the LEF file with version 5.6 or later. See file /openLANE_flow/designs/fpga_3x3/runs/25-08_14-14//tmp//merged.lef at line 2770.

WARNING (LEFPARS-2036): SOURCE statement is obsolete in version 5.6 and later.
The LEF parser will ignore this statement.
To avoid this warning in the future, remove this statement from the LEF file with version 5.6 or later. See file /openLANE_flow/designs/fpga_3x3/runs/25-08_14-14//tmp//merged.lef at line 2908.

WARNING (LEFPARS-2036): SOURCE statement is obsolete in version 5.6 and later.
The LEF parser will ignore this statement.
To avoid this warning in the future, remove this statement from the LEF file with version 5.6 or later. See file /openLANE_flow/designs/fpga_3x3/runs/25-08_14-14//tmp//merged.lef at line 3005.

WARNING (LEFPARS-2036): SOURCE statement is obsolete in version 5.6 and later.
The LEF parser will ignore this statement.
To avoid this warning in the future, remove this statement from the LEF file with version 5.6 or later. See file /openLANE_flow/designs/fpga_3x3/runs/25-08_14-14//tmp//merged.lef at line 3105.

WARNING (LEFPARS-2036): SOURCE statement is obsolete in version 5.6 and later.
The LEF parser will ignore this statement.
To avoid this warning in the future, remove this statement from the LEF file with version 5.6 or later. See file /openLANE_flow/designs/fpga_3x3/runs/25-08_14-14//tmp//merged.lef at line 3219.

WARNING (LEFPARS-2036): SOURCE statement is obsolete in version 5.6 and later.
The LEF parser will ignore this statement.
To avoid this warning in the future, remove this statement from the LEF file with version 5.6 or later. See file /openLANE_flow/designs/fpga_3x3/runs/25-08_14-14//tmp//merged.lef at line 3361.

WARNING (LEFPARS-2036): SOURCE statement is obsolete in version 5.6 and later.
The LEF parser will ignore this statement.
To avoid this warning in the future, remove this statement from the LEF file with version 5.6 or later. See file /openLANE_flow/designs/fpga_3x3/runs/25-08_14-14//tmp//merged.lef at line 3458.

WARNING (LEFPARS-2036): SOURCE statement is obsolete in version 5.6 and later.
The LEF parser will ignore this statement.
To avoid this warning in the future, remove this statement from the LEF file with version 5.6 or later. See file /openLANE_flow/designs/fpga_3x3/runs/25-08_14-14//tmp//merged.lef at line 3561.

WARNING (LEFPARS-2036): SOURCE statement is obsolete in version 5.6 and later.
The LEF parser will ignore this statement.
To avoid this warning in the future, remove this statement from the LEF file with version 5.6 or later. See file /openLANE_flow/designs/fpga_3x3/runs/25-08_14-14//tmp//merged.lef at line 3691.

WARNING (LEFPARS-2036): SOURCE statement is obsolete in version 5.6 and later.
The LEF parser will ignore this statement.
To avoid this warning in the future, remove this statement from the LEF file with version 5.6 or later. See file /openLANE_flow/designs/fpga_3x3/runs/25-08_14-14//tmp//merged.lef at line 3783.

WARNING (LEFPARS-2036): SOURCE statement is obsolete in version 5.6 and later.
The LEF parser will ignore this statement.
To avoid this warning in the future, remove this statement from the LEF file with version 5.6 or later. See file /openLANE_flow/designs/fpga_3x3/runs/25-08_14-14//tmp//merged.lef at line 3887.

WARNING (LEFPARS-2036): SOURCE statement is obsolete in version 5.6 and later.
The LEF parser will ignore this statement.
To avoid this warning in the future, remove this statement from the LEF file with version 5.6 or later. See file /openLANE_flow/designs/fpga_3x3/runs/25-08_14-14//tmp//merged.lef at line 4018.

WARNING (LEFPARS-2036): SOURCE statement is obsolete in version 5.6 and later.
The LEF parser will ignore this statement.
To avoid this warning in the future, remove this statement from the LEF file with version 5.6 or later. See file /openLANE_flow/designs/fpga_3x3/runs/25-08_14-14//tmp//merged.lef at line 4148.

WARNING (LEFPARS-2036): SOURCE statement is obsolete in version 5.6 and later.
The LEF parser will ignore this statement.
To avoid this warning in the future, remove this statement from the LEF file with version 5.6 or later. See file /openLANE_flow/designs/fpga_3x3/runs/25-08_14-14//tmp//merged.lef at line 4282.

WARNING (LEFPARS-2036): SOURCE statement is obsolete in version 5.6 and later.
The LEF parser will ignore this statement.
To avoid this warning in the future, remove this statement from the LEF file with version 5.6 or later. See file /openLANE_flow/designs/fpga_3x3/runs/25-08_14-14//tmp//merged.lef at line 4467.

Parsed 10000 number of lines!!
Parsed 20000 number of lines!!
Parsed 30000 number of lines!!
Parsed 40000 number of lines!!
Parsed 50000 number of lines!!
Parsed 60000 number of lines!!
Reading /openLANE_flow/designs/fpga_3x3/runs/25-08_14-14//tmp//merged.lef is Done

-------------------- INPUT FILES ----------------------------------
 benchmark name    : placement
 directory         : /openLANE_flow/designs/fpga_3x3/runs/25-08_14-14//tmp
 lef               : /openLANE_flow/designs/fpga_3x3/runs/25-08_14-14//tmp//merged.lef
 def               : /openLANE_flow/designs/fpga_3x3/runs/25-08_14-14//tmp/placement/replace.def
-------------------------------------------------------------------
Parsed 10000 number of lines!!
Parsed 20000 number of lines!!
CoreArea: 
5520.000000 : 10880.000000 - 548780.000000 : 552160.000000
DieArea: 
0.000000 : 0.000000 - 543260.000000 : 541280.000000
Reading /openLANE_flow/designs/fpga_3x3/runs/25-08_14-14//tmp/placement/replace.def is Done
-------------------- DESIGN ANALYSIS ------------------------------
  total cells              : 8021
  multi cells              : 0
  fixed cells              : 4215
  total nets               : 7810
  design area              : 2.94056e+11
  total f_area             : 6.26976e+09
  total m_area             : 1.47624e+11
  design util              : 51.2965
  num rows                 : 199
  row height               : 2720
-------------------------------------------------------------------
 non_group_cell_region_assign done ..
 - - - - - - - - - - - - - - - - - - - - - - - - 
 non_group_cell_placement done .. 
 - - - - - - - - - - - - - - - - - - - - - - - - 
Reading /openLANE_flow/designs/fpga_3x3/runs/25-08_14-14//tmp/placement/replace.def is Done
 DEF file write success !! 
 location : /openLANE_flow/designs/fpga_3x3/runs/25-08_14-14//results/placement/fpga_3x3.placement.def
-------------------------------------------------------------------
 tasks                          Wtime      Ctime
 Parser                         0.278      0.270
 resgin assign                  0.278      0.270
 pre-placement                  0.278      0.270
 non Group cell placement      52.487     52.470
 All                           52.487     52.470
 - - - - - EVALUATION - - - - - 
 AVG_displacement : 12200.8
 SUM_displacement : 9.7863e+07
 MAX_displacement : 920042
 - - - - - - - - - - - - - - - - 
