RePlAce Version: 1.0.0

** WARNING: Your Detail Placement Step must be skipped.
              (i.e. this program will be executed as -onlyGP)
     If you want to have DP after GP, please specify -dpflag and -dploc.

[INFO] TargetDensity = 0.950000
[INFO] ExperimentIndex = 0
[INFO] DirectoryPath = /openLANE_flow/designs/sb_0__3_/runs/30-08_15-41//tmp/placement/replace/etc/sb_0__3_.floorplan/experiment000
[PROC] Begin LefParsing ...
[LEF] Parsed 500 number of lines!!
WARNING (LEFPARS-2036): SOURCE statement is obsolete in version 5.6 and later.
The LEF parser will ignore this statement.
To avoid this warning in the future, remove this statement from the LEF file with version 5.6 or later. See file /openLANE_flow/designs/sb_0__3_/runs/30-08_15-41//tmp//merged.lef at line 776.

WARNING (LEFPARS-2036): SOURCE statement is obsolete in version 5.6 and later.
The LEF parser will ignore this statement.
To avoid this warning in the future, remove this statement from the LEF file with version 5.6 or later. See file /openLANE_flow/designs/sb_0__3_/runs/30-08_15-41//tmp//merged.lef at line 903.

[LEF] Parsed 1000 number of lines!!
WARNING (LEFPARS-2036): SOURCE statement is obsolete in version 5.6 and later.
The LEF parser will ignore this statement.
To avoid this warning in the future, remove this statement from the LEF file with version 5.6 or later. See file /openLANE_flow/designs/sb_0__3_/runs/30-08_15-41//tmp//merged.lef at line 1034.

WARNING (LEFPARS-2036): SOURCE statement is obsolete in version 5.6 and later.
The LEF parser will ignore this statement.
To avoid this warning in the future, remove this statement from the LEF file with version 5.6 or later. See file /openLANE_flow/designs/sb_0__3_/runs/30-08_15-41//tmp//merged.lef at line 1204.

WARNING (LEFPARS-2036): SOURCE statement is obsolete in version 5.6 and later.
The LEF parser will ignore this statement.
To avoid this warning in the future, remove this statement from the LEF file with version 5.6 or later. See file /openLANE_flow/designs/sb_0__3_/runs/30-08_15-41//tmp//merged.lef at line 1322.

WARNING (LEFPARS-2036): SOURCE statement is obsolete in version 5.6 and later.
The LEF parser will ignore this statement.
To avoid this warning in the future, remove this statement from the LEF file with version 5.6 or later. See file /openLANE_flow/designs/sb_0__3_/runs/30-08_15-41//tmp//merged.lef at line 1442.

[LEF] Parsed 1500 number of lines!!
WARNING (LEFPARS-2036): SOURCE statement is obsolete in version 5.6 and later.
The LEF parser will ignore this statement.
To avoid this warning in the future, remove this statement from the LEF file with version 5.6 or later. See file /openLANE_flow/designs/sb_0__3_/runs/30-08_15-41//tmp//merged.lef at line 1589.

WARNING (LEFPARS-2036): SOURCE statement is obsolete in version 5.6 and later.
The LEF parser will ignore this statement.
To avoid this warning in the future, remove this statement from the LEF file with version 5.6 or later. See file /openLANE_flow/designs/sb_0__3_/runs/30-08_15-41//tmp//merged.lef at line 1777.

WARNING (LEFPARS-2036): SOURCE statement is obsolete in version 5.6 and later.
The LEF parser will ignore this statement.
To avoid this warning in the future, remove this statement from the LEF file with version 5.6 or later. See file /openLANE_flow/designs/sb_0__3_/runs/30-08_15-41//tmp//merged.lef at line 1886.

WARNING (LEFPARS-2036): SOURCE statement is obsolete in version 5.6 and later.
The LEF parser will ignore this statement.
To avoid this warning in the future, remove this statement from the LEF file with version 5.6 or later. See file /openLANE_flow/designs/sb_0__3_/runs/30-08_15-41//tmp//merged.lef at line 1999.

[LEF] Parsed 2000 number of lines!!
WARNING (LEFPARS-2036): SOURCE statement is obsolete in version 5.6 and later.
The LEF parser will ignore this statement.
To avoid this warning in the future, remove this statement from the LEF file with version 5.6 or later. See file /openLANE_flow/designs/sb_0__3_/runs/30-08_15-41//tmp//merged.lef at line 2148.

WARNING (LEFPARS-2036): SOURCE statement is obsolete in version 5.6 and later.
The LEF parser will ignore this statement.
To avoid this warning in the future, remove this statement from the LEF file with version 5.6 or later. See file /openLANE_flow/designs/sb_0__3_/runs/30-08_15-41//tmp//merged.lef at line 2253.

WARNING (LEFPARS-2036): SOURCE statement is obsolete in version 5.6 and later.
The LEF parser will ignore this statement.
To avoid this warning in the future, remove this statement from the LEF file with version 5.6 or later. See file /openLANE_flow/designs/sb_0__3_/runs/30-08_15-41//tmp//merged.lef at line 2380.

[LEF] Parsed 2500 number of lines!!
WARNING (LEFPARS-2036): SOURCE statement is obsolete in version 5.6 and later.
The LEF parser will ignore this statement.
To avoid this warning in the future, remove this statement from the LEF file with version 5.6 or later. See file /openLANE_flow/designs/sb_0__3_/runs/30-08_15-41//tmp//merged.lef at line 2547.

WARNING (LEFPARS-2036): SOURCE statement is obsolete in version 5.6 and later.
The LEF parser will ignore this statement.
To avoid this warning in the future, remove this statement from the LEF file with version 5.6 or later. See file /openLANE_flow/designs/sb_0__3_/runs/30-08_15-41//tmp//merged.lef at line 2653.

WARNING (LEFPARS-2036): SOURCE statement is obsolete in version 5.6 and later.
The LEF parser will ignore this statement.
To avoid this warning in the future, remove this statement from the LEF file with version 5.6 or later. See file /openLANE_flow/designs/sb_0__3_/runs/30-08_15-41//tmp//merged.lef at line 2770.

WARNING (LEFPARS-2036): SOURCE statement is obsolete in version 5.6 and later.
The LEF parser will ignore this statement.
To avoid this warning in the future, remove this statement from the LEF file with version 5.6 or later. See file /openLANE_flow/designs/sb_0__3_/runs/30-08_15-41//tmp//merged.lef at line 2908.

[LEF] Parsed 3000 number of lines!!
WARNING (LEFPARS-2036): SOURCE statement is obsolete in version 5.6 and later.
The LEF parser will ignore this statement.
To avoid this warning in the future, remove this statement from the LEF file with version 5.6 or later. See file /openLANE_flow/designs/sb_0__3_/runs/30-08_15-41//tmp//merged.lef at line 3005.

WARNING (LEFPARS-2036): SOURCE statement is obsolete in version 5.6 and later.
The LEF parser will ignore this statement.
To avoid this warning in the future, remove this statement from the LEF file with version 5.6 or later. See file /openLANE_flow/designs/sb_0__3_/runs/30-08_15-41//tmp//merged.lef at line 3105.

WARNING (LEFPARS-2036): SOURCE statement is obsolete in version 5.6 and later.
The LEF parser will ignore this statement.
To avoid this warning in the future, remove this statement from the LEF file with version 5.6 or later. See file /openLANE_flow/designs/sb_0__3_/runs/30-08_15-41//tmp//merged.lef at line 3219.

WARNING (LEFPARS-2036): SOURCE statement is obsolete in version 5.6 and later.
The LEF parser will ignore this statement.
To avoid this warning in the future, remove this statement from the LEF file with version 5.6 or later. See file /openLANE_flow/designs/sb_0__3_/runs/30-08_15-41//tmp//merged.lef at line 3361.

WARNING (LEFPARS-2036): SOURCE statement is obsolete in version 5.6 and later.
The LEF parser will ignore this statement.
To avoid this warning in the future, remove this statement from the LEF file with version 5.6 or later. See file /openLANE_flow/designs/sb_0__3_/runs/30-08_15-41//tmp//merged.lef at line 3458.

[LEF] Parsed 3500 number of lines!!
WARNING (LEFPARS-2036): SOURCE statement is obsolete in version 5.6 and later.
The LEF parser will ignore this statement.
To avoid this warning in the future, remove this statement from the LEF file with version 5.6 or later. See file /openLANE_flow/designs/sb_0__3_/runs/30-08_15-41//tmp//merged.lef at line 3561.

WARNING (LEFPARS-2036): SOURCE statement is obsolete in version 5.6 and later.
The LEF parser will ignore this statement.
To avoid this warning in the future, remove this statement from the LEF file with version 5.6 or later. See file /openLANE_flow/designs/sb_0__3_/runs/30-08_15-41//tmp//merged.lef at line 3691.

WARNING (LEFPARS-2036): SOURCE statement is obsolete in version 5.6 and later.
The LEF parser will ignore this statement.
To avoid this warning in the future, remove this statement from the LEF file with version 5.6 or later. See file /openLANE_flow/designs/sb_0__3_/runs/30-08_15-41//tmp//merged.lef at line 3783.

WARNING (LEFPARS-2036): SOURCE statement is obsolete in version 5.6 and later.
The LEF parser will ignore this statement.
To avoid this warning in the future, remove this statement from the LEF file with version 5.6 or later. See file /openLANE_flow/designs/sb_0__3_/runs/30-08_15-41//tmp//merged.lef at line 3887.

[LEF] Parsed 4000 number of lines!!
WARNING (LEFPARS-2036): SOURCE statement is obsolete in version 5.6 and later.
The LEF parser will ignore this statement.
To avoid this warning in the future, remove this statement from the LEF file with version 5.6 or later. See file /openLANE_flow/designs/sb_0__3_/runs/30-08_15-41//tmp//merged.lef at line 4018.

WARNING (LEFPARS-2036): SOURCE statement is obsolete in version 5.6 and later.
The LEF parser will ignore this statement.
To avoid this warning in the future, remove this statement from the LEF file with version 5.6 or later. See file /openLANE_flow/designs/sb_0__3_/runs/30-08_15-41//tmp//merged.lef at line 4148.

WARNING (LEFPARS-2036): SOURCE statement is obsolete in version 5.6 and later.
The LEF parser will ignore this statement.
To avoid this warning in the future, remove this statement from the LEF file with version 5.6 or later. See file /openLANE_flow/designs/sb_0__3_/runs/30-08_15-41//tmp//merged.lef at line 4282.

WARNING (LEFPARS-2036): SOURCE statement is obsolete in version 5.6 and later.
The LEF parser will ignore this statement.
To avoid this warning in the future, remove this statement from the LEF file with version 5.6 or later. See file /openLANE_flow/designs/sb_0__3_/runs/30-08_15-41//tmp//merged.lef at line 4467.

[LEF] Parsed 4500 number of lines!!
[LEF] Parsed 5000 number of lines!!
[LEF] Parsed 5500 number of lines!!
[LEF] Parsed 6000 number of lines!!
[LEF] Parsed 6500 number of lines!!
[LEF] Parsed 7000 number of lines!!
[LEF] Parsed 7500 number of lines!!
[LEF] Parsed 8000 number of lines!!
[LEF] Parsed 8500 number of lines!!
[LEF] Parsed 9000 number of lines!!
[LEF] Parsed 9500 number of lines!!
[LEF] Parsed 10000 number of lines!!
[LEF] Parsed 10500 number of lines!!
[LEF] Parsed 11000 number of lines!!
[LEF] Parsed 11500 number of lines!!
[LEF] Parsed 12000 number of lines!!
[LEF] Parsed 12500 number of lines!!
[LEF] Parsed 13000 number of lines!!
[LEF] Parsed 13500 number of lines!!
[LEF] Parsed 14000 number of lines!!
[LEF] Parsed 14500 number of lines!!
[LEF] Parsed 15000 number of lines!!
[LEF] Parsed 15500 number of lines!!
[LEF] Parsed 16000 number of lines!!
[LEF] Parsed 16500 number of lines!!
[LEF] Parsed 17000 number of lines!!
[LEF] Parsed 17500 number of lines!!
[LEF] Parsed 18000 number of lines!!
[LEF] Parsed 18500 number of lines!!
[LEF] Parsed 19000 number of lines!!
[LEF] Parsed 19500 number of lines!!
[LEF] Parsed 20000 number of lines!!
[LEF] Parsed 20500 number of lines!!
[LEF] Parsed 21000 number of lines!!
[LEF] Parsed 21500 number of lines!!
[LEF] Parsed 22000 number of lines!!
[LEF] Parsed 22500 number of lines!!
[LEF] Parsed 23000 number of lines!!
[LEF] Parsed 23500 number of lines!!
[LEF] Parsed 24000 number of lines!!
[LEF] Parsed 24500 number of lines!!
[LEF] Parsed 25000 number of lines!!
[LEF] Parsed 25500 number of lines!!
[LEF] Parsed 26000 number of lines!!
[LEF] Parsed 26500 number of lines!!
[LEF] Parsed 27000 number of lines!!
[LEF] Parsed 27500 number of lines!!
[LEF] Parsed 28000 number of lines!!
[LEF] Parsed 28500 number of lines!!
[LEF] Parsed 29000 number of lines!!
[LEF] Parsed 29500 number of lines!!
[LEF] Parsed 30000 number of lines!!
[LEF] Parsed 30500 number of lines!!
[LEF] Parsed 31000 number of lines!!
[LEF] Parsed 31500 number of lines!!
[LEF] Parsed 32000 number of lines!!
[LEF] Parsed 32500 number of lines!!
[LEF] Parsed 33000 number of lines!!
[LEF] Parsed 33500 number of lines!!
[LEF] Parsed 34000 number of lines!!
[LEF] Parsed 34500 number of lines!!
[LEF] Parsed 35000 number of lines!!
[LEF] Parsed 35500 number of lines!!
[LEF] Parsed 36000 number of lines!!
[LEF] Parsed 36500 number of lines!!
[LEF] Parsed 37000 number of lines!!
[LEF] Parsed 37500 number of lines!!
[LEF] Parsed 38000 number of lines!!
[LEF] Parsed 38500 number of lines!!
[LEF] Parsed 39000 number of lines!!
[LEF] Parsed 39500 number of lines!!
[LEF] Parsed 40000 number of lines!!
[LEF] Parsed 40500 number of lines!!
[LEF] Parsed 41000 number of lines!!
[LEF] Parsed 41500 number of lines!!
[LEF] Parsed 42000 number of lines!!
[LEF] Parsed 42500 number of lines!!
[LEF] Parsed 43000 number of lines!!
[LEF] Parsed 43500 number of lines!!
[LEF] Parsed 44000 number of lines!!
[LEF] Parsed 44500 number of lines!!
[LEF] Parsed 45000 number of lines!!
[LEF] Parsed 45500 number of lines!!
[LEF] Parsed 46000 number of lines!!
[LEF] Parsed 46500 number of lines!!
[LEF] Parsed 47000 number of lines!!
[LEF] Parsed 47500 number of lines!!
[LEF] Parsed 48000 number of lines!!
[LEF] Parsed 48500 number of lines!!
[LEF] Parsed 49000 number of lines!!
[LEF] Parsed 49500 number of lines!!
[LEF] Parsed 50000 number of lines!!
[LEF] Parsed 50500 number of lines!!
[LEF] Parsed 51000 number of lines!!
[LEF] Parsed 51500 number of lines!!
[LEF] Parsed 52000 number of lines!!
[LEF] Parsed 52500 number of lines!!
[LEF] Parsed 53000 number of lines!!
[LEF] Parsed 53500 number of lines!!
[LEF] Parsed 54000 number of lines!!
[LEF] Parsed 54500 number of lines!!
[LEF] Parsed 55000 number of lines!!
[LEF] Parsed 55500 number of lines!!
[LEF] Parsed 56000 number of lines!!
[LEF] Parsed 56500 number of lines!!
[LEF] Parsed 57000 number of lines!!
[LEF] Parsed 57500 number of lines!!
[LEF] Parsed 58000 number of lines!!
[LEF] Parsed 58500 number of lines!!
[LEF] Parsed 59000 number of lines!!
[LEF] Parsed 59500 number of lines!!
[LEF] Parsed 60000 number of lines!!
[LEF] Parsed 60500 number of lines!!
[LEF] Parsed 61000 number of lines!!
[LEF] Parsed 61500 number of lines!!
[LEF] Parsed 62000 number of lines!!
[PROC] End LefParsing
[PROC] Begin DefParsing ...
WARNING (DEFPARS-7011): The NAMESCASESENSITIVE statement is obsolete in version 5.6 and later.
The DEF parser will ignore this statement. See file /openLANE_flow/designs/sb_0__3_/runs/30-08_15-41//results/floorplan/sb_0__3_.floorplan.def at line 2.

[PROC] End DefParsing
[INFO] DefUnit = 1000
[INFO] LefMetal1Name = li1
[INFO] DefSiteName = unithd
[INFO] ScaleDownUnit = 302.222229
[INFO] OffsetCoordi = (2640.000000, 0.000000)
[INFO] RowSize = (1.522059, 9.000000)
[INFO] NumRows = 152
[INFO] MacroCount = 0
[INFO] NumModules = 54
[INFO] NumTerminals = 2595
[INFO] Inserted Dummy Terms = 0
[PROC] Begin Generate Un-fragmented Rows ...
[INFO] CoreAreaLxLy = (27.000000, 36.000000)
[INFO] CoreAreaUxUy = (1402.941162, 1404.000000)
[INFO] RowSize = (1.522059, 9.000000)
[INFO] NumRows = 152
[PROC] End Generate Un-fragmented Rows
[PROC] Begin DEF Net Parsing ...
[INFO] NumNets = 129
[INFO] NumPins = 256
[PROC] End DEF Net Parsing
[PROC] LEF/DEF Parsing Success!
[INFO] AspectRatio = 0.994229
[INFO] RowMinXY = (27.000000, 36.000000)
[INFO] RowMaxXY = (1402.941162, 1404.000000)
[INFO] NumPlaceStdCells = 54
[INFO] NumPlaceMacros = 0
[INFO] RowSize = (1.522059, 9.000000)
[INFO] NumRows = 152
[INFO] GlobalAreaLxLy = (9.496324, 6.617647)
[INFO] GlobalAreaUxUy = (1420.444824, 1441.869507)
[INFO] PlaceAreaLxLy = (27.000000, 36.000000)
[INFO] PlaceAreaUxUy = (1402.941162, 1404.000000)
[INFO] TotalPlaceArea = 1882287.500000
[INFO] TotalFixedArea = 43082.554688
[INFO] TotalWhiteSpaceArea = 1839205.000000
[INFO] TotalPlaceMacrosArea = 0.000000
[INFO] TotalPlaceStdCellsArea = 17999.865234
[INFO] Util(%) = 0.956276
[INFO] 80pCellArea = 335.194550
[INFO] FillerInit: TotalFillerArea = 1729244.875000
[INFO] FillerInit: NumFillerCells = 5159
[INFO] FillerInit: FillerCellArea = 335.194733
[INFO] FillerInit: FillerCellSize = (37.243858, 9.000000)
[INFO] FillerInit: NumCells = 5213
[INFO] FillerInit: NumModules = 54
[INFO] FillerInit: NumFillers = 5159
INFO:  D_MSH = 1024 
INFO:  MSH(X, Y) = (32, 32)
[INFO] TierInit: TierUtil = 0.009563
[INFO] TierInit: NumModules = 54
[INFO] TierInit: PlaceArea = 1882287.500000
[INFO] TierInit: CoreSpacingArea = 0.000000
[INFO] TierInit: TerminalArea = 43082.554688
[INFO] TierInit: ModuleArea = 17999.865234
[INFO] TierInit: FillerArea = 1729244.875000
[INFO] TierInit: NumFillers = 5159
[INFO] TierInit: FillerMinIdx = 54
[INFO] TierInit: FillerMaxIdx = 5213
INFO:  dim_bin_cGP2D.(x,y) = (64, 64)
cell Init 2D:
tier->bin_stp: (21.4991 21.375)
tier->half_bin_stp: (10.7495 10.6875)
PROC:  Start NESTEROV's Optimization
PROC:    Global Lagrangian Multiplier is Applied

ITER: 0
    HPWL=29897.261719
    OVFL=0.866819
    HPWL=(16172.169922, 13725.092773)
    POTN=2.966562E+06
    PHIC=5.939758E-10
    GRAD=2.584233E-02
    NuBT=0
    CPU =0.000000

ITER: 1
    HPWL=29897.066406
    OVFL=0.866818
    HPWL=(16172.065430, 13725.001953)
    POTN=2.966550E+06
    PHIC=6.236745E-10
    GRAD=4.179665E-02
    NuBT=1
    CPU =0.002416

ITER: 2
    HPWL=29896.402344
    OVFL=0.866816
    HPWL=(16171.699219, 13724.702148)
    POTN=2.966510E+06
    PHIC=6.548582E-10
    GRAD=4.179608E-02
    NuBT=1
    CPU =0.001220

ITER: 3
    HPWL=13338.343750
    OVFL=0.679608
    HPWL=(8568.489258, 4769.854980)
    POTN=2.406464E+06
    PHIC=6.876011E-10
    GRAD=1.465346E-02
    NuBT=2
    CPU =0.002287

ITER: 4
    HPWL=10329.421875
    OVFL=0.648459
    HPWL=(6392.139648, 3937.281738)
    POTN=2.389472E+06
    PHIC=7.219811E-10
    GRAD=1.640254E-02
    NuBT=2
    CPU =0.002319

ITER: 5
    HPWL=8956.806641
    OVFL=0.583251
    HPWL=(5321.761719, 3635.044922)
    POTN=2.361326E+06
    PHIC=7.580801E-10
    GRAD=9.898162E-03
    NuBT=3
    CPU =0.003483

ITER: 6
    HPWL=8245.673828
    OVFL=0.607318
    HPWL=(4815.055176, 3430.618408)
    POTN=2.278799E+06
    PHIC=7.959841E-10
    GRAD=9.505252E-03
    NuBT=1
    CPU =0.001316

ITER: 7
    HPWL=8221.588867
    OVFL=0.536484
    HPWL=(4817.520020, 3404.068848)
    POTN=2.239492E+06
    PHIC=8.357832E-10
    GRAD=8.687118E-03
    NuBT=1
    CPU =0.001280

ITER: 8
    HPWL=8040.057617
    OVFL=0.558722
    HPWL=(4700.619141, 3339.438477)
    POTN=2.195882E+06
    PHIC=8.775723E-10
    GRAD=1.182566E-02
    NuBT=2
    CPU =0.002278

ITER: 9
    HPWL=8105.046387
    OVFL=0.541042
    HPWL=(4764.978516, 3340.067871)
    POTN=2.166568E+06
    PHIC=9.214424E-10
    GRAD=1.138182E-02
    NuBT=1
    CPU =0.001219

ITER: 10
    HPWL=7962.759766
    OVFL=0.468154
    HPWL=(4673.484375, 3289.275146)
    POTN=2.133210E+06
    PHIC=9.675145E-10
    GRAD=1.208490E-02
    NuBT=2
    CPU =0.002297

ITER: 11
    HPWL=7744.905273
    OVFL=0.500067
    HPWL=(4527.033203, 3217.872070)
    POTN=2.102476E+06
    PHIC=1.015890E-09
    GRAD=1.627981E-02
    NuBT=2
    CPU =0.002312

ITER: 12
    HPWL=7799.742188
    OVFL=0.472854
    HPWL=(4559.321289, 3240.421143)
    POTN=2.065854E+06
    PHIC=1.066676E-09
    GRAD=1.457227E-02
    NuBT=1
    CPU =0.001260

ITER: 13
    HPWL=7715.345703
    OVFL=0.424263
    HPWL=(4495.390137, 3219.955811)
    POTN=2.040273E+06
    PHIC=1.120010E-09
    GRAD=1.638993E-02
    NuBT=2
    CPU =0.002365

ITER: 14
    HPWL=7592.929199
    OVFL=0.443202
    HPWL=(4403.047852, 3189.881348)
    POTN=2.003608E+06
    PHIC=1.176011E-09
    GRAD=2.010580E-02
    NuBT=2
    CPU =0.002308

ITER: 15
    HPWL=7625.851562
    OVFL=0.394180
    HPWL=(4419.189941, 3206.661377)
    POTN=1.974930E+06
    PHIC=1.234805E-09
    GRAD=1.902184E-02
    NuBT=2
    CPU =0.002320

ITER: 16
    HPWL=7490.930664
    OVFL=0.396907
    HPWL=(4318.742676, 3172.187744)
    POTN=1.940290E+06
    PHIC=1.296546E-09
    GRAD=2.305422E-02
    NuBT=2
    CPU =0.002330

ITER: 17
    HPWL=7518.094727
    OVFL=0.395250
    HPWL=(4332.700684, 3185.393799)
    POTN=1.909943E+06
    PHIC=1.361367E-09
    GRAD=2.349381E-02
    NuBT=1
    CPU =0.001232

ITER: 18
    HPWL=7463.827148
    OVFL=0.358681
    HPWL=(4290.752441, 3173.074463)
    POTN=1.881475E+06
    PHIC=1.429436E-09
    GRAD=2.354629E-02
    NuBT=2
    CPU =0.002322

ITER: 19
    HPWL=7361.395508
    OVFL=0.360068
    HPWL=(4214.752441, 3146.643066)
    POTN=1.856342E+06
    PHIC=1.500908E-09
    GRAD=2.705619E-02
    NuBT=2
    CPU =0.002292

ITER: 20
    HPWL=7336.892578
    OVFL=0.342898
    HPWL=(4193.721191, 3143.171631)
    POTN=1.832452E+06
    PHIC=1.575953E-09
    GRAD=2.723394E-02
    NuBT=2
    CPU =0.002294

ITER: 21
    HPWL=7271.900391
    OVFL=0.316036
    HPWL=(4146.868164, 3125.031982)
    POTN=1.811693E+06
    PHIC=1.654750E-09
    GRAD=2.902204E-02
    NuBT=2
    CPU =0.002276

ITER: 22
    HPWL=7194.702637
    OVFL=0.310084
    HPWL=(4090.956299, 3103.746338)
    POTN=1.788024E+06
    PHIC=1.737488E-09
    GRAD=3.206382E-02
    NuBT=2
    CPU =0.002311

ITER: 23
    HPWL=7146.708008
    OVFL=0.272147
    HPWL=(4057.864502, 3088.843262)
    POTN=1.770126E+06
    PHIC=1.824362E-09
    GRAD=3.297672E-02
    NuBT=2
    CPU =0.002366

ITER: 24
    HPWL=7056.213867
    OVFL=0.284440
    HPWL=(3996.858398, 3059.355469)
    POTN=1.750761E+06
    PHIC=1.915580E-09
    GRAD=3.726298E-02
    NuBT=2
    CPU =0.002307

ITER: 25
    HPWL=7019.096680
    OVFL=0.260603
    HPWL=(3978.223145, 3040.873779)
    POTN=1.738125E+06
    PHIC=2.011359E-09
    GRAD=3.623149E-02
    NuBT=2
    CPU =0.002355

ITER: 26
    HPWL=6959.258301
    OVFL=0.238969
    HPWL=(3942.512451, 3016.745850)
    POTN=1.719934E+06
    PHIC=2.111927E-09
    GRAD=3.888912E-02
    NuBT=2
    CPU =0.002324

ITER: 27
    HPWL=6890.344727
    OVFL=0.246368
    HPWL=(3900.543213, 2989.801270)
    POTN=1.708600E+06
    PHIC=2.217523E-09
    GRAD=4.136348E-02
    NuBT=2
    CPU =0.002418

ITER: 28
    HPWL=6854.826660
    OVFL=0.245517
    HPWL=(3886.776367, 2968.050293)
    POTN=1.694093E+06
    PHIC=2.328399E-09
    GRAD=4.083280E-02
    NuBT=2
    CPU =0.002408

ITER: 29
    HPWL=6815.048828
    OVFL=0.232250
    HPWL=(3865.838867, 2949.210205)
    POTN=1.684170E+06
    PHIC=2.444819E-09
    GRAD=4.096138E-02
    NuBT=2
    CPU =0.002377

ITER: 30
    HPWL=6763.493164
    OVFL=0.238226
    HPWL=(3834.550049, 2928.943359)
    POTN=1.670355E+06
    PHIC=2.567060E-09
    GRAD=4.235179E-02
    NuBT=2
    CPU =0.002333

ITER: 31
    HPWL=6726.133789
    OVFL=0.240277
    HPWL=(3813.154297, 2912.979736)
    POTN=1.661989E+06
    PHIC=2.695413E-09
    GRAD=4.182918E-02
    NuBT=2
    CPU =0.002326

ITER: 32
    HPWL=6704.985352
    OVFL=0.249007
    HPWL=(3802.674805, 2902.310303)
    POTN=1.648819E+06
    PHIC=2.830183E-09
    GRAD=4.181158E-02
    NuBT=1
    CPU =0.001250

ITER: 33
    HPWL=6666.612305
    OVFL=0.222859
    HPWL=(3777.902344, 2888.709717)
    POTN=1.640622E+06
    PHIC=2.971692E-09
    GRAD=4.069394E-02
    NuBT=1
    CPU =0.001213

ITER: 34
    HPWL=6615.348633
    OVFL=0.207353
    HPWL=(3742.291504, 2873.056885)
    POTN=1.627826E+06
    PHIC=3.120276E-09
    GRAD=4.343100E-02
    NuBT=1
    CPU =0.001210

ITER: 35
    HPWL=6550.043945
    OVFL=0.238495
    HPWL=(3698.833740, 2851.209961)
    POTN=1.620073E+06
    PHIC=3.276290E-09
    GRAD=4.476966E-02
    NuBT=2
    CPU =0.002280

ITER: 36
    HPWL=6536.986328
    OVFL=0.232037
    HPWL=(3697.553223, 2839.433350)
    POTN=1.607780E+06
    PHIC=3.440104E-09
    GRAD=4.182399E-02
    NuBT=1
    CPU =0.001213

ITER: 37
    HPWL=6492.641113
    OVFL=0.196063
    HPWL=(3667.096924, 2825.544189)
    POTN=1.599348E+06
    PHIC=3.612110E-09
    GRAD=4.231023E-02
    NuBT=1
    CPU =0.001209

ITER: 38
    HPWL=6425.656738
    OVFL=0.215685
    HPWL=(3620.308350, 2805.348389)
    POTN=1.587359E+06
    PHIC=3.792715E-09
    GRAD=4.553514E-02
    NuBT=2
    CPU =0.002274

ITER: 39
    HPWL=6425.934082
    OVFL=0.210361
    HPWL=(3629.644287, 2796.289795)
    POTN=1.579610E+06
    PHIC=3.982350E-09
    GRAD=4.438340E-02
    NuBT=1
    CPU =0.001219

ITER: 40
    HPWL=6380.785156
    OVFL=0.180572
    HPWL=(3599.915771, 2780.869385)
    POTN=1.567752E+06
    PHIC=4.181467E-09
    GRAD=4.473357E-02
    NuBT=2
    CPU =0.002286

ITER: 41
    HPWL=6316.787109
    OVFL=0.187190
    HPWL=(3557.150879, 2759.635986)
    POTN=1.560062E+06
    PHIC=4.390540E-09
    GRAD=4.695931E-02
    NuBT=2
    CPU =0.002303

ITER: 42
    HPWL=6294.177246
    OVFL=0.192461
    HPWL=(3549.298828, 2744.878418)
    POTN=1.549042E+06
    PHIC=4.610067E-09
    GRAD=4.675140E-02
    NuBT=2
    CPU =0.002333

ITER: 43
    HPWL=6266.241211
    OVFL=0.182445
    HPWL=(3534.363525, 2731.877930)
    POTN=1.542304E+06
    PHIC=4.840570E-09
    GRAD=4.644935E-02
    NuBT=2
    CPU =0.002459

ITER: 44
    HPWL=6234.669922
    OVFL=0.164958
    HPWL=(3515.496094, 2719.173828)
    POTN=1.532048E+06
    PHIC=5.082598E-09
    GRAD=4.742466E-02
    NuBT=1
    CPU =0.001312

ITER: 45
    HPWL=6176.337891
    OVFL=0.170508
    HPWL=(3477.942627, 2698.395508)
    POTN=1.526172E+06
    PHIC=5.336728E-09
    GRAD=4.827961E-02
    NuBT=2
    CPU =0.002340

ITER: 46
    HPWL=6157.448242
    OVFL=0.160299
    HPWL=(3471.499268, 2685.948730)
    POTN=1.517283E+06
    PHIC=5.603564E-09
    GRAD=4.834074E-02
    NuBT=1
    CPU =0.001233

ITER: 47
    HPWL=6110.397461
    OVFL=0.134945
    HPWL=(3442.110840, 2668.286621)
    POTN=1.512496E+06
    PHIC=5.883742E-09
    GRAD=4.879019E-02
    NuBT=2
    CPU =0.002286

ITER: 48
    HPWL=6053.691895
    OVFL=0.146504
    HPWL=(3406.160156, 2647.531738)
    POTN=1.504908E+06
    PHIC=6.177929E-09
    GRAD=4.966709E-02
    NuBT=2
    CPU =0.002299

ITER: 49
    HPWL=6032.028320
    OVFL=0.150994
    HPWL=(3398.294434, 2633.733643)
    POTN=1.501120E+06
    PHIC=6.486825E-09
    GRAD=4.961348E-02
    NuBT=2
    CPU =0.002418

ITER: 50
    HPWL=6012.922852
    OVFL=0.127125
    HPWL=(3389.326660, 2623.596191)
    POTN=1.494380E+06
    PHIC=6.811166E-09
    GRAD=4.983152E-02
    NuBT=1
    CPU =0.001234

ITER: 51
    HPWL=5949.263672
    OVFL=0.129708
    HPWL=(3346.731201, 2602.532227)
    POTN=1.491546E+06
    PHIC=7.151724E-09
    GRAD=5.016682E-02
    NuBT=2
    CPU =0.002284

ITER: 52
    HPWL=5930.035156
    OVFL=0.130618
    HPWL=(3339.350830, 2590.684326)
    POTN=1.485387E+06
    PHIC=7.509310E-09
    GRAD=5.064119E-02
    NuBT=1
    CPU =0.001222

ITER: 53
    HPWL=5908.261719
    OVFL=0.111283
    HPWL=(3328.556152, 2579.705811)
    POTN=1.483277E+06
    PHIC=7.884775E-09
    GRAD=5.106596E-02
    NuBT=1
    CPU =0.001214

ITER: 54
    HPWL=5861.378906
    OVFL=0.113201
    HPWL=(3298.539307, 2562.839844)
    POTN=1.477944E+06
    PHIC=8.279013E-09
    GRAD=5.142638E-02
    NuBT=1
    CPU =0.001213

ITER: 55
    HPWL=5829.211426
    OVFL=0.112268
    HPWL=(3281.239014, 2547.972412)
    POTN=1.475623E+06
    PHIC=8.692964E-09
    GRAD=5.149416E-02
    NuBT=1
    CPU =0.001209

ITER: 56
    HPWL=5786.785645
    OVFL=0.096535
    HPWL=(3255.068604, 2531.717041)
    POTN=1.470245E+06
    PHIC=9.127612E-09
    GRAD=5.119679E-02
    NuBT=1
    CPU =0.001210
[INFO] Nesterov: NumIters = 56
[INFO] Nesterov: ScaledHpwl = 5786.785645
[INFO] Nesterov: Overflow = 0.096535
[INFO] Nesterov: Potential = 1470244.875000
[INFO] Nesterov: xInstScaledHpwl = 5735.532227
[INFO] Nesterov: yInstScaledHpwl = 5786.785645
[INFO] Nesterov: HPWL = 1733.405640
