RePlAce Version: 1.0.0

** WARNING: Your Detail Placement Step must be skipped.
              (i.e. this program will be executed as -onlyGP)
     If you want to have DP after GP, please specify -dpflag and -dploc.

[INFO] TargetDensity = 0.400000
[INFO] ExperimentIndex = 0
[INFO] DirectoryPath = /openLANE_flow/designs/cby_1__1_/runs/17-08_16-29//tmp/placement/replace/etc/cby_1__1_.floorplan/experiment000
[PROC] Begin LefParsing ...
[LEF] Parsed 500 number of lines!!
WARNING (LEFPARS-2036): SOURCE statement is obsolete in version 5.6 and later.
The LEF parser will ignore this statement.
To avoid this warning in the future, remove this statement from the LEF file with version 5.6 or later. See file /openLANE_flow/designs/cby_1__1_/runs/17-08_16-29//tmp//merged.lef at line 776.

WARNING (LEFPARS-2036): SOURCE statement is obsolete in version 5.6 and later.
The LEF parser will ignore this statement.
To avoid this warning in the future, remove this statement from the LEF file with version 5.6 or later. See file /openLANE_flow/designs/cby_1__1_/runs/17-08_16-29//tmp//merged.lef at line 903.

[LEF] Parsed 1000 number of lines!!
WARNING (LEFPARS-2036): SOURCE statement is obsolete in version 5.6 and later.
The LEF parser will ignore this statement.
To avoid this warning in the future, remove this statement from the LEF file with version 5.6 or later. See file /openLANE_flow/designs/cby_1__1_/runs/17-08_16-29//tmp//merged.lef at line 1034.

WARNING (LEFPARS-2036): SOURCE statement is obsolete in version 5.6 and later.
The LEF parser will ignore this statement.
To avoid this warning in the future, remove this statement from the LEF file with version 5.6 or later. See file /openLANE_flow/designs/cby_1__1_/runs/17-08_16-29//tmp//merged.lef at line 1204.

WARNING (LEFPARS-2036): SOURCE statement is obsolete in version 5.6 and later.
The LEF parser will ignore this statement.
To avoid this warning in the future, remove this statement from the LEF file with version 5.6 or later. See file /openLANE_flow/designs/cby_1__1_/runs/17-08_16-29//tmp//merged.lef at line 1322.

WARNING (LEFPARS-2036): SOURCE statement is obsolete in version 5.6 and later.
The LEF parser will ignore this statement.
To avoid this warning in the future, remove this statement from the LEF file with version 5.6 or later. See file /openLANE_flow/designs/cby_1__1_/runs/17-08_16-29//tmp//merged.lef at line 1442.

[LEF] Parsed 1500 number of lines!!
WARNING (LEFPARS-2036): SOURCE statement is obsolete in version 5.6 and later.
The LEF parser will ignore this statement.
To avoid this warning in the future, remove this statement from the LEF file with version 5.6 or later. See file /openLANE_flow/designs/cby_1__1_/runs/17-08_16-29//tmp//merged.lef at line 1589.

WARNING (LEFPARS-2036): SOURCE statement is obsolete in version 5.6 and later.
The LEF parser will ignore this statement.
To avoid this warning in the future, remove this statement from the LEF file with version 5.6 or later. See file /openLANE_flow/designs/cby_1__1_/runs/17-08_16-29//tmp//merged.lef at line 1777.

WARNING (LEFPARS-2036): SOURCE statement is obsolete in version 5.6 and later.
The LEF parser will ignore this statement.
To avoid this warning in the future, remove this statement from the LEF file with version 5.6 or later. See file /openLANE_flow/designs/cby_1__1_/runs/17-08_16-29//tmp//merged.lef at line 1886.

WARNING (LEFPARS-2036): SOURCE statement is obsolete in version 5.6 and later.
The LEF parser will ignore this statement.
To avoid this warning in the future, remove this statement from the LEF file with version 5.6 or later. See file /openLANE_flow/designs/cby_1__1_/runs/17-08_16-29//tmp//merged.lef at line 1999.

[LEF] Parsed 2000 number of lines!!
WARNING (LEFPARS-2036): SOURCE statement is obsolete in version 5.6 and later.
The LEF parser will ignore this statement.
To avoid this warning in the future, remove this statement from the LEF file with version 5.6 or later. See file /openLANE_flow/designs/cby_1__1_/runs/17-08_16-29//tmp//merged.lef at line 2148.

WARNING (LEFPARS-2036): SOURCE statement is obsolete in version 5.6 and later.
The LEF parser will ignore this statement.
To avoid this warning in the future, remove this statement from the LEF file with version 5.6 or later. See file /openLANE_flow/designs/cby_1__1_/runs/17-08_16-29//tmp//merged.lef at line 2253.

WARNING (LEFPARS-2036): SOURCE statement is obsolete in version 5.6 and later.
The LEF parser will ignore this statement.
To avoid this warning in the future, remove this statement from the LEF file with version 5.6 or later. See file /openLANE_flow/designs/cby_1__1_/runs/17-08_16-29//tmp//merged.lef at line 2380.

[LEF] Parsed 2500 number of lines!!
WARNING (LEFPARS-2036): SOURCE statement is obsolete in version 5.6 and later.
The LEF parser will ignore this statement.
To avoid this warning in the future, remove this statement from the LEF file with version 5.6 or later. See file /openLANE_flow/designs/cby_1__1_/runs/17-08_16-29//tmp//merged.lef at line 2547.

WARNING (LEFPARS-2036): SOURCE statement is obsolete in version 5.6 and later.
The LEF parser will ignore this statement.
To avoid this warning in the future, remove this statement from the LEF file with version 5.6 or later. See file /openLANE_flow/designs/cby_1__1_/runs/17-08_16-29//tmp//merged.lef at line 2653.

WARNING (LEFPARS-2036): SOURCE statement is obsolete in version 5.6 and later.
The LEF parser will ignore this statement.
To avoid this warning in the future, remove this statement from the LEF file with version 5.6 or later. See file /openLANE_flow/designs/cby_1__1_/runs/17-08_16-29//tmp//merged.lef at line 2770.

WARNING (LEFPARS-2036): SOURCE statement is obsolete in version 5.6 and later.
The LEF parser will ignore this statement.
To avoid this warning in the future, remove this statement from the LEF file with version 5.6 or later. See file /openLANE_flow/designs/cby_1__1_/runs/17-08_16-29//tmp//merged.lef at line 2908.

[LEF] Parsed 3000 number of lines!!
WARNING (LEFPARS-2036): SOURCE statement is obsolete in version 5.6 and later.
The LEF parser will ignore this statement.
To avoid this warning in the future, remove this statement from the LEF file with version 5.6 or later. See file /openLANE_flow/designs/cby_1__1_/runs/17-08_16-29//tmp//merged.lef at line 3005.

WARNING (LEFPARS-2036): SOURCE statement is obsolete in version 5.6 and later.
The LEF parser will ignore this statement.
To avoid this warning in the future, remove this statement from the LEF file with version 5.6 or later. See file /openLANE_flow/designs/cby_1__1_/runs/17-08_16-29//tmp//merged.lef at line 3105.

WARNING (LEFPARS-2036): SOURCE statement is obsolete in version 5.6 and later.
The LEF parser will ignore this statement.
To avoid this warning in the future, remove this statement from the LEF file with version 5.6 or later. See file /openLANE_flow/designs/cby_1__1_/runs/17-08_16-29//tmp//merged.lef at line 3219.

WARNING (LEFPARS-2036): SOURCE statement is obsolete in version 5.6 and later.
The LEF parser will ignore this statement.
To avoid this warning in the future, remove this statement from the LEF file with version 5.6 or later. See file /openLANE_flow/designs/cby_1__1_/runs/17-08_16-29//tmp//merged.lef at line 3361.

WARNING (LEFPARS-2036): SOURCE statement is obsolete in version 5.6 and later.
The LEF parser will ignore this statement.
To avoid this warning in the future, remove this statement from the LEF file with version 5.6 or later. See file /openLANE_flow/designs/cby_1__1_/runs/17-08_16-29//tmp//merged.lef at line 3458.

[LEF] Parsed 3500 number of lines!!
WARNING (LEFPARS-2036): SOURCE statement is obsolete in version 5.6 and later.
The LEF parser will ignore this statement.
To avoid this warning in the future, remove this statement from the LEF file with version 5.6 or later. See file /openLANE_flow/designs/cby_1__1_/runs/17-08_16-29//tmp//merged.lef at line 3561.

WARNING (LEFPARS-2036): SOURCE statement is obsolete in version 5.6 and later.
The LEF parser will ignore this statement.
To avoid this warning in the future, remove this statement from the LEF file with version 5.6 or later. See file /openLANE_flow/designs/cby_1__1_/runs/17-08_16-29//tmp//merged.lef at line 3691.

WARNING (LEFPARS-2036): SOURCE statement is obsolete in version 5.6 and later.
The LEF parser will ignore this statement.
To avoid this warning in the future, remove this statement from the LEF file with version 5.6 or later. See file /openLANE_flow/designs/cby_1__1_/runs/17-08_16-29//tmp//merged.lef at line 3783.

WARNING (LEFPARS-2036): SOURCE statement is obsolete in version 5.6 and later.
The LEF parser will ignore this statement.
To avoid this warning in the future, remove this statement from the LEF file with version 5.6 or later. See file /openLANE_flow/designs/cby_1__1_/runs/17-08_16-29//tmp//merged.lef at line 3887.

[LEF] Parsed 4000 number of lines!!
WARNING (LEFPARS-2036): SOURCE statement is obsolete in version 5.6 and later.
The LEF parser will ignore this statement.
To avoid this warning in the future, remove this statement from the LEF file with version 5.6 or later. See file /openLANE_flow/designs/cby_1__1_/runs/17-08_16-29//tmp//merged.lef at line 4018.

WARNING (LEFPARS-2036): SOURCE statement is obsolete in version 5.6 and later.
The LEF parser will ignore this statement.
To avoid this warning in the future, remove this statement from the LEF file with version 5.6 or later. See file /openLANE_flow/designs/cby_1__1_/runs/17-08_16-29//tmp//merged.lef at line 4148.

WARNING (LEFPARS-2036): SOURCE statement is obsolete in version 5.6 and later.
The LEF parser will ignore this statement.
To avoid this warning in the future, remove this statement from the LEF file with version 5.6 or later. See file /openLANE_flow/designs/cby_1__1_/runs/17-08_16-29//tmp//merged.lef at line 4282.

WARNING (LEFPARS-2036): SOURCE statement is obsolete in version 5.6 and later.
The LEF parser will ignore this statement.
To avoid this warning in the future, remove this statement from the LEF file with version 5.6 or later. See file /openLANE_flow/designs/cby_1__1_/runs/17-08_16-29//tmp//merged.lef at line 4467.

[LEF] Parsed 4500 number of lines!!
[LEF] Parsed 5000 number of lines!!
[LEF] Parsed 5500 number of lines!!
[LEF] Parsed 6000 number of lines!!
[LEF] Parsed 6500 number of lines!!
[LEF] Parsed 7000 number of lines!!
[LEF] Parsed 7500 number of lines!!
[LEF] Parsed 8000 number of lines!!
[LEF] Parsed 8500 number of lines!!
[LEF] Parsed 9000 number of lines!!
[LEF] Parsed 9500 number of lines!!
[LEF] Parsed 10000 number of lines!!
[LEF] Parsed 10500 number of lines!!
[LEF] Parsed 11000 number of lines!!
[LEF] Parsed 11500 number of lines!!
[LEF] Parsed 12000 number of lines!!
[LEF] Parsed 12500 number of lines!!
[LEF] Parsed 13000 number of lines!!
[LEF] Parsed 13500 number of lines!!
[LEF] Parsed 14000 number of lines!!
[LEF] Parsed 14500 number of lines!!
[LEF] Parsed 15000 number of lines!!
[LEF] Parsed 15500 number of lines!!
[LEF] Parsed 16000 number of lines!!
[LEF] Parsed 16500 number of lines!!
[LEF] Parsed 17000 number of lines!!
[LEF] Parsed 17500 number of lines!!
[LEF] Parsed 18000 number of lines!!
[LEF] Parsed 18500 number of lines!!
[LEF] Parsed 19000 number of lines!!
[LEF] Parsed 19500 number of lines!!
[LEF] Parsed 20000 number of lines!!
[LEF] Parsed 20500 number of lines!!
[LEF] Parsed 21000 number of lines!!
[LEF] Parsed 21500 number of lines!!
[LEF] Parsed 22000 number of lines!!
[LEF] Parsed 22500 number of lines!!
[LEF] Parsed 23000 number of lines!!
[LEF] Parsed 23500 number of lines!!
[LEF] Parsed 24000 number of lines!!
[LEF] Parsed 24500 number of lines!!
[LEF] Parsed 25000 number of lines!!
[LEF] Parsed 25500 number of lines!!
[LEF] Parsed 26000 number of lines!!
[LEF] Parsed 26500 number of lines!!
[LEF] Parsed 27000 number of lines!!
[LEF] Parsed 27500 number of lines!!
[LEF] Parsed 28000 number of lines!!
[LEF] Parsed 28500 number of lines!!
[LEF] Parsed 29000 number of lines!!
[LEF] Parsed 29500 number of lines!!
[LEF] Parsed 30000 number of lines!!
[LEF] Parsed 30500 number of lines!!
[LEF] Parsed 31000 number of lines!!
[LEF] Parsed 31500 number of lines!!
[LEF] Parsed 32000 number of lines!!
[LEF] Parsed 32500 number of lines!!
[LEF] Parsed 33000 number of lines!!
[LEF] Parsed 33500 number of lines!!
[LEF] Parsed 34000 number of lines!!
[LEF] Parsed 34500 number of lines!!
[LEF] Parsed 35000 number of lines!!
[LEF] Parsed 35500 number of lines!!
[LEF] Parsed 36000 number of lines!!
[LEF] Parsed 36500 number of lines!!
[LEF] Parsed 37000 number of lines!!
[LEF] Parsed 37500 number of lines!!
[LEF] Parsed 38000 number of lines!!
[LEF] Parsed 38500 number of lines!!
[LEF] Parsed 39000 number of lines!!
[LEF] Parsed 39500 number of lines!!
[LEF] Parsed 40000 number of lines!!
[LEF] Parsed 40500 number of lines!!
[LEF] Parsed 41000 number of lines!!
[LEF] Parsed 41500 number of lines!!
[LEF] Parsed 42000 number of lines!!
[LEF] Parsed 42500 number of lines!!
[LEF] Parsed 43000 number of lines!!
[LEF] Parsed 43500 number of lines!!
[LEF] Parsed 44000 number of lines!!
[LEF] Parsed 44500 number of lines!!
[LEF] Parsed 45000 number of lines!!
[LEF] Parsed 45500 number of lines!!
[LEF] Parsed 46000 number of lines!!
[LEF] Parsed 46500 number of lines!!
[LEF] Parsed 47000 number of lines!!
[LEF] Parsed 47500 number of lines!!
[LEF] Parsed 48000 number of lines!!
[LEF] Parsed 48500 number of lines!!
[LEF] Parsed 49000 number of lines!!
[LEF] Parsed 49500 number of lines!!
[LEF] Parsed 50000 number of lines!!
[LEF] Parsed 50500 number of lines!!
[LEF] Parsed 51000 number of lines!!
[LEF] Parsed 51500 number of lines!!
[LEF] Parsed 52000 number of lines!!
[LEF] Parsed 52500 number of lines!!
[LEF] Parsed 53000 number of lines!!
[LEF] Parsed 53500 number of lines!!
[LEF] Parsed 54000 number of lines!!
[LEF] Parsed 54500 number of lines!!
[LEF] Parsed 55000 number of lines!!
[LEF] Parsed 55500 number of lines!!
[LEF] Parsed 56000 number of lines!!
[LEF] Parsed 56500 number of lines!!
[LEF] Parsed 57000 number of lines!!
[LEF] Parsed 57500 number of lines!!
[LEF] Parsed 58000 number of lines!!
[LEF] Parsed 58500 number of lines!!
[LEF] Parsed 59000 number of lines!!
[LEF] Parsed 59500 number of lines!!
[LEF] Parsed 60000 number of lines!!
[LEF] Parsed 60500 number of lines!!
[LEF] Parsed 61000 number of lines!!
[LEF] Parsed 61500 number of lines!!
[LEF] Parsed 62000 number of lines!!
[PROC] End LefParsing
[PROC] Begin DefParsing ...
WARNING (DEFPARS-7011): The NAMESCASESENSITIVE statement is obsolete in version 5.6 and later.
The DEF parser will ignore this statement. See file /openLANE_flow/designs/cby_1__1_/runs/17-08_16-29//results/floorplan/cby_1__1_.floorplan.def at line 2.

[PROC] End DefParsing
[INFO] DefUnit = 1000
[INFO] LefMetal1Name = li1
[INFO] DefSiteName = unithd
[INFO] ScaleDownUnit = 302.222229
[INFO] OffsetCoordi = (2640.000000, 0.000000)
[INFO] RowSize = (1.522059, 9.000000)
[INFO] NumRows = 23
[INFO] MacroCount = 0
[INFO] NumModules = 41
[INFO] NumTerminals = 141
[INFO] Inserted Dummy Terms = 0
[PROC] Begin Generate Un-fragmented Rows ...
[INFO] CoreAreaLxLy = (27.000000, 36.000000)
[INFO] CoreAreaUxUy = (240.088226, 243.000000)
[INFO] RowSize = (1.522059, 9.000000)
[INFO] NumRows = 23
[PROC] End Generate Un-fragmented Rows
[PROC] Begin DEF Net Parsing ...
[INFO] NumNets = 80
[INFO] NumPins = 176
[PROC] End DEF Net Parsing
[PROC] LEF/DEF Parsing Success!
[INFO] AspectRatio = 0.971429
[INFO] RowMinXY = (27.000000, 36.000000)
[INFO] RowMaxXY = (240.088242, 243.000000)
[INFO] NumPlaceStdCells = 41
[INFO] NumPlaceMacros = 0
[INFO] RowSize = (1.522059, 9.000000)
[INFO] NumRows = 23
[INFO] GlobalAreaLxLy = (9.496324, 6.617647)
[INFO] GlobalAreaUxUy = (251.784927, 278.520203)
[INFO] PlaceAreaLxLy = (27.000000, 36.000000)
[INFO] PlaceAreaUxUy = (240.088242, 243.000000)
[INFO] TotalPlaceArea = 44109.265625
[INFO] TotalFixedArea = 2575.319824
[INFO] TotalWhiteSpaceArea = 41533.945312
[INFO] TotalPlaceMacrosArea = 0.000000
[INFO] TotalPlaceStdCellsArea = 11356.079102
[INFO] Util(%) = 25.745338
[INFO] 80pCellArea = 271.687439
[INFO] FillerInit: TotalFillerArea = 5257.499023
[INFO] FillerInit: NumFillerCells = 19
[INFO] FillerInit: FillerCellArea = 271.687561
[INFO] FillerInit: FillerCellSize = (30.187508, 9.000000)
[INFO] FillerInit: NumCells = 60
[INFO] FillerInit: NumModules = 41
[INFO] FillerInit: NumFillers = 19
INFO:  D_MSH = 1024 
INFO:  MSH(X, Y) = (32, 32)
[INFO] TierInit: TierUtil = 0.257453
[INFO] TierInit: NumModules = 41
[INFO] TierInit: PlaceArea = 44109.265625
[INFO] TierInit: CoreSpacingArea = 0.000000
[INFO] TierInit: TerminalArea = 2575.319824
[INFO] TierInit: ModuleArea = 11356.079102
[INFO] TierInit: FillerArea = 5257.499023
[INFO] TierInit: NumFillers = 19
[INFO] TierInit: FillerMinIdx = 41
[INFO] TierInit: FillerMaxIdx = 60
INFO:  dim_bin_cGP2D.(x,y) = (8, 8)
cell Init 2D:
tier->bin_stp: (26.636 25.875)
tier->half_bin_stp: (13.318 12.9375)
PROC:  Start NESTEROV's Optimization
PROC:    Global Lagrangian Multiplier is Applied

ITER: 0
    HPWL=10607.036133
    OVFL=0.912229
    HPWL=(5222.611816, 5384.424316)
    POTN=1.225962E+05
    PHIC=6.283700E-09
    GRAD=3.668190E-02
    NuBT=0
    CPU =0.000000

ITER: 1
    HPWL=10606.983398
    OVFL=0.912230
    HPWL=(5222.582520, 5384.400879)
    POTN=1.225952E+05
    PHIC=6.597884E-09
    GRAD=5.735070E-02
    NuBT=1
    CPU =0.000074

ITER: 2
    HPWL=10606.796875
    OVFL=0.912229
    HPWL=(5222.481934, 5384.314453)
    POTN=1.225918E+05
    PHIC=6.927778E-09
    GRAD=5.734896E-02
    NuBT=1
    CPU =0.000033

ITER: 3
    HPWL=6474.480469
    OVFL=0.585197
    HPWL=(3026.215332, 3448.265137)
    POTN=5.346722E+04
    PHIC=7.274167E-09
    GRAD=1.506753E-02
    NuBT=1
    CPU =0.000032

ITER: 4
    HPWL=6242.700195
    OVFL=0.569525
    HPWL=(2861.263184, 3381.436768)
    POTN=4.795421E+04
    PHIC=7.637875E-09
    GRAD=5.985954E-02
    NuBT=4
    CPU =0.000154

ITER: 5
    HPWL=6339.054199
    OVFL=0.543681
    HPWL=(2936.831055, 3402.223145)
    POTN=4.210976E+04
    PHIC=8.019660E-09
    GRAD=6.582719E-02
    NuBT=1
    CPU =0.000073

ITER: 6
    HPWL=6369.995117
    OVFL=0.511307
    HPWL=(2954.032959, 3415.962402)
    POTN=3.843435E+04
    PHIC=8.420606E-09
    GRAD=7.234582E-02
    NuBT=1
    CPU =0.000056

ITER: 7
    HPWL=6387.948730
    OVFL=0.484127
    HPWL=(2970.430420, 3417.518311)
    POTN=3.376987E+04
    PHIC=8.841614E-09
    GRAD=8.491649E-02
    NuBT=3
    CPU =0.000074

ITER: 8
    HPWL=6384.885742
    OVFL=0.463060
    HPWL=(2973.994141, 3410.891357)
    POTN=2.999556E+04
    PHIC=9.283694E-09
    GRAD=9.709191E-02
    NuBT=1
    CPU =0.000034

ITER: 9
    HPWL=6374.575684
    OVFL=0.442572
    HPWL=(2975.086670, 3399.489014)
    POTN=2.655159E+04
    PHIC=9.747878E-09
    GRAD=1.076770E-01
    NuBT=1
    CPU =0.000033

ITER: 10
    HPWL=6358.868164
    OVFL=0.413801
    HPWL=(2976.673584, 3382.194824)
    POTN=2.168632E+04
    PHIC=1.023527E-08
    GRAD=1.190062E-01
    NuBT=1
    CPU =0.000052

ITER: 11
    HPWL=6341.270508
    OVFL=0.436131
    HPWL=(2975.375977, 3365.894775)
    POTN=1.853193E+04
    PHIC=1.074703E-08
    GRAD=1.366395E-01
    NuBT=3
    CPU =0.000094

ITER: 12
    HPWL=6321.029785
    OVFL=0.429443
    HPWL=(2973.297852, 3347.731934)
    POTN=1.642203E+04
    PHIC=1.128439E-08
    GRAD=1.227350E-01
    NuBT=1
    CPU =0.000032

ITER: 13
    HPWL=6310.663574
    OVFL=0.427909
    HPWL=(2982.734619, 3327.928955)
    POTN=1.481070E+04
    PHIC=1.184860E-08
    GRAD=1.267948E-01
    NuBT=1
    CPU =0.000030

ITER: 14
    HPWL=6298.199707
    OVFL=0.453426
    HPWL=(2991.879639, 3306.320068)
    POTN=1.405582E+04
    PHIC=1.244103E-08
    GRAD=1.278762E-01
    NuBT=2
    CPU =0.000068

ITER: 15
    HPWL=6281.938965
    OVFL=0.475797
    HPWL=(2995.716553, 3286.222412)
    POTN=1.325196E+04
    PHIC=1.306309E-08
    GRAD=1.129918E-01
    NuBT=2
    CPU =0.000053

ITER: 16
    HPWL=6264.279785
    OVFL=0.466595
    HPWL=(2996.724365, 3267.555420)
    POTN=1.302326E+04
    PHIC=1.371624E-08
    GRAD=1.011331E-01
    NuBT=1
    CPU =0.000030

ITER: 17
    HPWL=6251.000488
    OVFL=0.454738
    HPWL=(3000.790527, 3250.209961)
    POTN=1.237112E+04
    PHIC=1.440205E-08
    GRAD=1.057682E-01
    NuBT=1
    CPU =0.000031

ITER: 18
    HPWL=6243.214355
    OVFL=0.488740
    HPWL=(3008.449707, 3234.764648)
    POTN=1.246535E+04
    PHIC=1.512215E-08
    GRAD=1.121496E-01
    NuBT=2
    CPU =0.000050

ITER: 19
    HPWL=6224.823242
    OVFL=0.502694
    HPWL=(3002.751465, 3222.071777)
    POTN=1.227275E+04
    PHIC=1.587826E-08
    GRAD=9.478313E-02
    NuBT=3
    CPU =0.000069

ITER: 20
    HPWL=6216.433105
    OVFL=0.496551
    HPWL=(3005.475342, 3210.957764)
    POTN=1.225017E+04
    PHIC=1.667217E-08
    GRAD=8.843661E-02
    NuBT=1
    CPU =0.000030

ITER: 21
    HPWL=6211.503418
    OVFL=0.488068
    HPWL=(3011.658936, 3199.844482)
    POTN=1.262189E+04
    PHIC=1.750578E-08
    GRAD=9.118169E-02
    NuBT=1
    CPU =0.000030

ITER: 22
    HPWL=6209.272461
    OVFL=0.462568
    HPWL=(3015.524170, 3193.748535)
    POTN=1.306654E+04
    PHIC=1.838107E-08
    GRAD=9.510625E-02
    NuBT=2
    CPU =0.000065

ITER: 23
    HPWL=6205.876953
    OVFL=0.446274
    HPWL=(3013.242920, 3192.634033)
    POTN=1.344549E+04
    PHIC=1.930012E-08
    GRAD=1.078181E-01
    NuBT=3
    CPU =0.000070

ITER: 24
    HPWL=6206.476074
    OVFL=0.448117
    HPWL=(3014.170898, 3192.305176)
    POTN=1.403132E+04
    PHIC=2.026512E-08
    GRAD=1.167467E-01
    NuBT=1
    CPU =0.000030

ITER: 25
    HPWL=6204.859375
    OVFL=0.464274
    HPWL=(3012.798096, 3192.061523)
    POTN=1.461980E+04
    PHIC=2.127838E-08
    GRAD=1.157037E-01
    NuBT=1
    CPU =0.000030

ITER: 26
    HPWL=6205.096191
    OVFL=0.476660
    HPWL=(3013.181641, 3191.914551)
    POTN=1.490487E+04
    PHIC=2.234229E-08
    GRAD=1.069199E-01
    NuBT=2
    CPU =0.000050

ITER: 27
    HPWL=6206.367188
    OVFL=0.477199
    HPWL=(3014.604248, 3191.762695)
    POTN=1.494943E+04
    PHIC=2.345940E-08
    GRAD=1.006042E-01
    NuBT=1
    CPU =0.000030

ITER: 28
    HPWL=6208.122559
    OVFL=0.476821
    HPWL=(3016.570312, 3191.552246)
    POTN=1.496733E+04
    PHIC=2.463237E-08
    GRAD=1.003365E-01
    NuBT=1
    CPU =0.000033

ITER: 29
    HPWL=6210.704590
    OVFL=0.475375
    HPWL=(3019.666992, 3191.037598)
    POTN=1.484466E+04
    PHIC=2.586397E-08
    GRAD=1.005228E-01
    NuBT=5
    CPU =0.000108

ITER: 30
    HPWL=6210.874023
    OVFL=0.475448
    HPWL=(3019.970947, 3190.902832)
    POTN=1.477778E+04
    PHIC=2.715717E-08
    GRAD=1.012419E-01
    NuBT=4
    CPU =0.000088

ITER: 31
    HPWL=6210.052734
    OVFL=0.475711
    HPWL=(3019.187500, 3190.865479)
    POTN=1.471423E+04
    PHIC=2.851503E-08
    GRAD=1.012053E-01
    NuBT=1
    CPU =0.000030

ITER: 32
    HPWL=6208.942383
    OVFL=0.476613
    HPWL=(3017.668457, 3191.274170)
    POTN=1.467029E+04
    PHIC=2.994078E-08
    GRAD=1.010760E-01
    NuBT=1
    CPU =0.000031

ITER: 33
    HPWL=6208.692871
    OVFL=0.474235
    HPWL=(3017.359619, 3191.333252)
    POTN=1.460245E+04
    PHIC=3.143782E-08
    GRAD=1.006286E-01
    NuBT=2
    CPU =0.000049

ITER: 34
    HPWL=6210.136230
    OVFL=0.465002
    HPWL=(3018.603760, 3191.532471)
    POTN=1.439145E+04
    PHIC=3.300970E-08
    GRAD=1.018165E-01
    NuBT=2
    CPU =0.000055

ITER: 35
    HPWL=6208.605469
    OVFL=0.449415
    HPWL=(3016.898682, 3191.706787)
    POTN=1.403731E+04
    PHIC=3.466018E-08
    GRAD=1.065377E-01
    NuBT=3
    CPU =0.000069

ITER: 36
    HPWL=6208.342773
    OVFL=0.448595
    HPWL=(3016.356689, 3191.986084)
    POTN=1.372186E+04
    PHIC=3.639319E-08
    GRAD=1.149736E-01
    NuBT=3
    CPU =0.000068

ITER: 37
    HPWL=6207.613281
    OVFL=0.448670
    HPWL=(3015.375732, 3192.237549)
    POTN=1.346856E+04
    PHIC=3.821285E-08
    GRAD=1.154350E-01
    NuBT=1
    CPU =0.000030

ITER: 38
    HPWL=6204.681641
    OVFL=0.450060
    HPWL=(3012.222656, 3192.459229)
    POTN=1.323713E+04
    PHIC=4.012348E-08
    GRAD=1.153947E-01
    NuBT=2
    CPU =0.000049

ITER: 39
    HPWL=6204.788086
    OVFL=0.451573
    HPWL=(3011.958740, 3192.829102)
    POTN=1.309173E+04
    PHIC=4.212966E-08
    GRAD=1.146149E-01
    NuBT=2
    CPU =0.000049

ITER: 40
    HPWL=6205.612305
    OVFL=0.460009
    HPWL=(3012.467773, 3193.144775)
    POTN=1.299220E+04
    PHIC=4.423613E-08
    GRAD=1.137748E-01
    NuBT=2
    CPU =0.000050

ITER: 41
    HPWL=6204.337891
    OVFL=0.469726
    HPWL=(3010.510010, 3193.827881)
    POTN=1.293667E+04
    PHIC=4.644794E-08
    GRAD=1.091769E-01
    NuBT=3
    CPU =0.000084

ITER: 42
    HPWL=6205.324219
    OVFL=0.477034
    HPWL=(3010.605469, 3194.718506)
    POTN=1.283145E+04
    PHIC=4.877032E-08
    GRAD=1.040952E-01
    NuBT=2
    CPU =0.000052

ITER: 43
    HPWL=6206.507324
    OVFL=0.480355
    HPWL=(3010.620605, 3195.886719)
    POTN=1.270150E+04
    PHIC=5.120883E-08
    GRAD=1.004157E-01
    NuBT=1
    CPU =0.000030

ITER: 44
    HPWL=6208.351074
    OVFL=0.482859
    HPWL=(3010.689453, 3197.661621)
    POTN=1.257404E+04
    PHIC=5.376926E-08
    GRAD=9.878360E-02
    NuBT=1
    CPU =0.000030

ITER: 45
    HPWL=6210.209961
    OVFL=0.484273
    HPWL=(3011.115234, 3199.094482)
    POTN=1.247207E+04
    PHIC=5.645771E-08
    GRAD=9.757157E-02
    NuBT=1
    CPU =0.000030

ITER: 46
    HPWL=6211.329102
    OVFL=0.484881
    HPWL=(3011.285400, 3200.043945)
    POTN=1.239431E+04
    PHIC=5.928058E-08
    GRAD=9.689061E-02
    NuBT=1
    CPU =0.000030

ITER: 47
    HPWL=6211.577148
    OVFL=0.484963
    HPWL=(3011.284180, 3200.292969)
    POTN=1.236143E+04
    PHIC=6.224461E-08
    GRAD=9.660061E-02
    NuBT=1
    CPU =0.000030

ITER: 48
    HPWL=6210.999023
    OVFL=0.484437
    HPWL=(3011.256592, 3199.742676)
    POTN=1.238600E+04
    PHIC=6.535684E-08
    GRAD=9.655938E-02
    NuBT=1
    CPU =0.000030

ITER: 49
    HPWL=6209.977539
    OVFL=0.483520
    HPWL=(3011.367676, 3198.609619)
    POTN=1.245756E+04
    PHIC=6.862467E-08
    GRAD=9.681267E-02
    NuBT=2
    CPU =0.000050

ITER: 50
    HPWL=6208.783203
    OVFL=0.481986
    HPWL=(3011.417236, 3197.366211)
    POTN=1.253688E+04
    PHIC=7.205590E-08
    GRAD=9.725404E-02
    NuBT=2
    CPU =0.000050

ITER: 51
    HPWL=6207.508789
    OVFL=0.480201
    HPWL=(3011.383301, 3196.125244)
    POTN=1.263660E+04
    PHIC=7.565870E-08
    GRAD=9.799349E-02
    NuBT=2
    CPU =0.000094

ITER: 52
    HPWL=6206.773926
    OVFL=0.477808
    HPWL=(3011.394775, 3195.379150)
    POTN=1.275772E+04
    PHIC=7.944163E-08
    GRAD=9.885939E-02
    NuBT=1
    CPU =0.000054

ITER: 53
    HPWL=6205.863770
    OVFL=0.474644
    HPWL=(3011.275635, 3194.588135)
    POTN=1.288039E+04
    PHIC=8.341370E-08
    GRAD=1.000335E-01
    NuBT=2
    CPU =0.000063

ITER: 54
    HPWL=6205.065430
    OVFL=0.468364
    HPWL=(3010.932373, 3194.133057)
    POTN=1.297355E+04
    PHIC=8.758438E-08
    GRAD=1.016059E-01
    NuBT=2
    CPU =0.000050

ITER: 55
    HPWL=6204.545898
    OVFL=0.460696
    HPWL=(3010.826172, 3193.719482)
    POTN=1.303105E+04
    PHIC=9.196360E-08
    GRAD=1.047932E-01
    NuBT=3
    CPU =0.000091

ITER: 56
    HPWL=6203.933105
    OVFL=0.456450
    HPWL=(3010.606934, 3193.326172)
    POTN=1.309065E+04
    PHIC=9.656178E-08
    GRAD=1.088088E-01
    NuBT=2
    CPU =0.000051

ITER: 57
    HPWL=6203.343262
    OVFL=0.452363
    HPWL=(3010.247070, 3193.096191)
    POTN=1.315327E+04
    PHIC=1.013899E-07
    GRAD=1.110927E-01
    NuBT=1
    CPU =0.000030

ITER: 58
    HPWL=6202.744629
    OVFL=0.448769
    HPWL=(3009.847168, 3192.897461)
    POTN=1.322328E+04
    PHIC=1.064593E-07
    GRAD=1.133329E-01
    NuBT=1
    CPU =0.000029

ITER: 59
    HPWL=6202.127930
    OVFL=0.448795
    HPWL=(3009.413086, 3192.714844)
    POTN=1.329586E+04
    PHIC=1.117823E-07
    GRAD=1.153360E-01
    NuBT=1
    CPU =0.000030

ITER: 60
    HPWL=6201.549805
    OVFL=0.449187
    HPWL=(3008.998535, 3192.551514)
    POTN=1.336741E+04
    PHIC=1.173714E-07
    GRAD=1.153210E-01
    NuBT=1
    CPU =0.000030

ITER: 61
    HPWL=6201.906250
    OVFL=0.449481
    HPWL=(3009.456543, 3192.449463)
    POTN=1.340132E+04
    PHIC=1.232400E-07
    GRAD=1.151019E-01
    NuBT=2
    CPU =0.000050

ITER: 62
    HPWL=6201.643555
    OVFL=0.449623
    HPWL=(3009.246338, 3192.397461)
    POTN=1.342422E+04
    PHIC=1.294020E-07
    GRAD=1.149367E-01
    NuBT=2
    CPU =0.000064

ITER: 63
    HPWL=6201.872070
    OVFL=0.449605
    HPWL=(3009.529053, 3192.342773)
    POTN=1.343434E+04
    PHIC=1.358721E-07
    GRAD=1.148561E-01
    NuBT=2
    CPU =0.000051

ITER: 64
    HPWL=6202.085938
    OVFL=0.449459
    HPWL=(3009.737061, 3192.348633)
    POTN=1.342762E+04
    PHIC=1.426657E-07
    GRAD=1.148672E-01
    NuBT=2
    CPU =0.000050

ITER: 65
    HPWL=6202.305664
    OVFL=0.449347
    HPWL=(3009.953857, 3192.351562)
    POTN=1.340831E+04
    PHIC=1.497990E-07
    GRAD=1.149466E-01
    NuBT=2
    CPU =0.000049

ITER: 66
    HPWL=6202.502441
    OVFL=0.449294
    HPWL=(3010.090820, 3192.411621)
    POTN=1.337691E+04
    PHIC=1.572889E-07
    GRAD=1.150104E-01
    NuBT=1
    CPU =0.000030

ITER: 67
    HPWL=6202.677734
    OVFL=0.449196
    HPWL=(3010.215088, 3192.462402)
    POTN=1.333558E+04
    PHIC=1.651533E-07
    GRAD=1.150405E-01
    NuBT=1
    CPU =0.000030

ITER: 68
    HPWL=6202.834961
    OVFL=0.449212
    HPWL=(3010.277832, 3192.557129)
    POTN=1.329107E+04
    PHIC=1.734110E-07
    GRAD=1.150947E-01
    NuBT=2
    CPU =0.000054

ITER: 69
    HPWL=6202.954590
    OVFL=0.449112
    HPWL=(3010.325195, 3192.629395)
    POTN=1.324272E+04
    PHIC=1.820815E-07
    GRAD=1.150860E-01
    NuBT=1
    CPU =0.000030

ITER: 70
    HPWL=6203.048828
    OVFL=0.449195
    HPWL=(3010.318604, 3192.730225)
    POTN=1.319657E+04
    PHIC=1.911856E-07
    GRAD=1.151425E-01
    NuBT=2
    CPU =0.000050

ITER: 71
    HPWL=6203.123047
    OVFL=0.449230
    HPWL=(3010.300537, 3192.822266)
    POTN=1.314949E+04
    PHIC=2.007449E-07
    GRAD=1.150953E-01
    NuBT=1
    CPU =0.000030

ITER: 72
    HPWL=6203.234375
    OVFL=0.451242
    HPWL=(3010.299561, 3192.935059)
    POTN=1.310782E+04
    PHIC=2.107821E-07
    GRAD=1.150753E-01
    NuBT=1
    CPU =0.000030

ITER: 73
    HPWL=6203.028809
    OVFL=0.453408
    HPWL=(3010.002686, 3193.026123)
    POTN=1.306885E+04
    PHIC=2.213212E-07
    GRAD=1.139529E-01
    NuBT=3
    CPU =0.000068

ITER: 74
    HPWL=6203.195312
    OVFL=0.455526
    HPWL=(3010.079834, 3193.115479)
    POTN=1.303413E+04
    PHIC=2.323873E-07
    GRAD=1.127544E-01
    NuBT=2
    CPU =0.000050

ITER: 75
    HPWL=6203.382812
    OVFL=0.457541
    HPWL=(3010.178955, 3193.203857)
    POTN=1.300270E+04
    PHIC=2.440066E-07
    GRAD=1.115946E-01
    NuBT=1
    CPU =0.000030

ITER: 76
    HPWL=6203.650391
    OVFL=0.459412
    HPWL=(3010.319824, 3193.330322)
    POTN=1.297419E+04
    PHIC=2.562070E-07
    GRAD=1.105016E-01
    NuBT=1
    CPU =0.000030

ITER: 77
    HPWL=6203.987305
    OVFL=0.461068
    HPWL=(3010.510742, 3193.476562)
    POTN=1.294594E+04
    PHIC=2.690173E-07
    GRAD=1.094915E-01
    NuBT=1
    CPU =0.000030

ITER: 78
    HPWL=6204.329590
    OVFL=0.462511
    HPWL=(3010.715332, 3193.614258)
    POTN=1.291941E+04
    PHIC=2.824682E-07
    GRAD=1.086081E-01
    NuBT=1
    CPU =0.000030

ITER: 79
    HPWL=6204.635254
    OVFL=0.463653
    HPWL=(3010.896729, 3193.738525)
    POTN=1.289439E+04
    PHIC=2.965916E-07
    GRAD=1.078430E-01
    NuBT=1
    CPU =0.000029

ITER: 80
    HPWL=6204.906250
    OVFL=0.465363
    HPWL=(3011.059570, 3193.846436)
    POTN=1.287217E+04
    PHIC=3.114211E-07
    GRAD=1.072422E-01
    NuBT=1
    CPU =0.000030

ITER: 81
    HPWL=6205.147949
    OVFL=0.467222
    HPWL=(3011.204346, 3193.943604)
    POTN=1.285215E+04
    PHIC=3.269922E-07
    GRAD=1.063460E-01
    NuBT=2
    CPU =0.000049

ITER: 82
    HPWL=6205.365234
    OVFL=0.468804
    HPWL=(3011.335938, 3194.029297)
    POTN=1.283345E+04
    PHIC=3.433418E-07
    GRAD=1.053822E-01
    NuBT=2
    CPU =0.000050

ITER: 83
    HPWL=6205.563477
    OVFL=0.470091
    HPWL=(3011.458740, 3194.104736)
    POTN=1.281620E+04
    PHIC=3.605088E-07
    GRAD=1.045640E-01
    NuBT=1
    CPU =0.000030

ITER: 84
    HPWL=6205.741211
    OVFL=0.471087
    HPWL=(3011.573730, 3194.167236)
    POTN=1.280022E+04
    PHIC=3.785343E-07
    GRAD=1.039042E-01
    NuBT=1
    CPU =0.000030

ITER: 85
    HPWL=6205.890625
    OVFL=0.471784
    HPWL=(3011.676270, 3194.214600)
    POTN=1.278554E+04
    PHIC=3.974610E-07
    GRAD=1.033972E-01
    NuBT=1
    CPU =0.000030

ITER: 86
    HPWL=6206.007812
    OVFL=0.472189
    HPWL=(3011.759766, 3194.248291)
    POTN=1.277243E+04
    PHIC=4.173340E-07
    GRAD=1.030408E-01
    NuBT=1
    CPU =0.000030

ITER: 87
    HPWL=6206.083984
    OVFL=0.472326
    HPWL=(3011.821045, 3194.262939)
    POTN=1.276189E+04
    PHIC=4.382007E-07
    GRAD=1.028382E-01
    NuBT=1
    CPU =0.000030

ITER: 88
    HPWL=6206.097656
    OVFL=0.472110
    HPWL=(3011.841553, 3194.255859)
    POTN=1.275612E+04
    PHIC=4.601107E-07
    GRAD=1.027675E-01
    NuBT=1
    CPU =0.000030

ITER: 89
    HPWL=6205.884766
    OVFL=0.470133
    HPWL=(3011.747070, 3194.137939)
    POTN=1.276351E+04
    PHIC=4.831162E-07
    GRAD=1.028744E-01
    NuBT=1
    CPU =0.000063

ITER: 90
    HPWL=6205.790039
    OVFL=0.468804
    HPWL=(3011.718994, 3194.071045)
    POTN=1.276375E+04
    PHIC=5.072720E-07
    GRAD=1.038824E-01
    NuBT=5
    CPU =0.000176

ITER: 91
    HPWL=6205.665039
    OVFL=0.467328
    HPWL=(3011.667480, 3193.997314)
    POTN=1.276475E+04
    PHIC=5.326356E-07
    GRAD=1.045623E-01
    NuBT=1
    CPU =0.000048

ITER: 92
    HPWL=6205.493164
    OVFL=0.465545
    HPWL=(3011.581299, 3193.911621)
    POTN=1.276765E+04
    PHIC=5.592673E-07
    GRAD=1.053221E-01
    NuBT=1
    CPU =0.000047

ITER: 93
    HPWL=6205.308594
    OVFL=0.463662
    HPWL=(3011.490967, 3193.817871)
    POTN=1.277232E+04
    PHIC=5.872307E-07
    GRAD=1.062505E-01
    NuBT=2
    CPU =0.000081

ITER: 94
    HPWL=6205.094727
    OVFL=0.462578
    HPWL=(3011.373535, 3193.720947)
    POTN=1.277890E+04
    PHIC=6.165922E-07
    GRAD=1.072344E-01
    NuBT=1
    CPU =0.000051

ITER: 95
    HPWL=6204.854492
    OVFL=0.461528
    HPWL=(3011.236084, 3193.618408)
    POTN=1.278657E+04
    PHIC=6.474218E-07
    GRAD=1.078054E-01
    NuBT=1
    CPU =0.000051

ITER: 96
    HPWL=6204.580078
    OVFL=0.460329
    HPWL=(3011.082520, 3193.497803)
    POTN=1.279594E+04
    PHIC=6.797928E-07
    GRAD=1.083582E-01
    NuBT=1
    CPU =0.000057

ITER: 97
    HPWL=6204.340820
    OVFL=0.459070
    HPWL=(3010.968018, 3193.372803)
    POTN=1.280578E+04
    PHIC=7.137825E-07
    GRAD=1.089979E-01
    NuBT=2
    CPU =0.000077

ITER: 98
    HPWL=6204.132812
    OVFL=0.457756
    HPWL=(3010.872070, 3193.260986)
    POTN=1.281443E+04
    PHIC=7.494716E-07
    GRAD=1.096710E-01
    NuBT=1
    CPU =0.000053

ITER: 99
    HPWL=6203.971680
    OVFL=0.456449
    HPWL=(3010.780762, 3193.191162)
    POTN=1.282341E+04
    PHIC=7.869451E-07
    GRAD=1.103792E-01
    NuBT=1
    CPU =0.000057

ITER: 100
    HPWL=6203.812500
    OVFL=0.455179
    HPWL=(3010.692627, 3193.119629)
    POTN=1.283231E+04
    PHIC=8.262924E-07
    GRAD=1.110853E-01
    NuBT=1
    CPU =0.000056

ITER: 101
    HPWL=6203.650391
    OVFL=0.453961
    HPWL=(3010.592773, 3193.057861)
    POTN=1.284054E+04
    PHIC=8.676070E-07
    GRAD=1.117776E-01
    NuBT=1
    CPU =0.000055

ITER: 102
    HPWL=6203.492188
    OVFL=0.452818
    HPWL=(3010.499023, 3192.992920)
    POTN=1.284727E+04
    PHIC=9.109872E-07
    GRAD=1.124449E-01
    NuBT=1
    CPU =0.000061

ITER: 103
    HPWL=6203.335938
    OVFL=0.451772
    HPWL=(3010.397705, 3192.938232)
    POTN=1.285144E+04
    PHIC=9.565366E-07
    GRAD=1.130726E-01
    NuBT=1
    CPU =0.000055

ITER: 104
    HPWL=6203.185547
    OVFL=0.450837
    HPWL=(3010.294922, 3192.890625)
    POTN=1.285296E+04
    PHIC=1.004363E-06
    GRAD=1.136514E-01
    NuBT=1
    CPU =0.000061

ITER: 105
    HPWL=6203.044922
    OVFL=0.450036
    HPWL=(3010.191650, 3192.853027)
    POTN=1.285130E+04
    PHIC=1.054582E-06
    GRAD=1.141690E-01
    NuBT=1
    CPU =0.000054

ITER: 106
    HPWL=6202.925781
    OVFL=0.449394
    HPWL=(3010.101318, 3192.824463)
    POTN=1.284549E+04
    PHIC=1.107310E-06
    GRAD=1.146154E-01
    NuBT=1
    CPU =0.000057

ITER: 107
    HPWL=6202.815430
    OVFL=0.449352
    HPWL=(3010.008057, 3192.807617)
    POTN=1.283455E+04
    PHIC=1.162676E-06
    GRAD=1.149740E-01
    NuBT=1
    CPU =0.000057

ITER: 108
    HPWL=6202.743164
    OVFL=0.449336
    HPWL=(3009.943604, 3192.799561)
    POTN=1.281644E+04
    PHIC=1.220810E-06
    GRAD=1.149968E-01
    NuBT=1
    CPU =0.000057

ITER: 109
    HPWL=6203.327637
    OVFL=0.451431
    HPWL=(3010.391113, 3192.936523)
    POTN=1.270553E+04
    PHIC=1.281850E-06
    GRAD=1.150029E-01
    NuBT=2
    CPU =0.000081

ITER: 110
    HPWL=6203.146484
    OVFL=0.452795
    HPWL=(3010.114746, 3193.031738)
    POTN=1.264420E+04
    PHIC=1.345942E-06
    GRAD=1.138368E-01
    NuBT=3
    CPU =0.000099

ITER: 111
    HPWL=6203.122070
    OVFL=0.454138
    HPWL=(3010.017578, 3193.104736)
    POTN=1.258247E+04
    PHIC=1.413239E-06
    GRAD=1.130813E-01
    NuBT=1
    CPU =0.000054

ITER: 112
    HPWL=6203.155273
    OVFL=0.455490
    HPWL=(3009.989990, 3193.165527)
    POTN=1.251778E+04
    PHIC=1.483901E-06
    GRAD=1.123419E-01
    NuBT=1
    CPU =0.000057

ITER: 113
    HPWL=6203.267578
    OVFL=0.456790
    HPWL=(3010.040039, 3193.227295)
    POTN=1.245050E+04
    PHIC=1.558096E-06
    GRAD=1.115996E-01
    NuBT=1
    CPU =0.000057

ITER: 114
    HPWL=6203.393555
    OVFL=0.457957
    HPWL=(3010.105469, 3193.288086)
    POTN=1.238147E+04
    PHIC=1.636001E-06
    GRAD=1.108919E-01
    NuBT=1
    CPU =0.000057

ITER: 115
    HPWL=6203.603516
    OVFL=0.458969
    HPWL=(3010.224365, 3193.379395)
    POTN=1.231133E+04
    PHIC=1.717801E-06
    GRAD=1.102624E-01
    NuBT=1
    CPU =0.000055

ITER: 116
    HPWL=6203.787109
    OVFL=0.459711
    HPWL=(3010.334229, 3193.452881)
    POTN=1.223742E+04
    PHIC=1.803691E-06
    GRAD=1.097138E-01
    NuBT=1
    CPU =0.000056

ITER: 117
    HPWL=6204.032227
    OVFL=0.460211
    HPWL=(3010.539307, 3193.492920)
    POTN=1.216188E+04
    PHIC=1.893875E-06
    GRAD=1.093163E-01
    NuBT=1
    CPU =0.000056

ITER: 118
    HPWL=6204.612305
    OVFL=0.460241
    HPWL=(3011.113281, 3193.499268)
    POTN=1.208313E+04
    PHIC=1.988569E-06
    GRAD=1.090491E-01
    NuBT=2
    CPU =0.000082

ITER: 119
    HPWL=6204.810547
    OVFL=0.460369
    HPWL=(3011.304932, 3193.505615)
    POTN=1.201529E+04
    PHIC=2.087997E-06
    GRAD=1.090322E-01
    NuBT=2
    CPU =0.000090

ITER: 120
    HPWL=6205.072266
    OVFL=0.460128
    HPWL=(3011.583740, 3193.488281)
    POTN=1.195196E+04
    PHIC=2.192397E-06
    GRAD=1.089633E-01
    NuBT=2
    CPU =0.000079

ITER: 121
    HPWL=6205.314453
    OVFL=0.459895
    HPWL=(3011.852539, 3193.461670)
    POTN=1.188242E+04
    PHIC=2.302017E-06
    GRAD=1.090900E-01
    NuBT=2
    CPU =0.000078

ITER: 122
    HPWL=6205.503906
    OVFL=0.459361
    HPWL=(3012.090576, 3193.413086)
    POTN=1.181815E+04
    PHIC=2.417118E-06
    GRAD=1.092157E-01
    NuBT=2
    CPU =0.000078

ITER: 123
    HPWL=6205.621094
    OVFL=0.458841
    HPWL=(3012.262451, 3193.358398)
    POTN=1.174595E+04
    PHIC=2.537973E-06
    GRAD=1.094996E-01
    NuBT=2
    CPU =0.000078

ITER: 124
    HPWL=6206.003906
    OVFL=0.458082
    HPWL=(3012.711426, 3193.292480)
    POTN=1.168145E+04
    PHIC=2.664872E-06
    GRAD=1.097785E-01
    NuBT=1
    CPU =0.000053

ITER: 125
    HPWL=6205.903809
    OVFL=0.457368
    HPWL=(3012.662354, 3193.241455)
    POTN=1.160431E+04
    PHIC=2.798115E-06
    GRAD=1.101850E-01
    NuBT=2
    CPU =0.000081

ITER: 126
    HPWL=6205.864258
    OVFL=0.456544
    HPWL=(3012.655029, 3193.209473)
    POTN=1.154329E+04
    PHIC=2.938021E-06
    GRAD=1.105687E-01
    NuBT=1
    CPU =0.000054

ITER: 127
    HPWL=6206.140625
    OVFL=0.455757
    HPWL=(3012.976807, 3193.163818)
    POTN=1.146736E+04
    PHIC=3.084922E-06
    GRAD=1.110151E-01
    NuBT=1
    CPU =0.000056

ITER: 128
    HPWL=6206.287598
    OVFL=0.454981
    HPWL=(3013.169434, 3193.118164)
    POTN=1.140546E+04
    PHIC=3.239168E-06
    GRAD=1.114429E-01
    NuBT=1
    CPU =0.000055

ITER: 129
    HPWL=6206.302734
    OVFL=0.454255
    HPWL=(3013.227051, 3193.075684)
    POTN=1.133193E+04
    PHIC=3.401126E-06
    GRAD=1.118635E-01
    NuBT=1
    CPU =0.000056

ITER: 130
    HPWL=6206.231934
    OVFL=0.453631
    HPWL=(3013.190186, 3193.041748)
    POTN=1.127734E+04
    PHIC=3.571183E-06
    GRAD=1.122593E-01
    NuBT=1
    CPU =0.000056

ITER: 131
    HPWL=6206.299805
    OVFL=0.453040
    HPWL=(3013.287598, 3193.011963)
    POTN=1.120208E+04
    PHIC=3.749742E-06
    GRAD=1.126006E-01
    NuBT=1
    CPU =0.000057

ITER: 132
    HPWL=6206.437500
    OVFL=0.452629
    HPWL=(3013.445557, 3192.992188)
    POTN=1.114119E+04
    PHIC=3.937228E-06
    GRAD=1.129232E-01
    NuBT=1
    CPU =0.000057

ITER: 133
    HPWL=6206.676758
    OVFL=0.452245
    HPWL=(3013.711670, 3192.964844)
    POTN=1.105488E+04
    PHIC=4.134090E-06
    GRAD=1.131495E-01
    NuBT=1
    CPU =0.000055

ITER: 134
    HPWL=6206.837891
    OVFL=0.452087
    HPWL=(3013.881104, 3192.956543)
    POTN=1.098605E+04
    PHIC=4.340794E-06
    GRAD=1.133593E-01
    NuBT=1
    CPU =0.000053

ITER: 135
    HPWL=6206.932617
    OVFL=0.451913
    HPWL=(3013.984619, 3192.948242)
    POTN=1.088823E+04
    PHIC=4.557834E-06
    GRAD=1.134436E-01
    NuBT=1
    CPU =0.000068

ITER: 136
    HPWL=6206.983398
    OVFL=0.452007
    HPWL=(3014.032959, 3192.950684)
    POTN=1.081212E+04
    PHIC=4.785725E-06
    GRAD=1.135390E-01
    NuBT=1
    CPU =0.000059

ITER: 137
    HPWL=6207.178223
    OVFL=0.452049
    HPWL=(3014.224854, 3192.953369)
    POTN=1.070563E+04
    PHIC=5.025011E-06
    GRAD=1.134854E-01
    NuBT=1
    CPU =0.000054

ITER: 138
    HPWL=6207.374023
    OVFL=0.452362
    HPWL=(3014.407959, 3192.966064)
    POTN=1.061671E+04
    PHIC=5.276262E-06
    GRAD=1.134610E-01
    NuBT=1
    CPU =0.000058

ITER: 139
    HPWL=6207.597656
    OVFL=0.452577
    HPWL=(3014.616455, 3192.981201)
    POTN=1.049091E+04
    PHIC=5.540075E-06
    GRAD=1.132858E-01
    NuBT=1
    CPU =0.000057

ITER: 140
    HPWL=6207.689453
    OVFL=0.453068
    HPWL=(3014.697021, 3192.992676)
    POTN=1.038741E+04
    PHIC=5.817078E-06
    GRAD=1.131657E-01
    NuBT=1
    CPU =0.000057

ITER: 141
    HPWL=6207.845215
    OVFL=0.453387
    HPWL=(3014.820312, 3193.024902)
    POTN=1.025340E+04
    PHIC=6.107932E-06
    GRAD=1.128900E-01
    NuBT=1
    CPU =0.000057

ITER: 142
    HPWL=6207.944824
    OVFL=0.453970
    HPWL=(3014.903076, 3193.041748)
    POTN=1.015087E+04
    PHIC=6.413328E-06
    GRAD=1.127125E-01
    NuBT=1
    CPU =0.000056

ITER: 143
    HPWL=6208.214844
    OVFL=0.454331
    HPWL=(3015.141602, 3193.073486)
    POTN=1.001115E+04
    PHIC=6.733994E-06
    GRAD=1.123892E-01
    NuBT=1
    CPU =0.000056

ITER: 144
    HPWL=6208.400391
    OVFL=0.454925
    HPWL=(3015.299805, 3193.100342)
    POTN=9.914132E+03
    PHIC=7.070694E-06
    GRAD=1.121902E-01
    NuBT=1
    CPU =0.000055

ITER: 145
    HPWL=6208.618164
    OVFL=0.455249
    HPWL=(3015.488770, 3193.129150)
    POTN=9.789465E+03
    PHIC=7.424228E-06
    GRAD=1.118614E-01
    NuBT=1
    CPU =0.000055

ITER: 146
    HPWL=6208.683594
    OVFL=0.455774
    HPWL=(3015.541992, 3193.141357)
    POTN=9.710843E+03
    PHIC=7.795439E-06
    GRAD=1.116817E-01
    NuBT=1
    CPU =0.000056

ITER: 147
    HPWL=6208.901855
    OVFL=0.455979
    HPWL=(3015.741455, 3193.160400)
    POTN=9.600125E+03
    PHIC=8.185210E-06
    GRAD=1.113919E-01
    NuBT=1
    CPU =0.000057

ITER: 148
    HPWL=6209.045898
    OVFL=0.456372
    HPWL=(3015.876709, 3193.169434)
    POTN=9.515756E+03
    PHIC=8.594470E-06
    GRAD=1.112779E-01
    NuBT=1
    CPU =0.000056

ITER: 149
    HPWL=6209.238770
    OVFL=0.456401
    HPWL=(3016.061279, 3193.177490)
    POTN=9.404862E+03
    PHIC=9.024194E-06
    GRAD=1.110581E-01
    NuBT=1
    CPU =0.000055

ITER: 150
    HPWL=6209.250000
    OVFL=0.456619
    HPWL=(3016.070068, 3193.179932)
    POTN=9.333497E+03
    PHIC=9.475403E-06
    GRAD=1.110378E-01
    NuBT=1
    CPU =0.000057

ITER: 151
    HPWL=6209.321289
    OVFL=0.456458
    HPWL=(3016.140381, 3193.180908)
    POTN=9.235315E+03
    PHIC=9.949173E-06
    GRAD=1.109162E-01
    NuBT=1
    CPU =0.000057

ITER: 152
    HPWL=6208.731934
    OVFL=0.456479
    HPWL=(3015.554688, 3193.177246)
    POTN=9.172452E+03
    PHIC=1.044663E-05
    GRAD=1.109935E-01
    NuBT=1
    CPU =0.000057

ITER: 153
    HPWL=6208.507812
    OVFL=0.456148
    HPWL=(3015.344238, 3193.163574)
    POTN=9.077568E+03
    PHIC=1.096896E-05
    GRAD=1.109736E-01
    NuBT=1
    CPU =0.000069

ITER: 154
    HPWL=6208.925781
    OVFL=0.455977
    HPWL=(3015.780029, 3193.145996)
    POTN=9.022674E+03
    PHIC=1.151741E-05
    GRAD=1.111508E-01
    NuBT=1
    CPU =0.000057

ITER: 155
    HPWL=6209.584961
    OVFL=0.455450
    HPWL=(3016.456543, 3193.128662)
    POTN=8.936636E+03
    PHIC=1.209328E-05
    GRAD=1.112424E-01
    NuBT=1
    CPU =0.000055

ITER: 156
    HPWL=6209.762695
    OVFL=0.455157
    HPWL=(3016.656494, 3193.105957)
    POTN=8.884439E+03
    PHIC=1.269794E-05
    GRAD=1.115237E-01
    NuBT=1
    CPU =0.000053

ITER: 157
    HPWL=6209.598145
    OVFL=0.454517
    HPWL=(3016.516602, 3193.081543)
    POTN=8.802727E+03
    PHIC=1.333284E-05
    GRAD=1.116763E-01
    NuBT=1
    CPU =0.000055

ITER: 158
    HPWL=6209.547852
    OVFL=0.454140
    HPWL=(3016.487549, 3193.060303)
    POTN=8.756601E+03
    PHIC=1.399948E-05
    GRAD=1.120162E-01
    NuBT=1
    CPU =0.000055

ITER: 159
    HPWL=6209.858398
    OVFL=0.453451
    HPWL=(3016.828857, 3193.029297)
    POTN=8.677158E+03
    PHIC=1.469945E-05
    GRAD=1.122180E-01
    NuBT=1
    CPU =0.000056

ITER: 160
    HPWL=6210.273438
    OVFL=0.453063
    HPWL=(3017.266357, 3193.007080)
    POTN=8.614557E+03
    PHIC=1.543442E-05
    GRAD=1.125913E-01
    NuBT=1
    CPU =0.000056

ITER: 161
    HPWL=6210.464844
    OVFL=0.452364
    HPWL=(3017.491455, 3192.973633)
    POTN=8.514916E+03
    PHIC=1.620614E-05
    GRAD=1.127963E-01
    NuBT=1
    CPU =0.000056

ITER: 162
    HPWL=6210.437988
    OVFL=0.452033
    HPWL=(3017.494629, 3192.943359)
    POTN=8.443010E+03
    PHIC=1.701645E-05
    GRAD=1.131735E-01
    NuBT=1
    CPU =0.000057

ITER: 163
    HPWL=6210.438477
    OVFL=0.451387
    HPWL=(3017.523438, 3192.914795)
    POTN=8.356992E+03
    PHIC=1.786727E-05
    GRAD=1.133446E-01
    NuBT=1
    CPU =0.000056

ITER: 164
    HPWL=6210.601562
    OVFL=0.451133
    HPWL=(3017.715820, 3192.885498)
    POTN=8.306977E+03
    PHIC=1.876063E-05
    GRAD=1.136950E-01
    NuBT=1
    CPU =0.000057

ITER: 165
    HPWL=6210.516602
    OVFL=0.450573
    HPWL=(3017.649902, 3192.866943)
    POTN=8.226062E+03
    PHIC=1.969866E-05
    GRAD=1.138220E-01
    NuBT=1
    CPU =0.000055

ITER: 166
    HPWL=6210.242188
    OVFL=0.450407
    HPWL=(3017.392578, 3192.849365)
    POTN=8.173761E+03
    PHIC=2.068360E-05
    GRAD=1.141179E-01
    NuBT=1
    CPU =0.000056

ITER: 167
    HPWL=6210.244141
    OVFL=0.449957
    HPWL=(3017.414062, 3192.829834)
    POTN=8.090587E+03
    PHIC=2.171777E-05
    GRAD=1.141969E-01
    NuBT=1
    CPU =0.000057

ITER: 168
    HPWL=6210.725098
    OVFL=0.449893
    HPWL=(3017.904785, 3192.820312)
    POTN=8.041042E+03
    PHIC=2.280366E-05
    GRAD=1.144399E-01
    NuBT=1
    CPU =0.000057

ITER: 169
    HPWL=6211.132324
    OVFL=0.449512
    HPWL=(3018.327148, 3192.805176)
    POTN=7.973861E+03
    PHIC=2.394384E-05
    GRAD=1.144635E-01
    NuBT=1
    CPU =0.000055

ITER: 170
    HPWL=6211.014648
    OVFL=0.449542
    HPWL=(3018.221924, 3192.792969)
    POTN=7.941084E+03
    PHIC=2.514103E-05
    GRAD=1.146635E-01
    NuBT=1
    CPU =0.000074

ITER: 171
    HPWL=6210.712891
    OVFL=0.449223
    HPWL=(3017.921143, 3192.791748)
    POTN=7.883846E+03
    PHIC=2.639808E-05
    GRAD=1.146275E-01
    NuBT=1
    CPU =0.000054

ITER: 172
    HPWL=6210.687988
    OVFL=0.449284
    HPWL=(3017.896729, 3192.791260)
    POTN=7.852459E+03
    PHIC=2.771798E-05
    GRAD=1.147899E-01
    NuBT=1
    CPU =0.000057

ITER: 173
    HPWL=6209.581055
    OVFL=0.449007
    HPWL=(3016.800537, 3192.780273)
    POTN=7.790629E+03
    PHIC=2.910388E-05
    GRAD=1.147277E-01
    NuBT=2
    CPU =0.000076

ITER: 174
    HPWL=6208.931641
    OVFL=0.449023
    HPWL=(3016.150391, 3192.781006)
    POTN=7.735265E+03
    PHIC=3.055907E-05
    GRAD=1.148619E-01
    NuBT=1
    CPU =0.000053

ITER: 175
    HPWL=6209.727539
    OVFL=0.448737
    HPWL=(3016.960938, 3192.766602)
    POTN=7.663057E+03
    PHIC=3.208702E-05
    GRAD=1.148434E-01
    NuBT=1
    CPU =0.000057

ITER: 176
    HPWL=6209.839844
    OVFL=0.448702
    HPWL=(3017.075195, 3192.764404)
    POTN=7.614643E+03
    PHIC=3.369137E-05
    GRAD=1.149875E-01
    NuBT=2
    CPU =0.000080

ITER: 177
    HPWL=6210.451660
    OVFL=0.448297
    HPWL=(3017.695557, 3192.756104)
    POTN=7.558747E+03
    PHIC=3.537593E-05
    GRAD=1.149902E-01
    NuBT=1
    CPU =0.000053

ITER: 178
    HPWL=6210.906738
    OVFL=0.448155
    HPWL=(3018.166504, 3192.740234)
    POTN=7.523775E+03
    PHIC=3.714472E-05
    GRAD=1.152052E-01
    NuBT=1
    CPU =0.000056

ITER: 179
    HPWL=6210.842773
    OVFL=0.447657
    HPWL=(3018.113525, 3192.729248)
    POTN=7.475301E+03
    PHIC=3.900196E-05
    GRAD=1.152615E-01
    NuBT=1
    CPU =0.000057

ITER: 180
    HPWL=6210.628418
    OVFL=0.447432
    HPWL=(3017.918213, 3192.710205)
    POTN=7.445893E+03
    PHIC=4.095205E-05
    GRAD=1.155212E-01
    NuBT=1
    CPU =0.000058

ITER: 181
    HPWL=6210.827148
    OVFL=0.446792
    HPWL=(3018.142822, 3192.684326)
    POTN=7.402720E+03
    PHIC=4.299965E-05
    GRAD=1.156251E-01
    NuBT=1
    CPU =0.000056

ITER: 182
    HPWL=6211.263672
    OVFL=0.446416
    HPWL=(3018.603027, 3192.660400)
    POTN=7.367956E+03
    PHIC=4.514963E-05
    GRAD=1.159706E-01
    NuBT=1
    CPU =0.000057

ITER: 183
    HPWL=6211.583984
    OVFL=0.445597
    HPWL=(3018.960693, 3192.623291)
    POTN=7.323440E+03
    PHIC=4.740711E-05
    GRAD=1.161587E-01
    NuBT=1
    CPU =0.000054

ITER: 184
    HPWL=6211.510742
    OVFL=0.445080
    HPWL=(3018.925537, 3192.585449)
    POTN=7.289107E+03
    PHIC=4.977746E-05
    GRAD=1.165992E-01
    NuBT=1
    CPU =0.000056

ITER: 185
    HPWL=6211.232910
    OVFL=0.444611
    HPWL=(3018.694092, 3192.538818)
    POTN=7.248081E+03
    PHIC=5.226633E-05
    GRAD=1.168618E-01
    NuBT=1
    CPU =0.000056

ITER: 186
    HPWL=6211.160156
    OVFL=0.444617
    HPWL=(3018.664795, 3192.495605)
    POTN=7.213318E+03
    PHIC=5.487965E-05
    GRAD=1.170995E-01
    NuBT=1
    CPU =0.000055

ITER: 187
    HPWL=6211.452148
    OVFL=0.444254
    HPWL=(3019.001709, 3192.450439)
    POTN=7.174825E+03
    PHIC=5.762362E-05
    GRAD=1.170651E-01
    NuBT=1
    CPU =0.000068

ITER: 188
    HPWL=6211.674805
    OVFL=0.444208
    HPWL=(3019.269775, 3192.405273)
    POTN=7.149307E+03
    PHIC=6.050480E-05
    GRAD=1.172435E-01
    NuBT=1
    CPU =0.000054

ITER: 189
    HPWL=6211.707031
    OVFL=0.443797
    HPWL=(3019.354736, 3192.352539)
    POTN=7.119541E+03
    PHIC=6.353004E-05
    GRAD=1.172328E-01
    NuBT=1
    CPU =0.000057

ITER: 190
    HPWL=6211.859375
    OVFL=0.443685
    HPWL=(3019.560791, 3192.298828)
    POTN=7.082813E+03
    PHIC=6.670654E-05
    GRAD=1.174354E-01
    NuBT=1
    CPU =0.000056

ITER: 191
    HPWL=6211.975098
    OVFL=0.443195
    HPWL=(3019.728760, 3192.246338)
    POTN=7.036956E+03
    PHIC=7.004186E-05
    GRAD=1.174609E-01
    NuBT=1
    CPU =0.000053

ITER: 192
    HPWL=6212.476074
    OVFL=0.443035
    HPWL=(3020.270752, 3192.205322)
    POTN=6.984111E+03
    PHIC=7.354394E-05
    GRAD=1.177132E-01
    NuBT=1
    CPU =0.000057

ITER: 193
    HPWL=6212.708008
    OVFL=0.442517
    HPWL=(3020.525146, 3192.182617)
    POTN=6.932769E+03
    PHIC=7.722114E-05
    GRAD=1.177627E-01
    NuBT=1
    CPU =0.000056

ITER: 194
    HPWL=6212.918457
    OVFL=0.442542
    HPWL=(3020.801514, 3192.116943)
    POTN=6.896057E+03
    PHIC=8.108219E-05
    GRAD=1.180270E-01
    NuBT=1
    CPU =0.000056

ITER: 195
    HPWL=6212.378906
    OVFL=0.442176
    HPWL=(3020.425049, 3191.954102)
    POTN=6.859546E+03
    PHIC=8.513629E-05
    GRAD=1.179607E-01
    NuBT=1
    CPU =0.000056

ITER: 196
    HPWL=6212.351562
    OVFL=0.442078
    HPWL=(3020.468506, 3191.882812)
    POTN=6.830072E+03
    PHIC=8.939311E-05
    GRAD=1.181244E-01
    NuBT=1
    CPU =0.000054

ITER: 197
    HPWL=6212.114258
    OVFL=0.441612
    HPWL=(3020.256348, 3191.857910)
    POTN=6.795954E+03
    PHIC=9.386276E-05
    GRAD=1.181232E-01
    NuBT=1
    CPU =0.000058

ITER: 198
    HPWL=6212.533203
    OVFL=0.441394
    HPWL=(3020.662598, 3191.870605)
    POTN=6.759127E+03
    PHIC=9.855588E-05
    GRAD=1.183482E-01
    NuBT=1
    CPU =0.000057

ITER: 199
    HPWL=6212.958008
    OVFL=0.440828
    HPWL=(3021.074463, 3191.883545)
    POTN=6.709178E+03
    PHIC=1.034837E-04
    GRAD=1.184219E-01
    NuBT=1
    CPU =0.000056

ITER: 200
    HPWL=6213.550781
    OVFL=0.440537
    HPWL=(3021.635498, 3191.915039)
    POTN=6.670200E+03
    PHIC=1.086578E-04
    GRAD=1.186974E-01
    NuBT=1
    CPU =0.000055

ITER: 201
    HPWL=6213.694336
    OVFL=0.439936
    HPWL=(3021.781250, 3191.913086)
    POTN=6.618604E+03
    PHIC=1.140907E-04
    GRAD=1.188018E-01
    NuBT=1
    CPU =0.000056

ITER: 202
    HPWL=6214.191406
    OVFL=0.439629
    HPWL=(3022.283691, 3191.907715)
    POTN=6.586003E+03
    PHIC=1.197952E-04
    GRAD=1.190923E-01
    NuBT=1
    CPU =0.000058

ITER: 203
    HPWL=6214.375000
    OVFL=0.439012
    HPWL=(3022.498291, 3191.876465)
    POTN=6.533864E+03
    PHIC=1.257850E-04
    GRAD=1.192020E-01
    NuBT=1
    CPU =0.000055

ITER: 204
    HPWL=6214.665039
    OVFL=0.438669
    HPWL=(3022.838135, 3191.826904)
    POTN=6.500830E+03
    PHIC=1.320742E-04
    GRAD=1.194891E-01
    NuBT=1
    CPU =0.000059

ITER: 205
    HPWL=6214.839844
    OVFL=0.438015
    HPWL=(3023.085693, 3191.754395)
    POTN=6.444687E+03
    PHIC=1.386779E-04
    GRAD=1.196002E-01
    NuBT=1
    CPU =0.000066

ITER: 206
    HPWL=6215.318359
    OVFL=0.437613
    HPWL=(3023.640869, 3191.677490)
    POTN=6.413081E+03
    PHIC=1.456118E-04
    GRAD=1.198950E-01
    NuBT=1
    CPU =0.000054

ITER: 207
    HPWL=6215.494141
    OVFL=0.436906
    HPWL=(3023.890381, 3191.604004)
    POTN=6.356810E+03
    PHIC=1.528924E-04
    GRAD=1.200291E-01
    NuBT=1
    CPU =0.000055

ITER: 208
    HPWL=6216.128906
    OVFL=0.436456
    HPWL=(3024.589111, 3191.539551)
    POTN=6.323634E+03
    PHIC=1.605370E-04
    GRAD=1.203477E-01
    NuBT=1
    CPU =0.000056

ITER: 209
    HPWL=6216.170898
    OVFL=0.435680
    HPWL=(3024.677246, 3191.493896)
    POTN=6.265774E+03
    PHIC=1.685638E-04
    GRAD=1.204933E-01
    NuBT=1
    CPU =0.000057

ITER: 210
    HPWL=6216.991211
    OVFL=0.435102
    HPWL=(3025.516113, 3191.475342)
    POTN=6.223794E+03
    PHIC=1.769920E-04
    GRAD=1.208398E-01
    NuBT=1
    CPU =0.000057

ITER: 211
    HPWL=6216.492188
    OVFL=0.434375
    HPWL=(3025.114502, 3191.377930)
    POTN=6.162435E+03
    PHIC=1.858415E-04
    GRAD=1.210425E-01
    NuBT=1
    CPU =0.000057

ITER: 212
    HPWL=6217.342773
    OVFL=0.433765
    HPWL=(3025.911621, 3191.431152)
    POTN=6.114076E+03
    PHIC=1.951336E-04
    GRAD=1.213271E-01
    NuBT=1
    CPU =0.000055

ITER: 213
    HPWL=6217.323242
    OVFL=0.432889
    HPWL=(3025.757568, 3191.565674)
    POTN=6.041289E+03
    PHIC=2.048903E-04
    GRAD=1.215264E-01
    NuBT=1
    CPU =0.000055

ITER: 214
    HPWL=6218.812012
    OVFL=0.432296
    HPWL=(3027.062988, 3191.749023)
    POTN=5.975971E+03
    PHIC=2.151347E-04
    GRAD=1.219079E-01
    NuBT=1
    CPU =0.000058

ITER: 215
    HPWL=6218.719238
    OVFL=0.430999
    HPWL=(3026.733398, 3191.985840)
    POTN=5.886423E+03
    PHIC=2.258915E-04
    GRAD=1.220923E-01
    NuBT=1
    CPU =0.000057

ITER: 216
    HPWL=6219.838867
    OVFL=0.429745
    HPWL=(3027.571045, 3192.267578)
    POTN=5.796288E+03
    PHIC=2.371860E-04
    GRAD=1.227148E-01
    NuBT=1
    CPU =0.000055

ITER: 217
    HPWL=6220.086914
    OVFL=0.427306
    HPWL=(3027.481934, 3192.604736)
    POTN=5.675411E+03
    PHIC=2.490453E-04
    GRAD=1.232922E-01
    NuBT=1
    CPU =0.000057

ITER: 218
    HPWL=6221.977539
    OVFL=0.426091
    HPWL=(3029.031982, 3192.945801)
    POTN=5.583732E+03
    PHIC=2.614975E-04
    GRAD=1.246174E-01
    NuBT=1
    CPU =0.000056

ITER: 219
    HPWL=6222.500000
    OVFL=0.424377
    HPWL=(3028.944092, 3193.555664)
    POTN=5.458783E+03
    PHIC=2.745723E-04
    GRAD=1.251849E-01
    NuBT=1
    CPU =0.000054

ITER: 220
    HPWL=6223.955078
    OVFL=0.423949
    HPWL=(3030.035400, 3193.919922)
    POTN=5.386055E+03
    PHIC=2.883009E-04
    GRAD=1.260776E-01
    NuBT=1
    CPU =0.000057

ITER: 221
    HPWL=6223.214355
    OVFL=0.423141
    HPWL=(3028.755127, 3194.459229)
    POTN=5.308031E+03
    PHIC=3.027159E-04
    GRAD=1.261666E-01
    NuBT=1
    CPU =0.000056

ITER: 222
    HPWL=6224.132812
    OVFL=0.422840
    HPWL=(3029.377930, 3194.755127)
    POTN=5.252302E+03
    PHIC=3.178516E-04
    GRAD=1.265019E-01
    NuBT=1
    CPU =0.000068

ITER: 223
    HPWL=6224.676758
    OVFL=0.421530
    HPWL=(3029.323242, 3195.353516)
    POTN=5.166606E+03
    PHIC=3.337442E-04
    GRAD=1.265136E-01
    NuBT=1
    CPU =0.000055

ITER: 224
    HPWL=6225.905762
    OVFL=0.420990
    HPWL=(3030.251465, 3195.654297)
    POTN=5.109731E+03
    PHIC=3.504313E-04
    GRAD=1.271327E-01
    NuBT=1
    CPU =0.000058

ITER: 225
    HPWL=6226.004883
    OVFL=0.419476
    HPWL=(3030.045898, 3195.959229)
    POTN=5.033265E+03
    PHIC=3.679528E-04
    GRAD=1.272526E-01
    NuBT=1
    CPU =0.000055

ITER: 226
    HPWL=6227.062500
    OVFL=0.418071
    HPWL=(3030.878174, 3196.184082)
    POTN=4.959610E+03
    PHIC=3.863504E-04
    GRAD=1.279379E-01
    NuBT=1
    CPU =0.000057

ITER: 227
    HPWL=6228.211426
    OVFL=0.416876
    HPWL=(3031.430420, 3196.781006)
    POTN=4.888922E+03
    PHIC=4.056679E-04
    GRAD=1.285403E-01
    NuBT=1
    CPU =0.000053

ITER: 228
    HPWL=6228.795898
    OVFL=0.414766
    HPWL=(3031.763184, 3197.032471)
    POTN=4.819772E+03
    PHIC=4.259512E-04
    GRAD=1.290164E-01
    NuBT=1
    CPU =0.000056

ITER: 229
    HPWL=6230.947266
    OVFL=0.414136
    HPWL=(3032.578125, 3198.369141)
    POTN=4.760939E+03
    PHIC=4.472486E-04
    GRAD=1.300252E-01
    NuBT=1
    CPU =0.000056

ITER: 230
    HPWL=6228.690918
    OVFL=0.412707
    HPWL=(3031.896484, 3196.794434)
    POTN=4.705654E+03
    PHIC=4.696110E-04
    GRAD=1.301083E-01
    NuBT=1
    CPU =0.000056

ITER: 231
    HPWL=6229.770508
    OVFL=0.410973
    HPWL=(3032.290527, 3197.479980)
    POTN=4.625176E+03
    PHIC=4.930915E-04
    GRAD=1.306847E-01
    NuBT=1
    CPU =0.000057

ITER: 232
    HPWL=6228.793457
    OVFL=0.408822
    HPWL=(3032.193359, 3196.600098)
    POTN=4.554830E+03
    PHIC=5.177460E-04
    GRAD=1.314632E-01
    NuBT=1
    CPU =0.000056

ITER: 233
    HPWL=6230.087891
    OVFL=0.406612
    HPWL=(3032.437256, 3197.650391)
    POTN=4.462167E+03
    PHIC=5.436332E-04
    GRAD=1.324825E-01
    NuBT=1
    CPU =0.000056

ITER: 234
    HPWL=6229.865723
    OVFL=0.403386
    HPWL=(3032.820068, 3197.045654)
    POTN=4.364637E+03
    PHIC=5.708148E-04
    GRAD=1.335389E-01
    NuBT=1
    CPU =0.000056

ITER: 235
    HPWL=6230.731445
    OVFL=0.400563
    HPWL=(3033.036377, 3197.695068)
    POTN=4.284265E+03
    PHIC=5.993555E-04
    GRAD=1.352020E-01
    NuBT=1
    CPU =0.000057

ITER: 236
    HPWL=6231.281250
    OVFL=0.397561
    HPWL=(3033.804932, 3197.476318)
    POTN=4.191810E+03
    PHIC=6.293232E-04
    GRAD=1.366195E-01
    NuBT=1
    CPU =0.000054

ITER: 237
    HPWL=6232.293945
    OVFL=0.395355
    HPWL=(3034.114258, 3198.179443)
    POTN=4.124358E+03
    PHIC=6.607893E-04
    GRAD=1.381463E-01
    NuBT=1
    CPU =0.000057

ITER: 238
    HPWL=6232.949219
    OVFL=0.393284
    HPWL=(3034.366455, 3198.583008)
    POTN=4.083982E+03
    PHIC=6.938286E-04
    GRAD=1.391455E-01
    NuBT=1
    CPU =0.000062

ITER: 239
    HPWL=6234.751953
    OVFL=0.391065
    HPWL=(3034.892334, 3199.859863)
    POTN=4.015922E+03
    PHIC=7.285199E-04
    GRAD=1.400536E-01
    NuBT=1
    CPU =0.000055

ITER: 240
    HPWL=6235.344727
    OVFL=0.389852
    HPWL=(3034.725342, 3200.619629)
    POTN=3.959850E+03
    PHIC=7.649458E-04
    GRAD=1.410477E-01
    NuBT=1
    CPU =0.000069

ITER: 241
    HPWL=6236.379395
    OVFL=0.388684
    HPWL=(3034.975342, 3201.404053)
    POTN=3.909240E+03
    PHIC=8.031929E-04
    GRAD=1.413814E-01
    NuBT=2
    CPU =0.000078

ITER: 242
    HPWL=6237.351562
    OVFL=0.385955
    HPWL=(3035.249756, 3202.101562)
    POTN=3.838428E+03
    PHIC=8.433524E-04
    GRAD=1.416634E-01
    NuBT=1
    CPU =0.000054

ITER: 243
    HPWL=6238.825684
    OVFL=0.383002
    HPWL=(3036.003418, 3202.822266)
    POTN=3.741211E+03
    PHIC=8.855198E-04
    GRAD=1.429101E-01
    NuBT=2
    CPU =0.000082

ITER: 244
    HPWL=6240.196777
    OVFL=0.380630
    HPWL=(3036.645020, 3203.551758)
    POTN=3.672575E+03
    PHIC=9.297955E-04
    GRAD=1.442860E-01
    NuBT=1
    CPU =0.000054

ITER: 245
    HPWL=6243.312012
    OVFL=0.376040
    HPWL=(3037.485107, 3205.826904)
    POTN=3.538685E+03
    PHIC=9.762848E-04
    GRAD=1.452400E-01
    NuBT=1
    CPU =0.000057

ITER: 246
    HPWL=6242.762695
    OVFL=0.372142
    HPWL=(3037.621582, 3205.141357)
    POTN=3.432279E+03
    PHIC=1.025099E-03
    GRAD=1.476506E-01
    NuBT=2
    CPU =0.000082

ITER: 247
    HPWL=6246.031250
    OVFL=0.369153
    HPWL=(3038.559814, 3207.471680)
    POTN=3.312969E+03
    PHIC=1.076353E-03
    GRAD=1.496192E-01
    NuBT=1
    CPU =0.000055

ITER: 248
    HPWL=6249.814453
    OVFL=0.366719
    HPWL=(3038.299316, 3211.514893)
    POTN=3.215696E+03
    PHIC=1.130170E-03
    GRAD=1.510253E-01
    NuBT=1
    CPU =0.000055

ITER: 249
    HPWL=6254.820312
    OVFL=0.363967
    HPWL=(3039.114990, 3215.705322)
    POTN=3.113763E+03
    PHIC=1.186678E-03
    GRAD=1.519946E-01
    NuBT=2
    CPU =0.000080

ITER: 250
    HPWL=6256.826172
    OVFL=0.361983
    HPWL=(3039.057373, 3217.768555)
    POTN=3.050054E+03
    PHIC=1.246011E-03
    GRAD=1.531333E-01
    NuBT=1
    CPU =0.000054

ITER: 251
    HPWL=6259.875000
    OVFL=0.359862
    HPWL=(3038.711426, 3221.163330)
    POTN=2.962887E+03
    PHIC=1.308311E-03
    GRAD=1.536542E-01
    NuBT=1
    CPU =0.000057

ITER: 252
    HPWL=6258.782227
    OVFL=0.357471
    HPWL=(3037.582520, 3221.199463)
    POTN=2.924941E+03
    PHIC=1.373727E-03
    GRAD=1.542101E-01
    NuBT=1
    CPU =0.000057

ITER: 253
    HPWL=6257.699219
    OVFL=0.353837
    HPWL=(3036.636475, 3221.062988)
    POTN=2.836958E+03
    PHIC=1.442413E-03
    GRAD=1.548862E-01
    NuBT=1
    CPU =0.000054

ITER: 254
    HPWL=6255.558594
    OVFL=0.351471
    HPWL=(3035.694580, 3219.864258)
    POTN=2.812338E+03
    PHIC=1.514534E-03
    GRAD=1.564501E-01
    NuBT=1
    CPU =0.000057

ITER: 255
    HPWL=6252.244629
    OVFL=0.349020
    HPWL=(3034.810059, 3217.434570)
    POTN=2.770548E+03
    PHIC=1.590260E-03
    GRAD=1.571246E-01
    NuBT=1
    CPU =0.000057

ITER: 256
    HPWL=6251.494141
    OVFL=0.347162
    HPWL=(3034.542969, 3216.951416)
    POTN=2.724442E+03
    PHIC=1.669773E-03
    GRAD=1.578207E-01
    NuBT=1
    CPU =0.000068

ITER: 257
    HPWL=6254.884277
    OVFL=0.344508
    HPWL=(3034.024902, 3220.859375)
    POTN=2.659573E+03
    PHIC=1.753261E-03
    GRAD=1.580479E-01
    NuBT=2
    CPU =0.000079

ITER: 258
    HPWL=6253.699219
    OVFL=0.342451
    HPWL=(3033.851074, 3219.847900)
    POTN=2.590568E+03
    PHIC=1.840924E-03
    GRAD=1.586822E-01
    NuBT=2
    CPU =0.000079

ITER: 259
    HPWL=6256.639160
    OVFL=0.339512
    HPWL=(3034.625732, 3222.013428)
    POTN=2.501312E+03
    PHIC=1.932969E-03
    GRAD=1.588437E-01
    NuBT=2
    CPU =0.000079

ITER: 260
    HPWL=6261.481445
    OVFL=0.336415
    HPWL=(3035.680420, 3225.801025)
    POTN=2.452393E+03
    PHIC=2.029616E-03
    GRAD=1.597180E-01
    NuBT=1
    CPU =0.000054

ITER: 261
    HPWL=6260.886230
    OVFL=0.332248
    HPWL=(3037.616455, 3223.269775)
    POTN=2.327677E+03
    PHIC=2.131097E-03
    GRAD=1.605919E-01
    NuBT=2
    CPU =0.000083

ITER: 262
    HPWL=6264.397461
    OVFL=0.328445
    HPWL=(3039.488281, 3224.908936)
    POTN=2.237680E+03
    PHIC=2.237651E-03
    GRAD=1.620796E-01
    NuBT=1
    CPU =0.000054

ITER: 263
    HPWL=6271.258789
    OVFL=0.322729
    HPWL=(3041.021729, 3230.237061)
    POTN=2.139960E+03
    PHIC=2.349531E-03
    GRAD=1.632840E-01
    NuBT=1
    CPU =0.000058

ITER: 264
    HPWL=6273.976074
    OVFL=0.320211
    HPWL=(3042.218750, 3231.757324)
    POTN=2.099373E+03
    PHIC=2.467006E-03
    GRAD=1.658060E-01
    NuBT=2
    CPU =0.000078

ITER: 265
    HPWL=6274.091797
    OVFL=0.316015
    HPWL=(3041.375732, 3232.716064)
    POTN=2.023564E+03
    PHIC=2.590357E-03
    GRAD=1.660429E-01
    NuBT=1
    CPU =0.000054

ITER: 266
    HPWL=6276.842773
    OVFL=0.312030
    HPWL=(3041.297363, 3235.545410)
    POTN=1.970464E+03
    PHIC=2.719873E-03
    GRAD=1.673273E-01
    NuBT=2
    CPU =0.000079

ITER: 267
    HPWL=6281.826172
    OVFL=0.307671
    HPWL=(3041.851074, 3239.975098)
    POTN=1.876825E+03
    PHIC=2.855865E-03
    GRAD=1.684460E-01
    NuBT=1
    CPU =0.000053

ITER: 268
    HPWL=6279.038086
    OVFL=0.305016
    HPWL=(3041.372559, 3237.665771)
    POTN=1.811345E+03
    PHIC=2.998658E-03
    GRAD=1.694794E-01
    NuBT=1
    CPU =0.000058

ITER: 269
    HPWL=6277.235352
    OVFL=0.302507
    HPWL=(3041.750732, 3235.484375)
    POTN=1.748982E+03
    PHIC=3.148591E-03
    GRAD=1.693128E-01
    NuBT=2
    CPU =0.000082

ITER: 270
    HPWL=6281.141602
    OVFL=0.299119
    HPWL=(3042.522461, 3238.619141)
    POTN=1.723384E+03
    PHIC=3.306018E-03
    GRAD=1.691478E-01
    NuBT=1
    CPU =0.000054

ITER: 271
    HPWL=6280.944336
    OVFL=0.294169
    HPWL=(3042.348145, 3238.596191)
    POTN=1.641550E+03
    PHIC=3.471319E-03
    GRAD=1.694220E-01
    NuBT=1
    CPU =0.000069

ITER: 272
    HPWL=6283.222656
    OVFL=0.291061
    HPWL=(3042.548584, 3240.674072)
    POTN=1.610920E+03
    PHIC=3.644883E-03
    GRAD=1.708752E-01
    NuBT=1
    CPU =0.000060

ITER: 273
    HPWL=6284.604492
    OVFL=0.284988
    HPWL=(3042.068359, 3242.536133)
    POTN=1.541266E+03
    PHIC=3.827126E-03
    GRAD=1.706318E-01
    NuBT=1
    CPU =0.000056

ITER: 274
    HPWL=6294.464844
    OVFL=0.278471
    HPWL=(3042.456299, 3252.008545)
    POTN=1.471572E+03
    PHIC=4.018477E-03
    GRAD=1.725524E-01
    NuBT=2
    CPU =0.000079

ITER: 275
    HPWL=6309.058594
    OVFL=0.271935
    HPWL=(3040.710205, 3268.348145)
    POTN=1.376199E+03
    PHIC=4.219392E-03
    GRAD=1.746653E-01
    NuBT=1
    CPU =0.000054

ITER: 276
    HPWL=6344.517578
    OVFL=0.263445
    HPWL=(3038.941895, 3305.575684)
    POTN=1.244801E+03
    PHIC=4.430340E-03
    GRAD=1.770774E-01
    NuBT=2
    CPU =0.000077

ITER: 277
    HPWL=6346.308105
    OVFL=0.259071
    HPWL=(3033.917236, 3312.390869)
    POTN=1.145149E+03
    PHIC=4.651855E-03
    GRAD=1.801763E-01
    NuBT=2
    CPU =0.000081

ITER: 278
    HPWL=6347.126465
    OVFL=0.256413
    HPWL=(3029.284180, 3317.842285)
    POTN=1.108220E+03
    PHIC=4.884447E-03
    GRAD=1.806339E-01
    NuBT=2
    CPU =0.000078

ITER: 279
    HPWL=6345.999023
    OVFL=0.253834
    HPWL=(3016.379639, 3329.619629)
    POTN=1.085707E+03
    PHIC=5.128669E-03
    GRAD=1.792364E-01
    NuBT=1
    CPU =0.000054

ITER: 280
    HPWL=6339.825195
    OVFL=0.249907
    HPWL=(3009.237549, 3330.587891)
    POTN=1.082407E+03
    PHIC=5.385102E-03
    GRAD=1.785425E-01
    NuBT=2
    CPU =0.000081

ITER: 281
    HPWL=6346.310547
    OVFL=0.242451
    HPWL=(3005.726074, 3340.584717)
    POTN=1.004526E+03
    PHIC=5.654352E-03
    GRAD=1.778154E-01
    NuBT=2
    CPU =0.000079

ITER: 282
    HPWL=6354.215820
    OVFL=0.236246
    HPWL=(3005.291260, 3348.924561)
    POTN=9.424689E+02
    PHIC=5.937062E-03
    GRAD=1.796754E-01
    NuBT=1
    CPU =0.000054

ITER: 283
    HPWL=6361.100098
    OVFL=0.229985
    HPWL=(3004.250977, 3356.849121)
    POTN=8.990909E+02
    PHIC=6.233909E-03
    GRAD=1.794534E-01
    NuBT=1
    CPU =0.000058

ITER: 284
    HPWL=6380.855469
    OVFL=0.223020
    HPWL=(3004.390625, 3376.464600)
    POTN=7.930403E+02
    PHIC=6.545585E-03
    GRAD=1.799906E-01
    NuBT=1
    CPU =0.000055

ITER: 285
    HPWL=6396.822754
    OVFL=0.212190
    HPWL=(3006.439209, 3390.383545)
    POTN=7.062626E+02
    PHIC=6.872849E-03
    GRAD=1.796244E-01
    NuBT=1
    CPU =0.000055

ITER: 286
    HPWL=6414.558594
    OVFL=0.197387
    HPWL=(3003.523682, 3411.034668)
    POTN=5.994390E+02
    PHIC=7.216473E-03
    GRAD=1.830989E-01
    NuBT=1
    CPU =0.000072

ITER: 287
    HPWL=6420.876465
    OVFL=0.186379
    HPWL=(3003.186768, 3417.689697)
    POTN=5.269494E+02
    PHIC=7.577289E-03
    GRAD=1.861420E-01
    NuBT=2
    CPU =0.000079

ITER: 288
    HPWL=6415.384766
    OVFL=0.182958
    HPWL=(2998.732666, 3416.652344)
    POTN=4.984120E+02
    PHIC=7.956153E-03
    GRAD=1.886043E-01
    NuBT=1
    CPU =0.000054

ITER: 289
    HPWL=6409.353516
    OVFL=0.188611
    HPWL=(2996.764404, 3412.589355)
    POTN=5.139209E+02
    PHIC=8.353960E-03
    GRAD=1.860859E-01
    NuBT=1
    CPU =0.000057

ITER: 290
    HPWL=6400.010254
    OVFL=0.191945
    HPWL=(2993.041016, 3406.969238)
    POTN=5.294217E+02
    PHIC=8.771657E-03
    GRAD=1.804968E-01
    NuBT=1
    CPU =0.000057

ITER: 291
    HPWL=6401.395508
    OVFL=0.187843
    HPWL=(2995.649902, 3405.745850)
    POTN=4.903596E+02
    PHIC=9.210237E-03
    GRAD=1.736741E-01
    NuBT=1
    CPU =0.000057

ITER: 292
    HPWL=6395.525391
    OVFL=0.180229
    HPWL=(2992.170166, 3403.354980)
    POTN=4.441828E+02
    PHIC=9.670748E-03
    GRAD=1.711200E-01
    NuBT=1
    CPU =0.000058

ITER: 293
    HPWL=6409.521484
    OVFL=0.172490
    HPWL=(3000.039551, 3409.482178)
    POTN=4.078476E+02
    PHIC=1.015427E-02
    GRAD=1.705152E-01
    NuBT=1
    CPU =0.000054

ITER: 294
    HPWL=6401.177734
    OVFL=0.170002
    HPWL=(2992.868652, 3408.308838)
    POTN=3.938943E+02
    PHIC=1.066198E-02
    GRAD=1.699181E-01
    NuBT=2
    CPU =0.000075

ITER: 295
    HPWL=6403.009766
    OVFL=0.168579
    HPWL=(2997.790039, 3405.219727)
    POTN=3.815750E+02
    PHIC=1.119507E-02
    GRAD=1.660995E-01
    NuBT=2
    CPU =0.000075

ITER: 296
    HPWL=6402.461914
    OVFL=0.169788
    HPWL=(2997.518066, 3404.944092)
    POTN=3.650488E+02
    PHIC=1.175483E-02
    GRAD=1.629987E-01
    NuBT=2
    CPU =0.000075

ITER: 297
    HPWL=6395.083984
    OVFL=0.168369
    HPWL=(2992.620850, 3402.462891)
    POTN=3.626405E+02
    PHIC=1.234257E-02
    GRAD=1.581737E-01
    NuBT=1
    CPU =0.000053

ITER: 298
    HPWL=6389.566895
    OVFL=0.168741
    HPWL=(2993.007568, 3396.559326)
    POTN=3.471086E+02
    PHIC=1.295970E-02
    GRAD=1.540773E-01
    NuBT=1
    CPU =0.000054

ITER: 299
    HPWL=6382.415039
    OVFL=0.170187
    HPWL=(2994.474121, 3387.941162)
    POTN=3.364171E+02
    PHIC=1.360768E-02
    GRAD=1.490814E-01
    NuBT=1
    CPU =0.000054

ITER: 300
    HPWL=6380.520508
    OVFL=0.173143
    HPWL=(2990.234375, 3390.285889)
    POTN=3.308625E+02
    PHIC=1.428806E-02
    GRAD=1.448534E-01
    NuBT=1
    CPU =0.000053

ITER: 301
    HPWL=6382.785156
    OVFL=0.173844
    HPWL=(2994.332031, 3388.453369)
    POTN=3.085873E+02
    PHIC=1.500246E-02
    GRAD=1.395436E-01
    NuBT=1
    CPU =0.000054

ITER: 302
    HPWL=6376.064453
    OVFL=0.171275
    HPWL=(2990.028564, 3386.035889)
    POTN=2.928558E+02
    PHIC=1.575258E-02
    GRAD=1.354217E-01
    NuBT=1
    CPU =0.000065

ITER: 303
    HPWL=6378.630371
    OVFL=0.168807
    HPWL=(2994.805176, 3383.825195)
    POTN=2.754977E+02
    PHIC=1.654021E-02
    GRAD=1.323156E-01
    NuBT=1
    CPU =0.000055

ITER: 304
    HPWL=6382.069336
    OVFL=0.164124
    HPWL=(2996.948486, 3385.120850)
    POTN=2.657333E+02
    PHIC=1.736721E-02
    GRAD=1.295124E-01
    NuBT=1
    CPU =0.000054

ITER: 305
    HPWL=6386.666016
    OVFL=0.157636
    HPWL=(2997.607422, 3389.058350)
    POTN=2.569183E+02
    PHIC=1.823555E-02
    GRAD=1.273213E-01
    NuBT=1
    CPU =0.000057

ITER: 306
    HPWL=6387.411621
    OVFL=0.153710
    HPWL=(2996.727295, 3390.684326)
    POTN=2.492602E+02
    PHIC=1.914733E-02
    GRAD=1.252037E-01
    NuBT=2
    CPU =0.000082

ITER: 307
    HPWL=6391.132812
    OVFL=0.144716
    HPWL=(2993.723633, 3397.409180)
    POTN=2.187599E+02
    PHIC=2.010468E-02
    GRAD=1.217614E-01
    NuBT=1
    CPU =0.000059

ITER: 308
    HPWL=6391.373535
    OVFL=0.141190
    HPWL=(2991.157715, 3400.215820)
    POTN=2.083062E+02
    PHIC=2.110991E-02
    GRAD=1.196603E-01
    NuBT=2
    CPU =0.000081

ITER: 309
    HPWL=6386.619141
    OVFL=0.135743
    HPWL=(2984.439697, 3402.179443)
    POTN=1.946432E+02
    PHIC=2.216541E-02
    GRAD=1.161245E-01
    NuBT=2
    CPU =0.000078

ITER: 310
    HPWL=6388.311523
    OVFL=0.132564
    HPWL=(2984.128174, 3404.183105)
    POTN=1.840243E+02
    PHIC=2.327367E-02
    GRAD=1.134009E-01
    NuBT=2
    CPU =0.000078

ITER: 311
    HPWL=6384.020508
    OVFL=0.129922
    HPWL=(2978.796387, 3405.224365)
    POTN=1.796210E+02
    PHIC=2.443735E-02
    GRAD=1.098210E-01
    NuBT=1
    CPU =0.000054

ITER: 312
    HPWL=6391.276855
    OVFL=0.128413
    HPWL=(2984.455811, 3406.821045)
    POTN=1.685587E+02
    PHIC=2.565920E-02
    GRAD=1.061295E-01
    NuBT=1
    CPU =0.000056

ITER: 313
    HPWL=6389.625977
    OVFL=0.126836
    HPWL=(2979.935547, 3409.690430)
    POTN=1.577018E+02
    PHIC=2.694215E-02
    GRAD=1.025394E-01
    NuBT=2
    CPU =0.000082

ITER: 314
    HPWL=6388.046875
    OVFL=0.125099
    HPWL=(2977.769043, 3410.277832)
    POTN=1.475114E+02
    PHIC=2.828926E-02
    GRAD=9.917001E-02
    NuBT=2
    CPU =0.000080

ITER: 315
    HPWL=6392.922363
    OVFL=0.123904
    HPWL=(2978.643311, 3414.279053)
    POTN=1.424636E+02
    PHIC=2.970370E-02
    GRAD=9.573686E-02
    NuBT=1
    CPU =0.000054

ITER: 316
    HPWL=6394.356445
    OVFL=0.123661
    HPWL=(2978.679688, 3415.677002)
    POTN=1.392916E+02
    PHIC=3.118888E-02
    GRAD=9.223425E-02
    NuBT=1
    CPU =0.000058

ITER: 317
    HPWL=6397.540039
    OVFL=0.122976
    HPWL=(2979.893799, 3417.646484)
    POTN=1.357306E+02
    PHIC=3.274830E-02
    GRAD=8.882050E-02
    NuBT=2
    CPU =0.000094

ITER: 318
    HPWL=6401.404297
    OVFL=0.119463
    HPWL=(2982.710449, 3418.694092)
    POTN=1.272344E+02
    PHIC=3.438570E-02
    GRAD=8.554404E-02
    NuBT=1
    CPU =0.000054

ITER: 319
    HPWL=6401.901367
    OVFL=0.117377
    HPWL=(2982.518066, 3419.383301)
    POTN=1.228309E+02
    PHIC=3.610498E-02
    GRAD=8.256651E-02
    NuBT=2
    CPU =0.000080

ITER: 320
    HPWL=6401.435059
    OVFL=0.114206
    HPWL=(2982.485840, 3418.949219)
    POTN=1.144505E+02
    PHIC=3.791023E-02
    GRAD=7.976603E-02
    NuBT=1
    CPU =0.000054

ITER: 321
    HPWL=6403.291016
    OVFL=0.110520
    HPWL=(2983.721924, 3419.569336)
    POTN=1.130341E+02
    PHIC=3.980573E-02
    GRAD=7.695783E-02
    NuBT=1
    CPU =0.000055

ITER: 322
    HPWL=6406.326172
    OVFL=0.107371
    HPWL=(2985.050049, 3421.276123)
    POTN=1.044262E+02
    PHIC=4.179600E-02
    GRAD=7.467028E-02
    NuBT=1
    CPU =0.000056

ITER: 323
    HPWL=6407.468750
    OVFL=0.102330
    HPWL=(2985.392822, 3422.075928)
    POTN=1.004377E+02
    PHIC=4.388579E-02
    GRAD=7.198964E-02
    NuBT=1
    CPU =0.000055

ITER: 324
    HPWL=6407.988281
    OVFL=0.100518
    HPWL=(2985.251465, 3422.736816)
    POTN=9.352005E+01
    PHIC=4.608007E-02
    GRAD=6.975601E-02
    NuBT=1
    CPU =0.000057

ITER: 325
    HPWL=6408.929688
    OVFL=0.097166
    HPWL=(2984.683105, 3424.246826)
    POTN=8.810957E+01
    PHIC=4.838406E-02
    GRAD=6.700841E-02
    NuBT=1
    CPU =0.000056
[INFO] Nesterov: NumIters = 325
[INFO] Nesterov: ScaledHpwl = 6408.929688
[INFO] Nesterov: Overflow = 0.097166
[INFO] Nesterov: Potential = 88.109566
[INFO] Nesterov: xInstScaledHpwl = 6407.328125
[INFO] Nesterov: yInstScaledHpwl = 6408.929688
[INFO] Nesterov: HPWL = 1936.436768
