Sun Sep 20 08:31:26 UTC 2020 - Executing "/openLANE_flow/scripts//padLefMacro.py -s unithd -r 8 -i /openLANE_flow/designs/sb_0__1_/runs/20-09_08-31//tmp//merged_unpadded.lef -o /openLANE_flow/designs/sb_0__1_/runs/20-09_08-31//tmp//merged.lef -e {sky130_fd_sc_hd__tap* sky130_fd_sc_hd__decap* sky130_fd_sc_hd__fill*} |& tee >&@stdout"

Sun Sep 20 08:31:36 UTC 2020 - Executing "sed -i -E {s/CLASS PAD.*$/CLASS PAD ;/g} /openLANE_flow/designs/sb_0__1_/runs/20-09_08-31//tmp//merged.lef"

Sun Sep 20 08:31:36 UTC 2020 - Executing "sed -i -E {s/CLASS PAD.*$/CLASS PAD ;/g} /openLANE_flow/designs/sb_0__1_/runs/20-09_08-31//tmp//merged_unpadded.lef"

Sun Sep 20 08:31:36 UTC 2020 - Executing "/openLANE_flow/scripts//libtrim.pl /home/aa/Desktop/Afify/openlane/pdks/sky130A/libs.ref/sky130_fd_sc_hd/lib/sky130_fd_sc_hd__tt_025C_1v80.lib /home/aa/Desktop/Afify/openlane/pdks/sky130A/libs.tech/openlane/sky130_fd_sc_hd/no_synth.cells > /openLANE_flow/designs/sb_0__1_/runs/20-09_08-31//tmp//trimmed.lib"

Sun Sep 20 08:31:37 UTC 2020 - Executing "yosys -c /openLANE_flow/scripts//synth.tcl -l /openLANE_flow/designs/sb_0__1_/runs/20-09_08-31//logs/synthesis/yosys.log |& tee >&@stdout"

Sun Sep 20 08:31:38 UTC 2020 - Executing "sed -i -e {s/\(set ::env(CURRENT_NETLIST)\).*/\1 \/openLANE_flow\/designs\/sb_0__1_\/runs\/20-09_08-31\/\/results\/synthesis\/sb_0__1_.synthesis.v/} /openLANE_flow/designs/sb_0__1_/runs/20-09_08-31//config.tcl"

Sun Sep 20 08:31:38 UTC 2020 - Executing "sed -i -e {s/\(set ::env(PREV_NETLIST)\).*/\1 0/} /openLANE_flow/designs/sb_0__1_/runs/20-09_08-31//config.tcl"

Sun Sep 20 08:31:38 UTC 2020 - Executing "sta /openLANE_flow/scripts//sta.tcl |& tee >&@stdout /openLANE_flow/designs/sb_0__1_/runs/20-09_08-31//logs/synthesis/opensta.log"

Sun Sep 20 08:31:40 UTC 2020 - Executing "openroad -exit /openLANE_flow/scripts//openroad/or_floorplan.tcl |& tee >&@stdout /openLANE_flow/designs/sb_0__1_/runs/20-09_08-31//logs/floorplan/verilog2def.openroad.log"

Sun Sep 20 08:31:41 UTC 2020 - Executing "openroad -exit /openLANE_flow/scripts//openroad/or_ioplacer.tcl |& tee >&@stdout /openLANE_flow/designs/sb_0__1_/runs/20-09_08-31//logs/floorplan/ioPlacer.log"

Sun Sep 20 08:31:41 UTC 2020 - Executing "openroad -exit /openLANE_flow/scripts//openroad/or_tapcell.tcl |& tee >&@stdout /openLANE_flow/designs/sb_0__1_/runs/20-09_08-31//logs/floorplan/tapcell.log"

Sun Sep 20 08:31:42 UTC 2020 - Executing "openroad -exit /openLANE_flow/scripts//openroad/or_replace.tcl |& tee >&@stdout /openLANE_flow/designs/sb_0__1_/runs/20-09_08-31//logs/placement/replace.log"

Sun Sep 20 08:31:43 UTC 2020 - Executing "opendp -lef /openLANE_flow/designs/sb_0__1_/runs/20-09_08-31//tmp//merged.lef -def /openLANE_flow/designs/sb_0__1_/runs/20-09_08-31//tmp/placement/replace.def -output_def /openLANE_flow/designs/sb_0__1_/runs/20-09_08-31//results/placement/sb_0__1_.placement.def |& tee >&@stdout /openLANE_flow/designs/sb_0__1_/runs/20-09_08-31//logs/placement/opendp.log"

Sun Sep 20 08:31:43 UTC 2020 - Executing "openroad -exit /openLANE_flow/scripts//openroad/or_cts.tcl |& tee >&@stdout /openLANE_flow/designs/sb_0__1_/runs/20-09_08-31//logs/cts/cts.log"

Sun Sep 20 08:33:34 UTC 2020 - Executing "openroad -exit /openLANE_flow/scripts//openroad/or_write_verilog.tcl |& tee >&@stdout /openLANE_flow/designs/sb_0__1_/runs/20-09_08-31//logs//write_verilog.log"

Sun Sep 20 08:33:35 UTC 2020 - Executing "yosys -c /openLANE_flow/scripts//yosys_rewrite_verilog.tcl -l /openLANE_flow/designs/sb_0__1_/runs/20-09_08-31//logs/synthesis/yosys_rewrite_verilog.log"

Sun Sep 20 08:33:35 UTC 2020 - Executing "sed -i -e {s/\(set ::env(CURRENT_NETLIST)\).*/\1 \/openLANE_flow\/designs\/sb_0__1_\/runs\/20-09_08-31\/\/results\/synthesis\/sb_0__1_.synthesis_cts.v/} /openLANE_flow/designs/sb_0__1_/runs/20-09_08-31//config.tcl"

Sun Sep 20 08:33:35 UTC 2020 - Executing "sed -i -e {s/\(set ::env(PREV_NETLIST)\).*/\1 \/openLANE_flow\/designs\/sb_0__1_\/runs\/20-09_08-31\/\/results\/synthesis\/sb_0__1_.synthesis.v/} /openLANE_flow/designs/sb_0__1_/runs/20-09_08-31//config.tcl"

Sun Sep 20 08:33:35 UTC 2020 - Executing "openroad -exit /openLANE_flow/scripts//new_pdn.tcl |& tee >&@stdout /openLANE_flow/designs/sb_0__1_/runs/20-09_08-31//logs/floorplan/pdn.log"

Sun Sep 20 08:33:36 UTC 2020 - Executing "openroad -exit /openLANE_flow/scripts//openroad/or_diodes.tcl |& tee >&@stdout /openLANE_flow/designs/sb_0__1_/runs/20-09_08-31//logs//placement/diodes.log"

Sun Sep 20 08:33:37 UTC 2020 - Executing "openroad -exit /openLANE_flow/scripts//openroad/or_write_verilog.tcl |& tee >&@stdout /openLANE_flow/designs/sb_0__1_/runs/20-09_08-31//logs//write_verilog.log"

Sun Sep 20 08:33:37 UTC 2020 - Executing "yosys -c /openLANE_flow/scripts//yosys_rewrite_verilog.tcl -l /openLANE_flow/designs/sb_0__1_/runs/20-09_08-31//logs/synthesis/yosys_rewrite_verilog.log"

Sun Sep 20 08:33:38 UTC 2020 - Executing "sed -i -e {s/\(set ::env(CURRENT_NETLIST)\).*/\1 \/openLANE_flow\/designs\/sb_0__1_\/runs\/20-09_08-31\/\/results\/synthesis\/sb_0__1_.synthesis_diodes.v/} /openLANE_flow/designs/sb_0__1_/runs/20-09_08-31//config.tcl"

Sun Sep 20 08:33:38 UTC 2020 - Executing "sed -i -e {s/\(set ::env(PREV_NETLIST)\).*/\1 \/openLANE_flow\/designs\/sb_0__1_\/runs\/20-09_08-31\/\/results\/synthesis\/sb_0__1_.synthesis_cts.v/} /openLANE_flow/designs/sb_0__1_/runs/20-09_08-31//config.tcl"

Sun Sep 20 08:33:38 UTC 2020 - Executing "openroad -exit /openLANE_flow/scripts//openroad/or_fill.tcl |& tee >&@stdout /openLANE_flow/designs/sb_0__1_/runs/20-09_08-31//logs/routing/addspacers.log"

Sun Sep 20 08:33:38 UTC 2020 - Executing "openroad -exit /openLANE_flow/scripts//openroad/or_write_verilog.tcl |& tee >&@stdout /openLANE_flow/designs/sb_0__1_/runs/20-09_08-31//logs//write_verilog.log"

Sun Sep 20 08:33:39 UTC 2020 - Executing "yosys -c /openLANE_flow/scripts//yosys_rewrite_verilog.tcl -l /openLANE_flow/designs/sb_0__1_/runs/20-09_08-31//logs/synthesis/yosys_rewrite_verilog.log"

Sun Sep 20 08:33:39 UTC 2020 - Executing "sed -i -e {s/\(set ::env(CURRENT_NETLIST)\).*/\1 \/openLANE_flow\/designs\/sb_0__1_\/runs\/20-09_08-31\/\/results\/synthesis\/sb_0__1_.synthesis_preroute.v/} /openLANE_flow/designs/sb_0__1_/runs/20-09_08-31//config.tcl"

Sun Sep 20 08:33:39 UTC 2020 - Executing "sed -i -e {s/\(set ::env(PREV_NETLIST)\).*/\1 \/openLANE_flow\/designs\/sb_0__1_\/runs\/20-09_08-31\/\/results\/synthesis\/sb_0__1_.synthesis_diodes.v/} /openLANE_flow/designs/sb_0__1_/runs/20-09_08-31//config.tcl"

Sun Sep 20 08:33:39 UTC 2020 - Executing "python3 /openLANE_flow/scripts//write_powered_def.py -d /openLANE_flow/designs/sb_0__1_/runs/20-09_08-31//tmp/routing/addspacers.def -l /openLANE_flow/designs/sb_0__1_/runs/20-09_08-31//tmp//merged.lef -v VPWR -g VGND -o /openLANE_flow/designs/sb_0__1_/runs/20-09_08-31//tmp//routing/sb_0__1_.powered.def |& tee >&@stdout /openLANE_flow/designs/sb_0__1_/runs/20-09_08-31//logs//lvs/write_powered_verilog.log"

Sun Sep 20 08:33:40 UTC 2020 - Executing "openroad -exit /openLANE_flow/scripts//openroad/or_write_verilog.tcl |& tee >&@stdout /openLANE_flow/designs/sb_0__1_/runs/20-09_08-31//logs//write_verilog.log"

Sun Sep 20 08:33:40 UTC 2020 - Executing "yosys -c /openLANE_flow/scripts//yosys_rewrite_verilog.tcl -l /openLANE_flow/designs/sb_0__1_/runs/20-09_08-31//logs/synthesis/yosys_rewrite_verilog.log"

Sun Sep 20 08:33:41 UTC 2020 - Executing "sed -i -e {s/\(set ::env(CURRENT_NETLIST)\).*/\1 \/openLANE_flow\/designs\/sb_0__1_\/runs\/20-09_08-31\/\/results\/lvs\/sb_0__1_.lvs.powered.v/} /openLANE_flow/designs/sb_0__1_/runs/20-09_08-31//config.tcl"

Sun Sep 20 08:33:41 UTC 2020 - Executing "sed -i -e {s/\(set ::env(PREV_NETLIST)\).*/\1 \/openLANE_flow\/designs\/sb_0__1_\/runs\/20-09_08-31\/\/results\/synthesis\/sb_0__1_.synthesis_preroute.v/} /openLANE_flow/designs/sb_0__1_/runs/20-09_08-31//config.tcl"

Sun Sep 20 08:33:41 UTC 2020 - Executing "openroad -exit /openLANE_flow/scripts//openroad/or_route.tcl |& tee >&@stdout /openLANE_flow/designs/sb_0__1_/runs/20-09_08-31//logs/routing/fastroute.log"

Sun Sep 20 08:33:47 UTC 2020 - Executing "envsubst < /openLANE_flow/scripts//tritonRoute.param > /openLANE_flow/designs/sb_0__1_/runs/20-09_08-31//tmp/routing/tritonRoute.param"

Sun Sep 20 08:33:47 UTC 2020 - Executing "TritonRoute14 /openLANE_flow/designs/sb_0__1_/runs/20-09_08-31//tmp/routing/tritonRoute.param |& tee >&@stdout /openLANE_flow/designs/sb_0__1_/runs/20-09_08-31//logs/routing/tritonRoute.log"

Sun Sep 20 08:34:03 UTC 2020 - Executing "magic -noconsole -dnull -rcfile /home/aa/Desktop/Afify/openlane/pdks/sky130A/libs.tech/magic/sky130A.magicrc /openLANE_flow/scripts//magic.tcl </dev/null |& tee >&@stdout /openLANE_flow/designs/sb_0__1_/runs/20-09_08-31//logs/magic/magic.log"

Sun Sep 20 08:34:04 UTC 2020 - Executing "magic -noconsole -dnull -rcfile /home/aa/Desktop/Afify/openlane/pdks/sky130A/libs.tech/magic/sky130A.magicrc /openLANE_flow/scripts//magic_drc.tcl </dev/null |& tee >&@stdout /openLANE_flow/designs/sb_0__1_/runs/20-09_08-31//logs/magic/magic.drc.log"

Sun Sep 20 08:34:06 UTC 2020 - Executing "magic -noconsole -dnull -rcfile /home/aa/Desktop/Afify/openlane/pdks/sky130A/libs.tech/magic/sky130A.magicrc /openLANE_flow/designs/sb_0__1_/runs/20-09_08-31//tmp//magic_spice.tcl </dev/null |& tee >&@stdout /openLANE_flow/designs/sb_0__1_/runs/20-09_08-31//logs/magic/magic_spice.log"

Sun Sep 20 08:34:07 UTC 2020 - Executing "netgen -batch lvs {/openLANE_flow/designs/sb_0__1_/runs/20-09_08-31//results/magic/sb_0__1_.spice sb_0__1_} {/openLANE_flow/designs/sb_0__1_/runs/20-09_08-31//results/lvs/sb_0__1_.lvs.powered.v sb_0__1_} /home/aa/Desktop/Afify/openlane/pdks/sky130A/libs.tech/netgen/sky130A_setup.tcl /openLANE_flow/designs/sb_0__1_/runs/20-09_08-31//results/lvs/sb_0__1_.lvs.log -json |& tee >&@stdout /openLANE_flow/designs/sb_0__1_/runs/20-09_08-31//logs/lvs/lvs.log"

Sun Sep 20 08:34:07 UTC 2020 - Executing "magic -noconsole -dnull -rcfile /home/aa/Desktop/Afify/openlane/pdks/sky130A/libs.tech/magic/sky130A.magicrc /openLANE_flow/designs/sb_0__1_/runs/20-09_08-31//tmp//magic_antenna.tcl </dev/null |& tee >&@stdout /openLANE_flow/designs/sb_0__1_/runs/20-09_08-31//logs/magic/magic_antenna.log"

Sun Sep 20 08:34:17 UTC 2020 - Executing "awk {/Cell:/ {print $2}} /openLANE_flow/designs/sb_0__1_/runs/20-09_08-31//logs/magic/magic_antenna.log > /openLANE_flow/designs/sb_0__1_/runs/20-09_08-31//reports/magic/magic.antenna_violators.rpt"

