Sun Aug 30 15:45:28 UTC 2020 - Executing "/openLANE_flow/scripts//padLefMacro.py -s unithd -r 8 -i /openLANE_flow/designs/sb_0__3_/runs/30-08_15-45//tmp//merged_unpadded.lef -o /openLANE_flow/designs/sb_0__3_/runs/30-08_15-45//tmp//merged.lef -e {sky130_fd_sc_hd__tap* sky130_fd_sc_hd__decap* sky130_fd_sc_hd__fill*} |& tee >&@stdout"

Sun Aug 30 15:45:38 UTC 2020 - Executing "sed -i -E {s/CLASS PAD.*$/CLASS PAD ;/g} /openLANE_flow/designs/sb_0__3_/runs/30-08_15-45//tmp//merged.lef"

Sun Aug 30 15:45:38 UTC 2020 - Executing "sed -i -E {s/CLASS PAD.*$/CLASS PAD ;/g} /openLANE_flow/designs/sb_0__3_/runs/30-08_15-45//tmp//merged_unpadded.lef"

Sun Aug 30 15:45:39 UTC 2020 - Executing "/openLANE_flow/scripts//libtrim.pl /home/aa/Desktop/Afify/openlane/pdks/sky130A/libs.ref/sky130_fd_sc_hd/lib/sky130_fd_sc_hd__tt_025C_1v80.lib /home/aa/Desktop/Afify/openlane/pdks/sky130A/libs.tech/openlane/sky130_fd_sc_hd/no_synth.cells > /openLANE_flow/designs/sb_0__3_/runs/30-08_15-45//tmp//trimmed.lib"

Sun Aug 30 15:45:39 UTC 2020 - Executing "yosys -c /openLANE_flow/scripts//synth.tcl -l /openLANE_flow/designs/sb_0__3_/runs/30-08_15-45//logs/synthesis/yosys.log |& tee >&@stdout"

Sun Aug 30 15:45:39 UTC 2020 - Executing "sta /openLANE_flow/scripts//sta.tcl |& tee >&@stdout /openLANE_flow/designs/sb_0__3_/runs/30-08_15-45//logs/synthesis/opensta.log"

Sun Aug 30 15:45:40 UTC 2020 - Executing "openroad -exit /openLANE_flow/scripts//openroad/or_floorplan.tcl |& tee >&@stdout /openLANE_flow/designs/sb_0__3_/runs/30-08_15-45//logs/floorplan/verilog2def.openroad.log"

Sun Aug 30 15:45:41 UTC 2020 - Executing "openroad -exit /openLANE_flow/scripts//openroad/or_ioplacer.tcl |& tee >&@stdout /openLANE_flow/designs/sb_0__3_/runs/30-08_15-45//logs/floorplan/ioPlacer.log"

Sun Aug 30 15:45:41 UTC 2020 - Executing "openroad -exit /openLANE_flow/scripts//openroad/or_tapcell.tcl |& tee >&@stdout /openLANE_flow/designs/sb_0__3_/runs/30-08_15-45//logs/floorplan/tapcell.log"

Sun Aug 30 15:45:42 UTC 2020 - Executing "replace < /openLANE_flow/scripts//replace_gp.tcl |& tee >&@stdout /openLANE_flow/designs/sb_0__3_/runs/30-08_15-45//logs/placement/replace.log"

Sun Aug 30 15:45:42 UTC 2020 - Executing "cp /openLANE_flow/designs/sb_0__3_/runs/30-08_15-45//tmp/placement/replace_place.def /openLANE_flow/designs/sb_0__3_/runs/30-08_15-45//tmp/placement/replace.def"

Sun Aug 30 15:45:42 UTC 2020 - Executing "opendp -lef /openLANE_flow/designs/sb_0__3_/runs/30-08_15-45//tmp//merged.lef -def /openLANE_flow/designs/sb_0__3_/runs/30-08_15-45//tmp/placement/replace.def -output_def /openLANE_flow/designs/sb_0__3_/runs/30-08_15-45//results/placement/sb_0__3_.placement.def |& tee >&@stdout /openLANE_flow/designs/sb_0__3_/runs/30-08_15-45//logs/placement/opendp.log"

Sun Aug 30 15:45:43 UTC 2020 - Executing "openroad -exit /openLANE_flow/scripts//openroad/or_cts.tcl |& tee >&@stdout /openLANE_flow/designs/sb_0__3_/runs/30-08_15-45//logs/cts/cts.log"

Sun Aug 30 15:47:11 UTC 2020 - Executing "openroad -exit /openLANE_flow/scripts//new_pdn.tcl |& tee >&@stdout /openLANE_flow/designs/sb_0__3_/runs/30-08_15-45//logs/floorplan/pdn.log"

Sun Aug 30 15:47:11 UTC 2020 - Executing "openroad -exit /openLANE_flow/scripts//openroad/or_diodes.tcl |& tee >&@stdout /openLANE_flow/designs/sb_0__3_/runs/30-08_15-45//logs//placement/diodes.log"

Sun Aug 30 15:47:12 UTC 2020 - Executing "openroad -exit /openLANE_flow/scripts//openroad/or_fill.tcl |& tee >&@stdout /openLANE_flow/designs/sb_0__3_/runs/30-08_15-45//logs/routing/addspacers.log"

Sun Aug 30 15:47:13 UTC 2020 - Executing "openroad -exit /openLANE_flow/scripts//openroad/or_write_verilog.tcl |& tee >&@stdout /openLANE_flow/designs/sb_0__3_/runs/30-08_15-45//logs//write_verilog.log"

Sun Aug 30 15:47:13 UTC 2020 - Executing "openroad -exit /openLANE_flow/scripts//openroad/or_route.tcl |& tee >&@stdout /openLANE_flow/designs/sb_0__3_/runs/30-08_15-45//logs/routing/fastroute.log"

Sun Aug 30 15:47:20 UTC 2020 - Executing "envsubst < /openLANE_flow/scripts//tritonRoute.param > /openLANE_flow/designs/sb_0__3_/runs/30-08_15-45//tmp/routing/tritonRoute.param"

Sun Aug 30 15:47:20 UTC 2020 - Executing "TritonRoute /openLANE_flow/designs/sb_0__3_/runs/30-08_15-45//tmp/routing/tritonRoute.param |& tee >&@stdout /openLANE_flow/designs/sb_0__3_/runs/30-08_15-45//logs/routing/tritonRoute.log"

Sun Aug 30 15:47:30 UTC 2020 - Executing "magic -noconsole -dnull -rcfile /openLANE_flow/designs/sb_0__3_/runs/30-08_15-45//tmp//tmp.magicrc /openLANE_flow/designs/sb_0__3_/runs/30-08_15-45//tmp//magic_spice.tcl </dev/null |& tee >&@stdout /openLANE_flow/designs/sb_0__3_/runs/30-08_15-45//logs/magic/magic_spice.log"

Sun Aug 30 15:48:25 UTC 2020 - Executing "vlog2Verilog -v VPWR -g VGND -l /openLANE_flow/designs/sb_0__3_/runs/30-08_15-45//tmp//merged.lef /openLANE_flow/designs/sb_0__3_/runs/30-08_15-45//results/synthesis/sb_0__3_.synthesis_preroute.v |& tee /openLANE_flow/designs/sb_0__3_/runs/30-08_15-45//results/lvs/sb_0__3_.lvs.v"

Sun Aug 30 15:48:25 UTC 2020 - Executing "netgen -batch lvs {/openLANE_flow/designs/sb_0__3_/runs/30-08_15-45//results/magic/sb_0__3_.spice sb_0__3_} {/openLANE_flow/designs/sb_0__3_/runs/30-08_15-45//results/lvs/sb_0__3_.lvs.v sb_0__3_} /home/aa/Desktop/Afify/openlane/pdks/sky130A/libs.tech/netgen/sky130A_setup.tcl /openLANE_flow/designs/sb_0__3_/runs/30-08_15-45//results/lvs/sb_0__3_.lvs.log -json |& tee >&@stdout /openLANE_flow/designs/sb_0__3_/runs/30-08_15-45//logs/lvs/lvs.log"

Sun Aug 30 15:48:33 UTC 2020 - Executing "magic -noconsole -dnull -rcfile /openLANE_flow/designs/sb_0__3_/runs/30-08_15-45//tmp//magic_antenna.magicrc /openLANE_flow/designs/sb_0__3_/runs/30-08_15-45//tmp//magic_antenna.tcl </dev/null |& tee >&@stdout /openLANE_flow/designs/sb_0__3_/runs/30-08_15-45//logs/magic/magic_antenna.log"

Sun Aug 30 15:51:43 UTC 2020 - Executing "awk {/Cell:/ {print $2}} /openLANE_flow/designs/sb_0__3_/runs/30-08_15-45//logs/magic/magic_antenna.log > /openLANE_flow/designs/sb_0__3_/runs/30-08_15-45//reports/magic/magic.antenna_violators.rpt"

