RePlAce Version: 1.0.0

** WARNING: Your Detail Placement Step must be skipped.
              (i.e. this program will be executed as -onlyGP)
     If you want to have DP after GP, please specify -dpflag and -dploc.

[INFO] TargetDensity = 0.400000
[INFO] ExperimentIndex = 0
[INFO] DirectoryPath = /openLANE_flow/designs/sb_0__0_/runs/29-08_12-09//tmp/placement/replace/etc/sb_0__0_.floorplan/experiment000
[PROC] Begin LefParsing ...
[LEF] Parsed 500 number of lines!!
WARNING (LEFPARS-2036): SOURCE statement is obsolete in version 5.6 and later.
The LEF parser will ignore this statement.
To avoid this warning in the future, remove this statement from the LEF file with version 5.6 or later. See file /openLANE_flow/designs/sb_0__0_/runs/29-08_12-09//tmp//merged.lef at line 776.

WARNING (LEFPARS-2036): SOURCE statement is obsolete in version 5.6 and later.
The LEF parser will ignore this statement.
To avoid this warning in the future, remove this statement from the LEF file with version 5.6 or later. See file /openLANE_flow/designs/sb_0__0_/runs/29-08_12-09//tmp//merged.lef at line 903.

[LEF] Parsed 1000 number of lines!!
WARNING (LEFPARS-2036): SOURCE statement is obsolete in version 5.6 and later.
The LEF parser will ignore this statement.
To avoid this warning in the future, remove this statement from the LEF file with version 5.6 or later. See file /openLANE_flow/designs/sb_0__0_/runs/29-08_12-09//tmp//merged.lef at line 1034.

WARNING (LEFPARS-2036): SOURCE statement is obsolete in version 5.6 and later.
The LEF parser will ignore this statement.
To avoid this warning in the future, remove this statement from the LEF file with version 5.6 or later. See file /openLANE_flow/designs/sb_0__0_/runs/29-08_12-09//tmp//merged.lef at line 1204.

WARNING (LEFPARS-2036): SOURCE statement is obsolete in version 5.6 and later.
The LEF parser will ignore this statement.
To avoid this warning in the future, remove this statement from the LEF file with version 5.6 or later. See file /openLANE_flow/designs/sb_0__0_/runs/29-08_12-09//tmp//merged.lef at line 1322.

WARNING (LEFPARS-2036): SOURCE statement is obsolete in version 5.6 and later.
The LEF parser will ignore this statement.
To avoid this warning in the future, remove this statement from the LEF file with version 5.6 or later. See file /openLANE_flow/designs/sb_0__0_/runs/29-08_12-09//tmp//merged.lef at line 1442.

[LEF] Parsed 1500 number of lines!!
WARNING (LEFPARS-2036): SOURCE statement is obsolete in version 5.6 and later.
The LEF parser will ignore this statement.
To avoid this warning in the future, remove this statement from the LEF file with version 5.6 or later. See file /openLANE_flow/designs/sb_0__0_/runs/29-08_12-09//tmp//merged.lef at line 1589.

WARNING (LEFPARS-2036): SOURCE statement is obsolete in version 5.6 and later.
The LEF parser will ignore this statement.
To avoid this warning in the future, remove this statement from the LEF file with version 5.6 or later. See file /openLANE_flow/designs/sb_0__0_/runs/29-08_12-09//tmp//merged.lef at line 1777.

WARNING (LEFPARS-2036): SOURCE statement is obsolete in version 5.6 and later.
The LEF parser will ignore this statement.
To avoid this warning in the future, remove this statement from the LEF file with version 5.6 or later. See file /openLANE_flow/designs/sb_0__0_/runs/29-08_12-09//tmp//merged.lef at line 1886.

WARNING (LEFPARS-2036): SOURCE statement is obsolete in version 5.6 and later.
The LEF parser will ignore this statement.
To avoid this warning in the future, remove this statement from the LEF file with version 5.6 or later. See file /openLANE_flow/designs/sb_0__0_/runs/29-08_12-09//tmp//merged.lef at line 1999.

[LEF] Parsed 2000 number of lines!!
WARNING (LEFPARS-2036): SOURCE statement is obsolete in version 5.6 and later.
The LEF parser will ignore this statement.
To avoid this warning in the future, remove this statement from the LEF file with version 5.6 or later. See file /openLANE_flow/designs/sb_0__0_/runs/29-08_12-09//tmp//merged.lef at line 2148.

WARNING (LEFPARS-2036): SOURCE statement is obsolete in version 5.6 and later.
The LEF parser will ignore this statement.
To avoid this warning in the future, remove this statement from the LEF file with version 5.6 or later. See file /openLANE_flow/designs/sb_0__0_/runs/29-08_12-09//tmp//merged.lef at line 2253.

WARNING (LEFPARS-2036): SOURCE statement is obsolete in version 5.6 and later.
The LEF parser will ignore this statement.
To avoid this warning in the future, remove this statement from the LEF file with version 5.6 or later. See file /openLANE_flow/designs/sb_0__0_/runs/29-08_12-09//tmp//merged.lef at line 2380.

[LEF] Parsed 2500 number of lines!!
WARNING (LEFPARS-2036): SOURCE statement is obsolete in version 5.6 and later.
The LEF parser will ignore this statement.
To avoid this warning in the future, remove this statement from the LEF file with version 5.6 or later. See file /openLANE_flow/designs/sb_0__0_/runs/29-08_12-09//tmp//merged.lef at line 2547.

WARNING (LEFPARS-2036): SOURCE statement is obsolete in version 5.6 and later.
The LEF parser will ignore this statement.
To avoid this warning in the future, remove this statement from the LEF file with version 5.6 or later. See file /openLANE_flow/designs/sb_0__0_/runs/29-08_12-09//tmp//merged.lef at line 2653.

WARNING (LEFPARS-2036): SOURCE statement is obsolete in version 5.6 and later.
The LEF parser will ignore this statement.
To avoid this warning in the future, remove this statement from the LEF file with version 5.6 or later. See file /openLANE_flow/designs/sb_0__0_/runs/29-08_12-09//tmp//merged.lef at line 2770.

WARNING (LEFPARS-2036): SOURCE statement is obsolete in version 5.6 and later.
The LEF parser will ignore this statement.
To avoid this warning in the future, remove this statement from the LEF file with version 5.6 or later. See file /openLANE_flow/designs/sb_0__0_/runs/29-08_12-09//tmp//merged.lef at line 2908.

[LEF] Parsed 3000 number of lines!!
WARNING (LEFPARS-2036): SOURCE statement is obsolete in version 5.6 and later.
The LEF parser will ignore this statement.
To avoid this warning in the future, remove this statement from the LEF file with version 5.6 or later. See file /openLANE_flow/designs/sb_0__0_/runs/29-08_12-09//tmp//merged.lef at line 3005.

WARNING (LEFPARS-2036): SOURCE statement is obsolete in version 5.6 and later.
The LEF parser will ignore this statement.
To avoid this warning in the future, remove this statement from the LEF file with version 5.6 or later. See file /openLANE_flow/designs/sb_0__0_/runs/29-08_12-09//tmp//merged.lef at line 3105.

WARNING (LEFPARS-2036): SOURCE statement is obsolete in version 5.6 and later.
The LEF parser will ignore this statement.
To avoid this warning in the future, remove this statement from the LEF file with version 5.6 or later. See file /openLANE_flow/designs/sb_0__0_/runs/29-08_12-09//tmp//merged.lef at line 3219.

WARNING (LEFPARS-2036): SOURCE statement is obsolete in version 5.6 and later.
The LEF parser will ignore this statement.
To avoid this warning in the future, remove this statement from the LEF file with version 5.6 or later. See file /openLANE_flow/designs/sb_0__0_/runs/29-08_12-09//tmp//merged.lef at line 3361.

WARNING (LEFPARS-2036): SOURCE statement is obsolete in version 5.6 and later.
The LEF parser will ignore this statement.
To avoid this warning in the future, remove this statement from the LEF file with version 5.6 or later. See file /openLANE_flow/designs/sb_0__0_/runs/29-08_12-09//tmp//merged.lef at line 3458.

[LEF] Parsed 3500 number of lines!!
WARNING (LEFPARS-2036): SOURCE statement is obsolete in version 5.6 and later.
The LEF parser will ignore this statement.
To avoid this warning in the future, remove this statement from the LEF file with version 5.6 or later. See file /openLANE_flow/designs/sb_0__0_/runs/29-08_12-09//tmp//merged.lef at line 3561.

WARNING (LEFPARS-2036): SOURCE statement is obsolete in version 5.6 and later.
The LEF parser will ignore this statement.
To avoid this warning in the future, remove this statement from the LEF file with version 5.6 or later. See file /openLANE_flow/designs/sb_0__0_/runs/29-08_12-09//tmp//merged.lef at line 3691.

WARNING (LEFPARS-2036): SOURCE statement is obsolete in version 5.6 and later.
The LEF parser will ignore this statement.
To avoid this warning in the future, remove this statement from the LEF file with version 5.6 or later. See file /openLANE_flow/designs/sb_0__0_/runs/29-08_12-09//tmp//merged.lef at line 3783.

WARNING (LEFPARS-2036): SOURCE statement is obsolete in version 5.6 and later.
The LEF parser will ignore this statement.
To avoid this warning in the future, remove this statement from the LEF file with version 5.6 or later. See file /openLANE_flow/designs/sb_0__0_/runs/29-08_12-09//tmp//merged.lef at line 3887.

[LEF] Parsed 4000 number of lines!!
WARNING (LEFPARS-2036): SOURCE statement is obsolete in version 5.6 and later.
The LEF parser will ignore this statement.
To avoid this warning in the future, remove this statement from the LEF file with version 5.6 or later. See file /openLANE_flow/designs/sb_0__0_/runs/29-08_12-09//tmp//merged.lef at line 4018.

WARNING (LEFPARS-2036): SOURCE statement is obsolete in version 5.6 and later.
The LEF parser will ignore this statement.
To avoid this warning in the future, remove this statement from the LEF file with version 5.6 or later. See file /openLANE_flow/designs/sb_0__0_/runs/29-08_12-09//tmp//merged.lef at line 4148.

WARNING (LEFPARS-2036): SOURCE statement is obsolete in version 5.6 and later.
The LEF parser will ignore this statement.
To avoid this warning in the future, remove this statement from the LEF file with version 5.6 or later. See file /openLANE_flow/designs/sb_0__0_/runs/29-08_12-09//tmp//merged.lef at line 4282.

WARNING (LEFPARS-2036): SOURCE statement is obsolete in version 5.6 and later.
The LEF parser will ignore this statement.
To avoid this warning in the future, remove this statement from the LEF file with version 5.6 or later. See file /openLANE_flow/designs/sb_0__0_/runs/29-08_12-09//tmp//merged.lef at line 4467.

[LEF] Parsed 4500 number of lines!!
[LEF] Parsed 5000 number of lines!!
[LEF] Parsed 5500 number of lines!!
[LEF] Parsed 6000 number of lines!!
[LEF] Parsed 6500 number of lines!!
[LEF] Parsed 7000 number of lines!!
[LEF] Parsed 7500 number of lines!!
[LEF] Parsed 8000 number of lines!!
[LEF] Parsed 8500 number of lines!!
[LEF] Parsed 9000 number of lines!!
[LEF] Parsed 9500 number of lines!!
[LEF] Parsed 10000 number of lines!!
[LEF] Parsed 10500 number of lines!!
[LEF] Parsed 11000 number of lines!!
[LEF] Parsed 11500 number of lines!!
[LEF] Parsed 12000 number of lines!!
[LEF] Parsed 12500 number of lines!!
[LEF] Parsed 13000 number of lines!!
[LEF] Parsed 13500 number of lines!!
[LEF] Parsed 14000 number of lines!!
[LEF] Parsed 14500 number of lines!!
[LEF] Parsed 15000 number of lines!!
[LEF] Parsed 15500 number of lines!!
[LEF] Parsed 16000 number of lines!!
[LEF] Parsed 16500 number of lines!!
[LEF] Parsed 17000 number of lines!!
[LEF] Parsed 17500 number of lines!!
[LEF] Parsed 18000 number of lines!!
[LEF] Parsed 18500 number of lines!!
[LEF] Parsed 19000 number of lines!!
[LEF] Parsed 19500 number of lines!!
[LEF] Parsed 20000 number of lines!!
[LEF] Parsed 20500 number of lines!!
[LEF] Parsed 21000 number of lines!!
[LEF] Parsed 21500 number of lines!!
[LEF] Parsed 22000 number of lines!!
[LEF] Parsed 22500 number of lines!!
[LEF] Parsed 23000 number of lines!!
[LEF] Parsed 23500 number of lines!!
[LEF] Parsed 24000 number of lines!!
[LEF] Parsed 24500 number of lines!!
[LEF] Parsed 25000 number of lines!!
[LEF] Parsed 25500 number of lines!!
[LEF] Parsed 26000 number of lines!!
[LEF] Parsed 26500 number of lines!!
[LEF] Parsed 27000 number of lines!!
[LEF] Parsed 27500 number of lines!!
[LEF] Parsed 28000 number of lines!!
[LEF] Parsed 28500 number of lines!!
[LEF] Parsed 29000 number of lines!!
[LEF] Parsed 29500 number of lines!!
[LEF] Parsed 30000 number of lines!!
[LEF] Parsed 30500 number of lines!!
[LEF] Parsed 31000 number of lines!!
[LEF] Parsed 31500 number of lines!!
[LEF] Parsed 32000 number of lines!!
[LEF] Parsed 32500 number of lines!!
[LEF] Parsed 33000 number of lines!!
[LEF] Parsed 33500 number of lines!!
[LEF] Parsed 34000 number of lines!!
[LEF] Parsed 34500 number of lines!!
[LEF] Parsed 35000 number of lines!!
[LEF] Parsed 35500 number of lines!!
[LEF] Parsed 36000 number of lines!!
[LEF] Parsed 36500 number of lines!!
[LEF] Parsed 37000 number of lines!!
[LEF] Parsed 37500 number of lines!!
[LEF] Parsed 38000 number of lines!!
[LEF] Parsed 38500 number of lines!!
[LEF] Parsed 39000 number of lines!!
[LEF] Parsed 39500 number of lines!!
[LEF] Parsed 40000 number of lines!!
[LEF] Parsed 40500 number of lines!!
[LEF] Parsed 41000 number of lines!!
[LEF] Parsed 41500 number of lines!!
[LEF] Parsed 42000 number of lines!!
[LEF] Parsed 42500 number of lines!!
[LEF] Parsed 43000 number of lines!!
[LEF] Parsed 43500 number of lines!!
[LEF] Parsed 44000 number of lines!!
[LEF] Parsed 44500 number of lines!!
[LEF] Parsed 45000 number of lines!!
[LEF] Parsed 45500 number of lines!!
[LEF] Parsed 46000 number of lines!!
[LEF] Parsed 46500 number of lines!!
[LEF] Parsed 47000 number of lines!!
[LEF] Parsed 47500 number of lines!!
[LEF] Parsed 48000 number of lines!!
[LEF] Parsed 48500 number of lines!!
[LEF] Parsed 49000 number of lines!!
[LEF] Parsed 49500 number of lines!!
[LEF] Parsed 50000 number of lines!!
[LEF] Parsed 50500 number of lines!!
[LEF] Parsed 51000 number of lines!!
[LEF] Parsed 51500 number of lines!!
[LEF] Parsed 52000 number of lines!!
[LEF] Parsed 52500 number of lines!!
[LEF] Parsed 53000 number of lines!!
[LEF] Parsed 53500 number of lines!!
[LEF] Parsed 54000 number of lines!!
[LEF] Parsed 54500 number of lines!!
[LEF] Parsed 55000 number of lines!!
[LEF] Parsed 55500 number of lines!!
[LEF] Parsed 56000 number of lines!!
[LEF] Parsed 56500 number of lines!!
[LEF] Parsed 57000 number of lines!!
[LEF] Parsed 57500 number of lines!!
[LEF] Parsed 58000 number of lines!!
[LEF] Parsed 58500 number of lines!!
[LEF] Parsed 59000 number of lines!!
[LEF] Parsed 59500 number of lines!!
[LEF] Parsed 60000 number of lines!!
[LEF] Parsed 60500 number of lines!!
[LEF] Parsed 61000 number of lines!!
[LEF] Parsed 61500 number of lines!!
[LEF] Parsed 62000 number of lines!!
[PROC] End LefParsing
[PROC] Begin DefParsing ...
WARNING (DEFPARS-7011): The NAMESCASESENSITIVE statement is obsolete in version 5.6 and later.
The DEF parser will ignore this statement. See file /openLANE_flow/designs/sb_0__0_/runs/29-08_12-09//results/floorplan/sb_0__0_.floorplan.def at line 2.

[PROC] End DefParsing
[INFO] DefUnit = 1000
[INFO] LefMetal1Name = li1
[INFO] DefSiteName = unithd
[INFO] ScaleDownUnit = 302.222229
[INFO] OffsetCoordi = (2640.000000, 0.000000)
[INFO] RowSize = (1.522059, 9.000000)
[INFO] NumRows = 235
[INFO] MacroCount = 0
[INFO] NumModules = 54
[INFO] NumTerminals = 5858
[INFO] Inserted Dummy Terms = 0
[PROC] Begin Generate Un-fragmented Rows ...
[INFO] CoreAreaLxLy = (27.000000, 36.000000)
[INFO] CoreAreaUxUy = (2147.227783, 2151.000000)
[INFO] RowSize = (1.522059, 9.000000)
[INFO] NumRows = 235
[PROC] End Generate Un-fragmented Rows
[PROC] Begin DEF Net Parsing ...
[INFO] NumNets = 129
[INFO] NumPins = 256
[PROC] End DEF Net Parsing
[PROC] LEF/DEF Parsing Success!
[INFO] AspectRatio = 0.997534
[INFO] RowMinXY = (27.000000, 36.000000)
[INFO] RowMaxXY = (2147.228027, 2151.000000)
[INFO] NumPlaceStdCells = 54
[INFO] NumPlaceMacros = 0
[INFO] RowSize = (1.522059, 9.000000)
[INFO] NumRows = 235
[INFO] GlobalAreaLxLy = (9.496324, 6.617647)
[INFO] GlobalAreaUxUy = (2164.731689, 2186.702148)
[INFO] PlaceAreaLxLy = (27.000000, 36.000000)
[INFO] PlaceAreaUxUy = (2147.228027, 2151.000000)
[INFO] TotalPlaceArea = 4484282.500000
[INFO] TotalFixedArea = 92323.617188
[INFO] TotalWhiteSpaceArea = 4391959.000000
[INFO] TotalPlaceMacrosArea = 0.000000
[INFO] TotalPlaceStdCellsArea = 17999.865234
[INFO] Util(%) = 0.401399
[INFO] 80pCellArea = 335.194550
[INFO] FillerInit: TotalFillerArea = 1738783.750000
[INFO] FillerInit: NumFillerCells = 5187
[INFO] FillerInit: FillerCellArea = 335.194733
[INFO] FillerInit: FillerCellSize = (37.243858, 9.000000)
[INFO] FillerInit: NumCells = 5241
[INFO] FillerInit: NumModules = 54
[INFO] FillerInit: NumFillers = 5187
INFO:  D_MSH = 1024 
INFO:  MSH(X, Y) = (32, 32)
[INFO] TierInit: TierUtil = 0.004014
[INFO] TierInit: NumModules = 54
[INFO] TierInit: PlaceArea = 4484282.500000
[INFO] TierInit: CoreSpacingArea = 0.000000
[INFO] TierInit: TerminalArea = 92323.617188
[INFO] TierInit: ModuleArea = 17999.865234
[INFO] TierInit: FillerArea = 1738783.750000
[INFO] TierInit: NumFillers = 5187
[INFO] TierInit: FillerMinIdx = 54
[INFO] TierInit: FillerMaxIdx = 5241
INFO:  dim_bin_cGP2D.(x,y) = (64, 64)
cell Init 2D:
tier->bin_stp: (33.1286 33.0469)
tier->half_bin_stp: (16.5643 16.5234)
PROC:  Start NESTEROV's Optimization
PROC:    Global Lagrangian Multiplier is Applied

ITER: 0
    HPWL=42360.156250
    OVFL=0.910295
    HPWL=(23681.451172, 18678.705078)
    POTN=1.218396E+06
    PHIC=1.504737E-09
    GRAD=2.628627E-02
    NuBT=0
    CPU =0.000000

ITER: 1
    HPWL=42359.851562
    OVFL=0.910295
    HPWL=(23681.279297, 18678.574219)
    POTN=1.218390E+06
    PHIC=1.579974E-09
    GRAD=3.706123E-02
    NuBT=1
    CPU =0.002738

ITER: 2
    HPWL=42358.519531
    OVFL=0.910295
    HPWL=(23680.523438, 18677.996094)
    POTN=1.218360E+06
    PHIC=1.658972E-09
    GRAD=3.706031E-02
    NuBT=1
    CPU =0.001317

ITER: 3
    HPWL=15895.003906
    OVFL=0.712426
    HPWL=(7197.745605, 8697.258789)
    POTN=9.741386E+05
    PHIC=1.741921E-09
    GRAD=1.011252E-02
    NuBT=2
    CPU =0.002268

ITER: 4
    HPWL=12357.838867
    OVFL=0.665242
    HPWL=(5127.814453, 7230.024414)
    POTN=9.586690E+05
    PHIC=1.829017E-09
    GRAD=1.101534E-02
    NuBT=2
    CPU =0.002264

ITER: 5
    HPWL=10864.355469
    OVFL=0.644414
    HPWL=(4344.411133, 6519.943848)
    POTN=9.424652E+05
    PHIC=1.920468E-09
    GRAD=6.353117E-03
    NuBT=3
    CPU =0.003337

ITER: 6
    HPWL=10156.840820
    OVFL=0.607826
    HPWL=(4007.641357, 6149.199219)
    POTN=9.130590E+05
    PHIC=2.016491E-09
    GRAD=5.083665E-03
    NuBT=1
    CPU =0.001217

ITER: 7
    HPWL=10049.619141
    OVFL=0.516527
    HPWL=(3993.085693, 6056.533203)
    POTN=8.795599E+05
    PHIC=2.117315E-09
    GRAD=6.255710E-03
    NuBT=1
    CPU =0.001186

ITER: 8
    HPWL=9698.949219
    OVFL=0.553660
    HPWL=(3844.575195, 5854.374023)
    POTN=8.583521E+05
    PHIC=2.223181E-09
    GRAD=9.527362E-03
    NuBT=2
    CPU =0.002218

ITER: 9
    HPWL=9389.947266
    OVFL=0.466075
    HPWL=(3808.471680, 5581.475586)
    POTN=8.400994E+05
    PHIC=2.334340E-09
    GRAD=7.887466E-03
    NuBT=1
    CPU =0.001186

ITER: 10
    HPWL=9255.073242
    OVFL=0.489301
    HPWL=(3743.099854, 5511.973633)
    POTN=8.268258E+05
    PHIC=2.451057E-09
    GRAD=1.187962E-02
    NuBT=2
    CPU =0.002231

ITER: 11
    HPWL=9139.576172
    OVFL=0.426178
    HPWL=(3768.747070, 5370.829102)
    POTN=8.179856E+05
    PHIC=2.573609E-09
    GRAD=1.124104E-02
    NuBT=1
    CPU =0.001179

ITER: 12
    HPWL=8850.813477
    OVFL=0.388573
    HPWL=(3636.012939, 5214.800781)
    POTN=8.105858E+05
    PHIC=2.702290E-09
    GRAD=1.433636E-02
    NuBT=2
    CPU =0.002222

ITER: 13
    HPWL=8753.283203
    OVFL=0.392599
    HPWL=(3613.146240, 5140.137207)
    POTN=8.049049E+05
    PHIC=2.837404E-09
    GRAD=1.748404E-02
    NuBT=2
    CPU =0.002221

ITER: 14
    HPWL=8645.688477
    OVFL=0.340476
    HPWL=(3582.205078, 5063.483398)
    POTN=7.967019E+05
    PHIC=2.979274E-09
    GRAD=1.734108E-02
    NuBT=2
    CPU =0.002229

ITER: 15
    HPWL=8429.413086
    OVFL=0.347802
    HPWL=(3481.258301, 4948.154785)
    POTN=7.907171E+05
    PHIC=3.128238E-09
    GRAD=2.138926E-02
    NuBT=2
    CPU =0.002226

ITER: 16
    HPWL=8387.595703
    OVFL=0.338043
    HPWL=(3467.616211, 4919.979492)
    POTN=7.845559E+05
    PHIC=3.284649E-09
    GRAD=2.118991E-02
    NuBT=2
    CPU =0.002250

ITER: 17
    HPWL=8278.419922
    OVFL=0.334217
    HPWL=(3412.905518, 4865.514648)
    POTN=7.801803E+05
    PHIC=3.448882E-09
    GRAD=2.191811E-02
    NuBT=2
    CPU =0.002233

ITER: 18
    HPWL=8210.412109
    OVFL=0.335682
    HPWL=(3374.077148, 4836.335449)
    POTN=7.742294E+05
    PHIC=3.621326E-09
    GRAD=2.229414E-02
    NuBT=2
    CPU =0.002233

ITER: 19
    HPWL=8151.065430
    OVFL=0.322128
    HPWL=(3335.064697, 4816.000977)
    POTN=7.704148E+05
    PHIC=3.802392E-09
    GRAD=2.214002E-02
    NuBT=2
    CPU =0.002228

ITER: 20
    HPWL=8080.028809
    OVFL=0.327813
    HPWL=(3286.308105, 4793.720703)
    POTN=7.650154E+05
    PHIC=3.992511E-09
    GRAD=2.335272E-02
    NuBT=2
    CPU =0.002246

ITER: 21
    HPWL=8057.452637
    OVFL=0.323534
    HPWL=(3260.396973, 4797.055664)
    POTN=7.617036E+05
    PHIC=4.192136E-09
    GRAD=2.291361E-02
    NuBT=1
    CPU =0.001189

ITER: 22
    HPWL=8002.956055
    OVFL=0.309984
    HPWL=(3215.292725, 4787.663086)
    POTN=7.576331E+05
    PHIC=4.401743E-09
    GRAD=2.319893E-02
    NuBT=2
    CPU =0.002223

ITER: 23
    HPWL=7960.642578
    OVFL=0.307718
    HPWL=(3175.123291, 4785.519531)
    POTN=7.545009E+05
    PHIC=4.621830E-09
    GRAD=2.457741E-02
    NuBT=1
    CPU =0.001188

ITER: 24
    HPWL=7911.264160
    OVFL=0.329002
    HPWL=(3132.492188, 4778.771973)
    POTN=7.512784E+05
    PHIC=4.852921E-09
    GRAD=2.476462E-02
    NuBT=2
    CPU =0.002220

ITER: 25
    HPWL=7876.630859
    OVFL=0.334510
    HPWL=(3098.380127, 4778.250488)
    POTN=7.491485E+05
    PHIC=5.095567E-09
    GRAD=2.251375E-02
    NuBT=1
    CPU =0.001182

ITER: 26
    HPWL=7836.871094
    OVFL=0.330566
    HPWL=(3063.038818, 4773.832520)
    POTN=7.463033E+05
    PHIC=5.350345E-09
    GRAD=2.181496E-02
    NuBT=1
    CPU =0.001182

ITER: 27
    HPWL=7825.341309
    OVFL=0.323578
    HPWL=(3042.958984, 4782.382324)
    POTN=7.434006E+05
    PHIC=5.617862E-09
    GRAD=2.221294E-02
    NuBT=1
    CPU =0.001177

ITER: 28
    HPWL=7805.643555
    OVFL=0.317610
    HPWL=(3017.976074, 4787.667480)
    POTN=7.401462E+05
    PHIC=5.898755E-09
    GRAD=2.294048E-02
    NuBT=2
    CPU =0.002244

ITER: 29
    HPWL=7771.666992
    OVFL=0.304353
    HPWL=(2985.554443, 4786.112305)
    POTN=7.376995E+05
    PHIC=6.193692E-09
    GRAD=2.356051E-02
    NuBT=2
    CPU =0.002221

ITER: 30
    HPWL=7725.964844
    OVFL=0.298100
    HPWL=(2947.778809, 4778.186035)
    POTN=7.351064E+05
    PHIC=6.503377E-09
    GRAD=2.495348E-02
    NuBT=2
    CPU =0.002220

ITER: 31
    HPWL=7684.863281
    OVFL=0.279124
    HPWL=(2913.221436, 4771.641602)
    POTN=7.331950E+05
    PHIC=6.828545E-09
    GRAD=2.567592E-02
    NuBT=2
    CPU =0.002230

ITER: 32
    HPWL=7628.369141
    OVFL=0.260485
    HPWL=(2871.920898, 4756.448242)
    POTN=7.305946E+05
    PHIC=7.169972E-09
    GRAD=2.776552E-02
    NuBT=2
    CPU =0.002239

ITER: 33
    HPWL=7581.295898
    OVFL=0.243905
    HPWL=(2832.803467, 4748.492676)
    POTN=7.294705E+05
    PHIC=7.528470E-09
    GRAD=2.999125E-02
    NuBT=2
    CPU =0.002232

ITER: 34
    HPWL=7538.879883
    OVFL=0.248953
    HPWL=(2798.967529, 4739.912109)
    POTN=7.279261E+05
    PHIC=7.904894E-09
    GRAD=3.201855E-02
    NuBT=2
    CPU =0.002238

ITER: 35
    HPWL=7516.867676
    OVFL=0.249951
    HPWL=(2779.611816, 4737.255859)
    POTN=7.271008E+05
    PHIC=8.300138E-09
    GRAD=3.149225E-02
    NuBT=2
    CPU =0.002237

ITER: 36
    HPWL=7502.383789
    OVFL=0.250058
    HPWL=(2768.752197, 4733.631836)
    POTN=7.257829E+05
    PHIC=8.715145E-09
    GRAD=3.138826E-02
    NuBT=2
    CPU =0.002242

ITER: 37
    HPWL=7497.848145
    OVFL=0.246826
    HPWL=(2762.057617, 4735.790527)
    POTN=7.253522E+05
    PHIC=9.150902E-09
    GRAD=3.146670E-02
    NuBT=1
    CPU =0.001187

ITER: 38
    HPWL=7488.276367
    OVFL=0.235188
    HPWL=(2753.841797, 4734.434570)
    POTN=7.242944E+05
    PHIC=9.608447E-09
    GRAD=3.191644E-02
    NuBT=1
    CPU =0.001181

ITER: 39
    HPWL=7463.293945
    OVFL=0.225598
    HPWL=(2738.854248, 4724.439453)
    POTN=7.240801E+05
    PHIC=1.008887E-08
    GRAD=3.332371E-02
    NuBT=1
    CPU =0.001178

ITER: 40
    HPWL=7437.492188
    OVFL=0.220269
    HPWL=(2725.833740, 4711.658691)
    POTN=7.232738E+05
    PHIC=1.059331E-08
    GRAD=3.450985E-02
    NuBT=1
    CPU =0.001181

ITER: 41
    HPWL=7421.250000
    OVFL=0.224108
    HPWL=(2722.433105, 4698.816895)
    POTN=7.233232E+05
    PHIC=1.112298E-08
    GRAD=3.519888E-02
    NuBT=1
    CPU =0.001177

ITER: 42
    HPWL=7406.138672
    OVFL=0.224395
    HPWL=(2720.671143, 4685.467773)
    POTN=7.227238E+05
    PHIC=1.167913E-08
    GRAD=3.471071E-02
    NuBT=1
    CPU =0.001188

ITER: 43
    HPWL=7392.349609
    OVFL=0.242185
    HPWL=(2718.254639, 4674.095215)
    POTN=7.230569E+05
    PHIC=1.226308E-08
    GRAD=3.459913E-02
    NuBT=1
    CPU =0.001184

ITER: 44
    HPWL=7391.072266
    OVFL=0.258661
    HPWL=(2717.891846, 4673.180176)
    POTN=7.225667E+05
    PHIC=1.287623E-08
    GRAD=3.234849E-02
    NuBT=1
    CPU =0.001181

ITER: 45
    HPWL=7395.136719
    OVFL=0.261038
    HPWL=(2719.198486, 4675.937988)
    POTN=7.228398E+05
    PHIC=1.352004E-08
    GRAD=3.023868E-02
    NuBT=1
    CPU =0.001179

ITER: 46
    HPWL=7413.390625
    OVFL=0.253469
    HPWL=(2725.470947, 4687.919434)
    POTN=7.226818E+05
    PHIC=1.419600E-08
    GRAD=2.992991E-02
    NuBT=1
    CPU =0.001178

ITER: 47
    HPWL=7434.016602
    OVFL=0.249049
    HPWL=(2730.803955, 4703.212402)
    POTN=7.230234E+05
    PHIC=1.490576E-08
    GRAD=3.091170E-02
    NuBT=2
    CPU =0.002229

ITER: 48
    HPWL=7433.583008
    OVFL=0.265285
    HPWL=(2725.362793, 4708.220215)
    POTN=7.230557E+05
    PHIC=1.565104E-08
    GRAD=3.146385E-02
    NuBT=2
    CPU =0.002224

ITER: 49
    HPWL=7454.275879
    OVFL=0.269430
    HPWL=(2734.576660, 4719.699219)
    POTN=7.238668E+05
    PHIC=1.643355E-08
    GRAD=2.964112E-02
    NuBT=1
    CPU =0.001195

ITER: 50
    HPWL=7460.037598
    OVFL=0.269478
    HPWL=(2739.292480, 4720.745117)
    POTN=7.244006E+05
    PHIC=1.725521E-08
    GRAD=2.910138E-02
    NuBT=1
    CPU =0.001199

ITER: 51
    HPWL=7453.837891
    OVFL=0.273882
    HPWL=(2736.135986, 4717.702148)
    POTN=7.257186E+05
    PHIC=1.811797E-08
    GRAD=2.903432E-02
    NuBT=1
    CPU =0.001197

ITER: 52
    HPWL=7457.411133
    OVFL=0.285971
    HPWL=(2739.085449, 4718.325684)
    POTN=7.262443E+05
    PHIC=1.902386E-08
    GRAD=2.854548E-02
    NuBT=1
    CPU =0.001205

ITER: 53
    HPWL=7462.678223
    OVFL=0.300487
    HPWL=(2744.688965, 4717.989258)
    POTN=7.274286E+05
    PHIC=1.997503E-08
    GRAD=2.716548E-02
    NuBT=1
    CPU =0.001195

ITER: 54
    HPWL=7456.806641
    OVFL=0.316129
    HPWL=(2745.244141, 4711.562500)
    POTN=7.281127E+05
    PHIC=2.097378E-08
    GRAD=2.545330E-02
    NuBT=1
    CPU =0.001203

ITER: 55
    HPWL=7454.655273
    OVFL=0.330031
    HPWL=(2748.360352, 4706.294922)
    POTN=7.291514E+05
    PHIC=2.202247E-08
    GRAD=2.368651E-02
    NuBT=1
    CPU =0.001188

ITER: 56
    HPWL=7479.491211
    OVFL=0.348748
    HPWL=(2764.878174, 4714.612793)
    POTN=7.294238E+05
    PHIC=2.312351E-08
    GRAD=2.224723E-02
    NuBT=1
    CPU =0.001176

ITER: 57
    HPWL=7532.609375
    OVFL=0.358286
    HPWL=(2793.042969, 4739.566406)
    POTN=7.297004E+05
    PHIC=2.427951E-08
    GRAD=2.049079E-02
    NuBT=1
    CPU =0.001171

ITER: 58
    HPWL=7588.355469
    OVFL=0.373843
    HPWL=(2820.162598, 4768.192871)
    POTN=7.289862E+05
    PHIC=2.549328E-08
    GRAD=1.963905E-02
    NuBT=1
    CPU =0.001163

ITER: 59
    HPWL=7642.385254
    OVFL=0.390673
    HPWL=(2844.743652, 4797.641602)
    POTN=7.286481E+05
    PHIC=2.676774E-08
    GRAD=1.831603E-02
    NuBT=1
    CPU =0.001176

ITER: 60
    HPWL=7692.667969
    OVFL=0.403565
    HPWL=(2870.506592, 4822.161621)
    POTN=7.275918E+05
    PHIC=2.810593E-08
    GRAD=1.691243E-02
    NuBT=1
    CPU =0.001179

ITER: 61
    HPWL=7745.645508
    OVFL=0.424132
    HPWL=(2898.852539, 4846.792969)
    POTN=7.271709E+05
    PHIC=2.951100E-08
    GRAD=1.588849E-02
    NuBT=1
    CPU =0.001177

ITER: 62
    HPWL=7824.270020
    OVFL=0.432583
    HPWL=(2941.201172, 4883.068848)
    POTN=7.257861E+05
    PHIC=3.098620E-08
    GRAD=1.446853E-02
    NuBT=1
    CPU =0.001177

ITER: 63
    HPWL=7915.958984
    OVFL=0.409585
    HPWL=(2991.779297, 4924.179688)
    POTN=7.243307E+05
    PHIC=3.253509E-08
    GRAD=1.395734E-02
    NuBT=1
    CPU =0.001186

ITER: 64
    HPWL=7952.998047
    OVFL=0.442570
    HPWL=(3011.346680, 4941.651367)
    POTN=7.216016E+05
    PHIC=3.416167E-08
    GRAD=1.553955E-02
    NuBT=2
    CPU =0.002235

ITER: 65
    HPWL=7978.531250
    OVFL=0.500135
    HPWL=(3013.008057, 4965.522949)
    POTN=7.190394E+05
    PHIC=3.586962E-08
    GRAD=1.345035E-02
    NuBT=1
    CPU =0.001180

ITER: 66
    HPWL=8013.694336
    OVFL=0.511199
    HPWL=(3031.240967, 4982.453613)
    POTN=7.131511E+05
    PHIC=3.766291E-08
    GRAD=1.007990E-02
    NuBT=1
    CPU =0.001179

ITER: 67
    HPWL=8038.159180
    OVFL=0.466031
    HPWL=(3043.678711, 4994.480469)
    POTN=7.066485E+05
    PHIC=3.954592E-08
    GRAD=9.242105E-03
    NuBT=1
    CPU =0.001176

ITER: 68
    HPWL=8268.636719
    OVFL=0.469451
    HPWL=(3160.781250, 5107.855469)
    POTN=6.972318E+05
    PHIC=4.152187E-08
    GRAD=1.170350E-02
    NuBT=2
    CPU =0.002224

ITER: 69
    HPWL=8297.573242
    OVFL=0.456795
    HPWL=(3160.694092, 5136.878906)
    POTN=6.872339E+05
    PHIC=4.359778E-08
    GRAD=1.164477E-02
    NuBT=2
    CPU =0.002217

ITER: 70
    HPWL=8281.347656
    OVFL=0.434926
    HPWL=(3144.459717, 5136.887695)
    POTN=6.762335E+05
    PHIC=4.577767E-08
    GRAD=1.235249E-02
    NuBT=2
    CPU =0.002219

ITER: 71
    HPWL=8232.033203
    OVFL=0.456793
    HPWL=(3107.607178, 5124.426270)
    POTN=6.664363E+05
    PHIC=4.806655E-08
    GRAD=1.378673E-02
    NuBT=2
    CPU =0.002229

ITER: 72
    HPWL=8187.491211
    OVFL=0.397821
    HPWL=(3071.246826, 5116.244629)
    POTN=6.555257E+05
    PHIC=5.046988E-08
    GRAD=1.265653E-02
    NuBT=2
    CPU =0.002219

ITER: 73
    HPWL=8016.349609
    OVFL=0.416282
    HPWL=(2972.363525, 5043.985840)
    POTN=6.473371E+05
    PHIC=5.299337E-08
    GRAD=1.625476E-02
    NuBT=2
    CPU =0.002237

ITER: 74
    HPWL=7890.234375
    OVFL=0.393899
    HPWL=(2883.112549, 5007.122070)
    POTN=6.410693E+05
    PHIC=5.564304E-08
    GRAD=1.502732E-02
    NuBT=1
    CPU =0.001181

ITER: 75
    HPWL=7834.829590
    OVFL=0.407802
    HPWL=(2850.573730, 4984.255859)
    POTN=6.361820E+05
    PHIC=5.842518E-08
    GRAD=1.668977E-02
    NuBT=2
    CPU =0.002226

ITER: 76
    HPWL=7833.083984
    OVFL=0.380602
    HPWL=(2861.336182, 4971.748047)
    POTN=6.315824E+05
    PHIC=6.134644E-08
    GRAD=1.576641E-02
    NuBT=2
    CPU =0.002225

ITER: 77
    HPWL=7799.770508
    OVFL=0.382789
    HPWL=(2856.579102, 4943.191406)
    POTN=6.275782E+05
    PHIC=6.441376E-08
    GRAD=1.777201E-02
    NuBT=2
    CPU =0.002225

ITER: 78
    HPWL=7793.387695
    OVFL=0.383719
    HPWL=(2862.555908, 4930.831543)
    POTN=6.234194E+05
    PHIC=6.763445E-08
    GRAD=1.767962E-02
    NuBT=2
    CPU =0.002223

ITER: 79
    HPWL=7785.363770
    OVFL=0.436469
    HPWL=(2864.665039, 4920.698730)
    POTN=6.196886E+05
    PHIC=7.101617E-08
    GRAD=1.760334E-02
    NuBT=2
    CPU =0.002218

ITER: 80
    HPWL=7793.522461
    OVFL=0.435522
    HPWL=(2875.011475, 4918.510742)
    POTN=6.157199E+05
    PHIC=7.456688E-08
    GRAD=1.367099E-02
    NuBT=2
    CPU =0.002232

ITER: 81
    HPWL=7771.911621
    OVFL=0.469175
    HPWL=(2870.340332, 4901.571289)
    POTN=6.128982E+05
    PHIC=7.829522E-08
    GRAD=1.343165E-02
    NuBT=1
    CPU =0.001181

ITER: 82
    HPWL=7908.223633
    OVFL=0.470865
    HPWL=(2951.158447, 4957.065430)
    POTN=6.084774E+05
    PHIC=8.220840E-08
    GRAD=1.145487E-02
    NuBT=1
    CPU =0.001187

ITER: 83
    HPWL=8134.506836
    OVFL=0.442704
    HPWL=(3081.821045, 5052.686035)
    POTN=6.046836E+05
    PHIC=8.631606E-08
    GRAD=1.151356E-02
    NuBT=1
    CPU =0.001177

ITER: 84
    HPWL=8167.803711
    OVFL=0.460974
    HPWL=(3100.069580, 5067.733887)
    POTN=6.019196E+05
    PHIC=9.063144E-08
    GRAD=1.306799E-02
    NuBT=2
    CPU =0.002218

ITER: 85
    HPWL=8174.105469
    OVFL=0.471894
    HPWL=(3093.266602, 5080.838867)
    POTN=5.991201E+05
    PHIC=9.516292E-08
    GRAD=1.200764E-02
    NuBT=1
    CPU =0.001185

ITER: 86
    HPWL=8233.619141
    OVFL=0.479894
    HPWL=(3121.276855, 5112.342773)
    POTN=5.960949E+05
    PHIC=9.992022E-08
    GRAD=1.144093E-02
    NuBT=1
    CPU =0.001176

ITER: 87
    HPWL=8249.854492
    OVFL=0.497413
    HPWL=(3120.071045, 5129.783203)
    POTN=5.943058E+05
    PHIC=1.049160E-07
    GRAD=1.091696E-02
    NuBT=1
    CPU =0.001186

ITER: 88
    HPWL=8283.851562
    OVFL=0.486106
    HPWL=(3128.629150, 5155.222168)
    POTN=5.917086E+05
    PHIC=1.101613E-07
    GRAD=9.959315E-03
    NuBT=1
    CPU =0.001183

ITER: 89
    HPWL=8359.984375
    OVFL=0.454226
    HPWL=(3156.948975, 5203.035645)
    POTN=5.900921E+05
    PHIC=1.156681E-07
    GRAD=1.051888E-02
    NuBT=1
    CPU =0.001177

ITER: 90
    HPWL=8337.939453
    OVFL=0.436857
    HPWL=(3128.769775, 5209.169434)
    POTN=5.884506E+05
    PHIC=1.214515E-07
    GRAD=1.230655E-02
    NuBT=2
    CPU =0.002243

ITER: 91
    HPWL=8231.894531
    OVFL=0.439585
    HPWL=(3051.132568, 5180.762207)
    POTN=5.881545E+05
    PHIC=1.275240E-07
    GRAD=1.344776E-02
    NuBT=1
    CPU =0.001180

ITER: 92
    HPWL=8132.258789
    OVFL=0.413755
    HPWL=(2981.240967, 5151.018066)
    POTN=5.876041E+05
    PHIC=1.339002E-07
    GRAD=1.329290E-02
    NuBT=2
    CPU =0.002239

ITER: 93
    HPWL=8015.540039
    OVFL=0.422285
    HPWL=(2904.677246, 5110.862793)
    POTN=5.883397E+05
    PHIC=1.405952E-07
    GRAD=1.495211E-02
    NuBT=2
    CPU =0.002225

ITER: 94
    HPWL=7939.088379
    OVFL=0.414660
    HPWL=(2848.987305, 5090.101074)
    POTN=5.881518E+05
    PHIC=1.476250E-07
    GRAD=1.440794E-02
    NuBT=1
    CPU =0.001186

ITER: 95
    HPWL=7895.885254
    OVFL=0.382560
    HPWL=(2824.695312, 5071.189941)
    POTN=5.877896E+05
    PHIC=1.550062E-07
    GRAD=1.491228E-02
    NuBT=2
    CPU =0.002230

ITER: 96
    HPWL=7837.875000
    OVFL=0.352900
    HPWL=(2802.062012, 5035.812988)
    POTN=5.880151E+05
    PHIC=1.627565E-07
    GRAD=1.729515E-02
    NuBT=2
    CPU =0.002224

ITER: 97
    HPWL=7790.243652
    OVFL=0.323011
    HPWL=(2784.029297, 5006.214355)
    POTN=5.882829E+05
    PHIC=1.708944E-07
    GRAD=1.990524E-02
    NuBT=1
    CPU =0.001193

ITER: 98
    HPWL=7724.751953
    OVFL=0.318269
    HPWL=(2754.535889, 4970.216309)
    POTN=5.885901E+05
    PHIC=1.794391E-07
    GRAD=2.284202E-02
    NuBT=2
    CPU =0.002221

ITER: 99
    HPWL=7690.208008
    OVFL=0.349219
    HPWL=(2749.912354, 4940.295410)
    POTN=5.895782E+05
    PHIC=1.884110E-07
    GRAD=2.351127E-02
    NuBT=1
    CPU =0.001182

ITER: 100
    HPWL=7641.684570
    OVFL=0.375310
    HPWL=(2741.787598, 4899.896973)
    POTN=5.898606E+05
    PHIC=1.978315E-07
    GRAD=2.040852E-02
    NuBT=2
    CPU =0.002238

ITER: 101
    HPWL=7603.321289
    OVFL=0.409181
    HPWL=(2739.914062, 4863.407227)
    POTN=5.902301E+05
    PHIC=2.077231E-07
    GRAD=1.795747E-02
    NuBT=1
    CPU =0.001178

ITER: 102
    HPWL=7628.047363
    OVFL=0.440919
    HPWL=(2768.881836, 4859.165527)
    POTN=5.898648E+05
    PHIC=2.181085E-07
    GRAD=1.525186E-02
    NuBT=1
    CPU =0.001185

ITER: 103
    HPWL=7700.429199
    OVFL=0.447468
    HPWL=(2819.567383, 4880.861816)
    POTN=5.894711E+05
    PHIC=2.290116E-07
    GRAD=1.306142E-02
    NuBT=1
    CPU =0.001178

ITER: 104
    HPWL=7853.427246
    OVFL=0.456360
    HPWL=(2903.647949, 4949.779297)
    POTN=5.891908E+05
    PHIC=2.404570E-07
    GRAD=1.261877E-02
    NuBT=1
    CPU =0.001178

ITER: 105
    HPWL=8152.315430
    OVFL=0.414375
    HPWL=(3056.109375, 5096.206055)
    POTN=5.879059E+05
    PHIC=2.524692E-07
    GRAD=1.219954E-02
    NuBT=2
    CPU =0.002218

ITER: 106
    HPWL=8234.098633
    OVFL=0.390536
    HPWL=(3096.114014, 5137.984375)
    POTN=5.861286E+05
    PHIC=2.650895E-07
    GRAD=1.497176E-02
    NuBT=2
    CPU =0.002224

ITER: 107
    HPWL=8165.083984
    OVFL=0.397294
    HPWL=(3028.747314, 5136.336914)
    POTN=5.843489E+05
    PHIC=2.783440E-07
    GRAD=1.680869E-02
    NuBT=1
    CPU =0.001186

ITER: 108
    HPWL=8131.968262
    OVFL=0.395766
    HPWL=(2986.821289, 5145.146973)
    POTN=5.821994E+05
    PHIC=2.922612E-07
    GRAD=1.639587E-02
    NuBT=2
    CPU =0.002218

ITER: 109
    HPWL=8074.260742
    OVFL=0.399939
    HPWL=(2933.642578, 5140.618164)
    POTN=5.806761E+05
    PHIC=3.068742E-07
    GRAD=1.646266E-02
    NuBT=2
    CPU =0.002222

ITER: 110
    HPWL=8056.910156
    OVFL=0.376372
    HPWL=(2915.665039, 5141.245117)
    POTN=5.788011E+05
    PHIC=3.222179E-07
    GRAD=1.623944E-02
    NuBT=1
    CPU =0.001185

ITER: 111
    HPWL=7977.482422
    OVFL=0.378267
    HPWL=(2872.605713, 5104.876465)
    POTN=5.781312E+05
    PHIC=3.383288E-07
    GRAD=1.802767E-02
    NuBT=2
    CPU =0.002225

ITER: 112
    HPWL=7910.876465
    OVFL=0.376771
    HPWL=(2840.545410, 5070.331055)
    POTN=5.767968E+05
    PHIC=3.552452E-07
    GRAD=1.794397E-02
    NuBT=1
    CPU =0.001192

ITER: 113
    HPWL=7872.501953
    OVFL=0.366443
    HPWL=(2835.552002, 5036.950195)
    POTN=5.762721E+05
    PHIC=3.730075E-07
    GRAD=1.815316E-02
    NuBT=2
    CPU =0.002227

ITER: 114
    HPWL=7833.915527
    OVFL=0.347180
    HPWL=(2837.880371, 4996.035156)
    POTN=5.753261E+05
    PHIC=3.916578E-07
    GRAD=1.904218E-02
    NuBT=2
    CPU =0.002236

ITER: 115
    HPWL=7787.060059
    OVFL=0.342896
    HPWL=(2830.874023, 4956.186035)
    POTN=5.747794E+05
    PHIC=4.112407E-07
    GRAD=2.078341E-02
    NuBT=2
    CPU =0.002228

ITER: 116
    HPWL=7766.595703
    OVFL=0.350052
    HPWL=(2827.007568, 4939.588379)
    POTN=5.736356E+05
    PHIC=4.318027E-07
    GRAD=2.131666E-02
    NuBT=2
    CPU =0.002225

ITER: 117
    HPWL=7779.790039
    OVFL=0.339106
    HPWL=(2830.003906, 4949.786133)
    POTN=5.723736E+05
    PHIC=4.533920E-07
    GRAD=2.073817E-02
    NuBT=2
    CPU =0.002222

ITER: 118
    HPWL=7791.390137
    OVFL=0.373074
    HPWL=(2834.092773, 4957.297363)
    POTN=5.706638E+05
    PHIC=4.760608E-07
    GRAD=2.177772E-02
    NuBT=2
    CPU =0.002219

ITER: 119
    HPWL=7832.309570
    OVFL=0.380199
    HPWL=(2857.344482, 4974.965332)
    POTN=5.698009E+05
    PHIC=4.998610E-07
    GRAD=1.881985E-02
    NuBT=1
    CPU =0.001184

ITER: 120
    HPWL=7818.310547
    OVFL=0.415923
    HPWL=(2855.755127, 4962.555176)
    POTN=5.685380E+05
    PHIC=5.248540E-07
    GRAD=1.790385E-02
    NuBT=1
    CPU =0.001177

ITER: 121
    HPWL=7851.234863
    OVFL=0.416046
    HPWL=(2884.585449, 4966.649414)
    POTN=5.679781E+05
    PHIC=5.510941E-07
    GRAD=1.507313E-02
    NuBT=1
    CPU =0.001188

ITER: 122
    HPWL=7909.758789
    OVFL=0.457110
    HPWL=(2932.100830, 4977.657715)
    POTN=5.664845E+05
    PHIC=5.786440E-07
    GRAD=1.500873E-02
    NuBT=1
    CPU =0.001177

ITER: 123
    HPWL=8008.810547
    OVFL=0.486554
    HPWL=(3006.486816, 5002.323730)
    POTN=5.651009E+05
    PHIC=6.075677E-07
    GRAD=1.250575E-02
    NuBT=1
    CPU =0.001184

ITER: 124
    HPWL=8051.298340
    OVFL=0.479448
    HPWL=(3047.015137, 5004.283203)
    POTN=5.616785E+05
    PHIC=6.379422E-07
    GRAD=1.063045E-02
    NuBT=1
    CPU =0.001180

ITER: 125
    HPWL=8149.269531
    OVFL=0.487217
    HPWL=(3107.963135, 5041.306641)
    POTN=5.583746E+05
    PHIC=6.698300E-07
    GRAD=1.086639E-02
    NuBT=1
    CPU =0.001175

ITER: 126
    HPWL=8295.368164
    OVFL=0.492788
    HPWL=(3173.810059, 5121.558105)
    POTN=5.530412E+05
    PHIC=7.033070E-07
    GRAD=1.050807E-02
    NuBT=2
    CPU =0.002214

ITER: 127
    HPWL=8391.990234
    OVFL=0.488614
    HPWL=(3203.966309, 5188.024414)
    POTN=5.477194E+05
    PHIC=7.384623E-07
    GRAD=1.019678E-02
    NuBT=2
    CPU =0.002229

ITER: 128
    HPWL=8447.053711
    OVFL=0.488256
    HPWL=(3212.495117, 5234.558594)
    POTN=5.415151E+05
    PHIC=7.753794E-07
    GRAD=1.038428E-02
    NuBT=2
    CPU =0.002223

ITER: 129
    HPWL=8447.703125
    OVFL=0.476040
    HPWL=(3197.797852, 5249.905273)
    POTN=5.357609E+05
    PHIC=8.141482E-07
    GRAD=1.038145E-02
    NuBT=2
    CPU =0.002227

ITER: 130
    HPWL=8414.372070
    OVFL=0.462416
    HPWL=(3171.846436, 5242.525879)
    POTN=5.297213E+05
    PHIC=8.548556E-07
    GRAD=1.103466E-02
    NuBT=1
    CPU =0.001160

ITER: 131
    HPWL=8328.267578
    OVFL=0.456342
    HPWL=(3123.658447, 5204.609375)
    POTN=5.242028E+05
    PHIC=8.975983E-07
    GRAD=1.181626E-02
    NuBT=1
    CPU =0.001172

ITER: 132
    HPWL=8226.426758
    OVFL=0.467019
    HPWL=(3069.090820, 5157.335938)
    POTN=5.176362E+05
    PHIC=9.424782E-07
    GRAD=1.223314E-02
    NuBT=1
    CPU =0.001186

ITER: 133
    HPWL=8135.993652
    OVFL=0.444965
    HPWL=(3014.958008, 5121.035645)
    POTN=5.112777E+05
    PHIC=9.896021E-07
    GRAD=1.164764E-02
    NuBT=2
    CPU =0.002220

ITER: 134
    HPWL=8066.496094
    OVFL=0.401647
    HPWL=(2967.107910, 5099.388184)
    POTN=5.035047E+05
    PHIC=1.039082E-06
    GRAD=1.289924E-02
    NuBT=2
    CPU =0.002220

ITER: 135
    HPWL=7939.511719
    OVFL=0.369698
    HPWL=(2885.906738, 5053.604980)
    POTN=4.970819E+05
    PHIC=1.091036E-06
    GRAD=1.583575E-02
    NuBT=2
    CPU =0.002220

ITER: 136
    HPWL=7824.812500
    OVFL=0.365620
    HPWL=(2819.769287, 5005.042969)
    POTN=4.909887E+05
    PHIC=1.145588E-06
    GRAD=1.847927E-02
    NuBT=1
    CPU =0.001184

ITER: 137
    HPWL=7734.108398
    OVFL=0.374504
    HPWL=(2772.938477, 4961.169922)
    POTN=4.847203E+05
    PHIC=1.202867E-06
    GRAD=1.895025E-02
    NuBT=2
    CPU =0.002222

ITER: 138
    HPWL=7673.908203
    OVFL=0.365220
    HPWL=(2758.225830, 4915.682129)
    POTN=4.772990E+05
    PHIC=1.263011E-06
    GRAD=1.815957E-02
    NuBT=2
    CPU =0.002220

ITER: 139
    HPWL=7654.896484
    OVFL=0.365622
    HPWL=(2772.806152, 4882.090332)
    POTN=4.702021E+05
    PHIC=1.326161E-06
    GRAD=1.892433E-02
    NuBT=2
    CPU =0.002224

ITER: 140
    HPWL=7637.733398
    OVFL=0.365753
    HPWL=(2785.276611, 4852.457031)
    POTN=4.629662E+05
    PHIC=1.392469E-06
    GRAD=1.887255E-02
    NuBT=2
    CPU =0.002230

ITER: 141
    HPWL=7634.687500
    OVFL=0.386083
    HPWL=(2803.270264, 4831.417480)
    POTN=4.559584E+05
    PHIC=1.462092E-06
    GRAD=1.883929E-02
    NuBT=2
    CPU =0.002231

ITER: 142
    HPWL=7634.708496
    OVFL=0.415414
    HPWL=(2817.001953, 4817.706543)
    POTN=4.480379E+05
    PHIC=1.535197E-06
    GRAD=1.708888E-02
    NuBT=2
    CPU =0.002221

ITER: 143
    HPWL=7652.527832
    OVFL=0.433188
    HPWL=(2830.558594, 4821.969238)
    POTN=4.397447E+05
    PHIC=1.611953E-06
    GRAD=1.479422E-02
    NuBT=1
    CPU =0.001183

ITER: 144
    HPWL=7711.129883
    OVFL=0.444852
    HPWL=(2864.294922, 4846.834961)
    POTN=4.307856E+05
    PHIC=1.692536E-06
    GRAD=1.353052E-02
    NuBT=1
    CPU =0.001190

ITER: 145
    HPWL=7874.231445
    OVFL=0.465677
    HPWL=(2955.294189, 4918.937012)
    POTN=4.203458E+05
    PHIC=1.777122E-06
    GRAD=1.279516E-02
    NuBT=1
    CPU =0.001180

ITER: 146
    HPWL=8038.227051
    OVFL=0.480814
    HPWL=(3042.588379, 4995.638672)
    POTN=4.082398E+05
    PHIC=1.865935E-06
    GRAD=1.162441E-02
    NuBT=2
    CPU =0.002242

ITER: 147
    HPWL=8231.375977
    OVFL=0.485561
    HPWL=(3143.859375, 5087.516602)
    POTN=3.957841E+05
    PHIC=1.959178E-06
    GRAD=1.090650E-02
    NuBT=2
    CPU =0.002229

ITER: 148
    HPWL=8388.216797
    OVFL=0.489189
    HPWL=(3218.655762, 5169.561035)
    POTN=3.817671E+05
    PHIC=2.057091E-06
    GRAD=1.072374E-02
    NuBT=2
    CPU =0.002257

ITER: 149
    HPWL=8507.798828
    OVFL=0.499023
    HPWL=(3269.457764, 5238.340820)
    POTN=3.676758E+05
    PHIC=2.159909E-06
    GRAD=1.064039E-02
    NuBT=1
    CPU =0.001206

ITER: 150
    HPWL=8558.593750
    OVFL=0.509059
    HPWL=(3281.809570, 5276.784180)
    POTN=3.528387E+05
    PHIC=2.267888E-06
    GRAD=1.012470E-02
    NuBT=1
    CPU =0.001195

ITER: 151
    HPWL=8556.816406
    OVFL=0.472117
    HPWL=(3264.176758, 5292.640137)
    POTN=3.375033E+05
    PHIC=2.381282E-06
    GRAD=9.512445E-03
    NuBT=1
    CPU =0.001181

ITER: 152
    HPWL=8564.767578
    OVFL=0.437489
    HPWL=(3248.576416, 5316.191406)
    POTN=3.217216E+05
    PHIC=2.500344E-06
    GRAD=1.139824E-02
    NuBT=2
    CPU =0.002231

ITER: 153
    HPWL=8457.287109
    OVFL=0.429356
    HPWL=(3166.428467, 5290.858887)
    POTN=3.061962E+05
    PHIC=2.625361E-06
    GRAD=1.353614E-02
    NuBT=2
    CPU =0.002232

ITER: 154
    HPWL=8318.962891
    OVFL=0.413039
    HPWL=(3065.521973, 5253.440430)
    POTN=2.912842E+05
    PHIC=2.756629E-06
    GRAD=1.424568E-02
    NuBT=2
    CPU =0.002226

ITER: 155
    HPWL=8155.467773
    OVFL=0.381929
    HPWL=(2957.222412, 5198.245605)
    POTN=2.769708E+05
    PHIC=2.894460E-06
    GRAD=1.525060E-02
    NuBT=2
    CPU =0.002235

ITER: 156
    HPWL=8006.132812
    OVFL=0.365158
    HPWL=(2856.459229, 5149.673828)
    POTN=2.628492E+05
    PHIC=3.039183E-06
    GRAD=1.758322E-02
    NuBT=2
    CPU =0.002230

ITER: 157
    HPWL=7919.337891
    OVFL=0.339124
    HPWL=(2802.540039, 5116.797852)
    POTN=2.498086E+05
    PHIC=3.191142E-06
    GRAD=1.913824E-02
    NuBT=2
    CPU =0.002228

ITER: 158
    HPWL=7821.638672
    OVFL=0.330642
    HPWL=(2761.199951, 5060.438477)
    POTN=2.370812E+05
    PHIC=3.350699E-06
    GRAD=2.142836E-02
    NuBT=2
    CPU =0.002226

ITER: 159
    HPWL=7798.387207
    OVFL=0.312885
    HPWL=(2768.336914, 5030.050293)
    POTN=2.252797E+05
    PHIC=3.518234E-06
    GRAD=2.243032E-02
    NuBT=2
    CPU =0.002237

ITER: 160
    HPWL=7738.036133
    OVFL=0.318593
    HPWL=(2759.568115, 4978.468262)
    POTN=2.138719E+05
    PHIC=3.694145E-06
    GRAD=2.417472E-02
    NuBT=2
    CPU =0.002241

ITER: 161
    HPWL=7726.479492
    OVFL=0.311910
    HPWL=(2777.178223, 4949.301270)
    POTN=2.032638E+05
    PHIC=3.878852E-06
    GRAD=2.373983E-02
    NuBT=2
    CPU =0.002289

ITER: 162
    HPWL=7699.353516
    OVFL=0.362914
    HPWL=(2786.465576, 4912.887695)
    POTN=1.929775E+05
    PHIC=4.072795E-06
    GRAD=2.442777E-02
    NuBT=2
    CPU =0.002312

ITER: 163
    HPWL=7695.066406
    OVFL=0.375547
    HPWL=(2809.399170, 4885.667480)
    POTN=1.828987E+05
    PHIC=4.276434E-06
    GRAD=1.942454E-02
    NuBT=2
    CPU =0.002271

ITER: 164
    HPWL=7656.111328
    OVFL=0.384564
    HPWL=(2804.400391, 4851.710938)
    POTN=1.721060E+05
    PHIC=4.490255E-06
    GRAD=1.799928E-02
    NuBT=1
    CPU =0.001214

ITER: 165
    HPWL=7743.529297
    OVFL=0.416627
    HPWL=(2859.154053, 4884.375000)
    POTN=1.608942E+05
    PHIC=4.714710E-06
    GRAD=1.726383E-02
    NuBT=1
    CPU =0.001194

ITER: 166
    HPWL=7884.041504
    OVFL=0.411931
    HPWL=(2931.432617, 4952.608887)
    POTN=1.486835E+05
    PHIC=4.950346E-06
    GRAD=1.495677E-02
    NuBT=2
    CPU =0.002232

ITER: 167
    HPWL=8041.762207
    OVFL=0.416077
    HPWL=(3005.770996, 5035.991211)
    POTN=1.367863E+05
    PHIC=5.197748E-06
    GRAD=1.538968E-02
    NuBT=1
    CPU =0.001188

ITER: 168
    HPWL=8134.356445
    OVFL=0.434571
    HPWL=(3034.139404, 5100.216797)
    POTN=1.246435E+05
    PHIC=5.457563E-06
    GRAD=1.507981E-02
    NuBT=2
    CPU =0.002226

ITER: 169
    HPWL=8217.404297
    OVFL=0.430740
    HPWL=(3061.530273, 5155.874512)
    POTN=1.125696E+05
    PHIC=5.730375E-06
    GRAD=1.382276E-02
    NuBT=1
    CPU =0.001180

ITER: 170
    HPWL=8271.466797
    OVFL=0.388261
    HPWL=(3073.806396, 5197.660645)
    POTN=1.002584E+05
    PHIC=6.016847E-06
    GRAD=1.399493E-02
    NuBT=1
    CPU =0.001184

ITER: 171
    HPWL=8228.457031
    OVFL=0.381607
    HPWL=(3033.363770, 5195.093262)
    POTN=8.944091E+04
    PHIC=6.317689E-06
    GRAD=1.699096E-02
    NuBT=2
    CPU =0.002244

ITER: 172
    HPWL=8115.119141
    OVFL=0.395187
    HPWL=(2954.758789, 5160.360352)
    POTN=7.880952E+04
    PHIC=6.633574E-06
    GRAD=1.754168E-02
    NuBT=1
    CPU =0.001199

ITER: 173
    HPWL=8067.124023
    OVFL=0.390005
    HPWL=(2924.121338, 5143.002441)
    POTN=6.965287E+04
    PHIC=6.965252E-06
    GRAD=1.659965E-02
    NuBT=2
    CPU =0.002231

ITER: 174
    HPWL=8002.065430
    OVFL=0.376851
    HPWL=(2890.212646, 5111.852539)
    POTN=6.097350E+04
    PHIC=7.313514E-06
    GRAD=1.702276E-02
    NuBT=2
    CPU =0.002231

ITER: 175
    HPWL=7937.267578
    OVFL=0.379273
    HPWL=(2860.833252, 5076.434570)
    POTN=5.354687E+04
    PHIC=7.679189E-06
    GRAD=1.812848E-02
    NuBT=2
    CPU =0.002230

ITER: 176
    HPWL=7900.634766
    OVFL=0.363292
    HPWL=(2853.500732, 5047.133789)
    POTN=4.674226E+04
    PHIC=8.063148E-06
    GRAD=1.805676E-02
    NuBT=2
    CPU =0.002233

ITER: 177
    HPWL=7853.702637
    OVFL=0.382827
    HPWL=(2844.472656, 5009.229980)
    POTN=4.113495E+04
    PHIC=8.466305E-06
    GRAD=1.937624E-02
    NuBT=2
    CPU =0.002259

ITER: 178
    HPWL=7877.374512
    OVFL=0.351228
    HPWL=(2870.147949, 5007.226562)
    POTN=3.639774E+04
    PHIC=8.889590E-06
    GRAD=1.797419E-02
    NuBT=1
    CPU =0.001200

ITER: 179
    HPWL=7858.295898
    OVFL=0.335521
    HPWL=(2850.968506, 5007.327148)
    POTN=3.205029E+04
    PHIC=9.334070E-06
    GRAD=2.047198E-02
    NuBT=2
    CPU =0.002252

ITER: 180
    HPWL=7899.065430
    OVFL=0.346331
    HPWL=(2859.309326, 5039.755859)
    POTN=2.938598E+04
    PHIC=9.800716E-06
    GRAD=2.225648E-02
    NuBT=1
    CPU =0.001195

ITER: 181
    HPWL=7904.106445
    OVFL=0.362351
    HPWL=(2850.881348, 5053.225098)
    POTN=2.783662E+04
    PHIC=1.029074E-05
    GRAD=2.129480E-02
    NuBT=2
    CPU =0.002269

ITER: 182
    HPWL=7921.524414
    OVFL=0.381551
    HPWL=(2856.348877, 5065.175293)
    POTN=2.765301E+04
    PHIC=1.080525E-05
    GRAD=1.977919E-02
    NuBT=1
    CPU =0.001235

ITER: 183
    HPWL=7936.318359
    OVFL=0.355006
    HPWL=(2868.841064, 5067.477539)
    POTN=2.882505E+04
    PHIC=1.134549E-05
    GRAD=1.798097E-02
    NuBT=1
    CPU =0.001221

ITER: 184
    HPWL=7952.583008
    OVFL=0.372361
    HPWL=(2889.942383, 5062.640625)
    POTN=3.229019E+04
    PHIC=1.191274E-05
    GRAD=2.027975E-02
    NuBT=1
    CPU =0.001191

ITER: 185
    HPWL=7981.138672
    OVFL=0.414267
    HPWL=(2922.197266, 5058.941406)
    POTN=3.711268E+04
    PHIC=1.250833E-05
    GRAD=1.910531E-02
    NuBT=1
    CPU =0.001185

ITER: 186
    HPWL=7977.059082
    OVFL=0.411897
    HPWL=(2939.705078, 5037.354004)
    POTN=4.277971E+04
    PHIC=1.313374E-05
    GRAD=1.562671E-02
    NuBT=1
    CPU =0.001193

ITER: 187
    HPWL=7882.110352
    OVFL=0.427219
    HPWL=(2909.954346, 4972.156250)
    POTN=4.927861E+04
    PHIC=1.379043E-05
    GRAD=1.520762E-02
    NuBT=1
    CPU =0.001191

ITER: 188
    HPWL=7921.282227
    OVFL=0.470029
    HPWL=(2949.970215, 4971.312012)
    POTN=5.666956E+04
    PHIC=1.447987E-05
    GRAD=1.417239E-02
    NuBT=1
    CPU =0.001190

ITER: 189
    HPWL=8026.563477
    OVFL=0.465679
    HPWL=(3010.384766, 5016.178711)
    POTN=6.245239E+04
    PHIC=1.520364E-05
    GRAD=1.163482E-02
    NuBT=2
    CPU =0.002241

ITER: 190
    HPWL=8096.195312
    OVFL=0.481582
    HPWL=(3047.377686, 5048.817383)
    POTN=6.747808E+04
    PHIC=1.596366E-05
    GRAD=1.168239E-02
    NuBT=1
    CPU =0.001220

ITER: 191
    HPWL=8232.270508
    OVFL=0.491547
    HPWL=(3111.527832, 5120.742676)
    POTN=7.040161E+04
    PHIC=1.676152E-05
    GRAD=1.087704E-02
    NuBT=1
    CPU =0.001211

ITER: 192
    HPWL=8361.460938
    OVFL=0.487612
    HPWL=(3172.645020, 5188.815918)
    POTN=7.181951E+04
    PHIC=1.759928E-05
    GRAD=1.039299E-02
    NuBT=1
    CPU =0.001191

ITER: 193
    HPWL=8423.074219
    OVFL=0.497505
    HPWL=(3200.699219, 5222.375488)
    POTN=7.130705E+04
    PHIC=1.847908E-05
    GRAD=1.052885E-02
    NuBT=1
    CPU =0.001198

ITER: 194
    HPWL=8437.125977
    OVFL=0.495424
    HPWL=(3204.881592, 5232.244141)
    POTN=6.841912E+04
    PHIC=1.940300E-05
    GRAD=9.996188E-03
    NuBT=1
    CPU =0.001184

ITER: 195
    HPWL=8446.007812
    OVFL=0.483256
    HPWL=(3212.378418, 5233.629395)
    POTN=6.372089E+04
    PHIC=2.037312E-05
    GRAD=1.007446E-02
    NuBT=1
    CPU =0.001182

ITER: 196
    HPWL=8445.899414
    OVFL=0.468666
    HPWL=(3217.837402, 5228.062012)
    POTN=5.744016E+04
    PHIC=2.139178E-05
    GRAD=1.079520E-02
    NuBT=1
    CPU =0.001197

ITER: 197
    HPWL=8368.498047
    OVFL=0.476497
    HPWL=(3175.137207, 5193.360840)
    POTN=5.093148E+04
    PHIC=2.246136E-05
    GRAD=1.160523E-02
    NuBT=2
    CPU =0.002272

ITER: 198
    HPWL=8331.697266
    OVFL=0.438011
    HPWL=(3137.786133, 5193.911133)
    POTN=4.441162E+04
    PHIC=2.358443E-05
    GRAD=1.136203E-02
    NuBT=1
    CPU =0.001186

ITER: 199
    HPWL=8216.558594
    OVFL=0.405433
    HPWL=(3055.132324, 5161.426758)
    POTN=3.927946E+04
    PHIC=2.476365E-05
    GRAD=1.342941E-02
    NuBT=2
    CPU =0.002231

ITER: 200
    HPWL=8103.376953
    OVFL=0.405998
    HPWL=(2969.547363, 5133.829590)
    POTN=3.604798E+04
    PHIC=2.600183E-05
    GRAD=1.583416E-02
    NuBT=2
    CPU =0.002246

ITER: 201
    HPWL=7985.210938
    OVFL=0.372088
    HPWL=(2885.863525, 5099.347168)
    POTN=3.452603E+04
    PHIC=2.730192E-05
    GRAD=1.596616E-02
    NuBT=2
    CPU =0.002238

ITER: 202
    HPWL=7830.946289
    OVFL=0.374853
    HPWL=(2801.392578, 5029.553711)
    POTN=3.605491E+04
    PHIC=2.866702E-05
    GRAD=1.837745E-02
    NuBT=2
    CPU =0.002299

ITER: 203
    HPWL=7821.645508
    OVFL=0.329770
    HPWL=(2816.141113, 5005.504395)
    POTN=3.807422E+04
    PHIC=3.010037E-05
    GRAD=1.841435E-02
    NuBT=2
    CPU =0.002242

ITER: 204
    HPWL=7688.977051
    OVFL=0.318716
    HPWL=(2763.960938, 4925.016113)
    POTN=4.317056E+04
    PHIC=3.160538E-05
    GRAD=2.217676E-02
    NuBT=2
    CPU =0.002255

ITER: 205
    HPWL=7680.281250
    OVFL=0.365824
    HPWL=(2780.462646, 4899.818359)
    POTN=4.785011E+04
    PHIC=3.318565E-05
    GRAD=2.361791E-02
    NuBT=1
    CPU =0.001182

ITER: 206
    HPWL=7672.129883
    OVFL=0.389325
    HPWL=(2799.490723, 4872.639160)
    POTN=5.246966E+04
    PHIC=3.484493E-05
    GRAD=1.920485E-02
    NuBT=2
    CPU =0.002228

ITER: 207
    HPWL=7618.210938
    OVFL=0.403839
    HPWL=(2790.763184, 4827.447754)
    POTN=5.740271E+04
    PHIC=3.658718E-05
    GRAD=1.687104E-02
    NuBT=1
    CPU =0.001181

ITER: 208
    HPWL=7676.397461
    OVFL=0.426557
    HPWL=(2841.373047, 4835.024414)
    POTN=6.057079E+04
    PHIC=3.841622E-05
    GRAD=1.568048E-02
    NuBT=1
    CPU =0.001184

ITER: 209
    HPWL=7853.442383
    OVFL=0.444730
    HPWL=(2942.689697, 4910.752441)
    POTN=6.111645E+04
    PHIC=4.033602E-05
    GRAD=1.425726E-02
    NuBT=1
    CPU =0.001193

ITER: 210
    HPWL=8047.302734
    OVFL=0.469543
    HPWL=(3049.507324, 4997.795410)
    POTN=5.999372E+04
    PHIC=4.235166E-05
    GRAD=1.327522E-02
    NuBT=1
    CPU =0.001182

ITER: 211
    HPWL=8164.254395
    OVFL=0.469794
    HPWL=(3111.827637, 5052.426758)
    POTN=5.775095E+04
    PHIC=4.446851E-05
    GRAD=1.167910E-02
    NuBT=1
    CPU =0.001183

ITER: 212
    HPWL=8270.090820
    OVFL=0.459845
    HPWL=(3160.973633, 5109.117188)
    POTN=5.412047E+04
    PHIC=4.669124E-05
    GRAD=1.147047E-02
    NuBT=1
    CPU =0.001185

ITER: 213
    HPWL=8439.367188
    OVFL=0.452128
    HPWL=(3238.324219, 5201.042480)
    POTN=4.932509E+04
    PHIC=4.902463E-05
    GRAD=1.226616E-02
    NuBT=1
    CPU =0.001183

ITER: 214
    HPWL=8454.577148
    OVFL=0.457029
    HPWL=(3226.142334, 5228.435059)
    POTN=4.456157E+04
    PHIC=5.147575E-05
    GRAD=1.266201E-02
    NuBT=2
    CPU =0.002235

ITER: 215
    HPWL=8459.691406
    OVFL=0.451545
    HPWL=(3214.423340, 5245.267578)
    POTN=3.989939E+04
    PHIC=5.404950E-05
    GRAD=1.251413E-02
    NuBT=1
    CPU =0.001184

ITER: 216
    HPWL=8431.478516
    OVFL=0.440079
    HPWL=(3188.817871, 5242.660645)
    POTN=3.496711E+04
    PHIC=5.675197E-05
    GRAD=1.283742E-02
    NuBT=2
    CPU =0.002229

ITER: 217
    HPWL=8367.686523
    OVFL=0.432020
    HPWL=(3148.294189, 5219.392578)
    POTN=3.071450E+04
    PHIC=5.958957E-05
    GRAD=1.352338E-02
    NuBT=2
    CPU =0.002234

ITER: 218
    HPWL=8286.386719
    OVFL=0.413621
    HPWL=(3095.599854, 5190.786621)
    POTN=2.664591E+04
    PHIC=6.256904E-05
    GRAD=1.408178E-02
    NuBT=2
    CPU =0.002248

ITER: 219
    HPWL=8173.655273
    OVFL=0.415414
    HPWL=(3029.408203, 5144.247070)
    POTN=2.368130E+04
    PHIC=6.569750E-05
    GRAD=1.527744E-02
    NuBT=2
    CPU =0.002279

ITER: 220
    HPWL=8091.246094
    OVFL=0.398412
    HPWL=(2970.737549, 5120.508301)
    POTN=2.096564E+04
    PHIC=6.898236E-05
    GRAD=1.529224E-02
    NuBT=2
    CPU =0.002267

ITER: 221
    HPWL=8004.016602
    OVFL=0.377416
    HPWL=(2914.041260, 5089.975586)
    POTN=1.910430E+04
    PHIC=7.243148E-05
    GRAD=1.642371E-02
    NuBT=2
    CPU =0.002249

ITER: 222
    HPWL=7947.642578
    OVFL=0.354848
    HPWL=(2875.514160, 5072.128418)
    POTN=1.808421E+04
    PHIC=7.605305E-05
    GRAD=1.803382E-02
    NuBT=2
    CPU =0.002241

ITER: 223
    HPWL=7893.181641
    OVFL=0.335596
    HPWL=(2834.283447, 5058.897949)
    POTN=1.795696E+04
    PHIC=7.985570E-05
    GRAD=1.996726E-02
    NuBT=2
    CPU =0.002241

ITER: 224
    HPWL=7844.807129
    OVFL=0.309205
    HPWL=(2801.540527, 5043.266602)
    POTN=1.845175E+04
    PHIC=8.384848E-05
    GRAD=2.177866E-02
    NuBT=2
    CPU =0.002242

ITER: 225
    HPWL=7783.592773
    OVFL=0.291978
    HPWL=(2769.977783, 5013.614746)
    POTN=1.962726E+04
    PHIC=8.804091E-05
    GRAD=2.438203E-02
    NuBT=2
    CPU =0.002236

ITER: 226
    HPWL=7755.775391
    OVFL=0.297487
    HPWL=(2764.091309, 4991.684082)
    POTN=2.096299E+04
    PHIC=9.244295E-05
    GRAD=2.634175E-02
    NuBT=2
    CPU =0.002231

ITER: 227
    HPWL=7751.363281
    OVFL=0.318539
    HPWL=(2778.670654, 4972.692871)
    POTN=2.220162E+04
    PHIC=9.706509E-05
    GRAD=2.592361E-02
    NuBT=2
    CPU =0.002239

ITER: 228
    HPWL=7772.824219
    OVFL=0.344826
    HPWL=(2812.749756, 4960.074707)
    POTN=2.354770E+04
    PHIC=1.019180E-04
    GRAD=2.391409E-02
    NuBT=2
    CPU =0.002231

ITER: 229
    HPWL=7793.962891
    OVFL=0.345991
    HPWL=(2842.603760, 4951.358887)
    POTN=2.410418E+04
    PHIC=1.070136E-04
    GRAD=2.132168E-02
    NuBT=1
    CPU =0.001185

ITER: 230
    HPWL=7777.970703
    OVFL=0.372003
    HPWL=(2854.687500, 4923.283203)
    POTN=2.489769E+04
    PHIC=1.123643E-04
    GRAD=2.088794E-02
    NuBT=1
    CPU =0.001189

ITER: 231
    HPWL=7818.959961
    OVFL=0.396417
    HPWL=(2892.774414, 4926.185547)
    POTN=2.575790E+04
    PHIC=1.179818E-04
    GRAD=1.859510E-02
    NuBT=1
    CPU =0.001194

ITER: 232
    HPWL=7872.677734
    OVFL=0.415697
    HPWL=(2929.138916, 4943.539062)
    POTN=2.567027E+04
    PHIC=1.238799E-04
    GRAD=1.657372E-02
    NuBT=1
    CPU =0.001189

ITER: 233
    HPWL=7967.514648
    OVFL=0.429445
    HPWL=(2978.571045, 4988.943848)
    POTN=2.590844E+04
    PHIC=1.300722E-04
    GRAD=1.508227E-02
    NuBT=1
    CPU =0.001193

ITER: 234
    HPWL=8096.375000
    OVFL=0.417423
    HPWL=(3040.368164, 5056.006836)
    POTN=2.621912E+04
    PHIC=1.365733E-04
    GRAD=1.423718E-02
    NuBT=1
    CPU =0.001219

ITER: 235
    HPWL=8208.042969
    OVFL=0.405649
    HPWL=(3093.545410, 5114.497559)
    POTN=2.525929E+04
    PHIC=1.433997E-04
    GRAD=1.516349E-02
    NuBT=2
    CPU =0.002254

ITER: 236
    HPWL=8230.261719
    OVFL=0.403662
    HPWL=(3089.437988, 5140.823730)
    POTN=2.368587E+04
    PHIC=1.505692E-04
    GRAD=1.597762E-02
    NuBT=2
    CPU =0.002344

ITER: 237
    HPWL=8239.690430
    OVFL=0.409839
    HPWL=(3075.246094, 5164.444336)
    POTN=2.053822E+04
    PHIC=1.580974E-04
    GRAD=1.629544E-02
    NuBT=2
    CPU =0.002364

ITER: 238
    HPWL=8242.656250
    OVFL=0.389613
    HPWL=(3063.582275, 5179.073730)
    POTN=1.826530E+04
    PHIC=1.660022E-04
    GRAD=1.600143E-02
    NuBT=2
    CPU =0.002335

ITER: 239
    HPWL=8169.358398
    OVFL=0.376954
    HPWL=(3020.447021, 5148.911133)
    POTN=1.669924E+04
    PHIC=1.743023E-04
    GRAD=1.735073E-02
    NuBT=2
    CPU =0.002320

ITER: 240
    HPWL=8089.135742
    OVFL=0.371262
    HPWL=(2972.237061, 5116.898926)
    POTN=1.498696E+04
    PHIC=1.830175E-04
    GRAD=1.840012E-02
    NuBT=2
    CPU =0.002288

ITER: 241
    HPWL=8012.705078
    OVFL=0.359011
    HPWL=(2926.095215, 5086.609863)
    POTN=1.345299E+04
    PHIC=1.921683E-04
    GRAD=1.898683E-02
    NuBT=2
    CPU =0.002286

ITER: 242
    HPWL=7929.346191
    OVFL=0.354773
    HPWL=(2885.030273, 5044.315918)
    POTN=1.237650E+04
    PHIC=2.017767E-04
    GRAD=1.999070E-02
    NuBT=2
    CPU =0.002314

ITER: 243
    HPWL=7904.950684
    OVFL=0.339377
    HPWL=(2881.731934, 5023.218750)
    POTN=1.143257E+04
    PHIC=2.118656E-04
    GRAD=2.046383E-02
    NuBT=2
    CPU =0.002288

ITER: 244
    HPWL=7860.938965
    OVFL=0.318696
    HPWL=(2870.469238, 4990.469727)
    POTN=1.097542E+04
    PHIC=2.224588E-04
    GRAD=2.176262E-02
    NuBT=2
    CPU =0.002264

ITER: 245
    HPWL=7805.159180
    OVFL=0.331695
    HPWL=(2850.184814, 4954.974609)
    POTN=1.067730E+04
    PHIC=2.335818E-04
    GRAD=2.362582E-02
    NuBT=2
    CPU =0.002270

ITER: 246
    HPWL=7840.160645
    OVFL=0.349620
    HPWL=(2869.965332, 4970.195312)
    POTN=1.031061E+04
    PHIC=2.452596E-04
    GRAD=2.275614E-02
    NuBT=2
    CPU =0.002290

ITER: 247
    HPWL=7929.130859
    OVFL=0.336351
    HPWL=(2915.781006, 5013.350098)
    POTN=9.933595E+03
    PHIC=2.575194E-04
    GRAD=2.156684E-02
    NuBT=1
    CPU =0.001243

ITER: 248
    HPWL=7928.099121
    OVFL=0.362058
    HPWL=(2917.197754, 5010.901367)
    POTN=9.525273E+03
    PHIC=2.703953E-04
    GRAD=2.248150E-02
    NuBT=1
    CPU =0.001229

ITER: 249
    HPWL=7944.549805
    OVFL=0.393004
    HPWL=(2926.622070, 5017.927734)
    POTN=9.441799E+03
    PHIC=2.839144E-04
    GRAD=1.992414E-02
    NuBT=1
    CPU =0.001230

ITER: 250
    HPWL=7916.032715
    OVFL=0.386107
    HPWL=(2915.600586, 5000.432129)
    POTN=9.484978E+03
    PHIC=2.981101E-04
    GRAD=1.678770E-02
    NuBT=1
    CPU =0.001261

ITER: 251
    HPWL=7917.957520
    OVFL=0.392342
    HPWL=(2926.203613, 4991.753906)
    POTN=9.200346E+03
    PHIC=3.130155E-04
    GRAD=1.697801E-02
    NuBT=1
    CPU =0.001215

ITER: 252
    HPWL=8055.220703
    OVFL=0.396475
    HPWL=(3010.704102, 5044.516602)
    POTN=8.923451E+03
    PHIC=3.286600E-04
    GRAD=1.724022E-02
    NuBT=1
    CPU =0.001202

ITER: 253
    HPWL=8067.716797
    OVFL=0.402693
    HPWL=(3023.714111, 5044.002441)
    POTN=8.926994E+03
    PHIC=3.450923E-04
    GRAD=1.682258E-02
    NuBT=2
    CPU =0.002313

ITER: 254
    HPWL=8075.697754
    OVFL=0.392723
    HPWL=(3025.792480, 5049.905273)
    POTN=8.803099E+03
    PHIC=3.623465E-04
    GRAD=1.626629E-02
    NuBT=1
    CPU =0.001263

ITER: 255
    HPWL=8104.366211
    OVFL=0.389244
    HPWL=(3033.316895, 5071.049316)
    POTN=8.279222E+03
    PHIC=3.804622E-04
    GRAD=1.711920E-02
    NuBT=1
    CPU =0.001242

ITER: 256
    HPWL=8062.687012
    OVFL=0.377780
    HPWL=(2996.633789, 5066.053223)
    POTN=7.837356E+03
    PHIC=3.994853E-04
    GRAD=1.716158E-02
    NuBT=2
    CPU =0.002252

ITER: 257
    HPWL=8066.627930
    OVFL=0.370615
    HPWL=(2982.068115, 5084.559570)
    POTN=7.444943E+03
    PHIC=4.194593E-04
    GRAD=1.822253E-02
    NuBT=1
    CPU =0.001194

ITER: 258
    HPWL=7987.248535
    OVFL=0.361550
    HPWL=(2926.791016, 5060.457520)
    POTN=7.058163E+03
    PHIC=4.404323E-04
    GRAD=1.845754E-02
    NuBT=2
    CPU =0.002274

ITER: 259
    HPWL=7963.798340
    OVFL=0.344317
    HPWL=(2909.455078, 5054.343262)
    POTN=6.595965E+03
    PHIC=4.624538E-04
    GRAD=1.933471E-02
    NuBT=1
    CPU =0.001198

ITER: 260
    HPWL=7866.879883
    OVFL=0.322660
    HPWL=(2865.712402, 5001.167480)
    POTN=6.226618E+03
    PHIC=4.855765E-04
    GRAD=2.042549E-02
    NuBT=2
    CPU =0.002251

ITER: 261
    HPWL=7780.784668
    OVFL=0.283469
    HPWL=(2833.396973, 4947.387695)
    POTN=5.574448E+03
    PHIC=5.098553E-04
    GRAD=2.225858E-02
    NuBT=2
    CPU =0.002251

ITER: 262
    HPWL=7672.800781
    OVFL=0.277330
    HPWL=(2783.280518, 4889.520020)
    POTN=4.946087E+03
    PHIC=5.353481E-04
    GRAD=2.589249E-02
    NuBT=2
    CPU =0.002274

ITER: 263
    HPWL=7655.297852
    OVFL=0.268354
    HPWL=(2783.080322, 4872.217285)
    POTN=4.372480E+03
    PHIC=5.621155E-04
    GRAD=2.688418E-02
    NuBT=2
    CPU =0.002263

ITER: 264
    HPWL=7637.110352
    OVFL=0.255984
    HPWL=(2790.001465, 4847.108887)
    POTN=4.106626E+03
    PHIC=5.902212E-04
    GRAD=2.784016E-02
    NuBT=2
    CPU =0.002273

ITER: 265
    HPWL=7620.139648
    OVFL=0.256938
    HPWL=(2790.409424, 4829.730469)
    POTN=4.173331E+03
    PHIC=6.197323E-04
    GRAD=2.916303E-02
    NuBT=2
    CPU =0.002281

ITER: 266
    HPWL=7646.127441
    OVFL=0.270526
    HPWL=(2808.836914, 4837.290527)
    POTN=4.301016E+03
    PHIC=6.507165E-04
    GRAD=2.928155E-02
    NuBT=2
    CPU =0.002311

ITER: 267
    HPWL=7696.692383
    OVFL=0.278300
    HPWL=(2836.480957, 4860.211426)
    POTN=4.394930E+03
    PHIC=6.832474E-04
    GRAD=2.807808E-02
    NuBT=2
    CPU =0.002380

ITER: 268
    HPWL=7725.097656
    OVFL=0.285406
    HPWL=(2850.851074, 4874.246582)
    POTN=4.356393E+03
    PHIC=7.174069E-04
    GRAD=2.715635E-02
    NuBT=1
    CPU =0.001277

ITER: 269
    HPWL=7733.940918
    OVFL=0.287466
    HPWL=(2855.370117, 4878.570801)
    POTN=4.411843E+03
    PHIC=7.532763E-04
    GRAD=2.609300E-02
    NuBT=1
    CPU =0.001244

ITER: 270
    HPWL=7747.397461
    OVFL=0.297581
    HPWL=(2862.578857, 4884.818359)
    POTN=4.536887E+03
    PHIC=7.909386E-04
    GRAD=2.571368E-02
    NuBT=1
    CPU =0.001265

ITER: 271
    HPWL=7775.665527
    OVFL=0.307144
    HPWL=(2875.306641, 4900.358887)
    POTN=4.800514E+03
    PHIC=8.304822E-04
    GRAD=2.472916E-02
    NuBT=1
    CPU =0.001266

ITER: 272
    HPWL=7785.309570
    OVFL=0.326649
    HPWL=(2878.569092, 4906.740723)
    POTN=5.131775E+03
    PHIC=8.720051E-04
    GRAD=2.361851E-02
    NuBT=1
    CPU =0.001220

ITER: 273
    HPWL=7787.805664
    OVFL=0.339465
    HPWL=(2879.108887, 4908.696777)
    POTN=5.077252E+03
    PHIC=9.156050E-04
    GRAD=2.139436E-02
    NuBT=1
    CPU =0.001208

ITER: 274
    HPWL=7793.406250
    OVFL=0.335960
    HPWL=(2879.759277, 4913.646973)
    POTN=4.864011E+03
    PHIC=9.613844E-04
    GRAD=1.988458E-02
    NuBT=1
    CPU =0.001194

ITER: 275
    HPWL=7843.910156
    OVFL=0.323706
    HPWL=(2903.116699, 4940.793457)
    POTN=4.444335E+03
    PHIC=1.009446E-03
    GRAD=2.021195E-02
    NuBT=1
    CPU =0.001187

ITER: 276
    HPWL=7840.625488
    OVFL=0.302020
    HPWL=(2892.733887, 4947.891602)
    POTN=3.941230E+03
    PHIC=1.059919E-03
    GRAD=2.114429E-02
    NuBT=2
    CPU =0.002237

ITER: 277
    HPWL=7787.138672
    OVFL=0.276758
    HPWL=(2854.523438, 4932.615234)
    POTN=3.568521E+03
    PHIC=1.112915E-03
    GRAD=2.279860E-02
    NuBT=2
    CPU =0.002239

ITER: 278
    HPWL=7725.186035
    OVFL=0.255986
    HPWL=(2814.071289, 4911.114746)
    POTN=3.288368E+03
    PHIC=1.168560E-03
    GRAD=2.504931E-02
    NuBT=2
    CPU =0.002258

ITER: 279
    HPWL=7675.579102
    OVFL=0.241029
    HPWL=(2785.437256, 4890.141602)
    POTN=2.984010E+03
    PHIC=1.226988E-03
    GRAD=2.707853E-02
    NuBT=2
    CPU =0.002272

ITER: 280
    HPWL=7656.895508
    OVFL=0.232320
    HPWL=(2782.709473, 4874.186035)
    POTN=2.747309E+03
    PHIC=1.288338E-03
    GRAD=2.862077E-02
    NuBT=2
    CPU =0.002274

ITER: 281
    HPWL=7658.520020
    OVFL=0.220244
    HPWL=(2791.515625, 4867.004395)
    POTN=2.508433E+03
    PHIC=1.352754E-03
    GRAD=2.964167E-02
    NuBT=2
    CPU =0.002280

ITER: 282
    HPWL=7657.527344
    OVFL=0.219740
    HPWL=(2799.093018, 4858.434570)
    POTN=2.263865E+03
    PHIC=1.420392E-03
    GRAD=3.089161E-02
    NuBT=2
    CPU =0.002267

ITER: 283
    HPWL=7675.446777
    OVFL=0.238070
    HPWL=(2812.695801, 4862.750977)
    POTN=2.145001E+03
    PHIC=1.491408E-03
    GRAD=3.113751E-02
    NuBT=2
    CPU =0.002254

ITER: 284
    HPWL=7746.097656
    OVFL=0.257033
    HPWL=(2856.210938, 4889.886719)
    POTN=2.194857E+03
    PHIC=1.565962E-03
    GRAD=2.980176E-02
    NuBT=1
    CPU =0.001201

ITER: 285
    HPWL=7721.237305
    OVFL=0.264691
    HPWL=(2846.300537, 4874.937012)
    POTN=2.346590E+03
    PHIC=1.644260E-03
    GRAD=2.697851E-02
    NuBT=1
    CPU =0.001192

ITER: 286
    HPWL=7658.786133
    OVFL=0.271882
    HPWL=(2815.694824, 4843.091309)
    POTN=2.498397E+03
    PHIC=1.726473E-03
    GRAD=2.508107E-02
    NuBT=1
    CPU =0.001202

ITER: 287
    HPWL=7687.795410
    OVFL=0.274976
    HPWL=(2830.153320, 4857.642090)
    POTN=2.527062E+03
    PHIC=1.812789E-03
    GRAD=2.432413E-02
    NuBT=1
    CPU =0.001194

ITER: 288
    HPWL=7795.975586
    OVFL=0.277143
    HPWL=(2886.260986, 4909.714844)
    POTN=2.550961E+03
    PHIC=1.903400E-03
    GRAD=2.485558E-02
    NuBT=1
    CPU =0.001188

ITER: 289
    HPWL=7801.465332
    OVFL=0.272305
    HPWL=(2885.139160, 4916.326172)
    POTN=2.512743E+03
    PHIC=1.998568E-03
    GRAD=2.431455E-02
    NuBT=2
    CPU =0.002298

ITER: 290
    HPWL=7784.603516
    OVFL=0.262327
    HPWL=(2872.898682, 4911.705078)
    POTN=2.402272E+03
    PHIC=2.098497E-03
    GRAD=2.427979E-02
    NuBT=1
    CPU =0.001228

ITER: 291
    HPWL=7805.454102
    OVFL=0.246574
    HPWL=(2879.112305, 4926.341797)
    POTN=2.190706E+03
    PHIC=2.203415E-03
    GRAD=2.530303E-02
    NuBT=1
    CPU =0.001201

ITER: 292
    HPWL=7766.909180
    OVFL=0.234459
    HPWL=(2854.812988, 4912.096191)
    POTN=1.954684E+03
    PHIC=2.313585E-03
    GRAD=2.624560E-02
    NuBT=2
    CPU =0.002245

ITER: 293
    HPWL=7753.100586
    OVFL=0.230222
    HPWL=(2845.108887, 4907.991699)
    POTN=1.767564E+03
    PHIC=2.429264E-03
    GRAD=2.721150E-02
    NuBT=2
    CPU =0.002234

ITER: 294
    HPWL=7767.261719
    OVFL=0.225557
    HPWL=(2853.276367, 4913.985352)
    POTN=1.649043E+03
    PHIC=2.550722E-03
    GRAD=2.767492E-02
    NuBT=2
    CPU =0.002235

ITER: 295
    HPWL=7825.068848
    OVFL=0.221096
    HPWL=(2883.856934, 4941.211914)
    POTN=1.540612E+03
    PHIC=2.678236E-03
    GRAD=2.863505E-02
    NuBT=1
    CPU =0.001196

ITER: 296
    HPWL=7846.757324
    OVFL=0.219522
    HPWL=(2895.258789, 4951.498535)
    POTN=1.529795E+03
    PHIC=2.812139E-03
    GRAD=2.915137E-02
    NuBT=1
    CPU =0.001188

ITER: 297
    HPWL=7819.042969
    OVFL=0.220421
    HPWL=(2882.149414, 4936.893555)
    POTN=1.510055E+03
    PHIC=2.952746E-03
    GRAD=2.854754E-02
    NuBT=1
    CPU =0.001192

ITER: 298
    HPWL=7796.976562
    OVFL=0.226219
    HPWL=(2872.279785, 4924.696777)
    POTN=1.561972E+03
    PHIC=3.100384E-03
    GRAD=2.784497E-02
    NuBT=1
    CPU =0.001191

ITER: 299
    HPWL=7802.778320
    OVFL=0.234939
    HPWL=(2876.875977, 4925.902344)
    POTN=1.596211E+03
    PHIC=3.255400E-03
    GRAD=2.696661E-02
    NuBT=1
    CPU =0.001174

ITER: 300
    HPWL=7821.854492
    OVFL=0.238870
    HPWL=(2888.868652, 4932.985840)
    POTN=1.624755E+03
    PHIC=3.418161E-03
    GRAD=2.592391E-02
    NuBT=1
    CPU =0.001173

ITER: 301
    HPWL=7825.649414
    OVFL=0.237880
    HPWL=(2889.431885, 4936.217285)
    POTN=1.657457E+03
    PHIC=3.589066E-03
    GRAD=2.514928E-02
    NuBT=1
    CPU =0.001166

ITER: 302
    HPWL=7844.487305
    OVFL=0.230240
    HPWL=(2897.666748, 4946.820801)
    POTN=1.656752E+03
    PHIC=3.768510E-03
    GRAD=2.501872E-02
    NuBT=1
    CPU =0.001168

ITER: 303
    HPWL=7879.112793
    OVFL=0.218066
    HPWL=(2912.420410, 4966.692383)
    POTN=1.580668E+03
    PHIC=3.956916E-03
    GRAD=2.574435E-02
    NuBT=1
    CPU =0.001170

ITER: 304
    HPWL=7917.166016
    OVFL=0.206093
    HPWL=(2927.003418, 4990.162598)
    POTN=1.511925E+03
    PHIC=4.154739E-03
    GRAD=2.699900E-02
    NuBT=1
    CPU =0.001178

ITER: 305
    HPWL=7919.377930
    OVFL=0.200972
    HPWL=(2927.157959, 4992.220215)
    POTN=1.400672E+03
    PHIC=4.362475E-03
    GRAD=2.774007E-02
    NuBT=1
    CPU =0.001164

ITER: 306
    HPWL=7909.616211
    OVFL=0.197939
    HPWL=(2918.767822, 4990.848145)
    POTN=1.346631E+03
    PHIC=4.580598E-03
    GRAD=2.756016E-02
    NuBT=1
    CPU =0.001172

ITER: 307
    HPWL=7880.575195
    OVFL=0.195341
    HPWL=(2900.007324, 4980.567871)
    POTN=1.352345E+03
    PHIC=4.809628E-03
    GRAD=2.694102E-02
    NuBT=1
    CPU =0.001163

ITER: 308
    HPWL=7878.535156
    OVFL=0.196047
    HPWL=(2897.330566, 4981.204590)
    POTN=1.390466E+03
    PHIC=5.050109E-03
    GRAD=2.660268E-02
    NuBT=1
    CPU =0.001143

ITER: 309
    HPWL=7893.376953
    OVFL=0.197936
    HPWL=(2904.827637, 4988.549316)
    POTN=1.388658E+03
    PHIC=5.302604E-03
    GRAD=2.623907E-02
    NuBT=1
    CPU =0.001142

ITER: 310
    HPWL=7904.486328
    OVFL=0.199192
    HPWL=(2912.308838, 4992.177734)
    POTN=1.448307E+03
    PHIC=5.567725E-03
    GRAD=2.566405E-02
    NuBT=1
    CPU =0.001161

ITER: 311
    HPWL=7903.981934
    OVFL=0.200494
    HPWL=(2909.468750, 4994.513184)
    POTN=1.443464E+03
    PHIC=5.846111E-03
    GRAD=2.500230E-02
    NuBT=1
    CPU =0.001163

ITER: 312
    HPWL=7916.491211
    OVFL=0.200955
    HPWL=(2915.040771, 5001.450684)
    POTN=1.452923E+03
    PHIC=6.138405E-03
    GRAD=2.442462E-02
    NuBT=1
    CPU =0.001170

ITER: 313
    HPWL=7921.988770
    OVFL=0.196486
    HPWL=(2912.735352, 5009.253418)
    POTN=1.473313E+03
    PHIC=6.445320E-03
    GRAD=2.397483E-02
    NuBT=1
    CPU =0.001181

ITER: 314
    HPWL=7943.969727
    OVFL=0.191711
    HPWL=(2925.442383, 5018.527344)
    POTN=1.466996E+03
    PHIC=6.767565E-03
    GRAD=2.397620E-02
    NuBT=1
    CPU =0.001171

ITER: 315
    HPWL=7947.225586
    OVFL=0.182776
    HPWL=(2922.783447, 5024.442383)
    POTN=1.448398E+03
    PHIC=7.105940E-03
    GRAD=2.399732E-02
    NuBT=1
    CPU =0.001140

ITER: 316
    HPWL=7975.115234
    OVFL=0.181172
    HPWL=(2945.345947, 5029.769043)
    POTN=1.488132E+03
    PHIC=7.461207E-03
    GRAD=2.436492E-02
    NuBT=1
    CPU =0.001143

ITER: 317
    HPWL=7968.773926
    OVFL=0.174143
    HPWL=(2938.080566, 5030.693359)
    POTN=1.469968E+03
    PHIC=7.834267E-03
    GRAD=2.408368E-02
    NuBT=1
    CPU =0.001139

ITER: 318
    HPWL=7972.318359
    OVFL=0.177558
    HPWL=(2952.345703, 5019.972656)
    POTN=1.531561E+03
    PHIC=8.225976E-03
    GRAD=2.380655E-02
    NuBT=1
    CPU =0.001138

ITER: 319
    HPWL=7959.818848
    OVFL=0.171876
    HPWL=(2935.555176, 5024.263672)
    POTN=1.486448E+03
    PHIC=8.637275E-03
    GRAD=2.309536E-02
    NuBT=1
    CPU =0.001148

ITER: 320
    HPWL=7979.677246
    OVFL=0.176084
    HPWL=(2962.724609, 5016.952637)
    POTN=1.575159E+03
    PHIC=9.069112E-03
    GRAD=2.285099E-02
    NuBT=1
    CPU =0.001139

ITER: 321
    HPWL=7993.105469
    OVFL=0.164675
    HPWL=(2966.819092, 5026.286133)
    POTN=1.557506E+03
    PHIC=9.522549E-03
    GRAD=2.234991E-02
    NuBT=1
    CPU =0.001139

ITER: 322
    HPWL=8027.386719
    OVFL=0.169269
    HPWL=(3006.921143, 5020.465332)
    POTN=1.599061E+03
    PHIC=9.998627E-03
    GRAD=2.242664E-02
    NuBT=1
    CPU =0.001139

ITER: 323
    HPWL=8036.063477
    OVFL=0.154387
    HPWL=(3015.888672, 5020.174805)
    POTN=1.599576E+03
    PHIC=1.049855E-02
    GRAD=2.187561E-02
    NuBT=1
    CPU =0.001139

ITER: 324
    HPWL=8042.447266
    OVFL=0.164720
    HPWL=(3015.602051, 5026.845215)
    POTN=1.625384E+03
    PHIC=1.102346E-02
    GRAD=2.209789E-02
    NuBT=1
    CPU =0.001143

ITER: 325
    HPWL=8051.768066
    OVFL=0.156208
    HPWL=(3018.605957, 5033.162109)
    POTN=1.604211E+03
    PHIC=1.157462E-02
    GRAD=2.130665E-02
    NuBT=1
    CPU =0.001144

ITER: 326
    HPWL=8082.952637
    OVFL=0.161017
    HPWL=(3016.366211, 5066.586426)
    POTN=1.612271E+03
    PHIC=1.215329E-02
    GRAD=2.107506E-02
    NuBT=1
    CPU =0.001163

ITER: 327
    HPWL=8102.779785
    OVFL=0.155402
    HPWL=(3030.288574, 5072.491211)
    POTN=1.680771E+03
    PHIC=1.276092E-02
    GRAD=2.056005E-02
    NuBT=1
    CPU =0.001141

ITER: 328
    HPWL=8195.608398
    OVFL=0.160963
    HPWL=(3059.923340, 5135.685059)
    POTN=1.775099E+03
    PHIC=1.339879E-02
    GRAD=2.043048E-02
    NuBT=1
    CPU =0.001140

ITER: 329
    HPWL=8172.511230
    OVFL=0.149946
    HPWL=(3057.450195, 5115.061035)
    POTN=1.775427E+03
    PHIC=1.406873E-02
    GRAD=1.966362E-02
    NuBT=1
    CPU =0.001142

ITER: 330
    HPWL=8257.397461
    OVFL=0.156844
    HPWL=(3081.869873, 5175.527344)
    POTN=1.828436E+03
    PHIC=1.477199E-02
    GRAD=1.967373E-02
    NuBT=1
    CPU =0.001140

ITER: 331
    HPWL=8288.019531
    OVFL=0.143921
    HPWL=(3116.132812, 5171.886230)
    POTN=1.843666E+03
    PHIC=1.551053E-02
    GRAD=1.923418E-02
    NuBT=1
    CPU =0.001140

ITER: 332
    HPWL=8318.454102
    OVFL=0.149139
    HPWL=(3103.410889, 5215.042969)
    POTN=2.017597E+03
    PHIC=1.628598E-02
    GRAD=1.916665E-02
    NuBT=1
    CPU =0.001141

ITER: 333
    HPWL=8297.773438
    OVFL=0.140370
    HPWL=(3098.195068, 5199.578125)
    POTN=2.066077E+03
    PHIC=1.710028E-02
    GRAD=1.891702E-02
    NuBT=1
    CPU =0.001151

ITER: 334
    HPWL=8291.904297
    OVFL=0.139793
    HPWL=(3084.010498, 5207.893555)
    POTN=2.172787E+03
    PHIC=1.795529E-02
    GRAD=1.847814E-02
    NuBT=1
    CPU =0.001141

ITER: 335
    HPWL=8220.868164
    OVFL=0.131951
    HPWL=(3061.093018, 5159.775391)
    POTN=2.224303E+03
    PHIC=1.885306E-02
    GRAD=1.837199E-02
    NuBT=1
    CPU =0.001147

ITER: 336
    HPWL=8271.226562
    OVFL=0.130663
    HPWL=(3064.028809, 5207.197266)
    POTN=2.388581E+03
    PHIC=1.979556E-02
    GRAD=1.826192E-02
    NuBT=1
    CPU =0.001150

ITER: 337
    HPWL=8241.175781
    OVFL=0.119752
    HPWL=(3071.663330, 5169.512695)
    POTN=2.470486E+03
    PHIC=2.078534E-02
    GRAD=1.836245E-02
    NuBT=1
    CPU =0.001161

ITER: 338
    HPWL=8267.474609
    OVFL=0.119654
    HPWL=(3050.504395, 5216.970703)
    POTN=2.580730E+03
    PHIC=2.182453E-02
    GRAD=1.822806E-02
    NuBT=1
    CPU =0.001151

ITER: 339
    HPWL=8231.916992
    OVFL=0.116541
    HPWL=(3036.440186, 5195.476562)
    POTN=2.617448E+03
    PHIC=2.291575E-02
    GRAD=1.814790E-02
    NuBT=1
    CPU =0.001177

ITER: 340
    HPWL=8225.885742
    OVFL=0.115501
    HPWL=(3018.331299, 5207.554688)
    POTN=2.683929E+03
    PHIC=2.406154E-02
    GRAD=1.768089E-02
    NuBT=1
    CPU =0.001177

ITER: 341
    HPWL=8094.398438
    OVFL=0.113943
    HPWL=(2966.116699, 5128.281738)
    POTN=2.824770E+03
    PHIC=2.526461E-02
    GRAD=1.761971E-02
    NuBT=1
    CPU =0.001153

ITER: 342
    HPWL=8079.388672
    OVFL=0.104940
    HPWL=(2937.966309, 5141.422363)
    POTN=3.126222E+03
    PHIC=2.652784E-02
    GRAD=1.751634E-02
    NuBT=1
    CPU =0.001143

ITER: 343
    HPWL=7943.230469
    OVFL=0.102612
    HPWL=(2903.112793, 5040.117676)
    POTN=3.452810E+03
    PHIC=2.785423E-02
    GRAD=1.777671E-02
    NuBT=1
    CPU =0.001142

ITER: 344
    HPWL=7923.717773
    OVFL=0.106031
    HPWL=(2858.288574, 5065.429199)
    POTN=3.693214E+03
    PHIC=2.924694E-02
    GRAD=1.775011E-02
    NuBT=1
    CPU =0.001140

ITER: 345
    HPWL=7835.330078
    OVFL=0.096301
    HPWL=(2818.466309, 5016.863770)
    POTN=3.898863E+03
    PHIC=3.070929E-02
    GRAD=1.763959E-02
    NuBT=1
    CPU =0.001139
[INFO] Nesterov: NumIters = 345
[INFO] Nesterov: ScaledHpwl = 7835.330078
[INFO] Nesterov: Overflow = 0.096301
[INFO] Nesterov: Potential = 3898.863037
[INFO] Nesterov: xInstScaledHpwl = 7591.417480
[INFO] Nesterov: yInstScaledHpwl = 7835.330078
[INFO] Nesterov: HPWL = 2294.295166
