
Cell sky130_fd_sc_hd__tapvpwrvgnd_1 disconnected node: VGND
Cell sky130_fd_sc_hd__tapvpwrvgnd_1 disconnected node: VPWR
Warning: Equate pins:  cell sky130_fd_sc_hd__tapvpwrvgnd_1 has no definition, treated as a black box.

Subcircuit pins:
Circuit 1: sky130_fd_sc_hd__tapvpwrvgnd_1  |Circuit 2: sky130_fd_sc_hd__tapvpwrvgnd_1  
-------------------------------------------|-------------------------------------------
VGND                                       |VGND                                       
VPWR                                       |VPWR                                       
---------------------------------------------------------------------------------------
Cell pin lists are equivalent.
Device classes sky130_fd_sc_hd__tapvpwrvgnd_1 and sky130_fd_sc_hd__tapvpwrvgnd_1 are equivalent.

Cell sky130_fd_sc_hd__diode_2 disconnected node: DIODE
Cell sky130_fd_sc_hd__diode_2 disconnected node: VGND
Cell sky130_fd_sc_hd__diode_2 disconnected node: VPWR
Warning: Equate pins:  cell sky130_fd_sc_hd__diode_2 has no definition, treated as a black box.

Subcircuit pins:
Circuit 1: sky130_fd_sc_hd__diode_2        |Circuit 2: sky130_fd_sc_hd__diode_2        
-------------------------------------------|-------------------------------------------
DIODE                                      |DIODE                                      
VGND                                       |VGND                                       
VPWR                                       |VPWR                                       
---------------------------------------------------------------------------------------
Cell pin lists are equivalent.
Device classes sky130_fd_sc_hd__diode_2 and sky130_fd_sc_hd__diode_2 are equivalent.

Cell sky130_fd_sc_hd__dfrbp_1 disconnected node: D
Cell sky130_fd_sc_hd__dfrbp_1 disconnected node: Q
Cell sky130_fd_sc_hd__dfrbp_1 disconnected node: Q_N
Cell sky130_fd_sc_hd__dfrbp_1 disconnected node: RESET_B
Cell sky130_fd_sc_hd__dfrbp_1 disconnected node: CLK
Cell sky130_fd_sc_hd__dfrbp_1 disconnected node: VGND
Cell sky130_fd_sc_hd__dfrbp_1 disconnected node: VPWR
Warning: Equate pins:  cell sky130_fd_sc_hd__dfrbp_1 has no definition, treated as a black box.

Subcircuit pins:
Circuit 1: sky130_fd_sc_hd__dfrbp_1        |Circuit 2: sky130_fd_sc_hd__dfrbp_1        
-------------------------------------------|-------------------------------------------
D                                          |D                                          
Q                                          |Q                                          
Q_N                                        |Q_N                                        
RESET_B                                    |RESET_B                                    
CLK                                        |CLK                                        
VGND                                       |VGND                                       
VPWR                                       |VPWR                                       
---------------------------------------------------------------------------------------
Cell pin lists are equivalent.
Device classes sky130_fd_sc_hd__dfrbp_1 and sky130_fd_sc_hd__dfrbp_1 are equivalent.

Cell sky130_fd_sc_hd__clkbuf_1 disconnected node: A
Cell sky130_fd_sc_hd__clkbuf_1 disconnected node: X
Cell sky130_fd_sc_hd__clkbuf_1 disconnected node: VGND
Cell sky130_fd_sc_hd__clkbuf_1 disconnected node: VPWR
Warning: Equate pins:  cell sky130_fd_sc_hd__clkbuf_1 has no definition, treated as a black box.

Subcircuit pins:
Circuit 1: sky130_fd_sc_hd__clkbuf_1       |Circuit 2: sky130_fd_sc_hd__clkbuf_1       
-------------------------------------------|-------------------------------------------
A                                          |A                                          
X                                          |X                                          
VGND                                       |VGND                                       
VPWR                                       |VPWR                                       
---------------------------------------------------------------------------------------
Cell pin lists are equivalent.
Device classes sky130_fd_sc_hd__clkbuf_1 and sky130_fd_sc_hd__clkbuf_1 are equivalent.

Cell sky130_fd_sc_hd__conb_1 disconnected node: HI
Cell sky130_fd_sc_hd__conb_1 disconnected node: LO
Cell sky130_fd_sc_hd__conb_1 disconnected node: VGND
Cell sky130_fd_sc_hd__conb_1 disconnected node: VPWR
Warning: Equate pins:  cell sky130_fd_sc_hd__conb_1 has no definition, treated as a black box.

Subcircuit pins:
Circuit 1: sky130_fd_sc_hd__conb_1         |Circuit 2: sky130_fd_sc_hd__conb_1         
-------------------------------------------|-------------------------------------------
LO                                         |LO                                         
VGND                                       |VGND                                       
VPWR                                       |VPWR                                       
---------------------------------------------------------------------------------------
Cell pin lists are equivalent.
Device classes sky130_fd_sc_hd__conb_1 and sky130_fd_sc_hd__conb_1 are equivalent.

Cell sky130_fd_sc_hd__clkbuf_16 disconnected node: A
Cell sky130_fd_sc_hd__clkbuf_16 disconnected node: X
Cell sky130_fd_sc_hd__clkbuf_16 disconnected node: VGND
Cell sky130_fd_sc_hd__clkbuf_16 disconnected node: VPWR
Warning: Equate pins:  cell sky130_fd_sc_hd__clkbuf_16 has no definition, treated as a black box.

Subcircuit pins:
Circuit 1: sky130_fd_sc_hd__clkbuf_16      |Circuit 2: sky130_fd_sc_hd__clkbuf_16      
-------------------------------------------|-------------------------------------------
A                                          |A                                          
X                                          |X                                          
VGND                                       |VGND                                       
VPWR                                       |VPWR                                       
---------------------------------------------------------------------------------------
Cell pin lists are equivalent.
Device classes sky130_fd_sc_hd__clkbuf_16 and sky130_fd_sc_hd__clkbuf_16 are equivalent.

Cell sb_0__0_ disconnected node: chanx_right_in[0]
Cell sb_0__0_ disconnected node: chanx_right_in[1]
Cell sb_0__0_ disconnected node: chanx_right_in[2]
Cell sb_0__0_ disconnected node: chanx_right_in[3]
Cell sb_0__0_ disconnected node: chanx_right_in[4]
Cell sb_0__0_ disconnected node: chanx_right_in[5]
Cell sb_0__0_ disconnected node: chanx_right_in[6]
Cell sb_0__0_ disconnected node: chanx_right_in[7]
Cell sb_0__0_ disconnected node: chanx_right_in[8]
Cell sb_0__0_ disconnected node: chany_top_in[0]
Cell sb_0__0_ disconnected node: chany_top_in[1]
Cell sb_0__0_ disconnected node: chany_top_in[2]
Cell sb_0__0_ disconnected node: chany_top_in[3]
Cell sb_0__0_ disconnected node: chany_top_in[4]
Cell sb_0__0_ disconnected node: chany_top_in[5]
Cell sb_0__0_ disconnected node: chany_top_in[6]
Cell sb_0__0_ disconnected node: chany_top_in[7]
Cell sb_0__0_ disconnected node: chany_top_in[8]
Cell sb_0__0_ disconnected node: right_bottom_grid_pin_11_
Cell sb_0__0_ disconnected node: right_bottom_grid_pin_13_
Cell sb_0__0_ disconnected node: right_bottom_grid_pin_15_
Cell sb_0__0_ disconnected node: right_bottom_grid_pin_1_
Cell sb_0__0_ disconnected node: right_bottom_grid_pin_3_
Cell sb_0__0_ disconnected node: right_bottom_grid_pin_5_
Cell sb_0__0_ disconnected node: right_bottom_grid_pin_7_
Cell sb_0__0_ disconnected node: right_bottom_grid_pin_9_
Cell sb_0__0_ disconnected node: right_top_grid_pin_10_
Cell sb_0__0_ disconnected node: top_left_grid_pin_11_
Cell sb_0__0_ disconnected node: top_left_grid_pin_13_
Cell sb_0__0_ disconnected node: top_left_grid_pin_15_
Cell sb_0__0_ disconnected node: top_left_grid_pin_1_
Cell sb_0__0_ disconnected node: top_left_grid_pin_3_
Cell sb_0__0_ disconnected node: top_left_grid_pin_5_
Cell sb_0__0_ disconnected node: top_left_grid_pin_7_
Cell sb_0__0_ disconnected node: top_left_grid_pin_9_
Cell sb_0__0_ disconnected node: top_right_grid_pin_11_

Cell sb_0__0_ disconnected node: right_bottom_grid_pin_11_
Cell sb_0__0_ disconnected node: right_bottom_grid_pin_13_
Cell sb_0__0_ disconnected node: right_bottom_grid_pin_15_
Cell sb_0__0_ disconnected node: right_bottom_grid_pin_1_
Cell sb_0__0_ disconnected node: right_bottom_grid_pin_3_
Cell sb_0__0_ disconnected node: right_bottom_grid_pin_5_
Cell sb_0__0_ disconnected node: right_bottom_grid_pin_7_
Cell sb_0__0_ disconnected node: right_bottom_grid_pin_9_
Cell sb_0__0_ disconnected node: right_top_grid_pin_10_
Cell sb_0__0_ disconnected node: top_left_grid_pin_11_
Cell sb_0__0_ disconnected node: top_left_grid_pin_13_
Cell sb_0__0_ disconnected node: top_left_grid_pin_15_
Cell sb_0__0_ disconnected node: top_left_grid_pin_1_
Cell sb_0__0_ disconnected node: top_left_grid_pin_3_
Cell sb_0__0_ disconnected node: top_left_grid_pin_5_
Cell sb_0__0_ disconnected node: top_left_grid_pin_7_
Cell sb_0__0_ disconnected node: top_left_grid_pin_9_
Cell sb_0__0_ disconnected node: top_right_grid_pin_11_
Cell sb_0__0_ disconnected node: chanx_right_in[8]
Cell sb_0__0_ disconnected node: chanx_right_in[7]
Cell sb_0__0_ disconnected node: chanx_right_in[6]
Cell sb_0__0_ disconnected node: chanx_right_in[5]
Cell sb_0__0_ disconnected node: chanx_right_in[4]
Cell sb_0__0_ disconnected node: chanx_right_in[3]
Cell sb_0__0_ disconnected node: chanx_right_in[2]
Cell sb_0__0_ disconnected node: chanx_right_in[1]
Cell sb_0__0_ disconnected node: chanx_right_in[0]
Cell sb_0__0_ disconnected node: chany_top_in[8]
Cell sb_0__0_ disconnected node: chany_top_in[7]
Cell sb_0__0_ disconnected node: chany_top_in[6]
Cell sb_0__0_ disconnected node: chany_top_in[5]
Cell sb_0__0_ disconnected node: chany_top_in[4]
Cell sb_0__0_ disconnected node: chany_top_in[3]
Cell sb_0__0_ disconnected node: chany_top_in[2]
Cell sb_0__0_ disconnected node: chany_top_in[1]
Cell sb_0__0_ disconnected node: chany_top_in[0]

Subcircuit summary:
Circuit 1: sb_0__0_                        |Circuit 2: sb_0__0_                        
-------------------------------------------|-------------------------------------------
sky130_fd_sc_hd__tapvpwrvgnd_1 (5330)      |sky130_fd_sc_hd__tapvpwrvgnd_1 (5330)      
sky130_fd_sc_hd__diode_2 (115)             |sky130_fd_sc_hd__diode_2 (115)             
sky130_fd_sc_hd__dfrbp_1 (36)              |sky130_fd_sc_hd__dfrbp_1 (36)              
sky130_fd_sc_hd__clkbuf_1 (6)              |sky130_fd_sc_hd__clkbuf_1 (6)              
sky130_fd_sc_hd__conb_1 (18)               |sky130_fd_sc_hd__conb_1 (18)               
sky130_fd_sc_hd__clkbuf_16 (1)             |sky130_fd_sc_hd__clkbuf_16 (1)             
Number of devices: 5506                    |Number of devices: 5506                    
Number of nets: 102                        |Number of nets: 102                        
---------------------------------------------------------------------------------------
Netlists match with 9 symmetries.
Circuits match correctly.

Subcircuit pins:
Circuit 1: sb_0__0_                        |Circuit 2: sb_0__0_                        
-------------------------------------------|-------------------------------------------
ccff_head                                  |ccff_head                                  
prog_clk                                   |prog_clk                                   
pReset                                     |pReset                                     
chanx_right_out[8]                         |chanx_right_out[8]                         
chanx_right_out[7]                         |chanx_right_out[7]                         
chanx_right_out[6]                         |chanx_right_out[6]                         
chanx_right_out[5]                         |chanx_right_out[5]                         
chanx_right_out[4]                         |chanx_right_out[4]                         
chanx_right_out[3]                         |chanx_right_out[3]                         
chanx_right_out[2]                         |chanx_right_out[2]                         
chanx_right_out[1]                         |chanx_right_out[1]                         
chanx_right_out[0]                         |chanx_right_out[0]                         
chany_top_out[8]                           |chany_top_out[8]                           
chany_top_out[7]                           |chany_top_out[7]                           
chany_top_out[6]                           |chany_top_out[6]                           
chany_top_out[5]                           |chany_top_out[5]                           
chany_top_out[4]                           |chany_top_out[4]                           
chany_top_out[3]                           |chany_top_out[3]                           
chany_top_out[2]                           |chany_top_out[2]                           
chany_top_out[1]                           |chany_top_out[1]                           
chany_top_out[0]                           |chany_top_out[0]                           
ccff_tail                                  |ccff_tail                                  
VGND                                       |VGND                                       
VPWR                                       |VPWR                                       
chanx_right_in[0]                          |chanx_right_in[0]                          
chanx_right_in[1]                          |chanx_right_in[1]                          
chanx_right_in[2]                          |chanx_right_in[2]                          
chanx_right_in[3]                          |chanx_right_in[3]                          
chanx_right_in[4]                          |chanx_right_in[4]                          
chanx_right_in[5]                          |chanx_right_in[5]                          
chanx_right_in[6]                          |chanx_right_in[6]                          
chanx_right_in[7]                          |chanx_right_in[7]                          
chanx_right_in[8]                          |chanx_right_in[8]                          
chany_top_in[0]                            |chany_top_in[0]                            
chany_top_in[1]                            |chany_top_in[1]                            
chany_top_in[2]                            |chany_top_in[2]                            
chany_top_in[3]                            |chany_top_in[3]                            
chany_top_in[4]                            |chany_top_in[4]                            
chany_top_in[5]                            |chany_top_in[5]                            
chany_top_in[6]                            |chany_top_in[6]                            
chany_top_in[7]                            |chany_top_in[7]                            
chany_top_in[8]                            |chany_top_in[8]                            
right_bottom_grid_pin_11_                  |right_bottom_grid_pin_11_                  
right_bottom_grid_pin_13_                  |right_bottom_grid_pin_13_                  
right_bottom_grid_pin_15_                  |right_bottom_grid_pin_15_                  
right_bottom_grid_pin_1_                   |right_bottom_grid_pin_1_                   
right_bottom_grid_pin_3_                   |right_bottom_grid_pin_3_                   
right_bottom_grid_pin_5_                   |right_bottom_grid_pin_5_                   
right_bottom_grid_pin_7_                   |right_bottom_grid_pin_7_                   
right_bottom_grid_pin_9_                   |right_bottom_grid_pin_9_                   
right_top_grid_pin_10_                     |right_top_grid_pin_10_                     
top_left_grid_pin_11_                      |top_left_grid_pin_11_                      
top_left_grid_pin_13_                      |top_left_grid_pin_13_                      
top_left_grid_pin_15_                      |top_left_grid_pin_15_                      
top_left_grid_pin_1_                       |top_left_grid_pin_1_                       
top_left_grid_pin_3_                       |top_left_grid_pin_3_                       
top_left_grid_pin_5_                       |top_left_grid_pin_5_                       
top_left_grid_pin_7_                       |top_left_grid_pin_7_                       
top_left_grid_pin_9_                       |top_left_grid_pin_9_                       
top_right_grid_pin_11_                     |top_right_grid_pin_11_                     
---------------------------------------------------------------------------------------
Cell pin lists are equivalent.
Device classes sb_0__0_ and sb_0__0_ are equivalent.
Circuits match uniquely.
