Sun Aug 30 15:31:09 UTC 2020 - Executing "/openLANE_flow/scripts//padLefMacro.py -s unithd -r 8 -i /openLANE_flow/designs/sb_0__3_/runs/30-08_15-31//tmp//merged_unpadded.lef -o /openLANE_flow/designs/sb_0__3_/runs/30-08_15-31//tmp//merged.lef -e {sky130_fd_sc_hd__tap* sky130_fd_sc_hd__decap* sky130_fd_sc_hd__fill*} |& tee >&@stdout"

Sun Aug 30 15:31:20 UTC 2020 - Executing "sed -i -E {s/CLASS PAD.*$/CLASS PAD ;/g} /openLANE_flow/designs/sb_0__3_/runs/30-08_15-31//tmp//merged.lef"

Sun Aug 30 15:31:20 UTC 2020 - Executing "sed -i -E {s/CLASS PAD.*$/CLASS PAD ;/g} /openLANE_flow/designs/sb_0__3_/runs/30-08_15-31//tmp//merged_unpadded.lef"

Sun Aug 30 15:31:20 UTC 2020 - Executing "/openLANE_flow/scripts//libtrim.pl /home/aa/Desktop/Afify/openlane/pdks/sky130A/libs.ref/sky130_fd_sc_hd/lib/sky130_fd_sc_hd__tt_025C_1v80.lib /home/aa/Desktop/Afify/openlane/pdks/sky130A/libs.tech/openlane/sky130_fd_sc_hd/no_synth.cells > /openLANE_flow/designs/sb_0__3_/runs/30-08_15-31//tmp//trimmed.lib"

Sun Aug 30 15:31:20 UTC 2020 - Executing "yosys -c /openLANE_flow/scripts//synth.tcl -l /openLANE_flow/designs/sb_0__3_/runs/30-08_15-31//logs/synthesis/yosys.log |& tee >&@stdout"

Sun Aug 30 15:31:21 UTC 2020 - Executing "sta /openLANE_flow/scripts//sta.tcl |& tee >&@stdout /openLANE_flow/designs/sb_0__3_/runs/30-08_15-31//logs/synthesis/opensta.log"

Sun Aug 30 15:31:21 UTC 2020 - Executing "openroad -exit /openLANE_flow/scripts//openroad/or_floorplan.tcl |& tee >&@stdout /openLANE_flow/designs/sb_0__3_/runs/30-08_15-31//logs/floorplan/verilog2def.openroad.log"

Sun Aug 30 15:31:22 UTC 2020 - Executing "openroad -exit /openLANE_flow/scripts//openroad/or_ioplacer.tcl |& tee >&@stdout /openLANE_flow/designs/sb_0__3_/runs/30-08_15-31//logs/floorplan/ioPlacer.log"

Sun Aug 30 15:31:23 UTC 2020 - Executing "openroad -exit /openLANE_flow/scripts//openroad/or_tapcell.tcl |& tee >&@stdout /openLANE_flow/designs/sb_0__3_/runs/30-08_15-31//logs/floorplan/tapcell.log"

Sun Aug 30 15:31:23 UTC 2020 - Executing "replace < /openLANE_flow/scripts//replace_gp.tcl |& tee >&@stdout /openLANE_flow/designs/sb_0__3_/runs/30-08_15-31//logs/placement/replace.log"

Sun Aug 30 15:31:24 UTC 2020 - Executing "cp /openLANE_flow/designs/sb_0__3_/runs/30-08_15-31//tmp/placement/replace_place.def /openLANE_flow/designs/sb_0__3_/runs/30-08_15-31//tmp/placement/replace.def"

Sun Aug 30 15:31:24 UTC 2020 - Executing "opendp -lef /openLANE_flow/designs/sb_0__3_/runs/30-08_15-31//tmp//merged.lef -def /openLANE_flow/designs/sb_0__3_/runs/30-08_15-31//tmp/placement/replace.def -output_def /openLANE_flow/designs/sb_0__3_/runs/30-08_15-31//results/placement/sb_0__3_.placement.def |& tee >&@stdout /openLANE_flow/designs/sb_0__3_/runs/30-08_15-31//logs/placement/opendp.log"

Sun Aug 30 15:31:24 UTC 2020 - Executing "openroad -exit /openLANE_flow/scripts//openroad/or_cts.tcl |& tee >&@stdout /openLANE_flow/designs/sb_0__3_/runs/30-08_15-31//logs/cts/cts.log"

Sun Aug 30 15:32:52 UTC 2020 - Executing "openroad -exit /openLANE_flow/scripts//new_pdn.tcl |& tee >&@stdout /openLANE_flow/designs/sb_0__3_/runs/30-08_15-31//logs/floorplan/pdn.log"

Sun Aug 30 15:32:54 UTC 2020 - Executing "openroad -exit /openLANE_flow/scripts//openroad/or_diodes.tcl |& tee >&@stdout /openLANE_flow/designs/sb_0__3_/runs/30-08_15-31//logs//placement/diodes.log"

Sun Aug 30 15:32:55 UTC 2020 - Executing "openroad -exit /openLANE_flow/scripts//openroad/or_fill.tcl |& tee >&@stdout /openLANE_flow/designs/sb_0__3_/runs/30-08_15-31//logs/routing/addspacers.log"

Sun Aug 30 15:32:55 UTC 2020 - Executing "openroad -exit /openLANE_flow/scripts//openroad/or_write_verilog.tcl |& tee >&@stdout /openLANE_flow/designs/sb_0__3_/runs/30-08_15-31//logs//write_verilog.log"

Sun Aug 30 15:32:56 UTC 2020 - Executing "openroad -exit /openLANE_flow/scripts//openroad/or_route.tcl |& tee >&@stdout /openLANE_flow/designs/sb_0__3_/runs/30-08_15-31//logs/routing/fastroute.log"

Sun Aug 30 15:33:03 UTC 2020 - Executing "envsubst < /openLANE_flow/scripts//tritonRoute.param > /openLANE_flow/designs/sb_0__3_/runs/30-08_15-31//tmp/routing/tritonRoute.param"

Sun Aug 30 15:33:03 UTC 2020 - Executing "TritonRoute /openLANE_flow/designs/sb_0__3_/runs/30-08_15-31//tmp/routing/tritonRoute.param |& tee >&@stdout /openLANE_flow/designs/sb_0__3_/runs/30-08_15-31//logs/routing/tritonRoute.log"

Sun Aug 30 15:33:17 UTC 2020 - Executing "magic -noconsole -dnull -rcfile /openLANE_flow/designs/sb_0__3_/runs/30-08_15-31//tmp//tmp.magicrc /openLANE_flow/designs/sb_0__3_/runs/30-08_15-31//tmp//magic_spice.tcl </dev/null |& tee >&@stdout /openLANE_flow/designs/sb_0__3_/runs/30-08_15-31//logs/magic/magic_spice.log"

