Startpoint: pReset (input port clocked by vclk)
Endpoint: mem_bottom_track_1.sc_dff_compact_0_.sky130_fd_sc_hd__dfrbp_1
          (removal check against rising-edge clock vclk)
Path Group: **async_default**
Path Type: min

  Delay    Time   Description
---------------------------------------------------------
   0.00    0.00   clock vclk (rise edge)
   0.00    0.00   clock network delay (ideal)
   2.00    2.00 ^ input external delay
   0.46    2.46 ^ pReset (in)
   0.00    2.46 ^ mem_bottom_track_1.sc_dff_compact_0_.sky130_fd_sc_hd__dfrbp_1/RESET_B (sky130_fd_sc_hd__dfrbp_1)
           2.46   data arrival time

   0.00    0.00   clock vclk (rise edge)
   0.00    0.00   clock network delay (ideal)
   0.00    0.00   clock reconvergence pessimism
           0.00 ^ mem_bottom_track_1.sc_dff_compact_0_.sky130_fd_sc_hd__dfrbp_1/CLK (sky130_fd_sc_hd__dfrbp_1)
   0.82    0.82   library removal time
           0.82   data required time
---------------------------------------------------------
           0.82   data required time
          -2.46   data arrival time
---------------------------------------------------------
           1.64   slack (MET)


Startpoint: mem_right_track_16.sc_dff_compact_5_.sky130_fd_sc_hd__dfrbp_1
            (rising edge-triggered flip-flop clocked by vclk)
Endpoint: mem_bottom_track_1.sc_dff_compact_0_.sky130_fd_sc_hd__dfrbp_1
          (rising edge-triggered flip-flop clocked by vclk)
Path Group: vclk
Path Type: min

  Delay    Time   Description
---------------------------------------------------------
   0.00    0.00   clock vclk (rise edge)
   0.00    0.00   clock network delay (ideal)
   0.00    0.00 ^ mem_right_track_16.sc_dff_compact_5_.sky130_fd_sc_hd__dfrbp_1/CLK (sky130_fd_sc_hd__dfrbp_1)
   0.65    0.65 ^ mem_right_track_16.sc_dff_compact_5_.sky130_fd_sc_hd__dfrbp_1/Q (sky130_fd_sc_hd__dfrbp_1)
   0.00    0.65 ^ mem_bottom_track_1.sc_dff_compact_0_.sky130_fd_sc_hd__dfrbp_1/D (sky130_fd_sc_hd__dfrbp_1)
           0.65   data arrival time

   0.00    0.00   clock vclk (rise edge)
   0.00    0.00   clock network delay (ideal)
   0.00    0.00   clock reconvergence pessimism
           0.00 ^ mem_bottom_track_1.sc_dff_compact_0_.sky130_fd_sc_hd__dfrbp_1/CLK (sky130_fd_sc_hd__dfrbp_1)
  -0.09   -0.09   library hold time
          -0.09   data required time
---------------------------------------------------------
          -0.09   data required time
          -0.65   data arrival time
---------------------------------------------------------
           0.74   slack (MET)


Startpoint: pReset (input port clocked by vclk)
Endpoint: mem_bottom_track_1.sc_dff_compact_0_.sky130_fd_sc_hd__dfrbp_1
          (recovery check against rising-edge clock vclk)
Path Group: **async_default**
Path Type: max

  Delay    Time   Description
---------------------------------------------------------
   0.00    0.00   clock vclk (rise edge)
   0.00    0.00   clock network delay (ideal)
   2.00    2.00 ^ input external delay
   0.25    2.25 ^ pReset (in)
   0.00    2.25 ^ mem_bottom_track_1.sc_dff_compact_0_.sky130_fd_sc_hd__dfrbp_1/RESET_B (sky130_fd_sc_hd__dfrbp_1)
           2.25   data arrival time

  12.00   12.00   clock vclk (rise edge)
   0.00   12.00   clock network delay (ideal)
   0.00   12.00   clock reconvergence pessimism
          12.00 ^ mem_bottom_track_1.sc_dff_compact_0_.sky130_fd_sc_hd__dfrbp_1/CLK (sky130_fd_sc_hd__dfrbp_1)
   0.06   12.06   library recovery time
          12.06   data required time
---------------------------------------------------------
          12.06   data required time
          -2.25   data arrival time
---------------------------------------------------------
           9.81   slack (MET)


Startpoint: chanx_right_in[0] (input port clocked by vclk)
Endpoint: chanx_left_out[1] (output port clocked by vclk)
Path Group: vclk
Path Type: max

  Delay    Time   Description
---------------------------------------------------------
   0.00    0.00   clock vclk (rise edge)
   0.00    0.00   clock network delay (ideal)
   2.00    2.00 ^ input external delay
   0.00    2.00 ^ chanx_right_in[0] (in)
   0.09    2.09 ^ _17_/X (sky130_fd_sc_hd__buf_2)
   0.00    2.09 ^ chanx_left_out[1] (out)
           2.09   data arrival time

  12.00   12.00   clock vclk (rise edge)
   0.00   12.00   clock network delay (ideal)
   0.00   12.00   clock reconvergence pessimism
  -2.00   10.00   output external delay
          10.00   data required time
---------------------------------------------------------
          10.00   data required time
          -2.09   data arrival time
---------------------------------------------------------
           7.91   slack (MET)


