
reading lef ...
add shortConstraint to layer mcon
add shortConstraint to layer via
add shortConstraint to layer via2
add shortConstraint to layer via3
add shortConstraint to layer via4

units:       1000
#layers:     11
#macros:     437
#vias:       25
#viarulegen: 25

reading def ...

design:      cby_0__1_
die area:    ( 0 0 ) ( 180350 72555 )
trackPts:    12
defvias:     4
#components: 1162
#terminals:  52
#snets:      2
#nets:       168

reading guide ...

#guides:     1313
List of default vias:
  Layer mcon
    default via: L1M1_PR_MR
  Layer via
    default via: M1M2_PR
  Layer via2
    default via: M2M3_PR_M
  Layer via3
    default via: M3M4_PR_M
  Layer via4
    default via: M4M5_PR_C

libcell analysis ...

instance analysis ...
#unique instances = 29

init region query ...
  complete li1
  complete mcon
  complete met1
  complete via
  complete met2
  complete via2
  complete met3
  complete via3
  complete met4
  complete via4
  complete met5

li1 shape region query size = 9690
mcon shape region query size = 13752
met1 shape region query size = 3672
via shape region query size = 836
met2 shape region query size = 458
via2 shape region query size = 836
met3 shape region query size = 428
via3 shape region query size = 836
met4 shape region query size = 297
via4 shape region query size = 66
met5 shape region query size = 74


start pin access
  complete 26 pins
  complete 29 unique inst patterns
  complete 284 groups
#scanned instances    = 1162
#unique  instances    = 29
#stdCellGenAp         = 246
#stdCellValidPlanarAp = 143
#stdCellValidViaAp    = 143
#stdCellPinNoAp       = 0
#macroGenAp           = 0
#macroValidPlanarAp   = 0
#macroValidViaAp      = 0
#macroNoAp            = 0

complete pin access
cpu time = 00:00:00, elapsed time = 00:00:00, memory = 12.44 (MB), peak = 12.60 (MB)

post process guides ...
GCELLGRID X 0 DO 10 STEP 6900 ;
GCELLGRID Y 0 DO 26 STEP 6900 ;
  complete li1
  complete mcon
  complete met1
  complete via
  complete met2
  complete via2
  complete met3
  complete via3
  complete met4
  complete via4
  complete met5

building cmap ... 

init guide query ...
  complete li1 (guide)
  complete mcon (guide)
  complete met1 (guide)
  complete via (guide)
  complete met2 (guide)
  complete via2 (guide)
  complete met3 (guide)
  complete via3 (guide)
  complete met4 (guide)
  complete via4 (guide)
  complete met5 (guide)

li1 guide region query size = 324
mcon guide region query size = 0
met1 guide region query size = 330
via guide region query size = 0
met2 guide region query size = 196
via2 guide region query size = 0
met3 guide region query size = 16
via3 guide region query size = 0
met4 guide region query size = 0
via4 guide region query size = 0
met5 guide region query size = 0

init gr pin query ...


start track assignment
Done with 0 vertical wires in 1 frboxes and 0 horizontal wires in 1 frboxes.
Done with 101 vertical wires in 1 frboxes and 94 horizontal wires in 1 frboxes.

complete track assignment
cpu time = 00:00:00, elapsed time = 00:00:00, memory = 15.69 (MB), peak = 15.74 (MB)

start routing data preparation
initVia2ViaMinLen_minSpc li1 (d2d, d2u, u2d, u2u) = (0, 0, 0, 370)
initVia2ViaMinLen_minSpc met1 (d2d, d2u, u2d, u2u) = (430, 445, 445, 460)
initVia2ViaMinLen_minSpc met2 (d2d, d2u, u2d, u2u) = (460, 485, 485, 630)
initVia2ViaMinLen_minSpc met3 (d2d, d2u, u2d, u2u) = (630, 655, 655, 680)
initVia2ViaMinLen_minSpc met4 (d2d, d2u, u2d, u2u) = (630, 1055, 1055, 3020)
initVia2ViaMinLen_minSpc met5 (d2d, d2u, u2d, u2u) = (1480, 0, 0, 0)
initVia2ViaMinLen_minimumcut li1 (d2d, d2u, u2d, u2u) = (0, 0, 0, 370)
initVia2ViaMinLen_minimumcut li1 zerolen (b, b, b, b) = (1, 1, 1, 1)
initVia2ViaMinLen_minimumcut met1 (d2d, d2u, u2d, u2u) = (430, 445, 445, 460)
initVia2ViaMinLen_minimumcut met1 zerolen (b, b, b, b) = (1, 1, 1, 1)
initVia2ViaMinLen_minimumcut met2 (d2d, d2u, u2d, u2u) = (460, 485, 485, 630)
initVia2ViaMinLen_minimumcut met2 zerolen (b, b, b, b) = (1, 1, 1, 1)
initVia2ViaMinLen_minimumcut met3 (d2d, d2u, u2d, u2u) = (630, 655, 655, 680)
initVia2ViaMinLen_minimumcut met3 zerolen (b, b, b, b) = (1, 1, 1, 1)
initVia2ViaMinLen_minimumcut met4 (d2d, d2u, u2d, u2u) = (630, 1055, 1055, 3020)
initVia2ViaMinLen_minimumcut met4 zerolen (b, b, b, b) = (1, 1, 1, 1)
initVia2ViaMinLen_minimumcut met5 (d2d, d2u, u2d, u2u) = (1480, 0, 0, 0)
initVia2ViaMinLen_minimumcut met5 zerolen (b, b, b, b) = (1, 1, 1, 1)
initVia2ViaMinLenNew_minSpc li1 (d2d-x, d2d-y, d2u-x, d2u-y, u2d-x, u2d-y, u2u-x, u2u-y) = (0, 0, 0, 0, 0, 0, 430, 370)
initVia2ViaMinLenNew_minSpc met1 (d2d-x, d2d-y, d2u-x, d2u-y, u2d-x, u2d-y, u2u-x, u2u-y) = (430, 370, 445, 385, 445, 385, 460, 460)
initVia2ViaMinLenNew_minSpc met2 (d2d-x, d2d-y, d2u-x, d2u-y, u2d-x, u2d-y, u2u-x, u2u-y) = (460, 460, 410, 485, 410, 485, 630, 630)
initVia2ViaMinLenNew_minSpc met3 (d2d-x, d2d-y, d2u-x, d2u-y, u2d-x, u2d-y, u2u-x, u2u-y) = (630, 630, 655, 625, 655, 625, 680, 630)
initVia2ViaMinLenNew_minSpc met4 (d2d-x, d2d-y, d2u-x, d2u-y, u2d-x, u2d-y, u2u-x, u2u-y) = (680, 630, 1055, 1055, 1055, 1055, 3020, 3020)
initVia2ViaMinLenNew_minSpc met5 (d2d-x, d2d-y, d2u-x, d2u-y, u2d-x, u2d-y, u2u-x, u2u-y) = (1480, 1480, 0, 0, 0, 0, 0, 0)
initVia2ViaMinLenNew_minimumcut li1 (d2d-x, d2d-y, d2u-x, d2u-y, u2d-x, u2d-y, u2u-x, u2u-y) = (0, 0, 0, 0, 0, 0, 430, 370)
initVia2ViaMinLenNew_minimumcut met1 (d2d-x, d2d-y, d2u-x, d2u-y, u2d-x, u2d-y, u2u-x, u2u-y) = (430, 370, 445, 385, 445, 385, 460, 460)
initVia2ViaMinLenNew_minimumcut met2 (d2d-x, d2d-y, d2u-x, d2u-y, u2d-x, u2d-y, u2u-x, u2u-y) = (460, 460, 410, 485, 410, 485, 630, 630)
initVia2ViaMinLenNew_minimumcut met3 (d2d-x, d2d-y, d2u-x, d2u-y, u2d-x, u2d-y, u2u-x, u2u-y) = (630, 630, 655, 625, 655, 625, 680, 630)
initVia2ViaMinLenNew_minimumcut met4 (d2d-x, d2d-y, d2u-x, d2u-y, u2d-x, u2d-y, u2u-x, u2u-y) = (680, 630, 1055, 1055, 1055, 1055, 3020, 3020)
initVia2ViaMinLenNew_minimumcut met5 (d2d-x, d2d-y, d2u-x, d2u-y, u2d-x, u2d-y, u2u-x, u2u-y) = (1480, 1480, 0, 0, 0, 0, 0, 0)
cpu time = 00:00:00, elapsed time = 00:00:00, memory = 15.74 (MB), peak = 15.77 (MB)

start detail routing ...
start initial detail routing ...
    completing 10% with 10 violations
    elapsed time = 00:00:00, memory = 22.21 (MB)
    completing 20% with 10 violations
    elapsed time = 00:00:00, memory = 18.22 (MB)
    completing 30% with 19 violations
    elapsed time = 00:00:00, memory = 24.16 (MB)
    completing 40% with 19 violations
    elapsed time = 00:00:00, memory = 21.64 (MB)
    completing 50% with 19 violations
    elapsed time = 00:00:00, memory = 22.67 (MB)
    completing 60% with 19 violations
    elapsed time = 00:00:00, memory = 22.81 (MB)
    completing 70% with 19 violations
    elapsed time = 00:00:00, memory = 22.81 (MB)
    completing 80% with 19 violations
    elapsed time = 00:00:00, memory = 22.81 (MB)
  number of violations = 19
cpu time = 00:00:00, elapsed time = 00:00:00, memory = 22.81 (MB), peak = 24.41 (MB)
total wire length = 4545 um
total wire length on LAYER li1 = 1 um
total wire length on LAYER met1 = 2299 um
total wire length on LAYER met2 = 1899 um
total wire length on LAYER met3 = 345 um
total wire length on LAYER met4 = 0 um
total wire length on LAYER met5 = 0 um
total number of vias = 982
up-via summary (total 982):

------------
  li1    423
 met1    543
 met2     16
 met3      0
 met4      0
------------
         982


start 1st optimization iteration ...
    completing 10% with 19 violations
    elapsed time = 00:00:00, memory = 22.81 (MB)
    completing 20% with 19 violations
    elapsed time = 00:00:00, memory = 22.83 (MB)
    completing 30% with 4 violations
    elapsed time = 00:00:00, memory = 25.14 (MB)
    completing 40% with 4 violations
    elapsed time = 00:00:00, memory = 20.00 (MB)
    completing 50% with 4 violations
    elapsed time = 00:00:00, memory = 25.11 (MB)
    completing 60% with 4 violations
    elapsed time = 00:00:00, memory = 21.98 (MB)
    completing 70% with 4 violations
    elapsed time = 00:00:00, memory = 23.28 (MB)
    completing 80% with 4 violations
    elapsed time = 00:00:00, memory = 23.38 (MB)
    completing 90% with 4 violations
    elapsed time = 00:00:00, memory = 23.38 (MB)
  number of violations = 4
cpu time = 00:00:00, elapsed time = 00:00:00, memory = 23.38 (MB), peak = 25.31 (MB)
total wire length = 4392 um
total wire length on LAYER li1 = 2 um
total wire length on LAYER met1 = 2190 um
total wire length on LAYER met2 = 1854 um
total wire length on LAYER met3 = 345 um
total wire length on LAYER met4 = 0 um
total wire length on LAYER met5 = 0 um
total number of vias = 945
up-via summary (total 945):

------------
  li1    425
 met1    504
 met2     16
 met3      0
 met4      0
------------
         945


start 2nd optimization iteration ...
    completing 10% with 3 violations
    elapsed time = 00:00:00, memory = 23.40 (MB)
    completing 20% with 3 violations
    elapsed time = 00:00:00, memory = 23.40 (MB)
    completing 30% with 3 violations
    elapsed time = 00:00:00, memory = 23.40 (MB)
    completing 40% with 3 violations
    elapsed time = 00:00:00, memory = 23.40 (MB)
    completing 50% with 0 violations
    elapsed time = 00:00:00, memory = 23.40 (MB)
    completing 60% with 0 violations
    elapsed time = 00:00:00, memory = 23.41 (MB)
    completing 70% with 0 violations
    elapsed time = 00:00:00, memory = 23.41 (MB)
    completing 80% with 0 violations
    elapsed time = 00:00:00, memory = 23.41 (MB)
  number of violations = 0
cpu time = 00:00:00, elapsed time = 00:00:00, memory = 23.41 (MB), peak = 25.31 (MB)
total wire length = 4397 um
total wire length on LAYER li1 = 2 um
total wire length on LAYER met1 = 2217 um
total wire length on LAYER met2 = 1844 um
total wire length on LAYER met3 = 333 um
total wire length on LAYER met4 = 0 um
total wire length on LAYER met5 = 0 um
total number of vias = 942
up-via summary (total 942):

------------
  li1    425
 met1    501
 met2     16
 met3      0
 met4      0
------------
         942


start 3rd optimization iteration ...
    completing 10% with 0 violations
    elapsed time = 00:00:00, memory = 23.41 (MB)
    completing 20% with 0 violations
    elapsed time = 00:00:00, memory = 23.41 (MB)
    completing 30% with 0 violations
    elapsed time = 00:00:00, memory = 23.41 (MB)
    completing 40% with 0 violations
    elapsed time = 00:00:00, memory = 23.41 (MB)
    completing 50% with 0 violations
    elapsed time = 00:00:00, memory = 23.41 (MB)
    completing 60% with 0 violations
    elapsed time = 00:00:00, memory = 23.41 (MB)
    completing 70% with 0 violations
    elapsed time = 00:00:00, memory = 23.41 (MB)
    completing 80% with 0 violations
    elapsed time = 00:00:00, memory = 23.41 (MB)
    completing 90% with 0 violations
    elapsed time = 00:00:00, memory = 23.41 (MB)
  number of violations = 0
cpu time = 00:00:00, elapsed time = 00:00:00, memory = 23.41 (MB), peak = 25.31 (MB)
total wire length = 4397 um
total wire length on LAYER li1 = 2 um
total wire length on LAYER met1 = 2217 um
total wire length on LAYER met2 = 1844 um
total wire length on LAYER met3 = 333 um
total wire length on LAYER met4 = 0 um
total wire length on LAYER met5 = 0 um
total number of vias = 942
up-via summary (total 942):

------------
  li1    425
 met1    501
 met2     16
 met3      0
 met4      0
------------
         942


start 4th optimization iteration ...
    completing 10% with 0 violations
    elapsed time = 00:00:00, memory = 23.41 (MB)
    completing 20% with 0 violations
    elapsed time = 00:00:00, memory = 23.41 (MB)
    completing 30% with 0 violations
    elapsed time = 00:00:00, memory = 23.41 (MB)
    completing 40% with 0 violations
    elapsed time = 00:00:00, memory = 23.41 (MB)
    completing 50% with 0 violations
    elapsed time = 00:00:00, memory = 23.41 (MB)
    completing 60% with 0 violations
    elapsed time = 00:00:00, memory = 23.41 (MB)
    completing 70% with 0 violations
    elapsed time = 00:00:00, memory = 23.41 (MB)
    completing 80% with 0 violations
    elapsed time = 00:00:00, memory = 23.41 (MB)
  number of violations = 0
cpu time = 00:00:00, elapsed time = 00:00:00, memory = 23.41 (MB), peak = 25.31 (MB)
total wire length = 4397 um
total wire length on LAYER li1 = 2 um
total wire length on LAYER met1 = 2217 um
total wire length on LAYER met2 = 1844 um
total wire length on LAYER met3 = 333 um
total wire length on LAYER met4 = 0 um
total wire length on LAYER met5 = 0 um
total number of vias = 942
up-via summary (total 942):

------------
  li1    425
 met1    501
 met2     16
 met3      0
 met4      0
------------
         942


start 5th optimization iteration ...
    completing 10% with 0 violations
    elapsed time = 00:00:00, memory = 23.41 (MB)
    completing 20% with 0 violations
    elapsed time = 00:00:00, memory = 23.41 (MB)
    completing 30% with 0 violations
    elapsed time = 00:00:00, memory = 23.41 (MB)
    completing 40% with 0 violations
    elapsed time = 00:00:00, memory = 23.41 (MB)
    completing 50% with 0 violations
    elapsed time = 00:00:00, memory = 23.41 (MB)
    completing 60% with 0 violations
    elapsed time = 00:00:00, memory = 23.41 (MB)
    completing 70% with 0 violations
    elapsed time = 00:00:00, memory = 23.41 (MB)
    completing 80% with 0 violations
    elapsed time = 00:00:00, memory = 23.41 (MB)
    completing 90% with 0 violations
    elapsed time = 00:00:00, memory = 23.41 (MB)
  number of violations = 0
cpu time = 00:00:00, elapsed time = 00:00:00, memory = 23.41 (MB), peak = 25.31 (MB)
total wire length = 4397 um
total wire length on LAYER li1 = 2 um
total wire length on LAYER met1 = 2217 um
total wire length on LAYER met2 = 1844 um
total wire length on LAYER met3 = 333 um
total wire length on LAYER met4 = 0 um
total wire length on LAYER met5 = 0 um
total number of vias = 942
up-via summary (total 942):

------------
  li1    425
 met1    501
 met2     16
 met3      0
 met4      0
------------
         942


start 6th optimization iteration ...
    completing 10% with 0 violations
    elapsed time = 00:00:00, memory = 23.41 (MB)
    completing 20% with 0 violations
    elapsed time = 00:00:00, memory = 23.41 (MB)
    completing 30% with 0 violations
    elapsed time = 00:00:00, memory = 23.41 (MB)
    completing 40% with 0 violations
    elapsed time = 00:00:00, memory = 23.41 (MB)
    completing 50% with 0 violations
    elapsed time = 00:00:00, memory = 23.41 (MB)
    completing 60% with 0 violations
    elapsed time = 00:00:00, memory = 23.41 (MB)
    completing 70% with 0 violations
    elapsed time = 00:00:00, memory = 23.41 (MB)
    completing 80% with 0 violations
    elapsed time = 00:00:00, memory = 23.41 (MB)
  number of violations = 0
cpu time = 00:00:00, elapsed time = 00:00:00, memory = 23.41 (MB), peak = 25.31 (MB)
total wire length = 4397 um
total wire length on LAYER li1 = 2 um
total wire length on LAYER met1 = 2217 um
total wire length on LAYER met2 = 1844 um
total wire length on LAYER met3 = 333 um
total wire length on LAYER met4 = 0 um
total wire length on LAYER met5 = 0 um
total number of vias = 942
up-via summary (total 942):

------------
  li1    425
 met1    501
 met2     16
 met3      0
 met4      0
------------
         942


start 7th optimization iteration ...
    completing 10% with 0 violations
    elapsed time = 00:00:00, memory = 23.41 (MB)
    completing 20% with 0 violations
    elapsed time = 00:00:00, memory = 23.41 (MB)
    completing 30% with 0 violations
    elapsed time = 00:00:00, memory = 23.41 (MB)
    completing 40% with 0 violations
    elapsed time = 00:00:00, memory = 23.41 (MB)
    completing 50% with 0 violations
    elapsed time = 00:00:00, memory = 23.41 (MB)
    completing 60% with 0 violations
    elapsed time = 00:00:00, memory = 23.41 (MB)
    completing 70% with 0 violations
    elapsed time = 00:00:00, memory = 23.41 (MB)
    completing 80% with 0 violations
    elapsed time = 00:00:00, memory = 23.41 (MB)
    completing 90% with 0 violations
    elapsed time = 00:00:00, memory = 23.41 (MB)
  number of violations = 0
cpu time = 00:00:00, elapsed time = 00:00:00, memory = 23.41 (MB), peak = 25.31 (MB)/openLANE_flow/designs/cby_0__1_/runs/aspect-ratio//reports/routing/tritonRoute.drc

complete detail routing
total wire length = 4397 um
total wire length on LAYER li1 = 2 um
total wire length on LAYER met1 = 2217 um
total wire length on LAYER met2 = 1844 um
total wire length on LAYER met3 = 333 um
total wire length on LAYER met4 = 0 um
total wire length on LAYER met5 = 0 um
total number of vias = 942
up-via summary (total 942):

------------
  li1    425
 met1    501
 met2     16
 met3      0
 met4      0
------------
         942

cpu time = 00:00:01, elapsed time = 00:00:01, memory = 23.41 (MB), peak = 25.31 (MB)

post processing ...
WARNING (DEFPARS-7011): The NAMESCASESENSITIVE statement is obsolete in version 5.6 and later.
The DEF parser will ignore this statement. See file /openLANE_flow/designs/cby_0__1_/runs/aspect-ratio//tmp/routing/addspacers.def at line 2.


post processing ...
WARNING (DEFPARS-7011): The NAMESCASESENSITIVE statement is obsolete in version 5.6 and later.
The DEF parser will ignore this statement. See file /openLANE_flow/designs/cby_0__1_/runs/aspect-ratio//tmp/routing/addspacers.def at line 2.


Runtime taken (hrt): 3.1462
