RePlAce Version: 1.0.0

** WARNING: Your Detail Placement Step must be skipped.
              (i.e. this program will be executed as -onlyGP)
     If you want to have DP after GP, please specify -dpflag and -dploc.

[INFO] TargetDensity = 0.400000
[INFO] ExperimentIndex = 0
[INFO] DirectoryPath = /openLANE_flow/designs/cbx_1__2_/runs/16-08_10-33//tmp/placement/replace/etc/cbx_1__2_.floorplan/experiment000
[PROC] Begin LefParsing ...
[LEF] Parsed 500 number of lines!!
WARNING (LEFPARS-2036): SOURCE statement is obsolete in version 5.6 and later.
The LEF parser will ignore this statement.
To avoid this warning in the future, remove this statement from the LEF file with version 5.6 or later. See file /openLANE_flow/designs/cbx_1__2_/runs/16-08_10-33//tmp//merged.lef at line 776.

WARNING (LEFPARS-2036): SOURCE statement is obsolete in version 5.6 and later.
The LEF parser will ignore this statement.
To avoid this warning in the future, remove this statement from the LEF file with version 5.6 or later. See file /openLANE_flow/designs/cbx_1__2_/runs/16-08_10-33//tmp//merged.lef at line 903.

[LEF] Parsed 1000 number of lines!!
WARNING (LEFPARS-2036): SOURCE statement is obsolete in version 5.6 and later.
The LEF parser will ignore this statement.
To avoid this warning in the future, remove this statement from the LEF file with version 5.6 or later. See file /openLANE_flow/designs/cbx_1__2_/runs/16-08_10-33//tmp//merged.lef at line 1034.

WARNING (LEFPARS-2036): SOURCE statement is obsolete in version 5.6 and later.
The LEF parser will ignore this statement.
To avoid this warning in the future, remove this statement from the LEF file with version 5.6 or later. See file /openLANE_flow/designs/cbx_1__2_/runs/16-08_10-33//tmp//merged.lef at line 1204.

WARNING (LEFPARS-2036): SOURCE statement is obsolete in version 5.6 and later.
The LEF parser will ignore this statement.
To avoid this warning in the future, remove this statement from the LEF file with version 5.6 or later. See file /openLANE_flow/designs/cbx_1__2_/runs/16-08_10-33//tmp//merged.lef at line 1322.

WARNING (LEFPARS-2036): SOURCE statement is obsolete in version 5.6 and later.
The LEF parser will ignore this statement.
To avoid this warning in the future, remove this statement from the LEF file with version 5.6 or later. See file /openLANE_flow/designs/cbx_1__2_/runs/16-08_10-33//tmp//merged.lef at line 1442.

[LEF] Parsed 1500 number of lines!!
WARNING (LEFPARS-2036): SOURCE statement is obsolete in version 5.6 and later.
The LEF parser will ignore this statement.
To avoid this warning in the future, remove this statement from the LEF file with version 5.6 or later. See file /openLANE_flow/designs/cbx_1__2_/runs/16-08_10-33//tmp//merged.lef at line 1589.

WARNING (LEFPARS-2036): SOURCE statement is obsolete in version 5.6 and later.
The LEF parser will ignore this statement.
To avoid this warning in the future, remove this statement from the LEF file with version 5.6 or later. See file /openLANE_flow/designs/cbx_1__2_/runs/16-08_10-33//tmp//merged.lef at line 1777.

WARNING (LEFPARS-2036): SOURCE statement is obsolete in version 5.6 and later.
The LEF parser will ignore this statement.
To avoid this warning in the future, remove this statement from the LEF file with version 5.6 or later. See file /openLANE_flow/designs/cbx_1__2_/runs/16-08_10-33//tmp//merged.lef at line 1886.

WARNING (LEFPARS-2036): SOURCE statement is obsolete in version 5.6 and later.
The LEF parser will ignore this statement.
To avoid this warning in the future, remove this statement from the LEF file with version 5.6 or later. See file /openLANE_flow/designs/cbx_1__2_/runs/16-08_10-33//tmp//merged.lef at line 1999.

[LEF] Parsed 2000 number of lines!!
WARNING (LEFPARS-2036): SOURCE statement is obsolete in version 5.6 and later.
The LEF parser will ignore this statement.
To avoid this warning in the future, remove this statement from the LEF file with version 5.6 or later. See file /openLANE_flow/designs/cbx_1__2_/runs/16-08_10-33//tmp//merged.lef at line 2148.

WARNING (LEFPARS-2036): SOURCE statement is obsolete in version 5.6 and later.
The LEF parser will ignore this statement.
To avoid this warning in the future, remove this statement from the LEF file with version 5.6 or later. See file /openLANE_flow/designs/cbx_1__2_/runs/16-08_10-33//tmp//merged.lef at line 2253.

WARNING (LEFPARS-2036): SOURCE statement is obsolete in version 5.6 and later.
The LEF parser will ignore this statement.
To avoid this warning in the future, remove this statement from the LEF file with version 5.6 or later. See file /openLANE_flow/designs/cbx_1__2_/runs/16-08_10-33//tmp//merged.lef at line 2380.

[LEF] Parsed 2500 number of lines!!
WARNING (LEFPARS-2036): SOURCE statement is obsolete in version 5.6 and later.
The LEF parser will ignore this statement.
To avoid this warning in the future, remove this statement from the LEF file with version 5.6 or later. See file /openLANE_flow/designs/cbx_1__2_/runs/16-08_10-33//tmp//merged.lef at line 2547.

WARNING (LEFPARS-2036): SOURCE statement is obsolete in version 5.6 and later.
The LEF parser will ignore this statement.
To avoid this warning in the future, remove this statement from the LEF file with version 5.6 or later. See file /openLANE_flow/designs/cbx_1__2_/runs/16-08_10-33//tmp//merged.lef at line 2653.

WARNING (LEFPARS-2036): SOURCE statement is obsolete in version 5.6 and later.
The LEF parser will ignore this statement.
To avoid this warning in the future, remove this statement from the LEF file with version 5.6 or later. See file /openLANE_flow/designs/cbx_1__2_/runs/16-08_10-33//tmp//merged.lef at line 2770.

WARNING (LEFPARS-2036): SOURCE statement is obsolete in version 5.6 and later.
The LEF parser will ignore this statement.
To avoid this warning in the future, remove this statement from the LEF file with version 5.6 or later. See file /openLANE_flow/designs/cbx_1__2_/runs/16-08_10-33//tmp//merged.lef at line 2908.

[LEF] Parsed 3000 number of lines!!
WARNING (LEFPARS-2036): SOURCE statement is obsolete in version 5.6 and later.
The LEF parser will ignore this statement.
To avoid this warning in the future, remove this statement from the LEF file with version 5.6 or later. See file /openLANE_flow/designs/cbx_1__2_/runs/16-08_10-33//tmp//merged.lef at line 3005.

WARNING (LEFPARS-2036): SOURCE statement is obsolete in version 5.6 and later.
The LEF parser will ignore this statement.
To avoid this warning in the future, remove this statement from the LEF file with version 5.6 or later. See file /openLANE_flow/designs/cbx_1__2_/runs/16-08_10-33//tmp//merged.lef at line 3105.

WARNING (LEFPARS-2036): SOURCE statement is obsolete in version 5.6 and later.
The LEF parser will ignore this statement.
To avoid this warning in the future, remove this statement from the LEF file with version 5.6 or later. See file /openLANE_flow/designs/cbx_1__2_/runs/16-08_10-33//tmp//merged.lef at line 3219.

WARNING (LEFPARS-2036): SOURCE statement is obsolete in version 5.6 and later.
The LEF parser will ignore this statement.
To avoid this warning in the future, remove this statement from the LEF file with version 5.6 or later. See file /openLANE_flow/designs/cbx_1__2_/runs/16-08_10-33//tmp//merged.lef at line 3361.

WARNING (LEFPARS-2036): SOURCE statement is obsolete in version 5.6 and later.
The LEF parser will ignore this statement.
To avoid this warning in the future, remove this statement from the LEF file with version 5.6 or later. See file /openLANE_flow/designs/cbx_1__2_/runs/16-08_10-33//tmp//merged.lef at line 3458.

[LEF] Parsed 3500 number of lines!!
WARNING (LEFPARS-2036): SOURCE statement is obsolete in version 5.6 and later.
The LEF parser will ignore this statement.
To avoid this warning in the future, remove this statement from the LEF file with version 5.6 or later. See file /openLANE_flow/designs/cbx_1__2_/runs/16-08_10-33//tmp//merged.lef at line 3561.

WARNING (LEFPARS-2036): SOURCE statement is obsolete in version 5.6 and later.
The LEF parser will ignore this statement.
To avoid this warning in the future, remove this statement from the LEF file with version 5.6 or later. See file /openLANE_flow/designs/cbx_1__2_/runs/16-08_10-33//tmp//merged.lef at line 3691.

WARNING (LEFPARS-2036): SOURCE statement is obsolete in version 5.6 and later.
The LEF parser will ignore this statement.
To avoid this warning in the future, remove this statement from the LEF file with version 5.6 or later. See file /openLANE_flow/designs/cbx_1__2_/runs/16-08_10-33//tmp//merged.lef at line 3783.

WARNING (LEFPARS-2036): SOURCE statement is obsolete in version 5.6 and later.
The LEF parser will ignore this statement.
To avoid this warning in the future, remove this statement from the LEF file with version 5.6 or later. See file /openLANE_flow/designs/cbx_1__2_/runs/16-08_10-33//tmp//merged.lef at line 3887.

[LEF] Parsed 4000 number of lines!!
WARNING (LEFPARS-2036): SOURCE statement is obsolete in version 5.6 and later.
The LEF parser will ignore this statement.
To avoid this warning in the future, remove this statement from the LEF file with version 5.6 or later. See file /openLANE_flow/designs/cbx_1__2_/runs/16-08_10-33//tmp//merged.lef at line 4018.

WARNING (LEFPARS-2036): SOURCE statement is obsolete in version 5.6 and later.
The LEF parser will ignore this statement.
To avoid this warning in the future, remove this statement from the LEF file with version 5.6 or later. See file /openLANE_flow/designs/cbx_1__2_/runs/16-08_10-33//tmp//merged.lef at line 4148.

WARNING (LEFPARS-2036): SOURCE statement is obsolete in version 5.6 and later.
The LEF parser will ignore this statement.
To avoid this warning in the future, remove this statement from the LEF file with version 5.6 or later. See file /openLANE_flow/designs/cbx_1__2_/runs/16-08_10-33//tmp//merged.lef at line 4282.

WARNING (LEFPARS-2036): SOURCE statement is obsolete in version 5.6 and later.
The LEF parser will ignore this statement.
To avoid this warning in the future, remove this statement from the LEF file with version 5.6 or later. See file /openLANE_flow/designs/cbx_1__2_/runs/16-08_10-33//tmp//merged.lef at line 4467.

[LEF] Parsed 4500 number of lines!!
[LEF] Parsed 5000 number of lines!!
[LEF] Parsed 5500 number of lines!!
[LEF] Parsed 6000 number of lines!!
[LEF] Parsed 6500 number of lines!!
[LEF] Parsed 7000 number of lines!!
[LEF] Parsed 7500 number of lines!!
[LEF] Parsed 8000 number of lines!!
[LEF] Parsed 8500 number of lines!!
[LEF] Parsed 9000 number of lines!!
[LEF] Parsed 9500 number of lines!!
[LEF] Parsed 10000 number of lines!!
[LEF] Parsed 10500 number of lines!!
[LEF] Parsed 11000 number of lines!!
[LEF] Parsed 11500 number of lines!!
[LEF] Parsed 12000 number of lines!!
[LEF] Parsed 12500 number of lines!!
[LEF] Parsed 13000 number of lines!!
[LEF] Parsed 13500 number of lines!!
[LEF] Parsed 14000 number of lines!!
[LEF] Parsed 14500 number of lines!!
[LEF] Parsed 15000 number of lines!!
[LEF] Parsed 15500 number of lines!!
[LEF] Parsed 16000 number of lines!!
[LEF] Parsed 16500 number of lines!!
[LEF] Parsed 17000 number of lines!!
[LEF] Parsed 17500 number of lines!!
[LEF] Parsed 18000 number of lines!!
[LEF] Parsed 18500 number of lines!!
[LEF] Parsed 19000 number of lines!!
[LEF] Parsed 19500 number of lines!!
[LEF] Parsed 20000 number of lines!!
[LEF] Parsed 20500 number of lines!!
[LEF] Parsed 21000 number of lines!!
[LEF] Parsed 21500 number of lines!!
[LEF] Parsed 22000 number of lines!!
[LEF] Parsed 22500 number of lines!!
[LEF] Parsed 23000 number of lines!!
[LEF] Parsed 23500 number of lines!!
[LEF] Parsed 24000 number of lines!!
[LEF] Parsed 24500 number of lines!!
[LEF] Parsed 25000 number of lines!!
[LEF] Parsed 25500 number of lines!!
[LEF] Parsed 26000 number of lines!!
[LEF] Parsed 26500 number of lines!!
[LEF] Parsed 27000 number of lines!!
[LEF] Parsed 27500 number of lines!!
[LEF] Parsed 28000 number of lines!!
[LEF] Parsed 28500 number of lines!!
[LEF] Parsed 29000 number of lines!!
[LEF] Parsed 29500 number of lines!!
[LEF] Parsed 30000 number of lines!!
[LEF] Parsed 30500 number of lines!!
[LEF] Parsed 31000 number of lines!!
[LEF] Parsed 31500 number of lines!!
[LEF] Parsed 32000 number of lines!!
[LEF] Parsed 32500 number of lines!!
[LEF] Parsed 33000 number of lines!!
[LEF] Parsed 33500 number of lines!!
[LEF] Parsed 34000 number of lines!!
[LEF] Parsed 34500 number of lines!!
[LEF] Parsed 35000 number of lines!!
[LEF] Parsed 35500 number of lines!!
[LEF] Parsed 36000 number of lines!!
[LEF] Parsed 36500 number of lines!!
[LEF] Parsed 37000 number of lines!!
[LEF] Parsed 37500 number of lines!!
[LEF] Parsed 38000 number of lines!!
[LEF] Parsed 38500 number of lines!!
[LEF] Parsed 39000 number of lines!!
[LEF] Parsed 39500 number of lines!!
[LEF] Parsed 40000 number of lines!!
[LEF] Parsed 40500 number of lines!!
[LEF] Parsed 41000 number of lines!!
[LEF] Parsed 41500 number of lines!!
[LEF] Parsed 42000 number of lines!!
[LEF] Parsed 42500 number of lines!!
[LEF] Parsed 43000 number of lines!!
[LEF] Parsed 43500 number of lines!!
[LEF] Parsed 44000 number of lines!!
[LEF] Parsed 44500 number of lines!!
[LEF] Parsed 45000 number of lines!!
[LEF] Parsed 45500 number of lines!!
[LEF] Parsed 46000 number of lines!!
[LEF] Parsed 46500 number of lines!!
[LEF] Parsed 47000 number of lines!!
[LEF] Parsed 47500 number of lines!!
[LEF] Parsed 48000 number of lines!!
[LEF] Parsed 48500 number of lines!!
[LEF] Parsed 49000 number of lines!!
[LEF] Parsed 49500 number of lines!!
[LEF] Parsed 50000 number of lines!!
[LEF] Parsed 50500 number of lines!!
[LEF] Parsed 51000 number of lines!!
[LEF] Parsed 51500 number of lines!!
[LEF] Parsed 52000 number of lines!!
[LEF] Parsed 52500 number of lines!!
[LEF] Parsed 53000 number of lines!!
[LEF] Parsed 53500 number of lines!!
[LEF] Parsed 54000 number of lines!!
[LEF] Parsed 54500 number of lines!!
[LEF] Parsed 55000 number of lines!!
[LEF] Parsed 55500 number of lines!!
[LEF] Parsed 56000 number of lines!!
[LEF] Parsed 56500 number of lines!!
[LEF] Parsed 57000 number of lines!!
[LEF] Parsed 57500 number of lines!!
[LEF] Parsed 58000 number of lines!!
[LEF] Parsed 58500 number of lines!!
[LEF] Parsed 59000 number of lines!!
[LEF] Parsed 59500 number of lines!!
[LEF] Parsed 60000 number of lines!!
[LEF] Parsed 60500 number of lines!!
[LEF] Parsed 61000 number of lines!!
[LEF] Parsed 61500 number of lines!!
[LEF] Parsed 62000 number of lines!!
[PROC] End LefParsing
[PROC] Begin DefParsing ...
WARNING (DEFPARS-7011): The NAMESCASESENSITIVE statement is obsolete in version 5.6 and later.
The DEF parser will ignore this statement. See file /openLANE_flow/designs/cbx_1__2_/runs/16-08_10-33//results/floorplan/cbx_1__2_.floorplan.def at line 2.

[PROC] End DefParsing
[INFO] DefUnit = 1000
[INFO] LefMetal1Name = li1
[INFO] DefSiteName = unithd
[INFO] ScaleDownUnit = 302.222229
[INFO] OffsetCoordi = (2640.000000, 0.000000)
[INFO] RowSize = (1.522059, 9.000000)
[INFO] NumRows = 34
[INFO] MacroCount = 0
[INFO] NumModules = 87
[INFO] NumTerminals = 227
[INFO] Inserted Dummy Terms = 0
[PROC] Begin Generate Un-fragmented Rows ...
[INFO] CoreAreaLxLy = (27.000000, 36.000000)
[INFO] CoreAreaUxUy = (339.022064, 342.000000)
[INFO] RowSize = (1.522059, 9.000000)
[INFO] NumRows = 34
[PROC] End Generate Un-fragmented Rows
[PROC] Begin DEF Net Parsing ...
[INFO] NumNets = 166
[INFO] NumPins = 388
[PROC] End DEF Net Parsing
[PROC] LEF/DEF Parsing Success!
[INFO] AspectRatio = 0.980700
[INFO] RowMinXY = (27.000000, 36.000000)
[INFO] RowMaxXY = (339.022064, 342.000000)
[INFO] NumPlaceStdCells = 87
[INFO] NumPlaceMacros = 0
[INFO] RowSize = (1.522059, 9.000000)
[INFO] NumRows = 34
[INFO] GlobalAreaLxLy = (9.496324, 6.617647)
[INFO] GlobalAreaUxUy = (350.884186, 377.619476)
[INFO] PlaceAreaLxLy = (27.000000, 36.000000)
[INFO] PlaceAreaUxUy = (339.022064, 342.000000)
[INFO] TotalPlaceArea = 95478.750000
[INFO] TotalFixedArea = 4273.926270
[INFO] TotalWhiteSpaceArea = 91204.820312
[INFO] TotalPlaceMacrosArea = 0.000000
[INFO] TotalPlaceStdCellsArea = 29246.353516
[INFO] Util(%) = 30.631271
[INFO] 80pCellArea = 340.004456
[INFO] FillerInit: TotalFillerArea = 7235.576172
[INFO] FillerInit: NumFillerCells = 21
[INFO] FillerInit: FillerCellArea = 340.004608
[INFO] FillerInit: FillerCellSize = (37.778290, 9.000000)
[INFO] FillerInit: NumCells = 108
[INFO] FillerInit: NumModules = 87
[INFO] FillerInit: NumFillers = 21
INFO:  D_MSH = 1024 
INFO:  MSH(X, Y) = (32, 32)
[INFO] TierInit: TierUtil = 0.306313
[INFO] TierInit: NumModules = 87
[INFO] TierInit: PlaceArea = 95478.750000
[INFO] TierInit: CoreSpacingArea = 0.000000
[INFO] TierInit: TerminalArea = 4273.926270
[INFO] TierInit: ModuleArea = 29246.353516
[INFO] TierInit: FillerArea = 7235.576172
[INFO] TierInit: NumFillers = 21
[INFO] TierInit: FillerMinIdx = 87
[INFO] TierInit: FillerMaxIdx = 108
INFO:  dim_bin_cGP2D.(x,y) = (8, 8)
cell Init 2D:
tier->bin_stp: (39.0028 38.25)
tier->half_bin_stp: (19.5014 19.125)
PROC:  Start NESTEROV's Optimization
PROC:    Global Lagrangian Multiplier is Applied

ITER: 0
    HPWL=17505.460938
    OVFL=0.923787
    HPWL=(9039.202148, 8466.258789)
    POTN=4.016678E+05
    PHIC=2.039936E-09
    GRAD=3.096263E-02
    NuBT=0
    CPU =0.000000

ITER: 1
    HPWL=17505.382812
    OVFL=0.923787
    HPWL=(9039.154297, 8466.227539)
    POTN=4.016665E+05
    PHIC=2.141933E-09
    GRAD=4.565554E-02
    NuBT=1
    CPU =0.000111

ITER: 2
    HPWL=17505.070312
    OVFL=0.923787
    HPWL=(9038.971680, 8466.097656)
    POTN=4.016614E+05
    PHIC=2.249029E-09
    GRAD=4.565407E-02
    NuBT=1
    CPU =0.000059

ITER: 3
    HPWL=11958.773438
    OVFL=0.785315
    HPWL=(5773.817871, 6184.955566)
    POTN=3.050325E+05
    PHIC=2.361481E-09
    GRAD=2.190619E-02
    NuBT=1
    CPU =0.000060

ITER: 4
    HPWL=9177.886719
    OVFL=0.765947
    HPWL=(4163.485352, 5014.400879)
    POTN=2.698942E+05
    PHIC=2.479555E-09
    GRAD=1.740913E-02
    NuBT=2
    CPU =0.000097

ITER: 5
    HPWL=9125.080078
    OVFL=0.755598
    HPWL=(4116.756836, 5008.323730)
    POTN=2.644908E+05
    PHIC=2.603533E-09
    GRAD=1.633628E-02
    NuBT=2
    CPU =0.000132

ITER: 6
    HPWL=9163.705078
    OVFL=0.739621
    HPWL=(4101.588867, 5062.116211)
    POTN=2.570331E+05
    PHIC=2.733694E-09
    GRAD=1.701028E-02
    NuBT=1
    CPU =0.000076

ITER: 7
    HPWL=9192.537109
    OVFL=0.729758
    HPWL=(4095.061523, 5097.475586)
    POTN=2.473868E+05
    PHIC=2.870367E-09
    GRAD=1.847765E-02
    NuBT=1
    CPU =0.000052

ITER: 8
    HPWL=9199.328125
    OVFL=0.718237
    HPWL=(4084.872314, 5114.455566)
    POTN=2.408114E+05
    PHIC=3.013882E-09
    GRAD=1.938262E-02
    NuBT=2
    CPU =0.000088

ITER: 9
    HPWL=9199.505859
    OVFL=0.706802
    HPWL=(4077.816406, 5121.689941)
    POTN=2.314178E+05
    PHIC=3.164576E-09
    GRAD=2.053691E-02
    NuBT=2
    CPU =0.000088

ITER: 10
    HPWL=9196.642578
    OVFL=0.697780
    HPWL=(4073.319336, 5123.323730)
    POTN=2.246978E+05
    PHIC=3.322805E-09
    GRAD=2.175934E-02
    NuBT=2
    CPU =0.000087

ITER: 11
    HPWL=9193.587891
    OVFL=0.689730
    HPWL=(4071.398682, 5122.189453)
    POTN=2.159380E+05
    PHIC=3.488945E-09
    GRAD=2.278696E-02
    NuBT=1
    CPU =0.000130

ITER: 12
    HPWL=9187.625977
    OVFL=0.682545
    HPWL=(4069.465088, 5118.160645)
    POTN=2.091989E+05
    PHIC=3.663392E-09
    GRAD=2.373199E-02
    NuBT=2
    CPU =0.000100

ITER: 13
    HPWL=9182.853516
    OVFL=0.679471
    HPWL=(4069.429199, 5113.424316)
    POTN=2.019091E+05
    PHIC=3.846562E-09
    GRAD=2.462131E-02
    NuBT=1
    CPU =0.000057

ITER: 14
    HPWL=9178.460938
    OVFL=0.675435
    HPWL=(4070.438721, 5108.021973)
    POTN=1.957973E+05
    PHIC=4.038890E-09
    GRAD=2.501986E-02
    NuBT=1
    CPU =0.000057

ITER: 15
    HPWL=9170.503906
    OVFL=0.671235
    HPWL=(4069.979004, 5100.524414)
    POTN=1.888979E+05
    PHIC=4.240834E-09
    GRAD=2.553347E-02
    NuBT=2
    CPU =0.000094

ITER: 16
    HPWL=9163.305664
    OVFL=0.668565
    HPWL=(4070.251709, 5093.053711)
    POTN=1.837650E+05
    PHIC=4.452875E-09
    GRAD=2.608823E-02
    NuBT=1
    CPU =0.000057

ITER: 17
    HPWL=9156.455078
    OVFL=0.666298
    HPWL=(4071.305908, 5085.149414)
    POTN=1.776800E+05
    PHIC=4.675519E-09
    GRAD=2.645729E-02
    NuBT=1
    CPU =0.000057

ITER: 18
    HPWL=9149.121094
    OVFL=0.664496
    HPWL=(4072.304199, 5076.816895)
    POTN=1.702540E+05
    PHIC=4.909295E-09
    GRAD=2.677608E-02
    NuBT=1
    CPU =0.000056

ITER: 19
    HPWL=9139.686523
    OVFL=0.661956
    HPWL=(4072.503906, 5067.182617)
    POTN=1.612571E+05
    PHIC=5.154759E-09
    GRAD=2.702204E-02
    NuBT=1
    CPU =0.000057

ITER: 20
    HPWL=9129.307617
    OVFL=0.660843
    HPWL=(4072.271729, 5057.036133)
    POTN=1.552611E+05
    PHIC=5.412497E-09
    GRAD=2.736790E-02
    NuBT=1
    CPU =0.000057

ITER: 21
    HPWL=9119.109375
    OVFL=0.665283
    HPWL=(4072.427246, 5046.682617)
    POTN=1.494007E+05
    PHIC=5.683122E-09
    GRAD=2.752567E-02
    NuBT=1
    CPU =0.000057

ITER: 22
    HPWL=9109.725586
    OVFL=0.683248
    HPWL=(4073.153076, 5036.572266)
    POTN=1.454897E+05
    PHIC=5.967277E-09
    GRAD=2.691694E-02
    NuBT=1
    CPU =0.000056

ITER: 23
    HPWL=9094.374023
    OVFL=0.681743
    HPWL=(4070.619629, 5023.754395)
    POTN=1.402240E+05
    PHIC=6.265641E-09
    GRAD=2.452772E-02
    NuBT=2
    CPU =0.000094

ITER: 24
    HPWL=9076.749023
    OVFL=0.680465
    HPWL=(4066.789795, 5009.958984)
    POTN=1.368450E+05
    PHIC=6.578923E-09
    GRAD=2.468912E-02
    NuBT=1
    CPU =0.000058

ITER: 25
    HPWL=9071.828125
    OVFL=0.678119
    HPWL=(4070.553955, 5001.274414)
    POTN=1.330328E+05
    PHIC=6.907868E-09
    GRAD=2.487593E-02
    NuBT=1
    CPU =0.000091

ITER: 26
    HPWL=9060.502930
    OVFL=0.675514
    HPWL=(4070.682373, 4989.820312)
    POTN=1.308431E+05
    PHIC=7.253262E-09
    GRAD=2.517684E-02
    NuBT=2
    CPU =0.000107

ITER: 27
    HPWL=9051.597656
    OVFL=0.672325
    HPWL=(4072.268066, 4979.329102)
    POTN=1.266928E+05
    PHIC=7.615924E-09
    GRAD=2.552906E-02
    NuBT=2
    CPU =0.000102

ITER: 28
    HPWL=9040.982422
    OVFL=0.669291
    HPWL=(4072.860596, 4968.122070)
    POTN=1.227235E+05
    PHIC=7.996720E-09
    GRAD=2.595348E-02
    NuBT=2
    CPU =0.000116

ITER: 29
    HPWL=9031.575195
    OVFL=0.665805
    HPWL=(4073.525146, 4958.049805)
    POTN=1.195125E+05
    PHIC=8.396555E-09
    GRAD=2.636287E-02
    NuBT=2
    CPU =0.000122

ITER: 30
    HPWL=9021.867188
    OVFL=0.688411
    HPWL=(4073.909180, 4947.957520)
    POTN=1.188450E+05
    PHIC=8.816383E-09
    GRAD=2.684027E-02
    NuBT=2
    CPU =0.000129

ITER: 31
    HPWL=9005.477539
    OVFL=0.688312
    HPWL=(4070.646729, 4934.830566)
    POTN=1.154159E+05
    PHIC=9.257202E-09
    GRAD=2.388218E-02
    NuBT=2
    CPU =0.000115

ITER: 32
    HPWL=8986.822266
    OVFL=0.685435
    HPWL=(4066.008301, 4920.813965)
    POTN=1.137269E+05
    PHIC=9.720062E-09
    GRAD=2.386959E-02
    NuBT=1
    CPU =0.000068

ITER: 33
    HPWL=8984.632812
    OVFL=0.680261
    HPWL=(4071.011963, 4913.620605)
    POTN=1.121995E+05
    PHIC=1.020606E-08
    GRAD=2.425002E-02
    NuBT=1
    CPU =0.000087

ITER: 34
    HPWL=8972.614258
    OVFL=0.675349
    HPWL=(4070.319092, 4902.295410)
    POTN=1.125720E+05
    PHIC=1.071637E-08
    GRAD=2.488944E-02
    NuBT=2
    CPU =0.000134

ITER: 35
    HPWL=8965.104492
    OVFL=0.670734
    HPWL=(4072.240234, 4892.864258)
    POTN=1.113168E+05
    PHIC=1.125218E-08
    GRAD=2.553957E-02
    NuBT=2
    CPU =0.000122

ITER: 36
    HPWL=8955.260742
    OVFL=0.662712
    HPWL=(4072.805908, 4882.454590)
    POTN=1.092519E+05
    PHIC=1.181479E-08
    GRAD=2.615265E-02
    NuBT=2
    CPU =0.000118

ITER: 37
    HPWL=8943.912109
    OVFL=0.652628
    HPWL=(4072.543945, 4871.368164)
    POTN=1.076158E+05
    PHIC=1.240553E-08
    GRAD=2.724193E-02
    NuBT=2
    CPU =0.000116

ITER: 38
    HPWL=8930.602539
    OVFL=0.679558
    HPWL=(4072.392090, 4858.210449)
    POTN=1.089086E+05
    PHIC=1.302581E-08
    GRAD=2.867714E-02
    NuBT=2
    CPU =0.000118

ITER: 39
    HPWL=8913.393555
    OVFL=0.682830
    HPWL=(4068.397705, 4844.996094)
    POTN=1.062364E+05
    PHIC=1.367710E-08
    GRAD=2.496554E-02
    NuBT=2
    CPU =0.000117

ITER: 40
    HPWL=8896.579102
    OVFL=0.678984
    HPWL=(4063.821045, 4832.757812)
    POTN=1.046453E+05
    PHIC=1.436095E-08
    GRAD=2.454009E-02
    NuBT=1
    CPU =0.000079

ITER: 41
    HPWL=8892.293945
    OVFL=0.672908
    HPWL=(4066.791016, 4825.502930)
    POTN=1.037754E+05
    PHIC=1.507900E-08
    GRAD=2.502831E-02
    NuBT=1
    CPU =0.000080

ITER: 42
    HPWL=8884.236328
    OVFL=0.667928
    HPWL=(4067.081055, 4817.155273)
    POTN=1.044224E+05
    PHIC=1.583295E-08
    GRAD=2.582099E-02
    NuBT=2
    CPU =0.000120

ITER: 43
    HPWL=8879.529297
    OVFL=0.662950
    HPWL=(4069.057861, 4810.471680)
    POTN=1.053325E+05
    PHIC=1.662460E-08
    GRAD=2.649456E-02
    NuBT=2
    CPU =0.000131

ITER: 44
    HPWL=8873.285156
    OVFL=0.653736
    HPWL=(4069.798828, 4803.486816)
    POTN=1.051147E+05
    PHIC=1.745582E-08
    GRAD=2.718088E-02
    NuBT=2
    CPU =0.000118

ITER: 45
    HPWL=8869.345703
    OVFL=0.654630
    HPWL=(4069.720703, 4799.625000)
    POTN=1.057067E+05
    PHIC=1.832861E-08
    GRAD=2.848834E-02
    NuBT=2
    CPU =0.000117

ITER: 46
    HPWL=8875.517578
    OVFL=0.670297
    HPWL=(4073.004395, 4802.513184)
    POTN=1.088249E+05
    PHIC=1.924503E-08
    GRAD=2.838467E-02
    NuBT=2
    CPU =0.000116

ITER: 47
    HPWL=8871.965820
    OVFL=0.698608
    HPWL=(4071.105225, 4800.860840)
    POTN=1.118323E+05
    PHIC=2.020728E-08
    GRAD=2.618971E-02
    NuBT=2
    CPU =0.000116

ITER: 48
    HPWL=8859.754883
    OVFL=0.698516
    HPWL=(4064.603516, 4795.151367)
    POTN=1.113631E+05
    PHIC=2.121764E-08
    GRAD=2.264154E-02
    NuBT=2
    CPU =0.000116

ITER: 49
    HPWL=8858.208008
    OVFL=0.696418
    HPWL=(4063.796875, 4794.411133)
    POTN=1.113127E+05
    PHIC=2.227852E-08
    GRAD=2.265282E-02
    NuBT=1
    CPU =0.000078

ITER: 50
    HPWL=8858.320312
    OVFL=0.693831
    HPWL=(4063.878906, 4794.441406)
    POTN=1.119580E+05
    PHIC=2.339245E-08
    GRAD=2.289688E-02
    NuBT=2
    CPU =0.000121

ITER: 51
    HPWL=8860.387695
    OVFL=0.691994
    HPWL=(4065.019287, 4795.368164)
    POTN=1.133347E+05
    PHIC=2.456206E-08
    GRAD=2.320255E-02
    NuBT=2
    CPU =0.000117

ITER: 52
    HPWL=8861.264648
    OVFL=0.689373
    HPWL=(4065.481201, 4795.783691)
    POTN=1.150653E+05
    PHIC=2.579016E-08
    GRAD=2.342357E-02
    NuBT=2
    CPU =0.000127

ITER: 53
    HPWL=8861.875000
    OVFL=0.686149
    HPWL=(4065.831299, 4796.043945)
    POTN=1.173758E+05
    PHIC=2.707966E-08
    GRAD=2.373913E-02
    NuBT=2
    CPU =0.000121

ITER: 54
    HPWL=8862.846680
    OVFL=0.681009
    HPWL=(4066.358887, 4796.487793)
    POTN=1.187014E+05
    PHIC=2.843364E-08
    GRAD=2.413652E-02
    NuBT=2
    CPU =0.000118

ITER: 55
    HPWL=8863.222656
    OVFL=0.682175
    HPWL=(4066.556152, 4796.666016)
    POTN=1.203013E+05
    PHIC=2.985532E-08
    GRAD=2.477814E-02
    NuBT=2
    CPU =0.000116

ITER: 56
    HPWL=8866.151367
    OVFL=0.682685
    HPWL=(4068.134766, 4798.016602)
    POTN=1.220915E+05
    PHIC=3.134807E-08
    GRAD=2.463594E-02
    NuBT=2
    CPU =0.000116

ITER: 57
    HPWL=8865.958984
    OVFL=0.683499
    HPWL=(4068.023193, 4797.936035)
    POTN=1.247156E+05
    PHIC=3.291547E-08
    GRAD=2.457369E-02
    NuBT=2
    CPU =0.000116

ITER: 58
    HPWL=8866.838867
    OVFL=0.685470
    HPWL=(4068.510010, 4798.328613)
    POTN=1.273041E+05
    PHIC=3.456124E-08
    GRAD=2.447365E-02
    NuBT=2
    CPU =0.000116

ITER: 59
    HPWL=8867.286133
    OVFL=0.694162
    HPWL=(4068.880127, 4798.406250)
    POTN=1.305172E+05
    PHIC=3.628930E-08
    GRAD=2.422882E-02
    NuBT=2
    CPU =0.000116

ITER: 60
    HPWL=8864.376953
    OVFL=0.703502
    HPWL=(4067.431396, 4796.945801)
    POTN=1.319467E+05
    PHIC=3.810376E-08
    GRAD=2.317295E-02
    NuBT=2
    CPU =0.000126

ITER: 61
    HPWL=8862.313477
    OVFL=0.706326
    HPWL=(4066.383789, 4795.929688)
    POTN=1.323665E+05
    PHIC=4.000895E-08
    GRAD=2.208957E-02
    NuBT=1
    CPU =0.000080

ITER: 62
    HPWL=8860.798828
    OVFL=0.707558
    HPWL=(4065.667236, 4795.131836)
    POTN=1.326315E+05
    PHIC=4.200939E-08
    GRAD=2.177454E-02
    NuBT=1
    CPU =0.000080

ITER: 63
    HPWL=8863.135742
    OVFL=0.708536
    HPWL=(4067.020752, 4796.114746)
    POTN=1.331102E+05
    PHIC=4.410984E-08
    GRAD=2.163979E-02
    NuBT=2
    CPU =0.000116

ITER: 64
    HPWL=8862.732422
    OVFL=0.708786
    HPWL=(4066.861572, 4795.870605)
    POTN=1.334694E+05
    PHIC=4.631533E-08
    GRAD=2.153307E-02
    NuBT=2
    CPU =0.000117

ITER: 65
    HPWL=8863.142578
    OVFL=0.709395
    HPWL=(4067.174805, 4795.967285)
    POTN=1.340529E+05
    PHIC=4.863109E-08
    GRAD=2.150413E-02
    NuBT=2
    CPU =0.000120

ITER: 66
    HPWL=8863.121094
    OVFL=0.709296
    HPWL=(4067.216309, 4795.904785)
    POTN=1.344441E+05
    PHIC=5.106264E-08
    GRAD=2.143754E-02
    NuBT=2
    CPU =0.000117

ITER: 67
    HPWL=8862.965820
    OVFL=0.709615
    HPWL=(4067.177002, 4795.788574)
    POTN=1.350005E+05
    PHIC=5.361577E-08
    GRAD=2.144869E-02
    NuBT=2
    CPU =0.000118

ITER: 68
    HPWL=8862.723633
    OVFL=0.709340
    HPWL=(4067.106201, 4795.617188)
    POTN=1.353688E+05
    PHIC=5.629656E-08
    GRAD=2.141477E-02
    NuBT=2
    CPU =0.000122

ITER: 69
    HPWL=8862.330078
    OVFL=0.709407
    HPWL=(4066.896973, 4795.433105)
    POTN=1.358312E+05
    PHIC=5.911138E-08
    GRAD=2.144381E-02
    NuBT=2
    CPU =0.000117

ITER: 70
    HPWL=8861.937500
    OVFL=0.709136
    HPWL=(4066.724121, 4795.213867)
    POTN=1.361045E+05
    PHIC=6.206695E-08
    GRAD=2.143539E-02
    NuBT=2
    CPU =0.000130

ITER: 71
    HPWL=8861.396484
    OVFL=0.709195
    HPWL=(4066.443359, 4794.952637)
    POTN=1.364132E+05
    PHIC=6.517029E-08
    GRAD=2.146495E-02
    NuBT=2
    CPU =0.000116

ITER: 72
    HPWL=8860.857422
    OVFL=0.708946
    HPWL=(4066.198975, 4794.658691)
    POTN=1.365422E+05
    PHIC=6.842880E-08
    GRAD=2.145986E-02
    NuBT=2
    CPU =0.000116

ITER: 73
    HPWL=8860.253906
    OVFL=0.708927
    HPWL=(4065.911865, 4794.341797)
    POTN=1.366710E+05
    PHIC=7.185024E-08
    GRAD=2.148826E-02
    NuBT=2
    CPU =0.000116

ITER: 74
    HPWL=8859.856445
    OVFL=0.708801
    HPWL=(4065.730469, 4794.125977)
    POTN=1.366662E+05
    PHIC=7.544275E-08
    GRAD=2.148969E-02
    NuBT=2
    CPU =0.000118

ITER: 75
    HPWL=8859.643555
    OVFL=0.708824
    HPWL=(4065.602051, 4794.041504)
    POTN=1.366082E+05
    PHIC=7.921489E-08
    GRAD=2.150113E-02
    NuBT=1
    CPU =0.000079

ITER: 76
    HPWL=8859.500000
    OVFL=0.708789
    HPWL=(4065.541992, 4793.957520)
    POTN=1.364356E+05
    PHIC=8.317563E-08
    GRAD=2.149763E-02
    NuBT=1
    CPU =0.000079

ITER: 77
    HPWL=8859.674805
    OVFL=0.708903
    HPWL=(4065.660400, 4794.014648)
    POTN=1.361855E+05
    PHIC=8.733441E-08
    GRAD=2.150302E-02
    NuBT=1
    CPU =0.000077

ITER: 78
    HPWL=8860.499023
    OVFL=0.708940
    HPWL=(4066.152588, 4794.346680)
    POTN=1.357569E+05
    PHIC=9.170111E-08
    GRAD=2.149215E-02
    NuBT=2
    CPU =0.000116

ITER: 79
    HPWL=8860.873047
    OVFL=0.709124
    HPWL=(4066.338623, 4794.534180)
    POTN=1.353406E+05
    PHIC=9.628616E-08
    GRAD=2.148909E-02
    NuBT=2
    CPU =0.000127

ITER: 80
    HPWL=8861.562500
    OVFL=0.709045
    HPWL=(4066.786621, 4794.775391)
    POTN=1.347650E+05
    PHIC=1.011005E-07
    GRAD=2.146693E-02
    NuBT=2
    CPU =0.000117

ITER: 81
    HPWL=8861.931641
    OVFL=0.709324
    HPWL=(4066.976074, 4794.956055)
    POTN=1.342701E+05
    PHIC=1.061555E-07
    GRAD=2.147637E-02
    NuBT=2
    CPU =0.000117

ITER: 82
    HPWL=8862.835938
    OVFL=0.709194
    HPWL=(4067.548096, 4795.288086)
    POTN=1.335920E+05
    PHIC=1.114632E-07
    GRAD=2.144557E-02
    NuBT=1
    CPU =0.000078

ITER: 83
    HPWL=8863.385742
    OVFL=0.709461
    HPWL=(4067.818115, 4795.567871)
    POTN=1.330799E+05
    PHIC=1.170364E-07
    GRAD=2.146148E-02
    NuBT=1
    CPU =0.000078

ITER: 84
    HPWL=8863.381836
    OVFL=0.709054
    HPWL=(4067.797852, 4795.583984)
    POTN=1.323709E+05
    PHIC=1.228882E-07
    GRAD=2.143259E-02
    NuBT=1
    CPU =0.000079

ITER: 85
    HPWL=8863.222656
    OVFL=0.709254
    HPWL=(4067.656738, 4795.565918)
    POTN=1.318708E+05
    PHIC=1.290326E-07
    GRAD=2.147650E-02
    NuBT=1
    CPU =0.000079

ITER: 86
    HPWL=8863.571289
    OVFL=0.708616
    HPWL=(4067.883545, 4795.687500)
    POTN=1.311532E+05
    PHIC=1.354842E-07
    GRAD=2.145474E-02
    NuBT=1
    CPU =0.000078

ITER: 87
    HPWL=8864.134766
    OVFL=0.708618
    HPWL=(4068.199463, 4795.935059)
    POTN=1.306715E+05
    PHIC=1.422584E-07
    GRAD=2.152365E-02
    NuBT=1
    CPU =0.000081

ITER: 88
    HPWL=8864.453125
    OVFL=0.707861
    HPWL=(4068.388672, 4796.064941)
    POTN=1.299667E+05
    PHIC=1.493713E-07
    GRAD=2.152357E-02
    NuBT=1
    CPU =0.000078

ITER: 89
    HPWL=8864.392578
    OVFL=0.707626
    HPWL=(4068.307129, 4796.084961)
    POTN=1.295336E+05
    PHIC=1.568399E-07
    GRAD=2.160766E-02
    NuBT=1
    CPU =0.000077

ITER: 90
    HPWL=8864.244141
    OVFL=0.706455
    HPWL=(4068.220215, 4796.023926)
    POTN=1.288634E+05
    PHIC=1.646819E-07
    GRAD=2.163252E-02
    NuBT=1
    CPU =0.000089

ITER: 91
    HPWL=8864.435547
    OVFL=0.705600
    HPWL=(4068.274170, 4796.161621)
    POTN=1.284824E+05
    PHIC=1.729159E-07
    GRAD=2.176323E-02
    NuBT=1
    CPU =0.000077

ITER: 92
    HPWL=8864.648438
    OVFL=0.703469
    HPWL=(4068.394531, 4796.253418)
    POTN=1.278341E+05
    PHIC=1.815617E-07
    GRAD=2.186066E-02
    NuBT=1
    CPU =0.000080

ITER: 93
    HPWL=8864.682617
    OVFL=0.699850
    HPWL=(4068.329834, 4796.352539)
    POTN=1.272308E+05
    PHIC=1.906398E-07
    GRAD=2.209831E-02
    NuBT=1
    CPU =0.000077

ITER: 94
    HPWL=8864.326172
    OVFL=0.692219
    HPWL=(4068.061523, 4796.264160)
    POTN=1.250570E+05
    PHIC=2.001718E-07
    GRAD=2.251010E-02
    NuBT=1
    CPU =0.000078

ITER: 95
    HPWL=8859.704102
    OVFL=0.688040
    HPWL=(4065.028564, 4794.675781)
    POTN=1.231816E+05
    PHIC=2.101804E-07
    GRAD=2.339843E-02
    NuBT=2
    CPU =0.000117

ITER: 96
    HPWL=8857.562500
    OVFL=0.683410
    HPWL=(4063.665527, 4793.896484)
    POTN=1.212688E+05
    PHIC=2.206894E-07
    GRAD=2.390041E-02
    NuBT=1
    CPU =0.000076

ITER: 97
    HPWL=8858.097656
    OVFL=0.683242
    HPWL=(4063.927734, 4794.170410)
    POTN=1.194587E+05
    PHIC=2.317238E-07
    GRAD=2.447271E-02
    NuBT=1
    CPU =0.000078

ITER: 98
    HPWL=8859.509766
    OVFL=0.683075
    HPWL=(4064.838867, 4794.671387)
    POTN=1.177032E+05
    PHIC=2.433100E-07
    GRAD=2.449281E-02
    NuBT=1
    CPU =0.000078

ITER: 99
    HPWL=8859.452148
    OVFL=0.683175
    HPWL=(4064.776611, 4794.675781)
    POTN=1.161978E+05
    PHIC=2.554754E-07
    GRAD=2.451235E-02
    NuBT=2
    CPU =0.000120

ITER: 100
    HPWL=8860.300781
    OVFL=0.682862
    HPWL=(4065.383301, 4794.916992)
    POTN=1.146979E+05
    PHIC=2.682492E-07
    GRAD=2.450370E-02
    NuBT=2
    CPU =0.000116

ITER: 101
    HPWL=8860.716797
    OVFL=0.682987
    HPWL=(4065.626709, 4795.089844)
    POTN=1.134897E+05
    PHIC=2.816616E-07
    GRAD=2.454085E-02
    NuBT=2
    CPU =0.000127

ITER: 102
    HPWL=8861.386719
    OVFL=0.682578
    HPWL=(4066.096191, 4795.290527)
    POTN=1.122286E+05
    PHIC=2.957446E-07
    GRAD=2.452494E-02
    NuBT=2
    CPU =0.000121

ITER: 103
    HPWL=8861.886719
    OVFL=0.682727
    HPWL=(4066.354492, 4795.532227)
    POTN=1.112544E+05
    PHIC=3.105318E-07
    GRAD=2.457715E-02
    NuBT=2
    CPU =0.000116

ITER: 104
    HPWL=8862.440430
    OVFL=0.682219
    HPWL=(4066.728271, 4795.711914)
    POTN=1.101844E+05
    PHIC=3.260584E-07
    GRAD=2.455826E-02
    NuBT=2
    CPU =0.000116

ITER: 105
    HPWL=8862.681641
    OVFL=0.682251
    HPWL=(4066.853516, 4795.827637)
    POTN=1.094274E+05
    PHIC=3.423613E-07
    GRAD=2.462309E-02
    NuBT=2
    CPU =0.000115

ITER: 106
    HPWL=8863.032227
    OVFL=0.681548
    HPWL=(4067.145996, 4795.886230)
    POTN=1.085083E+05
    PHIC=3.594793E-07
    GRAD=2.461877E-02
    NuBT=2
    CPU =0.000116

ITER: 107
    HPWL=8863.047852
    OVFL=0.686144
    HPWL=(4067.099854, 4795.947754)
    POTN=1.076689E+05
    PHIC=3.774533E-07
    GRAD=2.470664E-02
    NuBT=2
    CPU =0.000116

ITER: 108
    HPWL=8861.355469
    OVFL=0.686932
    HPWL=(4066.018066, 4795.337402)
    POTN=1.063754E+05
    PHIC=3.963259E-07
    GRAD=2.413373E-02
    NuBT=2
    CPU =0.000116

ITER: 109
    HPWL=8859.978516
    OVFL=0.688242
    HPWL=(4065.077393, 4794.900879)
    POTN=1.052913E+05
    PHIC=4.161422E-07
    GRAD=2.403322E-02
    NuBT=1
    CPU =0.000080

ITER: 110
    HPWL=8861.671875
    OVFL=0.688652
    HPWL=(4066.211914, 4795.459473)
    POTN=1.041361E+05
    PHIC=4.369492E-07
    GRAD=2.387371E-02
    NuBT=2
    CPU =0.000128

ITER: 111
    HPWL=8861.884766
    OVFL=0.689650
    HPWL=(4066.311279, 4795.573730)
    POTN=1.032408E+05
    PHIC=4.587966E-07
    GRAD=2.382512E-02
    NuBT=2
    CPU =0.000116

ITER: 112
    HPWL=8862.449219
    OVFL=0.689744
    HPWL=(4066.747070, 4795.702637)
    POTN=1.021975E+05
    PHIC=4.817363E-07
    GRAD=2.370526E-02
    NuBT=2
    CPU =0.000117

ITER: 113
    HPWL=8862.925781
    OVFL=0.690627
    HPWL=(4067.009521, 4795.916016)
    POTN=1.013669E+05
    PHIC=5.058230E-07
    GRAD=2.369332E-02
    NuBT=2
    CPU =0.000119

ITER: 114
    HPWL=8863.146484
    OVFL=0.690478
    HPWL=(4067.203613, 4795.942871)
    POTN=1.003190E+05
    PHIC=5.311142E-07
    GRAD=2.358785E-02
    NuBT=2
    CPU =0.000116

ITER: 115
    HPWL=8863.788086
    OVFL=0.691287
    HPWL=(4067.559326, 4796.228516)
    POTN=9.949241E+04
    PHIC=5.576698E-07
    GRAD=2.360605E-02
    NuBT=1
    CPU =0.000078

ITER: 116
    HPWL=8864.556641
    OVFL=0.690989
    HPWL=(4068.111084, 4796.445312)
    POTN=9.840773E+04
    PHIC=5.855532E-07
    GRAD=2.350847E-02
    NuBT=1
    CPU =0.000080

ITER: 117
    HPWL=8864.189453
    OVFL=0.691799
    HPWL=(4067.800537, 4796.389160)
    POTN=9.759189E+04
    PHIC=6.148308E-07
    GRAD=2.354427E-02
    NuBT=1
    CPU =0.000078

ITER: 118
    HPWL=8864.023438
    OVFL=0.692048
    HPWL=(4067.752930, 4796.270020)
    POTN=9.651970E+04
    PHIC=6.455723E-07
    GRAD=2.344569E-02
    NuBT=1
    CPU =0.000077

ITER: 119
    HPWL=8864.155273
    OVFL=0.692677
    HPWL=(4067.775879, 4796.379395)
    POTN=9.567525E+04
    PHIC=6.778509E-07
    GRAD=2.341704E-02
    NuBT=1
    CPU =0.000081

ITER: 120
    HPWL=8864.842773
    OVFL=0.692882
    HPWL=(4068.327148, 4796.515625)
    POTN=9.468919E+04
    PHIC=7.117433E-07
    GRAD=2.334319E-02
    NuBT=1
    CPU =0.000089

ITER: 121
    HPWL=8865.183594
    OVFL=0.693474
    HPWL=(4068.532227, 4796.651367)
    POTN=9.394623E+04
    PHIC=7.473304E-07
    GRAD=2.331948E-02
    NuBT=1
    CPU =0.000078

ITER: 122
    HPWL=8865.497070
    OVFL=0.693635
    HPWL=(4068.885742, 4796.611328)
    POTN=9.292587E+04
    PHIC=7.846969E-07
    GRAD=2.324879E-02
    NuBT=1
    CPU =0.000079

ITER: 123
    HPWL=8865.605469
    OVFL=0.694208
    HPWL=(4068.916504, 4796.688477)
    POTN=9.215252E+04
    PHIC=8.239317E-07
    GRAD=2.323108E-02
    NuBT=1
    CPU =0.000078

ITER: 124
    HPWL=8866.173828
    OVFL=0.694306
    HPWL=(4069.410156, 4796.763184)
    POTN=9.111829E+04
    PHIC=8.651282E-07
    GRAD=2.316156E-02
    NuBT=1
    CPU =0.000078

ITER: 125
    HPWL=8866.539062
    OVFL=0.694844
    HPWL=(4069.628906, 4796.910156)
    POTN=9.037486E+04
    PHIC=9.083845E-07
    GRAD=2.315138E-02
    NuBT=1
    CPU =0.000078

ITER: 126
    HPWL=8867.162109
    OVFL=0.694891
    HPWL=(4070.226318, 4796.935547)
    POTN=8.930872E+04
    PHIC=9.538036E-07
    GRAD=2.308697E-02
    NuBT=1
    CPU =0.000078

ITER: 127
    HPWL=8867.614258
    OVFL=0.695396
    HPWL=(4070.503662, 4797.110840)
    POTN=8.852566E+04
    PHIC=1.001494E-06
    GRAD=2.308106E-02
    NuBT=1
    CPU =0.000078

ITER: 128
    HPWL=8868.319336
    OVFL=0.695400
    HPWL=(4071.121094, 4797.198242)
    POTN=8.745161E+04
    PHIC=1.051568E-06
    GRAD=2.302187E-02
    NuBT=1
    CPU =0.000079

ITER: 129
    HPWL=8868.548828
    OVFL=0.695904
    HPWL=(4071.260498, 4797.288086)
    POTN=8.675108E+04
    PHIC=1.104146E-06
    GRAD=2.302174E-02
    NuBT=1
    CPU =0.000079

ITER: 130
    HPWL=8869.144531
    OVFL=0.695860
    HPWL=(4071.877686, 4797.266602)
    POTN=8.584503E+04
    PHIC=1.159354E-06
    GRAD=2.296318E-02
    NuBT=1
    CPU =0.000079

ITER: 131
    HPWL=8869.519531
    OVFL=0.696303
    HPWL=(4072.123535, 4797.395996)
    POTN=8.523062E+04
    PHIC=1.217321E-06
    GRAD=2.297050E-02
    NuBT=1
    CPU =0.000078

ITER: 132
    HPWL=8870.139648
    OVFL=0.696327
    HPWL=(4072.746338, 4797.393555)
    POTN=8.435980E+04
    PHIC=1.278187E-06
    GRAD=2.291712E-02
    NuBT=1
    CPU =0.000077

ITER: 133
    HPWL=8870.494141
    OVFL=0.696932
    HPWL=(4072.954346, 4797.539551)
    POTN=8.385004E+04
    PHIC=1.342096E-06
    GRAD=2.291475E-02
    NuBT=1
    CPU =0.000092

ITER: 134
    HPWL=8871.154297
    OVFL=0.696935
    HPWL=(4073.599365, 4797.554688)
    POTN=8.304045E+04
    PHIC=1.409201E-06
    GRAD=2.284494E-02
    NuBT=1
    CPU =0.000080

ITER: 135
    HPWL=8871.517578
    OVFL=0.697323
    HPWL=(4073.778320, 4797.739258)
    POTN=8.257143E+04
    PHIC=1.479661E-06
    GRAD=2.284526E-02
    NuBT=1
    CPU =0.000078

ITER: 136
    HPWL=8872.165039
    OVFL=0.697203
    HPWL=(4074.439697, 4797.725586)
    POTN=8.179624E+04
    PHIC=1.553644E-06
    GRAD=2.279797E-02
    NuBT=1
    CPU =0.000084

ITER: 137
    HPWL=8872.525391
    OVFL=0.697572
    HPWL=(4074.617188, 4797.908203)
    POTN=8.136316E+04
    PHIC=1.631326E-06
    GRAD=2.281429E-02
    NuBT=1
    CPU =0.000078

ITER: 138
    HPWL=8873.216797
    OVFL=0.697398
    HPWL=(4075.321777, 4797.895508)
    POTN=8.065767E+04
    PHIC=1.712892E-06
    GRAD=2.277095E-02
    NuBT=1
    CPU =0.000080

ITER: 139
    HPWL=8873.406250
    OVFL=0.697730
    HPWL=(4075.366211, 4798.039551)
    POTN=8.029421E+04
    PHIC=1.798536E-06
    GRAD=2.279367E-02
    NuBT=1
    CPU =0.000078

ITER: 140
    HPWL=8873.924805
    OVFL=0.697496
    HPWL=(4075.933105, 4797.991699)
    POTN=7.960717E+04
    PHIC=1.888463E-06
    GRAD=2.275328E-02
    NuBT=1
    CPU =0.000079

ITER: 141
    HPWL=8873.977539
    OVFL=0.697785
    HPWL=(4075.874756, 4798.102539)
    POTN=7.925705E+04
    PHIC=1.982886E-06
    GRAD=2.278014E-02
    NuBT=1
    CPU =0.000078

ITER: 142
    HPWL=8874.316406
    OVFL=0.697525
    HPWL=(4076.328857, 4797.987305)
    POTN=7.861835E+04
    PHIC=2.082030E-06
    GRAD=2.274772E-02
    NuBT=1
    CPU =0.000079

ITER: 143
    HPWL=8874.339844
    OVFL=0.697744
    HPWL=(4076.217285, 4798.122559)
    POTN=7.837146E+04
    PHIC=2.186132E-06
    GRAD=2.277723E-02
    NuBT=1
    CPU =0.000081

ITER: 144
    HPWL=8874.454102
    OVFL=0.697433
    HPWL=(4076.559814, 4797.894043)
    POTN=7.786408E+04
    PHIC=2.295438E-06
    GRAD=2.275052E-02
    NuBT=1
    CPU =0.000079

ITER: 145
    HPWL=8874.118164
    OVFL=0.697588
    HPWL=(4076.201172, 4797.916992)
    POTN=7.766410E+04
    PHIC=2.410210E-06
    GRAD=2.278550E-02
    NuBT=1
    CPU =0.000089

ITER: 146
    HPWL=8873.765625
    OVFL=0.697248
    HPWL=(4076.256348, 4797.509277)
    POTN=7.717301E+04
    PHIC=2.530720E-06
    GRAD=2.276524E-02
    NuBT=1
    CPU =0.000079

ITER: 147
    HPWL=8873.580078
    OVFL=0.697356
    HPWL=(4075.979980, 4797.599609)
    POTN=7.693302E+04
    PHIC=2.657256E-06
    GRAD=2.280648E-02
    NuBT=1
    CPU =0.000079

ITER: 148
    HPWL=8874.929688
    OVFL=0.697008
    HPWL=(4077.128418, 4797.801758)
    POTN=7.638788E+04
    PHIC=2.790119E-06
    GRAD=2.279338E-02
    NuBT=1
    CPU =0.000078

ITER: 149
    HPWL=8873.880859
    OVFL=0.697112
    HPWL=(4076.295654, 4797.584961)
    POTN=7.612723E+04
    PHIC=2.929624E-06
    GRAD=2.283240E-02
    NuBT=2
    CPU =0.000116

ITER: 150
    HPWL=8874.013672
    OVFL=0.696808
    HPWL=(4076.700439, 4797.312988)
    POTN=7.558965E+04
    PHIC=3.076105E-06
    GRAD=2.281971E-02
    NuBT=1
    CPU =0.000077

ITER: 151
    HPWL=8874.059570
    OVFL=0.696921
    HPWL=(4076.593750, 4797.465820)
    POTN=7.531248E+04
    PHIC=3.229911E-06
    GRAD=2.285445E-02
    NuBT=1
    CPU =0.000079

ITER: 152
    HPWL=8875.214844
    OVFL=0.696640
    HPWL=(4077.704102, 4797.510254)
    POTN=7.475783E+04
    PHIC=3.391405E-06
    GRAD=2.284154E-02
    NuBT=1
    CPU =0.000078

ITER: 153
    HPWL=8875.679688
    OVFL=0.696743
    HPWL=(4077.867920, 4797.812012)
    POTN=7.445769E+04
    PHIC=3.560975E-06
    GRAD=2.287653E-02
    NuBT=1
    CPU =0.000078

ITER: 154
    HPWL=8876.516602
    OVFL=0.696430
    HPWL=(4078.750732, 4797.765625)
    POTN=7.387312E+04
    PHIC=3.739023E-06
    GRAD=2.286413E-02
    NuBT=1
    CPU =0.000081

ITER: 155
    HPWL=8876.009766
    OVFL=0.696591
    HPWL=(4078.197754, 4797.812500)
    POTN=7.357698E+04
    PHIC=3.925974E-06
    GRAD=2.290050E-02
    NuBT=1
    CPU =0.000081

ITER: 156
    HPWL=8876.279297
    OVFL=0.696354
    HPWL=(4078.718506, 4797.560547)
    POTN=7.301198E+04
    PHIC=4.122273E-06
    GRAD=2.287979E-02
    NuBT=1
    CPU =0.000078

ITER: 157
    HPWL=8876.115234
    OVFL=0.696534
    HPWL=(4078.460938, 4797.654297)
    POTN=7.275379E+04
    PHIC=4.328386E-06
    GRAD=2.290808E-02
    NuBT=1
    CPU =0.000092

ITER: 158
    HPWL=8877.715820
    OVFL=0.696332
    HPWL=(4079.876221, 4797.839844)
    POTN=7.224533E+04
    PHIC=4.544804E-06
    GRAD=2.288708E-02
    NuBT=1
    CPU =0.000079

ITER: 159
    HPWL=8878.077148
    OVFL=0.696505
    HPWL=(4079.975342, 4798.101562)
    POTN=7.203290E+04
    PHIC=4.772044E-06
    GRAD=2.291211E-02
    NuBT=1
    CPU =0.000078

ITER: 160
    HPWL=8878.743164
    OVFL=0.696234
    HPWL=(4080.852539, 4797.890625)
    POTN=7.154946E+04
    PHIC=5.010646E-06
    GRAD=2.289196E-02
    NuBT=1
    CPU =0.000078

ITER: 161
    HPWL=8878.062500
    OVFL=0.696507
    HPWL=(4080.211670, 4797.850586)
    POTN=7.139838E+04
    PHIC=5.261178E-06
    GRAD=2.292274E-02
    NuBT=1
    CPU =0.000081

ITER: 162
    HPWL=8878.536133
    OVFL=0.696480
    HPWL=(4080.917725, 4797.618164)
    POTN=7.100059E+04
    PHIC=5.524236E-06
    GRAD=2.288870E-02
    NuBT=1
    CPU =0.000079

ITER: 163
    HPWL=8878.236328
    OVFL=0.696591
    HPWL=(4080.583008, 4797.653320)
    POTN=7.084361E+04
    PHIC=5.800448E-06
    GRAD=2.289075E-02
    NuBT=1
    CPU =0.000079

ITER: 164
    HPWL=8879.765625
    OVFL=0.695978
    HPWL=(4082.039551, 4797.726562)
    POTN=7.040591E+04
    PHIC=6.090468E-06
    GRAD=2.287783E-02
    NuBT=1
    CPU =0.000076

ITER: 165
    HPWL=8879.477539
    OVFL=0.690218
    HPWL=(4081.659912, 4797.817383)
    POTN=6.968793E+04
    PHIC=6.394991E-06
    GRAD=2.294998E-02
    NuBT=1
    CPU =0.000078

ITER: 166
    HPWL=8878.171875
    OVFL=0.679595
    HPWL=(4081.222656, 4796.949707)
    POTN=6.833162E+04
    PHIC=6.714740E-06
    GRAD=2.362630E-02
    NuBT=2
    CPU =0.000120

ITER: 167
    HPWL=8872.040039
    OVFL=0.668709
    HPWL=(4076.925781, 4795.114258)
    POTN=6.721625E+04
    PHIC=7.050477E-06
    GRAD=2.493366E-02
    NuBT=2
    CPU =0.000116

ITER: 168
    HPWL=8871.168945
    OVFL=0.661079
    HPWL=(4076.766846, 4794.402344)
    POTN=6.608695E+04
    PHIC=7.403000E-06
    GRAD=2.635416E-02
    NuBT=1
    CPU =0.000077

ITER: 169
    HPWL=8870.188477
    OVFL=0.660564
    HPWL=(4075.938965, 4794.249512)
    POTN=6.505170E+04
    PHIC=7.773150E-06
    GRAD=2.740075E-02
    NuBT=1
    CPU =0.000087

ITER: 170
    HPWL=8872.548828
    OVFL=0.660042
    HPWL=(4078.032959, 4794.516113)
    POTN=6.409804E+04
    PHIC=8.161805E-06
    GRAD=2.747217E-02
    NuBT=1
    CPU =0.000082

ITER: 171
    HPWL=8873.172852
    OVFL=0.659087
    HPWL=(4078.340576, 4794.832031)
    POTN=6.332026E+04
    PHIC=8.569893E-06
    GRAD=2.754569E-02
    NuBT=2
    CPU =0.000120

ITER: 172
    HPWL=8875.499023
    OVFL=0.657557
    HPWL=(4080.423828, 4795.075195)
    POTN=6.253870E+04
    PHIC=8.998384E-06
    GRAD=2.767929E-02
    NuBT=2
    CPU =0.000115

ITER: 173
    HPWL=8876.095703
    OVFL=0.655464
    HPWL=(4080.777100, 4795.318848)
    POTN=6.182177E+04
    PHIC=9.448302E-06
    GRAD=2.789770E-02
    NuBT=2
    CPU =0.000116

ITER: 174
    HPWL=8879.163086
    OVFL=0.652417
    HPWL=(4083.437500, 4795.725586)
    POTN=6.101806E+04
    PHIC=9.920712E-06
    GRAD=2.819969E-02
    NuBT=2
    CPU =0.000116

ITER: 175
    HPWL=8879.792969
    OVFL=0.648351
    HPWL=(4083.826172, 4795.967285)
    POTN=6.039705E+04
    PHIC=1.041675E-05
    GRAD=2.864400E-02
    NuBT=2
    CPU =0.000116

ITER: 176
    HPWL=8882.349609
    OVFL=0.642834
    HPWL=(4086.180420, 4796.169434)
    POTN=5.959461E+04
    PHIC=1.093758E-05
    GRAD=2.924671E-02
    NuBT=2
    CPU =0.000116

ITER: 177
    HPWL=8882.707031
    OVFL=0.635657
    HPWL=(4086.353516, 4796.353027)
    POTN=5.890194E+04
    PHIC=1.148446E-05
    GRAD=3.008088E-02
    NuBT=2
    CPU =0.000118

ITER: 178
    HPWL=8884.789062
    OVFL=0.633279
    HPWL=(4088.417480, 4796.371582)
    POTN=5.792289E+04
    PHIC=1.205868E-05
    GRAD=3.120115E-02
    NuBT=2
    CPU =0.000130

ITER: 179
    HPWL=8887.912109
    OVFL=0.631569
    HPWL=(4090.789062, 4797.123047)
    POTN=5.657452E+04
    PHIC=1.266160E-05
    GRAD=3.159446E-02
    NuBT=1
    CPU =0.000079

ITER: 180
    HPWL=8890.517578
    OVFL=0.629466
    HPWL=(4093.364014, 4797.153320)
    POTN=5.497450E+04
    PHIC=1.329468E-05
    GRAD=3.187060E-02
    NuBT=2
    CPU =0.000117

ITER: 181
    HPWL=8891.796875
    OVFL=0.631096
    HPWL=(4094.358887, 4797.438477)
    POTN=5.373402E+04
    PHIC=1.395941E-05
    GRAD=3.221893E-02
    NuBT=2
    CPU =0.000116

ITER: 182
    HPWL=8892.620117
    OVFL=0.632284
    HPWL=(4095.618408, 4797.001953)
    POTN=5.250059E+04
    PHIC=1.465738E-05
    GRAD=3.194355E-02
    NuBT=2
    CPU =0.000116

ITER: 183
    HPWL=8892.630859
    OVFL=0.633484
    HPWL=(4095.612793, 4797.017578)
    POTN=5.172893E+04
    PHIC=1.539024E-05
    GRAD=3.175219E-02
    NuBT=1
    CPU =0.000077

ITER: 184
    HPWL=8896.111328
    OVFL=0.634028
    HPWL=(4098.988770, 4797.123047)
    POTN=5.091683E+04
    PHIC=1.615975E-05
    GRAD=3.156159E-02
    NuBT=1
    CPU =0.000078

ITER: 185
    HPWL=8896.773438
    OVFL=0.633820
    HPWL=(4099.465332, 4797.308594)
    POTN=5.013611E+04
    PHIC=1.696773E-05
    GRAD=3.147684E-02
    NuBT=1
    CPU =0.000078

ITER: 186
    HPWL=8898.801758
    OVFL=0.633443
    HPWL=(4101.757324, 4797.044434)
    POTN=4.920099E+04
    PHIC=1.781611E-05
    GRAD=3.150597E-02
    NuBT=1
    CPU =0.000077

ITER: 187
    HPWL=8897.314453
    OVFL=0.635477
    HPWL=(4100.443359, 4796.870605)
    POTN=4.866462E+04
    PHIC=1.870692E-05
    GRAD=3.155965E-02
    NuBT=1
    CPU =0.000078

ITER: 188
    HPWL=8898.365234
    OVFL=0.637765
    HPWL=(4102.023438, 4796.341797)
    POTN=4.806087E+04
    PHIC=1.964226E-05
    GRAD=3.122522E-02
    NuBT=1
    CPU =0.000078

ITER: 189
    HPWL=8896.632812
    OVFL=0.639047
    HPWL=(4100.433105, 4796.199219)
    POTN=4.769473E+04
    PHIC=2.062437E-05
    GRAD=3.085974E-02
    NuBT=1
    CPU =0.000086

ITER: 190
    HPWL=8898.429688
    OVFL=0.638434
    HPWL=(4102.620605, 4795.809082)
    POTN=4.720163E+04
    PHIC=2.165558E-05
    GRAD=3.065316E-02
    NuBT=1
    CPU =0.000078

ITER: 191
    HPWL=8898.121094
    OVFL=0.636627
    HPWL=(4101.966797, 4796.153809)
    POTN=4.685146E+04
    PHIC=2.273836E-05
    GRAD=3.075147E-02
    NuBT=1
    CPU =0.000078

ITER: 192
    HPWL=8901.045898
    OVFL=0.633024
    HPWL=(4105.034180, 4796.011719)
    POTN=4.631120E+04
    PHIC=2.387527E-05
    GRAD=3.103601E-02
    NuBT=1
    CPU =0.000078

ITER: 193
    HPWL=8899.298828
    OVFL=0.628641
    HPWL=(4103.121582, 4796.176758)
    POTN=4.585031E+04
    PHIC=2.506903E-05
    GRAD=3.160903E-02
    NuBT=1
    CPU =0.000077

ITER: 194
    HPWL=8900.925781
    OVFL=0.623421
    HPWL=(4105.125488, 4795.799805)
    POTN=4.518623E+04
    PHIC=2.632248E-05
    GRAD=3.231324E-02
    NuBT=1
    CPU =0.000078

ITER: 195
    HPWL=8899.785156
    OVFL=0.617652
    HPWL=(4103.621094, 4796.163574)
    POTN=4.439550E+04
    PHIC=2.763860E-05
    GRAD=3.318588E-02
    NuBT=1
    CPU =0.000077

ITER: 196
    HPWL=8903.354492
    OVFL=0.611557
    HPWL=(4107.205078, 4796.149414)
    POTN=4.327570E+04
    PHIC=2.902051E-05
    GRAD=3.417581E-02
    NuBT=1
    CPU =0.000079

ITER: 197
    HPWL=8900.837891
    OVFL=0.603281
    HPWL=(4104.588867, 4796.249512)
    POTN=4.218304E+04
    PHIC=3.047154E-05
    GRAD=3.525018E-02
    NuBT=2
    CPU =0.000116

ITER: 198
    HPWL=8905.152344
    OVFL=0.599112
    HPWL=(4109.398926, 4795.753906)
    POTN=4.088163E+04
    PHIC=3.199510E-05
    GRAD=3.675072E-02
    NuBT=2
    CPU =0.000117

ITER: 199
    HPWL=8910.185547
    OVFL=0.595775
    HPWL=(4114.062988, 4796.122070)
    POTN=3.974884E+04
    PHIC=3.359483E-05
    GRAD=3.754148E-02
    NuBT=1
    CPU =0.000077

ITER: 200
    HPWL=8918.859375
    OVFL=0.591921
    HPWL=(4122.869141, 4795.990234)
    POTN=3.846690E+04
    PHIC=3.527452E-05
    GRAD=3.817929E-02
    NuBT=2
    CPU =0.000127

ITER: 201
    HPWL=8922.916016
    OVFL=0.587908
    HPWL=(4126.740234, 4796.175781)
    POTN=3.739014E+04
    PHIC=3.703823E-05
    GRAD=3.893240E-02
    NuBT=2
    CPU =0.000120

ITER: 202
    HPWL=8929.711914
    OVFL=0.584510
    HPWL=(4133.793457, 4795.918457)
    POTN=3.626073E+04
    PHIC=3.889010E-05
    GRAD=3.972495E-02
    NuBT=2
    CPU =0.000118

ITER: 203
    HPWL=8931.273438
    OVFL=0.581522
    HPWL=(4135.254395, 4796.018555)
    POTN=3.542319E+04
    PHIC=4.083459E-05
    GRAD=4.041442E-02
    NuBT=2
    CPU =0.000117

ITER: 204
    HPWL=8938.701172
    OVFL=0.578743
    HPWL=(4142.481445, 4796.219727)
    POTN=3.456918E+04
    PHIC=4.287628E-05
    GRAD=4.102958E-02
    NuBT=1
    CPU =0.000081

ITER: 205
    HPWL=8937.539062
    OVFL=0.576492
    HPWL=(4141.291992, 4796.246582)
    POTN=3.400896E+04
    PHIC=4.502009E-05
    GRAD=4.159476E-02
    NuBT=2
    CPU =0.000117

ITER: 206
    HPWL=8941.831055
    OVFL=0.574747
    HPWL=(4145.668945, 4796.162109)
    POTN=3.343039E+04
    PHIC=4.727106E-05
    GRAD=4.205272E-02
    NuBT=1
    CPU =0.000078

ITER: 207
    HPWL=8941.578125
    OVFL=0.574697
    HPWL=(4145.128906, 4796.449219)
    POTN=3.317311E+04
    PHIC=4.963461E-05
    GRAD=4.242429E-02
    NuBT=1
    CPU =0.000079

ITER: 208
    HPWL=8945.830078
    OVFL=0.574995
    HPWL=(4149.235352, 4796.594727)
    POTN=3.285553E+04
    PHIC=5.211631E-05
    GRAD=4.241681E-02
    NuBT=1
    CPU =0.000078

ITER: 209
    HPWL=8943.617188
    OVFL=0.575337
    HPWL=(4146.619141, 4796.998535)
    POTN=3.270471E+04
    PHIC=5.472212E-05
    GRAD=4.234256E-02
    NuBT=1
    CPU =0.000077

ITER: 210
    HPWL=8946.663086
    OVFL=0.575451
    HPWL=(4149.471191, 4797.191895)
    POTN=3.236795E+04
    PHIC=5.745820E-05
    GRAD=4.224440E-02
    NuBT=1
    CPU =0.000078

ITER: 211
    HPWL=8945.117188
    OVFL=0.575350
    HPWL=(4147.197266, 4797.919922)
    POTN=3.211922E+04
    PHIC=6.033111E-05
    GRAD=4.221033E-02
    NuBT=1
    CPU =0.000092

ITER: 212
    HPWL=8949.915039
    OVFL=0.574717
    HPWL=(4151.211914, 4798.703125)
    POTN=3.166134E+04
    PHIC=6.334762E-05
    GRAD=4.221688E-02
    NuBT=1
    CPU =0.000078

ITER: 213
    HPWL=8949.445312
    OVFL=0.573612
    HPWL=(4149.520508, 4799.924316)
    POTN=3.119851E+04
    PHIC=6.651499E-05
    GRAD=4.234846E-02
    NuBT=1
    CPU =0.000079

ITER: 214
    HPWL=8954.067383
    OVFL=0.572003
    HPWL=(4153.383301, 4800.684082)
    POTN=3.052196E+04
    PHIC=6.984069E-05
    GRAD=4.256691E-02
    NuBT=1
    CPU =0.000078

ITER: 215
    HPWL=8954.277344
    OVFL=0.570071
    HPWL=(4152.057129, 4802.219727)
    POTN=2.992419E+04
    PHIC=7.333273E-05
    GRAD=4.291065E-02
    NuBT=1
    CPU =0.000077

ITER: 216
    HPWL=8960.222656
    OVFL=0.567667
    HPWL=(4156.953613, 4803.269043)
    POTN=2.916264E+04
    PHIC=7.699930E-05
    GRAD=4.331480E-02
    NuBT=1
    CPU =0.000079

ITER: 217
    HPWL=8961.654297
    OVFL=0.564756
    HPWL=(4156.477539, 4805.176758)
    POTN=2.849004E+04
    PHIC=8.084924E-05
    GRAD=4.384254E-02
    NuBT=1
    CPU =0.000078

ITER: 218
    HPWL=8968.886719
    OVFL=0.561507
    HPWL=(4162.639160, 4806.247559)
    POTN=2.767643E+04
    PHIC=8.489161E-05
    GRAD=4.446998E-02
    NuBT=1
    CPU =0.000079

ITER: 219
    HPWL=8970.513672
    OVFL=0.558438
    HPWL=(4162.443359, 4808.070312)
    POTN=2.709010E+04
    PHIC=8.913616E-05
    GRAD=4.520695E-02
    NuBT=1
    CPU =0.000078

ITER: 220
    HPWL=8978.203125
    OVFL=0.554020
    HPWL=(4169.401367, 4808.801270)
    POTN=2.631975E+04
    PHIC=9.359286E-05
    GRAD=4.588892E-02
    NuBT=1
    CPU =0.000079

ITER: 221
    HPWL=8982.277344
    OVFL=0.547466
    HPWL=(4172.021484, 4810.255859)
    POTN=2.554143E+04
    PHIC=9.827245E-05
    GRAD=4.692449E-02
    NuBT=1
    CPU =0.000077

ITER: 222
    HPWL=8990.630859
    OVFL=0.540785
    HPWL=(4180.084473, 4810.546387)
    POTN=2.466705E+04
    PHIC=1.031859E-04
    GRAD=4.846011E-02
    NuBT=2
    CPU =0.000116

ITER: 223
    HPWL=8994.312500
    OVFL=0.533442
    HPWL=(4183.514648, 4810.797852)
    POTN=2.390992E+04
    PHIC=1.083452E-04
    GRAD=5.011212E-02
    NuBT=1
    CPU =0.000091

ITER: 224
    HPWL=9003.564453
    OVFL=0.526804
    HPWL=(4192.934570, 4810.629395)
    POTN=2.319432E+04
    PHIC=1.137623E-04
    GRAD=5.196283E-02
    NuBT=2
    CPU =0.000118

ITER: 225
    HPWL=9009.003906
    OVFL=0.521469
    HPWL=(4197.469727, 4811.533691)
    POTN=2.269882E+04
    PHIC=1.194503E-04
    GRAD=5.371929E-02
    NuBT=1
    CPU =0.000079

ITER: 226
    HPWL=9019.677734
    OVFL=0.519265
    HPWL=(4208.007324, 4811.670410)
    POTN=2.221329E+04
    PHIC=1.254226E-04
    GRAD=5.514827E-02
    NuBT=1
    CPU =0.000078

ITER: 227
    HPWL=9023.052734
    OVFL=0.516901
    HPWL=(4210.291504, 4812.761719)
    POTN=2.195135E+04
    PHIC=1.316937E-04
    GRAD=5.575739E-02
    NuBT=1
    CPU =0.000078

ITER: 228
    HPWL=9033.011719
    OVFL=0.514547
    HPWL=(4215.337402, 4817.674805)
    POTN=2.151210E+04
    PHIC=1.382782E-04
    GRAD=5.637059E-02
    NuBT=2
    CPU =0.000119

ITER: 229
    HPWL=9037.739258
    OVFL=0.511808
    HPWL=(4214.306641, 4823.432617)
    POTN=2.111446E+04
    PHIC=1.451920E-04
    GRAD=5.701651E-02
    NuBT=1
    CPU =0.000078

ITER: 230
    HPWL=9053.409180
    OVFL=0.507902
    HPWL=(4219.416992, 4833.992188)
    POTN=2.045290E+04
    PHIC=1.524512E-04
    GRAD=5.776594E-02
    NuBT=1
    CPU =0.000078

ITER: 231
    HPWL=9061.660156
    OVFL=0.504105
    HPWL=(4217.205078, 4844.454590)
    POTN=1.983204E+04
    PHIC=1.600736E-04
    GRAD=5.889694E-02
    NuBT=1
    CPU =0.000081

ITER: 232
    HPWL=9081.248047
    OVFL=0.498603
    HPWL=(4221.396484, 4859.852051)
    POTN=1.893012E+04
    PHIC=1.680768E-04
    GRAD=5.999595E-02
    NuBT=1
    CPU =0.000079

ITER: 233
    HPWL=9094.471680
    OVFL=0.490761
    HPWL=(4217.864746, 4876.606934)
    POTN=1.799862E+04
    PHIC=1.764804E-04
    GRAD=6.165902E-02
    NuBT=1
    CPU =0.000079

ITER: 234
    HPWL=9107.093750
    OVFL=0.481006
    HPWL=(4217.240723, 4889.853027)
    POTN=1.697455E+04
    PHIC=1.853040E-04
    GRAD=6.402787E-02
    NuBT=2
    CPU =0.000130

ITER: 235
    HPWL=9113.600586
    OVFL=0.472680
    HPWL=(4210.840820, 4902.759766)
    POTN=1.629868E+04
    PHIC=1.945690E-04
    GRAD=6.718004E-02
    NuBT=1
    CPU =0.000079

ITER: 236
    HPWL=9123.630859
    OVFL=0.465768
    HPWL=(4212.201660, 4911.429199)
    POTN=1.571042E+04
    PHIC=2.042972E-04
    GRAD=6.997509E-02
    NuBT=1
    CPU =0.000079

ITER: 237
    HPWL=9132.526367
    OVFL=0.464857
    HPWL=(4207.820801, 4924.705566)
    POTN=1.541058E+04
    PHIC=2.145118E-04
    GRAD=7.237807E-02
    NuBT=1
    CPU =0.000079

ITER: 238
    HPWL=9147.251953
    OVFL=0.463863
    HPWL=(4211.997559, 4935.254883)
    POTN=1.499404E+04
    PHIC=2.252369E-04
    GRAD=7.260636E-02
    NuBT=1
    CPU =0.000082

ITER: 239
    HPWL=9154.285156
    OVFL=0.467297
    HPWL=(4208.767090, 4945.518555)
    POTN=1.481278E+04
    PHIC=2.364985E-04
    GRAD=7.288479E-02
    NuBT=1
    CPU =0.000078

ITER: 240
    HPWL=9166.261719
    OVFL=0.468221
    HPWL=(4212.129395, 4954.132812)
    POTN=1.443269E+04
    PHIC=2.483230E-04
    GRAD=7.151086E-02
    NuBT=1
    CPU =0.000077

ITER: 241
    HPWL=9169.015625
    OVFL=0.469241
    HPWL=(4206.562500, 4962.453125)
    POTN=1.408950E+04
    PHIC=2.607390E-04
    GRAD=7.106345E-02
    NuBT=1
    CPU =0.000078

ITER: 242
    HPWL=9190.937500
    OVFL=0.466765
    HPWL=(4215.426758, 4975.510254)
    POTN=1.351469E+04
    PHIC=2.737751E-04
    GRAD=7.059983E-02
    NuBT=1
    CPU =0.000078

ITER: 243
    HPWL=9196.510742
    OVFL=0.462272
    HPWL=(4212.400879, 4984.109863)
    POTN=1.299001E+04
    PHIC=2.874637E-04
    GRAD=7.142015E-02
    NuBT=1
    CPU =0.000077

ITER: 244
    HPWL=9216.959961
    OVFL=0.453960
    HPWL=(4221.252441, 4995.707520)
    POTN=1.226441E+04
    PHIC=3.018360E-04
    GRAD=7.298487E-02
    NuBT=1
    CPU =0.000078

ITER: 245
    HPWL=9214.209961
    OVFL=0.445832
    HPWL=(4215.025391, 4999.184570)
    POTN=1.164631E+04
    PHIC=3.169278E-04
    GRAD=7.591296E-02
    NuBT=2
    CPU =0.000115

ITER: 246
    HPWL=9226.312500
    OVFL=0.439753
    HPWL=(4220.931152, 5005.380859)
    POTN=1.103025E+04
    PHIC=3.327736E-04
    GRAD=7.890127E-02
    NuBT=1
    CPU =0.000091

ITER: 247
    HPWL=9224.173828
    OVFL=0.438241
    HPWL=(4219.739258, 5004.435059)
    POTN=1.075608E+04
    PHIC=3.494122E-04
    GRAD=8.128291E-02
    NuBT=1
    CPU =0.000079

ITER: 248
    HPWL=9228.792969
    OVFL=0.438752
    HPWL=(4224.843750, 5003.948730)
    POTN=1.045902E+04
    PHIC=3.668826E-04
    GRAD=8.173023E-02
    NuBT=2
    CPU =0.000117

ITER: 249
    HPWL=9224.537109
    OVFL=0.438991
    HPWL=(4221.670410, 5002.866699)
    POTN=1.034648E+04
    PHIC=3.852267E-04
    GRAD=8.145954E-02
    NuBT=1
    CPU =0.000080

ITER: 250
    HPWL=9231.553711
    OVFL=0.433293
    HPWL=(4229.411133, 5002.142578)
    POTN=9.987809E+03
    PHIC=4.044876E-04
    GRAD=8.118712E-02
    NuBT=1
    CPU =0.000080

ITER: 251
    HPWL=9228.951172
    OVFL=0.427042
    HPWL=(4222.487793, 5006.463379)
    POTN=9.733532E+03
    PHIC=4.247120E-04
    GRAD=8.335716E-02
    NuBT=1
    CPU =0.000078

ITER: 252
    HPWL=9241.470703
    OVFL=0.419991
    HPWL=(4229.023926, 5012.446289)
    POTN=9.396415E+03
    PHIC=4.459467E-04
    GRAD=8.572393E-02
    NuBT=1
    CPU =0.000079

ITER: 253
    HPWL=9238.669922
    OVFL=0.417258
    HPWL=(4223.059570, 5015.610840)
    POTN=9.312489E+03
    PHIC=4.682440E-04
    GRAD=8.867859E-02
    NuBT=1
    CPU =0.000080

ITER: 254
    HPWL=9248.828125
    OVFL=0.412901
    HPWL=(4227.491699, 5021.336914)
    POTN=9.077925E+03
    PHIC=4.916555E-04
    GRAD=8.951458E-02
    NuBT=2
    CPU =0.000120

ITER: 255
    HPWL=9249.837891
    OVFL=0.410562
    HPWL=(4221.650879, 5028.186523)
    POTN=8.983324E+03
    PHIC=5.162382E-04
    GRAD=9.126005E-02
    NuBT=1
    CPU =0.000079

ITER: 256
    HPWL=9270.132812
    OVFL=0.405712
    HPWL=(4228.378418, 5041.753906)
    POTN=8.698066E+03
    PHIC=5.420485E-04
    GRAD=9.205794E-02
    NuBT=1
    CPU =0.000078

ITER: 257
    HPWL=9271.184570
    OVFL=0.402059
    HPWL=(4223.098633, 5048.085938)
    POTN=8.472565E+03
    PHIC=5.691508E-04
    GRAD=9.409826E-02
    NuBT=1
    CPU =0.000079

ITER: 258
    HPWL=9290.128906
    OVFL=0.397058
    HPWL=(4230.575195, 5059.554199)
    POTN=8.143514E+03
    PHIC=5.976067E-04
    GRAD=9.546616E-02
    NuBT=1
    CPU =0.000087

ITER: 259
    HPWL=9292.428711
    OVFL=0.392476
    HPWL=(4224.958008, 5067.470703)
    POTN=7.883723E+03
    PHIC=6.274868E-04
    GRAD=9.761734E-02
    NuBT=1
    CPU =0.000078

ITER: 260
    HPWL=9307.606445
    OVFL=0.387068
    HPWL=(4231.370117, 5076.236328)
    POTN=7.539211E+03
    PHIC=6.588597E-04
    GRAD=9.933858E-02
    NuBT=1
    CPU =0.000079

ITER: 261
    HPWL=9308.876953
    OVFL=0.382733
    HPWL=(4226.169922, 5082.706543)
    POTN=7.308425E+03
    PHIC=6.918025E-04
    GRAD=1.016966E-01
    NuBT=1
    CPU =0.000078

ITER: 262
    HPWL=9320.812500
    OVFL=0.376325
    HPWL=(4233.021484, 5087.791016)
    POTN=6.991112E+03
    PHIC=7.263913E-04
    GRAD=1.034683E-01
    NuBT=1
    CPU =0.000078

ITER: 263
    HPWL=9316.410156
    OVFL=0.371959
    HPWL=(4225.504883, 5090.905762)
    POTN=6.809122E+03
    PHIC=7.627109E-04
    GRAD=1.064908E-01
    NuBT=1
    CPU =0.000079

ITER: 264
    HPWL=9324.951172
    OVFL=0.366862
    HPWL=(4229.513184, 5095.437988)
    POTN=6.613926E+03
    PHIC=8.008454E-04
    GRAD=1.083690E-01
    NuBT=1
    CPU =0.000077

ITER: 265
    HPWL=9313.568359
    OVFL=0.364673
    HPWL=(4219.313965, 5094.254883)
    POTN=6.537323E+03
    PHIC=8.408876E-04
    GRAD=1.106530E-01
    NuBT=2
    CPU =0.000118

ITER: 266
    HPWL=9312.617188
    OVFL=0.360492
    HPWL=(4223.254395, 5089.362305)
    POTN=6.410906E+03
    PHIC=8.829319E-04
    GRAD=1.112392E-01
    NuBT=1
    CPU =0.000078

ITER: 267
    HPWL=9309.900391
    OVFL=0.357173
    HPWL=(4218.520996, 5091.379883)
    POTN=6.321513E+03
    PHIC=9.270785E-04
    GRAD=1.130650E-01
    NuBT=1
    CPU =0.000078

ITER: 268
    HPWL=9319.777344
    OVFL=0.351168
    HPWL=(4223.019531, 5096.757812)
    POTN=6.131192E+03
    PHIC=9.734310E-04
    GRAD=1.142107E-01
    NuBT=1
    CPU =0.000082

ITER: 269
    HPWL=9312.810547
    OVFL=0.347401
    HPWL=(4214.220215, 5098.590332)
    POTN=6.021134E+03
    PHIC=1.022103E-03
    GRAD=1.169218E-01
    NuBT=1
    CPU =0.000079

ITER: 270
    HPWL=9321.130859
    OVFL=0.342001
    HPWL=(4220.875977, 5100.254883)
    POTN=5.841784E+03
    PHIC=1.073206E-03
    GRAD=1.181635E-01
    NuBT=1
    CPU =0.000087

ITER: 271
    HPWL=9316.861328
    OVFL=0.337008
    HPWL=(4215.790527, 5101.070312)
    POTN=5.674469E+03
    PHIC=1.126867E-03
    GRAD=1.205954E-01
    NuBT=1
    CPU =0.000079

ITER: 272
    HPWL=9326.378906
    OVFL=0.331623
    HPWL=(4223.208496, 5103.170898)
    POTN=5.457323E+03
    PHIC=1.183208E-03
    GRAD=1.226134E-01
    NuBT=1
    CPU =0.000080

ITER: 273
    HPWL=9324.146484
    OVFL=0.329764
    HPWL=(4222.575195, 5101.571289)
    POTN=5.342096E+03
    PHIC=1.242369E-03
    GRAD=1.252058E-01
    NuBT=1
    CPU =0.000079

ITER: 274
    HPWL=9335.658203
    OVFL=0.327679
    HPWL=(4235.495117, 5100.163086)
    POTN=5.169774E+03
    PHIC=1.304485E-03
    GRAD=1.253342E-01
    NuBT=1
    CPU =0.000080

ITER: 275
    HPWL=9332.282227
    OVFL=0.326388
    HPWL=(4230.514648, 5101.767578)
    POTN=5.034663E+03
    PHIC=1.369709E-03
    GRAD=1.258678E-01
    NuBT=2
    CPU =0.000119

ITER: 276
    HPWL=9347.806641
    OVFL=0.323647
    HPWL=(4241.776367, 5106.029785)
    POTN=4.814266E+03
    PHIC=1.438192E-03
    GRAD=1.257335E-01
    NuBT=1
    CPU =0.000078

ITER: 277
    HPWL=9350.271484
    OVFL=0.321068
    HPWL=(4240.292480, 5109.979004)
    POTN=4.567220E+03
    PHIC=1.510101E-03
    GRAD=1.267005E-01
    NuBT=1
    CPU =0.000077

ITER: 278
    HPWL=9367.214844
    OVFL=0.317038
    HPWL=(4249.832031, 5117.382812)
    POTN=4.324521E+03
    PHIC=1.585602E-03
    GRAD=1.270233E-01
    NuBT=2
    CPU =0.000118

ITER: 279
    HPWL=9368.158203
    OVFL=0.312501
    HPWL=(4246.988770, 5121.168945)
    POTN=4.099578E+03
    PHIC=1.664881E-03
    GRAD=1.286073E-01
    NuBT=1
    CPU =0.000078

ITER: 280
    HPWL=9392.441406
    OVFL=0.300555
    HPWL=(4261.669434, 5130.771484)
    POTN=3.775430E+03
    PHIC=1.748119E-03
    GRAD=1.301313E-01
    NuBT=1
    CPU =0.000078

ITER: 281
    HPWL=9390.532227
    OVFL=0.292201
    HPWL=(4256.435059, 5134.097168)
    POTN=3.490223E+03
    PHIC=1.835525E-03
    GRAD=1.363366E-01
    NuBT=2
    CPU =0.000130

ITER: 282
    HPWL=9402.828125
    OVFL=0.286774
    HPWL=(4265.280762, 5137.547852)
    POTN=3.250596E+03
    PHIC=1.927298E-03
    GRAD=1.400060E-01
    NuBT=1
    CPU =0.000080

ITER: 283
    HPWL=9415.527344
    OVFL=0.285838
    HPWL=(4271.351074, 5144.176270)
    POTN=3.108189E+03
    PHIC=2.023659E-03
    GRAD=1.425748E-01
    NuBT=1
    CPU =0.000078

ITER: 284
    HPWL=9425.964844
    OVFL=0.284185
    HPWL=(4282.953125, 5143.011719)
    POTN=3.002577E+03
    PHIC=2.124839E-03
    GRAD=1.420990E-01
    NuBT=2
    CPU =0.000115

ITER: 285
    HPWL=9427.922852
    OVFL=0.282836
    HPWL=(4283.411133, 5144.511719)
    POTN=2.897255E+03
    PHIC=2.231081E-03
    GRAD=1.426352E-01
    NuBT=1
    CPU =0.000079

ITER: 286
    HPWL=9425.532227
    OVFL=0.277731
    HPWL=(4290.336426, 5135.195801)
    POTN=2.757795E+03
    PHIC=2.342634E-03
    GRAD=1.419212E-01
    NuBT=2
    CPU =0.000118

ITER: 287
    HPWL=9421.638672
    OVFL=0.276862
    HPWL=(4284.586426, 5137.052734)
    POTN=2.657671E+03
    PHIC=2.459766E-03
    GRAD=1.442776E-01
    NuBT=1
    CPU =0.000077

ITER: 288
    HPWL=9418.546875
    OVFL=0.272049
    HPWL=(4285.882812, 5132.663574)
    POTN=2.542463E+03
    PHIC=2.582754E-03
    GRAD=1.428730E-01
    NuBT=2
    CPU =0.000113

ITER: 289
    HPWL=9410.593750
    OVFL=0.271728
    HPWL=(4275.003418, 5135.590332)
    POTN=2.442457E+03
    PHIC=2.711892E-03
    GRAD=1.444527E-01
    NuBT=1
    CPU =0.000078

ITER: 290
    HPWL=9417.300781
    OVFL=0.269191
    HPWL=(4280.105469, 5137.195312)
    POTN=2.355974E+03
    PHIC=2.847484E-03
    GRAD=1.428258E-01
    NuBT=1
    CPU =0.000076

ITER: 291
    HPWL=9408.402344
    OVFL=0.267929
    HPWL=(4269.056152, 5139.346680)
    POTN=2.257274E+03
    PHIC=2.989858E-03
    GRAD=1.426145E-01
    NuBT=2
    CPU =0.000133

ITER: 292
    HPWL=9417.018555
    OVFL=0.263063
    HPWL=(4271.625000, 5145.393555)
    POTN=2.161949E+03
    PHIC=3.139347E-03
    GRAD=1.416546E-01
    NuBT=1
    CPU =0.000080

ITER: 293
    HPWL=9422.264648
    OVFL=0.258140
    HPWL=(4265.082520, 5157.182129)
    POTN=2.026689E+03
    PHIC=3.296311E-03
    GRAD=1.427777E-01
    NuBT=1
    CPU =0.000079

ITER: 294
    HPWL=9435.661133
    OVFL=0.252037
    HPWL=(4271.516113, 5164.145020)
    POTN=1.901226E+03
    PHIC=3.461120E-03
    GRAD=1.435759E-01
    NuBT=2
    CPU =0.000125

ITER: 295
    HPWL=9434.304688
    OVFL=0.247120
    HPWL=(4264.362793, 5169.941895)
    POTN=1.783263E+03
    PHIC=3.634176E-03
    GRAD=1.454380E-01
    NuBT=1
    CPU =0.000086

ITER: 296
    HPWL=9445.294922
    OVFL=0.243853
    HPWL=(4269.135742, 5176.159668)
    POTN=1.691806E+03
    PHIC=3.815878E-03
    GRAD=1.463247E-01
    NuBT=1
    CPU =0.000087

ITER: 297
    HPWL=9435.875000
    OVFL=0.240918
    HPWL=(4260.878418, 5174.997070)
    POTN=1.589604E+03
    PHIC=4.006672E-03
    GRAD=1.462192E-01
    NuBT=1
    CPU =0.000085

ITER: 298
    HPWL=9441.040039
    OVFL=0.238118
    HPWL=(4265.516602, 5175.523438)
    POTN=1.533799E+03
    PHIC=4.207003E-03
    GRAD=1.459932E-01
    NuBT=1
    CPU =0.000086

ITER: 299
    HPWL=9443.292969
    OVFL=0.235933
    HPWL=(4271.347168, 5171.946289)
    POTN=1.450645E+03
    PHIC=4.417351E-03
    GRAD=1.456944E-01
    NuBT=1
    CPU =0.000086

ITER: 300
    HPWL=9436.023438
    OVFL=0.235560
    HPWL=(4270.149902, 5165.873047)
    POTN=1.410117E+03
    PHIC=4.638219E-03
    GRAD=1.441449E-01
    NuBT=2
    CPU =0.000126

ITER: 301
    HPWL=9437.076172
    OVFL=0.233626
    HPWL=(4270.810059, 5166.265625)
    POTN=1.377772E+03
    PHIC=4.870129E-03
    GRAD=1.417925E-01
    NuBT=1
    CPU =0.000087

ITER: 302
    HPWL=9443.939453
    OVFL=0.229837
    HPWL=(4274.786133, 5169.152832)
    POTN=1.328289E+03
    PHIC=5.113630E-03
    GRAD=1.405117E-01
    NuBT=1
    CPU =0.000092

ITER: 303
    HPWL=9453.075195
    OVFL=0.228554
    HPWL=(4282.632812, 5170.442383)
    POTN=1.279759E+03
    PHIC=5.369304E-03
    GRAD=1.405169E-01
    NuBT=2
    CPU =0.000119

ITER: 304
    HPWL=9461.411133
    OVFL=0.227061
    HPWL=(4286.880859, 5174.530273)
    POTN=1.213557E+03
    PHIC=5.637763E-03
    GRAD=1.389936E-01
    NuBT=2
    CPU =0.000117

ITER: 305
    HPWL=9473.710938
    OVFL=0.225786
    HPWL=(4294.813965, 5178.896973)
    POTN=1.145514E+03
    PHIC=5.919640E-03
    GRAD=1.374526E-01
    NuBT=1
    CPU =0.000077

ITER: 306
    HPWL=9485.857422
    OVFL=0.221141
    HPWL=(4302.625000, 5183.232910)
    POTN=1.059067E+03
    PHIC=6.215611E-03
    GRAD=1.363097E-01
    NuBT=1
    CPU =0.000081

ITER: 307
    HPWL=9491.580078
    OVFL=0.216498
    HPWL=(4308.846680, 5182.732910)
    POTN=9.695345E+02
    PHIC=6.526386E-03
    GRAD=1.360587E-01
    NuBT=1
    CPU =0.000083

ITER: 308
    HPWL=9489.098633
    OVFL=0.215280
    HPWL=(4304.494629, 5184.604004)
    POTN=9.244598E+02
    PHIC=6.852705E-03
    GRAD=1.356706E-01
    NuBT=2
    CPU =0.000117

ITER: 309
    HPWL=9466.529297
    OVFL=0.216804
    HPWL=(4280.208008, 5186.321777)
    POTN=9.053055E+02
    PHIC=7.195340E-03
    GRAD=1.322098E-01
    NuBT=2
    CPU =0.000118

ITER: 310
    HPWL=9463.676758
    OVFL=0.217460
    HPWL=(4275.030762, 5188.645996)
    POTN=8.827518E+02
    PHIC=7.555107E-03
    GRAD=1.284453E-01
    NuBT=1
    CPU =0.000078

ITER: 311
    HPWL=9463.572266
    OVFL=0.217336
    HPWL=(4274.238770, 5189.333496)
    POTN=8.607281E+02
    PHIC=7.932862E-03
    GRAD=1.255246E-01
    NuBT=1
    CPU =0.000078

ITER: 312
    HPWL=9467.888672
    OVFL=0.214817
    HPWL=(4278.010742, 5189.877930)
    POTN=8.369454E+02
    PHIC=8.329500E-03
    GRAD=1.230359E-01
    NuBT=2
    CPU =0.000129

ITER: 313
    HPWL=9474.153320
    OVFL=0.210783
    HPWL=(4281.743164, 5192.410156)
    POTN=7.944797E+02
    PHIC=8.745967E-03
    GRAD=1.214408E-01
    NuBT=2
    CPU =0.000120

ITER: 314
    HPWL=9480.626953
    OVFL=0.205494
    HPWL=(4284.264648, 5196.362793)
    POTN=7.506432E+02
    PHIC=9.183257E-03
    GRAD=1.204655E-01
    NuBT=2
    CPU =0.000120

ITER: 315
    HPWL=9487.494141
    OVFL=0.199561
    HPWL=(4285.961914, 5201.532715)
    POTN=6.995160E+02
    PHIC=9.642409E-03
    GRAD=1.195820E-01
    NuBT=1
    CPU =0.000079

ITER: 316
    HPWL=9489.646484
    OVFL=0.194755
    HPWL=(4285.959961, 5203.687012)
    POTN=6.625996E+02
    PHIC=1.012453E-02
    GRAD=1.191568E-01
    NuBT=2
    CPU =0.000119

ITER: 317
    HPWL=9491.443359
    OVFL=0.190905
    HPWL=(4286.194336, 5205.248535)
    POTN=6.301816E+02
    PHIC=1.063075E-02
    GRAD=1.178889E-01
    NuBT=1
    CPU =0.000080

ITER: 318
    HPWL=9493.322266
    OVFL=0.188651
    HPWL=(4286.750977, 5206.571289)
    POTN=6.104578E+02
    PHIC=1.116228E-02
    GRAD=1.167047E-01
    NuBT=1
    CPU =0.000080

ITER: 319
    HPWL=9490.814453
    OVFL=0.186818
    HPWL=(4286.452637, 5204.361328)
    POTN=5.917932E+02
    PHIC=1.172040E-02
    GRAD=1.147608E-01
    NuBT=1
    CPU =0.000078

ITER: 320
    HPWL=9488.908203
    OVFL=0.185013
    HPWL=(4285.650391, 5203.257812)
    POTN=5.783037E+02
    PHIC=1.230642E-02
    GRAD=1.129796E-01
    NuBT=1
    CPU =0.000078

ITER: 321
    HPWL=9489.787109
    OVFL=0.183399
    HPWL=(4284.870117, 5204.917480)
    POTN=5.692497E+02
    PHIC=1.292173E-02
    GRAD=1.106780E-01
    NuBT=1
    CPU =0.000078

ITER: 322
    HPWL=9489.102539
    OVFL=0.181149
    HPWL=(4285.350586, 5203.751953)
    POTN=5.517646E+02
    PHIC=1.356782E-02
    GRAD=1.087696E-01
    NuBT=1
    CPU =0.000077

ITER: 323
    HPWL=9495.884766
    OVFL=0.175045
    HPWL=(4287.145020, 5208.739258)
    POTN=5.136736E+02
    PHIC=1.424620E-02
    GRAD=1.065586E-01
    NuBT=1
    CPU =0.000090

ITER: 324
    HPWL=9499.802734
    OVFL=0.168289
    HPWL=(4288.884766, 5210.917969)
    POTN=4.661915E+02
    PHIC=1.495850E-02
    GRAD=1.054164E-01
    NuBT=1
    CPU =0.000080

ITER: 325
    HPWL=9499.551758
    OVFL=0.161756
    HPWL=(4290.851074, 5208.700684)
    POTN=4.288140E+02
    PHIC=1.570642E-02
    GRAD=1.045212E-01
    NuBT=1
    CPU =0.000079

ITER: 326
    HPWL=9500.466797
    OVFL=0.158034
    HPWL=(4292.603516, 5207.862793)
    POTN=3.993463E+02
    PHIC=1.649174E-02
    GRAD=1.034184E-01
    NuBT=2
    CPU =0.000116

ITER: 327
    HPWL=9499.943359
    OVFL=0.153662
    HPWL=(4294.312500, 5205.630859)
    POTN=3.736702E+02
    PHIC=1.731633E-02
    GRAD=1.012279E-01
    NuBT=1
    CPU =0.000079

ITER: 328
    HPWL=9499.818359
    OVFL=0.149885
    HPWL=(4296.703613, 5203.115234)
    POTN=3.617500E+02
    PHIC=1.818214E-02
    GRAD=9.963710E-02
    NuBT=1
    CPU =0.000082

ITER: 329
    HPWL=9502.560547
    OVFL=0.146918
    HPWL=(4296.634277, 5205.926270)
    POTN=3.497381E+02
    PHIC=1.909124E-02
    GRAD=9.757459E-02
    NuBT=2
    CPU =0.000117

ITER: 330
    HPWL=9507.880859
    OVFL=0.145208
    HPWL=(4298.062988, 5209.818359)
    POTN=3.331053E+02
    PHIC=2.004579E-02
    GRAD=9.518948E-02
    NuBT=1
    CPU =0.000077

ITER: 331
    HPWL=9515.103516
    OVFL=0.143581
    HPWL=(4298.693848, 5216.409180)
    POTN=3.227185E+02
    PHIC=2.104806E-02
    GRAD=9.249716E-02
    NuBT=1
    CPU =0.000080

ITER: 332
    HPWL=9520.162109
    OVFL=0.140982
    HPWL=(4299.501465, 5220.660645)
    POTN=3.093404E+02
    PHIC=2.210044E-02
    GRAD=8.997378E-02
    NuBT=1
    CPU =0.000079

ITER: 333
    HPWL=9523.785156
    OVFL=0.138087
    HPWL=(4300.223145, 5223.561523)
    POTN=2.982086E+02
    PHIC=2.320545E-02
    GRAD=8.747797E-02
    NuBT=1
    CPU =0.000077

ITER: 334
    HPWL=9522.667969
    OVFL=0.135038
    HPWL=(4300.371582, 5222.296387)
    POTN=2.902665E+02
    PHIC=2.436572E-02
    GRAD=8.546919E-02
    NuBT=1
    CPU =0.000078

ITER: 335
    HPWL=9521.564453
    OVFL=0.130892
    HPWL=(4300.300781, 5221.263672)
    POTN=2.731398E+02
    PHIC=2.558401E-02
    GRAD=8.339078E-02
    NuBT=1
    CPU =0.000089

ITER: 336
    HPWL=9523.570312
    OVFL=0.125037
    HPWL=(4300.332520, 5223.237793)
    POTN=2.503473E+02
    PHIC=2.686320E-02
    GRAD=8.145908E-02
    NuBT=2
    CPU =0.000120

ITER: 337
    HPWL=9529.599609
    OVFL=0.121255
    HPWL=(4299.305664, 5230.293457)
    POTN=2.371843E+02
    PHIC=2.820634E-02
    GRAD=7.993526E-02
    NuBT=1
    CPU =0.000079

ITER: 338
    HPWL=9536.382812
    OVFL=0.117345
    HPWL=(4302.123535, 5234.258789)
    POTN=2.243376E+02
    PHIC=2.961663E-02
    GRAD=7.791901E-02
    NuBT=1
    CPU =0.000081

ITER: 339
    HPWL=9560.712891
    OVFL=0.111860
    HPWL=(4303.973633, 5256.739258)
    POTN=2.094651E+02
    PHIC=3.109735E-02
    GRAD=7.621188E-02
    NuBT=1
    CPU =0.000078

ITER: 340
    HPWL=9570.681641
    OVFL=0.104656
    HPWL=(4304.646484, 5266.035645)
    POTN=1.901752E+02
    PHIC=3.265218E-02
    GRAD=7.400922E-02
    NuBT=1
    CPU =0.000079

ITER: 341
    HPWL=9580.235352
    OVFL=0.099463
    HPWL=(4306.853516, 5273.381836)
    POTN=1.789669E+02
    PHIC=3.428474E-02
    GRAD=7.245126E-02
    NuBT=2
    CPU =0.000120
[INFO] Nesterov: NumIters = 341
[INFO] Nesterov: ScaledHpwl = 9580.235352
[INFO] Nesterov: Overflow = 0.099463
[INFO] Nesterov: Potential = 178.966949
[INFO] Nesterov: xInstScaledHpwl = 9569.051758
[INFO] Nesterov: yInstScaledHpwl = 9580.235352
[INFO] Nesterov: HPWL = 2891.979980
