RePlAce Version: 1.0.0

** WARNING: Your Detail Placement Step must be skipped.
              (i.e. this program will be executed as -onlyGP)
     If you want to have DP after GP, please specify -dpflag and -dploc.

[INFO] TargetDensity = 0.500000
[INFO] ExperimentIndex = 0
[INFO] DirectoryPath = /openLANE_flow/designs/cbx_1__0_/runs/pin_placement//tmp/placement/replace/etc/cbx_1__0_.floorplan/experiment000
[PROC] Begin LefParsing ...
[LEF] Parsed 500 number of lines!!
WARNING (LEFPARS-2036): SOURCE statement is obsolete in version 5.6 and later.
The LEF parser will ignore this statement.
To avoid this warning in the future, remove this statement from the LEF file with version 5.6 or later. See file /openLANE_flow/designs/cbx_1__0_/runs/pin_placement//tmp//merged.lef at line 776.

WARNING (LEFPARS-2036): SOURCE statement is obsolete in version 5.6 and later.
The LEF parser will ignore this statement.
To avoid this warning in the future, remove this statement from the LEF file with version 5.6 or later. See file /openLANE_flow/designs/cbx_1__0_/runs/pin_placement//tmp//merged.lef at line 903.

[LEF] Parsed 1000 number of lines!!
WARNING (LEFPARS-2036): SOURCE statement is obsolete in version 5.6 and later.
The LEF parser will ignore this statement.
To avoid this warning in the future, remove this statement from the LEF file with version 5.6 or later. See file /openLANE_flow/designs/cbx_1__0_/runs/pin_placement//tmp//merged.lef at line 1034.

WARNING (LEFPARS-2036): SOURCE statement is obsolete in version 5.6 and later.
The LEF parser will ignore this statement.
To avoid this warning in the future, remove this statement from the LEF file with version 5.6 or later. See file /openLANE_flow/designs/cbx_1__0_/runs/pin_placement//tmp//merged.lef at line 1204.

WARNING (LEFPARS-2036): SOURCE statement is obsolete in version 5.6 and later.
The LEF parser will ignore this statement.
To avoid this warning in the future, remove this statement from the LEF file with version 5.6 or later. See file /openLANE_flow/designs/cbx_1__0_/runs/pin_placement//tmp//merged.lef at line 1322.

WARNING (LEFPARS-2036): SOURCE statement is obsolete in version 5.6 and later.
The LEF parser will ignore this statement.
To avoid this warning in the future, remove this statement from the LEF file with version 5.6 or later. See file /openLANE_flow/designs/cbx_1__0_/runs/pin_placement//tmp//merged.lef at line 1442.

[LEF] Parsed 1500 number of lines!!
WARNING (LEFPARS-2036): SOURCE statement is obsolete in version 5.6 and later.
The LEF parser will ignore this statement.
To avoid this warning in the future, remove this statement from the LEF file with version 5.6 or later. See file /openLANE_flow/designs/cbx_1__0_/runs/pin_placement//tmp//merged.lef at line 1589.

WARNING (LEFPARS-2036): SOURCE statement is obsolete in version 5.6 and later.
The LEF parser will ignore this statement.
To avoid this warning in the future, remove this statement from the LEF file with version 5.6 or later. See file /openLANE_flow/designs/cbx_1__0_/runs/pin_placement//tmp//merged.lef at line 1777.

WARNING (LEFPARS-2036): SOURCE statement is obsolete in version 5.6 and later.
The LEF parser will ignore this statement.
To avoid this warning in the future, remove this statement from the LEF file with version 5.6 or later. See file /openLANE_flow/designs/cbx_1__0_/runs/pin_placement//tmp//merged.lef at line 1886.

WARNING (LEFPARS-2036): SOURCE statement is obsolete in version 5.6 and later.
The LEF parser will ignore this statement.
To avoid this warning in the future, remove this statement from the LEF file with version 5.6 or later. See file /openLANE_flow/designs/cbx_1__0_/runs/pin_placement//tmp//merged.lef at line 1999.

[LEF] Parsed 2000 number of lines!!
WARNING (LEFPARS-2036): SOURCE statement is obsolete in version 5.6 and later.
The LEF parser will ignore this statement.
To avoid this warning in the future, remove this statement from the LEF file with version 5.6 or later. See file /openLANE_flow/designs/cbx_1__0_/runs/pin_placement//tmp//merged.lef at line 2148.

WARNING (LEFPARS-2036): SOURCE statement is obsolete in version 5.6 and later.
The LEF parser will ignore this statement.
To avoid this warning in the future, remove this statement from the LEF file with version 5.6 or later. See file /openLANE_flow/designs/cbx_1__0_/runs/pin_placement//tmp//merged.lef at line 2253.

WARNING (LEFPARS-2036): SOURCE statement is obsolete in version 5.6 and later.
The LEF parser will ignore this statement.
To avoid this warning in the future, remove this statement from the LEF file with version 5.6 or later. See file /openLANE_flow/designs/cbx_1__0_/runs/pin_placement//tmp//merged.lef at line 2380.

[LEF] Parsed 2500 number of lines!!
WARNING (LEFPARS-2036): SOURCE statement is obsolete in version 5.6 and later.
The LEF parser will ignore this statement.
To avoid this warning in the future, remove this statement from the LEF file with version 5.6 or later. See file /openLANE_flow/designs/cbx_1__0_/runs/pin_placement//tmp//merged.lef at line 2547.

WARNING (LEFPARS-2036): SOURCE statement is obsolete in version 5.6 and later.
The LEF parser will ignore this statement.
To avoid this warning in the future, remove this statement from the LEF file with version 5.6 or later. See file /openLANE_flow/designs/cbx_1__0_/runs/pin_placement//tmp//merged.lef at line 2653.

WARNING (LEFPARS-2036): SOURCE statement is obsolete in version 5.6 and later.
The LEF parser will ignore this statement.
To avoid this warning in the future, remove this statement from the LEF file with version 5.6 or later. See file /openLANE_flow/designs/cbx_1__0_/runs/pin_placement//tmp//merged.lef at line 2770.

WARNING (LEFPARS-2036): SOURCE statement is obsolete in version 5.6 and later.
The LEF parser will ignore this statement.
To avoid this warning in the future, remove this statement from the LEF file with version 5.6 or later. See file /openLANE_flow/designs/cbx_1__0_/runs/pin_placement//tmp//merged.lef at line 2908.

[LEF] Parsed 3000 number of lines!!
WARNING (LEFPARS-2036): SOURCE statement is obsolete in version 5.6 and later.
The LEF parser will ignore this statement.
To avoid this warning in the future, remove this statement from the LEF file with version 5.6 or later. See file /openLANE_flow/designs/cbx_1__0_/runs/pin_placement//tmp//merged.lef at line 3005.

WARNING (LEFPARS-2036): SOURCE statement is obsolete in version 5.6 and later.
The LEF parser will ignore this statement.
To avoid this warning in the future, remove this statement from the LEF file with version 5.6 or later. See file /openLANE_flow/designs/cbx_1__0_/runs/pin_placement//tmp//merged.lef at line 3105.

WARNING (LEFPARS-2036): SOURCE statement is obsolete in version 5.6 and later.
The LEF parser will ignore this statement.
To avoid this warning in the future, remove this statement from the LEF file with version 5.6 or later. See file /openLANE_flow/designs/cbx_1__0_/runs/pin_placement//tmp//merged.lef at line 3219.

WARNING (LEFPARS-2036): SOURCE statement is obsolete in version 5.6 and later.
The LEF parser will ignore this statement.
To avoid this warning in the future, remove this statement from the LEF file with version 5.6 or later. See file /openLANE_flow/designs/cbx_1__0_/runs/pin_placement//tmp//merged.lef at line 3361.

WARNING (LEFPARS-2036): SOURCE statement is obsolete in version 5.6 and later.
The LEF parser will ignore this statement.
To avoid this warning in the future, remove this statement from the LEF file with version 5.6 or later. See file /openLANE_flow/designs/cbx_1__0_/runs/pin_placement//tmp//merged.lef at line 3458.

[LEF] Parsed 3500 number of lines!!
WARNING (LEFPARS-2036): SOURCE statement is obsolete in version 5.6 and later.
The LEF parser will ignore this statement.
To avoid this warning in the future, remove this statement from the LEF file with version 5.6 or later. See file /openLANE_flow/designs/cbx_1__0_/runs/pin_placement//tmp//merged.lef at line 3561.

WARNING (LEFPARS-2036): SOURCE statement is obsolete in version 5.6 and later.
The LEF parser will ignore this statement.
To avoid this warning in the future, remove this statement from the LEF file with version 5.6 or later. See file /openLANE_flow/designs/cbx_1__0_/runs/pin_placement//tmp//merged.lef at line 3691.

WARNING (LEFPARS-2036): SOURCE statement is obsolete in version 5.6 and later.
The LEF parser will ignore this statement.
To avoid this warning in the future, remove this statement from the LEF file with version 5.6 or later. See file /openLANE_flow/designs/cbx_1__0_/runs/pin_placement//tmp//merged.lef at line 3783.

WARNING (LEFPARS-2036): SOURCE statement is obsolete in version 5.6 and later.
The LEF parser will ignore this statement.
To avoid this warning in the future, remove this statement from the LEF file with version 5.6 or later. See file /openLANE_flow/designs/cbx_1__0_/runs/pin_placement//tmp//merged.lef at line 3887.

[LEF] Parsed 4000 number of lines!!
WARNING (LEFPARS-2036): SOURCE statement is obsolete in version 5.6 and later.
The LEF parser will ignore this statement.
To avoid this warning in the future, remove this statement from the LEF file with version 5.6 or later. See file /openLANE_flow/designs/cbx_1__0_/runs/pin_placement//tmp//merged.lef at line 4018.

WARNING (LEFPARS-2036): SOURCE statement is obsolete in version 5.6 and later.
The LEF parser will ignore this statement.
To avoid this warning in the future, remove this statement from the LEF file with version 5.6 or later. See file /openLANE_flow/designs/cbx_1__0_/runs/pin_placement//tmp//merged.lef at line 4148.

WARNING (LEFPARS-2036): SOURCE statement is obsolete in version 5.6 and later.
The LEF parser will ignore this statement.
To avoid this warning in the future, remove this statement from the LEF file with version 5.6 or later. See file /openLANE_flow/designs/cbx_1__0_/runs/pin_placement//tmp//merged.lef at line 4282.

WARNING (LEFPARS-2036): SOURCE statement is obsolete in version 5.6 and later.
The LEF parser will ignore this statement.
To avoid this warning in the future, remove this statement from the LEF file with version 5.6 or later. See file /openLANE_flow/designs/cbx_1__0_/runs/pin_placement//tmp//merged.lef at line 4467.

[LEF] Parsed 4500 number of lines!!
[LEF] Parsed 5000 number of lines!!
[LEF] Parsed 5500 number of lines!!
[LEF] Parsed 6000 number of lines!!
[LEF] Parsed 6500 number of lines!!
[LEF] Parsed 7000 number of lines!!
[LEF] Parsed 7500 number of lines!!
[LEF] Parsed 8000 number of lines!!
[LEF] Parsed 8500 number of lines!!
[LEF] Parsed 9000 number of lines!!
[LEF] Parsed 9500 number of lines!!
[LEF] Parsed 10000 number of lines!!
[LEF] Parsed 10500 number of lines!!
[LEF] Parsed 11000 number of lines!!
[LEF] Parsed 11500 number of lines!!
[LEF] Parsed 12000 number of lines!!
[LEF] Parsed 12500 number of lines!!
[LEF] Parsed 13000 number of lines!!
[LEF] Parsed 13500 number of lines!!
[LEF] Parsed 14000 number of lines!!
[LEF] Parsed 14500 number of lines!!
[LEF] Parsed 15000 number of lines!!
[LEF] Parsed 15500 number of lines!!
[LEF] Parsed 16000 number of lines!!
[LEF] Parsed 16500 number of lines!!
[LEF] Parsed 17000 number of lines!!
[LEF] Parsed 17500 number of lines!!
[LEF] Parsed 18000 number of lines!!
[LEF] Parsed 18500 number of lines!!
[LEF] Parsed 19000 number of lines!!
[LEF] Parsed 19500 number of lines!!
[LEF] Parsed 20000 number of lines!!
[LEF] Parsed 20500 number of lines!!
[LEF] Parsed 21000 number of lines!!
[LEF] Parsed 21500 number of lines!!
[LEF] Parsed 22000 number of lines!!
[LEF] Parsed 22500 number of lines!!
[LEF] Parsed 23000 number of lines!!
[LEF] Parsed 23500 number of lines!!
[LEF] Parsed 24000 number of lines!!
[LEF] Parsed 24500 number of lines!!
[LEF] Parsed 25000 number of lines!!
[LEF] Parsed 25500 number of lines!!
[LEF] Parsed 26000 number of lines!!
[LEF] Parsed 26500 number of lines!!
[LEF] Parsed 27000 number of lines!!
[LEF] Parsed 27500 number of lines!!
[LEF] Parsed 28000 number of lines!!
[LEF] Parsed 28500 number of lines!!
[LEF] Parsed 29000 number of lines!!
[LEF] Parsed 29500 number of lines!!
[LEF] Parsed 30000 number of lines!!
[LEF] Parsed 30500 number of lines!!
[LEF] Parsed 31000 number of lines!!
[LEF] Parsed 31500 number of lines!!
[LEF] Parsed 32000 number of lines!!
[LEF] Parsed 32500 number of lines!!
[LEF] Parsed 33000 number of lines!!
[LEF] Parsed 33500 number of lines!!
[LEF] Parsed 34000 number of lines!!
[LEF] Parsed 34500 number of lines!!
[LEF] Parsed 35000 number of lines!!
[LEF] Parsed 35500 number of lines!!
[LEF] Parsed 36000 number of lines!!
[LEF] Parsed 36500 number of lines!!
[LEF] Parsed 37000 number of lines!!
[LEF] Parsed 37500 number of lines!!
[LEF] Parsed 38000 number of lines!!
[LEF] Parsed 38500 number of lines!!
[LEF] Parsed 39000 number of lines!!
[LEF] Parsed 39500 number of lines!!
[LEF] Parsed 40000 number of lines!!
[LEF] Parsed 40500 number of lines!!
[LEF] Parsed 41000 number of lines!!
[LEF] Parsed 41500 number of lines!!
[LEF] Parsed 42000 number of lines!!
[LEF] Parsed 42500 number of lines!!
[LEF] Parsed 43000 number of lines!!
[LEF] Parsed 43500 number of lines!!
[LEF] Parsed 44000 number of lines!!
[LEF] Parsed 44500 number of lines!!
[LEF] Parsed 45000 number of lines!!
[LEF] Parsed 45500 number of lines!!
[LEF] Parsed 46000 number of lines!!
[LEF] Parsed 46500 number of lines!!
[LEF] Parsed 47000 number of lines!!
[LEF] Parsed 47500 number of lines!!
[LEF] Parsed 48000 number of lines!!
[LEF] Parsed 48500 number of lines!!
[LEF] Parsed 49000 number of lines!!
[LEF] Parsed 49500 number of lines!!
[LEF] Parsed 50000 number of lines!!
[LEF] Parsed 50500 number of lines!!
[LEF] Parsed 51000 number of lines!!
[LEF] Parsed 51500 number of lines!!
[LEF] Parsed 52000 number of lines!!
[LEF] Parsed 52500 number of lines!!
[LEF] Parsed 53000 number of lines!!
[LEF] Parsed 53500 number of lines!!
[LEF] Parsed 54000 number of lines!!
[LEF] Parsed 54500 number of lines!!
[LEF] Parsed 55000 number of lines!!
[LEF] Parsed 55500 number of lines!!
[LEF] Parsed 56000 number of lines!!
[LEF] Parsed 56500 number of lines!!
[LEF] Parsed 57000 number of lines!!
[LEF] Parsed 57500 number of lines!!
[LEF] Parsed 58000 number of lines!!
[LEF] Parsed 58500 number of lines!!
[LEF] Parsed 59000 number of lines!!
[LEF] Parsed 59500 number of lines!!
[LEF] Parsed 60000 number of lines!!
[LEF] Parsed 60500 number of lines!!
[LEF] Parsed 61000 number of lines!!
[LEF] Parsed 61500 number of lines!!
[LEF] Parsed 62000 number of lines!!
[PROC] End LefParsing
[PROC] Begin DefParsing ...
WARNING (DEFPARS-7011): The NAMESCASESENSITIVE statement is obsolete in version 5.6 and later.
The DEF parser will ignore this statement. See file /openLANE_flow/designs/cbx_1__0_/runs/pin_placement//results/floorplan/cbx_1__0_.floorplan.def at line 2.

[PROC] End DefParsing
[INFO] DefUnit = 1000
[INFO] LefMetal1Name = li1
[INFO] DefSiteName = unithd
[INFO] ScaleDownUnit = 302.222229
[INFO] OffsetCoordi = (2640.000000, 0.000000)
[INFO] RowSize = (1.522059, 9.000000)
[INFO] NumRows = 27
[INFO] MacroCount = 0
[INFO] NumModules = 91
[INFO] NumTerminals = 177
[INFO] Inserted Dummy Terms = 0
[PROC] Begin Generate Un-fragmented Rows ...
[INFO] CoreAreaLxLy = (27.000000, 36.000000)
[INFO] CoreAreaUxUy = (275.095581, 279.000000)
[INFO] RowSize = (1.522059, 9.000000)
[INFO] NumRows = 27
[PROC] End Generate Un-fragmented Rows
[PROC] Begin DEF Net Parsing ...
[INFO] NumNets = 174
[INFO] NumPins = 408
[PROC] End DEF Net Parsing
[PROC] LEF/DEF Parsing Success!
[INFO] AspectRatio = 0.979461
[INFO] RowMinXY = (27.000000, 36.000000)
[INFO] RowMaxXY = (275.095581, 279.000000)
[INFO] NumPlaceStdCells = 91
[INFO] NumPlaceMacros = 0
[INFO] RowSize = (1.522059, 9.000000)
[INFO] NumRows = 27
[INFO] GlobalAreaLxLy = (9.496324, 6.617647)
[INFO] GlobalAreaUxUy = (287.420959, 318.375000)
[INFO] PlaceAreaLxLy = (27.000000, 36.000000)
[INFO] PlaceAreaUxUy = (275.095581, 279.000000)
[INFO] TotalPlaceArea = 60287.226562
[INFO] TotalFixedArea = 3205.446045
[INFO] TotalWhiteSpaceArea = 57081.781250
[INFO] TotalPlaceMacrosArea = 0.000000
[INFO] TotalPlaceStdCellsArea = 30944.970703
[INFO] Util(%) = 51.329231
[INFO] 80pCellArea = 344.133728
[INFO] FillerInit: TotalFillerArea = 0.000000
[INFO] FillerInit: NumFillerCells = 0
[INFO] FillerInit: FillerCellArea = 344.133850
[INFO] FillerInit: FillerCellSize = (38.237095, 9.000000)
[INFO] FillerInit: NumCells = 91
[INFO] FillerInit: NumModules = 91
[INFO] FillerInit: NumFillers = 0
INFO:  D_MSH = 1024 
INFO:  MSH(X, Y) = (32, 32)
[INFO] TierInit: TierUtil = 0.513292
[INFO] TierInit: NumModules = 91
[INFO] TierInit: PlaceArea = 60287.226562
[INFO] TierInit: CoreSpacingArea = 0.000000
[INFO] TierInit: TerminalArea = 3205.446045
[INFO] TierInit: ModuleArea = 30944.970703
[INFO] TierInit: FillerArea = 0.000000
[INFO] TierInit: NumFillers = 0
[INFO] TierInit: FillerMinIdx = 91
[INFO] TierInit: FillerMaxIdx = 91
INFO:  dim_bin_cGP2D.(x,y) = (8, 8)
cell Init 2D:
tier->bin_stp: (31.0119 30.375)
tier->half_bin_stp: (15.506 15.1875)
PROC:  Start NESTEROV's Optimization
PROC:    Global Lagrangian Multiplier is Applied

ITER: 0
    HPWL=14646.189453
    OVFL=0.939581
    HPWL=(7658.907715, 6987.281250)
    POTN=7.060648E+05
    PHIC=1.590955E-09
    GRAD=3.224512E-02
    NuBT=0
    CPU =0.000000

ITER: 1
    HPWL=14646.109375
    OVFL=0.939581
    HPWL=(7658.874023, 6987.235840)
    POTN=7.060616E+05
    PHIC=1.670503E-09
    GRAD=4.387407E-02
    NuBT=1
    CPU =0.000112

ITER: 2
    HPWL=14645.722656
    OVFL=0.939581
    HPWL=(7658.707031, 6987.016113)
    POTN=7.060460E+05
    PHIC=1.754028E-09
    GRAD=4.387214E-02
    NuBT=1
    CPU =0.000111

ITER: 3
    HPWL=8983.830078
    OVFL=0.779984
    HPWL=(5029.568359, 3954.261230)
    POTN=4.872689E+05
    PHIC=1.841729E-09
    GRAD=8.333871E-03
    NuBT=1
    CPU =0.000062

ITER: 4
    HPWL=9117.485352
    OVFL=0.776677
    HPWL=(5152.986328, 3964.499023)
    POTN=4.743689E+05
    PHIC=1.933779E-09
    GRAD=2.101639E-02
    NuBT=3
    CPU =0.000139

ITER: 5
    HPWL=8996.507812
    OVFL=0.774808
    HPWL=(5042.245605, 3954.262451)
    POTN=4.721703E+05
    PHIC=2.030468E-09
    GRAD=1.951389E-02
    NuBT=1
    CPU =0.000057

ITER: 6
    HPWL=8945.303711
    OVFL=0.766712
    HPWL=(4991.041504, 3954.261963)
    POTN=4.693424E+05
    PHIC=2.131991E-09
    GRAD=1.931604E-02
    NuBT=2
    CPU =0.000093

ITER: 7
    HPWL=8892.291016
    OVFL=0.760369
    HPWL=(4938.027344, 3954.263184)
    POTN=4.570014E+05
    PHIC=2.238591E-09
    GRAD=1.995981E-02
    NuBT=1
    CPU =0.000056

ITER: 8
    HPWL=8863.271484
    OVFL=0.754751
    HPWL=(4909.009277, 3954.262207)
    POTN=4.489566E+05
    PHIC=2.350520E-09
    GRAD=2.059868E-02
    NuBT=1
    CPU =0.000055

ITER: 9
    HPWL=8839.861328
    OVFL=0.745673
    HPWL=(4885.597656, 3954.264160)
    POTN=4.360170E+05
    PHIC=2.468046E-09
    GRAD=2.120904E-02
    NuBT=2
    CPU =0.000093

ITER: 10
    HPWL=8811.208008
    OVFL=0.741226
    HPWL=(4856.945312, 3954.262451)
    POTN=4.285963E+05
    PHIC=2.591448E-09
    GRAD=2.220010E-02
    NuBT=2
    CPU =0.000092

ITER: 11
    HPWL=8789.733398
    OVFL=0.734897
    HPWL=(4835.471680, 3954.261963)
    POTN=4.169710E+05
    PHIC=2.721021E-09
    GRAD=2.270851E-02
    NuBT=1
    CPU =0.000056

ITER: 12
    HPWL=8769.742188
    OVFL=0.727989
    HPWL=(4815.479980, 3954.262207)
    POTN=4.083127E+05
    PHIC=2.857071E-09
    GRAD=2.344907E-02
    NuBT=2
    CPU =0.000092

ITER: 13
    HPWL=8751.964844
    OVFL=0.722875
    HPWL=(4797.703613, 3954.261719)
    POTN=3.989074E+05
    PHIC=2.999925E-09
    GRAD=2.428454E-02
    NuBT=2
    CPU =0.000092

ITER: 14
    HPWL=8742.394531
    OVFL=0.716875
    HPWL=(4788.131836, 3954.262207)
    POTN=3.914288E+05
    PHIC=3.149921E-09
    GRAD=2.492964E-02
    NuBT=1
    CPU =0.000087

ITER: 15
    HPWL=8733.079102
    OVFL=0.711744
    HPWL=(4778.816406, 3954.262939)
    POTN=3.822747E+05
    PHIC=3.307417E-09
    GRAD=2.570094E-02
    NuBT=2
    CPU =0.000112

ITER: 16
    HPWL=8728.216797
    OVFL=0.707871
    HPWL=(4773.953613, 3954.262695)
    POTN=3.757276E+05
    PHIC=3.472787E-09
    GRAD=2.638248E-02
    NuBT=1
    CPU =0.000086

ITER: 17
    HPWL=8727.151367
    OVFL=0.700060
    HPWL=(4772.889648, 3954.261719)
    POTN=3.637181E+05
    PHIC=3.646426E-09
    GRAD=2.691531E-02
    NuBT=1
    CPU =0.000087

ITER: 18
    HPWL=8721.585938
    OVFL=0.695842
    HPWL=(4767.323730, 3954.262207)
    POTN=3.498499E+05
    PHIC=3.828748E-09
    GRAD=2.800116E-02
    NuBT=2
    CPU =0.000118

ITER: 19
    HPWL=8719.051758
    OVFL=0.694533
    HPWL=(4764.789062, 3954.262939)
    POTN=3.351995E+05
    PHIC=4.020185E-09
    GRAD=2.860411E-02
    NuBT=1
    CPU =0.000084

ITER: 20
    HPWL=8723.093750
    OVFL=0.693498
    HPWL=(4768.830078, 3954.263672)
    POTN=3.239066E+05
    PHIC=4.221191E-09
    GRAD=2.881438E-02
    NuBT=1
    CPU =0.000082

ITER: 21
    HPWL=8720.700195
    OVFL=0.692569
    HPWL=(4766.437988, 3954.262451)
    POTN=3.129849E+05
    PHIC=4.432251E-09
    GRAD=2.895812E-02
    NuBT=2
    CPU =0.000119

ITER: 22
    HPWL=8720.564453
    OVFL=0.691116
    HPWL=(4766.302246, 3954.261963)
    POTN=3.065239E+05
    PHIC=4.653863E-09
    GRAD=2.910272E-02
    NuBT=1
    CPU =0.000078

ITER: 23
    HPWL=8718.769531
    OVFL=0.696843
    HPWL=(4764.505859, 3954.263428)
    POTN=2.995615E+05
    PHIC=4.886556E-09
    GRAD=2.932170E-02
    NuBT=2
    CPU =0.000118

ITER: 24
    HPWL=8717.884766
    OVFL=0.696088
    HPWL=(4763.623047, 3954.261963)
    POTN=2.936998E+05
    PHIC=5.130884E-09
    GRAD=2.848077E-02
    NuBT=1
    CPU =0.000092

ITER: 25
    HPWL=8714.139648
    OVFL=0.696222
    HPWL=(4759.854492, 3954.285400)
    POTN=2.862660E+05
    PHIC=5.387428E-09
    GRAD=2.858868E-02
    NuBT=1
    CPU =0.000082

ITER: 26
    HPWL=8712.106445
    OVFL=0.694870
    HPWL=(4757.754395, 3954.351807)
    POTN=2.824287E+05
    PHIC=5.656799E-09
    GRAD=2.856797E-02
    NuBT=1
    CPU =0.000080

ITER: 27
    HPWL=8711.152344
    OVFL=0.693427
    HPWL=(4756.747559, 3954.404297)
    POTN=2.769776E+05
    PHIC=5.939639E-09
    GRAD=2.877634E-02
    NuBT=1
    CPU =0.000078

ITER: 28
    HPWL=8708.746094
    OVFL=0.692042
    HPWL=(4754.280762, 3954.464844)
    POTN=2.728674E+05
    PHIC=6.236620E-09
    GRAD=2.899096E-02
    NuBT=1
    CPU =0.000083

ITER: 29
    HPWL=8704.453125
    OVFL=0.691208
    HPWL=(4749.929199, 3954.523926)
    POTN=2.614867E+05
    PHIC=6.548451E-09
    GRAD=2.919299E-02
    NuBT=1
    CPU =0.000079

ITER: 30
    HPWL=8699.873047
    OVFL=0.691183
    HPWL=(4745.303223, 3954.569336)
    POTN=2.551165E+05
    PHIC=6.875873E-09
    GRAD=2.931062E-02
    NuBT=1
    CPU =0.000083

ITER: 31
    HPWL=8696.446289
    OVFL=0.690414
    HPWL=(4741.821289, 3954.625244)
    POTN=2.486615E+05
    PHIC=7.219666E-09
    GRAD=2.931489E-02
    NuBT=1
    CPU =0.000083

ITER: 32
    HPWL=8693.509766
    OVFL=0.690226
    HPWL=(4738.822754, 3954.687500)
    POTN=2.472959E+05
    PHIC=7.580649E-09
    GRAD=2.943420E-02
    NuBT=1
    CPU =0.000079

ITER: 33
    HPWL=8690.006836
    OVFL=0.692422
    HPWL=(4735.256836, 3954.749756)
    POTN=2.443332E+05
    PHIC=7.959681E-09
    GRAD=2.946446E-02
    NuBT=1
    CPU =0.000079

ITER: 34
    HPWL=8685.554688
    OVFL=0.692823
    HPWL=(4730.692871, 3954.861328)
    POTN=2.415574E+05
    PHIC=8.357665E-09
    GRAD=2.913263E-02
    NuBT=1
    CPU =0.000084

ITER: 35
    HPWL=8680.373047
    OVFL=0.692521
    HPWL=(4725.414062, 3954.958496)
    POTN=2.371327E+05
    PHIC=8.775547E-09
    GRAD=2.906614E-02
    NuBT=1
    CPU =0.000080

ITER: 36
    HPWL=8676.502930
    OVFL=0.692297
    HPWL=(4721.431152, 3955.071777)
    POTN=2.363252E+05
    PHIC=9.214324E-09
    GRAD=2.911038E-02
    NuBT=1
    CPU =0.000091

ITER: 37
    HPWL=8673.656250
    OVFL=0.690895
    HPWL=(4718.487793, 3955.167969)
    POTN=2.340143E+05
    PHIC=9.675040E-09
    GRAD=2.914990E-02
    NuBT=1
    CPU =0.000079

ITER: 38
    HPWL=8670.305664
    OVFL=0.690524
    HPWL=(4715.037598, 3955.267822)
    POTN=2.321352E+05
    PHIC=1.015879E-08
    GRAD=2.935986E-02
    NuBT=1
    CPU =0.000081

ITER: 39
    HPWL=8667.694336
    OVFL=0.690868
    HPWL=(4712.339844, 3955.354492)
    POTN=2.255200E+05
    PHIC=1.066673E-08
    GRAD=2.941089E-02
    NuBT=1
    CPU =0.000079

ITER: 40
    HPWL=8665.323242
    OVFL=0.692140
    HPWL=(4709.859375, 3955.464111)
    POTN=2.234718E+05
    PHIC=1.120007E-08
    GRAD=2.935337E-02
    NuBT=1
    CPU =0.000080

ITER: 41
    HPWL=8664.679688
    OVFL=0.691988
    HPWL=(4709.118652, 3955.560791)
    POTN=2.212118E+05
    PHIC=1.176007E-08
    GRAD=2.916238E-02
    NuBT=1
    CPU =0.000083

ITER: 42
    HPWL=8664.686523
    OVFL=0.693073
    HPWL=(4709.027344, 3955.658936)
    POTN=2.231202E+05
    PHIC=1.234807E-08
    GRAD=2.918219E-02
    NuBT=1
    CPU =0.000081

ITER: 43
    HPWL=8664.937500
    OVFL=0.692701
    HPWL=(4709.177246, 3955.760498)
    POTN=2.245927E+05
    PHIC=1.296548E-08
    GRAD=2.902227E-02
    NuBT=1
    CPU =0.000081

ITER: 44
    HPWL=8664.593750
    OVFL=0.696468
    HPWL=(4708.733398, 3955.860596)
    POTN=2.253612E+05
    PHIC=1.361375E-08
    GRAD=2.907607E-02
    NuBT=1
    CPU =0.000080

ITER: 45
    HPWL=8663.448242
    OVFL=0.696882
    HPWL=(4707.484863, 3955.963379)
    POTN=2.233676E+05
    PHIC=1.429444E-08
    GRAD=2.851981E-02
    NuBT=1
    CPU =0.000080

ITER: 46
    HPWL=8660.778320
    OVFL=0.698006
    HPWL=(4704.692871, 3956.085693)
    POTN=2.240657E+05
    PHIC=1.500916E-08
    GRAD=2.845408E-02
    NuBT=1
    CPU =0.000080

ITER: 47
    HPWL=8660.207031
    OVFL=0.697523
    HPWL=(4704.020996, 3956.186523)
    POTN=2.236046E+05
    PHIC=1.575961E-08
    GRAD=2.829388E-02
    NuBT=1
    CPU =0.000083

ITER: 48
    HPWL=8660.723633
    OVFL=0.697850
    HPWL=(4704.418945, 3956.304932)
    POTN=2.255522E+05
    PHIC=1.654759E-08
    GRAD=2.836551E-02
    NuBT=1
    CPU =0.000082

ITER: 49
    HPWL=8660.468750
    OVFL=0.697894
    HPWL=(4704.068359, 3956.400635)
    POTN=2.260401E+05
    PHIC=1.737497E-08
    GRAD=2.831683E-02
    NuBT=1
    CPU =0.000090

ITER: 50
    HPWL=8658.839844
    OVFL=0.700306
    HPWL=(4702.340332, 3956.500000)
    POTN=2.258595E+05
    PHIC=1.824372E-08
    GRAD=2.830398E-02
    NuBT=1
    CPU =0.000081

ITER: 51
    HPWL=8657.505859
    OVFL=0.701268
    HPWL=(4700.887695, 3956.617676)
    POTN=2.244096E+05
    PHIC=1.915590E-08
    GRAD=2.795265E-02
    NuBT=1
    CPU =0.000080

ITER: 52
    HPWL=8656.364258
    OVFL=0.703074
    HPWL=(4699.651855, 3956.712402)
    POTN=2.252913E+05
    PHIC=2.011370E-08
    GRAD=2.781796E-02
    NuBT=1
    CPU =0.000079

ITER: 53
    HPWL=8656.429688
    OVFL=0.703574
    HPWL=(4699.624512, 3956.804932)
    POTN=2.259313E+05
    PHIC=2.111938E-08
    GRAD=2.756174E-02
    NuBT=1
    CPU =0.000077

ITER: 54
    HPWL=8656.159180
    OVFL=0.705305
    HPWL=(4699.243652, 3956.915527)
    POTN=2.286133E+05
    PHIC=2.217535E-08
    GRAD=2.749183E-02
    NuBT=1
    CPU =0.000078

ITER: 55
    HPWL=8655.463867
    OVFL=0.705664
    HPWL=(4698.479980, 3956.983643)
    POTN=2.308999E+05
    PHIC=2.328412E-08
    GRAD=2.724860E-02
    NuBT=1
    CPU =0.000082

ITER: 56
    HPWL=8654.175781
    OVFL=0.706873
    HPWL=(4697.100098, 3957.075928)
    POTN=2.346747E+05
    PHIC=2.444832E-08
    GRAD=2.719472E-02
    NuBT=1
    CPU =0.000079

ITER: 57
    HPWL=8654.897461
    OVFL=0.706681
    HPWL=(4697.727539, 3957.170166)
    POTN=2.378242E+05
    PHIC=2.567073E-08
    GRAD=2.702505E-02
    NuBT=1
    CPU =0.000081

ITER: 58
    HPWL=8655.738281
    OVFL=0.707640
    HPWL=(4698.457520, 3957.280518)
    POTN=2.404587E+05
    PHIC=2.695426E-08
    GRAD=2.705193E-02
    NuBT=1
    CPU =0.000079

ITER: 59
    HPWL=8656.591797
    OVFL=0.708969
    HPWL=(4699.245605, 3957.346680)
    POTN=2.406977E+05
    PHIC=2.830197E-08
    GRAD=2.691879E-02
    NuBT=1
    CPU =0.000080

ITER: 60
    HPWL=8656.781250
    OVFL=0.710437
    HPWL=(4699.354980, 3957.426025)
    POTN=2.416029E+05
    PHIC=2.971707E-08
    GRAD=2.673758E-02
    NuBT=1
    CPU =0.000082

ITER: 61
    HPWL=8656.590820
    OVFL=0.711000
    HPWL=(4699.086914, 3957.503662)
    POTN=2.420500E+05
    PHIC=3.120292E-08
    GRAD=2.653435E-02
    NuBT=1
    CPU =0.000089

ITER: 62
    HPWL=8656.623047
    OVFL=0.711990
    HPWL=(4699.040039, 3957.583008)
    POTN=2.430962E+05
    PHIC=3.276307E-08
    GRAD=2.645851E-02
    NuBT=1
    CPU =0.000081

ITER: 63
    HPWL=8657.250000
    OVFL=0.712306
    HPWL=(4699.615723, 3957.634277)
    POTN=2.437951E+05
    PHIC=3.440122E-08
    GRAD=2.632406E-02
    NuBT=1
    CPU =0.000079

ITER: 64
    HPWL=8657.603516
    OVFL=0.712929
    HPWL=(4699.895020, 3957.708252)
    POTN=2.448953E+05
    PHIC=3.612128E-08
    GRAD=2.628217E-02
    NuBT=1
    CPU =0.000081

ITER: 65
    HPWL=8657.505859
    OVFL=0.713025
    HPWL=(4699.741699, 3957.763916)
    POTN=2.456969E+05
    PHIC=3.792734E-08
    GRAD=2.619728E-02
    NuBT=1
    CPU =0.000082

ITER: 66
    HPWL=8657.159180
    OVFL=0.713406
    HPWL=(4699.314453, 3957.844727)
    POTN=2.467853E+05
    PHIC=3.982370E-08
    GRAD=2.618171E-02
    NuBT=1
    CPU =0.000080

ITER: 67
    HPWL=8657.117188
    OVFL=0.713293
    HPWL=(4699.220215, 3957.896973)
    POTN=2.475644E+05
    PHIC=4.181489E-08
    GRAD=2.613059E-02
    NuBT=1
    CPU =0.000081

ITER: 68
    HPWL=8657.111328
    OVFL=0.713440
    HPWL=(4699.131836, 3957.979492)
    POTN=2.485218E+05
    PHIC=4.390563E-08
    GRAD=2.614610E-02
    NuBT=1
    CPU =0.000082

ITER: 69
    HPWL=8656.964844
    OVFL=0.713472
    HPWL=(4698.925293, 3958.039062)
    POTN=2.492107E+05
    PHIC=4.610091E-08
    GRAD=2.612646E-02
    NuBT=1
    CPU =0.000080

ITER: 70
    HPWL=8656.705078
    OVFL=0.713808
    HPWL=(4698.608398, 3958.096924)
    POTN=2.499896E+05
    PHIC=4.840595E-08
    GRAD=2.612299E-02
    NuBT=1
    CPU =0.000083

ITER: 71
    HPWL=8656.410156
    OVFL=0.713981
    HPWL=(4698.237305, 3958.172363)
    POTN=2.505362E+05
    PHIC=5.082625E-08
    GRAD=2.607537E-02
    NuBT=1
    CPU =0.000080

ITER: 72
    HPWL=8656.000000
    OVFL=0.714222
    HPWL=(4697.766602, 3958.232910)
    POTN=2.511110E+05
    PHIC=5.336756E-08
    GRAD=2.605264E-02
    NuBT=1
    CPU =0.000079

ITER: 73
    HPWL=8655.726562
    OVFL=0.714388
    HPWL=(4697.439453, 3958.286865)
    POTN=2.514736E+05
    PHIC=5.603593E-08
    GRAD=2.601962E-02
    NuBT=1
    CPU =0.000091

ITER: 74
    HPWL=8655.373047
    OVFL=0.714594
    HPWL=(4697.031738, 3958.341309)
    POTN=2.518149E+05
    PHIC=5.883773E-08
    GRAD=2.599925E-02
    NuBT=1
    CPU =0.000080

ITER: 75
    HPWL=8654.982422
    OVFL=0.714766
    HPWL=(4696.587891, 3958.394531)
    POTN=2.519578E+05
    PHIC=6.177961E-08
    GRAD=2.596954E-02
    NuBT=1
    CPU =0.000080

ITER: 76
    HPWL=8654.630859
    OVFL=0.714859
    HPWL=(4696.176270, 3958.454346)
    POTN=2.519933E+05
    PHIC=6.486859E-08
    GRAD=2.594866E-02
    NuBT=1
    CPU =0.000079

ITER: 77
    HPWL=8654.250000
    OVFL=0.714930
    HPWL=(4695.732422, 3958.517334)
    POTN=2.519069E+05
    PHIC=6.811202E-08
    GRAD=2.593451E-02
    NuBT=1
    CPU =0.000079

ITER: 78
    HPWL=8653.887695
    OVFL=0.714934
    HPWL=(4695.311035, 3958.576904)
    POTN=2.518021E+05
    PHIC=7.151761E-08
    GRAD=2.592820E-02
    NuBT=1
    CPU =0.000085

ITER: 79
    HPWL=8653.641602
    OVFL=0.714897
    HPWL=(4695.002441, 3958.638916)
    POTN=2.516577E+05
    PHIC=7.509349E-08
    GRAD=2.592778E-02
    NuBT=1
    CPU =0.000078

ITER: 80
    HPWL=8653.627930
    OVFL=0.714808
    HPWL=(4694.904785, 3958.722900)
    POTN=2.514831E+05
    PHIC=7.884816E-08
    GRAD=2.593072E-02
    NuBT=1
    CPU =0.000080

ITER: 81
    HPWL=8654.171875
    OVFL=0.714574
    HPWL=(4695.438965, 3958.733154)
    POTN=2.510714E+05
    PHIC=8.279056E-08
    GRAD=2.594430E-02
    NuBT=1
    CPU =0.000077

ITER: 82
    HPWL=8654.544922
    OVFL=0.714320
    HPWL=(4695.713379, 3958.832031)
    POTN=2.505484E+05
    PHIC=8.693008E-08
    GRAD=2.597187E-02
    NuBT=2
    CPU =0.000121

ITER: 83
    HPWL=8654.974609
    OVFL=0.714021
    HPWL=(4696.104004, 3958.870605)
    POTN=2.499017E+05
    PHIC=9.127657E-08
    GRAD=2.600546E-02
    NuBT=2
    CPU =0.000120

ITER: 84
    HPWL=8655.343750
    OVFL=0.713746
    HPWL=(4696.397461, 3958.946533)
    POTN=2.492151E+05
    PHIC=9.584039E-08
    GRAD=2.604783E-02
    NuBT=2
    CPU =0.000133

ITER: 85
    HPWL=8655.625977
    OVFL=0.713469
    HPWL=(4696.606445, 3959.019287)
    POTN=2.484097E+05
    PHIC=1.006324E-07
    GRAD=2.608336E-02
    NuBT=2
    CPU =0.000121

ITER: 86
    HPWL=8655.904297
    OVFL=0.713197
    HPWL=(4696.810547, 3959.093262)
    POTN=2.476076E+05
    PHIC=1.056640E-07
    GRAD=2.612052E-02
    NuBT=2
    CPU =0.000119

ITER: 87
    HPWL=8656.494141
    OVFL=0.712861
    HPWL=(4697.351562, 3959.142334)
    POTN=2.466820E+05
    PHIC=1.109472E-07
    GRAD=2.615640E-02
    NuBT=1
    CPU =0.000081

ITER: 88
    HPWL=8656.215820
    OVFL=0.712476
    HPWL=(4696.999023, 3959.216553)
    POTN=2.458048E+05
    PHIC=1.164946E-07
    GRAD=2.620311E-02
    NuBT=2
    CPU =0.000122

ITER: 89
    HPWL=8656.048828
    OVFL=0.712023
    HPWL=(4696.747070, 3959.301514)
    POTN=2.448152E+05
    PHIC=1.223193E-07
    GRAD=2.625464E-02
    NuBT=1
    CPU =0.000079

ITER: 90
    HPWL=8656.255859
    OVFL=0.712018
    HPWL=(4696.891602, 3959.364258)
    POTN=2.439177E+05
    PHIC=1.284352E-07
    GRAD=2.631376E-02
    NuBT=1
    CPU =0.000081

ITER: 91
    HPWL=8656.322266
    OVFL=0.711613
    HPWL=(4696.894043, 3959.428467)
    POTN=2.428639E+05
    PHIC=1.348570E-07
    GRAD=2.631445E-02
    NuBT=1
    CPU =0.000080

ITER: 92
    HPWL=8656.156250
    OVFL=0.711527
    HPWL=(4696.633301, 3959.523438)
    POTN=2.419680E+05
    PHIC=1.415998E-07
    GRAD=2.636709E-02
    NuBT=1
    CPU =0.000080

ITER: 93
    HPWL=8655.722656
    OVFL=0.711039
    HPWL=(4696.123047, 3959.599609)
    POTN=2.409483E+05
    PHIC=1.486798E-07
    GRAD=2.638064E-02
    NuBT=1
    CPU =0.000081

ITER: 94
    HPWL=8655.375977
    OVFL=0.710862
    HPWL=(4695.671875, 3959.704102)
    POTN=2.401150E+05
    PHIC=1.561138E-07
    GRAD=2.644678E-02
    NuBT=1
    CPU =0.000081

ITER: 95
    HPWL=8655.182617
    OVFL=0.710296
    HPWL=(4695.391113, 3959.791748)
    POTN=2.391492E+05
    PHIC=1.639195E-07
    GRAD=2.646732E-02
    NuBT=1
    CPU =0.000086

ITER: 96
    HPWL=8655.095703
    OVFL=0.710019
    HPWL=(4695.206055, 3959.889404)
    POTN=2.383836E+05
    PHIC=1.721154E-07
    GRAD=2.654337E-02
    NuBT=1
    CPU =0.000081

ITER: 97
    HPWL=8654.776367
    OVFL=0.709326
    HPWL=(4694.780273, 3959.996338)
    POTN=2.374736E+05
    PHIC=1.807212E-07
    GRAD=2.658293E-02
    NuBT=1
    CPU =0.000080

ITER: 98
    HPWL=8654.222656
    OVFL=0.708997
    HPWL=(4694.099609, 3960.123535)
    POTN=2.368286E+05
    PHIC=1.897573E-07
    GRAD=2.667583E-02
    NuBT=1
    CPU =0.000080

ITER: 99
    HPWL=8653.810547
    OVFL=0.708200
    HPWL=(4693.574219, 3960.236328)
    POTN=2.360028E+05
    PHIC=1.992451E-07
    GRAD=2.672225E-02
    NuBT=1
    CPU =0.000081

ITER: 100
    HPWL=8653.496094
    OVFL=0.707758
    HPWL=(4693.135742, 3960.360840)
    POTN=2.354644E+05
    PHIC=2.092074E-07
    GRAD=2.683050E-02
    NuBT=1
    CPU =0.000084

ITER: 101
    HPWL=8653.065430
    OVFL=0.706837
    HPWL=(4692.566895, 3960.498291)
    POTN=2.347265E+05
    PHIC=2.196677E-07
    GRAD=2.688721E-02
    NuBT=1
    CPU =0.000080

ITER: 102
    HPWL=8652.654297
    OVFL=0.706541
    HPWL=(4692.011719, 3960.642334)
    POTN=2.342652E+05
    PHIC=2.306511E-07
    GRAD=2.701664E-02
    NuBT=1
    CPU =0.000086

ITER: 103
    HPWL=8652.215820
    OVFL=0.706156
    HPWL=(4691.428711, 3960.787109)
    POTN=2.335368E+05
    PHIC=2.421836E-07
    GRAD=2.705615E-02
    NuBT=1
    CPU =0.000080

ITER: 104
    HPWL=8651.772461
    OVFL=0.706229
    HPWL=(4690.830078, 3960.942383)
    POTN=2.330296E+05
    PHIC=2.542928E-07
    GRAD=2.710880E-02
    NuBT=1
    CPU =0.000080

ITER: 105
    HPWL=8651.473633
    OVFL=0.705837
    HPWL=(4690.374512, 3961.098877)
    POTN=2.312805E+05
    PHIC=2.670074E-07
    GRAD=2.709925E-02
    NuBT=1
    CPU =0.000078

ITER: 106
    HPWL=8650.916992
    OVFL=0.705910
    HPWL=(4689.652832, 3961.263916)
    POTN=2.294239E+05
    PHIC=2.803578E-07
    GRAD=2.715388E-02
    NuBT=1
    CPU =0.000078

ITER: 107
    HPWL=8650.574219
    OVFL=0.705532
    HPWL=(4689.153320, 3961.420654)
    POTN=2.273869E+05
    PHIC=2.943757E-07
    GRAD=2.714100E-02
    NuBT=1
    CPU =0.000091

ITER: 108
    HPWL=8649.976562
    OVFL=0.705599
    HPWL=(4688.350586, 3961.625732)
    POTN=2.257415E+05
    PHIC=3.090944E-07
    GRAD=2.719225E-02
    NuBT=1
    CPU =0.000081

ITER: 109
    HPWL=8649.836914
    OVFL=0.705137
    HPWL=(4688.041016, 3961.796143)
    POTN=2.239327E+05
    PHIC=3.245491E-07
    GRAD=2.718549E-02
    NuBT=1
    CPU =0.000080

ITER: 110
    HPWL=8649.542969
    OVFL=0.705028
    HPWL=(4687.543457, 3961.999268)
    POTN=2.224925E+05
    PHIC=3.407766E-07
    GRAD=2.724733E-02
    NuBT=1
    CPU =0.000084

ITER: 111
    HPWL=8649.804688
    OVFL=0.704518
    HPWL=(4687.611816, 3962.193115)
    POTN=2.209252E+05
    PHIC=3.578154E-07
    GRAD=2.726122E-02
    NuBT=1
    CPU =0.000080

ITER: 112
    HPWL=8649.576172
    OVFL=0.704415
    HPWL=(4687.173828, 3962.402344)
    POTN=2.197368E+05
    PHIC=3.757062E-07
    GRAD=2.733158E-02
    NuBT=1
    CPU =0.000079

ITER: 113
    HPWL=8649.783203
    OVFL=0.703945
    HPWL=(4687.135742, 3962.647217)
    POTN=2.183977E+05
    PHIC=3.944915E-07
    GRAD=2.734583E-02
    NuBT=1
    CPU =0.000083

ITER: 114
    HPWL=8649.604492
    OVFL=0.703800
    HPWL=(4686.712891, 3962.891602)
    POTN=2.173951E+05
    PHIC=4.142160E-07
    GRAD=2.741201E-02
    NuBT=1
    CPU =0.000080

ITER: 115
    HPWL=8649.957031
    OVFL=0.703323
    HPWL=(4686.780762, 3963.176514)
    POTN=2.162384E+05
    PHIC=4.349268E-07
    GRAD=2.743009E-02
    NuBT=1
    CPU =0.000079

ITER: 116
    HPWL=8649.751953
    OVFL=0.703183
    HPWL=(4686.291504, 3963.460693)
    POTN=2.153841E+05
    PHIC=4.566731E-07
    GRAD=2.749636E-02
    NuBT=1
    CPU =0.000081

ITER: 117
    HPWL=8650.033203
    OVFL=0.702766
    HPWL=(4686.242188, 3963.790527)
    POTN=2.143697E+05
    PHIC=4.795068E-07
    GRAD=2.751434E-02
    NuBT=1
    CPU =0.000079

ITER: 118
    HPWL=8649.814453
    OVFL=0.702631
    HPWL=(4685.683594, 3964.130615)
    POTN=2.136187E+05
    PHIC=5.034821E-07
    GRAD=2.757147E-02
    NuBT=1
    CPU =0.000078

ITER: 119
    HPWL=8650.298828
    OVFL=0.702237
    HPWL=(4685.800781, 3964.497803)
    POTN=2.127230E+05
    PHIC=5.286561E-07
    GRAD=2.758998E-02
    NuBT=1
    CPU =0.000088

ITER: 120
    HPWL=8650.113281
    OVFL=0.702108
    HPWL=(4685.215820, 3964.897705)
    POTN=2.120644E+05
    PHIC=5.550888E-07
    GRAD=2.764853E-02
    NuBT=1
    CPU =0.000081

ITER: 121
    HPWL=8650.589844
    OVFL=0.701757
    HPWL=(4685.279297, 3965.311035)
    POTN=2.112613E+05
    PHIC=5.828432E-07
    GRAD=2.766532E-02
    NuBT=1
    CPU =0.000081

ITER: 122
    HPWL=8650.417969
    OVFL=0.701634
    HPWL=(4684.647461, 3965.770020)
    POTN=2.106322E+05
    PHIC=6.119853E-07
    GRAD=2.771520E-02
    NuBT=1
    CPU =0.000080

ITER: 123
    HPWL=8651.211914
    OVFL=0.701330
    HPWL=(4684.932129, 3966.279541)
    POTN=2.098735E+05
    PHIC=6.425845E-07
    GRAD=2.773187E-02
    NuBT=1
    CPU =0.000081

ITER: 124
    HPWL=8651.207031
    OVFL=0.701226
    HPWL=(4684.409180, 3966.798096)
    POTN=2.092655E+05
    PHIC=6.747137E-07
    GRAD=2.777351E-02
    NuBT=1
    CPU =0.000080

ITER: 125
    HPWL=8652.043945
    OVFL=0.700958
    HPWL=(4684.704102, 3967.339600)
    POTN=2.085346E+05
    PHIC=7.084492E-07
    GRAD=2.778604E-02
    NuBT=1
    CPU =0.000079

ITER: 126
    HPWL=8652.099609
    OVFL=0.700875
    HPWL=(4684.187012, 3967.912842)
    POTN=2.079362E+05
    PHIC=7.438717E-07
    GRAD=2.782378E-02
    NuBT=1
    CPU =0.000082

ITER: 127
    HPWL=8653.164062
    OVFL=0.700630
    HPWL=(4684.650391, 3968.513428)
    POTN=2.072182E+05
    PHIC=7.810651E-07
    GRAD=2.783765E-02
    NuBT=1
    CPU =0.000083

ITER: 128
    HPWL=8653.363281
    OVFL=0.700584
    HPWL=(4684.213867, 3969.149902)
    POTN=2.066342E+05
    PHIC=8.201183E-07
    GRAD=2.787146E-02
    NuBT=1
    CPU =0.000083

ITER: 129
    HPWL=8654.794922
    OVFL=0.700345
    HPWL=(4684.968262, 3969.826904)
    POTN=2.059157E+05
    PHIC=8.611240E-07
    GRAD=2.787496E-02
    NuBT=1
    CPU =0.000077

ITER: 130
    HPWL=8655.082031
    OVFL=0.700344
    HPWL=(4684.537598, 3970.544189)
    POTN=2.053586E+05
    PHIC=9.041802E-07
    GRAD=2.790973E-02
    NuBT=1
    CPU =0.000081

ITER: 131
    HPWL=8656.538086
    OVFL=0.700108
    HPWL=(4685.238281, 3971.300049)
    POTN=2.046462E+05
    PHIC=9.493889E-07
    GRAD=2.790914E-02
    NuBT=1
    CPU =0.000080

ITER: 132
    HPWL=8656.929688
    OVFL=0.700142
    HPWL=(4684.775879, 3972.153564)
    POTN=2.041226E+05
    PHIC=9.968584E-07
    GRAD=2.794210E-02
    NuBT=1
    CPU =0.000091

ITER: 133
    HPWL=8658.690430
    OVFL=0.699899
    HPWL=(4685.645020, 3973.045654)
    POTN=2.034314E+05
    PHIC=1.046701E-06
    GRAD=2.793891E-02
    NuBT=1
    CPU =0.000081

ITER: 134
    HPWL=8659.187500
    OVFL=0.699964
    HPWL=(4685.244629, 3973.942627)
    POTN=2.029624E+05
    PHIC=1.099036E-06
    GRAD=2.797356E-02
    NuBT=1
    CPU =0.000079

ITER: 135
    HPWL=8660.984375
    OVFL=0.699692
    HPWL=(4686.063965, 3974.919922)
    POTN=2.023113E+05
    PHIC=1.153987E-06
    GRAD=2.796238E-02
    NuBT=1
    CPU =0.000083

ITER: 136
    HPWL=8661.789062
    OVFL=0.699774
    HPWL=(4685.555176, 3976.234375)
    POTN=2.019023E+05
    PHIC=1.211686E-06
    GRAD=2.800443E-02
    NuBT=1
    CPU =0.000082

ITER: 137
    HPWL=8664.536133
    OVFL=0.699463
    HPWL=(4686.456543, 3978.079346)
    POTN=2.012909E+05
    PHIC=1.272270E-06
    GRAD=2.799023E-02
    NuBT=1
    CPU =0.000079

ITER: 138
    HPWL=8666.314453
    OVFL=0.699555
    HPWL=(4686.133789, 3980.180908)
    POTN=2.009698E+05
    PHIC=1.335883E-06
    GRAD=2.803436E-02
    NuBT=1
    CPU =0.000083

ITER: 139
    HPWL=8669.794922
    OVFL=0.692716
    HPWL=(4687.288574, 3982.506836)
    POTN=1.988896E+05
    PHIC=1.402677E-06
    GRAD=2.802367E-02
    NuBT=1
    CPU =0.000082

ITER: 140
    HPWL=8666.304688
    OVFL=0.680870
    HPWL=(4681.406250, 3984.898682)
    POTN=1.958961E+05
    PHIC=1.472811E-06
    GRAD=2.901433E-02
    NuBT=2
    CPU =0.000119

ITER: 141
    HPWL=8668.478516
    OVFL=0.675458
    HPWL=(4681.222656, 3987.256348)
    POTN=1.928671E+05
    PHIC=1.546451E-06
    GRAD=3.081966E-02
    NuBT=3
    CPU =0.000154

ITER: 142
    HPWL=8669.424805
    OVFL=0.670765
    HPWL=(4679.819824, 3989.605225)
    POTN=1.898885E+05
    PHIC=1.623773E-06
    GRAD=3.168261E-02
    NuBT=1
    CPU =0.000080

ITER: 143
    HPWL=8673.010742
    OVFL=0.665452
    HPWL=(4680.775879, 3992.234619)
    POTN=1.867453E+05
    PHIC=1.704961E-06
    GRAD=3.245362E-02
    NuBT=1
    CPU =0.000090

ITER: 144
    HPWL=8675.125000
    OVFL=0.660310
    HPWL=(4680.062988, 3995.061523)
    POTN=1.836352E+05
    PHIC=1.790208E-06
    GRAD=3.334227E-02
    NuBT=2
    CPU =0.000120

ITER: 145
    HPWL=8679.068359
    OVFL=0.658546
    HPWL=(4681.030273, 3998.038330)
    POTN=1.805407E+05
    PHIC=1.879717E-06
    GRAD=3.422787E-02
    NuBT=1
    CPU =0.000080

ITER: 146
    HPWL=8682.398438
    OVFL=0.656956
    HPWL=(4681.242188, 4001.156738)
    POTN=1.776462E+05
    PHIC=1.973702E-06
    GRAD=3.453907E-02
    NuBT=1
    CPU =0.000078

ITER: 147
    HPWL=8688.459961
    OVFL=0.655060
    HPWL=(4684.028809, 4004.431396)
    POTN=1.747008E+05
    PHIC=2.072385E-06
    GRAD=3.482044E-02
    NuBT=2
    CPU =0.000118

ITER: 148
    HPWL=8691.986328
    OVFL=0.657631
    HPWL=(4684.209473, 4007.776367)
    POTN=1.722430E+05
    PHIC=2.176004E-06
    GRAD=3.516320E-02
    NuBT=2
    CPU =0.000118

ITER: 149
    HPWL=8697.767578
    OVFL=0.660063
    HPWL=(4686.451172, 4011.316650)
    POTN=1.698853E+05
    PHIC=2.284802E-06
    GRAD=3.471145E-02
    NuBT=2
    CPU =0.000119

ITER: 150
    HPWL=8702.478516
    OVFL=0.662727
    HPWL=(4687.528320, 4014.949951)
    POTN=1.680036E+05
    PHIC=2.399040E-06
    GRAD=3.428685E-02
    NuBT=2
    CPU =0.000118

ITER: 151
    HPWL=8707.593750
    OVFL=0.671081
    HPWL=(4688.951660, 4018.642090)
    POTN=1.655867E+05
    PHIC=2.518991E-06
    GRAD=3.382632E-02
    NuBT=2
    CPU =0.000118

ITER: 152
    HPWL=8707.199219
    OVFL=0.676029
    HPWL=(4684.888672, 4022.310791)
    POTN=1.631105E+05
    PHIC=2.644940E-06
    GRAD=3.241637E-02
    NuBT=2
    CPU =0.000127

ITER: 153
    HPWL=8708.785156
    OVFL=0.679767
    HPWL=(4682.702637, 4026.082275)
    POTN=1.605148E+05
    PHIC=2.777186E-06
    GRAD=3.160604E-02
    NuBT=1
    CPU =0.000082

ITER: 154
    HPWL=8712.541016
    OVFL=0.682249
    HPWL=(4682.784668, 4029.756348)
    POTN=1.583241E+05
    PHIC=2.916044E-06
    GRAD=3.101197E-02
    NuBT=1
    CPU =0.000080

ITER: 155
    HPWL=8718.675781
    OVFL=0.684199
    HPWL=(4685.740234, 4032.936035)
    POTN=1.562647E+05
    PHIC=3.061843E-06
    GRAD=3.062158E-02
    NuBT=2
    CPU =0.000121

ITER: 156
    HPWL=8720.156250
    OVFL=0.685038
    HPWL=(4685.062988, 4035.093750)
    POTN=1.544816E+05
    PHIC=3.214934E-06
    GRAD=3.031783E-02
    NuBT=2
    CPU =0.000119

ITER: 157
    HPWL=8722.953125
    OVFL=0.685690
    HPWL=(4686.097168, 4036.856445)
    POTN=1.526826E+05
    PHIC=3.375680E-06
    GRAD=3.019048E-02
    NuBT=2
    CPU =0.000118

ITER: 158
    HPWL=8723.470703
    OVFL=0.685482
    HPWL=(4685.191406, 4038.279053)
    POTN=1.511314E+05
    PHIC=3.544463E-06
    GRAD=3.009066E-02
    NuBT=2
    CPU =0.000119

ITER: 159
    HPWL=8725.160156
    OVFL=0.685752
    HPWL=(4685.578613, 4039.581055)
    POTN=1.495596E+05
    PHIC=3.721685E-06
    GRAD=3.012343E-02
    NuBT=2
    CPU =0.000119

ITER: 160
    HPWL=8725.445312
    OVFL=0.684946
    HPWL=(4684.716309, 4040.729004)
    POTN=1.481681E+05
    PHIC=3.907769E-06
    GRAD=3.008397E-02
    NuBT=2
    CPU =0.000118

ITER: 161
    HPWL=8726.417969
    OVFL=0.684691
    HPWL=(4684.543945, 4041.873535)
    POTN=1.467259E+05
    PHIC=4.103157E-06
    GRAD=3.020624E-02
    NuBT=2
    CPU =0.000128

ITER: 162
    HPWL=8727.372070
    OVFL=0.683763
    HPWL=(4684.198242, 4043.174072)
    POTN=1.454552E+05
    PHIC=4.308314E-06
    GRAD=3.024588E-02
    NuBT=1
    CPU =0.000080

ITER: 163
    HPWL=8729.187500
    OVFL=0.683331
    HPWL=(4684.670898, 4044.516846)
    POTN=1.440850E+05
    PHIC=4.523728E-06
    GRAD=3.038734E-02
    NuBT=1
    CPU =0.000082

ITER: 164
    HPWL=8729.672852
    OVFL=0.682542
    HPWL=(4683.313965, 4046.359131)
    POTN=1.428737E+05
    PHIC=4.749914E-06
    GRAD=3.045504E-02
    NuBT=1
    CPU =0.000078

ITER: 165
    HPWL=8731.569336
    OVFL=0.682095
    HPWL=(4683.407715, 4048.161865)
    POTN=1.415972E+05
    PHIC=4.987409E-06
    GRAD=3.057728E-02
    NuBT=1
    CPU =0.000082

ITER: 166
    HPWL=8732.908203
    OVFL=0.681684
    HPWL=(4682.750488, 4050.157959)
    POTN=1.404785E+05
    PHIC=5.236778E-06
    GRAD=3.064706E-02
    NuBT=1
    CPU =0.000080

ITER: 167
    HPWL=8736.652344
    OVFL=0.681213
    HPWL=(4684.067871, 4052.584229)
    POTN=1.393029E+05
    PHIC=5.498613E-06
    GRAD=3.071183E-02
    NuBT=1
    CPU =0.000077

ITER: 168
    HPWL=8740.298828
    OVFL=0.680754
    HPWL=(4683.728516, 4056.570312)
    POTN=1.382957E+05
    PHIC=5.773540E-06
    GRAD=3.078757E-02
    NuBT=1
    CPU =0.000083

ITER: 169
    HPWL=8746.918945
    OVFL=0.676934
    HPWL=(4685.467285, 4061.451416)
    POTN=1.364956E+05
    PHIC=6.062211E-06
    GRAD=3.086281E-02
    NuBT=1
    CPU =0.000078

ITER: 170
    HPWL=8751.333984
    OVFL=0.664244
    HPWL=(4684.009766, 4067.323975)
    POTN=1.328685E+05
    PHIC=6.365318E-06
    GRAD=3.147041E-02
    NuBT=2
    CPU =0.000121

ITER: 171
    HPWL=8749.703125
    OVFL=0.657982
    HPWL=(4676.095215, 4073.608398)
    POTN=1.290217E+05
    PHIC=6.683584E-06
    GRAD=3.355900E-02
    NuBT=3
    CPU =0.000156

ITER: 172
    HPWL=8756.832031
    OVFL=0.651220
    HPWL=(4676.753418, 4080.078369)
    POTN=1.252640E+05
    PHIC=7.017755E-06
    GRAD=3.464544E-02
    NuBT=1
    CPU =0.000091

ITER: 173
    HPWL=8763.541016
    OVFL=0.643453
    HPWL=(4676.156738, 4087.384277)
    POTN=1.214640E+05
    PHIC=7.368636E-06
    GRAD=3.585774E-02
    NuBT=1
    CPU =0.000082

ITER: 174
    HPWL=8772.483398
    OVFL=0.641512
    HPWL=(4677.669434, 4094.814209)
    POTN=1.179883E+05
    PHIC=7.737058E-06
    GRAD=3.730321E-02
    NuBT=2
    CPU =0.000126

ITER: 175
    HPWL=8780.338867
    OVFL=0.641391
    HPWL=(4678.068848, 4102.270020)
    POTN=1.151413E+05
    PHIC=8.123901E-06
    GRAD=3.767318E-02
    NuBT=1
    CPU =0.000083

ITER: 176
    HPWL=8789.845703
    OVFL=0.641165
    HPWL=(4680.115234, 4109.730957)
    POTN=1.123972E+05
    PHIC=8.530084E-06
    GRAD=3.770074E-02
    NuBT=2
    CPU =0.000119

ITER: 177
    HPWL=8797.486328
    OVFL=0.641103
    HPWL=(4680.367188, 4117.119629)
    POTN=1.096296E+05
    PHIC=8.956579E-06
    GRAD=3.774308E-02
    NuBT=2
    CPU =0.000119

ITER: 178
    HPWL=8804.160156
    OVFL=0.640745
    HPWL=(4680.717285, 4123.442871)
    POTN=1.073361E+05
    PHIC=9.404399E-06
    GRAD=3.775635E-02
    NuBT=2
    CPU =0.000123

ITER: 179
    HPWL=8808.862305
    OVFL=0.640422
    HPWL=(4680.242676, 4128.619629)
    POTN=1.055689E+05
    PHIC=9.874611E-06
    GRAD=3.782533E-02
    NuBT=2
    CPU =0.000118

ITER: 180
    HPWL=8812.916992
    OVFL=0.639532
    HPWL=(4680.871094, 4132.045898)
    POTN=1.040340E+05
    PHIC=1.036834E-05
    GRAD=3.788562E-02
    NuBT=2
    CPU =0.000119

ITER: 181
    HPWL=8815.503906
    OVFL=0.638880
    HPWL=(4680.420410, 4135.083984)
    POTN=1.029208E+05
    PHIC=1.088675E-05
    GRAD=3.805982E-02
    NuBT=2
    CPU =0.000127

ITER: 182
    HPWL=8819.089844
    OVFL=0.637629
    HPWL=(4681.753418, 4137.336914)
    POTN=1.018772E+05
    PHIC=1.143108E-05
    GRAD=3.818997E-02
    NuBT=2
    CPU =0.000118

ITER: 183
    HPWL=8820.250000
    OVFL=0.636989
    HPWL=(4681.205078, 4139.045410)
    POTN=1.010146E+05
    PHIC=1.200263E-05
    GRAD=3.843434E-02
    NuBT=2
    CPU =0.000118

ITER: 184
    HPWL=8823.259766
    OVFL=0.638453
    HPWL=(4682.971191, 4140.288086)
    POTN=1.002563E+05
    PHIC=1.260276E-05
    GRAD=3.856204E-02
    NuBT=1
    CPU =0.000080

ITER: 185
    HPWL=8823.173828
    OVFL=0.641480
    HPWL=(4681.842773, 4141.331055)
    POTN=9.943608E+04
    PHIC=1.323290E-05
    GRAD=3.827800E-02
    NuBT=2
    CPU =0.000118

ITER: 186
    HPWL=8824.785156
    OVFL=0.643568
    HPWL=(4681.625000, 4143.160645)
    POTN=9.861666E+04
    PHIC=1.389454E-05
    GRAD=3.769401E-02
    NuBT=1
    CPU =0.000080

ITER: 187
    HPWL=8825.155273
    OVFL=0.645093
    HPWL=(4680.303711, 4144.851562)
    POTN=9.781935E+04
    PHIC=1.458926E-05
    GRAD=3.729586E-02
    NuBT=1
    CPU =0.000080

ITER: 188
    HPWL=8828.847656
    OVFL=0.645960
    HPWL=(4680.459961, 4148.387695)
    POTN=9.687489E+04
    PHIC=1.531872E-05
    GRAD=3.700760E-02
    NuBT=1
    CPU =0.000080

ITER: 189
    HPWL=8836.317383
    OVFL=0.647294
    HPWL=(4680.454590, 4155.862793)
    POTN=9.595103E+04
    PHIC=1.608463E-05
    GRAD=3.685010E-02
    NuBT=1
    CPU =0.000079

ITER: 190
    HPWL=8843.943359
    OVFL=0.647172
    HPWL=(4680.709473, 4163.234375)
    POTN=9.479703E+04
    PHIC=1.688885E-05
    GRAD=3.660268E-02
    NuBT=1
    CPU =0.000076

ITER: 191
    HPWL=8847.230469
    OVFL=0.647068
    HPWL=(4677.620605, 4169.609863)
    POTN=9.337895E+04
    PHIC=1.773328E-05
    GRAD=3.662083E-02
    NuBT=1
    CPU =0.000091

ITER: 192
    HPWL=8858.191406
    OVFL=0.648145
    HPWL=(4678.425781, 4179.765137)
    POTN=9.193761E+04
    PHIC=1.861991E-05
    GRAD=3.664565E-02
    NuBT=1
    CPU =0.000080

ITER: 193
    HPWL=8868.822266
    OVFL=0.644318
    HPWL=(4677.523438, 4191.298828)
    POTN=8.942648E+04
    PHIC=1.955088E-05
    GRAD=3.644504E-02
    NuBT=1
    CPU =0.000079

ITER: 194
    HPWL=8883.993164
    OVFL=0.634086
    HPWL=(4678.626953, 4205.366211)
    POTN=8.565071E+04
    PHIC=2.052838E-05
    GRAD=3.716686E-02
    NuBT=1
    CPU =0.000079

ITER: 195
    HPWL=8884.830078
    OVFL=0.628458
    HPWL=(4672.716797, 4212.112793)
    POTN=8.154935E+04
    PHIC=2.155480E-05
    GRAD=3.913179E-02
    NuBT=2
    CPU =0.000117

ITER: 196
    HPWL=8895.902344
    OVFL=0.621846
    HPWL=(4670.372559, 4225.530273)
    POTN=7.748052E+04
    PHIC=2.263250E-05
    GRAD=4.026227E-02
    NuBT=1
    CPU =0.000079

ITER: 197
    HPWL=8920.388672
    OVFL=0.617699
    HPWL=(4674.081543, 4246.306641)
    POTN=7.343816E+04
    PHIC=2.376404E-05
    GRAD=4.164338E-02
    NuBT=2
    CPU =0.000121

ITER: 198
    HPWL=8940.079102
    OVFL=0.614784
    HPWL=(4674.914062, 4265.165039)
    POTN=7.012476E+04
    PHIC=2.495217E-05
    GRAD=4.253298E-02
    NuBT=2
    CPU =0.000119

ITER: 199
    HPWL=8961.080078
    OVFL=0.611509
    HPWL=(4675.715332, 4285.365234)
    POTN=6.740475E+04
    PHIC=2.619970E-05
    GRAD=4.316229E-02
    NuBT=2
    CPU =0.000118

ITER: 200
    HPWL=8974.488281
    OVFL=0.606194
    HPWL=(4675.743164, 4298.744629)
    POTN=6.506949E+04
    PHIC=2.750963E-05
    GRAD=4.388054E-02
    NuBT=2
    CPU =0.000121

ITER: 201
    HPWL=8985.779297
    OVFL=0.596435
    HPWL=(4673.486816, 4312.292969)
    POTN=6.271174E+04
    PHIC=2.888507E-05
    GRAD=4.506683E-02
    NuBT=2
    CPU =0.000130

ITER: 202
    HPWL=8988.884766
    OVFL=0.588956
    HPWL=(4669.541992, 4319.342773)
    POTN=6.056884E+04
    PHIC=3.032931E-05
    GRAD=4.732974E-02
    NuBT=2
    CPU =0.000119

ITER: 203
    HPWL=8992.230469
    OVFL=0.584699
    HPWL=(4666.336426, 4325.894043)
    POTN=5.900877E+04
    PHIC=3.184575E-05
    GRAD=4.914290E-02
    NuBT=1
    CPU =0.000079

ITER: 204
    HPWL=9004.341797
    OVFL=0.584470
    HPWL=(4669.489746, 4334.851562)
    POTN=5.813112E+04
    PHIC=3.343798E-05
    GRAD=5.021864E-02
    NuBT=1
    CPU =0.000086

ITER: 205
    HPWL=9014.664062
    OVFL=0.585795
    HPWL=(4671.631348, 4343.033203)
    POTN=5.773445E+04
    PHIC=3.510983E-05
    GRAD=5.028402E-02
    NuBT=2
    CPU =0.000121

ITER: 206
    HPWL=9016.751953
    OVFL=0.587665
    HPWL=(4673.437988, 4343.313477)
    POTN=5.742882E+04
    PHIC=3.686531E-05
    GRAD=4.995562E-02
    NuBT=2
    CPU =0.000117

ITER: 207
    HPWL=9020.601562
    OVFL=0.589479
    HPWL=(4672.264160, 4348.337891)
    POTN=5.701645E+04
    PHIC=3.870855E-05
    GRAD=4.947889E-02
    NuBT=1
    CPU =0.000078

ITER: 208
    HPWL=9028.366211
    OVFL=0.589544
    HPWL=(4676.709473, 4351.656738)
    POTN=5.654823E+04
    PHIC=4.064392E-05
    GRAD=4.904830E-02
    NuBT=1
    CPU =0.000080

ITER: 209
    HPWL=9014.555664
    OVFL=0.588041
    HPWL=(4674.646484, 4339.909180)
    POTN=5.553448E+04
    PHIC=4.267612E-05
    GRAD=4.900732E-02
    NuBT=1
    CPU =0.000081

ITER: 210
    HPWL=9014.076172
    OVFL=0.584298
    HPWL=(4677.804199, 4336.272461)
    POTN=5.426546E+04
    PHIC=4.480992E-05
    GRAD=4.939647E-02
    NuBT=1
    CPU =0.000078

ITER: 211
    HPWL=9008.712891
    OVFL=0.578377
    HPWL=(4674.316895, 4334.396484)
    POTN=5.260420E+04
    PHIC=4.705042E-05
    GRAD=5.031883E-02
    NuBT=2
    CPU =0.000133

ITER: 212
    HPWL=9006.877930
    OVFL=0.572606
    HPWL=(4673.638184, 4333.239746)
    POTN=5.072008E+04
    PHIC=4.940293E-05
    GRAD=5.183638E-02
    NuBT=2
    CPU =0.000120

ITER: 213
    HPWL=9007.200195
    OVFL=0.565542
    HPWL=(4671.844238, 4335.355957)
    POTN=4.864526E+04
    PHIC=5.187308E-05
    GRAD=5.335463E-02
    NuBT=1
    CPU =0.000080

ITER: 214
    HPWL=9011.238281
    OVFL=0.559194
    HPWL=(4670.637207, 4340.601562)
    POTN=4.675560E+04
    PHIC=5.446670E-05
    GRAD=5.528380E-02
    NuBT=2
    CPU =0.000118

ITER: 215
    HPWL=9018.500977
    OVFL=0.554696
    HPWL=(4668.190918, 4350.310059)
    POTN=4.485766E+04
    PHIC=5.718997E-05
    GRAD=5.704954E-02
    NuBT=1
    CPU =0.000080

ITER: 216
    HPWL=9025.624023
    OVFL=0.551620
    HPWL=(4669.745605, 4355.878418)
    POTN=4.338354E+04
    PHIC=6.004941E-05
    GRAD=5.836159E-02
    NuBT=1
    CPU =0.000079

ITER: 217
    HPWL=9026.021484
    OVFL=0.548126
    HPWL=(4668.874512, 4357.146973)
    POTN=4.203144E+04
    PHIC=6.305187E-05
    GRAD=5.925008E-02
    NuBT=1
    CPU =0.000080

ITER: 218
    HPWL=9025.580078
    OVFL=0.546345
    HPWL=(4668.739258, 4356.841309)
    POTN=4.111577E+04
    PHIC=6.620446E-05
    GRAD=6.029449E-02
    NuBT=2
    CPU =0.000119

ITER: 219
    HPWL=9027.736328
    OVFL=0.544699
    HPWL=(4666.669922, 4361.066895)
    POTN=4.036717E+04
    PHIC=6.951466E-05
    GRAD=6.080635E-02
    NuBT=1
    CPU =0.000079

ITER: 220
    HPWL=9032.970703
    OVFL=0.544859
    HPWL=(4667.487305, 4365.483398)
    POTN=3.994265E+04
    PHIC=7.299033E-05
    GRAD=6.131097E-02
    NuBT=2
    CPU =0.000119

ITER: 221
    HPWL=9037.335938
    OVFL=0.544477
    HPWL=(4665.674805, 4371.660645)
    POTN=3.947643E+04
    PHIC=7.663980E-05
    GRAD=6.123096E-02
    NuBT=1
    CPU =0.000083

ITER: 222
    HPWL=9043.049805
    OVFL=0.544992
    HPWL=(4666.870117, 4376.179688)
    POTN=3.908746E+04
    PHIC=8.047172E-05
    GRAD=6.134879E-02
    NuBT=2
    CPU =0.000130

ITER: 223
    HPWL=9046.181641
    OVFL=0.544280
    HPWL=(4665.519043, 4380.663086)
    POTN=3.853479E+04
    PHIC=8.449527E-05
    GRAD=6.115555E-02
    NuBT=1
    CPU =0.000083

ITER: 224
    HPWL=9052.428711
    OVFL=0.543912
    HPWL=(4666.773438, 4385.655273)
    POTN=3.797313E+04
    PHIC=8.871994E-05
    GRAD=6.137676E-02
    NuBT=1
    CPU =0.000081

ITER: 225
    HPWL=9056.376953
    OVFL=0.541444
    HPWL=(4665.234375, 4391.143066)
    POTN=3.706014E+04
    PHIC=9.315588E-05
    GRAD=6.146049E-02
    NuBT=1
    CPU =0.000079

ITER: 226
    HPWL=9064.623047
    OVFL=0.539327
    HPWL=(4666.060547, 4398.562988)
    POTN=3.608814E+04
    PHIC=9.781356E-05
    GRAD=6.221285E-02
    NuBT=1
    CPU =0.000080

ITER: 227
    HPWL=9071.458008
    OVFL=0.536774
    HPWL=(4665.125488, 4406.332520)
    POTN=3.492572E+04
    PHIC=1.027041E-04
    GRAD=6.284048E-02
    NuBT=1
    CPU =0.000079

ITER: 228
    HPWL=9078.835938
    OVFL=0.532272
    HPWL=(4666.406738, 4412.429688)
    POTN=3.365408E+04
    PHIC=1.078392E-04
    GRAD=6.364305E-02
    NuBT=1
    CPU =0.000084

ITER: 229
    HPWL=9086.162109
    OVFL=0.524281
    HPWL=(4665.231934, 4420.930664)
    POTN=3.217896E+04
    PHIC=1.132311E-04
    GRAD=6.504855E-02
    NuBT=2
    CPU =0.000118

ITER: 230
    HPWL=9095.582031
    OVFL=0.516290
    HPWL=(4664.863770, 4430.718262)
    POTN=3.093101E+04
    PHIC=1.188925E-04
    GRAD=6.766462E-02
    NuBT=2
    CPU =0.000119

ITER: 231
    HPWL=9104.345703
    OVFL=0.506981
    HPWL=(4664.522461, 4439.822754)
    POTN=2.962394E+04
    PHIC=1.248369E-04
    GRAD=7.037865E-02
    NuBT=1
    CPU =0.000078

ITER: 232
    HPWL=9113.316406
    OVFL=0.498384
    HPWL=(4664.450195, 4448.866211)
    POTN=2.857027E+04
    PHIC=1.310786E-04
    GRAD=7.368073E-02
    NuBT=2
    CPU =0.000132

ITER: 233
    HPWL=9120.251953
    OVFL=0.491972
    HPWL=(4664.479492, 4455.772949)
    POTN=2.769373E+04
    PHIC=1.376324E-04
    GRAD=7.685387E-02
    NuBT=2
    CPU =0.000120

ITER: 234
    HPWL=9125.612305
    OVFL=0.488612
    HPWL=(4664.530273, 4461.082031)
    POTN=2.706234E+04
    PHIC=1.445139E-04
    GRAD=7.930083E-02
    NuBT=1
    CPU =0.000078

ITER: 235
    HPWL=9130.681641
    OVFL=0.486481
    HPWL=(4664.629883, 4466.051270)
    POTN=2.673475E+04
    PHIC=1.517395E-04
    GRAD=8.058928E-02
    NuBT=1
    CPU =0.000077

ITER: 236
    HPWL=9128.291016
    OVFL=0.485980
    HPWL=(4664.744629, 4463.545898)
    POTN=2.667313E+04
    PHIC=1.593264E-04
    GRAD=8.140423E-02
    NuBT=1
    CPU =0.000083

ITER: 237
    HPWL=9135.626953
    OVFL=0.484600
    HPWL=(4664.819824, 4470.806641)
    POTN=2.656450E+04
    PHIC=1.672926E-04
    GRAD=8.156964E-02
    NuBT=2
    CPU =0.000116

ITER: 238
    HPWL=9135.940430
    OVFL=0.484152
    HPWL=(4665.035645, 4470.904785)
    POTN=2.649765E+04
    PHIC=1.756572E-04
    GRAD=8.208405E-02
    NuBT=2
    CPU =0.000122

ITER: 239
    HPWL=9132.273438
    OVFL=0.480313
    HPWL=(4664.982910, 4467.290527)
    POTN=2.618507E+04
    PHIC=1.844400E-04
    GRAD=8.220494E-02
    NuBT=1
    CPU =0.000081

ITER: 240
    HPWL=9136.972656
    OVFL=0.476851
    HPWL=(4665.333008, 4471.640137)
    POTN=2.574328E+04
    PHIC=1.936619E-04
    GRAD=8.373241E-02
    NuBT=2
    CPU =0.000121

ITER: 241
    HPWL=9134.416016
    OVFL=0.470883
    HPWL=(4665.147949, 4469.268555)
    POTN=2.506721E+04
    PHIC=2.033450E-04
    GRAD=8.508348E-02
    NuBT=1
    CPU =0.000080

ITER: 242
    HPWL=9134.153320
    OVFL=0.465950
    HPWL=(4665.508789, 4468.644531)
    POTN=2.432837E+04
    PHIC=2.135122E-04
    GRAD=8.755141E-02
    NuBT=2
    CPU =0.000130

ITER: 243
    HPWL=9134.333984
    OVFL=0.458636
    HPWL=(4665.258789, 4469.074707)
    POTN=2.343039E+04
    PHIC=2.241878E-04
    GRAD=8.960699E-02
    NuBT=1
    CPU =0.000081

ITER: 244
    HPWL=9135.044922
    OVFL=0.454074
    HPWL=(4665.591309, 4469.453613)
    POTN=2.270580E+04
    PHIC=2.353972E-04
    GRAD=9.279486E-02
    NuBT=2
    CPU =0.000117

ITER: 245
    HPWL=9135.216797
    OVFL=0.448452
    HPWL=(4665.392090, 4469.825195)
    POTN=2.201221E+04
    PHIC=2.471670E-04
    GRAD=9.478701E-02
    NuBT=1
    CPU =0.000081

ITER: 246
    HPWL=9136.722656
    OVFL=0.444582
    HPWL=(4665.677734, 4471.044434)
    POTN=2.148913E+04
    PHIC=2.595253E-04
    GRAD=9.731879E-02
    NuBT=2
    CPU =0.000122

ITER: 247
    HPWL=9136.687500
    OVFL=0.440382
    HPWL=(4665.440430, 4471.246582)
    POTN=2.102573E+04
    PHIC=2.725016E-04
    GRAD=9.905651E-02
    NuBT=1
    CPU =0.000080

ITER: 248
    HPWL=9139.445312
    OVFL=0.437753
    HPWL=(4665.821289, 4473.624512)
    POTN=2.072411E+04
    PHIC=2.861265E-04
    GRAD=1.009852E-01
    NuBT=2
    CPU =0.000119

ITER: 249
    HPWL=9140.805664
    OVFL=0.433953
    HPWL=(4665.542969, 4475.262695)
    POTN=2.040652E+04
    PHIC=3.004328E-04
    GRAD=1.021422E-01
    NuBT=1
    CPU =0.000081

ITER: 250
    HPWL=9143.052734
    OVFL=0.431212
    HPWL=(4666.029297, 4477.023926)
    POTN=2.005197E+04
    PHIC=3.154543E-04
    GRAD=1.039119E-01
    NuBT=2
    CPU =0.000119

ITER: 251
    HPWL=9147.674805
    OVFL=0.426813
    HPWL=(4665.708496, 4481.966309)
    POTN=1.965036E+04
    PHIC=3.312267E-04
    GRAD=1.051279E-01
    NuBT=1
    CPU =0.000079

ITER: 252
    HPWL=9152.976562
    OVFL=0.422610
    HPWL=(4666.250488, 4486.725586)
    POTN=1.918017E+04
    PHIC=3.477878E-04
    GRAD=1.072336E-01
    NuBT=2
    CPU =0.000128

ITER: 253
    HPWL=9157.709961
    OVFL=0.417316
    HPWL=(4665.930664, 4491.779297)
    POTN=1.861822E+04
    PHIC=3.651769E-04
    GRAD=1.092147E-01
    NuBT=1
    CPU =0.000081

ITER: 254
    HPWL=9163.956055
    OVFL=0.414482
    HPWL=(4666.599609, 4497.356445)
    POTN=1.802137E+04
    PHIC=3.834354E-04
    GRAD=1.118384E-01
    NuBT=2
    CPU =0.000117

ITER: 255
    HPWL=9166.871094
    OVFL=0.412409
    HPWL=(4666.007812, 4500.863770)
    POTN=1.750463E+04
    PHIC=4.026070E-04
    GRAD=1.131085E-01
    NuBT=1
    CPU =0.000079

ITER: 256
    HPWL=9171.646484
    OVFL=0.411443
    HPWL=(4667.128418, 4504.517578)
    POTN=1.700055E+04
    PHIC=4.227370E-04
    GRAD=1.140147E-01
    NuBT=2
    CPU =0.000120

ITER: 257
    HPWL=9177.242188
    OVFL=0.408171
    HPWL=(4666.225098, 4511.017090)
    POTN=1.638416E+04
    PHIC=4.438735E-04
    GRAD=1.143061E-01
    NuBT=1
    CPU =0.000079

ITER: 258
    HPWL=9187.289062
    OVFL=0.404937
    HPWL=(4667.946289, 4519.343262)
    POTN=1.562504E+04
    PHIC=4.660665E-04
    GRAD=1.159131E-01
    NuBT=1
    CPU =0.000080

ITER: 259
    HPWL=9190.878906
    OVFL=0.399147
    HPWL=(4666.364258, 4524.514648)
    POTN=1.484792E+04
    PHIC=4.893696E-04
    GRAD=1.173794E-01
    NuBT=2
    CPU =0.000116

ITER: 260
    HPWL=9194.986328
    OVFL=0.393105
    HPWL=(4668.390137, 4526.596191)
    POTN=1.384246E+04
    PHIC=5.138377E-04
    GRAD=1.203305E-01
    NuBT=1
    CPU =0.000081

ITER: 261
    HPWL=9192.168945
    OVFL=0.386271
    HPWL=(4666.133301, 4526.035645)
    POTN=1.285091E+04
    PHIC=5.395296E-04
    GRAD=1.235299E-01
    NuBT=1
    CPU =0.000079

ITER: 262
    HPWL=9193.185547
    OVFL=0.374170
    HPWL=(4669.196777, 4523.988281)
    POTN=1.159967E+04
    PHIC=5.665060E-04
    GRAD=1.271442E-01
    NuBT=2
    CPU =0.000130

ITER: 263
    HPWL=9188.127930
    OVFL=0.363152
    HPWL=(4666.242188, 4521.885742)
    POTN=1.069480E+04
    PHIC=5.948312E-04
    GRAD=1.340426E-01
    NuBT=2
    CPU =0.000122

ITER: 264
    HPWL=9192.960938
    OVFL=0.355363
    HPWL=(4668.716309, 4524.245117)
    POTN=9.879251E+03
    PHIC=6.245723E-04
    GRAD=1.406104E-01
    NuBT=1
    CPU =0.000081

ITER: 265
    HPWL=9185.638672
    OVFL=0.353872
    HPWL=(4665.793945, 4519.845215)
    POTN=9.424638E+03
    PHIC=6.558009E-04
    GRAD=1.452378E-01
    NuBT=1
    CPU =0.000079

ITER: 266
    HPWL=9184.902344
    OVFL=0.353708
    HPWL=(4670.085938, 4514.815918)
    POTN=9.113949E+03
    PHIC=6.885909E-04
    GRAD=1.458498E-01
    NuBT=2
    CPU =0.000117

ITER: 267
    HPWL=9176.681641
    OVFL=0.352446
    HPWL=(4666.016113, 4510.665527)
    POTN=8.840135E+03
    PHIC=7.230205E-04
    GRAD=1.454452E-01
    NuBT=2
    CPU =0.000119

ITER: 268
    HPWL=9180.554688
    OVFL=0.349212
    HPWL=(4671.515625, 4509.039551)
    POTN=8.579438E+03
    PHIC=7.591710E-04
    GRAD=1.457631E-01
    NuBT=1
    CPU =0.000083

ITER: 269
    HPWL=9175.064453
    OVFL=0.345620
    HPWL=(4666.997070, 4508.067871)
    POTN=8.315970E+03
    PHIC=7.971295E-04
    GRAD=1.473685E-01
    NuBT=2
    CPU =0.000118

ITER: 270
    HPWL=9184.688477
    OVFL=0.343258
    HPWL=(4673.781250, 4510.907227)
    POTN=8.102448E+03
    PHIC=8.369848E-04
    GRAD=1.491175E-01
    NuBT=1
    CPU =0.000080

ITER: 271
    HPWL=9181.601562
    OVFL=0.339031
    HPWL=(4668.774414, 4512.827148)
    POTN=7.764201E+03
    PHIC=8.788340E-04
    GRAD=1.501530E-01
    NuBT=1
    CPU =0.000079

ITER: 272
    HPWL=9186.174805
    OVFL=0.337483
    HPWL=(4675.201660, 4510.973145)
    POTN=7.490654E+03
    PHIC=9.227751E-04
    GRAD=1.523151E-01
    NuBT=2
    CPU =0.000133

ITER: 273
    HPWL=9184.110352
    OVFL=0.334019
    HPWL=(4669.702637, 4514.407715)
    POTN=7.137368E+03
    PHIC=9.689138E-04
    GRAD=1.526553E-01
    NuBT=1
    CPU =0.000083

ITER: 274
    HPWL=9197.262695
    OVFL=0.331104
    HPWL=(4675.572266, 4521.690430)
    POTN=6.905137E+03
    PHIC=1.017358E-03
    GRAD=1.541559E-01
    NuBT=1
    CPU =0.000081

ITER: 275
    HPWL=9200.976562
    OVFL=0.324622
    HPWL=(4669.747070, 4531.229492)
    POTN=6.562351E+03
    PHIC=1.068225E-03
    GRAD=1.555632E-01
    NuBT=1
    CPU =0.000079

ITER: 276
    HPWL=9220.205078
    OVFL=0.321211
    HPWL=(4675.047363, 4545.157227)
    POTN=6.323071E+03
    PHIC=1.121633E-03
    GRAD=1.589602E-01
    NuBT=1
    CPU =0.000077

ITER: 277
    HPWL=9235.277344
    OVFL=0.315004
    HPWL=(4669.405273, 4565.872070)
    POTN=5.957885E+03
    PHIC=1.177712E-03
    GRAD=1.606793E-01
    NuBT=1
    CPU =0.000081

ITER: 278
    HPWL=9262.332031
    OVFL=0.313418
    HPWL=(4674.413574, 4587.918945)
    POTN=5.679138E+03
    PHIC=1.236593E-03
    GRAD=1.639792E-01
    NuBT=1
    CPU =0.000079

ITER: 279
    HPWL=9277.865234
    OVFL=0.307483
    HPWL=(4670.122559, 4607.742676)
    POTN=5.253547E+03
    PHIC=1.298419E-03
    GRAD=1.642043E-01
    NuBT=1
    CPU =0.000079

ITER: 280
    HPWL=9297.402344
    OVFL=0.302308
    HPWL=(4674.202637, 4623.199707)
    POTN=4.812456E+03
    PHIC=1.363337E-03
    GRAD=1.672747E-01
    NuBT=1
    CPU =0.000083

ITER: 281
    HPWL=9302.187500
    OVFL=0.295108
    HPWL=(4669.539551, 4632.647949)
    POTN=4.335047E+03
    PHIC=1.431502E-03
    GRAD=1.698585E-01
    NuBT=2
    CPU =0.000119

ITER: 282
    HPWL=9303.056641
    OVFL=0.294435
    HPWL=(4672.141113, 4630.915039)
    POTN=4.087255E+03
    PHIC=1.503077E-03
    GRAD=1.734025E-01
    NuBT=1
    CPU =0.000079

ITER: 283
    HPWL=9294.158203
    OVFL=0.291818
    HPWL=(4669.660156, 4624.498047)
    POTN=3.868046E+03
    PHIC=1.578231E-03
    GRAD=1.729323E-01
    NuBT=1
    CPU =0.000083

ITER: 284
    HPWL=9282.029297
    OVFL=0.294217
    HPWL=(4671.600098, 4610.429688)
    POTN=3.824123E+03
    PHIC=1.657143E-03
    GRAD=1.734522E-01
    NuBT=1
    CPU =0.000091

ITER: 285
    HPWL=9278.353516
    OVFL=0.294163
    HPWL=(4669.149902, 4609.203613)
    POTN=3.672857E+03
    PHIC=1.740000E-03
    GRAD=1.706233E-01
    NuBT=1
    CPU =0.000082

ITER: 286
    HPWL=9281.349609
    OVFL=0.295656
    HPWL=(4671.303223, 4610.045898)
    POTN=3.612975E+03
    PHIC=1.826999E-03
    GRAD=1.691225E-01
    NuBT=1
    CPU =0.000082

ITER: 287
    HPWL=9283.875000
    OVFL=0.291962
    HPWL=(4669.138184, 4614.736816)
    POTN=3.408623E+03
    PHIC=1.918348E-03
    GRAD=1.669358E-01
    NuBT=1
    CPU =0.000080

ITER: 288
    HPWL=9291.687500
    OVFL=0.289410
    HPWL=(4672.160156, 4619.526855)
    POTN=3.307536E+03
    PHIC=2.014263E-03
    GRAD=1.676567E-01
    NuBT=1
    CPU =0.000080

ITER: 289
    HPWL=9294.337891
    OVFL=0.282862
    HPWL=(4669.340820, 4624.996582)
    POTN=3.104163E+03
    PHIC=2.114975E-03
    GRAD=1.683145E-01
    NuBT=1
    CPU =0.000079

ITER: 290
    HPWL=9304.549805
    OVFL=0.281076
    HPWL=(4672.747559, 4631.802246)
    POTN=3.011978E+03
    PHIC=2.220721E-03
    GRAD=1.709462E-01
    NuBT=2
    CPU =0.000122

ITER: 291
    HPWL=9310.385742
    OVFL=0.275788
    HPWL=(4669.853027, 4640.532715)
    POTN=2.779125E+03
    PHIC=2.331755E-03
    GRAD=1.705485E-01
    NuBT=1
    CPU =0.000082

ITER: 292
    HPWL=9315.466797
    OVFL=0.269733
    HPWL=(4674.368652, 4641.097656)
    POTN=2.596899E+03
    PHIC=2.448341E-03
    GRAD=1.721369E-01
    NuBT=1
    CPU =0.000083

ITER: 293
    HPWL=9317.542969
    OVFL=0.262222
    HPWL=(4671.363281, 4646.180176)
    POTN=2.311288E+03
    PHIC=2.570757E-03
    GRAD=1.743305E-01
    NuBT=2
    CPU =0.000117

ITER: 294
    HPWL=9323.626953
    OVFL=0.259049
    HPWL=(4675.135254, 4648.491699)
    POTN=2.218953E+03
    PHIC=2.699292E-03
    GRAD=1.772842E-01
    NuBT=1
    CPU =0.000087

ITER: 295
    HPWL=9322.974609
    OVFL=0.258224
    HPWL=(4672.179688, 4650.794922)
    POTN=2.084042E+03
    PHIC=2.834257E-03
    GRAD=1.775628E-01
    NuBT=1
    CPU =0.000090

ITER: 296
    HPWL=9323.089844
    OVFL=0.261303
    HPWL=(4676.284180, 4646.806152)
    POTN=2.112280E+03
    PHIC=2.975969E-03
    GRAD=1.759259E-01
    NuBT=1
    CPU =0.000082

ITER: 297
    HPWL=9331.554688
    OVFL=0.261792
    HPWL=(4673.393066, 4658.161133)
    POTN=2.040190E+03
    PHIC=3.124763E-03
    GRAD=1.721397E-01
    NuBT=1
    CPU =0.000078

ITER: 298
    HPWL=9343.305664
    OVFL=0.260942
    HPWL=(4677.683594, 4665.622070)
    POTN=2.015410E+03
    PHIC=3.280996E-03
    GRAD=1.695498E-01
    NuBT=1
    CPU =0.000082

ITER: 299
    HPWL=9350.967773
    OVFL=0.255417
    HPWL=(4673.558105, 4677.409668)
    POTN=1.853825E+03
    PHIC=3.445042E-03
    GRAD=1.679484E-01
    NuBT=1
    CPU =0.000079

ITER: 300
    HPWL=9360.901367
    OVFL=0.251317
    HPWL=(4678.299316, 4682.602051)
    POTN=1.815928E+03
    PHIC=3.617289E-03
    GRAD=1.688802E-01
    NuBT=1
    CPU =0.000081

ITER: 301
    HPWL=9352.960938
    OVFL=0.249972
    HPWL=(4673.647949, 4679.312988)
    POTN=1.706114E+03
    PHIC=3.798153E-03
    GRAD=1.690720E-01
    NuBT=1
    CPU =0.000081

ITER: 302
    HPWL=9350.843750
    OVFL=0.247805
    HPWL=(4678.821289, 4672.022461)
    POTN=1.657234E+03
    PHIC=3.988060E-03
    GRAD=1.671063E-01
    NuBT=1
    CPU =0.000080

ITER: 303
    HPWL=9352.199219
    OVFL=0.245352
    HPWL=(4673.312012, 4678.887207)
    POTN=1.541914E+03
    PHIC=4.187462E-03
    GRAD=1.659946E-01
    NuBT=2
    CPU =0.000118

ITER: 304
    HPWL=9360.269531
    OVFL=0.245240
    HPWL=(4678.324707, 4681.945312)
    POTN=1.517241E+03
    PHIC=4.396830E-03
    GRAD=1.646568E-01
    NuBT=1
    CPU =0.000081

ITER: 305
    HPWL=9357.378906
    OVFL=0.243692
    HPWL=(4672.758789, 4684.620605)
    POTN=1.440720E+03
    PHIC=4.616671E-03
    GRAD=1.625017E-01
    NuBT=1
    CPU =0.000079

ITER: 306
    HPWL=9366.411133
    OVFL=0.239840
    HPWL=(4678.988281, 4687.422852)
    POTN=1.394872E+03
    PHIC=4.847499E-03
    GRAD=1.604618E-01
    NuBT=1
    CPU =0.000078

ITER: 307
    HPWL=9369.171875
    OVFL=0.233520
    HPWL=(4674.700195, 4694.471680)
    POTN=1.293027E+03
    PHIC=5.089872E-03
    GRAD=1.597823E-01
    NuBT=1
    CPU =0.000091

ITER: 308
    HPWL=9382.044922
    OVFL=0.228496
    HPWL=(4680.410645, 4701.634766)
    POTN=1.251811E+03
    PHIC=5.344355E-03
    GRAD=1.599773E-01
    NuBT=2
    CPU =0.000119

ITER: 309
    HPWL=9386.203125
    OVFL=0.223464
    HPWL=(4674.769531, 4711.434082)
    POTN=1.148690E+03
    PHIC=5.611569E-03
    GRAD=1.598477E-01
    NuBT=1
    CPU =0.000080

ITER: 310
    HPWL=9406.279297
    OVFL=0.216370
    HPWL=(4681.154785, 4725.124512)
    POTN=1.082812E+03
    PHIC=5.892131E-03
    GRAD=1.592447E-01
    NuBT=1
    CPU =0.000080

ITER: 311
    HPWL=9403.966797
    OVFL=0.212644
    HPWL=(4676.708008, 4727.258789)
    POTN=1.036948E+03
    PHIC=6.186737E-03
    GRAD=1.602467E-01
    NuBT=2
    CPU =0.000119

ITER: 312
    HPWL=9409.539062
    OVFL=0.209933
    HPWL=(4682.586426, 4726.952148)
    POTN=1.045493E+03
    PHIC=6.496068E-03
    GRAD=1.595768E-01
    NuBT=1
    CPU =0.000082

ITER: 313
    HPWL=9406.544922
    OVFL=0.208371
    HPWL=(4677.338379, 4729.207031)
    POTN=1.016199E+03
    PHIC=6.820871E-03
    GRAD=1.577325E-01
    NuBT=2
    CPU =0.000122

ITER: 314
    HPWL=9423.429688
    OVFL=0.205415
    HPWL=(4682.778320, 4740.650879)
    POTN=9.632522E+02
    PHIC=7.161897E-03
    GRAD=1.552470E-01
    NuBT=2
    CPU =0.000121

ITER: 315
    HPWL=9422.582031
    OVFL=0.197999
    HPWL=(4678.211914, 4744.370605)
    POTN=8.820565E+02
    PHIC=7.519992E-03
    GRAD=1.530285E-01
    NuBT=1
    CPU =0.000081

ITER: 316
    HPWL=9422.324219
    OVFL=0.192724
    HPWL=(4680.676758, 4741.647461)
    POTN=8.129624E+02
    PHIC=7.895991E-03
    GRAD=1.531368E-01
    NuBT=1
    CPU =0.000079

ITER: 317
    HPWL=9419.699219
    OVFL=0.188776
    HPWL=(4679.169922, 4740.528809)
    POTN=7.736133E+02
    PHIC=8.290790E-03
    GRAD=1.520026E-01
    NuBT=1
    CPU =0.000089

ITER: 318
    HPWL=9410.308594
    OVFL=0.190213
    HPWL=(4681.476074, 4728.832520)
    POTN=7.672520E+02
    PHIC=8.705329E-03
    GRAD=1.503280E-01
    NuBT=1
    CPU =0.000082

ITER: 319
    HPWL=9407.089844
    OVFL=0.187871
    HPWL=(4680.863281, 4726.226074)
    POTN=7.664545E+02
    PHIC=9.140595E-03
    GRAD=1.454578E-01
    NuBT=1
    CPU =0.000081

ITER: 320
    HPWL=9412.980469
    OVFL=0.185103
    HPWL=(4681.092773, 4731.888184)
    POTN=7.421271E+02
    PHIC=9.597616E-03
    GRAD=1.432302E-01
    NuBT=1
    CPU =0.000081

ITER: 321
    HPWL=9419.123047
    OVFL=0.180210
    HPWL=(4678.611328, 4740.512207)
    POTN=7.172903E+02
    PHIC=1.007749E-02
    GRAD=1.399781E-01
    NuBT=2
    CPU =0.000121

ITER: 322
    HPWL=9432.646484
    OVFL=0.173987
    HPWL=(4681.576172, 4751.069824)
    POTN=6.523879E+02
    PHIC=1.058134E-02
    GRAD=1.376203E-01
    NuBT=1
    CPU =0.000082

ITER: 323
    HPWL=9441.472656
    OVFL=0.167884
    HPWL=(4675.791992, 4765.680176)
    POTN=6.088858E+02
    PHIC=1.111039E-02
    GRAD=1.369696E-01
    NuBT=1
    CPU =0.000081

ITER: 324
    HPWL=9454.605469
    OVFL=0.158232
    HPWL=(4683.318359, 4771.287109)
    POTN=5.212576E+02
    PHIC=1.166589E-02
    GRAD=1.346568E-01
    NuBT=2
    CPU =0.000121

ITER: 325
    HPWL=9450.972656
    OVFL=0.153970
    HPWL=(4677.019043, 4773.953125)
    POTN=4.970957E+02
    PHIC=1.224919E-02
    GRAD=1.336435E-01
    NuBT=2
    CPU =0.000118

ITER: 326
    HPWL=9451.511719
    OVFL=0.150964
    HPWL=(4682.694336, 4768.816895)
    POTN=4.763642E+02
    PHIC=1.286164E-02
    GRAD=1.312724E-01
    NuBT=1
    CPU =0.000080

ITER: 327
    HPWL=9441.068359
    OVFL=0.149540
    HPWL=(4676.488281, 4764.580078)
    POTN=4.726989E+02
    PHIC=1.350472E-02
    GRAD=1.279746E-01
    NuBT=2
    CPU =0.000123

ITER: 328
    HPWL=9443.901367
    OVFL=0.146915
    HPWL=(4679.931641, 4763.969727)
    POTN=4.516427E+02
    PHIC=1.417995E-02
    GRAD=1.245271E-01
    NuBT=1
    CPU =0.000092

ITER: 329
    HPWL=9443.982422
    OVFL=0.145294
    HPWL=(4674.642578, 4769.339355)
    POTN=4.532045E+02
    PHIC=1.488895E-02
    GRAD=1.222217E-01
    NuBT=1
    CPU =0.000080

ITER: 330
    HPWL=9454.031250
    OVFL=0.142555
    HPWL=(4678.133789, 4775.896973)
    POTN=4.195810E+02
    PHIC=1.563338E-02
    GRAD=1.183915E-01
    NuBT=2
    CPU =0.000119

ITER: 331
    HPWL=9454.916016
    OVFL=0.140998
    HPWL=(4673.619629, 4781.296875)
    POTN=4.088728E+02
    PHIC=1.641504E-02
    GRAD=1.157760E-01
    NuBT=1
    CPU =0.000080

ITER: 332
    HPWL=9459.855469
    OVFL=0.138750
    HPWL=(4676.500000, 4783.355469)
    POTN=3.914028E+02
    PHIC=1.723578E-02
    GRAD=1.121428E-01
    NuBT=1
    CPU =0.000083

ITER: 333
    HPWL=9459.562500
    OVFL=0.137610
    HPWL=(4673.351074, 4786.211426)
    POTN=3.871155E+02
    PHIC=1.809757E-02
    GRAD=1.092209E-01
    NuBT=1
    CPU =0.000079

ITER: 334
    HPWL=9464.439453
    OVFL=0.135661
    HPWL=(4676.216797, 4788.222656)
    POTN=3.705829E+02
    PHIC=1.900244E-02
    GRAD=1.058935E-01
    NuBT=1
    CPU =0.000079

ITER: 335
    HPWL=9463.142578
    OVFL=0.134039
    HPWL=(4674.187012, 4788.956055)
    POTN=3.612642E+02
    PHIC=1.995256E-02
    GRAD=1.033933E-01
    NuBT=1
    CPU =0.000083

ITER: 336
    HPWL=9467.194336
    OVFL=0.131880
    HPWL=(4676.435547, 4790.758789)
    POTN=3.450452E+02
    PHIC=2.095017E-02
    GRAD=1.000881E-01
    NuBT=2
    CPU =0.000120

ITER: 337
    HPWL=9469.058594
    OVFL=0.130572
    HPWL=(4676.088867, 4792.969238)
    POTN=3.344890E+02
    PHIC=2.199767E-02
    GRAD=9.748755E-02
    NuBT=1
    CPU =0.000082

ITER: 338
    HPWL=9471.931641
    OVFL=0.128373
    HPWL=(4677.048828, 4794.883301)
    POTN=3.233100E+02
    PHIC=2.309754E-02
    GRAD=9.428234E-02
    NuBT=2
    CPU =0.000135

ITER: 339
    HPWL=9474.235352
    OVFL=0.126156
    HPWL=(4676.748535, 4797.486816)
    POTN=3.120896E+02
    PHIC=2.425241E-02
    GRAD=9.188936E-02
    NuBT=1
    CPU =0.000082

ITER: 340
    HPWL=9475.332031
    OVFL=0.124753
    HPWL=(4678.374023, 4796.958496)
    POTN=3.032673E+02
    PHIC=2.546503E-02
    GRAD=8.886857E-02
    NuBT=1
    CPU =0.000080

ITER: 341
    HPWL=9478.457031
    OVFL=0.123318
    HPWL=(4676.998047, 4801.459473)
    POTN=2.964155E+02
    PHIC=2.673827E-02
    GRAD=8.650264E-02
    NuBT=1
    CPU =0.000084

ITER: 342
    HPWL=9479.939453
    OVFL=0.121698
    HPWL=(4678.829102, 4801.110352)
    POTN=2.841775E+02
    PHIC=2.807518E-02
    GRAD=8.337060E-02
    NuBT=2
    CPU =0.000120

ITER: 343
    HPWL=9482.298828
    OVFL=0.119980
    HPWL=(4678.312012, 4803.987305)
    POTN=2.781797E+02
    PHIC=2.947892E-02
    GRAD=8.122517E-02
    NuBT=1
    CPU =0.000080

ITER: 344
    HPWL=9487.456055
    OVFL=0.118555
    HPWL=(4680.964844, 4806.491211)
    POTN=2.653270E+02
    PHIC=3.095285E-02
    GRAD=7.827306E-02
    NuBT=1
    CPU =0.000084

ITER: 345
    HPWL=9488.101562
    OVFL=0.117284
    HPWL=(4679.160645, 4808.941406)
    POTN=2.631790E+02
    PHIC=3.250048E-02
    GRAD=7.605001E-02
    NuBT=1
    CPU =0.000080

ITER: 346
    HPWL=9493.595703
    OVFL=0.115362
    HPWL=(4683.912109, 4809.684082)
    POTN=2.488354E+02
    PHIC=3.412548E-02
    GRAD=7.324658E-02
    NuBT=2
    CPU =0.000118

ITER: 347
    HPWL=9492.136719
    OVFL=0.113492
    HPWL=(4680.769043, 4811.367188)
    POTN=2.455079E+02
    PHIC=3.583175E-02
    GRAD=7.122235E-02
    NuBT=1
    CPU =0.000081

ITER: 348
    HPWL=9497.349609
    OVFL=0.110852
    HPWL=(4684.873047, 4812.477051)
    POTN=2.291337E+02
    PHIC=3.762331E-02
    GRAD=6.843205E-02
    NuBT=1
    CPU =0.000079

ITER: 349
    HPWL=9495.792969
    OVFL=0.109133
    HPWL=(4682.130859, 4813.662598)
    POTN=2.282953E+02
    PHIC=3.950447E-02
    GRAD=6.667295E-02
    NuBT=1
    CPU =0.000080

ITER: 350
    HPWL=9502.537109
    OVFL=0.107998
    HPWL=(4686.250977, 4816.286133)
    POTN=2.111709E+02
    PHIC=4.147965E-02
    GRAD=6.396794E-02
    NuBT=1
    CPU =0.000090

ITER: 351
    HPWL=9500.908203
    OVFL=0.105121
    HPWL=(4682.476074, 4818.432617)
    POTN=2.152806E+02
    PHIC=4.355364E-02
    GRAD=6.237620E-02
    NuBT=1
    CPU =0.000080

ITER: 352
    HPWL=9507.974609
    OVFL=0.101968
    HPWL=(4686.437988, 4821.536133)
    POTN=1.924687E+02
    PHIC=4.573127E-02
    GRAD=5.960790E-02
    NuBT=2
    CPU =0.000118

ITER: 353
    HPWL=9502.351562
    OVFL=0.099986
    HPWL=(4683.058105, 4819.292969)
    POTN=1.985923E+02
    PHIC=4.801783E-02
    GRAD=5.853948E-02
    NuBT=1
    CPU =0.000080
[INFO] Nesterov: NumIters = 353
[INFO] Nesterov: ScaledHpwl = 9502.351562
[INFO] Nesterov: Overflow = 0.099986
[INFO] Nesterov: Potential = 198.592331
[INFO] Nesterov: xInstScaledHpwl = 9502.516602
[INFO] Nesterov: yInstScaledHpwl = 9502.351562
[INFO] Nesterov: HPWL = 2871.871582
