
Cell sky130_fd_sc_hd__dfrbp_1 disconnected node: D
Cell sky130_fd_sc_hd__dfrbp_1 disconnected node: Q
Cell sky130_fd_sc_hd__dfrbp_1 disconnected node: Q_N
Cell sky130_fd_sc_hd__dfrbp_1 disconnected node: RESET_B
Cell sky130_fd_sc_hd__dfrbp_1 disconnected node: CLK
Cell sky130_fd_sc_hd__dfrbp_1 disconnected node: VGND
Cell sky130_fd_sc_hd__dfrbp_1 disconnected node: VPWR
Warning: Equate pins:  cell sky130_fd_sc_hd__dfrbp_1 has no definition, treated as a black box.

Subcircuit pins:
Circuit 1: sky130_fd_sc_hd__dfrbp_1        |Circuit 2: sky130_fd_sc_hd__dfrbp_1        
-------------------------------------------|-------------------------------------------
D                                          |D                                          
Q                                          |Q                                          
Q_N                                        |Q_N                                        
RESET_B                                    |RESET_B                                    
CLK                                        |CLK                                        
VGND                                       |VGND                                       
VPWR                                       |VPWR                                       
---------------------------------------------------------------------------------------
Cell pin lists are equivalent.
Device classes sky130_fd_sc_hd__dfrbp_1 and sky130_fd_sc_hd__dfrbp_1 are equivalent.

Cell sky130_fd_sc_hd__diode_2 disconnected node: DIODE
Cell sky130_fd_sc_hd__diode_2 disconnected node: VGND
Cell sky130_fd_sc_hd__diode_2 disconnected node: VPWR
Warning: Equate pins:  cell sky130_fd_sc_hd__diode_2 has no definition, treated as a black box.

Subcircuit pins:
Circuit 1: sky130_fd_sc_hd__diode_2        |Circuit 2: sky130_fd_sc_hd__diode_2        
-------------------------------------------|-------------------------------------------
DIODE                                      |DIODE                                      
VGND                                       |VGND                                       
VPWR                                       |VPWR                                       
---------------------------------------------------------------------------------------
Cell pin lists are equivalent.
Device classes sky130_fd_sc_hd__diode_2 and sky130_fd_sc_hd__diode_2 are equivalent.

Cell sky130_fd_sc_hd__clkbuf_1 disconnected node: A
Cell sky130_fd_sc_hd__clkbuf_1 disconnected node: X
Cell sky130_fd_sc_hd__clkbuf_1 disconnected node: VGND
Cell sky130_fd_sc_hd__clkbuf_1 disconnected node: VPWR
Warning: Equate pins:  cell sky130_fd_sc_hd__clkbuf_1 has no definition, treated as a black box.

Subcircuit pins:
Circuit 1: sky130_fd_sc_hd__clkbuf_1       |Circuit 2: sky130_fd_sc_hd__clkbuf_1       
-------------------------------------------|-------------------------------------------
A                                          |A                                          
X                                          |X                                          
VGND                                       |VGND                                       
VPWR                                       |VPWR                                       
---------------------------------------------------------------------------------------
Cell pin lists are equivalent.
Device classes sky130_fd_sc_hd__clkbuf_1 and sky130_fd_sc_hd__clkbuf_1 are equivalent.

Cell sky130_fd_sc_hd__tapvpwrvgnd_1 disconnected node: VGND
Cell sky130_fd_sc_hd__tapvpwrvgnd_1 disconnected node: VPWR
Warning: Equate pins:  cell sky130_fd_sc_hd__tapvpwrvgnd_1 has no definition, treated as a black box.

Subcircuit pins:
Circuit 1: sky130_fd_sc_hd__tapvpwrvgnd_1  |Circuit 2: sky130_fd_sc_hd__tapvpwrvgnd_1  
-------------------------------------------|-------------------------------------------
VGND                                       |VGND                                       
VPWR                                       |VPWR                                       
---------------------------------------------------------------------------------------
Cell pin lists are equivalent.
Device classes sky130_fd_sc_hd__tapvpwrvgnd_1 and sky130_fd_sc_hd__tapvpwrvgnd_1 are equivalent.

Cell sky130_fd_sc_hd__buf_2 disconnected node: A
Cell sky130_fd_sc_hd__buf_2 disconnected node: X
Cell sky130_fd_sc_hd__buf_2 disconnected node: VGND
Cell sky130_fd_sc_hd__buf_2 disconnected node: VPWR
Warning: Equate pins:  cell sky130_fd_sc_hd__buf_2 has no definition, treated as a black box.

Subcircuit pins:
Circuit 1: sky130_fd_sc_hd__buf_2          |Circuit 2: sky130_fd_sc_hd__buf_2          
-------------------------------------------|-------------------------------------------
A                                          |A                                          
X                                          |X                                          
VGND                                       |VGND                                       
VPWR                                       |VPWR                                       
---------------------------------------------------------------------------------------
Cell pin lists are equivalent.
Device classes sky130_fd_sc_hd__buf_2 and sky130_fd_sc_hd__buf_2 are equivalent.

Cell sky130_fd_sc_hd__conb_1 disconnected node: HI
Cell sky130_fd_sc_hd__conb_1 disconnected node: LO
Cell sky130_fd_sc_hd__conb_1 disconnected node: VGND
Cell sky130_fd_sc_hd__conb_1 disconnected node: VPWR
Warning: Equate pins:  cell sky130_fd_sc_hd__conb_1 has no definition, treated as a black box.

Subcircuit pins:
Circuit 1: sky130_fd_sc_hd__conb_1         |Circuit 2: sky130_fd_sc_hd__conb_1         
-------------------------------------------|-------------------------------------------
LO                                         |LO                                         
VGND                                       |VGND                                       
VPWR                                       |VPWR                                       
---------------------------------------------------------------------------------------
Cell pin lists are equivalent.
Device classes sky130_fd_sc_hd__conb_1 and sky130_fd_sc_hd__conb_1 are equivalent.

Cell sky130_fd_sc_hd__clkbuf_16 disconnected node: A
Cell sky130_fd_sc_hd__clkbuf_16 disconnected node: X
Cell sky130_fd_sc_hd__clkbuf_16 disconnected node: VGND
Cell sky130_fd_sc_hd__clkbuf_16 disconnected node: VPWR
Warning: Equate pins:  cell sky130_fd_sc_hd__clkbuf_16 has no definition, treated as a black box.

Subcircuit pins:
Circuit 1: sky130_fd_sc_hd__clkbuf_16      |Circuit 2: sky130_fd_sc_hd__clkbuf_16      
-------------------------------------------|-------------------------------------------
A                                          |A                                          
X                                          |X                                          
VGND                                       |VGND                                       
VPWR                                       |VPWR                                       
---------------------------------------------------------------------------------------
Cell pin lists are equivalent.
Device classes sky130_fd_sc_hd__clkbuf_16 and sky130_fd_sc_hd__clkbuf_16 are equivalent.

Subcircuit summary:
Circuit 1: cby_2__1_                       |Circuit 2: cby_2__1_                       
-------------------------------------------|-------------------------------------------
sky130_fd_sc_hd__dfrbp_1 (58)              |sky130_fd_sc_hd__dfrbp_1 (58)              
sky130_fd_sc_hd__diode_2 (207)             |sky130_fd_sc_hd__diode_2 (207)             
sky130_fd_sc_hd__clkbuf_1 (14)             |sky130_fd_sc_hd__clkbuf_1 (14)             
sky130_fd_sc_hd__tapvpwrvgnd_1 (140)       |sky130_fd_sc_hd__tapvpwrvgnd_1 (140)       
sky130_fd_sc_hd__buf_2 (18)                |sky130_fd_sc_hd__buf_2 (18)                
sky130_fd_sc_hd__conb_1 (11)               |sky130_fd_sc_hd__conb_1 (11)               
sky130_fd_sc_hd__clkbuf_16 (1)             |sky130_fd_sc_hd__clkbuf_16 (1)             
Number of devices: 449                     |Number of devices: 449                     
Number of nets: 183                        |Number of nets: 183                        
---------------------------------------------------------------------------------------
Netlists match with 17 symmetries.
Circuits match correctly.

Subcircuit pins:
Circuit 1: cby_2__1_                       |Circuit 2: cby_2__1_                       
-------------------------------------------|-------------------------------------------
chany_in_12_                               |chany_in_12_                               
chany_in_0_                                |chany_in_0_                                
chany_in_15_                               |chany_in_15_                               
chany_in_17_                               |chany_in_17_                               
chany_in_14_                               |chany_in_14_                               
chany_in_11_                               |chany_in_11_                               
chany_in_2_                                |chany_in_2_                                
chany_in_3_                                |chany_in_3_                                
chany_in_5_                                |chany_in_5_                                
chany_in_6_                                |chany_in_6_                                
chany_in_8_                                |chany_in_8_                                
chany_in_7_                                |chany_in_7_                                
chany_in_16_                               |chany_in_16_                               
chany_in_9_                                |chany_in_9_                                
chany_in_4_                                |chany_in_4_                                
chany_in_13_                               |chany_in_13_                               
chany_in_1_                                |chany_in_1_                                
chany_in_10_                               |chany_in_10_                               
ccff_head                                  |ccff_head                                  
prog_clk                                   |prog_clk                                   
pReset                                     |pReset                                     
right_grid_pin_4_                          |right_grid_pin_4_                          
right_grid_pin_6_                          |right_grid_pin_6_                          
right_grid_pin_8_                          |right_grid_pin_8_                          
left_grid_pin_9_                           |left_grid_pin_9_                           
left_grid_pin_5_                           |left_grid_pin_5_                           
left_grid_pin_1_                           |left_grid_pin_1_                           
right_grid_pin_0_                          |right_grid_pin_0_                          
right_grid_pin_10_                         |right_grid_pin_10_                         
right_grid_pin_12_                         |right_grid_pin_12_                         
right_grid_pin_14_                         |right_grid_pin_14_                         
right_grid_pin_2_                          |right_grid_pin_2_                          
chany_out_0_                               |chany_out_0_                               
chany_out_10_                              |chany_out_10_                              
chany_out_11_                              |chany_out_11_                              
chany_out_12_                              |chany_out_12_                              
chany_out_13_                              |chany_out_13_                              
chany_out_14_                              |chany_out_14_                              
chany_out_15_                              |chany_out_15_                              
chany_out_16_                              |chany_out_16_                              
chany_out_17_                              |chany_out_17_                              
chany_out_1_                               |chany_out_1_                               
chany_out_2_                               |chany_out_2_                               
chany_out_3_                               |chany_out_3_                               
chany_out_4_                               |chany_out_4_                               
chany_out_5_                               |chany_out_5_                               
chany_out_6_                               |chany_out_6_                               
chany_out_7_                               |chany_out_7_                               
chany_out_8_                               |chany_out_8_                               
chany_out_9_                               |chany_out_9_                               
ccff_tail                                  |ccff_tail                                  
VGND                                       |VGND                                       
VPWR                                       |VPWR                                       
---------------------------------------------------------------------------------------
Cell pin lists are equivalent.
Device classes cby_2__1_ and cby_2__1_ are equivalent.
Circuits match uniquely.
