
reading lef ...
add shortConstraint to layer mcon
add shortConstraint to layer via
add shortConstraint to layer via2
add shortConstraint to layer via3
add shortConstraint to layer via4

units:       1000
#layers:     11
#macros:     437
#vias:       25
#viarulegen: 25

reading def ...

design:      cbx_1__0_
die area:    ( 0 0 ) ( 164515 67800 )
trackPts:    12
defvias:     4
#components: 1057
#terminals:  53
#snets:      2
#nets:       189

reading guide ...

#guides:     1590
List of default vias:
  Layer mcon
    default via: L1M1_PR_MR
  Layer via
    default via: M1M2_PR
  Layer via2
    default via: M2M3_PR_M
  Layer via3
    default via: M3M4_PR_M
  Layer via4
    default via: M4M5_PR_C

libcell analysis ...

instance analysis ...
#unique instances = 29

init region query ...
  complete li1
  complete mcon
  complete met1
  complete via
  complete met2
  complete via2
  complete met3
  complete via3
  complete met4
  complete via4
  complete met5

li1 shape region query size = 9464
mcon shape region query size = 11214
met1 shape region query size = 3541
via shape region query size = 680
met2 shape region query size = 354
via2 shape region query size = 680
met3 shape region query size = 377
via3 shape region query size = 680
met4 shape region query size = 250
via4 shape region query size = 60
met5 shape region query size = 68


start pin access
  complete 26 pins
  complete 29 unique inst patterns
  complete 325 groups
#scanned instances    = 1057
#unique  instances    = 29
#stdCellGenAp         = 246
#stdCellValidPlanarAp = 143
#stdCellValidViaAp    = 143
#stdCellPinNoAp       = 0
#macroGenAp           = 0
#macroValidPlanarAp   = 0
#macroValidViaAp      = 0
#macroNoAp            = 0

complete pin access
cpu time = 00:00:00, elapsed time = 00:00:00, memory = 12.28 (MB), peak = 12.45 (MB)

post process guides ...
GCELLGRID X 0 DO 9 STEP 6900 ;
GCELLGRID Y 0 DO 23 STEP 6900 ;
  complete li1
  complete mcon
  complete met1
  complete via
  complete met2
  complete via2
  complete met3
  complete via3
  complete met4
  complete via4
  complete met5

building cmap ... 

init guide query ...
  complete li1 (guide)
  complete mcon (guide)
  complete met1 (guide)
  complete via (guide)
  complete met2 (guide)
  complete via2 (guide)
  complete met3 (guide)
  complete via3 (guide)
  complete met4 (guide)
  complete via4 (guide)
  complete met5 (guide)

li1 guide region query size = 369
mcon guide region query size = 0
met1 guide region query size = 355
via guide region query size = 0
met2 guide region query size = 205
via2 guide region query size = 0
met3 guide region query size = 49
via3 guide region query size = 0
met4 guide region query size = 0
via4 guide region query size = 0
met5 guide region query size = 0

init gr pin query ...


start track assignment
Done with 0 vertical wires in 1 frboxes and 0 horizontal wires in 1 frboxes.
Done with 109 vertical wires in 1 frboxes and 130 horizontal wires in 1 frboxes.

complete track assignment
cpu time = 00:00:00, elapsed time = 00:00:00, memory = 15.02 (MB), peak = 15.23 (MB)

start routing data preparation
initVia2ViaMinLen_minSpc li1 (d2d, d2u, u2d, u2u) = (0, 0, 0, 370)
initVia2ViaMinLen_minSpc met1 (d2d, d2u, u2d, u2u) = (430, 445, 445, 460)
initVia2ViaMinLen_minSpc met2 (d2d, d2u, u2d, u2u) = (460, 485, 485, 630)
initVia2ViaMinLen_minSpc met3 (d2d, d2u, u2d, u2u) = (630, 655, 655, 680)
initVia2ViaMinLen_minSpc met4 (d2d, d2u, u2d, u2u) = (630, 1055, 1055, 3020)
initVia2ViaMinLen_minSpc met5 (d2d, d2u, u2d, u2u) = (1480, 0, 0, 0)
initVia2ViaMinLen_minimumcut li1 (d2d, d2u, u2d, u2u) = (0, 0, 0, 370)
initVia2ViaMinLen_minimumcut li1 zerolen (b, b, b, b) = (1, 1, 1, 1)
initVia2ViaMinLen_minimumcut met1 (d2d, d2u, u2d, u2u) = (430, 445, 445, 460)
initVia2ViaMinLen_minimumcut met1 zerolen (b, b, b, b) = (1, 1, 1, 1)
initVia2ViaMinLen_minimumcut met2 (d2d, d2u, u2d, u2u) = (460, 485, 485, 630)
initVia2ViaMinLen_minimumcut met2 zerolen (b, b, b, b) = (1, 1, 1, 1)
initVia2ViaMinLen_minimumcut met3 (d2d, d2u, u2d, u2u) = (630, 655, 655, 680)
initVia2ViaMinLen_minimumcut met3 zerolen (b, b, b, b) = (1, 1, 1, 1)
initVia2ViaMinLen_minimumcut met4 (d2d, d2u, u2d, u2u) = (630, 1055, 1055, 3020)
initVia2ViaMinLen_minimumcut met4 zerolen (b, b, b, b) = (1, 1, 1, 1)
initVia2ViaMinLen_minimumcut met5 (d2d, d2u, u2d, u2u) = (1480, 0, 0, 0)
initVia2ViaMinLen_minimumcut met5 zerolen (b, b, b, b) = (1, 1, 1, 1)
initVia2ViaMinLenNew_minSpc li1 (d2d-x, d2d-y, d2u-x, d2u-y, u2d-x, u2d-y, u2u-x, u2u-y) = (0, 0, 0, 0, 0, 0, 430, 370)
initVia2ViaMinLenNew_minSpc met1 (d2d-x, d2d-y, d2u-x, d2u-y, u2d-x, u2d-y, u2u-x, u2u-y) = (430, 370, 445, 385, 445, 385, 460, 460)
initVia2ViaMinLenNew_minSpc met2 (d2d-x, d2d-y, d2u-x, d2u-y, u2d-x, u2d-y, u2u-x, u2u-y) = (460, 460, 410, 485, 410, 485, 630, 630)
initVia2ViaMinLenNew_minSpc met3 (d2d-x, d2d-y, d2u-x, d2u-y, u2d-x, u2d-y, u2u-x, u2u-y) = (630, 630, 655, 625, 655, 625, 680, 630)
initVia2ViaMinLenNew_minSpc met4 (d2d-x, d2d-y, d2u-x, d2u-y, u2d-x, u2d-y, u2u-x, u2u-y) = (680, 630, 1055, 1055, 1055, 1055, 3020, 3020)
initVia2ViaMinLenNew_minSpc met5 (d2d-x, d2d-y, d2u-x, d2u-y, u2d-x, u2d-y, u2u-x, u2u-y) = (1480, 1480, 0, 0, 0, 0, 0, 0)
initVia2ViaMinLenNew_minimumcut li1 (d2d-x, d2d-y, d2u-x, d2u-y, u2d-x, u2d-y, u2u-x, u2u-y) = (0, 0, 0, 0, 0, 0, 430, 370)
initVia2ViaMinLenNew_minimumcut met1 (d2d-x, d2d-y, d2u-x, d2u-y, u2d-x, u2d-y, u2u-x, u2u-y) = (430, 370, 445, 385, 445, 385, 460, 460)
initVia2ViaMinLenNew_minimumcut met2 (d2d-x, d2d-y, d2u-x, d2u-y, u2d-x, u2d-y, u2u-x, u2u-y) = (460, 460, 410, 485, 410, 485, 630, 630)
initVia2ViaMinLenNew_minimumcut met3 (d2d-x, d2d-y, d2u-x, d2u-y, u2d-x, u2d-y, u2u-x, u2u-y) = (630, 630, 655, 625, 655, 625, 680, 630)
initVia2ViaMinLenNew_minimumcut met4 (d2d-x, d2d-y, d2u-x, d2u-y, u2d-x, u2d-y, u2u-x, u2u-y) = (680, 630, 1055, 1055, 1055, 1055, 3020, 3020)
initVia2ViaMinLenNew_minimumcut met5 (d2d-x, d2d-y, d2u-x, d2u-y, u2d-x, u2d-y, u2u-x, u2u-y) = (1480, 1480, 0, 0, 0, 0, 0, 0)
cpu time = 00:00:00, elapsed time = 00:00:00, memory = 15.23 (MB), peak = 15.26 (MB)

start detail routing ...
start initial detail routing ...
    completing 10% with 66 violations
    elapsed time = 00:00:00, memory = 22.23 (MB)
    completing 20% with 96 violations
    elapsed time = 00:00:00, memory = 19.97 (MB)
    completing 30% with 108 violations
    elapsed time = 00:00:00, memory = 25.13 (MB)
    completing 40% with 110 violations
    elapsed time = 00:00:00, memory = 22.38 (MB)
    completing 50% with 111 violations
    elapsed time = 00:00:00, memory = 24.96 (MB)
    completing 60% with 111 violations
    elapsed time = 00:00:00, memory = 25.05 (MB)
    completing 70% with 111 violations
    elapsed time = 00:00:00, memory = 25.05 (MB)
    completing 80% with 111 violations
    elapsed time = 00:00:00, memory = 25.05 (MB)
  number of violations = 111
cpu time = 00:00:00, elapsed time = 00:00:00, memory = 25.05 (MB), peak = 25.26 (MB)
total wire length = 4220 um
total wire length on LAYER li1 = 0 um
total wire length on LAYER met1 = 2069 um
total wire length on LAYER met2 = 1720 um
total wire length on LAYER met3 = 426 um
total wire length on LAYER met4 = 4 um
total wire length on LAYER met5 = 0 um
total number of vias = 1111
up-via summary (total 1111):

-------------
  li1     482
 met1     584
 met2      41
 met3       4
 met4       0
-------------
         1111


start 1st optimization iteration ...
    completing 10% with 111 violations
    elapsed time = 00:00:00, memory = 25.05 (MB)
    completing 20% with 105 violations
    elapsed time = 00:00:00, memory = 25.07 (MB)
    completing 30% with 103 violations
    elapsed time = 00:00:00, memory = 25.07 (MB)
    completing 40% with 101 violations
    elapsed time = 00:00:00, memory = 27.91 (MB)
    completing 50% with 102 violations
    elapsed time = 00:00:00, memory = 25.07 (MB)
    completing 60% with 99 violations
    elapsed time = 00:00:00, memory = 25.07 (MB)
    completing 70% with 99 violations
    elapsed time = 00:00:00, memory = 25.32 (MB)
    completing 80% with 100 violations
    elapsed time = 00:00:00, memory = 25.32 (MB)
  number of violations = 100
cpu time = 00:00:00, elapsed time = 00:00:00, memory = 25.32 (MB), peak = 28.05 (MB)
total wire length = 4030 um
total wire length on LAYER li1 = 5 um
total wire length on LAYER met1 = 1986 um
total wire length on LAYER met2 = 1627 um
total wire length on LAYER met3 = 411 um
total wire length on LAYER met4 = 0 um
total wire length on LAYER met5 = 0 um
total number of vias = 1062
up-via summary (total 1062):

-------------
  li1     486
 met1     539
 met2      37
 met3       0
 met4       0
-------------
         1062


start 2nd optimization iteration ...
    completing 10% with 39 violations
    elapsed time = 00:00:00, memory = 26.12 (MB)
    completing 20% with 15 violations
    elapsed time = 00:00:00, memory = 26.34 (MB)
    completing 30% with 8 violations
    elapsed time = 00:00:00, memory = 26.34 (MB)
    completing 40% with 8 violations
    elapsed time = 00:00:00, memory = 26.34 (MB)
    completing 50% with 6 violations
    elapsed time = 00:00:01, memory = 26.34 (MB)
    completing 60% with 6 violations
    elapsed time = 00:00:01, memory = 26.34 (MB)
    completing 70% with 6 violations
    elapsed time = 00:00:01, memory = 26.34 (MB)
    completing 80% with 6 violations
    elapsed time = 00:00:01, memory = 26.34 (MB)
  number of violations = 6
cpu time = 00:00:01, elapsed time = 00:00:01, memory = 26.34 (MB), peak = 28.05 (MB)
total wire length = 4034 um
total wire length on LAYER li1 = 98 um
total wire length on LAYER met1 = 2242 um
total wire length on LAYER met2 = 1575 um
total wire length on LAYER met3 = 66 um
total wire length on LAYER met4 = 51 um
total wire length on LAYER met5 = 0 um
total number of vias = 1117
up-via summary (total 1117):

-------------
  li1     506
 met1     560
 met2      37
 met3      14
 met4       0
-------------
         1117


start 3rd optimization iteration ...
    completing 10% with 6 violations
    elapsed time = 00:00:00, memory = 26.34 (MB)
    completing 20% with 6 violations
    elapsed time = 00:00:00, memory = 26.34 (MB)
    completing 30% with 6 violations
    elapsed time = 00:00:00, memory = 26.34 (MB)
    completing 40% with 6 violations
    elapsed time = 00:00:00, memory = 26.34 (MB)
    completing 50% with 6 violations
    elapsed time = 00:00:00, memory = 26.34 (MB)
    completing 60% with 6 violations
    elapsed time = 00:00:00, memory = 26.34 (MB)
    completing 70% with 6 violations
    elapsed time = 00:00:00, memory = 26.34 (MB)
    completing 80% with 6 violations
    elapsed time = 00:00:00, memory = 26.34 (MB)
  number of violations = 6
cpu time = 00:00:00, elapsed time = 00:00:00, memory = 26.34 (MB), peak = 28.05 (MB)
total wire length = 4036 um
total wire length on LAYER li1 = 98 um
total wire length on LAYER met1 = 2244 um
total wire length on LAYER met2 = 1591 um
total wire length on LAYER met3 = 73 um
total wire length on LAYER met4 = 28 um
total wire length on LAYER met5 = 0 um
total number of vias = 1115
up-via summary (total 1115):

-------------
  li1     506
 met1     560
 met2      39
 met3      10
 met4       0
-------------
         1115


start 4th optimization iteration ...
    completing 10% with 6 violations
    elapsed time = 00:00:01, memory = 26.59 (MB)
    completing 20% with 6 violations
    elapsed time = 00:00:01, memory = 26.76 (MB)
    completing 30% with 6 violations
    elapsed time = 00:00:01, memory = 26.76 (MB)
    completing 40% with 6 violations
    elapsed time = 00:00:01, memory = 26.76 (MB)
    completing 50% with 6 violations
    elapsed time = 00:00:01, memory = 26.76 (MB)
    completing 60% with 6 violations
    elapsed time = 00:00:01, memory = 26.76 (MB)
    completing 70% with 6 violations
    elapsed time = 00:00:01, memory = 26.76 (MB)
    completing 80% with 6 violations
    elapsed time = 00:00:01, memory = 26.76 (MB)
  number of violations = 6
cpu time = 00:00:01, elapsed time = 00:00:01, memory = 26.76 (MB), peak = 28.05 (MB)
total wire length = 4036 um
total wire length on LAYER li1 = 98 um
total wire length on LAYER met1 = 2244 um
total wire length on LAYER met2 = 1591 um
total wire length on LAYER met3 = 73 um
total wire length on LAYER met4 = 28 um
total wire length on LAYER met5 = 0 um
total number of vias = 1115
up-via summary (total 1115):

-------------
  li1     506
 met1     560
 met2      39
 met3      10
 met4       0
-------------
         1115


start 5th optimization iteration ...
    completing 10% with 6 violations
    elapsed time = 00:00:00, memory = 26.76 (MB)
    completing 20% with 6 violations
    elapsed time = 00:00:00, memory = 26.76 (MB)
    completing 30% with 6 violations
    elapsed time = 00:00:00, memory = 26.76 (MB)
    completing 40% with 6 violations
    elapsed time = 00:00:00, memory = 26.76 (MB)
    completing 50% with 6 violations
    elapsed time = 00:00:00, memory = 26.76 (MB)
    completing 60% with 6 violations
    elapsed time = 00:00:00, memory = 26.76 (MB)
    completing 70% with 6 violations
    elapsed time = 00:00:00, memory = 26.76 (MB)
    completing 80% with 6 violations
    elapsed time = 00:00:00, memory = 26.76 (MB)
  number of violations = 6
cpu time = 00:00:00, elapsed time = 00:00:00, memory = 26.76 (MB), peak = 28.05 (MB)
total wire length = 4036 um
total wire length on LAYER li1 = 98 um
total wire length on LAYER met1 = 2244 um
total wire length on LAYER met2 = 1591 um
total wire length on LAYER met3 = 73 um
total wire length on LAYER met4 = 28 um
total wire length on LAYER met5 = 0 um
total number of vias = 1115
up-via summary (total 1115):

-------------
  li1     506
 met1     560
 met2      39
 met3      10
 met4       0
-------------
         1115


start 6th optimization iteration ...
    completing 10% with 6 violations
    elapsed time = 00:00:01, memory = 26.76 (MB)
    completing 20% with 6 violations
    elapsed time = 00:00:01, memory = 26.76 (MB)
    completing 30% with 6 violations
    elapsed time = 00:00:01, memory = 26.76 (MB)
    completing 40% with 6 violations
    elapsed time = 00:00:01, memory = 26.76 (MB)
    completing 50% with 6 violations
    elapsed time = 00:00:01, memory = 26.76 (MB)
    completing 60% with 6 violations
    elapsed time = 00:00:01, memory = 26.76 (MB)
    completing 70% with 6 violations
    elapsed time = 00:00:01, memory = 26.76 (MB)
    completing 80% with 6 violations
    elapsed time = 00:00:01, memory = 26.76 (MB)
  number of violations = 6
cpu time = 00:00:01, elapsed time = 00:00:01, memory = 26.76 (MB), peak = 28.05 (MB)
total wire length = 4036 um
total wire length on LAYER li1 = 98 um
total wire length on LAYER met1 = 2244 um
total wire length on LAYER met2 = 1591 um
total wire length on LAYER met3 = 73 um
total wire length on LAYER met4 = 28 um
total wire length on LAYER met5 = 0 um
total number of vias = 1115
up-via summary (total 1115):

-------------
  li1     506
 met1     560
 met2      39
 met3      10
 met4       0
-------------
         1115


start 7th optimization iteration ...
    completing 10% with 6 violations
    elapsed time = 00:00:00, memory = 26.76 (MB)
    completing 20% with 6 violations
    elapsed time = 00:00:01, memory = 26.76 (MB)
    completing 30% with 6 violations
    elapsed time = 00:00:01, memory = 26.76 (MB)
    completing 40% with 6 violations
    elapsed time = 00:00:01, memory = 26.76 (MB)
    completing 50% with 6 violations
    elapsed time = 00:00:01, memory = 26.76 (MB)
    completing 60% with 6 violations
    elapsed time = 00:00:01, memory = 26.76 (MB)
    completing 70% with 6 violations
    elapsed time = 00:00:01, memory = 26.76 (MB)
    completing 80% with 6 violations
    elapsed time = 00:00:01, memory = 26.76 (MB)
  number of violations = 6
cpu time = 00:00:01, elapsed time = 00:00:01, memory = 26.76 (MB), peak = 28.05 (MB)/openLANE_flow/designs/cbx_1__0_/runs/final_pin_placement//reports/routing/tritonRoute.drc

complete detail routing
total wire length = 4036 um
total wire length on LAYER li1 = 98 um
total wire length on LAYER met1 = 2244 um
total wire length on LAYER met2 = 1591 um
total wire length on LAYER met3 = 73 um
total wire length on LAYER met4 = 28 um
total wire length on LAYER met5 = 0 um
total number of vias = 1115
up-via summary (total 1115):

-------------
  li1     506
 met1     560
 met2      39
 met3      10
 met4       0
-------------
         1115

cpu time = 00:00:07, elapsed time = 00:00:07, memory = 26.76 (MB), peak = 28.05 (MB)

post processing ...
WARNING (DEFPARS-7011): The NAMESCASESENSITIVE statement is obsolete in version 5.6 and later.
The DEF parser will ignore this statement. See file /openLANE_flow/designs/cbx_1__0_/runs/final_pin_placement//tmp/routing/addspacers.def at line 2.


post processing ...
WARNING (DEFPARS-7011): The NAMESCASESENSITIVE statement is obsolete in version 5.6 and later.
The DEF parser will ignore this statement. See file /openLANE_flow/designs/cbx_1__0_/runs/final_pin_placement//tmp/routing/addspacers.def at line 2.


Runtime taken (hrt): 8.59776
