RePlAce Version: 1.0.0

** WARNING: Your Detail Placement Step must be skipped.
              (i.e. this program will be executed as -onlyGP)
     If you want to have DP after GP, please specify -dpflag and -dploc.

[INFO] TargetDensity = 0.500000
[INFO] ExperimentIndex = 0
[INFO] DirectoryPath = /openLANE_flow/designs/sb_1__0_/runs/01-09_10-48//tmp/placement/replace/etc/sb_1__0_.floorplan/experiment000
[PROC] Begin LefParsing ...
[LEF] Parsed 500 number of lines!!
WARNING (LEFPARS-2036): SOURCE statement is obsolete in version 5.6 and later.
The LEF parser will ignore this statement.
To avoid this warning in the future, remove this statement from the LEF file with version 5.6 or later. See file /openLANE_flow/designs/sb_1__0_/runs/01-09_10-48//tmp//merged.lef at line 776.

WARNING (LEFPARS-2036): SOURCE statement is obsolete in version 5.6 and later.
The LEF parser will ignore this statement.
To avoid this warning in the future, remove this statement from the LEF file with version 5.6 or later. See file /openLANE_flow/designs/sb_1__0_/runs/01-09_10-48//tmp//merged.lef at line 903.

[LEF] Parsed 1000 number of lines!!
WARNING (LEFPARS-2036): SOURCE statement is obsolete in version 5.6 and later.
The LEF parser will ignore this statement.
To avoid this warning in the future, remove this statement from the LEF file with version 5.6 or later. See file /openLANE_flow/designs/sb_1__0_/runs/01-09_10-48//tmp//merged.lef at line 1034.

WARNING (LEFPARS-2036): SOURCE statement is obsolete in version 5.6 and later.
The LEF parser will ignore this statement.
To avoid this warning in the future, remove this statement from the LEF file with version 5.6 or later. See file /openLANE_flow/designs/sb_1__0_/runs/01-09_10-48//tmp//merged.lef at line 1204.

WARNING (LEFPARS-2036): SOURCE statement is obsolete in version 5.6 and later.
The LEF parser will ignore this statement.
To avoid this warning in the future, remove this statement from the LEF file with version 5.6 or later. See file /openLANE_flow/designs/sb_1__0_/runs/01-09_10-48//tmp//merged.lef at line 1322.

WARNING (LEFPARS-2036): SOURCE statement is obsolete in version 5.6 and later.
The LEF parser will ignore this statement.
To avoid this warning in the future, remove this statement from the LEF file with version 5.6 or later. See file /openLANE_flow/designs/sb_1__0_/runs/01-09_10-48//tmp//merged.lef at line 1442.

[LEF] Parsed 1500 number of lines!!
WARNING (LEFPARS-2036): SOURCE statement is obsolete in version 5.6 and later.
The LEF parser will ignore this statement.
To avoid this warning in the future, remove this statement from the LEF file with version 5.6 or later. See file /openLANE_flow/designs/sb_1__0_/runs/01-09_10-48//tmp//merged.lef at line 1589.

WARNING (LEFPARS-2036): SOURCE statement is obsolete in version 5.6 and later.
The LEF parser will ignore this statement.
To avoid this warning in the future, remove this statement from the LEF file with version 5.6 or later. See file /openLANE_flow/designs/sb_1__0_/runs/01-09_10-48//tmp//merged.lef at line 1777.

WARNING (LEFPARS-2036): SOURCE statement is obsolete in version 5.6 and later.
The LEF parser will ignore this statement.
To avoid this warning in the future, remove this statement from the LEF file with version 5.6 or later. See file /openLANE_flow/designs/sb_1__0_/runs/01-09_10-48//tmp//merged.lef at line 1886.

WARNING (LEFPARS-2036): SOURCE statement is obsolete in version 5.6 and later.
The LEF parser will ignore this statement.
To avoid this warning in the future, remove this statement from the LEF file with version 5.6 or later. See file /openLANE_flow/designs/sb_1__0_/runs/01-09_10-48//tmp//merged.lef at line 1999.

[LEF] Parsed 2000 number of lines!!
WARNING (LEFPARS-2036): SOURCE statement is obsolete in version 5.6 and later.
The LEF parser will ignore this statement.
To avoid this warning in the future, remove this statement from the LEF file with version 5.6 or later. See file /openLANE_flow/designs/sb_1__0_/runs/01-09_10-48//tmp//merged.lef at line 2148.

WARNING (LEFPARS-2036): SOURCE statement is obsolete in version 5.6 and later.
The LEF parser will ignore this statement.
To avoid this warning in the future, remove this statement from the LEF file with version 5.6 or later. See file /openLANE_flow/designs/sb_1__0_/runs/01-09_10-48//tmp//merged.lef at line 2253.

WARNING (LEFPARS-2036): SOURCE statement is obsolete in version 5.6 and later.
The LEF parser will ignore this statement.
To avoid this warning in the future, remove this statement from the LEF file with version 5.6 or later. See file /openLANE_flow/designs/sb_1__0_/runs/01-09_10-48//tmp//merged.lef at line 2380.

[LEF] Parsed 2500 number of lines!!
WARNING (LEFPARS-2036): SOURCE statement is obsolete in version 5.6 and later.
The LEF parser will ignore this statement.
To avoid this warning in the future, remove this statement from the LEF file with version 5.6 or later. See file /openLANE_flow/designs/sb_1__0_/runs/01-09_10-48//tmp//merged.lef at line 2547.

WARNING (LEFPARS-2036): SOURCE statement is obsolete in version 5.6 and later.
The LEF parser will ignore this statement.
To avoid this warning in the future, remove this statement from the LEF file with version 5.6 or later. See file /openLANE_flow/designs/sb_1__0_/runs/01-09_10-48//tmp//merged.lef at line 2653.

WARNING (LEFPARS-2036): SOURCE statement is obsolete in version 5.6 and later.
The LEF parser will ignore this statement.
To avoid this warning in the future, remove this statement from the LEF file with version 5.6 or later. See file /openLANE_flow/designs/sb_1__0_/runs/01-09_10-48//tmp//merged.lef at line 2770.

WARNING (LEFPARS-2036): SOURCE statement is obsolete in version 5.6 and later.
The LEF parser will ignore this statement.
To avoid this warning in the future, remove this statement from the LEF file with version 5.6 or later. See file /openLANE_flow/designs/sb_1__0_/runs/01-09_10-48//tmp//merged.lef at line 2908.

[LEF] Parsed 3000 number of lines!!
WARNING (LEFPARS-2036): SOURCE statement is obsolete in version 5.6 and later.
The LEF parser will ignore this statement.
To avoid this warning in the future, remove this statement from the LEF file with version 5.6 or later. See file /openLANE_flow/designs/sb_1__0_/runs/01-09_10-48//tmp//merged.lef at line 3005.

WARNING (LEFPARS-2036): SOURCE statement is obsolete in version 5.6 and later.
The LEF parser will ignore this statement.
To avoid this warning in the future, remove this statement from the LEF file with version 5.6 or later. See file /openLANE_flow/designs/sb_1__0_/runs/01-09_10-48//tmp//merged.lef at line 3105.

WARNING (LEFPARS-2036): SOURCE statement is obsolete in version 5.6 and later.
The LEF parser will ignore this statement.
To avoid this warning in the future, remove this statement from the LEF file with version 5.6 or later. See file /openLANE_flow/designs/sb_1__0_/runs/01-09_10-48//tmp//merged.lef at line 3219.

WARNING (LEFPARS-2036): SOURCE statement is obsolete in version 5.6 and later.
The LEF parser will ignore this statement.
To avoid this warning in the future, remove this statement from the LEF file with version 5.6 or later. See file /openLANE_flow/designs/sb_1__0_/runs/01-09_10-48//tmp//merged.lef at line 3361.

WARNING (LEFPARS-2036): SOURCE statement is obsolete in version 5.6 and later.
The LEF parser will ignore this statement.
To avoid this warning in the future, remove this statement from the LEF file with version 5.6 or later. See file /openLANE_flow/designs/sb_1__0_/runs/01-09_10-48//tmp//merged.lef at line 3458.

[LEF] Parsed 3500 number of lines!!
WARNING (LEFPARS-2036): SOURCE statement is obsolete in version 5.6 and later.
The LEF parser will ignore this statement.
To avoid this warning in the future, remove this statement from the LEF file with version 5.6 or later. See file /openLANE_flow/designs/sb_1__0_/runs/01-09_10-48//tmp//merged.lef at line 3561.

WARNING (LEFPARS-2036): SOURCE statement is obsolete in version 5.6 and later.
The LEF parser will ignore this statement.
To avoid this warning in the future, remove this statement from the LEF file with version 5.6 or later. See file /openLANE_flow/designs/sb_1__0_/runs/01-09_10-48//tmp//merged.lef at line 3691.

WARNING (LEFPARS-2036): SOURCE statement is obsolete in version 5.6 and later.
The LEF parser will ignore this statement.
To avoid this warning in the future, remove this statement from the LEF file with version 5.6 or later. See file /openLANE_flow/designs/sb_1__0_/runs/01-09_10-48//tmp//merged.lef at line 3783.

WARNING (LEFPARS-2036): SOURCE statement is obsolete in version 5.6 and later.
The LEF parser will ignore this statement.
To avoid this warning in the future, remove this statement from the LEF file with version 5.6 or later. See file /openLANE_flow/designs/sb_1__0_/runs/01-09_10-48//tmp//merged.lef at line 3887.

[LEF] Parsed 4000 number of lines!!
WARNING (LEFPARS-2036): SOURCE statement is obsolete in version 5.6 and later.
The LEF parser will ignore this statement.
To avoid this warning in the future, remove this statement from the LEF file with version 5.6 or later. See file /openLANE_flow/designs/sb_1__0_/runs/01-09_10-48//tmp//merged.lef at line 4018.

WARNING (LEFPARS-2036): SOURCE statement is obsolete in version 5.6 and later.
The LEF parser will ignore this statement.
To avoid this warning in the future, remove this statement from the LEF file with version 5.6 or later. See file /openLANE_flow/designs/sb_1__0_/runs/01-09_10-48//tmp//merged.lef at line 4148.

WARNING (LEFPARS-2036): SOURCE statement is obsolete in version 5.6 and later.
The LEF parser will ignore this statement.
To avoid this warning in the future, remove this statement from the LEF file with version 5.6 or later. See file /openLANE_flow/designs/sb_1__0_/runs/01-09_10-48//tmp//merged.lef at line 4282.

WARNING (LEFPARS-2036): SOURCE statement is obsolete in version 5.6 and later.
The LEF parser will ignore this statement.
To avoid this warning in the future, remove this statement from the LEF file with version 5.6 or later. See file /openLANE_flow/designs/sb_1__0_/runs/01-09_10-48//tmp//merged.lef at line 4467.

[LEF] Parsed 4500 number of lines!!
[LEF] Parsed 5000 number of lines!!
[LEF] Parsed 5500 number of lines!!
[LEF] Parsed 6000 number of lines!!
[LEF] Parsed 6500 number of lines!!
[LEF] Parsed 7000 number of lines!!
[LEF] Parsed 7500 number of lines!!
[LEF] Parsed 8000 number of lines!!
[LEF] Parsed 8500 number of lines!!
[LEF] Parsed 9000 number of lines!!
[LEF] Parsed 9500 number of lines!!
[LEF] Parsed 10000 number of lines!!
[LEF] Parsed 10500 number of lines!!
[LEF] Parsed 11000 number of lines!!
[LEF] Parsed 11500 number of lines!!
[LEF] Parsed 12000 number of lines!!
[LEF] Parsed 12500 number of lines!!
[LEF] Parsed 13000 number of lines!!
[LEF] Parsed 13500 number of lines!!
[LEF] Parsed 14000 number of lines!!
[LEF] Parsed 14500 number of lines!!
[LEF] Parsed 15000 number of lines!!
[LEF] Parsed 15500 number of lines!!
[LEF] Parsed 16000 number of lines!!
[LEF] Parsed 16500 number of lines!!
[LEF] Parsed 17000 number of lines!!
[LEF] Parsed 17500 number of lines!!
[LEF] Parsed 18000 number of lines!!
[LEF] Parsed 18500 number of lines!!
[LEF] Parsed 19000 number of lines!!
[LEF] Parsed 19500 number of lines!!
[LEF] Parsed 20000 number of lines!!
[LEF] Parsed 20500 number of lines!!
[LEF] Parsed 21000 number of lines!!
[LEF] Parsed 21500 number of lines!!
[LEF] Parsed 22000 number of lines!!
[LEF] Parsed 22500 number of lines!!
[LEF] Parsed 23000 number of lines!!
[LEF] Parsed 23500 number of lines!!
[LEF] Parsed 24000 number of lines!!
[LEF] Parsed 24500 number of lines!!
[LEF] Parsed 25000 number of lines!!
[LEF] Parsed 25500 number of lines!!
[LEF] Parsed 26000 number of lines!!
[LEF] Parsed 26500 number of lines!!
[LEF] Parsed 27000 number of lines!!
[LEF] Parsed 27500 number of lines!!
[LEF] Parsed 28000 number of lines!!
[LEF] Parsed 28500 number of lines!!
[LEF] Parsed 29000 number of lines!!
[LEF] Parsed 29500 number of lines!!
[LEF] Parsed 30000 number of lines!!
[LEF] Parsed 30500 number of lines!!
[LEF] Parsed 31000 number of lines!!
[LEF] Parsed 31500 number of lines!!
[LEF] Parsed 32000 number of lines!!
[LEF] Parsed 32500 number of lines!!
[LEF] Parsed 33000 number of lines!!
[LEF] Parsed 33500 number of lines!!
[LEF] Parsed 34000 number of lines!!
[LEF] Parsed 34500 number of lines!!
[LEF] Parsed 35000 number of lines!!
[LEF] Parsed 35500 number of lines!!
[LEF] Parsed 36000 number of lines!!
[LEF] Parsed 36500 number of lines!!
[LEF] Parsed 37000 number of lines!!
[LEF] Parsed 37500 number of lines!!
[LEF] Parsed 38000 number of lines!!
[LEF] Parsed 38500 number of lines!!
[LEF] Parsed 39000 number of lines!!
[LEF] Parsed 39500 number of lines!!
[LEF] Parsed 40000 number of lines!!
[LEF] Parsed 40500 number of lines!!
[LEF] Parsed 41000 number of lines!!
[LEF] Parsed 41500 number of lines!!
[LEF] Parsed 42000 number of lines!!
[LEF] Parsed 42500 number of lines!!
[LEF] Parsed 43000 number of lines!!
[LEF] Parsed 43500 number of lines!!
[LEF] Parsed 44000 number of lines!!
[LEF] Parsed 44500 number of lines!!
[LEF] Parsed 45000 number of lines!!
[LEF] Parsed 45500 number of lines!!
[LEF] Parsed 46000 number of lines!!
[LEF] Parsed 46500 number of lines!!
[LEF] Parsed 47000 number of lines!!
[LEF] Parsed 47500 number of lines!!
[LEF] Parsed 48000 number of lines!!
[LEF] Parsed 48500 number of lines!!
[LEF] Parsed 49000 number of lines!!
[LEF] Parsed 49500 number of lines!!
[LEF] Parsed 50000 number of lines!!
[LEF] Parsed 50500 number of lines!!
[LEF] Parsed 51000 number of lines!!
[LEF] Parsed 51500 number of lines!!
[LEF] Parsed 52000 number of lines!!
[LEF] Parsed 52500 number of lines!!
[LEF] Parsed 53000 number of lines!!
[LEF] Parsed 53500 number of lines!!
[LEF] Parsed 54000 number of lines!!
[LEF] Parsed 54500 number of lines!!
[LEF] Parsed 55000 number of lines!!
[LEF] Parsed 55500 number of lines!!
[LEF] Parsed 56000 number of lines!!
[LEF] Parsed 56500 number of lines!!
[LEF] Parsed 57000 number of lines!!
[LEF] Parsed 57500 number of lines!!
[LEF] Parsed 58000 number of lines!!
[LEF] Parsed 58500 number of lines!!
[LEF] Parsed 59000 number of lines!!
[LEF] Parsed 59500 number of lines!!
[LEF] Parsed 60000 number of lines!!
[LEF] Parsed 60500 number of lines!!
[LEF] Parsed 61000 number of lines!!
[LEF] Parsed 61500 number of lines!!
[LEF] Parsed 62000 number of lines!!
[PROC] End LefParsing
[PROC] Begin DefParsing ...
WARNING (DEFPARS-7011): The NAMESCASESENSITIVE statement is obsolete in version 5.6 and later.
The DEF parser will ignore this statement. See file /openLANE_flow/designs/sb_1__0_/runs/01-09_10-48//results/floorplan/sb_1__0_.floorplan.def at line 2.

[PROC] End DefParsing
[INFO] DefUnit = 1000
[INFO] LefMetal1Name = li1
[INFO] DefSiteName = unithd
[INFO] ScaleDownUnit = 302.222229
[INFO] OffsetCoordi = (2640.000000, 0.000000)
[INFO] RowSize = (1.522059, 9.000000)
[INFO] NumRows = 25
[INFO] MacroCount = 0
[INFO] NumModules = 81
[INFO] NumTerminals = 182
[INFO] Inserted Dummy Terms = 0
[PROC] Begin Generate Un-fragmented Rows ...
[INFO] CoreAreaLxLy = (27.000000, 36.000000)
[INFO] CoreAreaUxUy = (259.875000, 261.000000)
[INFO] RowSize = (1.522059, 9.000000)
[INFO] NumRows = 25
[PROC] End Generate Un-fragmented Rows
[PROC] Begin DEF Net Parsing ...
[INFO] NumNets = 185
[INFO] NumPins = 391
[PROC] End DEF Net Parsing
[PROC] LEF/DEF Parsing Success!
[INFO] AspectRatio = 0.966184
[INFO] RowMinXY = (27.000000, 36.000000)
[INFO] RowMaxXY = (259.875000, 261.000000)
[INFO] NumPlaceStdCells = 81
[INFO] NumPlaceMacros = 0
[INFO] RowSize = (1.522059, 9.000000)
[INFO] NumRows = 25
[INFO] GlobalAreaLxLy = (9.496324, 6.617647)
[INFO] GlobalAreaUxUy = (277.378662, 298.704041)
[INFO] PlaceAreaLxLy = (27.000000, 36.000000)
[INFO] PlaceAreaUxUy = (259.875000, 261.000000)
[INFO] TotalPlaceArea = 52396.875000
[INFO] TotalFixedArea = 2794.494385
[INFO] TotalWhiteSpaceArea = 49602.378906
[INFO] TotalPlaceMacrosArea = 0.000000
[INFO] TotalPlaceStdCellsArea = 27218.972656
[INFO] Util(%) = 51.947701
[INFO] 80pCellArea = 340.180054
[INFO] FillerInit: TotalFillerArea = 0.000000
[INFO] FillerInit: NumFillerCells = 0
[INFO] FillerInit: FillerCellArea = 340.180237
[INFO] FillerInit: FillerCellSize = (37.797806, 9.000000)
[INFO] FillerInit: NumCells = 81
[INFO] FillerInit: NumModules = 81
[INFO] FillerInit: NumFillers = 0
INFO:  D_MSH = 1024 
INFO:  MSH(X, Y) = (32, 32)
[INFO] TierInit: TierUtil = 0.519477
[INFO] TierInit: NumModules = 81
[INFO] TierInit: PlaceArea = 52396.875000
[INFO] TierInit: CoreSpacingArea = 0.000000
[INFO] TierInit: TerminalArea = 2794.494385
[INFO] TierInit: ModuleArea = 27218.972656
[INFO] TierInit: FillerArea = 0.000000
[INFO] TierInit: NumFillers = 0
[INFO] TierInit: FillerMinIdx = 81
[INFO] TierInit: FillerMaxIdx = 81
INFO:  dim_bin_cGP2D.(x,y) = (8, 8)
cell Init 2D:
tier->bin_stp: (29.1094 28.125)
tier->half_bin_stp: (14.5547 14.0625)
PROC:  Start NESTEROV's Optimization
PROC:    Global Lagrangian Multiplier is Applied

ITER: 0
    HPWL=12253.239258
    OVFL=0.939784
    HPWL=(6491.412109, 5761.827148)
    POTN=6.102274E+05
    PHIC=1.584432E-09
    GRAD=3.411369E-02
    NuBT=0
    CPU =0.000000

ITER: 1
    HPWL=12253.158203
    OVFL=0.939784
    HPWL=(6491.367188, 5761.791016)
    POTN=6.102242E+05
    PHIC=1.663654E-09
    GRAD=4.636563E-02
    NuBT=1
    CPU =0.000146

ITER: 2
    HPWL=12252.767578
    OVFL=0.939784
    HPWL=(6491.153320, 5761.613770)
    POTN=6.102082E+05
    PHIC=1.746836E-09
    GRAD=4.636317E-02
    NuBT=1
    CPU =0.000044

ITER: 3
    HPWL=7532.503418
    OVFL=0.773046
    HPWL=(3907.743896, 3624.759521)
    POTN=4.160939E+05
    PHIC=1.834178E-09
    GRAD=9.232993E-03
    NuBT=1
    CPU =0.000041

ITER: 4
    HPWL=7552.620117
    OVFL=0.765848
    HPWL=(3894.153809, 3658.466553)
    POTN=3.937844E+05
    PHIC=1.925881E-09
    GRAD=2.032599E-02
    NuBT=4
    CPU =0.000143

ITER: 5
    HPWL=7450.517578
    OVFL=0.749286
    HPWL=(3876.724609, 3573.792969)
    POTN=3.744108E+05
    PHIC=2.022176E-09
    GRAD=1.973649E-02
    NuBT=1
    CPU =0.000060

ITER: 6
    HPWL=7494.652344
    OVFL=0.733657
    HPWL=(3859.165039, 3635.487061)
    POTN=3.545786E+05
    PHIC=2.123271E-09
    GRAD=2.103235E-02
    NuBT=1
    CPU =0.000041

ITER: 7
    HPWL=7499.557129
    OVFL=0.716586
    HPWL=(3856.677490, 3642.879639)
    POTN=3.340755E+05
    PHIC=2.229433E-09
    GRAD=2.278660E-02
    NuBT=2
    CPU =0.000072

ITER: 8
    HPWL=7479.620117
    OVFL=0.701833
    HPWL=(3818.024170, 3661.595947)
    POTN=3.159019E+05
    PHIC=2.340904E-09
    GRAD=2.475436E-02
    NuBT=2
    CPU =0.000071

ITER: 9
    HPWL=7465.428711
    OVFL=0.688294
    HPWL=(3820.871582, 3644.557129)
    POTN=2.970737E+05
    PHIC=2.457949E-09
    GRAD=2.666903E-02
    NuBT=2
    CPU =0.000072

ITER: 10
    HPWL=7431.097656
    OVFL=0.674508
    HPWL=(3777.217041, 3653.880371)
    POTN=2.807648E+05
    PHIC=2.580847E-09
    GRAD=2.854574E-02
    NuBT=2
    CPU =0.000071

ITER: 11
    HPWL=7415.095703
    OVFL=0.660935
    HPWL=(3780.823975, 3634.271484)
    POTN=2.631973E+05
    PHIC=2.709889E-09
    GRAD=3.060145E-02
    NuBT=2
    CPU =0.000071

ITER: 12
    HPWL=7383.458008
    OVFL=0.648622
    HPWL=(3744.304443, 3639.153809)
    POTN=2.476759E+05
    PHIC=2.845383E-09
    GRAD=3.277924E-02
    NuBT=2
    CPU =0.000071

ITER: 13
    HPWL=7371.300781
    OVFL=0.640055
    HPWL=(3753.120850, 3618.179932)
    POTN=2.338740E+05
    PHIC=2.987652E-09
    GRAD=3.490198E-02
    NuBT=2
    CPU =0.000072

ITER: 14
    HPWL=7342.179688
    OVFL=0.627931
    HPWL=(3721.055176, 3621.124756)
    POTN=2.200276E+05
    PHIC=3.137035E-09
    GRAD=3.647533E-02
    NuBT=2
    CPU =0.000096

ITER: 15
    HPWL=7336.149414
    OVFL=0.609660
    HPWL=(3738.275879, 3597.873535)
    POTN=2.001097E+05
    PHIC=3.293886E-09
    GRAD=3.877392E-02
    NuBT=2
    CPU =0.000072

ITER: 16
    HPWL=7310.307617
    OVFL=0.598059
    HPWL=(3712.621338, 3597.686523)
    POTN=1.778039E+05
    PHIC=3.458581E-09
    GRAD=4.250139E-02
    NuBT=2
    CPU =0.000071

ITER: 17
    HPWL=7302.250000
    OVFL=0.593731
    HPWL=(3729.629395, 3572.620605)
    POTN=1.590182E+05
    PHIC=3.631509E-09
    GRAD=4.514420E-02
    NuBT=1
    CPU =0.000041

ITER: 18
    HPWL=7271.257812
    OVFL=0.609581
    HPWL=(3699.234375, 3572.023438)
    POTN=1.448295E+05
    PHIC=3.813085E-09
    GRAD=4.619762E-02
    NuBT=2
    CPU =0.000070

ITER: 19
    HPWL=7267.264648
    OVFL=0.616338
    HPWL=(3722.978760, 3544.286133)
    POTN=1.328965E+05
    PHIC=4.003739E-09
    GRAD=4.266437E-02
    NuBT=2
    CPU =0.000072

ITER: 20
    HPWL=7235.293945
    OVFL=0.609231
    HPWL=(3689.054443, 3546.239746)
    POTN=1.232136E+05
    PHIC=4.203925E-09
    GRAD=4.120716E-02
    NuBT=1
    CPU =0.000041

ITER: 21
    HPWL=7236.834961
    OVFL=0.622066
    HPWL=(3714.595703, 3522.239014)
    POTN=1.163420E+05
    PHIC=4.414120E-09
    GRAD=4.278434E-02
    NuBT=1
    CPU =0.000053

ITER: 22
    HPWL=7200.606445
    OVFL=0.619053
    HPWL=(3675.412109, 3525.194092)
    POTN=1.096337E+05
    PHIC=4.634826E-09
    GRAD=4.012604E-02
    NuBT=2
    CPU =0.000084

ITER: 23
    HPWL=7204.124512
    OVFL=0.615547
    HPWL=(3703.899902, 3500.224609)
    POTN=1.014098E+05
    PHIC=4.866565E-09
    GRAD=4.070853E-02
    NuBT=1
    CPU =0.000050

ITER: 24
    HPWL=7165.374023
    OVFL=0.609340
    HPWL=(3662.369873, 3503.003906)
    POTN=9.499978E+04
    PHIC=5.109893E-09
    GRAD=4.152283E-02
    NuBT=1
    CPU =0.000050

ITER: 25
    HPWL=7167.243652
    OVFL=0.629321
    HPWL=(3692.823975, 3474.419678)
    POTN=8.902523E+04
    PHIC=5.365386E-09
    GRAD=4.280302E-02
    NuBT=2
    CPU =0.000079

ITER: 26
    HPWL=7122.667969
    OVFL=0.624168
    HPWL=(3648.991699, 3473.676514)
    POTN=8.062121E+04
    PHIC=5.633655E-09
    GRAD=3.873377E-02
    NuBT=1
    CPU =0.000050

ITER: 27
    HPWL=7125.141602
    OVFL=0.621249
    HPWL=(3678.323486, 3446.818115)
    POTN=7.693563E+04
    PHIC=5.915336E-09
    GRAD=3.964286E-02
    NuBT=1
    CPU =0.000049

ITER: 28
    HPWL=7081.009766
    OVFL=0.616280
    HPWL=(3636.695312, 3444.314209)
    POTN=7.582945E+04
    PHIC=6.211102E-09
    GRAD=4.031371E-02
    NuBT=1
    CPU =0.000049

ITER: 29
    HPWL=7082.255371
    OVFL=0.626654
    HPWL=(3666.631348, 3415.624023)
    POTN=7.575380E+04
    PHIC=6.521656E-09
    GRAD=4.133491E-02
    NuBT=2
    CPU =0.000079

ITER: 30
    HPWL=7033.786621
    OVFL=0.641160
    HPWL=(3619.885742, 3413.900879)
    POTN=7.648527E+04
    PHIC=6.847738E-09
    GRAD=3.933237E-02
    NuBT=1
    CPU =0.000056

ITER: 31
    HPWL=7040.287598
    OVFL=0.666196
    HPWL=(3655.365967, 3384.921631)
    POTN=7.691895E+04
    PHIC=7.190118E-09
    GRAD=3.653938E-02
    NuBT=1
    CPU =0.000051

ITER: 32
    HPWL=6994.531250
    OVFL=0.662158
    HPWL=(3609.552979, 3384.978271)
    POTN=7.573322E+04
    PHIC=7.549623E-09
    GRAD=3.204115E-02
    NuBT=1
    CPU =0.000050

ITER: 33
    HPWL=6994.625000
    OVFL=0.650618
    HPWL=(3631.304932, 3363.320068)
    POTN=7.571109E+04
    PHIC=7.927104E-09
    GRAD=3.256524E-02
    NuBT=1
    CPU =0.000050

ITER: 34
    HPWL=6955.479492
    OVFL=0.642177
    HPWL=(3597.691406, 3357.788086)
    POTN=7.571641E+04
    PHIC=8.323459E-09
    GRAD=3.463289E-02
    NuBT=2
    CPU =0.000080

ITER: 35
    HPWL=6956.023438
    OVFL=0.634845
    HPWL=(3621.950928, 3334.072510)
    POTN=7.768385E+04
    PHIC=8.739631E-09
    GRAD=3.614919E-02
    NuBT=2
    CPU =0.000079

ITER: 36
    HPWL=6914.554688
    OVFL=0.651855
    HPWL=(3584.434326, 3330.120605)
    POTN=8.494810E+04
    PHIC=9.176612E-09
    GRAD=3.755197E-02
    NuBT=2
    CPU =0.000079

ITER: 37
    HPWL=6917.195801
    OVFL=0.676335
    HPWL=(3611.155273, 3306.040527)
    POTN=9.194277E+04
    PHIC=9.635439E-09
    GRAD=3.449764E-02
    NuBT=2
    CPU =0.000078

ITER: 38
    HPWL=6874.145020
    OVFL=0.698061
    HPWL=(3569.372803, 3304.772217)
    POTN=9.573225E+04
    PHIC=1.011721E-08
    GRAD=3.045482E-02
    NuBT=1
    CPU =0.000049

ITER: 39
    HPWL=6878.155273
    OVFL=0.691194
    HPWL=(3594.497314, 3283.657715)
    POTN=9.968386E+04
    PHIC=1.062306E-08
    GRAD=2.716347E-02
    NuBT=1
    CPU =0.000049

ITER: 40
    HPWL=6844.168945
    OVFL=0.690266
    HPWL=(3565.609619, 3278.559082)
    POTN=1.062644E+05
    PHIC=1.115422E-08
    GRAD=2.809677E-02
    NuBT=1
    CPU =0.000049

ITER: 41
    HPWL=6843.684570
    OVFL=0.685176
    HPWL=(3585.749268, 3257.935303)
    POTN=1.118502E+05
    PHIC=1.171193E-08
    GRAD=2.830987E-02
    NuBT=2
    CPU =0.000079

ITER: 42
    HPWL=6807.101562
    OVFL=0.680852
    HPWL=(3552.981689, 3254.120117)
    POTN=1.177624E+05
    PHIC=1.229752E-08
    GRAD=2.904250E-02
    NuBT=2
    CPU =0.000080

ITER: 43
    HPWL=6812.955078
    OVFL=0.704328
    HPWL=(3579.080322, 3233.874756)
    POTN=1.278339E+05
    PHIC=1.291239E-08
    GRAD=2.971696E-02
    NuBT=2
    CPU =0.000079

ITER: 44
    HPWL=6780.717285
    OVFL=0.708533
    HPWL=(3547.440430, 3233.276855)
    POTN=1.337132E+05
    PHIC=1.355801E-08
    GRAD=2.635871E-02
    NuBT=2
    CPU =0.000079

ITER: 45
    HPWL=6791.022461
    OVFL=0.703361
    HPWL=(3571.394775, 3219.627686)
    POTN=1.415956E+05
    PHIC=1.423589E-08
    GRAD=2.574116E-02
    NuBT=1
    CPU =0.000049

ITER: 46
    HPWL=6765.152832
    OVFL=0.703484
    HPWL=(3545.262451, 3219.890381)
    POTN=1.537950E+05
    PHIC=1.494768E-08
    GRAD=2.650603E-02
    NuBT=1
    CPU =0.000061

ITER: 47
    HPWL=6777.808594
    OVFL=0.716973
    HPWL=(3573.011230, 3204.797119)
    POTN=1.648097E+05
    PHIC=1.569503E-08
    GRAD=2.648212E-02
    NuBT=2
    CPU =0.000080

ITER: 48
    HPWL=6748.929199
    OVFL=0.723337
    HPWL=(3542.269287, 3206.659912)
    POTN=1.741585E+05
    PHIC=1.647979E-08
    GRAD=2.476236E-02
    NuBT=1
    CPU =0.000049

ITER: 49
    HPWL=6764.290039
    OVFL=0.720989
    HPWL=(3571.766602, 3192.523438)
    POTN=1.836130E+05
    PHIC=1.730374E-08
    GRAD=2.394903E-02
    NuBT=1
    CPU =0.000049

ITER: 50
    HPWL=6737.801758
    OVFL=0.725348
    HPWL=(3543.371826, 3194.430176)
    POTN=1.970622E+05
    PHIC=1.816892E-08
    GRAD=2.422015E-02
    NuBT=1
    CPU =0.000050

ITER: 51
    HPWL=6751.513672
    OVFL=0.731255
    HPWL=(3570.110840, 3181.402588)
    POTN=2.100150E+05
    PHIC=1.907733E-08
    GRAD=2.371044E-02
    NuBT=1
    CPU =0.000049

ITER: 52
    HPWL=6724.678711
    OVFL=0.756648
    HPWL=(3540.428223, 3184.250244)
    POTN=2.200045E+05
    PHIC=2.003120E-08
    GRAD=2.301249E-02
    NuBT=1
    CPU =0.000048

ITER: 53
    HPWL=6736.796387
    OVFL=0.754692
    HPWL=(3563.467529, 3173.328857)
    POTN=2.260982E+05
    PHIC=2.103272E-08
    GRAD=2.015574E-02
    NuBT=2
    CPU =0.000080

ITER: 54
    HPWL=6723.495605
    OVFL=0.755708
    HPWL=(3550.718018, 3172.777588)
    POTN=2.349076E+05
    PHIC=2.208435E-08
    GRAD=2.032343E-02
    NuBT=1
    CPU =0.000049

ITER: 55
    HPWL=6725.463379
    OVFL=0.755018
    HPWL=(3558.969727, 3166.493652)
    POTN=2.451042E+05
    PHIC=2.318857E-08
    GRAD=2.023531E-02
    NuBT=1
    CPU =0.000049

ITER: 56
    HPWL=6713.100586
    OVFL=0.756160
    HPWL=(3546.570801, 3166.530029)
    POTN=2.571167E+05
    PHIC=2.434799E-08
    GRAD=2.030459E-02
    NuBT=2
    CPU =0.000078

ITER: 57
    HPWL=6718.673828
    OVFL=0.755228
    HPWL=(3557.960449, 3160.713623)
    POTN=2.697418E+05
    PHIC=2.556537E-08
    GRAD=2.019695E-02
    NuBT=2
    CPU =0.000078

ITER: 58
    HPWL=6706.789062
    OVFL=0.756385
    HPWL=(3544.342041, 3162.447266)
    POTN=2.835533E+05
    PHIC=2.684364E-08
    GRAD=2.029730E-02
    NuBT=2
    CPU =0.000077

ITER: 59
    HPWL=6715.429688
    OVFL=0.758776
    HPWL=(3557.262451, 3158.167480)
    POTN=2.940643E+05
    PHIC=2.818578E-08
    GRAD=2.018233E-02
    NuBT=2
    CPU =0.000077

ITER: 60
    HPWL=6705.904785
    OVFL=0.759975
    HPWL=(3544.525879, 3161.378906)
    POTN=2.988314E+05
    PHIC=2.959507E-08
    GRAD=1.992870E-02
    NuBT=2
    CPU =0.000078

ITER: 61
    HPWL=6713.495117
    OVFL=0.760446
    HPWL=(3554.927246, 3158.568115)
    POTN=3.010876E+05
    PHIC=3.107479E-08
    GRAD=1.981194E-02
    NuBT=1
    CPU =0.000048

ITER: 62
    HPWL=6705.110352
    OVFL=0.760884
    HPWL=(3543.691650, 3161.418701)
    POTN=3.036291E+05
    PHIC=3.262853E-08
    GRAD=1.975887E-02
    NuBT=2
    CPU =0.000088

ITER: 63
    HPWL=6712.568359
    OVFL=0.761859
    HPWL=(3553.938232, 3158.630371)
    POTN=3.054771E+05
    PHIC=3.425992E-08
    GRAD=1.971531E-02
    NuBT=1
    CPU =0.000049

ITER: 64
    HPWL=6704.410156
    OVFL=0.762623
    HPWL=(3543.051514, 3161.358643)
    POTN=3.075902E+05
    PHIC=3.597291E-08
    GRAD=1.961983E-02
    NuBT=1
    CPU =0.000050

ITER: 65
    HPWL=6711.236328
    OVFL=0.762890
    HPWL=(3552.327393, 3158.908691)
    POTN=3.089663E+05
    PHIC=3.777152E-08
    GRAD=1.953780E-02
    NuBT=1
    CPU =0.000050

ITER: 66
    HPWL=6704.621094
    OVFL=0.762824
    HPWL=(3543.550537, 3161.070557)
    POTN=3.104154E+05
    PHIC=3.966010E-08
    GRAD=1.951016E-02
    NuBT=1
    CPU =0.000048

ITER: 67
    HPWL=6710.258789
    OVFL=0.760847
    HPWL=(3550.989990, 3159.268555)
    POTN=3.105577E+05
    PHIC=4.164307E-08
    GRAD=1.951491E-02
    NuBT=1
    CPU =0.000049

ITER: 68
    HPWL=6704.770996
    OVFL=0.761483
    HPWL=(3543.311279, 3161.459717)
    POTN=3.107760E+05
    PHIC=4.372522E-08
    GRAD=1.971249E-02
    NuBT=1
    CPU =0.000050

ITER: 69
    HPWL=6709.900879
    OVFL=0.762043
    HPWL=(3549.988281, 3159.912598)
    POTN=3.105799E+05
    PHIC=4.591144E-08
    GRAD=1.964528E-02
    NuBT=1
    CPU =0.000048

ITER: 70
    HPWL=6705.632812
    OVFL=0.762364
    HPWL=(3543.622314, 3162.010254)
    POTN=3.104457E+05
    PHIC=4.820701E-08
    GRAD=1.959033E-02
    NuBT=1
    CPU =0.000050

ITER: 71
    HPWL=6710.229004
    OVFL=0.762640
    HPWL=(3549.122070, 3161.106934)
    POTN=3.098425E+05
    PHIC=5.061732E-08
    GRAD=1.955633E-02
    NuBT=1
    CPU =0.000049

ITER: 72
    HPWL=6706.639648
    OVFL=0.762866
    HPWL=(3543.572510, 3163.067383)
    POTN=3.092512E+05
    PHIC=5.314819E-08
    GRAD=1.952799E-02
    NuBT=1
    CPU =0.000049

ITER: 73
    HPWL=6711.091797
    OVFL=0.763053
    HPWL=(3548.627686, 3162.464355)
    POTN=3.082186E+05
    PHIC=5.580556E-08
    GRAD=1.950664E-02
    NuBT=1
    CPU =0.000049

ITER: 74
    HPWL=6708.179199
    OVFL=0.763183
    HPWL=(3543.644287, 3164.534912)
    POTN=3.071515E+05
    PHIC=5.859583E-08
    GRAD=1.948540E-02
    NuBT=1
    CPU =0.000048

ITER: 75
    HPWL=6712.436523
    OVFL=0.763277
    HPWL=(3548.285400, 3164.150879)
    POTN=3.056549E+05
    PHIC=6.152559E-08
    GRAD=1.947257E-02
    NuBT=1
    CPU =0.000049

ITER: 76
    HPWL=6709.937012
    OVFL=0.763322
    HPWL=(3543.610352, 3166.326660)
    POTN=3.041046E+05
    PHIC=6.460186E-08
    GRAD=1.946173E-02
    NuBT=1
    CPU =0.000049

ITER: 77
    HPWL=6714.310547
    OVFL=0.763327
    HPWL=(3548.310303, 3166.000488)
    POTN=3.021608E+05
    PHIC=6.783191E-08
    GRAD=1.945608E-02
    NuBT=1
    CPU =0.000049

ITER: 78
    HPWL=6711.831543
    OVFL=0.763291
    HPWL=(3543.510498, 3168.321045)
    POTN=3.002096E+05
    PHIC=7.122350E-08
    GRAD=1.945512E-02
    NuBT=1
    CPU =0.000049

ITER: 79
    HPWL=6716.621094
    OVFL=0.763216
    HPWL=(3548.522705, 3168.098633)
    POTN=2.979016E+05
    PHIC=7.478462E-08
    GRAD=1.945892E-02
    NuBT=1
    CPU =0.000048

ITER: 80
    HPWL=6714.029297
    OVFL=0.763102
    HPWL=(3543.474609, 3170.554688)
    POTN=2.956659E+05
    PHIC=7.852385E-08
    GRAD=1.946389E-02
    NuBT=1
    CPU =0.000050

ITER: 81
    HPWL=6719.226562
    OVFL=0.762953
    HPWL=(3548.887695, 3170.338867)
    POTN=2.931107E+05
    PHIC=8.244998E-08
    GRAD=1.947526E-02
    NuBT=1
    CPU =0.000055

ITER: 82
    HPWL=6716.372070
    OVFL=0.762770
    HPWL=(3543.439209, 3172.932617)
    POTN=2.907141E+05
    PHIC=8.657248E-08
    GRAD=1.949064E-02
    NuBT=1
    CPU =0.000050

ITER: 83
    HPWL=6721.959961
    OVFL=0.762567
    HPWL=(3549.384033, 3172.575684)
    POTN=2.880597E+05
    PHIC=9.090103E-08
    GRAD=1.950523E-02
    NuBT=1
    CPU =0.000050

ITER: 84
    HPWL=6718.756836
    OVFL=0.762327
    HPWL=(3543.476318, 3175.280762)
    POTN=2.856520E+05
    PHIC=9.544607E-08
    GRAD=1.952734E-02
    NuBT=1
    CPU =0.000049

ITER: 85
    HPWL=6724.752930
    OVFL=0.762068
    HPWL=(3549.885498, 3174.867432)
    POTN=2.830158E+05
    PHIC=1.002183E-07
    GRAD=1.955099E-02
    NuBT=1
    CPU =0.000049

ITER: 86
    HPWL=6721.458984
    OVFL=0.761638
    HPWL=(3543.635986, 3177.822998)
    POTN=2.806583E+05
    PHIC=1.052292E-07
    GRAD=1.957621E-02
    NuBT=1
    CPU =0.000049

ITER: 87
    HPWL=6727.779785
    OVFL=0.761168
    HPWL=(3550.545898, 3177.233887)
    POTN=2.781195E+05
    PHIC=1.104906E-07
    GRAD=1.961816E-02
    NuBT=1
    CPU =0.000049

ITER: 88
    HPWL=6724.000488
    OVFL=0.760650
    HPWL=(3543.722168, 3180.278320)
    POTN=2.759758E+05
    PHIC=1.160151E-07
    GRAD=1.966323E-02
    NuBT=1
    CPU =0.000051

ITER: 89
    HPWL=6730.769043
    OVFL=0.760113
    HPWL=(3551.228516, 3179.540527)
    POTN=2.736650E+05
    PHIC=1.218157E-07
    GRAD=1.971580E-02
    NuBT=1
    CPU =0.000049

ITER: 90
    HPWL=6726.690918
    OVFL=0.759545
    HPWL=(3544.077148, 3182.613770)
    POTN=2.714232E+05
    PHIC=1.279065E-07
    GRAD=1.977028E-02
    NuBT=1
    CPU =0.000051

ITER: 91
    HPWL=6733.588867
    OVFL=0.759005
    HPWL=(3551.818848, 3181.770264)
    POTN=2.688095E+05
    PHIC=1.343017E-07
    GRAD=1.982840E-02
    NuBT=1
    CPU =0.000049

ITER: 92
    HPWL=6729.423340
    OVFL=0.753452
    HPWL=(3544.423828, 3184.999512)
    POTN=2.651896E+05
    PHIC=1.410168E-07
    GRAD=1.988125E-02
    NuBT=1
    CPU =0.000051

ITER: 93
    HPWL=6735.554688
    OVFL=0.744558
    HPWL=(3551.202148, 3184.352783)
    POTN=2.606401E+05
    PHIC=1.480675E-07
    GRAD=2.044875E-02
    NuBT=2
    CPU =0.000078

ITER: 94
    HPWL=6734.142578
    OVFL=0.735194
    HPWL=(3547.906250, 3186.236328)
    POTN=2.564321E+05
    PHIC=1.554708E-07
    GRAD=2.139228E-02
    NuBT=2
    CPU =0.000078

ITER: 95
    HPWL=6736.020996
    OVFL=0.726224
    HPWL=(3549.204346, 3186.816650)
    POTN=2.523617E+05
    PHIC=1.632443E-07
    GRAD=2.243740E-02
    NuBT=2
    CPU =0.000078

ITER: 96
    HPWL=6736.993164
    OVFL=0.724753
    HPWL=(3549.333496, 3187.659912)
    POTN=2.485262E+05
    PHIC=1.714065E-07
    GRAD=2.348799E-02
    NuBT=1
    CPU =0.000048

ITER: 97
    HPWL=6738.064453
    OVFL=0.723928
    HPWL=(3549.601074, 3188.463135)
    POTN=2.449224E+05
    PHIC=1.799768E-07
    GRAD=2.366477E-02
    NuBT=1
    CPU =0.000049

ITER: 98
    HPWL=6740.086914
    OVFL=0.722694
    HPWL=(3549.999268, 3190.087891)
    POTN=2.416117E+05
    PHIC=1.889756E-07
    GRAD=2.376436E-02
    NuBT=1
    CPU =0.000048

ITER: 99
    HPWL=6740.629883
    OVFL=0.722270
    HPWL=(3550.413086, 3190.217041)
    POTN=2.385528E+05
    PHIC=1.984243E-07
    GRAD=2.391225E-02
    NuBT=2
    CPU =0.000085

ITER: 100
    HPWL=6741.482422
    OVFL=0.721727
    HPWL=(3550.260986, 3191.221191)
    POTN=2.357294E+05
    PHIC=2.083455E-07
    GRAD=2.396375E-02
    NuBT=2
    CPU =0.000079

ITER: 101
    HPWL=6743.843750
    OVFL=0.720921
    HPWL=(3551.499023, 3192.344727)
    POTN=2.324129E+05
    PHIC=2.187627E-07
    GRAD=2.402768E-02
    NuBT=2
    CPU =0.000079

ITER: 102
    HPWL=6742.481934
    OVFL=0.719523
    HPWL=(3550.652344, 3191.829590)
    POTN=2.275793E+05
    PHIC=2.297008E-07
    GRAD=2.412754E-02
    NuBT=2
    CPU =0.000081

ITER: 103
    HPWL=6745.781250
    OVFL=0.717774
    HPWL=(3552.378906, 3193.402344)
    POTN=2.229390E+05
    PHIC=2.411858E-07
    GRAD=2.429918E-02
    NuBT=2
    CPU =0.000079

ITER: 104
    HPWL=6743.602539
    OVFL=0.715948
    HPWL=(3551.094727, 3192.507812)
    POTN=2.187941E+05
    PHIC=2.532450E-07
    GRAD=2.451807E-02
    NuBT=2
    CPU =0.000078

ITER: 105
    HPWL=6747.701660
    OVFL=0.713798
    HPWL=(3553.391846, 3194.309814)
    POTN=2.149580E+05
    PHIC=2.659071E-07
    GRAD=2.474860E-02
    NuBT=2
    CPU =0.000079

ITER: 106
    HPWL=6744.470215
    OVFL=0.711853
    HPWL=(3551.460449, 3193.009766)
    POTN=2.116397E+05
    PHIC=2.792025E-07
    GRAD=2.502209E-02
    NuBT=2
    CPU =0.000078

ITER: 107
    HPWL=6748.894531
    OVFL=0.709682
    HPWL=(3554.078857, 3194.815918)
    POTN=2.086073E+05
    PHIC=2.931624E-07
    GRAD=2.526756E-02
    NuBT=2
    CPU =0.000078

ITER: 108
    HPWL=6745.276367
    OVFL=0.708384
    HPWL=(3551.998291, 3193.277832)
    POTN=2.061109E+05
    PHIC=3.078205E-07
    GRAD=2.555010E-02
    NuBT=2
    CPU =0.000079

ITER: 109
    HPWL=6749.823242
    OVFL=0.708045
    HPWL=(3554.758545, 3195.064453)
    POTN=2.038193E+05
    PHIC=3.232113E-07
    GRAD=2.572093E-02
    NuBT=2
    CPU =0.000078

ITER: 110
    HPWL=6745.724609
    OVFL=0.708463
    HPWL=(3552.373535, 3193.351074)
    POTN=2.020409E+05
    PHIC=3.393719E-07
    GRAD=2.576406E-02
    NuBT=2
    CPU =0.000079

ITER: 111
    HPWL=6750.289551
    OVFL=0.708107
    HPWL=(3555.299561, 3194.989990)
    POTN=2.004281E+05
    PHIC=3.563402E-07
    GRAD=2.570975E-02
    NuBT=2
    CPU =0.000079

ITER: 112
    HPWL=6746.120117
    OVFL=0.708728
    HPWL=(3552.751465, 3193.368652)
    POTN=1.992841E+05
    PHIC=3.741572E-07
    GRAD=2.575766E-02
    NuBT=1
    CPU =0.000059

ITER: 113
    HPWL=6750.795898
    OVFL=0.709796
    HPWL=(3555.858154, 3194.937988)
    POTN=1.982329E+05
    PHIC=3.928648E-07
    GRAD=2.567496E-02
    NuBT=1
    CPU =0.000049

ITER: 114
    HPWL=6746.635742
    OVFL=0.711603
    HPWL=(3553.454590, 3193.181152)
    POTN=1.975810E+05
    PHIC=4.125080E-07
    GRAD=2.553430E-02
    NuBT=1
    CPU =0.000049

ITER: 115
    HPWL=6750.073242
    OVFL=0.712605
    HPWL=(3555.792236, 3194.280762)
    POTN=1.969772E+05
    PHIC=4.331332E-07
    GRAD=2.529924E-02
    NuBT=1
    CPU =0.000048

ITER: 116
    HPWL=6747.247070
    OVFL=0.714089
    HPWL=(3554.221191, 3193.025879)
    POTN=1.966812E+05
    PHIC=4.547898E-07
    GRAD=2.516981E-02
    NuBT=1
    CPU =0.000049

ITER: 117
    HPWL=6749.897949
    OVFL=0.714927
    HPWL=(3556.036133, 3193.861816)
    POTN=1.964495E+05
    PHIC=4.775291E-07
    GRAD=2.497830E-02
    NuBT=1
    CPU =0.000048

ITER: 118
    HPWL=6747.322754
    OVFL=0.716066
    HPWL=(3554.559570, 3192.763184)
    POTN=1.964419E+05
    PHIC=5.014056E-07
    GRAD=2.487256E-02
    NuBT=1
    CPU =0.000049

ITER: 119
    HPWL=6749.568359
    OVFL=0.716631
    HPWL=(3556.169678, 3193.398926)
    POTN=1.964577E+05
    PHIC=5.264756E-07
    GRAD=2.472743E-02
    NuBT=1
    CPU =0.000049

ITER: 120
    HPWL=6747.477051
    OVFL=0.717493
    HPWL=(3554.997803, 3192.479248)
    POTN=1.966415E+05
    PHIC=5.527993E-07
    GRAD=2.465563E-02
    NuBT=1
    CPU =0.000049

ITER: 121
    HPWL=6749.169434
    OVFL=0.717904
    HPWL=(3556.264404, 3192.905029)
    POTN=1.968078E+05
    PHIC=5.804392E-07
    GRAD=2.454722E-02
    NuBT=1
    CPU =0.000049

ITER: 122
    HPWL=6747.519043
    OVFL=0.718570
    HPWL=(3555.335449, 3192.183594)
    POTN=1.970482E+05
    PHIC=6.094611E-07
    GRAD=2.449246E-02
    NuBT=1
    CPU =0.000050

ITER: 123
    HPWL=6748.946777
    OVFL=0.718868
    HPWL=(3556.376221, 3192.570557)
    POTN=1.972265E+05
    PHIC=6.399340E-07
    GRAD=2.441110E-02
    NuBT=1
    CPU =0.000049

ITER: 124
    HPWL=6747.486328
    OVFL=0.719362
    HPWL=(3555.535156, 3191.951172)
    POTN=1.974542E+05
    PHIC=6.719306E-07
    GRAD=2.437535E-02
    NuBT=1
    CPU =0.000051

ITER: 125
    HPWL=6748.595215
    OVFL=0.719553
    HPWL=(3556.413574, 3192.181641)
    POTN=1.976007E+05
    PHIC=7.055270E-07
    GRAD=2.431409E-02
    NuBT=1
    CPU =0.000049

ITER: 126
    HPWL=6747.641602
    OVFL=0.719889
    HPWL=(3555.844482, 3191.796875)
    POTN=1.977539E+05
    PHIC=7.408034E-07
    GRAD=2.428957E-02
    NuBT=1
    CPU =0.000049

ITER: 127
    HPWL=6748.363281
    OVFL=0.719997
    HPWL=(3556.359619, 3192.003906)
    POTN=1.978063E+05
    PHIC=7.778434E-07
    GRAD=2.424759E-02
    NuBT=1
    CPU =0.000049

ITER: 128
    HPWL=6747.780273
    OVFL=0.720186
    HPWL=(3556.061035, 3191.719238)
    POTN=1.978265E+05
    PHIC=8.167356E-07
    GRAD=2.423269E-02
    NuBT=1
    CPU =0.000048

ITER: 129
    HPWL=6748.322266
    OVFL=0.720203
    HPWL=(3556.367920, 3191.954590)
    POTN=1.977382E+05
    PHIC=8.575722E-07
    GRAD=2.421149E-02
    NuBT=1
    CPU =0.000049

ITER: 130
    HPWL=6747.952637
    OVFL=0.720270
    HPWL=(3556.122314, 3191.830322)
    POTN=1.975871E+05
    PHIC=9.004508E-07
    GRAD=2.420770E-02
    NuBT=1
    CPU =0.000048

ITER: 131
    HPWL=6748.504883
    OVFL=0.720201
    HPWL=(3556.450439, 3192.054199)
    POTN=1.973120E+05
    PHIC=9.454732E-07
    GRAD=2.420085E-02
    NuBT=1
    CPU =0.000050

ITER: 132
    HPWL=6748.432617
    OVFL=0.720140
    HPWL=(3556.236816, 3192.195557)
    POTN=1.969293E+05
    PHIC=9.927468E-07
    GRAD=2.420755E-02
    NuBT=1
    CPU =0.000056

ITER: 133
    HPWL=6749.109375
    OVFL=0.719935
    HPWL=(3556.570068, 3192.539551)
    POTN=1.963926E+05
    PHIC=1.042384E-06
    GRAD=2.421510E-02
    NuBT=1
    CPU =0.000052

ITER: 134
    HPWL=6748.942871
    OVFL=0.719773
    HPWL=(3556.280029, 3192.662842)
    POTN=1.957713E+05
    PHIC=1.094503E-06
    GRAD=2.424295E-02
    NuBT=2
    CPU =0.000079

ITER: 135
    HPWL=6750.035156
    OVFL=0.719433
    HPWL=(3556.690186, 3193.344727)
    POTN=1.949911E+05
    PHIC=1.149228E-06
    GRAD=2.426196E-02
    NuBT=1
    CPU =0.000048

ITER: 136
    HPWL=6749.727539
    OVFL=0.719191
    HPWL=(3556.197510, 3193.530273)
    POTN=1.941337E+05
    PHIC=1.206689E-06
    GRAD=2.430222E-02
    NuBT=1
    CPU =0.000051

ITER: 137
    HPWL=6751.229492
    OVFL=0.718699
    HPWL=(3556.897461, 3194.332031)
    POTN=1.931295E+05
    PHIC=1.267024E-06
    GRAD=2.433236E-02
    NuBT=1
    CPU =0.000048

ITER: 138
    HPWL=6750.856445
    OVFL=0.718392
    HPWL=(3556.204346, 3194.652100)
    POTN=1.921006E+05
    PHIC=1.330375E-06
    GRAD=2.439477E-02
    NuBT=1
    CPU =0.000049

ITER: 139
    HPWL=6752.613281
    OVFL=0.717801
    HPWL=(3557.009766, 3195.603516)
    POTN=1.909333E+05
    PHIC=1.396893E-06
    GRAD=2.443299E-02
    NuBT=1
    CPU =0.000048

ITER: 140
    HPWL=6752.222656
    OVFL=0.717419
    HPWL=(3556.234863, 3195.987793)
    POTN=1.897683E+05
    PHIC=1.466738E-06
    GRAD=2.450467E-02
    NuBT=1
    CPU =0.000048

ITER: 141
    HPWL=6754.354492
    OVFL=0.716722
    HPWL=(3557.231201, 3197.123291)
    POTN=1.884785E+05
    PHIC=1.540074E-06
    GRAD=2.455314E-02
    NuBT=1
    CPU =0.000049

ITER: 142
    HPWL=6753.658203
    OVFL=0.716326
    HPWL=(3556.172363, 3197.486084)
    POTN=1.872560E+05
    PHIC=1.617077E-06
    GRAD=2.464042E-02
    NuBT=1
    CPU =0.000049

ITER: 143
    HPWL=6756.238770
    OVFL=0.715541
    HPWL=(3557.487305, 3198.751465)
    POTN=1.859127E+05
    PHIC=1.697931E-06
    GRAD=2.469108E-02
    NuBT=1
    CPU =0.000048

ITER: 144
    HPWL=6755.412109
    OVFL=0.715099
    HPWL=(3556.236328, 3199.176025)
    POTN=1.846555E+05
    PHIC=1.782827E-06
    GRAD=2.478777E-02
    NuBT=1
    CPU =0.000049

ITER: 145
    HPWL=6758.317383
    OVFL=0.714294
    HPWL=(3557.636719, 3200.680420)
    POTN=1.833052E+05
    PHIC=1.871967E-06
    GRAD=2.484565E-02
    NuBT=1
    CPU =0.000049

ITER: 146
    HPWL=6757.398438
    OVFL=0.713906
    HPWL=(3556.322510, 3201.076172)
    POTN=1.821135E+05
    PHIC=1.965566E-06
    GRAD=2.494722E-02
    NuBT=1
    CPU =0.000048

ITER: 147
    HPWL=6760.530273
    OVFL=0.713161
    HPWL=(3557.903809, 3202.626465)
    POTN=1.808428E+05
    PHIC=2.063843E-06
    GRAD=2.499708E-02
    NuBT=1
    CPU =0.000048

ITER: 148
    HPWL=6759.416016
    OVFL=0.712910
    HPWL=(3556.435791, 3202.980469)
    POTN=1.797702E+05
    PHIC=2.167035E-06
    GRAD=2.509114E-02
    NuBT=1
    CPU =0.000050

ITER: 149
    HPWL=6762.472656
    OVFL=0.712303
    HPWL=(3558.000732, 3204.471680)
    POTN=1.786300E+05
    PHIC=2.275386E-06
    GRAD=2.512409E-02
    NuBT=1
    CPU =0.000048

ITER: 150
    HPWL=6761.492188
    OVFL=0.712220
    HPWL=(3556.670898, 3204.821289)
    POTN=1.776705E+05
    PHIC=2.389155E-06
    GRAD=2.520241E-02
    NuBT=1
    CPU =0.000049

ITER: 151
    HPWL=6764.327148
    OVFL=0.711852
    HPWL=(3558.212158, 3206.114746)
    POTN=1.764568E+05
    PHIC=2.508611E-06
    GRAD=2.521105E-02
    NuBT=1
    CPU =0.000049

ITER: 152
    HPWL=6763.391602
    OVFL=0.711944
    HPWL=(3556.884033, 3206.507324)
    POTN=1.753777E+05
    PHIC=2.634042E-06
    GRAD=2.525624E-02
    NuBT=1
    CPU =0.000057

ITER: 153
    HPWL=6766.122070
    OVFL=0.711716
    HPWL=(3558.361084, 3207.761230)
    POTN=1.742024E+05
    PHIC=2.765743E-06
    GRAD=2.524926E-02
    NuBT=1
    CPU =0.000050

ITER: 154
    HPWL=6765.148438
    OVFL=0.711990
    HPWL=(3557.052979, 3208.095215)
    POTN=1.732024E+05
    PHIC=2.904030E-06
    GRAD=2.527726E-02
    NuBT=1
    CPU =0.000049

ITER: 155
    HPWL=6767.789062
    OVFL=0.711927
    HPWL=(3558.583252, 3209.205566)
    POTN=1.721176E+05
    PHIC=3.049230E-06
    GRAD=2.523767E-02
    NuBT=1
    CPU =0.000049

ITER: 156
    HPWL=6766.854492
    OVFL=0.712300
    HPWL=(3557.377441, 3209.476807)
    POTN=1.712054E+05
    PHIC=3.201691E-06
    GRAD=2.524927E-02
    NuBT=1
    CPU =0.000051

ITER: 157
    HPWL=6769.230469
    OVFL=0.712325
    HPWL=(3558.805420, 3210.425049)
    POTN=1.697059E+05
    PHIC=3.361775E-06
    GRAD=2.519950E-02
    NuBT=1
    CPU =0.000049

ITER: 158
    HPWL=6768.661133
    OVFL=0.712436
    HPWL=(3557.444580, 3211.216553)
    POTN=1.677188E+05
    PHIC=3.529863E-06
    GRAD=2.519679E-02
    NuBT=1
    CPU =0.000049

ITER: 159
    HPWL=6772.561035
    OVFL=0.711941
    HPWL=(3559.890625, 3212.670410)
    POTN=1.652799E+05
    PHIC=3.706354E-06
    GRAD=2.518551E-02
    NuBT=2
    CPU =0.000078

ITER: 160
    HPWL=6771.818359
    OVFL=0.711943
    HPWL=(3557.249268, 3214.569092)
    POTN=1.627855E+05
    PHIC=3.891672E-06
    GRAD=2.525383E-02
    NuBT=2
    CPU =0.000079

ITER: 161
    HPWL=6778.989258
    OVFL=0.711073
    HPWL=(3561.161621, 3217.827637)
    POTN=1.598185E+05
    PHIC=4.086251E-06
    GRAD=2.525745E-02
    NuBT=2
    CPU =0.000078

ITER: 162
    HPWL=6777.963867
    OVFL=0.711056
    HPWL=(3557.361572, 3220.602539)
    POTN=1.570835E+05
    PHIC=4.290564E-06
    GRAD=2.536867E-02
    NuBT=2
    CPU =0.000079

ITER: 163
    HPWL=6787.000977
    OVFL=0.710057
    HPWL=(3562.139160, 3224.861816)
    POTN=1.540112E+05
    PHIC=4.505086E-06
    GRAD=2.537936E-02
    NuBT=1
    CPU =0.000048

ITER: 164
    HPWL=6785.085938
    OVFL=0.710132
    HPWL=(3557.127197, 3227.958496)
    POTN=1.514362E+05
    PHIC=4.730340E-06
    GRAD=2.551587E-02
    NuBT=1
    CPU =0.000049

ITER: 165
    HPWL=6796.833496
    OVFL=0.708591
    HPWL=(3562.888916, 3233.944580)
    POTN=1.485258E+05
    PHIC=4.966848E-06
    GRAD=2.550811E-02
    NuBT=1
    CPU =0.000049

ITER: 166
    HPWL=6796.867188
    OVFL=0.689904
    HPWL=(3557.766846, 3239.100586)
    POTN=1.430531E+05
    PHIC=5.215190E-06
    GRAD=2.570727E-02
    NuBT=1
    CPU =0.000049

ITER: 167
    HPWL=6806.277344
    OVFL=0.680014
    HPWL=(3561.275635, 3245.001465)
    POTN=1.372054E+05
    PHIC=5.475942E-06
    GRAD=2.823290E-02
    NuBT=2
    CPU =0.000078

ITER: 168
    HPWL=6810.158203
    OVFL=0.679178
    HPWL=(3560.501465, 3249.656982)
    POTN=1.320951E+05
    PHIC=5.749735E-06
    GRAD=2.968502E-02
    NuBT=1
    CPU =0.000049

ITER: 169
    HPWL=6815.455078
    OVFL=0.676856
    HPWL=(3560.894775, 3254.560547)
    POTN=1.276338E+05
    PHIC=6.037217E-06
    GRAD=2.981185E-02
    NuBT=1
    CPU =0.000057

ITER: 170
    HPWL=6819.783203
    OVFL=0.668512
    HPWL=(3560.802734, 3258.980225)
    POTN=1.228588E+05
    PHIC=6.339074E-06
    GRAD=3.016576E-02
    NuBT=2
    CPU =0.000082

ITER: 171
    HPWL=6824.463379
    OVFL=0.664731
    HPWL=(3561.313721, 3263.149658)
    POTN=1.184679E+05
    PHIC=6.656023E-06
    GRAD=3.147049E-02
    NuBT=2
    CPU =0.000079

ITER: 172
    HPWL=6825.244141
    OVFL=0.662371
    HPWL=(3560.688232, 3264.555664)
    POTN=1.151020E+05
    PHIC=6.988823E-06
    GRAD=3.209683E-02
    NuBT=1
    CPU =0.000049

ITER: 173
    HPWL=6829.569336
    OVFL=0.658790
    HPWL=(3561.740723, 3267.828857)
    POTN=1.119348E+05
    PHIC=7.338260E-06
    GRAD=3.247519E-02
    NuBT=2
    CPU =0.000078

ITER: 174
    HPWL=6830.073242
    OVFL=0.660793
    HPWL=(3561.105957, 3268.967285)
    POTN=1.096164E+05
    PHIC=7.705172E-06
    GRAD=3.307007E-02
    NuBT=2
    CPU =0.000105

ITER: 175
    HPWL=6833.049316
    OVFL=0.661434
    HPWL=(3562.157227, 3270.892090)
    POTN=1.077084E+05
    PHIC=8.090426E-06
    GRAD=3.273531E-02
    NuBT=2
    CPU =0.000082

ITER: 176
    HPWL=6833.706055
    OVFL=0.663611
    HPWL=(3561.482666, 3272.223389)
    POTN=1.062695E+05
    PHIC=8.494946E-06
    GRAD=3.262246E-02
    NuBT=2
    CPU =0.000081

ITER: 177
    HPWL=6837.647461
    OVFL=0.663900
    HPWL=(3562.529053, 3275.118164)
    POTN=1.049517E+05
    PHIC=8.919688E-06
    GRAD=3.226241E-02
    NuBT=2
    CPU =0.000080

ITER: 178
    HPWL=6840.430176
    OVFL=0.665405
    HPWL=(3561.947266, 3278.482910)
    POTN=1.040041E+05
    PHIC=9.365669E-06
    GRAD=3.221289E-02
    NuBT=1
    CPU =0.000052

ITER: 179
    HPWL=6846.704102
    OVFL=0.665297
    HPWL=(3562.928711, 3283.775635)
    POTN=1.030949E+05
    PHIC=9.833943E-06
    GRAD=3.196108E-02
    NuBT=2
    CPU =0.000080

ITER: 180
    HPWL=6850.911133
    OVFL=0.666188
    HPWL=(3562.559326, 3288.351562)
    POTN=1.024717E+05
    PHIC=1.032563E-05
    GRAD=3.197391E-02
    NuBT=1
    CPU =0.000050

ITER: 181
    HPWL=6857.732422
    OVFL=0.665930
    HPWL=(3563.270020, 3294.462402)
    POTN=1.018510E+05
    PHIC=1.084191E-05
    GRAD=3.182800E-02
    NuBT=1
    CPU =0.000052

ITER: 182
    HPWL=6862.805664
    OVFL=0.666427
    HPWL=(3562.788086, 3300.017822)
    POTN=1.013946E+05
    PHIC=1.138399E-05
    GRAD=3.187253E-02
    NuBT=1
    CPU =0.000050

ITER: 183
    HPWL=6871.116211
    OVFL=0.665706
    HPWL=(3563.500000, 3307.615967)
    POTN=1.008279E+05
    PHIC=1.195318E-05
    GRAD=3.179663E-02
    NuBT=1
    CPU =0.000051

ITER: 184
    HPWL=6876.873047
    OVFL=0.666039
    HPWL=(3562.781982, 3314.091309)
    POTN=1.003201E+05
    PHIC=1.255083E-05
    GRAD=3.192435E-02
    NuBT=1
    CPU =0.000056

ITER: 185
    HPWL=6886.131836
    OVFL=0.660217
    HPWL=(3563.535156, 3322.596924)
    POTN=9.899494E+04
    PHIC=1.317835E-05
    GRAD=3.187053E-02
    NuBT=2
    CPU =0.000081

ITER: 186
    HPWL=6890.400391
    OVFL=0.651974
    HPWL=(3562.818848, 3327.581543)
    POTN=9.729316E+04
    PHIC=1.383726E-05
    GRAD=3.282683E-02
    NuBT=2
    CPU =0.000081

ITER: 187
    HPWL=6898.313477
    OVFL=0.640623
    HPWL=(3563.437256, 3334.876465)
    POTN=9.528258E+04
    PHIC=1.452910E-05
    GRAD=3.423062E-02
    NuBT=2
    CPU =0.000081

ITER: 188
    HPWL=6901.455078
    OVFL=0.636192
    HPWL=(3562.828613, 3338.626709)
    POTN=9.341037E+04
    PHIC=1.525555E-05
    GRAD=3.625114E-02
    NuBT=2
    CPU =0.000081

ITER: 189
    HPWL=6906.440430
    OVFL=0.631137
    HPWL=(3563.153320, 3343.287109)
    POTN=9.166777E+04
    PHIC=1.601832E-05
    GRAD=3.707498E-02
    NuBT=1
    CPU =0.000050

ITER: 190
    HPWL=6908.460938
    OVFL=0.628180
    HPWL=(3563.423828, 3345.037354)
    POTN=9.030417E+04
    PHIC=1.681923E-05
    GRAD=3.804808E-02
    NuBT=2
    CPU =0.000092

ITER: 191
    HPWL=6910.604004
    OVFL=0.627162
    HPWL=(3563.039062, 3347.564941)
    POTN=8.903214E+04
    PHIC=1.766018E-05
    GRAD=3.862451E-02
    NuBT=2
    CPU =0.000079

ITER: 192
    HPWL=6911.178711
    OVFL=0.627324
    HPWL=(3563.068359, 3348.110596)
    POTN=8.802683E+04
    PHIC=1.854319E-05
    GRAD=3.882251E-02
    NuBT=2
    CPU =0.000078

ITER: 193
    HPWL=6914.267578
    OVFL=0.626260
    HPWL=(3563.051758, 3351.215820)
    POTN=8.671684E+04
    PHIC=1.947034E-05
    GRAD=3.879419E-02
    NuBT=2
    CPU =0.000079

ITER: 194
    HPWL=6914.745117
    OVFL=0.626168
    HPWL=(3563.089844, 3351.655029)
    POTN=8.553740E+04
    PHIC=2.044385E-05
    GRAD=3.900352E-02
    NuBT=2
    CPU =0.000078

ITER: 195
    HPWL=6918.123047
    OVFL=0.624507
    HPWL=(3563.281982, 3354.841064)
    POTN=8.409899E+04
    PHIC=2.146604E-05
    GRAD=3.902051E-02
    NuBT=1
    CPU =0.000050

ITER: 196
    HPWL=6917.497070
    OVFL=0.623731
    HPWL=(3563.163574, 3354.333496)
    POTN=8.279521E+04
    PHIC=2.253934E-05
    GRAD=3.935614E-02
    NuBT=1
    CPU =0.000049

ITER: 197
    HPWL=6920.712402
    OVFL=0.621472
    HPWL=(3563.618164, 3357.094238)
    POTN=8.133034E+04
    PHIC=2.366629E-05
    GRAD=3.950788E-02
    NuBT=1
    CPU =0.000049

ITER: 198
    HPWL=6921.230469
    OVFL=0.620366
    HPWL=(3563.249512, 3357.981201)
    POTN=7.986554E+04
    PHIC=2.484960E-05
    GRAD=3.996435E-02
    NuBT=1
    CPU =0.000057

ITER: 199
    HPWL=6927.818359
    OVFL=0.617690
    HPWL=(3564.101074, 3363.717529)
    POTN=7.828050E+04
    PHIC=2.609206E-05
    GRAD=4.019004E-02
    NuBT=1
    CPU =0.000050

ITER: 200
    HPWL=6929.381836
    OVFL=0.616175
    HPWL=(3563.404297, 3365.977539)
    POTN=7.680115E+04
    PHIC=2.739665E-05
    GRAD=4.074303E-02
    NuBT=1
    CPU =0.000050

ITER: 201
    HPWL=6937.015137
    OVFL=0.612908
    HPWL=(3564.677246, 3372.337891)
    POTN=7.527845E+04
    PHIC=2.876646E-05
    GRAD=4.105655E-02
    NuBT=1
    CPU =0.000050

ITER: 202
    HPWL=6939.298828
    OVFL=0.613551
    HPWL=(3564.162109, 3375.136963)
    POTN=7.396255E+04
    PHIC=3.020477E-05
    GRAD=4.173880E-02
    NuBT=1
    CPU =0.000048

ITER: 203
    HPWL=6948.864258
    OVFL=0.612538
    HPWL=(3566.025879, 3382.838379)
    POTN=7.254323E+04
    PHIC=3.171496E-05
    GRAD=4.159948E-02
    NuBT=1
    CPU =0.000049

ITER: 204
    HPWL=6952.215820
    OVFL=0.613359
    HPWL=(3564.714844, 3387.500732)
    POTN=7.133828E+04
    PHIC=3.330069E-05
    GRAD=4.181943E-02
    NuBT=1
    CPU =0.000051

ITER: 205
    HPWL=6964.112305
    OVFL=0.610735
    HPWL=(3566.956787, 3397.155273)
    POTN=6.978744E+04
    PHIC=3.496567E-05
    GRAD=4.165765E-02
    NuBT=1
    CPU =0.000048

ITER: 206
    HPWL=6966.719727
    OVFL=0.606240
    HPWL=(3565.110107, 3401.609619)
    POTN=6.797875E+04
    PHIC=3.671394E-05
    GRAD=4.222118E-02
    NuBT=1
    CPU =0.000049

ITER: 207
    HPWL=6980.914062
    OVFL=0.596299
    HPWL=(3568.645508, 3412.268555)
    POTN=6.569977E+04
    PHIC=3.854955E-05
    GRAD=4.318874E-02
    NuBT=1
    CPU =0.000049

ITER: 208
    HPWL=6982.629883
    OVFL=0.590939
    HPWL=(3566.555908, 3416.074219)
    POTN=6.345940E+04
    PHIC=4.047702E-05
    GRAD=4.538842E-02
    NuBT=2
    CPU =0.000078

ITER: 209
    HPWL=6994.405273
    OVFL=0.587058
    HPWL=(3570.128906, 3424.276611)
    POTN=6.104632E+04
    PHIC=4.250079E-05
    GRAD=4.662433E-02
    NuBT=1
    CPU =0.000049

ITER: 210
    HPWL=6996.326172
    OVFL=0.584088
    HPWL=(3569.305420, 3427.020508)
    POTN=5.912015E+04
    PHIC=4.462582E-05
    GRAD=4.755838E-02
    NuBT=2
    CPU =0.000078

ITER: 211
    HPWL=7016.688965
    OVFL=0.578484
    HPWL=(3576.978760, 3439.710205)
    POTN=5.708104E+04
    PHIC=4.685697E-05
    GRAD=4.828769E-02
    NuBT=2
    CPU =0.000080

ITER: 212
    HPWL=7021.224609
    OVFL=0.577778
    HPWL=(3576.097412, 3445.126953)
    POTN=5.503358E+04
    PHIC=4.919979E-05
    GRAD=4.965792E-02
    NuBT=2
    CPU =0.000078

ITER: 213
    HPWL=7041.992188
    OVFL=0.571040
    HPWL=(3584.739990, 3457.252197)
    POTN=5.258556E+04
    PHIC=5.165962E-05
    GRAD=4.985784E-02
    NuBT=1
    CPU =0.000050

ITER: 214
    HPWL=7045.391602
    OVFL=0.564717
    HPWL=(3583.255371, 3462.136230)
    POTN=5.012491E+04
    PHIC=5.424258E-05
    GRAD=5.156128E-02
    NuBT=2
    CPU =0.000079

ITER: 215
    HPWL=7063.657227
    OVFL=0.553918
    HPWL=(3590.676025, 3472.980957)
    POTN=4.744675E+04
    PHIC=5.695456E-05
    GRAD=5.323289E-02
    NuBT=1
    CPU =0.000058

ITER: 216
    HPWL=7063.652344
    OVFL=0.544677
    HPWL=(3588.099854, 3475.552734)
    POTN=4.486004E+04
    PHIC=5.980228E-05
    GRAD=5.615206E-02
    NuBT=2
    CPU =0.000079

ITER: 217
    HPWL=7078.395020
    OVFL=0.535622
    HPWL=(3593.697021, 3484.697998)
    POTN=4.232850E+04
    PHIC=6.279226E-05
    GRAD=5.880077E-02
    NuBT=1
    CPU =0.000049

ITER: 218
    HPWL=7079.261719
    OVFL=0.533449
    HPWL=(3593.928223, 3485.333496)
    POTN=4.027863E+04
    PHIC=6.593187E-05
    GRAD=6.151174E-02
    NuBT=2
    CPU =0.000078

ITER: 219
    HPWL=7091.402344
    OVFL=0.532390
    HPWL=(3601.001465, 3490.400635)
    POTN=3.875870E+04
    PHIC=6.922834E-05
    GRAD=6.218811E-02
    NuBT=1
    CPU =0.000048

ITER: 220
    HPWL=7090.260742
    OVFL=0.533410
    HPWL=(3601.040283, 3489.220215)
    POTN=3.773113E+04
    PHIC=7.268976E-05
    GRAD=6.250985E-02
    NuBT=2
    CPU =0.000080

ITER: 221
    HPWL=7100.963379
    OVFL=0.534144
    HPWL=(3607.518066, 3493.445312)
    POTN=3.702404E+04
    PHIC=7.632413E-05
    GRAD=6.217660E-02
    NuBT=2
    CPU =0.000079

ITER: 222
    HPWL=7096.137207
    OVFL=0.534358
    HPWL=(3606.402832, 3489.734375)
    POTN=3.656726E+04
    PHIC=8.014033E-05
    GRAD=6.196652E-02
    NuBT=1
    CPU =0.000050

ITER: 223
    HPWL=7105.973633
    OVFL=0.531569
    HPWL=(3611.845459, 3494.128418)
    POTN=3.605649E+04
    PHIC=8.414723E-05
    GRAD=6.187826E-02
    NuBT=1
    CPU =0.000049

ITER: 224
    HPWL=7099.882812
    OVFL=0.528979
    HPWL=(3610.373047, 3489.509766)
    POTN=3.558014E+04
    PHIC=8.835459E-05
    GRAD=6.272143E-02
    NuBT=1
    CPU =0.000052

ITER: 225
    HPWL=7105.299805
    OVFL=0.524217
    HPWL=(3613.686523, 3491.613281)
    POTN=3.496692E+04
    PHIC=9.277224E-05
    GRAD=6.349684E-02
    NuBT=1
    CPU =0.000049

ITER: 226
    HPWL=7096.001953
    OVFL=0.520804
    HPWL=(3611.564209, 3484.437744)
    POTN=3.443599E+04
    PHIC=9.741084E-05
    GRAD=6.501803E-02
    NuBT=1
    CPU =0.000049

ITER: 227
    HPWL=7099.266113
    OVFL=0.519028
    HPWL=(3614.722168, 3484.543945)
    POTN=3.388625E+04
    PHIC=1.022813E-04
    GRAD=6.609698E-02
    NuBT=1
    CPU =0.000051

ITER: 228
    HPWL=7086.347656
    OVFL=0.519101
    HPWL=(3612.115234, 3474.232666)
    POTN=3.330115E+04
    PHIC=1.073954E-04
    GRAD=6.668305E-02
    NuBT=1
    CPU =0.000051

ITER: 229
    HPWL=7090.698242
    OVFL=0.517454
    HPWL=(3615.926758, 3474.771240)
    POTN=3.248440E+04
    PHIC=1.127651E-04
    GRAD=6.663638E-02
    NuBT=1
    CPU =0.000049

ITER: 230
    HPWL=7079.623047
    OVFL=0.514665
    HPWL=(3611.823486, 3467.799805)
    POTN=3.147068E+04
    PHIC=1.184033E-04
    GRAD=6.719159E-02
    NuBT=1
    CPU =0.000050

ITER: 231
    HPWL=7089.507324
    OVFL=0.509011
    HPWL=(3616.219238, 3473.288086)
    POTN=3.014924E+04
    PHIC=1.243233E-04
    GRAD=6.810739E-02
    NuBT=1
    CPU =0.000050

ITER: 232
    HPWL=7082.973633
    OVFL=0.503247
    HPWL=(3611.334473, 3471.639160)
    POTN=2.878489E+04
    PHIC=1.305395E-04
    GRAD=7.001781E-02
    NuBT=2
    CPU =0.000090

ITER: 233
    HPWL=7099.064453
    OVFL=0.496003
    HPWL=(3615.995850, 3483.068359)
    POTN=2.739787E+04
    PHIC=1.370661E-04
    GRAD=7.202173E-02
    NuBT=1
    CPU =0.000051

ITER: 234
    HPWL=7096.620117
    OVFL=0.492637
    HPWL=(3613.427734, 3483.192627)
    POTN=2.624094E+04
    PHIC=1.439194E-04
    GRAD=7.460900E-02
    NuBT=2
    CPU =0.000079

ITER: 235
    HPWL=7115.065918
    OVFL=0.485278
    HPWL=(3618.108887, 3496.957031)
    POTN=2.513776E+04
    PHIC=1.511150E-04
    GRAD=7.583313E-02
    NuBT=1
    CPU =0.000048

ITER: 236
    HPWL=7111.826172
    OVFL=0.475887
    HPWL=(3615.949463, 3495.876953)
    POTN=2.405743E+04
    PHIC=1.586708E-04
    GRAD=7.858532E-02
    NuBT=2
    CPU =0.000080

ITER: 237
    HPWL=7121.731445
    OVFL=0.465206
    HPWL=(3618.322266, 3503.409180)
    POTN=2.331847E+04
    PHIC=1.666040E-04
    GRAD=8.218988E-02
    NuBT=2
    CPU =0.000079

ITER: 238
    HPWL=7111.532715
    OVFL=0.462271
    HPWL=(3616.608398, 3494.924316)
    POTN=2.293896E+04
    PHIC=1.749342E-04
    GRAD=8.654903E-02
    NuBT=2
    CPU =0.000080

ITER: 239
    HPWL=7115.667969
    OVFL=0.463795
    HPWL=(3617.382080, 3498.285889)
    POTN=2.294624E+04
    PHIC=1.836809E-04
    GRAD=8.775217E-02
    NuBT=1
    CPU =0.000049

ITER: 240
    HPWL=7101.300781
    OVFL=0.466955
    HPWL=(3615.219727, 3486.080811)
    POTN=2.310926E+04
    PHIC=1.928649E-04
    GRAD=8.705337E-02
    NuBT=2
    CPU =0.000079

ITER: 241
    HPWL=7109.767578
    OVFL=0.468784
    HPWL=(3616.454834, 3493.312988)
    POTN=2.322323E+04
    PHIC=2.025079E-04
    GRAD=8.564952E-02
    NuBT=1
    CPU =0.000048

ITER: 242
    HPWL=7100.856445
    OVFL=0.470484
    HPWL=(3613.823242, 3487.033203)
    POTN=2.329625E+04
    PHIC=2.126333E-04
    GRAD=8.486048E-02
    NuBT=1
    CPU =0.000051

ITER: 243
    HPWL=7109.038086
    OVFL=0.469451
    HPWL=(3615.244629, 3493.793457)
    POTN=2.313225E+04
    PHIC=2.232647E-04
    GRAD=8.403903E-02
    NuBT=1
    CPU =0.000049

ITER: 244
    HPWL=7100.262207
    OVFL=0.467472
    HPWL=(3614.223145, 3486.039062)
    POTN=2.267854E+04
    PHIC=2.344279E-04
    GRAD=8.439890E-02
    NuBT=1
    CPU =0.000049

ITER: 245
    HPWL=7113.471191
    OVFL=0.461594
    HPWL=(3615.117188, 3498.354004)
    POTN=2.175751E+04
    PHIC=2.461488E-04
    GRAD=8.510553E-02
    NuBT=1
    CPU =0.000052

ITER: 246
    HPWL=7111.371094
    OVFL=0.456901
    HPWL=(3615.898193, 3495.472900)
    POTN=2.076882E+04
    PHIC=2.584562E-04
    GRAD=8.753835E-02
    NuBT=2
    CPU =0.000080

ITER: 247
    HPWL=7129.143555
    OVFL=0.447443
    HPWL=(3617.156982, 3511.986816)
    POTN=1.928354E+04
    PHIC=2.713784E-04
    GRAD=8.946294E-02
    NuBT=1
    CPU =0.000051

ITER: 248
    HPWL=7125.939453
    OVFL=0.435831
    HPWL=(3618.211670, 3507.727783)
    POTN=1.785004E+04
    PHIC=2.849473E-04
    GRAD=9.355836E-02
    NuBT=2
    CPU =0.000087

ITER: 249
    HPWL=7125.382324
    OVFL=0.426571
    HPWL=(3617.848389, 3507.533936)
    POTN=1.668303E+04
    PHIC=2.991946E-04
    GRAD=9.880743E-02
    NuBT=1
    CPU =0.000050

ITER: 250
    HPWL=7104.370117
    OVFL=0.414774
    HPWL=(3618.005371, 3486.364502)
    POTN=1.562660E+04
    PHIC=3.141543E-04
    GRAD=1.031732E-01
    NuBT=2
    CPU =0.000079

ITER: 251
    HPWL=7101.397461
    OVFL=0.404933
    HPWL=(3616.742188, 3484.655518)
    POTN=1.470838E+04
    PHIC=3.298621E-04
    GRAD=1.088754E-01
    NuBT=2
    CPU =0.000078

ITER: 252
    HPWL=7088.117676
    OVFL=0.404152
    HPWL=(3616.032959, 3472.084717)
    POTN=1.438522E+04
    PHIC=3.463551E-04
    GRAD=1.139525E-01
    NuBT=1
    CPU =0.000050

ITER: 253
    HPWL=7092.125488
    OVFL=0.405523
    HPWL=(3613.886719, 3478.238770)
    POTN=1.445832E+04
    PHIC=3.636727E-04
    GRAD=1.141956E-01
    NuBT=1
    CPU =0.000049

ITER: 254
    HPWL=7084.213867
    OVFL=0.406985
    HPWL=(3613.224365, 3470.989258)
    POTN=1.465492E+04
    PHIC=3.818563E-04
    GRAD=1.132942E-01
    NuBT=2
    CPU =0.000079

ITER: 255
    HPWL=7098.357422
    OVFL=0.407600
    HPWL=(3611.205566, 3487.152100)
    POTN=1.476377E+04
    PHIC=4.009483E-04
    GRAD=1.122553E-01
    NuBT=1
    CPU =0.000049

ITER: 256
    HPWL=7098.994141
    OVFL=0.405975
    HPWL=(3612.256592, 3486.737793)
    POTN=1.471258E+04
    PHIC=4.209956E-04
    GRAD=1.118313E-01
    NuBT=1
    CPU =0.000048

ITER: 257
    HPWL=7110.488281
    OVFL=0.401908
    HPWL=(3612.702148, 3497.786133)
    POTN=1.436553E+04
    PHIC=4.420447E-04
    GRAD=1.124304E-01
    NuBT=1
    CPU =0.000049

ITER: 258
    HPWL=7102.253906
    OVFL=0.393548
    HPWL=(3614.694580, 3487.559326)
    POTN=1.377474E+04
    PHIC=4.641469E-04
    GRAD=1.144422E-01
    NuBT=1
    CPU =0.000048

ITER: 259
    HPWL=7110.392578
    OVFL=0.382730
    HPWL=(3615.174805, 3495.217529)
    POTN=1.308138E+04
    PHIC=4.873536E-04
    GRAD=1.186602E-01
    NuBT=2
    CPU =0.000078

ITER: 260
    HPWL=7098.473633
    OVFL=0.371438
    HPWL=(3616.777832, 3481.695801)
    POTN=1.238752E+04
    PHIC=5.117213E-04
    GRAD=1.245727E-01
    NuBT=1
    CPU =0.000049

ITER: 261
    HPWL=7096.563477
    OVFL=0.363854
    HPWL=(3617.580811, 3478.982666)
    POTN=1.184422E+04
    PHIC=5.373074E-04
    GRAD=1.308516E-01
    NuBT=1
    CPU =0.000050

ITER: 262
    HPWL=7082.578613
    OVFL=0.361732
    HPWL=(3620.083008, 3462.495605)
    POTN=1.151952E+04
    PHIC=5.641727E-04
    GRAD=1.352430E-01
    NuBT=1
    CPU =0.000049

ITER: 263
    HPWL=7081.717773
    OVFL=0.361819
    HPWL=(3618.431396, 3463.286133)
    POTN=1.139733E+04
    PHIC=5.923813E-04
    GRAD=1.361580E-01
    NuBT=1
    CPU =0.000049

ITER: 264
    HPWL=7071.017090
    OVFL=0.361694
    HPWL=(3619.824463, 3451.192627)
    POTN=1.137156E+04
    PHIC=6.220003E-04
    GRAD=1.358487E-01
    NuBT=1
    CPU =0.000050

ITER: 265
    HPWL=7078.764648
    OVFL=0.359861
    HPWL=(3618.329102, 3460.435547)
    POTN=1.128278E+04
    PHIC=6.530996E-04
    GRAD=1.354406E-01
    NuBT=1
    CPU =0.000049

ITER: 266
    HPWL=7072.081055
    OVFL=0.357753
    HPWL=(3618.937012, 3453.144287)
    POTN=1.121304E+04
    PHIC=6.857545E-04
    GRAD=1.362686E-01
    NuBT=1
    CPU =0.000058

ITER: 267
    HPWL=7075.848145
    OVFL=0.356313
    HPWL=(3617.454590, 3458.393555)
    POTN=1.101611E+04
    PHIC=7.200418E-04
    GRAD=1.370495E-01
    NuBT=1
    CPU =0.000049

ITER: 268
    HPWL=7065.875977
    OVFL=0.353947
    HPWL=(3618.471191, 3447.404541)
    POTN=1.073408E+04
    PHIC=7.560439E-04
    GRAD=1.376044E-01
    NuBT=1
    CPU =0.000049

ITER: 269
    HPWL=7068.139648
    OVFL=0.350939
    HPWL=(3618.360352, 3449.779541)
    POTN=1.036155E+04
    PHIC=7.938457E-04
    GRAD=1.385022E-01
    NuBT=1
    CPU =0.000052

ITER: 270
    HPWL=7059.144531
    OVFL=0.348172
    HPWL=(3619.007324, 3440.137207)
    POTN=1.001733E+04
    PHIC=8.335380E-04
    GRAD=1.400187E-01
    NuBT=1
    CPU =0.000049

ITER: 271
    HPWL=7063.815430
    OVFL=0.346564
    HPWL=(3619.354736, 3444.460449)
    POTN=9.649479E+03
    PHIC=8.752143E-04
    GRAD=1.411379E-01
    NuBT=1
    CPU =0.000049

ITER: 272
    HPWL=7056.634766
    OVFL=0.345337
    HPWL=(3620.289307, 3436.345703)
    POTN=9.341387E+03
    PHIC=9.189750E-04
    GRAD=1.417268E-01
    NuBT=1
    CPU =0.000051

ITER: 273
    HPWL=7066.356445
    OVFL=0.342878
    HPWL=(3620.508789, 3445.847656)
    POTN=9.003572E+03
    PHIC=9.649224E-04
    GRAD=1.418127E-01
    NuBT=1
    CPU =0.000049

ITER: 274
    HPWL=7058.388184
    OVFL=0.339390
    HPWL=(3619.990967, 3438.397217)
    POTN=8.657086E+03
    PHIC=1.013168E-03
    GRAD=1.428993E-01
    NuBT=1
    CPU =0.000049

ITER: 275
    HPWL=7072.517578
    OVFL=0.337302
    HPWL=(3624.874268, 3447.643311)
    POTN=8.359020E+03
    PHIC=1.063825E-03
    GRAD=1.443287E-01
    NuBT=1
    CPU =0.000049

ITER: 276
    HPWL=7067.244141
    OVFL=0.334682
    HPWL=(3625.037354, 3442.206787)
    POTN=8.020464E+03
    PHIC=1.117016E-03
    GRAD=1.451228E-01
    NuBT=1
    CPU =0.000050

ITER: 277
    HPWL=7082.522461
    OVFL=0.331491
    HPWL=(3630.634766, 3451.887695)
    POTN=7.706964E+03
    PHIC=1.172864E-03
    GRAD=1.459820E-01
    NuBT=2
    CPU =0.000080

ITER: 278
    HPWL=7079.324707
    OVFL=0.330312
    HPWL=(3633.295410, 3446.029297)
    POTN=7.466750E+03
    PHIC=1.231507E-03
    GRAD=1.474794E-01
    NuBT=2
    CPU =0.000079

ITER: 279
    HPWL=7095.803711
    OVFL=0.328556
    HPWL=(3638.469482, 3457.334473)
    POTN=7.147803E+03
    PHIC=1.293080E-03
    GRAD=1.473794E-01
    NuBT=1
    CPU =0.000049

ITER: 280
    HPWL=7102.630859
    OVFL=0.324081
    HPWL=(3640.064209, 3462.566406)
    POTN=6.717727E+03
    PHIC=1.357732E-03
    GRAD=1.478930E-01
    NuBT=2
    CPU =0.000079

ITER: 281
    HPWL=7131.332031
    OVFL=0.323832
    HPWL=(3643.656494, 3487.675781)
    POTN=6.257328E+03
    PHIC=1.425613E-03
    GRAD=1.497900E-01
    NuBT=1
    CPU =0.000048

ITER: 282
    HPWL=7142.008789
    OVFL=0.322559
    HPWL=(3644.486572, 3497.522461)
    POTN=5.821679E+03
    PHIC=1.496891E-03
    GRAD=1.492839E-01
    NuBT=1
    CPU =0.000049

ITER: 283
    HPWL=7180.199219
    OVFL=0.317999
    HPWL=(3645.521729, 3534.677490)
    POTN=5.343837E+03
    PHIC=1.571727E-03
    GRAD=1.489677E-01
    NuBT=1
    CPU =0.000050

ITER: 284
    HPWL=7196.707031
    OVFL=0.309698
    HPWL=(3645.590332, 3551.116455)
    POTN=4.898052E+03
    PHIC=1.650310E-03
    GRAD=1.509109E-01
    NuBT=1
    CPU =0.000057

ITER: 285
    HPWL=7222.642578
    OVFL=0.301523
    HPWL=(3646.666016, 3575.976562)
    POTN=4.481592E+03
    PHIC=1.732819E-03
    GRAD=1.549175E-01
    NuBT=1
    CPU =0.000050

ITER: 286
    HPWL=7225.451172
    OVFL=0.297082
    HPWL=(3646.105469, 3579.345459)
    POTN=4.226863E+03
    PHIC=1.819459E-03
    GRAD=1.592384E-01
    NuBT=2
    CPU =0.000079

ITER: 287
    HPWL=7249.256836
    OVFL=0.290824
    HPWL=(3646.852295, 3602.404297)
    POTN=3.997308E+03
    PHIC=1.910425E-03
    GRAD=1.606632E-01
    NuBT=1
    CPU =0.000049

ITER: 288
    HPWL=7245.376953
    OVFL=0.285185
    HPWL=(3644.494629, 3600.882324)
    POTN=3.845847E+03
    PHIC=2.005947E-03
    GRAD=1.638650E-01
    NuBT=1
    CPU =0.000050

ITER: 289
    HPWL=7254.017578
    OVFL=0.281770
    HPWL=(3642.992920, 3611.024414)
    POTN=3.728073E+03
    PHIC=2.106241E-03
    GRAD=1.658797E-01
    NuBT=2
    CPU =0.000078

ITER: 290
    HPWL=7241.500977
    OVFL=0.283183
    HPWL=(3640.842285, 3600.658447)
    POTN=3.675501E+03
    PHIC=2.211553E-03
    GRAD=1.670013E-01
    NuBT=1
    CPU =0.000049

ITER: 291
    HPWL=7244.773926
    OVFL=0.284953
    HPWL=(3639.653320, 3605.120605)
    POTN=3.593974E+03
    PHIC=2.322129E-03
    GRAD=1.643582E-01
    NuBT=1
    CPU =0.000053

ITER: 292
    HPWL=7229.807617
    OVFL=0.287845
    HPWL=(3638.529297, 3591.278564)
    POTN=3.502853E+03
    PHIC=2.438236E-03
    GRAD=1.620309E-01
    NuBT=1
    CPU =0.000049

ITER: 293
    HPWL=7232.393066
    OVFL=0.286759
    HPWL=(3639.249756, 3593.143311)
    POTN=3.316618E+03
    PHIC=2.560147E-03
    GRAD=1.583885E-01
    NuBT=1
    CPU =0.000049

ITER: 294
    HPWL=7222.092773
    OVFL=0.283330
    HPWL=(3640.427490, 3581.665039)
    POTN=3.122761E+03
    PHIC=2.688154E-03
    GRAD=1.578110E-01
    NuBT=1
    CPU =0.000050

ITER: 295
    HPWL=7232.307617
    OVFL=0.276584
    HPWL=(3640.148682, 3592.158936)
    POTN=2.853534E+03
    PHIC=2.822557E-03
    GRAD=1.579998E-01
    NuBT=1
    CPU =0.000050

ITER: 296
    HPWL=7230.048340
    OVFL=0.268447
    HPWL=(3640.309814, 3589.738525)
    POTN=2.596520E+03
    PHIC=2.963685E-03
    GRAD=1.607526E-01
    NuBT=1
    CPU =0.000050

ITER: 297
    HPWL=7241.202148
    OVFL=0.263166
    HPWL=(3641.755615, 3599.446777)
    POTN=2.417823E+03
    PHIC=3.111864E-03
    GRAD=1.636154E-01
    NuBT=2
    CPU =0.000079

ITER: 298
    HPWL=7234.423828
    OVFL=0.257012
    HPWL=(3640.942871, 3593.480957)
    POTN=2.234127E+03
    PHIC=3.267457E-03
    GRAD=1.650863E-01
    NuBT=1
    CPU =0.000050

ITER: 299
    HPWL=7250.894531
    OVFL=0.253682
    HPWL=(3640.846680, 3610.047852)
    POTN=2.086336E+03
    PHIC=3.430822E-03
    GRAD=1.666504E-01
    NuBT=1
    CPU =0.000049

ITER: 300
    HPWL=7238.878906
    OVFL=0.250858
    HPWL=(3640.822266, 3598.056641)
    POTN=1.996130E+03
    PHIC=3.602363E-03
    GRAD=1.668938E-01
    NuBT=2
    CPU =0.000080

ITER: 301
    HPWL=7248.248047
    OVFL=0.248834
    HPWL=(3641.278076, 3606.969971)
    POTN=1.910206E+03
    PHIC=3.782476E-03
    GRAD=1.660098E-01
    NuBT=1
    CPU =0.000056

ITER: 302
    HPWL=7239.250488
    OVFL=0.249919
    HPWL=(3639.801758, 3599.448730)
    POTN=1.922657E+03
    PHIC=3.971600E-03
    GRAD=1.654291E-01
    NuBT=1
    CPU =0.000050

ITER: 303
    HPWL=7248.302734
    OVFL=0.249456
    HPWL=(3638.273682, 3610.029053)
    POTN=1.876574E+03
    PHIC=4.170174E-03
    GRAD=1.622504E-01
    NuBT=1
    CPU =0.000051

ITER: 304
    HPWL=7240.167969
    OVFL=0.246692
    HPWL=(3638.495850, 3601.671875)
    POTN=1.860921E+03
    PHIC=4.378683E-03
    GRAD=1.606591E-01
    NuBT=1
    CPU =0.000048

ITER: 305
    HPWL=7249.535156
    OVFL=0.242061
    HPWL=(3638.821777, 3610.713623)
    POTN=1.796035E+03
    PHIC=4.597611E-03
    GRAD=1.592809E-01
    NuBT=2
    CPU =0.000078

ITER: 306
    HPWL=7243.782227
    OVFL=0.238038
    HPWL=(3639.440186, 3604.341797)
    POTN=1.707034E+03
    PHIC=4.827491E-03
    GRAD=1.596487E-01
    NuBT=1
    CPU =0.000049

ITER: 307
    HPWL=7254.943848
    OVFL=0.231768
    HPWL=(3640.098389, 3614.845459)
    POTN=1.544101E+03
    PHIC=5.068857E-03
    GRAD=1.586117E-01
    NuBT=1
    CPU =0.000051

ITER: 308
    HPWL=7249.940430
    OVFL=0.229443
    HPWL=(3641.989990, 3607.950684)
    POTN=1.465653E+03
    PHIC=5.322300E-03
    GRAD=1.598221E-01
    NuBT=2
    CPU =0.000080

ITER: 309
    HPWL=7256.423340
    OVFL=0.227618
    HPWL=(3644.072510, 3612.350830)
    POTN=1.400126E+03
    PHIC=5.588409E-03
    GRAD=1.578523E-01
    NuBT=1
    CPU =0.000049

ITER: 310
    HPWL=7247.643066
    OVFL=0.226612
    HPWL=(3644.766602, 3602.876465)
    POTN=1.379520E+03
    PHIC=5.867830E-03
    GRAD=1.562920E-01
    NuBT=2
    CPU =0.000081

ITER: 311
    HPWL=7254.934082
    OVFL=0.224907
    HPWL=(3644.595947, 3610.338135)
    POTN=1.352339E+03
    PHIC=6.161214E-03
    GRAD=1.535338E-01
    NuBT=1
    CPU =0.000050

ITER: 312
    HPWL=7250.419434
    OVFL=0.221919
    HPWL=(3643.694336, 3606.725098)
    POTN=1.317564E+03
    PHIC=6.469275E-03
    GRAD=1.519451E-01
    NuBT=1
    CPU =0.000050

ITER: 313
    HPWL=7263.602539
    OVFL=0.218304
    HPWL=(3643.297363, 3620.304932)
    POTN=1.267295E+03
    PHIC=6.792726E-03
    GRAD=1.501132E-01
    NuBT=1
    CPU =0.000050

ITER: 314
    HPWL=7262.180664
    OVFL=0.210919
    HPWL=(3643.655762, 3618.524658)
    POTN=1.198381E+03
    PHIC=7.132362E-03
    GRAD=1.493382E-01
    NuBT=2
    CPU =0.000081

ITER: 315
    HPWL=7274.845703
    OVFL=0.206166
    HPWL=(3644.105469, 3630.740234)
    POTN=1.131250E+03
    PHIC=7.488966E-03
    GRAD=1.494448E-01
    NuBT=1
    CPU =0.000050

ITER: 316
    HPWL=7270.356445
    OVFL=0.200111
    HPWL=(3645.514893, 3624.841553)
    POTN=1.086829E+03
    PHIC=7.863414E-03
    GRAD=1.491521E-01
    NuBT=1
    CPU =0.000048

ITER: 317
    HPWL=7285.012695
    OVFL=0.197276
    HPWL=(3645.639160, 3639.373535)
    POTN=1.033659E+03
    PHIC=8.256568E-03
    GRAD=1.482555E-01
    NuBT=2
    CPU =0.000079

ITER: 318
    HPWL=7269.993164
    OVFL=0.196108
    HPWL=(3645.372803, 3624.620361)
    POTN=9.927722E+02
    PHIC=8.669396E-03
    GRAD=1.465829E-01
    NuBT=2
    CPU =0.000086

ITER: 319
    HPWL=7280.105469
    OVFL=0.194434
    HPWL=(3645.495117, 3634.610107)
    POTN=9.522598E+02
    PHIC=9.102852E-03
    GRAD=1.435292E-01
    NuBT=1
    CPU =0.000050

ITER: 320
    HPWL=7267.202148
    OVFL=0.194725
    HPWL=(3644.388672, 3622.813477)
    POTN=9.587473E+02
    PHIC=9.557994E-03
    GRAD=1.412774E-01
    NuBT=1
    CPU =0.000050

ITER: 321
    HPWL=7283.303711
    OVFL=0.191140
    HPWL=(3644.474854, 3638.828857)
    POTN=8.888495E+02
    PHIC=1.003587E-02
    GRAD=1.371995E-01
    NuBT=2
    CPU =0.000078

ITER: 322
    HPWL=7282.711914
    OVFL=0.185692
    HPWL=(3644.967285, 3637.744629)
    POTN=8.284317E+02
    PHIC=1.053766E-02
    GRAD=1.354537E-01
    NuBT=1
    CPU =0.000049

ITER: 323
    HPWL=7303.367188
    OVFL=0.179387
    HPWL=(3646.262207, 3657.105225)
    POTN=7.583107E+02
    PHIC=1.106451E-02
    GRAD=1.336241E-01
    NuBT=1
    CPU =0.000049

ITER: 324
    HPWL=7316.320801
    OVFL=0.174070
    HPWL=(3647.208496, 3669.112305)
    POTN=7.221696E+02
    PHIC=1.161772E-02
    GRAD=1.332092E-01
    NuBT=1
    CPU =0.000050

ITER: 325
    HPWL=7339.327148
    OVFL=0.165856
    HPWL=(3648.513428, 3690.813477)
    POTN=6.515489E+02
    PHIC=1.219856E-02
    GRAD=1.306884E-01
    NuBT=1
    CPU =0.000049

ITER: 326
    HPWL=7347.291016
    OVFL=0.159705
    HPWL=(3654.910156, 3692.380615)
    POTN=6.127736E+02
    PHIC=1.280848E-02
    GRAD=1.301810E-01
    NuBT=1
    CPU =0.000049

ITER: 327
    HPWL=7366.041992
    OVFL=0.154455
    HPWL=(3660.284912, 3705.757080)
    POTN=5.595836E+02
    PHIC=1.344886E-02
    GRAD=1.277770E-01
    NuBT=2
    CPU =0.000079

ITER: 328
    HPWL=7349.320312
    OVFL=0.151957
    HPWL=(3660.149170, 3689.171387)
    POTN=5.536210E+02
    PHIC=1.412131E-02
    GRAD=1.264091E-01
    NuBT=1
    CPU =0.000049

ITER: 329
    HPWL=7366.150391
    OVFL=0.146969
    HPWL=(3660.331299, 3705.818848)
    POTN=4.922254E+02
    PHIC=1.482734E-02
    GRAD=1.219391E-01
    NuBT=1
    CPU =0.000049

ITER: 330
    HPWL=7360.443359
    OVFL=0.142753
    HPWL=(3659.864258, 3700.579102)
    POTN=4.709304E+02
    PHIC=1.556870E-02
    GRAD=1.201460E-01
    NuBT=1
    CPU =0.000049

ITER: 331
    HPWL=7372.949707
    OVFL=0.139481
    HPWL=(3659.026367, 3713.923340)
    POTN=4.363675E+02
    PHIC=1.634711E-02
    GRAD=1.167298E-01
    NuBT=1
    CPU =0.000049

ITER: 332
    HPWL=7359.592285
    OVFL=0.137048
    HPWL=(3659.683838, 3699.908447)
    POTN=4.203158E+02
    PHIC=1.716446E-02
    GRAD=1.147317E-01
    NuBT=1
    CPU =0.000051

ITER: 333
    HPWL=7377.184082
    OVFL=0.133928
    HPWL=(3659.499023, 3717.685059)
    POTN=3.931393E+02
    PHIC=1.802264E-02
    GRAD=1.109864E-01
    NuBT=2
    CPU =0.000078

ITER: 334
    HPWL=7367.525879
    OVFL=0.132263
    HPWL=(3659.574463, 3707.951416)
    POTN=3.814730E+02
    PHIC=1.892377E-02
    GRAD=1.085857E-01
    NuBT=1
    CPU =0.000051

ITER: 335
    HPWL=7381.947266
    OVFL=0.128471
    HPWL=(3660.003662, 3721.943359)
    POTN=3.594690E+02
    PHIC=1.986992E-02
    GRAD=1.055240E-01
    NuBT=1
    CPU =0.000050

ITER: 336
    HPWL=7372.086914
    OVFL=0.127288
    HPWL=(3660.778564, 3711.308594)
    POTN=3.468590E+02
    PHIC=2.086341E-02
    GRAD=1.029826E-01
    NuBT=1
    CPU =0.000055

ITER: 337
    HPWL=7389.852539
    OVFL=0.122748
    HPWL=(3660.804199, 3729.048096)
    POTN=3.207212E+02
    PHIC=2.190652E-02
    GRAD=9.980761E-02
    NuBT=1
    CPU =0.000052

ITER: 338
    HPWL=7375.200195
    OVFL=0.118664
    HPWL=(3659.530273, 3715.669922)
    POTN=3.076543E+02
    PHIC=2.300185E-02
    GRAD=9.709135E-02
    NuBT=1
    CPU =0.000049

ITER: 339
    HPWL=7392.076660
    OVFL=0.116050
    HPWL=(3658.587891, 3733.488770)
    POTN=2.910016E+02
    PHIC=2.415188E-02
    GRAD=9.444957E-02
    NuBT=1
    CPU =0.000049

ITER: 340
    HPWL=7380.046875
    OVFL=0.112911
    HPWL=(3658.598633, 3721.448242)
    POTN=2.793881E+02
    PHIC=2.535948E-02
    GRAD=9.167867E-02
    NuBT=2
    CPU =0.000079

ITER: 341
    HPWL=7387.232422
    OVFL=0.109488
    HPWL=(3660.012939, 3727.219238)
    POTN=2.584531E+02
    PHIC=2.662742E-02
    GRAD=8.905677E-02
    NuBT=1
    CPU =0.000051

ITER: 342
    HPWL=7380.834473
    OVFL=0.109260
    HPWL=(3660.442139, 3720.392334)
    POTN=2.539782E+02
    PHIC=2.795879E-02
    GRAD=8.644466E-02
    NuBT=1
    CPU =0.000073

ITER: 343
    HPWL=7390.600586
    OVFL=0.107322
    HPWL=(3662.070068, 3728.530518)
    POTN=2.404832E+02
    PHIC=2.935669E-02
    GRAD=8.379750E-02
    NuBT=1
    CPU =0.000051

ITER: 344
    HPWL=7378.791016
    OVFL=0.107098
    HPWL=(3662.906006, 3715.885010)
    POTN=2.344502E+02
    PHIC=3.082453E-02
    GRAD=8.105888E-02
    NuBT=1
    CPU =0.000051

ITER: 345
    HPWL=7394.715820
    OVFL=0.104803
    HPWL=(3663.108154, 3731.607910)
    POTN=2.200261E+02
    PHIC=3.236568E-02
    GRAD=7.806125E-02
    NuBT=1
    CPU =0.000050

ITER: 346
    HPWL=7383.869141
    OVFL=0.104643
    HPWL=(3662.476807, 3721.392578)
    POTN=2.194910E+02
    PHIC=3.398396E-02
    GRAD=7.588972E-02
    NuBT=2
    CPU =0.000081

ITER: 347
    HPWL=7403.487305
    OVFL=0.102857
    HPWL=(3662.331543, 3741.156006)
    POTN=2.110941E+02
    PHIC=3.568305E-02
    GRAD=7.335277E-02
    NuBT=1
    CPU =0.000050

ITER: 348
    HPWL=7393.001953
    OVFL=0.100974
    HPWL=(3660.861084, 3732.140869)
    POTN=2.046688E+02
    PHIC=3.746720E-02
    GRAD=7.077534E-02
    NuBT=1
    CPU =0.000050

ITER: 349
    HPWL=7401.749023
    OVFL=0.098212
    HPWL=(3662.195312, 3739.553955)
    POTN=1.916580E+02
    PHIC=3.934051E-02
    GRAD=6.853353E-02
    NuBT=1
    CPU =0.000052
[INFO] Nesterov: NumIters = 349
[INFO] Nesterov: ScaledHpwl = 7401.749023
[INFO] Nesterov: Overflow = 0.098212
[INFO] Nesterov: Potential = 191.658035
[INFO] Nesterov: xInstScaledHpwl = 7393.458984
[INFO] Nesterov: yInstScaledHpwl = 7401.749023
[INFO] Nesterov: HPWL = 2234.467773
