
reading lef ...
add shortConstraint to layer mcon
add shortConstraint to layer via
add shortConstraint to layer via2
add shortConstraint to layer via3
add shortConstraint to layer via4

units:       1000
#layers:     11
#macros:     437
#vias:       25
#viarulegen: 25

reading def ...

design:      cby_1__1_
die area:    ( 0 0 ) ( 124905 67305 )
trackPts:    12
defvias:     4
#components: 634
#terminals:  47
#snets:      2
#nets:       83

reading guide ...

#guides:     674
List of default vias:
  Layer mcon
    default via: L1M1_PR_MR
  Layer via
    default via: M1M2_PR
  Layer via2
    default via: M2M3_PR_M
  Layer via3
    default via: M3M4_PR_M
  Layer via4
    default via: M4M5_PR_C

libcell analysis ...

instance analysis ...
#unique instances = 28

init region query ...
  complete li1
  complete mcon
  complete met1
  complete via
  complete met2
  complete via2
  complete met3
  complete via3
  complete met4
  complete via4
  complete met5

li1 shape region query size = 4608
mcon shape region query size = 8066
met1 shape region query size = 1773
via shape region query size = 512
met2 shape region query size = 265
via2 shape region query size = 512
met3 shape region query size = 292
via3 shape region query size = 512
met4 shape region query size = 188
via4 shape region query size = 45
met5 shape region query size = 53


start pin access
  complete 24 pins
  complete 28 unique inst patterns
  complete 119 groups
#scanned instances    = 634
#unique  instances    = 28
#stdCellGenAp         = 236
#stdCellValidPlanarAp = 136
#stdCellValidViaAp    = 136
#stdCellPinNoAp       = 0
#macroGenAp           = 0
#macroValidPlanarAp   = 0
#macroValidViaAp      = 0
#macroNoAp            = 0

complete pin access
cpu time = 00:00:00, elapsed time = 00:00:00, memory = 11.55 (MB), peak = 11.71 (MB)

post process guides ...
GCELLGRID X 0 DO 9 STEP 6900 ;
GCELLGRID Y 0 DO 18 STEP 6900 ;
  complete li1
  complete mcon
  complete met1
  complete via
  complete met2
  complete via2
  complete met3
  complete via3
  complete met4
  complete via4
  complete met5

building cmap ... 

init guide query ...
  complete li1 (guide)
  complete mcon (guide)
  complete met1 (guide)
  complete via (guide)
  complete met2 (guide)
  complete via2 (guide)
  complete met3 (guide)
  complete via3 (guide)
  complete met4 (guide)
  complete via4 (guide)
  complete met5 (guide)

li1 guide region query size = 147
mcon guide region query size = 0
met1 guide region query size = 154
via guide region query size = 0
met2 guide region query size = 135
via2 guide region query size = 0
met3 guide region query size = 74
via3 guide region query size = 0
met4 guide region query size = 2
via4 guide region query size = 0
met5 guide region query size = 1

init gr pin query ...


start track assignment
Done with 0 vertical wires in 1 frboxes and 0 horizontal wires in 1 frboxes.
Done with 47 vertical wires in 1 frboxes and 71 horizontal wires in 1 frboxes.

complete track assignment
cpu time = 00:00:00, elapsed time = 00:00:00, memory = 13.52 (MB), peak = 13.59 (MB)

start routing data preparation
initVia2ViaMinLen_minSpc li1 (d2d, d2u, u2d, u2u) = (0, 0, 0, 370)
initVia2ViaMinLen_minSpc met1 (d2d, d2u, u2d, u2u) = (430, 445, 445, 460)
initVia2ViaMinLen_minSpc met2 (d2d, d2u, u2d, u2u) = (460, 485, 485, 630)
initVia2ViaMinLen_minSpc met3 (d2d, d2u, u2d, u2u) = (630, 655, 655, 680)
initVia2ViaMinLen_minSpc met4 (d2d, d2u, u2d, u2u) = (630, 1055, 1055, 3020)
initVia2ViaMinLen_minSpc met5 (d2d, d2u, u2d, u2u) = (1480, 0, 0, 0)
initVia2ViaMinLen_minimumcut li1 (d2d, d2u, u2d, u2u) = (0, 0, 0, 370)
initVia2ViaMinLen_minimumcut li1 zerolen (b, b, b, b) = (1, 1, 1, 1)
initVia2ViaMinLen_minimumcut met1 (d2d, d2u, u2d, u2u) = (430, 445, 445, 460)
initVia2ViaMinLen_minimumcut met1 zerolen (b, b, b, b) = (1, 1, 1, 1)
initVia2ViaMinLen_minimumcut met2 (d2d, d2u, u2d, u2u) = (460, 485, 485, 630)
initVia2ViaMinLen_minimumcut met2 zerolen (b, b, b, b) = (1, 1, 1, 1)
initVia2ViaMinLen_minimumcut met3 (d2d, d2u, u2d, u2u) = (630, 655, 655, 680)
initVia2ViaMinLen_minimumcut met3 zerolen (b, b, b, b) = (1, 1, 1, 1)
initVia2ViaMinLen_minimumcut met4 (d2d, d2u, u2d, u2u) = (630, 1055, 1055, 3020)
initVia2ViaMinLen_minimumcut met4 zerolen (b, b, b, b) = (1, 1, 1, 1)
initVia2ViaMinLen_minimumcut met5 (d2d, d2u, u2d, u2u) = (1480, 0, 0, 0)
initVia2ViaMinLen_minimumcut met5 zerolen (b, b, b, b) = (1, 1, 1, 1)
initVia2ViaMinLenNew_minSpc li1 (d2d-x, d2d-y, d2u-x, d2u-y, u2d-x, u2d-y, u2u-x, u2u-y) = (0, 0, 0, 0, 0, 0, 430, 370)
initVia2ViaMinLenNew_minSpc met1 (d2d-x, d2d-y, d2u-x, d2u-y, u2d-x, u2d-y, u2u-x, u2u-y) = (430, 370, 445, 385, 445, 385, 460, 460)
initVia2ViaMinLenNew_minSpc met2 (d2d-x, d2d-y, d2u-x, d2u-y, u2d-x, u2d-y, u2u-x, u2u-y) = (460, 460, 410, 485, 410, 485, 630, 630)
initVia2ViaMinLenNew_minSpc met3 (d2d-x, d2d-y, d2u-x, d2u-y, u2d-x, u2d-y, u2u-x, u2u-y) = (630, 630, 655, 625, 655, 625, 680, 630)
initVia2ViaMinLenNew_minSpc met4 (d2d-x, d2d-y, d2u-x, d2u-y, u2d-x, u2d-y, u2u-x, u2u-y) = (680, 630, 1055, 1055, 1055, 1055, 3020, 3020)
initVia2ViaMinLenNew_minSpc met5 (d2d-x, d2d-y, d2u-x, d2u-y, u2d-x, u2d-y, u2u-x, u2u-y) = (1480, 1480, 0, 0, 0, 0, 0, 0)
initVia2ViaMinLenNew_minimumcut li1 (d2d-x, d2d-y, d2u-x, d2u-y, u2d-x, u2d-y, u2u-x, u2u-y) = (0, 0, 0, 0, 0, 0, 430, 370)
initVia2ViaMinLenNew_minimumcut met1 (d2d-x, d2d-y, d2u-x, d2u-y, u2d-x, u2d-y, u2u-x, u2u-y) = (430, 370, 445, 385, 445, 385, 460, 460)
initVia2ViaMinLenNew_minimumcut met2 (d2d-x, d2d-y, d2u-x, d2u-y, u2d-x, u2d-y, u2u-x, u2u-y) = (460, 460, 410, 485, 410, 485, 630, 630)
initVia2ViaMinLenNew_minimumcut met3 (d2d-x, d2d-y, d2u-x, d2u-y, u2d-x, u2d-y, u2u-x, u2u-y) = (630, 630, 655, 625, 655, 625, 680, 630)
initVia2ViaMinLenNew_minimumcut met4 (d2d-x, d2d-y, d2u-x, d2u-y, u2d-x, u2d-y, u2u-x, u2u-y) = (680, 630, 1055, 1055, 1055, 1055, 3020, 3020)
initVia2ViaMinLenNew_minimumcut met5 (d2d-x, d2d-y, d2u-x, d2u-y, u2d-x, u2d-y, u2u-x, u2u-y) = (1480, 1480, 0, 0, 0, 0, 0, 0)
cpu time = 00:00:00, elapsed time = 00:00:00, memory = 13.59 (MB), peak = 13.62 (MB)

start detail routing ...
start initial detail routing ...
    completing 10% with 15 violations
    elapsed time = 00:00:00, memory = 20.18 (MB)
    completing 20% with 20 violations
    elapsed time = 00:00:00, memory = 18.36 (MB)
    completing 30% with 20 violations
    elapsed time = 00:00:00, memory = 22.50 (MB)
    completing 40% with 20 violations
    elapsed time = 00:00:00, memory = 22.70 (MB)
    completing 50% with 22 violations
    elapsed time = 00:00:00, memory = 22.70 (MB)
    completing 60% with 22 violations
    elapsed time = 00:00:00, memory = 22.70 (MB)
  number of violations = 22
cpu time = 00:00:00, elapsed time = 00:00:00, memory = 22.70 (MB), peak = 22.70 (MB)
total wire length = 3845 um
total wire length on LAYER li1 = 2 um
total wire length on LAYER met1 = 1220 um
total wire length on LAYER met2 = 999 um
total wire length on LAYER met3 = 1541 um
total wire length on LAYER met4 = 4 um
total wire length on LAYER met5 = 76 um
total number of vias = 468
up-via summary (total 468):

------------
  li1    180
 met1    218
 met2     66
 met3      2
 met4      2
------------
         468


start 1st optimization iteration ...
    completing 10% with 22 violations
    elapsed time = 00:00:00, memory = 22.70 (MB)
    completing 20% with 21 violations
    elapsed time = 00:00:00, memory = 22.71 (MB)
    completing 30% with 22 violations
    elapsed time = 00:00:00, memory = 22.72 (MB)
    completing 40% with 18 violations
    elapsed time = 00:00:00, memory = 22.72 (MB)
    completing 50% with 18 violations
    elapsed time = 00:00:00, memory = 22.73 (MB)
    completing 60% with 18 violations
    elapsed time = 00:00:00, memory = 22.73 (MB)
    completing 70% with 18 violations
    elapsed time = 00:00:00, memory = 22.73 (MB)
    completing 80% with 26 violations
    elapsed time = 00:00:00, memory = 22.73 (MB)
  number of violations = 26
cpu time = 00:00:00, elapsed time = 00:00:00, memory = 22.73 (MB), peak = 22.76 (MB)
total wire length = 3819 um
total wire length on LAYER li1 = 0 um
total wire length on LAYER met1 = 1235 um
total wire length on LAYER met2 = 975 um
total wire length on LAYER met3 = 1530 um
total wire length on LAYER met4 = 6 um
total wire length on LAYER met5 = 71 um
total number of vias = 450
up-via summary (total 450):

------------
  li1    178
 met1    212
 met2     56
 met3      2
 met4      2
------------
         450


start 2nd optimization iteration ...
    completing 10% with 13 violations
    elapsed time = 00:00:00, memory = 22.76 (MB)
    completing 20% with 11 violations
    elapsed time = 00:00:00, memory = 22.85 (MB)
    completing 30% with 10 violations
    elapsed time = 00:00:00, memory = 22.85 (MB)
    completing 40% with 10 violations
    elapsed time = 00:00:00, memory = 22.86 (MB)
    completing 50% with 2 violations
    elapsed time = 00:00:00, memory = 22.86 (MB)
    completing 60% with 0 violations
    elapsed time = 00:00:00, memory = 22.86 (MB)
  number of violations = 0
cpu time = 00:00:00, elapsed time = 00:00:00, memory = 22.86 (MB), peak = 22.86 (MB)
total wire length = 3814 um
total wire length on LAYER li1 = 0 um
total wire length on LAYER met1 = 1202 um
total wire length on LAYER met2 = 977 um
total wire length on LAYER met3 = 1549 um
total wire length on LAYER met4 = 11 um
total wire length on LAYER met5 = 71 um
total number of vias = 459
up-via summary (total 459):

------------
  li1    178
 met1    213
 met2     56
 met3     10
 met4      2
------------
         459


start 3rd optimization iteration ...
    completing 10% with 0 violations
    elapsed time = 00:00:00, memory = 22.86 (MB)
    completing 20% with 0 violations
    elapsed time = 00:00:00, memory = 22.86 (MB)
    completing 30% with 0 violations
    elapsed time = 00:00:00, memory = 22.86 (MB)
    completing 40% with 0 violations
    elapsed time = 00:00:00, memory = 22.86 (MB)
    completing 50% with 0 violations
    elapsed time = 00:00:00, memory = 22.86 (MB)
    completing 60% with 0 violations
    elapsed time = 00:00:00, memory = 22.86 (MB)
    completing 70% with 0 violations
    elapsed time = 00:00:00, memory = 22.86 (MB)
    completing 80% with 0 violations
    elapsed time = 00:00:00, memory = 22.86 (MB)
  number of violations = 0
cpu time = 00:00:00, elapsed time = 00:00:00, memory = 22.86 (MB), peak = 22.86 (MB)
total wire length = 3814 um
total wire length on LAYER li1 = 0 um
total wire length on LAYER met1 = 1202 um
total wire length on LAYER met2 = 977 um
total wire length on LAYER met3 = 1549 um
total wire length on LAYER met4 = 11 um
total wire length on LAYER met5 = 71 um
total number of vias = 459
up-via summary (total 459):

------------
  li1    178
 met1    213
 met2     56
 met3     10
 met4      2
------------
         459


start 4th optimization iteration ...
    completing 10% with 0 violations
    elapsed time = 00:00:00, memory = 22.86 (MB)
    completing 20% with 0 violations
    elapsed time = 00:00:00, memory = 22.86 (MB)
    completing 30% with 0 violations
    elapsed time = 00:00:00, memory = 22.86 (MB)
    completing 40% with 0 violations
    elapsed time = 00:00:00, memory = 22.86 (MB)
    completing 50% with 0 violations
    elapsed time = 00:00:00, memory = 22.86 (MB)
    completing 60% with 0 violations
    elapsed time = 00:00:00, memory = 22.86 (MB)
  number of violations = 0
cpu time = 00:00:00, elapsed time = 00:00:00, memory = 22.86 (MB), peak = 22.86 (MB)
total wire length = 3814 um
total wire length on LAYER li1 = 0 um
total wire length on LAYER met1 = 1202 um
total wire length on LAYER met2 = 977 um
total wire length on LAYER met3 = 1549 um
total wire length on LAYER met4 = 11 um
total wire length on LAYER met5 = 71 um
total number of vias = 459
up-via summary (total 459):

------------
  li1    178
 met1    213
 met2     56
 met3     10
 met4      2
------------
         459


start 5th optimization iteration ...
    completing 10% with 0 violations
    elapsed time = 00:00:00, memory = 22.86 (MB)
    completing 20% with 0 violations
    elapsed time = 00:00:00, memory = 22.86 (MB)
    completing 30% with 0 violations
    elapsed time = 00:00:00, memory = 22.86 (MB)
    completing 40% with 0 violations
    elapsed time = 00:00:00, memory = 22.86 (MB)
    completing 50% with 0 violations
    elapsed time = 00:00:00, memory = 22.86 (MB)
    completing 60% with 0 violations
    elapsed time = 00:00:00, memory = 22.86 (MB)
    completing 70% with 0 violations
    elapsed time = 00:00:00, memory = 22.86 (MB)
    completing 80% with 0 violations
    elapsed time = 00:00:00, memory = 22.86 (MB)
  number of violations = 0
cpu time = 00:00:00, elapsed time = 00:00:00, memory = 22.86 (MB), peak = 22.86 (MB)
total wire length = 3814 um
total wire length on LAYER li1 = 0 um
total wire length on LAYER met1 = 1202 um
total wire length on LAYER met2 = 977 um
total wire length on LAYER met3 = 1549 um
total wire length on LAYER met4 = 11 um
total wire length on LAYER met5 = 71 um
total number of vias = 459
up-via summary (total 459):

------------
  li1    178
 met1    213
 met2     56
 met3     10
 met4      2
------------
         459


start 6th optimization iteration ...
    completing 10% with 0 violations
    elapsed time = 00:00:00, memory = 22.86 (MB)
    completing 20% with 0 violations
    elapsed time = 00:00:00, memory = 22.86 (MB)
    completing 30% with 0 violations
    elapsed time = 00:00:00, memory = 22.86 (MB)
    completing 40% with 0 violations
    elapsed time = 00:00:00, memory = 22.86 (MB)
    completing 50% with 0 violations
    elapsed time = 00:00:00, memory = 22.86 (MB)
    completing 60% with 0 violations
    elapsed time = 00:00:00, memory = 22.86 (MB)
  number of violations = 0
cpu time = 00:00:00, elapsed time = 00:00:00, memory = 22.86 (MB), peak = 22.86 (MB)
total wire length = 3814 um
total wire length on LAYER li1 = 0 um
total wire length on LAYER met1 = 1202 um
total wire length on LAYER met2 = 977 um
total wire length on LAYER met3 = 1549 um
total wire length on LAYER met4 = 11 um
total wire length on LAYER met5 = 71 um
total number of vias = 459
up-via summary (total 459):

------------
  li1    178
 met1    213
 met2     56
 met3     10
 met4      2
------------
         459


start 7th optimization iteration ...
    completing 10% with 0 violations
    elapsed time = 00:00:00, memory = 22.86 (MB)
    completing 20% with 0 violations
    elapsed time = 00:00:00, memory = 22.86 (MB)
    completing 30% with 0 violations
    elapsed time = 00:00:00, memory = 22.86 (MB)
    completing 40% with 0 violations
    elapsed time = 00:00:00, memory = 22.86 (MB)
    completing 50% with 0 violations
    elapsed time = 00:00:00, memory = 22.86 (MB)
    completing 60% with 0 violations
    elapsed time = 00:00:00, memory = 22.86 (MB)
    completing 70% with 0 violations
    elapsed time = 00:00:00, memory = 22.86 (MB)
    completing 80% with 0 violations
    elapsed time = 00:00:00, memory = 22.86 (MB)
  number of violations = 0
cpu time = 00:00:00, elapsed time = 00:00:00, memory = 22.86 (MB), peak = 22.86 (MB)/openLANE_flow/designs/cby_1__1_/runs/final_pin_placement//reports/routing/tritonRoute.drc

complete detail routing
total wire length = 3814 um
total wire length on LAYER li1 = 0 um
total wire length on LAYER met1 = 1202 um
total wire length on LAYER met2 = 977 um
total wire length on LAYER met3 = 1549 um
total wire length on LAYER met4 = 11 um
total wire length on LAYER met5 = 71 um
total number of vias = 459
up-via summary (total 459):

------------
  li1    178
 met1    213
 met2     56
 met3     10
 met4      2
------------
         459

cpu time = 00:00:01, elapsed time = 00:00:01, memory = 22.86 (MB), peak = 22.86 (MB)

post processing ...
WARNING (DEFPARS-7011): The NAMESCASESENSITIVE statement is obsolete in version 5.6 and later.
The DEF parser will ignore this statement. See file /openLANE_flow/designs/cby_1__1_/runs/final_pin_placement//tmp/routing/addspacers.def at line 2.


post processing ...
WARNING (DEFPARS-7011): The NAMESCASESENSITIVE statement is obsolete in version 5.6 and later.
The DEF parser will ignore this statement. See file /openLANE_flow/designs/cby_1__1_/runs/final_pin_placement//tmp/routing/addspacers.def at line 2.


Runtime taken (hrt): 2.44856
