
reading lef ...
add shortConstraint to layer mcon
add shortConstraint to layer via
add shortConstraint to layer via2
add shortConstraint to layer via3
add shortConstraint to layer via4

units:       1000
#layers:     11
#macros:     437
#vias:       25
#viarulegen: 25

reading def ...

design:      cbx_1__3_
die area:    ( 0 0 ) ( 174480 87135 )
trackPts:    12
defvias:     4
#components: 1401
#terminals:  53
#snets:      2
#nets:       181

reading guide ...

#guides:     1402
List of default vias:
  Layer mcon
    default via: L1M1_PR_MR
  Layer via
    default via: M1M2_PR
  Layer via2
    default via: M2M3_PR_M
  Layer via3
    default via: M3M4_PR_M
  Layer via4
    default via: M4M5_PR_C

libcell analysis ...

instance analysis ...
#unique instances = 29

init region query ...
  complete li1
  complete mcon
  complete met1
  complete via
  complete met2
  complete via2
  complete met3
  complete via3
  complete met4
  complete via4
  complete met5

li1 shape region query size = 11134
mcon shape region query size = 17562
met1 shape region query size = 4262
via shape region query size = 1100
met2 shape region query size = 589
via2 shape region query size = 1100
met3 shape region query size = 562
via3 shape region query size = 1100
met4 shape region query size = 396
via4 shape region query size = 99
met5 shape region query size = 110


start pin access
  complete 26 pins
  complete 29 unique inst patterns
  complete 309 groups
#scanned instances    = 1401
#unique  instances    = 29
#stdCellGenAp         = 246
#stdCellValidPlanarAp = 143
#stdCellValidViaAp    = 143
#stdCellPinNoAp       = 0
#macroGenAp           = 0
#macroValidPlanarAp   = 0
#macroValidViaAp      = 0
#macroNoAp            = 0

complete pin access
cpu time = 00:00:00, elapsed time = 00:00:00, memory = 12.87 (MB), peak = 12.99 (MB)

post process guides ...
GCELLGRID X 0 DO 12 STEP 6900 ;
GCELLGRID Y 0 DO 25 STEP 6900 ;
  complete li1
  complete mcon
  complete met1
  complete via
  complete met2
  complete via2
  complete met3
  complete via3
  complete met4
  complete via4
  complete met5

building cmap ... 

init guide query ...
  complete li1 (guide)
  complete mcon (guide)
  complete met1 (guide)
  complete via (guide)
  complete met2 (guide)
  complete via2 (guide)
  complete met3 (guide)
  complete via3 (guide)
  complete met4 (guide)
  complete via4 (guide)
  complete met5 (guide)

li1 guide region query size = 351
mcon guide region query size = 0
met1 guide region query size = 377
via guide region query size = 0
met2 guide region query size = 226
via2 guide region query size = 0
met3 guide region query size = 25
via3 guide region query size = 0
met4 guide region query size = 0
via4 guide region query size = 0
met5 guide region query size = 0

init gr pin query ...


start track assignment
Done with 0 vertical wires in 1 frboxes and 0 horizontal wires in 1 frboxes.
Done with 114 vertical wires in 1 frboxes and 106 horizontal wires in 1 frboxes.

complete track assignment
cpu time = 00:00:00, elapsed time = 00:00:00, memory = 16.86 (MB), peak = 16.94 (MB)

start routing data preparation
initVia2ViaMinLen_minSpc li1 (d2d, d2u, u2d, u2u) = (0, 0, 0, 370)
initVia2ViaMinLen_minSpc met1 (d2d, d2u, u2d, u2u) = (430, 445, 445, 460)
initVia2ViaMinLen_minSpc met2 (d2d, d2u, u2d, u2u) = (460, 485, 485, 630)
initVia2ViaMinLen_minSpc met3 (d2d, d2u, u2d, u2u) = (630, 655, 655, 680)
initVia2ViaMinLen_minSpc met4 (d2d, d2u, u2d, u2u) = (630, 1055, 1055, 3020)
initVia2ViaMinLen_minSpc met5 (d2d, d2u, u2d, u2u) = (1480, 0, 0, 0)
initVia2ViaMinLen_minimumcut li1 (d2d, d2u, u2d, u2u) = (0, 0, 0, 370)
initVia2ViaMinLen_minimumcut li1 zerolen (b, b, b, b) = (1, 1, 1, 1)
initVia2ViaMinLen_minimumcut met1 (d2d, d2u, u2d, u2u) = (430, 445, 445, 460)
initVia2ViaMinLen_minimumcut met1 zerolen (b, b, b, b) = (1, 1, 1, 1)
initVia2ViaMinLen_minimumcut met2 (d2d, d2u, u2d, u2u) = (460, 485, 485, 630)
initVia2ViaMinLen_minimumcut met2 zerolen (b, b, b, b) = (1, 1, 1, 1)
initVia2ViaMinLen_minimumcut met3 (d2d, d2u, u2d, u2u) = (630, 655, 655, 680)
initVia2ViaMinLen_minimumcut met3 zerolen (b, b, b, b) = (1, 1, 1, 1)
initVia2ViaMinLen_minimumcut met4 (d2d, d2u, u2d, u2u) = (630, 1055, 1055, 3020)
initVia2ViaMinLen_minimumcut met4 zerolen (b, b, b, b) = (1, 1, 1, 1)
initVia2ViaMinLen_minimumcut met5 (d2d, d2u, u2d, u2u) = (1480, 0, 0, 0)
initVia2ViaMinLen_minimumcut met5 zerolen (b, b, b, b) = (1, 1, 1, 1)
initVia2ViaMinLenNew_minSpc li1 (d2d-x, d2d-y, d2u-x, d2u-y, u2d-x, u2d-y, u2u-x, u2u-y) = (0, 0, 0, 0, 0, 0, 430, 370)
initVia2ViaMinLenNew_minSpc met1 (d2d-x, d2d-y, d2u-x, d2u-y, u2d-x, u2d-y, u2u-x, u2u-y) = (430, 370, 445, 385, 445, 385, 460, 460)
initVia2ViaMinLenNew_minSpc met2 (d2d-x, d2d-y, d2u-x, d2u-y, u2d-x, u2d-y, u2u-x, u2u-y) = (460, 460, 410, 485, 410, 485, 630, 630)
initVia2ViaMinLenNew_minSpc met3 (d2d-x, d2d-y, d2u-x, d2u-y, u2d-x, u2d-y, u2u-x, u2u-y) = (630, 630, 655, 625, 655, 625, 680, 630)
initVia2ViaMinLenNew_minSpc met4 (d2d-x, d2d-y, d2u-x, d2u-y, u2d-x, u2d-y, u2u-x, u2u-y) = (680, 630, 1055, 1055, 1055, 1055, 3020, 3020)
initVia2ViaMinLenNew_minSpc met5 (d2d-x, d2d-y, d2u-x, d2u-y, u2d-x, u2d-y, u2u-x, u2u-y) = (1480, 1480, 0, 0, 0, 0, 0, 0)
initVia2ViaMinLenNew_minimumcut li1 (d2d-x, d2d-y, d2u-x, d2u-y, u2d-x, u2d-y, u2u-x, u2u-y) = (0, 0, 0, 0, 0, 0, 430, 370)
initVia2ViaMinLenNew_minimumcut met1 (d2d-x, d2d-y, d2u-x, d2u-y, u2d-x, u2d-y, u2u-x, u2u-y) = (430, 370, 445, 385, 445, 385, 460, 460)
initVia2ViaMinLenNew_minimumcut met2 (d2d-x, d2d-y, d2u-x, d2u-y, u2d-x, u2d-y, u2u-x, u2u-y) = (460, 460, 410, 485, 410, 485, 630, 630)
initVia2ViaMinLenNew_minimumcut met3 (d2d-x, d2d-y, d2u-x, d2u-y, u2d-x, u2d-y, u2u-x, u2u-y) = (630, 630, 655, 625, 655, 625, 680, 630)
initVia2ViaMinLenNew_minimumcut met4 (d2d-x, d2d-y, d2u-x, d2u-y, u2d-x, u2d-y, u2u-x, u2u-y) = (680, 630, 1055, 1055, 1055, 1055, 3020, 3020)
initVia2ViaMinLenNew_minimumcut met5 (d2d-x, d2d-y, d2u-x, d2u-y, u2d-x, u2d-y, u2u-x, u2u-y) = (1480, 1480, 0, 0, 0, 0, 0, 0)
cpu time = 00:00:00, elapsed time = 00:00:00, memory = 16.94 (MB), peak = 16.97 (MB)

start detail routing ...
start initial detail routing ...
    completing 10% with 4 violations
    elapsed time = 00:00:00, memory = 23.31 (MB)
    completing 20% with 7 violations
    elapsed time = 00:00:00, memory = 21.46 (MB)
    completing 30% with 8 violations
    elapsed time = 00:00:00, memory = 23.73 (MB)
    completing 40% with 9 violations
    elapsed time = 00:00:00, memory = 23.74 (MB)
    completing 50% with 9 violations
    elapsed time = 00:00:00, memory = 26.75 (MB)
    completing 60% with 9 violations
    elapsed time = 00:00:00, memory = 23.33 (MB)
    completing 70% with 9 violations
    elapsed time = 00:00:00, memory = 23.35 (MB)
    completing 80% with 9 violations
    elapsed time = 00:00:00, memory = 23.35 (MB)
  number of violations = 9
cpu time = 00:00:00, elapsed time = 00:00:00, memory = 23.35 (MB), peak = 26.90 (MB)
total wire length = 5653 um
total wire length on LAYER li1 = 3 um
total wire length on LAYER met1 = 2683 um
total wire length on LAYER met2 = 2513 um
total wire length on LAYER met3 = 453 um
total wire length on LAYER met4 = 0 um
total wire length on LAYER met5 = 0 um
total number of vias = 1090
up-via summary (total 1090):

-------------
  li1     462
 met1     606
 met2      22
 met3       0
 met4       0
-------------
         1090


start 1st optimization iteration ...
    completing 10% with 6 violations
    elapsed time = 00:00:00, memory = 23.35 (MB)
    completing 20% with 6 violations
    elapsed time = 00:00:00, memory = 23.37 (MB)
    completing 30% with 4 violations
    elapsed time = 00:00:00, memory = 23.77 (MB)
    completing 40% with 4 violations
    elapsed time = 00:00:00, memory = 23.77 (MB)
    completing 50% with 6 violations
    elapsed time = 00:00:00, memory = 24.79 (MB)
    completing 60% with 6 violations
    elapsed time = 00:00:00, memory = 24.91 (MB)
    completing 70% with 6 violations
    elapsed time = 00:00:00, memory = 24.91 (MB)
    completing 80% with 6 violations
    elapsed time = 00:00:00, memory = 24.91 (MB)
    completing 90% with 6 violations
    elapsed time = 00:00:00, memory = 24.91 (MB)
    completing 100% with 6 violations
    elapsed time = 00:00:00, memory = 24.91 (MB)
  number of violations = 6
cpu time = 00:00:00, elapsed time = 00:00:00, memory = 24.91 (MB), peak = 30.07 (MB)
total wire length = 5519 um
total wire length on LAYER li1 = 0 um
total wire length on LAYER met1 = 2591 um
total wire length on LAYER met2 = 2446 um
total wire length on LAYER met3 = 482 um
total wire length on LAYER met4 = 0 um
total wire length on LAYER met5 = 0 um
total number of vias = 1055
up-via summary (total 1055):

-------------
  li1     458
 met1     573
 met2      24
 met3       0
 met4       0
-------------
         1055


start 2nd optimization iteration ...
    completing 10% with 4 violations
    elapsed time = 00:00:00, memory = 25.45 (MB)
    completing 20% with 3 violations
    elapsed time = 00:00:00, memory = 25.46 (MB)
    completing 30% with 0 violations
    elapsed time = 00:00:00, memory = 25.46 (MB)
    completing 40% with 0 violations
    elapsed time = 00:00:00, memory = 25.46 (MB)
    completing 50% with 0 violations
    elapsed time = 00:00:00, memory = 25.46 (MB)
    completing 60% with 0 violations
    elapsed time = 00:00:00, memory = 25.46 (MB)
    completing 70% with 0 violations
    elapsed time = 00:00:00, memory = 25.46 (MB)
    completing 80% with 0 violations
    elapsed time = 00:00:00, memory = 25.46 (MB)
  number of violations = 0
cpu time = 00:00:00, elapsed time = 00:00:00, memory = 25.46 (MB), peak = 30.07 (MB)
total wire length = 5539 um
total wire length on LAYER li1 = 0 um
total wire length on LAYER met1 = 2646 um
total wire length on LAYER met2 = 2431 um
total wire length on LAYER met3 = 460 um
total wire length on LAYER met4 = 0 um
total wire length on LAYER met5 = 0 um
total number of vias = 1050
up-via summary (total 1050):

-------------
  li1     458
 met1     568
 met2      24
 met3       0
 met4       0
-------------
         1050


start 3rd optimization iteration ...
    completing 10% with 0 violations
    elapsed time = 00:00:00, memory = 25.46 (MB)
    completing 20% with 0 violations
    elapsed time = 00:00:00, memory = 25.46 (MB)
    completing 30% with 0 violations
    elapsed time = 00:00:00, memory = 25.46 (MB)
    completing 40% with 0 violations
    elapsed time = 00:00:00, memory = 25.46 (MB)
    completing 50% with 0 violations
    elapsed time = 00:00:00, memory = 25.46 (MB)
    completing 60% with 0 violations
    elapsed time = 00:00:00, memory = 25.46 (MB)
    completing 70% with 0 violations
    elapsed time = 00:00:00, memory = 25.46 (MB)
    completing 80% with 0 violations
    elapsed time = 00:00:00, memory = 25.46 (MB)
    completing 90% with 0 violations
    elapsed time = 00:00:00, memory = 25.46 (MB)
    completing 100% with 0 violations
    elapsed time = 00:00:00, memory = 25.46 (MB)
  number of violations = 0
cpu time = 00:00:00, elapsed time = 00:00:00, memory = 25.46 (MB), peak = 30.07 (MB)
total wire length = 5539 um
total wire length on LAYER li1 = 0 um
total wire length on LAYER met1 = 2646 um
total wire length on LAYER met2 = 2431 um
total wire length on LAYER met3 = 460 um
total wire length on LAYER met4 = 0 um
total wire length on LAYER met5 = 0 um
total number of vias = 1050
up-via summary (total 1050):

-------------
  li1     458
 met1     568
 met2      24
 met3       0
 met4       0
-------------
         1050


start 4th optimization iteration ...
    completing 10% with 0 violations
    elapsed time = 00:00:00, memory = 25.46 (MB)
    completing 20% with 0 violations
    elapsed time = 00:00:00, memory = 25.46 (MB)
    completing 30% with 0 violations
    elapsed time = 00:00:00, memory = 25.46 (MB)
    completing 40% with 0 violations
    elapsed time = 00:00:00, memory = 25.46 (MB)
    completing 50% with 0 violations
    elapsed time = 00:00:00, memory = 25.46 (MB)
    completing 60% with 0 violations
    elapsed time = 00:00:00, memory = 25.46 (MB)
    completing 70% with 0 violations
    elapsed time = 00:00:00, memory = 25.46 (MB)
    completing 80% with 0 violations
    elapsed time = 00:00:00, memory = 25.46 (MB)
  number of violations = 0
cpu time = 00:00:00, elapsed time = 00:00:00, memory = 25.46 (MB), peak = 30.07 (MB)
total wire length = 5539 um
total wire length on LAYER li1 = 0 um
total wire length on LAYER met1 = 2646 um
total wire length on LAYER met2 = 2431 um
total wire length on LAYER met3 = 460 um
total wire length on LAYER met4 = 0 um
total wire length on LAYER met5 = 0 um
total number of vias = 1050
up-via summary (total 1050):

-------------
  li1     458
 met1     568
 met2      24
 met3       0
 met4       0
-------------
         1050


start 5th optimization iteration ...
    completing 10% with 0 violations
    elapsed time = 00:00:00, memory = 25.46 (MB)
    completing 20% with 0 violations
    elapsed time = 00:00:00, memory = 25.46 (MB)
    completing 30% with 0 violations
    elapsed time = 00:00:00, memory = 25.46 (MB)
    completing 40% with 0 violations
    elapsed time = 00:00:00, memory = 25.46 (MB)
    completing 50% with 0 violations
    elapsed time = 00:00:00, memory = 25.46 (MB)
    completing 60% with 0 violations
    elapsed time = 00:00:00, memory = 25.46 (MB)
    completing 70% with 0 violations
    elapsed time = 00:00:00, memory = 25.46 (MB)
    completing 80% with 0 violations
    elapsed time = 00:00:00, memory = 25.46 (MB)
    completing 90% with 0 violations
    elapsed time = 00:00:00, memory = 25.46 (MB)
    completing 100% with 0 violations
    elapsed time = 00:00:00, memory = 25.46 (MB)
  number of violations = 0
cpu time = 00:00:00, elapsed time = 00:00:00, memory = 25.46 (MB), peak = 30.07 (MB)
total wire length = 5539 um
total wire length on LAYER li1 = 0 um
total wire length on LAYER met1 = 2646 um
total wire length on LAYER met2 = 2431 um
total wire length on LAYER met3 = 460 um
total wire length on LAYER met4 = 0 um
total wire length on LAYER met5 = 0 um
total number of vias = 1050
up-via summary (total 1050):

-------------
  li1     458
 met1     568
 met2      24
 met3       0
 met4       0
-------------
         1050


start 6th optimization iteration ...
    completing 10% with 0 violations
    elapsed time = 00:00:00, memory = 25.46 (MB)
    completing 20% with 0 violations
    elapsed time = 00:00:00, memory = 25.46 (MB)
    completing 30% with 0 violations
    elapsed time = 00:00:00, memory = 25.46 (MB)
    completing 40% with 0 violations
    elapsed time = 00:00:00, memory = 25.46 (MB)
    completing 50% with 0 violations
    elapsed time = 00:00:00, memory = 25.46 (MB)
    completing 60% with 0 violations
    elapsed time = 00:00:00, memory = 25.46 (MB)
    completing 70% with 0 violations
    elapsed time = 00:00:00, memory = 25.46 (MB)
    completing 80% with 0 violations
    elapsed time = 00:00:00, memory = 25.46 (MB)
  number of violations = 0
cpu time = 00:00:00, elapsed time = 00:00:00, memory = 25.46 (MB), peak = 30.07 (MB)
total wire length = 5539 um
total wire length on LAYER li1 = 0 um
total wire length on LAYER met1 = 2646 um
total wire length on LAYER met2 = 2431 um
total wire length on LAYER met3 = 460 um
total wire length on LAYER met4 = 0 um
total wire length on LAYER met5 = 0 um
total number of vias = 1050
up-via summary (total 1050):

-------------
  li1     458
 met1     568
 met2      24
 met3       0
 met4       0
-------------
         1050


start 7th optimization iteration ...
    completing 10% with 0 violations
    elapsed time = 00:00:00, memory = 25.46 (MB)
    completing 20% with 0 violations
    elapsed time = 00:00:00, memory = 25.46 (MB)
    completing 30% with 0 violations
    elapsed time = 00:00:00, memory = 25.46 (MB)
    completing 40% with 0 violations
    elapsed time = 00:00:00, memory = 25.46 (MB)
    completing 50% with 0 violations
    elapsed time = 00:00:00, memory = 25.46 (MB)
    completing 60% with 0 violations
    elapsed time = 00:00:00, memory = 25.46 (MB)
    completing 70% with 0 violations
    elapsed time = 00:00:00, memory = 25.46 (MB)
    completing 80% with 0 violations
    elapsed time = 00:00:00, memory = 25.46 (MB)
    completing 90% with 0 violations
    elapsed time = 00:00:00, memory = 25.46 (MB)
    completing 100% with 0 violations
    elapsed time = 00:00:00, memory = 25.46 (MB)
  number of violations = 0
cpu time = 00:00:00, elapsed time = 00:00:00, memory = 25.46 (MB), peak = 30.07 (MB)/openLANE_flow/designs/cbx_1__3_/runs/25-08_21-09//reports/routing/tritonRoute.drc

complete detail routing
total wire length = 5539 um
total wire length on LAYER li1 = 0 um
total wire length on LAYER met1 = 2646 um
total wire length on LAYER met2 = 2431 um
total wire length on LAYER met3 = 460 um
total wire length on LAYER met4 = 0 um
total wire length on LAYER met5 = 0 um
total number of vias = 1050
up-via summary (total 1050):

-------------
  li1     458
 met1     568
 met2      24
 met3       0
 met4       0
-------------
         1050

cpu time = 00:00:02, elapsed time = 00:00:02, memory = 25.46 (MB), peak = 30.07 (MB)

post processing ...
WARNING (DEFPARS-7011): The NAMESCASESENSITIVE statement is obsolete in version 5.6 and later.
The DEF parser will ignore this statement. See file /openLANE_flow/designs/cbx_1__3_/runs/25-08_21-09//tmp/routing/addspacers.def at line 2.


post processing ...
WARNING (DEFPARS-7011): The NAMESCASESENSITIVE statement is obsolete in version 5.6 and later.
The DEF parser will ignore this statement. See file /openLANE_flow/designs/cbx_1__3_/runs/25-08_21-09//tmp/routing/addspacers.def at line 2.


Runtime taken (hrt): 3.62959
