===========================================================================
   Open Source Mixed-Height Standard Cell Detail Placer < OpenDP_v1.0 >    
   Developers : SangGi Do, Mingyu Woo                                      
===========================================================================
WARNING (LEFPARS-2036): SOURCE statement is obsolete in version 5.6 and later.
The LEF parser will ignore this statement.
To avoid this warning in the future, remove this statement from the LEF file with version 5.6 or later. See file /openLANE_flow/designs/grid_clb/runs/03-09_09-59//tmp//merged.lef at line 776.

WARNING (LEFPARS-2036): SOURCE statement is obsolete in version 5.6 and later.
The LEF parser will ignore this statement.
To avoid this warning in the future, remove this statement from the LEF file with version 5.6 or later. See file /openLANE_flow/designs/grid_clb/runs/03-09_09-59//tmp//merged.lef at line 886.

WARNING (LEFPARS-2036): SOURCE statement is obsolete in version 5.6 and later.
The LEF parser will ignore this statement.
To avoid this warning in the future, remove this statement from the LEF file with version 5.6 or later. See file /openLANE_flow/designs/grid_clb/runs/03-09_09-59//tmp//merged.lef at line 998.

WARNING (LEFPARS-2036): SOURCE statement is obsolete in version 5.6 and later.
The LEF parser will ignore this statement.
To avoid this warning in the future, remove this statement from the LEF file with version 5.6 or later. See file /openLANE_flow/designs/grid_clb/runs/03-09_09-59//tmp//merged.lef at line 1135.

WARNING (LEFPARS-2036): SOURCE statement is obsolete in version 5.6 and later.
The LEF parser will ignore this statement.
To avoid this warning in the future, remove this statement from the LEF file with version 5.6 or later. See file /openLANE_flow/designs/grid_clb/runs/03-09_09-59//tmp//merged.lef at line 1240.

WARNING (LEFPARS-2036): SOURCE statement is obsolete in version 5.6 and later.
The LEF parser will ignore this statement.
To avoid this warning in the future, remove this statement from the LEF file with version 5.6 or later. See file /openLANE_flow/designs/grid_clb/runs/03-09_09-59//tmp//merged.lef at line 1345.

WARNING (LEFPARS-2036): SOURCE statement is obsolete in version 5.6 and later.
The LEF parser will ignore this statement.
To avoid this warning in the future, remove this statement from the LEF file with version 5.6 or later. See file /openLANE_flow/designs/grid_clb/runs/03-09_09-59//tmp//merged.lef at line 1469.

WARNING (LEFPARS-2036): SOURCE statement is obsolete in version 5.6 and later.
The LEF parser will ignore this statement.
To avoid this warning in the future, remove this statement from the LEF file with version 5.6 or later. See file /openLANE_flow/designs/grid_clb/runs/03-09_09-59//tmp//merged.lef at line 1614.

WARNING (LEFPARS-2036): SOURCE statement is obsolete in version 5.6 and later.
The LEF parser will ignore this statement.
To avoid this warning in the future, remove this statement from the LEF file with version 5.6 or later. See file /openLANE_flow/designs/grid_clb/runs/03-09_09-59//tmp//merged.lef at line 1710.

WARNING (LEFPARS-2036): SOURCE statement is obsolete in version 5.6 and later.
The LEF parser will ignore this statement.
To avoid this warning in the future, remove this statement from the LEF file with version 5.6 or later. See file /openLANE_flow/designs/grid_clb/runs/03-09_09-59//tmp//merged.lef at line 1808.

WARNING (LEFPARS-2036): SOURCE statement is obsolete in version 5.6 and later.
The LEF parser will ignore this statement.
To avoid this warning in the future, remove this statement from the LEF file with version 5.6 or later. See file /openLANE_flow/designs/grid_clb/runs/03-09_09-59//tmp//merged.lef at line 1930.

WARNING (LEFPARS-2036): SOURCE statement is obsolete in version 5.6 and later.
The LEF parser will ignore this statement.
To avoid this warning in the future, remove this statement from the LEF file with version 5.6 or later. See file /openLANE_flow/designs/grid_clb/runs/03-09_09-59//tmp//merged.lef at line 2024.

WARNING (LEFPARS-2036): SOURCE statement is obsolete in version 5.6 and later.
The LEF parser will ignore this statement.
To avoid this warning in the future, remove this statement from the LEF file with version 5.6 or later. See file /openLANE_flow/designs/grid_clb/runs/03-09_09-59//tmp//merged.lef at line 2132.

WARNING (LEFPARS-2036): SOURCE statement is obsolete in version 5.6 and later.
The LEF parser will ignore this statement.
To avoid this warning in the future, remove this statement from the LEF file with version 5.6 or later. See file /openLANE_flow/designs/grid_clb/runs/03-09_09-59//tmp//merged.lef at line 2270.

WARNING (LEFPARS-2036): SOURCE statement is obsolete in version 5.6 and later.
The LEF parser will ignore this statement.
To avoid this warning in the future, remove this statement from the LEF file with version 5.6 or later. See file /openLANE_flow/designs/grid_clb/runs/03-09_09-59//tmp//merged.lef at line 2361.

WARNING (LEFPARS-2036): SOURCE statement is obsolete in version 5.6 and later.
The LEF parser will ignore this statement.
To avoid this warning in the future, remove this statement from the LEF file with version 5.6 or later. See file /openLANE_flow/designs/grid_clb/runs/03-09_09-59//tmp//merged.lef at line 2463.

WARNING (LEFPARS-2036): SOURCE statement is obsolete in version 5.6 and later.
The LEF parser will ignore this statement.
To avoid this warning in the future, remove this statement from the LEF file with version 5.6 or later. See file /openLANE_flow/designs/grid_clb/runs/03-09_09-59//tmp//merged.lef at line 2576.

WARNING (LEFPARS-2036): SOURCE statement is obsolete in version 5.6 and later.
The LEF parser will ignore this statement.
To avoid this warning in the future, remove this statement from the LEF file with version 5.6 or later. See file /openLANE_flow/designs/grid_clb/runs/03-09_09-59//tmp//merged.lef at line 2662.

WARNING (LEFPARS-2036): SOURCE statement is obsolete in version 5.6 and later.
The LEF parser will ignore this statement.
To avoid this warning in the future, remove this statement from the LEF file with version 5.6 or later. See file /openLANE_flow/designs/grid_clb/runs/03-09_09-59//tmp//merged.lef at line 2751.

WARNING (LEFPARS-2036): SOURCE statement is obsolete in version 5.6 and later.
The LEF parser will ignore this statement.
To avoid this warning in the future, remove this statement from the LEF file with version 5.6 or later. See file /openLANE_flow/designs/grid_clb/runs/03-09_09-59//tmp//merged.lef at line 2848.

WARNING (LEFPARS-2036): SOURCE statement is obsolete in version 5.6 and later.
The LEF parser will ignore this statement.
To avoid this warning in the future, remove this statement from the LEF file with version 5.6 or later. See file /openLANE_flow/designs/grid_clb/runs/03-09_09-59//tmp//merged.lef at line 2961.

WARNING (LEFPARS-2036): SOURCE statement is obsolete in version 5.6 and later.
The LEF parser will ignore this statement.
To avoid this warning in the future, remove this statement from the LEF file with version 5.6 or later. See file /openLANE_flow/designs/grid_clb/runs/03-09_09-59//tmp//merged.lef at line 3047.

WARNING (LEFPARS-2036): SOURCE statement is obsolete in version 5.6 and later.
The LEF parser will ignore this statement.
To avoid this warning in the future, remove this statement from the LEF file with version 5.6 or later. See file /openLANE_flow/designs/grid_clb/runs/03-09_09-59//tmp//merged.lef at line 3137.

WARNING (LEFPARS-2036): SOURCE statement is obsolete in version 5.6 and later.
The LEF parser will ignore this statement.
To avoid this warning in the future, remove this statement from the LEF file with version 5.6 or later. See file /openLANE_flow/designs/grid_clb/runs/03-09_09-59//tmp//merged.lef at line 3244.

WARNING (LEFPARS-2036): SOURCE statement is obsolete in version 5.6 and later.
The LEF parser will ignore this statement.
To avoid this warning in the future, remove this statement from the LEF file with version 5.6 or later. See file /openLANE_flow/designs/grid_clb/runs/03-09_09-59//tmp//merged.lef at line 3329.

WARNING (LEFPARS-2036): SOURCE statement is obsolete in version 5.6 and later.
The LEF parser will ignore this statement.
To avoid this warning in the future, remove this statement from the LEF file with version 5.6 or later. See file /openLANE_flow/designs/grid_clb/runs/03-09_09-59//tmp//merged.lef at line 3420.

WARNING (LEFPARS-2036): SOURCE statement is obsolete in version 5.6 and later.
The LEF parser will ignore this statement.
To avoid this warning in the future, remove this statement from the LEF file with version 5.6 or later. See file /openLANE_flow/designs/grid_clb/runs/03-09_09-59//tmp//merged.lef at line 3526.

WARNING (LEFPARS-2036): SOURCE statement is obsolete in version 5.6 and later.
The LEF parser will ignore this statement.
To avoid this warning in the future, remove this statement from the LEF file with version 5.6 or later. See file /openLANE_flow/designs/grid_clb/runs/03-09_09-59//tmp//merged.lef at line 3641.

WARNING (LEFPARS-2036): SOURCE statement is obsolete in version 5.6 and later.
The LEF parser will ignore this statement.
To avoid this warning in the future, remove this statement from the LEF file with version 5.6 or later. See file /openLANE_flow/designs/grid_clb/runs/03-09_09-59//tmp//merged.lef at line 3758.

WARNING (LEFPARS-2036): SOURCE statement is obsolete in version 5.6 and later.
The LEF parser will ignore this statement.
To avoid this warning in the future, remove this statement from the LEF file with version 5.6 or later. See file /openLANE_flow/designs/grid_clb/runs/03-09_09-59//tmp//merged.lef at line 3910.

Parsed 10000 number of lines!!
Parsed 20000 number of lines!!
Parsed 30000 number of lines!!
Parsed 40000 number of lines!!
Parsed 50000 number of lines!!
Reading /openLANE_flow/designs/grid_clb/runs/03-09_09-59//tmp//merged.lef is Done

-------------------- INPUT FILES ----------------------------------
 benchmark name    : placement
 directory         : /openLANE_flow/designs/grid_clb/runs/03-09_09-59//tmp
 lef               : /openLANE_flow/designs/grid_clb/runs/03-09_09-59//tmp//merged.lef
 def               : /openLANE_flow/designs/grid_clb/runs/03-09_09-59//tmp/placement/replace.def
-------------------------------------------------------------------
Parsed 10000 number of lines!!
CoreArea: 
5520.000000 : 10880.000000 - 1072260.000000 : 1077120.000000
DieArea: 
0.000000 : 0.000000 - 1066740.000000 : 1066240.000000
Reading /openLANE_flow/designs/grid_clb/runs/03-09_09-59//tmp/placement/replace.def is Done
-------------------- DESIGN ANALYSIS ------------------------------
  total cells              : 15765
  multi cells              : 0
  fixed cells              : 15557
  total nets               : 429
  design area              : 1.1374e+12
  total f_area             : 2.14268e+10
  total m_area             : 7.96764e+09
  design util              : 0.713963
  num rows                 : 392
  row height               : 2720
-------------------------------------------------------------------
 non_group_cell_region_assign done ..
 - - - - - - - - - - - - - - - - - - - - - - - - 
 non_group_cell_placement done .. 
 - - - - - - - - - - - - - - - - - - - - - - - - 
Reading /openLANE_flow/designs/grid_clb/runs/03-09_09-59//tmp/placement/replace.def is Done
 DEF file write success !! 
 location : /openLANE_flow/designs/grid_clb/runs/03-09_09-59//results/placement/grid_clb.placement.def
-------------------------------------------------------------------
 tasks                          Wtime      Ctime
 Parser                         0.465      0.460
 resgin assign                  0.465      0.460
 pre-placement                  0.465      0.460
 non Group cell placement       0.466      0.460
 All                            0.467      0.460
 - - - - - EVALUATION - - - - - 
 AVG_displacement : 71.6166
 SUM_displacement : 1.12904e+06
 MAX_displacement : 19576
 - - - - - - - - - - - - - - - - 
 GP HPWL          : 4380.99
 HPWL             : 5666.82
 avg_Disp_site    : 0.155688
 avg_Disp_row     : 0.0263296
 delta_HPWL       : 29.3501
 ==== CHECK LEGALITY ==== 
 row_check ==>> PASS 
 site_check ==>> PASS 
 power_check ==>> PASS 
 edge_check ==>> PASS 
 placed_check ==>> PASS 
 overlap_check ==>> PASS 
 - - - - - < Program END > - - - - - 
