
reading lef ...
add shortConstraint to layer mcon
add shortConstraint to layer via
add shortConstraint to layer via2
add shortConstraint to layer via3
add shortConstraint to layer via4

units:       1000
#layers:     11
#macros:     437
#vias:       25
#viarulegen: 25

reading def ...

design:      cbx_1__0_
die area:    ( 0 0 ) ( 129920 81200 )
trackPts:    12
defvias:     4
#components: 1098
#terminals:  53
#snets:      2
#nets:       189

reading guide ...

#guides:     1469
List of default vias:
  Layer mcon
    default via: L1M1_PR_MR
  Layer via
    default via: M1M2_PR
  Layer via2
    default via: M2M3_PR_M
  Layer via3
    default via: M3M4_PR_M
  Layer via4
    default via: M4M5_PR_C

libcell analysis ...

instance analysis ...
#unique instances = 29

init region query ...
  complete li1
  complete mcon
  complete met1
  complete via
  complete met2
  complete via2
  complete met3
  complete via3
  complete met4
  complete via4
  complete met5

li1 shape region query size = 9634
mcon shape region query size = 11394
met1 shape region query size = 3678
via shape region query size = 880
met2 shape region query size = 476
via2 shape region query size = 880
met3 shape region query size = 455
via3 shape region query size = 880
met4 shape region query size = 330
via4 shape region query size = 90
met5 shape region query size = 101


start pin access
  complete 26 pins
  complete 29 unique inst patterns
  complete 325 groups
#scanned instances    = 1098
#unique  instances    = 29
#stdCellGenAp         = 246
#stdCellValidPlanarAp = 143
#stdCellValidViaAp    = 143
#stdCellPinNoAp       = 0
#macroGenAp           = 0
#macroValidPlanarAp   = 0
#macroValidViaAp      = 0
#macroNoAp            = 0

complete pin access
cpu time = 00:00:00, elapsed time = 00:00:00, memory = 12.34 (MB), peak = 12.52 (MB)

post process guides ...
GCELLGRID X 0 DO 11 STEP 6900 ;
GCELLGRID Y 0 DO 18 STEP 6900 ;
  complete li1
  complete mcon
  complete met1
  complete via
  complete met2
  complete via2
  complete met3
  complete via3
  complete met4
  complete via4
  complete met5

building cmap ... 

init guide query ...
  complete li1 (guide)
  complete mcon (guide)
  complete met1 (guide)
  complete via (guide)
  complete met2 (guide)
  complete via2 (guide)
  complete met3 (guide)
  complete via3 (guide)
  complete met4 (guide)
  complete via4 (guide)
  complete met5 (guide)

li1 guide region query size = 361
mcon guide region query size = 0
met1 guide region query size = 320
via guide region query size = 0
met2 guide region query size = 189
via2 guide region query size = 0
met3 guide region query size = 21
via3 guide region query size = 0
met4 guide region query size = 0
via4 guide region query size = 0
met5 guide region query size = 0

init gr pin query ...


start track assignment
Done with 0 vertical wires in 1 frboxes and 0 horizontal wires in 1 frboxes.
Done with 97 vertical wires in 1 frboxes and 85 horizontal wires in 1 frboxes.

complete track assignment
cpu time = 00:00:00, elapsed time = 00:00:00, memory = 15.09 (MB), peak = 15.32 (MB)

start routing data preparation
initVia2ViaMinLen_minSpc li1 (d2d, d2u, u2d, u2u) = (0, 0, 0, 370)
initVia2ViaMinLen_minSpc met1 (d2d, d2u, u2d, u2u) = (430, 445, 445, 460)
initVia2ViaMinLen_minSpc met2 (d2d, d2u, u2d, u2u) = (460, 485, 485, 630)
initVia2ViaMinLen_minSpc met3 (d2d, d2u, u2d, u2u) = (630, 655, 655, 680)
initVia2ViaMinLen_minSpc met4 (d2d, d2u, u2d, u2u) = (630, 1055, 1055, 3020)
initVia2ViaMinLen_minSpc met5 (d2d, d2u, u2d, u2u) = (1480, 0, 0, 0)
initVia2ViaMinLen_minimumcut li1 (d2d, d2u, u2d, u2u) = (0, 0, 0, 370)
initVia2ViaMinLen_minimumcut li1 zerolen (b, b, b, b) = (1, 1, 1, 1)
initVia2ViaMinLen_minimumcut met1 (d2d, d2u, u2d, u2u) = (430, 445, 445, 460)
initVia2ViaMinLen_minimumcut met1 zerolen (b, b, b, b) = (1, 1, 1, 1)
initVia2ViaMinLen_minimumcut met2 (d2d, d2u, u2d, u2u) = (460, 485, 485, 630)
initVia2ViaMinLen_minimumcut met2 zerolen (b, b, b, b) = (1, 1, 1, 1)
initVia2ViaMinLen_minimumcut met3 (d2d, d2u, u2d, u2u) = (630, 655, 655, 680)
initVia2ViaMinLen_minimumcut met3 zerolen (b, b, b, b) = (1, 1, 1, 1)
initVia2ViaMinLen_minimumcut met4 (d2d, d2u, u2d, u2u) = (630, 1055, 1055, 3020)
initVia2ViaMinLen_minimumcut met4 zerolen (b, b, b, b) = (1, 1, 1, 1)
initVia2ViaMinLen_minimumcut met5 (d2d, d2u, u2d, u2u) = (1480, 0, 0, 0)
initVia2ViaMinLen_minimumcut met5 zerolen (b, b, b, b) = (1, 1, 1, 1)
initVia2ViaMinLenNew_minSpc li1 (d2d-x, d2d-y, d2u-x, d2u-y, u2d-x, u2d-y, u2u-x, u2u-y) = (0, 0, 0, 0, 0, 0, 430, 370)
initVia2ViaMinLenNew_minSpc met1 (d2d-x, d2d-y, d2u-x, d2u-y, u2d-x, u2d-y, u2u-x, u2u-y) = (430, 370, 445, 385, 445, 385, 460, 460)
initVia2ViaMinLenNew_minSpc met2 (d2d-x, d2d-y, d2u-x, d2u-y, u2d-x, u2d-y, u2u-x, u2u-y) = (460, 460, 410, 485, 410, 485, 630, 630)
initVia2ViaMinLenNew_minSpc met3 (d2d-x, d2d-y, d2u-x, d2u-y, u2d-x, u2d-y, u2u-x, u2u-y) = (630, 630, 655, 625, 655, 625, 680, 630)
initVia2ViaMinLenNew_minSpc met4 (d2d-x, d2d-y, d2u-x, d2u-y, u2d-x, u2d-y, u2u-x, u2u-y) = (680, 630, 1055, 1055, 1055, 1055, 3020, 3020)
initVia2ViaMinLenNew_minSpc met5 (d2d-x, d2d-y, d2u-x, d2u-y, u2d-x, u2d-y, u2u-x, u2u-y) = (1480, 1480, 0, 0, 0, 0, 0, 0)
initVia2ViaMinLenNew_minimumcut li1 (d2d-x, d2d-y, d2u-x, d2u-y, u2d-x, u2d-y, u2u-x, u2u-y) = (0, 0, 0, 0, 0, 0, 430, 370)
initVia2ViaMinLenNew_minimumcut met1 (d2d-x, d2d-y, d2u-x, d2u-y, u2d-x, u2d-y, u2u-x, u2u-y) = (430, 370, 445, 385, 445, 385, 460, 460)
initVia2ViaMinLenNew_minimumcut met2 (d2d-x, d2d-y, d2u-x, d2u-y, u2d-x, u2d-y, u2u-x, u2u-y) = (460, 460, 410, 485, 410, 485, 630, 630)
initVia2ViaMinLenNew_minimumcut met3 (d2d-x, d2d-y, d2u-x, d2u-y, u2d-x, u2d-y, u2u-x, u2u-y) = (630, 630, 655, 625, 655, 625, 680, 630)
initVia2ViaMinLenNew_minimumcut met4 (d2d-x, d2d-y, d2u-x, d2u-y, u2d-x, u2d-y, u2u-x, u2u-y) = (680, 630, 1055, 1055, 1055, 1055, 3020, 3020)
initVia2ViaMinLenNew_minimumcut met5 (d2d-x, d2d-y, d2u-x, d2u-y, u2d-x, u2d-y, u2u-x, u2u-y) = (1480, 1480, 0, 0, 0, 0, 0, 0)
cpu time = 00:00:00, elapsed time = 00:00:00, memory = 15.32 (MB), peak = 15.36 (MB)

start detail routing ...
start initial detail routing ...
    completing 10% with 5 violations
    elapsed time = 00:00:00, memory = 23.28 (MB)
    completing 20% with 5 violations
    elapsed time = 00:00:00, memory = 20.15 (MB)
    completing 30% with 18 violations
    elapsed time = 00:00:00, memory = 24.90 (MB)
    completing 40% with 29 violations
    elapsed time = 00:00:00, memory = 22.53 (MB)
    completing 50% with 34 violations
    elapsed time = 00:00:00, memory = 22.61 (MB)
    completing 60% with 34 violations
    elapsed time = 00:00:00, memory = 22.61 (MB)
  number of violations = 34
cpu time = 00:00:00, elapsed time = 00:00:00, memory = 22.61 (MB), peak = 25.02 (MB)
total wire length = 4681 um
total wire length on LAYER li1 = 3 um
total wire length on LAYER met1 = 2078 um
total wire length on LAYER met2 = 2079 um
total wire length on LAYER met3 = 519 um
total wire length on LAYER met4 = 0 um
total wire length on LAYER met5 = 0 um
total number of vias = 1099
up-via summary (total 1099):

-------------
  li1     485
 met1     591
 met2      23
 met3       0
 met4       0
-------------
         1099


start 1st optimization iteration ...
    completing 10% with 34 violations
    elapsed time = 00:00:00, memory = 22.61 (MB)
    completing 20% with 34 violations
    elapsed time = 00:00:00, memory = 22.62 (MB)
    completing 30% with 33 violations
    elapsed time = 00:00:00, memory = 22.62 (MB)
    completing 40% with 15 violations
    elapsed time = 00:00:00, memory = 27.26 (MB)
    completing 50% with 15 violations
    elapsed time = 00:00:00, memory = 27.27 (MB)
    completing 60% with 11 violations
    elapsed time = 00:00:00, memory = 27.78 (MB)
    completing 70% with 11 violations
    elapsed time = 00:00:00, memory = 27.83 (MB)
    completing 80% with 11 violations
    elapsed time = 00:00:00, memory = 27.83 (MB)
    completing 90% with 10 violations
    elapsed time = 00:00:00, memory = 27.83 (MB)
    completing 100% with 10 violations
    elapsed time = 00:00:00, memory = 27.83 (MB)
  number of violations = 10
cpu time = 00:00:00, elapsed time = 00:00:00, memory = 27.83 (MB), peak = 27.86 (MB)
total wire length = 4503 um
total wire length on LAYER li1 = 1 um
total wire length on LAYER met1 = 2051 um
total wire length on LAYER met2 = 1992 um
total wire length on LAYER met3 = 458 um
total wire length on LAYER met4 = 0 um
total wire length on LAYER met5 = 0 um
total number of vias = 1049
up-via summary (total 1049):

-------------
  li1     482
 met1     546
 met2      21
 met3       0
 met4       0
-------------
         1049


start 2nd optimization iteration ...
    completing 10% with 9 violations
    elapsed time = 00:00:00, memory = 27.86 (MB)
    completing 20% with 9 violations
    elapsed time = 00:00:00, memory = 27.86 (MB)
    completing 30% with 6 violations
    elapsed time = 00:00:00, memory = 27.86 (MB)
    completing 40% with 1 violations
    elapsed time = 00:00:00, memory = 27.86 (MB)
    completing 50% with 1 violations
    elapsed time = 00:00:00, memory = 27.86 (MB)
    completing 60% with 1 violations
    elapsed time = 00:00:00, memory = 27.86 (MB)
  number of violations = 1
cpu time = 00:00:00, elapsed time = 00:00:00, memory = 27.86 (MB), peak = 27.86 (MB)
total wire length = 4508 um
total wire length on LAYER li1 = 0 um
total wire length on LAYER met1 = 2066 um
total wire length on LAYER met2 = 1989 um
total wire length on LAYER met3 = 451 um
total wire length on LAYER met4 = 0 um
total wire length on LAYER met5 = 0 um
total number of vias = 1053
up-via summary (total 1053):

-------------
  li1     482
 met1     548
 met2      23
 met3       0
 met4       0
-------------
         1053


start 3rd optimization iteration ...
    completing 10% with 1 violations
    elapsed time = 00:00:00, memory = 27.86 (MB)
    completing 20% with 1 violations
    elapsed time = 00:00:00, memory = 27.86 (MB)
    completing 30% with 1 violations
    elapsed time = 00:00:00, memory = 27.86 (MB)
    completing 40% with 0 violations
    elapsed time = 00:00:00, memory = 27.86 (MB)
    completing 50% with 0 violations
    elapsed time = 00:00:00, memory = 28.03 (MB)
    completing 60% with 0 violations
    elapsed time = 00:00:00, memory = 28.03 (MB)
    completing 70% with 0 violations
    elapsed time = 00:00:00, memory = 28.03 (MB)
    completing 80% with 0 violations
    elapsed time = 00:00:00, memory = 28.03 (MB)
    completing 90% with 0 violations
    elapsed time = 00:00:00, memory = 28.03 (MB)
    completing 100% with 0 violations
    elapsed time = 00:00:00, memory = 28.03 (MB)
  number of violations = 0
cpu time = 00:00:00, elapsed time = 00:00:00, memory = 28.03 (MB), peak = 28.03 (MB)
total wire length = 4506 um
total wire length on LAYER li1 = 0 um
total wire length on LAYER met1 = 2060 um
total wire length on LAYER met2 = 1995 um
total wire length on LAYER met3 = 450 um
total wire length on LAYER met4 = 0 um
total wire length on LAYER met5 = 0 um
total number of vias = 1048
up-via summary (total 1048):

-------------
  li1     482
 met1     545
 met2      21
 met3       0
 met4       0
-------------
         1048


start 4th optimization iteration ...
    completing 10% with 0 violations
    elapsed time = 00:00:00, memory = 28.03 (MB)
    completing 20% with 0 violations
    elapsed time = 00:00:00, memory = 28.03 (MB)
    completing 30% with 0 violations
    elapsed time = 00:00:00, memory = 28.03 (MB)
    completing 40% with 0 violations
    elapsed time = 00:00:00, memory = 28.03 (MB)
    completing 50% with 0 violations
    elapsed time = 00:00:00, memory = 28.03 (MB)
    completing 60% with 0 violations
    elapsed time = 00:00:00, memory = 28.03 (MB)
  number of violations = 0
cpu time = 00:00:00, elapsed time = 00:00:00, memory = 28.03 (MB), peak = 28.03 (MB)
total wire length = 4506 um
total wire length on LAYER li1 = 0 um
total wire length on LAYER met1 = 2060 um
total wire length on LAYER met2 = 1995 um
total wire length on LAYER met3 = 450 um
total wire length on LAYER met4 = 0 um
total wire length on LAYER met5 = 0 um
total number of vias = 1048
up-via summary (total 1048):

-------------
  li1     482
 met1     545
 met2      21
 met3       0
 met4       0
-------------
         1048


start 5th optimization iteration ...
    completing 10% with 0 violations
    elapsed time = 00:00:00, memory = 28.03 (MB)
    completing 20% with 0 violations
    elapsed time = 00:00:00, memory = 28.03 (MB)
    completing 30% with 0 violations
    elapsed time = 00:00:00, memory = 28.03 (MB)
    completing 40% with 0 violations
    elapsed time = 00:00:00, memory = 28.03 (MB)
    completing 50% with 0 violations
    elapsed time = 00:00:00, memory = 28.03 (MB)
    completing 60% with 0 violations
    elapsed time = 00:00:00, memory = 28.03 (MB)
    completing 70% with 0 violations
    elapsed time = 00:00:00, memory = 28.03 (MB)
    completing 80% with 0 violations
    elapsed time = 00:00:00, memory = 28.03 (MB)
    completing 90% with 0 violations
    elapsed time = 00:00:00, memory = 28.03 (MB)
    completing 100% with 0 violations
    elapsed time = 00:00:00, memory = 28.03 (MB)
  number of violations = 0
cpu time = 00:00:00, elapsed time = 00:00:00, memory = 28.03 (MB), peak = 28.03 (MB)
total wire length = 4506 um
total wire length on LAYER li1 = 0 um
total wire length on LAYER met1 = 2060 um
total wire length on LAYER met2 = 1995 um
total wire length on LAYER met3 = 450 um
total wire length on LAYER met4 = 0 um
total wire length on LAYER met5 = 0 um
total number of vias = 1048
up-via summary (total 1048):

-------------
  li1     482
 met1     545
 met2      21
 met3       0
 met4       0
-------------
         1048


start 6th optimization iteration ...
    completing 10% with 0 violations
    elapsed time = 00:00:00, memory = 28.03 (MB)
    completing 20% with 0 violations
    elapsed time = 00:00:00, memory = 28.03 (MB)
    completing 30% with 0 violations
    elapsed time = 00:00:00, memory = 28.03 (MB)
    completing 40% with 0 violations
    elapsed time = 00:00:00, memory = 28.03 (MB)
    completing 50% with 0 violations
    elapsed time = 00:00:00, memory = 28.03 (MB)
    completing 60% with 0 violations
    elapsed time = 00:00:00, memory = 28.03 (MB)
  number of violations = 0
cpu time = 00:00:00, elapsed time = 00:00:00, memory = 28.03 (MB), peak = 28.03 (MB)
total wire length = 4506 um
total wire length on LAYER li1 = 0 um
total wire length on LAYER met1 = 2060 um
total wire length on LAYER met2 = 1995 um
total wire length on LAYER met3 = 450 um
total wire length on LAYER met4 = 0 um
total wire length on LAYER met5 = 0 um
total number of vias = 1048
up-via summary (total 1048):

-------------
  li1     482
 met1     545
 met2      21
 met3       0
 met4       0
-------------
         1048


start 7th optimization iteration ...
    completing 10% with 0 violations
    elapsed time = 00:00:00, memory = 28.03 (MB)
    completing 20% with 0 violations
    elapsed time = 00:00:00, memory = 28.03 (MB)
    completing 30% with 0 violations
    elapsed time = 00:00:00, memory = 28.03 (MB)
    completing 40% with 0 violations
    elapsed time = 00:00:00, memory = 28.03 (MB)
    completing 50% with 0 violations
    elapsed time = 00:00:00, memory = 28.03 (MB)
    completing 60% with 0 violations
    elapsed time = 00:00:00, memory = 28.03 (MB)
    completing 70% with 0 violations
    elapsed time = 00:00:00, memory = 28.03 (MB)
    completing 80% with 0 violations
    elapsed time = 00:00:00, memory = 28.03 (MB)
    completing 90% with 0 violations
    elapsed time = 00:00:00, memory = 28.03 (MB)
    completing 100% with 0 violations
    elapsed time = 00:00:00, memory = 28.03 (MB)
  number of violations = 0
cpu time = 00:00:00, elapsed time = 00:00:00, memory = 28.03 (MB), peak = 28.03 (MB)/openLANE_flow/designs/cbx_1__0_/runs/23-08_10-13//reports/routing/tritonRoute.drc

complete detail routing
total wire length = 4506 um
total wire length on LAYER li1 = 0 um
total wire length on LAYER met1 = 2060 um
total wire length on LAYER met2 = 1995 um
total wire length on LAYER met3 = 450 um
total wire length on LAYER met4 = 0 um
total wire length on LAYER met5 = 0 um
total number of vias = 1048
up-via summary (total 1048):

-------------
  li1     482
 met1     545
 met2      21
 met3       0
 met4       0
-------------
         1048

cpu time = 00:00:02, elapsed time = 00:00:02, memory = 28.03 (MB), peak = 28.03 (MB)

post processing ...
WARNING (DEFPARS-7011): The NAMESCASESENSITIVE statement is obsolete in version 5.6 and later.
The DEF parser will ignore this statement. See file /openLANE_flow/designs/cbx_1__0_/runs/23-08_10-13//tmp/routing/addspacers.def at line 2.


post processing ...
WARNING (DEFPARS-7011): The NAMESCASESENSITIVE statement is obsolete in version 5.6 and later.
The DEF parser will ignore this statement. See file /openLANE_flow/designs/cbx_1__0_/runs/23-08_10-13//tmp/routing/addspacers.def at line 2.


Runtime taken (hrt): 3.72559
