
24. Executing CHECK pass (checking for obvious problems).
checking module sb_0__0_..
Warning: Wire sb_0__0_.\chany_top_out [8] is used but has no driver.
Warning: Wire sb_0__0_.\chany_top_out [7] is used but has no driver.
Warning: Wire sb_0__0_.\chany_top_out [6] is used but has no driver.
Warning: Wire sb_0__0_.\chany_top_out [5] is used but has no driver.
Warning: Wire sb_0__0_.\chany_top_out [4] is used but has no driver.
Warning: Wire sb_0__0_.\chany_top_out [3] is used but has no driver.
Warning: Wire sb_0__0_.\chany_top_out [2] is used but has no driver.
Warning: Wire sb_0__0_.\chany_top_out [1] is used but has no driver.
Warning: Wire sb_0__0_.\chany_top_out [0] is used but has no driver.
Warning: Wire sb_0__0_.\chanx_right_out [8] is used but has no driver.
Warning: Wire sb_0__0_.\chanx_right_out [7] is used but has no driver.
Warning: Wire sb_0__0_.\chanx_right_out [6] is used but has no driver.
Warning: Wire sb_0__0_.\chanx_right_out [5] is used but has no driver.
Warning: Wire sb_0__0_.\chanx_right_out [4] is used but has no driver.
Warning: Wire sb_0__0_.\chanx_right_out [3] is used but has no driver.
Warning: Wire sb_0__0_.\chanx_right_out [2] is used but has no driver.
Warning: Wire sb_0__0_.\chanx_right_out [1] is used but has no driver.
Warning: Wire sb_0__0_.\chanx_right_out [0] is used but has no driver.
Warning: Wire sb_0__0_.$abc$79$flatten\mem_right_track_0.\sc_dff_compact_0_.$not$/openLANE_flow/designs/sb_0__0_/src/user_defined_templates.v:61$7_Y is used but has no driver.
found and reported 19 problems.
