Wed Aug 26 11:22:15 UTC 2020 - Executing "/openLANE_flow/scripts//padLefMacro.py -s unithd -r 8 -i /openLANE_flow/designs/cbx_1__3_/runs/final_pin_placement//tmp//merged_unpadded.lef -o /openLANE_flow/designs/cbx_1__3_/runs/final_pin_placement//tmp//merged.lef -e {sky130_fd_sc_hd__tap* sky130_fd_sc_hd__decap* sky130_fd_sc_hd__fill*} |& tee >&@stdout"

Wed Aug 26 11:22:25 UTC 2020 - Executing "sed -i -E {s/CLASS PAD.*$/CLASS PAD ;/g} /openLANE_flow/designs/cbx_1__3_/runs/final_pin_placement//tmp//merged.lef"

Wed Aug 26 11:22:25 UTC 2020 - Executing "sed -i -E {s/CLASS PAD.*$/CLASS PAD ;/g} /openLANE_flow/designs/cbx_1__3_/runs/final_pin_placement//tmp//merged_unpadded.lef"

Wed Aug 26 11:22:25 UTC 2020 - Executing "/openLANE_flow/scripts//libtrim.pl /home/aa/Desktop/Afify/openlane/pdks/sky130A/libs.ref/sky130_fd_sc_hd/lib/sky130_fd_sc_hd__tt_025C_1v80.lib /home/aa/Desktop/Afify/openlane/pdks/sky130A/libs.tech/openlane/sky130_fd_sc_hd/no_synth.cells > /openLANE_flow/designs/cbx_1__3_/runs/final_pin_placement//tmp//trimmed.lib"

Wed Aug 26 11:22:29 UTC 2020 - Executing "yosys -c /openLANE_flow/scripts//synth.tcl -l /openLANE_flow/designs/cbx_1__3_/runs/final_pin_placement//logs/synthesis/yosys.log |& tee >&@stdout"

Wed Aug 26 11:22:30 UTC 2020 - Executing "sta /openLANE_flow/scripts//sta.tcl |& tee >&@stdout /openLANE_flow/designs/cbx_1__3_/runs/final_pin_placement//logs/synthesis/opensta.log"

Wed Aug 26 11:22:35 UTC 2020 - Executing "openroad -exit /openLANE_flow/scripts//openroad/or_floorplan.tcl |& tee >&@stdout /openLANE_flow/designs/cbx_1__3_/runs/final_pin_placement//logs/floorplan/verilog2def.openroad.log"

Wed Aug 26 11:22:36 UTC 2020 - Executing "openroad -exit /openLANE_flow/scripts//openroad/or_ioplacer.tcl |& tee >&@stdout /openLANE_flow/designs/cbx_1__3_/runs/final_pin_placement//logs/floorplan/ioPlacer.log"

Wed Aug 26 11:22:36 UTC 2020 - Executing "openroad -exit /openLANE_flow/scripts//openroad/or_tapcell.tcl |& tee >&@stdout /openLANE_flow/designs/cbx_1__3_/runs/final_pin_placement//logs/floorplan/tapcell.log"

Wed Aug 26 11:23:28 UTC 2020 - Executing "openroad -exit /openLANE_flow/scripts//openroad/or_replace.tcl |& tee >&@stdout /openLANE_flow/designs/cbx_1__3_/runs/final_pin_placement//logs/placement/replace.log"

Wed Aug 26 11:23:29 UTC 2020 - Executing "opendp -lef /openLANE_flow/designs/cbx_1__3_/runs/final_pin_placement//tmp//merged.lef -def /openLANE_flow/designs/cbx_1__3_/runs/final_pin_placement//tmp/placement/replace.def -output_def /openLANE_flow/designs/cbx_1__3_/runs/final_pin_placement//results/placement/cbx_1__3_.placement.def |& tee >&@stdout /openLANE_flow/designs/cbx_1__3_/runs/final_pin_placement//logs/placement/opendp.log"

Wed Aug 26 11:23:33 UTC 2020 - Executing "openroad -exit /openLANE_flow/scripts//openroad/or_cts.tcl |& tee >&@stdout /openLANE_flow/designs/cbx_1__3_/runs/final_pin_placement//logs/cts/cts.log"

Wed Aug 26 11:25:21 UTC 2020 - Executing "openroad -exit /openLANE_flow/scripts//new_pdn.tcl |& tee >&@stdout /openLANE_flow/designs/cbx_1__3_/runs/final_pin_placement//logs/floorplan/pdn.log"

Wed Aug 26 11:25:28 UTC 2020 - Executing "openroad -exit /openLANE_flow/scripts//openroad/or_diodes.tcl |& tee >&@stdout /openLANE_flow/designs/cbx_1__3_/runs/final_pin_placement//logs//placement/diodes.log"

Wed Aug 26 11:25:28 UTC 2020 - Executing "openroad -exit /openLANE_flow/scripts//openroad/or_fill.tcl |& tee >&@stdout /openLANE_flow/designs/cbx_1__3_/runs/final_pin_placement//logs/routing/addspacers.log"

Wed Aug 26 11:25:29 UTC 2020 - Executing "openroad -exit /openLANE_flow/scripts//openroad/or_write_verilog.tcl |& tee >&@stdout /openLANE_flow/designs/cbx_1__3_/runs/final_pin_placement//logs//write_verilog.log"

Wed Aug 26 11:25:30 UTC 2020 - Executing "openroad -exit /openLANE_flow/scripts//openroad/or_route.tcl |& tee >&@stdout /openLANE_flow/designs/cbx_1__3_/runs/final_pin_placement//logs/routing/fastroute.log"

Wed Aug 26 11:25:37 UTC 2020 - Executing "envsubst < /openLANE_flow/scripts//tritonRoute.param > /openLANE_flow/designs/cbx_1__3_/runs/final_pin_placement//tmp/routing/tritonRoute.param"

Wed Aug 26 11:25:37 UTC 2020 - Executing "TritonRoute /openLANE_flow/designs/cbx_1__3_/runs/final_pin_placement//tmp/routing/tritonRoute.param |& tee >&@stdout /openLANE_flow/designs/cbx_1__3_/runs/final_pin_placement//logs/routing/tritonRoute.log"

Wed Aug 26 11:26:01 UTC 2020 - Executing "magic -noconsole -dnull -rcfile /openLANE_flow/designs/cbx_1__3_/runs/final_pin_placement//tmp//tmp.magicrc /openLANE_flow/designs/cbx_1__3_/runs/final_pin_placement//tmp//magic_spice.tcl </dev/null |& tee >&@stdout /openLANE_flow/designs/cbx_1__3_/runs/final_pin_placement//logs/magic/magic_spice.log"

Wed Aug 26 11:26:22 UTC 2020 - Executing "vlog2Verilog -v VPWR -g VGND -l /openLANE_flow/designs/cbx_1__3_/runs/final_pin_placement//tmp//merged.lef /openLANE_flow/designs/cbx_1__3_/runs/final_pin_placement//results/synthesis/cbx_1__3_.synthesis_preroute.v |& tee /openLANE_flow/designs/cbx_1__3_/runs/final_pin_placement//results/lvs/cbx_1__3_.lvs.v"

Wed Aug 26 11:26:22 UTC 2020 - Executing "netgen -batch lvs {/openLANE_flow/designs/cbx_1__3_/runs/final_pin_placement//results/magic/cbx_1__3_.spice cbx_1__3_} {/openLANE_flow/designs/cbx_1__3_/runs/final_pin_placement//results/lvs/cbx_1__3_.lvs.v cbx_1__3_} /home/aa/Desktop/Afify/openlane/pdks/sky130A/libs.tech/netgen/sky130A_setup.tcl /openLANE_flow/designs/cbx_1__3_/runs/final_pin_placement//results/lvs/cbx_1__3_.lvs.log -json |& tee >&@stdout /openLANE_flow/designs/cbx_1__3_/runs/final_pin_placement//logs/lvs/lvs.log"

Wed Aug 26 11:26:34 UTC 2020 - Executing "magic -noconsole -dnull -rcfile /openLANE_flow/designs/cbx_1__3_/runs/final_pin_placement//tmp//magic_antenna.magicrc /openLANE_flow/designs/cbx_1__3_/runs/final_pin_placement//tmp//magic_antenna.tcl </dev/null |& tee >&@stdout /openLANE_flow/designs/cbx_1__3_/runs/final_pin_placement//logs/magic/magic_antenna.log"

Wed Aug 26 11:26:48 UTC 2020 - Executing "awk {/Cell:/ {print $2}} /openLANE_flow/designs/cbx_1__3_/runs/final_pin_placement//logs/magic/magic_antenna.log > /openLANE_flow/designs/cbx_1__3_/runs/final_pin_placement//reports/magic/magic.antenna_violators.rpt"

