RePlAce Version: 1.0.0

** WARNING: Your Detail Placement Step must be skipped.
              (i.e. this program will be executed as -onlyGP)
     If you want to have DP after GP, please specify -dpflag and -dploc.

[INFO] TargetDensity = 0.400000
[INFO] ExperimentIndex = 0
[INFO] DirectoryPath = /openLANE_flow/designs/cbx_1__1_/runs/pin_placement//tmp/placement/replace/etc/cbx_1__1_.floorplan/experiment000
[PROC] Begin LefParsing ...
[LEF] Parsed 500 number of lines!!
WARNING (LEFPARS-2036): SOURCE statement is obsolete in version 5.6 and later.
The LEF parser will ignore this statement.
To avoid this warning in the future, remove this statement from the LEF file with version 5.6 or later. See file /openLANE_flow/designs/cbx_1__1_/runs/pin_placement//tmp//merged.lef at line 776.

WARNING (LEFPARS-2036): SOURCE statement is obsolete in version 5.6 and later.
The LEF parser will ignore this statement.
To avoid this warning in the future, remove this statement from the LEF file with version 5.6 or later. See file /openLANE_flow/designs/cbx_1__1_/runs/pin_placement//tmp//merged.lef at line 903.

[LEF] Parsed 1000 number of lines!!
WARNING (LEFPARS-2036): SOURCE statement is obsolete in version 5.6 and later.
The LEF parser will ignore this statement.
To avoid this warning in the future, remove this statement from the LEF file with version 5.6 or later. See file /openLANE_flow/designs/cbx_1__1_/runs/pin_placement//tmp//merged.lef at line 1034.

WARNING (LEFPARS-2036): SOURCE statement is obsolete in version 5.6 and later.
The LEF parser will ignore this statement.
To avoid this warning in the future, remove this statement from the LEF file with version 5.6 or later. See file /openLANE_flow/designs/cbx_1__1_/runs/pin_placement//tmp//merged.lef at line 1204.

WARNING (LEFPARS-2036): SOURCE statement is obsolete in version 5.6 and later.
The LEF parser will ignore this statement.
To avoid this warning in the future, remove this statement from the LEF file with version 5.6 or later. See file /openLANE_flow/designs/cbx_1__1_/runs/pin_placement//tmp//merged.lef at line 1322.

WARNING (LEFPARS-2036): SOURCE statement is obsolete in version 5.6 and later.
The LEF parser will ignore this statement.
To avoid this warning in the future, remove this statement from the LEF file with version 5.6 or later. See file /openLANE_flow/designs/cbx_1__1_/runs/pin_placement//tmp//merged.lef at line 1442.

[LEF] Parsed 1500 number of lines!!
WARNING (LEFPARS-2036): SOURCE statement is obsolete in version 5.6 and later.
The LEF parser will ignore this statement.
To avoid this warning in the future, remove this statement from the LEF file with version 5.6 or later. See file /openLANE_flow/designs/cbx_1__1_/runs/pin_placement//tmp//merged.lef at line 1589.

WARNING (LEFPARS-2036): SOURCE statement is obsolete in version 5.6 and later.
The LEF parser will ignore this statement.
To avoid this warning in the future, remove this statement from the LEF file with version 5.6 or later. See file /openLANE_flow/designs/cbx_1__1_/runs/pin_placement//tmp//merged.lef at line 1777.

WARNING (LEFPARS-2036): SOURCE statement is obsolete in version 5.6 and later.
The LEF parser will ignore this statement.
To avoid this warning in the future, remove this statement from the LEF file with version 5.6 or later. See file /openLANE_flow/designs/cbx_1__1_/runs/pin_placement//tmp//merged.lef at line 1886.

WARNING (LEFPARS-2036): SOURCE statement is obsolete in version 5.6 and later.
The LEF parser will ignore this statement.
To avoid this warning in the future, remove this statement from the LEF file with version 5.6 or later. See file /openLANE_flow/designs/cbx_1__1_/runs/pin_placement//tmp//merged.lef at line 1999.

[LEF] Parsed 2000 number of lines!!
WARNING (LEFPARS-2036): SOURCE statement is obsolete in version 5.6 and later.
The LEF parser will ignore this statement.
To avoid this warning in the future, remove this statement from the LEF file with version 5.6 or later. See file /openLANE_flow/designs/cbx_1__1_/runs/pin_placement//tmp//merged.lef at line 2148.

WARNING (LEFPARS-2036): SOURCE statement is obsolete in version 5.6 and later.
The LEF parser will ignore this statement.
To avoid this warning in the future, remove this statement from the LEF file with version 5.6 or later. See file /openLANE_flow/designs/cbx_1__1_/runs/pin_placement//tmp//merged.lef at line 2253.

WARNING (LEFPARS-2036): SOURCE statement is obsolete in version 5.6 and later.
The LEF parser will ignore this statement.
To avoid this warning in the future, remove this statement from the LEF file with version 5.6 or later. See file /openLANE_flow/designs/cbx_1__1_/runs/pin_placement//tmp//merged.lef at line 2380.

[LEF] Parsed 2500 number of lines!!
WARNING (LEFPARS-2036): SOURCE statement is obsolete in version 5.6 and later.
The LEF parser will ignore this statement.
To avoid this warning in the future, remove this statement from the LEF file with version 5.6 or later. See file /openLANE_flow/designs/cbx_1__1_/runs/pin_placement//tmp//merged.lef at line 2547.

WARNING (LEFPARS-2036): SOURCE statement is obsolete in version 5.6 and later.
The LEF parser will ignore this statement.
To avoid this warning in the future, remove this statement from the LEF file with version 5.6 or later. See file /openLANE_flow/designs/cbx_1__1_/runs/pin_placement//tmp//merged.lef at line 2653.

WARNING (LEFPARS-2036): SOURCE statement is obsolete in version 5.6 and later.
The LEF parser will ignore this statement.
To avoid this warning in the future, remove this statement from the LEF file with version 5.6 or later. See file /openLANE_flow/designs/cbx_1__1_/runs/pin_placement//tmp//merged.lef at line 2770.

WARNING (LEFPARS-2036): SOURCE statement is obsolete in version 5.6 and later.
The LEF parser will ignore this statement.
To avoid this warning in the future, remove this statement from the LEF file with version 5.6 or later. See file /openLANE_flow/designs/cbx_1__1_/runs/pin_placement//tmp//merged.lef at line 2908.

[LEF] Parsed 3000 number of lines!!
WARNING (LEFPARS-2036): SOURCE statement is obsolete in version 5.6 and later.
The LEF parser will ignore this statement.
To avoid this warning in the future, remove this statement from the LEF file with version 5.6 or later. See file /openLANE_flow/designs/cbx_1__1_/runs/pin_placement//tmp//merged.lef at line 3005.

WARNING (LEFPARS-2036): SOURCE statement is obsolete in version 5.6 and later.
The LEF parser will ignore this statement.
To avoid this warning in the future, remove this statement from the LEF file with version 5.6 or later. See file /openLANE_flow/designs/cbx_1__1_/runs/pin_placement//tmp//merged.lef at line 3105.

WARNING (LEFPARS-2036): SOURCE statement is obsolete in version 5.6 and later.
The LEF parser will ignore this statement.
To avoid this warning in the future, remove this statement from the LEF file with version 5.6 or later. See file /openLANE_flow/designs/cbx_1__1_/runs/pin_placement//tmp//merged.lef at line 3219.

WARNING (LEFPARS-2036): SOURCE statement is obsolete in version 5.6 and later.
The LEF parser will ignore this statement.
To avoid this warning in the future, remove this statement from the LEF file with version 5.6 or later. See file /openLANE_flow/designs/cbx_1__1_/runs/pin_placement//tmp//merged.lef at line 3361.

WARNING (LEFPARS-2036): SOURCE statement is obsolete in version 5.6 and later.
The LEF parser will ignore this statement.
To avoid this warning in the future, remove this statement from the LEF file with version 5.6 or later. See file /openLANE_flow/designs/cbx_1__1_/runs/pin_placement//tmp//merged.lef at line 3458.

[LEF] Parsed 3500 number of lines!!
WARNING (LEFPARS-2036): SOURCE statement is obsolete in version 5.6 and later.
The LEF parser will ignore this statement.
To avoid this warning in the future, remove this statement from the LEF file with version 5.6 or later. See file /openLANE_flow/designs/cbx_1__1_/runs/pin_placement//tmp//merged.lef at line 3561.

WARNING (LEFPARS-2036): SOURCE statement is obsolete in version 5.6 and later.
The LEF parser will ignore this statement.
To avoid this warning in the future, remove this statement from the LEF file with version 5.6 or later. See file /openLANE_flow/designs/cbx_1__1_/runs/pin_placement//tmp//merged.lef at line 3691.

WARNING (LEFPARS-2036): SOURCE statement is obsolete in version 5.6 and later.
The LEF parser will ignore this statement.
To avoid this warning in the future, remove this statement from the LEF file with version 5.6 or later. See file /openLANE_flow/designs/cbx_1__1_/runs/pin_placement//tmp//merged.lef at line 3783.

WARNING (LEFPARS-2036): SOURCE statement is obsolete in version 5.6 and later.
The LEF parser will ignore this statement.
To avoid this warning in the future, remove this statement from the LEF file with version 5.6 or later. See file /openLANE_flow/designs/cbx_1__1_/runs/pin_placement//tmp//merged.lef at line 3887.

[LEF] Parsed 4000 number of lines!!
WARNING (LEFPARS-2036): SOURCE statement is obsolete in version 5.6 and later.
The LEF parser will ignore this statement.
To avoid this warning in the future, remove this statement from the LEF file with version 5.6 or later. See file /openLANE_flow/designs/cbx_1__1_/runs/pin_placement//tmp//merged.lef at line 4018.

WARNING (LEFPARS-2036): SOURCE statement is obsolete in version 5.6 and later.
The LEF parser will ignore this statement.
To avoid this warning in the future, remove this statement from the LEF file with version 5.6 or later. See file /openLANE_flow/designs/cbx_1__1_/runs/pin_placement//tmp//merged.lef at line 4148.

WARNING (LEFPARS-2036): SOURCE statement is obsolete in version 5.6 and later.
The LEF parser will ignore this statement.
To avoid this warning in the future, remove this statement from the LEF file with version 5.6 or later. See file /openLANE_flow/designs/cbx_1__1_/runs/pin_placement//tmp//merged.lef at line 4282.

WARNING (LEFPARS-2036): SOURCE statement is obsolete in version 5.6 and later.
The LEF parser will ignore this statement.
To avoid this warning in the future, remove this statement from the LEF file with version 5.6 or later. See file /openLANE_flow/designs/cbx_1__1_/runs/pin_placement//tmp//merged.lef at line 4467.

[LEF] Parsed 4500 number of lines!!
[LEF] Parsed 5000 number of lines!!
[LEF] Parsed 5500 number of lines!!
[LEF] Parsed 6000 number of lines!!
[LEF] Parsed 6500 number of lines!!
[LEF] Parsed 7000 number of lines!!
[LEF] Parsed 7500 number of lines!!
[LEF] Parsed 8000 number of lines!!
[LEF] Parsed 8500 number of lines!!
[LEF] Parsed 9000 number of lines!!
[LEF] Parsed 9500 number of lines!!
[LEF] Parsed 10000 number of lines!!
[LEF] Parsed 10500 number of lines!!
[LEF] Parsed 11000 number of lines!!
[LEF] Parsed 11500 number of lines!!
[LEF] Parsed 12000 number of lines!!
[LEF] Parsed 12500 number of lines!!
[LEF] Parsed 13000 number of lines!!
[LEF] Parsed 13500 number of lines!!
[LEF] Parsed 14000 number of lines!!
[LEF] Parsed 14500 number of lines!!
[LEF] Parsed 15000 number of lines!!
[LEF] Parsed 15500 number of lines!!
[LEF] Parsed 16000 number of lines!!
[LEF] Parsed 16500 number of lines!!
[LEF] Parsed 17000 number of lines!!
[LEF] Parsed 17500 number of lines!!
[LEF] Parsed 18000 number of lines!!
[LEF] Parsed 18500 number of lines!!
[LEF] Parsed 19000 number of lines!!
[LEF] Parsed 19500 number of lines!!
[LEF] Parsed 20000 number of lines!!
[LEF] Parsed 20500 number of lines!!
[LEF] Parsed 21000 number of lines!!
[LEF] Parsed 21500 number of lines!!
[LEF] Parsed 22000 number of lines!!
[LEF] Parsed 22500 number of lines!!
[LEF] Parsed 23000 number of lines!!
[LEF] Parsed 23500 number of lines!!
[LEF] Parsed 24000 number of lines!!
[LEF] Parsed 24500 number of lines!!
[LEF] Parsed 25000 number of lines!!
[LEF] Parsed 25500 number of lines!!
[LEF] Parsed 26000 number of lines!!
[LEF] Parsed 26500 number of lines!!
[LEF] Parsed 27000 number of lines!!
[LEF] Parsed 27500 number of lines!!
[LEF] Parsed 28000 number of lines!!
[LEF] Parsed 28500 number of lines!!
[LEF] Parsed 29000 number of lines!!
[LEF] Parsed 29500 number of lines!!
[LEF] Parsed 30000 number of lines!!
[LEF] Parsed 30500 number of lines!!
[LEF] Parsed 31000 number of lines!!
[LEF] Parsed 31500 number of lines!!
[LEF] Parsed 32000 number of lines!!
[LEF] Parsed 32500 number of lines!!
[LEF] Parsed 33000 number of lines!!
[LEF] Parsed 33500 number of lines!!
[LEF] Parsed 34000 number of lines!!
[LEF] Parsed 34500 number of lines!!
[LEF] Parsed 35000 number of lines!!
[LEF] Parsed 35500 number of lines!!
[LEF] Parsed 36000 number of lines!!
[LEF] Parsed 36500 number of lines!!
[LEF] Parsed 37000 number of lines!!
[LEF] Parsed 37500 number of lines!!
[LEF] Parsed 38000 number of lines!!
[LEF] Parsed 38500 number of lines!!
[LEF] Parsed 39000 number of lines!!
[LEF] Parsed 39500 number of lines!!
[LEF] Parsed 40000 number of lines!!
[LEF] Parsed 40500 number of lines!!
[LEF] Parsed 41000 number of lines!!
[LEF] Parsed 41500 number of lines!!
[LEF] Parsed 42000 number of lines!!
[LEF] Parsed 42500 number of lines!!
[LEF] Parsed 43000 number of lines!!
[LEF] Parsed 43500 number of lines!!
[LEF] Parsed 44000 number of lines!!
[LEF] Parsed 44500 number of lines!!
[LEF] Parsed 45000 number of lines!!
[LEF] Parsed 45500 number of lines!!
[LEF] Parsed 46000 number of lines!!
[LEF] Parsed 46500 number of lines!!
[LEF] Parsed 47000 number of lines!!
[LEF] Parsed 47500 number of lines!!
[LEF] Parsed 48000 number of lines!!
[LEF] Parsed 48500 number of lines!!
[LEF] Parsed 49000 number of lines!!
[LEF] Parsed 49500 number of lines!!
[LEF] Parsed 50000 number of lines!!
[LEF] Parsed 50500 number of lines!!
[LEF] Parsed 51000 number of lines!!
[LEF] Parsed 51500 number of lines!!
[LEF] Parsed 52000 number of lines!!
[LEF] Parsed 52500 number of lines!!
[LEF] Parsed 53000 number of lines!!
[LEF] Parsed 53500 number of lines!!
[LEF] Parsed 54000 number of lines!!
[LEF] Parsed 54500 number of lines!!
[LEF] Parsed 55000 number of lines!!
[LEF] Parsed 55500 number of lines!!
[LEF] Parsed 56000 number of lines!!
[LEF] Parsed 56500 number of lines!!
[LEF] Parsed 57000 number of lines!!
[LEF] Parsed 57500 number of lines!!
[LEF] Parsed 58000 number of lines!!
[LEF] Parsed 58500 number of lines!!
[LEF] Parsed 59000 number of lines!!
[LEF] Parsed 59500 number of lines!!
[LEF] Parsed 60000 number of lines!!
[LEF] Parsed 60500 number of lines!!
[LEF] Parsed 61000 number of lines!!
[LEF] Parsed 61500 number of lines!!
[LEF] Parsed 62000 number of lines!!
[PROC] End LefParsing
[PROC] Begin DefParsing ...
WARNING (DEFPARS-7011): The NAMESCASESENSITIVE statement is obsolete in version 5.6 and later.
The DEF parser will ignore this statement. See file /openLANE_flow/designs/cbx_1__1_/runs/pin_placement//results/floorplan/cbx_1__1_.floorplan.def at line 2.

[PROC] End DefParsing
[INFO] DefUnit = 1000
[INFO] LefMetal1Name = li1
[INFO] DefSiteName = unithd
[INFO] ScaleDownUnit = 302.222229
[INFO] OffsetCoordi = (2640.000000, 0.000000)
[INFO] RowSize = (1.522059, 9.000000)
[INFO] NumRows = 24
[INFO] MacroCount = 0
[INFO] NumModules = 48
[INFO] NumTerminals = 146
[INFO] Inserted Dummy Terms = 0
[PROC] Begin Generate Un-fragmented Rows ...
[INFO] CoreAreaLxLy = (27.000000, 36.000000)
[INFO] CoreAreaUxUy = (243.132355, 252.000000)
[INFO] RowSize = (1.522059, 9.000000)
[INFO] NumRows = 24
[PROC] End Generate Un-fragmented Rows
[PROC] Begin DEF Net Parsing ...
[INFO] NumNets = 93
[INFO] NumPins = 208
[PROC] End DEF Net Parsing
[PROC] LEF/DEF Parsing Success!
[INFO] AspectRatio = 0.999388
[INFO] RowMinXY = (27.000000, 36.000000)
[INFO] RowMaxXY = (243.132355, 252.000000)
[INFO] NumPlaceStdCells = 48
[INFO] NumPlaceMacros = 0
[INFO] RowSize = (1.522059, 9.000000)
[INFO] NumRows = 24
[INFO] GlobalAreaLxLy = (9.496324, 3.375000)
[INFO] GlobalAreaUxUy = (243.132355, 252.000000)
[INFO] PlaceAreaLxLy = (27.000000, 36.000000)
[INFO] PlaceAreaUxUy = (243.132355, 252.000000)
[INFO] TotalPlaceArea = 46684.589844
[INFO] TotalFixedArea = 2684.906982
[INFO] TotalWhiteSpaceArea = 43999.683594
[INFO] TotalPlaceMacrosArea = 0.000000
[INFO] TotalPlaceStdCellsArea = 14054.688477
[INFO] Util(%) = 30.105627
[INFO] 80pCellArea = 290.217621
[INFO] FillerInit: TotalFillerArea = 3545.184570
[INFO] FillerInit: NumFillerCells = 12
[INFO] FillerInit: FillerCellArea = 290.217773
[INFO] FillerInit: FillerCellSize = (32.246418, 9.000000)
[INFO] FillerInit: NumCells = 60
[INFO] FillerInit: NumModules = 48
[INFO] FillerInit: NumFillers = 12
INFO:  D_MSH = 1024 
INFO:  MSH(X, Y) = (32, 32)
[INFO] TierInit: TierUtil = 0.301056
[INFO] TierInit: NumModules = 48
[INFO] TierInit: PlaceArea = 46684.589844
[INFO] TierInit: CoreSpacingArea = 0.000000
[INFO] TierInit: TerminalArea = 2684.906982
[INFO] TierInit: ModuleArea = 14054.688477
[INFO] TierInit: FillerArea = 3545.184570
[INFO] TierInit: NumFillers = 12
[INFO] TierInit: FillerMinIdx = 48
[INFO] TierInit: FillerMaxIdx = 60
INFO:  dim_bin_cGP2D.(x,y) = (8, 8)
cell Init 2D:
tier->bin_stp: (27.0165 27)
tier->half_bin_stp: (13.5083 13.5)
PROC:  Start NESTEROV's Optimization
PROC:    Global Lagrangian Multiplier is Applied

ITER: 0
    HPWL=8905.491211
    OVFL=0.924857
    HPWL=(4411.561035, 4493.930176)
    POTN=1.849785E+05
    PHIC=3.256986E-09
    GRAD=2.402238E-02
    NuBT=0
    CPU =0.000000

ITER: 1
    HPWL=8905.462891
    OVFL=0.924857
    HPWL=(4411.551270, 4493.911621)
    POTN=1.849775E+05
    PHIC=3.419835E-09
    GRAD=3.525004E-02
    NuBT=1
    CPU =0.000077

ITER: 2
    HPWL=8905.351562
    OVFL=0.924857
    HPWL=(4411.513672, 4493.838379)
    POTN=1.849737E+05
    PHIC=3.590827E-09
    GRAD=3.524835E-02
    NuBT=1
    CPU =0.000038

ITER: 3
    HPWL=7609.594238
    OVFL=0.783197
    HPWL=(3919.997070, 3689.597168)
    POTN=1.251665E+05
    PHIC=3.770368E-09
    GRAD=1.698336E-02
    NuBT=1
    CPU =0.000035

ITER: 4
    HPWL=7030.029297
    OVFL=0.696750
    HPWL=(3705.729492, 3324.300049)
    POTN=8.802582E+04
    PHIC=3.958886E-09
    GRAD=1.396214E-02
    NuBT=2
    CPU =0.000056

ITER: 5
    HPWL=7069.437012
    OVFL=0.675861
    HPWL=(3732.445557, 3336.991455)
    POTN=8.236207E+04
    PHIC=4.156806E-09
    GRAD=2.593116E-02
    NuBT=5
    CPU =0.000125

ITER: 6
    HPWL=6962.129883
    OVFL=0.673855
    HPWL=(3650.446289, 3311.683594)
    POTN=8.283530E+04
    PHIC=4.364646E-09
    GRAD=2.130264E-02
    NuBT=1
    CPU =0.000033

ITER: 7
    HPWL=6923.492188
    OVFL=0.672785
    HPWL=(3613.048584, 3310.443604)
    POTN=8.226996E+04
    PHIC=4.582879E-09
    GRAD=2.105295E-02
    NuBT=2
    CPU =0.000054

ITER: 8
    HPWL=6874.359375
    OVFL=0.654105
    HPWL=(3571.678223, 3302.681396)
    POTN=7.428517E+04
    PHIC=4.812022E-09
    GRAD=2.019402E-02
    NuBT=1
    CPU =0.000033

ITER: 9
    HPWL=6843.694336
    OVFL=0.651347
    HPWL=(3541.039062, 3302.655029)
    POTN=6.876566E+04
    PHIC=5.052623E-09
    GRAD=2.216324E-02
    NuBT=1
    CPU =0.000032

ITER: 10
    HPWL=6822.127930
    OVFL=0.632109
    HPWL=(3517.269287, 3304.858887)
    POTN=6.102196E+04
    PHIC=5.305254E-09
    GRAD=2.263610E-02
    NuBT=1
    CPU =0.000032

ITER: 11
    HPWL=6795.653320
    OVFL=0.644555
    HPWL=(3491.481445, 3304.171631)
    POTN=5.882042E+04
    PHIC=5.570516E-09
    GRAD=2.489169E-02
    NuBT=2
    CPU =0.000054

ITER: 12
    HPWL=6778.582031
    OVFL=0.653529
    HPWL=(3471.225098, 3307.357178)
    POTN=5.445443E+04
    PHIC=5.849042E-09
    GRAD=2.356959E-02
    NuBT=1
    CPU =0.000033

ITER: 13
    HPWL=6757.081543
    OVFL=0.665126
    HPWL=(3448.530273, 3308.551270)
    POTN=5.301490E+04
    PHIC=6.141494E-09
    GRAD=2.259334E-02
    NuBT=2
    CPU =0.000183

ITER: 14
    HPWL=6735.089844
    OVFL=0.653183
    HPWL=(3425.582275, 3309.507324)
    POTN=4.965391E+04
    PHIC=6.448568E-09
    GRAD=2.134912E-02
    NuBT=1
    CPU =0.000045

ITER: 15
    HPWL=6713.287109
    OVFL=0.702615
    HPWL=(3403.777832, 3309.509033)
    POTN=5.172791E+04
    PHIC=6.770997E-09
    GRAD=2.266738E-02
    NuBT=1
    CPU =0.000039

ITER: 16
    HPWL=6689.760742
    OVFL=0.684642
    HPWL=(3380.705566, 3309.055176)
    POTN=4.859596E+04
    PHIC=7.109546E-09
    GRAD=1.757101E-02
    NuBT=2
    CPU =0.000060

ITER: 17
    HPWL=6651.469727
    OVFL=0.692276
    HPWL=(3348.621582, 3302.848145)
    POTN=4.950732E+04
    PHIC=7.465023E-09
    GRAD=1.895083E-02
    NuBT=1
    CPU =0.000038

ITER: 18
    HPWL=6632.753418
    OVFL=0.712180
    HPWL=(3328.115967, 3304.637451)
    POTN=5.061098E+04
    PHIC=7.838274E-09
    GRAD=1.828012E-02
    NuBT=1
    CPU =0.000039

ITER: 19
    HPWL=6616.389160
    OVFL=0.724503
    HPWL=(3309.201172, 3307.187988)
    POTN=5.106613E+04
    PHIC=8.230187E-09
    GRAD=1.660959E-02
    NuBT=2
    CPU =0.000059

ITER: 20
    HPWL=6601.843750
    OVFL=0.708534
    HPWL=(3292.726562, 3309.116943)
    POTN=5.021500E+04
    PHIC=8.641696E-09
    GRAD=1.568045E-02
    NuBT=2
    CPU =0.000059

ITER: 21
    HPWL=6581.956055
    OVFL=0.720208
    HPWL=(3274.297119, 3307.659180)
    POTN=5.325548E+04
    PHIC=9.073781E-09
    GRAD=1.693160E-02
    NuBT=2
    CPU =0.000060

ITER: 22
    HPWL=6571.109375
    OVFL=0.732063
    HPWL=(3261.868652, 3309.240967)
    POTN=5.521711E+04
    PHIC=9.527469E-09
    GRAD=1.602596E-02
    NuBT=1
    CPU =0.000038

ITER: 23
    HPWL=6559.883789
    OVFL=0.728465
    HPWL=(3249.888916, 3309.994629)
    POTN=5.502727E+04
    PHIC=1.000384E-08
    GRAD=1.512096E-02
    NuBT=1
    CPU =0.000038

ITER: 24
    HPWL=6542.154785
    OVFL=0.724275
    HPWL=(3234.026367, 3308.128418)
    POTN=5.685073E+04
    PHIC=1.050403E-08
    GRAD=1.530640E-02
    NuBT=1
    CPU =0.000038

ITER: 25
    HPWL=6528.616699
    OVFL=0.730185
    HPWL=(3221.040283, 3307.576416)
    POTN=6.022375E+04
    PHIC=1.102924E-08
    GRAD=1.561106E-02
    NuBT=1
    CPU =0.000038

ITER: 26
    HPWL=6518.671875
    OVFL=0.750328
    HPWL=(3210.565430, 3308.106201)
    POTN=6.467164E+04
    PHIC=1.158070E-08
    GRAD=1.516371E-02
    NuBT=1
    CPU =0.000038

ITER: 27
    HPWL=6506.130859
    OVFL=0.745042
    HPWL=(3198.749512, 3307.381104)
    POTN=6.546356E+04
    PHIC=1.215973E-08
    GRAD=1.365299E-02
    NuBT=1
    CPU =0.000038

ITER: 28
    HPWL=6490.171387
    OVFL=0.717797
    HPWL=(3185.918945, 3304.252441)
    POTN=6.695030E+04
    PHIC=1.276772E-08
    GRAD=1.393444E-02
    NuBT=1
    CPU =0.000038

ITER: 29
    HPWL=6480.289062
    OVFL=0.718761
    HPWL=(3177.509277, 3302.779785)
    POTN=6.899279E+04
    PHIC=1.340610E-08
    GRAD=1.596261E-02
    NuBT=2
    CPU =0.000059

ITER: 30
    HPWL=6477.182617
    OVFL=0.717996
    HPWL=(3174.426514, 3302.755859)
    POTN=7.263389E+04
    PHIC=1.407641E-08
    GRAD=1.588516E-02
    NuBT=1
    CPU =0.000038

ITER: 31
    HPWL=6474.625488
    OVFL=0.718755
    HPWL=(3171.864502, 3302.760986)
    POTN=7.646273E+04
    PHIC=1.478023E-08
    GRAD=1.594868E-02
    NuBT=2
    CPU =0.000059

ITER: 32
    HPWL=6473.156250
    OVFL=0.725552
    HPWL=(3170.416260, 3302.739990)
    POTN=8.112185E+04
    PHIC=1.551924E-08
    GRAD=1.588711E-02
    NuBT=2
    CPU =0.000092

ITER: 33
    HPWL=6473.542969
    OVFL=0.732653
    HPWL=(3170.800537, 3302.742676)
    POTN=8.346975E+04
    PHIC=1.629520E-08
    GRAD=1.534498E-02
    NuBT=2
    CPU =0.000060

ITER: 34
    HPWL=6473.906250
    OVFL=0.735513
    HPWL=(3171.143555, 3302.762695)
    POTN=8.536078E+04
    PHIC=1.710996E-08
    GRAD=1.479612E-02
    NuBT=2
    CPU =0.000065

ITER: 35
    HPWL=6474.834961
    OVFL=0.739339
    HPWL=(3172.033203, 3302.801758)
    POTN=8.648795E+04
    PHIC=1.796545E-08
    GRAD=1.458711E-02
    NuBT=1
    CPU =0.000057

ITER: 36
    HPWL=6470.757812
    OVFL=0.739626
    HPWL=(3168.150146, 3302.607910)
    POTN=8.742548E+04
    PHIC=1.886372E-08
    GRAD=1.428639E-02
    NuBT=2
    CPU =0.000080

ITER: 37
    HPWL=6467.971680
    OVFL=0.741122
    HPWL=(3165.497803, 3302.474121)
    POTN=8.762733E+04
    PHIC=1.980691E-08
    GRAD=1.426142E-02
    NuBT=1
    CPU =0.000056

ITER: 38
    HPWL=6466.947266
    OVFL=0.741359
    HPWL=(3164.471680, 3302.475586)
    POTN=8.773767E+04
    PHIC=2.079725E-08
    GRAD=1.415647E-02
    NuBT=2
    CPU =0.000085

ITER: 39
    HPWL=6466.520508
    OVFL=0.741404
    HPWL=(3164.047852, 3302.472656)
    POTN=8.759808E+04
    PHIC=2.183711E-08
    GRAD=1.413776E-02
    NuBT=1
    CPU =0.000060

ITER: 40
    HPWL=6466.838867
    OVFL=0.740710
    HPWL=(3164.368896, 3302.470215)
    POTN=8.716072E+04
    PHIC=2.292897E-08
    GRAD=1.413125E-02
    NuBT=1
    CPU =0.000058

ITER: 41
    HPWL=6469.380859
    OVFL=0.737935
    HPWL=(3166.910645, 3302.469971)
    POTN=8.593166E+04
    PHIC=2.407541E-08
    GRAD=1.418757E-02
    NuBT=2
    CPU =0.000086

ITER: 42
    HPWL=6470.157227
    OVFL=0.735067
    HPWL=(3167.688232, 3302.468750)
    POTN=8.506459E+04
    PHIC=2.527917E-08
    GRAD=1.438883E-02
    NuBT=2
    CPU =0.000088

ITER: 43
    HPWL=6471.507812
    OVFL=0.731603
    HPWL=(3169.037842, 3302.469727)
    POTN=8.392758E+04
    PHIC=2.654313E-08
    GRAD=1.460117E-02
    NuBT=2
    CPU =0.000082

ITER: 44
    HPWL=6471.893555
    OVFL=0.729470
    HPWL=(3169.424561, 3302.468994)
    POTN=8.295984E+04
    PHIC=2.787028E-08
    GRAD=1.486170E-02
    NuBT=2
    CPU =0.000082

ITER: 45
    HPWL=6472.673340
    OVFL=0.727539
    HPWL=(3170.204834, 3302.468506)
    POTN=8.165709E+04
    PHIC=2.926379E-08
    GRAD=1.502766E-02
    NuBT=1
    CPU =0.000058

ITER: 46
    HPWL=6472.164062
    OVFL=0.724222
    HPWL=(3169.696045, 3302.468018)
    POTN=8.027118E+04
    PHIC=3.072698E-08
    GRAD=1.517628E-02
    NuBT=2
    CPU =0.000097

ITER: 47
    HPWL=6471.940430
    OVFL=0.718543
    HPWL=(3169.471924, 3302.468262)
    POTN=7.810939E+04
    PHIC=3.226332E-08
    GRAD=1.543689E-02
    NuBT=1
    CPU =0.000059

ITER: 48
    HPWL=6472.151367
    OVFL=0.718465
    HPWL=(3169.682617, 3302.468994)
    POTN=7.641702E+04
    PHIC=3.387649E-08
    GRAD=1.589030E-02
    NuBT=2
    CPU =0.000088

ITER: 49
    HPWL=6472.858887
    OVFL=0.718280
    HPWL=(3170.390625, 3302.468262)
    POTN=7.462851E+04
    PHIC=3.557031E-08
    GRAD=1.589241E-02
    NuBT=1
    CPU =0.000058

ITER: 50
    HPWL=6474.133301
    OVFL=0.718462
    HPWL=(3171.664795, 3302.468506)
    POTN=7.326084E+04
    PHIC=3.734881E-08
    GRAD=1.591179E-02
    NuBT=2
    CPU =0.000083

ITER: 51
    HPWL=6475.013184
    OVFL=0.718274
    HPWL=(3172.544189, 3302.468994)
    POTN=7.182598E+04
    PHIC=3.921625E-08
    GRAD=1.589380E-02
    NuBT=2
    CPU =0.000084

ITER: 52
    HPWL=6476.330566
    OVFL=0.718459
    HPWL=(3173.861572, 3302.468994)
    POTN=7.083208E+04
    PHIC=4.117705E-08
    GRAD=1.591351E-02
    NuBT=1
    CPU =0.000058

ITER: 53
    HPWL=6476.848633
    OVFL=0.718281
    HPWL=(3174.380615, 3302.468262)
    POTN=6.973594E+04
    PHIC=4.323589E-08
    GRAD=1.589361E-02
    NuBT=2
    CPU =0.000088

ITER: 54
    HPWL=6477.385742
    OVFL=0.718460
    HPWL=(3174.917480, 3302.468262)
    POTN=6.905430E+04
    PHIC=4.539768E-08
    GRAD=1.590947E-02
    NuBT=1
    CPU =0.000057

ITER: 55
    HPWL=6478.142578
    OVFL=0.718287
    HPWL=(3175.673828, 3302.468506)
    POTN=6.828310E+04
    PHIC=4.766755E-08
    GRAD=1.589160E-02
    NuBT=1
    CPU =0.000059

ITER: 56
    HPWL=6478.691406
    OVFL=0.718445
    HPWL=(3176.222656, 3302.468506)
    POTN=6.785584E+04
    PHIC=5.005092E-08
    GRAD=1.590804E-02
    NuBT=1
    CPU =0.000059

ITER: 57
    HPWL=6479.078613
    OVFL=0.718299
    HPWL=(3176.610596, 3302.468018)
    POTN=6.733118E+04
    PHIC=5.255346E-08
    GRAD=1.589018E-02
    NuBT=1
    CPU =0.000058

ITER: 58
    HPWL=6479.240234
    OVFL=0.718406
    HPWL=(3176.771729, 3302.468750)
    POTN=6.708075E+04
    PHIC=5.518114E-08
    GRAD=1.590430E-02
    NuBT=1
    CPU =0.000059

ITER: 59
    HPWL=6479.455078
    OVFL=0.718312
    HPWL=(3176.986084, 3302.469238)
    POTN=6.674933E+04
    PHIC=5.794019E-08
    GRAD=1.589423E-02
    NuBT=1
    CPU =0.000058

ITER: 60
    HPWL=6479.542969
    OVFL=0.718436
    HPWL=(3177.073242, 3302.469482)
    POTN=6.661138E+04
    PHIC=6.083719E-08
    GRAD=1.590212E-02
    NuBT=1
    CPU =0.000059

ITER: 61
    HPWL=6479.625000
    OVFL=0.718306
    HPWL=(3177.156006, 3302.468994)
    POTN=6.641809E+04
    PHIC=6.387905E-08
    GRAD=1.589190E-02
    NuBT=1
    CPU =0.000075

ITER: 62
    HPWL=6479.500000
    OVFL=0.718388
    HPWL=(3177.030762, 3302.469482)
    POTN=6.635376E+04
    PHIC=6.707300E-08
    GRAD=1.590133E-02
    NuBT=1
    CPU =0.000044

ITER: 63
    HPWL=6479.355469
    OVFL=0.718345
    HPWL=(3176.886719, 3302.468750)
    POTN=6.625459E+04
    PHIC=7.042664E-08
    GRAD=1.589297E-02
    NuBT=1
    CPU =0.000034

ITER: 64
    HPWL=6479.090332
    OVFL=0.718373
    HPWL=(3176.621094, 3302.469238)
    POTN=6.623452E+04
    PHIC=7.394797E-08
    GRAD=1.589461E-02
    NuBT=1
    CPU =0.000032

ITER: 65
    HPWL=6478.980469
    OVFL=0.718364
    HPWL=(3176.511230, 3302.469238)
    POTN=6.620991E+04
    PHIC=7.764537E-08
    GRAD=1.589326E-02
    NuBT=1
    CPU =0.000031

ITER: 66
    HPWL=6478.756348
    OVFL=0.718373
    HPWL=(3176.287354, 3302.468994)
    POTN=6.623727E+04
    PHIC=8.152763E-08
    GRAD=1.589355E-02
    NuBT=1
    CPU =0.000032

ITER: 67
    HPWL=6478.881836
    OVFL=0.718345
    HPWL=(3176.412354, 3302.469727)
    POTN=6.632705E+04
    PHIC=8.560401E-08
    GRAD=1.589325E-02
    NuBT=1
    CPU =0.000032

ITER: 68
    HPWL=6478.633301
    OVFL=0.718384
    HPWL=(3176.164062, 3302.469238)
    POTN=6.647105E+04
    PHIC=8.988420E-08
    GRAD=1.589453E-02
    NuBT=2
    CPU =0.000058

ITER: 69
    HPWL=6478.639648
    OVFL=0.718331
    HPWL=(3176.169922, 3302.469482)
    POTN=6.659228E+04
    PHIC=9.437841E-08
    GRAD=1.589317E-02
    NuBT=2
    CPU =0.000054

ITER: 70
    HPWL=6478.284668
    OVFL=0.718402
    HPWL=(3175.814941, 3302.469727)
    POTN=6.683574E+04
    PHIC=9.909732E-08
    GRAD=1.589559E-02
    NuBT=2
    CPU =0.000053

ITER: 71
    HPWL=6478.135742
    OVFL=0.718284
    HPWL=(3175.667236, 3302.468506)
    POTN=6.701234E+04
    PHIC=1.040522E-07
    GRAD=1.589289E-02
    NuBT=2
    CPU =0.000053

ITER: 72
    HPWL=6477.720703
    OVFL=0.718447
    HPWL=(3175.251221, 3302.469482)
    POTN=6.734838E+04
    PHIC=1.092548E-07
    GRAD=1.590362E-02
    NuBT=2
    CPU =0.000053

ITER: 73
    HPWL=6477.652344
    OVFL=0.718254
    HPWL=(3175.183350, 3302.468994)
    POTN=6.758508E+04
    PHIC=1.147175E-07
    GRAD=1.588730E-02
    NuBT=1
    CPU =0.000031

ITER: 74
    HPWL=6477.008789
    OVFL=0.718474
    HPWL=(3174.539795, 3302.469238)
    POTN=6.801455E+04
    PHIC=1.204534E-07
    GRAD=1.590529E-02
    NuBT=2
    CPU =0.000053

ITER: 75
    HPWL=6476.619141
    OVFL=0.718245
    HPWL=(3174.149902, 3302.468994)
    POTN=6.830859E+04
    PHIC=1.264760E-07
    GRAD=1.588575E-02
    NuBT=1
    CPU =0.000032

ITER: 76
    HPWL=6476.130859
    OVFL=0.718480
    HPWL=(3173.660645, 3302.469971)
    POTN=6.879418E+04
    PHIC=1.327998E-07
    GRAD=1.590576E-02
    NuBT=1
    CPU =0.000034

ITER: 77
    HPWL=6475.787109
    OVFL=0.718256
    HPWL=(3173.319092, 3302.468262)
    POTN=6.912301E+04
    PHIC=1.394398E-07
    GRAD=1.588561E-02
    NuBT=1
    CPU =0.000032

ITER: 78
    HPWL=6475.126953
    OVFL=0.718456
    HPWL=(3172.657959, 3302.469238)
    POTN=6.963825E+04
    PHIC=1.464118E-07
    GRAD=1.590497E-02
    NuBT=1
    CPU =0.000032

ITER: 79
    HPWL=6474.645508
    OVFL=0.718274
    HPWL=(3172.176270, 3302.469482)
    POTN=6.997887E+04
    PHIC=1.537324E-07
    GRAD=1.588578E-02
    NuBT=1
    CPU =0.000032

ITER: 80
    HPWL=6474.046875
    OVFL=0.718440
    HPWL=(3171.576904, 3302.470215)
    POTN=7.047151E+04
    PHIC=1.614190E-07
    GRAD=1.590355E-02
    NuBT=1
    CPU =0.000031

ITER: 81
    HPWL=6473.771973
    OVFL=0.718264
    HPWL=(3171.302734, 3302.469238)
    POTN=7.078576E+04
    PHIC=1.694899E-07
    GRAD=1.588597E-02
    NuBT=1
    CPU =0.000032

ITER: 82
    HPWL=6473.166504
    OVFL=0.718449
    HPWL=(3170.697021, 3302.469482)
    POTN=7.122495E+04
    PHIC=1.779644E-07
    GRAD=1.590345E-02
    NuBT=1
    CPU =0.000031

ITER: 83
    HPWL=6472.833008
    OVFL=0.718287
    HPWL=(3170.363037, 3302.469971)
    POTN=7.148904E+04
    PHIC=1.868626E-07
    GRAD=1.588469E-02
    NuBT=1
    CPU =0.000032

ITER: 84
    HPWL=6472.269531
    OVFL=0.718441
    HPWL=(3169.799072, 3302.470215)
    POTN=7.183787E+04
    PHIC=1.962058E-07
    GRAD=1.590179E-02
    NuBT=1
    CPU =0.000032

ITER: 85
    HPWL=6472.042969
    OVFL=0.718285
    HPWL=(3169.572754, 3302.469971)
    POTN=7.200975E+04
    PHIC=2.060160E-07
    GRAD=1.588435E-02
    NuBT=1
    CPU =0.000032

ITER: 86
    HPWL=6471.554199
    OVFL=0.718422
    HPWL=(3169.084473, 3302.469727)
    POTN=7.221424E+04
    PHIC=2.163168E-07
    GRAD=1.590033E-02
    NuBT=1
    CPU =0.000046

ITER: 87
    HPWL=6471.486328
    OVFL=0.718310
    HPWL=(3169.016357, 3302.469727)
    POTN=7.226421E+04
    PHIC=2.271327E-07
    GRAD=1.588916E-02
    NuBT=1
    CPU =0.000055

ITER: 88
    HPWL=6471.118652
    OVFL=0.718378
    HPWL=(3168.648438, 3302.470215)
    POTN=7.232930E+04
    PHIC=2.384893E-07
    GRAD=1.589811E-02
    NuBT=1
    CPU =0.000052

ITER: 89
    HPWL=6471.227539
    OVFL=0.718321
    HPWL=(3168.757324, 3302.469971)
    POTN=7.225033E+04
    PHIC=2.504137E-07
    GRAD=1.589035E-02
    NuBT=1
    CPU =0.000050

ITER: 90
    HPWL=6471.021484
    OVFL=0.718399
    HPWL=(3168.550537, 3302.470703)
    POTN=7.217009E+04
    PHIC=2.629344E-07
    GRAD=1.589262E-02
    NuBT=1
    CPU =0.000050

ITER: 91
    HPWL=6471.380859
    OVFL=0.718275
    HPWL=(3168.909668, 3302.470947)
    POTN=7.195194E+04
    PHIC=2.760811E-07
    GRAD=1.588913E-02
    NuBT=1
    CPU =0.000050

ITER: 92
    HPWL=6471.314453
    OVFL=0.718434
    HPWL=(3168.843994, 3302.470215)
    POTN=7.174286E+04
    PHIC=2.898852E-07
    GRAD=1.589931E-02
    NuBT=1
    CPU =0.000053

ITER: 93
    HPWL=6471.776367
    OVFL=0.718279
    HPWL=(3169.305664, 3302.470947)
    POTN=7.139438E+04
    PHIC=3.043794E-07
    GRAD=1.588741E-02
    NuBT=1
    CPU =0.000053

ITER: 94
    HPWL=6471.797852
    OVFL=0.718418
    HPWL=(3169.326416, 3302.471191)
    POTN=7.108239E+04
    PHIC=3.195983E-07
    GRAD=1.589890E-02
    NuBT=1
    CPU =0.000061

ITER: 95
    HPWL=6472.362305
    OVFL=0.718291
    HPWL=(3169.890869, 3302.471191)
    POTN=7.062941E+04
    PHIC=3.355782E-07
    GRAD=1.588781E-02
    NuBT=1
    CPU =0.000059

ITER: 96
    HPWL=6472.375488
    OVFL=0.718409
    HPWL=(3169.903564, 3302.471924)
    POTN=7.024751E+04
    PHIC=3.523571E-07
    GRAD=1.589962E-02
    NuBT=1
    CPU =0.000057

ITER: 97
    HPWL=6473.099609
    OVFL=0.718302
    HPWL=(3170.627930, 3302.471680)
    POTN=6.973230E+04
    PHIC=3.699749E-07
    GRAD=1.588784E-02
    NuBT=1
    CPU =0.000058

ITER: 98
    HPWL=6473.173828
    OVFL=0.718398
    HPWL=(3170.702881, 3302.471191)
    POTN=6.935845E+04
    PHIC=3.884736E-07
    GRAD=1.589843E-02
    NuBT=1
    CPU =0.000059

ITER: 99
    HPWL=6473.817871
    OVFL=0.718293
    HPWL=(3171.346191, 3302.471680)
    POTN=6.884313E+04
    PHIC=4.078972E-07
    GRAD=1.588787E-02
    NuBT=1
    CPU =0.000057

ITER: 100
    HPWL=6473.809570
    OVFL=0.718366
    HPWL=(3171.337891, 3302.471680)
    POTN=6.845980E+04
    PHIC=4.282921E-07
    GRAD=1.589844E-02
    NuBT=1
    CPU =0.000061

ITER: 101
    HPWL=6474.496094
    OVFL=0.718317
    HPWL=(3172.023438, 3302.472412)
    POTN=6.794544E+04
    PHIC=4.497066E-07
    GRAD=1.588854E-02
    NuBT=1
    CPU =0.000058

ITER: 102
    HPWL=6474.411133
    OVFL=0.718402
    HPWL=(3171.938965, 3302.472412)
    POTN=6.757321E+04
    PHIC=4.721919E-07
    GRAD=1.589233E-02
    NuBT=1
    CPU =0.000064

ITER: 103
    HPWL=6475.101562
    OVFL=0.718288
    HPWL=(3172.629639, 3302.471924)
    POTN=6.707857E+04
    PHIC=4.958014E-07
    GRAD=1.588654E-02
    NuBT=1
    CPU =0.000059

ITER: 104
    HPWL=6475.088867
    OVFL=0.718392
    HPWL=(3172.615967, 3302.473145)
    POTN=6.673340E+04
    PHIC=5.205915E-07
    GRAD=1.589813E-02
    NuBT=1
    CPU =0.000072

ITER: 105
    HPWL=6475.710938
    OVFL=0.718293
    HPWL=(3173.238770, 3302.472412)
    POTN=6.627529E+04
    PHIC=5.466210E-07
    GRAD=1.588617E-02
    NuBT=1
    CPU =0.000059

ITER: 106
    HPWL=6475.619141
    OVFL=0.718365
    HPWL=(3173.146729, 3302.472656)
    POTN=6.596982E+04
    PHIC=5.739520E-07
    GRAD=1.589647E-02
    NuBT=1
    CPU =0.000059

ITER: 107
    HPWL=6476.278320
    OVFL=0.718293
    HPWL=(3173.805908, 3302.472412)
    POTN=6.553188E+04
    PHIC=6.026495E-07
    GRAD=1.588615E-02
    NuBT=1
    CPU =0.000058

ITER: 108
    HPWL=6476.148926
    OVFL=0.718400
    HPWL=(3173.675537, 3302.473389)
    POTN=6.521831E+04
    PHIC=6.327820E-07
    GRAD=1.589560E-02
    NuBT=1
    CPU =0.000058

ITER: 109
    HPWL=6476.719238
    OVFL=0.718270
    HPWL=(3174.245850, 3302.473389)
    POTN=6.480531E+04
    PHIC=6.644210E-07
    GRAD=1.588343E-02
    NuBT=1
    CPU =0.000058

ITER: 110
    HPWL=6476.621094
    OVFL=0.718420
    HPWL=(3174.148193, 3302.473145)
    POTN=6.453944E+04
    PHIC=6.976420E-07
    GRAD=1.589296E-02
    NuBT=1
    CPU =0.000059

ITER: 111
    HPWL=6477.336914
    OVFL=0.718246
    HPWL=(3174.862793, 3302.473877)
    POTN=6.416379E+04
    PHIC=7.325239E-07
    GRAD=1.588145E-02
    NuBT=1
    CPU =0.000060

ITER: 112
    HPWL=6477.085938
    OVFL=0.718403
    HPWL=(3174.611572, 3302.474365)
    POTN=6.394298E+04
    PHIC=7.691501E-07
    GRAD=1.589274E-02
    NuBT=1
    CPU =0.000057

ITER: 113
    HPWL=6477.737305
    OVFL=0.718253
    HPWL=(3175.262451, 3302.475098)
    POTN=6.365780E+04
    PHIC=8.076074E-07
    GRAD=1.588092E-02
    NuBT=1
    CPU =0.000061

ITER: 114
    HPWL=6477.396484
    OVFL=0.718397
    HPWL=(3174.921387, 3302.475098)
    POTN=6.354136E+04
    PHIC=8.479877E-07
    GRAD=1.589515E-02
    NuBT=1
    CPU =0.000058

ITER: 115
    HPWL=6478.101074
    OVFL=0.718240
    HPWL=(3175.625977, 3302.475098)
    POTN=6.328327E+04
    PHIC=8.903870E-07
    GRAD=1.588048E-02
    NuBT=1
    CPU =0.000059

ITER: 116
    HPWL=6477.602539
    OVFL=0.718391
    HPWL=(3175.126465, 3302.476074)
    POTN=6.320189E+04
    PHIC=9.349063E-07
    GRAD=1.589494E-02
    NuBT=1
    CPU =0.000059

ITER: 117
    HPWL=6478.302734
    OVFL=0.718256
    HPWL=(3175.827881, 3302.474854)
    POTN=6.297201E+04
    PHIC=9.816514E-07
    GRAD=1.587908E-02
    NuBT=1
    CPU =0.000059

ITER: 118
    HPWL=6477.888672
    OVFL=0.718373
    HPWL=(3175.412598, 3302.475830)
    POTN=6.292045E+04
    PHIC=1.030734E-06
    GRAD=1.589333E-02
    NuBT=1
    CPU =0.000059

ITER: 119
    HPWL=6478.512695
    OVFL=0.718264
    HPWL=(3176.036133, 3302.476562)
    POTN=6.266019E+04
    PHIC=1.082270E-06
    GRAD=1.587881E-02
    NuBT=1
    CPU =0.000057

ITER: 120
    HPWL=6477.846191
    OVFL=0.718352
    HPWL=(3175.370117, 3302.476074)
    POTN=6.259626E+04
    PHIC=1.136384E-06
    GRAD=1.589157E-02
    NuBT=1
    CPU =0.000060

ITER: 121
    HPWL=6478.511719
    OVFL=0.718278
    HPWL=(3176.035645, 3302.476074)
    POTN=6.234792E+04
    PHIC=1.193203E-06
    GRAD=1.587811E-02
    NuBT=1
    CPU =0.000071

ITER: 122
    HPWL=6477.853027
    OVFL=0.718348
    HPWL=(3175.376465, 3302.476562)
    POTN=6.234437E+04
    PHIC=1.252863E-06
    GRAD=1.589035E-02
    NuBT=1
    CPU =0.000059

ITER: 123
    HPWL=6478.650879
    OVFL=0.718280
    HPWL=(3176.173828, 3302.477051)
    POTN=6.214860E+04
    PHIC=1.315506E-06
    GRAD=1.587777E-02
    NuBT=1
    CPU =0.000059

ITER: 124
    HPWL=6477.886719
    OVFL=0.718318
    HPWL=(3175.409668, 3302.477051)
    POTN=6.217689E+04
    PHIC=1.381281E-06
    GRAD=1.588972E-02
    NuBT=1
    CPU =0.000058

ITER: 125
    HPWL=6478.618164
    OVFL=0.718277
    HPWL=(3176.141113, 3302.477051)
    POTN=6.197374E+04
    PHIC=1.450345E-06
    GRAD=1.587739E-02
    NuBT=1
    CPU =0.000058

ITER: 126
    HPWL=6477.766602
    OVFL=0.718312
    HPWL=(3175.288818, 3302.477783)
    POTN=6.200201E+04
    PHIC=1.522862E-06
    GRAD=1.588890E-02
    NuBT=1
    CPU =0.000061

ITER: 127
    HPWL=6478.525879
    OVFL=0.718251
    HPWL=(3176.049316, 3302.476562)
    POTN=6.174680E+04
    PHIC=1.599005E-06
    GRAD=1.588092E-02
    NuBT=1
    CPU =0.000058

ITER: 128
    HPWL=6477.576172
    OVFL=0.718314
    HPWL=(3175.079346, 3302.497070)
    POTN=6.175849E+04
    PHIC=1.678955E-06
    GRAD=1.588064E-02
    NuBT=1
    CPU =0.000059

ITER: 129
    HPWL=6478.588867
    OVFL=0.718224
    HPWL=(3176.064697, 3302.524414)
    POTN=6.154529E+04
    PHIC=1.762903E-06
    GRAD=1.587534E-02
    NuBT=1
    CPU =0.000057

ITER: 130
    HPWL=6477.744629
    OVFL=0.718320
    HPWL=(3175.177246, 3302.567383)
    POTN=6.159953E+04
    PHIC=1.851048E-06
    GRAD=1.587977E-02
    NuBT=1
    CPU =0.000060

ITER: 131
    HPWL=6479.024414
    OVFL=0.718195
    HPWL=(3176.429932, 3302.594482)
    POTN=6.137020E+04
    PHIC=1.943600E-06
    GRAD=1.587253E-02
    NuBT=1
    CPU =0.000058

ITER: 132
    HPWL=6477.991211
    OVFL=0.718339
    HPWL=(3175.355225, 3302.636230)
    POTN=6.143300E+04
    PHIC=2.040779E-06
    GRAD=1.587852E-02
    NuBT=1
    CPU =0.000058

ITER: 133
    HPWL=6479.311523
    OVFL=0.718175
    HPWL=(3176.627930, 3302.683838)
    POTN=6.112977E+04
    PHIC=2.142818E-06
    GRAD=1.586812E-02
    NuBT=1
    CPU =0.000059

ITER: 134
    HPWL=6478.219238
    OVFL=0.718324
    HPWL=(3175.440918, 3302.778320)
    POTN=6.109834E+04
    PHIC=2.249959E-06
    GRAD=1.587892E-02
    NuBT=1
    CPU =0.000059

ITER: 135
    HPWL=6479.719727
    OVFL=0.718181
    HPWL=(3176.855957, 3302.863770)
    POTN=6.072399E+04
    PHIC=2.362456E-06
    GRAD=1.586357E-02
    NuBT=1
    CPU =0.000057

ITER: 136
    HPWL=6478.708496
    OVFL=0.718291
    HPWL=(3175.635254, 3303.073242)
    POTN=6.062665E+04
    PHIC=2.480579E-06
    GRAD=1.587268E-02
    NuBT=1
    CPU =0.000064

ITER: 137
    HPWL=6480.699707
    OVFL=0.718133
    HPWL=(3177.303467, 3303.396240)
    POTN=6.014355E+04
    PHIC=2.604607E-06
    GRAD=1.586444E-02
    NuBT=1
    CPU =0.000071

ITER: 138
    HPWL=6479.831543
    OVFL=0.718340
    HPWL=(3176.025635, 3303.805908)
    POTN=5.994666E+04
    PHIC=2.734837E-06
    GRAD=1.586851E-02
    NuBT=1
    CPU =0.000059

ITER: 139
    HPWL=6481.560547
    OVFL=0.718108
    HPWL=(3177.264893, 3304.295898)
    POTN=5.941238E+04
    PHIC=2.871578E-06
    GRAD=1.584482E-02
    NuBT=2
    CPU =0.000087

ITER: 140
    HPWL=6480.503906
    OVFL=0.718308
    HPWL=(3175.471924, 3305.031738)
    POTN=5.913871E+04
    PHIC=3.015157E-06
    GRAD=1.585401E-02
    NuBT=1
    CPU =0.000058

ITER: 141
    HPWL=6483.845215
    OVFL=0.718088
    HPWL=(3177.794189, 3306.051025)
    POTN=5.855704E+04
    PHIC=3.165913E-06
    GRAD=1.584202E-02
    NuBT=1
    CPU =0.000058

ITER: 142
    HPWL=6483.445312
    OVFL=0.718335
    HPWL=(3176.282471, 3307.163086)
    POTN=5.820330E+04
    PHIC=3.324209E-06
    GRAD=1.584866E-02
    NuBT=2
    CPU =0.000084

ITER: 143
    HPWL=6487.381836
    OVFL=0.717987
    HPWL=(3178.816406, 3308.565186)
    POTN=5.751804E+04
    PHIC=3.490417E-06
    GRAD=1.583104E-02
    NuBT=1
    CPU =0.000057

ITER: 144
    HPWL=6486.961914
    OVFL=0.718383
    HPWL=(3177.024414, 3309.937744)
    POTN=5.722187E+04
    PHIC=3.664938E-06
    GRAD=1.584881E-02
    NuBT=2
    CPU =0.000083

ITER: 145
    HPWL=6490.262695
    OVFL=0.717934
    HPWL=(3179.408936, 3310.854004)
    POTN=5.671993E+04
    PHIC=3.848183E-06
    GRAD=1.581689E-02
    NuBT=1
    CPU =0.000057

ITER: 146
    HPWL=6488.617188
    OVFL=0.718393
    HPWL=(3177.602539, 3311.014404)
    POTN=5.657984E+04
    PHIC=4.040592E-06
    GRAD=1.584443E-02
    NuBT=1
    CPU =0.000058

ITER: 147
    HPWL=6492.065918
    OVFL=0.717901
    HPWL=(3180.052734, 3312.013184)
    POTN=5.621901E+04
    PHIC=4.242619E-06
    GRAD=1.580554E-02
    NuBT=1
    CPU =0.000059

ITER: 148
    HPWL=6490.013184
    OVFL=0.718398
    HPWL=(3178.317383, 3311.695801)
    POTN=5.616822E+04
    PHIC=4.454750E-06
    GRAD=1.583711E-02
    NuBT=1
    CPU =0.000059

ITER: 149
    HPWL=6492.746094
    OVFL=0.717831
    HPWL=(3181.019043, 3311.727051)
    POTN=5.589432E+04
    PHIC=4.677485E-06
    GRAD=1.579894E-02
    NuBT=1
    CPU =0.000059

ITER: 150
    HPWL=6491.274902
    OVFL=0.718454
    HPWL=(3179.116943, 3312.157959)
    POTN=5.588235E+04
    PHIC=4.911359E-06
    GRAD=1.583279E-02
    NuBT=1
    CPU =0.000059

ITER: 151
    HPWL=6493.638672
    OVFL=0.717755
    HPWL=(3181.796631, 3311.842041)
    POTN=5.551755E+04
    PHIC=5.156925E-06
    GRAD=1.578245E-02
    NuBT=1
    CPU =0.000058

ITER: 152
    HPWL=6492.459473
    OVFL=0.718447
    HPWL=(3180.004639, 3312.454834)
    POTN=5.536026E+04
    PHIC=5.414771E-06
    GRAD=1.583006E-02
    NuBT=1
    CPU =0.000058

ITER: 153
    HPWL=6495.409180
    OVFL=0.717709
    HPWL=(3182.985840, 3312.423096)
    POTN=5.489701E+04
    PHIC=5.685506E-06
    GRAD=1.577362E-02
    NuBT=1
    CPU =0.000069

ITER: 154
    HPWL=6495.015625
    OVFL=0.718426
    HPWL=(3181.142822, 3313.873047)
    POTN=5.466010E+04
    PHIC=5.969781E-06
    GRAD=1.581921E-02
    NuBT=1
    CPU =0.000058

ITER: 155
    HPWL=6498.324219
    OVFL=0.719649
    HPWL=(3184.069824, 3314.254395)
    POTN=5.414549E+04
    PHIC=6.268267E-06
    GRAD=1.576282E-02
    NuBT=1
    CPU =0.000061

ITER: 156
    HPWL=6498.624512
    OVFL=0.725673
    HPWL=(3183.258057, 3315.366455)
    POTN=5.389111E+04
    PHIC=6.581681E-06
    GRAD=1.565035E-02
    NuBT=1
    CPU =0.000061

ITER: 157
    HPWL=6504.337402
    OVFL=0.739742
    HPWL=(3187.635742, 3316.701660)
    POTN=5.340629E+04
    PHIC=6.910759E-06
    GRAD=1.517236E-02
    NuBT=2
    CPU =0.000087

ITER: 158
    HPWL=6504.885254
    OVFL=0.746851
    HPWL=(3186.818848, 3318.066406)
    POTN=5.293602E+04
    PHIC=7.256296E-06
    GRAD=1.409694E-02
    NuBT=2
    CPU =0.000084

ITER: 159
    HPWL=6510.637695
    OVFL=0.748904
    HPWL=(3190.717529, 3319.920410)
    POTN=5.218864E+04
    PHIC=7.619104E-06
    GRAD=1.358268E-02
    NuBT=1
    CPU =0.000058

ITER: 160
    HPWL=6516.384766
    OVFL=0.749813
    HPWL=(3193.349609, 3323.035156)
    POTN=5.128315E+04
    PHIC=8.000053E-06
    GRAD=1.343275E-02
    NuBT=1
    CPU =0.000058

ITER: 161
    HPWL=6525.920410
    OVFL=0.750276
    HPWL=(3198.314209, 3327.606201)
    POTN=5.012437E+04
    PHIC=8.400044E-06
    GRAD=1.336923E-02
    NuBT=2
    CPU =0.000086

ITER: 162
    HPWL=6532.704102
    OVFL=0.748411
    HPWL=(3200.437988, 3332.265869)
    POTN=4.907906E+04
    PHIC=8.820038E-06
    GRAD=1.333606E-02
    NuBT=2
    CPU =0.000083

ITER: 163
    HPWL=6543.671387
    OVFL=0.731112
    HPWL=(3206.160156, 3337.511230)
    POTN=4.700593E+04
    PHIC=9.261024E-06
    GRAD=1.347299E-02
    NuBT=2
    CPU =0.000084

ITER: 164
    HPWL=6549.729492
    OVFL=0.726332
    HPWL=(3207.093750, 3342.635498)
    POTN=4.517467E+04
    PHIC=9.724066E-06
    GRAD=1.471134E-02
    NuBT=2
    CPU =0.000083

ITER: 165
    HPWL=6559.822754
    OVFL=0.727382
    HPWL=(3212.177246, 3347.645508)
    POTN=4.349693E+04
    PHIC=1.021025E-05
    GRAD=1.507868E-02
    NuBT=1
    CPU =0.000058

ITER: 166
    HPWL=6566.537109
    OVFL=0.726894
    HPWL=(3213.919434, 3352.617432)
    POTN=4.219492E+04
    PHIC=1.072076E-05
    GRAD=1.499722E-02
    NuBT=2
    CPU =0.000086

ITER: 167
    HPWL=6576.237305
    OVFL=0.727920
    HPWL=(3217.910156, 3358.326904)
    POTN=4.111494E+04
    PHIC=1.125678E-05
    GRAD=1.504293E-02
    NuBT=2
    CPU =0.000096

ITER: 168
    HPWL=6582.407227
    OVFL=0.713170
    HPWL=(3217.723877, 3364.683350)
    POTN=3.962448E+04
    PHIC=1.181961E-05
    GRAD=1.497093E-02
    NuBT=2
    CPU =0.000084

ITER: 169
    HPWL=6590.724609
    OVFL=0.696499
    HPWL=(3219.591309, 3371.133545)
    POTN=3.801625E+04
    PHIC=1.241057E-05
    GRAD=1.615402E-02
    NuBT=2
    CPU =0.000083

ITER: 170
    HPWL=6595.730469
    OVFL=0.685654
    HPWL=(3218.348633, 3377.381592)
    POTN=3.663884E+04
    PHIC=1.303109E-05
    GRAD=1.759894E-02
    NuBT=2
    CPU =0.000087

ITER: 171
    HPWL=6602.165039
    OVFL=0.678017
    HPWL=(3218.524170, 3383.640869)
    POTN=3.554014E+04
    PHIC=1.368263E-05
    GRAD=1.861038E-02
    NuBT=1
    CPU =0.000057

ITER: 172
    HPWL=6606.234375
    OVFL=0.670545
    HPWL=(3217.236328, 3388.997803)
    POTN=3.479323E+04
    PHIC=1.436675E-05
    GRAD=1.935818E-02
    NuBT=1
    CPU =0.000060

ITER: 173
    HPWL=6609.092285
    OVFL=0.671349
    HPWL=(3215.352295, 3393.739990)
    POTN=3.459048E+04
    PHIC=1.508508E-05
    GRAD=2.011690E-02
    NuBT=1
    CPU =0.000059

ITER: 174
    HPWL=6610.819336
    OVFL=0.673964
    HPWL=(3212.784424, 3398.035156)
    POTN=3.462345E+04
    PHIC=1.583933E-05
    GRAD=2.004975E-02
    NuBT=2
    CPU =0.000083

ITER: 175
    HPWL=6612.161621
    OVFL=0.679474
    HPWL=(3210.839111, 3401.322510)
    POTN=3.480702E+04
    PHIC=1.663130E-05
    GRAD=1.978490E-02
    NuBT=2
    CPU =0.000082

ITER: 176
    HPWL=6612.183105
    OVFL=0.682387
    HPWL=(3208.610840, 3403.572266)
    POTN=3.517709E+04
    PHIC=1.746286E-05
    GRAD=1.924184E-02
    NuBT=2
    CPU =0.000083

ITER: 177
    HPWL=6613.307129
    OVFL=0.686520
    HPWL=(3207.834717, 3405.472412)
    POTN=3.540606E+04
    PHIC=1.833600E-05
    GRAD=1.896591E-02
    NuBT=2
    CPU =0.000083

ITER: 178
    HPWL=6612.275879
    OVFL=0.689069
    HPWL=(3204.687012, 3407.588867)
    POTN=3.565001E+04
    PHIC=1.925280E-05
    GRAD=1.856446E-02
    NuBT=2
    CPU =0.000085

ITER: 179
    HPWL=6615.321777
    OVFL=0.695113
    HPWL=(3206.054688, 3409.267090)
    POTN=3.554271E+04
    PHIC=2.021543E-05
    GRAD=1.832562E-02
    NuBT=1
    CPU =0.000058

ITER: 180
    HPWL=6615.467773
    OVFL=0.697174
    HPWL=(3203.742188, 3411.725342)
    POTN=3.540209E+04
    PHIC=2.122620E-05
    GRAD=1.777062E-02
    NuBT=2
    CPU =0.000096

ITER: 181
    HPWL=6621.018555
    OVFL=0.697147
    HPWL=(3205.854980, 3415.163330)
    POTN=3.492432E+04
    PHIC=2.228749E-05
    GRAD=1.758005E-02
    NuBT=1
    CPU =0.000058

ITER: 182
    HPWL=6625.216797
    OVFL=0.692946
    HPWL=(3205.503906, 3419.712646)
    POTN=3.452841E+04
    PHIC=2.340185E-05
    GRAD=1.759109E-02
    NuBT=1
    CPU =0.000061

ITER: 183
    HPWL=6629.082031
    OVFL=0.686688
    HPWL=(3207.973389, 3421.108643)
    POTN=3.396080E+04
    PHIC=2.457193E-05
    GRAD=1.797689E-02
    NuBT=2
    CPU =0.000084

ITER: 184
    HPWL=6628.453125
    OVFL=0.682913
    HPWL=(3208.849365, 3419.603760)
    POTN=3.353623E+04
    PHIC=2.580052E-05
    GRAD=1.856378E-02
    NuBT=1
    CPU =0.000057

ITER: 185
    HPWL=6633.330078
    OVFL=0.679440
    HPWL=(3210.715088, 3422.614990)
    POTN=3.283215E+04
    PHIC=2.709053E-05
    GRAD=1.893147E-02
    NuBT=1
    CPU =0.000061

ITER: 186
    HPWL=6639.803711
    OVFL=0.673991
    HPWL=(3211.786621, 3428.016846)
    POTN=3.229357E+04
    PHIC=2.844503E-05
    GRAD=1.927448E-02
    NuBT=1
    CPU =0.000060

ITER: 187
    HPWL=6643.083984
    OVFL=0.673605
    HPWL=(3217.130615, 3425.953369)
    POTN=3.168951E+04
    PHIC=2.986727E-05
    GRAD=1.981594E-02
    NuBT=2
    CPU =0.000084

ITER: 188
    HPWL=6640.958008
    OVFL=0.672545
    HPWL=(3216.683105, 3424.275146)
    POTN=3.131797E+04
    PHIC=3.136063E-05
    GRAD=1.986655E-02
    NuBT=1
    CPU =0.000057

ITER: 189
    HPWL=6645.700195
    OVFL=0.672096
    HPWL=(3220.701172, 3424.998779)
    POTN=3.089548E+04
    PHIC=3.292864E-05
    GRAD=1.997230E-02
    NuBT=2
    CPU =0.000086

ITER: 190
    HPWL=6647.980469
    OVFL=0.671244
    HPWL=(3220.016846, 3427.963379)
    POTN=3.065984E+04
    PHIC=3.457506E-05
    GRAD=2.002032E-02
    NuBT=1
    CPU =0.000058

ITER: 191
    HPWL=6652.389648
    OVFL=0.671314
    HPWL=(3222.341064, 3430.048828)
    POTN=3.030769E+04
    PHIC=3.630379E-05
    GRAD=2.010818E-02
    NuBT=1
    CPU =0.000059

ITER: 192
    HPWL=6650.809570
    OVFL=0.671271
    HPWL=(3221.889648, 3428.919678)
    POTN=3.015281E+04
    PHIC=3.811897E-05
    GRAD=2.009456E-02
    NuBT=1
    CPU =0.000060

ITER: 193
    HPWL=6648.341797
    OVFL=0.671759
    HPWL=(3222.540039, 3425.801758)
    POTN=3.000059E+04
    PHIC=4.002492E-05
    GRAD=2.009825E-02
    NuBT=1
    CPU =0.000059

ITER: 194
    HPWL=6643.956055
    OVFL=0.672279
    HPWL=(3221.640625, 3422.315430)
    POTN=3.011101E+04
    PHIC=4.202617E-05
    GRAD=2.004813E-02
    NuBT=1
    CPU =0.000058

ITER: 195
    HPWL=6647.140625
    OVFL=0.672921
    HPWL=(3221.572021, 3425.568359)
    POTN=3.007590E+04
    PHIC=4.412745E-05
    GRAD=1.999453E-02
    NuBT=2
    CPU =0.000093

ITER: 196
    HPWL=6644.037109
    OVFL=0.673409
    HPWL=(3220.622314, 3423.415039)
    POTN=3.021499E+04
    PHIC=4.633383E-05
    GRAD=1.992592E-02
    NuBT=2
    CPU =0.000082

ITER: 197
    HPWL=6645.154297
    OVFL=0.673590
    HPWL=(3220.006836, 3425.147705)
    POTN=3.026723E+04
    PHIC=4.865051E-05
    GRAD=1.988109E-02
    NuBT=1
    CPU =0.000058

ITER: 198
    HPWL=6647.159180
    OVFL=0.673854
    HPWL=(3219.598389, 3427.561035)
    POTN=3.030010E+04
    PHIC=5.108302E-05
    GRAD=1.985257E-02
    NuBT=2
    CPU =0.000084

ITER: 199
    HPWL=6650.960449
    OVFL=0.673518
    HPWL=(3219.117920, 3431.842529)
    POTN=3.003107E+04
    PHIC=5.363714E-05
    GRAD=1.983521E-02
    NuBT=1
    CPU =0.000058

ITER: 200
    HPWL=6655.114258
    OVFL=0.673764
    HPWL=(3221.009277, 3434.104736)
    POTN=2.979579E+04
    PHIC=5.631896E-05
    GRAD=1.987018E-02
    NuBT=1
    CPU =0.000060

ITER: 201
    HPWL=6659.514648
    OVFL=0.673142
    HPWL=(3220.097656, 3439.416992)
    POTN=2.935204E+04
    PHIC=5.913488E-05
    GRAD=1.985276E-02
    NuBT=2
    CPU =0.000085

ITER: 202
    HPWL=6669.227539
    OVFL=0.673312
    HPWL=(3222.470215, 3446.757568)
    POTN=2.889779E+04
    PHIC=6.209153E-05
    GRAD=1.990882E-02
    NuBT=1
    CPU =0.000061

ITER: 203
    HPWL=6678.451660
    OVFL=0.672335
    HPWL=(3221.138672, 3457.312988)
    POTN=2.815846E+04
    PHIC=6.519602E-05
    GRAD=1.991292E-02
    NuBT=1
    CPU =0.000058

ITER: 204
    HPWL=6697.521484
    OVFL=0.666980
    HPWL=(3225.119629, 3472.401611)
    POTN=2.716628E+04
    PHIC=6.845564E-05
    GRAD=2.001054E-02
    NuBT=1
    CPU =0.000063

ITER: 205
    HPWL=6720.531738
    OVFL=0.641069
    HPWL=(3225.736816, 3494.794922)
    POTN=2.530896E+04
    PHIC=7.187818E-05
    GRAD=2.063398E-02
    NuBT=1
    CPU =0.000058

ITER: 206
    HPWL=6741.503906
    OVFL=0.623763
    HPWL=(3223.301514, 3518.202637)
    POTN=2.340867E+04
    PHIC=7.547186E-05
    GRAD=2.340646E-02
    NuBT=2
    CPU =0.000086

ITER: 207
    HPWL=6757.025879
    OVFL=0.615140
    HPWL=(3220.565918, 3536.459961)
    POTN=2.184746E+04
    PHIC=7.924528E-05
    GRAD=2.552016E-02
    NuBT=1
    CPU =0.000057

ITER: 208
    HPWL=6772.895996
    OVFL=0.615021
    HPWL=(3221.779053, 3551.116943)
    POTN=2.080887E+04
    PHIC=8.320736E-05
    GRAD=2.665969E-02
    NuBT=2
    CPU =0.000085

ITER: 209
    HPWL=6787.991699
    OVFL=0.613362
    HPWL=(3223.996582, 3563.995117)
    POTN=1.994604E+04
    PHIC=8.736753E-05
    GRAD=2.669528E-02
    NuBT=2
    CPU =0.000096

ITER: 210
    HPWL=6790.232422
    OVFL=0.615757
    HPWL=(3221.627197, 3568.605469)
    POTN=1.953193E+04
    PHIC=9.173587E-05
    GRAD=2.690700E-02
    NuBT=2
    CPU =0.000084

ITER: 211
    HPWL=6795.279297
    OVFL=0.613129
    HPWL=(3223.428223, 3571.850830)
    POTN=1.921744E+04
    PHIC=9.632259E-05
    GRAD=2.660678E-02
    NuBT=2
    CPU =0.000083

ITER: 212
    HPWL=6795.667969
    OVFL=0.614971
    HPWL=(3221.964844, 3573.703369)
    POTN=1.906983E+04
    PHIC=1.011387E-04
    GRAD=2.693716E-02
    NuBT=1
    CPU =0.000058

ITER: 213
    HPWL=6796.015625
    OVFL=0.613637
    HPWL=(3222.319336, 3573.696533)
    POTN=1.895489E+04
    PHIC=1.061956E-04
    GRAD=2.669921E-02
    NuBT=1
    CPU =0.000059

ITER: 214
    HPWL=6792.036133
    OVFL=0.618615
    HPWL=(3219.799561, 3572.236572)
    POTN=1.903242E+04
    PHIC=1.115054E-04
    GRAD=2.687836E-02
    NuBT=1
    CPU =0.000058

ITER: 215
    HPWL=6797.457031
    OVFL=0.615558
    HPWL=(3227.676025, 3569.781250)
    POTN=1.893493E+04
    PHIC=1.170806E-04
    GRAD=2.619797E-02
    NuBT=1
    CPU =0.000060

ITER: 216
    HPWL=6787.687012
    OVFL=0.618426
    HPWL=(3219.682373, 3568.004639)
    POTN=1.900055E+04
    PHIC=1.229346E-04
    GRAD=2.659905E-02
    NuBT=1
    CPU =0.000058

ITER: 217
    HPWL=6795.937500
    OVFL=0.614730
    HPWL=(3227.674316, 3568.263184)
    POTN=1.893525E+04
    PHIC=1.290812E-04
    GRAD=2.620240E-02
    NuBT=1
    CPU =0.000060

ITER: 218
    HPWL=6793.639648
    OVFL=0.616257
    HPWL=(3220.255615, 3573.383789)
    POTN=1.893712E+04
    PHIC=1.355352E-04
    GRAD=2.668845E-02
    NuBT=1
    CPU =0.000059

ITER: 219
    HPWL=6805.054688
    OVFL=0.611239
    HPWL=(3229.281982, 3575.772949)
    POTN=1.878012E+04
    PHIC=1.423118E-04
    GRAD=2.649890E-02
    NuBT=1
    CPU =0.000058

ITER: 220
    HPWL=6805.864258
    OVFL=0.607603
    HPWL=(3221.216553, 3584.647949)
    POTN=1.843731E+04
    PHIC=1.494273E-04
    GRAD=2.716776E-02
    NuBT=2
    CPU =0.000082

ITER: 221
    HPWL=6825.629883
    OVFL=0.598567
    HPWL=(3229.675049, 3595.954834)
    POTN=1.794515E+04
    PHIC=1.568983E-04
    GRAD=2.763828E-02
    NuBT=2
    CPU =0.000082

ITER: 222
    HPWL=6824.495117
    OVFL=0.591342
    HPWL=(3220.830811, 3603.664307)
    POTN=1.744252E+04
    PHIC=1.647432E-04
    GRAD=2.891816E-02
    NuBT=1
    CPU =0.000058

ITER: 223
    HPWL=6850.978516
    OVFL=0.577560
    HPWL=(3229.541504, 3621.437012)
    POTN=1.673333E+04
    PHIC=1.729797E-04
    GRAD=2.993746E-02
    NuBT=2
    CPU =0.000100

ITER: 224
    HPWL=6846.535156
    OVFL=0.573514
    HPWL=(3220.825195, 3625.709717)
    POTN=1.619063E+04
    PHIC=1.816286E-04
    GRAD=3.202061E-02
    NuBT=2
    CPU =0.000084

ITER: 225
    HPWL=6858.196289
    OVFL=0.568091
    HPWL=(3224.631836, 3633.564453)
    POTN=1.567393E+04
    PHIC=1.907098E-04
    GRAD=3.260317E-02
    NuBT=1
    CPU =0.000058

ITER: 226
    HPWL=6856.488770
    OVFL=0.564771
    HPWL=(3222.659180, 3633.829590)
    POTN=1.528686E+04
    PHIC=2.002452E-04
    GRAD=3.351339E-02
    NuBT=2
    CPU =0.000084

ITER: 227
    HPWL=6863.344727
    OVFL=0.562329
    HPWL=(3226.364014, 3636.980469)
    POTN=1.496437E+04
    PHIC=2.102573E-04
    GRAD=3.404262E-02
    NuBT=2
    CPU =0.000083

ITER: 228
    HPWL=6860.069336
    OVFL=0.561809
    HPWL=(3224.094482, 3635.974854)
    POTN=1.471711E+04
    PHIC=2.207701E-04
    GRAD=3.446507E-02
    NuBT=2
    CPU =0.000082

ITER: 229
    HPWL=6857.240723
    OVFL=0.560742
    HPWL=(3227.398193, 3629.842529)
    POTN=1.454240E+04
    PHIC=2.318086E-04
    GRAD=3.452710E-02
    NuBT=1
    CPU =0.000057

ITER: 230
    HPWL=6853.432129
    OVFL=0.560395
    HPWL=(3225.215332, 3628.216797)
    POTN=1.442904E+04
    PHIC=2.433991E-04
    GRAD=3.471797E-02
    NuBT=2
    CPU =0.000084

ITER: 231
    HPWL=6864.687500
    OVFL=0.558961
    HPWL=(3227.849854, 3636.837402)
    POTN=1.418480E+04
    PHIC=2.555686E-04
    GRAD=3.473506E-02
    NuBT=1
    CPU =0.000058

ITER: 232
    HPWL=6870.800781
    OVFL=0.557440
    HPWL=(3226.126221, 3644.674805)
    POTN=1.388609E+04
    PHIC=2.683468E-04
    GRAD=3.496836E-02
    NuBT=1
    CPU =0.000059

ITER: 233
    HPWL=6870.041016
    OVFL=0.556688
    HPWL=(3227.793213, 3642.248047)
    POTN=1.368835E+04
    PHIC=2.817641E-04
    GRAD=3.516972E-02
    NuBT=2
    CPU =0.000085

ITER: 234
    HPWL=6869.644531
    OVFL=0.555876
    HPWL=(3226.130371, 3643.513916)
    POTN=1.338262E+04
    PHIC=2.958523E-04
    GRAD=3.529130E-02
    NuBT=1
    CPU =0.000058

ITER: 235
    HPWL=6876.029297
    OVFL=0.554349
    HPWL=(3229.566162, 3646.463135)
    POTN=1.323449E+04
    PHIC=3.106446E-04
    GRAD=3.537267E-02
    NuBT=1
    CPU =0.000057

ITER: 236
    HPWL=6881.776367
    OVFL=0.553525
    HPWL=(3227.152344, 3654.624023)
    POTN=1.295154E+04
    PHIC=3.261766E-04
    GRAD=3.569110E-02
    NuBT=1
    CPU =0.000059

ITER: 237
    HPWL=6893.330566
    OVFL=0.552184
    HPWL=(3231.901123, 3661.429443)
    POTN=1.283030E+04
    PHIC=3.424849E-04
    GRAD=3.574720E-02
    NuBT=1
    CPU =0.000105

ITER: 238
    HPWL=6900.885742
    OVFL=0.548145
    HPWL=(3226.933350, 3673.952148)
    POTN=1.233660E+04
    PHIC=3.596087E-04
    GRAD=3.603645E-02
    NuBT=2
    CPU =0.000071

ITER: 239
    HPWL=6921.285156
    OVFL=0.546267
    HPWL=(3235.990234, 3685.295166)
    POTN=1.211582E+04
    PHIC=3.775881E-04
    GRAD=3.663762E-02
    NuBT=2
    CPU =0.000061

ITER: 240
    HPWL=6933.791016
    OVFL=0.532298
    HPWL=(3227.307861, 3706.483154)
    POTN=1.125611E+04
    PHIC=3.964667E-04
    GRAD=3.699624E-02
    NuBT=2
    CPU =0.000060

ITER: 241
    HPWL=6959.850586
    OVFL=0.518538
    HPWL=(3236.973389, 3722.876953)
    POTN=1.072400E+04
    PHIC=4.162885E-04
    GRAD=3.941412E-02
    NuBT=2
    CPU =0.000060

ITER: 242
    HPWL=6966.831055
    OVFL=0.510734
    HPWL=(3227.767822, 3739.063232)
    POTN=1.009467E+04
    PHIC=4.371025E-04
    GRAD=4.205686E-02
    NuBT=2
    CPU =0.000059

ITER: 243
    HPWL=6982.138672
    OVFL=0.508133
    HPWL=(3232.577148, 3749.561523)
    POTN=9.851702E+03
    PHIC=4.589566E-04
    GRAD=4.362254E-02
    NuBT=1
    CPU =0.000039

ITER: 244
    HPWL=6976.925293
    OVFL=0.505774
    HPWL=(3224.188965, 3752.736328)
    POTN=9.464513E+03
    PHIC=4.819044E-04
    GRAD=4.418139E-02
    NuBT=1
    CPU =0.000038

ITER: 245
    HPWL=6987.581055
    OVFL=0.506764
    HPWL=(3229.559326, 3758.021484)
    POTN=9.452812E+03
    PHIC=5.059989E-04
    GRAD=4.452266E-02
    NuBT=2
    CPU =0.000060

ITER: 246
    HPWL=6979.707520
    OVFL=0.504160
    HPWL=(3225.338867, 3754.368652)
    POTN=9.100274E+03
    PHIC=5.312988E-04
    GRAD=4.429942E-02
    NuBT=1
    CPU =0.000038

ITER: 247
    HPWL=6988.970703
    OVFL=0.506433
    HPWL=(3230.616455, 3758.354248)
    POTN=9.177732E+03
    PHIC=5.578630E-04
    GRAD=4.470629E-02
    NuBT=2
    CPU =0.000059

ITER: 248
    HPWL=6983.362305
    OVFL=0.502264
    HPWL=(3226.019287, 3757.342773)
    POTN=8.741719E+03
    PHIC=5.857561E-04
    GRAD=4.412701E-02
    NuBT=1
    CPU =0.000035

ITER: 249
    HPWL=6985.645996
    OVFL=0.503926
    HPWL=(3230.619385, 3755.026611)
    POTN=8.919459E+03
    PHIC=6.150437E-04
    GRAD=4.481550E-02
    NuBT=2
    CPU =0.000059

ITER: 250
    HPWL=6984.098633
    OVFL=0.500112
    HPWL=(3227.985596, 3756.113281)
    POTN=8.560888E+03
    PHIC=6.457958E-04
    GRAD=4.439948E-02
    NuBT=1
    CPU =0.000038

ITER: 251
    HPWL=6998.328125
    OVFL=0.501834
    HPWL=(3231.029297, 3767.298828)
    POTN=8.644729E+03
    PHIC=6.780842E-04
    GRAD=4.500329E-02
    NuBT=1
    CPU =0.000038

ITER: 252
    HPWL=7000.510742
    OVFL=0.497979
    HPWL=(3229.135254, 3771.375488)
    POTN=8.269486E+03
    PHIC=7.119881E-04
    GRAD=4.443424E-02
    NuBT=1
    CPU =0.000038

ITER: 253
    HPWL=7021.544922
    OVFL=0.499784
    HPWL=(3231.063232, 3790.481445)
    POTN=8.243035E+03
    PHIC=7.475853E-04
    GRAD=4.515885E-02
    NuBT=1
    CPU =0.000039

ITER: 254
    HPWL=7026.875488
    OVFL=0.492442
    HPWL=(3231.365234, 3795.510254)
    POTN=7.676224E+03
    PHIC=7.849640E-04
    GRAD=4.453873E-02
    NuBT=1
    CPU =0.000037

ITER: 255
    HPWL=7037.301758
    OVFL=0.490393
    HPWL=(3233.061523, 3804.240479)
    POTN=7.558980E+03
    PHIC=8.242109E-04
    GRAD=4.598349E-02
    NuBT=2
    CPU =0.000060

ITER: 256
    HPWL=7043.471680
    OVFL=0.482906
    HPWL=(3232.117676, 3811.354004)
    POTN=7.148486E+03
    PHIC=8.654206E-04
    GRAD=4.633009E-02
    NuBT=1
    CPU =0.000038

ITER: 257
    HPWL=7060.822266
    OVFL=0.478406
    HPWL=(3232.682617, 3828.139893)
    POTN=6.956537E+03
    PHIC=9.086893E-04
    GRAD=4.786972E-02
    NuBT=1
    CPU =0.000081

ITER: 258
    HPWL=7064.068848
    OVFL=0.473111
    HPWL=(3231.815430, 3832.253418)
    POTN=6.443084E+03
    PHIC=9.541233E-04
    GRAD=4.865979E-02
    NuBT=1
    CPU =0.000061

ITER: 259
    HPWL=7071.315430
    OVFL=0.470388
    HPWL=(3231.403809, 3839.911377)
    POTN=6.499989E+03
    PHIC=1.001828E-03
    GRAD=4.976130E-02
    NuBT=2
    CPU =0.000094

ITER: 260
    HPWL=7079.497559
    OVFL=0.460286
    HPWL=(3234.232910, 3845.264648)
    POTN=6.114228E+03
    PHIC=1.051919E-03
    GRAD=5.051235E-02
    NuBT=1
    CPU =0.000060

ITER: 261
    HPWL=7088.582031
    OVFL=0.462766
    HPWL=(3235.425049, 3853.157227)
    POTN=6.234930E+03
    PHIC=1.104513E-03
    GRAD=5.226420E-02
    NuBT=2
    CPU =0.000076

ITER: 262
    HPWL=7077.016602
    OVFL=0.462732
    HPWL=(3228.291992, 3848.724365)
    POTN=5.949497E+03
    PHIC=1.159739E-03
    GRAD=5.159963E-02
    NuBT=1
    CPU =0.000034

ITER: 263
    HPWL=7088.819336
    OVFL=0.464214
    HPWL=(3239.381592, 3849.437500)
    POTN=6.089386E+03
    PHIC=1.217723E-03
    GRAD=5.166736E-02
    NuBT=2
    CPU =0.000054

ITER: 264
    HPWL=7090.591797
    OVFL=0.459688
    HPWL=(3235.288574, 3855.303223)
    POTN=5.690978E+03
    PHIC=1.278609E-03
    GRAD=5.060858E-02
    NuBT=1
    CPU =0.000033

ITER: 265
    HPWL=7092.860840
    OVFL=0.464425
    HPWL=(3234.247070, 3858.613770)
    POTN=5.819196E+03
    PHIC=1.342539E-03
    GRAD=5.139834E-02
    NuBT=2
    CPU =0.000053

ITER: 266
    HPWL=7107.092285
    OVFL=0.453946
    HPWL=(3238.170410, 3868.921875)
    POTN=5.365518E+03
    PHIC=1.409663E-03
    GRAD=5.018086E-02
    NuBT=1
    CPU =0.000033

ITER: 267
    HPWL=7117.419434
    OVFL=0.454828
    HPWL=(3240.743896, 3876.675537)
    POTN=5.425638E+03
    PHIC=1.480144E-03
    GRAD=5.270377E-02
    NuBT=2
    CPU =0.000054

ITER: 268
    HPWL=7136.551758
    OVFL=0.450434
    HPWL=(3246.507568, 3890.044189)
    POTN=5.066402E+03
    PHIC=1.554147E-03
    GRAD=5.110791E-02
    NuBT=1
    CPU =0.000032

ITER: 269
    HPWL=7149.823242
    OVFL=0.451218
    HPWL=(3247.694336, 3902.128906)
    POTN=4.979503E+03
    PHIC=1.631851E-03
    GRAD=5.239909E-02
    NuBT=2
    CPU =0.000054

ITER: 270
    HPWL=7142.327637
    OVFL=0.449141
    HPWL=(3245.208008, 3897.119629)
    POTN=4.618665E+03
    PHIC=1.713444E-03
    GRAD=5.189537E-02
    NuBT=2
    CPU =0.000054

ITER: 271
    HPWL=7147.688477
    OVFL=0.450077
    HPWL=(3249.619385, 3898.069336)
    POTN=4.697595E+03
    PHIC=1.799115E-03
    GRAD=5.212954E-02
    NuBT=1
    CPU =0.000032

ITER: 272
    HPWL=7150.046875
    OVFL=0.444596
    HPWL=(3250.772705, 3899.274170)
    POTN=4.405975E+03
    PHIC=1.889070E-03
    GRAD=5.132887E-02
    NuBT=2
    CPU =0.000058

ITER: 273
    HPWL=7163.076172
    OVFL=0.446283
    HPWL=(3252.551270, 3910.525146)
    POTN=4.312088E+03
    PHIC=1.983519E-03
    GRAD=5.206458E-02
    NuBT=1
    CPU =0.000033

ITER: 274
    HPWL=7176.663574
    OVFL=0.438824
    HPWL=(3252.137695, 3924.525879)
    POTN=4.101360E+03
    PHIC=2.082691E-03
    GRAD=5.107066E-02
    NuBT=1
    CPU =0.000032

ITER: 275
    HPWL=7183.824219
    OVFL=0.431345
    HPWL=(3254.834717, 3928.989746)
    POTN=3.990489E+03
    PHIC=2.186824E-03
    GRAD=5.301945E-02
    NuBT=2
    CPU =0.000054

ITER: 276
    HPWL=7187.454102
    OVFL=0.429935
    HPWL=(3248.234131, 3939.220215)
    POTN=3.842412E+03
    PHIC=2.296163E-03
    GRAD=5.425384E-02
    NuBT=1
    CPU =0.000032

ITER: 277
    HPWL=7201.745117
    OVFL=0.425908
    HPWL=(3256.739746, 3945.005371)
    POTN=3.898597E+03
    PHIC=2.410967E-03
    GRAD=5.448879E-02
    NuBT=1
    CPU =0.000068

ITER: 278
    HPWL=7204.191406
    OVFL=0.421162
    HPWL=(3251.901611, 3952.290039)
    POTN=3.708083E+03
    PHIC=2.531514E-03
    GRAD=5.510714E-02
    NuBT=2
    CPU =0.000089

ITER: 279
    HPWL=7197.591797
    OVFL=0.421548
    HPWL=(3258.231689, 3939.360352)
    POTN=3.800946E+03
    PHIC=2.658090E-03
    GRAD=5.556017E-02
    NuBT=2
    CPU =0.000087

ITER: 280
    HPWL=7197.447266
    OVFL=0.422442
    HPWL=(3257.206543, 3940.240479)
    POTN=3.721553E+03
    PHIC=2.790994E-03
    GRAD=5.439797E-02
    NuBT=1
    CPU =0.000055

ITER: 281
    HPWL=7212.063477
    OVFL=0.414747
    HPWL=(3264.586426, 3947.477051)
    POTN=3.660224E+03
    PHIC=2.930538E-03
    GRAD=5.432565E-02
    NuBT=2
    CPU =0.000083

ITER: 282
    HPWL=7221.590820
    OVFL=0.404099
    HPWL=(3268.566406, 3953.024414)
    POTN=3.319830E+03
    PHIC=3.077060E-03
    GRAD=5.555915E-02
    NuBT=2
    CPU =0.000073

ITER: 283
    HPWL=7219.572266
    OVFL=0.404039
    HPWL=(3263.413330, 3956.158691)
    POTN=3.503726E+03
    PHIC=3.230913E-03
    GRAD=5.686877E-02
    NuBT=1
    CPU =0.000034

ITER: 284
    HPWL=7217.544434
    OVFL=0.394779
    HPWL=(3268.056152, 3949.488281)
    POTN=3.289858E+03
    PHIC=3.392459E-03
    GRAD=5.654347E-02
    NuBT=1
    CPU =0.000033

ITER: 285
    HPWL=7224.916016
    OVFL=0.384332
    HPWL=(3270.670410, 3954.245605)
    POTN=3.182714E+03
    PHIC=3.562078E-03
    GRAD=5.862795E-02
    NuBT=2
    CPU =0.000053

ITER: 286
    HPWL=7240.738281
    OVFL=0.388466
    HPWL=(3285.046143, 3955.692139)
    POTN=3.371094E+03
    PHIC=3.740173E-03
    GRAD=6.252674E-02
    NuBT=2
    CPU =0.000055

ITER: 287
    HPWL=7260.729492
    OVFL=0.363293
    HPWL=(3299.888672, 3960.840820)
    POTN=2.836984E+03
    PHIC=3.927170E-03
    GRAD=5.891209E-02
    NuBT=2
    CPU =0.000054

ITER: 288
    HPWL=7280.735352
    OVFL=0.346628
    HPWL=(3319.096680, 3961.638672)
    POTN=2.654268E+03
    PHIC=4.123517E-03
    GRAD=6.420580E-02
    NuBT=1
    CPU =0.000033

ITER: 289
    HPWL=7288.107422
    OVFL=0.341908
    HPWL=(3327.649658, 3960.457520)
    POTN=2.494881E+03
    PHIC=4.329688E-03
    GRAD=6.864836E-02
    NuBT=2
    CPU =0.000054

ITER: 290
    HPWL=7275.540039
    OVFL=0.340890
    HPWL=(3327.140869, 3948.399414)
    POTN=2.442198E+03
    PHIC=4.546172E-03
    GRAD=6.980446E-02
    NuBT=2
    CPU =0.000054

ITER: 291
    HPWL=7273.549805
    OVFL=0.333433
    HPWL=(3327.573730, 3945.975830)
    POTN=2.301910E+03
    PHIC=4.773480E-03
    GRAD=6.894263E-02
    NuBT=2
    CPU =0.000054

ITER: 292
    HPWL=7277.522461
    OVFL=0.349635
    HPWL=(3325.250732, 3952.271973)
    POTN=2.403224E+03
    PHIC=5.012151E-03
    GRAD=6.897622E-02
    NuBT=1
    CPU =0.000033

ITER: 293
    HPWL=7288.505859
    OVFL=0.319002
    HPWL=(3340.327148, 3948.178711)
    POTN=1.942973E+03
    PHIC=5.262750E-03
    GRAD=6.460139E-02
    NuBT=2
    CPU =0.000054

ITER: 294
    HPWL=7298.475586
    OVFL=0.331547
    HPWL=(3331.009033, 3967.466797)
    POTN=2.057029E+03
    PHIC=5.525880E-03
    GRAD=7.157319E-02
    NuBT=1
    CPU =0.000032

ITER: 295
    HPWL=7304.502930
    OVFL=0.302984
    HPWL=(3358.152588, 3946.350586)
    POTN=1.713346E+03
    PHIC=5.802169E-03
    GRAD=6.690532E-02
    NuBT=1
    CPU =0.000048

ITER: 296
    HPWL=7269.228027
    OVFL=0.321000
    HPWL=(3324.362549, 3944.865479)
    POTN=2.038660E+03
    PHIC=6.092277E-03
    GRAD=7.371598E-02
    NuBT=2
    CPU =0.000056

ITER: 297
    HPWL=7273.417969
    OVFL=0.285591
    HPWL=(3335.898438, 3937.519531)
    POTN=1.530083E+03
    PHIC=6.396887E-03
    GRAD=6.719442E-02
    NuBT=1
    CPU =0.000033

ITER: 298
    HPWL=7266.756348
    OVFL=0.286209
    HPWL=(3327.535156, 3939.221191)
    POTN=1.625382E+03
    PHIC=6.716731E-03
    GRAD=7.517172E-02
    NuBT=2
    CPU =0.000054

ITER: 299
    HPWL=7265.652344
    OVFL=0.243303
    HPWL=(3333.843506, 3931.809082)
    POTN=1.126599E+03
    PHIC=7.052568E-03
    GRAD=7.261120E-02
    NuBT=1
    CPU =0.000033

ITER: 300
    HPWL=7250.984863
    OVFL=0.244708
    HPWL=(3314.617920, 3936.366943)
    POTN=1.170946E+03
    PHIC=7.405196E-03
    GRAD=8.254376E-02
    NuBT=2
    CPU =0.000058

ITER: 301
    HPWL=7240.310059
    OVFL=0.222047
    HPWL=(3315.088623, 3925.221436)
    POTN=8.668999E+02
    PHIC=7.775455E-03
    GRAD=7.875569E-02
    NuBT=1
    CPU =0.000033

ITER: 302
    HPWL=7231.719727
    OVFL=0.221751
    HPWL=(3315.407227, 3916.312256)
    POTN=8.270237E+02
    PHIC=8.164228E-03
    GRAD=8.427913E-02
    NuBT=2
    CPU =0.000054

ITER: 303
    HPWL=7264.637695
    OVFL=0.212560
    HPWL=(3327.975342, 3936.662598)
    POTN=5.847487E+02
    PHIC=8.572399E-03
    GRAD=8.215836E-02
    NuBT=2
    CPU =0.000055

ITER: 304
    HPWL=7251.973633
    OVFL=0.200653
    HPWL=(3310.851318, 3941.122070)
    POTN=6.205991E+02
    PHIC=9.001018E-03
    GRAD=7.962216E-02
    NuBT=2
    CPU =0.000055

ITER: 305
    HPWL=7252.430664
    OVFL=0.199770
    HPWL=(3297.760254, 3954.670410)
    POTN=5.625388E+02
    PHIC=9.451068E-03
    GRAD=7.868752E-02
    NuBT=2
    CPU =0.000054

ITER: 306
    HPWL=7250.097168
    OVFL=0.189000
    HPWL=(3297.820312, 3952.276855)
    POTN=5.424037E+02
    PHIC=9.923621E-03
    GRAD=7.520521E-02
    NuBT=1
    CPU =0.000033

ITER: 307
    HPWL=7249.375000
    OVFL=0.189743
    HPWL=(3301.693359, 3947.681885)
    POTN=4.869564E+02
    PHIC=1.041980E-02
    GRAD=7.653142E-02
    NuBT=1
    CPU =0.000036

ITER: 308
    HPWL=7248.029297
    OVFL=0.173180
    HPWL=(3303.454590, 3944.574463)
    POTN=4.747541E+02
    PHIC=1.094079E-02
    GRAD=7.308520E-02
    NuBT=1
    CPU =0.000033

ITER: 309
    HPWL=7242.587402
    OVFL=0.180960
    HPWL=(3299.922363, 3942.665039)
    POTN=4.573205E+02
    PHIC=1.148783E-02
    GRAD=7.387196E-02
    NuBT=1
    CPU =0.000033

ITER: 310
    HPWL=7243.494141
    OVFL=0.175224
    HPWL=(3302.373535, 3941.120850)
    POTN=4.612785E+02
    PHIC=1.206222E-02
    GRAD=6.998892E-02
    NuBT=1
    CPU =0.000033

ITER: 311
    HPWL=7245.032227
    OVFL=0.180693
    HPWL=(3301.636230, 3943.396240)
    POTN=4.025945E+02
    PHIC=1.266533E-02
    GRAD=6.910355E-02
    NuBT=1
    CPU =0.000033

ITER: 312
    HPWL=7246.475586
    OVFL=0.165307
    HPWL=(3300.072266, 3946.403076)
    POTN=3.755502E+02
    PHIC=1.329859E-02
    GRAD=6.517737E-02
    NuBT=1
    CPU =0.000032

ITER: 313
    HPWL=7251.406738
    OVFL=0.166647
    HPWL=(3298.139404, 3953.267334)
    POTN=3.394638E+02
    PHIC=1.396351E-02
    GRAD=6.579366E-02
    NuBT=2
    CPU =0.000055

ITER: 314
    HPWL=7247.702148
    OVFL=0.160064
    HPWL=(3299.271240, 3948.431152)
    POTN=3.418953E+02
    PHIC=1.466169E-02
    GRAD=6.297657E-02
    NuBT=1
    CPU =0.000032

ITER: 315
    HPWL=7239.952148
    OVFL=0.166035
    HPWL=(3299.628662, 3940.323242)
    POTN=3.359402E+02
    PHIC=1.539477E-02
    GRAD=6.239465E-02
    NuBT=1
    CPU =0.000032

ITER: 316
    HPWL=7239.527832
    OVFL=0.164697
    HPWL=(3302.276123, 3937.251709)
    POTN=3.368370E+02
    PHIC=1.616451E-02
    GRAD=5.937063E-02
    NuBT=1
    CPU =0.000033

ITER: 317
    HPWL=7249.457031
    OVFL=0.166758
    HPWL=(3306.354492, 3943.102295)
    POTN=3.028476E+02
    PHIC=1.697271E-02
    GRAD=5.808767E-02
    NuBT=1
    CPU =0.000033

ITER: 318
    HPWL=7258.454102
    OVFL=0.158882
    HPWL=(3309.543945, 3948.909912)
    POTN=2.832289E+02
    PHIC=1.782132E-02
    GRAD=5.533830E-02
    NuBT=1
    CPU =0.000032

ITER: 319
    HPWL=7262.684082
    OVFL=0.159093
    HPWL=(3310.492676, 3952.191406)
    POTN=2.597451E+02
    PHIC=1.871237E-02
    GRAD=5.471694E-02
    NuBT=1
    CPU =0.000045

ITER: 320
    HPWL=7265.224609
    OVFL=0.153186
    HPWL=(3312.509521, 3952.714844)
    POTN=2.544194E+02
    PHIC=1.964798E-02
    GRAD=5.229668E-02
    NuBT=1
    CPU =0.000035

ITER: 321
    HPWL=7268.977051
    OVFL=0.157066
    HPWL=(3313.801270, 3955.175781)
    POTN=2.378799E+02
    PHIC=2.063037E-02
    GRAD=5.105824E-02
    NuBT=2
    CPU =0.000054

ITER: 322
    HPWL=7272.925781
    OVFL=0.152971
    HPWL=(3315.530029, 3957.395996)
    POTN=2.405328E+02
    PHIC=2.166188E-02
    GRAD=4.839742E-02
    NuBT=1
    CPU =0.000033

ITER: 323
    HPWL=7272.663086
    OVFL=0.154862
    HPWL=(3316.268311, 3956.394531)
    POTN=2.266025E+02
    PHIC=2.274497E-02
    GRAD=4.783569E-02
    NuBT=1
    CPU =0.000033

ITER: 324
    HPWL=7271.833984
    OVFL=0.151818
    HPWL=(3316.965820, 3954.867920)
    POTN=2.362662E+02
    PHIC=2.388222E-02
    GRAD=4.563341E-02
    NuBT=2
    CPU =0.000054

ITER: 325
    HPWL=7269.208008
    OVFL=0.152137
    HPWL=(3315.882812, 3953.325439)
    POTN=2.101207E+02
    PHIC=2.507633E-02
    GRAD=4.492337E-02
    NuBT=2
    CPU =0.000054

ITER: 326
    HPWL=7268.345703
    OVFL=0.145729
    HPWL=(3315.204834, 3953.140869)
    POTN=2.201989E+02
    PHIC=2.633014E-02
    GRAD=4.302254E-02
    NuBT=1
    CPU =0.000033

ITER: 327
    HPWL=7270.856445
    OVFL=0.145323
    HPWL=(3314.906494, 3955.949951)
    POTN=1.985980E+02
    PHIC=2.764664E-02
    GRAD=4.236684E-02
    NuBT=1
    CPU =0.000032

ITER: 328
    HPWL=7272.861328
    OVFL=0.142254
    HPWL=(3314.894287, 3957.967041)
    POTN=1.985396E+02
    PHIC=2.902896E-02
    GRAD=4.032679E-02
    NuBT=1
    CPU =0.000032

ITER: 329
    HPWL=7273.653809
    OVFL=0.139781
    HPWL=(3314.044678, 3959.609131)
    POTN=1.855837E+02
    PHIC=3.048041E-02
    GRAD=3.942243E-02
    NuBT=2
    CPU =0.000055

ITER: 330
    HPWL=7276.695312
    OVFL=0.134517
    HPWL=(3314.586426, 3962.108887)
    POTN=1.769919E+02
    PHIC=3.200441E-02
    GRAD=3.794418E-02
    NuBT=1
    CPU =0.000032

ITER: 331
    HPWL=7279.479492
    OVFL=0.133539
    HPWL=(3316.265625, 3963.213867)
    POTN=1.614434E+02
    PHIC=3.360462E-02
    GRAD=3.710016E-02
    NuBT=1
    CPU =0.000032

ITER: 332
    HPWL=7282.580078
    OVFL=0.127177
    HPWL=(3317.839355, 3964.740967)
    POTN=1.500265E+02
    PHIC=3.528483E-02
    GRAD=3.534727E-02
    NuBT=1
    CPU =0.000033

ITER: 333
    HPWL=7284.671875
    OVFL=0.128767
    HPWL=(3320.449707, 3964.222412)
    POTN=1.466545E+02
    PHIC=3.704906E-02
    GRAD=3.466568E-02
    NuBT=2
    CPU =0.000054

ITER: 334
    HPWL=7287.400879
    OVFL=0.120281
    HPWL=(3321.041992, 3966.358887)
    POTN=1.411054E+02
    PHIC=3.890150E-02
    GRAD=3.303595E-02
    NuBT=2
    CPU =0.000054

ITER: 335
    HPWL=7291.466797
    OVFL=0.120032
    HPWL=(3320.589600, 3970.877441)
    POTN=1.334982E+02
    PHIC=4.084655E-02
    GRAD=3.238477E-02
    NuBT=1
    CPU =0.000033

ITER: 336
    HPWL=7293.294922
    OVFL=0.113891
    HPWL=(3321.851074, 3971.443604)
    POTN=1.239906E+02
    PHIC=4.288886E-02
    GRAD=3.063133E-02
    NuBT=1
    CPU =0.000032

ITER: 337
    HPWL=7293.725586
    OVFL=0.116243
    HPWL=(3321.112549, 3972.613281)
    POTN=1.191332E+02
    PHIC=4.503330E-02
    GRAD=3.024659E-02
    NuBT=2
    CPU =0.000054

ITER: 338
    HPWL=7294.880859
    OVFL=0.108443
    HPWL=(3321.825684, 3973.055420)
    POTN=1.140241E+02
    PHIC=4.728496E-02
    GRAD=2.791162E-02
    NuBT=2
    CPU =0.000055

ITER: 339
    HPWL=7296.855469
    OVFL=0.108120
    HPWL=(3320.033691, 3976.821533)
    POTN=1.047637E+02
    PHIC=4.964919E-02
    GRAD=2.725136E-02
    NuBT=1
    CPU =0.000032

ITER: 340
    HPWL=7296.786133
    OVFL=0.099571
    HPWL=(3321.905029, 3974.881348)
    POTN=9.307683E+01
    PHIC=5.213165E-02
    GRAD=2.601573E-02
    NuBT=1
    CPU =0.000033
[INFO] Nesterov: NumIters = 340
[INFO] Nesterov: ScaledHpwl = 7296.786133
[INFO] Nesterov: Overflow = 0.099571
[INFO] Nesterov: Potential = 93.076828
[INFO] Nesterov: xInstScaledHpwl = 7294.616211
[INFO] Nesterov: yInstScaledHpwl = 7296.786133
[INFO] Nesterov: HPWL = 2204.595459
