
reading lef ...
add shortConstraint to layer mcon
add shortConstraint to layer via
add shortConstraint to layer via2
add shortConstraint to layer via3
add shortConstraint to layer via4

units:       1000
#layers:     11
#macros:     437
#vias:       25
#viarulegen: 25

reading def ...
defIn read 10000 components

design:      sb_0__3_
die area:    ( 0 0 ) ( 464370 475090 )
trackPts:    12
defvias:     4
#components: 17028
#terminals:  60
#snets:      2
#nets:       136

reading guide ...

#guides:     748
List of default vias:
  Layer mcon
    default via: L1M1_PR_MR
  Layer via
    default via: M1M2_PR
  Layer via2
    default via: M2M3_PR_M
  Layer via3
    default via: M3M4_PR_M
  Layer via4
    default via: M4M5_PR_C

libcell analysis ...

instance analysis ...
  complete 10000 instances
#unique instances = 27

init region query ...
  complete 10000 insts
  complete li1
  complete mcon
  complete met1
  complete via
  complete met2
  complete via2
  complete met3
  complete via3
  complete met4
  complete via4
  complete met5

li1 shape region query size = 98030
mcon shape region query size = 327344
met1 shape region query size = 39953
via shape region query size = 20040
met2 shape region query size = 10056
via2 shape region query size = 20040
met3 shape region query size = 10042
via3 shape region query size = 20040
met4 shape region query size = 6870
via4 shape region query size = 1800
met5 shape region query size = 1862


start pin access
  complete 22 pins
  complete 27 unique inst patterns
  complete 176 groups
#scanned instances    = 17028
#unique  instances    = 27
#stdCellGenAp         = 226
#stdCellValidPlanarAp = 129
#stdCellValidViaAp    = 129
#stdCellPinNoAp       = 0
#macroGenAp           = 0
#macroValidPlanarAp   = 0
#macroValidViaAp      = 0
#macroNoAp            = 0

complete pin access
cpu time = 00:00:00, elapsed time = 00:00:00, memory = 42.31 (MB), peak = 48.80 (MB)

post process guides ...
GCELLGRID X 0 DO 68 STEP 6900 ;
GCELLGRID Y 0 DO 67 STEP 6900 ;
  complete li1
  complete mcon
  complete met1
  complete via
  complete met2
  complete via2
  complete met3
  complete via3
  complete met4
  complete via4
  complete met5

building cmap ... 

init guide query ...
  complete li1 (guide)
  complete mcon (guide)
  complete met1 (guide)
  complete via (guide)
  complete met2 (guide)
  complete via2 (guide)
  complete met3 (guide)
  complete via3 (guide)
  complete met4 (guide)
  complete via4 (guide)
  complete met5 (guide)

li1 guide region query size = 193
mcon guide region query size = 0
met1 guide region query size = 191
via guide region query size = 0
met2 guide region query size = 84
via2 guide region query size = 0
met3 guide region query size = 14
via3 guide region query size = 0
met4 guide region query size = 0
via4 guide region query size = 0
met5 guide region query size = 0

init gr pin query ...


start track assignment
Done with 0 vertical wires in 2 frboxes and 0 horizontal wires in 2 frboxes.
Done with 47 vertical wires in 2 frboxes and 47 horizontal wires in 2 frboxes.

complete track assignment
cpu time = 00:00:03, elapsed time = 00:00:03, memory = 53.10 (MB), peak = 87.48 (MB)

start routing data preparation
initVia2ViaMinLen_minSpc li1 (d2d, d2u, u2d, u2u) = (0, 0, 0, 370)
initVia2ViaMinLen_minSpc met1 (d2d, d2u, u2d, u2u) = (430, 445, 445, 460)
initVia2ViaMinLen_minSpc met2 (d2d, d2u, u2d, u2u) = (460, 485, 485, 630)
initVia2ViaMinLen_minSpc met3 (d2d, d2u, u2d, u2u) = (630, 655, 655, 680)
initVia2ViaMinLen_minSpc met4 (d2d, d2u, u2d, u2u) = (630, 1055, 1055, 3020)
initVia2ViaMinLen_minSpc met5 (d2d, d2u, u2d, u2u) = (1480, 0, 0, 0)
initVia2ViaMinLen_minimumcut li1 (d2d, d2u, u2d, u2u) = (0, 0, 0, 370)
initVia2ViaMinLen_minimumcut li1 zerolen (b, b, b, b) = (1, 1, 1, 1)
initVia2ViaMinLen_minimumcut met1 (d2d, d2u, u2d, u2u) = (430, 445, 445, 460)
initVia2ViaMinLen_minimumcut met1 zerolen (b, b, b, b) = (1, 1, 1, 1)
initVia2ViaMinLen_minimumcut met2 (d2d, d2u, u2d, u2u) = (460, 485, 485, 630)
initVia2ViaMinLen_minimumcut met2 zerolen (b, b, b, b) = (1, 1, 1, 1)
initVia2ViaMinLen_minimumcut met3 (d2d, d2u, u2d, u2u) = (630, 655, 655, 680)
initVia2ViaMinLen_minimumcut met3 zerolen (b, b, b, b) = (1, 1, 1, 1)
initVia2ViaMinLen_minimumcut met4 (d2d, d2u, u2d, u2u) = (630, 1055, 1055, 3020)
initVia2ViaMinLen_minimumcut met4 zerolen (b, b, b, b) = (1, 1, 1, 1)
initVia2ViaMinLen_minimumcut met5 (d2d, d2u, u2d, u2u) = (1480, 0, 0, 0)
initVia2ViaMinLen_minimumcut met5 zerolen (b, b, b, b) = (1, 1, 1, 1)
initVia2ViaMinLenNew_minSpc li1 (d2d-x, d2d-y, d2u-x, d2u-y, u2d-x, u2d-y, u2u-x, u2u-y) = (0, 0, 0, 0, 0, 0, 430, 370)
initVia2ViaMinLenNew_minSpc met1 (d2d-x, d2d-y, d2u-x, d2u-y, u2d-x, u2d-y, u2u-x, u2u-y) = (430, 370, 445, 385, 445, 385, 460, 460)
initVia2ViaMinLenNew_minSpc met2 (d2d-x, d2d-y, d2u-x, d2u-y, u2d-x, u2d-y, u2u-x, u2u-y) = (460, 460, 410, 485, 410, 485, 630, 630)
initVia2ViaMinLenNew_minSpc met3 (d2d-x, d2d-y, d2u-x, d2u-y, u2d-x, u2d-y, u2u-x, u2u-y) = (630, 630, 655, 625, 655, 625, 680, 630)
initVia2ViaMinLenNew_minSpc met4 (d2d-x, d2d-y, d2u-x, d2u-y, u2d-x, u2d-y, u2u-x, u2u-y) = (680, 630, 1055, 1055, 1055, 1055, 3020, 3020)
initVia2ViaMinLenNew_minSpc met5 (d2d-x, d2d-y, d2u-x, d2u-y, u2d-x, u2d-y, u2u-x, u2u-y) = (1480, 1480, 0, 0, 0, 0, 0, 0)
initVia2ViaMinLenNew_minimumcut li1 (d2d-x, d2d-y, d2u-x, d2u-y, u2d-x, u2d-y, u2u-x, u2u-y) = (0, 0, 0, 0, 0, 0, 430, 370)
initVia2ViaMinLenNew_minimumcut met1 (d2d-x, d2d-y, d2u-x, d2u-y, u2d-x, u2d-y, u2u-x, u2u-y) = (430, 370, 445, 385, 445, 385, 460, 460)
initVia2ViaMinLenNew_minimumcut met2 (d2d-x, d2d-y, d2u-x, d2u-y, u2d-x, u2d-y, u2u-x, u2u-y) = (460, 460, 410, 485, 410, 485, 630, 630)
initVia2ViaMinLenNew_minimumcut met3 (d2d-x, d2d-y, d2u-x, d2u-y, u2d-x, u2d-y, u2u-x, u2u-y) = (630, 630, 655, 625, 655, 625, 680, 630)
initVia2ViaMinLenNew_minimumcut met4 (d2d-x, d2d-y, d2u-x, d2u-y, u2d-x, u2d-y, u2u-x, u2u-y) = (680, 630, 1055, 1055, 1055, 1055, 3020, 3020)
initVia2ViaMinLenNew_minimumcut met5 (d2d-x, d2d-y, d2u-x, d2u-y, u2d-x, u2d-y, u2u-x, u2u-y) = (1480, 1480, 0, 0, 0, 0, 0, 0)
cpu time = 00:00:00, elapsed time = 00:00:00, memory = 53.33 (MB), peak = 87.48 (MB)

start detail routing ...
start initial detail routing ...
    completing 10% with 1 violations
    elapsed time = 00:00:00, memory = 53.36 (MB)
    completing 20% with 1 violations
    elapsed time = 00:00:00, memory = 53.55 (MB)
    completing 30% with 1 violations
    elapsed time = 00:00:01, memory = 53.56 (MB)
    completing 40% with 1 violations
    elapsed time = 00:00:01, memory = 53.57 (MB)
    completing 50% with 6 violations
    elapsed time = 00:00:01, memory = 53.57 (MB)
    completing 60% with 8 violations
    elapsed time = 00:00:02, memory = 53.57 (MB)
    completing 70% with 8 violations
    elapsed time = 00:00:02, memory = 53.57 (MB)
    completing 80% with 8 violations
    elapsed time = 00:00:02, memory = 53.57 (MB)
    completing 90% with 9 violations
    elapsed time = 00:00:03, memory = 53.57 (MB)
    completing 100% with 9 violations
    elapsed time = 00:00:03, memory = 53.57 (MB)
  number of violations = 9
cpu time = 00:00:03, elapsed time = 00:00:03, memory = 53.57 (MB), peak = 87.48 (MB)
total wire length = 2806 um
total wire length on LAYER li1 = 1 um
total wire length on LAYER met1 = 1119 um
total wire length on LAYER met2 = 1230 um
total wire length on LAYER met3 = 455 um
total wire length on LAYER met4 = 0 um
total wire length on LAYER met5 = 0 um
total number of vias = 567
up-via summary (total 567):

------------
  li1    257
 met1    297
 met2     13
 met3      0
 met4      0
------------
         567


start 1st optimization iteration ...
    completing 10% with 9 violations
    elapsed time = 00:00:00, memory = 53.57 (MB)
    completing 20% with 9 violations
    elapsed time = 00:00:00, memory = 53.59 (MB)
    completing 30% with 9 violations
    elapsed time = 00:00:01, memory = 53.59 (MB)
    completing 40% with 7 violations
    elapsed time = 00:00:01, memory = 53.59 (MB)
    completing 50% with 2 violations
    elapsed time = 00:00:01, memory = 53.59 (MB)
    completing 60% with 3 violations
    elapsed time = 00:00:02, memory = 53.59 (MB)
    completing 70% with 4 violations
    elapsed time = 00:00:02, memory = 53.59 (MB)
    completing 80% with 3 violations
    elapsed time = 00:00:03, memory = 53.59 (MB)
    completing 90% with 3 violations
    elapsed time = 00:00:03, memory = 53.59 (MB)
    completing 100% with 3 violations
    elapsed time = 00:00:03, memory = 53.59 (MB)
  number of violations = 3
cpu time = 00:00:03, elapsed time = 00:00:03, memory = 53.59 (MB), peak = 87.48 (MB)
total wire length = 2785 um
total wire length on LAYER li1 = 0 um
total wire length on LAYER met1 = 1105 um
total wire length on LAYER met2 = 1230 um
total wire length on LAYER met3 = 449 um
total wire length on LAYER met4 = 0 um
total wire length on LAYER met5 = 0 um
total number of vias = 565
up-via summary (total 565):

------------
  li1    255
 met1    299
 met2     11
 met3      0
 met4      0
------------
         565


start 2nd optimization iteration ...
    completing 10% with 2 violations
    elapsed time = 00:00:00, memory = 53.62 (MB)
    completing 20% with 2 violations
    elapsed time = 00:00:00, memory = 53.62 (MB)
    completing 30% with 2 violations
    elapsed time = 00:00:00, memory = 53.62 (MB)
    completing 40% with 2 violations
    elapsed time = 00:00:00, memory = 53.62 (MB)
    completing 50% with 2 violations
    elapsed time = 00:00:00, memory = 53.62 (MB)
    completing 60% with 1 violations
    elapsed time = 00:00:00, memory = 53.62 (MB)
    completing 70% with 0 violations
    elapsed time = 00:00:00, memory = 53.62 (MB)
    completing 80% with 0 violations
    elapsed time = 00:00:00, memory = 53.62 (MB)
    completing 90% with 0 violations
    elapsed time = 00:00:00, memory = 53.62 (MB)
    completing 100% with 0 violations
    elapsed time = 00:00:00, memory = 53.62 (MB)
  number of violations = 0
cpu time = 00:00:00, elapsed time = 00:00:00, memory = 53.62 (MB), peak = 87.48 (MB)
total wire length = 2788 um
total wire length on LAYER li1 = 0 um
total wire length on LAYER met1 = 1113 um
total wire length on LAYER met2 = 1233 um
total wire length on LAYER met3 = 441 um
total wire length on LAYER met4 = 0 um
total wire length on LAYER met5 = 0 um
total number of vias = 565
up-via summary (total 565):

------------
  li1    255
 met1    299
 met2     11
 met3      0
 met4      0
------------
         565


start 3rd optimization iteration ...
    completing 10% with 0 violations
    elapsed time = 00:00:00, memory = 53.62 (MB)
    completing 20% with 0 violations
    elapsed time = 00:00:00, memory = 53.62 (MB)
    completing 30% with 0 violations
    elapsed time = 00:00:00, memory = 53.62 (MB)
    completing 40% with 0 violations
    elapsed time = 00:00:00, memory = 53.62 (MB)
    completing 50% with 0 violations
    elapsed time = 00:00:00, memory = 53.62 (MB)
    completing 60% with 0 violations
    elapsed time = 00:00:00, memory = 53.62 (MB)
    completing 70% with 0 violations
    elapsed time = 00:00:00, memory = 53.62 (MB)
    completing 80% with 0 violations
    elapsed time = 00:00:00, memory = 53.62 (MB)
    completing 90% with 0 violations
    elapsed time = 00:00:00, memory = 53.62 (MB)
    completing 100% with 0 violations
    elapsed time = 00:00:00, memory = 53.62 (MB)
  number of violations = 0
cpu time = 00:00:00, elapsed time = 00:00:00, memory = 53.62 (MB), peak = 87.48 (MB)
total wire length = 2788 um
total wire length on LAYER li1 = 0 um
total wire length on LAYER met1 = 1113 um
total wire length on LAYER met2 = 1233 um
total wire length on LAYER met3 = 441 um
total wire length on LAYER met4 = 0 um
total wire length on LAYER met5 = 0 um
total number of vias = 565
up-via summary (total 565):

------------
  li1    255
 met1    299
 met2     11
 met3      0
 met4      0
------------
         565


start 4th optimization iteration ...
    completing 10% with 0 violations
    elapsed time = 00:00:00, memory = 53.62 (MB)
    completing 20% with 0 violations
    elapsed time = 00:00:00, memory = 53.62 (MB)
    completing 30% with 0 violations
    elapsed time = 00:00:00, memory = 53.62 (MB)
    completing 40% with 0 violations
    elapsed time = 00:00:00, memory = 53.62 (MB)
    completing 50% with 0 violations
    elapsed time = 00:00:00, memory = 53.62 (MB)
    completing 60% with 0 violations
    elapsed time = 00:00:00, memory = 53.62 (MB)
    completing 70% with 0 violations
    elapsed time = 00:00:00, memory = 53.62 (MB)
    completing 80% with 0 violations
    elapsed time = 00:00:00, memory = 53.62 (MB)
    completing 90% with 0 violations
    elapsed time = 00:00:00, memory = 53.62 (MB)
    completing 100% with 0 violations
    elapsed time = 00:00:00, memory = 53.62 (MB)
  number of violations = 0
cpu time = 00:00:00, elapsed time = 00:00:00, memory = 53.62 (MB), peak = 87.48 (MB)
total wire length = 2788 um
total wire length on LAYER li1 = 0 um
total wire length on LAYER met1 = 1113 um
total wire length on LAYER met2 = 1233 um
total wire length on LAYER met3 = 441 um
total wire length on LAYER met4 = 0 um
total wire length on LAYER met5 = 0 um
total number of vias = 565
up-via summary (total 565):

------------
  li1    255
 met1    299
 met2     11
 met3      0
 met4      0
------------
         565


start 5th optimization iteration ...
    completing 10% with 0 violations
    elapsed time = 00:00:00, memory = 53.62 (MB)
    completing 20% with 0 violations
    elapsed time = 00:00:00, memory = 53.62 (MB)
    completing 30% with 0 violations
    elapsed time = 00:00:00, memory = 53.62 (MB)
    completing 40% with 0 violations
    elapsed time = 00:00:00, memory = 53.62 (MB)
    completing 50% with 0 violations
    elapsed time = 00:00:00, memory = 53.62 (MB)
    completing 60% with 0 violations
    elapsed time = 00:00:00, memory = 53.62 (MB)
    completing 70% with 0 violations
    elapsed time = 00:00:00, memory = 53.62 (MB)
    completing 80% with 0 violations
    elapsed time = 00:00:00, memory = 53.62 (MB)
    completing 90% with 0 violations
    elapsed time = 00:00:00, memory = 53.62 (MB)
    completing 100% with 0 violations
    elapsed time = 00:00:00, memory = 53.62 (MB)
  number of violations = 0
cpu time = 00:00:00, elapsed time = 00:00:00, memory = 53.62 (MB), peak = 87.48 (MB)
total wire length = 2788 um
total wire length on LAYER li1 = 0 um
total wire length on LAYER met1 = 1113 um
total wire length on LAYER met2 = 1233 um
total wire length on LAYER met3 = 441 um
total wire length on LAYER met4 = 0 um
total wire length on LAYER met5 = 0 um
total number of vias = 565
up-via summary (total 565):

------------
  li1    255
 met1    299
 met2     11
 met3      0
 met4      0
------------
         565


start 6th optimization iteration ...
    completing 10% with 0 violations
    elapsed time = 00:00:00, memory = 53.62 (MB)
    completing 20% with 0 violations
    elapsed time = 00:00:00, memory = 53.62 (MB)
    completing 30% with 0 violations
    elapsed time = 00:00:00, memory = 53.62 (MB)
    completing 40% with 0 violations
    elapsed time = 00:00:00, memory = 53.62 (MB)
    completing 50% with 0 violations
    elapsed time = 00:00:00, memory = 53.62 (MB)
    completing 60% with 0 violations
    elapsed time = 00:00:00, memory = 53.62 (MB)
    completing 70% with 0 violations
    elapsed time = 00:00:00, memory = 53.62 (MB)
    completing 80% with 0 violations
    elapsed time = 00:00:00, memory = 53.62 (MB)
    completing 90% with 0 violations
    elapsed time = 00:00:00, memory = 53.62 (MB)
    completing 100% with 0 violations
    elapsed time = 00:00:00, memory = 53.62 (MB)
  number of violations = 0
cpu time = 00:00:00, elapsed time = 00:00:00, memory = 53.62 (MB), peak = 87.48 (MB)
total wire length = 2788 um
total wire length on LAYER li1 = 0 um
total wire length on LAYER met1 = 1113 um
total wire length on LAYER met2 = 1233 um
total wire length on LAYER met3 = 441 um
total wire length on LAYER met4 = 0 um
total wire length on LAYER met5 = 0 um
total number of vias = 565
up-via summary (total 565):

------------
  li1    255
 met1    299
 met2     11
 met3      0
 met4      0
------------
         565


start 7th optimization iteration ...
    completing 10% with 0 violations
    elapsed time = 00:00:00, memory = 53.62 (MB)
    completing 20% with 0 violations
    elapsed time = 00:00:00, memory = 53.62 (MB)
    completing 30% with 0 violations
    elapsed time = 00:00:00, memory = 53.62 (MB)
    completing 40% with 0 violations
    elapsed time = 00:00:00, memory = 53.62 (MB)
    completing 50% with 0 violations
    elapsed time = 00:00:00, memory = 53.62 (MB)
    completing 60% with 0 violations
    elapsed time = 00:00:00, memory = 53.62 (MB)
    completing 70% with 0 violations
    elapsed time = 00:00:00, memory = 53.62 (MB)
    completing 80% with 0 violations
    elapsed time = 00:00:00, memory = 53.62 (MB)
    completing 90% with 0 violations
    elapsed time = 00:00:00, memory = 53.62 (MB)
    completing 100% with 0 violations
    elapsed time = 00:00:00, memory = 53.62 (MB)
  number of violations = 0
cpu time = 00:00:00, elapsed time = 00:00:00, memory = 53.62 (MB), peak = 87.48 (MB)/openLANE_flow/designs/sb_0__3_/runs/30-08_15-33//reports/routing/tritonRoute.drc

complete detail routing
total wire length = 2788 um
total wire length on LAYER li1 = 0 um
total wire length on LAYER met1 = 1113 um
total wire length on LAYER met2 = 1233 um
total wire length on LAYER met3 = 441 um
total wire length on LAYER met4 = 0 um
total wire length on LAYER met5 = 0 um
total number of vias = 565
up-via summary (total 565):

------------
  li1    255
 met1    299
 met2     11
 met3      0
 met4      0
------------
         565

cpu time = 00:00:07, elapsed time = 00:00:07, memory = 53.62 (MB), peak = 87.48 (MB)

post processing ...
WARNING (DEFPARS-7011): The NAMESCASESENSITIVE statement is obsolete in version 5.6 and later.
The DEF parser will ignore this statement. See file /openLANE_flow/designs/sb_0__3_/runs/30-08_15-33//tmp/routing/addspacers.def at line 2.


post processing ...
WARNING (DEFPARS-7011): The NAMESCASESENSITIVE statement is obsolete in version 5.6 and later.
The DEF parser will ignore this statement. See file /openLANE_flow/designs/sb_0__3_/runs/30-08_15-33//tmp/routing/addspacers.def at line 2.


Runtime taken (hrt): 12.5606
