
Cell sky130_fd_sc_hd__diode_2 disconnected node: DIODE
Cell sky130_fd_sc_hd__diode_2 disconnected node: VGND
Cell sky130_fd_sc_hd__diode_2 disconnected node: VPWR
Warning: Equate pins:  cell sky130_fd_sc_hd__diode_2 has no definition, treated as a black box.

Subcircuit pins:
Circuit 1: sky130_fd_sc_hd__diode_2        |Circuit 2: sky130_fd_sc_hd__diode_2        
-------------------------------------------|-------------------------------------------
DIODE                                      |DIODE                                      
VGND                                       |VGND                                       
VPWR                                       |VPWR                                       
---------------------------------------------------------------------------------------
Cell pin lists are equivalent.
Device classes sky130_fd_sc_hd__diode_2 and sky130_fd_sc_hd__diode_2 are equivalent.

Cell sky130_fd_sc_hd__dfrbp_1 disconnected node: D
Cell sky130_fd_sc_hd__dfrbp_1 disconnected node: Q
Cell sky130_fd_sc_hd__dfrbp_1 disconnected node: Q_N
Cell sky130_fd_sc_hd__dfrbp_1 disconnected node: RESET_B
Cell sky130_fd_sc_hd__dfrbp_1 disconnected node: CLK
Cell sky130_fd_sc_hd__dfrbp_1 disconnected node: VGND
Cell sky130_fd_sc_hd__dfrbp_1 disconnected node: VPWR
Warning: Equate pins:  cell sky130_fd_sc_hd__dfrbp_1 has no definition, treated as a black box.

Subcircuit pins:
Circuit 1: sky130_fd_sc_hd__dfrbp_1        |Circuit 2: sky130_fd_sc_hd__dfrbp_1        
-------------------------------------------|-------------------------------------------
D                                          |D                                          
Q                                          |Q                                          
Q_N                                        |Q_N                                        
RESET_B                                    |RESET_B                                    
CLK                                        |CLK                                        
VGND                                       |VGND                                       
VPWR                                       |VPWR                                       
---------------------------------------------------------------------------------------
Cell pin lists are equivalent.
Device classes sky130_fd_sc_hd__dfrbp_1 and sky130_fd_sc_hd__dfrbp_1 are equivalent.

Cell sky130_fd_sc_hd__ebufn_1 disconnected node: A
Cell sky130_fd_sc_hd__ebufn_1 disconnected node: TE_B
Cell sky130_fd_sc_hd__ebufn_1 disconnected node: Z
Cell sky130_fd_sc_hd__ebufn_1 disconnected node: VGND
Cell sky130_fd_sc_hd__ebufn_1 disconnected node: VPWR
Warning: Equate pins:  cell sky130_fd_sc_hd__ebufn_1 has no definition, treated as a black box.

Subcircuit pins:
Circuit 1: sky130_fd_sc_hd__ebufn_1        |Circuit 2: sky130_fd_sc_hd__ebufn_1        
-------------------------------------------|-------------------------------------------
A                                          |A                                          
Z                                          |Z                                          
VGND                                       |VGND                                       
VPWR                                       |VPWR                                       
---------------------------------------------------------------------------------------
Cell pin lists are equivalent.
Device classes sky130_fd_sc_hd__ebufn_1 and sky130_fd_sc_hd__ebufn_1 are equivalent.

Cell sky130_fd_sc_hd__buf_2 disconnected node: A
Cell sky130_fd_sc_hd__buf_2 disconnected node: X
Cell sky130_fd_sc_hd__buf_2 disconnected node: VGND
Cell sky130_fd_sc_hd__buf_2 disconnected node: VPWR
Warning: Equate pins:  cell sky130_fd_sc_hd__buf_2 has no definition, treated as a black box.

Subcircuit pins:
Circuit 1: sky130_fd_sc_hd__buf_2          |Circuit 2: sky130_fd_sc_hd__buf_2          
-------------------------------------------|-------------------------------------------
X                                          |X                                          
VGND                                       |VGND                                       
VPWR                                       |VPWR                                       
---------------------------------------------------------------------------------------
Cell pin lists are equivalent.
Device classes sky130_fd_sc_hd__buf_2 and sky130_fd_sc_hd__buf_2 are equivalent.

Cell sky130_fd_sc_hd__inv_1 disconnected node: A
Cell sky130_fd_sc_hd__inv_1 disconnected node: Y
Cell sky130_fd_sc_hd__inv_1 disconnected node: VGND
Cell sky130_fd_sc_hd__inv_1 disconnected node: VPWR
Warning: Equate pins:  cell sky130_fd_sc_hd__inv_1 has no definition, treated as a black box.

Subcircuit pins:
Circuit 1: sky130_fd_sc_hd__inv_1          |Circuit 2: sky130_fd_sc_hd__inv_1          
-------------------------------------------|-------------------------------------------
A                                          |A                                          
Y                                          |Y                                          
VGND                                       |VGND                                       
VPWR                                       |VPWR                                       
---------------------------------------------------------------------------------------
Cell pin lists are equivalent.
Device classes sky130_fd_sc_hd__inv_1 and sky130_fd_sc_hd__inv_1 are equivalent.

Cell sky130_fd_sc_hd__clkbuf_1 disconnected node: A
Cell sky130_fd_sc_hd__clkbuf_1 disconnected node: X
Cell sky130_fd_sc_hd__clkbuf_1 disconnected node: VGND
Cell sky130_fd_sc_hd__clkbuf_1 disconnected node: VPWR
Warning: Equate pins:  cell sky130_fd_sc_hd__clkbuf_1 has no definition, treated as a black box.

Subcircuit pins:
Circuit 1: sky130_fd_sc_hd__clkbuf_1       |Circuit 2: sky130_fd_sc_hd__clkbuf_1       
-------------------------------------------|-------------------------------------------
A                                          |A                                          
X                                          |X                                          
VGND                                       |VGND                                       
VPWR                                       |VPWR                                       
---------------------------------------------------------------------------------------
Cell pin lists are equivalent.
Device classes sky130_fd_sc_hd__clkbuf_1 and sky130_fd_sc_hd__clkbuf_1 are equivalent.

Cell sky130_fd_sc_hd__tapvpwrvgnd_1 disconnected node: VGND
Cell sky130_fd_sc_hd__tapvpwrvgnd_1 disconnected node: VPWR
Warning: Equate pins:  cell sky130_fd_sc_hd__tapvpwrvgnd_1 has no definition, treated as a black box.

Subcircuit pins:
Circuit 1: sky130_fd_sc_hd__tapvpwrvgnd_1  |Circuit 2: sky130_fd_sc_hd__tapvpwrvgnd_1  
-------------------------------------------|-------------------------------------------
VGND                                       |VGND                                       
VPWR                                       |VPWR                                       
---------------------------------------------------------------------------------------
Cell pin lists are equivalent.
Device classes sky130_fd_sc_hd__tapvpwrvgnd_1 and sky130_fd_sc_hd__tapvpwrvgnd_1 are equivalent.

Cell sky130_fd_sc_hd__conb_1 disconnected node: HI
Cell sky130_fd_sc_hd__conb_1 disconnected node: LO
Cell sky130_fd_sc_hd__conb_1 disconnected node: VGND
Cell sky130_fd_sc_hd__conb_1 disconnected node: VPWR
Warning: Equate pins:  cell sky130_fd_sc_hd__conb_1 has no definition, treated as a black box.

Subcircuit pins:
Circuit 1: sky130_fd_sc_hd__conb_1         |Circuit 2: sky130_fd_sc_hd__conb_1         
-------------------------------------------|-------------------------------------------
HI                                         |HI                                         
VGND                                       |VGND                                       
VPWR                                       |VPWR                                       
---------------------------------------------------------------------------------------
Cell pin lists are equivalent.
Device classes sky130_fd_sc_hd__conb_1 and sky130_fd_sc_hd__conb_1 are equivalent.

Cell sky130_fd_sc_hd__clkbuf_16 disconnected node: A
Cell sky130_fd_sc_hd__clkbuf_16 disconnected node: X
Cell sky130_fd_sc_hd__clkbuf_16 disconnected node: VGND
Cell sky130_fd_sc_hd__clkbuf_16 disconnected node: VPWR
Warning: Equate pins:  cell sky130_fd_sc_hd__clkbuf_16 has no definition, treated as a black box.

Subcircuit pins:
Circuit 1: sky130_fd_sc_hd__clkbuf_16      |Circuit 2: sky130_fd_sc_hd__clkbuf_16      
-------------------------------------------|-------------------------------------------
A                                          |A                                          
X                                          |X                                          
VGND                                       |VGND                                       
VPWR                                       |VPWR                                       
---------------------------------------------------------------------------------------
Cell pin lists are equivalent.
Device classes sky130_fd_sc_hd__clkbuf_16 and sky130_fd_sc_hd__clkbuf_16 are equivalent.

Cell sky130_fd_sc_hd__inv_8 disconnected node: A
Cell sky130_fd_sc_hd__inv_8 disconnected node: Y
Cell sky130_fd_sc_hd__inv_8 disconnected node: VGND
Cell sky130_fd_sc_hd__inv_8 disconnected node: VPWR
Warning: Equate pins:  cell sky130_fd_sc_hd__inv_8 has no definition, treated as a black box.

Subcircuit pins:
Circuit 1: sky130_fd_sc_hd__inv_8          |Circuit 2: sky130_fd_sc_hd__inv_8          
-------------------------------------------|-------------------------------------------
A                                          |A                                          
Y                                          |Y                                          
VGND                                       |VGND                                       
VPWR                                       |VPWR                                       
---------------------------------------------------------------------------------------
Cell pin lists are equivalent.
Device classes sky130_fd_sc_hd__inv_8 and sky130_fd_sc_hd__inv_8 are equivalent.

Subcircuit summary:
Circuit 1: sb_0__1_                        |Circuit 2: sb_0__1_                        
-------------------------------------------|-------------------------------------------
sky130_fd_sc_hd__diode_2 (374)             |sky130_fd_sc_hd__diode_2 (374)             
sky130_fd_sc_hd__dfrbp_1 (50)              |sky130_fd_sc_hd__dfrbp_1 (50)              
sky130_fd_sc_hd__ebufn_1 (110)             |sky130_fd_sc_hd__ebufn_1 (110)             
sky130_fd_sc_hd__buf_2 (27)                |sky130_fd_sc_hd__buf_2 (27)                
sky130_fd_sc_hd__inv_1 (80)                |sky130_fd_sc_hd__inv_1 (80)                
sky130_fd_sc_hd__clkbuf_1 (6)              |sky130_fd_sc_hd__clkbuf_1 (6)              
sky130_fd_sc_hd__tapvpwrvgnd_1 (82)        |sky130_fd_sc_hd__tapvpwrvgnd_1 (82)        
sky130_fd_sc_hd__conb_1 (13)               |sky130_fd_sc_hd__conb_1 (13)               
sky130_fd_sc_hd__clkbuf_16 (1)             |sky130_fd_sc_hd__clkbuf_16 (1)             
sky130_fd_sc_hd__inv_8 (1)                 |sky130_fd_sc_hd__inv_8 (1)                 
Number of devices: 744                     |Number of devices: 744                     
Number of nets: 323                        |Number of nets: 323                        
---------------------------------------------------------------------------------------
Resolving automorphisms by property value.
Resolving automorphisms by pin name.
Netlists match with 30 symmetries.
Circuits match correctly.

Subcircuit pins:
Circuit 1: sb_0__1_                        |Circuit 2: sb_0__1_                        
-------------------------------------------|-------------------------------------------
pReset                                     |pReset                                     
prog_clk                                   |prog_clk                                   
ccff_head                                  |ccff_head                                  
chany_bottom_in[3]                         |chany_bottom_in[3]                         
right_bottom_grid_pin_12_                  |right_bottom_grid_pin_12_                  
chany_bottom_in[8]                         |chany_bottom_in[8]                         
chany_bottom_in[7]                         |chany_bottom_in[7]                         
chany_top_in[8]                            |chany_top_in[8]                            
chany_top_in[7]                            |chany_top_in[7]                            
chany_top_in[3]                            |chany_top_in[3]                            
top_left_grid_pin_13_                      |top_left_grid_pin_13_                      
top_left_grid_pin_7_                       |top_left_grid_pin_7_                       
top_left_grid_pin_1_                       |top_left_grid_pin_1_                       
top_left_grid_pin_3_                       |top_left_grid_pin_3_                       
top_left_grid_pin_11_                      |top_left_grid_pin_11_                      
top_left_grid_pin_9_                       |top_left_grid_pin_9_                       
top_right_grid_pin_11_                     |top_right_grid_pin_11_                     
top_left_grid_pin_5_                       |top_left_grid_pin_5_                       
top_left_grid_pin_15_                      |top_left_grid_pin_15_                      
bottom_left_grid_pin_11_                   |bottom_left_grid_pin_11_                   
bottom_left_grid_pin_5_                    |bottom_left_grid_pin_5_                    
bottom_left_grid_pin_9_                    |bottom_left_grid_pin_9_                    
bottom_left_grid_pin_15_                   |bottom_left_grid_pin_15_                   
bottom_left_grid_pin_7_                    |bottom_left_grid_pin_7_                    
bottom_left_grid_pin_13_                   |bottom_left_grid_pin_13_                   
bottom_right_grid_pin_11_                  |bottom_right_grid_pin_11_                  
bottom_left_grid_pin_1_                    |bottom_left_grid_pin_1_                    
bottom_left_grid_pin_3_                    |bottom_left_grid_pin_3_                    
chany_top_in[4]                            |chany_top_in[4]                            
chany_bottom_in[0]                         |chany_bottom_in[0]                         
chany_bottom_in[1]                         |chany_bottom_in[1]                         
chany_bottom_in[2]                         |chany_bottom_in[2]                         
chany_top_in[5]                            |chany_top_in[5]                            
chany_top_in[6]                            |chany_top_in[6]                            
chany_bottom_in[6]                         |chany_bottom_in[6]                         
chany_bottom_in[5]                         |chany_bottom_in[5]                         
chany_top_in[1]                            |chany_top_in[1]                            
chany_top_in[2]                            |chany_top_in[2]                            
chany_top_in[0]                            |chany_top_in[0]                            
chany_bottom_in[4]                         |chany_bottom_in[4]                         
right_top_grid_pin_10_                     |right_top_grid_pin_10_                     
chanx_right_out[6]                         |chanx_right_out[6]                         
chanx_right_out[5]                         |chanx_right_out[5]                         
chanx_right_out[4]                         |chanx_right_out[4]                         
chanx_right_out[3]                         |chanx_right_out[3]                         
chany_top_out[4]                           |chany_top_out[4]                           
chanx_right_out[2]                         |chanx_right_out[2]                         
chany_top_out[3]                           |chany_top_out[3]                           
chanx_right_out[1]                         |chanx_right_out[1]                         
chany_top_out[2]                           |chany_top_out[2]                           
chanx_right_out[0]                         |chanx_right_out[0]                         
chany_top_out[1]                           |chany_top_out[1]                           
chany_bottom_out[8]                        |chany_bottom_out[8]                        
chany_top_out[0]                           |chany_top_out[0]                           
chany_bottom_out[7]                        |chany_bottom_out[7]                        
chany_bottom_out[6]                        |chany_bottom_out[6]                        
chany_bottom_out[5]                        |chany_bottom_out[5]                        
chany_bottom_out[4]                        |chany_bottom_out[4]                        
chany_bottom_out[3]                        |chany_bottom_out[3]                        
chany_bottom_out[2]                        |chany_bottom_out[2]                        
chany_bottom_out[1]                        |chany_bottom_out[1]                        
chanx_right_out[8]                         |chanx_right_out[8]                         
chany_bottom_out[0]                        |chany_bottom_out[0]                        
chanx_right_out[7]                         |chanx_right_out[7]                         
chany_top_out[8]                           |chany_top_out[8]                           
chany_top_out[7]                           |chany_top_out[7]                           
chany_top_out[6]                           |chany_top_out[6]                           
chany_top_out[5]                           |chany_top_out[5]                           
ccff_tail                                  |ccff_tail                                  
VGND                                       |VGND                                       
VPWR                                       |VPWR                                       
chanx_right_in[1]                          |chanx_right_in[1]                          
chanx_right_in[2]                          |chanx_right_in[2]                          
chanx_right_in[0]                          |chanx_right_in[0]                          
chanx_right_in[5]                          |chanx_right_in[5]                          
chanx_right_in[6]                          |chanx_right_in[6]                          
chanx_right_in[8]                          |chanx_right_in[8]                          
chanx_right_in[3]                          |chanx_right_in[3]                          
chanx_right_in[4]                          |chanx_right_in[4]                          
chanx_right_in[7]                          |chanx_right_in[7]                          
---------------------------------------------------------------------------------------
Cell pin lists are equivalent.
Device classes sb_0__1_ and sb_0__1_ are equivalent.
Circuits match uniquely.
