RePlAce Version: 1.0.0

** WARNING: Your Detail Placement Step must be skipped.
              (i.e. this program will be executed as -onlyGP)
     If you want to have DP after GP, please specify -dpflag and -dploc.

[INFO] TargetDensity = 0.400000
[INFO] ExperimentIndex = 0
[INFO] DirectoryPath = /openLANE_flow/designs/cby_2__1_/runs/pin_placement//tmp/placement/replace/etc/cby_2__1_.floorplan/experiment000
[PROC] Begin LefParsing ...
[LEF] Parsed 500 number of lines!!
WARNING (LEFPARS-2036): SOURCE statement is obsolete in version 5.6 and later.
The LEF parser will ignore this statement.
To avoid this warning in the future, remove this statement from the LEF file with version 5.6 or later. See file /openLANE_flow/designs/cby_2__1_/runs/pin_placement//tmp//merged.lef at line 776.

WARNING (LEFPARS-2036): SOURCE statement is obsolete in version 5.6 and later.
The LEF parser will ignore this statement.
To avoid this warning in the future, remove this statement from the LEF file with version 5.6 or later. See file /openLANE_flow/designs/cby_2__1_/runs/pin_placement//tmp//merged.lef at line 903.

[LEF] Parsed 1000 number of lines!!
WARNING (LEFPARS-2036): SOURCE statement is obsolete in version 5.6 and later.
The LEF parser will ignore this statement.
To avoid this warning in the future, remove this statement from the LEF file with version 5.6 or later. See file /openLANE_flow/designs/cby_2__1_/runs/pin_placement//tmp//merged.lef at line 1034.

WARNING (LEFPARS-2036): SOURCE statement is obsolete in version 5.6 and later.
The LEF parser will ignore this statement.
To avoid this warning in the future, remove this statement from the LEF file with version 5.6 or later. See file /openLANE_flow/designs/cby_2__1_/runs/pin_placement//tmp//merged.lef at line 1204.

WARNING (LEFPARS-2036): SOURCE statement is obsolete in version 5.6 and later.
The LEF parser will ignore this statement.
To avoid this warning in the future, remove this statement from the LEF file with version 5.6 or later. See file /openLANE_flow/designs/cby_2__1_/runs/pin_placement//tmp//merged.lef at line 1322.

WARNING (LEFPARS-2036): SOURCE statement is obsolete in version 5.6 and later.
The LEF parser will ignore this statement.
To avoid this warning in the future, remove this statement from the LEF file with version 5.6 or later. See file /openLANE_flow/designs/cby_2__1_/runs/pin_placement//tmp//merged.lef at line 1442.

[LEF] Parsed 1500 number of lines!!
WARNING (LEFPARS-2036): SOURCE statement is obsolete in version 5.6 and later.
The LEF parser will ignore this statement.
To avoid this warning in the future, remove this statement from the LEF file with version 5.6 or later. See file /openLANE_flow/designs/cby_2__1_/runs/pin_placement//tmp//merged.lef at line 1589.

WARNING (LEFPARS-2036): SOURCE statement is obsolete in version 5.6 and later.
The LEF parser will ignore this statement.
To avoid this warning in the future, remove this statement from the LEF file with version 5.6 or later. See file /openLANE_flow/designs/cby_2__1_/runs/pin_placement//tmp//merged.lef at line 1777.

WARNING (LEFPARS-2036): SOURCE statement is obsolete in version 5.6 and later.
The LEF parser will ignore this statement.
To avoid this warning in the future, remove this statement from the LEF file with version 5.6 or later. See file /openLANE_flow/designs/cby_2__1_/runs/pin_placement//tmp//merged.lef at line 1886.

WARNING (LEFPARS-2036): SOURCE statement is obsolete in version 5.6 and later.
The LEF parser will ignore this statement.
To avoid this warning in the future, remove this statement from the LEF file with version 5.6 or later. See file /openLANE_flow/designs/cby_2__1_/runs/pin_placement//tmp//merged.lef at line 1999.

[LEF] Parsed 2000 number of lines!!
WARNING (LEFPARS-2036): SOURCE statement is obsolete in version 5.6 and later.
The LEF parser will ignore this statement.
To avoid this warning in the future, remove this statement from the LEF file with version 5.6 or later. See file /openLANE_flow/designs/cby_2__1_/runs/pin_placement//tmp//merged.lef at line 2148.

WARNING (LEFPARS-2036): SOURCE statement is obsolete in version 5.6 and later.
The LEF parser will ignore this statement.
To avoid this warning in the future, remove this statement from the LEF file with version 5.6 or later. See file /openLANE_flow/designs/cby_2__1_/runs/pin_placement//tmp//merged.lef at line 2253.

WARNING (LEFPARS-2036): SOURCE statement is obsolete in version 5.6 and later.
The LEF parser will ignore this statement.
To avoid this warning in the future, remove this statement from the LEF file with version 5.6 or later. See file /openLANE_flow/designs/cby_2__1_/runs/pin_placement//tmp//merged.lef at line 2380.

[LEF] Parsed 2500 number of lines!!
WARNING (LEFPARS-2036): SOURCE statement is obsolete in version 5.6 and later.
The LEF parser will ignore this statement.
To avoid this warning in the future, remove this statement from the LEF file with version 5.6 or later. See file /openLANE_flow/designs/cby_2__1_/runs/pin_placement//tmp//merged.lef at line 2547.

WARNING (LEFPARS-2036): SOURCE statement is obsolete in version 5.6 and later.
The LEF parser will ignore this statement.
To avoid this warning in the future, remove this statement from the LEF file with version 5.6 or later. See file /openLANE_flow/designs/cby_2__1_/runs/pin_placement//tmp//merged.lef at line 2653.

WARNING (LEFPARS-2036): SOURCE statement is obsolete in version 5.6 and later.
The LEF parser will ignore this statement.
To avoid this warning in the future, remove this statement from the LEF file with version 5.6 or later. See file /openLANE_flow/designs/cby_2__1_/runs/pin_placement//tmp//merged.lef at line 2770.

WARNING (LEFPARS-2036): SOURCE statement is obsolete in version 5.6 and later.
The LEF parser will ignore this statement.
To avoid this warning in the future, remove this statement from the LEF file with version 5.6 or later. See file /openLANE_flow/designs/cby_2__1_/runs/pin_placement//tmp//merged.lef at line 2908.

[LEF] Parsed 3000 number of lines!!
WARNING (LEFPARS-2036): SOURCE statement is obsolete in version 5.6 and later.
The LEF parser will ignore this statement.
To avoid this warning in the future, remove this statement from the LEF file with version 5.6 or later. See file /openLANE_flow/designs/cby_2__1_/runs/pin_placement//tmp//merged.lef at line 3005.

WARNING (LEFPARS-2036): SOURCE statement is obsolete in version 5.6 and later.
The LEF parser will ignore this statement.
To avoid this warning in the future, remove this statement from the LEF file with version 5.6 or later. See file /openLANE_flow/designs/cby_2__1_/runs/pin_placement//tmp//merged.lef at line 3105.

WARNING (LEFPARS-2036): SOURCE statement is obsolete in version 5.6 and later.
The LEF parser will ignore this statement.
To avoid this warning in the future, remove this statement from the LEF file with version 5.6 or later. See file /openLANE_flow/designs/cby_2__1_/runs/pin_placement//tmp//merged.lef at line 3219.

WARNING (LEFPARS-2036): SOURCE statement is obsolete in version 5.6 and later.
The LEF parser will ignore this statement.
To avoid this warning in the future, remove this statement from the LEF file with version 5.6 or later. See file /openLANE_flow/designs/cby_2__1_/runs/pin_placement//tmp//merged.lef at line 3361.

WARNING (LEFPARS-2036): SOURCE statement is obsolete in version 5.6 and later.
The LEF parser will ignore this statement.
To avoid this warning in the future, remove this statement from the LEF file with version 5.6 or later. See file /openLANE_flow/designs/cby_2__1_/runs/pin_placement//tmp//merged.lef at line 3458.

[LEF] Parsed 3500 number of lines!!
WARNING (LEFPARS-2036): SOURCE statement is obsolete in version 5.6 and later.
The LEF parser will ignore this statement.
To avoid this warning in the future, remove this statement from the LEF file with version 5.6 or later. See file /openLANE_flow/designs/cby_2__1_/runs/pin_placement//tmp//merged.lef at line 3561.

WARNING (LEFPARS-2036): SOURCE statement is obsolete in version 5.6 and later.
The LEF parser will ignore this statement.
To avoid this warning in the future, remove this statement from the LEF file with version 5.6 or later. See file /openLANE_flow/designs/cby_2__1_/runs/pin_placement//tmp//merged.lef at line 3691.

WARNING (LEFPARS-2036): SOURCE statement is obsolete in version 5.6 and later.
The LEF parser will ignore this statement.
To avoid this warning in the future, remove this statement from the LEF file with version 5.6 or later. See file /openLANE_flow/designs/cby_2__1_/runs/pin_placement//tmp//merged.lef at line 3783.

WARNING (LEFPARS-2036): SOURCE statement is obsolete in version 5.6 and later.
The LEF parser will ignore this statement.
To avoid this warning in the future, remove this statement from the LEF file with version 5.6 or later. See file /openLANE_flow/designs/cby_2__1_/runs/pin_placement//tmp//merged.lef at line 3887.

[LEF] Parsed 4000 number of lines!!
WARNING (LEFPARS-2036): SOURCE statement is obsolete in version 5.6 and later.
The LEF parser will ignore this statement.
To avoid this warning in the future, remove this statement from the LEF file with version 5.6 or later. See file /openLANE_flow/designs/cby_2__1_/runs/pin_placement//tmp//merged.lef at line 4018.

WARNING (LEFPARS-2036): SOURCE statement is obsolete in version 5.6 and later.
The LEF parser will ignore this statement.
To avoid this warning in the future, remove this statement from the LEF file with version 5.6 or later. See file /openLANE_flow/designs/cby_2__1_/runs/pin_placement//tmp//merged.lef at line 4148.

WARNING (LEFPARS-2036): SOURCE statement is obsolete in version 5.6 and later.
The LEF parser will ignore this statement.
To avoid this warning in the future, remove this statement from the LEF file with version 5.6 or later. See file /openLANE_flow/designs/cby_2__1_/runs/pin_placement//tmp//merged.lef at line 4282.

WARNING (LEFPARS-2036): SOURCE statement is obsolete in version 5.6 and later.
The LEF parser will ignore this statement.
To avoid this warning in the future, remove this statement from the LEF file with version 5.6 or later. See file /openLANE_flow/designs/cby_2__1_/runs/pin_placement//tmp//merged.lef at line 4467.

[LEF] Parsed 4500 number of lines!!
[LEF] Parsed 5000 number of lines!!
[LEF] Parsed 5500 number of lines!!
[LEF] Parsed 6000 number of lines!!
[LEF] Parsed 6500 number of lines!!
[LEF] Parsed 7000 number of lines!!
[LEF] Parsed 7500 number of lines!!
[LEF] Parsed 8000 number of lines!!
[LEF] Parsed 8500 number of lines!!
[LEF] Parsed 9000 number of lines!!
[LEF] Parsed 9500 number of lines!!
[LEF] Parsed 10000 number of lines!!
[LEF] Parsed 10500 number of lines!!
[LEF] Parsed 11000 number of lines!!
[LEF] Parsed 11500 number of lines!!
[LEF] Parsed 12000 number of lines!!
[LEF] Parsed 12500 number of lines!!
[LEF] Parsed 13000 number of lines!!
[LEF] Parsed 13500 number of lines!!
[LEF] Parsed 14000 number of lines!!
[LEF] Parsed 14500 number of lines!!
[LEF] Parsed 15000 number of lines!!
[LEF] Parsed 15500 number of lines!!
[LEF] Parsed 16000 number of lines!!
[LEF] Parsed 16500 number of lines!!
[LEF] Parsed 17000 number of lines!!
[LEF] Parsed 17500 number of lines!!
[LEF] Parsed 18000 number of lines!!
[LEF] Parsed 18500 number of lines!!
[LEF] Parsed 19000 number of lines!!
[LEF] Parsed 19500 number of lines!!
[LEF] Parsed 20000 number of lines!!
[LEF] Parsed 20500 number of lines!!
[LEF] Parsed 21000 number of lines!!
[LEF] Parsed 21500 number of lines!!
[LEF] Parsed 22000 number of lines!!
[LEF] Parsed 22500 number of lines!!
[LEF] Parsed 23000 number of lines!!
[LEF] Parsed 23500 number of lines!!
[LEF] Parsed 24000 number of lines!!
[LEF] Parsed 24500 number of lines!!
[LEF] Parsed 25000 number of lines!!
[LEF] Parsed 25500 number of lines!!
[LEF] Parsed 26000 number of lines!!
[LEF] Parsed 26500 number of lines!!
[LEF] Parsed 27000 number of lines!!
[LEF] Parsed 27500 number of lines!!
[LEF] Parsed 28000 number of lines!!
[LEF] Parsed 28500 number of lines!!
[LEF] Parsed 29000 number of lines!!
[LEF] Parsed 29500 number of lines!!
[LEF] Parsed 30000 number of lines!!
[LEF] Parsed 30500 number of lines!!
[LEF] Parsed 31000 number of lines!!
[LEF] Parsed 31500 number of lines!!
[LEF] Parsed 32000 number of lines!!
[LEF] Parsed 32500 number of lines!!
[LEF] Parsed 33000 number of lines!!
[LEF] Parsed 33500 number of lines!!
[LEF] Parsed 34000 number of lines!!
[LEF] Parsed 34500 number of lines!!
[LEF] Parsed 35000 number of lines!!
[LEF] Parsed 35500 number of lines!!
[LEF] Parsed 36000 number of lines!!
[LEF] Parsed 36500 number of lines!!
[LEF] Parsed 37000 number of lines!!
[LEF] Parsed 37500 number of lines!!
[LEF] Parsed 38000 number of lines!!
[LEF] Parsed 38500 number of lines!!
[LEF] Parsed 39000 number of lines!!
[LEF] Parsed 39500 number of lines!!
[LEF] Parsed 40000 number of lines!!
[LEF] Parsed 40500 number of lines!!
[LEF] Parsed 41000 number of lines!!
[LEF] Parsed 41500 number of lines!!
[LEF] Parsed 42000 number of lines!!
[LEF] Parsed 42500 number of lines!!
[LEF] Parsed 43000 number of lines!!
[LEF] Parsed 43500 number of lines!!
[LEF] Parsed 44000 number of lines!!
[LEF] Parsed 44500 number of lines!!
[LEF] Parsed 45000 number of lines!!
[LEF] Parsed 45500 number of lines!!
[LEF] Parsed 46000 number of lines!!
[LEF] Parsed 46500 number of lines!!
[LEF] Parsed 47000 number of lines!!
[LEF] Parsed 47500 number of lines!!
[LEF] Parsed 48000 number of lines!!
[LEF] Parsed 48500 number of lines!!
[LEF] Parsed 49000 number of lines!!
[LEF] Parsed 49500 number of lines!!
[LEF] Parsed 50000 number of lines!!
[LEF] Parsed 50500 number of lines!!
[LEF] Parsed 51000 number of lines!!
[LEF] Parsed 51500 number of lines!!
[LEF] Parsed 52000 number of lines!!
[LEF] Parsed 52500 number of lines!!
[LEF] Parsed 53000 number of lines!!
[LEF] Parsed 53500 number of lines!!
[LEF] Parsed 54000 number of lines!!
[LEF] Parsed 54500 number of lines!!
[LEF] Parsed 55000 number of lines!!
[LEF] Parsed 55500 number of lines!!
[LEF] Parsed 56000 number of lines!!
[LEF] Parsed 56500 number of lines!!
[LEF] Parsed 57000 number of lines!!
[LEF] Parsed 57500 number of lines!!
[LEF] Parsed 58000 number of lines!!
[LEF] Parsed 58500 number of lines!!
[LEF] Parsed 59000 number of lines!!
[LEF] Parsed 59500 number of lines!!
[LEF] Parsed 60000 number of lines!!
[LEF] Parsed 60500 number of lines!!
[LEF] Parsed 61000 number of lines!!
[LEF] Parsed 61500 number of lines!!
[LEF] Parsed 62000 number of lines!!
[PROC] End LefParsing
[PROC] Begin DefParsing ...
WARNING (DEFPARS-7011): The NAMESCASESENSITIVE statement is obsolete in version 5.6 and later.
The DEF parser will ignore this statement. See file /openLANE_flow/designs/cby_2__1_/runs/pin_placement//results/floorplan/cby_2__1_.floorplan.def at line 2.

[PROC] End DefParsing
[INFO] DefUnit = 1000
[INFO] LefMetal1Name = li1
[INFO] DefSiteName = unithd
[INFO] ScaleDownUnit = 302.222229
[INFO] OffsetCoordi = (2640.000000, 0.000000)
[INFO] RowSize = (1.522059, 9.000000)
[INFO] NumRows = 38
[INFO] MacroCount = 0
[INFO] NumModules = 87
[INFO] NumTerminals = 267
[INFO] Inserted Dummy Terms = 0
[PROC] Begin Generate Un-fragmented Rows ...
[INFO] CoreAreaLxLy = (27.000000, 36.000000)
[INFO] CoreAreaUxUy = (367.941162, 378.000000)
[INFO] RowSize = (1.522059, 9.000000)
[INFO] NumRows = 38
[PROC] End Generate Un-fragmented Rows
[PROC] Begin DEF Net Parsing ...
[INFO] NumNets = 166
[INFO] NumPins = 388
[PROC] End DEF Net Parsing
[PROC] LEF/DEF Parsing Success!
[INFO] AspectRatio = 1.003106
[INFO] RowMinXY = (27.000000, 36.000000)
[INFO] RowMaxXY = (367.941193, 378.000000)
[INFO] NumPlaceStdCells = 87
[INFO] NumPlaceMacros = 0
[INFO] RowSize = (1.522059, 9.000000)
[INFO] NumRows = 38
[INFO] GlobalAreaLxLy = (9.496324, 6.617647)
[INFO] GlobalAreaUxUy = (380.680145, 407.415436)
[INFO] PlaceAreaLxLy = (27.000000, 36.000000)
[INFO] PlaceAreaUxUy = (367.941193, 378.000000)
[INFO] TotalPlaceArea = 116601.890625
[INFO] TotalFixedArea = 5041.043945
[INFO] TotalWhiteSpaceArea = 111560.843750
[INFO] TotalPlaceMacrosArea = 0.000000
[INFO] TotalPlaceStdCellsArea = 29246.353516
[INFO] Util(%) = 25.082230
[INFO] 80pCellArea = 340.004456
[INFO] FillerInit: TotalFillerArea = 15377.986328
[INFO] FillerInit: NumFillerCells = 45
[INFO] FillerInit: FillerCellArea = 340.004608
[INFO] FillerInit: FillerCellSize = (37.778290, 9.000000)
[INFO] FillerInit: NumCells = 132
[INFO] FillerInit: NumModules = 87
[INFO] FillerInit: NumFillers = 45
INFO:  D_MSH = 1024 
INFO:  MSH(X, Y) = (32, 32)
[INFO] TierInit: TierUtil = 0.250822
[INFO] TierInit: NumModules = 87
[INFO] TierInit: PlaceArea = 116601.890625
[INFO] TierInit: CoreSpacingArea = 0.000000
[INFO] TierInit: TerminalArea = 5041.043945
[INFO] TierInit: ModuleArea = 29246.353516
[INFO] TierInit: FillerArea = 15377.986328
[INFO] TierInit: NumFillers = 45
[INFO] TierInit: FillerMinIdx = 87
[INFO] TierInit: FillerMaxIdx = 132
INFO:  dim_bin_cGP2D.(x,y) = (8, 8)
cell Init 2D:
tier->bin_stp: (42.6176 42.75)
tier->half_bin_stp: (21.3088 21.375)
PROC:  Start NESTEROV's Optimization
PROC:    Global Lagrangian Multiplier is Applied

ITER: 0
    HPWL=18914.230469
    OVFL=0.906380
    HPWL=(9749.091797, 9165.137695)
    POTN=3.437258E+05
    PHIC=2.234164E-09
    GRAD=2.866876E-02
    NuBT=0
    CPU =0.000000

ITER: 1
    HPWL=18914.173828
    OVFL=0.906380
    HPWL=(9749.073242, 9165.100586)
    POTN=3.437249E+05
    PHIC=2.345872E-09
    GRAD=4.618651E-02
    NuBT=1
    CPU =0.000118

ITER: 2
    HPWL=18913.984375
    OVFL=0.906380
    HPWL=(9749.008789, 9164.976562)
    POTN=3.437223E+05
    PHIC=2.463166E-09
    GRAD=4.618617E-02
    NuBT=1
    CPU =0.000063

ITER: 3
    HPWL=11146.568359
    OVFL=0.719495
    HPWL=(7392.793457, 3753.775391)
    POTN=2.209116E+05
    PHIC=2.586324E-09
    GRAD=1.241645E-02
    NuBT=2
    CPU =0.000109

ITER: 4
    HPWL=11367.131836
    OVFL=0.719495
    HPWL=(7447.239258, 3919.892578)
    POTN=2.177172E+05
    PHIC=2.715555E-09
    GRAD=3.794758E-02
    NuBT=4
    CPU =0.000201

ITER: 5
    HPWL=10895.591797
    OVFL=0.719495
    HPWL=(7277.989746, 3617.602539)
    POTN=2.165494E+05
    PHIC=2.851333E-09
    GRAD=2.906629E-02
    NuBT=1
    CPU =0.000061

ITER: 6
    HPWL=10710.486328
    OVFL=0.713036
    HPWL=(7217.840820, 3492.645996)
    POTN=2.228871E+05
    PHIC=2.993899E-09
    GRAD=2.495911E-02
    NuBT=1
    CPU =0.000060

ITER: 7
    HPWL=10236.945312
    OVFL=0.693138
    HPWL=(7039.764160, 3197.181641)
    POTN=2.073772E+05
    PHIC=3.143594E-09
    GRAD=2.080600E-02
    NuBT=1
    CPU =0.000061

ITER: 8
    HPWL=10222.501953
    OVFL=0.683591
    HPWL=(7030.994629, 3191.506836)
    POTN=1.993959E+05
    PHIC=3.300774E-09
    GRAD=2.299947E-02
    NuBT=1
    CPU =0.000061

ITER: 9
    HPWL=10216.502930
    OVFL=0.663660
    HPWL=(7035.262695, 3181.239990)
    POTN=1.872916E+05
    PHIC=3.465812E-09
    GRAD=2.413796E-02
    NuBT=1
    CPU =0.000092

ITER: 10
    HPWL=10211.714844
    OVFL=0.649281
    HPWL=(7042.706543, 3169.008789)
    POTN=1.772834E+05
    PHIC=3.639103E-09
    GRAD=2.673797E-02
    NuBT=2
    CPU =0.000133

ITER: 11
    HPWL=10202.125977
    OVFL=0.633091
    HPWL=(7046.341797, 3155.783936)
    POTN=1.667169E+05
    PHIC=3.821058E-09
    GRAD=2.879199E-02
    NuBT=2
    CPU =0.000128

ITER: 12
    HPWL=10183.358398
    OVFL=0.617304
    HPWL=(7042.665039, 3140.693359)
    POTN=1.586101E+05
    PHIC=4.012110E-09
    GRAD=3.125699E-02
    NuBT=2
    CPU =0.000125

ITER: 13
    HPWL=10165.240234
    OVFL=0.603471
    HPWL=(7041.480469, 3123.759521)
    POTN=1.510862E+05
    PHIC=4.212716E-09
    GRAD=3.387676E-02
    NuBT=2
    CPU =0.000125

ITER: 14
    HPWL=10147.924805
    OVFL=0.591726
    HPWL=(7042.108887, 3105.815918)
    POTN=1.448258E+05
    PHIC=4.423351E-09
    GRAD=3.635965E-02
    NuBT=2
    CPU =0.000137

ITER: 15
    HPWL=10129.214844
    OVFL=0.583750
    HPWL=(7042.611328, 3086.603516)
    POTN=1.344011E+05
    PHIC=4.644519E-09
    GRAD=3.860796E-02
    NuBT=2
    CPU =0.000125

ITER: 16
    HPWL=10111.350586
    OVFL=0.577064
    HPWL=(7044.527344, 3066.822998)
    POTN=1.253077E+05
    PHIC=4.876744E-09
    GRAD=4.023523E-02
    NuBT=2
    CPU =0.000124

ITER: 17
    HPWL=10088.933594
    OVFL=0.587137
    HPWL=(7044.040527, 3044.893555)
    POTN=1.175897E+05
    PHIC=5.120581E-09
    GRAD=4.163336E-02
    NuBT=2
    CPU =0.000124

ITER: 18
    HPWL=10069.496094
    OVFL=0.612596
    HPWL=(7045.795410, 3023.700195)
    POTN=1.124713E+05
    PHIC=5.376610E-09
    GRAD=3.958496E-02
    NuBT=2
    CPU =0.000123

ITER: 19
    HPWL=10027.378906
    OVFL=0.609269
    HPWL=(7036.456543, 2990.922607)
    POTN=1.063799E+05
    PHIC=5.645441E-09
    GRAD=3.472257E-02
    NuBT=2
    CPU =0.000130

ITER: 20
    HPWL=9980.695312
    OVFL=0.606225
    HPWL=(7018.482422, 2962.212646)
    POTN=1.026407E+05
    PHIC=5.927712E-09
    GRAD=3.524588E-02
    NuBT=1
    CPU =0.000084

ITER: 21
    HPWL=9962.732422
    OVFL=0.602442
    HPWL=(7029.780762, 2932.951904)
    POTN=9.908288E+04
    PHIC=6.224097E-09
    GRAD=3.585720E-02
    NuBT=1
    CPU =0.000084

ITER: 22
    HPWL=9932.103516
    OVFL=0.598140
    HPWL=(7028.432617, 2903.670898)
    POTN=9.427698E+04
    PHIC=6.535302E-09
    GRAD=3.656163E-02
    NuBT=2
    CPU =0.000137

ITER: 23
    HPWL=9909.260742
    OVFL=0.605507
    HPWL=(7031.662598, 2877.598145)
    POTN=9.086720E+04
    PHIC=6.862066E-09
    GRAD=3.741278E-02
    NuBT=2
    CPU =0.000128

ITER: 24
    HPWL=9886.805664
    OVFL=0.634040
    HPWL=(7034.158203, 2852.647705)
    POTN=8.910490E+04
    PHIC=7.205169E-09
    GRAD=3.607758E-02
    NuBT=2
    CPU =0.000125

ITER: 25
    HPWL=9836.812500
    OVFL=0.627044
    HPWL=(7024.554199, 2812.258301)
    POTN=8.620891E+04
    PHIC=7.565427E-09
    GRAD=3.114879E-02
    NuBT=2
    CPU =0.000127

ITER: 26
    HPWL=9778.467773
    OVFL=0.621546
    HPWL=(7004.600098, 2773.867432)
    POTN=8.544730E+04
    PHIC=7.943698E-09
    GRAD=3.219988E-02
    NuBT=1
    CPU =0.000084

ITER: 27
    HPWL=9762.116211
    OVFL=0.617815
    HPWL=(7017.417480, 2744.698975)
    POTN=8.433100E+04
    PHIC=8.340883E-09
    GRAD=3.318733E-02
    NuBT=1
    CPU =0.000085

ITER: 28
    HPWL=9725.974609
    OVFL=0.618711
    HPWL=(7014.650391, 2711.324219)
    POTN=8.437426E+04
    PHIC=8.757927E-09
    GRAD=3.382923E-02
    NuBT=2
    CPU =0.000125

ITER: 29
    HPWL=9704.904297
    OVFL=0.650783
    HPWL=(7018.946777, 2685.957520)
    POTN=8.495576E+04
    PHIC=9.195823E-09
    GRAD=3.372595E-02
    NuBT=2
    CPU =0.000123

ITER: 30
    HPWL=9654.513672
    OVFL=0.634972
    HPWL=(7009.904785, 2644.608398)
    POTN=8.354632E+04
    PHIC=9.655613E-09
    GRAD=2.859958E-02
    NuBT=2
    CPU =0.000124

ITER: 31
    HPWL=9591.914062
    OVFL=0.613711
    HPWL=(6986.722656, 2605.190918)
    POTN=8.316365E+04
    PHIC=1.013839E-08
    GRAD=3.091772E-02
    NuBT=1
    CPU =0.000093

ITER: 32
    HPWL=9561.347656
    OVFL=0.597145
    HPWL=(6988.977539, 2572.370117)
    POTN=8.391893E+04
    PHIC=1.064531E-08
    GRAD=3.447204E-02
    NuBT=2
    CPU =0.000126

ITER: 33
    HPWL=9538.603516
    OVFL=0.593801
    HPWL=(6995.591309, 2543.011963)
    POTN=8.579570E+04
    PHIC=1.117758E-08
    GRAD=3.755390E-02
    NuBT=2
    CPU =0.000126

ITER: 34
    HPWL=9520.414062
    OVFL=0.634086
    HPWL=(7000.851562, 2519.562744)
    POTN=9.016302E+04
    PHIC=1.173646E-08
    GRAD=3.826064E-02
    NuBT=2
    CPU =0.000128

ITER: 35
    HPWL=9464.567383
    OVFL=0.630306
    HPWL=(6986.195312, 2478.371826)
    POTN=9.032758E+04
    PHIC=1.232328E-08
    GRAD=3.110058E-02
    NuBT=2
    CPU =0.000124

ITER: 36
    HPWL=9407.719727
    OVFL=0.625549
    HPWL=(6960.028809, 2447.690674)
    POTN=9.275612E+04
    PHIC=1.293944E-08
    GRAD=3.165108E-02
    NuBT=1
    CPU =0.000084

ITER: 37
    HPWL=9372.970703
    OVFL=0.622078
    HPWL=(6961.217285, 2411.753418)
    POTN=9.768584E+04
    PHIC=1.358641E-08
    GRAD=3.243529E-02
    NuBT=1
    CPU =0.000084

ITER: 38
    HPWL=9343.799805
    OVFL=0.631139
    HPWL=(6965.107910, 2378.691895)
    POTN=1.037242E+05
    PHIC=1.426573E-08
    GRAD=3.302831E-02
    NuBT=2
    CPU =0.000125

ITER: 39
    HPWL=9312.008789
    OVFL=0.671546
    HPWL=(6965.221680, 2346.787354)
    POTN=1.129531E+05
    PHIC=1.497902E-08
    GRAD=3.154912E-02
    NuBT=2
    CPU =0.000124

ITER: 40
    HPWL=9271.884766
    OVFL=0.691781
    HPWL=(6955.389648, 2316.495605)
    POTN=1.161818E+05
    PHIC=1.572797E-08
    GRAD=2.566109E-02
    NuBT=3
    CPU =0.000176

ITER: 41
    HPWL=9230.552734
    OVFL=0.704251
    HPWL=(6943.056152, 2287.496094)
    POTN=1.204081E+05
    PHIC=1.651436E-08
    GRAD=2.314345E-02
    NuBT=1
    CPU =0.000088

ITER: 42
    HPWL=9198.406250
    OVFL=0.702198
    HPWL=(6940.880859, 2257.525635)
    POTN=1.260616E+05
    PHIC=1.734008E-08
    GRAD=2.171737E-02
    NuBT=1
    CPU =0.000084

ITER: 43
    HPWL=9165.453125
    OVFL=0.700773
    HPWL=(6939.896484, 2225.556152)
    POTN=1.331230E+05
    PHIC=1.820708E-08
    GRAD=2.194914E-02
    NuBT=1
    CPU =0.000084

ITER: 44
    HPWL=9136.180664
    OVFL=0.703087
    HPWL=(6940.466797, 2195.714111)
    POTN=1.426964E+05
    PHIC=1.911744E-08
    GRAD=2.211564E-02
    NuBT=2
    CPU =0.000127

ITER: 45
    HPWL=9107.458984
    OVFL=0.749822
    HPWL=(6939.015137, 2168.443604)
    POTN=1.526841E+05
    PHIC=2.007331E-08
    GRAD=2.186313E-02
    NuBT=2
    CPU =0.000125

ITER: 46
    HPWL=9072.175781
    OVFL=0.749822
    HPWL=(6928.304688, 2143.871582)
    POTN=1.556217E+05
    PHIC=2.107697E-08
    GRAD=1.721934E-02
    NuBT=3
    CPU =0.000163

ITER: 47
    HPWL=9047.932617
    OVFL=0.749822
    HPWL=(6926.912598, 2121.020020)
    POTN=1.600410E+05
    PHIC=2.213082E-08
    GRAD=1.722203E-02
    NuBT=1
    CPU =0.000083

ITER: 48
    HPWL=9024.566406
    OVFL=0.749822
    HPWL=(6925.317383, 2099.249023)
    POTN=1.657654E+05
    PHIC=2.323736E-08
    GRAD=1.722462E-02
    NuBT=2
    CPU =0.000139

ITER: 49
    HPWL=9009.182617
    OVFL=0.749822
    HPWL=(6924.973633, 2084.208740)
    POTN=1.720461E+05
    PHIC=2.439923E-08
    GRAD=1.722695E-02
    NuBT=2
    CPU =0.000126

ITER: 50
    HPWL=9006.332031
    OVFL=0.749822
    HPWL=(6923.188477, 2083.143799)
    POTN=1.713387E+05
    PHIC=2.561918E-08
    GRAD=1.722681E-02
    NuBT=2
    CPU =0.000124

ITER: 51
    HPWL=9006.992188
    OVFL=0.749822
    HPWL=(6923.848145, 2083.143799)
    POTN=1.705201E+05
    PHIC=2.690014E-08
    GRAD=1.722701E-02
    NuBT=2
    CPU =0.000125

ITER: 52
    HPWL=9006.337891
    OVFL=0.749822
    HPWL=(6923.194824, 2083.143311)
    POTN=1.698439E+05
    PHIC=2.824515E-08
    GRAD=1.722700E-02
    NuBT=2
    CPU =0.000124

ITER: 53
    HPWL=9006.410156
    OVFL=0.749822
    HPWL=(6923.267090, 2083.143555)
    POTN=1.692077E+05
    PHIC=2.965740E-08
    GRAD=1.722710E-02
    NuBT=2
    CPU =0.000127

ITER: 54
    HPWL=9006.081055
    OVFL=0.749822
    HPWL=(6922.937988, 2083.143311)
    POTN=1.687010E+05
    PHIC=3.114027E-08
    GRAD=1.722720E-02
    NuBT=2
    CPU =0.000123

ITER: 55
    HPWL=9005.875977
    OVFL=0.749822
    HPWL=(6922.733398, 2083.142822)
    POTN=1.682069E+05
    PHIC=3.269728E-08
    GRAD=1.722729E-02
    NuBT=2
    CPU =0.000124

ITER: 56
    HPWL=9005.635742
    OVFL=0.749821
    HPWL=(6922.492188, 2083.143555)
    POTN=1.678371E+05
    PHIC=3.433215E-08
    GRAD=1.722742E-02
    NuBT=2
    CPU =0.000134

ITER: 57
    HPWL=9005.396484
    OVFL=0.749822
    HPWL=(6922.252930, 2083.143311)
    POTN=1.674605E+05
    PHIC=3.604875E-08
    GRAD=1.722752E-02
    NuBT=2
    CPU =0.000124

ITER: 58
    HPWL=9005.092773
    OVFL=0.749821
    HPWL=(6921.948730, 2083.143799)
    POTN=1.672001E+05
    PHIC=3.785119E-08
    GRAD=1.722761E-02
    NuBT=2
    CPU =0.000122

ITER: 59
    HPWL=9004.884766
    OVFL=0.749821
    HPWL=(6921.741211, 2083.143311)
    POTN=1.669126E+05
    PHIC=3.974375E-08
    GRAD=1.722767E-02
    NuBT=2
    CPU =0.000123

ITER: 60
    HPWL=9004.439453
    OVFL=0.749821
    HPWL=(6921.296875, 2083.142578)
    POTN=1.667361E+05
    PHIC=4.173094E-08
    GRAD=1.722768E-02
    NuBT=2
    CPU =0.000123

ITER: 61
    HPWL=9004.007812
    OVFL=0.749821
    HPWL=(6920.865234, 2083.143066)
    POTN=1.665132E+05
    PHIC=4.381748E-08
    GRAD=1.722764E-02
    NuBT=2
    CPU =0.000122

ITER: 62
    HPWL=9004.002930
    OVFL=0.749821
    HPWL=(6920.859375, 2083.143311)
    POTN=1.663950E+05
    PHIC=4.600835E-08
    GRAD=1.722783E-02
    NuBT=1
    CPU =0.000083

ITER: 63
    HPWL=9003.542969
    OVFL=0.749821
    HPWL=(6920.399414, 2083.143311)
    POTN=1.662154E+05
    PHIC=4.830877E-08
    GRAD=1.722781E-02
    NuBT=1
    CPU =0.000086

ITER: 64
    HPWL=9002.445312
    OVFL=0.749821
    HPWL=(6919.301758, 2083.143555)
    POTN=1.661299E+05
    PHIC=5.072420E-08
    GRAD=1.722753E-02
    NuBT=1
    CPU =0.000084

ITER: 65
    HPWL=9001.608398
    OVFL=0.745747
    HPWL=(6918.464355, 2083.143799)
    POTN=1.653707E+05
    PHIC=5.326041E-08
    GRAD=1.722733E-02
    NuBT=1
    CPU =0.000093

ITER: 66
    HPWL=8997.748047
    OVFL=0.740189
    HPWL=(6914.604004, 2083.143799)
    POTN=1.644611E+05
    PHIC=5.592343E-08
    GRAD=1.758790E-02
    NuBT=3
    CPU =0.000163

ITER: 67
    HPWL=8997.480469
    OVFL=0.734535
    HPWL=(6914.336914, 2083.143799)
    POTN=1.635557E+05
    PHIC=5.871960E-08
    GRAD=1.809567E-02
    NuBT=2
    CPU =0.000124

ITER: 68
    HPWL=8997.339844
    OVFL=0.729007
    HPWL=(6914.195801, 2083.143555)
    POTN=1.626885E+05
    PHIC=6.165558E-08
    GRAD=1.862580E-02
    NuBT=2
    CPU =0.000126

ITER: 69
    HPWL=8996.877930
    OVFL=0.723644
    HPWL=(6913.734375, 2083.143799)
    POTN=1.618635E+05
    PHIC=6.473835E-08
    GRAD=1.915579E-02
    NuBT=2
    CPU =0.000124

ITER: 70
    HPWL=8996.332031
    OVFL=0.721640
    HPWL=(6913.187988, 2083.143555)
    POTN=1.610907E+05
    PHIC=6.797526E-08
    GRAD=1.968783E-02
    NuBT=2
    CPU =0.000123

ITER: 71
    HPWL=8996.098633
    OVFL=0.720203
    HPWL=(6912.955078, 2083.143555)
    POTN=1.603702E+05
    PHIC=7.137402E-08
    GRAD=1.989078E-02
    NuBT=1
    CPU =0.000083

ITER: 72
    HPWL=8995.898438
    OVFL=0.718930
    HPWL=(6912.755371, 2083.143066)
    POTN=1.597129E+05
    PHIC=7.494273E-08
    GRAD=2.004044E-02
    NuBT=1
    CPU =0.000085

ITER: 73
    HPWL=8995.674805
    OVFL=0.717829
    HPWL=(6912.530762, 2083.143799)
    POTN=1.591180E+05
    PHIC=7.868986E-08
    GRAD=2.017121E-02
    NuBT=1
    CPU =0.000082

ITER: 74
    HPWL=8995.635742
    OVFL=0.716872
    HPWL=(6912.492188, 2083.143555)
    POTN=1.585799E+05
    PHIC=8.262435E-08
    GRAD=2.028267E-02
    NuBT=1
    CPU =0.000092

ITER: 75
    HPWL=8995.669922
    OVFL=0.716101
    HPWL=(6912.525879, 2083.143555)
    POTN=1.580803E+05
    PHIC=8.675556E-08
    GRAD=2.038307E-02
    NuBT=1
    CPU =0.000084

ITER: 76
    HPWL=8995.816406
    OVFL=0.715443
    HPWL=(6912.672852, 2083.143555)
    POTN=1.576275E+05
    PHIC=9.109333E-08
    GRAD=2.046498E-02
    NuBT=1
    CPU =0.000084

ITER: 77
    HPWL=8995.998047
    OVFL=0.714969
    HPWL=(6912.854492, 2083.143799)
    POTN=1.571930E+05
    PHIC=9.564800E-08
    GRAD=2.053362E-02
    NuBT=2
    CPU =0.000123

ITER: 78
    HPWL=8996.146484
    OVFL=0.714526
    HPWL=(6913.002441, 2083.143555)
    POTN=1.568174E+05
    PHIC=1.004304E-07
    GRAD=2.058408E-02
    NuBT=2
    CPU =0.000123

ITER: 79
    HPWL=8996.248047
    OVFL=0.714295
    HPWL=(6913.104980, 2083.143311)
    POTN=1.564381E+05
    PHIC=1.054519E-07
    GRAD=2.062936E-02
    NuBT=2
    CPU =0.000125

ITER: 80
    HPWL=8996.537109
    OVFL=0.714087
    HPWL=(6913.393555, 2083.143799)
    POTN=1.561242E+05
    PHIC=1.107245E-07
    GRAD=2.065332E-02
    NuBT=1
    CPU =0.000084

ITER: 81
    HPWL=8996.578125
    OVFL=0.714073
    HPWL=(6913.435059, 2083.143555)
    POTN=1.557852E+05
    PHIC=1.162607E-07
    GRAD=2.067297E-02
    NuBT=2
    CPU =0.000123

ITER: 82
    HPWL=8996.634766
    OVFL=0.714068
    HPWL=(6913.491699, 2083.143311)
    POTN=1.555174E+05
    PHIC=1.220737E-07
    GRAD=2.067370E-02
    NuBT=1
    CPU =0.000084

ITER: 83
    HPWL=8996.911133
    OVFL=0.714260
    HPWL=(6913.768066, 2083.143311)
    POTN=1.551979E+05
    PHIC=1.281774E-07
    GRAD=2.067405E-02
    NuBT=1
    CPU =0.000085

ITER: 84
    HPWL=8997.201172
    OVFL=0.714434
    HPWL=(6914.057617, 2083.143555)
    POTN=1.549635E+05
    PHIC=1.345863E-07
    GRAD=2.065566E-02
    NuBT=1
    CPU =0.000096

ITER: 85
    HPWL=8997.366211
    OVFL=0.714803
    HPWL=(6914.223145, 2083.143311)
    POTN=1.546680E+05
    PHIC=1.413156E-07
    GRAD=2.063771E-02
    NuBT=1
    CPU =0.000084

ITER: 86
    HPWL=8997.517578
    OVFL=0.715125
    HPWL=(6914.374512, 2083.143311)
    POTN=1.544603E+05
    PHIC=1.483814E-07
    GRAD=2.060124E-02
    NuBT=1
    CPU =0.000083

ITER: 87
    HPWL=8997.682617
    OVFL=0.715644
    HPWL=(6914.539062, 2083.143555)
    POTN=1.541838E+05
    PHIC=1.558004E-07
    GRAD=2.056736E-02
    NuBT=1
    CPU =0.000084

ITER: 88
    HPWL=8998.111328
    OVFL=0.716098
    HPWL=(6914.967773, 2083.143066)
    POTN=1.539956E+05
    PHIC=1.635904E-07
    GRAD=2.051298E-02
    NuBT=1
    CPU =0.000087

ITER: 89
    HPWL=8998.397461
    OVFL=0.716757
    HPWL=(6915.254395, 2083.143311)
    POTN=1.537228E+05
    PHIC=1.717699E-07
    GRAD=2.046541E-02
    NuBT=1
    CPU =0.000083

ITER: 90
    HPWL=8998.677734
    OVFL=0.717304
    HPWL=(6915.534668, 2083.143311)
    POTN=1.535723E+05
    PHIC=1.803584E-07
    GRAD=2.039586E-02
    NuBT=1
    CPU =0.000084

ITER: 91
    HPWL=8998.855469
    OVFL=0.718049
    HPWL=(6915.711426, 2083.143555)
    POTN=1.532886E+05
    PHIC=1.893763E-07
    GRAD=2.034017E-02
    NuBT=1
    CPU =0.000084

ITER: 92
    HPWL=8999.244141
    OVFL=0.718685
    HPWL=(6916.101074, 2083.143311)
    POTN=1.531184E+05
    PHIC=1.988451E-07
    GRAD=2.026122E-02
    NuBT=1
    CPU =0.000083

ITER: 93
    HPWL=8999.554688
    OVFL=0.719499
    HPWL=(6916.411133, 2083.143555)
    POTN=1.528543E+05
    PHIC=2.087874E-07
    GRAD=2.019633E-02
    NuBT=1
    CPU =0.000084

ITER: 94
    HPWL=9000.012695
    OVFL=0.720198
    HPWL=(6916.869141, 2083.143555)
    POTN=1.527038E+05
    PHIC=2.192267E-07
    GRAD=2.011185E-02
    NuBT=1
    CPU =0.000084

ITER: 95
    HPWL=9000.229492
    OVFL=0.721046
    HPWL=(6917.085938, 2083.143311)
    POTN=1.524136E+05
    PHIC=2.301880E-07
    GRAD=2.004118E-02
    NuBT=1
    CPU =0.000085

ITER: 96
    HPWL=9000.755859
    OVFL=0.721763
    HPWL=(6917.612793, 2083.143555)
    POTN=1.522377E+05
    PHIC=2.416974E-07
    GRAD=1.995360E-02
    NuBT=1
    CPU =0.000092

ITER: 97
    HPWL=9000.958984
    OVFL=0.722611
    HPWL=(6917.815430, 2083.143555)
    POTN=1.519119E+05
    PHIC=2.537823E-07
    GRAD=1.988308E-02
    NuBT=1
    CPU =0.000083

ITER: 98
    HPWL=9001.388672
    OVFL=0.724410
    HPWL=(6918.245117, 2083.143555)
    POTN=1.516825E+05
    PHIC=2.664713E-07
    GRAD=1.979771E-02
    NuBT=1
    CPU =0.000085

ITER: 99
    HPWL=9001.656250
    OVFL=0.727073
    HPWL=(6918.513184, 2083.143311)
    POTN=1.512701E+05
    PHIC=2.797949E-07
    GRAD=1.961432E-02
    NuBT=1
    CPU =0.000086

ITER: 100
    HPWL=9001.427734
    OVFL=0.729582
    HPWL=(6918.283691, 2083.143555)
    POTN=1.509752E+05
    PHIC=2.937846E-07
    GRAD=1.934774E-02
    NuBT=1
    CPU =0.000084

ITER: 101
    HPWL=9000.490234
    OVFL=0.732056
    HPWL=(6917.347168, 2083.143555)
    POTN=1.505385E+05
    PHIC=3.084739E-07
    GRAD=1.910188E-02
    NuBT=1
    CPU =0.000082

ITER: 102
    HPWL=9000.675781
    OVFL=0.734335
    HPWL=(6917.532715, 2083.143555)
    POTN=1.501923E+05
    PHIC=3.238975E-07
    GRAD=1.886280E-02
    NuBT=1
    CPU =0.000089

ITER: 103
    HPWL=9001.659180
    OVFL=0.736554
    HPWL=(6918.515137, 2083.143799)
    POTN=1.496806E+05
    PHIC=3.400924E-07
    GRAD=1.864427E-02
    NuBT=1
    CPU =0.000084

ITER: 104
    HPWL=9002.679688
    OVFL=0.738525
    HPWL=(6919.536621, 2083.143555)
    POTN=1.492532E+05
    PHIC=3.570969E-07
    GRAD=1.843432E-02
    NuBT=2
    CPU =0.000123

ITER: 105
    HPWL=9003.463867
    OVFL=0.740384
    HPWL=(6920.319824, 2083.143799)
    POTN=1.485301E+05
    PHIC=3.749517E-07
    GRAD=1.825121E-02
    NuBT=1
    CPU =0.000083

ITER: 106
    HPWL=9004.443359
    OVFL=0.741953
    HPWL=(6921.300293, 2083.143311)
    POTN=1.478921E+05
    PHIC=3.936992E-07
    GRAD=1.807893E-02
    NuBT=1
    CPU =0.000086

ITER: 107
    HPWL=9004.680664
    OVFL=0.743398
    HPWL=(6921.537598, 2083.143311)
    POTN=1.470674E+05
    PHIC=4.133842E-07
    GRAD=1.793275E-02
    NuBT=1
    CPU =0.000092

ITER: 108
    HPWL=9005.119141
    OVFL=0.744523
    HPWL=(6921.975586, 2083.143555)
    POTN=1.463632E+05
    PHIC=4.340533E-07
    GRAD=1.779945E-02
    NuBT=1
    CPU =0.000084

ITER: 109
    HPWL=9005.458984
    OVFL=0.745500
    HPWL=(6922.315430, 2083.143066)
    POTN=1.453345E+05
    PHIC=4.557560E-07
    GRAD=1.769801E-02
    NuBT=1
    CPU =0.000084

ITER: 110
    HPWL=9006.371094
    OVFL=0.746129
    HPWL=(6923.227539, 2083.143066)
    POTN=1.443734E+05
    PHIC=4.785437E-07
    GRAD=1.761191E-02
    NuBT=1
    CPU =0.000086

ITER: 111
    HPWL=9007.054688
    OVFL=0.746620
    HPWL=(6923.909668, 2083.145508)
    POTN=1.431290E+05
    PHIC=5.024708E-07
    GRAD=1.755566E-02
    NuBT=1
    CPU =0.000084

ITER: 112
    HPWL=9007.717773
    OVFL=0.746743
    HPWL=(6924.561035, 2083.156982)
    POTN=1.421773E+05
    PHIC=5.275942E-07
    GRAD=1.751211E-02
    NuBT=1
    CPU =0.000086

ITER: 113
    HPWL=9007.831055
    OVFL=0.746739
    HPWL=(6924.651855, 2083.178955)
    POTN=1.408663E+05
    PHIC=5.539738E-07
    GRAD=1.750268E-02
    NuBT=1
    CPU =0.000085

ITER: 114
    HPWL=9008.477539
    OVFL=0.746321
    HPWL=(6925.270020, 2083.207764)
    POTN=1.398571E+05
    PHIC=5.816725E-07
    GRAD=1.750344E-02
    NuBT=1
    CPU =0.000083

ITER: 115
    HPWL=9009.028320
    OVFL=0.745758
    HPWL=(6925.772949, 2083.255615)
    POTN=1.386376E+05
    PHIC=6.107560E-07
    GRAD=1.754022E-02
    NuBT=1
    CPU =0.000083

ITER: 116
    HPWL=9009.762695
    OVFL=0.744726
    HPWL=(6926.492188, 2083.270752)
    POTN=1.376306E+05
    PHIC=6.412937E-07
    GRAD=1.759129E-02
    NuBT=1
    CPU =0.000084

ITER: 117
    HPWL=9010.095703
    OVFL=0.743522
    HPWL=(6926.783203, 2083.312500)
    POTN=1.362421E+05
    PHIC=6.733583E-07
    GRAD=1.768373E-02
    NuBT=1
    CPU =0.000084

ITER: 118
    HPWL=9010.531250
    OVFL=0.741794
    HPWL=(6927.155273, 2083.375977)
    POTN=1.350211E+05
    PHIC=7.070261E-07
    GRAD=1.779623E-02
    NuBT=1
    CPU =0.000083

ITER: 119
    HPWL=9010.759766
    OVFL=0.739842
    HPWL=(6927.370605, 2083.389648)
    POTN=1.333098E+05
    PHIC=7.423774E-07
    GRAD=1.795376E-02
    NuBT=1
    CPU =0.000093

ITER: 120
    HPWL=9011.484375
    OVFL=0.737337
    HPWL=(6928.074219, 2083.410645)
    POTN=1.317934E+05
    PHIC=7.794961E-07
    GRAD=1.813600E-02
    NuBT=1
    CPU =0.000085

ITER: 121
    HPWL=9011.820312
    OVFL=0.734597
    HPWL=(6928.355469, 2083.464355)
    POTN=1.298771E+05
    PHIC=8.184709E-07
    GRAD=1.836697E-02
    NuBT=1
    CPU =0.000086

ITER: 122
    HPWL=9012.295898
    OVFL=0.731263
    HPWL=(6928.753418, 2083.542480)
    POTN=1.283435E+05
    PHIC=8.593943E-07
    GRAD=1.862426E-02
    NuBT=1
    CPU =0.000083

ITER: 123
    HPWL=9012.310547
    OVFL=0.727709
    HPWL=(6928.641602, 2083.669189)
    POTN=1.265698E+05
    PHIC=9.023639E-07
    GRAD=1.894520E-02
    NuBT=1
    CPU =0.000084

ITER: 124
    HPWL=9012.591797
    OVFL=0.723547
    HPWL=(6928.749023, 2083.842529)
    POTN=1.252698E+05
    PHIC=9.474821E-07
    GRAD=1.929621E-02
    NuBT=1
    CPU =0.000083

ITER: 125
    HPWL=9012.537109
    OVFL=0.721563
    HPWL=(6928.490723, 2084.046387)
    POTN=1.234354E+05
    PHIC=9.948561E-07
    GRAD=1.970964E-02
    NuBT=1
    CPU =0.000083

ITER: 126
    HPWL=9013.073242
    OVFL=0.720030
    HPWL=(6928.792480, 2084.280518)
    POTN=1.219619E+05
    PHIC=1.044599E-06
    GRAD=1.991160E-02
    NuBT=1
    CPU =0.000084

ITER: 127
    HPWL=9014.119141
    OVFL=0.718353
    HPWL=(6929.565430, 2084.553711)
    POTN=1.199059E+05
    PHIC=1.096829E-06
    GRAD=2.007011E-02
    NuBT=1
    CPU =0.000082

ITER: 128
    HPWL=9015.482422
    OVFL=0.716502
    HPWL=(6930.620117, 2084.862061)
    POTN=1.182805E+05
    PHIC=1.151670E-06
    GRAD=2.024481E-02
    NuBT=1
    CPU =0.000085

ITER: 129
    HPWL=9015.518555
    OVFL=0.714532
    HPWL=(6930.311035, 2085.207520)
    POTN=1.161599E+05
    PHIC=1.209253E-06
    GRAD=2.043439E-02
    NuBT=1
    CPU =0.000082

ITER: 130
    HPWL=9015.619141
    OVFL=0.712359
    HPWL=(6930.023926, 2085.594727)
    POTN=1.146740E+05
    PHIC=1.269716E-06
    GRAD=2.064318E-02
    NuBT=1
    CPU =0.000084

ITER: 131
    HPWL=9015.452148
    OVFL=0.710245
    HPWL=(6929.431152, 2086.021240)
    POTN=1.127515E+05
    PHIC=1.333201E-06
    GRAD=2.087181E-02
    NuBT=1
    CPU =0.000094

ITER: 132
    HPWL=9016.373047
    OVFL=0.710271
    HPWL=(6929.764160, 2086.609131)
    POTN=1.113620E+05
    PHIC=1.399861E-06
    GRAD=2.109736E-02
    NuBT=1
    CPU =0.000086

ITER: 133
    HPWL=9016.945312
    OVFL=0.710245
    HPWL=(6929.642090, 2087.302734)
    POTN=1.094870E+05
    PHIC=1.469854E-06
    GRAD=2.109692E-02
    NuBT=1
    CPU =0.000084

ITER: 134
    HPWL=9017.763672
    OVFL=0.710267
    HPWL=(6929.719238, 2088.044678)
    POTN=1.082209E+05
    PHIC=1.543346E-06
    GRAD=2.109810E-02
    NuBT=1
    CPU =0.000082

ITER: 135
    HPWL=9017.736328
    OVFL=0.710226
    HPWL=(6928.905762, 2088.830078)
    POTN=1.064368E+05
    PHIC=1.620514E-06
    GRAD=2.109579E-02
    NuBT=1
    CPU =0.000083

ITER: 136
    HPWL=9018.659180
    OVFL=0.710261
    HPWL=(6928.871582, 2089.787842)
    POTN=1.052597E+05
    PHIC=1.701539E-06
    GRAD=2.110373E-02
    NuBT=1
    CPU =0.000086

ITER: 137
    HPWL=9019.440430
    OVFL=0.710220
    HPWL=(6928.590332, 2090.849854)
    POTN=1.035791E+05
    PHIC=1.786616E-06
    GRAD=2.109554E-02
    NuBT=1
    CPU =0.000083

ITER: 138
    HPWL=9020.263672
    OVFL=0.710257
    HPWL=(6928.295898, 2091.967529)
    POTN=1.025254E+05
    PHIC=1.875946E-06
    GRAD=2.110262E-02
    NuBT=1
    CPU =0.000082

ITER: 139
    HPWL=9020.443359
    OVFL=0.710203
    HPWL=(6927.168457, 2093.275146)
    POTN=1.010306E+05
    PHIC=1.969743E-06
    GRAD=2.109296E-02
    NuBT=1
    CPU =0.000082

ITER: 140
    HPWL=9021.991211
    OVFL=0.710252
    HPWL=(6926.825684, 2095.165527)
    POTN=9.992208E+04
    PHIC=2.068230E-06
    GRAD=2.110104E-02
    NuBT=1
    CPU =0.000082

ITER: 141
    HPWL=9023.839844
    OVFL=0.710185
    HPWL=(6926.403809, 2097.435791)
    POTN=9.819020E+04
    PHIC=2.171641E-06
    GRAD=2.109222E-02
    NuBT=1
    CPU =0.000082

ITER: 142
    HPWL=9027.456055
    OVFL=0.710249
    HPWL=(6926.790039, 2100.666260)
    POTN=9.695751E+04
    PHIC=2.280222E-06
    GRAD=2.110235E-02
    NuBT=1
    CPU =0.000082

ITER: 143
    HPWL=9030.865234
    OVFL=0.710174
    HPWL=(6926.181152, 2104.683594)
    POTN=9.511409E+04
    PHIC=2.394232E-06
    GRAD=2.109183E-02
    NuBT=1
    CPU =0.000098

ITER: 144
    HPWL=9035.182617
    OVFL=0.710239
    HPWL=(6925.957520, 2109.225098)
    POTN=9.385861E+04
    PHIC=2.513942E-06
    GRAD=2.110079E-02
    NuBT=1
    CPU =0.000084

ITER: 145
    HPWL=9039.971680
    OVFL=0.710374
    HPWL=(6925.533691, 2114.437744)
    POTN=9.200516E+04
    PHIC=2.639637E-06
    GRAD=2.109182E-02
    NuBT=1
    CPU =0.000084

ITER: 146
    HPWL=9045.866211
    OVFL=0.715055
    HPWL=(6925.647949, 2120.218262)
    POTN=9.078074E+04
    PHIC=2.771616E-06
    GRAD=2.108029E-02
    NuBT=1
    CPU =0.000084

ITER: 147
    HPWL=9051.824219
    OVFL=0.718644
    HPWL=(6925.214355, 2126.609375)
    POTN=8.881988E+04
    PHIC=2.910195E-06
    GRAD=2.057702E-02
    NuBT=1
    CPU =0.000084

ITER: 148
    HPWL=9056.550781
    OVFL=0.719842
    HPWL=(6922.939941, 2133.611328)
    POTN=8.715370E+04
    PHIC=3.055702E-06
    GRAD=2.019752E-02
    NuBT=1
    CPU =0.000083

ITER: 149
    HPWL=9063.093750
    OVFL=0.721182
    HPWL=(6921.812988, 2141.280762)
    POTN=8.495078E+04
    PHIC=3.208484E-06
    GRAD=2.007254E-02
    NuBT=1
    CPU =0.000082

ITER: 150
    HPWL=9072.943359
    OVFL=0.723384
    HPWL=(6923.350586, 2149.592285)
    POTN=8.340548E+04
    PHIC=3.368904E-06
    GRAD=1.993854E-02
    NuBT=1
    CPU =0.000082

ITER: 151
    HPWL=9081.750977
    OVFL=0.724988
    HPWL=(6923.306152, 2158.444824)
    POTN=8.143105E+04
    PHIC=3.537345E-06
    GRAD=1.971587E-02
    NuBT=1
    CPU =0.000083

ITER: 152
    HPWL=9088.993164
    OVFL=0.726675
    HPWL=(6921.428711, 2167.564453)
    POTN=8.042476E+04
    PHIC=3.714208E-06
    GRAD=1.954784E-02
    NuBT=1
    CPU =0.000085

ITER: 153
    HPWL=9096.788086
    OVFL=0.717394
    HPWL=(6919.677246, 2177.110596)
    POTN=7.789332E+04
    PHIC=3.899914E-06
    GRAD=1.938001E-02
    NuBT=1
    CPU =0.000083

ITER: 154
    HPWL=9100.659180
    OVFL=0.693449
    HPWL=(6914.049316, 2186.609863)
    POTN=7.448791E+04
    PHIC=4.094907E-06
    GRAD=2.031043E-02
    NuBT=2
    CPU =0.000135

ITER: 155
    HPWL=9103.519531
    OVFL=0.683438
    HPWL=(6907.805664, 2195.714355)
    POTN=7.114905E+04
    PHIC=4.299650E-06
    GRAD=2.293995E-02
    NuBT=3
    CPU =0.000168

ITER: 156
    HPWL=9108.612305
    OVFL=0.684448
    HPWL=(6904.001465, 2204.610596)
    POTN=6.825073E+04
    PHIC=4.514629E-06
    GRAD=2.414154E-02
    NuBT=1
    CPU =0.000085

ITER: 157
    HPWL=9115.904297
    OVFL=0.685204
    HPWL=(6902.881836, 2213.022949)
    POTN=6.597277E+04
    PHIC=4.740356E-06
    GRAD=2.401745E-02
    NuBT=1
    CPU =0.000082

ITER: 158
    HPWL=9124.080078
    OVFL=0.685523
    HPWL=(6904.032715, 2220.047852)
    POTN=6.446927E+04
    PHIC=4.977368E-06
    GRAD=2.392659E-02
    NuBT=2
    CPU =0.000125

ITER: 159
    HPWL=9130.409180
    OVFL=0.685974
    HPWL=(6903.540527, 2226.868408)
    POTN=6.321063E+04
    PHIC=5.226231E-06
    GRAD=2.388513E-02
    NuBT=2
    CPU =0.000127

ITER: 160
    HPWL=9137.695312
    OVFL=0.685912
    HPWL=(6904.725098, 2232.969727)
    POTN=6.233446E+04
    PHIC=5.487537E-06
    GRAD=2.382855E-02
    NuBT=2
    CPU =0.000125

ITER: 161
    HPWL=9142.993164
    OVFL=0.691204
    HPWL=(6904.779297, 2238.213867)
    POTN=6.180680E+04
    PHIC=5.761909E-06
    GRAD=2.383586E-02
    NuBT=2
    CPU =0.000125

ITER: 162
    HPWL=9148.237305
    OVFL=0.695060
    HPWL=(6905.618652, 2242.618652)
    POTN=6.146800E+04
    PHIC=6.049999E-06
    GRAD=2.320130E-02
    NuBT=2
    CPU =0.000136

ITER: 163
    HPWL=9153.867188
    OVFL=0.695183
    HPWL=(6907.868164, 2245.999512)
    POTN=6.121012E+04
    PHIC=6.352494E-06
    GRAD=2.274909E-02
    NuBT=1
    CPU =0.000086

ITER: 164
    HPWL=9160.078125
    OVFL=0.694553
    HPWL=(6911.312012, 2248.766602)
    POTN=6.092470E+04
    PHIC=6.670112E-06
    GRAD=2.273812E-02
    NuBT=2
    CPU =0.000125

ITER: 165
    HPWL=9161.200195
    OVFL=0.693891
    HPWL=(6910.488281, 2250.712158)
    POTN=6.079239E+04
    PHIC=7.003616E-06
    GRAD=2.281051E-02
    NuBT=2
    CPU =0.000122

ITER: 166
    HPWL=9165.076172
    OVFL=0.692547
    HPWL=(6913.177734, 2251.897949)
    POTN=6.073071E+04
    PHIC=7.353793E-06
    GRAD=2.288492E-02
    NuBT=2
    CPU =0.000125

ITER: 167
    HPWL=9164.837891
    OVFL=0.691313
    HPWL=(6912.529785, 2252.307861)
    POTN=6.082436E+04
    PHIC=7.721482E-06
    GRAD=2.304661E-02
    NuBT=2
    CPU =0.000124

ITER: 168
    HPWL=9167.844727
    OVFL=0.689694
    HPWL=(6915.874023, 2251.970459)
    POTN=6.096324E+04
    PHIC=8.107551E-06
    GRAD=2.319048E-02
    NuBT=1
    CPU =0.000082

ITER: 169
    HPWL=9165.377930
    OVFL=0.688303
    HPWL=(6914.376465, 2251.001465)
    POTN=6.124645E+04
    PHIC=8.512929E-06
    GRAD=2.338604E-02
    NuBT=2
    CPU =0.000123

ITER: 170
    HPWL=9165.697266
    OVFL=0.686704
    HPWL=(6916.351562, 2249.345459)
    POTN=6.152841E+04
    PHIC=8.938575E-06
    GRAD=2.354748E-02
    NuBT=1
    CPU =0.000087

ITER: 171
    HPWL=9163.282227
    OVFL=0.685391
    HPWL=(6916.197266, 2247.084717)
    POTN=6.194759E+04
    PHIC=9.385503E-06
    GRAD=2.374622E-02
    NuBT=1
    CPU =0.000084

ITER: 172
    HPWL=9163.175781
    OVFL=0.683922
    HPWL=(6918.785645, 2244.390625)
    POTN=6.230956E+04
    PHIC=9.854778E-06
    GRAD=2.390572E-02
    NuBT=1
    CPU =0.000094

ITER: 173
    HPWL=9158.542969
    OVFL=0.682723
    HPWL=(6917.171875, 2241.370850)
    POTN=6.276183E+04
    PHIC=1.034752E-05
    GRAD=2.408631E-02
    NuBT=1
    CPU =0.000084

ITER: 174
    HPWL=9156.627930
    OVFL=0.681062
    HPWL=(6918.544434, 2238.083496)
    POTN=6.305989E+04
    PHIC=1.086489E-05
    GRAD=2.423334E-02
    NuBT=1
    CPU =0.000082

ITER: 175
    HPWL=9151.285156
    OVFL=0.678376
    HPWL=(6916.594727, 2234.689941)
    POTN=6.331131E+04
    PHIC=1.140814E-05
    GRAD=2.444038E-02
    NuBT=1
    CPU =0.000082

ITER: 176
    HPWL=9150.090820
    OVFL=0.675720
    HPWL=(6918.664062, 2231.426514)
    POTN=6.342183E+04
    PHIC=1.197854E-05
    GRAD=2.477450E-02
    NuBT=1
    CPU =0.000083

ITER: 177
    HPWL=9144.558594
    OVFL=0.674681
    HPWL=(6916.223145, 2228.335449)
    POTN=6.358636E+04
    PHIC=1.257747E-05
    GRAD=2.511069E-02
    NuBT=1
    CPU =0.000082

ITER: 178
    HPWL=9143.180664
    OVFL=0.676030
    HPWL=(6917.725098, 2225.455566)
    POTN=6.366134E+04
    PHIC=1.320634E-05
    GRAD=2.523773E-02
    NuBT=1
    CPU =0.000088

ITER: 179
    HPWL=9137.983398
    OVFL=0.677474
    HPWL=(6915.232422, 2222.750977)
    POTN=6.401943E+04
    PHIC=1.386666E-05
    GRAD=2.506662E-02
    NuBT=1
    CPU =0.000087

ITER: 180
    HPWL=9137.925781
    OVFL=0.678882
    HPWL=(6917.399414, 2220.526855)
    POTN=6.427661E+04
    PHIC=1.455999E-05
    GRAD=2.487768E-02
    NuBT=1
    CPU =0.000083

ITER: 181
    HPWL=9132.529297
    OVFL=0.680135
    HPWL=(6913.423828, 2219.104980)
    POTN=6.461995E+04
    PHIC=1.528799E-05
    GRAD=2.469805E-02
    NuBT=1
    CPU =0.000082

ITER: 182
    HPWL=9134.782227
    OVFL=0.681284
    HPWL=(6916.453125, 2218.329346)
    POTN=6.481090E+04
    PHIC=1.605238E-05
    GRAD=2.453978E-02
    NuBT=1
    CPU =0.000083

ITER: 183
    HPWL=9131.494141
    OVFL=0.682328
    HPWL=(6913.167480, 2218.326172)
    POTN=6.493403E+04
    PHIC=1.685500E-05
    GRAD=2.439263E-02
    NuBT=1
    CPU =0.000096

ITER: 184
    HPWL=9136.218750
    OVFL=0.683078
    HPWL=(6916.638184, 2219.580078)
    POTN=6.482437E+04
    PHIC=1.769774E-05
    GRAD=2.425803E-02
    NuBT=1
    CPU =0.000086

ITER: 185
    HPWL=9135.028320
    OVFL=0.683805
    HPWL=(6913.454102, 2221.573975)
    POTN=6.462321E+04
    PHIC=1.858262E-05
    GRAD=2.416598E-02
    NuBT=1
    CPU =0.000084

ITER: 186
    HPWL=9140.896484
    OVFL=0.684491
    HPWL=(6916.788574, 2224.108154)
    POTN=6.421431E+04
    PHIC=1.951174E-05
    GRAD=2.407453E-02
    NuBT=1
    CPU =0.000084

ITER: 187
    HPWL=9142.456055
    OVFL=0.684993
    HPWL=(6914.189453, 2228.266602)
    POTN=6.348107E+04
    PHIC=2.048732E-05
    GRAD=2.399122E-02
    NuBT=1
    CPU =0.000083

ITER: 188
    HPWL=9150.675781
    OVFL=0.685342
    HPWL=(6917.742676, 2232.933105)
    POTN=6.255466E+04
    PHIC=2.151166E-05
    GRAD=2.392739E-02
    NuBT=1
    CPU =0.000084

ITER: 189
    HPWL=9152.652344
    OVFL=0.689156
    HPWL=(6914.669922, 2237.982422)
    POTN=6.173049E+04
    PHIC=2.258724E-05
    GRAD=2.388855E-02
    NuBT=1
    CPU =0.000084

ITER: 190
    HPWL=9160.363281
    OVFL=0.694122
    HPWL=(6917.778320, 2242.584717)
    POTN=6.102860E+04
    PHIC=2.371657E-05
    GRAD=2.342168E-02
    NuBT=1
    CPU =0.000084

ITER: 191
    HPWL=9160.789062
    OVFL=0.695717
    HPWL=(6913.685059, 2247.104492)
    POTN=6.033676E+04
    PHIC=2.490240E-05
    GRAD=2.283441E-02
    NuBT=1
    CPU =0.000085

ITER: 192
    HPWL=9167.582031
    OVFL=0.696074
    HPWL=(6915.920898, 2251.661621)
    POTN=5.934183E+04
    PHIC=2.614749E-05
    GRAD=2.264177E-02
    NuBT=1
    CPU =0.000084

ITER: 193
    HPWL=9170.355469
    OVFL=0.695489
    HPWL=(6914.526855, 2255.829102)
    POTN=5.875056E+04
    PHIC=2.745486E-05
    GRAD=2.259863E-02
    NuBT=1
    CPU =0.000086

ITER: 194
    HPWL=9177.725586
    OVFL=0.695592
    HPWL=(6918.052734, 2259.672607)
    POTN=5.801141E+04
    PHIC=2.882757E-05
    GRAD=2.266556E-02
    NuBT=2
    CPU =0.000124

ITER: 195
    HPWL=9188.943359
    OVFL=0.694270
    HPWL=(6914.784180, 2274.159180)
    POTN=5.614107E+04
    PHIC=3.026890E-05
    GRAD=2.265763E-02
    NuBT=1
    CPU =0.000095

ITER: 196
    HPWL=9233.562500
    OVFL=0.694790
    HPWL=(6923.602051, 2309.959961)
    POTN=5.329452E+04
    PHIC=3.178214E-05
    GRAD=2.283560E-02
    NuBT=1
    CPU =0.000084

ITER: 197
    HPWL=9265.134766
    OVFL=0.691613
    HPWL=(6923.848145, 2341.286865)
    POTN=5.068866E+04
    PHIC=3.337110E-05
    GRAD=2.280056E-02
    NuBT=2
    CPU =0.000124

ITER: 198
    HPWL=9323.597656
    OVFL=0.659157
    HPWL=(6931.927246, 2391.669922)
    POTN=4.625289E+04
    PHIC=3.503936E-05
    GRAD=2.320343E-02
    NuBT=2
    CPU =0.000125

ITER: 199
    HPWL=9310.133789
    OVFL=0.643662
    HPWL=(6917.081543, 2393.052002)
    POTN=4.037632E+04
    PHIC=3.679133E-05
    GRAD=2.726613E-02
    NuBT=2
    CPU =0.000125

ITER: 200
    HPWL=9334.763672
    OVFL=0.644973
    HPWL=(6912.654297, 2422.109131)
    POTN=3.699055E+04
    PHIC=3.863076E-05
    GRAD=2.949089E-02
    NuBT=1
    CPU =0.000085

ITER: 201
    HPWL=9364.374023
    OVFL=0.644470
    HPWL=(6917.801758, 2446.572021)
    POTN=3.459462E+04
    PHIC=4.056212E-05
    GRAD=2.933575E-02
    NuBT=1
    CPU =0.000083

ITER: 202
    HPWL=9395.313477
    OVFL=0.649936
    HPWL=(6916.808105, 2478.505371)
    POTN=3.281408E+04
    PHIC=4.259005E-05
    GRAD=2.943857E-02
    NuBT=2
    CPU =0.000126

ITER: 203
    HPWL=9438.905273
    OVFL=0.644478
    HPWL=(6922.009277, 2516.895996)
    POTN=3.127458E+04
    PHIC=4.471927E-05
    GRAD=2.865979E-02
    NuBT=2
    CPU =0.000123

ITER: 204
    HPWL=9469.042969
    OVFL=0.611446
    HPWL=(6918.952637, 2550.089844)
    POTN=2.804032E+04
    PHIC=4.695504E-05
    GRAD=2.947458E-02
    NuBT=2
    CPU =0.000142

ITER: 205
    HPWL=9478.657227
    OVFL=0.609609
    HPWL=(6906.255371, 2572.401611)
    POTN=2.600427E+04
    PHIC=4.930272E-05
    GRAD=3.473667E-02
    NuBT=2
    CPU =0.000136

ITER: 206
    HPWL=9496.673828
    OVFL=0.613043
    HPWL=(6901.549805, 2595.123779)
    POTN=2.489421E+04
    PHIC=5.176772E-05
    GRAD=3.504542E-02
    NuBT=1
    CPU =0.000093

ITER: 207
    HPWL=9530.611328
    OVFL=0.612550
    HPWL=(6909.620605, 2620.991211)
    POTN=2.428763E+04
    PHIC=5.435585E-05
    GRAD=3.446709E-02
    NuBT=2
    CPU =0.000144

ITER: 208
    HPWL=9550.668945
    OVFL=0.617952
    HPWL=(6906.280273, 2644.388428)
    POTN=2.407539E+04
    PHIC=5.707347E-05
    GRAD=3.454849E-02
    NuBT=2
    CPU =0.000145

ITER: 209
    HPWL=9590.592773
    OVFL=0.615785
    HPWL=(6915.966797, 2674.625732)
    POTN=2.360052E+04
    PHIC=5.992681E-05
    GRAD=3.363179E-02
    NuBT=2
    CPU =0.000157

ITER: 210
    HPWL=9618.132812
    OVFL=0.618028
    HPWL=(6915.583984, 2702.549072)
    POTN=2.355989E+04
    PHIC=6.292290E-05
    GRAD=3.402174E-02
    NuBT=2
    CPU =0.000157

ITER: 211
    HPWL=9649.576172
    OVFL=0.604735
    HPWL=(6922.114258, 2727.462402)
    POTN=2.254945E+04
    PHIC=6.606875E-05
    GRAD=3.364507E-02
    NuBT=2
    CPU =0.000165

ITER: 212
    HPWL=9648.513672
    OVFL=0.595345
    HPWL=(6917.534668, 2730.979004)
    POTN=2.199375E+04
    PHIC=6.937219E-05
    GRAD=3.594320E-02
    NuBT=2
    CPU =0.000157

ITER: 213
    HPWL=9661.703125
    OVFL=0.582613
    HPWL=(6922.419922, 2739.283691)
    POTN=2.103326E+04
    PHIC=7.284066E-05
    GRAD=3.770733E-02
    NuBT=2
    CPU =0.000155

ITER: 214
    HPWL=9651.544922
    OVFL=0.582810
    HPWL=(6918.798828, 2732.745605)
    POTN=2.079494E+04
    PHIC=7.648269E-05
    GRAD=4.017819E-02
    NuBT=2
    CPU =0.000152

ITER: 215
    HPWL=9667.633789
    OVFL=0.577856
    HPWL=(6924.895508, 2742.738037)
    POTN=2.039880E+04
    PHIC=8.030664E-05
    GRAD=4.018154E-02
    NuBT=1
    CPU =0.000093

ITER: 216
    HPWL=9659.085938
    OVFL=0.580502
    HPWL=(6922.597168, 2736.488525)
    POTN=2.060872E+04
    PHIC=8.432196E-05
    GRAD=4.116051E-02
    NuBT=2
    CPU =0.000112

ITER: 217
    HPWL=9675.365234
    OVFL=0.576596
    HPWL=(6926.391113, 2748.974365)
    POTN=2.054276E+04
    PHIC=8.853785E-05
    GRAD=4.064475E-02
    NuBT=1
    CPU =0.000055

ITER: 218
    HPWL=9661.110352
    OVFL=0.579468
    HPWL=(6922.988770, 2738.121338)
    POTN=2.102226E+04
    PHIC=9.296474E-05
    GRAD=4.140288E-02
    NuBT=2
    CPU =0.000094

ITER: 219
    HPWL=9665.021484
    OVFL=0.575365
    HPWL=(6923.781738, 2741.239258)
    POTN=2.095105E+04
    PHIC=9.761292E-05
    GRAD=4.079107E-02
    NuBT=1
    CPU =0.000054

ITER: 220
    HPWL=9657.115234
    OVFL=0.578426
    HPWL=(6921.965332, 2735.150391)
    POTN=2.118950E+04
    PHIC=1.024936E-04
    GRAD=4.163601E-02
    NuBT=1
    CPU =0.000125

ITER: 221
    HPWL=9668.923828
    OVFL=0.573967
    HPWL=(6924.138672, 2744.784912)
    POTN=2.093674E+04
    PHIC=1.076181E-04
    GRAD=4.099259E-02
    NuBT=1
    CPU =0.000065

ITER: 222
    HPWL=9652.121094
    OVFL=0.574125
    HPWL=(6919.708008, 2732.412842)
    POTN=2.099733E+04
    PHIC=1.129990E-04
    GRAD=4.189115E-02
    NuBT=1
    CPU =0.000062

ITER: 223
    HPWL=9662.399414
    OVFL=0.569063
    HPWL=(6921.065918, 2741.333252)
    POTN=2.045975E+04
    PHIC=1.186487E-04
    GRAD=4.183526E-02
    NuBT=1
    CPU =0.000060

ITER: 224
    HPWL=9657.001953
    OVFL=0.569044
    HPWL=(6919.101074, 2737.901367)
    POTN=2.009975E+04
    PHIC=1.245812E-04
    GRAD=4.291729E-02
    NuBT=1
    CPU =0.000060

ITER: 225
    HPWL=9674.488281
    OVFL=0.563915
    HPWL=(6921.145020, 2753.342773)
    POTN=1.931546E+04
    PHIC=1.308099E-04
    GRAD=4.292343E-02
    NuBT=1
    CPU =0.000060

ITER: 226
    HPWL=9668.661133
    OVFL=0.565391
    HPWL=(6920.279785, 2748.381592)
    POTN=1.885946E+04
    PHIC=1.373504E-04
    GRAD=4.402890E-02
    NuBT=1
    CPU =0.000060

ITER: 227
    HPWL=9680.527344
    OVFL=0.560751
    HPWL=(6920.177246, 2760.349609)
    POTN=1.813219E+04
    PHIC=1.442176E-04
    GRAD=4.367176E-02
    NuBT=1
    CPU =0.000061

ITER: 228
    HPWL=9674.199219
    OVFL=0.562381
    HPWL=(6920.935547, 2753.263428)
    POTN=1.785990E+04
    PHIC=1.514285E-04
    GRAD=4.466099E-02
    NuBT=1
    CPU =0.000060

ITER: 229
    HPWL=9682.457031
    OVFL=0.558643
    HPWL=(6919.618652, 2762.837891)
    POTN=1.734563E+04
    PHIC=1.589998E-04
    GRAD=4.425285E-02
    NuBT=1
    CPU =0.000060

ITER: 230
    HPWL=9680.062500
    OVFL=0.560994
    HPWL=(6922.263672, 2757.799316)
    POTN=1.718621E+04
    PHIC=1.669498E-04
    GRAD=4.505871E-02
    NuBT=1
    CPU =0.000060

ITER: 231
    HPWL=9689.171875
    OVFL=0.557464
    HPWL=(6919.949707, 2769.221924)
    POTN=1.676739E+04
    PHIC=1.752970E-04
    GRAD=4.449838E-02
    NuBT=1
    CPU =0.000060

ITER: 232
    HPWL=9682.654297
    OVFL=0.560619
    HPWL=(6924.264160, 2758.390137)
    POTN=1.677898E+04
    PHIC=1.840618E-04
    GRAD=4.525148E-02
    NuBT=1
    CPU =0.000060

ITER: 233
    HPWL=9679.566406
    OVFL=0.557640
    HPWL=(6919.809570, 2759.756348)
    POTN=1.656819E+04
    PHIC=1.932649E-04
    GRAD=4.448703E-02
    NuBT=1
    CPU =0.000060

ITER: 234
    HPWL=9668.296875
    OVFL=0.560103
    HPWL=(6924.156250, 2744.141113)
    POTN=1.666983E+04
    PHIC=2.029282E-04
    GRAD=4.507998E-02
    NuBT=1
    CPU =0.000060

ITER: 235
    HPWL=9665.130859
    OVFL=0.556721
    HPWL=(6919.401855, 2745.728760)
    POTN=1.651952E+04
    PHIC=2.130746E-04
    GRAD=4.447768E-02
    NuBT=1
    CPU =0.000060

ITER: 236
    HPWL=9664.643555
    OVFL=0.558013
    HPWL=(6925.982422, 2738.661133)
    POTN=1.649350E+04
    PHIC=2.237283E-04
    GRAD=4.518099E-02
    NuBT=1
    CPU =0.000124

ITER: 237
    HPWL=9664.728516
    OVFL=0.553361
    HPWL=(6920.691895, 2744.036865)
    POTN=1.632129E+04
    PHIC=2.349147E-04
    GRAD=4.485204E-02
    NuBT=1
    CPU =0.000089

ITER: 238
    HPWL=9661.898438
    OVFL=0.554489
    HPWL=(6926.975586, 2734.922363)
    POTN=1.629570E+04
    PHIC=2.466604E-04
    GRAD=4.582155E-02
    NuBT=1
    CPU =0.000086

ITER: 239
    HPWL=9657.330078
    OVFL=0.550106
    HPWL=(6920.014160, 2737.316162)
    POTN=1.607020E+04
    PHIC=2.589934E-04
    GRAD=4.551081E-02
    NuBT=1
    CPU =0.000082

ITER: 240
    HPWL=9661.230469
    OVFL=0.550659
    HPWL=(6927.075195, 2734.154785)
    POTN=1.601511E+04
    PHIC=2.719429E-04
    GRAD=4.644558E-02
    NuBT=1
    CPU =0.000081

ITER: 241
    HPWL=9668.087891
    OVFL=0.546136
    HPWL=(6922.622559, 2745.465088)
    POTN=1.574314E+04
    PHIC=2.855398E-04
    GRAD=4.631335E-02
    NuBT=1
    CPU =0.000081

ITER: 242
    HPWL=9670.603516
    OVFL=0.545137
    HPWL=(6929.385254, 2741.218506)
    POTN=1.553249E+04
    PHIC=2.998167E-04
    GRAD=4.727959E-02
    NuBT=2
    CPU =0.000122

ITER: 243
    HPWL=9674.964844
    OVFL=0.542884
    HPWL=(6923.942871, 2751.022461)
    POTN=1.536015E+04
    PHIC=3.148073E-04
    GRAD=4.748957E-02
    NuBT=1
    CPU =0.000081

ITER: 244
    HPWL=9683.484375
    OVFL=0.540552
    HPWL=(6932.679688, 2750.805176)
    POTN=1.511964E+04
    PHIC=3.305472E-04
    GRAD=4.794727E-02
    NuBT=1
    CPU =0.000081

ITER: 245
    HPWL=9689.747070
    OVFL=0.538501
    HPWL=(6927.096191, 2762.651123)
    POTN=1.493928E+04
    PHIC=3.470742E-04
    GRAD=4.845882E-02
    NuBT=1
    CPU =0.000082

ITER: 246
    HPWL=9721.757812
    OVFL=0.538290
    HPWL=(6935.163086, 2786.594238)
    POTN=1.454554E+04
    PHIC=3.644263E-04
    GRAD=4.886061E-02
    NuBT=1
    CPU =0.000088

ITER: 247
    HPWL=9747.810547
    OVFL=0.538107
    HPWL=(6929.857910, 2817.952637)
    POTN=1.412607E+04
    PHIC=3.826462E-04
    GRAD=4.885407E-02
    NuBT=1
    CPU =0.000101

ITER: 248
    HPWL=9801.678711
    OVFL=0.535572
    HPWL=(6942.152344, 2859.526123)
    POTN=1.343389E+04
    PHIC=4.017754E-04
    GRAD=4.883233E-02
    NuBT=1
    CPU =0.000076

ITER: 249
    HPWL=9837.731445
    OVFL=0.520951
    HPWL=(6936.002930, 2901.728516)
    POTN=1.270049E+04
    PHIC=4.218620E-04
    GRAD=4.940698E-02
    NuBT=2
    CPU =0.000141

ITER: 250
    HPWL=9868.267578
    OVFL=0.506660
    HPWL=(6943.146973, 2925.121094)
    POTN=1.198995E+04
    PHIC=4.429532E-04
    GRAD=5.298853E-02
    NuBT=2
    CPU =0.000155

ITER: 251
    HPWL=9882.320312
    OVFL=0.503621
    HPWL=(6934.775391, 2947.545166)
    POTN=1.157892E+04
    PHIC=4.650999E-04
    GRAD=5.686695E-02
    NuBT=1
    CPU =0.000092

ITER: 252
    HPWL=9923.927734
    OVFL=0.503468
    HPWL=(6949.996582, 2973.931152)
    POTN=1.118233E+04
    PHIC=4.883520E-04
    GRAD=5.774883E-02
    NuBT=1
    CPU =0.000078

ITER: 253
    HPWL=9938.957031
    OVFL=0.501618
    HPWL=(6944.049316, 2994.907959)
    POTN=1.092526E+04
    PHIC=5.127685E-04
    GRAD=5.783629E-02
    NuBT=2
    CPU =0.000150

ITER: 254
    HPWL=9961.953125
    OVFL=0.501089
    HPWL=(6954.690918, 3007.262695)
    POTN=1.072879E+04
    PHIC=5.384051E-04
    GRAD=5.827236E-02
    NuBT=2
    CPU =0.000154

ITER: 255
    HPWL=9957.683594
    OVFL=0.500567
    HPWL=(6946.301758, 3011.382080)
    POTN=1.056546E+04
    PHIC=5.653254E-04
    GRAD=5.844466E-02
    NuBT=2
    CPU =0.000167

ITER: 256
    HPWL=9983.076172
    OVFL=0.497771
    HPWL=(6957.109375, 3025.967041)
    POTN=1.035291E+04
    PHIC=5.935894E-04
    GRAD=5.852798E-02
    NuBT=1
    CPU =0.000091

ITER: 257
    HPWL=9986.332031
    OVFL=0.495252
    HPWL=(6951.151855, 3035.180176)
    POTN=1.019840E+04
    PHIC=6.232686E-04
    GRAD=5.936901E-02
    NuBT=1
    CPU =0.000093

ITER: 258
    HPWL=9997.937500
    OVFL=0.489030
    HPWL=(6960.400879, 3037.536865)
    POTN=9.740327E+03
    PHIC=6.544309E-04
    GRAD=5.973596E-02
    NuBT=2
    CPU =0.000113

ITER: 259
    HPWL=9995.069336
    OVFL=0.482324
    HPWL=(6958.698730, 3036.370361)
    POTN=9.367617E+03
    PHIC=6.871524E-04
    GRAD=6.130081E-02
    NuBT=1
    CPU =0.000055

ITER: 260
    HPWL=10059.600586
    OVFL=0.467438
    HPWL=(6981.702637, 3077.897949)
    POTN=8.724685E+03
    PHIC=7.215035E-04
    GRAD=6.322637E-02
    NuBT=1
    CPU =0.000055

ITER: 261
    HPWL=10032.380859
    OVFL=0.456072
    HPWL=(6975.335449, 3057.044922)
    POTN=8.354705E+03
    PHIC=7.575786E-04
    GRAD=6.761643E-02
    NuBT=2
    CPU =0.000094

ITER: 262
    HPWL=10044.115234
    OVFL=0.443302
    HPWL=(6985.700195, 3058.415283)
    POTN=7.993901E+03
    PHIC=7.954561E-04
    GRAD=7.112801E-02
    NuBT=2
    CPU =0.000094

ITER: 263
    HPWL=10038.054688
    OVFL=0.434152
    HPWL=(6983.251953, 3054.802734)
    POTN=7.698459E+03
    PHIC=8.352289E-04
    GRAD=7.557714E-02
    NuBT=2
    CPU =0.000093

ITER: 264
    HPWL=10044.236328
    OVFL=0.423945
    HPWL=(6990.243652, 3053.992920)
    POTN=7.184835E+03
    PHIC=8.769895E-04
    GRAD=7.878966E-02
    NuBT=1
    CPU =0.000054

ITER: 265
    HPWL=10041.606445
    OVFL=0.413563
    HPWL=(6999.161621, 3042.444824)
    POTN=6.736031E+03
    PHIC=9.208390E-04
    GRAD=8.264492E-02
    NuBT=2
    CPU =0.000094

ITER: 266
    HPWL=10071.810547
    OVFL=0.397154
    HPWL=(7029.355469, 3042.454590)
    POTN=6.220039E+03
    PHIC=9.668767E-04
    GRAD=8.666704E-02
    NuBT=1
    CPU =0.000054

ITER: 267
    HPWL=10056.313477
    OVFL=0.382798
    HPWL=(7033.857422, 3022.456055)
    POTN=5.931531E+03
    PHIC=1.015220E-03
    GRAD=9.344064E-02
    NuBT=2
    CPU =0.000112

ITER: 268
    HPWL=10067.451172
    OVFL=0.360737
    HPWL=(7051.237305, 3016.214111)
    POTN=5.446604E+03
    PHIC=1.065980E-03
    GRAD=9.969129E-02
    NuBT=1
    CPU =0.000086

ITER: 269
    HPWL=10073.960938
    OVFL=0.339331
    HPWL=(7068.562500, 3005.398438)
    POTN=4.993135E+03
    PHIC=1.119278E-03
    GRAD=1.102033E-01
    NuBT=2
    CPU =0.000140

ITER: 270
    HPWL=10084.091797
    OVFL=0.313797
    HPWL=(7088.851074, 2995.240234)
    POTN=4.525304E+03
    PHIC=1.175240E-03
    GRAD=1.212530E-01
    NuBT=2
    CPU =0.000119

ITER: 271
    HPWL=10067.109375
    OVFL=0.304309
    HPWL=(7097.943848, 2969.165527)
    POTN=4.301217E+03
    PHIC=1.234002E-03
    GRAD=1.356819E-01
    NuBT=2
    CPU =0.000131

ITER: 272
    HPWL=10058.672852
    OVFL=0.300715
    HPWL=(7111.385254, 2947.287354)
    POTN=4.098430E+03
    PHIC=1.295702E-03
    GRAD=1.410546E-01
    NuBT=1
    CPU =0.000069

ITER: 273
    HPWL=10046.933594
    OVFL=0.302216
    HPWL=(7112.020996, 2934.913086)
    POTN=4.087913E+03
    PHIC=1.360487E-03
    GRAD=1.429223E-01
    NuBT=2
    CPU =0.000154

ITER: 274
    HPWL=10012.018555
    OVFL=0.306691
    HPWL=(7119.196289, 2892.822510)
    POTN=4.135736E+03
    PHIC=1.428511E-03
    GRAD=1.410355E-01
    NuBT=1
    CPU =0.000066

ITER: 275
    HPWL=10011.376953
    OVFL=0.303840
    HPWL=(7121.374023, 2890.003174)
    POTN=4.124326E+03
    PHIC=1.499936E-03
    GRAD=1.378985E-01
    NuBT=2
    CPU =0.000154

ITER: 276
    HPWL=9989.019531
    OVFL=0.307414
    HPWL=(7126.791016, 2862.228516)
    POTN=4.007798E+03
    PHIC=1.574933E-03
    GRAD=1.380060E-01
    NuBT=1
    CPU =0.000063

ITER: 277
    HPWL=10041.613281
    OVFL=0.305904
    HPWL=(7125.041016, 2916.572754)
    POTN=3.759216E+03
    PHIC=1.653668E-03
    GRAD=1.355755E-01
    NuBT=1
    CPU =0.000058

ITER: 278
    HPWL=10041.932617
    OVFL=0.306313
    HPWL=(7130.234863, 2911.697998)
    POTN=3.568720E+03
    PHIC=1.736351E-03
    GRAD=1.349007E-01
    NuBT=1
    CPU =0.000098

ITER: 279
    HPWL=10065.324219
    OVFL=0.297387
    HPWL=(7120.633301, 2944.690674)
    POTN=3.310071E+03
    PHIC=1.823162E-03
    GRAD=1.340796E-01
    NuBT=1
    CPU =0.000070

ITER: 280
    HPWL=10062.200195
    OVFL=0.297613
    HPWL=(7126.316895, 2935.883057)
    POTN=3.123038E+03
    PHIC=1.914320E-03
    GRAD=1.378486E-01
    NuBT=1
    CPU =0.000083

ITER: 281
    HPWL=10063.663086
    OVFL=0.288404
    HPWL=(7116.798340, 2946.864502)
    POTN=2.825704E+03
    PHIC=2.010036E-03
    GRAD=1.366347E-01
    NuBT=1
    CPU =0.000077

ITER: 282
    HPWL=10062.712891
    OVFL=0.278294
    HPWL=(7133.125000, 2929.588379)
    POTN=2.510866E+03
    PHIC=2.110537E-03
    GRAD=1.402952E-01
    NuBT=1
    CPU =0.000095

ITER: 283
    HPWL=10062.148438
    OVFL=0.262834
    HPWL=(7137.747070, 2924.401855)
    POTN=2.273961E+03
    PHIC=2.216064E-03
    GRAD=1.454557E-01
    NuBT=1
    CPU =0.000092

ITER: 284
    HPWL=10019.477539
    OVFL=0.252736
    HPWL=(7150.611816, 2868.865479)
    POTN=2.127204E+03
    PHIC=2.326867E-03
    GRAD=1.533689E-01
    NuBT=2
    CPU =0.000145

ITER: 285
    HPWL=9992.812500
    OVFL=0.245654
    HPWL=(7148.911621, 2843.900391)
    POTN=2.072173E+03
    PHIC=2.443210E-03
    GRAD=1.587348E-01
    NuBT=1
    CPU =0.000067

ITER: 286
    HPWL=9984.359375
    OVFL=0.245562
    HPWL=(7154.839844, 2829.520020)
    POTN=2.082166E+03
    PHIC=2.565371E-03
    GRAD=1.619151E-01
    NuBT=1
    CPU =0.000076

ITER: 287
    HPWL=9964.509766
    OVFL=0.241399
    HPWL=(7147.717773, 2816.792480)
    POTN=2.154264E+03
    PHIC=2.693639E-03
    GRAD=1.605080E-01
    NuBT=2
    CPU =0.000156

ITER: 288
    HPWL=9961.009766
    OVFL=0.245896
    HPWL=(7149.708008, 2811.302002)
    POTN=2.316886E+03
    PHIC=2.828321E-03
    GRAD=1.612417E-01
    NuBT=1
    CPU =0.000062

ITER: 289
    HPWL=9990.905273
    OVFL=0.246929
    HPWL=(7140.604980, 2850.300049)
    POTN=2.423532E+03
    PHIC=2.969725E-03
    GRAD=1.575001E-01
    NuBT=1
    CPU =0.000093

ITER: 290
    HPWL=10001.157227
    OVFL=0.239993
    HPWL=(7145.220703, 2855.936768)
    POTN=2.332118E+03
    PHIC=3.118206E-03
    GRAD=1.548102E-01
    NuBT=1
    CPU =0.000068

ITER: 291
    HPWL=10000.491211
    OVFL=0.233973
    HPWL=(7145.731934, 2854.759521)
    POTN=2.160902E+03
    PHIC=3.274116E-03
    GRAD=1.568270E-01
    NuBT=1
    CPU =0.000062

ITER: 292
    HPWL=10021.750977
    OVFL=0.221275
    HPWL=(7149.079590, 2872.671143)
    POTN=1.894318E+03
    PHIC=3.437812E-03
    GRAD=1.580886E-01
    NuBT=1
    CPU =0.000092

ITER: 293
    HPWL=10020.719727
    OVFL=0.211553
    HPWL=(7143.822754, 2876.896729)
    POTN=1.694165E+03
    PHIC=3.609702E-03
    GRAD=1.640680E-01
    NuBT=2
    CPU =0.000132

ITER: 294
    HPWL=10038.966797
    OVFL=0.205052
    HPWL=(7142.185547, 2896.781738)
    POTN=1.501927E+03
    PHIC=3.790177E-03
    GRAD=1.678069E-01
    NuBT=1
    CPU =0.000063

ITER: 295
    HPWL=10028.820312
    OVFL=0.202026
    HPWL=(7135.096191, 2893.724121)
    POTN=1.376646E+03
    PHIC=3.979686E-03
    GRAD=1.695861E-01
    NuBT=2
    CPU =0.000146

ITER: 296
    HPWL=10019.426758
    OVFL=0.198342
    HPWL=(7132.971191, 2886.455811)
    POTN=1.290990E+03
    PHIC=4.178670E-03
    GRAD=1.686983E-01
    NuBT=2
    CPU =0.000120

ITER: 297
    HPWL=10017.021484
    OVFL=0.192978
    HPWL=(7134.386230, 2882.634766)
    POTN=1.196359E+03
    PHIC=4.387603E-03
    GRAD=1.686999E-01
    NuBT=1
    CPU =0.000077

ITER: 298
    HPWL=9990.880859
    OVFL=0.188712
    HPWL=(7137.462402, 2853.418945)
    POTN=1.141447E+03
    PHIC=4.606983E-03
    GRAD=1.687829E-01
    NuBT=2
    CPU =0.000111

ITER: 299
    HPWL=9977.949219
    OVFL=0.189006
    HPWL=(7139.842773, 2838.106934)
    POTN=1.108122E+03
    PHIC=4.837332E-03
    GRAD=1.685318E-01
    NuBT=1
    CPU =0.000055

ITER: 300
    HPWL=9970.647461
    OVFL=0.190764
    HPWL=(7140.203613, 2830.443848)
    POTN=1.093675E+03
    PHIC=5.079199E-03
    GRAD=1.655485E-01
    NuBT=1
    CPU =0.000055

ITER: 301
    HPWL=9963.735352
    OVFL=0.191415
    HPWL=(7142.312012, 2821.423584)
    POTN=1.060673E+03
    PHIC=5.333158E-03
    GRAD=1.617592E-01
    NuBT=1
    CPU =0.000054

ITER: 302
    HPWL=9955.572266
    OVFL=0.188143
    HPWL=(7147.965820, 2807.606201)
    POTN=1.004244E+03
    PHIC=5.599816E-03
    GRAD=1.584159E-01
    NuBT=1
    CPU =0.000055

ITER: 303
    HPWL=9960.634766
    OVFL=0.183396
    HPWL=(7153.835449, 2806.799805)
    POTN=9.272174E+02
    PHIC=5.879802E-03
    GRAD=1.574259E-01
    NuBT=1
    CPU =0.000053

ITER: 304
    HPWL=9964.782227
    OVFL=0.177456
    HPWL=(7161.370117, 2803.412354)
    POTN=8.459304E+02
    PHIC=6.173789E-03
    GRAD=1.568194E-01
    NuBT=2
    CPU =0.000094

ITER: 305
    HPWL=9973.663086
    OVFL=0.170788
    HPWL=(7166.906738, 2806.756348)
    POTN=7.831315E+02
    PHIC=6.482469E-03
    GRAD=1.570227E-01
    NuBT=1
    CPU =0.000054

ITER: 306
    HPWL=9981.125977
    OVFL=0.165708
    HPWL=(7171.277832, 2809.848389)
    POTN=7.359088E+02
    PHIC=6.806585E-03
    GRAD=1.572502E-01
    NuBT=1
    CPU =0.000054

ITER: 307
    HPWL=9986.884766
    OVFL=0.161244
    HPWL=(7170.661621, 2816.222656)
    POTN=7.022393E+02
    PHIC=7.146909E-03
    GRAD=1.565915E-01
    NuBT=1
    CPU =0.000059

ITER: 308
    HPWL=9996.953125
    OVFL=0.156851
    HPWL=(7170.197754, 2826.755371)
    POTN=6.802550E+02
    PHIC=7.504243E-03
    GRAD=1.554578E-01
    NuBT=1
    CPU =0.000055

ITER: 309
    HPWL=9994.353516
    OVFL=0.153781
    HPWL=(7169.463379, 2824.889893)
    POTN=6.744131E+02
    PHIC=7.879455E-03
    GRAD=1.541938E-01
    NuBT=2
    CPU =0.000093

ITER: 310
    HPWL=9988.974609
    OVFL=0.150110
    HPWL=(7165.999512, 2822.974854)
    POTN=6.508007E+02
    PHIC=8.273427E-03
    GRAD=1.521201E-01
    NuBT=1
    CPU =0.000054

ITER: 311
    HPWL=9988.884766
    OVFL=0.145897
    HPWL=(7163.264648, 2825.619873)
    POTN=6.204020E+02
    PHIC=8.687099E-03
    GRAD=1.503912E-01
    NuBT=1
    CPU =0.000055

ITER: 312
    HPWL=9989.869141
    OVFL=0.143028
    HPWL=(7159.775391, 2830.094238)
    POTN=5.808408E+02
    PHIC=9.121452E-03
    GRAD=1.486423E-01
    NuBT=1
    CPU =0.000054

ITER: 313
    HPWL=9996.494141
    OVFL=0.142729
    HPWL=(7161.404785, 2835.089600)
    POTN=5.529264E+02
    PHIC=9.577515E-03
    GRAD=1.463062E-01
    NuBT=1
    CPU =0.000070

ITER: 314
    HPWL=9997.007812
    OVFL=0.142391
    HPWL=(7158.720703, 2838.287354)
    POTN=5.227616E+02
    PHIC=1.005639E-02
    GRAD=1.427634E-01
    NuBT=1
    CPU =0.000056

ITER: 315
    HPWL=10003.835938
    OVFL=0.141953
    HPWL=(7163.646484, 2840.189697)
    POTN=5.000475E+02
    PHIC=1.055920E-02
    GRAD=1.394586E-01
    NuBT=1
    CPU =0.000055

ITER: 316
    HPWL=10004.452148
    OVFL=0.141396
    HPWL=(7160.728027, 2843.723877)
    POTN=4.726523E+02
    PHIC=1.108716E-02
    GRAD=1.361747E-01
    NuBT=1
    CPU =0.000091

ITER: 317
    HPWL=10012.751953
    OVFL=0.138754
    HPWL=(7165.009277, 2847.742188)
    POTN=4.422427E+02
    PHIC=1.164150E-02
    GRAD=1.331961E-01
    NuBT=2
    CPU =0.000130

ITER: 318
    HPWL=10022.419922
    OVFL=0.134349
    HPWL=(7170.911133, 2851.508789)
    POTN=4.097317E+02
    PHIC=1.222356E-02
    GRAD=1.306145E-01
    NuBT=1
    CPU =0.000085

ITER: 319
    HPWL=10043.189453
    OVFL=0.128696
    HPWL=(7184.828613, 2858.360596)
    POTN=3.752611E+02
    PHIC=1.283470E-02
    GRAD=1.286265E-01
    NuBT=1
    CPU =0.000084

ITER: 320
    HPWL=10048.353516
    OVFL=0.122587
    HPWL=(7192.196777, 2856.156982)
    POTN=3.483568E+02
    PHIC=1.347642E-02
    GRAD=1.268169E-01
    NuBT=1
    CPU =0.000083

ITER: 321
    HPWL=10053.448242
    OVFL=0.116630
    HPWL=(7197.660156, 2855.788086)
    POTN=3.180009E+02
    PHIC=1.415023E-02
    GRAD=1.252050E-01
    NuBT=1
    CPU =0.000086

ITER: 322
    HPWL=10054.897461
    OVFL=0.111056
    HPWL=(7198.263672, 2856.633545)
    POTN=2.929136E+02
    PHIC=1.485774E-02
    GRAD=1.232253E-01
    NuBT=1
    CPU =0.000085

ITER: 323
    HPWL=10057.148438
    OVFL=0.106019
    HPWL=(7204.532715, 2852.615234)
    POTN=2.650583E+02
    PHIC=1.560062E-02
    GRAD=1.213728E-01
    NuBT=1
    CPU =0.000084

ITER: 324
    HPWL=10059.208984
    OVFL=0.103136
    HPWL=(7202.069336, 2857.140137)
    POTN=2.466816E+02
    PHIC=1.638065E-02
    GRAD=1.191370E-01
    NuBT=1
    CPU =0.000083

ITER: 325
    HPWL=10055.931641
    OVFL=0.102241
    HPWL=(7196.864746, 2859.066895)
    POTN=2.380430E+02
    PHIC=1.719968E-02
    GRAD=1.165850E-01
    NuBT=1
    CPU =0.000097

ITER: 326
    HPWL=10048.075195
    OVFL=0.100870
    HPWL=(7195.238770, 2852.836670)
    POTN=2.286726E+02
    PHIC=1.805966E-02
    GRAD=1.130050E-01
    NuBT=1
    CPU =0.000084

ITER: 327
    HPWL=10038.747070
    OVFL=0.101066
    HPWL=(7192.104980, 2846.642334)
    POTN=2.224640E+02
    PHIC=1.896264E-02
    GRAD=1.098183E-01
    NuBT=1
    CPU =0.000084

ITER: 328
    HPWL=10037.492188
    OVFL=0.099558
    HPWL=(7189.309082, 2848.182861)
    POTN=2.087948E+02
    PHIC=1.991078E-02
    GRAD=1.061120E-01
    NuBT=1
    CPU =0.000084
[INFO] Nesterov: NumIters = 328
[INFO] Nesterov: ScaledHpwl = 10037.492188
[INFO] Nesterov: Overflow = 0.099558
[INFO] Nesterov: Potential = 208.794846
[INFO] Nesterov: xInstScaledHpwl = 10035.458984
[INFO] Nesterov: yInstScaledHpwl = 10037.492188
[INFO] Nesterov: HPWL = 3032.938965
