RePlAce Version: 1.0.0

** WARNING: Your Detail Placement Step must be skipped.
              (i.e. this program will be executed as -onlyGP)
     If you want to have DP after GP, please specify -dpflag and -dploc.

[INFO] TargetDensity = 0.500000
[INFO] ExperimentIndex = 0
[INFO] DirectoryPath = /openLANE_flow/designs/grid_clb/runs/08-08_13-31//tmp/placement/replace/etc/grid_clb.floorplan/experiment000
[PROC] Begin LefParsing ...
[LEF] Parsed 500 number of lines!!
WARNING (LEFPARS-2036): SOURCE statement is obsolete in version 5.6 and later.
The LEF parser will ignore this statement.
To avoid this warning in the future, remove this statement from the LEF file with version 5.6 or later. See file /openLANE_flow/designs/grid_clb/runs/08-08_13-31//tmp//merged.lef at line 776.

WARNING (LEFPARS-2036): SOURCE statement is obsolete in version 5.6 and later.
The LEF parser will ignore this statement.
To avoid this warning in the future, remove this statement from the LEF file with version 5.6 or later. See file /openLANE_flow/designs/grid_clb/runs/08-08_13-31//tmp//merged.lef at line 903.

[LEF] Parsed 1000 number of lines!!
WARNING (LEFPARS-2036): SOURCE statement is obsolete in version 5.6 and later.
The LEF parser will ignore this statement.
To avoid this warning in the future, remove this statement from the LEF file with version 5.6 or later. See file /openLANE_flow/designs/grid_clb/runs/08-08_13-31//tmp//merged.lef at line 1034.

WARNING (LEFPARS-2036): SOURCE statement is obsolete in version 5.6 and later.
The LEF parser will ignore this statement.
To avoid this warning in the future, remove this statement from the LEF file with version 5.6 or later. See file /openLANE_flow/designs/grid_clb/runs/08-08_13-31//tmp//merged.lef at line 1204.

WARNING (LEFPARS-2036): SOURCE statement is obsolete in version 5.6 and later.
The LEF parser will ignore this statement.
To avoid this warning in the future, remove this statement from the LEF file with version 5.6 or later. See file /openLANE_flow/designs/grid_clb/runs/08-08_13-31//tmp//merged.lef at line 1322.

WARNING (LEFPARS-2036): SOURCE statement is obsolete in version 5.6 and later.
The LEF parser will ignore this statement.
To avoid this warning in the future, remove this statement from the LEF file with version 5.6 or later. See file /openLANE_flow/designs/grid_clb/runs/08-08_13-31//tmp//merged.lef at line 1442.

[LEF] Parsed 1500 number of lines!!
WARNING (LEFPARS-2036): SOURCE statement is obsolete in version 5.6 and later.
The LEF parser will ignore this statement.
To avoid this warning in the future, remove this statement from the LEF file with version 5.6 or later. See file /openLANE_flow/designs/grid_clb/runs/08-08_13-31//tmp//merged.lef at line 1589.

WARNING (LEFPARS-2036): SOURCE statement is obsolete in version 5.6 and later.
The LEF parser will ignore this statement.
To avoid this warning in the future, remove this statement from the LEF file with version 5.6 or later. See file /openLANE_flow/designs/grid_clb/runs/08-08_13-31//tmp//merged.lef at line 1777.

WARNING (LEFPARS-2036): SOURCE statement is obsolete in version 5.6 and later.
The LEF parser will ignore this statement.
To avoid this warning in the future, remove this statement from the LEF file with version 5.6 or later. See file /openLANE_flow/designs/grid_clb/runs/08-08_13-31//tmp//merged.lef at line 1886.

WARNING (LEFPARS-2036): SOURCE statement is obsolete in version 5.6 and later.
The LEF parser will ignore this statement.
To avoid this warning in the future, remove this statement from the LEF file with version 5.6 or later. See file /openLANE_flow/designs/grid_clb/runs/08-08_13-31//tmp//merged.lef at line 1999.

[LEF] Parsed 2000 number of lines!!
WARNING (LEFPARS-2036): SOURCE statement is obsolete in version 5.6 and later.
The LEF parser will ignore this statement.
To avoid this warning in the future, remove this statement from the LEF file with version 5.6 or later. See file /openLANE_flow/designs/grid_clb/runs/08-08_13-31//tmp//merged.lef at line 2148.

WARNING (LEFPARS-2036): SOURCE statement is obsolete in version 5.6 and later.
The LEF parser will ignore this statement.
To avoid this warning in the future, remove this statement from the LEF file with version 5.6 or later. See file /openLANE_flow/designs/grid_clb/runs/08-08_13-31//tmp//merged.lef at line 2253.

WARNING (LEFPARS-2036): SOURCE statement is obsolete in version 5.6 and later.
The LEF parser will ignore this statement.
To avoid this warning in the future, remove this statement from the LEF file with version 5.6 or later. See file /openLANE_flow/designs/grid_clb/runs/08-08_13-31//tmp//merged.lef at line 2380.

[LEF] Parsed 2500 number of lines!!
WARNING (LEFPARS-2036): SOURCE statement is obsolete in version 5.6 and later.
The LEF parser will ignore this statement.
To avoid this warning in the future, remove this statement from the LEF file with version 5.6 or later. See file /openLANE_flow/designs/grid_clb/runs/08-08_13-31//tmp//merged.lef at line 2547.

WARNING (LEFPARS-2036): SOURCE statement is obsolete in version 5.6 and later.
The LEF parser will ignore this statement.
To avoid this warning in the future, remove this statement from the LEF file with version 5.6 or later. See file /openLANE_flow/designs/grid_clb/runs/08-08_13-31//tmp//merged.lef at line 2653.

WARNING (LEFPARS-2036): SOURCE statement is obsolete in version 5.6 and later.
The LEF parser will ignore this statement.
To avoid this warning in the future, remove this statement from the LEF file with version 5.6 or later. See file /openLANE_flow/designs/grid_clb/runs/08-08_13-31//tmp//merged.lef at line 2770.

WARNING (LEFPARS-2036): SOURCE statement is obsolete in version 5.6 and later.
The LEF parser will ignore this statement.
To avoid this warning in the future, remove this statement from the LEF file with version 5.6 or later. See file /openLANE_flow/designs/grid_clb/runs/08-08_13-31//tmp//merged.lef at line 2908.

[LEF] Parsed 3000 number of lines!!
WARNING (LEFPARS-2036): SOURCE statement is obsolete in version 5.6 and later.
The LEF parser will ignore this statement.
To avoid this warning in the future, remove this statement from the LEF file with version 5.6 or later. See file /openLANE_flow/designs/grid_clb/runs/08-08_13-31//tmp//merged.lef at line 3005.

WARNING (LEFPARS-2036): SOURCE statement is obsolete in version 5.6 and later.
The LEF parser will ignore this statement.
To avoid this warning in the future, remove this statement from the LEF file with version 5.6 or later. See file /openLANE_flow/designs/grid_clb/runs/08-08_13-31//tmp//merged.lef at line 3105.

WARNING (LEFPARS-2036): SOURCE statement is obsolete in version 5.6 and later.
The LEF parser will ignore this statement.
To avoid this warning in the future, remove this statement from the LEF file with version 5.6 or later. See file /openLANE_flow/designs/grid_clb/runs/08-08_13-31//tmp//merged.lef at line 3219.

WARNING (LEFPARS-2036): SOURCE statement is obsolete in version 5.6 and later.
The LEF parser will ignore this statement.
To avoid this warning in the future, remove this statement from the LEF file with version 5.6 or later. See file /openLANE_flow/designs/grid_clb/runs/08-08_13-31//tmp//merged.lef at line 3361.

WARNING (LEFPARS-2036): SOURCE statement is obsolete in version 5.6 and later.
The LEF parser will ignore this statement.
To avoid this warning in the future, remove this statement from the LEF file with version 5.6 or later. See file /openLANE_flow/designs/grid_clb/runs/08-08_13-31//tmp//merged.lef at line 3458.

[LEF] Parsed 3500 number of lines!!
WARNING (LEFPARS-2036): SOURCE statement is obsolete in version 5.6 and later.
The LEF parser will ignore this statement.
To avoid this warning in the future, remove this statement from the LEF file with version 5.6 or later. See file /openLANE_flow/designs/grid_clb/runs/08-08_13-31//tmp//merged.lef at line 3561.

WARNING (LEFPARS-2036): SOURCE statement is obsolete in version 5.6 and later.
The LEF parser will ignore this statement.
To avoid this warning in the future, remove this statement from the LEF file with version 5.6 or later. See file /openLANE_flow/designs/grid_clb/runs/08-08_13-31//tmp//merged.lef at line 3691.

WARNING (LEFPARS-2036): SOURCE statement is obsolete in version 5.6 and later.
The LEF parser will ignore this statement.
To avoid this warning in the future, remove this statement from the LEF file with version 5.6 or later. See file /openLANE_flow/designs/grid_clb/runs/08-08_13-31//tmp//merged.lef at line 3783.

WARNING (LEFPARS-2036): SOURCE statement is obsolete in version 5.6 and later.
The LEF parser will ignore this statement.
To avoid this warning in the future, remove this statement from the LEF file with version 5.6 or later. See file /openLANE_flow/designs/grid_clb/runs/08-08_13-31//tmp//merged.lef at line 3887.

[LEF] Parsed 4000 number of lines!!
WARNING (LEFPARS-2036): SOURCE statement is obsolete in version 5.6 and later.
The LEF parser will ignore this statement.
To avoid this warning in the future, remove this statement from the LEF file with version 5.6 or later. See file /openLANE_flow/designs/grid_clb/runs/08-08_13-31//tmp//merged.lef at line 4018.

WARNING (LEFPARS-2036): SOURCE statement is obsolete in version 5.6 and later.
The LEF parser will ignore this statement.
To avoid this warning in the future, remove this statement from the LEF file with version 5.6 or later. See file /openLANE_flow/designs/grid_clb/runs/08-08_13-31//tmp//merged.lef at line 4148.

WARNING (LEFPARS-2036): SOURCE statement is obsolete in version 5.6 and later.
The LEF parser will ignore this statement.
To avoid this warning in the future, remove this statement from the LEF file with version 5.6 or later. See file /openLANE_flow/designs/grid_clb/runs/08-08_13-31//tmp//merged.lef at line 4282.

WARNING (LEFPARS-2036): SOURCE statement is obsolete in version 5.6 and later.
The LEF parser will ignore this statement.
To avoid this warning in the future, remove this statement from the LEF file with version 5.6 or later. See file /openLANE_flow/designs/grid_clb/runs/08-08_13-31//tmp//merged.lef at line 4467.

[LEF] Parsed 4500 number of lines!!
[LEF] Parsed 5000 number of lines!!
[LEF] Parsed 5500 number of lines!!
[LEF] Parsed 6000 number of lines!!
[LEF] Parsed 6500 number of lines!!
[LEF] Parsed 7000 number of lines!!
[LEF] Parsed 7500 number of lines!!
[LEF] Parsed 8000 number of lines!!
[LEF] Parsed 8500 number of lines!!
[LEF] Parsed 9000 number of lines!!
[LEF] Parsed 9500 number of lines!!
[LEF] Parsed 10000 number of lines!!
[LEF] Parsed 10500 number of lines!!
[LEF] Parsed 11000 number of lines!!
[LEF] Parsed 11500 number of lines!!
[LEF] Parsed 12000 number of lines!!
[LEF] Parsed 12500 number of lines!!
[LEF] Parsed 13000 number of lines!!
[LEF] Parsed 13500 number of lines!!
[LEF] Parsed 14000 number of lines!!
[LEF] Parsed 14500 number of lines!!
[LEF] Parsed 15000 number of lines!!
[LEF] Parsed 15500 number of lines!!
[LEF] Parsed 16000 number of lines!!
[LEF] Parsed 16500 number of lines!!
[LEF] Parsed 17000 number of lines!!
[LEF] Parsed 17500 number of lines!!
[LEF] Parsed 18000 number of lines!!
[LEF] Parsed 18500 number of lines!!
[LEF] Parsed 19000 number of lines!!
[LEF] Parsed 19500 number of lines!!
[LEF] Parsed 20000 number of lines!!
[LEF] Parsed 20500 number of lines!!
[LEF] Parsed 21000 number of lines!!
[LEF] Parsed 21500 number of lines!!
[LEF] Parsed 22000 number of lines!!
[LEF] Parsed 22500 number of lines!!
[LEF] Parsed 23000 number of lines!!
[LEF] Parsed 23500 number of lines!!
[LEF] Parsed 24000 number of lines!!
[LEF] Parsed 24500 number of lines!!
[LEF] Parsed 25000 number of lines!!
[LEF] Parsed 25500 number of lines!!
[LEF] Parsed 26000 number of lines!!
[LEF] Parsed 26500 number of lines!!
[LEF] Parsed 27000 number of lines!!
[LEF] Parsed 27500 number of lines!!
[LEF] Parsed 28000 number of lines!!
[LEF] Parsed 28500 number of lines!!
[LEF] Parsed 29000 number of lines!!
[LEF] Parsed 29500 number of lines!!
[LEF] Parsed 30000 number of lines!!
[LEF] Parsed 30500 number of lines!!
[LEF] Parsed 31000 number of lines!!
[LEF] Parsed 31500 number of lines!!
[LEF] Parsed 32000 number of lines!!
[LEF] Parsed 32500 number of lines!!
[LEF] Parsed 33000 number of lines!!
[LEF] Parsed 33500 number of lines!!
[LEF] Parsed 34000 number of lines!!
[LEF] Parsed 34500 number of lines!!
[LEF] Parsed 35000 number of lines!!
[LEF] Parsed 35500 number of lines!!
[LEF] Parsed 36000 number of lines!!
[LEF] Parsed 36500 number of lines!!
[LEF] Parsed 37000 number of lines!!
[LEF] Parsed 37500 number of lines!!
[LEF] Parsed 38000 number of lines!!
[LEF] Parsed 38500 number of lines!!
[LEF] Parsed 39000 number of lines!!
[LEF] Parsed 39500 number of lines!!
[LEF] Parsed 40000 number of lines!!
[LEF] Parsed 40500 number of lines!!
[LEF] Parsed 41000 number of lines!!
[LEF] Parsed 41500 number of lines!!
[LEF] Parsed 42000 number of lines!!
[LEF] Parsed 42500 number of lines!!
[LEF] Parsed 43000 number of lines!!
[LEF] Parsed 43500 number of lines!!
[LEF] Parsed 44000 number of lines!!
[LEF] Parsed 44500 number of lines!!
[LEF] Parsed 45000 number of lines!!
[LEF] Parsed 45500 number of lines!!
[LEF] Parsed 46000 number of lines!!
[LEF] Parsed 46500 number of lines!!
[LEF] Parsed 47000 number of lines!!
[LEF] Parsed 47500 number of lines!!
[LEF] Parsed 48000 number of lines!!
[LEF] Parsed 48500 number of lines!!
[LEF] Parsed 49000 number of lines!!
[LEF] Parsed 49500 number of lines!!
[LEF] Parsed 50000 number of lines!!
[LEF] Parsed 50500 number of lines!!
[LEF] Parsed 51000 number of lines!!
[LEF] Parsed 51500 number of lines!!
[LEF] Parsed 52000 number of lines!!
[LEF] Parsed 52500 number of lines!!
[LEF] Parsed 53000 number of lines!!
[LEF] Parsed 53500 number of lines!!
[LEF] Parsed 54000 number of lines!!
[LEF] Parsed 54500 number of lines!!
[LEF] Parsed 55000 number of lines!!
[LEF] Parsed 55500 number of lines!!
[LEF] Parsed 56000 number of lines!!
[LEF] Parsed 56500 number of lines!!
[LEF] Parsed 57000 number of lines!!
[LEF] Parsed 57500 number of lines!!
[LEF] Parsed 58000 number of lines!!
[LEF] Parsed 58500 number of lines!!
[LEF] Parsed 59000 number of lines!!
[LEF] Parsed 59500 number of lines!!
[LEF] Parsed 60000 number of lines!!
[LEF] Parsed 60500 number of lines!!
[LEF] Parsed 61000 number of lines!!
[LEF] Parsed 61500 number of lines!!
[LEF] Parsed 62000 number of lines!!
[PROC] End LefParsing
[PROC] Begin DefParsing ...
WARNING (DEFPARS-7011): The NAMESCASESENSITIVE statement is obsolete in version 5.6 and later.
The DEF parser will ignore this statement. See file /openLANE_flow/designs/grid_clb/runs/08-08_13-31//results/floorplan/grid_clb.floorplan.def at line 2.

[PROC] End DefParsing
[INFO] DefUnit = 1000
[INFO] LefMetal1Name = li1
[INFO] DefSiteName = unithd
[INFO] ScaleDownUnit = 302.222229
[INFO] OffsetCoordi = (2640.000000, 0.000000)
[INFO] RowSize = (1.522059, 9.000000)
[INFO] NumRows = 46
[INFO] MacroCount = 0
[INFO] NumModules = 208
[INFO] NumTerminals = 306
[INFO] Inserted Dummy Terms = 0
[PROC] Begin Generate Un-fragmented Rows ...
[INFO] CoreAreaLxLy = (27.000000, 36.000000)
[INFO] CoreAreaUxUy = (444.044098, 450.000000)
[INFO] RowSize = (1.522059, 9.000000)
[INFO] NumRows = 46
[PROC] End Generate Un-fragmented Rows
[PROC] Begin DEF Net Parsing ...
** WARNING:  clk is detected.  It'll be automatically excluded (defNetStor)
[INFO] NumNets = 428
[INFO] NumPins = 1045
[PROC] End DEF Net Parsing
[PROC] LEF/DEF Parsing Success!
[INFO] AspectRatio = 0.992701
[INFO] RowMinXY = (27.000000, 36.000000)
[INFO] RowMaxXY = (444.044128, 450.000000)
[INFO] NumPlaceStdCells = 208
[INFO] NumPlaceMacros = 0
[INFO] RowSize = (1.522059, 9.000000)
[INFO] NumRows = 46
[INFO] GlobalAreaLxLy = (9.496324, 6.617647)
[INFO] GlobalAreaUxUy = (461.547791, 483.071686)
[INFO] PlaceAreaLxLy = (27.000000, 36.000000)
[INFO] PlaceAreaUxUy = (444.044128, 450.000000)
[INFO] TotalPlaceArea = 172656.265625
[INFO] TotalFixedArea = 6410.896973
[INFO] TotalWhiteSpaceArea = 166245.375000
[INFO] TotalPlaceMacrosArea = 0.000000
[INFO] TotalPlaceStdCellsArea = 87232.460938
[INFO] Util(%) = 50.523777
[INFO] 80pCellArea = 424.655457
[INFO] FillerInit: TotalFillerArea = 0.000000
[INFO] FillerInit: NumFillerCells = 0
[INFO] FillerInit: FillerCellArea = 424.653381
[INFO] FillerInit: FillerCellSize = (47.183708, 9.000000)
[INFO] FillerInit: NumCells = 208
[INFO] FillerInit: NumModules = 208
[INFO] FillerInit: NumFillers = 0
INFO:  D_MSH = 1024 
INFO:  MSH(X, Y) = (32, 32)
[INFO] TierInit: TierUtil = 0.505238
[INFO] TierInit: NumModules = 208
[INFO] TierInit: PlaceArea = 172656.265625
[INFO] TierInit: CoreSpacingArea = 0.000000
[INFO] TierInit: TerminalArea = 6410.896973
[INFO] TierInit: ModuleArea = 87232.460938
[INFO] TierInit: FillerArea = 0.000000
[INFO] TierInit: NumFillers = 0
[INFO] TierInit: FillerMinIdx = 208
[INFO] TierInit: FillerMaxIdx = 208
INFO:  dim_bin_cGP2D.(x,y) = (8, 8)
cell Init 2D:
tier->bin_stp: (52.1305 51.75)
tier->half_bin_stp: (26.0653 25.875)
PROC:  Start NESTEROV's Optimization
PROC:    Global Lagrangian Multiplier is Applied

ITER: 0
    HPWL=7868.913574
    OVFL=0.938836
    HPWL=(6579.355469, 1289.558105)
    POTN=2.031922E+06
    PHIC=5.961156E-11
    GRAD=7.612011E-03
    NuBT=0
    CPU =0.000000

ITER: 1
    HPWL=7868.902344
    OVFL=0.938836
    HPWL=(6579.348633, 1289.553711)
    POTN=2.031922E+06
    PHIC=6.259213E-11
    GRAD=1.040007E-02
    NuBT=1
    CPU =0.000227

ITER: 2
    HPWL=7868.847656
    OVFL=0.938836
    HPWL=(6579.314453, 1289.533081)
    POTN=2.031920E+06
    PHIC=6.572173E-11
    GRAD=1.039991E-02
    NuBT=1
    CPU =0.000134

ITER: 3
    HPWL=7088.836914
    OVFL=0.922190
    HPWL=(5968.533203, 1120.303711)
    POTN=1.973944E+06
    PHIC=6.900782E-11
    GRAD=2.907423E-03
    NuBT=2
    CPU =0.000211

ITER: 4
    HPWL=7041.343262
    OVFL=0.921329
    HPWL=(5888.389160, 1152.954102)
    POTN=1.960971E+06
    PHIC=7.245821E-11
    GRAD=2.211166E-03
    NuBT=1
    CPU =0.000113

ITER: 5
    HPWL=7109.562012
    OVFL=0.914270
    HPWL=(5890.232422, 1219.329712)
    POTN=1.939101E+06
    PHIC=7.608038E-11
    GRAD=2.145075E-03
    NuBT=1
    CPU =0.000116

ITER: 6
    HPWL=7209.416504
    OVFL=0.907569
    HPWL=(5909.149414, 1300.267212)
    POTN=1.910565E+06
    PHIC=7.988327E-11
    GRAD=2.288475E-03
    NuBT=2
    CPU =0.000205

ITER: 7
    HPWL=7228.348633
    OVFL=0.903555
    HPWL=(5894.657227, 1333.691162)
    POTN=1.889123E+06
    PHIC=8.387720E-11
    GRAD=2.332392E-03
    NuBT=2
    CPU =0.000203

ITER: 8
    HPWL=7229.105957
    OVFL=0.899310
    HPWL=(5877.624023, 1351.482056)
    POTN=1.871086E+06
    PHIC=8.807104E-11
    GRAD=2.361362E-03
    NuBT=2
    CPU =0.000217

ITER: 9
    HPWL=7211.392578
    OVFL=0.895942
    HPWL=(5852.179199, 1359.213379)
    POTN=1.852715E+06
    PHIC=9.247459E-11
    GRAD=2.400505E-03
    NuBT=2
    CPU =0.000205

ITER: 10
    HPWL=7199.676758
    OVFL=0.891404
    HPWL=(5834.902832, 1364.773682)
    POTN=1.833769E+06
    PHIC=9.709832E-11
    GRAD=2.442539E-03
    NuBT=1
    CPU =0.000147

ITER: 11
    HPWL=7171.573242
    OVFL=0.887968
    HPWL=(5807.715332, 1363.858154)
    POTN=1.814736E+06
    PHIC=1.019532E-10
    GRAD=2.477597E-03
    NuBT=2
    CPU =0.000229

ITER: 12
    HPWL=7149.073242
    OVFL=0.884400
    HPWL=(5784.965820, 1364.107666)
    POTN=1.798197E+06
    PHIC=1.070509E-10
    GRAD=2.511666E-03
    NuBT=1
    CPU =0.000136

ITER: 13
    HPWL=7132.997070
    OVFL=0.881043
    HPWL=(5766.637695, 1366.359253)
    POTN=1.778258E+06
    PHIC=1.124034E-10
    GRAD=2.559133E-03
    NuBT=1
    CPU =0.000137

ITER: 14
    HPWL=7109.450195
    OVFL=0.877367
    HPWL=(5744.178711, 1365.271606)
    POTN=1.760711E+06
    PHIC=1.180236E-10
    GRAD=2.592460E-03
    NuBT=2
    CPU =0.000240

ITER: 15
    HPWL=7088.415039
    OVFL=0.874108
    HPWL=(5723.312012, 1365.103149)
    POTN=1.741245E+06
    PHIC=1.239248E-10
    GRAD=2.637445E-03
    NuBT=1
    CPU =0.000140

ITER: 16
    HPWL=7072.658691
    OVFL=0.870847
    HPWL=(5706.624023, 1366.034790)
    POTN=1.723332E+06
    PHIC=1.301210E-10
    GRAD=2.683122E-03
    NuBT=1
    CPU =0.000138

ITER: 17
    HPWL=7056.061035
    OVFL=0.867613
    HPWL=(5689.875000, 1366.186157)
    POTN=1.703079E+06
    PHIC=1.366270E-10
    GRAD=2.726574E-03
    NuBT=1
    CPU =0.000137

ITER: 18
    HPWL=7037.441406
    OVFL=0.864652
    HPWL=(5672.927734, 1364.513794)
    POTN=1.684745E+06
    PHIC=1.434584E-10
    GRAD=2.767544E-03
    NuBT=1
    CPU =0.000136

ITER: 19
    HPWL=7019.600098
    OVFL=0.861493
    HPWL=(5656.981445, 1362.618652)
    POTN=1.664464E+06
    PHIC=1.506313E-10
    GRAD=2.804509E-03
    NuBT=1
    CPU =0.000139

ITER: 20
    HPWL=7005.056641
    OVFL=0.858546
    HPWL=(5644.108887, 1360.947510)
    POTN=1.645787E+06
    PHIC=1.581629E-10
    GRAD=2.847239E-03
    NuBT=1
    CPU =0.000150

ITER: 21
    HPWL=6994.420898
    OVFL=0.855662
    HPWL=(5634.576172, 1359.844971)
    POTN=1.625398E+06
    PHIC=1.660710E-10
    GRAD=2.890280E-03
    NuBT=1
    CPU =0.000141

ITER: 22
    HPWL=6984.933105
    OVFL=0.852927
    HPWL=(5626.488281, 1358.444824)
    POTN=1.606533E+06
    PHIC=1.743745E-10
    GRAD=2.932321E-03
    NuBT=1
    CPU =0.000138

ITER: 23
    HPWL=6974.987793
    OVFL=0.850215
    HPWL=(5618.871094, 1356.116821)
    POTN=1.586162E+06
    PHIC=1.830932E-10
    GRAD=2.973195E-03
    NuBT=1
    CPU =0.000137

ITER: 24
    HPWL=6966.401855
    OVFL=0.847657
    HPWL=(5612.817383, 1353.584595)
    POTN=1.567337E+06
    PHIC=1.922479E-10
    GRAD=3.012539E-03
    NuBT=1
    CPU =0.000138

ITER: 25
    HPWL=6959.557617
    OVFL=0.845053
    HPWL=(5608.576660, 1350.980713)
    POTN=1.547155E+06
    PHIC=2.018603E-10
    GRAD=3.052089E-03
    NuBT=1
    CPU =0.000137

ITER: 26
    HPWL=6954.149902
    OVFL=0.842529
    HPWL=(5605.329590, 1348.820312)
    POTN=1.528235E+06
    PHIC=2.119533E-10
    GRAD=3.091970E-03
    NuBT=1
    CPU =0.000138

ITER: 27
    HPWL=6949.217773
    OVFL=0.840070
    HPWL=(5602.852539, 1346.364990)
    POTN=1.508211E+06
    PHIC=2.225509E-10
    GRAD=3.132765E-03
    NuBT=1
    CPU =0.000149

ITER: 28
    HPWL=6943.907227
    OVFL=0.837585
    HPWL=(5600.463379, 1343.443604)
    POTN=1.489541E+06
    PHIC=2.336785E-10
    GRAD=3.171788E-03
    NuBT=1
    CPU =0.000142

ITER: 29
    HPWL=6938.472168
    OVFL=0.835349
    HPWL=(5598.273438, 1340.198608)
    POTN=1.470106E+06
    PHIC=2.453624E-10
    GRAD=3.212134E-03
    NuBT=1
    CPU =0.000137

ITER: 30
    HPWL=6933.842285
    OVFL=0.833024
    HPWL=(5596.791016, 1337.051270)
    POTN=1.452017E+06
    PHIC=2.576305E-10
    GRAD=3.249021E-03
    NuBT=1
    CPU =0.000137

ITER: 31
    HPWL=6929.882324
    OVFL=0.830913
    HPWL=(5595.834961, 1334.047363)
    POTN=1.433228E+06
    PHIC=2.705120E-10
    GRAD=3.288029E-03
    NuBT=1
    CPU =0.000138

ITER: 32
    HPWL=6925.806641
    OVFL=0.828657
    HPWL=(5594.978516, 1330.828125)
    POTN=1.415889E+06
    PHIC=2.840376E-10
    GRAD=3.324675E-03
    NuBT=1
    CPU =0.000138

ITER: 33
    HPWL=6921.441406
    OVFL=0.826627
    HPWL=(5594.159668, 1327.281738)
    POTN=1.397894E+06
    PHIC=2.982394E-10
    GRAD=3.363222E-03
    NuBT=1
    CPU =0.000137

ITER: 34
    HPWL=6917.293457
    OVFL=0.824424
    HPWL=(5593.604004, 1323.689453)
    POTN=1.381375E+06
    PHIC=3.131514E-10
    GRAD=3.398717E-03
    NuBT=1
    CPU =0.000143

ITER: 35
    HPWL=6913.251465
    OVFL=0.822343
    HPWL=(5593.265625, 1319.985962)
    POTN=1.364128E+06
    PHIC=3.288090E-10
    GRAD=3.437600E-03
    NuBT=1
    CPU =0.000145

ITER: 36
    HPWL=6909.495117
    OVFL=0.820177
    HPWL=(5593.102539, 1316.392456)
    POTN=1.348619E+06
    PHIC=3.452494E-10
    GRAD=3.474874E-03
    NuBT=1
    CPU =0.000134

ITER: 37
    HPWL=6905.622070
    OVFL=0.817961
    HPWL=(5592.998047, 1312.623779)
    POTN=1.332272E+06
    PHIC=3.625118E-10
    GRAD=3.515742E-03
    NuBT=1
    CPU =0.000134

ITER: 38
    HPWL=6901.233398
    OVFL=0.815891
    HPWL=(5592.690918, 1308.542725)
    POTN=1.317816E+06
    PHIC=3.806374E-10
    GRAD=3.555199E-03
    NuBT=1
    CPU =0.000133

ITER: 39
    HPWL=6896.995117
    OVFL=0.814672
    HPWL=(5592.515625, 1304.479248)
    POTN=1.302559E+06
    PHIC=3.996693E-10
    GRAD=3.593674E-03
    NuBT=1
    CPU =0.000133

ITER: 40
    HPWL=6892.624023
    OVFL=0.813627
    HPWL=(5592.316406, 1300.307373)
    POTN=1.289250E+06
    PHIC=4.196527E-10
    GRAD=3.618143E-03
    NuBT=1
    CPU =0.000133

ITER: 41
    HPWL=6888.250977
    OVFL=0.812434
    HPWL=(5592.161621, 1296.089233)
    POTN=1.275041E+06
    PHIC=4.406353E-10
    GRAD=3.637647E-03
    NuBT=1
    CPU =0.000133

ITER: 42
    HPWL=6883.928711
    OVFL=0.811645
    HPWL=(5591.940430, 1291.988281)
    POTN=1.262808E+06
    PHIC=4.626670E-10
    GRAD=3.659915E-03
    NuBT=1
    CPU =0.000162

ITER: 43
    HPWL=6879.221680
    OVFL=0.810605
    HPWL=(5591.653809, 1287.567993)
    POTN=1.249650E+06
    PHIC=4.858004E-10
    GRAD=3.675894E-03
    NuBT=1
    CPU =0.000139

ITER: 44
    HPWL=6874.406738
    OVFL=0.809574
    HPWL=(5591.315918, 1283.090820)
    POTN=1.238270E+06
    PHIC=5.100904E-10
    GRAD=3.696749E-03
    NuBT=1
    CPU =0.000138

ITER: 45
    HPWL=6869.131836
    OVFL=0.807964
    HPWL=(5590.736328, 1278.395752)
    POTN=1.212353E+06
    PHIC=5.355949E-10
    GRAD=3.717257E-03
    NuBT=1
    CPU =0.000135

ITER: 46
    HPWL=6865.387207
    OVFL=0.807379
    HPWL=(5590.383789, 1275.003540)
    POTN=1.188550E+06
    PHIC=5.623746E-10
    GRAD=3.748101E-03
    NuBT=1
    CPU =0.000136

ITER: 47
    HPWL=6861.904785
    OVFL=0.806076
    HPWL=(5589.952637, 1271.952148)
    POTN=1.164530E+06
    PHIC=5.904934E-10
    GRAD=3.762087E-03
    NuBT=1
    CPU =0.000137

ITER: 48
    HPWL=6858.000977
    OVFL=0.805295
    HPWL=(5589.192871, 1268.807983)
    POTN=1.143455E+06
    PHIC=6.200180E-10
    GRAD=3.785659E-03
    NuBT=1
    CPU =0.000137

ITER: 49
    HPWL=6853.890137
    OVFL=0.801231
    HPWL=(5588.247070, 1265.643066)
    POTN=1.114149E+06
    PHIC=6.510189E-10
    GRAD=3.802023E-03
    NuBT=1
    CPU =0.000147

ITER: 50
    HPWL=6849.821289
    OVFL=0.796966
    HPWL=(5587.351562, 1262.469849)
    POTN=1.083479E+06
    PHIC=6.835698E-10
    GRAD=3.882681E-03
    NuBT=1
    CPU =0.000138

ITER: 51
    HPWL=6846.224121
    OVFL=0.794866
    HPWL=(5586.553223, 1259.670776)
    POTN=1.053226E+06
    PHIC=7.177482E-10
    GRAD=3.970191E-03
    NuBT=1
    CPU =0.000138

ITER: 52
    HPWL=6842.160645
    OVFL=0.794086
    HPWL=(5585.566895, 1256.593628)
    POTN=1.026635E+06
    PHIC=7.536357E-10
    GRAD=4.014623E-03
    NuBT=1
    CPU =0.000137

ITER: 53
    HPWL=6837.053711
    OVFL=0.794264
    HPWL=(5584.019531, 1253.033936)
    POTN=1.000539E+06
    PHIC=7.913174E-10
    GRAD=4.030431E-03
    NuBT=1
    CPU =0.000138

ITER: 54
    HPWL=6831.640625
    OVFL=0.799484
    HPWL=(5582.286621, 1249.354248)
    POTN=9.780966E+05
    PHIC=8.308833E-10
    GRAD=4.025981E-03
    NuBT=1
    CPU =0.000138

ITER: 55
    HPWL=6826.659668
    OVFL=0.803787
    HPWL=(5580.726074, 1245.933594)
    POTN=9.560046E+05
    PHIC=8.724274E-10
    GRAD=3.920180E-03
    NuBT=1
    CPU =0.000137

ITER: 56
    HPWL=6821.133789
    OVFL=0.816397
    HPWL=(5578.764648, 1242.368896)
    POTN=9.373874E+05
    PHIC=9.160487E-10
    GRAD=3.833923E-03
    NuBT=1
    CPU =0.000149

ITER: 57
    HPWL=6816.878906
    OVFL=0.826402
    HPWL=(5577.178711, 1239.700073)
    POTN=9.174076E+05
    PHIC=9.618510E-10
    GRAD=3.594664E-03
    NuBT=1
    CPU =0.000138

ITER: 58
    HPWL=6809.880859
    OVFL=0.825752
    HPWL=(5573.969238, 1235.911377)
    POTN=8.974764E+05
    PHIC=1.009944E-09
    GRAD=3.410168E-03
    NuBT=1
    CPU =0.000136

ITER: 59
    HPWL=6805.751953
    OVFL=0.824399
    HPWL=(5572.194824, 1233.557373)
    POTN=8.776574E+05
    PHIC=1.060441E-09
    GRAD=3.420160E-03
    NuBT=1
    CPU =0.000136

ITER: 60
    HPWL=6808.528320
    OVFL=0.823584
    HPWL=(5573.917480, 1234.610718)
    POTN=8.606498E+05
    PHIC=1.113462E-09
    GRAD=3.457460E-03
    NuBT=1
    CPU =0.000137

ITER: 61
    HPWL=6802.333008
    OVFL=0.822039
    HPWL=(5570.948730, 1231.384033)
    POTN=8.438296E+05
    PHIC=1.169135E-09
    GRAD=3.467244E-03
    NuBT=2
    CPU =0.000229

ITER: 62
    HPWL=6797.708984
    OVFL=0.825664
    HPWL=(5568.862793, 1228.846313)
    POTN=8.300199E+05
    PHIC=1.227592E-09
    GRAD=3.493272E-03
    NuBT=1
    CPU =0.000136

ITER: 63
    HPWL=6796.416016
    OVFL=0.840399
    HPWL=(5568.528320, 1227.887817)
    POTN=8.160594E+05
    PHIC=1.288972E-09
    GRAD=3.436320E-03
    NuBT=1
    CPU =0.000149

ITER: 64
    HPWL=6792.694336
    OVFL=0.844625
    HPWL=(5567.017090, 1225.677368)
    POTN=8.024478E+05
    PHIC=1.353420E-09
    GRAD=3.187522E-03
    NuBT=1
    CPU =0.000139

ITER: 65
    HPWL=6781.625488
    OVFL=0.843583
    HPWL=(5561.794922, 1219.830444)
    POTN=7.873002E+05
    PHIC=1.421091E-09
    GRAD=3.106351E-03
    NuBT=1
    CPU =0.000136

ITER: 66
    HPWL=6777.832031
    OVFL=0.842410
    HPWL=(5560.354492, 1217.477783)
    POTN=7.746593E+05
    PHIC=1.492146E-09
    GRAD=3.124165E-03
    NuBT=1
    CPU =0.000136

ITER: 67
    HPWL=6776.118164
    OVFL=0.840688
    HPWL=(5560.017090, 1216.100952)
    POTN=7.618389E+05
    PHIC=1.566753E-09
    GRAD=3.147514E-03
    NuBT=2
    CPU =0.000231

ITER: 68
    HPWL=6772.024902
    OVFL=0.838819
    HPWL=(5558.437012, 1213.587769)
    POTN=7.515084E+05
    PHIC=1.645090E-09
    GRAD=3.176824E-03
    NuBT=2
    CPU =0.000234

ITER: 69
    HPWL=6771.965332
    OVFL=0.836407
    HPWL=(5558.935059, 1213.030273)
    POTN=7.408124E+05
    PHIC=1.727345E-09
    GRAD=3.216375E-03
    NuBT=1
    CPU =0.000146

ITER: 70
    HPWL=6764.908203
    OVFL=0.834449
    HPWL=(5555.916016, 1208.992432)
    POTN=7.327382E+05
    PHIC=1.813712E-09
    GRAD=3.251928E-03
    NuBT=2
    CPU =0.000232

ITER: 71
    HPWL=6760.182617
    OVFL=0.831898
    HPWL=(5554.175781, 1206.007080)
    POTN=7.241007E+05
    PHIC=1.904398E-09
    GRAD=3.284753E-03
    NuBT=1
    CPU =0.000137

ITER: 72
    HPWL=6758.141113
    OVFL=0.828721
    HPWL=(5553.817871, 1204.323364)
    POTN=7.173843E+05
    PHIC=1.999617E-09
    GRAD=3.333789E-03
    NuBT=1
    CPU =0.000137

ITER: 73
    HPWL=6754.478516
    OVFL=0.824265
    HPWL=(5552.676270, 1201.802490)
    POTN=6.988786E+05
    PHIC=2.099598E-09
    GRAD=3.391148E-03
    NuBT=1
    CPU =0.000136

ITER: 74
    HPWL=6748.376953
    OVFL=0.823217
    HPWL=(5550.349609, 1198.027588)
    POTN=6.813539E+05
    PHIC=2.204578E-09
    GRAD=3.467147E-03
    NuBT=1
    CPU =0.000138

ITER: 75
    HPWL=6742.201660
    OVFL=0.821885
    HPWL=(5548.015137, 1194.186401)
    POTN=6.645958E+05
    PHIC=2.314807E-09
    GRAD=3.482350E-03
    NuBT=1
    CPU =0.000150

ITER: 76
    HPWL=6736.622070
    OVFL=0.820653
    HPWL=(5546.006836, 1190.615479)
    POTN=6.514724E+05
    PHIC=2.430547E-09
    GRAD=3.506605E-03
    NuBT=1
    CPU =0.000139

ITER: 77
    HPWL=6732.210938
    OVFL=0.819109
    HPWL=(5544.600586, 1187.610352)
    POTN=6.392197E+05
    PHIC=2.552074E-09
    GRAD=3.530238E-03
    NuBT=1
    CPU =0.000138

ITER: 78
    HPWL=6727.786621
    OVFL=0.817631
    HPWL=(5543.200195, 1184.586304)
    POTN=6.305029E+05
    PHIC=2.679678E-09
    GRAD=3.559573E-03
    NuBT=1
    CPU =0.000138

ITER: 79
    HPWL=6722.439453
    OVFL=0.815857
    HPWL=(5541.413574, 1181.026123)
    POTN=6.227204E+05
    PHIC=2.813661E-09
    GRAD=3.586933E-03
    NuBT=1
    CPU =0.000136

ITER: 80
    HPWL=6716.557617
    OVFL=0.814117
    HPWL=(5539.349609, 1177.208008)
    POTN=6.183286E+05
    PHIC=2.954344E-09
    GRAD=3.618312E-03
    NuBT=1
    CPU =0.000136

ITER: 81
    HPWL=6711.117676
    OVFL=0.816317
    HPWL=(5537.525879, 1173.591675)
    POTN=6.147680E+05
    PHIC=3.102061E-09
    GRAD=3.652263E-03
    NuBT=1
    CPU =0.000136

ITER: 82
    HPWL=6706.118652
    OVFL=0.828648
    HPWL=(5535.948242, 1170.170410)
    POTN=6.142706E+05
    PHIC=3.257164E-09
    GRAD=3.612014E-03
    NuBT=1
    CPU =0.000147

ITER: 83
    HPWL=6699.871094
    OVFL=0.835277
    HPWL=(5533.793457, 1166.077637)
    POTN=6.044293E+05
    PHIC=3.420022E-09
    GRAD=3.390081E-03
    NuBT=1
    CPU =0.000138

ITER: 84
    HPWL=6689.278809
    OVFL=0.834214
    HPWL=(5529.386230, 1159.892700)
    POTN=5.854676E+05
    PHIC=3.591023E-09
    GRAD=3.264507E-03
    NuBT=1
    CPU =0.000141

ITER: 85
    HPWL=6684.092773
    OVFL=0.832959
    HPWL=(5527.728516, 1156.364014)
    POTN=5.674587E+05
    PHIC=3.770575E-09
    GRAD=3.283378E-03
    NuBT=1
    CPU =0.000137

ITER: 86
    HPWL=6680.662109
    OVFL=0.831783
    HPWL=(5527.057129, 1153.605103)
    POTN=5.522791E+05
    PHIC=3.959103E-09
    GRAD=3.309127E-03
    NuBT=2
    CPU =0.000232

ITER: 87
    HPWL=6675.530273
    OVFL=0.830365
    HPWL=(5525.496582, 1150.033447)
    POTN=5.381864E+05
    PHIC=4.157058E-09
    GRAD=3.328139E-03
    NuBT=2
    CPU =0.000230

ITER: 88
    HPWL=6673.994141
    OVFL=0.828989
    HPWL=(5525.683594, 1148.310669)
    POTN=5.268780E+05
    PHIC=4.364911E-09
    GRAD=3.362843E-03
    NuBT=1
    CPU =0.000149

ITER: 89
    HPWL=6670.952637
    OVFL=0.827278
    HPWL=(5525.264648, 1145.687866)
    POTN=5.166072E+05
    PHIC=4.583157E-09
    GRAD=3.392638E-03
    NuBT=1
    CPU =0.000138

ITER: 90
    HPWL=6663.556641
    OVFL=0.825634
    HPWL=(5522.564941, 1140.991943)
    POTN=5.091660E+05
    PHIC=4.812314E-09
    GRAD=3.417948E-03
    NuBT=1
    CPU =0.000137

ITER: 91
    HPWL=6655.545410
    OVFL=0.823777
    HPWL=(5519.502930, 1136.042603)
    POTN=5.028240E+05
    PHIC=5.052930E-09
    GRAD=3.439750E-03
    NuBT=1
    CPU =0.000137

ITER: 92
    HPWL=6649.988281
    OVFL=0.821912
    HPWL=(5517.704102, 1132.284180)
    POTN=4.991371E+05
    PHIC=5.305576E-09
    GRAD=3.473896E-03
    NuBT=1
    CPU =0.000135

ITER: 93
    HPWL=6646.613281
    OVFL=0.819606
    HPWL=(5517.033691, 1129.579834)
    POTN=4.965211E+05
    PHIC=5.570854E-09
    GRAD=3.511545E-03
    NuBT=1
    CPU =0.000135

ITER: 94
    HPWL=6642.159180
    OVFL=0.820012
    HPWL=(5515.722168, 1126.437256)
    POTN=4.963580E+05
    PHIC=5.849397E-09
    GRAD=3.555678E-03
    NuBT=1
    CPU =0.000135

ITER: 95
    HPWL=6636.127930
    OVFL=0.823996
    HPWL=(5513.774414, 1122.353271)
    POTN=4.970851E+05
    PHIC=6.141867E-09
    GRAD=3.544976E-03
    NuBT=1
    CPU =0.000145

ITER: 96
    HPWL=6629.368164
    OVFL=0.835332
    HPWL=(5511.399414, 1117.968994)
    POTN=4.988505E+05
    PHIC=6.448960E-09
    GRAD=3.469831E-03
    NuBT=1
    CPU =0.000136

ITER: 97
    HPWL=6622.726562
    OVFL=0.833874
    HPWL=(5509.211914, 1113.514893)
    POTN=4.932130E+05
    PHIC=6.771407E-09
    GRAD=3.269876E-03
    NuBT=1
    CPU =0.000136

ITER: 98
    HPWL=6615.039062
    OVFL=0.826509
    HPWL=(5506.463379, 1108.575806)
    POTN=4.786063E+05
    PHIC=7.109977E-09
    GRAD=3.288974E-03
    NuBT=1
    CPU =0.000136

ITER: 99
    HPWL=6614.413086
    OVFL=0.826825
    HPWL=(5507.258301, 1107.154785)
    POTN=4.657546E+05
    PHIC=7.465476E-09
    GRAD=3.423099E-03
    NuBT=1
    CPU =0.000140

ITER: 100
    HPWL=6608.213867
    OVFL=0.826988
    HPWL=(5505.246582, 1102.967285)
    POTN=4.558602E+05
    PHIC=7.838750E-09
    GRAD=3.414715E-03
    NuBT=2
    CPU =0.000228

ITER: 101
    HPWL=6604.213379
    OVFL=0.826956
    HPWL=(5504.269531, 1099.943848)
    POTN=4.477846E+05
    PHIC=8.230687E-09
    GRAD=3.414790E-03
    NuBT=1
    CPU =0.000136

ITER: 102
    HPWL=6601.815430
    OVFL=0.826718
    HPWL=(5504.163086, 1097.652466)
    POTN=4.424168E+05
    PHIC=8.642221E-09
    GRAD=3.420991E-03
    NuBT=1
    CPU =0.000153

ITER: 103
    HPWL=6597.213867
    OVFL=0.826405
    HPWL=(5502.943848, 1094.270264)
    POTN=4.388503E+05
    PHIC=9.074332E-09
    GRAD=3.426192E-03
    NuBT=1
    CPU =0.000137

ITER: 104
    HPWL=6590.665527
    OVFL=0.826006
    HPWL=(5500.716797, 1089.948608)
    POTN=4.377884E+05
    PHIC=9.528048E-09
    GRAD=3.427597E-03
    NuBT=1
    CPU =0.000136

ITER: 105
    HPWL=6584.934570
    OVFL=0.825449
    HPWL=(5498.849609, 1086.084839)
    POTN=4.383113E+05
    PHIC=1.000445E-08
    GRAD=3.431026E-03
    NuBT=1
    CPU =0.000138

ITER: 106
    HPWL=6580.871094
    OVFL=0.836473
    HPWL=(5497.756348, 1083.114990)
    POTN=4.408672E+05
    PHIC=1.050467E-08
    GRAD=3.442508E-03
    NuBT=1
    CPU =0.000136

ITER: 107
    HPWL=6577.032227
    OVFL=0.855686
    HPWL=(5496.857910, 1080.174561)
    POTN=4.434079E+05
    PHIC=1.102990E-08
    GRAD=3.256962E-03
    NuBT=1
    CPU =0.000137

ITER: 108
    HPWL=6567.741699
    OVFL=0.855043
    HPWL=(5493.118652, 1074.623047)
    POTN=4.372490E+05
    PHIC=1.158140E-08
    GRAD=2.940387E-03
    NuBT=1
    CPU =0.000137

ITER: 109
    HPWL=6554.931641
    OVFL=0.853991
    HPWL=(5487.627441, 1067.303955)
    POTN=4.320778E+05
    PHIC=1.216047E-08
    GRAD=2.937277E-03
    NuBT=1
    CPU =0.000149

ITER: 110
    HPWL=6557.672852
    OVFL=0.852728
    HPWL=(5490.074219, 1067.598877)
    POTN=4.283622E+05
    PHIC=1.276849E-08
    GRAD=2.965063E-03
    NuBT=1
    CPU =0.000143

ITER: 111
    HPWL=6552.259766
    OVFL=0.851396
    HPWL=(5488.368164, 1063.891602)
    POTN=4.257866E+05
    PHIC=1.340691E-08
    GRAD=2.983192E-03
    NuBT=2
    CPU =0.000231

ITER: 112
    HPWL=6552.485352
    OVFL=0.849874
    HPWL=(5489.409180, 1063.075928)
    POTN=4.246511E+05
    PHIC=1.407726E-08
    GRAD=3.012479E-03
    NuBT=1
    CPU =0.000135

ITER: 113
    HPWL=6546.056641
    OVFL=0.848208
    HPWL=(5487.028809, 1059.027588)
    POTN=4.245743E+05
    PHIC=1.478112E-08
    GRAD=3.031928E-03
    NuBT=2
    CPU =0.000228

ITER: 114
    HPWL=6542.033203
    OVFL=0.846189
    HPWL=(5486.022461, 1056.010498)
    POTN=4.258144E+05
    PHIC=1.552017E-08
    GRAD=3.058756E-03
    NuBT=1
    CPU =0.000135

ITER: 115
    HPWL=6540.582031
    OVFL=0.844550
    HPWL=(5486.447266, 1054.134766)
    POTN=4.279605E+05
    PHIC=1.629618E-08
    GRAD=3.096158E-03
    NuBT=1
    CPU =0.000149

ITER: 116
    HPWL=6537.020020
    OVFL=0.841744
    HPWL=(5485.981934, 1051.037964)
    POTN=4.293647E+05
    PHIC=1.711099E-08
    GRAD=3.123601E-03
    NuBT=1
    CPU =0.000137

ITER: 117
    HPWL=6531.087891
    OVFL=0.836905
    HPWL=(5484.232422, 1046.855713)
    POTN=4.257620E+05
    PHIC=1.796654E-08
    GRAD=3.163026E-03
    NuBT=1
    CPU =0.000137

ITER: 118
    HPWL=6525.950684
    OVFL=0.835483
    HPWL=(5482.820312, 1043.130249)
    POTN=4.235585E+05
    PHIC=1.886487E-08
    GRAD=3.239705E-03
    NuBT=1
    CPU =0.000137

ITER: 119
    HPWL=6522.773438
    OVFL=0.833805
    HPWL=(5482.437012, 1040.336426)
    POTN=4.225753E+05
    PHIC=1.980811E-08
    GRAD=3.266333E-03
    NuBT=1
    CPU =0.000137

ITER: 120
    HPWL=6519.548828
    OVFL=0.831749
    HPWL=(5482.026367, 1037.522583)
    POTN=4.230009E+05
    PHIC=2.079851E-08
    GRAD=3.294820E-03
    NuBT=1
    CPU =0.000136

ITER: 121
    HPWL=6515.030273
    OVFL=0.829098
    HPWL=(5480.971680, 1034.058838)
    POTN=4.245195E+05
    PHIC=2.183844E-08
    GRAD=3.327610E-03
    NuBT=1
    CPU =0.000134

ITER: 122
    HPWL=6510.345215
    OVFL=0.821054
    HPWL=(5479.749512, 1030.595703)
    POTN=4.248668E+05
    PHIC=2.293036E-08
    GRAD=3.371609E-03
    NuBT=1
    CPU =0.000148

ITER: 123
    HPWL=6506.432129
    OVFL=0.811811
    HPWL=(5479.020020, 1027.412109)
    POTN=4.185503E+05
    PHIC=2.407687E-08
    GRAD=3.513926E-03
    NuBT=1
    CPU =0.000140

ITER: 124
    HPWL=6498.560059
    OVFL=0.806812
    HPWL=(5476.317871, 1022.242065)
    POTN=4.144968E+05
    PHIC=2.528072E-08
    GRAD=3.674312E-03
    NuBT=2
    CPU =0.000228

ITER: 125
    HPWL=6497.051758
    OVFL=0.801328
    HPWL=(5476.996582, 1020.055115)
    POTN=4.125728E+05
    PHIC=2.654475E-08
    GRAD=3.774243E-03
    NuBT=1
    CPU =0.000137

ITER: 126
    HPWL=6491.465332
    OVFL=0.801912
    HPWL=(5475.468262, 1015.997070)
    POTN=4.127738E+05
    PHIC=2.787199E-08
    GRAD=3.876382E-03
    NuBT=2
    CPU =0.000228

ITER: 127
    HPWL=6490.490234
    OVFL=0.806118
    HPWL=(5476.339844, 1014.150269)
    POTN=4.150226E+05
    PHIC=2.926559E-08
    GRAD=3.870897E-03
    NuBT=1
    CPU =0.000169

ITER: 128
    HPWL=6489.926758
    OVFL=0.809430
    HPWL=(5477.438477, 1012.488037)
    POTN=4.192330E+05
    PHIC=3.072886E-08
    GRAD=3.794515E-03
    NuBT=1
    CPU =0.000256

ITER: 129
    HPWL=6483.811035
    OVFL=0.811876
    HPWL=(5475.703613, 1008.107544)
    POTN=4.253618E+05
    PHIC=3.226531E-08
    GRAD=3.724427E-03
    NuBT=1
    CPU =0.000204

ITER: 130
    HPWL=6476.990234
    OVFL=0.813474
    HPWL=(5473.563965, 1003.426208)
    POTN=4.332510E+05
    PHIC=3.387857E-08
    GRAD=3.670675E-03
    NuBT=1
    CPU =0.000265

ITER: 131
    HPWL=6473.744141
    OVFL=0.816256
    HPWL=(5473.234375, 1000.509949)
    POTN=4.429026E+05
    PHIC=3.557249E-08
    GRAD=3.641852E-03
    NuBT=1
    CPU =0.000191

ITER: 132
    HPWL=6472.930176
    OVFL=0.829941
    HPWL=(5474.125000, 998.805176)
    POTN=4.522927E+05
    PHIC=3.735112E-08
    GRAD=3.595400E-03
    NuBT=1
    CPU =0.000222

ITER: 133
    HPWL=6469.637695
    OVFL=0.850849
    HPWL=(5473.653809, 995.983887)
    POTN=4.583511E+05
    PHIC=3.921867E-08
    GRAD=3.352283E-03
    NuBT=1
    CPU =0.000188

ITER: 134
    HPWL=6460.014648
    OVFL=0.855896
    HPWL=(5469.720215, 990.294434)
    POTN=4.547783E+05
    PHIC=4.117960E-08
    GRAD=3.000633E-03
    NuBT=1
    CPU =0.000185

ITER: 135
    HPWL=6449.535156
    OVFL=0.856482
    HPWL=(5464.922852, 984.612488)
    POTN=4.495606E+05
    PHIC=4.323858E-08
    GRAD=2.914214E-03
    NuBT=1
    CPU =0.000189

ITER: 136
    HPWL=6455.559570
    OVFL=0.856905
    HPWL=(5468.166016, 987.393494)
    POTN=4.452723E+05
    PHIC=4.540047E-08
    GRAD=2.913810E-03
    NuBT=1
    CPU =0.000193

ITER: 137
    HPWL=6454.192871
    OVFL=0.857190
    HPWL=(5467.578125, 986.614868)
    POTN=4.420772E+05
    PHIC=4.767049E-08
    GRAD=2.907158E-03
    NuBT=2
    CPU =0.000353

ITER: 138
    HPWL=6455.464844
    OVFL=0.857350
    HPWL=(5468.282715, 987.182190)
    POTN=4.397072E+05
    PHIC=5.005401E-08
    GRAD=2.905048E-03
    NuBT=2
    CPU =0.000339

ITER: 139
    HPWL=6455.552246
    OVFL=0.857419
    HPWL=(5468.446777, 987.105347)
    POTN=4.383168E+05
    PHIC=5.255670E-08
    GRAD=2.904192E-03
    NuBT=2
    CPU =0.000338

ITER: 140
    HPWL=6458.323730
    OVFL=0.857437
    HPWL=(5469.759766, 988.564087)
    POTN=4.376498E+05
    PHIC=5.518452E-08
    GRAD=2.907355E-03
    NuBT=1
    CPU =0.000197

ITER: 141
    HPWL=6458.963379
    OVFL=0.857276
    HPWL=(5470.145020, 988.818237)
    POTN=4.378246E+05
    PHIC=5.794373E-08
    GRAD=2.907309E-03
    NuBT=1
    CPU =0.000181

ITER: 142
    HPWL=6456.458008
    OVFL=0.857067
    HPWL=(5468.816895, 987.640869)
    POTN=4.385948E+05
    PHIC=6.084092E-08
    GRAD=2.907378E-03
    NuBT=1
    CPU =0.000186

ITER: 143
    HPWL=6453.932617
    OVFL=0.856760
    HPWL=(5467.424805, 986.507935)
    POTN=4.401501E+05
    PHIC=6.388296E-08
    GRAD=2.905248E-03
    NuBT=1
    CPU =0.000177

ITER: 144
    HPWL=6453.731934
    OVFL=0.856404
    HPWL=(5467.134766, 986.597168)
    POTN=4.422177E+05
    PHIC=6.707710E-08
    GRAD=2.909739E-03
    NuBT=1
    CPU =0.000175

ITER: 145
    HPWL=6454.945312
    OVFL=0.855856
    HPWL=(5467.690918, 987.254456)
    POTN=4.449426E+05
    PHIC=7.043094E-08
    GRAD=2.917039E-03
    NuBT=1
    CPU =0.000175

ITER: 146
    HPWL=6454.823730
    OVFL=0.855262
    HPWL=(5467.637695, 987.186035)
    POTN=4.480804E+05
    PHIC=7.395248E-08
    GRAD=2.925632E-03
    NuBT=1
    CPU =0.000199

ITER: 147
    HPWL=6453.367188
    OVFL=0.854575
    HPWL=(5466.704590, 986.662842)
    POTN=4.518440E+05
    PHIC=7.765010E-08
    GRAD=2.932596E-03
    NuBT=1
    CPU =0.000177

ITER: 148
    HPWL=6451.965332
    OVFL=0.853718
    HPWL=(5465.823242, 986.142090)
    POTN=4.558812E+05
    PHIC=8.153260E-08
    GRAD=2.941321E-03
    NuBT=1
    CPU =0.000175

ITER: 149
    HPWL=6451.623047
    OVFL=0.852728
    HPWL=(5465.641113, 985.982056)
    POTN=4.604508E+05
    PHIC=8.560922E-08
    GRAD=2.953403E-03
    NuBT=1
    CPU =0.000175

ITER: 150
    HPWL=6451.827637
    OVFL=0.851602
    HPWL=(5465.754395, 986.073120)
    POTN=4.652323E+05
    PHIC=8.988968E-08
    GRAD=2.968794E-03
    NuBT=1
    CPU =0.000174

ITER: 151
    HPWL=6451.191406
    OVFL=0.850287
    HPWL=(5465.511230, 985.680359)
    POTN=4.705851E+05
    PHIC=9.438416E-08
    GRAD=2.985148E-03
    NuBT=1
    CPU =0.000191

ITER: 152
    HPWL=6450.463867
    OVFL=0.848749
    HPWL=(5464.993164, 985.470703)
    POTN=4.761590E+05
    PHIC=9.910337E-08
    GRAD=3.005144E-03
    NuBT=1
    CPU =0.000174

ITER: 153
    HPWL=6450.156738
    OVFL=0.846682
    HPWL=(5464.771973, 985.384766)
    POTN=4.820894E+05
    PHIC=1.040585E-07
    GRAD=3.027635E-03
    NuBT=1
    CPU =0.000174

ITER: 154
    HPWL=6450.195312
    OVFL=0.833469
    HPWL=(5464.694336, 985.501160)
    POTN=4.836775E+05
    PHIC=1.092614E-07
    GRAD=3.058969E-03
    NuBT=1
    CPU =0.000174

ITER: 155
    HPWL=6444.057617
    OVFL=0.824807
    HPWL=(5461.503418, 982.554382)
    POTN=4.848480E+05
    PHIC=1.147245E-07
    GRAD=3.267090E-03
    NuBT=2
    CPU =0.000327

ITER: 156
    HPWL=6444.012695
    OVFL=0.824405
    HPWL=(5461.571289, 982.441467)
    POTN=4.865176E+05
    PHIC=1.204607E-07
    GRAD=3.414755E-03
    NuBT=1
    CPU =0.000188

ITER: 157
    HPWL=6446.520996
    OVFL=0.823971
    HPWL=(5462.905273, 983.615723)
    POTN=4.889415E+05
    PHIC=1.264837E-07
    GRAD=3.424013E-03
    NuBT=2
    CPU =0.000330

ITER: 158
    HPWL=6446.267578
    OVFL=0.823524
    HPWL=(5462.700684, 983.566895)
    POTN=4.918092E+05
    PHIC=1.328079E-07
    GRAD=3.432102E-03
    NuBT=2
    CPU =0.000327

ITER: 159
    HPWL=6448.768555
    OVFL=0.823494
    HPWL=(5463.925293, 984.843018)
    POTN=4.954079E+05
    PHIC=1.394483E-07
    GRAD=3.442103E-03
    NuBT=1
    CPU =0.000175

ITER: 160
    HPWL=6450.235352
    OVFL=0.823542
    HPWL=(5464.597168, 985.638306)
    POTN=4.993704E+05
    PHIC=1.464206E-07
    GRAD=3.444376E-03
    NuBT=1
    CPU =0.000194

ITER: 161
    HPWL=6448.605957
    OVFL=0.823565
    HPWL=(5463.674805, 984.931152)
    POTN=5.040018E+05
    PHIC=1.537417E-07
    GRAD=3.441369E-03
    NuBT=1
    CPU =0.000176

ITER: 162
    HPWL=6446.525879
    OVFL=0.823547
    HPWL=(5462.417969, 984.108032)
    POTN=5.089113E+05
    PHIC=1.614287E-07
    GRAD=3.438256E-03
    NuBT=1
    CPU =0.000173

ITER: 163
    HPWL=6446.195801
    OVFL=0.823509
    HPWL=(5462.203125, 983.992676)
    POTN=5.144936E+05
    PHIC=1.695002E-07
    GRAD=3.437956E-03
    NuBT=1
    CPU =0.000172

ITER: 164
    HPWL=6447.847168
    OVFL=0.823438
    HPWL=(5462.813965, 985.033081)
    POTN=5.203333E+05
    PHIC=1.779751E-07
    GRAD=3.439856E-03
    NuBT=1
    CPU =0.000173

ITER: 165
    HPWL=6448.564941
    OVFL=0.823311
    HPWL=(5463.210938, 985.353943)
    POTN=5.267094E+05
    PHIC=1.868738E-07
    GRAD=3.442826E-03
    NuBT=1
    CPU =0.000173

ITER: 166
    HPWL=6447.774414
    OVFL=0.823158
    HPWL=(5462.582031, 985.192261)
    POTN=5.332217E+05
    PHIC=1.962175E-07
    GRAD=3.443338E-03
    NuBT=1
    CPU =0.000194

ITER: 167
    HPWL=6446.751953
    OVFL=0.822962
    HPWL=(5461.938965, 984.812744)
    POTN=5.401495E+05
    PHIC=2.060284E-07
    GRAD=3.445461E-03
    NuBT=1
    CPU =0.000173

ITER: 168
    HPWL=6446.713379
    OVFL=0.824406
    HPWL=(5461.675293, 985.037903)
    POTN=5.470645E+05
    PHIC=2.163298E-07
    GRAD=3.447528E-03
    NuBT=1
    CPU =0.000187

ITER: 169
    HPWL=6447.061035
    OVFL=0.827412
    HPWL=(5461.634277, 985.426697)
    POTN=5.540071E+05
    PHIC=2.271463E-07
    GRAD=3.422240E-03
    NuBT=1
    CPU =0.000194

ITER: 170
    HPWL=6447.258789
    OVFL=0.828616
    HPWL=(5461.308594, 985.950073)
    POTN=5.583059E+05
    PHIC=2.385036E-07
    GRAD=3.371076E-03
    NuBT=1
    CPU =0.000202

ITER: 171
    HPWL=6445.984375
    OVFL=0.829319
    HPWL=(5460.339844, 985.644409)
    POTN=5.625686E+05
    PHIC=2.504287E-07
    GRAD=3.349420E-03
    NuBT=1
    CPU =0.000221

ITER: 172
    HPWL=6445.544434
    OVFL=0.835620
    HPWL=(5459.878906, 985.665649)
    POTN=5.664519E+05
    PHIC=2.629501E-07
    GRAD=3.335324E-03
    NuBT=1
    CPU =0.000225

ITER: 173
    HPWL=6445.709961
    OVFL=0.840859
    HPWL=(5459.763184, 985.946716)
    POTN=5.700524E+05
    PHIC=2.760976E-07
    GRAD=3.230077E-03
    NuBT=1
    CPU =0.000185

ITER: 174
    HPWL=6444.118652
    OVFL=0.839986
    HPWL=(5458.511719, 985.606812)
    POTN=5.694606E+05
    PHIC=2.899025E-07
    GRAD=3.143959E-03
    NuBT=1
    CPU =0.000157

ITER: 175
    HPWL=6442.618164
    OVFL=0.839664
    HPWL=(5457.498535, 985.119629)
    POTN=5.683230E+05
    PHIC=3.043976E-07
    GRAD=3.157931E-03
    NuBT=1
    CPU =0.000110

ITER: 176
    HPWL=6444.236328
    OVFL=0.839965
    HPWL=(5457.930176, 986.306396)
    POTN=5.671653E+05
    PHIC=3.196174E-07
    GRAD=3.163877E-03
    NuBT=1
    CPU =0.000109

ITER: 177
    HPWL=6443.118652
    OVFL=0.840151
    HPWL=(5457.100098, 986.018677)
    POTN=5.663203E+05
    PHIC=3.355982E-07
    GRAD=3.158675E-03
    NuBT=2
    CPU =0.000220

ITER: 178
    HPWL=6443.091309
    OVFL=0.840231
    HPWL=(5456.633789, 986.457642)
    POTN=5.654959E+05
    PHIC=3.523781E-07
    GRAD=3.154063E-03
    NuBT=1
    CPU =0.000109

ITER: 179
    HPWL=6442.982422
    OVFL=0.840226
    HPWL=(5456.330078, 986.652100)
    POTN=5.649746E+05
    PHIC=3.699970E-07
    GRAD=3.153831E-03
    NuBT=1
    CPU =0.000109

ITER: 180
    HPWL=6442.622559
    OVFL=0.840135
    HPWL=(5455.745605, 986.876953)
    POTN=5.644594E+05
    PHIC=3.884969E-07
    GRAD=3.153587E-03
    NuBT=1
    CPU =0.000109

ITER: 181
    HPWL=6441.374512
    OVFL=0.839975
    HPWL=(5454.891113, 986.483215)
    POTN=5.642169E+05
    PHIC=4.079217E-07
    GRAD=3.154171E-03
    NuBT=1
    CPU =0.000108

ITER: 182
    HPWL=6440.699707
    OVFL=0.839737
    HPWL=(5454.244629, 986.455139)
    POTN=5.639787E+05
    PHIC=4.283177E-07
    GRAD=3.158116E-03
    NuBT=1
    CPU =0.000108

ITER: 183
    HPWL=6439.976562
    OVFL=0.839422
    HPWL=(5453.753906, 986.222656)
    POTN=5.639817E+05
    PHIC=4.497336E-07
    GRAD=3.160358E-03
    NuBT=1
    CPU =0.000108

ITER: 184
    HPWL=6439.770508
    OVFL=0.839015
    HPWL=(5453.520508, 986.249756)
    POTN=5.639530E+05
    PHIC=4.722203E-07
    GRAD=3.165961E-03
    NuBT=1
    CPU =0.000109

ITER: 185
    HPWL=6439.004883
    OVFL=0.838469
    HPWL=(5453.138672, 985.866333)
    POTN=5.641268E+05
    PHIC=4.958313E-07
    GRAD=3.173866E-03
    NuBT=1
    CPU =0.000118

ITER: 186
    HPWL=6438.732422
    OVFL=0.837806
    HPWL=(5452.852051, 985.880371)
    POTN=5.642386E+05
    PHIC=5.206228E-07
    GRAD=3.182655E-03
    NuBT=1
    CPU =0.000110

ITER: 187
    HPWL=6437.623535
    OVFL=0.837008
    HPWL=(5452.478027, 985.145630)
    POTN=5.645482E+05
    PHIC=5.466539E-07
    GRAD=3.193348E-03
    NuBT=1
    CPU =0.000108

ITER: 188
    HPWL=6437.612305
    OVFL=0.836052
    HPWL=(5452.471191, 985.141357)
    POTN=5.647736E+05
    PHIC=5.739865E-07
    GRAD=3.207286E-03
    NuBT=1
    CPU =0.000108

ITER: 189
    HPWL=6437.106934
    OVFL=0.834868
    HPWL=(5452.410645, 984.696167)
    POTN=5.651471E+05
    PHIC=6.026858E-07
    GRAD=3.224597E-03
    NuBT=1
    CPU =0.000109

ITER: 190
    HPWL=6437.473145
    OVFL=0.833317
    HPWL=(5452.614258, 984.858765)
    POTN=5.653253E+05
    PHIC=6.328201E-07
    GRAD=3.246083E-03
    NuBT=1
    CPU =0.000108

ITER: 191
    HPWL=6437.680664
    OVFL=0.829871
    HPWL=(5453.096191, 984.584473)
    POTN=5.645241E+05
    PHIC=6.644611E-07
    GRAD=3.271534E-03
    NuBT=1
    CPU =0.000109

ITER: 192
    HPWL=6438.419922
    OVFL=0.818871
    HPWL=(5453.765625, 984.654541)
    POTN=5.585031E+05
    PHIC=6.976840E-07
    GRAD=3.332065E-03
    NuBT=1
    CPU =0.000110

ITER: 193
    HPWL=6433.964844
    OVFL=0.810942
    HPWL=(5451.998047, 981.966919)
    POTN=5.520603E+05
    PHIC=7.325682E-07
    GRAD=3.521297E-03
    NuBT=2
    CPU =0.000201

ITER: 194
    HPWL=6433.467773
    OVFL=0.806539
    HPWL=(5452.008301, 981.459717)
    POTN=5.451332E+05
    PHIC=7.691966E-07
    GRAD=3.667209E-03
    NuBT=1
    CPU =0.000125

ITER: 195
    HPWL=6435.149902
    OVFL=0.805241
    HPWL=(5453.422363, 981.727722)
    POTN=5.382004E+05
    PHIC=8.076562E-07
    GRAD=3.754661E-03
    NuBT=2
    CPU =0.000204

ITER: 196
    HPWL=6435.563477
    OVFL=0.803964
    HPWL=(5453.975586, 981.587646)
    POTN=5.312234E+05
    PHIC=8.480389E-07
    GRAD=3.779725E-03
    NuBT=2
    CPU =0.000206

ITER: 197
    HPWL=6435.598633
    OVFL=0.802625
    HPWL=(5454.533691, 981.064819)
    POTN=5.245445E+05
    PHIC=8.904408E-07
    GRAD=3.807044E-03
    NuBT=2
    CPU =0.000208

ITER: 198
    HPWL=6435.924316
    OVFL=0.801189
    HPWL=(5454.925293, 980.998840)
    POTN=5.179835E+05
    PHIC=9.349628E-07
    GRAD=3.834813E-03
    NuBT=2
    CPU =0.000209

ITER: 199
    HPWL=6437.478027
    OVFL=0.799623
    HPWL=(5456.116699, 981.361267)
    POTN=5.119302E+05
    PHIC=9.817106E-07
    GRAD=3.866273E-03
    NuBT=1
    CPU =0.000125

ITER: 200
    HPWL=6438.676758
    OVFL=0.797957
    HPWL=(5457.001953, 981.674622)
    POTN=5.061828E+05
    PHIC=1.030796E-06
    GRAD=3.900827E-03
    NuBT=1
    CPU =0.000115

ITER: 201
    HPWL=6435.947754
    OVFL=0.796142
    HPWL=(5456.008789, 979.938965)
    POTN=5.011668E+05
    PHIC=1.082336E-06
    GRAD=3.933625E-03
    NuBT=1
    CPU =0.000112

ITER: 202
    HPWL=6433.997559
    OVFL=0.794160
    HPWL=(5455.181641, 978.816040)
    POTN=4.965237E+05
    PHIC=1.136452E-06
    GRAD=3.967328E-03
    NuBT=1
    CPU =0.000147

ITER: 203
    HPWL=6432.168945
    OVFL=0.791959
    HPWL=(5454.583984, 977.584717)
    POTN=4.925977E+05
    PHIC=1.193275E-06
    GRAD=4.007172E-03
    NuBT=1
    CPU =0.000139

ITER: 204
    HPWL=6432.593750
    OVFL=0.793908
    HPWL=(5454.836426, 977.757568)
    POTN=4.890198E+05
    PHIC=1.252939E-06
    GRAD=4.055139E-03
    NuBT=1
    CPU =0.000141

ITER: 205
    HPWL=6431.225586
    OVFL=0.796066
    HPWL=(5454.377930, 976.847778)
    POTN=4.860202E+05
    PHIC=1.315585E-06
    GRAD=4.014093E-03
    NuBT=1
    CPU =0.000138

ITER: 206
    HPWL=6428.965820
    OVFL=0.799675
    HPWL=(5453.197266, 975.768799)
    POTN=4.831737E+05
    PHIC=1.381365E-06
    GRAD=3.969086E-03
    NuBT=1
    CPU =0.000138

ITER: 207
    HPWL=6425.743652
    OVFL=0.805577
    HPWL=(5451.577148, 974.166565)
    POTN=4.805182E+05
    PHIC=1.450433E-06
    GRAD=3.894477E-03
    NuBT=1
    CPU =0.000148

ITER: 208
    HPWL=6424.507324
    OVFL=0.815180
    HPWL=(5450.703613, 973.803589)
    POTN=4.777088E+05
    PHIC=1.522954E-06
    GRAD=3.778351E-03
    NuBT=1
    CPU =0.000137

ITER: 209
    HPWL=6421.552734
    OVFL=0.820152
    HPWL=(5449.006836, 972.545654)
    POTN=4.737334E+05
    PHIC=1.599102E-06
    GRAD=3.596644E-03
    NuBT=1
    CPU =0.000136

ITER: 210
    HPWL=6418.270020
    OVFL=0.820176
    HPWL=(5446.937012, 971.332947)
    POTN=4.680427E+05
    PHIC=1.679057E-06
    GRAD=3.504875E-03
    NuBT=1
    CPU =0.000137

ITER: 211
    HPWL=6416.979004
    OVFL=0.819566
    HPWL=(5445.288086, 971.690796)
    POTN=4.626446E+05
    PHIC=1.763010E-06
    GRAD=3.506016E-03
    NuBT=1
    CPU =0.000137

ITER: 212
    HPWL=6417.972168
    OVFL=0.819221
    HPWL=(5444.451172, 973.521118)
    POTN=4.573706E+05
    PHIC=1.851160E-06
    GRAD=3.519115E-03
    NuBT=2
    CPU =0.000229

ITER: 213
    HPWL=6420.564453
    OVFL=0.818860
    HPWL=(5443.992188, 976.572266)
    POTN=4.523280E+05
    PHIC=1.943717E-06
    GRAD=3.529852E-03
    NuBT=1
    CPU =0.000148

ITER: 214
    HPWL=6424.955078
    OVFL=0.818082
    HPWL=(5443.910645, 981.044434)
    POTN=4.470087E+05
    PHIC=2.040902E-06
    GRAD=3.539312E-03
    NuBT=1
    CPU =0.000139

ITER: 215
    HPWL=6425.831055
    OVFL=0.816823
    HPWL=(5442.291504, 983.539795)
    POTN=4.417727E+05
    PHIC=2.142947E-06
    GRAD=3.554396E-03
    NuBT=1
    CPU =0.000138

ITER: 216
    HPWL=6430.447754
    OVFL=0.814945
    HPWL=(5441.563965, 988.883972)
    POTN=4.363996E+05
    PHIC=2.250092E-06
    GRAD=3.578457E-03
    NuBT=1
    CPU =0.000136

ITER: 217
    HPWL=6436.445801
    OVFL=0.812426
    HPWL=(5441.408203, 995.037476)
    POTN=4.312872E+05
    PHIC=2.362595E-06
    GRAD=3.619072E-03
    NuBT=1
    CPU =0.000139

ITER: 218
    HPWL=6446.129883
    OVFL=0.809147
    HPWL=(5442.356445, 1003.773621)
    POTN=4.260082E+05
    PHIC=2.480721E-06
    GRAD=3.673554E-03
    NuBT=1
    CPU =0.000136

ITER: 219
    HPWL=6454.318848
    OVFL=0.804934
    HPWL=(5442.359863, 1011.958862)
    POTN=4.208610E+05
    PHIC=2.604754E-06
    GRAD=3.739783E-03
    NuBT=1
    CPU =0.000137

ITER: 220
    HPWL=6465.853027
    OVFL=0.797949
    HPWL=(5442.691895, 1023.161194)
    POTN=4.147453E+05
    PHIC=2.734988E-06
    GRAD=3.826000E-03
    NuBT=1
    CPU =0.000149

ITER: 221
    HPWL=6476.680664
    OVFL=0.782891
    HPWL=(5442.880859, 1033.799805)
    POTN=4.061522E+05
    PHIC=2.871733E-06
    GRAD=3.973623E-03
    NuBT=1
    CPU =0.000138

ITER: 222
    HPWL=6483.046875
    OVFL=0.764328
    HPWL=(5439.974609, 1043.072144)
    POTN=3.967292E+05
    PHIC=3.015316E-06
    GRAD=4.276405E-03
    NuBT=2
    CPU =0.000231

ITER: 223
    HPWL=6491.037109
    OVFL=0.753078
    HPWL=(5437.845215, 1053.191650)
    POTN=3.876956E+05
    PHIC=3.166079E-06
    GRAD=4.694517E-03
    NuBT=2
    CPU =0.000228

ITER: 224
    HPWL=6509.274414
    OVFL=0.743353
    HPWL=(5439.045898, 1070.228638)
    POTN=3.789564E+05
    PHIC=3.324374E-06
    GRAD=4.982099E-03
    NuBT=2
    CPU =0.000232

ITER: 225
    HPWL=6522.443848
    OVFL=0.733990
    HPWL=(5438.044434, 1084.399292)
    POTN=3.713171E+05
    PHIC=3.490586E-06
    GRAD=5.232850E-03
    NuBT=2
    CPU =0.000242

ITER: 226
    HPWL=6541.342773
    OVFL=0.729482
    HPWL=(5438.627441, 1102.715332)
    POTN=3.641581E+05
    PHIC=3.665105E-06
    GRAD=5.491956E-03
    NuBT=2
    CPU =0.000232

ITER: 227
    HPWL=6559.074219
    OVFL=0.725493
    HPWL=(5439.007324, 1120.066895)
    POTN=3.578555E+05
    PHIC=3.848351E-06
    GRAD=5.628262E-03
    NuBT=2
    CPU =0.000230

ITER: 228
    HPWL=6578.490234
    OVFL=0.720411
    HPWL=(5439.700195, 1138.790039)
    POTN=3.512164E+05
    PHIC=4.040757E-06
    GRAD=5.745930E-03
    NuBT=2
    CPU =0.000230

ITER: 229
    HPWL=6594.795898
    OVFL=0.714704
    HPWL=(5439.617188, 1155.178467)
    POTN=3.442900E+05
    PHIC=4.242785E-06
    GRAD=5.899528E-03
    NuBT=2
    CPU =0.000241

ITER: 230
    HPWL=6612.512695
    OVFL=0.709075
    HPWL=(5439.880859, 1172.631836)
    POTN=3.370876E+05
    PHIC=4.454913E-06
    GRAD=6.069876E-03
    NuBT=2
    CPU =0.000231

ITER: 231
    HPWL=6626.645508
    OVFL=0.704429
    HPWL=(5439.302246, 1187.343506)
    POTN=3.303736E+05
    PHIC=4.677649E-06
    GRAD=6.246558E-03
    NuBT=2
    CPU =0.000230

ITER: 232
    HPWL=6643.029297
    OVFL=0.700397
    HPWL=(5439.712402, 1203.316650)
    POTN=3.241578E+05
    PHIC=4.911520E-06
    GRAD=6.395550E-03
    NuBT=2
    CPU =0.000230

ITER: 233
    HPWL=6656.054688
    OVFL=0.697066
    HPWL=(5439.621582, 1216.433105)
    POTN=3.185991E+05
    PHIC=5.157086E-06
    GRAD=6.530987E-03
    NuBT=2
    CPU =0.000228

ITER: 234
    HPWL=6670.437500
    OVFL=0.696324
    HPWL=(5440.511719, 1229.925537)
    POTN=3.127776E+05
    PHIC=5.414929E-06
    GRAD=6.646555E-03
    NuBT=2
    CPU =0.000239

ITER: 235
    HPWL=6685.315918
    OVFL=0.697521
    HPWL=(5442.938477, 1242.377563)
    POTN=3.073101E+05
    PHIC=5.685664E-06
    GRAD=6.701258E-03
    NuBT=1
    CPU =0.000136

ITER: 236
    HPWL=6698.159180
    OVFL=0.699051
    HPWL=(5444.579590, 1253.579590)
    POTN=3.014675E+05
    PHIC=5.969936E-06
    GRAD=6.672562E-03
    NuBT=1
    CPU =0.000139

ITER: 237
    HPWL=6701.675781
    OVFL=0.700331
    HPWL=(5443.296387, 1258.379150)
    POTN=2.957767E+05
    PHIC=6.268430E-06
    GRAD=6.611666E-03
    NuBT=1
    CPU =0.000137

ITER: 238
    HPWL=6707.971191
    OVFL=0.700489
    HPWL=(5443.197266, 1264.773804)
    POTN=2.894606E+05
    PHIC=6.581845E-06
    GRAD=6.563645E-03
    NuBT=1
    CPU =0.000139

ITER: 239
    HPWL=6715.053711
    OVFL=0.699336
    HPWL=(5444.640137, 1270.413574)
    POTN=2.831511E+05
    PHIC=6.910930E-06
    GRAD=6.580636E-03
    NuBT=1
    CPU =0.000137

ITER: 240
    HPWL=6727.656250
    OVFL=0.696662
    HPWL=(5447.947754, 1279.708496)
    POTN=2.764079E+05
    PHIC=7.256463E-06
    GRAD=6.656108E-03
    NuBT=1
    CPU =0.000148

ITER: 241
    HPWL=6733.986816
    OVFL=0.692477
    HPWL=(5448.994141, 1284.992554)
    POTN=2.697945E+05
    PHIC=7.619279E-06
    GRAD=6.773142E-03
    NuBT=1
    CPU =0.000138

ITER: 242
    HPWL=6740.347656
    OVFL=0.689244
    HPWL=(5448.903809, 1291.443604)
    POTN=2.629711E+05
    PHIC=8.000235E-06
    GRAD=6.914012E-03
    NuBT=1
    CPU =0.000138

ITER: 243
    HPWL=6744.483398
    OVFL=0.687411
    HPWL=(5448.097656, 1296.385620)
    POTN=2.567499E+05
    PHIC=8.400241E-06
    GRAD=7.031650E-03
    NuBT=1
    CPU =0.000138

ITER: 244
    HPWL=6755.159668
    OVFL=0.684645
    HPWL=(5448.693359, 1306.466309)
    POTN=2.504477E+05
    PHIC=8.820240E-06
    GRAD=7.105750E-03
    NuBT=1
    CPU =0.000137

ITER: 245
    HPWL=6766.323730
    OVFL=0.683663
    HPWL=(5448.889648, 1317.434082)
    POTN=2.443034E+05
    PHIC=9.261236E-06
    GRAD=7.229589E-03
    NuBT=1
    CPU =0.000136

ITER: 246
    HPWL=6781.433105
    OVFL=0.683205
    HPWL=(5449.165527, 1332.267578)
    POTN=2.378578E+05
    PHIC=9.724276E-06
    GRAD=7.271091E-03
    NuBT=1
    CPU =0.000140

ITER: 247
    HPWL=6793.670898
    OVFL=0.682172
    HPWL=(5448.416992, 1345.253906)
    POTN=2.315692E+05
    PHIC=1.021047E-05
    GRAD=7.299499E-03
    NuBT=1
    CPU =0.000147

ITER: 248
    HPWL=6811.374512
    OVFL=0.681871
    HPWL=(5448.243164, 1363.131226)
    POTN=2.248375E+05
    PHIC=1.072097E-05
    GRAD=7.335463E-03
    NuBT=1
    CPU =0.000138

ITER: 249
    HPWL=6830.768555
    OVFL=0.679670
    HPWL=(5448.674316, 1382.093994)
    POTN=2.176293E+05
    PHIC=1.125699E-05
    GRAD=7.370833E-03
    NuBT=1
    CPU =0.000138

ITER: 250
    HPWL=6855.099609
    OVFL=0.673080
    HPWL=(5449.885254, 1405.214233)
    POTN=2.092374E+05
    PHIC=1.181979E-05
    GRAD=7.468446E-03
    NuBT=1
    CPU =0.000137

ITER: 251
    HPWL=6878.237793
    OVFL=0.663518
    HPWL=(5450.925781, 1427.312134)
    POTN=2.006204E+05
    PHIC=1.241074E-05
    GRAD=7.756357E-03
    NuBT=1
    CPU =0.000139

ITER: 252
    HPWL=6893.841309
    OVFL=0.652247
    HPWL=(5447.847168, 1445.994141)
    POTN=1.919287E+05
    PHIC=1.303125E-05
    GRAD=8.072579E-03
    NuBT=2
    CPU =0.000229

ITER: 253
    HPWL=6918.918457
    OVFL=0.640502
    HPWL=(5450.105469, 1468.813110)
    POTN=1.839057E+05
    PHIC=1.368276E-05
    GRAD=8.604909E-03
    NuBT=1
    CPU =0.000138

ITER: 254
    HPWL=6933.908203
    OVFL=0.628807
    HPWL=(5446.303711, 1487.604370)
    POTN=1.763318E+05
    PHIC=1.436687E-05
    GRAD=9.046761E-03
    NuBT=2
    CPU =0.000241

ITER: 255
    HPWL=6952.446289
    OVFL=0.622652
    HPWL=(5445.949219, 1506.496826)
    POTN=1.693645E+05
    PHIC=1.508517E-05
    GRAD=9.596545E-03
    NuBT=2
    CPU =0.000231

ITER: 256
    HPWL=6972.758789
    OVFL=0.616162
    HPWL=(5445.972168, 1526.786743)
    POTN=1.628487E+05
    PHIC=1.583939E-05
    GRAD=9.896955E-03
    NuBT=2
    CPU =0.000231

ITER: 257
    HPWL=6989.685059
    OVFL=0.612662
    HPWL=(5446.369141, 1543.315918)
    POTN=1.570123E+05
    PHIC=1.663132E-05
    GRAD=1.023757E-02
    NuBT=2
    CPU =0.000229

ITER: 258
    HPWL=7007.488770
    OVFL=0.609541
    HPWL=(5446.897461, 1560.591309)
    POTN=1.517369E+05
    PHIC=1.746284E-05
    GRAD=1.042984E-02
    NuBT=2
    CPU =0.000242

ITER: 259
    HPWL=7021.981934
    OVFL=0.606354
    HPWL=(5447.942383, 1574.039673)
    POTN=1.466850E+05
    PHIC=1.833594E-05
    GRAD=1.061885E-02
    NuBT=2
    CPU =0.000232

ITER: 260
    HPWL=7035.872559
    OVFL=0.602306
    HPWL=(5448.113770, 1587.758789)
    POTN=1.418419E+05
    PHIC=1.925270E-05
    GRAD=1.079395E-02
    NuBT=2
    CPU =0.000231

ITER: 261
    HPWL=7047.701172
    OVFL=0.598690
    HPWL=(5448.980957, 1598.720215)
    POTN=1.373232E+05
    PHIC=2.021530E-05
    GRAD=1.103192E-02
    NuBT=2
    CPU =0.000229

ITER: 262
    HPWL=7059.588867
    OVFL=0.594559
    HPWL=(5448.810059, 1610.778687)
    POTN=1.331506E+05
    PHIC=2.122603E-05
    GRAD=1.123487E-02
    NuBT=2
    CPU =0.000242

ITER: 263
    HPWL=7065.979492
    OVFL=0.590789
    HPWL=(5449.609375, 1616.370117)
    POTN=1.292108E+05
    PHIC=2.228731E-05
    GRAD=1.148410E-02
    NuBT=2
    CPU =0.000230

ITER: 264
    HPWL=7081.354980
    OVFL=0.586577
    HPWL=(5452.967285, 1628.387817)
    POTN=1.256083E+05
    PHIC=2.340163E-05
    GRAD=1.181647E-02
    NuBT=1
    CPU =0.000137

ITER: 265
    HPWL=7082.712402
    OVFL=0.582635
    HPWL=(5451.592773, 1631.119751)
    POTN=1.221302E+05
    PHIC=2.457170E-05
    GRAD=1.199582E-02
    NuBT=2
    CPU =0.000231

ITER: 266
    HPWL=7089.887695
    OVFL=0.578342
    HPWL=(5451.266602, 1638.621216)
    POTN=1.189489E+05
    PHIC=2.580026E-05
    GRAD=1.223211E-02
    NuBT=1
    CPU =0.000136

ITER: 267
    HPWL=7102.374512
    OVFL=0.574736
    HPWL=(5455.268555, 1647.105957)
    POTN=1.158412E+05
    PHIC=2.709022E-05
    GRAD=1.260721E-02
    NuBT=1
    CPU =0.000138

ITER: 268
    HPWL=7103.884766
    OVFL=0.570693
    HPWL=(5451.694336, 1652.190552)
    POTN=1.129521E+05
    PHIC=2.844473E-05
    GRAD=1.273916E-02
    NuBT=2
    CPU =0.000239

ITER: 269
    HPWL=7110.524902
    OVFL=0.567195
    HPWL=(5452.866211, 1657.658691)
    POTN=1.100574E+05
    PHIC=2.986693E-05
    GRAD=1.302440E-02
    NuBT=1
    CPU =0.000142

ITER: 270
    HPWL=7122.897461
    OVFL=0.564651
    HPWL=(5455.634766, 1667.262573)
    POTN=1.072811E+05
    PHIC=3.136022E-05
    GRAD=1.337003E-02
    NuBT=1
    CPU =0.000141

ITER: 271
    HPWL=7132.531250
    OVFL=0.561932
    HPWL=(5459.114258, 1673.416748)
    POTN=1.041965E+05
    PHIC=3.292819E-05
    GRAD=1.360759E-02
    NuBT=1
    CPU =0.000139

ITER: 272
    HPWL=7134.515137
    OVFL=0.559825
    HPWL=(5456.648926, 1677.866211)
    POTN=1.010332E+05
    PHIC=3.457459E-05
    GRAD=1.374479E-02
    NuBT=1
    CPU =0.000140

ITER: 273
    HPWL=7138.759277
    OVFL=0.557863
    HPWL=(5456.542969, 1682.216187)
    POTN=9.748838E+04
    PHIC=3.630330E-05
    GRAD=1.383682E-02
    NuBT=1
    CPU =0.000137

ITER: 274
    HPWL=7148.785645
    OVFL=0.555202
    HPWL=(5456.410156, 1692.375610)
    POTN=9.398823E+04
    PHIC=3.811841E-05
    GRAD=1.400254E-02
    NuBT=1
    CPU =0.000138

ITER: 275
    HPWL=7161.292480
    OVFL=0.552270
    HPWL=(5459.778320, 1701.514038)
    POTN=9.029462E+04
    PHIC=4.002425E-05
    GRAD=1.424481E-02
    NuBT=1
    CPU =0.000147

ITER: 276
    HPWL=7170.727539
    OVFL=0.548574
    HPWL=(5459.841797, 1710.885986)
    POTN=8.685977E+04
    PHIC=4.202541E-05
    GRAD=1.449685E-02
    NuBT=1
    CPU =0.000139

ITER: 277
    HPWL=7178.273438
    OVFL=0.543373
    HPWL=(5460.626953, 1717.646606)
    POTN=8.315659E+04
    PHIC=4.412663E-05
    GRAD=1.473155E-02
    NuBT=1
    CPU =0.000138

ITER: 278
    HPWL=7187.283691
    OVFL=0.538171
    HPWL=(5459.117188, 1728.166504)
    POTN=7.985248E+04
    PHIC=4.633290E-05
    GRAD=1.511458E-02
    NuBT=1
    CPU =0.000138

ITER: 279
    HPWL=7199.919922
    OVFL=0.532379
    HPWL=(5461.350586, 1738.569458)
    POTN=7.658832E+04
    PHIC=4.864946E-05
    GRAD=1.551907E-02
    NuBT=1
    CPU =0.000140

ITER: 280
    HPWL=7213.095703
    OVFL=0.526968
    HPWL=(5461.411133, 1751.684570)
    POTN=7.374704E+04
    PHIC=5.108184E-05
    GRAD=1.602693E-02
    NuBT=1
    CPU =0.000138

ITER: 281
    HPWL=7225.851074
    OVFL=0.522429
    HPWL=(5463.059570, 1762.791626)
    POTN=7.078150E+04
    PHIC=5.363583E-05
    GRAD=1.645031E-02
    NuBT=1
    CPU =0.000137

ITER: 282
    HPWL=7238.351562
    OVFL=0.518041
    HPWL=(5461.564941, 1776.786377)
    POTN=6.827405E+04
    PHIC=5.631751E-05
    GRAD=1.682789E-02
    NuBT=1
    CPU =0.000147

ITER: 283
    HPWL=7254.428223
    OVFL=0.513499
    HPWL=(5462.602539, 1791.825684)
    POTN=6.573534E+04
    PHIC=5.913325E-05
    GRAD=1.715804E-02
    NuBT=1
    CPU =0.000139

ITER: 284
    HPWL=7269.191406
    OVFL=0.507713
    HPWL=(5461.818359, 1807.372803)
    POTN=6.346662E+04
    PHIC=6.208978E-05
    GRAD=1.758229E-02
    NuBT=1
    CPU =0.000138

ITER: 285
    HPWL=7282.820312
    OVFL=0.500333
    HPWL=(5463.223633, 1819.596436)
    POTN=6.111557E+04
    PHIC=6.519414E-05
    GRAD=1.806873E-02
    NuBT=1
    CPU =0.000139

ITER: 286
    HPWL=7294.804688
    OVFL=0.492648
    HPWL=(5462.412109, 1832.392456)
    POTN=5.912780E+04
    PHIC=6.845373E-05
    GRAD=1.878349E-02
    NuBT=1
    CPU =0.000137

ITER: 287
    HPWL=7306.634766
    OVFL=0.484813
    HPWL=(5463.525879, 1843.109131)
    POTN=5.710700E+04
    PHIC=7.187629E-05
    GRAD=1.947315E-02
    NuBT=1
    CPU =0.000137

ITER: 288
    HPWL=7316.991211
    OVFL=0.477184
    HPWL=(5462.406738, 1854.584351)
    POTN=5.562748E+04
    PHIC=7.546999E-05
    GRAD=2.025566E-02
    NuBT=1
    CPU =0.000137

ITER: 289
    HPWL=7327.161621
    OVFL=0.470396
    HPWL=(5462.437012, 1864.724609)
    POTN=5.426803E+04
    PHIC=7.924336E-05
    GRAD=2.098257E-02
    NuBT=1
    CPU =0.000147

ITER: 290
    HPWL=7332.885742
    OVFL=0.464245
    HPWL=(5460.569336, 1872.316650)
    POTN=5.350809E+04
    PHIC=8.320546E-05
    GRAD=2.168229E-02
    NuBT=1
    CPU =0.000138

ITER: 291
    HPWL=7339.063477
    OVFL=0.460653
    HPWL=(5460.684570, 1878.379150)
    POTN=5.281341E+04
    PHIC=8.736565E-05
    GRAD=2.230172E-02
    NuBT=1
    CPU =0.000139

ITER: 292
    HPWL=7339.958984
    OVFL=0.459676
    HPWL=(5459.015137, 1880.943604)
    POTN=5.262603E+04
    PHIC=9.173392E-05
    GRAD=2.269709E-02
    NuBT=1
    CPU =0.000139

ITER: 293
    HPWL=7339.694336
    OVFL=0.459007
    HPWL=(5458.335449, 1881.358643)
    POTN=5.244530E+04
    PHIC=9.632061E-05
    GRAD=2.271020E-02
    NuBT=1
    CPU =0.000139

ITER: 294
    HPWL=7335.897949
    OVFL=0.459644
    HPWL=(5456.208984, 1879.689087)
    POTN=5.250395E+04
    PHIC=1.011366E-04
    GRAD=2.277871E-02
    NuBT=1
    CPU =0.000137

ITER: 295
    HPWL=7336.655273
    OVFL=0.459425
    HPWL=(5456.583984, 1880.071533)
    POTN=5.219299E+04
    PHIC=1.061935E-04
    GRAD=2.264383E-02
    NuBT=1
    CPU =0.000138

ITER: 296
    HPWL=7336.796875
    OVFL=0.459199
    HPWL=(5455.316406, 1881.480713)
    POTN=5.184510E+04
    PHIC=1.115031E-04
    GRAD=2.271444E-02
    NuBT=1
    CPU =0.000150

ITER: 297
    HPWL=7340.777832
    OVFL=0.458135
    HPWL=(5456.535156, 1884.242798)
    POTN=5.109378E+04
    PHIC=1.170782E-04
    GRAD=2.268778E-02
    NuBT=1
    CPU =0.000138

ITER: 298
    HPWL=7337.554199
    OVFL=0.455772
    HPWL=(5455.385254, 1882.168945)
    POTN=5.011708E+04
    PHIC=1.229321E-04
    GRAD=2.286739E-02
    NuBT=1
    CPU =0.000137

ITER: 299
    HPWL=7344.383301
    OVFL=0.451798
    HPWL=(5457.031250, 1887.351929)
    POTN=4.855471E+04
    PHIC=1.290786E-04
    GRAD=2.307768E-02
    NuBT=1
    CPU =0.000139

ITER: 300
    HPWL=7352.548828
    OVFL=0.446710
    HPWL=(5456.006836, 1896.541992)
    POTN=4.670091E+04
    PHIC=1.355324E-04
    GRAD=2.361677E-02
    NuBT=1
    CPU =0.000138

ITER: 301
    HPWL=7364.378418
    OVFL=0.439217
    HPWL=(5458.651367, 1905.727051)
    POTN=4.422672E+04
    PHIC=1.423087E-04
    GRAD=2.416639E-02
    NuBT=1
    CPU =0.000136

ITER: 302
    HPWL=7375.478027
    OVFL=0.430673
    HPWL=(5457.767090, 1917.710815)
    POTN=4.184898E+04
    PHIC=1.494239E-04
    GRAD=2.516779E-02
    NuBT=1
    CPU =0.000136

ITER: 303
    HPWL=7387.849121
    OVFL=0.420378
    HPWL=(5460.466797, 1927.382446)
    POTN=3.919367E+04
    PHIC=1.568949E-04
    GRAD=2.617574E-02
    NuBT=1
    CPU =0.000149

ITER: 304
    HPWL=7388.281250
    OVFL=0.410682
    HPWL=(5453.336426, 1934.944580)
    POTN=3.705268E+04
    PHIC=1.647396E-04
    GRAD=2.736840E-02
    NuBT=2
    CPU =0.000232

ITER: 305
    HPWL=7399.011230
    OVFL=0.402654
    HPWL=(5457.270020, 1941.741211)
    POTN=3.497622E+04
    PHIC=1.729763E-04
    GRAD=2.866073E-02
    NuBT=1
    CPU =0.000137

ITER: 306
    HPWL=7398.051758
    OVFL=0.396403
    HPWL=(5452.431641, 1945.619995)
    POTN=3.336229E+04
    PHIC=1.816251E-04
    GRAD=2.974987E-02
    NuBT=2
    CPU =0.000230

ITER: 307
    HPWL=7408.669922
    OVFL=0.390688
    HPWL=(5457.776367, 1950.893311)
    POTN=3.190200E+04
    PHIC=1.907061E-04
    GRAD=3.069637E-02
    NuBT=1
    CPU =0.000141

ITER: 308
    HPWL=7404.956055
    OVFL=0.384901
    HPWL=(5452.706543, 1952.249512)
    POTN=3.083281E+04
    PHIC=2.002413E-04
    GRAD=3.149214E-02
    NuBT=2
    CPU =0.000241

ITER: 309
    HPWL=7409.735352
    OVFL=0.378797
    HPWL=(5456.277344, 1953.458252)
    POTN=2.977608E+04
    PHIC=2.102533E-04
    GRAD=3.234176E-02
    NuBT=1
    CPU =0.000139

ITER: 310
    HPWL=7402.437500
    OVFL=0.373066
    HPWL=(5452.477051, 1949.960449)
    POTN=2.909993E+04
    PHIC=2.207659E-04
    GRAD=3.329694E-02
    NuBT=2
    CPU =0.000232

ITER: 311
    HPWL=7406.071289
    OVFL=0.370098
    HPWL=(5457.164551, 1948.906982)
    POTN=2.838533E+04
    PHIC=2.318041E-04
    GRAD=3.424088E-02
    NuBT=1
    CPU =0.000137

ITER: 312
    HPWL=7396.806152
    OVFL=0.367742
    HPWL=(5453.598633, 1943.207397)
    POTN=2.798901E+04
    PHIC=2.433943E-04
    GRAD=3.471929E-02
    NuBT=2
    CPU =0.000232

ITER: 313
    HPWL=7396.244141
    OVFL=0.365666
    HPWL=(5456.584473, 1939.659668)
    POTN=2.738824E+04
    PHIC=2.555640E-04
    GRAD=3.506017E-02
    NuBT=1
    CPU =0.000138

ITER: 314
    HPWL=7395.008789
    OVFL=0.363108
    HPWL=(5456.553711, 1938.455078)
    POTN=2.685522E+04
    PHIC=2.683421E-04
    GRAD=3.556519E-02
    NuBT=1
    CPU =0.000149

ITER: 315
    HPWL=7407.031738
    OVFL=0.359251
    HPWL=(5459.019531, 1948.012207)
    POTN=2.593493E+04
    PHIC=2.817588E-04
    GRAD=3.592892E-02
    NuBT=1
    CPU =0.000140

ITER: 316
    HPWL=7407.602051
    OVFL=0.354464
    HPWL=(5455.999023, 1951.603027)
    POTN=2.500471E+04
    PHIC=2.958466E-04
    GRAD=3.658732E-02
    NuBT=1
    CPU =0.000137

ITER: 317
    HPWL=7426.366699
    OVFL=0.347445
    HPWL=(5457.838867, 1968.527954)
    POTN=2.367176E+04
    PHIC=3.106381E-04
    GRAD=3.730181E-02
    NuBT=1
    CPU =0.000135

ITER: 318
    HPWL=7436.766602
    OVFL=0.339815
    HPWL=(5456.494141, 1980.272217)
    POTN=2.244106E+04
    PHIC=3.261695E-04
    GRAD=3.864888E-02
    NuBT=1
    CPU =0.000138

ITER: 319
    HPWL=7449.894531
    OVFL=0.329667
    HPWL=(5455.265625, 1994.628784)
    POTN=2.096609E+04
    PHIC=3.424774E-04
    GRAD=3.972513E-02
    NuBT=2
    CPU =0.000233

ITER: 320
    HPWL=7468.774414
    OVFL=0.319393
    HPWL=(5454.737793, 2014.036865)
    POTN=1.966425E+04
    PHIC=3.596003E-04
    GRAD=4.181518E-02
    NuBT=1
    CPU =0.000140

ITER: 321
    HPWL=7481.630371
    OVFL=0.312198
    HPWL=(5452.358887, 2029.271484)
    POTN=1.824549E+04
    PHIC=3.775796E-04
    GRAD=4.340185E-02
    NuBT=2
    CPU =0.000245

ITER: 322
    HPWL=7498.519043
    OVFL=0.306746
    HPWL=(5452.287109, 2046.231934)
    POTN=1.703743E+04
    PHIC=3.964576E-04
    GRAD=4.487696E-02
    NuBT=1
    CPU =0.000138

ITER: 323
    HPWL=7513.607422
    OVFL=0.300624
    HPWL=(5451.160645, 2062.446777)
    POTN=1.573968E+04
    PHIC=4.162796E-04
    GRAD=4.576838E-02
    NuBT=2
    CPU =0.000235

ITER: 324
    HPWL=7524.102539
    OVFL=0.295424
    HPWL=(5449.390625, 2074.711914)
    POTN=1.469633E+04
    PHIC=4.370929E-04
    GRAD=4.699267E-02
    NuBT=1
    CPU =0.000137

ITER: 325
    HPWL=7533.697266
    OVFL=0.288413
    HPWL=(5449.933594, 2083.763672)
    POTN=1.355485E+04
    PHIC=4.589469E-04
    GRAD=4.788492E-02
    NuBT=2
    CPU =0.000232

ITER: 326
    HPWL=7530.855469
    OVFL=0.283490
    HPWL=(5447.962402, 2082.893066)
    POTN=1.266008E+04
    PHIC=4.818942E-04
    GRAD=4.934077E-02
    NuBT=1
    CPU =0.000148

ITER: 327
    HPWL=7534.036133
    OVFL=0.279232
    HPWL=(5448.768555, 2085.267822)
    POTN=1.182783E+04
    PHIC=5.059887E-04
    GRAD=5.017048E-02
    NuBT=2
    CPU =0.000231

ITER: 328
    HPWL=7528.013672
    OVFL=0.276617
    HPWL=(5446.289062, 2081.724609)
    POTN=1.125928E+04
    PHIC=5.312881E-04
    GRAD=5.101890E-02
    NuBT=1
    CPU =0.000138

ITER: 329
    HPWL=7533.903320
    OVFL=0.274213
    HPWL=(5451.570801, 2082.332764)
    POTN=1.070360E+04
    PHIC=5.578520E-04
    GRAD=5.157702E-02
    NuBT=1
    CPU =0.000137

ITER: 330
    HPWL=7528.164551
    OVFL=0.272496
    HPWL=(5448.862793, 2079.301758)
    POTN=1.038748E+04
    PHIC=5.857446E-04
    GRAD=5.196927E-02
    NuBT=1
    CPU =0.000173

ITER: 331
    HPWL=7528.796875
    OVFL=0.271642
    HPWL=(5451.197754, 2077.598877)
    POTN=1.000563E+04
    PHIC=6.150317E-04
    GRAD=5.218052E-02
    NuBT=1
    CPU =0.000207

ITER: 332
    HPWL=7521.315918
    OVFL=0.272261
    HPWL=(5447.985352, 2073.330566)
    POTN=9.778576E+03
    PHIC=6.457833E-04
    GRAD=5.217763E-02
    NuBT=1
    CPU =0.000196

ITER: 333
    HPWL=7530.260254
    OVFL=0.271383
    HPWL=(5451.328125, 2078.932129)
    POTN=9.453225E+03
    PHIC=6.780716E-04
    GRAD=5.191142E-02
    NuBT=1
    CPU =0.000252

ITER: 334
    HPWL=7526.467773
    OVFL=0.269750
    HPWL=(5449.226074, 2077.241943)
    POTN=9.211997E+03
    PHIC=7.119752E-04
    GRAD=5.193486E-02
    NuBT=1
    CPU =0.000199

ITER: 335
    HPWL=7538.616211
    OVFL=0.265458
    HPWL=(5452.322266, 2086.293945)
    POTN=8.785334E+03
    PHIC=7.475727E-04
    GRAD=5.220830E-02
    NuBT=1
    CPU =0.000182

ITER: 336
    HPWL=7535.486328
    OVFL=0.261556
    HPWL=(5450.322266, 2085.164062)
    POTN=8.408755E+03
    PHIC=7.849513E-04
    GRAD=5.293954E-02
    NuBT=1
    CPU =0.000181

ITER: 337
    HPWL=7547.695312
    OVFL=0.257073
    HPWL=(5452.987305, 2094.708252)
    POTN=7.910941E+03
    PHIC=8.241974E-04
    GRAD=5.375578E-02
    NuBT=1
    CPU =0.000278

ITER: 338
    HPWL=7544.941406
    OVFL=0.252852
    HPWL=(5451.220215, 2093.720947)
    POTN=7.498764E+03
    PHIC=8.654072E-04
    GRAD=5.448147E-02
    NuBT=1
    CPU =0.000193

ITER: 339
    HPWL=7554.582031
    OVFL=0.246771
    HPWL=(5452.908691, 2101.673584)
    POTN=6.964113E+03
    PHIC=9.086762E-04
    GRAD=5.538357E-02
    NuBT=1
    CPU =0.000191

ITER: 340
    HPWL=7566.861328
    OVFL=0.241578
    HPWL=(5451.308105, 2115.552979)
    POTN=6.546140E+03
    PHIC=9.541084E-04
    GRAD=5.644340E-02
    NuBT=1
    CPU =0.000189

ITER: 341
    HPWL=7589.713379
    OVFL=0.235060
    HPWL=(5453.019043, 2136.694336)
    POTN=6.076386E+03
    PHIC=1.001811E-03
    GRAD=5.766543E-02
    NuBT=1
    CPU =0.000229

ITER: 342
    HPWL=7610.708008
    OVFL=0.229578
    HPWL=(5451.422363, 2159.285889)
    POTN=5.707854E+03
    PHIC=1.051898E-03
    GRAD=5.876879E-02
    NuBT=1
    CPU =0.000191

ITER: 343
    HPWL=7632.631348
    OVFL=0.224395
    HPWL=(5452.666504, 2179.964844)
    POTN=5.302214E+03
    PHIC=1.104489E-03
    GRAD=6.008830E-02
    NuBT=1
    CPU =0.000190

ITER: 344
    HPWL=7647.293945
    OVFL=0.220385
    HPWL=(5451.102051, 2196.191895)
    POTN=4.974982E+03
    PHIC=1.159711E-03
    GRAD=6.078729E-02
    NuBT=1
    CPU =0.000191

ITER: 345
    HPWL=7659.645508
    OVFL=0.216309
    HPWL=(5450.618652, 2209.026855)
    POTN=4.626918E+03
    PHIC=1.217695E-03
    GRAD=6.164703E-02
    NuBT=1
    CPU =0.000190

ITER: 346
    HPWL=7665.869141
    OVFL=0.212657
    HPWL=(5448.296387, 2217.572754)
    POTN=4.347230E+03
    PHIC=1.278578E-03
    GRAD=6.192640E-02
    NuBT=1
    CPU =0.000207

ITER: 347
    HPWL=7669.625488
    OVFL=0.207900
    HPWL=(5446.828613, 2222.796875)
    POTN=4.033512E+03
    PHIC=1.342506E-03
    GRAD=6.257512E-02
    NuBT=1
    CPU =0.000196

ITER: 348
    HPWL=7669.286133
    OVFL=0.202545
    HPWL=(5446.018555, 2223.267334)
    POTN=3.780762E+03
    PHIC=1.409632E-03
    GRAD=6.306907E-02
    NuBT=1
    CPU =0.000181

ITER: 349
    HPWL=7667.000977
    OVFL=0.195856
    HPWL=(5445.549805, 2221.451416)
    POTN=3.495748E+03
    PHIC=1.480113E-03
    GRAD=6.413678E-02
    NuBT=1
    CPU =0.000183

ITER: 350
    HPWL=7664.606934
    OVFL=0.189618
    HPWL=(5445.972168, 2218.634766)
    POTN=3.264023E+03
    PHIC=1.554119E-03
    GRAD=6.513210E-02
    NuBT=1
    CPU =0.000178

ITER: 351
    HPWL=7658.331055
    OVFL=0.183955
    HPWL=(5446.067383, 2212.263428)
    POTN=3.073325E+03
    PHIC=1.631825E-03
    GRAD=6.642810E-02
    NuBT=1
    CPU =0.000189

ITER: 352
    HPWL=7645.652344
    OVFL=0.180307
    HPWL=(5445.149414, 2200.503174)
    POTN=2.936204E+03
    PHIC=1.713416E-03
    GRAD=6.701399E-02
    NuBT=1
    CPU =0.000199

ITER: 353
    HPWL=7636.608398
    OVFL=0.177862
    HPWL=(5444.550293, 2192.058105)
    POTN=2.796009E+03
    PHIC=1.799087E-03
    GRAD=6.747716E-02
    NuBT=1
    CPU =0.000179

ITER: 354
    HPWL=7623.204102
    OVFL=0.175928
    HPWL=(5442.586426, 2180.617676)
    POTN=2.707232E+03
    PHIC=1.889041E-03
    GRAD=6.724858E-02
    NuBT=1
    CPU =0.000176

ITER: 355
    HPWL=7614.127441
    OVFL=0.174005
    HPWL=(5442.156250, 2171.971191)
    POTN=2.603537E+03
    PHIC=1.983493E-03
    GRAD=6.714465E-02
    NuBT=1
    CPU =0.000180

ITER: 356
    HPWL=7606.322266
    OVFL=0.170612
    HPWL=(5439.235840, 2167.086670)
    POTN=2.526001E+03
    PHIC=2.082667E-03
    GRAD=6.679878E-02
    NuBT=1
    CPU =0.000176

ITER: 357
    HPWL=7608.784668
    OVFL=0.167872
    HPWL=(5439.718262, 2169.066406)
    POTN=2.407570E+03
    PHIC=2.186800E-03
    GRAD=6.690519E-02
    NuBT=1
    CPU =0.000195

ITER: 358
    HPWL=7606.917480
    OVFL=0.164908
    HPWL=(5436.255859, 2170.661621)
    POTN=2.317440E+03
    PHIC=2.296140E-03
    GRAD=6.672776E-02
    NuBT=1
    CPU =0.000175

ITER: 359
    HPWL=7621.459473
    OVFL=0.161390
    HPWL=(5438.277344, 2183.182129)
    POTN=2.193410E+03
    PHIC=2.410942E-03
    GRAD=6.664874E-02
    NuBT=1
    CPU =0.000178

ITER: 360
    HPWL=7620.778320
    OVFL=0.156288
    HPWL=(5435.363281, 2185.415039)
    POTN=2.087327E+03
    PHIC=2.531489E-03
    GRAD=6.658950E-02
    NuBT=1
    CPU =0.000174

ITER: 361
    HPWL=7639.321777
    OVFL=0.150090
    HPWL=(5438.915039, 2200.406738)
    POTN=1.926212E+03
    PHIC=2.658056E-03
    GRAD=6.699264E-02
    NuBT=1
    CPU =0.000176

ITER: 362
    HPWL=7647.444336
    OVFL=0.143465
    HPWL=(5436.677246, 2210.766846)
    POTN=1.788306E+03
    PHIC=2.790956E-03
    GRAD=6.733263E-02
    NuBT=1
    CPU =0.000178

ITER: 363
    HPWL=7667.895508
    OVFL=0.136686
    HPWL=(5440.128906, 2227.766846)
    POTN=1.608349E+03
    PHIC=2.930495E-03
    GRAD=6.797599E-02
    NuBT=1
    CPU =0.000193

ITER: 364
    HPWL=7682.503906
    OVFL=0.128197
    HPWL=(5438.832031, 2243.672119)
    POTN=1.438388E+03
    PHIC=3.077013E-03
    GRAD=6.810363E-02
    NuBT=1
    CPU =0.000176

ITER: 365
    HPWL=7702.794922
    OVFL=0.120904
    HPWL=(5440.882324, 2261.912354)
    POTN=1.252371E+03
    PHIC=3.230855E-03
    GRAD=6.891969E-02
    NuBT=1
    CPU =0.000176

ITER: 366
    HPWL=7720.773438
    OVFL=0.113847
    HPWL=(5439.625000, 2281.148682)
    POTN=1.100748E+03
    PHIC=3.392389E-03
    GRAD=6.878774E-02
    NuBT=1
    CPU =0.000176

ITER: 367
    HPWL=7734.609375
    OVFL=0.107556
    HPWL=(5438.877930, 2295.731445)
    POTN=9.570316E+02
    PHIC=3.562001E-03
    GRAD=6.885350E-02
    NuBT=1
    CPU =0.000179

ITER: 368
    HPWL=7744.722656
    OVFL=0.102136
    HPWL=(5437.928223, 2306.794434)
    POTN=8.357811E+02
    PHIC=3.740096E-03
    GRAD=6.838144E-02
    NuBT=1
    CPU =0.000192

ITER: 369
    HPWL=7752.577148
    OVFL=0.097347
    HPWL=(5436.223145, 2316.354248)
    POTN=7.339197E+02
    PHIC=3.927096E-03
    GRAD=6.796589E-02
    NuBT=1
    CPU =0.000176
[INFO] Nesterov: NumIters = 369
[INFO] Nesterov: ScaledHpwl = 7752.577148
[INFO] Nesterov: Overflow = 0.097347
[INFO] Nesterov: Potential = 733.919678
[INFO] Nesterov: xInstScaledHpwl = 7720.872070
[INFO] Nesterov: yInstScaledHpwl = 7752.577148
[INFO] Nesterov: HPWL = 2333.419434
