RePlAce Version: 1.0.0

** WARNING: Your Detail Placement Step must be skipped.
              (i.e. this program will be executed as -onlyGP)
     If you want to have DP after GP, please specify -dpflag and -dploc.

[INFO] TargetDensity = 0.800000
[INFO] ExperimentIndex = 0
[INFO] DirectoryPath = /openLANE_flow/designs/sb_0__3_/runs/30-08_15-33//tmp/placement/replace/etc/sb_0__3_.floorplan/experiment000
[PROC] Begin LefParsing ...
[LEF] Parsed 500 number of lines!!
WARNING (LEFPARS-2036): SOURCE statement is obsolete in version 5.6 and later.
The LEF parser will ignore this statement.
To avoid this warning in the future, remove this statement from the LEF file with version 5.6 or later. See file /openLANE_flow/designs/sb_0__3_/runs/30-08_15-33//tmp//merged.lef at line 776.

WARNING (LEFPARS-2036): SOURCE statement is obsolete in version 5.6 and later.
The LEF parser will ignore this statement.
To avoid this warning in the future, remove this statement from the LEF file with version 5.6 or later. See file /openLANE_flow/designs/sb_0__3_/runs/30-08_15-33//tmp//merged.lef at line 903.

[LEF] Parsed 1000 number of lines!!
WARNING (LEFPARS-2036): SOURCE statement is obsolete in version 5.6 and later.
The LEF parser will ignore this statement.
To avoid this warning in the future, remove this statement from the LEF file with version 5.6 or later. See file /openLANE_flow/designs/sb_0__3_/runs/30-08_15-33//tmp//merged.lef at line 1034.

WARNING (LEFPARS-2036): SOURCE statement is obsolete in version 5.6 and later.
The LEF parser will ignore this statement.
To avoid this warning in the future, remove this statement from the LEF file with version 5.6 or later. See file /openLANE_flow/designs/sb_0__3_/runs/30-08_15-33//tmp//merged.lef at line 1204.

WARNING (LEFPARS-2036): SOURCE statement is obsolete in version 5.6 and later.
The LEF parser will ignore this statement.
To avoid this warning in the future, remove this statement from the LEF file with version 5.6 or later. See file /openLANE_flow/designs/sb_0__3_/runs/30-08_15-33//tmp//merged.lef at line 1322.

WARNING (LEFPARS-2036): SOURCE statement is obsolete in version 5.6 and later.
The LEF parser will ignore this statement.
To avoid this warning in the future, remove this statement from the LEF file with version 5.6 or later. See file /openLANE_flow/designs/sb_0__3_/runs/30-08_15-33//tmp//merged.lef at line 1442.

[LEF] Parsed 1500 number of lines!!
WARNING (LEFPARS-2036): SOURCE statement is obsolete in version 5.6 and later.
The LEF parser will ignore this statement.
To avoid this warning in the future, remove this statement from the LEF file with version 5.6 or later. See file /openLANE_flow/designs/sb_0__3_/runs/30-08_15-33//tmp//merged.lef at line 1589.

WARNING (LEFPARS-2036): SOURCE statement is obsolete in version 5.6 and later.
The LEF parser will ignore this statement.
To avoid this warning in the future, remove this statement from the LEF file with version 5.6 or later. See file /openLANE_flow/designs/sb_0__3_/runs/30-08_15-33//tmp//merged.lef at line 1777.

WARNING (LEFPARS-2036): SOURCE statement is obsolete in version 5.6 and later.
The LEF parser will ignore this statement.
To avoid this warning in the future, remove this statement from the LEF file with version 5.6 or later. See file /openLANE_flow/designs/sb_0__3_/runs/30-08_15-33//tmp//merged.lef at line 1886.

WARNING (LEFPARS-2036): SOURCE statement is obsolete in version 5.6 and later.
The LEF parser will ignore this statement.
To avoid this warning in the future, remove this statement from the LEF file with version 5.6 or later. See file /openLANE_flow/designs/sb_0__3_/runs/30-08_15-33//tmp//merged.lef at line 1999.

[LEF] Parsed 2000 number of lines!!
WARNING (LEFPARS-2036): SOURCE statement is obsolete in version 5.6 and later.
The LEF parser will ignore this statement.
To avoid this warning in the future, remove this statement from the LEF file with version 5.6 or later. See file /openLANE_flow/designs/sb_0__3_/runs/30-08_15-33//tmp//merged.lef at line 2148.

WARNING (LEFPARS-2036): SOURCE statement is obsolete in version 5.6 and later.
The LEF parser will ignore this statement.
To avoid this warning in the future, remove this statement from the LEF file with version 5.6 or later. See file /openLANE_flow/designs/sb_0__3_/runs/30-08_15-33//tmp//merged.lef at line 2253.

WARNING (LEFPARS-2036): SOURCE statement is obsolete in version 5.6 and later.
The LEF parser will ignore this statement.
To avoid this warning in the future, remove this statement from the LEF file with version 5.6 or later. See file /openLANE_flow/designs/sb_0__3_/runs/30-08_15-33//tmp//merged.lef at line 2380.

[LEF] Parsed 2500 number of lines!!
WARNING (LEFPARS-2036): SOURCE statement is obsolete in version 5.6 and later.
The LEF parser will ignore this statement.
To avoid this warning in the future, remove this statement from the LEF file with version 5.6 or later. See file /openLANE_flow/designs/sb_0__3_/runs/30-08_15-33//tmp//merged.lef at line 2547.

WARNING (LEFPARS-2036): SOURCE statement is obsolete in version 5.6 and later.
The LEF parser will ignore this statement.
To avoid this warning in the future, remove this statement from the LEF file with version 5.6 or later. See file /openLANE_flow/designs/sb_0__3_/runs/30-08_15-33//tmp//merged.lef at line 2653.

WARNING (LEFPARS-2036): SOURCE statement is obsolete in version 5.6 and later.
The LEF parser will ignore this statement.
To avoid this warning in the future, remove this statement from the LEF file with version 5.6 or later. See file /openLANE_flow/designs/sb_0__3_/runs/30-08_15-33//tmp//merged.lef at line 2770.

WARNING (LEFPARS-2036): SOURCE statement is obsolete in version 5.6 and later.
The LEF parser will ignore this statement.
To avoid this warning in the future, remove this statement from the LEF file with version 5.6 or later. See file /openLANE_flow/designs/sb_0__3_/runs/30-08_15-33//tmp//merged.lef at line 2908.

[LEF] Parsed 3000 number of lines!!
WARNING (LEFPARS-2036): SOURCE statement is obsolete in version 5.6 and later.
The LEF parser will ignore this statement.
To avoid this warning in the future, remove this statement from the LEF file with version 5.6 or later. See file /openLANE_flow/designs/sb_0__3_/runs/30-08_15-33//tmp//merged.lef at line 3005.

WARNING (LEFPARS-2036): SOURCE statement is obsolete in version 5.6 and later.
The LEF parser will ignore this statement.
To avoid this warning in the future, remove this statement from the LEF file with version 5.6 or later. See file /openLANE_flow/designs/sb_0__3_/runs/30-08_15-33//tmp//merged.lef at line 3105.

WARNING (LEFPARS-2036): SOURCE statement is obsolete in version 5.6 and later.
The LEF parser will ignore this statement.
To avoid this warning in the future, remove this statement from the LEF file with version 5.6 or later. See file /openLANE_flow/designs/sb_0__3_/runs/30-08_15-33//tmp//merged.lef at line 3219.

WARNING (LEFPARS-2036): SOURCE statement is obsolete in version 5.6 and later.
The LEF parser will ignore this statement.
To avoid this warning in the future, remove this statement from the LEF file with version 5.6 or later. See file /openLANE_flow/designs/sb_0__3_/runs/30-08_15-33//tmp//merged.lef at line 3361.

WARNING (LEFPARS-2036): SOURCE statement is obsolete in version 5.6 and later.
The LEF parser will ignore this statement.
To avoid this warning in the future, remove this statement from the LEF file with version 5.6 or later. See file /openLANE_flow/designs/sb_0__3_/runs/30-08_15-33//tmp//merged.lef at line 3458.

[LEF] Parsed 3500 number of lines!!
WARNING (LEFPARS-2036): SOURCE statement is obsolete in version 5.6 and later.
The LEF parser will ignore this statement.
To avoid this warning in the future, remove this statement from the LEF file with version 5.6 or later. See file /openLANE_flow/designs/sb_0__3_/runs/30-08_15-33//tmp//merged.lef at line 3561.

WARNING (LEFPARS-2036): SOURCE statement is obsolete in version 5.6 and later.
The LEF parser will ignore this statement.
To avoid this warning in the future, remove this statement from the LEF file with version 5.6 or later. See file /openLANE_flow/designs/sb_0__3_/runs/30-08_15-33//tmp//merged.lef at line 3691.

WARNING (LEFPARS-2036): SOURCE statement is obsolete in version 5.6 and later.
The LEF parser will ignore this statement.
To avoid this warning in the future, remove this statement from the LEF file with version 5.6 or later. See file /openLANE_flow/designs/sb_0__3_/runs/30-08_15-33//tmp//merged.lef at line 3783.

WARNING (LEFPARS-2036): SOURCE statement is obsolete in version 5.6 and later.
The LEF parser will ignore this statement.
To avoid this warning in the future, remove this statement from the LEF file with version 5.6 or later. See file /openLANE_flow/designs/sb_0__3_/runs/30-08_15-33//tmp//merged.lef at line 3887.

[LEF] Parsed 4000 number of lines!!
WARNING (LEFPARS-2036): SOURCE statement is obsolete in version 5.6 and later.
The LEF parser will ignore this statement.
To avoid this warning in the future, remove this statement from the LEF file with version 5.6 or later. See file /openLANE_flow/designs/sb_0__3_/runs/30-08_15-33//tmp//merged.lef at line 4018.

WARNING (LEFPARS-2036): SOURCE statement is obsolete in version 5.6 and later.
The LEF parser will ignore this statement.
To avoid this warning in the future, remove this statement from the LEF file with version 5.6 or later. See file /openLANE_flow/designs/sb_0__3_/runs/30-08_15-33//tmp//merged.lef at line 4148.

WARNING (LEFPARS-2036): SOURCE statement is obsolete in version 5.6 and later.
The LEF parser will ignore this statement.
To avoid this warning in the future, remove this statement from the LEF file with version 5.6 or later. See file /openLANE_flow/designs/sb_0__3_/runs/30-08_15-33//tmp//merged.lef at line 4282.

WARNING (LEFPARS-2036): SOURCE statement is obsolete in version 5.6 and later.
The LEF parser will ignore this statement.
To avoid this warning in the future, remove this statement from the LEF file with version 5.6 or later. See file /openLANE_flow/designs/sb_0__3_/runs/30-08_15-33//tmp//merged.lef at line 4467.

[LEF] Parsed 4500 number of lines!!
[LEF] Parsed 5000 number of lines!!
[LEF] Parsed 5500 number of lines!!
[LEF] Parsed 6000 number of lines!!
[LEF] Parsed 6500 number of lines!!
[LEF] Parsed 7000 number of lines!!
[LEF] Parsed 7500 number of lines!!
[LEF] Parsed 8000 number of lines!!
[LEF] Parsed 8500 number of lines!!
[LEF] Parsed 9000 number of lines!!
[LEF] Parsed 9500 number of lines!!
[LEF] Parsed 10000 number of lines!!
[LEF] Parsed 10500 number of lines!!
[LEF] Parsed 11000 number of lines!!
[LEF] Parsed 11500 number of lines!!
[LEF] Parsed 12000 number of lines!!
[LEF] Parsed 12500 number of lines!!
[LEF] Parsed 13000 number of lines!!
[LEF] Parsed 13500 number of lines!!
[LEF] Parsed 14000 number of lines!!
[LEF] Parsed 14500 number of lines!!
[LEF] Parsed 15000 number of lines!!
[LEF] Parsed 15500 number of lines!!
[LEF] Parsed 16000 number of lines!!
[LEF] Parsed 16500 number of lines!!
[LEF] Parsed 17000 number of lines!!
[LEF] Parsed 17500 number of lines!!
[LEF] Parsed 18000 number of lines!!
[LEF] Parsed 18500 number of lines!!
[LEF] Parsed 19000 number of lines!!
[LEF] Parsed 19500 number of lines!!
[LEF] Parsed 20000 number of lines!!
[LEF] Parsed 20500 number of lines!!
[LEF] Parsed 21000 number of lines!!
[LEF] Parsed 21500 number of lines!!
[LEF] Parsed 22000 number of lines!!
[LEF] Parsed 22500 number of lines!!
[LEF] Parsed 23000 number of lines!!
[LEF] Parsed 23500 number of lines!!
[LEF] Parsed 24000 number of lines!!
[LEF] Parsed 24500 number of lines!!
[LEF] Parsed 25000 number of lines!!
[LEF] Parsed 25500 number of lines!!
[LEF] Parsed 26000 number of lines!!
[LEF] Parsed 26500 number of lines!!
[LEF] Parsed 27000 number of lines!!
[LEF] Parsed 27500 number of lines!!
[LEF] Parsed 28000 number of lines!!
[LEF] Parsed 28500 number of lines!!
[LEF] Parsed 29000 number of lines!!
[LEF] Parsed 29500 number of lines!!
[LEF] Parsed 30000 number of lines!!
[LEF] Parsed 30500 number of lines!!
[LEF] Parsed 31000 number of lines!!
[LEF] Parsed 31500 number of lines!!
[LEF] Parsed 32000 number of lines!!
[LEF] Parsed 32500 number of lines!!
[LEF] Parsed 33000 number of lines!!
[LEF] Parsed 33500 number of lines!!
[LEF] Parsed 34000 number of lines!!
[LEF] Parsed 34500 number of lines!!
[LEF] Parsed 35000 number of lines!!
[LEF] Parsed 35500 number of lines!!
[LEF] Parsed 36000 number of lines!!
[LEF] Parsed 36500 number of lines!!
[LEF] Parsed 37000 number of lines!!
[LEF] Parsed 37500 number of lines!!
[LEF] Parsed 38000 number of lines!!
[LEF] Parsed 38500 number of lines!!
[LEF] Parsed 39000 number of lines!!
[LEF] Parsed 39500 number of lines!!
[LEF] Parsed 40000 number of lines!!
[LEF] Parsed 40500 number of lines!!
[LEF] Parsed 41000 number of lines!!
[LEF] Parsed 41500 number of lines!!
[LEF] Parsed 42000 number of lines!!
[LEF] Parsed 42500 number of lines!!
[LEF] Parsed 43000 number of lines!!
[LEF] Parsed 43500 number of lines!!
[LEF] Parsed 44000 number of lines!!
[LEF] Parsed 44500 number of lines!!
[LEF] Parsed 45000 number of lines!!
[LEF] Parsed 45500 number of lines!!
[LEF] Parsed 46000 number of lines!!
[LEF] Parsed 46500 number of lines!!
[LEF] Parsed 47000 number of lines!!
[LEF] Parsed 47500 number of lines!!
[LEF] Parsed 48000 number of lines!!
[LEF] Parsed 48500 number of lines!!
[LEF] Parsed 49000 number of lines!!
[LEF] Parsed 49500 number of lines!!
[LEF] Parsed 50000 number of lines!!
[LEF] Parsed 50500 number of lines!!
[LEF] Parsed 51000 number of lines!!
[LEF] Parsed 51500 number of lines!!
[LEF] Parsed 52000 number of lines!!
[LEF] Parsed 52500 number of lines!!
[LEF] Parsed 53000 number of lines!!
[LEF] Parsed 53500 number of lines!!
[LEF] Parsed 54000 number of lines!!
[LEF] Parsed 54500 number of lines!!
[LEF] Parsed 55000 number of lines!!
[LEF] Parsed 55500 number of lines!!
[LEF] Parsed 56000 number of lines!!
[LEF] Parsed 56500 number of lines!!
[LEF] Parsed 57000 number of lines!!
[LEF] Parsed 57500 number of lines!!
[LEF] Parsed 58000 number of lines!!
[LEF] Parsed 58500 number of lines!!
[LEF] Parsed 59000 number of lines!!
[LEF] Parsed 59500 number of lines!!
[LEF] Parsed 60000 number of lines!!
[LEF] Parsed 60500 number of lines!!
[LEF] Parsed 61000 number of lines!!
[LEF] Parsed 61500 number of lines!!
[LEF] Parsed 62000 number of lines!!
[PROC] End LefParsing
[PROC] Begin DefParsing ...
WARNING (DEFPARS-7011): The NAMESCASESENSITIVE statement is obsolete in version 5.6 and later.
The DEF parser will ignore this statement. See file /openLANE_flow/designs/sb_0__3_/runs/30-08_15-33//results/floorplan/sb_0__3_.floorplan.def at line 2.

[PROC] End DefParsing
[INFO] DefUnit = 1000
[INFO] LefMetal1Name = li1
[INFO] DefSiteName = unithd
[INFO] ScaleDownUnit = 302.222229
[INFO] OffsetCoordi = (2640.000000, 0.000000)
[INFO] RowSize = (1.522059, 9.000000)
[INFO] NumRows = 166
[INFO] MacroCount = 0
[INFO] NumModules = 54
[INFO] NumTerminals = 3076
[INFO] Inserted Dummy Terms = 0
[PROC] Begin Generate Un-fragmented Rows ...
[INFO] CoreAreaLxLy = (27.000000, 36.000000)
[INFO] CoreAreaUxUy = (1526.227905, 1530.000000)
[INFO] RowSize = (1.522059, 9.000000)
[INFO] NumRows = 166
[PROC] End Generate Un-fragmented Rows
[PROC] Begin DEF Net Parsing ...
[INFO] NumNets = 129
[INFO] NumPins = 256
[PROC] End DEF Net Parsing
[PROC] LEF/DEF Parsing Success!
[INFO] AspectRatio = 0.996513
[INFO] RowMinXY = (27.000000, 36.000000)
[INFO] RowMaxXY = (1526.227905, 1530.000000)
[INFO] NumPlaceStdCells = 54
[INFO] NumPlaceMacros = 0
[INFO] RowSize = (1.522059, 9.000000)
[INFO] NumRows = 166
[INFO] GlobalAreaLxLy = (9.496324, 6.617647)
[INFO] GlobalAreaUxUy = (1543.731567, 1565.371338)
[INFO] PlaceAreaLxLy = (27.000000, 36.000000)
[INFO] PlaceAreaUxUy = (1526.227905, 1530.000000)
[INFO] TotalPlaceArea = 2239846.500000
[INFO] TotalFixedArea = 50438.871094
[INFO] TotalWhiteSpaceArea = 2189407.750000
[INFO] TotalPlaceMacrosArea = 0.000000
[INFO] TotalPlaceStdCellsArea = 17999.865234
[INFO] Util(%) = 0.803620
[INFO] 80pCellArea = 335.194550
[INFO] FillerInit: TotalFillerArea = 1733526.375000
[INFO] FillerInit: NumFillerCells = 5172
[INFO] FillerInit: FillerCellArea = 335.194733
[INFO] FillerInit: FillerCellSize = (37.243858, 9.000000)
[INFO] FillerInit: NumCells = 5226
[INFO] FillerInit: NumModules = 54
[INFO] FillerInit: NumFillers = 5172
INFO:  D_MSH = 1024 
INFO:  MSH(X, Y) = (32, 32)
[INFO] TierInit: TierUtil = 0.008036
[INFO] TierInit: NumModules = 54
[INFO] TierInit: PlaceArea = 2239846.500000
[INFO] TierInit: CoreSpacingArea = 0.000000
[INFO] TierInit: TerminalArea = 50438.871094
[INFO] TierInit: ModuleArea = 17999.865234
[INFO] TierInit: FillerArea = 1733526.375000
[INFO] TierInit: NumFillers = 5172
[INFO] TierInit: FillerMinIdx = 54
[INFO] TierInit: FillerMaxIdx = 5226
INFO:  dim_bin_cGP2D.(x,y) = (64, 64)
cell Init 2D:
tier->bin_stp: (23.4254 23.3438)
tier->half_bin_stp: (11.7127 11.6719)
PROC:  Start NESTEROV's Optimization
PROC:    Global Lagrangian Multiplier is Applied

ITER: 0
    HPWL=32451.652344
    OVFL=0.903051
    HPWL=(17532.978516, 14918.672852)
    POTN=2.417766E+06
    PHIC=7.261002E-10
    GRAD=2.576013E-02
    NuBT=0
    CPU =0.000000

ITER: 1
    HPWL=32451.382812
    OVFL=0.903049
    HPWL=(17532.835938, 14918.545898)
    POTN=2.417750E+06
    PHIC=7.624051E-10
    GRAD=3.741741E-02
    NuBT=1
    CPU =0.002372

ITER: 2
    HPWL=32450.265625
    OVFL=0.903040
    HPWL=(17532.228516, 14918.036133)
    POTN=2.417695E+06
    PHIC=8.005254E-10
    GRAD=3.741670E-02
    NuBT=1
    CPU =0.001219

ITER: 3
    HPWL=14126.037109
    OVFL=0.679329
    HPWL=(9069.529297, 5056.508301)
    POTN=1.946351E+06
    PHIC=8.405516E-10
    GRAD=1.167177E-02
    NuBT=2
    CPU =0.002279

ITER: 4
    HPWL=11241.533203
    OVFL=0.648155
    HPWL=(6965.720215, 4275.812500)
    POTN=1.925031E+06
    PHIC=8.825791E-10
    GRAD=1.693883E-02
    NuBT=2
    CPU =0.002269

ITER: 5
    HPWL=9624.920898
    OVFL=0.610215
    HPWL=(5727.077148, 3897.843506)
    POTN=1.896543E+06
    PHIC=9.267080E-10
    GRAD=9.460915E-03
    NuBT=3
    CPU =0.003352

ITER: 6
    HPWL=8856.098633
    OVFL=0.609243
    HPWL=(5178.194824, 3677.903809)
    POTN=1.824109E+06
    PHIC=9.730434E-10
    GRAD=7.776726E-03
    NuBT=1
    CPU =0.001227

ITER: 7
    HPWL=8803.361328
    OVFL=0.561181
    HPWL=(5163.572754, 3639.788574)
    POTN=1.790252E+06
    PHIC=1.021696E-09
    GRAD=7.932154E-03
    NuBT=1
    CPU =0.001223

ITER: 8
    HPWL=8685.149414
    OVFL=0.556675
    HPWL=(5096.940918, 3588.208496)
    POTN=1.745395E+06
    PHIC=1.072780E-09
    GRAD=9.945673E-03
    NuBT=2
    CPU =0.002266

ITER: 9
    HPWL=8665.491211
    OVFL=0.545033
    HPWL=(5103.271484, 3562.219482)
    POTN=1.720737E+06
    PHIC=1.126419E-09
    GRAD=1.050929E-02
    NuBT=2
    CPU =0.002268

ITER: 10
    HPWL=8565.722656
    OVFL=0.480520
    HPWL=(5045.307129, 3520.415039)
    POTN=1.691349E+06
    PHIC=1.182740E-09
    GRAD=1.113072E-02
    NuBT=2
    CPU =0.002284

ITER: 11
    HPWL=8353.857422
    OVFL=0.498935
    HPWL=(4905.066406, 3448.791260)
    POTN=1.665188E+06
    PHIC=1.241877E-09
    GRAD=1.441904E-02
    NuBT=2
    CPU =0.002311

ITER: 12
    HPWL=8444.352539
    OVFL=0.486335
    HPWL=(4965.402832, 3478.949951)
    POTN=1.629288E+06
    PHIC=1.303954E-09
    GRAD=1.414074E-02
    NuBT=1
    CPU =0.001228

ITER: 13
    HPWL=8345.703125
    OVFL=0.432406
    HPWL=(4891.506836, 3454.196533)
    POTN=1.609527E+06
    PHIC=1.369152E-09
    GRAD=1.469207E-02
    NuBT=2
    CPU =0.002263

ITER: 14
    HPWL=8179.169922
    OVFL=0.447187
    HPWL=(4766.178223, 3412.991455)
    POTN=1.574388E+06
    PHIC=1.437609E-09
    GRAD=1.818385E-02
    NuBT=2
    CPU =0.002278

ITER: 15
    HPWL=8214.065430
    OVFL=0.441907
    HPWL=(4785.093750, 3428.971924)
    POTN=1.550671E+06
    PHIC=1.509483E-09
    GRAD=1.761062E-02
    NuBT=2
    CPU =0.002269

ITER: 16
    HPWL=8158.671875
    OVFL=0.375925
    HPWL=(4741.844238, 3416.827881)
    POTN=1.513654E+06
    PHIC=1.584957E-09
    GRAD=1.800036E-02
    NuBT=2
    CPU =0.002264

ITER: 17
    HPWL=7962.298828
    OVFL=0.403749
    HPWL=(4594.854492, 3367.444336)
    POTN=1.491437E+06
    PHIC=1.664204E-09
    GRAD=2.322057E-02
    NuBT=2
    CPU =0.002264

ITER: 18
    HPWL=7986.688965
    OVFL=0.323469
    HPWL=(4607.619629, 3379.069336)
    POTN=1.463017E+06
    PHIC=1.747409E-09
    GRAD=2.109896E-02
    NuBT=1
    CPU =0.001214

ITER: 19
    HPWL=7803.095703
    OVFL=0.366073
    HPWL=(4472.096680, 3330.998779)
    POTN=1.445259E+06
    PHIC=1.834779E-09
    GRAD=2.884977E-02
    NuBT=2
    CPU =0.002266

ITER: 20
    HPWL=7761.488281
    OVFL=0.297681
    HPWL=(4439.922363, 3321.566162)
    POTN=1.423935E+06
    PHIC=1.926518E-09
    GRAD=2.429252E-02
    NuBT=1
    CPU =0.001207

ITER: 21
    HPWL=7702.017578
    OVFL=0.327330
    HPWL=(4399.488770, 3302.528564)
    POTN=1.404531E+06
    PHIC=2.022844E-09
    GRAD=3.203897E-02
    NuBT=2
    CPU =0.002267

ITER: 22
    HPWL=7689.654297
    OVFL=0.276644
    HPWL=(4392.124023, 3297.530029)
    POTN=1.384662E+06
    PHIC=2.123986E-09
    GRAD=2.922088E-02
    NuBT=1
    CPU =0.001222

ITER: 23
    HPWL=7601.612305
    OVFL=0.300867
    HPWL=(4333.322266, 3268.289795)
    POTN=1.371044E+06
    PHIC=2.230185E-09
    GRAD=3.482635E-02
    NuBT=2
    CPU =0.002275

ITER: 24
    HPWL=7573.780762
    OVFL=0.290462
    HPWL=(4318.888672, 3254.892090)
    POTN=1.355588E+06
    PHIC=2.341694E-09
    GRAD=3.244625E-02
    NuBT=1
    CPU =0.001215

ITER: 25
    HPWL=7552.572266
    OVFL=0.244088
    HPWL=(4310.494141, 3242.078369)
    POTN=1.343605E+06
    PHIC=2.458779E-09
    GRAD=3.372025E-02
    NuBT=2
    CPU =0.002273

ITER: 26
    HPWL=7432.577637
    OVFL=0.260542
    HPWL=(4226.242676, 3206.334961)
    POTN=1.329744E+06
    PHIC=2.581718E-09
    GRAD=3.882671E-02
    NuBT=2
    CPU =0.002292

ITER: 27
    HPWL=7407.019531
    OVFL=0.255319
    HPWL=(4223.948730, 3183.070801)
    POTN=1.320831E+06
    PHIC=2.710803E-09
    GRAD=3.766097E-02
    NuBT=1
    CPU =0.001254

ITER: 28
    HPWL=7356.313477
    OVFL=0.236333
    HPWL=(4195.917969, 3160.395752)
    POTN=1.308082E+06
    PHIC=2.846343E-09
    GRAD=3.809656E-02
    NuBT=2
    CPU =0.002298

ITER: 29
    HPWL=7289.692871
    OVFL=0.245989
    HPWL=(4153.959961, 3135.732910)
    POTN=1.300247E+06
    PHIC=2.988660E-09
    GRAD=4.020509E-02
    NuBT=2
    CPU =0.002293

ITER: 30
    HPWL=7252.987305
    OVFL=0.246331
    HPWL=(4135.545410, 3117.442139)
    POTN=1.288998E+06
    PHIC=3.138093E-09
    GRAD=3.930793E-02
    NuBT=2
    CPU =0.002343

ITER: 31
    HPWL=7235.558594
    OVFL=0.255316
    HPWL=(4129.863770, 3105.694824)
    POTN=1.282081E+06
    PHIC=3.294998E-09
    GRAD=3.954037E-02
    NuBT=1
    CPU =0.001282

ITER: 32
    HPWL=7191.817383
    OVFL=0.234293
    HPWL=(4102.344727, 3089.472412)
    POTN=1.270926E+06
    PHIC=3.459748E-09
    GRAD=3.832467E-02
    NuBT=1
    CPU =0.001243

ITER: 33
    HPWL=7130.319336
    OVFL=0.224985
    HPWL=(4060.037598, 3070.281738)
    POTN=1.263998E+06
    PHIC=3.632735E-09
    GRAD=4.057644E-02
    NuBT=1
    CPU =0.001237

ITER: 34
    HPWL=7069.237305
    OVFL=0.242366
    HPWL=(4020.266113, 3048.971436)
    POTN=1.253625E+06
    PHIC=3.814371E-09
    GRAD=4.154895E-02
    NuBT=2
    CPU =0.002294

ITER: 35
    HPWL=7046.979004
    OVFL=0.231556
    HPWL=(4011.239990, 3035.739014)
    POTN=1.247260E+06
    PHIC=4.005090E-09
    GRAD=3.977227E-02
    NuBT=1
    CPU =0.001328

ITER: 36
    HPWL=7005.196289
    OVFL=0.195504
    HPWL=(3984.749756, 3020.446289)
    POTN=1.237103E+06
    PHIC=4.205345E-09
    GRAD=4.095883E-02
    NuBT=1
    CPU =0.001323

ITER: 37
    HPWL=6918.121094
    OVFL=0.224995
    HPWL=(3925.233154, 2992.888184)
    POTN=1.230947E+06
    PHIC=4.415611E-09
    GRAD=4.435155E-02
    NuBT=2
    CPU =0.002360

ITER: 38
    HPWL=6906.041992
    OVFL=0.225042
    HPWL=(3927.734619, 2978.307129)
    POTN=1.221223E+06
    PHIC=4.636392E-09
    GRAD=4.167868E-02
    NuBT=1
    CPU =0.001248

ITER: 39
    HPWL=6883.988281
    OVFL=0.201490
    HPWL=(3915.481689, 2968.506348)
    POTN=1.214804E+06
    PHIC=4.868211E-09
    GRAD=4.182871E-02
    NuBT=1
    CPU =0.001225

ITER: 40
    HPWL=6812.336914
    OVFL=0.196974
    HPWL=(3866.344971, 2945.992188)
    POTN=1.205196E+06
    PHIC=5.111621E-09
    GRAD=4.395429E-02
    NuBT=2
    CPU =0.002285

ITER: 41
    HPWL=6791.428223
    OVFL=0.199433
    HPWL=(3858.325195, 2933.103027)
    POTN=1.199739E+06
    PHIC=5.367202E-09
    GRAD=4.485457E-02
    NuBT=1
    CPU =0.001208

ITER: 42
    HPWL=6747.364258
    OVFL=0.177803
    HPWL=(3832.762695, 2914.601318)
    POTN=1.191702E+06
    PHIC=5.635562E-09
    GRAD=4.451659E-02
    NuBT=2
    CPU =0.002274

ITER: 43
    HPWL=6704.419922
    OVFL=0.170103
    HPWL=(3806.728027, 2897.692139)
    POTN=1.186930E+06
    PHIC=5.917340E-09
    GRAD=4.665563E-02
    NuBT=1
    CPU =0.001211

ITER: 44
    HPWL=6651.174805
    OVFL=0.177979
    HPWL=(3776.029785, 2875.144775)
    POTN=1.179672E+06
    PHIC=6.213207E-09
    GRAD=4.710970E-02
    NuBT=2
    CPU =0.002297

ITER: 45
    HPWL=6626.372559
    OVFL=0.175719
    HPWL=(3765.943359, 2860.429199)
    POTN=1.175924E+06
    PHIC=6.523867E-09
    GRAD=4.675316E-02
    NuBT=1
    CPU =0.001212

ITER: 46
    HPWL=6593.441895
    OVFL=0.148921
    HPWL=(3747.311035, 2846.130859)
    POTN=1.169455E+06
    PHIC=6.850060E-09
    GRAD=4.710364E-02
    NuBT=1
    CPU =0.001215

ITER: 47
    HPWL=6520.276367
    OVFL=0.157819
    HPWL=(3698.592773, 2821.683594)
    POTN=1.166490E+06
    PHIC=7.192562E-09
    GRAD=4.853225E-02
    NuBT=2
    CPU =0.002271

ITER: 48
    HPWL=6504.040039
    OVFL=0.150576
    HPWL=(3695.537354, 2808.502441)
    POTN=1.161022E+06
    PHIC=7.552190E-09
    GRAD=4.851689E-02
    NuBT=1
    CPU =0.001213

ITER: 49
    HPWL=6455.868164
    OVFL=0.123133
    HPWL=(3665.734131, 2790.134277)
    POTN=1.159110E+06
    PHIC=7.929799E-09
    GRAD=4.883116E-02
    NuBT=2
    CPU =0.002280

ITER: 50
    HPWL=6391.737793
    OVFL=0.135253
    HPWL=(3624.321777, 2767.416016)
    POTN=1.154710E+06
    PHIC=8.326289E-09
    GRAD=4.983547E-02
    NuBT=2
    CPU =0.002271

ITER: 51
    HPWL=6369.211914
    OVFL=0.145967
    HPWL=(3616.548828, 2752.663086)
    POTN=1.152851E+06
    PHIC=8.742603E-09
    GRAD=4.974670E-02
    NuBT=2
    CPU =0.002267

ITER: 52
    HPWL=6348.798828
    OVFL=0.120609
    HPWL=(3607.152100, 2741.646484)
    POTN=1.148768E+06
    PHIC=9.179733E-09
    GRAD=4.951776E-02
    NuBT=1
    CPU =0.001221

ITER: 53
    HPWL=6283.672852
    OVFL=0.120444
    HPWL=(3563.115723, 2720.557373)
    POTN=1.147467E+06
    PHIC=9.638719E-09
    GRAD=5.017901E-02
    NuBT=2
    CPU =0.002259

ITER: 54
    HPWL=6265.436523
    OVFL=0.118034
    HPWL=(3556.876709, 2708.559570)
    POTN=1.143446E+06
    PHIC=1.012065E-08
    GRAD=5.082381E-02
    NuBT=1
    CPU =0.001205

ITER: 55
    HPWL=6220.721680
    OVFL=0.099856
    HPWL=(3529.488525, 2691.233398)
    POTN=1.141942E+06
    PHIC=1.062669E-08
    GRAD=5.069213E-02
    NuBT=2
    CPU =0.002262
[INFO] Nesterov: NumIters = 55
[INFO] Nesterov: ScaledHpwl = 6220.721680
[INFO] Nesterov: Overflow = 0.099856
[INFO] Nesterov: Potential = 1141941.875000
[INFO] Nesterov: xInstScaledHpwl = 6165.940430
[INFO] Nesterov: yInstScaledHpwl = 6220.721680
[INFO] Nesterov: HPWL = 1863.484375
