Sun Aug 30 13:23:45 UTC 2020 - Executing "/openLANE_flow/scripts//padLefMacro.py -s unithd -r 8 -i /openLANE_flow/designs/sb_0__1_/runs/final_pin_placement//tmp//merged_unpadded.lef -o /openLANE_flow/designs/sb_0__1_/runs/final_pin_placement//tmp//merged.lef -e {sky130_fd_sc_hd__tap* sky130_fd_sc_hd__decap* sky130_fd_sc_hd__fill*} |& tee >&@stdout"

Sun Aug 30 13:23:54 UTC 2020 - Executing "sed -i -E {s/CLASS PAD.*$/CLASS PAD ;/g} /openLANE_flow/designs/sb_0__1_/runs/final_pin_placement//tmp//merged.lef"

Sun Aug 30 13:23:55 UTC 2020 - Executing "sed -i -E {s/CLASS PAD.*$/CLASS PAD ;/g} /openLANE_flow/designs/sb_0__1_/runs/final_pin_placement//tmp//merged_unpadded.lef"

Sun Aug 30 13:23:55 UTC 2020 - Executing "/openLANE_flow/scripts//libtrim.pl /home/aa/Desktop/Afify/openlane/pdks/sky130A/libs.ref/sky130_fd_sc_hd/lib/sky130_fd_sc_hd__tt_025C_1v80.lib /home/aa/Desktop/Afify/openlane/pdks/sky130A/libs.tech/openlane/sky130_fd_sc_hd/no_synth.cells > /openLANE_flow/designs/sb_0__1_/runs/final_pin_placement//tmp//trimmed.lib"

Sun Aug 30 13:23:59 UTC 2020 - Executing "yosys -c /openLANE_flow/scripts//synth.tcl -l /openLANE_flow/designs/sb_0__1_/runs/final_pin_placement//logs/synthesis/yosys.log |& tee >&@stdout"

Sun Aug 30 13:24:00 UTC 2020 - Executing "sta /openLANE_flow/scripts//sta.tcl |& tee >&@stdout /openLANE_flow/designs/sb_0__1_/runs/final_pin_placement//logs/synthesis/opensta.log"

Sun Aug 30 13:24:35 UTC 2020 - Executing "openroad -exit /openLANE_flow/scripts//openroad/or_floorplan.tcl |& tee >&@stdout /openLANE_flow/designs/sb_0__1_/runs/final_pin_placement//logs/floorplan/verilog2def.openroad.log"

Sun Aug 30 13:24:35 UTC 2020 - Executing "openroad -exit /openLANE_flow/scripts//openroad/or_ioplacer.tcl |& tee >&@stdout /openLANE_flow/designs/sb_0__1_/runs/final_pin_placement//logs/floorplan/ioPlacer.log"

Sun Aug 30 13:24:36 UTC 2020 - Executing "openroad -exit /openLANE_flow/scripts//openroad/or_tapcell.tcl |& tee >&@stdout /openLANE_flow/designs/sb_0__1_/runs/final_pin_placement//logs/floorplan/tapcell.log"

Sun Aug 30 13:25:14 UTC 2020 - Executing "replace < /openLANE_flow/scripts//replace_gp.tcl |& tee >&@stdout /openLANE_flow/designs/sb_0__1_/runs/final_pin_placement//logs/placement/replace.log"

Sun Aug 30 13:25:15 UTC 2020 - Executing "cp /openLANE_flow/designs/sb_0__1_/runs/final_pin_placement//tmp/placement/replace_place.def /openLANE_flow/designs/sb_0__1_/runs/final_pin_placement//tmp/placement/replace.def"

Sun Aug 30 13:25:15 UTC 2020 - Executing "opendp -lef /openLANE_flow/designs/sb_0__1_/runs/final_pin_placement//tmp//merged.lef -def /openLANE_flow/designs/sb_0__1_/runs/final_pin_placement//tmp/placement/replace.def -output_def /openLANE_flow/designs/sb_0__1_/runs/final_pin_placement//results/placement/sb_0__1_.placement.def |& tee >&@stdout /openLANE_flow/designs/sb_0__1_/runs/final_pin_placement//logs/placement/opendp.log"

Sun Aug 30 13:25:18 UTC 2020 - Executing "openroad -exit /openLANE_flow/scripts//openroad/or_cts.tcl |& tee >&@stdout /openLANE_flow/designs/sb_0__1_/runs/final_pin_placement//logs/cts/cts.log"

Sun Aug 30 13:29:22 UTC 2020 - Executing "openroad -exit /openLANE_flow/scripts//new_pdn.tcl |& tee >&@stdout /openLANE_flow/designs/sb_0__1_/runs/final_pin_placement//logs/floorplan/pdn.log"

Sun Aug 30 13:29:29 UTC 2020 - Executing "openroad -exit /openLANE_flow/scripts//openroad/or_diodes.tcl |& tee >&@stdout /openLANE_flow/designs/sb_0__1_/runs/final_pin_placement//logs//placement/diodes.log"

Sun Aug 30 13:29:30 UTC 2020 - Executing "openroad -exit /openLANE_flow/scripts//openroad/or_fill.tcl |& tee >&@stdout /openLANE_flow/designs/sb_0__1_/runs/final_pin_placement//logs/routing/addspacers.log"

Sun Aug 30 13:29:31 UTC 2020 - Executing "openroad -exit /openLANE_flow/scripts//openroad/or_write_verilog.tcl |& tee >&@stdout /openLANE_flow/designs/sb_0__1_/runs/final_pin_placement//logs//write_verilog.log"

Sun Aug 30 13:29:32 UTC 2020 - Executing "openroad -exit /openLANE_flow/scripts//openroad/or_route.tcl |& tee >&@stdout /openLANE_flow/designs/sb_0__1_/runs/final_pin_placement//logs/routing/fastroute.log"

Sun Aug 30 13:29:40 UTC 2020 - Executing "envsubst < /openLANE_flow/scripts//tritonRoute.param > /openLANE_flow/designs/sb_0__1_/runs/final_pin_placement//tmp/routing/tritonRoute.param"

Sun Aug 30 13:29:40 UTC 2020 - Executing "TritonRoute /openLANE_flow/designs/sb_0__1_/runs/final_pin_placement//tmp/routing/tritonRoute.param |& tee >&@stdout /openLANE_flow/designs/sb_0__1_/runs/final_pin_placement//logs/routing/tritonRoute.log"

Sun Aug 30 13:35:56 UTC 2020 - Executing "magic -noconsole -dnull -rcfile /openLANE_flow/designs/sb_0__1_/runs/final_pin_placement//tmp//tmp.magicrc /openLANE_flow/designs/sb_0__1_/runs/final_pin_placement//tmp//magic_spice.tcl </dev/null |& tee >&@stdout /openLANE_flow/designs/sb_0__1_/runs/final_pin_placement//logs/magic/magic_spice.log"

Sun Aug 30 13:46:32 UTC 2020 - Executing "vlog2Verilog -v VPWR -g VGND -l /openLANE_flow/designs/sb_0__1_/runs/final_pin_placement//tmp//merged.lef /openLANE_flow/designs/sb_0__1_/runs/final_pin_placement//results/synthesis/sb_0__1_.synthesis_preroute.v |& tee /openLANE_flow/designs/sb_0__1_/runs/final_pin_placement//results/lvs/sb_0__1_.lvs.v"

Sun Aug 30 13:46:32 UTC 2020 - Executing "netgen -batch lvs {/openLANE_flow/designs/sb_0__1_/runs/final_pin_placement//results/magic/sb_0__1_.spice sb_0__1_} {/openLANE_flow/designs/sb_0__1_/runs/final_pin_placement//results/lvs/sb_0__1_.lvs.v sb_0__1_} /home/aa/Desktop/Afify/openlane/pdks/sky130A/libs.tech/netgen/sky130A_setup.tcl /openLANE_flow/designs/sb_0__1_/runs/final_pin_placement//results/lvs/sb_0__1_.lvs.log -json |& tee >&@stdout /openLANE_flow/designs/sb_0__1_/runs/final_pin_placement//logs/lvs/lvs.log"

Sun Aug 30 13:49:25 UTC 2020 - Executing "magic -noconsole -dnull -rcfile /openLANE_flow/designs/sb_0__1_/runs/final_pin_placement//tmp//magic_antenna.magicrc /openLANE_flow/designs/sb_0__1_/runs/final_pin_placement//tmp//magic_antenna.tcl </dev/null |& tee >&@stdout /openLANE_flow/designs/sb_0__1_/runs/final_pin_placement//logs/magic/magic_antenna.log"

Sun Aug 30 14:02:03 UTC 2020 - Executing "awk {/Cell:/ {print $2}} /openLANE_flow/designs/sb_0__1_/runs/final_pin_placement//logs/magic/magic_antenna.log > /openLANE_flow/designs/sb_0__1_/runs/final_pin_placement//reports/magic/magic.antenna_violators.rpt"

