RePlAce Version: 1.0.0

** WARNING: Your Detail Placement Step must be skipped.
              (i.e. this program will be executed as -onlyGP)
     If you want to have DP after GP, please specify -dpflag and -dploc.

[INFO] TargetDensity = 0.900000
[INFO] ExperimentIndex = 0
[INFO] DirectoryPath = /openLANE_flow/designs/sb_3__1_/runs/01-09_12-26//tmp/placement/replace/etc/sb_3__1_.floorplan/experiment000
[PROC] Begin LefParsing ...
[LEF] Parsed 500 number of lines!!
WARNING (LEFPARS-2036): SOURCE statement is obsolete in version 5.6 and later.
The LEF parser will ignore this statement.
To avoid this warning in the future, remove this statement from the LEF file with version 5.6 or later. See file /openLANE_flow/designs/sb_3__1_/runs/01-09_12-26//tmp//merged.lef at line 776.

WARNING (LEFPARS-2036): SOURCE statement is obsolete in version 5.6 and later.
The LEF parser will ignore this statement.
To avoid this warning in the future, remove this statement from the LEF file with version 5.6 or later. See file /openLANE_flow/designs/sb_3__1_/runs/01-09_12-26//tmp//merged.lef at line 903.

[LEF] Parsed 1000 number of lines!!
WARNING (LEFPARS-2036): SOURCE statement is obsolete in version 5.6 and later.
The LEF parser will ignore this statement.
To avoid this warning in the future, remove this statement from the LEF file with version 5.6 or later. See file /openLANE_flow/designs/sb_3__1_/runs/01-09_12-26//tmp//merged.lef at line 1034.

WARNING (LEFPARS-2036): SOURCE statement is obsolete in version 5.6 and later.
The LEF parser will ignore this statement.
To avoid this warning in the future, remove this statement from the LEF file with version 5.6 or later. See file /openLANE_flow/designs/sb_3__1_/runs/01-09_12-26//tmp//merged.lef at line 1204.

WARNING (LEFPARS-2036): SOURCE statement is obsolete in version 5.6 and later.
The LEF parser will ignore this statement.
To avoid this warning in the future, remove this statement from the LEF file with version 5.6 or later. See file /openLANE_flow/designs/sb_3__1_/runs/01-09_12-26//tmp//merged.lef at line 1322.

WARNING (LEFPARS-2036): SOURCE statement is obsolete in version 5.6 and later.
The LEF parser will ignore this statement.
To avoid this warning in the future, remove this statement from the LEF file with version 5.6 or later. See file /openLANE_flow/designs/sb_3__1_/runs/01-09_12-26//tmp//merged.lef at line 1442.

[LEF] Parsed 1500 number of lines!!
WARNING (LEFPARS-2036): SOURCE statement is obsolete in version 5.6 and later.
The LEF parser will ignore this statement.
To avoid this warning in the future, remove this statement from the LEF file with version 5.6 or later. See file /openLANE_flow/designs/sb_3__1_/runs/01-09_12-26//tmp//merged.lef at line 1589.

WARNING (LEFPARS-2036): SOURCE statement is obsolete in version 5.6 and later.
The LEF parser will ignore this statement.
To avoid this warning in the future, remove this statement from the LEF file with version 5.6 or later. See file /openLANE_flow/designs/sb_3__1_/runs/01-09_12-26//tmp//merged.lef at line 1777.

WARNING (LEFPARS-2036): SOURCE statement is obsolete in version 5.6 and later.
The LEF parser will ignore this statement.
To avoid this warning in the future, remove this statement from the LEF file with version 5.6 or later. See file /openLANE_flow/designs/sb_3__1_/runs/01-09_12-26//tmp//merged.lef at line 1886.

WARNING (LEFPARS-2036): SOURCE statement is obsolete in version 5.6 and later.
The LEF parser will ignore this statement.
To avoid this warning in the future, remove this statement from the LEF file with version 5.6 or later. See file /openLANE_flow/designs/sb_3__1_/runs/01-09_12-26//tmp//merged.lef at line 1999.

[LEF] Parsed 2000 number of lines!!
WARNING (LEFPARS-2036): SOURCE statement is obsolete in version 5.6 and later.
The LEF parser will ignore this statement.
To avoid this warning in the future, remove this statement from the LEF file with version 5.6 or later. See file /openLANE_flow/designs/sb_3__1_/runs/01-09_12-26//tmp//merged.lef at line 2148.

WARNING (LEFPARS-2036): SOURCE statement is obsolete in version 5.6 and later.
The LEF parser will ignore this statement.
To avoid this warning in the future, remove this statement from the LEF file with version 5.6 or later. See file /openLANE_flow/designs/sb_3__1_/runs/01-09_12-26//tmp//merged.lef at line 2253.

WARNING (LEFPARS-2036): SOURCE statement is obsolete in version 5.6 and later.
The LEF parser will ignore this statement.
To avoid this warning in the future, remove this statement from the LEF file with version 5.6 or later. See file /openLANE_flow/designs/sb_3__1_/runs/01-09_12-26//tmp//merged.lef at line 2380.

[LEF] Parsed 2500 number of lines!!
WARNING (LEFPARS-2036): SOURCE statement is obsolete in version 5.6 and later.
The LEF parser will ignore this statement.
To avoid this warning in the future, remove this statement from the LEF file with version 5.6 or later. See file /openLANE_flow/designs/sb_3__1_/runs/01-09_12-26//tmp//merged.lef at line 2547.

WARNING (LEFPARS-2036): SOURCE statement is obsolete in version 5.6 and later.
The LEF parser will ignore this statement.
To avoid this warning in the future, remove this statement from the LEF file with version 5.6 or later. See file /openLANE_flow/designs/sb_3__1_/runs/01-09_12-26//tmp//merged.lef at line 2653.

WARNING (LEFPARS-2036): SOURCE statement is obsolete in version 5.6 and later.
The LEF parser will ignore this statement.
To avoid this warning in the future, remove this statement from the LEF file with version 5.6 or later. See file /openLANE_flow/designs/sb_3__1_/runs/01-09_12-26//tmp//merged.lef at line 2770.

WARNING (LEFPARS-2036): SOURCE statement is obsolete in version 5.6 and later.
The LEF parser will ignore this statement.
To avoid this warning in the future, remove this statement from the LEF file with version 5.6 or later. See file /openLANE_flow/designs/sb_3__1_/runs/01-09_12-26//tmp//merged.lef at line 2908.

[LEF] Parsed 3000 number of lines!!
WARNING (LEFPARS-2036): SOURCE statement is obsolete in version 5.6 and later.
The LEF parser will ignore this statement.
To avoid this warning in the future, remove this statement from the LEF file with version 5.6 or later. See file /openLANE_flow/designs/sb_3__1_/runs/01-09_12-26//tmp//merged.lef at line 3005.

WARNING (LEFPARS-2036): SOURCE statement is obsolete in version 5.6 and later.
The LEF parser will ignore this statement.
To avoid this warning in the future, remove this statement from the LEF file with version 5.6 or later. See file /openLANE_flow/designs/sb_3__1_/runs/01-09_12-26//tmp//merged.lef at line 3105.

WARNING (LEFPARS-2036): SOURCE statement is obsolete in version 5.6 and later.
The LEF parser will ignore this statement.
To avoid this warning in the future, remove this statement from the LEF file with version 5.6 or later. See file /openLANE_flow/designs/sb_3__1_/runs/01-09_12-26//tmp//merged.lef at line 3219.

WARNING (LEFPARS-2036): SOURCE statement is obsolete in version 5.6 and later.
The LEF parser will ignore this statement.
To avoid this warning in the future, remove this statement from the LEF file with version 5.6 or later. See file /openLANE_flow/designs/sb_3__1_/runs/01-09_12-26//tmp//merged.lef at line 3361.

WARNING (LEFPARS-2036): SOURCE statement is obsolete in version 5.6 and later.
The LEF parser will ignore this statement.
To avoid this warning in the future, remove this statement from the LEF file with version 5.6 or later. See file /openLANE_flow/designs/sb_3__1_/runs/01-09_12-26//tmp//merged.lef at line 3458.

[LEF] Parsed 3500 number of lines!!
WARNING (LEFPARS-2036): SOURCE statement is obsolete in version 5.6 and later.
The LEF parser will ignore this statement.
To avoid this warning in the future, remove this statement from the LEF file with version 5.6 or later. See file /openLANE_flow/designs/sb_3__1_/runs/01-09_12-26//tmp//merged.lef at line 3561.

WARNING (LEFPARS-2036): SOURCE statement is obsolete in version 5.6 and later.
The LEF parser will ignore this statement.
To avoid this warning in the future, remove this statement from the LEF file with version 5.6 or later. See file /openLANE_flow/designs/sb_3__1_/runs/01-09_12-26//tmp//merged.lef at line 3691.

WARNING (LEFPARS-2036): SOURCE statement is obsolete in version 5.6 and later.
The LEF parser will ignore this statement.
To avoid this warning in the future, remove this statement from the LEF file with version 5.6 or later. See file /openLANE_flow/designs/sb_3__1_/runs/01-09_12-26//tmp//merged.lef at line 3783.

WARNING (LEFPARS-2036): SOURCE statement is obsolete in version 5.6 and later.
The LEF parser will ignore this statement.
To avoid this warning in the future, remove this statement from the LEF file with version 5.6 or later. See file /openLANE_flow/designs/sb_3__1_/runs/01-09_12-26//tmp//merged.lef at line 3887.

[LEF] Parsed 4000 number of lines!!
WARNING (LEFPARS-2036): SOURCE statement is obsolete in version 5.6 and later.
The LEF parser will ignore this statement.
To avoid this warning in the future, remove this statement from the LEF file with version 5.6 or later. See file /openLANE_flow/designs/sb_3__1_/runs/01-09_12-26//tmp//merged.lef at line 4018.

WARNING (LEFPARS-2036): SOURCE statement is obsolete in version 5.6 and later.
The LEF parser will ignore this statement.
To avoid this warning in the future, remove this statement from the LEF file with version 5.6 or later. See file /openLANE_flow/designs/sb_3__1_/runs/01-09_12-26//tmp//merged.lef at line 4148.

WARNING (LEFPARS-2036): SOURCE statement is obsolete in version 5.6 and later.
The LEF parser will ignore this statement.
To avoid this warning in the future, remove this statement from the LEF file with version 5.6 or later. See file /openLANE_flow/designs/sb_3__1_/runs/01-09_12-26//tmp//merged.lef at line 4282.

WARNING (LEFPARS-2036): SOURCE statement is obsolete in version 5.6 and later.
The LEF parser will ignore this statement.
To avoid this warning in the future, remove this statement from the LEF file with version 5.6 or later. See file /openLANE_flow/designs/sb_3__1_/runs/01-09_12-26//tmp//merged.lef at line 4467.

[LEF] Parsed 4500 number of lines!!
[LEF] Parsed 5000 number of lines!!
[LEF] Parsed 5500 number of lines!!
[LEF] Parsed 6000 number of lines!!
[LEF] Parsed 6500 number of lines!!
[LEF] Parsed 7000 number of lines!!
[LEF] Parsed 7500 number of lines!!
[LEF] Parsed 8000 number of lines!!
[LEF] Parsed 8500 number of lines!!
[LEF] Parsed 9000 number of lines!!
[LEF] Parsed 9500 number of lines!!
[LEF] Parsed 10000 number of lines!!
[LEF] Parsed 10500 number of lines!!
[LEF] Parsed 11000 number of lines!!
[LEF] Parsed 11500 number of lines!!
[LEF] Parsed 12000 number of lines!!
[LEF] Parsed 12500 number of lines!!
[LEF] Parsed 13000 number of lines!!
[LEF] Parsed 13500 number of lines!!
[LEF] Parsed 14000 number of lines!!
[LEF] Parsed 14500 number of lines!!
[LEF] Parsed 15000 number of lines!!
[LEF] Parsed 15500 number of lines!!
[LEF] Parsed 16000 number of lines!!
[LEF] Parsed 16500 number of lines!!
[LEF] Parsed 17000 number of lines!!
[LEF] Parsed 17500 number of lines!!
[LEF] Parsed 18000 number of lines!!
[LEF] Parsed 18500 number of lines!!
[LEF] Parsed 19000 number of lines!!
[LEF] Parsed 19500 number of lines!!
[LEF] Parsed 20000 number of lines!!
[LEF] Parsed 20500 number of lines!!
[LEF] Parsed 21000 number of lines!!
[LEF] Parsed 21500 number of lines!!
[LEF] Parsed 22000 number of lines!!
[LEF] Parsed 22500 number of lines!!
[LEF] Parsed 23000 number of lines!!
[LEF] Parsed 23500 number of lines!!
[LEF] Parsed 24000 number of lines!!
[LEF] Parsed 24500 number of lines!!
[LEF] Parsed 25000 number of lines!!
[LEF] Parsed 25500 number of lines!!
[LEF] Parsed 26000 number of lines!!
[LEF] Parsed 26500 number of lines!!
[LEF] Parsed 27000 number of lines!!
[LEF] Parsed 27500 number of lines!!
[LEF] Parsed 28000 number of lines!!
[LEF] Parsed 28500 number of lines!!
[LEF] Parsed 29000 number of lines!!
[LEF] Parsed 29500 number of lines!!
[LEF] Parsed 30000 number of lines!!
[LEF] Parsed 30500 number of lines!!
[LEF] Parsed 31000 number of lines!!
[LEF] Parsed 31500 number of lines!!
[LEF] Parsed 32000 number of lines!!
[LEF] Parsed 32500 number of lines!!
[LEF] Parsed 33000 number of lines!!
[LEF] Parsed 33500 number of lines!!
[LEF] Parsed 34000 number of lines!!
[LEF] Parsed 34500 number of lines!!
[LEF] Parsed 35000 number of lines!!
[LEF] Parsed 35500 number of lines!!
[LEF] Parsed 36000 number of lines!!
[LEF] Parsed 36500 number of lines!!
[LEF] Parsed 37000 number of lines!!
[LEF] Parsed 37500 number of lines!!
[LEF] Parsed 38000 number of lines!!
[LEF] Parsed 38500 number of lines!!
[LEF] Parsed 39000 number of lines!!
[LEF] Parsed 39500 number of lines!!
[LEF] Parsed 40000 number of lines!!
[LEF] Parsed 40500 number of lines!!
[LEF] Parsed 41000 number of lines!!
[LEF] Parsed 41500 number of lines!!
[LEF] Parsed 42000 number of lines!!
[LEF] Parsed 42500 number of lines!!
[LEF] Parsed 43000 number of lines!!
[LEF] Parsed 43500 number of lines!!
[LEF] Parsed 44000 number of lines!!
[LEF] Parsed 44500 number of lines!!
[LEF] Parsed 45000 number of lines!!
[LEF] Parsed 45500 number of lines!!
[LEF] Parsed 46000 number of lines!!
[LEF] Parsed 46500 number of lines!!
[LEF] Parsed 47000 number of lines!!
[LEF] Parsed 47500 number of lines!!
[LEF] Parsed 48000 number of lines!!
[LEF] Parsed 48500 number of lines!!
[LEF] Parsed 49000 number of lines!!
[LEF] Parsed 49500 number of lines!!
[LEF] Parsed 50000 number of lines!!
[LEF] Parsed 50500 number of lines!!
[LEF] Parsed 51000 number of lines!!
[LEF] Parsed 51500 number of lines!!
[LEF] Parsed 52000 number of lines!!
[LEF] Parsed 52500 number of lines!!
[LEF] Parsed 53000 number of lines!!
[LEF] Parsed 53500 number of lines!!
[LEF] Parsed 54000 number of lines!!
[LEF] Parsed 54500 number of lines!!
[LEF] Parsed 55000 number of lines!!
[LEF] Parsed 55500 number of lines!!
[LEF] Parsed 56000 number of lines!!
[LEF] Parsed 56500 number of lines!!
[LEF] Parsed 57000 number of lines!!
[LEF] Parsed 57500 number of lines!!
[LEF] Parsed 58000 number of lines!!
[LEF] Parsed 58500 number of lines!!
[LEF] Parsed 59000 number of lines!!
[LEF] Parsed 59500 number of lines!!
[LEF] Parsed 60000 number of lines!!
[LEF] Parsed 60500 number of lines!!
[LEF] Parsed 61000 number of lines!!
[LEF] Parsed 61500 number of lines!!
[LEF] Parsed 62000 number of lines!!
[PROC] End LefParsing
[PROC] Begin DefParsing ...
WARNING (DEFPARS-7011): The NAMESCASESENSITIVE statement is obsolete in version 5.6 and later.
The DEF parser will ignore this statement. See file /openLANE_flow/designs/sb_3__1_/runs/01-09_12-26//results/floorplan/sb_3__1_.floorplan.def at line 2.

[PROC] End DefParsing
[INFO] DefUnit = 1000
[INFO] LefMetal1Name = li1
[INFO] DefSiteName = unithd
[INFO] ScaleDownUnit = 302.222229
[INFO] OffsetCoordi = (2640.000000, 0.000000)
[INFO] RowSize = (1.522059, 9.000000)
[INFO] NumRows = 193
[INFO] MacroCount = 0
[INFO] NumModules = 81
[INFO] NumTerminals = 4069
[INFO] Inserted Dummy Terms = 0
[PROC] Begin Generate Un-fragmented Rows ...
[INFO] CoreAreaLxLy = (27.000000, 36.000000)
[INFO] CoreAreaUxUy = (1763.669067, 1773.000000)
[INFO] RowSize = (1.522059, 9.000000)
[INFO] NumRows = 193
[PROC] End Generate Un-fragmented Rows
[PROC] Begin DEF Net Parsing ...
[INFO] NumNets = 185
[INFO] NumPins = 387
[PROC] End DEF Net Parsing
[PROC] LEF/DEF Parsing Success!
[INFO] AspectRatio = 1.000190
[INFO] RowMinXY = (27.000000, 36.000000)
[INFO] RowMaxXY = (1763.669189, 1773.000000)
[INFO] NumPlaceStdCells = 81
[INFO] NumPlaceMacros = 0
[INFO] RowSize = (1.522059, 9.000000)
[INFO] NumRows = 193
[INFO] GlobalAreaLxLy = (9.496324, 6.617647)
[INFO] GlobalAreaUxUy = (1781.172729, 1802.696655)
[INFO] PlaceAreaLxLy = (27.000000, 36.000000)
[INFO] PlaceAreaUxUy = (1763.669189, 1773.000000)
[INFO] TotalPlaceArea = 3016594.500000
[INFO] TotalFixedArea = 65247.558594
[INFO] TotalWhiteSpaceArea = 2951347.000000
[INFO] TotalPlaceMacrosArea = 0.000000
[INFO] TotalPlaceStdCellsArea = 27164.177734
[INFO] Util(%) = 0.900492
[INFO] 80pCellArea = 339.419067
[INFO] FillerInit: TotalFillerArea = 2629048.000000
[INFO] FillerInit: NumFillerCells = 7746
[INFO] FillerInit: FillerCellArea = 339.419189
[INFO] FillerInit: FillerCellSize = (37.713242, 9.000000)
[INFO] FillerInit: NumCells = 7827
[INFO] FillerInit: NumModules = 81
[INFO] FillerInit: NumFillers = 7746
INFO:  D_MSH = 1024 
INFO:  MSH(X, Y) = (32, 32)
[INFO] TierInit: TierUtil = 0.009005
[INFO] TierInit: NumModules = 81
[INFO] TierInit: PlaceArea = 3016594.500000
[INFO] TierInit: CoreSpacingArea = 0.000000
[INFO] TierInit: TerminalArea = 65247.558594
[INFO] TierInit: ModuleArea = 27164.177734
[INFO] TierInit: FillerArea = 2629048.000000
[INFO] TierInit: NumFillers = 7746
[INFO] TierInit: FillerMinIdx = 81
[INFO] TierInit: FillerMaxIdx = 7827
INFO:  dim_bin_cGP2D.(x,y) = (64, 64)
cell Init 2D:
tier->bin_stp: (27.1355 27.1406)
tier->half_bin_stp: (13.5677 13.5703)
PROC:  Start NESTEROV's Optimization
PROC:    Global Lagrangian Multiplier is Applied

ITER: 0
    HPWL=73240.281250
    OVFL=0.911711
    HPWL=(37008.792969, 36231.492188)
    POTN=2.217169E+06
    PHIC=1.365480E-09
    GRAD=2.536336E-02
    NuBT=0
    CPU =0.000000

ITER: 1
    HPWL=73239.750000
    OVFL=0.911711
    HPWL=(37008.519531, 36231.230469)
    POTN=2.217151E+06
    PHIC=1.433754E-09
    GRAD=3.549403E-02
    NuBT=1
    CPU =0.002430

ITER: 2
    HPWL=73237.289062
    OVFL=0.911711
    HPWL=(37007.234375, 36230.054688)
    POTN=2.217039E+06
    PHIC=1.505442E-09
    GRAD=3.549295E-02
    NuBT=1
    CPU =0.001263

ITER: 3
    HPWL=34916.449219
    OVFL=0.730168
    HPWL=(18742.455078, 16173.993164)
    POTN=1.697391E+06
    PHIC=1.580714E-09
    GRAD=1.026197E-02
    NuBT=2
    CPU =0.002297

ITER: 4
    HPWL=30621.535156
    OVFL=0.714697
    HPWL=(16456.119141, 14165.416992)
    POTN=1.666724E+06
    PHIC=1.659749E-09
    GRAD=6.728910E-03
    NuBT=2
    CPU =0.002278

ITER: 5
    HPWL=30377.378906
    OVFL=0.665545
    HPWL=(16344.416992, 14032.962891)
    POTN=1.608079E+06
    PHIC=1.742737E-09
    GRAD=4.933707E-03
    NuBT=3
    CPU =0.003344

ITER: 6
    HPWL=29910.414062
    OVFL=0.634637
    HPWL=(16091.582031, 13818.831055)
    POTN=1.528448E+06
    PHIC=1.829873E-09
    GRAD=4.015225E-03
    NuBT=2
    CPU =0.002334

ITER: 7
    HPWL=29890.822266
    OVFL=0.599947
    HPWL=(16069.919922, 13820.902344)
    POTN=1.445419E+06
    PHIC=1.921367E-09
    GRAD=4.642058E-03
    NuBT=1
    CPU =0.001217

ITER: 8
    HPWL=29821.503906
    OVFL=0.595428
    HPWL=(16009.596680, 13811.908203)
    POTN=1.378610E+06
    PHIC=2.017435E-09
    GRAD=5.444049E-03
    NuBT=2
    CPU =0.002271

ITER: 9
    HPWL=29790.187500
    OVFL=0.570870
    HPWL=(15956.812500, 13833.375000)
    POTN=1.327333E+06
    PHIC=2.118307E-09
    GRAD=5.689874E-03
    NuBT=2
    CPU =0.002279

ITER: 10
    HPWL=29708.974609
    OVFL=0.532352
    HPWL=(15890.574219, 13818.400391)
    POTN=1.285528E+06
    PHIC=2.224222E-09
    GRAD=6.316022E-03
    NuBT=2
    CPU =0.002270

ITER: 11
    HPWL=29624.820312
    OVFL=0.542957
    HPWL=(15817.694336, 13807.125000)
    POTN=1.250346E+06
    PHIC=2.335433E-09
    GRAD=7.571915E-03
    NuBT=2
    CPU =0.002347

ITER: 12
    HPWL=29590.730469
    OVFL=0.533485
    HPWL=(15745.898438, 13844.831055)
    POTN=1.228796E+06
    PHIC=2.452205E-09
    GRAD=7.526761E-03
    NuBT=2
    CPU =0.002267

ITER: 13
    HPWL=29536.347656
    OVFL=0.480912
    HPWL=(15689.443359, 13846.905273)
    POTN=1.205414E+06
    PHIC=2.574815E-09
    GRAD=7.928426E-03
    NuBT=2
    CPU =0.002278

ITER: 14
    HPWL=29422.507812
    OVFL=0.529576
    HPWL=(15610.070312, 13812.436523)
    POTN=1.195006E+06
    PHIC=2.703555E-09
    GRAD=9.831025E-03
    NuBT=2
    CPU =0.002266

ITER: 15
    HPWL=29462.363281
    OVFL=0.488564
    HPWL=(15578.088867, 13884.273438)
    POTN=1.175399E+06
    PHIC=2.838717E-09
    GRAD=8.603915E-03
    NuBT=1
    CPU =0.001201

ITER: 16
    HPWL=29409.730469
    OVFL=0.469312
    HPWL=(15536.299805, 13873.430664)
    POTN=1.165515E+06
    PHIC=2.980653E-09
    GRAD=1.033421E-02
    NuBT=2
    CPU =0.002346

ITER: 17
    HPWL=29363.998047
    OVFL=0.488007
    HPWL=(15487.878906, 13876.119141)
    POTN=1.156774E+06
    PHIC=3.129685E-09
    GRAD=1.143114E-02
    NuBT=2
    CPU =0.002268

ITER: 18
    HPWL=29422.632812
    OVFL=0.466829
    HPWL=(15488.445312, 13934.186523)
    POTN=1.148881E+06
    PHIC=3.286142E-09
    GRAD=1.138873E-02
    NuBT=2
    CPU =0.002265

ITER: 19
    HPWL=29297.476562
    OVFL=0.434761
    HPWL=(15412.543945, 13884.932617)
    POTN=1.148635E+06
    PHIC=3.450449E-09
    GRAD=1.181089E-02
    NuBT=2
    CPU =0.002265

ITER: 20
    HPWL=29171.312500
    OVFL=0.452573
    HPWL=(15339.607422, 13831.706055)
    POTN=1.150408E+06
    PHIC=3.622971E-09
    GRAD=1.294944E-02
    NuBT=2
    CPU =0.002330

ITER: 21
    HPWL=29173.753906
    OVFL=0.446271
    HPWL=(15316.739258, 13857.013672)
    POTN=1.149169E+06
    PHIC=3.804118E-09
    GRAD=1.262233E-02
    NuBT=2
    CPU =0.002286

ITER: 22
    HPWL=29123.306641
    OVFL=0.436368
    HPWL=(15274.946289, 13848.360352)
    POTN=1.155994E+06
    PHIC=3.994324E-09
    GRAD=1.275919E-02
    NuBT=2
    CPU =0.002274

ITER: 23
    HPWL=29103.570312
    OVFL=0.393351
    HPWL=(15244.563477, 13859.007812)
    POTN=1.158125E+06
    PHIC=4.194040E-09
    GRAD=1.331777E-02
    NuBT=1
    CPU =0.001202

ITER: 24
    HPWL=28953.441406
    OVFL=0.442935
    HPWL=(15160.902344, 13792.540039)
    POTN=1.169138E+06
    PHIC=4.403741E-09
    GRAD=1.504110E-02
    NuBT=2
    CPU =0.002281

ITER: 25
    HPWL=28969.179688
    OVFL=0.405868
    HPWL=(15136.816406, 13832.363281)
    POTN=1.172747E+06
    PHIC=4.623918E-09
    GRAD=1.280210E-02
    NuBT=1
    CPU =0.001225

ITER: 26
    HPWL=28898.281250
    OVFL=0.375037
    HPWL=(15091.184570, 13807.096680)
    POTN=1.185685E+06
    PHIC=4.855113E-09
    GRAD=1.429028E-02
    NuBT=1
    CPU =0.001242

ITER: 27
    HPWL=28804.025391
    OVFL=0.400290
    HPWL=(15034.658203, 13769.367188)
    POTN=1.192972E+06
    PHIC=5.097869E-09
    GRAD=1.593147E-02
    NuBT=2
    CPU =0.002273

ITER: 28
    HPWL=28813.242188
    OVFL=0.396157
    HPWL=(15019.125977, 13794.116211)
    POTN=1.198882E+06
    PHIC=5.352755E-09
    GRAD=1.445571E-02
    NuBT=1
    CPU =0.001211

ITER: 29
    HPWL=28843.818359
    OVFL=0.385725
    HPWL=(15025.286133, 13818.532227)
    POTN=1.208696E+06
    PHIC=5.620368E-09
    GRAD=1.487838E-02
    NuBT=1
    CPU =0.001200

ITER: 30
    HPWL=28816.183594
    OVFL=0.334701
    HPWL=(15007.975586, 13808.207031)
    POTN=1.211311E+06
    PHIC=5.901386E-09
    GRAD=1.537900E-02
    NuBT=2
    CPU =0.002272

ITER: 31
    HPWL=28724.554688
    OVFL=0.376028
    HPWL=(14960.183594, 13764.372070)
    POTN=1.219648E+06
    PHIC=6.196455E-09
    GRAD=1.893257E-02
    NuBT=2
    CPU =0.002316

ITER: 32
    HPWL=28673.222656
    OVFL=0.362647
    HPWL=(14902.500977, 13770.722656)
    POTN=1.222012E+06
    PHIC=6.506278E-09
    GRAD=1.599680E-02
    NuBT=1
    CPU =0.001236

ITER: 33
    HPWL=28682.591797
    OVFL=0.349672
    HPWL=(14905.733398, 13776.858398)
    POTN=1.225066E+06
    PHIC=6.831582E-09
    GRAD=1.687096E-02
    NuBT=2
    CPU =0.002267

ITER: 34
    HPWL=28677.375000
    OVFL=0.312474
    HPWL=(14900.288086, 13777.087891)
    POTN=1.229225E+06
    PHIC=7.173161E-09
    GRAD=1.777809E-02
    NuBT=2
    CPU =0.002269

ITER: 35
    HPWL=28615.427734
    OVFL=0.355732
    HPWL=(14863.060547, 13752.367188)
    POTN=1.234840E+06
    PHIC=7.531819E-09
    GRAD=2.076726E-02
    NuBT=2
    CPU =0.002269

ITER: 36
    HPWL=28555.976562
    OVFL=0.343831
    HPWL=(14809.131836, 13746.844727)
    POTN=1.235858E+06
    PHIC=7.908409E-09
    GRAD=1.733304E-02
    NuBT=1
    CPU =0.001210

ITER: 37
    HPWL=28586.501953
    OVFL=0.339941
    HPWL=(14827.179688, 13759.322266)
    POTN=1.240292E+06
    PHIC=8.303793E-09
    GRAD=1.821317E-02
    NuBT=1
    CPU =0.001258

ITER: 38
    HPWL=28589.259766
    OVFL=0.299966
    HPWL=(14823.863281, 13765.396484)
    POTN=1.244941E+06
    PHIC=8.718979E-09
    GRAD=1.854332E-02
    NuBT=2
    CPU =0.002283

ITER: 39
    HPWL=28538.035156
    OVFL=0.312101
    HPWL=(14797.470703, 13740.565430)
    POTN=1.248874E+06
    PHIC=9.154927E-09
    GRAD=2.188654E-02
    NuBT=2
    CPU =0.002279

ITER: 40
    HPWL=28476.156250
    OVFL=0.321177
    HPWL=(14749.513672, 13726.641602)
    POTN=1.250763E+06
    PHIC=9.612673E-09
    GRAD=2.088263E-02
    NuBT=1
    CPU =0.001196

ITER: 41
    HPWL=28495.644531
    OVFL=0.318749
    HPWL=(14759.358398, 13736.285156)
    POTN=1.253012E+06
    PHIC=1.009328E-08
    GRAD=2.025721E-02
    NuBT=2
    CPU =0.002267

ITER: 42
    HPWL=28500.068359
    OVFL=0.323040
    HPWL=(14758.556641, 13741.511719)
    POTN=1.256925E+06
    PHIC=1.059794E-08
    GRAD=2.050745E-02
    NuBT=2
    CPU =0.002340

ITER: 43
    HPWL=28504.703125
    OVFL=0.306060
    HPWL=(14760.548828, 13744.154297)
    POTN=1.257130E+06
    PHIC=1.112783E-08
    GRAD=2.016185E-02
    NuBT=2
    CPU =0.002282

ITER: 44
    HPWL=28474.566406
    OVFL=0.294049
    HPWL=(14749.708984, 13724.858398)
    POTN=1.257446E+06
    PHIC=1.168422E-08
    GRAD=2.145381E-02
    NuBT=2
    CPU =0.002265

ITER: 45
    HPWL=28455.566406
    OVFL=0.310416
    HPWL=(14734.791016, 13720.775391)
    POTN=1.258047E+06
    PHIC=1.226843E-08
    GRAD=2.259268E-02
    NuBT=1
    CPU =0.001202

ITER: 46
    HPWL=28433.011719
    OVFL=0.307345
    HPWL=(14716.682617, 13716.328125)
    POTN=1.257668E+06
    PHIC=1.288185E-08
    GRAD=2.113741E-02
    NuBT=2
    CPU =0.002269

ITER: 47
    HPWL=28431.574219
    OVFL=0.312766
    HPWL=(14718.869141, 13712.704102)
    POTN=1.256798E+06
    PHIC=1.352594E-08
    GRAD=2.133777E-02
    NuBT=1
    CPU =0.001260

ITER: 48
    HPWL=28434.656250
    OVFL=0.322456
    HPWL=(14719.907227, 13714.750000)
    POTN=1.255433E+06
    PHIC=1.420223E-08
    GRAD=2.086335E-02
    NuBT=1
    CPU =0.001222

ITER: 49
    HPWL=28441.476562
    OVFL=0.303572
    HPWL=(14723.250977, 13718.224609)
    POTN=1.251393E+06
    PHIC=1.491233E-08
    GRAD=1.999048E-02
    NuBT=1
    CPU =0.001199

ITER: 50
    HPWL=28451.441406
    OVFL=0.284508
    HPWL=(14729.404297, 13722.036133)
    POTN=1.248496E+06
    PHIC=1.565792E-08
    GRAD=2.165877E-02
    NuBT=1
    CPU =0.001203

ITER: 51
    HPWL=28417.572266
    OVFL=0.303926
    HPWL=(14708.699219, 13708.873047)
    POTN=1.246123E+06
    PHIC=1.644081E-08
    GRAD=2.339984E-02
    NuBT=2
    CPU =0.002267

ITER: 52
    HPWL=28390.031250
    OVFL=0.299612
    HPWL=(14683.925781, 13706.104492)
    POTN=1.241824E+06
    PHIC=1.726285E-08
    GRAD=2.168937E-02
    NuBT=1
    CPU =0.001210

ITER: 53
    HPWL=28410.710938
    OVFL=0.297607
    HPWL=(14697.282227, 13713.427734)
    POTN=1.237017E+06
    PHIC=1.812594E-08
    GRAD=2.218896E-02
    NuBT=1
    CPU =0.001196

ITER: 54
    HPWL=28414.990234
    OVFL=0.314177
    HPWL=(14698.131836, 13716.858398)
    POTN=1.234759E+06
    PHIC=1.903223E-08
    GRAD=2.245507E-02
    NuBT=1
    CPU =0.001233

ITER: 55
    HPWL=28416.062500
    OVFL=0.317036
    HPWL=(14697.926758, 13718.134766)
    POTN=1.231326E+06
    PHIC=1.998384E-08
    GRAD=2.095357E-02
    NuBT=1
    CPU =0.001240

ITER: 56
    HPWL=28412.824219
    OVFL=0.315980
    HPWL=(14700.216797, 13712.607422)
    POTN=1.227564E+06
    PHIC=2.098303E-08
    GRAD=2.055694E-02
    NuBT=1
    CPU =0.001210

ITER: 57
    HPWL=28418.250000
    OVFL=0.323406
    HPWL=(14704.557617, 13713.691406)
    POTN=1.225219E+06
    PHIC=2.203216E-08
    GRAD=2.055220E-02
    NuBT=1
    CPU =0.001200

ITER: 58
    HPWL=28429.123047
    OVFL=0.331811
    HPWL=(14706.780273, 13722.342773)
    POTN=1.222346E+06
    PHIC=2.313373E-08
    GRAD=1.988439E-02
    NuBT=1
    CPU =0.001199

ITER: 59
    HPWL=28451.248047
    OVFL=0.316004
    HPWL=(14714.111328, 13737.136719)
    POTN=1.217504E+06
    PHIC=2.429034E-08
    GRAD=1.920568E-02
    NuBT=1
    CPU =0.001200

ITER: 60
    HPWL=28482.132812
    OVFL=0.310699
    HPWL=(14726.334961, 13755.796875)
    POTN=1.215713E+06
    PHIC=2.550475E-08
    GRAD=2.071631E-02
    NuBT=1
    CPU =0.001198

ITER: 61
    HPWL=28458.121094
    OVFL=0.331428
    HPWL=(14708.092773, 13750.027344)
    POTN=1.213316E+06
    PHIC=2.677998E-08
    GRAD=2.113952E-02
    NuBT=2
    CPU =0.002278

ITER: 62
    HPWL=28445.632812
    OVFL=0.334312
    HPWL=(14693.872070, 13751.759766)
    POTN=1.211141E+06
    PHIC=2.811898E-08
    GRAD=1.943433E-02
    NuBT=1
    CPU =0.001257

ITER: 63
    HPWL=28433.183594
    OVFL=0.344575
    HPWL=(14691.398438, 13741.784180)
    POTN=1.211841E+06
    PHIC=2.952493E-08
    GRAD=1.898387E-02
    NuBT=1
    CPU =0.001215

ITER: 64
    HPWL=28428.652344
    OVFL=0.356878
    HPWL=(14693.471680, 13735.179688)
    POTN=1.212523E+06
    PHIC=3.100117E-08
    GRAD=1.794977E-02
    NuBT=1
    CPU =0.001202

ITER: 65
    HPWL=28466.767578
    OVFL=0.367803
    HPWL=(14713.054688, 13753.712891)
    POTN=1.212394E+06
    PHIC=3.255106E-08
    GRAD=1.697754E-02
    NuBT=1
    CPU =0.001211

ITER: 66
    HPWL=28548.068359
    OVFL=0.382265
    HPWL=(14750.283203, 13797.785156)
    POTN=1.215611E+06
    PHIC=3.417822E-08
    GRAD=1.633210E-02
    NuBT=1
    CPU =0.001202

ITER: 67
    HPWL=28600.378906
    OVFL=0.396721
    HPWL=(14776.123047, 13824.254883)
    POTN=1.214796E+06
    PHIC=3.588686E-08
    GRAD=1.530074E-02
    NuBT=2
    CPU =0.002272

ITER: 68
    HPWL=28636.937500
    OVFL=0.410963
    HPWL=(14796.462891, 13840.473633)
    POTN=1.217108E+06
    PHIC=3.768101E-08
    GRAD=1.419738E-02
    NuBT=1
    CPU =0.001202

ITER: 69
    HPWL=28693.667969
    OVFL=0.432140
    HPWL=(14828.447266, 13865.221680)
    POTN=1.218488E+06
    PHIC=3.956475E-08
    GRAD=1.323122E-02
    NuBT=1
    CPU =0.001248

ITER: 70
    HPWL=28778.144531
    OVFL=0.440397
    HPWL=(14874.281250, 13903.864258)
    POTN=1.218044E+06
    PHIC=4.154249E-08
    GRAD=1.202883E-02
    NuBT=1
    CPU =0.001237

ITER: 71
    HPWL=28878.160156
    OVFL=0.460330
    HPWL=(14937.265625, 13940.893555)
    POTN=1.219638E+06
    PHIC=4.361899E-08
    GRAD=1.159784E-02
    NuBT=1
    CPU =0.001255

ITER: 72
    HPWL=28985.253906
    OVFL=0.464505
    HPWL=(15000.854492, 13984.399414)
    POTN=1.216040E+06
    PHIC=4.579925E-08
    GRAD=1.073010E-02
    NuBT=1
    CPU =0.001206

ITER: 73
    HPWL=29055.093750
    OVFL=0.485205
    HPWL=(15060.378906, 13994.714844)
    POTN=1.214787E+06
    PHIC=4.808874E-08
    GRAD=1.043522E-02
    NuBT=1
    CPU =0.001202

ITER: 74
    HPWL=29118.707031
    OVFL=0.469910
    HPWL=(15110.595703, 14008.110352)
    POTN=1.204881E+06
    PHIC=5.049272E-08
    GRAD=9.475316E-03
    NuBT=1
    CPU =0.001206

ITER: 75
    HPWL=29178.375000
    OVFL=0.468832
    HPWL=(15170.854492, 14007.520508)
    POTN=1.191735E+06
    PHIC=5.301691E-08
    GRAD=1.017103E-02
    NuBT=1
    CPU =0.001198

ITER: 76
    HPWL=29157.976562
    OVFL=0.471122
    HPWL=(15162.362305, 13995.614258)
    POTN=1.182329E+06
    PHIC=5.566775E-08
    GRAD=1.017460E-02
    NuBT=2
    CPU =0.002296

ITER: 77
    HPWL=29157.701172
    OVFL=0.448942
    HPWL=(15149.824219, 14007.876953)
    POTN=1.163848E+06
    PHIC=5.845114E-08
    GRAD=1.017693E-02
    NuBT=1
    CPU =0.001242

ITER: 78
    HPWL=29095.460938
    OVFL=0.459063
    HPWL=(15113.520508, 13981.940430)
    POTN=1.151626E+06
    PHIC=6.137369E-08
    GRAD=1.124161E-02
    NuBT=2
    CPU =0.002281

ITER: 79
    HPWL=29015.640625
    OVFL=0.417470
    HPWL=(15029.315430, 13986.326172)
    POTN=1.130920E+06
    PHIC=6.444237E-08
    GRAD=1.078149E-02
    NuBT=1
    CPU =0.001204

ITER: 80
    HPWL=28888.781250
    OVFL=0.431608
    HPWL=(14952.385742, 13936.394531)
    POTN=1.116615E+06
    PHIC=6.766449E-08
    GRAD=1.292119E-02
    NuBT=2
    CPU =0.002268

ITER: 81
    HPWL=28752.996094
    OVFL=0.394819
    HPWL=(14817.466797, 13935.529297)
    POTN=1.096418E+06
    PHIC=7.104771E-08
    GRAD=1.222170E-02
    NuBT=1
    CPU =0.001198

ITER: 82
    HPWL=28616.898438
    OVFL=0.398913
    HPWL=(14721.280273, 13895.617188)
    POTN=1.081184E+06
    PHIC=7.460009E-08
    GRAD=1.427859E-02
    NuBT=2
    CPU =0.002326

ITER: 83
    HPWL=28592.320312
    OVFL=0.380703
    HPWL=(14670.248047, 13922.072266)
    POTN=1.066233E+06
    PHIC=7.833009E-08
    GRAD=1.464363E-02
    NuBT=1
    CPU =0.001224

ITER: 84
    HPWL=28472.425781
    OVFL=0.393743
    HPWL=(14600.449219, 13871.976562)
    POTN=1.052175E+06
    PHIC=8.224659E-08
    GRAD=1.551279E-02
    NuBT=2
    CPU =0.002271

ITER: 85
    HPWL=28445.453125
    OVFL=0.415823
    HPWL=(14567.163086, 13878.290039)
    POTN=1.041639E+06
    PHIC=8.635891E-08
    GRAD=1.495944E-02
    NuBT=1
    CPU =0.001200

ITER: 86
    HPWL=28501.630859
    OVFL=0.397405
    HPWL=(14587.910156, 13913.720703)
    POTN=1.027721E+06
    PHIC=9.067613E-08
    GRAD=1.392186E-02
    NuBT=1
    CPU =0.001198

ITER: 87
    HPWL=28521.738281
    OVFL=0.409998
    HPWL=(14609.819336, 13911.919922)
    POTN=1.016754E+06
    PHIC=9.520966E-08
    GRAD=1.478429E-02
    NuBT=1
    CPU =0.001210

ITER: 88
    HPWL=28506.056641
    OVFL=0.383515
    HPWL=(14600.333008, 13905.723633)
    POTN=1.006362E+06
    PHIC=9.997014E-08
    GRAD=1.383526E-02
    NuBT=2
    CPU =0.002298

ITER: 89
    HPWL=28497.691406
    OVFL=0.394497
    HPWL=(14595.839844, 13901.851562)
    POTN=9.980404E+05
    PHIC=1.049686E-07
    GRAD=1.564608E-02
    NuBT=1
    CPU =0.001243

ITER: 90
    HPWL=28488.601562
    OVFL=0.389445
    HPWL=(14582.762695, 13905.837891)
    POTN=9.931973E+05
    PHIC=1.102171E-07
    GRAD=1.502246E-02
    NuBT=1
    CPU =0.001203

ITER: 91
    HPWL=28478.496094
    OVFL=0.371804
    HPWL=(14578.828125, 13899.667969)
    POTN=9.868745E+05
    PHIC=1.157279E-07
    GRAD=1.530338E-02
    NuBT=1
    CPU =0.001211

ITER: 92
    HPWL=28451.542969
    OVFL=0.381558
    HPWL=(14560.087891, 13891.456055)
    POTN=9.858167E+05
    PHIC=1.215143E-07
    GRAD=1.658395E-02
    NuBT=1
    CPU =0.001200

ITER: 93
    HPWL=28425.046875
    OVFL=0.377755
    HPWL=(14533.569336, 13891.478516)
    POTN=9.786747E+05
    PHIC=1.275900E-07
    GRAD=1.603019E-02
    NuBT=1
    CPU =0.001202

ITER: 94
    HPWL=28407.726562
    OVFL=0.390095
    HPWL=(14522.034180, 13885.691406)
    POTN=9.778734E+05
    PHIC=1.339695E-07
    GRAD=1.625619E-02
    NuBT=1
    CPU =0.001202

ITER: 95
    HPWL=28382.347656
    OVFL=0.409484
    HPWL=(14510.007812, 13872.339844)
    POTN=9.702384E+05
    PHIC=1.406680E-07
    GRAD=1.522438E-02
    NuBT=1
    CPU =0.001203

ITER: 96
    HPWL=28366.267578
    OVFL=0.411941
    HPWL=(14507.309570, 13858.958008)
    POTN=9.657043E+05
    PHIC=1.477014E-07
    GRAD=1.371011E-02
    NuBT=1
    CPU =0.001211

ITER: 97
    HPWL=28399.234375
    OVFL=0.417838
    HPWL=(14531.169922, 13868.064453)
    POTN=9.573406E+05
    PHIC=1.550857E-07
    GRAD=1.334179E-02
    NuBT=1
    CPU =0.001258

ITER: 98
    HPWL=28495.029297
    OVFL=0.406600
    HPWL=(14582.080078, 13912.949219)
    POTN=9.520452E+05
    PHIC=1.628378E-07
    GRAD=1.326244E-02
    NuBT=2
    CPU =0.002287

ITER: 99
    HPWL=28505.300781
    OVFL=0.413234
    HPWL=(14596.791992, 13908.509766)
    POTN=9.447929E+05
    PHIC=1.709794E-07
    GRAD=1.387553E-02
    NuBT=2
    CPU =0.002288

ITER: 100
    HPWL=28515.275391
    OVFL=0.408017
    HPWL=(14602.425781, 13912.849609)
    POTN=9.415215E+05
    PHIC=1.795282E-07
    GRAD=1.349755E-02
    NuBT=2
    CPU =0.002286

ITER: 101
    HPWL=28546.257812
    OVFL=0.392850
    HPWL=(14615.589844, 13930.668945)
    POTN=9.347554E+05
    PHIC=1.885037E-07
    GRAD=1.405212E-02
    NuBT=1
    CPU =0.001202

ITER: 102
    HPWL=28498.726562
    OVFL=0.377542
    HPWL=(14591.843750, 13906.882812)
    POTN=9.317602E+05
    PHIC=1.979289E-07
    GRAD=1.488029E-02
    NuBT=2
    CPU =0.002346

ITER: 103
    HPWL=28485.558594
    OVFL=0.364373
    HPWL=(14574.344727, 13911.214844)
    POTN=9.253544E+05
    PHIC=2.078254E-07
    GRAD=1.621802E-02
    NuBT=1
    CPU =0.001206

ITER: 104
    HPWL=28415.554688
    OVFL=0.366238
    HPWL=(14529.152344, 13886.401367)
    POTN=9.221080E+05
    PHIC=2.182166E-07
    GRAD=1.709537E-02
    NuBT=2
    CPU =0.002255

ITER: 105
    HPWL=28370.765625
    OVFL=0.399103
    HPWL=(14493.906250, 13876.860352)
    POTN=9.172598E+05
    PHIC=2.291275E-07
    GRAD=1.706718E-02
    NuBT=2
    CPU =0.002257

ITER: 106
    HPWL=28339.281250
    OVFL=0.392087
    HPWL=(14467.209961, 13872.070312)
    POTN=9.138341E+05
    PHIC=2.405838E-07
    GRAD=1.497421E-02
    NuBT=2
    CPU =0.002261

ITER: 107
    HPWL=28275.359375
    OVFL=0.412980
    HPWL=(14439.131836, 13836.228516)
    POTN=9.091955E+05
    PHIC=2.526130E-07
    GRAD=1.469283E-02
    NuBT=1
    CPU =0.001254

ITER: 108
    HPWL=28309.843750
    OVFL=0.386990
    HPWL=(14451.885742, 13857.958984)
    POTN=9.055214E+05
    PHIC=2.652423E-07
    GRAD=1.341556E-02
    NuBT=1
    CPU =0.001223

ITER: 109
    HPWL=28341.306641
    OVFL=0.401540
    HPWL=(14462.614258, 13878.692383)
    POTN=9.015329E+05
    PHIC=2.785032E-07
    GRAD=1.521068E-02
    NuBT=2
    CPU =0.002268

ITER: 110
    HPWL=28305.960938
    OVFL=0.380204
    HPWL=(14438.246094, 13867.713867)
    POTN=8.994373E+05
    PHIC=2.924283E-07
    GRAD=1.409588E-02
    NuBT=2
    CPU =0.002271

ITER: 111
    HPWL=28307.398438
    OVFL=0.374717
    HPWL=(14432.778320, 13874.619141)
    POTN=8.955447E+05
    PHIC=3.070496E-07
    GRAD=1.572925E-02
    NuBT=1
    CPU =0.001212

ITER: 112
    HPWL=28265.373047
    OVFL=0.364150
    HPWL=(14402.893555, 13862.479492)
    POTN=8.943674E+05
    PHIC=3.224021E-07
    GRAD=1.610634E-02
    NuBT=2
    CPU =0.002273

ITER: 113
    HPWL=28233.306641
    OVFL=0.350969
    HPWL=(14377.518555, 13855.788086)
    POTN=8.900248E+05
    PHIC=3.385222E-07
    GRAD=1.694901E-02
    NuBT=2
    CPU =0.002352

ITER: 114
    HPWL=28185.214844
    OVFL=0.342255
    HPWL=(14344.563477, 13840.652344)
    POTN=8.873004E+05
    PHIC=3.554483E-07
    GRAD=1.796353E-02
    NuBT=2
    CPU =0.002271

ITER: 115
    HPWL=28133.207031
    OVFL=0.332990
    HPWL=(14308.828125, 13824.378906)
    POTN=8.832309E+05
    PHIC=3.732207E-07
    GRAD=1.867687E-02
    NuBT=2
    CPU =0.002282

ITER: 116
    HPWL=28064.919922
    OVFL=0.311331
    HPWL=(14265.810547, 13799.109375)
    POTN=8.792149E+05
    PHIC=3.918817E-07
    GRAD=1.935379E-02
    NuBT=2
    CPU =0.002271

ITER: 117
    HPWL=27994.941406
    OVFL=0.310156
    HPWL=(14229.248047, 13765.693359)
    POTN=8.762158E+05
    PHIC=4.114758E-07
    GRAD=2.104312E-02
    NuBT=2
    CPU =0.002343

ITER: 118
    HPWL=27971.001953
    OVFL=0.287958
    HPWL=(14218.503906, 13752.498047)
    POTN=8.725192E+05
    PHIC=4.320495E-07
    GRAD=2.133084E-02
    NuBT=2
    CPU =0.002283

ITER: 119
    HPWL=27916.027344
    OVFL=0.269943
    HPWL=(14195.386719, 13720.639648)
    POTN=8.692164E+05
    PHIC=4.536520E-07
    GRAD=2.317697E-02
    NuBT=2
    CPU =0.002274

ITER: 120
    HPWL=27882.699219
    OVFL=0.265082
    HPWL=(14183.057617, 13699.641602)
    POTN=8.664208E+05
    PHIC=4.763345E-07
    GRAD=2.498547E-02
    NuBT=2
    CPU =0.002272

ITER: 121
    HPWL=27860.519531
    OVFL=0.242604
    HPWL=(14178.419922, 13682.098633)
    POTN=8.614928E+05
    PHIC=5.001513E-07
    GRAD=2.558756E-02
    NuBT=2
    CPU =0.002320

ITER: 122
    HPWL=27818.753906
    OVFL=0.224787
    HPWL=(14165.741211, 13653.013672)
    POTN=8.580152E+05
    PHIC=5.251588E-07
    GRAD=2.771297E-02
    NuBT=2
    CPU =0.002310

ITER: 123
    HPWL=27793.011719
    OVFL=0.214371
    HPWL=(14157.144531, 13635.867188)
    POTN=8.532612E+05
    PHIC=5.514167E-07
    GRAD=2.962648E-02
    NuBT=2
    CPU =0.002277

ITER: 124
    HPWL=27769.906250
    OVFL=0.194850
    HPWL=(14150.147461, 13619.757812)
    POTN=8.488185E+05
    PHIC=5.789875E-07
    GRAD=3.075936E-02
    NuBT=2
    CPU =0.002272

ITER: 125
    HPWL=27736.017578
    OVFL=0.178297
    HPWL=(14137.442383, 13598.575195)
    POTN=8.430340E+05
    PHIC=6.079368E-07
    GRAD=3.262137E-02
    NuBT=2
    CPU =0.002274

ITER: 126
    HPWL=27723.011719
    OVFL=0.172608
    HPWL=(14133.230469, 13589.781250)
    POTN=8.393194E+05
    PHIC=6.383336E-07
    GRAD=3.426135E-02
    NuBT=2
    CPU =0.002344

ITER: 127
    HPWL=27722.382812
    OVFL=0.159976
    HPWL=(14132.620117, 13589.762695)
    POTN=8.335064E+05
    PHIC=6.702503E-07
    GRAD=3.490635E-02
    NuBT=2
    CPU =0.002279

ITER: 128
    HPWL=27713.623047
    OVFL=0.142307
    HPWL=(14129.187500, 13584.435547)
    POTN=8.287676E+05
    PHIC=7.037628E-07
    GRAD=3.602116E-02
    NuBT=2
    CPU =0.002285

ITER: 129
    HPWL=27700.671875
    OVFL=0.141818
    HPWL=(14123.613281, 13577.059570)
    POTN=8.231891E+05
    PHIC=7.389509E-07
    GRAD=3.743666E-02
    NuBT=2
    CPU =0.002274

ITER: 130
    HPWL=27712.257812
    OVFL=0.133006
    HPWL=(14133.575195, 13578.682617)
    POTN=8.179744E+05
    PHIC=7.758972E-07
    GRAD=3.765427E-02
    NuBT=2
    CPU =0.002341

ITER: 131
    HPWL=27714.507812
    OVFL=0.119682
    HPWL=(14138.475586, 13576.032227)
    POTN=8.111545E+05
    PHIC=8.146918E-07
    GRAD=3.833136E-02
    NuBT=2
    CPU =0.002279

ITER: 132
    HPWL=27710.609375
    OVFL=0.120350
    HPWL=(14140.348633, 13570.259766)
    POTN=8.055712E+05
    PHIC=8.554263E-07
    GRAD=3.919149E-02
    NuBT=2
    CPU =0.002283

ITER: 133
    HPWL=27717.558594
    OVFL=0.115044
    HPWL=(14147.167969, 13570.390625)
    POTN=7.986416E+05
    PHIC=8.981967E-07
    GRAD=3.929540E-02
    NuBT=2
    CPU =0.002275

ITER: 134
    HPWL=27716.234375
    OVFL=0.105968
    HPWL=(14148.966797, 13567.267578)
    POTN=7.922371E+05
    PHIC=9.431064E-07
    GRAD=3.964252E-02
    NuBT=2
    CPU =0.002313

ITER: 135
    HPWL=27709.566406
    OVFL=0.102142
    HPWL=(14148.167969, 13561.397461)
    POTN=7.848276E+05
    PHIC=9.902617E-07
    GRAD=4.011034E-02
    NuBT=2
    CPU =0.002318

ITER: 136
    HPWL=27707.328125
    OVFL=0.102421
    HPWL=(14149.204102, 13558.124023)
    POTN=7.785328E+05
    PHIC=1.039775E-06
    GRAD=4.035339E-02
    NuBT=2
    CPU =0.002265

ITER: 137
    HPWL=27706.289062
    OVFL=0.098297
    HPWL=(14150.689453, 13555.598633)
    POTN=7.711604E+05
    PHIC=1.091763E-06
    GRAD=4.039157E-02
    NuBT=2
    CPU =0.002274
[INFO] Nesterov: NumIters = 137
[INFO] Nesterov: ScaledHpwl = 27706.289062
[INFO] Nesterov: Overflow = 0.098297
[INFO] Nesterov: Potential = 771160.375000
[INFO] Nesterov: xInstScaledHpwl = 27637.416016
[INFO] Nesterov: yInstScaledHpwl = 27706.289062
[INFO] Nesterov: HPWL = 8352.641602
