
reading lef ...
add shortConstraint to layer mcon
add shortConstraint to layer via
add shortConstraint to layer via2
add shortConstraint to layer via3
add shortConstraint to layer via4

units:       1000
#layers:     11
#macros:     437
#vias:       25
#viarulegen: 25

reading def ...

design:      cby_0__1_
die area:    ( 0 0 ) ( 103775 114495 )
trackPts:    12
defvias:     4
#components: 1200
#terminals:  52
#snets:      2
#nets:       168

reading guide ...

#guides:     1228
List of default vias:
  Layer mcon
    default via: L1M1_PR_MR
  Layer via
    default via: M1M2_PR
  Layer via2
    default via: M2M3_PR_M
  Layer via3
    default via: M3M4_PR_M
  Layer via4
    default via: M4M5_PR_C

libcell analysis ...

instance analysis ...
#unique instances = 29

init region query ...
  complete li1
  complete mcon
  complete met1
  complete via
  complete met2
  complete via2
  complete met3
  complete via3
  complete met4
  complete via4
  complete met5

li1 shape region query size = 9922
mcon shape region query size = 14172
met1 shape region query size = 3765
via shape region query size = 840
met2 shape region query size = 450
via2 shape region query size = 840
met3 shape region query size = 440
via3 shape region query size = 840
met4 shape region query size = 294
via4 shape region query size = 72
met5 shape region query size = 86


start pin access
  complete 26 pins
  complete 29 unique inst patterns
  complete 284 groups
#scanned instances    = 1200
#unique  instances    = 29
#stdCellGenAp         = 246
#stdCellValidPlanarAp = 143
#stdCellValidViaAp    = 143
#stdCellPinNoAp       = 0
#macroGenAp           = 0
#macroValidPlanarAp   = 0
#macroValidViaAp      = 0
#macroNoAp            = 0

complete pin access
cpu time = 00:00:00, elapsed time = 00:00:00, memory = 12.48 (MB), peak = 12.61 (MB)

post process guides ...
GCELLGRID X 0 DO 16 STEP 6900 ;
GCELLGRID Y 0 DO 15 STEP 6900 ;
  complete li1
  complete mcon
  complete met1
  complete via
  complete met2
  complete via2
  complete met3
  complete via3
  complete met4
  complete via4
  complete met5

building cmap ... 

init guide query ...
  complete li1 (guide)
  complete mcon (guide)
  complete met1 (guide)
  complete via (guide)
  complete met2 (guide)
  complete via2 (guide)
  complete met3 (guide)
  complete via3 (guide)
  complete met4 (guide)
  complete via4 (guide)
  complete met5 (guide)

li1 guide region query size = 310
mcon guide region query size = 0
met1 guide region query size = 301
via guide region query size = 0
met2 guide region query size = 198
via2 guide region query size = 0
met3 guide region query size = 30
via3 guide region query size = 0
met4 guide region query size = 0
via4 guide region query size = 0
met5 guide region query size = 0

init gr pin query ...


start track assignment
Done with 0 vertical wires in 1 frboxes and 0 horizontal wires in 1 frboxes.
Done with 93 vertical wires in 1 frboxes and 86 horizontal wires in 1 frboxes.

complete track assignment
cpu time = 00:00:00, elapsed time = 00:00:00, memory = 15.70 (MB), peak = 15.80 (MB)

start routing data preparation
initVia2ViaMinLen_minSpc li1 (d2d, d2u, u2d, u2u) = (0, 0, 0, 370)
initVia2ViaMinLen_minSpc met1 (d2d, d2u, u2d, u2u) = (430, 445, 445, 460)
initVia2ViaMinLen_minSpc met2 (d2d, d2u, u2d, u2u) = (460, 485, 485, 630)
initVia2ViaMinLen_minSpc met3 (d2d, d2u, u2d, u2u) = (630, 655, 655, 680)
initVia2ViaMinLen_minSpc met4 (d2d, d2u, u2d, u2u) = (630, 1055, 1055, 3020)
initVia2ViaMinLen_minSpc met5 (d2d, d2u, u2d, u2u) = (1480, 0, 0, 0)
initVia2ViaMinLen_minimumcut li1 (d2d, d2u, u2d, u2u) = (0, 0, 0, 370)
initVia2ViaMinLen_minimumcut li1 zerolen (b, b, b, b) = (1, 1, 1, 1)
initVia2ViaMinLen_minimumcut met1 (d2d, d2u, u2d, u2u) = (430, 445, 445, 460)
initVia2ViaMinLen_minimumcut met1 zerolen (b, b, b, b) = (1, 1, 1, 1)
initVia2ViaMinLen_minimumcut met2 (d2d, d2u, u2d, u2u) = (460, 485, 485, 630)
initVia2ViaMinLen_minimumcut met2 zerolen (b, b, b, b) = (1, 1, 1, 1)
initVia2ViaMinLen_minimumcut met3 (d2d, d2u, u2d, u2u) = (630, 655, 655, 680)
initVia2ViaMinLen_minimumcut met3 zerolen (b, b, b, b) = (1, 1, 1, 1)
initVia2ViaMinLen_minimumcut met4 (d2d, d2u, u2d, u2u) = (630, 1055, 1055, 3020)
initVia2ViaMinLen_minimumcut met4 zerolen (b, b, b, b) = (1, 1, 1, 1)
initVia2ViaMinLen_minimumcut met5 (d2d, d2u, u2d, u2u) = (1480, 0, 0, 0)
initVia2ViaMinLen_minimumcut met5 zerolen (b, b, b, b) = (1, 1, 1, 1)
initVia2ViaMinLenNew_minSpc li1 (d2d-x, d2d-y, d2u-x, d2u-y, u2d-x, u2d-y, u2u-x, u2u-y) = (0, 0, 0, 0, 0, 0, 430, 370)
initVia2ViaMinLenNew_minSpc met1 (d2d-x, d2d-y, d2u-x, d2u-y, u2d-x, u2d-y, u2u-x, u2u-y) = (430, 370, 445, 385, 445, 385, 460, 460)
initVia2ViaMinLenNew_minSpc met2 (d2d-x, d2d-y, d2u-x, d2u-y, u2d-x, u2d-y, u2u-x, u2u-y) = (460, 460, 410, 485, 410, 485, 630, 630)
initVia2ViaMinLenNew_minSpc met3 (d2d-x, d2d-y, d2u-x, d2u-y, u2d-x, u2d-y, u2u-x, u2u-y) = (630, 630, 655, 625, 655, 625, 680, 630)
initVia2ViaMinLenNew_minSpc met4 (d2d-x, d2d-y, d2u-x, d2u-y, u2d-x, u2d-y, u2u-x, u2u-y) = (680, 630, 1055, 1055, 1055, 1055, 3020, 3020)
initVia2ViaMinLenNew_minSpc met5 (d2d-x, d2d-y, d2u-x, d2u-y, u2d-x, u2d-y, u2u-x, u2u-y) = (1480, 1480, 0, 0, 0, 0, 0, 0)
initVia2ViaMinLenNew_minimumcut li1 (d2d-x, d2d-y, d2u-x, d2u-y, u2d-x, u2d-y, u2u-x, u2u-y) = (0, 0, 0, 0, 0, 0, 430, 370)
initVia2ViaMinLenNew_minimumcut met1 (d2d-x, d2d-y, d2u-x, d2u-y, u2d-x, u2d-y, u2u-x, u2u-y) = (430, 370, 445, 385, 445, 385, 460, 460)
initVia2ViaMinLenNew_minimumcut met2 (d2d-x, d2d-y, d2u-x, d2u-y, u2d-x, u2d-y, u2u-x, u2u-y) = (460, 460, 410, 485, 410, 485, 630, 630)
initVia2ViaMinLenNew_minimumcut met3 (d2d-x, d2d-y, d2u-x, d2u-y, u2d-x, u2d-y, u2u-x, u2u-y) = (630, 630, 655, 625, 655, 625, 680, 630)
initVia2ViaMinLenNew_minimumcut met4 (d2d-x, d2d-y, d2u-x, d2u-y, u2d-x, u2d-y, u2u-x, u2u-y) = (680, 630, 1055, 1055, 1055, 1055, 3020, 3020)
initVia2ViaMinLenNew_minimumcut met5 (d2d-x, d2d-y, d2u-x, d2u-y, u2d-x, u2d-y, u2u-x, u2u-y) = (1480, 1480, 0, 0, 0, 0, 0, 0)
cpu time = 00:00:00, elapsed time = 00:00:00, memory = 15.80 (MB), peak = 15.83 (MB)

start detail routing ...
start initial detail routing ...
    completing 10% with 3 violations
    elapsed time = 00:00:00, memory = 20.25 (MB)
    completing 20% with 9 violations
    elapsed time = 00:00:00, memory = 25.21 (MB)
    completing 30% with 11 violations
    elapsed time = 00:00:00, memory = 22.63 (MB)
    completing 40% with 16 violations
    elapsed time = 00:00:00, memory = 23.14 (MB)
    completing 50% with 16 violations
    elapsed time = 00:00:00, memory = 24.97 (MB)
    completing 60% with 18 violations
    elapsed time = 00:00:00, memory = 25.17 (MB)
    completing 70% with 18 violations
    elapsed time = 00:00:00, memory = 25.17 (MB)
    completing 80% with 20 violations
    elapsed time = 00:00:00, memory = 25.17 (MB)
    completing 90% with 20 violations
    elapsed time = 00:00:00, memory = 25.17 (MB)
  number of violations = 20
cpu time = 00:00:00, elapsed time = 00:00:00, memory = 25.17 (MB), peak = 25.44 (MB)
total wire length = 4403 um
total wire length on LAYER li1 = 0 um
total wire length on LAYER met1 = 1751 um
total wire length on LAYER met2 = 2237 um
total wire length on LAYER met3 = 414 um
total wire length on LAYER met4 = 0 um
total wire length on LAYER met5 = 0 um
total number of vias = 960
up-via summary (total 960):

------------
  li1    421
 met1    504
 met2     35
 met3      0
 met4      0
------------
         960


start 1st optimization iteration ...
    completing 10% with 20 violations
    elapsed time = 00:00:00, memory = 25.17 (MB)
    completing 20% with 20 violations
    elapsed time = 00:00:00, memory = 25.19 (MB)
    completing 30% with 19 violations
    elapsed time = 00:00:00, memory = 25.19 (MB)
    completing 40% with 19 violations
    elapsed time = 00:00:00, memory = 25.19 (MB)
    completing 50% with 11 violations
    elapsed time = 00:00:00, memory = 27.25 (MB)
    completing 60% with 12 violations
    elapsed time = 00:00:00, memory = 23.82 (MB)
    completing 70% with 12 violations
    elapsed time = 00:00:00, memory = 23.91 (MB)
    completing 80% with 11 violations
    elapsed time = 00:00:00, memory = 23.91 (MB)
    completing 90% with 9 violations
    elapsed time = 00:00:00, memory = 23.91 (MB)
  number of violations = 9
cpu time = 00:00:00, elapsed time = 00:00:00, memory = 23.91 (MB), peak = 27.51 (MB)
total wire length = 4230 um
total wire length on LAYER li1 = 0 um
total wire length on LAYER met1 = 1698 um
total wire length on LAYER met2 = 2188 um
total wire length on LAYER met3 = 342 um
total wire length on LAYER met4 = 0 um
total wire length on LAYER met5 = 0 um
total number of vias = 954
up-via summary (total 954):

------------
  li1    423
 met1    507
 met2     24
 met3      0
 met4      0
------------
         954


start 2nd optimization iteration ...
    completing 10% with 9 violations
    elapsed time = 00:00:00, memory = 23.94 (MB)
    completing 20% with 3 violations
    elapsed time = 00:00:00, memory = 27.03 (MB)
    completing 30% with 2 violations
    elapsed time = 00:00:00, memory = 20.24 (MB)
    completing 40% with 2 violations
    elapsed time = 00:00:00, memory = 20.24 (MB)
    completing 50% with 2 violations
    elapsed time = 00:00:00, memory = 20.24 (MB)
    completing 60% with 0 violations
    elapsed time = 00:00:00, memory = 20.24 (MB)
    completing 70% with 0 violations
    elapsed time = 00:00:00, memory = 20.24 (MB)
    completing 80% with 0 violations
    elapsed time = 00:00:00, memory = 20.24 (MB)
    completing 90% with 0 violations
    elapsed time = 00:00:00, memory = 20.24 (MB)
  number of violations = 0
cpu time = 00:00:00, elapsed time = 00:00:00, memory = 20.24 (MB), peak = 27.51 (MB)
total wire length = 4231 um
total wire length on LAYER li1 = 0 um
total wire length on LAYER met1 = 1689 um
total wire length on LAYER met2 = 2188 um
total wire length on LAYER met3 = 352 um
total wire length on LAYER met4 = 0 um
total wire length on LAYER met5 = 0 um
total number of vias = 952
up-via summary (total 952):

------------
  li1    423
 met1    501
 met2     28
 met3      0
 met4      0
------------
         952


start 3rd optimization iteration ...
    completing 10% with 0 violations
    elapsed time = 00:00:00, memory = 20.24 (MB)
    completing 20% with 0 violations
    elapsed time = 00:00:00, memory = 20.24 (MB)
    completing 30% with 0 violations
    elapsed time = 00:00:00, memory = 20.24 (MB)
    completing 40% with 0 violations
    elapsed time = 00:00:00, memory = 20.24 (MB)
    completing 50% with 0 violations
    elapsed time = 00:00:00, memory = 20.24 (MB)
    completing 60% with 0 violations
    elapsed time = 00:00:00, memory = 20.24 (MB)
    completing 70% with 0 violations
    elapsed time = 00:00:00, memory = 20.24 (MB)
    completing 80% with 0 violations
    elapsed time = 00:00:00, memory = 20.24 (MB)
    completing 90% with 0 violations
    elapsed time = 00:00:00, memory = 20.24 (MB)
  number of violations = 0
cpu time = 00:00:00, elapsed time = 00:00:00, memory = 20.24 (MB), peak = 27.51 (MB)
total wire length = 4231 um
total wire length on LAYER li1 = 0 um
total wire length on LAYER met1 = 1689 um
total wire length on LAYER met2 = 2188 um
total wire length on LAYER met3 = 352 um
total wire length on LAYER met4 = 0 um
total wire length on LAYER met5 = 0 um
total number of vias = 952
up-via summary (total 952):

------------
  li1    423
 met1    501
 met2     28
 met3      0
 met4      0
------------
         952


start 4th optimization iteration ...
    completing 10% with 0 violations
    elapsed time = 00:00:00, memory = 20.24 (MB)
    completing 20% with 0 violations
    elapsed time = 00:00:00, memory = 20.24 (MB)
    completing 30% with 0 violations
    elapsed time = 00:00:00, memory = 20.24 (MB)
    completing 40% with 0 violations
    elapsed time = 00:00:00, memory = 20.24 (MB)
    completing 50% with 0 violations
    elapsed time = 00:00:00, memory = 20.24 (MB)
    completing 60% with 0 violations
    elapsed time = 00:00:00, memory = 20.24 (MB)
    completing 70% with 0 violations
    elapsed time = 00:00:00, memory = 20.24 (MB)
    completing 80% with 0 violations
    elapsed time = 00:00:00, memory = 20.24 (MB)
    completing 90% with 0 violations
    elapsed time = 00:00:00, memory = 20.24 (MB)
  number of violations = 0
cpu time = 00:00:00, elapsed time = 00:00:00, memory = 20.24 (MB), peak = 27.51 (MB)
total wire length = 4231 um
total wire length on LAYER li1 = 0 um
total wire length on LAYER met1 = 1689 um
total wire length on LAYER met2 = 2188 um
total wire length on LAYER met3 = 352 um
total wire length on LAYER met4 = 0 um
total wire length on LAYER met5 = 0 um
total number of vias = 952
up-via summary (total 952):

------------
  li1    423
 met1    501
 met2     28
 met3      0
 met4      0
------------
         952


start 5th optimization iteration ...
    completing 10% with 0 violations
    elapsed time = 00:00:00, memory = 20.24 (MB)
    completing 20% with 0 violations
    elapsed time = 00:00:00, memory = 20.24 (MB)
    completing 30% with 0 violations
    elapsed time = 00:00:00, memory = 20.24 (MB)
    completing 40% with 0 violations
    elapsed time = 00:00:00, memory = 20.24 (MB)
    completing 50% with 0 violations
    elapsed time = 00:00:00, memory = 20.24 (MB)
    completing 60% with 0 violations
    elapsed time = 00:00:00, memory = 20.24 (MB)
    completing 70% with 0 violations
    elapsed time = 00:00:00, memory = 20.24 (MB)
    completing 80% with 0 violations
    elapsed time = 00:00:00, memory = 20.24 (MB)
    completing 90% with 0 violations
    elapsed time = 00:00:00, memory = 20.24 (MB)
  number of violations = 0
cpu time = 00:00:00, elapsed time = 00:00:00, memory = 20.24 (MB), peak = 27.51 (MB)
total wire length = 4231 um
total wire length on LAYER li1 = 0 um
total wire length on LAYER met1 = 1689 um
total wire length on LAYER met2 = 2188 um
total wire length on LAYER met3 = 352 um
total wire length on LAYER met4 = 0 um
total wire length on LAYER met5 = 0 um
total number of vias = 952
up-via summary (total 952):

------------
  li1    423
 met1    501
 met2     28
 met3      0
 met4      0
------------
         952


start 6th optimization iteration ...
    completing 10% with 0 violations
    elapsed time = 00:00:00, memory = 20.24 (MB)
    completing 20% with 0 violations
    elapsed time = 00:00:00, memory = 20.24 (MB)
    completing 30% with 0 violations
    elapsed time = 00:00:00, memory = 20.24 (MB)
    completing 40% with 0 violations
    elapsed time = 00:00:00, memory = 20.24 (MB)
    completing 50% with 0 violations
    elapsed time = 00:00:00, memory = 20.24 (MB)
    completing 60% with 0 violations
    elapsed time = 00:00:00, memory = 20.24 (MB)
    completing 70% with 0 violations
    elapsed time = 00:00:00, memory = 20.24 (MB)
    completing 80% with 0 violations
    elapsed time = 00:00:00, memory = 20.24 (MB)
    completing 90% with 0 violations
    elapsed time = 00:00:00, memory = 20.24 (MB)
  number of violations = 0
cpu time = 00:00:00, elapsed time = 00:00:00, memory = 20.24 (MB), peak = 27.51 (MB)
total wire length = 4231 um
total wire length on LAYER li1 = 0 um
total wire length on LAYER met1 = 1689 um
total wire length on LAYER met2 = 2188 um
total wire length on LAYER met3 = 352 um
total wire length on LAYER met4 = 0 um
total wire length on LAYER met5 = 0 um
total number of vias = 952
up-via summary (total 952):

------------
  li1    423
 met1    501
 met2     28
 met3      0
 met4      0
------------
         952


start 7th optimization iteration ...
    completing 10% with 0 violations
    elapsed time = 00:00:00, memory = 20.24 (MB)
    completing 20% with 0 violations
    elapsed time = 00:00:00, memory = 20.24 (MB)
    completing 30% with 0 violations
    elapsed time = 00:00:00, memory = 20.24 (MB)
    completing 40% with 0 violations
    elapsed time = 00:00:00, memory = 20.24 (MB)
    completing 50% with 0 violations
    elapsed time = 00:00:00, memory = 20.24 (MB)
    completing 60% with 0 violations
    elapsed time = 00:00:00, memory = 20.24 (MB)
    completing 70% with 0 violations
    elapsed time = 00:00:00, memory = 20.24 (MB)
    completing 80% with 0 violations
    elapsed time = 00:00:00, memory = 20.24 (MB)
    completing 90% with 0 violations
    elapsed time = 00:00:00, memory = 20.24 (MB)
  number of violations = 0
cpu time = 00:00:00, elapsed time = 00:00:00, memory = 20.24 (MB), peak = 27.51 (MB)/openLANE_flow/designs/cby_0__1_/runs/18-08_13-53//reports/routing/tritonRoute.drc

complete detail routing
total wire length = 4231 um
total wire length on LAYER li1 = 0 um
total wire length on LAYER met1 = 1689 um
total wire length on LAYER met2 = 2188 um
total wire length on LAYER met3 = 352 um
total wire length on LAYER met4 = 0 um
total wire length on LAYER met5 = 0 um
total number of vias = 952
up-via summary (total 952):

------------
  li1    423
 met1    501
 met2     28
 met3      0
 met4      0
------------
         952

cpu time = 00:00:01, elapsed time = 00:00:01, memory = 20.24 (MB), peak = 27.51 (MB)

post processing ...
WARNING (DEFPARS-7011): The NAMESCASESENSITIVE statement is obsolete in version 5.6 and later.
The DEF parser will ignore this statement. See file /openLANE_flow/designs/cby_0__1_/runs/18-08_13-53//tmp/routing/addspacers.def at line 2.


post processing ...
WARNING (DEFPARS-7011): The NAMESCASESENSITIVE statement is obsolete in version 5.6 and later.
The DEF parser will ignore this statement. See file /openLANE_flow/designs/cby_0__1_/runs/18-08_13-53//tmp/routing/addspacers.def at line 2.


Runtime taken (hrt): 3.13071
