
Magic 8.3 revision 37 - Compiled on Mon Jul 20 03:07:05 UTC 2020.
Starting magic under Tcl interpreter
Using the terminal as the console.
Using NULL graphics device.
Processing system .magicrc file
Sourcing design .magicrc for technology sky130A ...
2 Magic internal units = 1 Lambda
Input style vendorimport: scaleFactor=2, multiplier=2
Scaled tech values by 2 / 1 to match internal grid scaling
Loading sky130A Device Generator Menu ...
Loading "/openLANE_flow/designs/cby_1__1_/runs/final_pin_placement//tmp//magic_antenna.tcl" from command line.
Reading LEF data from file /home/aa/Desktop/Afify/openlane/pdks/sky130A/libs.ref/sky130_fd_sc_hd/techlef/sky130_fd_sc_hd.tlef.
This action cannot be undone.
LEF read, Line 61 (Message): Unknown keyword "ANTENNAMODEL" in LEF file; ignoring.
LEF read, Line 62 (Message): Unknown keyword "ANTENNADIFFSIDEAREARATIO" in LEF file; ignoring.
LEF read, Line 95 (Message): Unknown keyword "ANTENNAMODEL" in LEF file; ignoring.
LEF read, Line 96 (Message): Unknown keyword "ANTENNADIFFSIDEAREARATIO" in LEF file; ignoring.
LEF read, Line 102 (Message): Unknown keyword "MAXIMUMDENSITY" in LEF file; ignoring.
LEF read, Line 103 (Message): Unknown keyword "DENSITYCHECKWINDOW" in LEF file; ignoring.
LEF read, Line 104 (Message): Unknown keyword "DENSITYCHECKSTEP" in LEF file; ignoring.
LEF read, Line 142 (Message): Unknown keyword "ANTENNAMODEL" in LEF file; ignoring.
LEF read, Line 143 (Message): Unknown keyword "ANTENNADIFFSIDEAREARATIO" in LEF file; ignoring.
LEF read, Line 145 (Message): Unknown keyword "MAXIMUMDENSITY" in LEF file; ignoring.
LEF read, Line 146 (Message): Unknown keyword "DENSITYCHECKWINDOW" in LEF file; ignoring.
LEF read, Line 147 (Message): Unknown keyword "DENSITYCHECKSTEP" in LEF file; ignoring.
LEF read, Line 183 (Message): Unknown keyword "ANTENNAMODEL" in LEF file; ignoring.
LEF read, Line 184 (Message): Unknown keyword "ANTENNADIFFSIDEAREARATIO" in LEF file; ignoring.
LEF read, Line 186 (Message): Unknown keyword "MAXIMUMDENSITY" in LEF file; ignoring.
LEF read, Line 187 (Message): Unknown keyword "DENSITYCHECKWINDOW" in LEF file; ignoring.
LEF read, Line 188 (Message): Unknown keyword "DENSITYCHECKSTEP" in LEF file; ignoring.
LEF read, Line 224 (Message): Unknown keyword "ANTENNAMODEL" in LEF file; ignoring.
LEF read, Line 225 (Message): Unknown keyword "ANTENNADIFFSIDEAREARATIO" in LEF file; ignoring.
LEF read, Line 227 (Message): Unknown keyword "MAXIMUMDENSITY" in LEF file; ignoring.
LEF read, Line 228 (Message): Unknown keyword "DENSITYCHECKWINDOW" in LEF file; ignoring.
LEF read, Line 229 (Message): Unknown keyword "DENSITYCHECKSTEP" in LEF file; ignoring.
LEF read, Line 265 (Message): Unknown keyword "ANTENNAMODEL" in LEF file; ignoring.
LEF read, Line 266 (Message): Unknown keyword "ANTENNADIFFSIDEAREARATIO" in LEF file; ignoring.
LEF read: Processed 772 lines.
Reading DEF data from file /openLANE_flow/designs/cby_1__1_/runs/final_pin_placement//results/routing/cby_1__1_.def.
This action cannot be undone.
  Processed 4 vias total.
  Processed 634 subcell instances total.
  Processed 47 pins total.
  Processed 2 special nets total.
  Processed 83 nets total.
DEF read: Processed 2524 lines.
Extracting sky130_fd_sc_hd__clkbuf_16 into sky130_fd_sc_hd__clkbuf_16.ext:
Completed 100%
Extracting sky130_fd_sc_hd__clkbuf_1 into sky130_fd_sc_hd__clkbuf_1.ext:
Extracting sky130_fd_sc_hd__buf_2 into sky130_fd_sc_hd__buf_2.ext:
Extracting sky130_fd_sc_hd__dfrbp_1 into sky130_fd_sc_hd__dfrbp_1.ext:
Completed 100%
Extracting sky130_fd_sc_hd__decap_4 into sky130_fd_sc_hd__decap_4.ext:
sky130_fd_sc_hd__decap_4: 2 warnings
Extracting sky130_fd_sc_hd__diode_2 into sky130_fd_sc_hd__diode_2.ext:
Extracting sky130_fd_sc_hd__fill_1 into sky130_fd_sc_hd__fill_1.ext:
Extracting sky130_fd_sc_hd__decap_6 into sky130_fd_sc_hd__decap_6.ext:
sky130_fd_sc_hd__decap_6: 2 warnings
Extracting sky130_fd_sc_hd__tapvpwrvgnd_1 into sky130_fd_sc_hd__tapvpwrvgnd_1.ext:
Extracting sky130_fd_sc_hd__decap_12 into sky130_fd_sc_hd__decap_12.ext:
sky130_fd_sc_hd__decap_12: 2 warnings
Extracting sky130_fd_sc_hd__decap_8 into sky130_fd_sc_hd__decap_8.ext:
sky130_fd_sc_hd__decap_8: 2 warnings
Extracting sky130_fd_sc_hd__conb_1 into sky130_fd_sc_hd__conb_1.ext:
sky130_fd_sc_hd__conb_1: 4 warnings
Extracting sky130_fd_sc_hd__decap_3 into sky130_fd_sc_hd__decap_3.ext:
sky130_fd_sc_hd__decap_3: 2 warnings
Extracting sky130_fd_sc_hd__fill_2 into sky130_fd_sc_hd__fill_2.ext:
Extracting cby_1__1_ into cby_1__1_.ext:
Completed 6%
Completed 11%
Completed 17%
Completed 22%
Completed 28%
Completed 33%
Completed 39%
Completed 44%
Completed 50%
Completed 56%
Completed 61%
Completed 66%
Completed 72%
Completed 77%
Completed 83%
Completed 88%
Completed 94%
Completed 99%
Completed 100%
Total of 14 warnings.
Reading extract file.
Building flattened netlist.
Running antenna checks.
   100 gates analyzed.
antennacheck finished.
Using technology "sky130A", version 20200508
