RePlAce Version: 1.0.0

** WARNING: Your Detail Placement Step must be skipped.
              (i.e. this program will be executed as -onlyGP)
     If you want to have DP after GP, please specify -dpflag and -dploc.

[INFO] TargetDensity = 0.400000
[INFO] ExperimentIndex = 0
[INFO] DirectoryPath = /openLANE_flow/designs/cbx_1__0_/runs/24-08_14-39//tmp/placement/replace/etc/cbx_1__0_.floorplan/experiment000
[PROC] Begin LefParsing ...
[LEF] Parsed 500 number of lines!!
WARNING (LEFPARS-2036): SOURCE statement is obsolete in version 5.6 and later.
The LEF parser will ignore this statement.
To avoid this warning in the future, remove this statement from the LEF file with version 5.6 or later. See file /openLANE_flow/designs/cbx_1__0_/runs/24-08_14-39//tmp//merged.lef at line 776.

WARNING (LEFPARS-2036): SOURCE statement is obsolete in version 5.6 and later.
The LEF parser will ignore this statement.
To avoid this warning in the future, remove this statement from the LEF file with version 5.6 or later. See file /openLANE_flow/designs/cbx_1__0_/runs/24-08_14-39//tmp//merged.lef at line 903.

[LEF] Parsed 1000 number of lines!!
WARNING (LEFPARS-2036): SOURCE statement is obsolete in version 5.6 and later.
The LEF parser will ignore this statement.
To avoid this warning in the future, remove this statement from the LEF file with version 5.6 or later. See file /openLANE_flow/designs/cbx_1__0_/runs/24-08_14-39//tmp//merged.lef at line 1034.

WARNING (LEFPARS-2036): SOURCE statement is obsolete in version 5.6 and later.
The LEF parser will ignore this statement.
To avoid this warning in the future, remove this statement from the LEF file with version 5.6 or later. See file /openLANE_flow/designs/cbx_1__0_/runs/24-08_14-39//tmp//merged.lef at line 1204.

WARNING (LEFPARS-2036): SOURCE statement is obsolete in version 5.6 and later.
The LEF parser will ignore this statement.
To avoid this warning in the future, remove this statement from the LEF file with version 5.6 or later. See file /openLANE_flow/designs/cbx_1__0_/runs/24-08_14-39//tmp//merged.lef at line 1322.

WARNING (LEFPARS-2036): SOURCE statement is obsolete in version 5.6 and later.
The LEF parser will ignore this statement.
To avoid this warning in the future, remove this statement from the LEF file with version 5.6 or later. See file /openLANE_flow/designs/cbx_1__0_/runs/24-08_14-39//tmp//merged.lef at line 1442.

[LEF] Parsed 1500 number of lines!!
WARNING (LEFPARS-2036): SOURCE statement is obsolete in version 5.6 and later.
The LEF parser will ignore this statement.
To avoid this warning in the future, remove this statement from the LEF file with version 5.6 or later. See file /openLANE_flow/designs/cbx_1__0_/runs/24-08_14-39//tmp//merged.lef at line 1589.

WARNING (LEFPARS-2036): SOURCE statement is obsolete in version 5.6 and later.
The LEF parser will ignore this statement.
To avoid this warning in the future, remove this statement from the LEF file with version 5.6 or later. See file /openLANE_flow/designs/cbx_1__0_/runs/24-08_14-39//tmp//merged.lef at line 1777.

WARNING (LEFPARS-2036): SOURCE statement is obsolete in version 5.6 and later.
The LEF parser will ignore this statement.
To avoid this warning in the future, remove this statement from the LEF file with version 5.6 or later. See file /openLANE_flow/designs/cbx_1__0_/runs/24-08_14-39//tmp//merged.lef at line 1886.

WARNING (LEFPARS-2036): SOURCE statement is obsolete in version 5.6 and later.
The LEF parser will ignore this statement.
To avoid this warning in the future, remove this statement from the LEF file with version 5.6 or later. See file /openLANE_flow/designs/cbx_1__0_/runs/24-08_14-39//tmp//merged.lef at line 1999.

[LEF] Parsed 2000 number of lines!!
WARNING (LEFPARS-2036): SOURCE statement is obsolete in version 5.6 and later.
The LEF parser will ignore this statement.
To avoid this warning in the future, remove this statement from the LEF file with version 5.6 or later. See file /openLANE_flow/designs/cbx_1__0_/runs/24-08_14-39//tmp//merged.lef at line 2148.

WARNING (LEFPARS-2036): SOURCE statement is obsolete in version 5.6 and later.
The LEF parser will ignore this statement.
To avoid this warning in the future, remove this statement from the LEF file with version 5.6 or later. See file /openLANE_flow/designs/cbx_1__0_/runs/24-08_14-39//tmp//merged.lef at line 2253.

WARNING (LEFPARS-2036): SOURCE statement is obsolete in version 5.6 and later.
The LEF parser will ignore this statement.
To avoid this warning in the future, remove this statement from the LEF file with version 5.6 or later. See file /openLANE_flow/designs/cbx_1__0_/runs/24-08_14-39//tmp//merged.lef at line 2380.

[LEF] Parsed 2500 number of lines!!
WARNING (LEFPARS-2036): SOURCE statement is obsolete in version 5.6 and later.
The LEF parser will ignore this statement.
To avoid this warning in the future, remove this statement from the LEF file with version 5.6 or later. See file /openLANE_flow/designs/cbx_1__0_/runs/24-08_14-39//tmp//merged.lef at line 2547.

WARNING (LEFPARS-2036): SOURCE statement is obsolete in version 5.6 and later.
The LEF parser will ignore this statement.
To avoid this warning in the future, remove this statement from the LEF file with version 5.6 or later. See file /openLANE_flow/designs/cbx_1__0_/runs/24-08_14-39//tmp//merged.lef at line 2653.

WARNING (LEFPARS-2036): SOURCE statement is obsolete in version 5.6 and later.
The LEF parser will ignore this statement.
To avoid this warning in the future, remove this statement from the LEF file with version 5.6 or later. See file /openLANE_flow/designs/cbx_1__0_/runs/24-08_14-39//tmp//merged.lef at line 2770.

WARNING (LEFPARS-2036): SOURCE statement is obsolete in version 5.6 and later.
The LEF parser will ignore this statement.
To avoid this warning in the future, remove this statement from the LEF file with version 5.6 or later. See file /openLANE_flow/designs/cbx_1__0_/runs/24-08_14-39//tmp//merged.lef at line 2908.

[LEF] Parsed 3000 number of lines!!
WARNING (LEFPARS-2036): SOURCE statement is obsolete in version 5.6 and later.
The LEF parser will ignore this statement.
To avoid this warning in the future, remove this statement from the LEF file with version 5.6 or later. See file /openLANE_flow/designs/cbx_1__0_/runs/24-08_14-39//tmp//merged.lef at line 3005.

WARNING (LEFPARS-2036): SOURCE statement is obsolete in version 5.6 and later.
The LEF parser will ignore this statement.
To avoid this warning in the future, remove this statement from the LEF file with version 5.6 or later. See file /openLANE_flow/designs/cbx_1__0_/runs/24-08_14-39//tmp//merged.lef at line 3105.

WARNING (LEFPARS-2036): SOURCE statement is obsolete in version 5.6 and later.
The LEF parser will ignore this statement.
To avoid this warning in the future, remove this statement from the LEF file with version 5.6 or later. See file /openLANE_flow/designs/cbx_1__0_/runs/24-08_14-39//tmp//merged.lef at line 3219.

WARNING (LEFPARS-2036): SOURCE statement is obsolete in version 5.6 and later.
The LEF parser will ignore this statement.
To avoid this warning in the future, remove this statement from the LEF file with version 5.6 or later. See file /openLANE_flow/designs/cbx_1__0_/runs/24-08_14-39//tmp//merged.lef at line 3361.

WARNING (LEFPARS-2036): SOURCE statement is obsolete in version 5.6 and later.
The LEF parser will ignore this statement.
To avoid this warning in the future, remove this statement from the LEF file with version 5.6 or later. See file /openLANE_flow/designs/cbx_1__0_/runs/24-08_14-39//tmp//merged.lef at line 3458.

[LEF] Parsed 3500 number of lines!!
WARNING (LEFPARS-2036): SOURCE statement is obsolete in version 5.6 and later.
The LEF parser will ignore this statement.
To avoid this warning in the future, remove this statement from the LEF file with version 5.6 or later. See file /openLANE_flow/designs/cbx_1__0_/runs/24-08_14-39//tmp//merged.lef at line 3561.

WARNING (LEFPARS-2036): SOURCE statement is obsolete in version 5.6 and later.
The LEF parser will ignore this statement.
To avoid this warning in the future, remove this statement from the LEF file with version 5.6 or later. See file /openLANE_flow/designs/cbx_1__0_/runs/24-08_14-39//tmp//merged.lef at line 3691.

WARNING (LEFPARS-2036): SOURCE statement is obsolete in version 5.6 and later.
The LEF parser will ignore this statement.
To avoid this warning in the future, remove this statement from the LEF file with version 5.6 or later. See file /openLANE_flow/designs/cbx_1__0_/runs/24-08_14-39//tmp//merged.lef at line 3783.

WARNING (LEFPARS-2036): SOURCE statement is obsolete in version 5.6 and later.
The LEF parser will ignore this statement.
To avoid this warning in the future, remove this statement from the LEF file with version 5.6 or later. See file /openLANE_flow/designs/cbx_1__0_/runs/24-08_14-39//tmp//merged.lef at line 3887.

[LEF] Parsed 4000 number of lines!!
WARNING (LEFPARS-2036): SOURCE statement is obsolete in version 5.6 and later.
The LEF parser will ignore this statement.
To avoid this warning in the future, remove this statement from the LEF file with version 5.6 or later. See file /openLANE_flow/designs/cbx_1__0_/runs/24-08_14-39//tmp//merged.lef at line 4018.

WARNING (LEFPARS-2036): SOURCE statement is obsolete in version 5.6 and later.
The LEF parser will ignore this statement.
To avoid this warning in the future, remove this statement from the LEF file with version 5.6 or later. See file /openLANE_flow/designs/cbx_1__0_/runs/24-08_14-39//tmp//merged.lef at line 4148.

WARNING (LEFPARS-2036): SOURCE statement is obsolete in version 5.6 and later.
The LEF parser will ignore this statement.
To avoid this warning in the future, remove this statement from the LEF file with version 5.6 or later. See file /openLANE_flow/designs/cbx_1__0_/runs/24-08_14-39//tmp//merged.lef at line 4282.

WARNING (LEFPARS-2036): SOURCE statement is obsolete in version 5.6 and later.
The LEF parser will ignore this statement.
To avoid this warning in the future, remove this statement from the LEF file with version 5.6 or later. See file /openLANE_flow/designs/cbx_1__0_/runs/24-08_14-39//tmp//merged.lef at line 4467.

[LEF] Parsed 4500 number of lines!!
[LEF] Parsed 5000 number of lines!!
[LEF] Parsed 5500 number of lines!!
[LEF] Parsed 6000 number of lines!!
[LEF] Parsed 6500 number of lines!!
[LEF] Parsed 7000 number of lines!!
[LEF] Parsed 7500 number of lines!!
[LEF] Parsed 8000 number of lines!!
[LEF] Parsed 8500 number of lines!!
[LEF] Parsed 9000 number of lines!!
[LEF] Parsed 9500 number of lines!!
[LEF] Parsed 10000 number of lines!!
[LEF] Parsed 10500 number of lines!!
[LEF] Parsed 11000 number of lines!!
[LEF] Parsed 11500 number of lines!!
[LEF] Parsed 12000 number of lines!!
[LEF] Parsed 12500 number of lines!!
[LEF] Parsed 13000 number of lines!!
[LEF] Parsed 13500 number of lines!!
[LEF] Parsed 14000 number of lines!!
[LEF] Parsed 14500 number of lines!!
[LEF] Parsed 15000 number of lines!!
[LEF] Parsed 15500 number of lines!!
[LEF] Parsed 16000 number of lines!!
[LEF] Parsed 16500 number of lines!!
[LEF] Parsed 17000 number of lines!!
[LEF] Parsed 17500 number of lines!!
[LEF] Parsed 18000 number of lines!!
[LEF] Parsed 18500 number of lines!!
[LEF] Parsed 19000 number of lines!!
[LEF] Parsed 19500 number of lines!!
[LEF] Parsed 20000 number of lines!!
[LEF] Parsed 20500 number of lines!!
[LEF] Parsed 21000 number of lines!!
[LEF] Parsed 21500 number of lines!!
[LEF] Parsed 22000 number of lines!!
[LEF] Parsed 22500 number of lines!!
[LEF] Parsed 23000 number of lines!!
[LEF] Parsed 23500 number of lines!!
[LEF] Parsed 24000 number of lines!!
[LEF] Parsed 24500 number of lines!!
[LEF] Parsed 25000 number of lines!!
[LEF] Parsed 25500 number of lines!!
[LEF] Parsed 26000 number of lines!!
[LEF] Parsed 26500 number of lines!!
[LEF] Parsed 27000 number of lines!!
[LEF] Parsed 27500 number of lines!!
[LEF] Parsed 28000 number of lines!!
[LEF] Parsed 28500 number of lines!!
[LEF] Parsed 29000 number of lines!!
[LEF] Parsed 29500 number of lines!!
[LEF] Parsed 30000 number of lines!!
[LEF] Parsed 30500 number of lines!!
[LEF] Parsed 31000 number of lines!!
[LEF] Parsed 31500 number of lines!!
[LEF] Parsed 32000 number of lines!!
[LEF] Parsed 32500 number of lines!!
[LEF] Parsed 33000 number of lines!!
[LEF] Parsed 33500 number of lines!!
[LEF] Parsed 34000 number of lines!!
[LEF] Parsed 34500 number of lines!!
[LEF] Parsed 35000 number of lines!!
[LEF] Parsed 35500 number of lines!!
[LEF] Parsed 36000 number of lines!!
[LEF] Parsed 36500 number of lines!!
[LEF] Parsed 37000 number of lines!!
[LEF] Parsed 37500 number of lines!!
[LEF] Parsed 38000 number of lines!!
[LEF] Parsed 38500 number of lines!!
[LEF] Parsed 39000 number of lines!!
[LEF] Parsed 39500 number of lines!!
[LEF] Parsed 40000 number of lines!!
[LEF] Parsed 40500 number of lines!!
[LEF] Parsed 41000 number of lines!!
[LEF] Parsed 41500 number of lines!!
[LEF] Parsed 42000 number of lines!!
[LEF] Parsed 42500 number of lines!!
[LEF] Parsed 43000 number of lines!!
[LEF] Parsed 43500 number of lines!!
[LEF] Parsed 44000 number of lines!!
[LEF] Parsed 44500 number of lines!!
[LEF] Parsed 45000 number of lines!!
[LEF] Parsed 45500 number of lines!!
[LEF] Parsed 46000 number of lines!!
[LEF] Parsed 46500 number of lines!!
[LEF] Parsed 47000 number of lines!!
[LEF] Parsed 47500 number of lines!!
[LEF] Parsed 48000 number of lines!!
[LEF] Parsed 48500 number of lines!!
[LEF] Parsed 49000 number of lines!!
[LEF] Parsed 49500 number of lines!!
[LEF] Parsed 50000 number of lines!!
[LEF] Parsed 50500 number of lines!!
[LEF] Parsed 51000 number of lines!!
[LEF] Parsed 51500 number of lines!!
[LEF] Parsed 52000 number of lines!!
[LEF] Parsed 52500 number of lines!!
[LEF] Parsed 53000 number of lines!!
[LEF] Parsed 53500 number of lines!!
[LEF] Parsed 54000 number of lines!!
[LEF] Parsed 54500 number of lines!!
[LEF] Parsed 55000 number of lines!!
[LEF] Parsed 55500 number of lines!!
[LEF] Parsed 56000 number of lines!!
[LEF] Parsed 56500 number of lines!!
[LEF] Parsed 57000 number of lines!!
[LEF] Parsed 57500 number of lines!!
[LEF] Parsed 58000 number of lines!!
[LEF] Parsed 58500 number of lines!!
[LEF] Parsed 59000 number of lines!!
[LEF] Parsed 59500 number of lines!!
[LEF] Parsed 60000 number of lines!!
[LEF] Parsed 60500 number of lines!!
[LEF] Parsed 61000 number of lines!!
[LEF] Parsed 61500 number of lines!!
[LEF] Parsed 62000 number of lines!!
[PROC] End LefParsing
[PROC] Begin DefParsing ...
WARNING (DEFPARS-7011): The NAMESCASESENSITIVE statement is obsolete in version 5.6 and later.
The DEF parser will ignore this statement. See file /openLANE_flow/designs/cbx_1__0_/runs/24-08_14-39//results/floorplan/cbx_1__0_.floorplan.def at line 2.

[PROC] End DefParsing
[INFO] DefUnit = 1000
[INFO] LefMetal1Name = li1
[INFO] DefSiteName = unithd
[INFO] ScaleDownUnit = 302.222229
[INFO] OffsetCoordi = (2640.000000, 0.000000)
[INFO] RowSize = (1.522059, 9.000000)
[INFO] NumRows = 16
[INFO] MacroCount = 0
[INFO] NumModules = 91
[INFO] NumTerminals = 173
[INFO] Inserted Dummy Terms = 0
[PROC] Begin Generate Un-fragmented Rows ...
[INFO] CoreAreaLxLy = (27.000000, 36.000000)
[INFO] CoreAreaUxUy = (533.845581, 180.000000)
[INFO] RowSize = (1.522059, 9.000000)
[INFO] NumRows = 16
[PROC] End Generate Un-fragmented Rows
[PROC] Begin DEF Net Parsing ...
[INFO] NumNets = 174
[INFO] NumPins = 408
[PROC] End DEF Net Parsing
[PROC] LEF/DEF Parsing Success!
[INFO] AspectRatio = 0.284110
[INFO] RowMinXY = (27.000000, 36.000000)
[INFO] RowMaxXY = (533.845581, 180.000000)
[INFO] NumPlaceStdCells = 91
[INFO] NumPlaceMacros = 0
[INFO] RowSize = (1.522059, 9.000000)
[INFO] NumRows = 16
[INFO] GlobalAreaLxLy = (9.496324, 1.125000)
[INFO] GlobalAreaUxUy = (546.468750, 217.720581)
[INFO] PlaceAreaLxLy = (27.000000, 36.000000)
[INFO] PlaceAreaUxUy = (533.845581, 180.000000)
[INFO] TotalPlaceArea = 72985.765625
[INFO] TotalFixedArea = 2547.910156
[INFO] TotalWhiteSpaceArea = 70437.859375
[INFO] TotalPlaceMacrosArea = 0.000000
[INFO] TotalPlaceStdCellsArea = 30944.970703
[INFO] Util(%) = 42.398636
[INFO] 80pCellArea = 344.133728
[INFO] FillerInit: TotalFillerArea = 0.000000
[INFO] FillerInit: NumFillerCells = 0
[INFO] FillerInit: FillerCellArea = 344.133850
[INFO] FillerInit: FillerCellSize = (38.237095, 9.000000)
[INFO] FillerInit: NumCells = 91
[INFO] FillerInit: NumModules = 91
[INFO] FillerInit: NumFillers = 0
INFO:  D_MSH = 1024 
INFO:  MSH(X, Y) = (32, 32)
[INFO] TierInit: TierUtil = 0.423986
[INFO] TierInit: NumModules = 91
[INFO] TierInit: PlaceArea = 72985.765625
[INFO] TierInit: CoreSpacingArea = 0.000000
[INFO] TierInit: TerminalArea = 2547.910156
[INFO] TierInit: ModuleArea = 30944.970703
[INFO] TierInit: FillerArea = 0.000000
[INFO] TierInit: NumFillers = 0
[INFO] TierInit: FillerMinIdx = 91
[INFO] TierInit: FillerMaxIdx = 91
INFO:  dim_bin_cGP2D.(x,y) = (8, 8)
cell Init 2D:
tier->bin_stp: (63.3557 18)
tier->half_bin_stp: (31.6778 9)
PROC:  Start NESTEROV's Optimization
PROC:    Global Lagrangian Multiplier is Applied

ITER: 0
    HPWL=18265.414062
    OVFL=0.938536
    HPWL=(13203.728516, 5061.684570)
    POTN=2.395761E+05
    PHIC=2.981832E-09
    GRAD=3.373950E-02
    NuBT=0
    CPU =0.000000

ITER: 1
    HPWL=18265.316406
    OVFL=0.938536
    HPWL=(13203.653320, 5061.663086)
    POTN=2.395755E+05
    PHIC=3.130924E-09
    GRAD=4.611525E-02
    NuBT=1
    CPU =0.000114

ITER: 2
    HPWL=18264.843750
    OVFL=0.938536
    HPWL=(13203.282227, 5061.562500)
    POTN=2.395724E+05
    PHIC=3.287470E-09
    GRAD=4.611313E-02
    NuBT=1
    CPU =0.000053

ITER: 3
    HPWL=11738.396484
    OVFL=0.793802
    HPWL=(7996.859863, 3741.537109)
    POTN=1.832522E+05
    PHIC=3.451843E-09
    GRAD=1.641821E-02
    NuBT=1
    CPU =0.000053

ITER: 4
    HPWL=10420.770508
    OVFL=0.774484
    HPWL=(6778.926270, 3641.844238)
    POTN=1.637071E+05
    PHIC=3.624435E-09
    GRAD=1.725874E-02
    NuBT=2
    CPU =0.000159

ITER: 5
    HPWL=10359.005859
    OVFL=0.760460
    HPWL=(6722.085449, 3636.920410)
    POTN=1.612253E+05
    PHIC=3.805657E-09
    GRAD=1.647540E-02
    NuBT=2
    CPU =0.000101

ITER: 6
    HPWL=10344.252930
    OVFL=0.748828
    HPWL=(6711.198242, 3633.054688)
    POTN=1.571655E+05
    PHIC=3.995939E-09
    GRAD=1.747330E-02
    NuBT=1
    CPU =0.000058

ITER: 7
    HPWL=10350.609375
    OVFL=0.733825
    HPWL=(6719.047852, 3631.561523)
    POTN=1.509277E+05
    PHIC=4.195732E-09
    GRAD=1.860234E-02
    NuBT=2
    CPU =0.000102

ITER: 8
    HPWL=10317.451172
    OVFL=0.724644
    HPWL=(6691.204590, 3626.246338)
    POTN=1.474456E+05
    PHIC=4.405519E-09
    GRAD=1.995790E-02
    NuBT=2
    CPU =0.000095

ITER: 9
    HPWL=10293.854492
    OVFL=0.713381
    HPWL=(6671.521973, 3622.332275)
    POTN=1.414450E+05
    PHIC=4.625794E-09
    GRAD=2.091401E-02
    NuBT=1
    CPU =0.000058

ITER: 10
    HPWL=10259.583984
    OVFL=0.704652
    HPWL=(6641.851562, 3617.732910)
    POTN=1.380912E+05
    PHIC=4.857084E-09
    GRAD=2.212247E-02
    NuBT=2
    CPU =0.000095

ITER: 11
    HPWL=10234.583008
    OVFL=0.696801
    HPWL=(6621.609375, 3612.973633)
    POTN=1.328383E+05
    PHIC=5.099938E-09
    GRAD=2.313868E-02
    NuBT=1
    CPU =0.000057

ITER: 12
    HPWL=10203.652344
    OVFL=0.690527
    HPWL=(6596.496582, 3607.156006)
    POTN=1.291529E+05
    PHIC=5.354935E-09
    GRAD=2.406058E-02
    NuBT=2
    CPU =0.000095

ITER: 13
    HPWL=10173.841797
    OVFL=0.682661
    HPWL=(6572.603027, 3601.239258)
    POTN=1.241729E+05
    PHIC=5.622681E-09
    GRAD=2.484703E-02
    NuBT=1
    CPU =0.000057

ITER: 14
    HPWL=10144.396484
    OVFL=0.677204
    HPWL=(6549.903809, 3594.492676)
    POTN=1.209159E+05
    PHIC=5.903815E-09
    GRAD=2.584963E-02
    NuBT=2
    CPU =0.000096

ITER: 15
    HPWL=10120.165039
    OVFL=0.670595
    HPWL=(6532.422363, 3587.742920)
    POTN=1.166480E+05
    PHIC=6.199005E-09
    GRAD=2.658614E-02
    NuBT=1
    CPU =0.000057

ITER: 16
    HPWL=10097.396484
    OVFL=0.664738
    HPWL=(6517.235840, 3580.160645)
    POTN=1.128534E+05
    PHIC=6.508955E-09
    GRAD=2.749448E-02
    NuBT=2
    CPU =0.000125

ITER: 17
    HPWL=10080.328125
    OVFL=0.658751
    HPWL=(6507.736328, 3572.592285)
    POTN=1.083080E+05
    PHIC=6.834403E-09
    GRAD=2.834006E-02
    NuBT=1
    CPU =0.000059

ITER: 18
    HPWL=10065.114258
    OVFL=0.654273
    HPWL=(6501.062500, 3564.051514)
    POTN=1.055121E+05
    PHIC=7.176123E-09
    GRAD=2.920997E-02
    NuBT=2
    CPU =0.000096

ITER: 19
    HPWL=10054.392578
    OVFL=0.678860
    HPWL=(6498.785156, 3555.607178)
    POTN=1.019626E+05
    PHIC=7.534928E-09
    GRAD=2.989913E-02
    NuBT=1
    CPU =0.000057

ITER: 20
    HPWL=10034.476562
    OVFL=0.677081
    HPWL=(6489.213867, 3545.262695)
    POTN=9.978784E+04
    PHIC=7.911674E-09
    GRAD=2.632718E-02
    NuBT=2
    CPU =0.000095

ITER: 21
    HPWL=10011.070312
    OVFL=0.663709
    HPWL=(6476.900391, 3534.170166)
    POTN=9.461958E+04
    PHIC=8.307257E-09
    GRAD=2.653361E-02
    NuBT=1
    CPU =0.000056

ITER: 22
    HPWL=10003.890625
    OVFL=0.661407
    HPWL=(6479.539551, 3524.351074)
    POTN=8.897512E+04
    PHIC=8.722620E-09
    GRAD=2.842047E-02
    NuBT=2
    CPU =0.000096

ITER: 23
    HPWL=10000.140625
    OVFL=0.658797
    HPWL=(6484.925781, 3515.214355)
    POTN=8.366727E+04
    PHIC=9.158750E-09
    GRAD=2.879856E-02
    NuBT=2
    CPU =0.000094

ITER: 24
    HPWL=9985.763672
    OVFL=0.657832
    HPWL=(6481.398926, 3504.364990)
    POTN=7.967430E+04
    PHIC=9.616687E-09
    GRAD=2.918238E-02
    NuBT=2
    CPU =0.000091

ITER: 25
    HPWL=9976.880859
    OVFL=0.663413
    HPWL=(6482.432129, 3494.449219)
    POTN=7.539130E+04
    PHIC=1.009752E-08
    GRAD=2.935843E-02
    NuBT=2
    CPU =0.000095

ITER: 26
    HPWL=9964.511719
    OVFL=0.691779
    HPWL=(6479.986816, 3484.524902)
    POTN=7.300773E+04
    PHIC=1.060240E-08
    GRAD=2.854670E-02
    NuBT=2
    CPU =0.000121

ITER: 27
    HPWL=9940.650391
    OVFL=0.694738
    HPWL=(6467.957520, 3472.692871)
    POTN=6.921943E+04
    PHIC=1.113252E-08
    GRAD=2.464846E-02
    NuBT=2
    CPU =0.000134

ITER: 28
    HPWL=9912.642578
    OVFL=0.692585
    HPWL=(6452.410645, 3460.232422)
    POTN=6.680876E+04
    PHIC=1.168914E-08
    GRAD=2.423912E-02
    NuBT=1
    CPU =0.000081

ITER: 29
    HPWL=9910.462891
    OVFL=0.689062
    HPWL=(6459.180176, 3451.282227)
    POTN=6.398617E+04
    PHIC=1.227360E-08
    GRAD=2.453544E-02
    NuBT=1
    CPU =0.000079

ITER: 30
    HPWL=9896.917969
    OVFL=0.688044
    HPWL=(6456.104004, 3440.813477)
    POTN=6.230742E+04
    PHIC=1.288728E-08
    GRAD=2.497992E-02
    NuBT=2
    CPU =0.000116

ITER: 31
    HPWL=9889.652344
    OVFL=0.686063
    HPWL=(6458.279297, 3431.373291)
    POTN=5.985915E+04
    PHIC=1.353164E-08
    GRAD=2.513599E-02
    NuBT=2
    CPU =0.000119

ITER: 32
    HPWL=9877.001953
    OVFL=0.688352
    HPWL=(6455.933594, 3421.068848)
    POTN=5.909009E+04
    PHIC=1.420822E-08
    GRAD=2.540149E-02
    NuBT=2
    CPU =0.000117

ITER: 33
    HPWL=9866.068359
    OVFL=0.706347
    HPWL=(6455.782227, 3410.285645)
    POTN=5.677518E+04
    PHIC=1.491863E-08
    GRAD=2.512814E-02
    NuBT=2
    CPU =0.000117

ITER: 34
    HPWL=9850.258789
    OVFL=0.702353
    HPWL=(6450.426758, 3399.831787)
    POTN=5.356768E+04
    PHIC=1.566456E-08
    GRAD=2.291420E-02
    NuBT=2
    CPU =0.000121

ITER: 35
    HPWL=9830.230469
    OVFL=0.696192
    HPWL=(6442.148926, 3388.081299)
    POTN=5.019214E+04
    PHIC=1.644779E-08
    GRAD=2.335485E-02
    NuBT=1
    CPU =0.000080

ITER: 36
    HPWL=9825.922852
    OVFL=0.688264
    HPWL=(6446.848145, 3379.074951)
    POTN=4.846473E+04
    PHIC=1.727018E-08
    GRAD=2.412583E-02
    NuBT=2
    CPU =0.000125

ITER: 37
    HPWL=9814.300781
    OVFL=0.673736
    HPWL=(6445.118652, 3369.182617)
    POTN=4.615400E+04
    PHIC=1.813369E-08
    GRAD=2.511738E-02
    NuBT=2
    CPU =0.000119

ITER: 38
    HPWL=9800.844727
    OVFL=0.681697
    HPWL=(6440.101074, 3360.743652)
    POTN=4.548339E+04
    PHIC=1.904037E-08
    GRAD=2.702702E-02
    NuBT=2
    CPU =0.000118

ITER: 39
    HPWL=9801.341797
    OVFL=0.696002
    HPWL=(6444.544922, 3356.797119)
    POTN=4.408001E+04
    PHIC=1.999238E-08
    GRAD=2.598102E-02
    NuBT=1
    CPU =0.000078

ITER: 40
    HPWL=9798.711914
    OVFL=0.701014
    HPWL=(6444.774414, 3353.937500)
    POTN=4.279171E+04
    PHIC=2.099200E-08
    GRAD=2.414840E-02
    NuBT=2
    CPU =0.000116

ITER: 41
    HPWL=9794.091797
    OVFL=0.697081
    HPWL=(6442.229980, 3351.861816)
    POTN=4.113364E+04
    PHIC=2.204160E-08
    GRAD=2.352239E-02
    NuBT=1
    CPU =0.000077

ITER: 42
    HPWL=9799.931641
    OVFL=0.691191
    HPWL=(6448.212402, 3351.718994)
    POTN=4.067871E+04
    PHIC=2.314366E-08
    GRAD=2.403413E-02
    NuBT=1
    CPU =0.000080

ITER: 43
    HPWL=9794.443359
    OVFL=0.687815
    HPWL=(6444.810059, 3349.632812)
    POTN=3.999139E+04
    PHIC=2.430085E-08
    GRAD=2.475062E-02
    NuBT=2
    CPU =0.000117

ITER: 44
    HPWL=9793.937500
    OVFL=0.669240
    HPWL=(6445.057617, 3348.880371)
    POTN=4.019928E+04
    PHIC=2.551589E-08
    GRAD=2.519586E-02
    NuBT=1
    CPU =0.000078

ITER: 45
    HPWL=9775.754883
    OVFL=0.668950
    HPWL=(6430.920410, 3344.834473)
    POTN=4.004963E+04
    PHIC=2.679168E-08
    GRAD=2.763897E-02
    NuBT=2
    CPU =0.000117

ITER: 46
    HPWL=9768.395508
    OVFL=0.668985
    HPWL=(6425.558105, 3342.837402)
    POTN=4.092316E+04
    PHIC=2.813126E-08
    GRAD=2.766646E-02
    NuBT=1
    CPU =0.000078

ITER: 47
    HPWL=9773.946289
    OVFL=0.682531
    HPWL=(6430.901855, 3343.044434)
    POTN=4.135831E+04
    PHIC=2.953780E-08
    GRAD=2.768666E-02
    NuBT=2
    CPU =0.000129

ITER: 48
    HPWL=9769.675781
    OVFL=0.685573
    HPWL=(6428.224609, 3341.451172)
    POTN=4.026880E+04
    PHIC=3.101469E-08
    GRAD=2.582964E-02
    NuBT=2
    CPU =0.000117

ITER: 49
    HPWL=9767.736328
    OVFL=0.686185
    HPWL=(6427.538574, 3340.197266)
    POTN=3.924296E+04
    PHIC=3.256542E-08
    GRAD=2.543129E-02
    NuBT=1
    CPU =0.000078

ITER: 50
    HPWL=9771.820312
    OVFL=0.685730
    HPWL=(6431.837891, 3339.982178)
    POTN=3.907577E+04
    PHIC=3.419368E-08
    GRAD=2.536701E-02
    NuBT=2
    CPU =0.000121

ITER: 51
    HPWL=9771.818359
    OVFL=0.683756
    HPWL=(6432.845215, 3338.972900)
    POTN=3.903314E+04
    PHIC=3.590336E-08
    GRAD=2.542880E-02
    NuBT=2
    CPU =0.000118

ITER: 52
    HPWL=9771.847656
    OVFL=0.678404
    HPWL=(6433.839844, 3338.007324)
    POTN=3.976572E+04
    PHIC=3.769852E-08
    GRAD=2.568599E-02
    NuBT=2
    CPU =0.000117

ITER: 53
    HPWL=9769.458008
    OVFL=0.665257
    HPWL=(6432.830078, 3336.627930)
    POTN=4.045466E+04
    PHIC=3.958345E-08
    GRAD=2.639280E-02
    NuBT=2
    CPU =0.000117

ITER: 54
    HPWL=9760.060547
    OVFL=0.665577
    HPWL=(6426.006836, 3334.054199)
    POTN=4.180950E+04
    PHIC=4.156262E-08
    GRAD=2.819949E-02
    NuBT=2
    CPU =0.000116

ITER: 55
    HPWL=9758.362305
    OVFL=0.665640
    HPWL=(6425.429199, 3332.933350)
    POTN=4.265964E+04
    PHIC=4.364075E-08
    GRAD=2.815274E-02
    NuBT=1
    CPU =0.000077

ITER: 56
    HPWL=9761.189453
    OVFL=0.674326
    HPWL=(6428.495117, 3332.694092)
    POTN=4.349380E+04
    PHIC=4.582276E-08
    GRAD=2.815256E-02
    NuBT=2
    CPU =0.000128

ITER: 57
    HPWL=9758.880859
    OVFL=0.692205
    HPWL=(6427.308105, 3331.572998)
    POTN=4.397593E+04
    PHIC=4.811389E-08
    GRAD=2.692406E-02
    NuBT=2
    CPU =0.000117

ITER: 58
    HPWL=9749.367188
    OVFL=0.696967
    HPWL=(6420.240723, 3329.126465)
    POTN=4.414371E+04
    PHIC=5.051958E-08
    GRAD=2.456312E-02
    NuBT=2
    CPU =0.000117

ITER: 59
    HPWL=9741.728516
    OVFL=0.699679
    HPWL=(6414.650391, 3327.078125)
    POTN=4.436623E+04
    PHIC=5.304556E-08
    GRAD=2.396639E-02
    NuBT=1
    CPU =0.000078

ITER: 60
    HPWL=9747.289062
    OVFL=0.701733
    HPWL=(6419.862793, 3327.426514)
    POTN=4.473966E+04
    PHIC=5.569779E-08
    GRAD=2.364297E-02
    NuBT=1
    CPU =0.000075

ITER: 61
    HPWL=9746.885742
    OVFL=0.703046
    HPWL=(6420.083008, 3326.802490)
    POTN=4.516346E+04
    PHIC=5.848268E-08
    GRAD=2.339725E-02
    NuBT=2
    CPU =0.000117

ITER: 62
    HPWL=9747.728516
    OVFL=0.704483
    HPWL=(6421.282715, 3326.445312)
    POTN=4.574152E+04
    PHIC=6.140680E-08
    GRAD=2.324288E-02
    NuBT=2
    CPU =0.000119

ITER: 63
    HPWL=9748.057617
    OVFL=0.705548
    HPWL=(6422.030762, 3326.026611)
    POTN=4.637388E+04
    PHIC=6.447714E-08
    GRAD=2.307263E-02
    NuBT=2
    CPU =0.000116

ITER: 64
    HPWL=9748.119141
    OVFL=0.706294
    HPWL=(6422.458496, 3325.660889)
    POTN=4.707677E+04
    PHIC=6.770100E-08
    GRAD=2.294927E-02
    NuBT=2
    CPU =0.000117

ITER: 65
    HPWL=9748.338867
    OVFL=0.706644
    HPWL=(6423.000488, 3325.338135)
    POTN=4.779191E+04
    PHIC=7.108604E-08
    GRAD=2.286468E-02
    NuBT=2
    CPU =0.000128

ITER: 66
    HPWL=9748.170898
    OVFL=0.707427
    HPWL=(6423.145020, 3325.026123)
    POTN=4.857821E+04
    PHIC=7.464034E-08
    GRAD=2.282492E-02
    NuBT=2
    CPU =0.000118

ITER: 67
    HPWL=9746.822266
    OVFL=0.707561
    HPWL=(6422.406250, 3324.416016)
    POTN=4.903068E+04
    PHIC=7.837235E-08
    GRAD=2.272975E-02
    NuBT=2
    CPU =0.000120

ITER: 68
    HPWL=9746.522461
    OVFL=0.707733
    HPWL=(6422.403809, 3324.118652)
    POTN=4.940939E+04
    PHIC=8.229097E-08
    GRAD=2.271681E-02
    NuBT=2
    CPU =0.000120

ITER: 69
    HPWL=9745.653320
    OVFL=0.707306
    HPWL=(6421.847656, 3323.805908)
    POTN=4.974284E+04
    PHIC=8.640551E-08
    GRAD=2.269575E-02
    NuBT=2
    CPU =0.000120

ITER: 70
    HPWL=9746.105469
    OVFL=0.707136
    HPWL=(6422.310547, 3323.795410)
    POTN=5.005094E+04
    PHIC=9.072578E-08
    GRAD=2.274610E-02
    NuBT=1
    CPU =0.000078

ITER: 71
    HPWL=9745.635742
    OVFL=0.706481
    HPWL=(6421.887695, 3323.748291)
    POTN=5.031002E+04
    PHIC=9.526206E-08
    GRAD=2.276449E-02
    NuBT=1
    CPU =0.000081

ITER: 72
    HPWL=9743.880859
    OVFL=0.706088
    HPWL=(6420.463867, 3323.417480)
    POTN=5.051824E+04
    PHIC=1.000252E-07
    GRAD=2.284048E-02
    NuBT=1
    CPU =0.000079

ITER: 73
    HPWL=9742.410156
    OVFL=0.705015
    HPWL=(6419.186035, 3323.223877)
    POTN=5.058959E+04
    PHIC=1.050264E-07
    GRAD=2.288477E-02
    NuBT=1
    CPU =0.000078

ITER: 74
    HPWL=9741.992188
    OVFL=0.704870
    HPWL=(6418.757812, 3323.233887)
    POTN=5.034395E+04
    PHIC=1.102777E-07
    GRAD=2.300818E-02
    NuBT=1
    CPU =0.000077

ITER: 75
    HPWL=9741.718750
    OVFL=0.704848
    HPWL=(6418.414062, 3323.304932)
    POTN=5.010068E+04
    PHIC=1.157916E-07
    GRAD=2.302640E-02
    NuBT=1
    CPU =0.000088

ITER: 76
    HPWL=9741.574219
    OVFL=0.704767
    HPWL=(6418.138184, 3323.435547)
    POTN=4.985469E+04
    PHIC=1.215812E-07
    GRAD=2.302783E-02
    NuBT=1
    CPU =0.000078

ITER: 77
    HPWL=9741.104492
    OVFL=0.704724
    HPWL=(6417.550781, 3323.553467)
    POTN=4.962989E+04
    PHIC=1.276602E-07
    GRAD=2.303627E-02
    NuBT=1
    CPU =0.000079

ITER: 78
    HPWL=9740.630859
    OVFL=0.704490
    HPWL=(6416.969238, 3323.661621)
    POTN=4.939821E+04
    PHIC=1.340432E-07
    GRAD=2.304132E-02
    NuBT=1
    CPU =0.000078

ITER: 79
    HPWL=9740.292969
    OVFL=0.704373
    HPWL=(6416.465820, 3323.827148)
    POTN=4.918548E+04
    PHIC=1.407454E-07
    GRAD=2.306756E-02
    NuBT=1
    CPU =0.000078

ITER: 80
    HPWL=9740.293945
    OVFL=0.704076
    HPWL=(6416.256836, 3324.036865)
    POTN=4.896434E+04
    PHIC=1.477827E-07
    GRAD=2.308121E-02
    NuBT=1
    CPU =0.000078

ITER: 81
    HPWL=9740.276367
    OVFL=0.703879
    HPWL=(6415.927734, 3324.348633)
    POTN=4.875334E+04
    PHIC=1.551718E-07
    GRAD=2.311734E-02
    NuBT=1
    CPU =0.000077

ITER: 82
    HPWL=9740.358398
    OVFL=0.703577
    HPWL=(6415.729980, 3324.628418)
    POTN=4.852834E+04
    PHIC=1.629304E-07
    GRAD=2.314074E-02
    NuBT=1
    CPU =0.000077

ITER: 83
    HPWL=9740.548828
    OVFL=0.703094
    HPWL=(6415.582031, 3324.967041)
    POTN=4.831177E+04
    PHIC=1.710769E-07
    GRAD=2.317372E-02
    NuBT=1
    CPU =0.000077

ITER: 84
    HPWL=9741.064453
    OVFL=0.702658
    HPWL=(6415.716797, 3325.348145)
    POTN=4.808298E+04
    PHIC=1.796307E-07
    GRAD=2.323228E-02
    NuBT=1
    CPU =0.000078

ITER: 85
    HPWL=9741.588867
    OVFL=0.702181
    HPWL=(6415.866699, 3325.722412)
    POTN=4.787093E+04
    PHIC=1.886122E-07
    GRAD=2.328449E-02
    NuBT=1
    CPU =0.000075

ITER: 86
    HPWL=9742.245117
    OVFL=0.701836
    HPWL=(6416.162109, 3326.082764)
    POTN=4.764806E+04
    PHIC=1.980428E-07
    GRAD=2.334031E-02
    NuBT=1
    CPU =0.000079

ITER: 87
    HPWL=9742.826172
    OVFL=0.701417
    HPWL=(6416.406250, 3326.420410)
    POTN=4.744885E+04
    PHIC=2.079449E-07
    GRAD=2.338241E-02
    NuBT=1
    CPU =0.000078

ITER: 88
    HPWL=9743.613281
    OVFL=0.700981
    HPWL=(6416.859863, 3326.752930)
    POTN=4.723970E+04
    PHIC=2.183421E-07
    GRAD=2.343146E-02
    NuBT=1
    CPU =0.000085

ITER: 89
    HPWL=9744.126953
    OVFL=0.700418
    HPWL=(6417.097168, 3327.029541)
    POTN=4.706152E+04
    PHIC=2.292592E-07
    GRAD=2.348599E-02
    NuBT=1
    CPU =0.000080

ITER: 90
    HPWL=9744.606445
    OVFL=0.700032
    HPWL=(6417.329590, 3327.277100)
    POTN=4.688213E+04
    PHIC=2.407221E-07
    GRAD=2.355069E-02
    NuBT=1
    CPU =0.000077

ITER: 91
    HPWL=9744.910156
    OVFL=0.699517
    HPWL=(6417.407715, 3327.502441)
    POTN=4.673700E+04
    PHIC=2.527582E-07
    GRAD=2.359711E-02
    NuBT=1
    CPU =0.000079

ITER: 92
    HPWL=9745.482422
    OVFL=0.699099
    HPWL=(6417.721191, 3327.761475)
    POTN=4.659333E+04
    PHIC=2.653960E-07
    GRAD=2.366081E-02
    NuBT=1
    CPU =0.000081

ITER: 93
    HPWL=9745.991211
    OVFL=0.698390
    HPWL=(6417.956055, 3328.034912)
    POTN=4.648113E+04
    PHIC=2.786658E-07
    GRAD=2.371223E-02
    NuBT=1
    CPU =0.000078

ITER: 94
    HPWL=9746.378906
    OVFL=0.697862
    HPWL=(6418.113281, 3328.265137)
    POTN=4.636845E+04
    PHIC=2.925991E-07
    GRAD=2.379745E-02
    NuBT=1
    CPU =0.000077

ITER: 95
    HPWL=9746.484375
    OVFL=0.697006
    HPWL=(6417.980957, 3328.503906)
    POTN=4.620657E+04
    PHIC=3.072290E-07
    GRAD=2.386264E-02
    NuBT=1
    CPU =0.000078

ITER: 96
    HPWL=9746.857422
    OVFL=0.696230
    HPWL=(6418.012695, 3328.844727)
    POTN=4.588054E+04
    PHIC=3.225904E-07
    GRAD=2.396542E-02
    NuBT=1
    CPU =0.000080

ITER: 97
    HPWL=9747.216797
    OVFL=0.695028
    HPWL=(6418.087402, 3329.128906)
    POTN=4.554920E+04
    PHIC=3.387200E-07
    GRAD=2.406126E-02
    NuBT=1
    CPU =0.000078

ITER: 98
    HPWL=9747.881836
    OVFL=0.693684
    HPWL=(6418.447266, 3329.434814)
    POTN=4.519831E+04
    PHIC=3.556559E-07
    GRAD=2.420954E-02
    NuBT=1
    CPU =0.000079

ITER: 99
    HPWL=9748.214844
    OVFL=0.690872
    HPWL=(6418.453613, 3329.760742)
    POTN=4.482937E+04
    PHIC=3.734387E-07
    GRAD=2.437501E-02
    NuBT=1
    CPU =0.000077

ITER: 100
    HPWL=9747.021484
    OVFL=0.679784
    HPWL=(6417.230469, 3329.791504)
    POTN=4.423120E+04
    PHIC=3.921106E-07
    GRAD=2.472854E-02
    NuBT=2
    CPU =0.000131

ITER: 101
    HPWL=9744.101562
    OVFL=0.671917
    HPWL=(6414.604004, 3329.498047)
    POTN=4.362850E+04
    PHIC=4.117161E-07
    GRAD=2.616554E-02
    NuBT=3
    CPU =0.000155

ITER: 102
    HPWL=9740.411133
    OVFL=0.671605
    HPWL=(6411.313477, 3329.097412)
    POTN=4.305603E+04
    PHIC=4.323019E-07
    GRAD=2.723818E-02
    NuBT=1
    CPU =0.000083

ITER: 103
    HPWL=9741.591797
    OVFL=0.671286
    HPWL=(6412.007324, 3329.584961)
    POTN=4.251684E+04
    PHIC=4.539169E-07
    GRAD=2.728027E-02
    NuBT=1
    CPU =0.000078

ITER: 104
    HPWL=9741.420898
    OVFL=0.670993
    HPWL=(6411.611328, 3329.809570)
    POTN=4.200355E+04
    PHIC=4.766127E-07
    GRAD=2.732506E-02
    NuBT=2
    CPU =0.000116

ITER: 105
    HPWL=9742.928711
    OVFL=0.670634
    HPWL=(6412.589355, 3330.339355)
    POTN=4.152028E+04
    PHIC=5.004433E-07
    GRAD=2.736727E-02
    NuBT=2
    CPU =0.000118

ITER: 106
    HPWL=9743.491211
    OVFL=0.670365
    HPWL=(6412.815918, 3330.675537)
    POTN=4.108269E+04
    PHIC=5.254653E-07
    GRAD=2.741611E-02
    NuBT=2
    CPU =0.000121

ITER: 107
    HPWL=9744.751953
    OVFL=0.670009
    HPWL=(6413.651367, 3331.100098)
    POTN=4.068406E+04
    PHIC=5.517385E-07
    GRAD=2.745368E-02
    NuBT=2
    CPU =0.000117

ITER: 108
    HPWL=9745.815430
    OVFL=0.669722
    HPWL=(6414.303711, 3331.511963)
    POTN=4.031735E+04
    PHIC=5.793253E-07
    GRAD=2.750488E-02
    NuBT=2
    CPU =0.000120

ITER: 109
    HPWL=9746.864258
    OVFL=0.669321
    HPWL=(6414.960938, 3331.903320)
    POTN=3.998747E+04
    PHIC=6.082915E-07
    GRAD=2.754694E-02
    NuBT=2
    CPU =0.000127

ITER: 110
    HPWL=9747.916992
    OVFL=0.669070
    HPWL=(6415.625977, 3332.290771)
    POTN=3.970110E+04
    PHIC=6.387060E-07
    GRAD=2.759965E-02
    NuBT=2
    CPU =0.000120

ITER: 111
    HPWL=9748.731445
    OVFL=0.668634
    HPWL=(6416.075195, 3332.656250)
    POTN=3.944182E+04
    PHIC=6.706412E-07
    GRAD=2.763758E-02
    NuBT=2
    CPU =0.000117

ITER: 112
    HPWL=9749.508789
    OVFL=0.668667
    HPWL=(6416.532227, 3332.976807)
    POTN=3.922137E+04
    PHIC=7.041731E-07
    GRAD=2.769808E-02
    NuBT=2
    CPU =0.000120

ITER: 113
    HPWL=9750.096680
    OVFL=0.668512
    HPWL=(6416.839844, 3333.256592)
    POTN=3.902043E+04
    PHIC=7.393816E-07
    GRAD=2.769501E-02
    NuBT=2
    CPU =0.000118

ITER: 114
    HPWL=9750.537109
    OVFL=0.668559
    HPWL=(6417.070801, 3333.465820)
    POTN=3.885859E+04
    PHIC=7.763506E-07
    GRAD=2.771695E-02
    NuBT=2
    CPU =0.000117

ITER: 115
    HPWL=9750.770508
    OVFL=0.668521
    HPWL=(6417.117676, 3333.653076)
    POTN=3.871783E+04
    PHIC=8.151681E-07
    GRAD=2.771315E-02
    NuBT=2
    CPU =0.000116

ITER: 116
    HPWL=9751.659180
    OVFL=0.668716
    HPWL=(6417.686523, 3333.972900)
    POTN=3.861843E+04
    PHIC=8.559264E-07
    GRAD=2.771723E-02
    NuBT=1
    CPU =0.000079

ITER: 117
    HPWL=9751.828125
    OVFL=0.668932
    HPWL=(6417.681641, 3334.145996)
    POTN=3.853313E+04
    PHIC=8.987226E-07
    GRAD=2.769166E-02
    NuBT=1
    CPU =0.000078

ITER: 118
    HPWL=9751.082031
    OVFL=0.670703
    HPWL=(6416.980469, 3334.101807)
    POTN=3.848846E+04
    PHIC=9.436587E-07
    GRAD=2.765899E-02
    NuBT=1
    CPU =0.000090

ITER: 119
    HPWL=9750.271484
    OVFL=0.672282
    HPWL=(6416.218750, 3334.053223)
    POTN=3.844810E+04
    PHIC=9.908416E-07
    GRAD=2.740894E-02
    NuBT=1
    CPU =0.000079

ITER: 120
    HPWL=9749.479492
    OVFL=0.673479
    HPWL=(6415.511719, 3333.967773)
    POTN=3.843927E+04
    PHIC=1.040384E-06
    GRAD=2.718800E-02
    NuBT=1
    CPU =0.000078

ITER: 121
    HPWL=9749.232422
    OVFL=0.674466
    HPWL=(6415.198730, 3334.034180)
    POTN=3.842736E+04
    PHIC=1.092403E-06
    GRAD=2.701987E-02
    NuBT=1
    CPU =0.000081

ITER: 122
    HPWL=9749.993164
    OVFL=0.675092
    HPWL=(6415.813965, 3334.179199)
    POTN=3.845197E+04
    PHIC=1.147023E-06
    GRAD=2.688556E-02
    NuBT=1
    CPU =0.000078

ITER: 123
    HPWL=9750.104492
    OVFL=0.675566
    HPWL=(6415.881348, 3334.223145)
    POTN=3.847456E+04
    PHIC=1.204374E-06
    GRAD=2.680167E-02
    NuBT=1
    CPU =0.000078

ITER: 124
    HPWL=9749.571289
    OVFL=0.675731
    HPWL=(6415.370605, 3334.200439)
    POTN=3.853316E+04
    PHIC=1.264592E-06
    GRAD=2.673589E-02
    NuBT=1
    CPU =0.000080

ITER: 125
    HPWL=9748.849609
    OVFL=0.675731
    HPWL=(6414.768555, 3334.080566)
    POTN=3.858060E+04
    PHIC=1.327822E-06
    GRAD=2.671313E-02
    NuBT=1
    CPU =0.000078

ITER: 126
    HPWL=9748.480469
    OVFL=0.675369
    HPWL=(6414.442383, 3334.038330)
    POTN=3.865610E+04
    PHIC=1.394213E-06
    GRAD=2.671301E-02
    NuBT=1
    CPU =0.000078

ITER: 127
    HPWL=9748.219727
    OVFL=0.674850
    HPWL=(6414.210449, 3334.009521)
    POTN=3.872042E+04
    PHIC=1.463924E-06
    GRAD=2.676105E-02
    NuBT=1
    CPU =0.000078

ITER: 128
    HPWL=9747.845703
    OVFL=0.674044
    HPWL=(6413.861328, 3333.984131)
    POTN=3.881516E+04
    PHIC=1.537120E-06
    GRAD=2.683442E-02
    NuBT=1
    CPU =0.000077

ITER: 129
    HPWL=9747.218750
    OVFL=0.673114
    HPWL=(6413.314453, 3333.904541)
    POTN=3.889740E+04
    PHIC=1.613976E-06
    GRAD=2.694377E-02
    NuBT=1
    CPU =0.000078

ITER: 130
    HPWL=9746.512695
    OVFL=0.671950
    HPWL=(6412.724609, 3333.787842)
    POTN=3.900421E+04
    PHIC=1.694674E-06
    GRAD=2.707166E-02
    NuBT=1
    CPU =0.000077

ITER: 131
    HPWL=9745.951172
    OVFL=0.671002
    HPWL=(6412.259766, 3333.691650)
    POTN=3.909360E+04
    PHIC=1.779408E-06
    GRAD=2.723091E-02
    NuBT=1
    CPU =0.000095

ITER: 132
    HPWL=9745.278320
    OVFL=0.669825
    HPWL=(6411.678711, 3333.599854)
    POTN=3.920599E+04
    PHIC=1.868378E-06
    GRAD=2.736568E-02
    NuBT=1
    CPU =0.000078

ITER: 133
    HPWL=9744.890625
    OVFL=0.668621
    HPWL=(6411.332031, 3333.558105)
    POTN=3.930234E+04
    PHIC=1.961797E-06
    GRAD=2.752909E-02
    NuBT=1
    CPU =0.000080

ITER: 134
    HPWL=9744.152344
    OVFL=0.667277
    HPWL=(6410.713867, 3333.437988)
    POTN=3.941431E+04
    PHIC=2.059887E-06
    GRAD=2.769733E-02
    NuBT=1
    CPU =0.000078

ITER: 135
    HPWL=9743.120117
    OVFL=0.666106
    HPWL=(6409.854980, 3333.265137)
    POTN=3.949434E+04
    PHIC=2.162881E-06
    GRAD=2.789037E-02
    NuBT=2
    CPU =0.000116

ITER: 136
    HPWL=9742.322266
    OVFL=0.665748
    HPWL=(6409.083984, 3333.238525)
    POTN=3.957793E+04
    PHIC=2.271025E-06
    GRAD=2.805718E-02
    NuBT=1
    CPU =0.000080

ITER: 137
    HPWL=9742.042969
    OVFL=0.665675
    HPWL=(6408.822266, 3333.220703)
    POTN=3.964008E+04
    PHIC=2.384576E-06
    GRAD=2.810739E-02
    NuBT=1
    CPU =0.000077

ITER: 138
    HPWL=9741.587891
    OVFL=0.665658
    HPWL=(6408.324707, 3333.262695)
    POTN=3.969640E+04
    PHIC=2.503805E-06
    GRAD=2.811840E-02
    NuBT=2
    CPU =0.000116

ITER: 139
    HPWL=9741.087891
    OVFL=0.665591
    HPWL=(6407.916992, 3333.170654)
    POTN=3.973029E+04
    PHIC=2.628995E-06
    GRAD=2.812148E-02
    NuBT=2
    CPU =0.000116

ITER: 140
    HPWL=9740.394531
    OVFL=0.665566
    HPWL=(6407.294922, 3333.099121)
    POTN=3.975101E+04
    PHIC=2.760444E-06
    GRAD=2.812903E-02
    NuBT=2
    CPU =0.000115

ITER: 141
    HPWL=9739.984375
    OVFL=0.665511
    HPWL=(6406.999023, 3332.985352)
    POTN=3.975024E+04
    PHIC=2.898466E-06
    GRAD=2.813446E-02
    NuBT=2
    CPU =0.000130

ITER: 142
    HPWL=9739.557617
    OVFL=0.665479
    HPWL=(6406.529785, 3333.028076)
    POTN=3.973484E+04
    PHIC=3.043390E-06
    GRAD=2.814111E-02
    NuBT=2
    CPU =0.000122

ITER: 143
    HPWL=9739.242188
    OVFL=0.665430
    HPWL=(6406.255371, 3332.986572)
    POTN=3.969714E+04
    PHIC=3.195559E-06
    GRAD=2.814642E-02
    NuBT=1
    CPU =0.000078

ITER: 144
    HPWL=9739.144531
    OVFL=0.665386
    HPWL=(6406.076172, 3333.068604)
    POTN=3.963800E+04
    PHIC=3.355337E-06
    GRAD=2.815482E-02
    NuBT=1
    CPU =0.000077

ITER: 145
    HPWL=9739.065430
    OVFL=0.665398
    HPWL=(6405.850586, 3333.214844)
    POTN=3.955071E+04
    PHIC=3.523103E-06
    GRAD=2.815948E-02
    NuBT=1
    CPU =0.000078

ITER: 146
    HPWL=9739.696289
    OVFL=0.667201
    HPWL=(6406.137695, 3333.558838)
    POTN=3.944141E+04
    PHIC=3.699258E-06
    GRAD=2.815876E-02
    NuBT=2
    CPU =0.000115

ITER: 147
    HPWL=9738.166992
    OVFL=0.669062
    HPWL=(6404.937500, 3333.229492)
    POTN=3.933096E+04
    PHIC=3.884221E-06
    GRAD=2.790067E-02
    NuBT=3
    CPU =0.000155

ITER: 148
    HPWL=9737.845703
    OVFL=0.671031
    HPWL=(6404.589355, 3333.255859)
    POTN=3.920889E+04
    PHIC=4.078432E-06
    GRAD=2.763607E-02
    NuBT=1
    CPU =0.000077

ITER: 149
    HPWL=9737.599609
    OVFL=0.673152
    HPWL=(6404.267090, 3333.332031)
    POTN=3.907502E+04
    PHIC=4.282353E-06
    GRAD=2.736038E-02
    NuBT=1
    CPU =0.000077

ITER: 150
    HPWL=9737.400391
    OVFL=0.676050
    HPWL=(6403.913086, 3333.487061)
    POTN=3.892138E+04
    PHIC=4.496470E-06
    GRAD=2.706522E-02
    NuBT=1
    CPU =0.000078

ITER: 151
    HPWL=9737.238281
    OVFL=0.677330
    HPWL=(6403.612793, 3333.625488)
    POTN=3.875100E+04
    PHIC=4.721294E-06
    GRAD=2.666920E-02
    NuBT=2
    CPU =0.000127

ITER: 152
    HPWL=9737.100586
    OVFL=0.678960
    HPWL=(6403.271973, 3333.828857)
    POTN=3.857288E+04
    PHIC=4.957358E-06
    GRAD=2.649567E-02
    NuBT=1
    CPU =0.000079

ITER: 153
    HPWL=9735.978516
    OVFL=0.680911
    HPWL=(6401.938477, 3334.040039)
    POTN=3.837662E+04
    PHIC=5.205226E-06
    GRAD=2.627682E-02
    NuBT=2
    CPU =0.000116

ITER: 154
    HPWL=9736.219727
    OVFL=0.682810
    HPWL=(6401.786621, 3334.432861)
    POTN=3.816921E+04
    PHIC=5.465487E-06
    GRAD=2.601667E-02
    NuBT=2
    CPU =0.000117

ITER: 155
    HPWL=9734.838867
    OVFL=0.684575
    HPWL=(6400.069336, 3334.769531)
    POTN=3.795041E+04
    PHIC=5.738761E-06
    GRAD=2.576513E-02
    NuBT=1
    CPU =0.000079

ITER: 156
    HPWL=9736.222656
    OVFL=0.686008
    HPWL=(6400.765625, 3335.456787)
    POTN=3.770372E+04
    PHIC=6.025698E-06
    GRAD=2.553494E-02
    NuBT=1
    CPU =0.000079

ITER: 157
    HPWL=9734.597656
    OVFL=0.687318
    HPWL=(6398.244629, 3336.353516)
    POTN=3.744827E+04
    PHIC=6.326982E-06
    GRAD=2.534970E-02
    NuBT=2
    CPU =0.000116

ITER: 158
    HPWL=9736.637695
    OVFL=0.687902
    HPWL=(6399.465820, 3337.171631)
    POTN=3.717504E+04
    PHIC=6.643329E-06
    GRAD=2.518063E-02
    NuBT=2
    CPU =0.000117

ITER: 159
    HPWL=9735.376953
    OVFL=0.685873
    HPWL=(6396.984375, 3338.392090)
    POTN=3.679571E+04
    PHIC=6.975495E-06
    GRAD=2.510783E-02
    NuBT=1
    CPU =0.000079

ITER: 160
    HPWL=9737.330078
    OVFL=0.681306
    HPWL=(6398.259277, 3339.070557)
    POTN=3.635739E+04
    PHIC=7.324267E-06
    GRAD=2.536899E-02
    NuBT=2
    CPU =0.000116

ITER: 161
    HPWL=9733.798828
    OVFL=0.676708
    HPWL=(6394.742676, 3339.055908)
    POTN=3.591062E+04
    PHIC=7.690480E-06
    GRAD=2.596513E-02
    NuBT=2
    CPU =0.000125

ITER: 162
    HPWL=9735.259766
    OVFL=0.674929
    HPWL=(6395.632812, 3339.626953)
    POTN=3.545208E+04
    PHIC=8.075001E-06
    GRAD=2.657878E-02
    NuBT=1
    CPU =0.000078

ITER: 163
    HPWL=9734.190430
    OVFL=0.672337
    HPWL=(6393.531250, 3340.659180)
    POTN=3.500970E+04
    PHIC=8.478751E-06
    GRAD=2.682247E-02
    NuBT=1
    CPU =0.000078

ITER: 164
    HPWL=9738.216797
    OVFL=0.670955
    HPWL=(6396.112305, 3342.104004)
    POTN=3.463098E+04
    PHIC=8.902683E-06
    GRAD=2.718027E-02
    NuBT=2
    CPU =0.000115

ITER: 165
    HPWL=9738.060547
    OVFL=0.670735
    HPWL=(6394.320312, 3343.739746)
    POTN=3.429056E+04
    PHIC=9.347817E-06
    GRAD=2.737461E-02
    NuBT=2
    CPU =0.000117

ITER: 166
    HPWL=9743.041016
    OVFL=0.672289
    HPWL=(6397.979492, 3345.062012)
    POTN=3.374654E+04
    PHIC=9.815200E-06
    GRAD=2.740630E-02
    NuBT=2
    CPU =0.000118

ITER: 167
    HPWL=9742.349609
    OVFL=0.671647
    HPWL=(6395.593262, 3346.756348)
    POTN=3.321647E+04
    PHIC=1.030596E-05
    GRAD=2.719026E-02
    NuBT=2
    CPU =0.000117

ITER: 168
    HPWL=9749.833984
    OVFL=0.672306
    HPWL=(6400.233887, 3349.600586)
    POTN=3.277667E+04
    PHIC=1.082125E-05
    GRAD=2.728080E-02
    NuBT=1
    CPU =0.000078

ITER: 169
    HPWL=9746.582031
    OVFL=0.671000
    HPWL=(6394.966797, 3351.615479)
    POTN=3.245203E+04
    PHIC=1.136231E-05
    GRAD=2.718752E-02
    NuBT=2
    CPU =0.000115

ITER: 170
    HPWL=9750.828125
    OVFL=0.675036
    HPWL=(6397.045898, 3353.782471)
    POTN=3.214106E+04
    PHIC=1.193042E-05
    GRAD=2.736803E-02
    NuBT=1
    CPU =0.000082

ITER: 171
    HPWL=9752.097656
    OVFL=0.678632
    HPWL=(6392.495117, 3359.603027)
    POTN=3.184755E+04
    PHIC=1.252693E-05
    GRAD=2.681239E-02
    NuBT=1
    CPU =0.000086

ITER: 172
    HPWL=9759.159180
    OVFL=0.675631
    HPWL=(6394.741211, 3364.417969)
    POTN=3.146915E+04
    PHIC=1.315327E-05
    GRAD=2.632235E-02
    NuBT=1
    CPU =0.000078

ITER: 173
    HPWL=9758.447266
    OVFL=0.663890
    HPWL=(6389.703613, 3368.743408)
    POTN=3.105725E+04
    PHIC=1.381093E-05
    GRAD=2.672962E-02
    NuBT=1
    CPU =0.000078

ITER: 174
    HPWL=9758.103516
    OVFL=0.660698
    HPWL=(6388.388672, 3369.714600)
    POTN=3.064095E+04
    PHIC=1.450147E-05
    GRAD=2.836632E-02
    NuBT=2
    CPU =0.000118

ITER: 175
    HPWL=9758.926758
    OVFL=0.661746
    HPWL=(6386.146973, 3372.779541)
    POTN=3.029952E+04
    PHIC=1.522655E-05
    GRAD=2.883137E-02
    NuBT=1
    CPU =0.000079

ITER: 176
    HPWL=9758.591797
    OVFL=0.662793
    HPWL=(6382.240723, 3376.350586)
    POTN=2.997404E+04
    PHIC=1.598787E-05
    GRAD=2.868448E-02
    NuBT=2
    CPU =0.000115

ITER: 177
    HPWL=9763.626953
    OVFL=0.662874
    HPWL=(6381.302246, 3382.325195)
    POTN=2.960100E+04
    PHIC=1.678725E-05
    GRAD=2.852904E-02
    NuBT=2
    CPU =0.000117

ITER: 178
    HPWL=9766.595703
    OVFL=0.661245
    HPWL=(6378.607422, 3387.988281)
    POTN=2.923307E+04
    PHIC=1.762661E-05
    GRAD=2.852152E-02
    NuBT=2
    CPU =0.000121

ITER: 179
    HPWL=9775.177734
    OVFL=0.658849
    HPWL=(6378.557617, 3396.620361)
    POTN=2.886685E+04
    PHIC=1.850792E-05
    GRAD=2.875754E-02
    NuBT=2
    CPU =0.000117

ITER: 180
    HPWL=9782.913086
    OVFL=0.655379
    HPWL=(6375.507812, 3407.405029)
    POTN=2.851756E+04
    PHIC=1.943329E-05
    GRAD=2.911408E-02
    NuBT=2
    CPU =0.000127

ITER: 181
    HPWL=9793.033203
    OVFL=0.645722
    HPWL=(6375.809082, 3417.223633)
    POTN=2.809714E+04
    PHIC=2.040492E-05
    GRAD=2.962901E-02
    NuBT=2
    CPU =0.000119

ITER: 182
    HPWL=9794.629883
    OVFL=0.631060
    HPWL=(6371.622070, 3423.007812)
    POTN=2.764674E+04
    PHIC=2.142516E-05
    GRAD=3.111896E-02
    NuBT=2
    CPU =0.000115

ITER: 183
    HPWL=9801.863281
    OVFL=0.619250
    HPWL=(6370.044434, 3431.819092)
    POTN=2.721640E+04
    PHIC=2.249640E-05
    GRAD=3.352651E-02
    NuBT=2
    CPU =0.000116

ITER: 184
    HPWL=9808.041016
    OVFL=0.612754
    HPWL=(6368.869629, 3439.171631)
    POTN=2.685235E+04
    PHIC=2.362119E-05
    GRAD=3.560194E-02
    NuBT=1
    CPU =0.000077

ITER: 185
    HPWL=9813.736328
    OVFL=0.610652
    HPWL=(6367.995605, 3445.740967)
    POTN=2.656326E+04
    PHIC=2.480223E-05
    GRAD=3.679649E-02
    NuBT=1
    CPU =0.000076

ITER: 186
    HPWL=9819.734375
    OVFL=0.610175
    HPWL=(6367.844238, 3451.890137)
    POTN=2.635704E+04
    PHIC=2.604232E-05
    GRAD=3.718993E-02
    NuBT=1
    CPU =0.000076

ITER: 187
    HPWL=9823.760742
    OVFL=0.610589
    HPWL=(6368.831543, 3454.929199)
    POTN=2.630180E+04
    PHIC=2.734442E-05
    GRAD=3.728052E-02
    NuBT=2
    CPU =0.000116

ITER: 188
    HPWL=9827.305664
    OVFL=0.611261
    HPWL=(6369.756836, 3457.548584)
    POTN=2.628019E+04
    PHIC=2.871163E-05
    GRAD=3.720280E-02
    NuBT=2
    CPU =0.000117

ITER: 189
    HPWL=9829.386719
    OVFL=0.612118
    HPWL=(6370.737305, 3458.649414)
    POTN=2.627923E+04
    PHIC=3.014720E-05
    GRAD=3.707344E-02
    NuBT=2
    CPU =0.000117

ITER: 190
    HPWL=9830.950195
    OVFL=0.612935
    HPWL=(6371.268555, 3459.681885)
    POTN=2.628809E+04
    PHIC=3.165455E-05
    GRAD=3.691055E-02
    NuBT=2
    CPU =0.000128

ITER: 191
    HPWL=9830.884766
    OVFL=0.613791
    HPWL=(6371.507324, 3459.377441)
    POTN=2.629126E+04
    PHIC=3.323728E-05
    GRAD=3.675843E-02
    NuBT=1
    CPU =0.000079

ITER: 192
    HPWL=9830.198242
    OVFL=0.615199
    HPWL=(6371.045898, 3459.152344)
    POTN=2.629446E+04
    PHIC=3.489914E-05
    GRAD=3.659678E-02
    NuBT=1
    CPU =0.000076

ITER: 193
    HPWL=9828.178711
    OVFL=0.616054
    HPWL=(6370.272461, 3457.906006)
    POTN=2.626097E+04
    PHIC=3.664409E-05
    GRAD=3.633218E-02
    NuBT=1
    CPU =0.000078

ITER: 194
    HPWL=9825.681641
    OVFL=0.616213
    HPWL=(6368.630859, 3457.050781)
    POTN=2.620342E+04
    PHIC=3.847630E-05
    GRAD=3.617338E-02
    NuBT=1
    CPU =0.000077

ITER: 195
    HPWL=9822.376953
    OVFL=0.614658
    HPWL=(6366.621582, 3455.754883)
    POTN=2.607770E+04
    PHIC=4.040011E-05
    GRAD=3.614445E-02
    NuBT=1
    CPU =0.000077

ITER: 196
    HPWL=9818.701172
    OVFL=0.610740
    HPWL=(6364.009277, 3454.691406)
    POTN=2.591681E+04
    PHIC=4.242011E-05
    GRAD=3.642764E-02
    NuBT=2
    CPU =0.000117

ITER: 197
    HPWL=9815.538086
    OVFL=0.605518
    HPWL=(6361.155273, 3454.382812)
    POTN=2.570283E+04
    PHIC=4.454112E-05
    GRAD=3.715724E-02
    NuBT=2
    CPU =0.000117

ITER: 198
    HPWL=9811.855469
    OVFL=0.602648
    HPWL=(6357.217285, 3454.638672)
    POTN=2.546199E+04
    PHIC=4.676817E-05
    GRAD=3.815072E-02
    NuBT=2
    CPU =0.000117

ITER: 199
    HPWL=9810.068359
    OVFL=0.601869
    HPWL=(6353.941895, 3456.125977)
    POTN=2.518320E+04
    PHIC=4.910658E-05
    GRAD=3.870713E-02
    NuBT=1
    CPU =0.000078

ITER: 200
    HPWL=9809.590820
    OVFL=0.600960
    HPWL=(6351.020996, 3458.570068)
    POTN=2.488115E+04
    PHIC=5.156190E-05
    GRAD=3.886226E-02
    NuBT=1
    CPU =0.000077

ITER: 201
    HPWL=9810.051758
    OVFL=0.599930
    HPWL=(6348.632324, 3461.419434)
    POTN=2.462890E+04
    PHIC=5.413999E-05
    GRAD=3.904148E-02
    NuBT=2
    CPU =0.000129

ITER: 202
    HPWL=9812.405273
    OVFL=0.599209
    HPWL=(6347.460938, 3464.944580)
    POTN=2.438527E+04
    PHIC=5.684697E-05
    GRAD=3.924551E-02
    NuBT=1
    CPU =0.000079

ITER: 203
    HPWL=9813.392578
    OVFL=0.598340
    HPWL=(6345.604004, 3467.788574)
    POTN=2.412321E+04
    PHIC=5.968930E-05
    GRAD=3.938591E-02
    NuBT=1
    CPU =0.000079

ITER: 204
    HPWL=9815.986328
    OVFL=0.597200
    HPWL=(6343.566895, 3472.419434)
    POTN=2.382848E+04
    PHIC=6.267375E-05
    GRAD=3.955306E-02
    NuBT=1
    CPU =0.000082

ITER: 205
    HPWL=9816.310547
    OVFL=0.595870
    HPWL=(6340.815918, 3475.494629)
    POTN=2.351636E+04
    PHIC=6.580743E-05
    GRAD=3.977916E-02
    NuBT=1
    CPU =0.000078

ITER: 206
    HPWL=9819.848633
    OVFL=0.594583
    HPWL=(6338.150879, 3481.697998)
    POTN=2.318478E+04
    PHIC=6.909776E-05
    GRAD=4.004340E-02
    NuBT=1
    CPU =0.000077

ITER: 207
    HPWL=9820.531250
    OVFL=0.593161
    HPWL=(6335.316406, 3485.214355)
    POTN=2.283522E+04
    PHIC=7.255264E-05
    GRAD=4.030336E-02
    NuBT=1
    CPU =0.000079

ITER: 208
    HPWL=9826.250000
    OVFL=0.591634
    HPWL=(6332.856934, 3493.393311)
    POTN=2.247668E+04
    PHIC=7.618021E-05
    GRAD=4.059327E-02
    NuBT=1
    CPU =0.000076

ITER: 209
    HPWL=9829.410156
    OVFL=0.589841
    HPWL=(6329.880371, 3499.530273)
    POTN=2.212514E+04
    PHIC=7.998918E-05
    GRAD=4.090415E-02
    NuBT=1
    CPU =0.000078

ITER: 210
    HPWL=9834.833008
    OVFL=0.586191
    HPWL=(6327.417969, 3507.415283)
    POTN=2.176530E+04
    PHIC=8.398857E-05
    GRAD=4.126630E-02
    NuBT=1
    CPU =0.000078

ITER: 211
    HPWL=9839.872070
    OVFL=0.579122
    HPWL=(6324.251953, 3515.620361)
    POTN=2.137953E+04
    PHIC=8.818793E-05
    GRAD=4.202925E-02
    NuBT=1
    CPU =0.000077

ITER: 212
    HPWL=9846.403320
    OVFL=0.570117
    HPWL=(6322.712402, 3523.690674)
    POTN=2.094371E+04
    PHIC=9.259724E-05
    GRAD=4.353683E-02
    NuBT=2
    CPU =0.000117

ITER: 213
    HPWL=9852.190430
    OVFL=0.561522
    HPWL=(6320.827637, 3531.363037)
    POTN=2.052072E+04
    PHIC=9.722702E-05
    GRAD=4.554719E-02
    NuBT=2
    CPU =0.000129

ITER: 214
    HPWL=9861.495117
    OVFL=0.557810
    HPWL=(6324.184082, 3537.310791)
    POTN=2.009861E+04
    PHIC=1.020882E-04
    GRAD=4.754927E-02
    NuBT=1
    CPU =0.000078

ITER: 215
    HPWL=9865.642578
    OVFL=0.556597
    HPWL=(6324.718750, 3540.924072)
    POTN=1.976463E+04
    PHIC=1.071926E-04
    GRAD=4.843954E-02
    NuBT=1
    CPU =0.000078

ITER: 216
    HPWL=9868.061523
    OVFL=0.556353
    HPWL=(6323.868164, 3544.193359)
    POTN=1.948887E+04
    PHIC=1.125522E-04
    GRAD=4.872554E-02
    NuBT=2
    CPU =0.000116

ITER: 217
    HPWL=9867.772461
    OVFL=0.556469
    HPWL=(6321.892578, 3545.879883)
    POTN=1.926861E+04
    PHIC=1.181798E-04
    GRAD=4.878512E-02
    NuBT=2
    CPU =0.000116

ITER: 218
    HPWL=9871.230469
    OVFL=0.555429
    HPWL=(6322.378906, 3548.851318)
    POTN=1.898272E+04
    PHIC=1.240887E-04
    GRAD=4.873234E-02
    NuBT=2
    CPU =0.000117

ITER: 219
    HPWL=9870.521484
    OVFL=0.553833
    HPWL=(6321.566406, 3548.955078)
    POTN=1.865120E+04
    PHIC=1.302931E-04
    GRAD=4.899500E-02
    NuBT=2
    CPU =0.000117

ITER: 220
    HPWL=9874.773438
    OVFL=0.551487
    HPWL=(6321.523438, 3553.250488)
    POTN=1.826611E+04
    PHIC=1.368077E-04
    GRAD=4.937833E-02
    NuBT=1
    CPU =0.000077

ITER: 221
    HPWL=9872.730469
    OVFL=0.546961
    HPWL=(6317.646973, 3555.083984)
    POTN=1.780323E+04
    PHIC=1.436481E-04
    GRAD=4.995119E-02
    NuBT=2
    CPU =0.000117

ITER: 222
    HPWL=9875.393555
    OVFL=0.541451
    HPWL=(6314.647461, 3560.746338)
    POTN=1.729645E+04
    PHIC=1.508304E-04
    GRAD=5.106463E-02
    NuBT=2
    CPU =0.000129

ITER: 223
    HPWL=9876.512695
    OVFL=0.535719
    HPWL=(6311.019043, 3565.493408)
    POTN=1.673609E+04
    PHIC=1.583719E-04
    GRAD=5.248885E-02
    NuBT=2
    CPU =0.000119

ITER: 224
    HPWL=9880.677734
    OVFL=0.531476
    HPWL=(6306.437988, 3574.239990)
    POTN=1.618266E+04
    PHIC=1.662904E-04
    GRAD=5.398568E-02
    NuBT=1
    CPU =0.000078

ITER: 225
    HPWL=9878.519531
    OVFL=0.528484
    HPWL=(6300.822754, 3577.697021)
    POTN=1.563636E+04
    PHIC=1.746049E-04
    GRAD=5.513808E-02
    NuBT=2
    CPU =0.000116

ITER: 226
    HPWL=9881.876953
    OVFL=0.525905
    HPWL=(6297.784180, 3584.092773)
    POTN=1.514029E+04
    PHIC=1.833351E-04
    GRAD=5.592904E-02
    NuBT=1
    CPU =0.000079

ITER: 227
    HPWL=9882.456055
    OVFL=0.523741
    HPWL=(6295.413086, 3587.042969)
    POTN=1.465324E+04
    PHIC=1.925018E-04
    GRAD=5.665675E-02
    NuBT=1
    CPU =0.000077

ITER: 228
    HPWL=9883.748047
    OVFL=0.521168
    HPWL=(6291.917480, 3591.830811)
    POTN=1.416935E+04
    PHIC=2.021268E-04
    GRAD=5.720372E-02
    NuBT=1
    CPU =0.000078

ITER: 229
    HPWL=9879.777344
    OVFL=0.517876
    HPWL=(6289.287109, 3590.489746)
    POTN=1.368317E+04
    PHIC=2.122332E-04
    GRAD=5.793031E-02
    NuBT=1
    CPU =0.000079

ITER: 230
    HPWL=9883.465820
    OVFL=0.513006
    HPWL=(6286.757324, 3596.708496)
    POTN=1.319861E+04
    PHIC=2.228447E-04
    GRAD=5.881163E-02
    NuBT=1
    CPU =0.000079

ITER: 231
    HPWL=9886.781250
    OVFL=0.507205
    HPWL=(6286.021973, 3600.759766)
    POTN=1.269021E+04
    PHIC=2.339868E-04
    GRAD=6.025286E-02
    NuBT=1
    CPU =0.000078

ITER: 232
    HPWL=9885.910156
    OVFL=0.501412
    HPWL=(6281.619629, 3604.291016)
    POTN=1.221063E+04
    PHIC=2.456861E-04
    GRAD=6.191389E-02
    NuBT=2
    CPU =0.000116

ITER: 233
    HPWL=9885.790039
    OVFL=0.496066
    HPWL=(6281.970703, 3603.819092)
    POTN=1.179821E+04
    PHIC=2.579704E-04
    GRAD=6.370869E-02
    NuBT=1
    CPU =0.000092

ITER: 234
    HPWL=9891.269531
    OVFL=0.492943
    HPWL=(6283.420410, 3607.849121)
    POTN=1.145663E+04
    PHIC=2.708687E-04
    GRAD=6.533087E-02
    NuBT=1
    CPU =0.000079

ITER: 235
    HPWL=9888.248047
    OVFL=0.490595
    HPWL=(6283.608398, 3604.639404)
    POTN=1.120515E+04
    PHIC=2.844121E-04
    GRAD=6.633181E-02
    NuBT=2
    CPU =0.000117

ITER: 236
    HPWL=9888.296875
    OVFL=0.489006
    HPWL=(6282.395508, 3605.901855)
    POTN=1.096195E+04
    PHIC=2.986327E-04
    GRAD=6.698773E-02
    NuBT=1
    CPU =0.000078

ITER: 237
    HPWL=9892.982422
    OVFL=0.484793
    HPWL=(6285.658203, 3607.323730)
    POTN=1.075496E+04
    PHIC=3.135641E-04
    GRAD=6.750960E-02
    NuBT=1
    CPU =0.000079

ITER: 238
    HPWL=9896.024414
    OVFL=0.478851
    HPWL=(6285.421387, 3610.602783)
    POTN=1.053443E+04
    PHIC=3.292421E-04
    GRAD=6.877929E-02
    NuBT=1
    CPU =0.000083

ITER: 239
    HPWL=9900.889648
    OVFL=0.474026
    HPWL=(6286.970215, 3613.919678)
    POTN=1.028131E+04
    PHIC=3.457040E-04
    GRAD=7.073274E-02
    NuBT=1
    CPU =0.000078

ITER: 240
    HPWL=9907.720703
    OVFL=0.469652
    HPWL=(6286.335938, 3621.384277)
    POTN=1.005222E+04
    PHIC=3.629889E-04
    GRAD=7.234414E-02
    NuBT=1
    CPU =0.000077

ITER: 241
    HPWL=9908.064453
    OVFL=0.467024
    HPWL=(6287.457520, 3620.606445)
    POTN=9.791453E+03
    PHIC=3.811383E-04
    GRAD=7.388459E-02
    NuBT=1
    CPU =0.000078

ITER: 242
    HPWL=9912.548828
    OVFL=0.465726
    HPWL=(6284.733398, 3627.815430)
    POTN=9.541201E+03
    PHIC=4.001949E-04
    GRAD=7.467227E-02
    NuBT=1
    CPU =0.000078

ITER: 243
    HPWL=9917.128906
    OVFL=0.461046
    HPWL=(6284.145996, 3632.982422)
    POTN=9.170446E+03
    PHIC=4.202044E-04
    GRAD=7.504435E-02
    NuBT=1
    CPU =0.000079

ITER: 244
    HPWL=9920.646484
    OVFL=0.455567
    HPWL=(6282.450195, 3638.196289)
    POTN=8.818752E+03
    PHIC=4.412144E-04
    GRAD=7.665610E-02
    NuBT=2
    CPU =0.000127

ITER: 245
    HPWL=9924.849609
    OVFL=0.450802
    HPWL=(6281.679688, 3643.169922)
    POTN=8.419596E+03
    PHIC=4.632748E-04
    GRAD=7.861594E-02
    NuBT=1
    CPU =0.000082

ITER: 246
    HPWL=9932.782227
    OVFL=0.446001
    HPWL=(6277.495605, 3655.286865)
    POTN=8.041446E+03
    PHIC=4.864380E-04
    GRAD=8.032336E-02
    NuBT=1
    CPU =0.000081

ITER: 247
    HPWL=9937.251953
    OVFL=0.438656
    HPWL=(6276.714355, 3660.537354)
    POTN=7.663526E+03
    PHIC=5.107595E-04
    GRAD=8.208115E-02
    NuBT=1
    CPU =0.000080

ITER: 248
    HPWL=9932.290039
    OVFL=0.432224
    HPWL=(6268.937988, 3663.351807)
    POTN=7.319302E+03
    PHIC=5.362974E-04
    GRAD=8.485138E-02
    NuBT=2
    CPU =0.000117

ITER: 249
    HPWL=9930.443359
    OVFL=0.426804
    HPWL=(6268.288574, 3662.154297)
    POTN=7.019958E+03
    PHIC=5.631123E-04
    GRAD=8.742793E-02
    NuBT=1
    CPU =0.000079

ITER: 250
    HPWL=9927.663086
    OVFL=0.421673
    HPWL=(6262.736816, 3664.926025)
    POTN=6.764036E+03
    PHIC=5.912679E-04
    GRAD=8.946704E-02
    NuBT=1
    CPU =0.000079

ITER: 251
    HPWL=9923.869141
    OVFL=0.418285
    HPWL=(6263.742676, 3660.126221)
    POTN=6.552602E+03
    PHIC=6.208313E-04
    GRAD=9.158043E-02
    NuBT=2
    CPU =0.000117

ITER: 252
    HPWL=9924.964844
    OVFL=0.416303
    HPWL=(6263.174805, 3661.789795)
    POTN=6.390328E+03
    PHIC=6.518727E-04
    GRAD=9.275915E-02
    NuBT=1
    CPU =0.000078

ITER: 253
    HPWL=9928.096680
    OVFL=0.412974
    HPWL=(6267.017090, 3661.079346)
    POTN=6.223197E+03
    PHIC=6.844660E-04
    GRAD=9.351163E-02
    NuBT=1
    CPU =0.000078

ITER: 254
    HPWL=9927.305664
    OVFL=0.408659
    HPWL=(6262.838867, 3664.466797)
    POTN=6.027900E+03
    PHIC=7.186893E-04
    GRAD=9.463405E-02
    NuBT=1
    CPU =0.000077

ITER: 255
    HPWL=9933.435547
    OVFL=0.405316
    HPWL=(6266.936035, 3666.500000)
    POTN=5.810363E+03
    PHIC=7.546230E-04
    GRAD=9.633983E-02
    NuBT=1
    CPU =0.000079

ITER: 256
    HPWL=9935.104492
    OVFL=0.401381
    HPWL=(6262.981934, 3672.122559)
    POTN=5.575584E+03
    PHIC=7.923540E-04
    GRAD=9.757502E-02
    NuBT=1
    CPU =0.000087

ITER: 257
    HPWL=9936.195312
    OVFL=0.396677
    HPWL=(6261.293457, 3674.901855)
    POTN=5.329292E+03
    PHIC=8.319716E-04
    GRAD=9.924668E-02
    NuBT=1
    CPU =0.000081

ITER: 258
    HPWL=9939.612305
    OVFL=0.389040
    HPWL=(6256.009277, 3683.602783)
    POTN=5.065256E+03
    PHIC=8.735697E-04
    GRAD=1.010003E-01
    NuBT=2
    CPU =0.000116

ITER: 259
    HPWL=9939.277344
    OVFL=0.384256
    HPWL=(6253.436035, 3685.841064)
    POTN=4.849004E+03
    PHIC=9.172482E-04
    GRAD=1.044672E-01
    NuBT=2
    CPU =0.000117

ITER: 260
    HPWL=9939.881836
    OVFL=0.380594
    HPWL=(6246.752441, 3693.129639)
    POTN=4.654970E+03
    PHIC=9.631105E-04
    GRAD=1.063541E-01
    NuBT=1
    CPU =0.000078

ITER: 261
    HPWL=9940.679688
    OVFL=0.378559
    HPWL=(6247.569336, 3693.109863)
    POTN=4.518382E+03
    PHIC=1.011266E-03
    GRAD=1.078513E-01
    NuBT=2
    CPU =0.000117

ITER: 262
    HPWL=9943.490234
    OVFL=0.378177
    HPWL=(6243.219238, 3700.270508)
    POTN=4.417645E+03
    PHIC=1.061829E-03
    GRAD=1.083652E-01
    NuBT=1
    CPU =0.000085

ITER: 263
    HPWL=9945.795898
    OVFL=0.377006
    HPWL=(6245.706543, 3700.089111)
    POTN=4.308144E+03
    PHIC=1.114920E-03
    GRAD=1.081505E-01
    NuBT=1
    CPU =0.000079

ITER: 264
    HPWL=9951.345703
    OVFL=0.376192
    HPWL=(6244.461426, 3706.884277)
    POTN=4.163318E+03
    PHIC=1.170665E-03
    GRAD=1.081438E-01
    NuBT=1
    CPU =0.000079

ITER: 265
    HPWL=9955.757812
    OVFL=0.372128
    HPWL=(6245.182617, 3710.575684)
    POTN=3.977643E+03
    PHIC=1.229197E-03
    GRAD=1.081258E-01
    NuBT=1
    CPU =0.000079

ITER: 266
    HPWL=9960.873047
    OVFL=0.368035
    HPWL=(6242.610352, 3718.262695)
    POTN=3.765900E+03
    PHIC=1.290656E-03
    GRAD=1.094982E-01
    NuBT=1
    CPU =0.000078

ITER: 267
    HPWL=9967.824219
    OVFL=0.362509
    HPWL=(6239.583496, 3728.241211)
    POTN=3.546093E+03
    PHIC=1.355187E-03
    GRAD=1.112128E-01
    NuBT=2
    CPU =0.000128

ITER: 268
    HPWL=9980.609375
    OVFL=0.358108
    HPWL=(6235.369141, 3745.239990)
    POTN=3.317032E+03
    PHIC=1.422944E-03
    GRAD=1.132594E-01
    NuBT=1
    CPU =0.000083

ITER: 269
    HPWL=9983.687500
    OVFL=0.355632
    HPWL=(6236.239746, 3747.448242)
    POTN=3.133650E+03
    PHIC=1.494091E-03
    GRAD=1.151136E-01
    NuBT=2
    CPU =0.000117

ITER: 270
    HPWL=9996.984375
    OVFL=0.352454
    HPWL=(6236.352051, 3760.632324)
    POTN=2.945779E+03
    PHIC=1.568792E-03
    GRAD=1.154538E-01
    NuBT=1
    CPU =0.000080

ITER: 271
    HPWL=10002.600586
    OVFL=0.347338
    HPWL=(6232.999023, 3769.601807)
    POTN=2.789394E+03
    PHIC=1.647230E-03
    GRAD=1.166457E-01
    NuBT=1
    CPU =0.000078

ITER: 272
    HPWL=10013.535156
    OVFL=0.343209
    HPWL=(6231.311523, 3782.223145)
    POTN=2.662714E+03
    PHIC=1.729589E-03
    GRAD=1.185554E-01
    NuBT=1
    CPU =0.000084

ITER: 273
    HPWL=10012.768555
    OVFL=0.339341
    HPWL=(6231.623535, 3781.145020)
    POTN=2.545741E+03
    PHIC=1.816068E-03
    GRAD=1.199615E-01
    NuBT=1
    CPU =0.000080

ITER: 274
    HPWL=10021.361328
    OVFL=0.335119
    HPWL=(6231.261719, 3790.099365)
    POTN=2.410608E+03
    PHIC=1.906869E-03
    GRAD=1.209370E-01
    NuBT=1
    CPU =0.000078

ITER: 275
    HPWL=10017.228516
    OVFL=0.332722
    HPWL=(6231.997559, 3785.231445)
    POTN=2.280681E+03
    PHIC=2.002212E-03
    GRAD=1.225075E-01
    NuBT=2
    CPU =0.000117

ITER: 276
    HPWL=10029.653320
    OVFL=0.326220
    HPWL=(6231.161621, 3798.491455)
    POTN=2.108964E+03
    PHIC=2.102319E-03
    GRAD=1.225982E-01
    NuBT=1
    CPU =0.000081

ITER: 277
    HPWL=10027.367188
    OVFL=0.322445
    HPWL=(6231.893555, 3795.474121)
    POTN=1.935756E+03
    PHIC=2.207435E-03
    GRAD=1.253244E-01
    NuBT=1
    CPU =0.000079

ITER: 278
    HPWL=10038.310547
    OVFL=0.316739
    HPWL=(6229.953125, 3808.357666)
    POTN=1.787310E+03
    PHIC=2.317803E-03
    GRAD=1.262826E-01
    NuBT=1
    CPU =0.000104

ITER: 279
    HPWL=10040.369141
    OVFL=0.313037
    HPWL=(6228.686523, 3811.682129)
    POTN=1.649560E+03
    PHIC=2.433692E-03
    GRAD=1.283540E-01
    NuBT=1
    CPU =0.000093

ITER: 280
    HPWL=10062.064453
    OVFL=0.306051
    HPWL=(6229.950684, 3832.114258)
    POTN=1.495732E+03
    PHIC=2.555369E-03
    GRAD=1.291136E-01
    NuBT=1
    CPU =0.000090

ITER: 281
    HPWL=10057.738281
    OVFL=0.302962
    HPWL=(6230.587402, 3827.150635)
    POTN=1.384527E+03
    PHIC=2.683137E-03
    GRAD=1.317889E-01
    NuBT=2
    CPU =0.000127

ITER: 282
    HPWL=10068.601562
    OVFL=0.300441
    HPWL=(6228.939453, 3839.661621)
    POTN=1.291416E+03
    PHIC=2.817290E-03
    GRAD=1.321800E-01
    NuBT=1
    CPU =0.000087

ITER: 283
    HPWL=10058.541992
    OVFL=0.300248
    HPWL=(6227.721680, 3830.820068)
    POTN=1.239646E+03
    PHIC=2.958154E-03
    GRAD=1.322474E-01
    NuBT=2
    CPU =0.000128

ITER: 284
    HPWL=10075.277344
    OVFL=0.295343
    HPWL=(6229.529297, 3845.747559)
    POTN=1.162686E+03
    PHIC=3.106054E-03
    GRAD=1.308027E-01
    NuBT=1
    CPU =0.000081

ITER: 285
    HPWL=10075.100586
    OVFL=0.294928
    HPWL=(6230.876953, 3844.223877)
    POTN=1.106248E+03
    PHIC=3.261357E-03
    GRAD=1.322517E-01
    NuBT=1
    CPU =0.000079

ITER: 286
    HPWL=10089.231445
    OVFL=0.286263
    HPWL=(6228.679688, 3860.552002)
    POTN=1.014781E+03
    PHIC=3.424417E-03
    GRAD=1.307339E-01
    NuBT=1
    CPU =0.000081

ITER: 287
    HPWL=10101.670898
    OVFL=0.279883
    HPWL=(6231.134766, 3870.536133)
    POTN=9.255516E+02
    PHIC=3.595632E-03
    GRAD=1.342394E-01
    NuBT=1
    CPU =0.000081

ITER: 288
    HPWL=10116.094727
    OVFL=0.269150
    HPWL=(6227.726562, 3888.368408)
    POTN=8.605874E+02
    PHIC=3.775406E-03
    GRAD=1.361185E-01
    NuBT=1
    CPU =0.000082

ITER: 289
    HPWL=10111.150391
    OVFL=0.266648
    HPWL=(6228.299316, 3882.850586)
    POTN=8.103503E+02
    PHIC=3.964176E-03
    GRAD=1.406967E-01
    NuBT=2
    CPU =0.000131

ITER: 290
    HPWL=10114.935547
    OVFL=0.259297
    HPWL=(6227.229004, 3887.707031)
    POTN=7.553222E+02
    PHIC=4.162382E-03
    GRAD=1.399852E-01
    NuBT=1
    CPU =0.000078

ITER: 291
    HPWL=10107.511719
    OVFL=0.257430
    HPWL=(6227.479980, 3880.031250)
    POTN=7.246089E+02
    PHIC=4.370501E-03
    GRAD=1.423652E-01
    NuBT=2
    CPU =0.000121

ITER: 292
    HPWL=10105.823242
    OVFL=0.256959
    HPWL=(6227.030273, 3878.792969)
    POTN=7.146579E+02
    PHIC=4.589026E-03
    GRAD=1.416440E-01
    NuBT=1
    CPU =0.000079

ITER: 293
    HPWL=10102.708984
    OVFL=0.254849
    HPWL=(6226.995605, 3875.713379)
    POTN=6.943378E+02
    PHIC=4.818477E-03
    GRAD=1.398878E-01
    NuBT=2
    CPU =0.000122

ITER: 294
    HPWL=10108.132812
    OVFL=0.254274
    HPWL=(6226.698242, 3881.434814)
    POTN=6.694486E+02
    PHIC=5.059397E-03
    GRAD=1.388743E-01
    NuBT=2
    CPU =0.000118

ITER: 295
    HPWL=10116.913086
    OVFL=0.249490
    HPWL=(6227.123047, 3889.790283)
    POTN=6.277191E+02
    PHIC=5.312360E-03
    GRAD=1.370806E-01
    NuBT=1
    CPU =0.000078

ITER: 296
    HPWL=10127.847656
    OVFL=0.244790
    HPWL=(6227.158203, 3900.689941)
    POTN=6.169199E+02
    PHIC=5.577969E-03
    GRAD=1.373698E-01
    NuBT=1
    CPU =0.000080

ITER: 297
    HPWL=10136.519531
    OVFL=0.238171
    HPWL=(6227.697266, 3908.822754)
    POTN=5.891054E+02
    PHIC=5.856860E-03
    GRAD=1.374336E-01
    NuBT=1
    CPU =0.000079

ITER: 298
    HPWL=10141.087891
    OVFL=0.232752
    HPWL=(6227.942383, 3913.145752)
    POTN=5.649852E+02
    PHIC=6.149699E-03
    GRAD=1.386377E-01
    NuBT=1
    CPU =0.000079

ITER: 299
    HPWL=10138.851562
    OVFL=0.229530
    HPWL=(6227.909668, 3910.942383)
    POTN=5.328273E+02
    PHIC=6.457183E-03
    GRAD=1.390712E-01
    NuBT=2
    CPU =0.000124

ITER: 300
    HPWL=10136.519531
    OVFL=0.227097
    HPWL=(6226.862305, 3909.656738)
    POTN=5.130543E+02
    PHIC=6.780042E-03
    GRAD=1.380608E-01
    NuBT=2
    CPU =0.000118

ITER: 301
    HPWL=10139.976562
    OVFL=0.223690
    HPWL=(6227.779785, 3912.196777)
    POTN=4.945374E+02
    PHIC=7.119040E-03
    GRAD=1.365822E-01
    NuBT=1
    CPU =0.000077

ITER: 302
    HPWL=10139.755859
    OVFL=0.221564
    HPWL=(6227.000977, 3912.755371)
    POTN=4.802526E+02
    PHIC=7.474992E-03
    GRAD=1.356045E-01
    NuBT=1
    CPU =0.000081

ITER: 303
    HPWL=10140.700195
    OVFL=0.216907
    HPWL=(6227.500977, 3913.199219)
    POTN=4.518320E+02
    PHIC=7.848741E-03
    GRAD=1.337130E-01
    NuBT=1
    CPU =0.000080

ITER: 304
    HPWL=10144.389648
    OVFL=0.212377
    HPWL=(6226.373535, 3918.015869)
    POTN=4.161566E+02
    PHIC=8.241173E-03
    GRAD=1.331601E-01
    NuBT=1
    CPU =0.000080

ITER: 305
    HPWL=10147.619141
    OVFL=0.206747
    HPWL=(6227.819336, 3919.799316)
    POTN=3.877657E+02
    PHIC=8.653227E-03
    GRAD=1.323704E-01
    NuBT=2
    CPU =0.000115

ITER: 306
    HPWL=10148.400391
    OVFL=0.203666
    HPWL=(6227.865234, 3920.534912)
    POTN=3.626028E+02
    PHIC=9.085887E-03
    GRAD=1.321056E-01
    NuBT=1
    CPU =0.000079

ITER: 307
    HPWL=10145.414062
    OVFL=0.200521
    HPWL=(6226.983398, 3918.430664)
    POTN=3.491639E+02
    PHIC=9.540181E-03
    GRAD=1.305900E-01
    NuBT=2
    CPU =0.000123

ITER: 308
    HPWL=10145.390625
    OVFL=0.198793
    HPWL=(6227.521973, 3917.868896)
    POTN=3.416754E+02
    PHIC=1.001719E-02
    GRAD=1.290953E-01
    NuBT=1
    CPU =0.000079

ITER: 309
    HPWL=10153.496094
    OVFL=0.194632
    HPWL=(6231.003906, 3922.491943)
    POTN=3.287021E+02
    PHIC=1.051804E-02
    GRAD=1.267432E-01
    NuBT=1
    CPU =0.000080

ITER: 310
    HPWL=10158.507812
    OVFL=0.190102
    HPWL=(6233.829590, 3924.677734)
    POTN=3.168349E+02
    PHIC=1.104393E-02
    GRAD=1.254904E-01
    NuBT=1
    CPU =0.000089

ITER: 311
    HPWL=10165.988281
    OVFL=0.185697
    HPWL=(6236.338867, 3929.649170)
    POTN=3.030067E+02
    PHIC=1.159611E-02
    GRAD=1.242833E-01
    NuBT=1
    CPU =0.000079

ITER: 312
    HPWL=10172.560547
    OVFL=0.183870
    HPWL=(6239.595215, 3932.965820)
    POTN=2.887949E+02
    PHIC=1.217591E-02
    GRAD=1.232149E-01
    NuBT=2
    CPU =0.000118

ITER: 313
    HPWL=10176.390625
    OVFL=0.181396
    HPWL=(6239.803711, 3936.586426)
    POTN=2.742125E+02
    PHIC=1.278470E-02
    GRAD=1.207596E-01
    NuBT=1
    CPU =0.000077

ITER: 314
    HPWL=10182.761719
    OVFL=0.180530
    HPWL=(6240.585938, 3942.175293)
    POTN=2.629526E+02
    PHIC=1.342392E-02
    GRAD=1.185808E-01
    NuBT=1
    CPU =0.000082

ITER: 315
    HPWL=10191.234375
    OVFL=0.175575
    HPWL=(6241.883789, 3949.351074)
    POTN=2.482882E+02
    PHIC=1.409509E-02
    GRAD=1.156580E-01
    NuBT=1
    CPU =0.000079

ITER: 316
    HPWL=10197.578125
    OVFL=0.173006
    HPWL=(6242.337402, 3955.240723)
    POTN=2.318559E+02
    PHIC=1.479983E-02
    GRAD=1.143401E-01
    NuBT=1
    CPU =0.000078

ITER: 317
    HPWL=10206.352539
    OVFL=0.169862
    HPWL=(6241.571289, 3964.781494)
    POTN=2.192906E+02
    PHIC=1.553981E-02
    GRAD=1.120830E-01
    NuBT=1
    CPU =0.000079

ITER: 318
    HPWL=10213.443359
    OVFL=0.166547
    HPWL=(6242.395996, 3971.046875)
    POTN=2.036532E+02
    PHIC=1.631678E-02
    GRAD=1.099456E-01
    NuBT=2
    CPU =0.000121

ITER: 319
    HPWL=10215.732422
    OVFL=0.161904
    HPWL=(6242.699707, 3973.032471)
    POTN=1.970234E+02
    PHIC=1.713261E-02
    GRAD=1.078795E-01
    NuBT=1
    CPU =0.000079

ITER: 320
    HPWL=10225.285156
    OVFL=0.158584
    HPWL=(6245.982422, 3979.303223)
    POTN=1.862048E+02
    PHIC=1.798922E-02
    GRAD=1.061729E-01
    NuBT=1
    CPU =0.000079

ITER: 321
    HPWL=10226.234375
    OVFL=0.154728
    HPWL=(6246.632324, 3979.601562)
    POTN=1.772008E+02
    PHIC=1.888867E-02
    GRAD=1.041524E-01
    NuBT=1
    CPU =0.000089

ITER: 322
    HPWL=10234.526367
    OVFL=0.154473
    HPWL=(6257.888184, 3976.638428)
    POTN=1.667807E+02
    PHIC=1.983308E-02
    GRAD=1.022450E-01
    NuBT=1
    CPU =0.000078

ITER: 323
    HPWL=10232.613281
    OVFL=0.152352
    HPWL=(6256.059082, 3976.553711)
    POTN=1.612588E+02
    PHIC=2.082474E-02
    GRAD=9.921220E-02
    NuBT=2
    CPU =0.000117

ITER: 324
    HPWL=10236.213867
    OVFL=0.150445
    HPWL=(6255.185547, 3981.028320)
    POTN=1.519377E+02
    PHIC=2.186596E-02
    GRAD=9.680884E-02
    NuBT=1
    CPU =0.000079

ITER: 325
    HPWL=10234.603516
    OVFL=0.144768
    HPWL=(6252.513672, 3982.090088)
    POTN=1.404239E+02
    PHIC=2.295926E-02
    GRAD=9.414337E-02
    NuBT=1
    CPU =0.000083

ITER: 326
    HPWL=10248.502930
    OVFL=0.137541
    HPWL=(6254.027344, 3994.475342)
    POTN=1.271634E+02
    PHIC=2.410717E-02
    GRAD=9.252782E-02
    NuBT=1
    CPU =0.000079

ITER: 327
    HPWL=10247.406250
    OVFL=0.135432
    HPWL=(6252.088379, 3995.317871)
    POTN=1.216915E+02
    PHIC=2.531253E-02
    GRAD=9.136598E-02
    NuBT=1
    CPU =0.000079

ITER: 328
    HPWL=10257.262695
    OVFL=0.132787
    HPWL=(6253.244141, 4004.018799)
    POTN=1.120815E+02
    PHIC=2.657812E-02
    GRAD=8.883976E-02
    NuBT=1
    CPU =0.000079

ITER: 329
    HPWL=10256.117188
    OVFL=0.131929
    HPWL=(6252.866699, 4003.250000)
    POTN=1.064739E+02
    PHIC=2.790703E-02
    GRAD=8.650532E-02
    NuBT=1
    CPU =0.000079

ITER: 330
    HPWL=10256.086914
    OVFL=0.131669
    HPWL=(6253.541992, 4002.545166)
    POTN=9.906149E+01
    PHIC=2.930238E-02
    GRAD=8.386780E-02
    NuBT=1
    CPU =0.000077

ITER: 331
    HPWL=10253.981445
    OVFL=0.128171
    HPWL=(6247.989258, 4005.992432)
    POTN=9.595770E+01
    PHIC=3.076749E-02
    GRAD=8.085560E-02
    NuBT=2
    CPU =0.000118

ITER: 332
    HPWL=10256.535156
    OVFL=0.127098
    HPWL=(6247.034668, 4009.500732)
    POTN=9.308582E+01
    PHIC=3.230586E-02
    GRAD=7.878412E-02
    NuBT=1
    CPU =0.000080

ITER: 333
    HPWL=10263.453125
    OVFL=0.120261
    HPWL=(6246.813477, 4016.640137)
    POTN=8.530243E+01
    PHIC=3.392111E-02
    GRAD=7.615396E-02
    NuBT=1
    CPU =0.000091

ITER: 334
    HPWL=10272.407227
    OVFL=0.122808
    HPWL=(6255.918457, 4016.488770)
    POTN=8.024713E+01
    PHIC=3.561712E-02
    GRAD=7.467749E-02
    NuBT=1
    CPU =0.000079

ITER: 335
    HPWL=10265.000000
    OVFL=0.122973
    HPWL=(6255.177246, 4009.822266)
    POTN=8.106977E+01
    PHIC=3.739797E-02
    GRAD=7.200227E-02
    NuBT=1
    CPU =0.000079

ITER: 336
    HPWL=10284.535156
    OVFL=0.118795
    HPWL=(6258.618164, 4025.916504)
    POTN=7.102024E+01
    PHIC=3.926776E-02
    GRAD=6.921531E-02
    NuBT=1
    CPU =0.000080

ITER: 337
    HPWL=10280.157227
    OVFL=0.117771
    HPWL=(6256.632812, 4023.524658)
    POTN=6.650417E+01
    PHIC=4.123115E-02
    GRAD=6.757803E-02
    NuBT=1
    CPU =0.000080

ITER: 338
    HPWL=10286.437500
    OVFL=0.112998
    HPWL=(6257.905762, 4028.532227)
    POTN=5.773204E+01
    PHIC=4.329266E-02
    GRAD=6.498387E-02
    NuBT=1
    CPU =0.000079

ITER: 339
    HPWL=10282.367188
    OVFL=0.110030
    HPWL=(6255.371094, 4026.996338)
    POTN=5.577705E+01
    PHIC=4.545730E-02
    GRAD=6.329114E-02
    NuBT=1
    CPU =0.000079

ITER: 340
    HPWL=10278.091797
    OVFL=0.108237
    HPWL=(6257.986816, 4020.105469)
    POTN=5.444749E+01
    PHIC=4.773016E-02
    GRAD=6.141511E-02
    NuBT=2
    CPU =0.000118

ITER: 341
    HPWL=10288.483398
    OVFL=0.104392
    HPWL=(6253.138184, 4035.345459)
    POTN=4.730242E+01
    PHIC=5.011659E-02
    GRAD=5.897696E-02
    NuBT=2
    CPU =0.000119

ITER: 342
    HPWL=10308.568359
    OVFL=0.099517
    HPWL=(6251.982422, 4056.585449)
    POTN=4.303038E+01
    PHIC=5.262227E-02
    GRAD=5.719565E-02
    NuBT=1
    CPU =0.000079
[INFO] Nesterov: NumIters = 342
[INFO] Nesterov: ScaledHpwl = 10308.568359
[INFO] Nesterov: Overflow = 0.099517
[INFO] Nesterov: Potential = 43.030380
[INFO] Nesterov: xInstScaledHpwl = 10291.308594
[INFO] Nesterov: yInstScaledHpwl = 10308.568359
[INFO] Nesterov: HPWL = 3110.262451
