RePlAce Version: 1.0.0

** WARNING: Your Detail Placement Step must be skipped.
              (i.e. this program will be executed as -onlyGP)
     If you want to have DP after GP, please specify -dpflag and -dploc.

[INFO] TargetDensity = 0.400000
[INFO] ExperimentIndex = 0
[INFO] DirectoryPath = /openLANE_flow/designs/cby_0__1_/runs/21-08_00-33//tmp/placement/replace/etc/cby_0__1_.floorplan/experiment000
[PROC] Begin LefParsing ...
[LEF] Parsed 500 number of lines!!
WARNING (LEFPARS-2036): SOURCE statement is obsolete in version 5.6 and later.
The LEF parser will ignore this statement.
To avoid this warning in the future, remove this statement from the LEF file with version 5.6 or later. See file /openLANE_flow/designs/cby_0__1_/runs/21-08_00-33//tmp//merged.lef at line 776.

WARNING (LEFPARS-2036): SOURCE statement is obsolete in version 5.6 and later.
The LEF parser will ignore this statement.
To avoid this warning in the future, remove this statement from the LEF file with version 5.6 or later. See file /openLANE_flow/designs/cby_0__1_/runs/21-08_00-33//tmp//merged.lef at line 903.

[LEF] Parsed 1000 number of lines!!
WARNING (LEFPARS-2036): SOURCE statement is obsolete in version 5.6 and later.
The LEF parser will ignore this statement.
To avoid this warning in the future, remove this statement from the LEF file with version 5.6 or later. See file /openLANE_flow/designs/cby_0__1_/runs/21-08_00-33//tmp//merged.lef at line 1034.

WARNING (LEFPARS-2036): SOURCE statement is obsolete in version 5.6 and later.
The LEF parser will ignore this statement.
To avoid this warning in the future, remove this statement from the LEF file with version 5.6 or later. See file /openLANE_flow/designs/cby_0__1_/runs/21-08_00-33//tmp//merged.lef at line 1204.

WARNING (LEFPARS-2036): SOURCE statement is obsolete in version 5.6 and later.
The LEF parser will ignore this statement.
To avoid this warning in the future, remove this statement from the LEF file with version 5.6 or later. See file /openLANE_flow/designs/cby_0__1_/runs/21-08_00-33//tmp//merged.lef at line 1322.

WARNING (LEFPARS-2036): SOURCE statement is obsolete in version 5.6 and later.
The LEF parser will ignore this statement.
To avoid this warning in the future, remove this statement from the LEF file with version 5.6 or later. See file /openLANE_flow/designs/cby_0__1_/runs/21-08_00-33//tmp//merged.lef at line 1442.

[LEF] Parsed 1500 number of lines!!
WARNING (LEFPARS-2036): SOURCE statement is obsolete in version 5.6 and later.
The LEF parser will ignore this statement.
To avoid this warning in the future, remove this statement from the LEF file with version 5.6 or later. See file /openLANE_flow/designs/cby_0__1_/runs/21-08_00-33//tmp//merged.lef at line 1589.

WARNING (LEFPARS-2036): SOURCE statement is obsolete in version 5.6 and later.
The LEF parser will ignore this statement.
To avoid this warning in the future, remove this statement from the LEF file with version 5.6 or later. See file /openLANE_flow/designs/cby_0__1_/runs/21-08_00-33//tmp//merged.lef at line 1777.

WARNING (LEFPARS-2036): SOURCE statement is obsolete in version 5.6 and later.
The LEF parser will ignore this statement.
To avoid this warning in the future, remove this statement from the LEF file with version 5.6 or later. See file /openLANE_flow/designs/cby_0__1_/runs/21-08_00-33//tmp//merged.lef at line 1886.

WARNING (LEFPARS-2036): SOURCE statement is obsolete in version 5.6 and later.
The LEF parser will ignore this statement.
To avoid this warning in the future, remove this statement from the LEF file with version 5.6 or later. See file /openLANE_flow/designs/cby_0__1_/runs/21-08_00-33//tmp//merged.lef at line 1999.

[LEF] Parsed 2000 number of lines!!
WARNING (LEFPARS-2036): SOURCE statement is obsolete in version 5.6 and later.
The LEF parser will ignore this statement.
To avoid this warning in the future, remove this statement from the LEF file with version 5.6 or later. See file /openLANE_flow/designs/cby_0__1_/runs/21-08_00-33//tmp//merged.lef at line 2148.

WARNING (LEFPARS-2036): SOURCE statement is obsolete in version 5.6 and later.
The LEF parser will ignore this statement.
To avoid this warning in the future, remove this statement from the LEF file with version 5.6 or later. See file /openLANE_flow/designs/cby_0__1_/runs/21-08_00-33//tmp//merged.lef at line 2253.

WARNING (LEFPARS-2036): SOURCE statement is obsolete in version 5.6 and later.
The LEF parser will ignore this statement.
To avoid this warning in the future, remove this statement from the LEF file with version 5.6 or later. See file /openLANE_flow/designs/cby_0__1_/runs/21-08_00-33//tmp//merged.lef at line 2380.

[LEF] Parsed 2500 number of lines!!
WARNING (LEFPARS-2036): SOURCE statement is obsolete in version 5.6 and later.
The LEF parser will ignore this statement.
To avoid this warning in the future, remove this statement from the LEF file with version 5.6 or later. See file /openLANE_flow/designs/cby_0__1_/runs/21-08_00-33//tmp//merged.lef at line 2547.

WARNING (LEFPARS-2036): SOURCE statement is obsolete in version 5.6 and later.
The LEF parser will ignore this statement.
To avoid this warning in the future, remove this statement from the LEF file with version 5.6 or later. See file /openLANE_flow/designs/cby_0__1_/runs/21-08_00-33//tmp//merged.lef at line 2653.

WARNING (LEFPARS-2036): SOURCE statement is obsolete in version 5.6 and later.
The LEF parser will ignore this statement.
To avoid this warning in the future, remove this statement from the LEF file with version 5.6 or later. See file /openLANE_flow/designs/cby_0__1_/runs/21-08_00-33//tmp//merged.lef at line 2770.

WARNING (LEFPARS-2036): SOURCE statement is obsolete in version 5.6 and later.
The LEF parser will ignore this statement.
To avoid this warning in the future, remove this statement from the LEF file with version 5.6 or later. See file /openLANE_flow/designs/cby_0__1_/runs/21-08_00-33//tmp//merged.lef at line 2908.

[LEF] Parsed 3000 number of lines!!
WARNING (LEFPARS-2036): SOURCE statement is obsolete in version 5.6 and later.
The LEF parser will ignore this statement.
To avoid this warning in the future, remove this statement from the LEF file with version 5.6 or later. See file /openLANE_flow/designs/cby_0__1_/runs/21-08_00-33//tmp//merged.lef at line 3005.

WARNING (LEFPARS-2036): SOURCE statement is obsolete in version 5.6 and later.
The LEF parser will ignore this statement.
To avoid this warning in the future, remove this statement from the LEF file with version 5.6 or later. See file /openLANE_flow/designs/cby_0__1_/runs/21-08_00-33//tmp//merged.lef at line 3105.

WARNING (LEFPARS-2036): SOURCE statement is obsolete in version 5.6 and later.
The LEF parser will ignore this statement.
To avoid this warning in the future, remove this statement from the LEF file with version 5.6 or later. See file /openLANE_flow/designs/cby_0__1_/runs/21-08_00-33//tmp//merged.lef at line 3219.

WARNING (LEFPARS-2036): SOURCE statement is obsolete in version 5.6 and later.
The LEF parser will ignore this statement.
To avoid this warning in the future, remove this statement from the LEF file with version 5.6 or later. See file /openLANE_flow/designs/cby_0__1_/runs/21-08_00-33//tmp//merged.lef at line 3361.

WARNING (LEFPARS-2036): SOURCE statement is obsolete in version 5.6 and later.
The LEF parser will ignore this statement.
To avoid this warning in the future, remove this statement from the LEF file with version 5.6 or later. See file /openLANE_flow/designs/cby_0__1_/runs/21-08_00-33//tmp//merged.lef at line 3458.

[LEF] Parsed 3500 number of lines!!
WARNING (LEFPARS-2036): SOURCE statement is obsolete in version 5.6 and later.
The LEF parser will ignore this statement.
To avoid this warning in the future, remove this statement from the LEF file with version 5.6 or later. See file /openLANE_flow/designs/cby_0__1_/runs/21-08_00-33//tmp//merged.lef at line 3561.

WARNING (LEFPARS-2036): SOURCE statement is obsolete in version 5.6 and later.
The LEF parser will ignore this statement.
To avoid this warning in the future, remove this statement from the LEF file with version 5.6 or later. See file /openLANE_flow/designs/cby_0__1_/runs/21-08_00-33//tmp//merged.lef at line 3691.

WARNING (LEFPARS-2036): SOURCE statement is obsolete in version 5.6 and later.
The LEF parser will ignore this statement.
To avoid this warning in the future, remove this statement from the LEF file with version 5.6 or later. See file /openLANE_flow/designs/cby_0__1_/runs/21-08_00-33//tmp//merged.lef at line 3783.

WARNING (LEFPARS-2036): SOURCE statement is obsolete in version 5.6 and later.
The LEF parser will ignore this statement.
To avoid this warning in the future, remove this statement from the LEF file with version 5.6 or later. See file /openLANE_flow/designs/cby_0__1_/runs/21-08_00-33//tmp//merged.lef at line 3887.

[LEF] Parsed 4000 number of lines!!
WARNING (LEFPARS-2036): SOURCE statement is obsolete in version 5.6 and later.
The LEF parser will ignore this statement.
To avoid this warning in the future, remove this statement from the LEF file with version 5.6 or later. See file /openLANE_flow/designs/cby_0__1_/runs/21-08_00-33//tmp//merged.lef at line 4018.

WARNING (LEFPARS-2036): SOURCE statement is obsolete in version 5.6 and later.
The LEF parser will ignore this statement.
To avoid this warning in the future, remove this statement from the LEF file with version 5.6 or later. See file /openLANE_flow/designs/cby_0__1_/runs/21-08_00-33//tmp//merged.lef at line 4148.

WARNING (LEFPARS-2036): SOURCE statement is obsolete in version 5.6 and later.
The LEF parser will ignore this statement.
To avoid this warning in the future, remove this statement from the LEF file with version 5.6 or later. See file /openLANE_flow/designs/cby_0__1_/runs/21-08_00-33//tmp//merged.lef at line 4282.

WARNING (LEFPARS-2036): SOURCE statement is obsolete in version 5.6 and later.
The LEF parser will ignore this statement.
To avoid this warning in the future, remove this statement from the LEF file with version 5.6 or later. See file /openLANE_flow/designs/cby_0__1_/runs/21-08_00-33//tmp//merged.lef at line 4467.

[LEF] Parsed 4500 number of lines!!
[LEF] Parsed 5000 number of lines!!
[LEF] Parsed 5500 number of lines!!
[LEF] Parsed 6000 number of lines!!
[LEF] Parsed 6500 number of lines!!
[LEF] Parsed 7000 number of lines!!
[LEF] Parsed 7500 number of lines!!
[LEF] Parsed 8000 number of lines!!
[LEF] Parsed 8500 number of lines!!
[LEF] Parsed 9000 number of lines!!
[LEF] Parsed 9500 number of lines!!
[LEF] Parsed 10000 number of lines!!
[LEF] Parsed 10500 number of lines!!
[LEF] Parsed 11000 number of lines!!
[LEF] Parsed 11500 number of lines!!
[LEF] Parsed 12000 number of lines!!
[LEF] Parsed 12500 number of lines!!
[LEF] Parsed 13000 number of lines!!
[LEF] Parsed 13500 number of lines!!
[LEF] Parsed 14000 number of lines!!
[LEF] Parsed 14500 number of lines!!
[LEF] Parsed 15000 number of lines!!
[LEF] Parsed 15500 number of lines!!
[LEF] Parsed 16000 number of lines!!
[LEF] Parsed 16500 number of lines!!
[LEF] Parsed 17000 number of lines!!
[LEF] Parsed 17500 number of lines!!
[LEF] Parsed 18000 number of lines!!
[LEF] Parsed 18500 number of lines!!
[LEF] Parsed 19000 number of lines!!
[LEF] Parsed 19500 number of lines!!
[LEF] Parsed 20000 number of lines!!
[LEF] Parsed 20500 number of lines!!
[LEF] Parsed 21000 number of lines!!
[LEF] Parsed 21500 number of lines!!
[LEF] Parsed 22000 number of lines!!
[LEF] Parsed 22500 number of lines!!
[LEF] Parsed 23000 number of lines!!
[LEF] Parsed 23500 number of lines!!
[LEF] Parsed 24000 number of lines!!
[LEF] Parsed 24500 number of lines!!
[LEF] Parsed 25000 number of lines!!
[LEF] Parsed 25500 number of lines!!
[LEF] Parsed 26000 number of lines!!
[LEF] Parsed 26500 number of lines!!
[LEF] Parsed 27000 number of lines!!
[LEF] Parsed 27500 number of lines!!
[LEF] Parsed 28000 number of lines!!
[LEF] Parsed 28500 number of lines!!
[LEF] Parsed 29000 number of lines!!
[LEF] Parsed 29500 number of lines!!
[LEF] Parsed 30000 number of lines!!
[LEF] Parsed 30500 number of lines!!
[LEF] Parsed 31000 number of lines!!
[LEF] Parsed 31500 number of lines!!
[LEF] Parsed 32000 number of lines!!
[LEF] Parsed 32500 number of lines!!
[LEF] Parsed 33000 number of lines!!
[LEF] Parsed 33500 number of lines!!
[LEF] Parsed 34000 number of lines!!
[LEF] Parsed 34500 number of lines!!
[LEF] Parsed 35000 number of lines!!
[LEF] Parsed 35500 number of lines!!
[LEF] Parsed 36000 number of lines!!
[LEF] Parsed 36500 number of lines!!
[LEF] Parsed 37000 number of lines!!
[LEF] Parsed 37500 number of lines!!
[LEF] Parsed 38000 number of lines!!
[LEF] Parsed 38500 number of lines!!
[LEF] Parsed 39000 number of lines!!
[LEF] Parsed 39500 number of lines!!
[LEF] Parsed 40000 number of lines!!
[LEF] Parsed 40500 number of lines!!
[LEF] Parsed 41000 number of lines!!
[LEF] Parsed 41500 number of lines!!
[LEF] Parsed 42000 number of lines!!
[LEF] Parsed 42500 number of lines!!
[LEF] Parsed 43000 number of lines!!
[LEF] Parsed 43500 number of lines!!
[LEF] Parsed 44000 number of lines!!
[LEF] Parsed 44500 number of lines!!
[LEF] Parsed 45000 number of lines!!
[LEF] Parsed 45500 number of lines!!
[LEF] Parsed 46000 number of lines!!
[LEF] Parsed 46500 number of lines!!
[LEF] Parsed 47000 number of lines!!
[LEF] Parsed 47500 number of lines!!
[LEF] Parsed 48000 number of lines!!
[LEF] Parsed 48500 number of lines!!
[LEF] Parsed 49000 number of lines!!
[LEF] Parsed 49500 number of lines!!
[LEF] Parsed 50000 number of lines!!
[LEF] Parsed 50500 number of lines!!
[LEF] Parsed 51000 number of lines!!
[LEF] Parsed 51500 number of lines!!
[LEF] Parsed 52000 number of lines!!
[LEF] Parsed 52500 number of lines!!
[LEF] Parsed 53000 number of lines!!
[LEF] Parsed 53500 number of lines!!
[LEF] Parsed 54000 number of lines!!
[LEF] Parsed 54500 number of lines!!
[LEF] Parsed 55000 number of lines!!
[LEF] Parsed 55500 number of lines!!
[LEF] Parsed 56000 number of lines!!
[LEF] Parsed 56500 number of lines!!
[LEF] Parsed 57000 number of lines!!
[LEF] Parsed 57500 number of lines!!
[LEF] Parsed 58000 number of lines!!
[LEF] Parsed 58500 number of lines!!
[LEF] Parsed 59000 number of lines!!
[LEF] Parsed 59500 number of lines!!
[LEF] Parsed 60000 number of lines!!
[LEF] Parsed 60500 number of lines!!
[LEF] Parsed 61000 number of lines!!
[LEF] Parsed 61500 number of lines!!
[LEF] Parsed 62000 number of lines!!
[PROC] End LefParsing
[PROC] Begin DefParsing ...
WARNING (DEFPARS-7011): The NAMESCASESENSITIVE statement is obsolete in version 5.6 and later.
The DEF parser will ignore this statement. See file /openLANE_flow/designs/cby_0__1_/runs/21-08_00-33//results/floorplan/cby_0__1_.floorplan.def at line 2.

[PROC] End DefParsing
[INFO] DefUnit = 1000
[INFO] LefMetal1Name = li1
[INFO] DefSiteName = unithd
[INFO] ScaleDownUnit = 302.222229
[INFO] OffsetCoordi = (2640.000000, 0.000000)
[INFO] RowSize = (1.522059, 9.000000)
[INFO] NumRows = 34
[INFO] MacroCount = 0
[INFO] NumModules = 84
[INFO] NumTerminals = 226
[INFO] Inserted Dummy Terms = 0
[PROC] Begin Generate Un-fragmented Rows ...
[INFO] CoreAreaLxLy = (27.000000, 36.000000)
[INFO] CoreAreaUxUy = (332.933807, 342.000000)
[INFO] RowSize = (1.522059, 9.000000)
[INFO] NumRows = 34
[PROC] End Generate Un-fragmented Rows
[PROC] Begin DEF Net Parsing ...
[INFO] NumNets = 161
[INFO] NumPins = 376
[PROC] End DEF Net Parsing
[PROC] LEF/DEF Parsing Success!
[INFO] AspectRatio = 1.000216
[INFO] RowMinXY = (27.000000, 36.000000)
[INFO] RowMaxXY = (332.933838, 342.000000)
[INFO] NumPlaceStdCells = 84
[INFO] NumPlaceMacros = 0
[INFO] RowSize = (1.522059, 9.000000)
[INFO] NumRows = 34
[INFO] GlobalAreaLxLy = (9.496324, 6.617647)
[INFO] GlobalAreaUxUy = (350.437500, 372.226105)
[INFO] PlaceAreaLxLy = (27.000000, 36.000000)
[INFO] PlaceAreaUxUy = (332.933838, 342.000000)
[INFO] TotalPlaceArea = 93615.757812
[INFO] TotalFixedArea = 4273.926270
[INFO] TotalWhiteSpaceArea = 89341.828125
[INFO] TotalPlaceMacrosArea = 0.000000
[INFO] TotalPlaceStdCellsArea = 28246.361328
[INFO] Util(%) = 30.172657
[INFO] 80pCellArea = 340.271393
[INFO] FillerInit: TotalFillerArea = 7490.369141
[INFO] FillerInit: NumFillerCells = 22
[INFO] FillerInit: FillerCellArea = 340.271545
[INFO] FillerInit: FillerCellSize = (37.807949, 9.000000)
[INFO] FillerInit: NumCells = 106
[INFO] FillerInit: NumModules = 84
[INFO] FillerInit: NumFillers = 22
INFO:  D_MSH = 1024 
INFO:  MSH(X, Y) = (32, 32)
[INFO] TierInit: TierUtil = 0.301727
[INFO] TierInit: NumModules = 84
[INFO] TierInit: PlaceArea = 93615.757812
[INFO] TierInit: CoreSpacingArea = 0.000000
[INFO] TierInit: TerminalArea = 4273.926270
[INFO] TierInit: ModuleArea = 28246.361328
[INFO] TierInit: FillerArea = 7490.369141
[INFO] TierInit: NumFillers = 22
[INFO] TierInit: FillerMinIdx = 84
[INFO] TierInit: FillerMaxIdx = 106
INFO:  dim_bin_cGP2D.(x,y) = (8, 8)
cell Init 2D:
tier->bin_stp: (38.2417 38.25)
tier->half_bin_stp: (19.1209 19.125)
PROC:  Start NESTEROV's Optimization
PROC:    Global Lagrangian Multiplier is Applied

ITER: 0
    HPWL=16952.921875
    OVFL=0.922737
    HPWL=(8771.812500, 8181.109375)
    POTN=3.882361E+05
    PHIC=2.006576E-09
    GRAD=2.913155E-02
    NuBT=0
    CPU =0.000000

ITER: 1
    HPWL=16952.847656
    OVFL=0.922737
    HPWL=(8771.769531, 8181.077637)
    POTN=3.882349E+05
    PHIC=2.106905E-09
    GRAD=4.318829E-02
    NuBT=1
    CPU =0.000111

ITER: 2
    HPWL=16952.554688
    OVFL=0.922737
    HPWL=(8771.598633, 8180.955566)
    POTN=3.882304E+05
    PHIC=2.212250E-09
    GRAD=4.318752E-02
    NuBT=1
    CPU =0.000052

ITER: 3
    HPWL=8911.402344
    OVFL=0.771239
    HPWL=(4142.013184, 4769.389160)
    POTN=2.718351E+05
    PHIC=2.322862E-09
    GRAD=7.392783E-03
    NuBT=1
    CPU =0.000051

ITER: 4
    HPWL=9078.566406
    OVFL=0.766093
    HPWL=(4232.797852, 4845.768555)
    POTN=2.651462E+05
    PHIC=2.438948E-09
    GRAD=1.798336E-02
    NuBT=3
    CPU =0.000130

ITER: 5
    HPWL=8974.544922
    OVFL=0.765442
    HPWL=(4180.071777, 4794.473145)
    POTN=2.632564E+05
    PHIC=2.560895E-09
    GRAD=1.674769E-02
    NuBT=1
    CPU =0.000052

ITER: 6
    HPWL=8950.261719
    OVFL=0.756908
    HPWL=(4165.394531, 4784.867188)
    POTN=2.603578E+05
    PHIC=2.688940E-09
    GRAD=1.650681E-02
    NuBT=2
    CPU =0.000175

ITER: 7
    HPWL=8925.740234
    OVFL=0.749594
    HPWL=(4150.619141, 4775.121582)
    POTN=2.529487E+05
    PHIC=2.823387E-09
    GRAD=1.708530E-02
    NuBT=1
    CPU =0.000056

ITER: 8
    HPWL=8923.600586
    OVFL=0.743701
    HPWL=(4149.376465, 4774.224121)
    POTN=2.473721E+05
    PHIC=2.964556E-09
    GRAD=1.771858E-02
    NuBT=1
    CPU =0.000056

ITER: 9
    HPWL=8927.886719
    OVFL=0.735230
    HPWL=(4151.996094, 4775.890625)
    POTN=2.394651E+05
    PHIC=3.112782E-09
    GRAD=1.826913E-02
    NuBT=2
    CPU =0.000092

ITER: 10
    HPWL=8924.820312
    OVFL=0.729650
    HPWL=(4150.226562, 4774.594238)
    POTN=2.343131E+05
    PHIC=3.268421E-09
    GRAD=1.906531E-02
    NuBT=2
    CPU =0.000092

ITER: 11
    HPWL=8926.228516
    OVFL=0.723142
    HPWL=(4151.153320, 4775.075684)
    POTN=2.272535E+05
    PHIC=3.431841E-09
    GRAD=1.961609E-02
    NuBT=1
    CPU =0.000056

ITER: 12
    HPWL=8924.923828
    OVFL=0.716938
    HPWL=(4150.453613, 4774.469727)
    POTN=2.216999E+05
    PHIC=3.603433E-09
    GRAD=2.027352E-02
    NuBT=2
    CPU =0.000091

ITER: 13
    HPWL=8926.160156
    OVFL=0.709829
    HPWL=(4151.324707, 4774.835449)
    POTN=2.148110E+05
    PHIC=3.783603E-09
    GRAD=2.092648E-02
    NuBT=1
    CPU =0.000056

ITER: 14
    HPWL=8924.930664
    OVFL=0.705806
    HPWL=(4150.672363, 4774.258301)
    POTN=2.102665E+05
    PHIC=3.972783E-09
    GRAD=2.169757E-02
    NuBT=2
    CPU =0.000091

ITER: 15
    HPWL=8925.837891
    OVFL=0.701389
    HPWL=(4151.320801, 4774.517578)
    POTN=2.045515E+05
    PHIC=4.171421E-09
    GRAD=2.214705E-02
    NuBT=1
    CPU =0.000055

ITER: 16
    HPWL=8927.382812
    OVFL=0.697562
    HPWL=(4152.383789, 4774.999023)
    POTN=2.007087E+05
    PHIC=4.379991E-09
    GRAD=2.265405E-02
    NuBT=2
    CPU =0.000091

ITER: 17
    HPWL=8928.748047
    OVFL=0.693151
    HPWL=(4153.298340, 4775.449219)
    POTN=1.958353E+05
    PHIC=4.598990E-09
    GRAD=2.310389E-02
    NuBT=2
    CPU =0.000121

ITER: 18
    HPWL=8929.594727
    OVFL=0.685841
    HPWL=(4153.925781, 4775.668945)
    POTN=1.875979E+05
    PHIC=4.828938E-09
    GRAD=2.362951E-02
    NuBT=2
    CPU =0.000139

ITER: 19
    HPWL=8928.826172
    OVFL=0.683623
    HPWL=(4153.553223, 4775.272461)
    POTN=1.787915E+05
    PHIC=5.070385E-09
    GRAD=2.452076E-02
    NuBT=2
    CPU =0.000172

ITER: 20
    HPWL=8931.271484
    OVFL=0.682733
    HPWL=(4155.170898, 4776.101074)
    POTN=1.726910E+05
    PHIC=5.323902E-09
    GRAD=2.480747E-02
    NuBT=1
    CPU =0.000102

ITER: 21
    HPWL=8933.498047
    OVFL=0.681146
    HPWL=(4156.646484, 4776.851074)
    POTN=1.664307E+05
    PHIC=5.590095E-09
    GRAD=2.492460E-02
    NuBT=2
    CPU =0.000171

ITER: 22
    HPWL=8934.853516
    OVFL=0.687496
    HPWL=(4157.609375, 4777.243652)
    POTN=1.626212E+05
    PHIC=5.869598E-09
    GRAD=2.512897E-02
    NuBT=2
    CPU =0.000170

ITER: 23
    HPWL=8938.564453
    OVFL=0.686543
    HPWL=(4160.000977, 4778.562988)
    POTN=1.568467E+05
    PHIC=6.163074E-09
    GRAD=2.434020E-02
    NuBT=1
    CPU =0.000098

ITER: 24
    HPWL=8937.779297
    OVFL=0.685257
    HPWL=(4159.654785, 4778.125000)
    POTN=1.536728E+05
    PHIC=6.471228E-09
    GRAD=2.445439E-02
    NuBT=1
    CPU =0.000092

ITER: 25
    HPWL=8938.234375
    OVFL=0.682957
    HPWL=(4160.068359, 4778.165527)
    POTN=1.494719E+05
    PHIC=6.794788E-09
    GRAD=2.461423E-02
    NuBT=1
    CPU =0.000114

ITER: 26
    HPWL=8940.677734
    OVFL=0.680079
    HPWL=(4161.703125, 4778.974609)
    POTN=1.476051E+05
    PHIC=7.134525E-09
    GRAD=2.491157E-02
    NuBT=1
    CPU =0.000093

ITER: 27
    HPWL=8942.425781
    OVFL=0.675999
    HPWL=(4162.989258, 4779.436523)
    POTN=1.445117E+05
    PHIC=7.491249E-09
    GRAD=2.528544E-02
    NuBT=1
    CPU =0.000092

ITER: 28
    HPWL=8940.625000
    OVFL=0.674935
    HPWL=(4163.097656, 4777.527344)
    POTN=1.406022E+05
    PHIC=7.865810E-09
    GRAD=2.581449E-02
    NuBT=1
    CPU =0.000091

ITER: 29
    HPWL=8937.512695
    OVFL=0.673758
    HPWL=(4162.735840, 4774.776855)
    POTN=1.349771E+05
    PHIC=8.259100E-09
    GRAD=2.594857E-02
    NuBT=1
    CPU =0.000091

ITER: 30
    HPWL=8935.390625
    OVFL=0.673731
    HPWL=(4163.148438, 4772.242676)
    POTN=1.324558E+05
    PHIC=8.672055E-09
    GRAD=2.610487E-02
    NuBT=1
    CPU =0.000092

ITER: 31
    HPWL=8934.326172
    OVFL=0.671810
    HPWL=(4164.242188, 4770.083496)
    POTN=1.296554E+05
    PHIC=9.105658E-09
    GRAD=2.611108E-02
    NuBT=1
    CPU =0.000091

ITER: 32
    HPWL=8932.681641
    OVFL=0.676382
    HPWL=(4165.003906, 4767.677734)
    POTN=1.274641E+05
    PHIC=9.560940E-09
    GRAD=2.637366E-02
    NuBT=1
    CPU =0.000059

ITER: 33
    HPWL=8930.104492
    OVFL=0.675747
    HPWL=(4165.149414, 4764.955078)
    POTN=1.240640E+05
    PHIC=1.003899E-08
    GRAD=2.576183E-02
    NuBT=1
    CPU =0.000050

ITER: 34
    HPWL=8925.197266
    OVFL=0.676435
    HPWL=(4163.803223, 4761.393555)
    POTN=1.228956E+05
    PHIC=1.054094E-08
    GRAD=2.583547E-02
    NuBT=1
    CPU =0.000056

ITER: 35
    HPWL=8923.510742
    OVFL=0.674683
    HPWL=(4164.430176, 4759.080566)
    POTN=1.210897E+05
    PHIC=1.106798E-08
    GRAD=2.574575E-02
    NuBT=1
    CPU =0.000049

ITER: 36
    HPWL=8923.837891
    OVFL=0.673647
    HPWL=(4166.276855, 4757.561035)
    POTN=1.212467E+05
    PHIC=1.162138E-08
    GRAD=2.598436E-02
    NuBT=1
    CPU =0.000050

ITER: 37
    HPWL=8922.750000
    OVFL=0.668669
    HPWL=(4167.210449, 4755.540039)
    POTN=1.196983E+05
    PHIC=1.220245E-08
    GRAD=2.612659E-02
    NuBT=1
    CPU =0.000049

ITER: 38
    HPWL=8919.201172
    OVFL=0.669649
    HPWL=(4166.565430, 4752.636230)
    POTN=1.177067E+05
    PHIC=1.281257E-08
    GRAD=2.679091E-02
    NuBT=1
    CPU =0.000049

ITER: 39
    HPWL=8915.095703
    OVFL=0.669467
    HPWL=(4165.558594, 4749.537109)
    POTN=1.156190E+05
    PHIC=1.345320E-08
    GRAD=2.664961E-02
    NuBT=1
    CPU =0.000064

ITER: 40
    HPWL=8912.781250
    OVFL=0.670206
    HPWL=(4165.643066, 4747.138184)
    POTN=1.158627E+05
    PHIC=1.412586E-08
    GRAD=2.666995E-02
    NuBT=1
    CPU =0.000049

ITER: 41
    HPWL=8912.194336
    OVFL=0.669285
    HPWL=(4166.774414, 4745.419922)
    POTN=1.161071E+05
    PHIC=1.483215E-08
    GRAD=2.657560E-02
    NuBT=1
    CPU =0.000050

ITER: 42
    HPWL=8910.689453
    OVFL=0.673367
    HPWL=(4167.253418, 4743.435547)
    POTN=1.157703E+05
    PHIC=1.557376E-08
    GRAD=2.670377E-02
    NuBT=1
    CPU =0.000049

ITER: 43
    HPWL=8907.841797
    OVFL=0.673777
    HPWL=(4166.914551, 4740.927246)
    POTN=1.142924E+05
    PHIC=1.635244E-08
    GRAD=2.614669E-02
    NuBT=1
    CPU =0.000048

ITER: 44
    HPWL=8903.000000
    OVFL=0.674684
    HPWL=(4165.275391, 4737.724609)
    POTN=1.143694E+05
    PHIC=1.717006E-08
    GRAD=2.608292E-02
    NuBT=1
    CPU =0.000050

ITER: 45
    HPWL=8901.177734
    OVFL=0.673402
    HPWL=(4165.488281, 4735.689453)
    POTN=1.139358E+05
    PHIC=1.802857E-08
    GRAD=2.595956E-02
    NuBT=1
    CPU =0.000050

ITER: 46
    HPWL=8901.179688
    OVFL=0.672591
    HPWL=(4166.794434, 4734.385254)
    POTN=1.149011E+05
    PHIC=1.893000E-08
    GRAD=2.613788E-02
    NuBT=1
    CPU =0.000049

ITER: 47
    HPWL=8900.031250
    OVFL=0.670317
    HPWL=(4167.361328, 4732.669922)
    POTN=1.152799E+05
    PHIC=1.987649E-08
    GRAD=2.624826E-02
    NuBT=1
    CPU =0.000049

ITER: 48
    HPWL=8896.665039
    OVFL=0.671246
    HPWL=(4166.491211, 4730.173828)
    POTN=1.166639E+05
    PHIC=2.087032E-08
    GRAD=2.654709E-02
    NuBT=1
    CPU =0.000049

ITER: 49
    HPWL=8893.069336
    OVFL=0.671983
    HPWL=(4165.486328, 4727.583008)
    POTN=1.159106E+05
    PHIC=2.191383E-08
    GRAD=2.641549E-02
    NuBT=1
    CPU =0.000049

ITER: 50
    HPWL=8890.638672
    OVFL=0.672201
    HPWL=(4165.118164, 4725.520508)
    POTN=1.165609E+05
    PHIC=2.300952E-08
    GRAD=2.631431E-02
    NuBT=1
    CPU =0.000049

ITER: 51
    HPWL=8889.238281
    OVFL=0.672029
    HPWL=(4165.384766, 4723.853516)
    POTN=1.172056E+05
    PHIC=2.416000E-08
    GRAD=2.628354E-02
    NuBT=1
    CPU =0.000048

ITER: 52
    HPWL=8887.863281
    OVFL=0.672204
    HPWL=(4165.601562, 4722.261719)
    POTN=1.191686E+05
    PHIC=2.536800E-08
    GRAD=2.630983E-02
    NuBT=1
    CPU =0.000049

ITER: 53
    HPWL=8885.419922
    OVFL=0.672226
    HPWL=(4165.132812, 4720.286621)
    POTN=1.209128E+05
    PHIC=2.663640E-08
    GRAD=2.628029E-02
    NuBT=1
    CPU =0.000049

ITER: 54
    HPWL=8882.607422
    OVFL=0.672577
    HPWL=(4164.405273, 4718.202148)
    POTN=1.223178E+05
    PHIC=2.796821E-08
    GRAD=2.627415E-02
    NuBT=1
    CPU =0.000049

ITER: 55
    HPWL=8880.277344
    OVFL=0.674110
    HPWL=(4163.933105, 4716.344727)
    POTN=1.221717E+05
    PHIC=2.936662E-08
    GRAD=2.622442E-02
    NuBT=1
    CPU =0.000049

ITER: 56
    HPWL=8878.525391
    OVFL=0.675090
    HPWL=(4163.780273, 4714.745605)
    POTN=1.226753E+05
    PHIC=3.083495E-08
    GRAD=2.601761E-02
    NuBT=1
    CPU =0.000048

ITER: 57
    HPWL=8876.333984
    OVFL=0.675837
    HPWL=(4163.299805, 4713.034180)
    POTN=1.229381E+05
    PHIC=3.237670E-08
    GRAD=2.588682E-02
    NuBT=1
    CPU =0.000050

ITER: 58
    HPWL=8874.223633
    OVFL=0.676193
    HPWL=(4162.823730, 4711.399902)
    POTN=1.238032E+05
    PHIC=3.399553E-08
    GRAD=2.578724E-02
    NuBT=1
    CPU =0.000049

ITER: 59
    HPWL=8872.345703
    OVFL=0.676439
    HPWL=(4162.473633, 4709.872070)
    POTN=1.244350E+05
    PHIC=3.569531E-08
    GRAD=2.573931E-02
    NuBT=1
    CPU =0.000089

ITER: 60
    HPWL=8870.632812
    OVFL=0.677374
    HPWL=(4162.167480, 4708.465820)
    POTN=1.255579E+05
    PHIC=3.748007E-08
    GRAD=2.570448E-02
    NuBT=1
    CPU =0.000080

ITER: 61
    HPWL=8868.760742
    OVFL=0.677660
    HPWL=(4161.726074, 4707.034668)
    POTN=1.264411E+05
    PHIC=3.935407E-08
    GRAD=2.558023E-02
    NuBT=1
    CPU =0.000077

ITER: 62
    HPWL=8866.627930
    OVFL=0.677997
    HPWL=(4161.045410, 4705.582520)
    POTN=1.276939E+05
    PHIC=4.132178E-08
    GRAD=2.554056E-02
    NuBT=1
    CPU =0.000077

ITER: 63
    HPWL=8864.789062
    OVFL=0.677948
    HPWL=(4160.498047, 4704.291016)
    POTN=1.287231E+05
    PHIC=4.338786E-08
    GRAD=2.549489E-02
    NuBT=1
    CPU =0.000076

ITER: 64
    HPWL=8863.224609
    OVFL=0.677806
    HPWL=(4160.083008, 4703.142090)
    POTN=1.299794E+05
    PHIC=4.555725E-08
    GRAD=2.549973E-02
    NuBT=1
    CPU =0.000082

ITER: 65
    HPWL=8861.659180
    OVFL=0.678016
    HPWL=(4159.657227, 4702.001953)
    POTN=1.308423E+05
    PHIC=4.783512E-08
    GRAD=2.551887E-02
    NuBT=1
    CPU =0.000068

ITER: 66
    HPWL=8859.941406
    OVFL=0.678789
    HPWL=(4159.057617, 4700.883789)
    POTN=1.314105E+05
    PHIC=5.022687E-08
    GRAD=2.548914E-02
    NuBT=1
    CPU =0.000084

ITER: 67
    HPWL=8858.126953
    OVFL=0.679361
    HPWL=(4158.395508, 4699.731934)
    POTN=1.318440E+05
    PHIC=5.273821E-08
    GRAD=2.538883E-02
    NuBT=1
    CPU =0.000058

ITER: 68
    HPWL=8856.484375
    OVFL=0.679991
    HPWL=(4157.729004, 4698.755371)
    POTN=1.324582E+05
    PHIC=5.537512E-08
    GRAD=2.531204E-02
    NuBT=1
    CPU =0.000064

ITER: 69
    HPWL=8855.093750
    OVFL=0.680391
    HPWL=(4157.240723, 4697.852539)
    POTN=1.329527E+05
    PHIC=5.814388E-08
    GRAD=2.523201E-02
    NuBT=1
    CPU =0.000051

ITER: 70
    HPWL=8853.802734
    OVFL=0.680791
    HPWL=(4156.693359, 4697.109863)
    POTN=1.335391E+05
    PHIC=6.105107E-08
    GRAD=2.518003E-02
    NuBT=1
    CPU =0.000049

ITER: 71
    HPWL=8852.554688
    OVFL=0.681038
    HPWL=(4156.184082, 4696.371094)
    POTN=1.339924E+05
    PHIC=6.410362E-08
    GRAD=2.512693E-02
    NuBT=1
    CPU =0.000049

ITER: 72
    HPWL=8851.257812
    OVFL=0.681331
    HPWL=(4155.559082, 4695.698730)
    POTN=1.344841E+05
    PHIC=6.730880E-08
    GRAD=2.509408E-02
    NuBT=1
    CPU =0.000049

ITER: 73
    HPWL=8850.183594
    OVFL=0.681491
    HPWL=(4155.074219, 4695.109375)
    POTN=1.348438E+05
    PHIC=7.067423E-08
    GRAD=2.505645E-02
    NuBT=1
    CPU =0.000048

ITER: 74
    HPWL=8849.103516
    OVFL=0.681681
    HPWL=(4154.521973, 4694.581055)
    POTN=1.351865E+05
    PHIC=7.420794E-08
    GRAD=2.503694E-02
    NuBT=1
    CPU =0.000066

ITER: 75
    HPWL=8848.183594
    OVFL=0.681769
    HPWL=(4154.089844, 4694.093750)
    POTN=1.353966E+05
    PHIC=7.791833E-08
    GRAD=2.501122E-02
    NuBT=1
    CPU =0.000049

ITER: 76
    HPWL=8847.375000
    OVFL=0.681866
    HPWL=(4153.641113, 4693.733887)
    POTN=1.355558E+05
    PHIC=8.181424E-08
    GRAD=2.499864E-02
    NuBT=1
    CPU =0.000049

ITER: 77
    HPWL=8846.666016
    OVFL=0.681888
    HPWL=(4153.267578, 4693.398926)
    POTN=1.356070E+05
    PHIC=8.590495E-08
    GRAD=2.498884E-02
    NuBT=1
    CPU =0.000048

ITER: 78
    HPWL=8846.118164
    OVFL=0.681904
    HPWL=(4152.944824, 4693.173340)
    POTN=1.355878E+05
    PHIC=9.020020E-08
    GRAD=2.498695E-02
    NuBT=1
    CPU =0.000049

ITER: 79
    HPWL=8845.884766
    OVFL=0.681862
    HPWL=(4152.782227, 4693.102051)
    POTN=1.354605E+05
    PHIC=9.471020E-08
    GRAD=2.498262E-02
    NuBT=1
    CPU =0.000050

ITER: 80
    HPWL=8846.188477
    OVFL=0.681803
    HPWL=(4152.862305, 4693.326172)
    POTN=1.352316E+05
    PHIC=9.944571E-08
    GRAD=2.498907E-02
    NuBT=1
    CPU =0.000048

ITER: 81
    HPWL=8847.489258
    OVFL=0.681655
    HPWL=(4153.587891, 4693.901367)
    POTN=1.348470E+05
    PHIC=1.044180E-07
    GRAD=2.499452E-02
    NuBT=1
    CPU =0.000050

ITER: 82
    HPWL=8848.014648
    OVFL=0.681533
    HPWL=(4153.701172, 4694.313477)
    POTN=1.344412E+05
    PHIC=1.096388E-07
    GRAD=2.501397E-02
    NuBT=2
    CPU =0.000085

ITER: 83
    HPWL=8849.000977
    OVFL=0.681322
    HPWL=(4154.179688, 4694.821289)
    POTN=1.339239E+05
    PHIC=1.151208E-07
    GRAD=2.503039E-02
    NuBT=1
    CPU =0.000049

ITER: 84
    HPWL=8849.765625
    OVFL=0.681151
    HPWL=(4154.416016, 4695.349609)
    POTN=1.334036E+05
    PHIC=1.208768E-07
    GRAD=2.505682E-02
    NuBT=2
    CPU =0.000085

ITER: 85
    HPWL=8850.940430
    OVFL=0.680874
    HPWL=(4154.909180, 4696.031250)
    POTN=1.327926E+05
    PHIC=1.269206E-07
    GRAD=2.507893E-02
    NuBT=1
    CPU =0.000049

ITER: 86
    HPWL=8852.140625
    OVFL=0.680658
    HPWL=(4155.329102, 4696.812012)
    POTN=1.322131E+05
    PHIC=1.332666E-07
    GRAD=2.511718E-02
    NuBT=1
    CPU =0.000049

ITER: 87
    HPWL=8852.814453
    OVFL=0.680324
    HPWL=(4155.508301, 4697.306641)
    POTN=1.315525E+05
    PHIC=1.399299E-07
    GRAD=2.514247E-02
    NuBT=1
    CPU =0.000049

ITER: 88
    HPWL=8853.283203
    OVFL=0.680064
    HPWL=(4155.449219, 4697.834473)
    POTN=1.309638E+05
    PHIC=1.469264E-07
    GRAD=2.518536E-02
    NuBT=1
    CPU =0.000050

ITER: 89
    HPWL=8854.007812
    OVFL=0.679590
    HPWL=(4155.671875, 4698.335938)
    POTN=1.303073E+05
    PHIC=1.542727E-07
    GRAD=2.521918E-02
    NuBT=1
    CPU =0.000049

ITER: 90
    HPWL=8855.162109
    OVFL=0.679195
    HPWL=(4156.003906, 4699.158691)
    POTN=1.297472E+05
    PHIC=1.619863E-07
    GRAD=2.528206E-02
    NuBT=1
    CPU =0.000049

ITER: 91
    HPWL=8856.179688
    OVFL=0.678678
    HPWL=(4156.327637, 4699.852051)
    POTN=1.291228E+05
    PHIC=1.700856E-07
    GRAD=2.533319E-02
    NuBT=1
    CPU =0.000050

ITER: 92
    HPWL=8856.785156
    OVFL=0.678255
    HPWL=(4156.342773, 4700.441895)
    POTN=1.286091E+05
    PHIC=1.785899E-07
    GRAD=2.539930E-02
    NuBT=1
    CPU =0.000072

ITER: 93
    HPWL=8857.294922
    OVFL=0.677715
    HPWL=(4156.373047, 4700.921387)
    POTN=1.279531E+05
    PHIC=1.875193E-07
    GRAD=2.545488E-02
    NuBT=1
    CPU =0.000080

ITER: 94
    HPWL=8858.096680
    OVFL=0.677831
    HPWL=(4156.440430, 4701.656250)
    POTN=1.270500E+05
    PHIC=1.968953E-07
    GRAD=2.552411E-02
    NuBT=1
    CPU =0.000078

ITER: 95
    HPWL=8859.069336
    OVFL=0.678007
    HPWL=(4156.732910, 4702.336426)
    POTN=1.260348E+05
    PHIC=2.067400E-07
    GRAD=2.550951E-02
    NuBT=1
    CPU =0.000077

ITER: 96
    HPWL=8859.843750
    OVFL=0.678123
    HPWL=(4156.780273, 4703.063477)
    POTN=1.251209E+05
    PHIC=2.170770E-07
    GRAD=2.548790E-02
    NuBT=1
    CPU =0.000081

ITER: 97
    HPWL=8860.419922
    OVFL=0.677994
    HPWL=(4156.862793, 4703.557129)
    POTN=1.241084E+05
    PHIC=2.279308E-07
    GRAD=2.547278E-02
    NuBT=1
    CPU =0.000079

ITER: 98
    HPWL=8860.968750
    OVFL=0.677906
    HPWL=(4156.768066, 4704.200195)
    POTN=1.232005E+05
    PHIC=2.393273E-07
    GRAD=2.548897E-02
    NuBT=1
    CPU =0.000090

ITER: 99
    HPWL=8861.748047
    OVFL=0.677642
    HPWL=(4156.944824, 4704.802734)
    POTN=1.221972E+05
    PHIC=2.512936E-07
    GRAD=2.550233E-02
    NuBT=1
    CPU =0.000104

ITER: 100
    HPWL=8862.631836
    OVFL=0.677463
    HPWL=(4157.056152, 4705.575684)
    POTN=1.213386E+05
    PHIC=2.638583E-07
    GRAD=2.553589E-02
    NuBT=1
    CPU =0.000102

ITER: 101
    HPWL=8863.318359
    OVFL=0.677080
    HPWL=(4157.206055, 4706.111816)
    POTN=1.203828E+05
    PHIC=2.770511E-07
    GRAD=2.555779E-02
    NuBT=1
    CPU =0.000102

ITER: 102
    HPWL=8863.840820
    OVFL=0.676600
    HPWL=(4157.131836, 4706.708984)
    POTN=1.195658E+05
    PHIC=2.909036E-07
    GRAD=2.561028E-02
    NuBT=1
    CPU =0.000107

ITER: 103
    HPWL=8864.385742
    OVFL=0.676114
    HPWL=(4157.211914, 4707.173828)
    POTN=1.186538E+05
    PHIC=3.054488E-07
    GRAD=2.567257E-02
    NuBT=1
    CPU =0.000118

ITER: 104
    HPWL=8864.986328
    OVFL=0.675771
    HPWL=(4157.158203, 4707.828613)
    POTN=1.179094E+05
    PHIC=3.207211E-07
    GRAD=2.573652E-02
    NuBT=1
    CPU =0.000104

ITER: 105
    HPWL=8865.734375
    OVFL=0.675555
    HPWL=(4157.380859, 4708.353516)
    POTN=1.170709E+05
    PHIC=3.367572E-07
    GRAD=2.577907E-02
    NuBT=1
    CPU =0.000102

ITER: 106
    HPWL=8866.342773
    OVFL=0.675264
    HPWL=(4157.325195, 4709.017578)
    POTN=1.163996E+05
    PHIC=3.535949E-07
    GRAD=2.580762E-02
    NuBT=1
    CPU =0.000102

ITER: 107
    HPWL=8866.808594
    OVFL=0.675045
    HPWL=(4157.408691, 4709.399902)
    POTN=1.155856E+05
    PHIC=3.712746E-07
    GRAD=2.584874E-02
    NuBT=1
    CPU =0.000101

ITER: 108
    HPWL=8867.365234
    OVFL=0.674706
    HPWL=(4157.369629, 4709.996094)
    POTN=1.149367E+05
    PHIC=3.898383E-07
    GRAD=2.587447E-02
    NuBT=1
    CPU =0.000103

ITER: 109
    HPWL=8867.970703
    OVFL=0.674488
    HPWL=(4157.607910, 4710.362793)
    POTN=1.141843E+05
    PHIC=4.093302E-07
    GRAD=2.591898E-02
    NuBT=1
    CPU =0.000101

ITER: 110
    HPWL=8868.607422
    OVFL=0.674175
    HPWL=(4157.622559, 4710.985352)
    POTN=1.136369E+05
    PHIC=4.297966E-07
    GRAD=2.594915E-02
    NuBT=1
    CPU =0.000102

ITER: 111
    HPWL=8869.310547
    OVFL=0.673886
    HPWL=(4157.945801, 4711.365234)
    POTN=1.129542E+05
    PHIC=4.512864E-07
    GRAD=2.599214E-02
    NuBT=1
    CPU =0.000101

ITER: 112
    HPWL=8869.890625
    OVFL=0.673468
    HPWL=(4157.893555, 4711.996582)
    POTN=1.124273E+05
    PHIC=4.738506E-07
    GRAD=2.602787E-02
    NuBT=1
    CPU =0.000100

ITER: 113
    HPWL=8870.396484
    OVFL=0.673151
    HPWL=(4158.123047, 4712.272949)
    POTN=1.117501E+05
    PHIC=4.975431E-07
    GRAD=2.608481E-02
    NuBT=1
    CPU =0.000115

ITER: 114
    HPWL=8871.035156
    OVFL=0.672678
    HPWL=(4158.137695, 4712.896973)
    POTN=1.112106E+05
    PHIC=5.224202E-07
    GRAD=2.612531E-02
    NuBT=1
    CPU =0.000096

ITER: 115
    HPWL=8871.757812
    OVFL=0.672248
    HPWL=(4158.526367, 4713.230957)
    POTN=1.105357E+05
    PHIC=5.485411E-07
    GRAD=2.618849E-02
    NuBT=1
    CPU =0.000103

ITER: 116
    HPWL=8872.395508
    OVFL=0.671704
    HPWL=(4158.576660, 4713.818848)
    POTN=1.100067E+05
    PHIC=5.759680E-07
    GRAD=2.624788E-02
    NuBT=1
    CPU =0.000097

ITER: 117
    HPWL=8872.998047
    OVFL=0.671696
    HPWL=(4158.984375, 4714.013184)
    POTN=1.093109E+05
    PHIC=6.047663E-07
    GRAD=2.631887E-02
    NuBT=1
    CPU =0.000093

ITER: 118
    HPWL=8873.623047
    OVFL=0.671559
    HPWL=(4159.055176, 4714.567871)
    POTN=1.087479E+05
    PHIC=6.350045E-07
    GRAD=2.631962E-02
    NuBT=1
    CPU =0.000092

ITER: 119
    HPWL=8874.443359
    OVFL=0.671540
    HPWL=(4159.565430, 4714.878418)
    POTN=1.079833E+05
    PHIC=6.667547E-07
    GRAD=2.634118E-02
    NuBT=1
    CPU =0.000091

ITER: 120
    HPWL=8875.146484
    OVFL=0.671376
    HPWL=(4159.669922, 4715.476562)
    POTN=1.073267E+05
    PHIC=7.000923E-07
    GRAD=2.634247E-02
    NuBT=1
    CPU =0.000093

ITER: 121
    HPWL=8875.802734
    OVFL=0.671341
    HPWL=(4160.201172, 4715.601562)
    POTN=1.065092E+05
    PHIC=7.350968E-07
    GRAD=2.636348E-02
    NuBT=1
    CPU =0.000093

ITER: 122
    HPWL=8876.572266
    OVFL=0.671178
    HPWL=(4160.395996, 4716.176270)
    POTN=1.057786E+05
    PHIC=7.718515E-07
    GRAD=2.636715E-02
    NuBT=1
    CPU =0.000092

ITER: 123
    HPWL=8877.478516
    OVFL=0.671164
    HPWL=(4161.102539, 4716.375488)
    POTN=1.046999E+05
    PHIC=8.104440E-07
    GRAD=2.639114E-02
    NuBT=1
    CPU =0.000109

ITER: 124
    HPWL=8878.361328
    OVFL=0.671009
    HPWL=(4161.368164, 4716.993164)
    POTN=1.038415E+05
    PHIC=8.509661E-07
    GRAD=2.639287E-02
    NuBT=1
    CPU =0.000093

ITER: 125
    HPWL=8879.130859
    OVFL=0.670998
    HPWL=(4162.055664, 4717.075195)
    POTN=1.028241E+05
    PHIC=8.935143E-07
    GRAD=2.641341E-02
    NuBT=1
    CPU =0.000093

ITER: 126
    HPWL=8879.915039
    OVFL=0.670819
    HPWL=(4162.310547, 4717.604492)
    POTN=1.019794E+05
    PHIC=9.381898E-07
    GRAD=2.641448E-02
    NuBT=1
    CPU =0.000092

ITER: 127
    HPWL=8880.709961
    OVFL=0.670804
    HPWL=(4163.078613, 4717.631348)
    POTN=1.009719E+05
    PHIC=9.850992E-07
    GRAD=2.643914E-02
    NuBT=1
    CPU =0.000091

ITER: 128
    HPWL=8881.548828
    OVFL=0.670621
    HPWL=(4163.366699, 4718.182129)
    POTN=1.001533E+05
    PHIC=1.034354E-06
    GRAD=2.644226E-02
    NuBT=1
    CPU =0.000092

ITER: 129
    HPWL=8882.587891
    OVFL=0.670612
    HPWL=(4164.355469, 4718.232422)
    POTN=9.920440E+04
    PHIC=1.086072E-06
    GRAD=2.646860E-02
    NuBT=1
    CPU =0.000093

ITER: 130
    HPWL=8883.519531
    OVFL=0.670418
    HPWL=(4164.721191, 4718.797852)
    POTN=9.845164E+04
    PHIC=1.140375E-06
    GRAD=2.647035E-02
    NuBT=1
    CPU =0.000092

ITER: 131
    HPWL=8884.359375
    OVFL=0.670414
    HPWL=(4165.639160, 4718.720703)
    POTN=9.753917E+04
    PHIC=1.197394E-06
    GRAD=2.649436E-02
    NuBT=1
    CPU =0.000090

ITER: 132
    HPWL=8885.290039
    OVFL=0.670203
    HPWL=(4166.020508, 4719.269531)
    POTN=9.682650E+04
    PHIC=1.257263E-06
    GRAD=2.649517E-02
    NuBT=1
    CPU =0.000054

ITER: 133
    HPWL=8886.427734
    OVFL=0.670208
    HPWL=(4167.202148, 4719.226074)
    POTN=9.598447E+04
    PHIC=1.320126E-06
    GRAD=2.652513E-02
    NuBT=1
    CPU =0.000049

ITER: 134
    HPWL=8887.653320
    OVFL=0.669979
    HPWL=(4167.772949, 4719.880371)
    POTN=9.543156E+04
    PHIC=1.386132E-06
    GRAD=2.652400E-02
    NuBT=1
    CPU =0.000050

ITER: 135
    HPWL=8888.750000
    OVFL=0.669993
    HPWL=(4169.007812, 4719.741699)
    POTN=9.471955E+04
    PHIC=1.455438E-06
    GRAD=2.655661E-02
    NuBT=1
    CPU =0.000049

ITER: 136
    HPWL=8889.720703
    OVFL=0.669753
    HPWL=(4169.490723, 4720.229492)
    POTN=9.416315E+04
    PHIC=1.528210E-06
    GRAD=2.655560E-02
    NuBT=1
    CPU =0.000066

ITER: 137
    HPWL=8890.464844
    OVFL=0.669760
    HPWL=(4170.568359, 4719.896484)
    POTN=9.340020E+04
    PHIC=1.604620E-06
    GRAD=2.658750E-02
    NuBT=1
    CPU =0.000051

ITER: 138
    HPWL=8891.638672
    OVFL=0.669481
    HPWL=(4171.124512, 4720.514648)
    POTN=9.285899E+04
    PHIC=1.684851E-06
    GRAD=2.658753E-02
    NuBT=1
    CPU =0.000050

ITER: 139
    HPWL=8892.865234
    OVFL=0.668787
    HPWL=(4172.585938, 4720.279297)
    POTN=9.204876E+04
    PHIC=1.769093E-06
    GRAD=2.662424E-02
    NuBT=1
    CPU =0.000050

ITER: 140
    HPWL=8894.214844
    OVFL=0.661997
    HPWL=(4173.288086, 4720.927246)
    POTN=9.067146E+04
    PHIC=1.857547E-06
    GRAD=2.672069E-02
    NuBT=1
    CPU =0.000049

ITER: 141
    HPWL=8889.962891
    OVFL=0.653946
    HPWL=(4171.662598, 4718.300293)
    POTN=8.894579E+04
    PHIC=1.950424E-06
    GRAD=2.765586E-02
    NuBT=2
    CPU =0.000086

ITER: 142
    HPWL=8888.839844
    OVFL=0.644594
    HPWL=(4170.992188, 4717.848145)
    POTN=8.726680E+04
    PHIC=2.047945E-06
    GRAD=2.881059E-02
    NuBT=1
    CPU =0.000049

ITER: 143
    HPWL=8887.203125
    OVFL=0.639998
    HPWL=(4170.907227, 4716.295898)
    POTN=8.542564E+04
    PHIC=2.150343E-06
    GRAD=3.021356E-02
    NuBT=2
    CPU =0.000085

ITER: 144
    HPWL=8887.308594
    OVFL=0.636680
    HPWL=(4171.023926, 4716.284180)
    POTN=8.367309E+04
    PHIC=2.257860E-06
    GRAD=3.092690E-02
    NuBT=1
    CPU =0.000050

ITER: 145
    HPWL=8892.906250
    OVFL=0.633499
    HPWL=(4175.225586, 4717.680176)
    POTN=8.186523E+04
    PHIC=2.370751E-06
    GRAD=3.146408E-02
    NuBT=2
    CPU =0.000085

ITER: 146
    HPWL=8894.181641
    OVFL=0.630932
    HPWL=(4176.046875, 4718.134766)
    POTN=8.019536E+04
    PHIC=2.489288E-06
    GRAD=3.197693E-02
    NuBT=2
    CPU =0.000085

ITER: 147
    HPWL=8896.992188
    OVFL=0.631363
    HPWL=(4178.653809, 4718.338867)
    POTN=7.845829E+04
    PHIC=2.613751E-06
    GRAD=3.240116E-02
    NuBT=2
    CPU =0.000085

ITER: 148
    HPWL=8899.808594
    OVFL=0.631878
    HPWL=(4180.383301, 4719.425781)
    POTN=7.693241E+04
    PHIC=2.744438E-06
    GRAD=3.233323E-02
    NuBT=2
    CPU =0.000085

ITER: 149
    HPWL=8901.105469
    OVFL=0.632235
    HPWL=(4182.159668, 4718.945312)
    POTN=7.536018E+04
    PHIC=2.881659E-06
    GRAD=3.225008E-02
    NuBT=2
    CPU =0.000085

ITER: 150
    HPWL=8902.736328
    OVFL=0.632624
    HPWL=(4183.184082, 4719.551758)
    POTN=7.400272E+04
    PHIC=3.025741E-06
    GRAD=3.219211E-02
    NuBT=2
    CPU =0.000098

ITER: 151
    HPWL=8905.673828
    OVFL=0.632880
    HPWL=(4185.905762, 4719.767578)
    POTN=7.266516E+04
    PHIC=3.177026E-06
    GRAD=3.213282E-02
    NuBT=1
    CPU =0.000050

ITER: 152
    HPWL=8907.699219
    OVFL=0.633145
    HPWL=(4187.107910, 4720.591309)
    POTN=7.155441E+04
    PHIC=3.335876E-06
    GRAD=3.209563E-02
    NuBT=1
    CPU =0.000050

ITER: 153
    HPWL=8907.136719
    OVFL=0.633227
    HPWL=(4187.776855, 4719.360352)
    POTN=7.043027E+04
    PHIC=3.502670E-06
    GRAD=3.204805E-02
    NuBT=1
    CPU =0.000049

ITER: 154
    HPWL=8906.800781
    OVFL=0.633225
    HPWL=(4187.500000, 4719.301270)
    POTN=6.955554E+04
    PHIC=3.677803E-06
    GRAD=3.202777E-02
    NuBT=1
    CPU =0.000050

ITER: 155
    HPWL=8906.878906
    OVFL=0.633093
    HPWL=(4188.480957, 4718.397461)
    POTN=6.868395E+04
    PHIC=3.861693E-06
    GRAD=3.202573E-02
    NuBT=1
    CPU =0.000049

ITER: 156
    HPWL=8907.683594
    OVFL=0.636015
    HPWL=(4188.761230, 4718.921875)
    POTN=6.796480E+04
    PHIC=4.054777E-06
    GRAD=3.204533E-02
    NuBT=1
    CPU =0.000049

ITER: 157
    HPWL=8907.582031
    OVFL=0.640759
    HPWL=(4189.599121, 4717.982910)
    POTN=6.705634E+04
    PHIC=4.257516E-06
    GRAD=3.156848E-02
    NuBT=1
    CPU =0.000049

ITER: 158
    HPWL=8907.519531
    OVFL=0.643709
    HPWL=(4189.271484, 4718.248535)
    POTN=6.626822E+04
    PHIC=4.470391E-06
    GRAD=3.081319E-02
    NuBT=1
    CPU =0.000049

ITER: 159
    HPWL=8906.091797
    OVFL=0.645515
    HPWL=(4189.365723, 4716.725586)
    POTN=6.537577E+04
    PHIC=4.693910E-06
    GRAD=3.034958E-02
    NuBT=1
    CPU =0.000049

ITER: 160
    HPWL=8909.254883
    OVFL=0.646792
    HPWL=(4190.773926, 4718.480957)
    POTN=6.453036E+04
    PHIC=4.928603E-06
    GRAD=3.007129E-02
    NuBT=1
    CPU =0.000050

ITER: 161
    HPWL=8909.249023
    OVFL=0.647584
    HPWL=(4191.574707, 4717.674316)
    POTN=6.374313E+04
    PHIC=5.175033E-06
    GRAD=2.987552E-02
    NuBT=2
    CPU =0.000085

ITER: 162
    HPWL=8911.493164
    OVFL=0.648113
    HPWL=(4192.195312, 4719.297852)
    POTN=6.310222E+04
    PHIC=5.433782E-06
    GRAD=2.975634E-02
    NuBT=1
    CPU =0.000049

ITER: 163
    HPWL=8912.269531
    OVFL=0.648350
    HPWL=(4193.317383, 4718.952148)
    POTN=6.249545E+04
    PHIC=5.705471E-06
    GRAD=2.967605E-02
    NuBT=1
    CPU =0.000049

ITER: 164
    HPWL=8912.579102
    OVFL=0.648259
    HPWL=(4192.617188, 4719.961914)
    POTN=6.204425E+04
    PHIC=5.990744E-06
    GRAD=2.963812E-02
    NuBT=1
    CPU =0.000049

ITER: 165
    HPWL=8910.998047
    OVFL=0.648015
    HPWL=(4192.299805, 4718.698242)
    POTN=6.162239E+04
    PHIC=6.290281E-06
    GRAD=2.964923E-02
    NuBT=1
    CPU =0.000049

ITER: 166
    HPWL=8911.687500
    OVFL=0.647596
    HPWL=(4191.663574, 4720.023438)
    POTN=6.129096E+04
    PHIC=6.604794E-06
    GRAD=2.968465E-02
    NuBT=1
    CPU =0.000050

ITER: 167
    HPWL=8912.230469
    OVFL=0.647059
    HPWL=(4192.606445, 4719.623535)
    POTN=6.099605E+04
    PHIC=6.935033E-06
    GRAD=2.974758E-02
    NuBT=1
    CPU =0.000049

ITER: 168
    HPWL=8913.787109
    OVFL=0.646210
    HPWL=(4192.395508, 4721.391113)
    POTN=6.078195E+04
    PHIC=7.281782E-06
    GRAD=2.983115E-02
    NuBT=1
    CPU =0.000049

ITER: 169
    HPWL=8912.537109
    OVFL=0.645325
    HPWL=(4192.257324, 4720.279297)
    POTN=6.060189E+04
    PHIC=7.645871E-06
    GRAD=2.995712E-02
    NuBT=1
    CPU =0.000068

ITER: 170
    HPWL=8912.558594
    OVFL=0.644288
    HPWL=(4190.958008, 4721.600098)
    POTN=6.049985E+04
    PHIC=8.028164E-06
    GRAD=3.008962E-02
    NuBT=1
    CPU =0.000085

ITER: 171
    HPWL=8912.332031
    OVFL=0.643124
    HPWL=(4191.394531, 4720.937500)
    POTN=6.042129E+04
    PHIC=8.429573E-06
    GRAD=3.024687E-02
    NuBT=1
    CPU =0.000078

ITER: 172
    HPWL=8914.457031
    OVFL=0.641719
    HPWL=(4191.207031, 4723.250488)
    POTN=6.040035E+04
    PHIC=8.851048E-06
    GRAD=3.043021E-02
    NuBT=1
    CPU =0.000078

ITER: 173
    HPWL=8914.388672
    OVFL=0.639610
    HPWL=(4191.758301, 4722.630859)
    POTN=6.025611E+04
    PHIC=9.293600E-06
    GRAD=3.064690E-02
    NuBT=1
    CPU =0.000077

ITER: 174
    HPWL=8912.466797
    OVFL=0.636928
    HPWL=(4189.111328, 4723.355957)
    POTN=6.007896E+04
    PHIC=9.758280E-06
    GRAD=3.097381E-02
    NuBT=2
    CPU =0.000140

ITER: 175
    HPWL=8909.841797
    OVFL=0.634415
    HPWL=(4188.271484, 4721.570801)
    POTN=5.990570E+04
    PHIC=1.024619E-05
    GRAD=3.139634E-02
    NuBT=1
    CPU =0.000080

ITER: 176
    HPWL=8911.252930
    OVFL=0.633289
    HPWL=(4187.596191, 4723.656738)
    POTN=5.972553E+04
    PHIC=1.075850E-05
    GRAD=3.180401E-02
    NuBT=1
    CPU =0.000081

ITER: 177
    HPWL=8912.271484
    OVFL=0.632290
    HPWL=(4188.978516, 4723.292969)
    POTN=5.954262E+04
    PHIC=1.129642E-05
    GRAD=3.198788E-02
    NuBT=1
    CPU =0.000075

ITER: 178
    HPWL=8912.583008
    OVFL=0.631280
    HPWL=(4187.638184, 4724.944824)
    POTN=5.934627E+04
    PHIC=1.186124E-05
    GRAD=3.215198E-02
    NuBT=2
    CPU =0.000147

ITER: 179
    HPWL=8912.274414
    OVFL=0.630556
    HPWL=(4188.495605, 4723.778809)
    POTN=5.904287E+04
    PHIC=1.245431E-05
    GRAD=3.231549E-02
    NuBT=1
    CPU =0.000071

ITER: 180
    HPWL=8914.578125
    OVFL=0.629807
    HPWL=(4188.345215, 4726.233398)
    POTN=5.859654E+04
    PHIC=1.307702E-05
    GRAD=3.243729E-02
    NuBT=1
    CPU =0.000065

ITER: 181
    HPWL=8914.582031
    OVFL=0.629256
    HPWL=(4189.586914, 4724.994629)
    POTN=5.807924E+04
    PHIC=1.373087E-05
    GRAD=3.255792E-02
    NuBT=1
    CPU =0.000053

ITER: 182
    HPWL=8915.403320
    OVFL=0.628524
    HPWL=(4188.185059, 4727.218262)
    POTN=5.768706E+04
    PHIC=1.441741E-05
    GRAD=3.264745E-02
    NuBT=1
    CPU =0.000050

ITER: 183
    HPWL=8914.538086
    OVFL=0.628071
    HPWL=(4188.801758, 4725.736328)
    POTN=5.730169E+04
    PHIC=1.513828E-05
    GRAD=3.276939E-02
    NuBT=1
    CPU =0.000049

ITER: 184
    HPWL=8915.542969
    OVFL=0.627443
    HPWL=(4187.599609, 4727.943359)
    POTN=5.690471E+04
    PHIC=1.589519E-05
    GRAD=3.284621E-02
    NuBT=1
    CPU =0.000049

ITER: 185
    HPWL=8915.283203
    OVFL=0.627346
    HPWL=(4188.594238, 4726.689453)
    POTN=5.651902E+04
    PHIC=1.668995E-05
    GRAD=3.294697E-02
    NuBT=1
    CPU =0.000049

ITER: 186
    HPWL=8916.880859
    OVFL=0.627613
    HPWL=(4187.459473, 4729.421875)
    POTN=5.611296E+04
    PHIC=1.752444E-05
    GRAD=3.296434E-02
    NuBT=1
    CPU =0.000049

ITER: 187
    HPWL=8916.513672
    OVFL=0.627820
    HPWL=(4188.505859, 4728.007812)
    POTN=5.563059E+04
    PHIC=1.840066E-05
    GRAD=3.291923E-02
    NuBT=1
    CPU =0.000050

ITER: 188
    HPWL=8918.074219
    OVFL=0.627307
    HPWL=(4187.192383, 4730.881348)
    POTN=5.513404E+04
    PHIC=1.932069E-05
    GRAD=3.288279E-02
    NuBT=1
    CPU =0.000049

ITER: 189
    HPWL=8917.653320
    OVFL=0.626817
    HPWL=(4188.344238, 4729.309082)
    POTN=5.465404E+04
    PHIC=2.028672E-05
    GRAD=3.296879E-02
    NuBT=1
    CPU =0.000050

ITER: 190
    HPWL=8918.851562
    OVFL=0.625880
    HPWL=(4186.622070, 4732.229492)
    POTN=5.412811E+04
    PHIC=2.130106E-05
    GRAD=3.304954E-02
    NuBT=1
    CPU =0.000049

ITER: 191
    HPWL=8918.831055
    OVFL=0.625071
    HPWL=(4188.421875, 4730.409180)
    POTN=5.362454E+04
    PHIC=2.236611E-05
    GRAD=3.320508E-02
    NuBT=1
    CPU =0.000049

ITER: 192
    HPWL=8919.991211
    OVFL=0.624423
    HPWL=(4186.706055, 4733.285156)
    POTN=5.308380E+04
    PHIC=2.348441E-05
    GRAD=3.334226E-02
    NuBT=1
    CPU =0.000049

ITER: 193
    HPWL=8919.246094
    OVFL=0.623754
    HPWL=(4188.341309, 4730.904785)
    POTN=5.247898E+04
    PHIC=2.465863E-05
    GRAD=3.345024E-02
    NuBT=1
    CPU =0.000049

ITER: 194
    HPWL=8921.347656
    OVFL=0.622754
    HPWL=(4187.168945, 4734.178223)
    POTN=5.180530E+04
    PHIC=2.589155E-05
    GRAD=3.356247E-02
    NuBT=1
    CPU =0.000049

ITER: 195
    HPWL=8921.947266
    OVFL=0.621835
    HPWL=(4189.937988, 4732.008789)
    POTN=5.113345E+04
    PHIC=2.718612E-05
    GRAD=3.373276E-02
    NuBT=1
    CPU =0.000049

ITER: 196
    HPWL=8923.416016
    OVFL=0.620584
    HPWL=(4188.302246, 4735.113281)
    POTN=5.042750E+04
    PHIC=2.854542E-05
    GRAD=3.389003E-02
    NuBT=1
    CPU =0.000049

ITER: 197
    HPWL=8923.474609
    OVFL=0.619431
    HPWL=(4190.936035, 4732.539062)
    POTN=4.967668E+04
    PHIC=2.997269E-05
    GRAD=3.409963E-02
    NuBT=1
    CPU =0.000049

ITER: 198
    HPWL=8925.822266
    OVFL=0.617938
    HPWL=(4189.384277, 4736.438477)
    POTN=4.891677E+04
    PHIC=3.147131E-05
    GRAD=3.429948E-02
    NuBT=1
    CPU =0.000049

ITER: 199
    HPWL=8926.472656
    OVFL=0.616664
    HPWL=(4192.434082, 4734.038574)
    POTN=4.809580E+04
    PHIC=3.304487E-05
    GRAD=3.455810E-02
    NuBT=1
    CPU =0.000049

ITER: 200
    HPWL=8929.100586
    OVFL=0.615083
    HPWL=(4191.175293, 4737.925293)
    POTN=4.726228E+04
    PHIC=3.469711E-05
    GRAD=3.478008E-02
    NuBT=1
    CPU =0.000061

ITER: 201
    HPWL=8930.105469
    OVFL=0.613487
    HPWL=(4194.811035, 4735.293945)
    POTN=4.630898E+04
    PHIC=3.643196E-05
    GRAD=3.505883E-02
    NuBT=1
    CPU =0.000207

ITER: 202
    HPWL=8933.011719
    OVFL=0.611652
    HPWL=(4193.814941, 4739.197266)
    POTN=4.536190E+04
    PHIC=3.825354E-05
    GRAD=3.534169E-02
    NuBT=1
    CPU =0.000057

ITER: 203
    HPWL=8934.311523
    OVFL=0.609767
    HPWL=(4197.971680, 4736.339844)
    POTN=4.428959E+04
    PHIC=4.016620E-05
    GRAD=3.566783E-02
    NuBT=1
    CPU =0.000056

ITER: 204
    HPWL=8938.039062
    OVFL=0.607309
    HPWL=(4197.574707, 4740.463867)
    POTN=4.322433E+04
    PHIC=4.217449E-05
    GRAD=3.601027E-02
    NuBT=1
    CPU =0.000066

ITER: 205
    HPWL=8941.046875
    OVFL=0.605505
    HPWL=(4203.055176, 4737.992188)
    POTN=4.206604E+04
    PHIC=4.428319E-05
    GRAD=3.645707E-02
    NuBT=1
    CPU =0.000057

ITER: 206
    HPWL=8946.548828
    OVFL=0.605064
    HPWL=(4203.893555, 4742.655273)
    POTN=4.095348E+04
    PHIC=4.649731E-05
    GRAD=3.679602E-02
    NuBT=1
    CPU =0.000056

ITER: 207
    HPWL=8952.205078
    OVFL=0.603700
    HPWL=(4211.714844, 4740.490723)
    POTN=3.961917E+04
    PHIC=4.882214E-05
    GRAD=3.686666E-02
    NuBT=1
    CPU =0.000057

ITER: 208
    HPWL=8961.045898
    OVFL=0.594624
    HPWL=(4215.546875, 4745.499023)
    POTN=3.776396E+04
    PHIC=5.126318E-05
    GRAD=3.714460E-02
    NuBT=1
    CPU =0.000056

ITER: 209
    HPWL=8967.761719
    OVFL=0.576055
    HPWL=(4224.893555, 4742.867676)
    POTN=3.525041E+04
    PHIC=5.382629E-05
    GRAD=3.887751E-02
    NuBT=2
    CPU =0.000092

ITER: 210
    HPWL=8969.654297
    OVFL=0.563886
    HPWL=(4225.732910, 4743.920898)
    POTN=3.267206E+04
    PHIC=5.651759E-05
    GRAD=4.268613E-02
    NuBT=2
    CPU =0.000092

ITER: 211
    HPWL=8974.128906
    OVFL=0.549670
    HPWL=(4233.056641, 4741.072754)
    POTN=3.024403E+04
    PHIC=5.934342E-05
    GRAD=4.538109E-02
    NuBT=1
    CPU =0.000056

ITER: 212
    HPWL=8984.648438
    OVFL=0.545756
    HPWL=(4239.124023, 4745.524414)
    POTN=2.821509E+04
    PHIC=6.231050E-05
    GRAD=4.877409E-02
    NuBT=2
    CPU =0.000092

ITER: 213
    HPWL=9003.912109
    OVFL=0.544839
    HPWL=(4252.061035, 4751.850586)
    POTN=2.658801E+04
    PHIC=6.542585E-05
    GRAD=4.981747E-02
    NuBT=1
    CPU =0.000084

ITER: 214
    HPWL=9006.480469
    OVFL=0.539464
    HPWL=(4255.645508, 4750.834961)
    POTN=2.521970E+04
    PHIC=6.869711E-05
    GRAD=5.003263E-02
    NuBT=2
    CPU =0.000104

ITER: 215
    HPWL=9013.453125
    OVFL=0.526316
    HPWL=(4263.301270, 4750.151367)
    POTN=2.373976E+04
    PHIC=7.213189E-05
    GRAD=5.140311E-02
    NuBT=2
    CPU =0.000124

ITER: 216
    HPWL=9010.737305
    OVFL=0.513846
    HPWL=(4263.950684, 4746.786621)
    POTN=2.262329E+04
    PHIC=7.573848E-05
    GRAD=5.486856E-02
    NuBT=2
    CPU =0.000087

ITER: 217
    HPWL=9015.827148
    OVFL=0.512486
    HPWL=(4270.506348, 4745.320801)
    POTN=2.187123E+04
    PHIC=7.952534E-05
    GRAD=5.841295E-02
    NuBT=1
    CPU =0.000053

ITER: 218
    HPWL=9029.552734
    OVFL=0.513407
    HPWL=(4276.901367, 4752.651855)
    POTN=2.148515E+04
    PHIC=8.350144E-05
    GRAD=5.888317E-02
    NuBT=1
    CPU =0.000050

ITER: 219
    HPWL=9032.400391
    OVFL=0.514658
    HPWL=(4279.102539, 4753.297852)
    POTN=2.092740E+04
    PHIC=8.767648E-05
    GRAD=5.855987E-02
    NuBT=2
    CPU =0.000088

ITER: 220
    HPWL=9041.271484
    OVFL=0.515463
    HPWL=(4281.814453, 4759.457520)
    POTN=2.057826E+04
    PHIC=9.206018E-05
    GRAD=5.819201E-02
    NuBT=1
    CPU =0.000049

ITER: 221
    HPWL=9047.296875
    OVFL=0.518480
    HPWL=(4284.373535, 4762.923340)
    POTN=2.036419E+04
    PHIC=9.666311E-05
    GRAD=5.794179E-02
    NuBT=1
    CPU =0.000050

ITER: 222
    HPWL=9049.822266
    OVFL=0.521125
    HPWL=(4286.555664, 4763.266602)
    POTN=2.018855E+04
    PHIC=1.014962E-04
    GRAD=5.703183E-02
    NuBT=1
    CPU =0.000050

ITER: 223
    HPWL=9045.441406
    OVFL=0.521070
    HPWL=(4286.252441, 4759.189453)
    POTN=2.001215E+04
    PHIC=1.065710E-04
    GRAD=5.620853E-02
    NuBT=1
    CPU =0.000049

ITER: 224
    HPWL=9052.283203
    OVFL=0.515527
    HPWL=(4289.133301, 4763.149414)
    POTN=1.960904E+04
    PHIC=1.118995E-04
    GRAD=5.619536E-02
    NuBT=1
    CPU =0.000050

ITER: 225
    HPWL=9050.771484
    OVFL=0.506763
    HPWL=(4291.205078, 4759.566406)
    POTN=1.909602E+04
    PHIC=1.174944E-04
    GRAD=5.774245E-02
    NuBT=1
    CPU =0.000049

ITER: 226
    HPWL=9052.150391
    OVFL=0.500548
    HPWL=(4292.296387, 4759.853516)
    POTN=1.851696E+04
    PHIC=1.233691E-04
    GRAD=6.030017E-02
    NuBT=2
    CPU =0.000087

ITER: 227
    HPWL=9047.806641
    OVFL=0.497088
    HPWL=(4292.463867, 4755.342285)
    POTN=1.800880E+04
    PHIC=1.295376E-04
    GRAD=6.214647E-02
    NuBT=1
    CPU =0.000050

ITER: 228
    HPWL=9054.421875
    OVFL=0.495536
    HPWL=(4295.952148, 4758.469238)
    POTN=1.755049E+04
    PHIC=1.360144E-04
    GRAD=6.326383E-02
    NuBT=1
    CPU =0.000082

ITER: 229
    HPWL=9050.038086
    OVFL=0.492923
    HPWL=(4296.006348, 4754.031738)
    POTN=1.716163E+04
    PHIC=1.428151E-04
    GRAD=6.370335E-02
    NuBT=2
    CPU =0.000141

ITER: 230
    HPWL=9050.224609
    OVFL=0.493405
    HPWL=(4294.899414, 4755.325195)
    POTN=1.681420E+04
    PHIC=1.499558E-04
    GRAD=6.451094E-02
    NuBT=2
    CPU =0.000104

ITER: 231
    HPWL=9049.553711
    OVFL=0.496267
    HPWL=(4294.753906, 4754.799805)
    POTN=1.657760E+04
    PHIC=1.574536E-04
    GRAD=6.430539E-02
    NuBT=2
    CPU =0.000125

ITER: 232
    HPWL=9052.919922
    OVFL=0.497889
    HPWL=(4291.830078, 4761.090332)
    POTN=1.630406E+04
    PHIC=1.653262E-04
    GRAD=6.336214E-02
    NuBT=1
    CPU =0.000052

ITER: 233
    HPWL=9057.150391
    OVFL=0.495960
    HPWL=(4293.420898, 4763.729980)
    POTN=1.598535E+04
    PHIC=1.735924E-04
    GRAD=6.279409E-02
    NuBT=1
    CPU =0.000050

ITER: 234
    HPWL=9057.964844
    OVFL=0.492456
    HPWL=(4288.505371, 4769.459961)
    POTN=1.549537E+04
    PHIC=1.822720E-04
    GRAD=6.334510E-02
    NuBT=1
    CPU =0.000049

ITER: 235
    HPWL=9063.216797
    OVFL=0.486537
    HPWL=(4290.700684, 4772.516602)
    POTN=1.497040E+04
    PHIC=1.913854E-04
    GRAD=6.439985E-02
    NuBT=1
    CPU =0.000050

ITER: 236
    HPWL=9065.921875
    OVFL=0.479291
    HPWL=(4287.085938, 4778.835449)
    POTN=1.445488E+04
    PHIC=2.009546E-04
    GRAD=6.627776E-02
    NuBT=1
    CPU =0.000049

ITER: 237
    HPWL=9070.293945
    OVFL=0.471122
    HPWL=(4289.409180, 4780.884766)
    POTN=1.405229E+04
    PHIC=2.110022E-04
    GRAD=6.863026E-02
    NuBT=1
    CPU =0.000050

ITER: 238
    HPWL=9071.070312
    OVFL=0.466061
    HPWL=(4285.282227, 4785.788086)
    POTN=1.375988E+04
    PHIC=2.215523E-04
    GRAD=7.142337E-02
    NuBT=1
    CPU =0.000054

ITER: 239
    HPWL=9074.705078
    OVFL=0.464009
    HPWL=(4287.346191, 4787.358398)
    POTN=1.358624E+04
    PHIC=2.326298E-04
    GRAD=7.314860E-02
    NuBT=1
    CPU =0.000050

ITER: 240
    HPWL=9074.042969
    OVFL=0.463515
    HPWL=(4284.136719, 4789.905762)
    POTN=1.349891E+04
    PHIC=2.442613E-04
    GRAD=7.386844E-02
    NuBT=1
    CPU =0.000050

ITER: 241
    HPWL=9078.123047
    OVFL=0.463297
    HPWL=(4287.191406, 4790.932129)
    POTN=1.339375E+04
    PHIC=2.564742E-04
    GRAD=7.397541E-02
    NuBT=2
    CPU =0.000085

ITER: 242
    HPWL=9081.743164
    OVFL=0.463452
    HPWL=(4284.302734, 4797.440430)
    POTN=1.335504E+04
    PHIC=2.692977E-04
    GRAD=7.403485E-02
    NuBT=1
    CPU =0.000064

ITER: 243
    HPWL=9093.218750
    OVFL=0.462834
    HPWL=(4289.034668, 4804.184570)
    POTN=1.322565E+04
    PHIC=2.827622E-04
    GRAD=7.393755E-02
    NuBT=1
    CPU =0.000052

ITER: 244
    HPWL=9093.341797
    OVFL=0.463240
    HPWL=(4285.698730, 4807.643555)
    POTN=1.304329E+04
    PHIC=2.969003E-04
    GRAD=7.408938E-02
    NuBT=1
    CPU =0.000049

ITER: 245
    HPWL=9093.164062
    OVFL=0.464542
    HPWL=(4288.219238, 4804.945312)
    POTN=1.275628E+04
    PHIC=3.117452E-04
    GRAD=7.382666E-02
    NuBT=1
    CPU =0.000050

ITER: 246
    HPWL=9093.610352
    OVFL=0.467152
    HPWL=(4287.104980, 4806.505371)
    POTN=1.241705E+04
    PHIC=3.273324E-04
    GRAD=7.326835E-02
    NuBT=1
    CPU =0.000050

ITER: 247
    HPWL=9100.990234
    OVFL=0.463139
    HPWL=(4291.959961, 4809.030762)
    POTN=1.173020E+04
    PHIC=3.436987E-04
    GRAD=7.222093E-02
    NuBT=1
    CPU =0.000049

ITER: 248
    HPWL=9113.503906
    OVFL=0.450794
    HPWL=(4294.338379, 4819.165527)
    POTN=1.071314E+04
    PHIC=3.608830E-04
    GRAD=7.360253E-02
    NuBT=1
    CPU =0.000050

ITER: 249
    HPWL=9117.044922
    OVFL=0.438330
    HPWL=(4297.917480, 4819.126953)
    POTN=9.796496E+03
    PHIC=3.789269E-04
    GRAD=7.800975E-02
    NuBT=2
    CPU =0.000085

ITER: 250
    HPWL=9119.720703
    OVFL=0.427924
    HPWL=(4298.974609, 4820.746094)
    POTN=9.143285E+03
    PHIC=3.978731E-04
    GRAD=8.280192E-02
    NuBT=2
    CPU =0.000086

ITER: 251
    HPWL=9126.880859
    OVFL=0.419615
    HPWL=(4305.374512, 4821.506836)
    POTN=8.733382E+03
    PHIC=4.177663E-04
    GRAD=8.696795E-02
    NuBT=1
    CPU =0.000050

ITER: 252
    HPWL=9122.865234
    OVFL=0.415045
    HPWL=(4307.131836, 4815.733887)
    POTN=8.559682E+03
    PHIC=4.386546E-04
    GRAD=9.044412E-02
    NuBT=2
    CPU =0.000086

ITER: 253
    HPWL=9123.763672
    OVFL=0.414337
    HPWL=(4311.200195, 4812.563965)
    POTN=8.539920E+03
    PHIC=4.605872E-04
    GRAD=9.228276E-02
    NuBT=1
    CPU =0.000050

ITER: 254
    HPWL=9124.121094
    OVFL=0.414236
    HPWL=(4310.998047, 4813.123047)
    POTN=8.608458E+03
    PHIC=4.836166E-04
    GRAD=9.248067E-02
    NuBT=2
    CPU =0.000086

ITER: 255
    HPWL=9125.191406
    OVFL=0.413531
    HPWL=(4313.960938, 4811.230469)
    POTN=8.637197E+03
    PHIC=5.077973E-04
    GRAD=9.226739E-02
    NuBT=1
    CPU =0.000049

ITER: 256
    HPWL=9127.365234
    OVFL=0.412524
    HPWL=(4312.763184, 4814.601562)
    POTN=8.577493E+03
    PHIC=5.331870E-04
    GRAD=9.244072E-02
    NuBT=1
    CPU =0.000050

ITER: 257
    HPWL=9132.816406
    OVFL=0.407518
    HPWL=(4315.702637, 4817.114258)
    POTN=8.323636E+03
    PHIC=5.598459E-04
    GRAD=9.259968E-02
    NuBT=1
    CPU =0.000058

ITER: 258
    HPWL=9139.285156
    OVFL=0.401318
    HPWL=(4313.975098, 4825.309570)
    POTN=8.020610E+03
    PHIC=5.878376E-04
    GRAD=9.467802E-02
    NuBT=2
    CPU =0.000167

ITER: 259
    HPWL=9156.703125
    OVFL=0.393913
    HPWL=(4316.760254, 4839.943359)
    POTN=7.665312E+03
    PHIC=6.172279E-04
    GRAD=9.718412E-02
    NuBT=2
    CPU =0.000115

ITER: 260
    HPWL=9159.975586
    OVFL=0.387130
    HPWL=(4311.990234, 4847.985352)
    POTN=7.404284E+03
    PHIC=6.480890E-04
    GRAD=1.004975E-01
    NuBT=2
    CPU =0.000088

ITER: 261
    HPWL=9167.916016
    OVFL=0.379986
    HPWL=(4315.460938, 4852.455566)
    POTN=7.119480E+03
    PHIC=6.804926E-04
    GRAD=1.033969E-01
    NuBT=2
    CPU =0.000085

ITER: 262
    HPWL=9162.462891
    OVFL=0.378110
    HPWL=(4311.647461, 4850.815430)
    POTN=6.994910E+03
    PHIC=7.145172E-04
    GRAD=1.067874E-01
    NuBT=1
    CPU =0.000050

ITER: 263
    HPWL=9167.005859
    OVFL=0.376950
    HPWL=(4319.100586, 4847.905273)
    POTN=6.830927E+03
    PHIC=7.502425E-04
    GRAD=1.073024E-01
    NuBT=1
    CPU =0.000050

ITER: 264
    HPWL=9161.771484
    OVFL=0.376553
    HPWL=(4315.029297, 4846.741699)
    POTN=6.749589E+03
    PHIC=7.877546E-04
    GRAD=1.075835E-01
    NuBT=2
    CPU =0.000086

ITER: 265
    HPWL=9160.648438
    OVFL=0.373554
    HPWL=(4316.500000, 4844.148926)
    POTN=6.525443E+03
    PHIC=8.271423E-04
    GRAD=1.073215E-01
    NuBT=2
    CPU =0.000085

ITER: 266
    HPWL=9170.890625
    OVFL=0.369993
    HPWL=(4314.159668, 4856.730957)
    POTN=6.348720E+03
    PHIC=8.684981E-04
    GRAD=1.084366E-01
    NuBT=2
    CPU =0.000085

ITER: 267
    HPWL=9179.083984
    OVFL=0.364407
    HPWL=(4313.724121, 4865.360352)
    POTN=6.074036E+03
    PHIC=9.119219E-04
    GRAD=1.098227E-01
    NuBT=1
    CPU =0.000050

ITER: 268
    HPWL=9186.283203
    OVFL=0.357264
    HPWL=(4313.922852, 4872.360352)
    POTN=5.788618E+03
    PHIC=9.575170E-04
    GRAD=1.123496E-01
    NuBT=1
    CPU =0.000050

ITER: 269
    HPWL=9186.644531
    OVFL=0.351392
    HPWL=(4314.829590, 4871.814941)
    POTN=5.491711E+03
    PHIC=1.005393E-03
    GRAD=1.156873E-01
    NuBT=1
    CPU =0.000049

ITER: 270
    HPWL=9195.534180
    OVFL=0.348008
    HPWL=(4315.270020, 4880.264160)
    POTN=5.278644E+03
    PHIC=1.055661E-03
    GRAD=1.185308E-01
    NuBT=1
    CPU =0.000050

ITER: 271
    HPWL=9202.949219
    OVFL=0.344044
    HPWL=(4318.929199, 4884.019531)
    POTN=5.038126E+03
    PHIC=1.108443E-03
    GRAD=1.198665E-01
    NuBT=1
    CPU =0.000050

ITER: 272
    HPWL=9202.542969
    OVFL=0.343296
    HPWL=(4321.506348, 4881.036133)
    POTN=4.889417E+03
    PHIC=1.163865E-03
    GRAD=1.216288E-01
    NuBT=1
    CPU =0.000069

ITER: 273
    HPWL=9212.679688
    OVFL=0.340632
    HPWL=(4328.808594, 4883.871094)
    POTN=4.645649E+03
    PHIC=1.222056E-03
    GRAD=1.214047E-01
    NuBT=1
    CPU =0.000051

ITER: 274
    HPWL=9204.082031
    OVFL=0.337749
    HPWL=(4328.000000, 4876.082031)
    POTN=4.501313E+03
    PHIC=1.283159E-03
    GRAD=1.222437E-01
    NuBT=2
    CPU =0.000086

ITER: 275
    HPWL=9217.326172
    OVFL=0.329360
    HPWL=(4332.959473, 4884.367188)
    POTN=4.191506E+03
    PHIC=1.347315E-03
    GRAD=1.231584E-01
    NuBT=1
    CPU =0.000049

ITER: 276
    HPWL=9227.746094
    OVFL=0.321771
    HPWL=(4336.762207, 4890.984375)
    POTN=3.910336E+03
    PHIC=1.414678E-03
    GRAD=1.272093E-01
    NuBT=1
    CPU =0.000050

ITER: 277
    HPWL=9251.115234
    OVFL=0.315383
    HPWL=(4339.675293, 4911.440430)
    POTN=3.658041E+03
    PHIC=1.485407E-03
    GRAD=1.309428E-01
    NuBT=1
    CPU =0.000049

ITER: 278
    HPWL=9257.101562
    OVFL=0.313788
    HPWL=(4338.956055, 4918.145508)
    POTN=3.536596E+03
    PHIC=1.559676E-03
    GRAD=1.340283E-01
    NuBT=1
    CPU =0.000050

ITER: 279
    HPWL=9269.500977
    OVFL=0.313391
    HPWL=(4341.168945, 4928.332031)
    POTN=3.382409E+03
    PHIC=1.637657E-03
    GRAD=1.342794E-01
    NuBT=1
    CPU =0.000050

ITER: 280
    HPWL=9263.652344
    OVFL=0.313572
    HPWL=(4338.796387, 4924.855957)
    POTN=3.315066E+03
    PHIC=1.719540E-03
    GRAD=1.337592E-01
    NuBT=1
    CPU =0.000049

ITER: 281
    HPWL=9264.291016
    OVFL=0.310777
    HPWL=(4337.252441, 4927.038574)
    POTN=3.154340E+03
    PHIC=1.805517E-03
    GRAD=1.326886E-01
    NuBT=1
    CPU =0.000050

ITER: 282
    HPWL=9269.429688
    OVFL=0.305039
    HPWL=(4334.985352, 4934.444336)
    POTN=3.011839E+03
    PHIC=1.895791E-03
    GRAD=1.334407E-01
    NuBT=1
    CPU =0.000058

ITER: 283
    HPWL=9267.177734
    OVFL=0.298349
    HPWL=(4331.368652, 4935.808594)
    POTN=2.812771E+03
    PHIC=1.990580E-03
    GRAD=1.358611E-01
    NuBT=1
    CPU =0.000056

ITER: 284
    HPWL=9271.140625
    OVFL=0.287174
    HPWL=(4326.793945, 4944.346680)
    POTN=2.627650E+03
    PHIC=2.090108E-03
    GRAD=1.387321E-01
    NuBT=2
    CPU =0.000093

ITER: 285
    HPWL=9279.687500
    OVFL=0.272882
    HPWL=(4325.195312, 4954.492188)
    POTN=2.431621E+03
    PHIC=2.194611E-03
    GRAD=1.443171E-01
    NuBT=1
    CPU =0.000086

ITER: 286
    HPWL=9284.830078
    OVFL=0.262890
    HPWL=(4323.652832, 4961.177246)
    POTN=2.297777E+03
    PHIC=2.304340E-03
    GRAD=1.517414E-01
    NuBT=2
    CPU =0.000120

ITER: 287
    HPWL=9279.512695
    OVFL=0.260819
    HPWL=(4319.181641, 4960.331055)
    POTN=2.190775E+03
    PHIC=2.419556E-03
    GRAD=1.567578E-01
    NuBT=1
    CPU =0.000102

ITER: 288
    HPWL=9274.621094
    OVFL=0.263657
    HPWL=(4319.111816, 4955.509766)
    POTN=2.137557E+03
    PHIC=2.540534E-03
    GRAD=1.567038E-01
    NuBT=1
    CPU =0.000091

ITER: 289
    HPWL=9261.648438
    OVFL=0.265210
    HPWL=(4316.095703, 4945.552734)
    POTN=2.095477E+03
    PHIC=2.667561E-03
    GRAD=1.533373E-01
    NuBT=1
    CPU =0.000088

ITER: 290
    HPWL=9254.184570
    OVFL=0.266399
    HPWL=(4317.505859, 4936.678711)
    POTN=2.071286E+03
    PHIC=2.800939E-03
    GRAD=1.506965E-01
    NuBT=1
    CPU =0.000061

ITER: 291
    HPWL=9237.394531
    OVFL=0.266170
    HPWL=(4316.558594, 4920.835938)
    POTN=2.035049E+03
    PHIC=2.940985E-03
    GRAD=1.484649E-01
    NuBT=1
    CPU =0.000051

ITER: 292
    HPWL=9231.113281
    OVFL=0.267369
    HPWL=(4318.837402, 4912.275879)
    POTN=1.981533E+03
    PHIC=3.088034E-03
    GRAD=1.469414E-01
    NuBT=1
    CPU =0.000051

ITER: 293
    HPWL=9234.601562
    OVFL=0.264461
    HPWL=(4321.439941, 4913.162109)
    POTN=1.888860E+03
    PHIC=3.242434E-03
    GRAD=1.444785E-01
    NuBT=2
    CPU =0.000086

ITER: 294
    HPWL=9238.427734
    OVFL=0.260388
    HPWL=(4324.250488, 4914.176758)
    POTN=1.775042E+03
    PHIC=3.404554E-03
    GRAD=1.445456E-01
    NuBT=1
    CPU =0.000050

ITER: 295
    HPWL=9247.884766
    OVFL=0.257307
    HPWL=(4328.529297, 4919.355957)
    POTN=1.626229E+03
    PHIC=3.574777E-03
    GRAD=1.451317E-01
    NuBT=1
    CPU =0.000049

ITER: 296
    HPWL=9250.059570
    OVFL=0.250136
    HPWL=(4331.046875, 4919.012695)
    POTN=1.476353E+03
    PHIC=3.753514E-03
    GRAD=1.449944E-01
    NuBT=1
    CPU =0.000050

ITER: 297
    HPWL=9257.341797
    OVFL=0.242888
    HPWL=(4333.058105, 4924.283203)
    POTN=1.373390E+03
    PHIC=3.941186E-03
    GRAD=1.474240E-01
    NuBT=1
    CPU =0.000050

ITER: 298
    HPWL=9263.957031
    OVFL=0.233987
    HPWL=(4330.116699, 4933.839844)
    POTN=1.293042E+03
    PHIC=4.138241E-03
    GRAD=1.496424E-01
    NuBT=1
    CPU =0.000049

ITER: 299
    HPWL=9265.843750
    OVFL=0.228280
    HPWL=(4330.875000, 4934.968262)
    POTN=1.252946E+03
    PHIC=4.345152E-03
    GRAD=1.526597E-01
    NuBT=2
    CPU =0.000086

ITER: 300
    HPWL=9263.515625
    OVFL=0.225159
    HPWL=(4327.861328, 4935.653809)
    POTN=1.255722E+03
    PHIC=4.562410E-03
    GRAD=1.536144E-01
    NuBT=2
    CPU =0.000085

ITER: 301
    HPWL=9262.062500
    OVFL=0.222748
    HPWL=(4322.841309, 4939.221680)
    POTN=1.250045E+03
    PHIC=4.790530E-03
    GRAD=1.530035E-01
    NuBT=1
    CPU =0.000050

ITER: 302
    HPWL=9260.881836
    OVFL=0.219051
    HPWL=(4318.674316, 4942.207520)
    POTN=1.219926E+03
    PHIC=5.030056E-03
    GRAD=1.520776E-01
    NuBT=1
    CPU =0.000075

ITER: 303
    HPWL=9262.957031
    OVFL=0.214246
    HPWL=(4316.537109, 4946.419434)
    POTN=1.165947E+03
    PHIC=5.281557E-03
    GRAD=1.516736E-01
    NuBT=1
    CPU =0.000085

ITER: 304
    HPWL=9269.953125
    OVFL=0.206381
    HPWL=(4313.705566, 4956.248047)
    POTN=1.081524E+03
    PHIC=5.545629E-03
    GRAD=1.517645E-01
    NuBT=1
    CPU =0.000079

ITER: 305
    HPWL=9281.399414
    OVFL=0.199083
    HPWL=(4315.540039, 4965.859375)
    POTN=1.010200E+03
    PHIC=5.822901E-03
    GRAD=1.537861E-01
    NuBT=1
    CPU =0.000081

ITER: 306
    HPWL=9283.980469
    OVFL=0.191687
    HPWL=(4311.654297, 4972.326660)
    POTN=9.411172E+02
    PHIC=6.114044E-03
    GRAD=1.547024E-01
    NuBT=2
    CPU =0.000155

ITER: 307
    HPWL=9287.772461
    OVFL=0.186287
    HPWL=(4314.395020, 4973.377441)
    POTN=8.697877E+02
    PHIC=6.419742E-03
    GRAD=1.552392E-01
    NuBT=2
    CPU =0.000182

ITER: 308
    HPWL=9288.792969
    OVFL=0.182943
    HPWL=(4311.651367, 4977.142090)
    POTN=8.248701E+02
    PHIC=6.740728E-03
    GRAD=1.549513E-01
    NuBT=1
    CPU =0.000102

ITER: 309
    HPWL=9293.078125
    OVFL=0.181195
    HPWL=(4314.926270, 4978.151855)
    POTN=7.970455E+02
    PHIC=7.077760E-03
    GRAD=1.536655E-01
    NuBT=1
    CPU =0.000104

ITER: 310
    HPWL=9299.238281
    OVFL=0.179962
    HPWL=(4315.094727, 4984.144043)
    POTN=7.575215E+02
    PHIC=7.431641E-03
    GRAD=1.514354E-01
    NuBT=1
    CPU =0.000102

ITER: 311
    HPWL=9308.724609
    OVFL=0.177711
    HPWL=(4317.667480, 4991.057617)
    POTN=7.220035E+02
    PHIC=7.803212E-03
    GRAD=1.487688E-01
    NuBT=1
    CPU =0.000118

ITER: 312
    HPWL=9310.538086
    OVFL=0.174071
    HPWL=(4316.348633, 4994.189453)
    POTN=6.843184E+02
    PHIC=8.193370E-03
    GRAD=1.466041E-01
    NuBT=1
    CPU =0.000103

ITER: 313
    HPWL=9313.552734
    OVFL=0.169711
    HPWL=(4316.993164, 4996.559082)
    POTN=6.506890E+02
    PHIC=8.603035E-03
    GRAD=1.450760E-01
    NuBT=1
    CPU =0.000103

ITER: 314
    HPWL=9320.277344
    OVFL=0.165937
    HPWL=(4317.856445, 5002.421387)
    POTN=6.057367E+02
    PHIC=9.033178E-03
    GRAD=1.435984E-01
    NuBT=1
    CPU =0.000101

ITER: 315
    HPWL=9323.589844
    OVFL=0.163220
    HPWL=(4318.183105, 5005.406738)
    POTN=5.711499E+02
    PHIC=9.484832E-03
    GRAD=1.418402E-01
    NuBT=1
    CPU =0.000101

ITER: 316
    HPWL=9328.941406
    OVFL=0.160176
    HPWL=(4319.202148, 5009.738770)
    POTN=5.297823E+02
    PHIC=9.959065E-03
    GRAD=1.396224E-01
    NuBT=1
    CPU =0.000101

ITER: 317
    HPWL=9337.536133
    OVFL=0.158799
    HPWL=(4321.619141, 5015.916992)
    POTN=5.058705E+02
    PHIC=1.045701E-02
    GRAD=1.374296E-01
    NuBT=2
    CPU =0.000169

ITER: 318
    HPWL=9341.578125
    OVFL=0.158221
    HPWL=(4320.601562, 5020.977051)
    POTN=4.940264E+02
    PHIC=1.097985E-02
    GRAD=1.342282E-01
    NuBT=2
    CPU =0.000174

ITER: 319
    HPWL=9348.873047
    OVFL=0.158113
    HPWL=(4322.212402, 5026.660645)
    POTN=4.839131E+02
    PHIC=1.152883E-02
    GRAD=1.311230E-01
    NuBT=2
    CPU =0.000187

ITER: 320
    HPWL=9349.272461
    OVFL=0.155747
    HPWL=(4321.514160, 5027.758301)
    POTN=4.648498E+02
    PHIC=1.210527E-02
    GRAD=1.279791E-01
    NuBT=1
    CPU =0.000104

ITER: 321
    HPWL=9355.525391
    OVFL=0.151604
    HPWL=(4325.124023, 5030.401367)
    POTN=4.329349E+02
    PHIC=1.271052E-02
    GRAD=1.255429E-01
    NuBT=1
    CPU =0.000101

ITER: 322
    HPWL=9362.093750
    OVFL=0.145032
    HPWL=(4327.770508, 5034.323242)
    POTN=3.962147E+02
    PHIC=1.334604E-02
    GRAD=1.238504E-01
    NuBT=1
    CPU =0.000102

ITER: 323
    HPWL=9367.187500
    OVFL=0.140008
    HPWL=(4330.855469, 5036.332520)
    POTN=3.671263E+02
    PHIC=1.401333E-02
    GRAD=1.224149E-01
    NuBT=2
    CPU =0.000171

ITER: 324
    HPWL=9372.412109
    OVFL=0.135462
    HPWL=(4333.916016, 5038.495605)
    POTN=3.369268E+02
    PHIC=1.471398E-02
    GRAD=1.203653E-01
    NuBT=2
    CPU =0.000171

ITER: 325
    HPWL=9372.057617
    OVFL=0.132326
    HPWL=(4335.301758, 5036.755859)
    POTN=3.208925E+02
    PHIC=1.544968E-02
    GRAD=1.182061E-01
    NuBT=2
    CPU =0.000169

ITER: 326
    HPWL=9376.771484
    OVFL=0.128199
    HPWL=(4336.016602, 5040.755371)
    POTN=3.046320E+02
    PHIC=1.622215E-02
    GRAD=1.157837E-01
    NuBT=1
    CPU =0.000098

ITER: 327
    HPWL=9377.369141
    OVFL=0.124997
    HPWL=(4336.978027, 5040.391113)
    POTN=2.973943E+02
    PHIC=1.703326E-02
    GRAD=1.135787E-01
    NuBT=1
    CPU =0.000112

ITER: 328
    HPWL=9379.988281
    OVFL=0.121746
    HPWL=(4337.337891, 5042.650879)
    POTN=2.856042E+02
    PHIC=1.788491E-02
    GRAD=1.111887E-01
    NuBT=1
    CPU =0.000099

ITER: 329
    HPWL=9382.483398
    OVFL=0.119795
    HPWL=(4338.688477, 5043.794922)
    POTN=2.784898E+02
    PHIC=1.877915E-02
    GRAD=1.087037E-01
    NuBT=1
    CPU =0.000094

ITER: 330
    HPWL=9389.521484
    OVFL=0.116408
    HPWL=(4339.636230, 5049.885254)
    POTN=2.631794E+02
    PHIC=1.971809E-02
    GRAD=1.059428E-01
    NuBT=1
    CPU =0.000092

ITER: 331
    HPWL=9392.068359
    OVFL=0.114691
    HPWL=(4339.945801, 5052.122559)
    POTN=2.534265E+02
    PHIC=2.070399E-02
    GRAD=1.033372E-01
    NuBT=1
    CPU =0.000066

ITER: 332
    HPWL=9396.066406
    OVFL=0.111882
    HPWL=(4339.861328, 5056.204590)
    POTN=2.389701E+02
    PHIC=2.173917E-02
    GRAD=1.003968E-01
    NuBT=1
    CPU =0.000051

ITER: 333
    HPWL=9394.861328
    OVFL=0.110100
    HPWL=(4339.027344, 5055.833496)
    POTN=2.300552E+02
    PHIC=2.282613E-02
    GRAD=9.790493E-02
    NuBT=1
    CPU =0.000050

ITER: 334
    HPWL=9397.726562
    OVFL=0.107305
    HPWL=(4336.295898, 5061.431152)
    POTN=2.155222E+02
    PHIC=2.396742E-02
    GRAD=9.482526E-02
    NuBT=2
    CPU =0.000086

ITER: 335
    HPWL=9404.375000
    OVFL=0.105749
    HPWL=(4340.462402, 5063.912598)
    POTN=2.086532E+02
    PHIC=2.516577E-02
    GRAD=9.203662E-02
    NuBT=1
    CPU =0.000049

ITER: 336
    HPWL=9405.632812
    OVFL=0.104373
    HPWL=(4342.327637, 5063.305664)
    POTN=2.000403E+02
    PHIC=2.642405E-02
    GRAD=8.933076E-02
    NuBT=1
    CPU =0.000050

ITER: 337
    HPWL=9413.123047
    OVFL=0.102949
    HPWL=(4344.640625, 5068.482422)
    POTN=1.937953E+02
    PHIC=2.774523E-02
    GRAD=8.652977E-02
    NuBT=1
    CPU =0.000049

ITER: 338
    HPWL=9409.398438
    OVFL=0.101500
    HPWL=(4344.422363, 5064.976562)
    POTN=1.816591E+02
    PHIC=2.913249E-02
    GRAD=8.384317E-02
    NuBT=1
    CPU =0.000049

ITER: 339
    HPWL=9416.083008
    OVFL=0.100334
    HPWL=(4345.268066, 5070.814941)
    POTN=1.747838E+02
    PHIC=3.058908E-02
    GRAD=8.093993E-02
    NuBT=1
    CPU =0.000050

ITER: 340
    HPWL=9410.758789
    OVFL=0.099310
    HPWL=(4344.393066, 5066.365723)
    POTN=1.661555E+02
    PHIC=3.211854E-02
    GRAD=7.827446E-02
    NuBT=1
    CPU =0.000050
[INFO] Nesterov: NumIters = 340
[INFO] Nesterov: ScaledHpwl = 9410.758789
[INFO] Nesterov: Overflow = 0.099310
[INFO] Nesterov: Potential = 166.155502
[INFO] Nesterov: xInstScaledHpwl = 9410.627930
[INFO] Nesterov: yInstScaledHpwl = 9410.758789
[INFO] Nesterov: HPWL = 2844.101318
