RePlAce Version: 1.0.0

** WARNING: Your Detail Placement Step must be skipped.
              (i.e. this program will be executed as -onlyGP)
     If you want to have DP after GP, please specify -dpflag and -dploc.

[INFO] TargetDensity = 0.400000
[INFO] ExperimentIndex = 0
[INFO] DirectoryPath = /openLANE_flow/designs/cbx_1__1_/runs/15-08_12-44//tmp/placement/replace/etc/cbx_1__1_.floorplan/experiment000
[PROC] Begin LefParsing ...
[LEF] Parsed 500 number of lines!!
WARNING (LEFPARS-2036): SOURCE statement is obsolete in version 5.6 and later.
The LEF parser will ignore this statement.
To avoid this warning in the future, remove this statement from the LEF file with version 5.6 or later. See file /openLANE_flow/designs/cbx_1__1_/runs/15-08_12-44//tmp//merged.lef at line 776.

WARNING (LEFPARS-2036): SOURCE statement is obsolete in version 5.6 and later.
The LEF parser will ignore this statement.
To avoid this warning in the future, remove this statement from the LEF file with version 5.6 or later. See file /openLANE_flow/designs/cbx_1__1_/runs/15-08_12-44//tmp//merged.lef at line 903.

[LEF] Parsed 1000 number of lines!!
WARNING (LEFPARS-2036): SOURCE statement is obsolete in version 5.6 and later.
The LEF parser will ignore this statement.
To avoid this warning in the future, remove this statement from the LEF file with version 5.6 or later. See file /openLANE_flow/designs/cbx_1__1_/runs/15-08_12-44//tmp//merged.lef at line 1034.

WARNING (LEFPARS-2036): SOURCE statement is obsolete in version 5.6 and later.
The LEF parser will ignore this statement.
To avoid this warning in the future, remove this statement from the LEF file with version 5.6 or later. See file /openLANE_flow/designs/cbx_1__1_/runs/15-08_12-44//tmp//merged.lef at line 1204.

WARNING (LEFPARS-2036): SOURCE statement is obsolete in version 5.6 and later.
The LEF parser will ignore this statement.
To avoid this warning in the future, remove this statement from the LEF file with version 5.6 or later. See file /openLANE_flow/designs/cbx_1__1_/runs/15-08_12-44//tmp//merged.lef at line 1322.

WARNING (LEFPARS-2036): SOURCE statement is obsolete in version 5.6 and later.
The LEF parser will ignore this statement.
To avoid this warning in the future, remove this statement from the LEF file with version 5.6 or later. See file /openLANE_flow/designs/cbx_1__1_/runs/15-08_12-44//tmp//merged.lef at line 1442.

[LEF] Parsed 1500 number of lines!!
WARNING (LEFPARS-2036): SOURCE statement is obsolete in version 5.6 and later.
The LEF parser will ignore this statement.
To avoid this warning in the future, remove this statement from the LEF file with version 5.6 or later. See file /openLANE_flow/designs/cbx_1__1_/runs/15-08_12-44//tmp//merged.lef at line 1589.

WARNING (LEFPARS-2036): SOURCE statement is obsolete in version 5.6 and later.
The LEF parser will ignore this statement.
To avoid this warning in the future, remove this statement from the LEF file with version 5.6 or later. See file /openLANE_flow/designs/cbx_1__1_/runs/15-08_12-44//tmp//merged.lef at line 1777.

WARNING (LEFPARS-2036): SOURCE statement is obsolete in version 5.6 and later.
The LEF parser will ignore this statement.
To avoid this warning in the future, remove this statement from the LEF file with version 5.6 or later. See file /openLANE_flow/designs/cbx_1__1_/runs/15-08_12-44//tmp//merged.lef at line 1886.

WARNING (LEFPARS-2036): SOURCE statement is obsolete in version 5.6 and later.
The LEF parser will ignore this statement.
To avoid this warning in the future, remove this statement from the LEF file with version 5.6 or later. See file /openLANE_flow/designs/cbx_1__1_/runs/15-08_12-44//tmp//merged.lef at line 1999.

[LEF] Parsed 2000 number of lines!!
WARNING (LEFPARS-2036): SOURCE statement is obsolete in version 5.6 and later.
The LEF parser will ignore this statement.
To avoid this warning in the future, remove this statement from the LEF file with version 5.6 or later. See file /openLANE_flow/designs/cbx_1__1_/runs/15-08_12-44//tmp//merged.lef at line 2148.

WARNING (LEFPARS-2036): SOURCE statement is obsolete in version 5.6 and later.
The LEF parser will ignore this statement.
To avoid this warning in the future, remove this statement from the LEF file with version 5.6 or later. See file /openLANE_flow/designs/cbx_1__1_/runs/15-08_12-44//tmp//merged.lef at line 2253.

WARNING (LEFPARS-2036): SOURCE statement is obsolete in version 5.6 and later.
The LEF parser will ignore this statement.
To avoid this warning in the future, remove this statement from the LEF file with version 5.6 or later. See file /openLANE_flow/designs/cbx_1__1_/runs/15-08_12-44//tmp//merged.lef at line 2380.

[LEF] Parsed 2500 number of lines!!
WARNING (LEFPARS-2036): SOURCE statement is obsolete in version 5.6 and later.
The LEF parser will ignore this statement.
To avoid this warning in the future, remove this statement from the LEF file with version 5.6 or later. See file /openLANE_flow/designs/cbx_1__1_/runs/15-08_12-44//tmp//merged.lef at line 2547.

WARNING (LEFPARS-2036): SOURCE statement is obsolete in version 5.6 and later.
The LEF parser will ignore this statement.
To avoid this warning in the future, remove this statement from the LEF file with version 5.6 or later. See file /openLANE_flow/designs/cbx_1__1_/runs/15-08_12-44//tmp//merged.lef at line 2653.

WARNING (LEFPARS-2036): SOURCE statement is obsolete in version 5.6 and later.
The LEF parser will ignore this statement.
To avoid this warning in the future, remove this statement from the LEF file with version 5.6 or later. See file /openLANE_flow/designs/cbx_1__1_/runs/15-08_12-44//tmp//merged.lef at line 2770.

WARNING (LEFPARS-2036): SOURCE statement is obsolete in version 5.6 and later.
The LEF parser will ignore this statement.
To avoid this warning in the future, remove this statement from the LEF file with version 5.6 or later. See file /openLANE_flow/designs/cbx_1__1_/runs/15-08_12-44//tmp//merged.lef at line 2908.

[LEF] Parsed 3000 number of lines!!
WARNING (LEFPARS-2036): SOURCE statement is obsolete in version 5.6 and later.
The LEF parser will ignore this statement.
To avoid this warning in the future, remove this statement from the LEF file with version 5.6 or later. See file /openLANE_flow/designs/cbx_1__1_/runs/15-08_12-44//tmp//merged.lef at line 3005.

WARNING (LEFPARS-2036): SOURCE statement is obsolete in version 5.6 and later.
The LEF parser will ignore this statement.
To avoid this warning in the future, remove this statement from the LEF file with version 5.6 or later. See file /openLANE_flow/designs/cbx_1__1_/runs/15-08_12-44//tmp//merged.lef at line 3105.

WARNING (LEFPARS-2036): SOURCE statement is obsolete in version 5.6 and later.
The LEF parser will ignore this statement.
To avoid this warning in the future, remove this statement from the LEF file with version 5.6 or later. See file /openLANE_flow/designs/cbx_1__1_/runs/15-08_12-44//tmp//merged.lef at line 3219.

WARNING (LEFPARS-2036): SOURCE statement is obsolete in version 5.6 and later.
The LEF parser will ignore this statement.
To avoid this warning in the future, remove this statement from the LEF file with version 5.6 or later. See file /openLANE_flow/designs/cbx_1__1_/runs/15-08_12-44//tmp//merged.lef at line 3361.

WARNING (LEFPARS-2036): SOURCE statement is obsolete in version 5.6 and later.
The LEF parser will ignore this statement.
To avoid this warning in the future, remove this statement from the LEF file with version 5.6 or later. See file /openLANE_flow/designs/cbx_1__1_/runs/15-08_12-44//tmp//merged.lef at line 3458.

[LEF] Parsed 3500 number of lines!!
WARNING (LEFPARS-2036): SOURCE statement is obsolete in version 5.6 and later.
The LEF parser will ignore this statement.
To avoid this warning in the future, remove this statement from the LEF file with version 5.6 or later. See file /openLANE_flow/designs/cbx_1__1_/runs/15-08_12-44//tmp//merged.lef at line 3561.

WARNING (LEFPARS-2036): SOURCE statement is obsolete in version 5.6 and later.
The LEF parser will ignore this statement.
To avoid this warning in the future, remove this statement from the LEF file with version 5.6 or later. See file /openLANE_flow/designs/cbx_1__1_/runs/15-08_12-44//tmp//merged.lef at line 3691.

WARNING (LEFPARS-2036): SOURCE statement is obsolete in version 5.6 and later.
The LEF parser will ignore this statement.
To avoid this warning in the future, remove this statement from the LEF file with version 5.6 or later. See file /openLANE_flow/designs/cbx_1__1_/runs/15-08_12-44//tmp//merged.lef at line 3783.

WARNING (LEFPARS-2036): SOURCE statement is obsolete in version 5.6 and later.
The LEF parser will ignore this statement.
To avoid this warning in the future, remove this statement from the LEF file with version 5.6 or later. See file /openLANE_flow/designs/cbx_1__1_/runs/15-08_12-44//tmp//merged.lef at line 3887.

[LEF] Parsed 4000 number of lines!!
WARNING (LEFPARS-2036): SOURCE statement is obsolete in version 5.6 and later.
The LEF parser will ignore this statement.
To avoid this warning in the future, remove this statement from the LEF file with version 5.6 or later. See file /openLANE_flow/designs/cbx_1__1_/runs/15-08_12-44//tmp//merged.lef at line 4018.

WARNING (LEFPARS-2036): SOURCE statement is obsolete in version 5.6 and later.
The LEF parser will ignore this statement.
To avoid this warning in the future, remove this statement from the LEF file with version 5.6 or later. See file /openLANE_flow/designs/cbx_1__1_/runs/15-08_12-44//tmp//merged.lef at line 4148.

WARNING (LEFPARS-2036): SOURCE statement is obsolete in version 5.6 and later.
The LEF parser will ignore this statement.
To avoid this warning in the future, remove this statement from the LEF file with version 5.6 or later. See file /openLANE_flow/designs/cbx_1__1_/runs/15-08_12-44//tmp//merged.lef at line 4282.

WARNING (LEFPARS-2036): SOURCE statement is obsolete in version 5.6 and later.
The LEF parser will ignore this statement.
To avoid this warning in the future, remove this statement from the LEF file with version 5.6 or later. See file /openLANE_flow/designs/cbx_1__1_/runs/15-08_12-44//tmp//merged.lef at line 4467.

[LEF] Parsed 4500 number of lines!!
[LEF] Parsed 5000 number of lines!!
[LEF] Parsed 5500 number of lines!!
[LEF] Parsed 6000 number of lines!!
[LEF] Parsed 6500 number of lines!!
[LEF] Parsed 7000 number of lines!!
[LEF] Parsed 7500 number of lines!!
[LEF] Parsed 8000 number of lines!!
[LEF] Parsed 8500 number of lines!!
[LEF] Parsed 9000 number of lines!!
[LEF] Parsed 9500 number of lines!!
[LEF] Parsed 10000 number of lines!!
[LEF] Parsed 10500 number of lines!!
[LEF] Parsed 11000 number of lines!!
[LEF] Parsed 11500 number of lines!!
[LEF] Parsed 12000 number of lines!!
[LEF] Parsed 12500 number of lines!!
[LEF] Parsed 13000 number of lines!!
[LEF] Parsed 13500 number of lines!!
[LEF] Parsed 14000 number of lines!!
[LEF] Parsed 14500 number of lines!!
[LEF] Parsed 15000 number of lines!!
[LEF] Parsed 15500 number of lines!!
[LEF] Parsed 16000 number of lines!!
[LEF] Parsed 16500 number of lines!!
[LEF] Parsed 17000 number of lines!!
[LEF] Parsed 17500 number of lines!!
[LEF] Parsed 18000 number of lines!!
[LEF] Parsed 18500 number of lines!!
[LEF] Parsed 19000 number of lines!!
[LEF] Parsed 19500 number of lines!!
[LEF] Parsed 20000 number of lines!!
[LEF] Parsed 20500 number of lines!!
[LEF] Parsed 21000 number of lines!!
[LEF] Parsed 21500 number of lines!!
[LEF] Parsed 22000 number of lines!!
[LEF] Parsed 22500 number of lines!!
[LEF] Parsed 23000 number of lines!!
[LEF] Parsed 23500 number of lines!!
[LEF] Parsed 24000 number of lines!!
[LEF] Parsed 24500 number of lines!!
[LEF] Parsed 25000 number of lines!!
[LEF] Parsed 25500 number of lines!!
[LEF] Parsed 26000 number of lines!!
[LEF] Parsed 26500 number of lines!!
[LEF] Parsed 27000 number of lines!!
[LEF] Parsed 27500 number of lines!!
[LEF] Parsed 28000 number of lines!!
[LEF] Parsed 28500 number of lines!!
[LEF] Parsed 29000 number of lines!!
[LEF] Parsed 29500 number of lines!!
[LEF] Parsed 30000 number of lines!!
[LEF] Parsed 30500 number of lines!!
[LEF] Parsed 31000 number of lines!!
[LEF] Parsed 31500 number of lines!!
[LEF] Parsed 32000 number of lines!!
[LEF] Parsed 32500 number of lines!!
[LEF] Parsed 33000 number of lines!!
[LEF] Parsed 33500 number of lines!!
[LEF] Parsed 34000 number of lines!!
[LEF] Parsed 34500 number of lines!!
[LEF] Parsed 35000 number of lines!!
[LEF] Parsed 35500 number of lines!!
[LEF] Parsed 36000 number of lines!!
[LEF] Parsed 36500 number of lines!!
[LEF] Parsed 37000 number of lines!!
[LEF] Parsed 37500 number of lines!!
[LEF] Parsed 38000 number of lines!!
[LEF] Parsed 38500 number of lines!!
[LEF] Parsed 39000 number of lines!!
[LEF] Parsed 39500 number of lines!!
[LEF] Parsed 40000 number of lines!!
[LEF] Parsed 40500 number of lines!!
[LEF] Parsed 41000 number of lines!!
[LEF] Parsed 41500 number of lines!!
[LEF] Parsed 42000 number of lines!!
[LEF] Parsed 42500 number of lines!!
[LEF] Parsed 43000 number of lines!!
[LEF] Parsed 43500 number of lines!!
[LEF] Parsed 44000 number of lines!!
[LEF] Parsed 44500 number of lines!!
[LEF] Parsed 45000 number of lines!!
[LEF] Parsed 45500 number of lines!!
[LEF] Parsed 46000 number of lines!!
[LEF] Parsed 46500 number of lines!!
[LEF] Parsed 47000 number of lines!!
[LEF] Parsed 47500 number of lines!!
[LEF] Parsed 48000 number of lines!!
[LEF] Parsed 48500 number of lines!!
[LEF] Parsed 49000 number of lines!!
[LEF] Parsed 49500 number of lines!!
[LEF] Parsed 50000 number of lines!!
[LEF] Parsed 50500 number of lines!!
[LEF] Parsed 51000 number of lines!!
[LEF] Parsed 51500 number of lines!!
[LEF] Parsed 52000 number of lines!!
[LEF] Parsed 52500 number of lines!!
[LEF] Parsed 53000 number of lines!!
[LEF] Parsed 53500 number of lines!!
[LEF] Parsed 54000 number of lines!!
[LEF] Parsed 54500 number of lines!!
[LEF] Parsed 55000 number of lines!!
[LEF] Parsed 55500 number of lines!!
[LEF] Parsed 56000 number of lines!!
[LEF] Parsed 56500 number of lines!!
[LEF] Parsed 57000 number of lines!!
[LEF] Parsed 57500 number of lines!!
[LEF] Parsed 58000 number of lines!!
[LEF] Parsed 58500 number of lines!!
[LEF] Parsed 59000 number of lines!!
[LEF] Parsed 59500 number of lines!!
[LEF] Parsed 60000 number of lines!!
[LEF] Parsed 60500 number of lines!!
[LEF] Parsed 61000 number of lines!!
[LEF] Parsed 61500 number of lines!!
[LEF] Parsed 62000 number of lines!!
[PROC] End LefParsing
[PROC] Begin DefParsing ...
WARNING (DEFPARS-7011): The NAMESCASESENSITIVE statement is obsolete in version 5.6 and later.
The DEF parser will ignore this statement. See file /openLANE_flow/designs/cbx_1__1_/runs/15-08_12-44//results/floorplan/cbx_1__1_.floorplan.def at line 2.

[PROC] End DefParsing
[INFO] DefUnit = 1000
[INFO] LefMetal1Name = li1
[INFO] DefSiteName = unithd
[INFO] ScaleDownUnit = 302.222229
[INFO] OffsetCoordi = (2640.000000, 0.000000)
[INFO] RowSize = (1.522059, 9.000000)
[INFO] NumRows = 24
[INFO] MacroCount = 0
[INFO] NumModules = 48
[INFO] NumTerminals = 146
[INFO] Inserted Dummy Terms = 0
[PROC] Begin Generate Un-fragmented Rows ...
[INFO] CoreAreaLxLy = (27.000000, 36.000000)
[INFO] CoreAreaUxUy = (243.132355, 252.000000)
[INFO] RowSize = (1.522059, 9.000000)
[INFO] NumRows = 24
[PROC] End Generate Un-fragmented Rows
[PROC] Begin DEF Net Parsing ...
[INFO] NumNets = 93
[INFO] NumPins = 208
[PROC] End DEF Net Parsing
[PROC] LEF/DEF Parsing Success!
[INFO] AspectRatio = 0.999388
[INFO] RowMinXY = (27.000000, 36.000000)
[INFO] RowMaxXY = (243.132355, 252.000000)
[INFO] NumPlaceStdCells = 48
[INFO] NumPlaceMacros = 0
[INFO] RowSize = (1.522059, 9.000000)
[INFO] NumRows = 24
[INFO] GlobalAreaLxLy = (9.496324, 1.125000)
[INFO] GlobalAreaUxUy = (260.636017, 286.875000)
[INFO] PlaceAreaLxLy = (27.000000, 36.000000)
[INFO] PlaceAreaUxUy = (243.132355, 252.000000)
[INFO] TotalPlaceArea = 46684.589844
[INFO] TotalFixedArea = 2684.906982
[INFO] TotalWhiteSpaceArea = 43999.683594
[INFO] TotalPlaceMacrosArea = 0.000000
[INFO] TotalPlaceStdCellsArea = 14054.688477
[INFO] Util(%) = 30.105627
[INFO] 80pCellArea = 290.217621
[INFO] FillerInit: TotalFillerArea = 3545.184570
[INFO] FillerInit: NumFillerCells = 12
[INFO] FillerInit: FillerCellArea = 290.217773
[INFO] FillerInit: FillerCellSize = (32.246418, 9.000000)
[INFO] FillerInit: NumCells = 60
[INFO] FillerInit: NumModules = 48
[INFO] FillerInit: NumFillers = 12
INFO:  D_MSH = 1024 
INFO:  MSH(X, Y) = (32, 32)
[INFO] TierInit: TierUtil = 0.301056
[INFO] TierInit: NumModules = 48
[INFO] TierInit: PlaceArea = 46684.589844
[INFO] TierInit: CoreSpacingArea = 0.000000
[INFO] TierInit: TerminalArea = 2684.906982
[INFO] TierInit: ModuleArea = 14054.688477
[INFO] TierInit: FillerArea = 3545.184570
[INFO] TierInit: NumFillers = 12
[INFO] TierInit: FillerMinIdx = 48
[INFO] TierInit: FillerMaxIdx = 60
INFO:  dim_bin_cGP2D.(x,y) = (8, 8)
cell Init 2D:
tier->bin_stp: (27.0165 27)
tier->half_bin_stp: (13.5083 13.5)
PROC:  Start NESTEROV's Optimization
PROC:    Global Lagrangian Multiplier is Applied

ITER: 0
    HPWL=11107.523438
    OVFL=0.924857
    HPWL=(5521.997070, 5585.525879)
    POTN=1.849785E+05
    PHIC=4.569672E-09
    GRAD=3.689461E-02
    NuBT=0
    CPU =0.000000

ITER: 1
    HPWL=11107.457031
    OVFL=0.924857
    HPWL=(5521.957520, 5585.499512)
    POTN=1.849771E+05
    PHIC=4.798155E-09
    GRAD=5.410355E-02
    NuBT=1
    CPU =0.000079

ITER: 2
    HPWL=11107.198242
    OVFL=0.924857
    HPWL=(5521.803223, 5585.395020)
    POTN=1.849715E+05
    PHIC=5.038063E-09
    GRAD=5.410226E-02
    NuBT=1
    CPU =0.000042

ITER: 3
    HPWL=6453.013672
    OVFL=0.640671
    HPWL=(2741.982178, 3711.031494)
    POTN=8.547433E+04
    PHIC=5.289966E-09
    GRAD=1.198447E-02
    NuBT=1
    CPU =0.000055

ITER: 4
    HPWL=6585.826172
    OVFL=0.639730
    HPWL=(2803.820068, 3782.006104)
    POTN=8.335977E+04
    PHIC=5.554360E-09
    GRAD=6.261630E-02
    NuBT=3
    CPU =0.000095

ITER: 5
    HPWL=6468.724609
    OVFL=0.640125
    HPWL=(2749.231445, 3719.492920)
    POTN=8.299577E+04
    PHIC=5.832077E-09
    GRAD=5.076839E-02
    NuBT=1
    CPU =0.000042

ITER: 6
    HPWL=6441.474609
    OVFL=0.631676
    HPWL=(2726.456543, 3715.018066)
    POTN=8.799525E+04
    PHIC=6.123681E-09
    GRAD=4.452116E-02
    NuBT=1
    CPU =0.000040

ITER: 7
    HPWL=6349.327148
    OVFL=0.611869
    HPWL=(2677.820312, 3671.506592)
    POTN=7.930898E+04
    PHIC=6.429865E-09
    GRAD=3.996994E-02
    NuBT=1
    CPU =0.000040

ITER: 8
    HPWL=6350.333008
    OVFL=0.601420
    HPWL=(2674.234619, 3676.098633)
    POTN=7.585787E+04
    PHIC=6.751357E-09
    GRAD=4.411168E-02
    NuBT=1
    CPU =0.000058

ITER: 9
    HPWL=6356.178711
    OVFL=0.587894
    HPWL=(2674.803223, 3681.375244)
    POTN=7.159999E+04
    PHIC=7.088919E-09
    GRAD=4.649862E-02
    NuBT=1
    CPU =0.000058

ITER: 10
    HPWL=6365.531250
    OVFL=0.573671
    HPWL=(2677.910889, 3687.620605)
    POTN=6.741638E+04
    PHIC=7.443355E-09
    GRAD=4.982752E-02
    NuBT=2
    CPU =0.000093

ITER: 11
    HPWL=6369.027344
    OVFL=0.566969
    HPWL=(2678.464600, 3690.562744)
    POTN=6.417036E+04
    PHIC=7.815519E-09
    GRAD=5.354872E-02
    NuBT=2
    CPU =0.000085

ITER: 12
    HPWL=6376.214844
    OVFL=0.564108
    HPWL=(2681.058594, 3695.156250)
    POTN=6.005449E+04
    PHIC=8.206286E-09
    GRAD=5.544330E-02
    NuBT=1
    CPU =0.000058

ITER: 13
    HPWL=6379.227539
    OVFL=0.561474
    HPWL=(2681.761230, 3697.466309)
    POTN=5.562021E+04
    PHIC=8.616596E-09
    GRAD=5.626272E-02
    NuBT=2
    CPU =0.000087

ITER: 14
    HPWL=6381.998047
    OVFL=0.558856
    HPWL=(2682.379883, 3699.618164)
    POTN=5.324009E+04
    PHIC=9.047422E-09
    GRAD=5.702752E-02
    NuBT=2
    CPU =0.000084

ITER: 15
    HPWL=6384.022949
    OVFL=0.557038
    HPWL=(2682.664062, 3701.358887)
    POTN=5.034955E+04
    PHIC=9.499789E-09
    GRAD=5.779228E-02
    NuBT=2
    CPU =0.000084

ITER: 16
    HPWL=6387.157227
    OVFL=0.559694
    HPWL=(2684.243652, 3702.913574)
    POTN=4.911213E+04
    PHIC=9.974774E-09
    GRAD=5.837152E-02
    NuBT=1
    CPU =0.000058

ITER: 17
    HPWL=6385.029297
    OVFL=0.555049
    HPWL=(2683.421387, 3701.607910)
    POTN=4.708653E+04
    PHIC=1.047351E-08
    GRAD=5.756306E-02
    NuBT=2
    CPU =0.000088

ITER: 18
    HPWL=6382.557617
    OVFL=0.558878
    HPWL=(2682.476562, 3700.081299)
    POTN=4.557586E+04
    PHIC=1.099719E-08
    GRAD=5.890027E-02
    NuBT=1
    CPU =0.000072

ITER: 19
    HPWL=6382.829102
    OVFL=0.556194
    HPWL=(2682.830811, 3699.998047)
    POTN=4.410911E+04
    PHIC=1.154705E-08
    GRAD=5.777726E-02
    NuBT=1
    CPU =0.000059

ITER: 20
    HPWL=6382.688477
    OVFL=0.559197
    HPWL=(2682.913330, 3699.775146)
    POTN=4.345409E+04
    PHIC=1.212440E-08
    GRAD=5.856626E-02
    NuBT=1
    CPU =0.000063

ITER: 21
    HPWL=6382.395508
    OVFL=0.555159
    HPWL=(2682.881592, 3699.513916)
    POTN=4.232354E+04
    PHIC=1.273062E-08
    GRAD=5.767926E-02
    NuBT=1
    CPU =0.000059

ITER: 22
    HPWL=6380.452148
    OVFL=0.558510
    HPWL=(2681.997803, 3698.454102)
    POTN=4.227283E+04
    PHIC=1.336715E-08
    GRAD=5.884365E-02
    NuBT=1
    CPU =0.000060

ITER: 23
    HPWL=6379.095703
    OVFL=0.554494
    HPWL=(2681.388184, 3697.707275)
    POTN=4.137025E+04
    PHIC=1.403550E-08
    GRAD=5.783453E-02
    NuBT=1
    CPU =0.000061

ITER: 24
    HPWL=6377.886719
    OVFL=0.555229
    HPWL=(2680.797119, 3697.089355)
    POTN=4.079646E+04
    PHIC=1.473728E-08
    GRAD=5.900633E-02
    NuBT=1
    CPU =0.000058

ITER: 25
    HPWL=6377.591309
    OVFL=0.550687
    HPWL=(2680.642578, 3696.948730)
    POTN=4.016038E+04
    PHIC=1.547414E-08
    GRAD=5.878307E-02
    NuBT=1
    CPU =0.000060

ITER: 26
    HPWL=6377.254883
    OVFL=0.550709
    HPWL=(2680.447510, 3696.807129)
    POTN=4.043148E+04
    PHIC=1.624785E-08
    GRAD=6.014186E-02
    NuBT=1
    CPU =0.000059

ITER: 27
    HPWL=6375.640625
    OVFL=0.547808
    HPWL=(2679.673584, 3695.967285)
    POTN=3.991604E+04
    PHIC=1.706024E-08
    GRAD=6.011856E-02
    NuBT=1
    CPU =0.000059

ITER: 28
    HPWL=6374.083008
    OVFL=0.546998
    HPWL=(2678.909424, 3695.173828)
    POTN=3.986138E+04
    PHIC=1.791325E-08
    GRAD=6.099121E-02
    NuBT=1
    CPU =0.000059

ITER: 29
    HPWL=6372.825195
    OVFL=0.547130
    HPWL=(2678.297119, 3694.528320)
    POTN=3.962086E+04
    PHIC=1.880891E-08
    GRAD=6.122943E-02
    NuBT=1
    CPU =0.000059

ITER: 30
    HPWL=6371.902344
    OVFL=0.547058
    HPWL=(2677.842285, 3694.060059)
    POTN=3.975994E+04
    PHIC=1.974936E-08
    GRAD=6.117979E-02
    NuBT=1
    CPU =0.000061

ITER: 31
    HPWL=6370.723145
    OVFL=0.548230
    HPWL=(2677.269043, 3693.454102)
    POTN=3.977049E+04
    PHIC=2.073682E-08
    GRAD=6.119421E-02
    NuBT=1
    CPU =0.000060

ITER: 32
    HPWL=6369.246094
    OVFL=0.548548
    HPWL=(2676.556641, 3692.689697)
    POTN=4.004163E+04
    PHIC=2.177366E-08
    GRAD=6.082447E-02
    NuBT=1
    CPU =0.000059

ITER: 33
    HPWL=6367.583984
    OVFL=0.549035
    HPWL=(2675.767334, 3691.816650)
    POTN=4.007361E+04
    PHIC=2.286235E-08
    GRAD=6.071841E-02
    NuBT=1
    CPU =0.000060

ITER: 34
    HPWL=6366.759766
    OVFL=0.549000
    HPWL=(2675.592529, 3691.167480)
    POTN=4.022995E+04
    PHIC=2.400546E-08
    GRAD=6.056447E-02
    NuBT=1
    CPU =0.000077

ITER: 35
    HPWL=6366.145996
    OVFL=0.549367
    HPWL=(2675.505371, 3690.640625)
    POTN=4.015621E+04
    PHIC=2.520573E-08
    GRAD=6.057288E-02
    NuBT=1
    CPU =0.000059

ITER: 36
    HPWL=6365.417969
    OVFL=0.549351
    HPWL=(2675.386475, 3690.031250)
    POTN=4.019904E+04
    PHIC=2.646602E-08
    GRAD=6.045745E-02
    NuBT=1
    CPU =0.000059

ITER: 37
    HPWL=6364.609375
    OVFL=0.549554
    HPWL=(2675.253418, 3689.355713)
    POTN=4.016812E+04
    PHIC=2.778932E-08
    GRAD=6.045845E-02
    NuBT=1
    CPU =0.000060

ITER: 38
    HPWL=6363.903320
    OVFL=0.549478
    HPWL=(2675.138184, 3688.764893)
    POTN=4.020915E+04
    PHIC=2.917879E-08
    GRAD=6.039329E-02
    NuBT=1
    CPU =0.000058

ITER: 39
    HPWL=6363.299805
    OVFL=0.549562
    HPWL=(2675.044922, 3688.254883)
    POTN=4.020062E+04
    PHIC=3.063773E-08
    GRAD=6.041769E-02
    NuBT=1
    CPU =0.000061

ITER: 40
    HPWL=6362.607422
    OVFL=0.549547
    HPWL=(2674.923828, 3687.683594)
    POTN=4.021677E+04
    PHIC=3.216961E-08
    GRAD=6.039012E-02
    NuBT=2
    CPU =0.000089

ITER: 41
    HPWL=6362.335938
    OVFL=0.549580
    HPWL=(2674.879639, 3687.456299)
    POTN=4.021520E+04
    PHIC=3.377809E-08
    GRAD=6.039321E-02
    NuBT=1
    CPU =0.000058

ITER: 42
    HPWL=6362.337402
    OVFL=0.549593
    HPWL=(2674.872070, 3687.465332)
    POTN=4.021251E+04
    PHIC=3.546699E-08
    GRAD=6.038642E-02
    NuBT=1
    CPU =0.000059

ITER: 43
    HPWL=6363.676758
    OVFL=0.549457
    HPWL=(2675.017822, 3688.658936)
    POTN=4.021005E+04
    PHIC=3.724033E-08
    GRAD=6.038059E-02
    NuBT=2
    CPU =0.000089

ITER: 44
    HPWL=6363.574219
    OVFL=0.549161
    HPWL=(2674.977539, 3688.596680)
    POTN=4.024100E+04
    PHIC=3.910235E-08
    GRAD=6.042330E-02
    NuBT=2
    CPU =0.000084

ITER: 45
    HPWL=6364.548828
    OVFL=0.549141
    HPWL=(2675.086914, 3689.462158)
    POTN=4.012288E+04
    PHIC=4.105746E-08
    GRAD=6.051590E-02
    NuBT=2
    CPU =0.000083

ITER: 46
    HPWL=6364.822266
    OVFL=0.548728
    HPWL=(2675.109375, 3689.712891)
    POTN=4.002916E+04
    PHIC=4.311033E-08
    GRAD=6.052312E-02
    NuBT=2
    CPU =0.000084

ITER: 47
    HPWL=6365.242188
    OVFL=0.548542
    HPWL=(2675.149414, 3690.092529)
    POTN=3.987573E+04
    PHIC=4.526584E-08
    GRAD=6.065109E-02
    NuBT=2
    CPU =0.000083

ITER: 48
    HPWL=6365.504883
    OVFL=0.547696
    HPWL=(2675.166016, 3690.338867)
    POTN=3.978405E+04
    PHIC=4.752913E-08
    GRAD=6.070893E-02
    NuBT=2
    CPU =0.000093

ITER: 49
    HPWL=6365.549805
    OVFL=0.547458
    HPWL=(2675.167725, 3690.382080)
    POTN=3.965776E+04
    PHIC=4.990558E-08
    GRAD=6.097002E-02
    NuBT=2
    CPU =0.000085

ITER: 50
    HPWL=6365.692871
    OVFL=0.546991
    HPWL=(2675.183350, 3690.509521)
    POTN=3.964917E+04
    PHIC=5.240086E-08
    GRAD=6.104284E-02
    NuBT=2
    CPU =0.000085

ITER: 51
    HPWL=6365.583496
    OVFL=0.547127
    HPWL=(2675.159180, 3690.424316)
    POTN=3.961420E+04
    PHIC=5.502090E-08
    GRAD=6.118809E-02
    NuBT=2
    CPU =0.000084

ITER: 52
    HPWL=6365.885254
    OVFL=0.546916
    HPWL=(2675.180664, 3690.704590)
    POTN=3.965223E+04
    PHIC=5.777195E-08
    GRAD=6.114770E-02
    NuBT=1
    CPU =0.000058

ITER: 53
    HPWL=6365.867188
    OVFL=0.547055
    HPWL=(2675.186035, 3690.681396)
    POTN=3.961556E+04
    PHIC=6.066054E-08
    GRAD=6.121158E-02
    NuBT=1
    CPU =0.000059

ITER: 54
    HPWL=6365.281250
    OVFL=0.546860
    HPWL=(2675.104492, 3690.176514)
    POTN=3.966730E+04
    PHIC=6.369356E-08
    GRAD=6.116645E-02
    NuBT=1
    CPU =0.000061

ITER: 55
    HPWL=6364.708984
    OVFL=0.546964
    HPWL=(2675.038818, 3689.669922)
    POTN=3.967282E+04
    PHIC=6.687824E-08
    GRAD=6.122497E-02
    NuBT=1
    CPU =0.000057

ITER: 56
    HPWL=6364.439453
    OVFL=0.547020
    HPWL=(2675.012939, 3689.426270)
    POTN=3.973070E+04
    PHIC=7.022214E-08
    GRAD=6.119054E-02
    NuBT=1
    CPU =0.000059

ITER: 57
    HPWL=6364.262207
    OVFL=0.547310
    HPWL=(2674.980713, 3689.281494)
    POTN=3.973736E+04
    PHIC=7.373325E-08
    GRAD=6.117491E-02
    NuBT=1
    CPU =0.000061

ITER: 58
    HPWL=6363.958008
    OVFL=0.547623
    HPWL=(2674.939941, 3689.018311)
    POTN=3.978817E+04
    PHIC=7.741991E-08
    GRAD=6.108422E-02
    NuBT=1
    CPU =0.000058

ITER: 59
    HPWL=6363.533203
    OVFL=0.547803
    HPWL=(2674.898438, 3688.634521)
    POTN=3.979674E+04
    PHIC=8.129090E-08
    GRAD=6.098617E-02
    NuBT=1
    CPU =0.000061

ITER: 60
    HPWL=6363.118164
    OVFL=0.547996
    HPWL=(2674.848877, 3688.269531)
    POTN=3.982537E+04
    PHIC=8.535544E-08
    GRAD=6.093099E-02
    NuBT=1
    CPU =0.000060

ITER: 61
    HPWL=6362.839844
    OVFL=0.548089
    HPWL=(2674.819824, 3688.019775)
    POTN=3.982029E+04
    PHIC=8.962321E-08
    GRAD=6.087052E-02
    NuBT=1
    CPU =0.000060

ITER: 62
    HPWL=6362.600098
    OVFL=0.548168
    HPWL=(2674.808105, 3687.791992)
    POTN=3.982352E+04
    PHIC=9.410437E-08
    GRAD=6.084106E-02
    NuBT=1
    CPU =0.000064

ITER: 63
    HPWL=6362.283203
    OVFL=0.548179
    HPWL=(2674.783691, 3687.499268)
    POTN=3.980793E+04
    PHIC=9.880958E-08
    GRAD=6.081566E-02
    NuBT=2
    CPU =0.000095

ITER: 64
    HPWL=6362.120605
    OVFL=0.548165
    HPWL=(2674.764893, 3687.355713)
    POTN=3.979003E+04
    PHIC=1.037501E-07
    GRAD=6.081213E-02
    NuBT=1
    CPU =0.000058

ITER: 65
    HPWL=6362.123047
    OVFL=0.548072
    HPWL=(2674.771729, 3687.351318)
    POTN=3.975664E+04
    PHIC=1.089375E-07
    GRAD=6.081620E-02
    NuBT=1
    CPU =0.000060

ITER: 66
    HPWL=6362.707031
    OVFL=0.547752
    HPWL=(2674.802979, 3687.904297)
    POTN=3.967202E+04
    PHIC=1.143844E-07
    GRAD=6.084675E-02
    NuBT=2
    CPU =0.000079

ITER: 67
    HPWL=6362.757324
    OVFL=0.547412
    HPWL=(2674.811035, 3687.946289)
    POTN=3.959255E+04
    PHIC=1.201036E-07
    GRAD=6.094532E-02
    NuBT=2
    CPU =0.000083

ITER: 68
    HPWL=6363.235352
    OVFL=0.547183
    HPWL=(2674.849854, 3688.385742)
    POTN=3.953357E+04
    PHIC=1.261088E-07
    GRAD=6.104990E-02
    NuBT=2
    CPU =0.000088

ITER: 69
    HPWL=6363.390625
    OVFL=0.546863
    HPWL=(2674.847412, 3688.542969)
    POTN=3.945355E+04
    PHIC=1.324142E-07
    GRAD=6.112016E-02
    NuBT=2
    CPU =0.000084

ITER: 70
    HPWL=6363.626953
    OVFL=0.546905
    HPWL=(2674.874268, 3688.752930)
    POTN=3.939800E+04
    PHIC=1.390349E-07
    GRAD=6.121923E-02
    NuBT=2
    CPU =0.000084

ITER: 71
    HPWL=6363.792969
    OVFL=0.546892
    HPWL=(2674.893555, 3688.899170)
    POTN=3.931589E+04
    PHIC=1.459867E-07
    GRAD=6.120725E-02
    NuBT=2
    CPU =0.000085

ITER: 72
    HPWL=6363.895508
    OVFL=0.546933
    HPWL=(2674.911377, 3688.984131)
    POTN=3.927866E+04
    PHIC=1.532860E-07
    GRAD=6.120975E-02
    NuBT=2
    CPU =0.000083

ITER: 73
    HPWL=6363.965820
    OVFL=0.546931
    HPWL=(2674.908447, 3689.057129)
    POTN=3.921502E+04
    PHIC=1.609503E-07
    GRAD=6.119889E-02
    NuBT=2
    CPU =0.000083

ITER: 74
    HPWL=6364.210938
    OVFL=0.546953
    HPWL=(2674.937256, 3689.273438)
    POTN=3.919701E+04
    PHIC=1.689978E-07
    GRAD=6.119972E-02
    NuBT=1
    CPU =0.000059

ITER: 75
    HPWL=6364.250488
    OVFL=0.546969
    HPWL=(2674.953125, 3689.297363)
    POTN=3.914512E+04
    PHIC=1.774477E-07
    GRAD=6.119306E-02
    NuBT=1
    CPU =0.000058

ITER: 76
    HPWL=6364.061035
    OVFL=0.546973
    HPWL=(2674.960693, 3689.100342)
    POTN=3.911321E+04
    PHIC=1.863201E-07
    GRAD=6.118612E-02
    NuBT=1
    CPU =0.000069

ITER: 77
    HPWL=6363.874023
    OVFL=0.547002
    HPWL=(2674.965088, 3688.908936)
    POTN=3.905780E+04
    PHIC=1.956360E-07
    GRAD=6.118456E-02
    NuBT=1
    CPU =0.000058

ITER: 78
    HPWL=6363.832031
    OVFL=0.546997
    HPWL=(2674.966064, 3688.866211)
    POTN=3.903496E+04
    PHIC=2.054178E-07
    GRAD=6.117667E-02
    NuBT=1
    CPU =0.000060

ITER: 79
    HPWL=6363.791992
    OVFL=0.547025
    HPWL=(2674.965088, 3688.826660)
    POTN=3.899221E+04
    PHIC=2.156887E-07
    GRAD=6.117754E-02
    NuBT=1
    CPU =0.000059

ITER: 80
    HPWL=6363.698242
    OVFL=0.547017
    HPWL=(2674.988525, 3688.709961)
    POTN=3.897388E+04
    PHIC=2.264731E-07
    GRAD=6.116930E-02
    NuBT=1
    CPU =0.000057

ITER: 81
    HPWL=6363.511719
    OVFL=0.547065
    HPWL=(2674.981934, 3688.529541)
    POTN=3.893623E+04
    PHIC=2.377968E-07
    GRAD=6.117105E-02
    NuBT=1
    CPU =0.000058

ITER: 82
    HPWL=6363.373047
    OVFL=0.547107
    HPWL=(2674.988525, 3688.384766)
    POTN=3.891952E+04
    PHIC=2.496866E-07
    GRAD=6.115477E-02
    NuBT=1
    CPU =0.000058

ITER: 83
    HPWL=6363.231445
    OVFL=0.547283
    HPWL=(2674.981689, 3688.250000)
    POTN=3.888604E+04
    PHIC=2.621709E-07
    GRAD=6.114233E-02
    NuBT=1
    CPU =0.000059

ITER: 84
    HPWL=6363.141602
    OVFL=0.547290
    HPWL=(2674.986328, 3688.155273)
    POTN=3.886295E+04
    PHIC=2.752795E-07
    GRAD=6.108781E-02
    NuBT=1
    CPU =0.000061

ITER: 85
    HPWL=6363.023926
    OVFL=0.547405
    HPWL=(2674.987305, 3688.036621)
    POTN=3.882780E+04
    PHIC=2.890434E-07
    GRAD=6.108466E-02
    NuBT=1
    CPU =0.000061

ITER: 86
    HPWL=6362.958008
    OVFL=0.547375
    HPWL=(2674.991455, 3687.966553)
    POTN=3.879607E+04
    PHIC=3.034956E-07
    GRAD=6.104878E-02
    NuBT=1
    CPU =0.000060

ITER: 87
    HPWL=6362.906250
    OVFL=0.547432
    HPWL=(2674.999756, 3687.906494)
    POTN=3.874828E+04
    PHIC=3.186704E-07
    GRAD=6.105827E-02
    NuBT=1
    CPU =0.000060

ITER: 88
    HPWL=6362.943359
    OVFL=0.547356
    HPWL=(2675.012939, 3687.930420)
    POTN=3.870164E+04
    PHIC=3.346039E-07
    GRAD=6.104236E-02
    NuBT=1
    CPU =0.000062

ITER: 89
    HPWL=6363.041992
    OVFL=0.547368
    HPWL=(2675.032959, 3688.008789)
    POTN=3.863904E+04
    PHIC=3.513341E-07
    GRAD=6.106324E-02
    NuBT=1
    CPU =0.000059

ITER: 90
    HPWL=6363.167969
    OVFL=0.547239
    HPWL=(2675.043213, 3688.125000)
    POTN=3.857998E+04
    PHIC=3.689007E-07
    GRAD=6.105993E-02
    NuBT=1
    CPU =0.000062

ITER: 91
    HPWL=6363.296875
    OVFL=0.547226
    HPWL=(2675.060791, 3688.236328)
    POTN=3.850298E+04
    PHIC=3.873458E-07
    GRAD=6.110057E-02
    NuBT=1
    CPU =0.000058

ITER: 92
    HPWL=6363.417969
    OVFL=0.547038
    HPWL=(2675.068359, 3688.349609)
    POTN=3.843636E+04
    PHIC=4.067130E-07
    GRAD=6.110465E-02
    NuBT=1
    CPU =0.000063

ITER: 93
    HPWL=6363.491211
    OVFL=0.547009
    HPWL=(2675.095215, 3688.395752)
    POTN=3.834976E+04
    PHIC=4.270486E-07
    GRAD=6.116094E-02
    NuBT=1
    CPU =0.000070

ITER: 94
    HPWL=6363.576660
    OVFL=0.546961
    HPWL=(2675.105225, 3688.471436)
    POTN=3.828072E+04
    PHIC=4.484010E-07
    GRAD=6.117168E-02
    NuBT=1
    CPU =0.000061

ITER: 95
    HPWL=6363.708008
    OVFL=0.546973
    HPWL=(2675.134521, 3688.573730)
    POTN=3.818653E+04
    PHIC=4.708211E-07
    GRAD=6.118543E-02
    NuBT=1
    CPU =0.000058

ITER: 96
    HPWL=6363.846680
    OVFL=0.546928
    HPWL=(2675.141846, 3688.704834)
    POTN=3.811310E+04
    PHIC=4.943621E-07
    GRAD=6.118112E-02
    NuBT=1
    CPU =0.000059

ITER: 97
    HPWL=6363.892578
    OVFL=0.546948
    HPWL=(2675.166748, 3688.725586)
    POTN=3.801511E+04
    PHIC=5.190802E-07
    GRAD=6.119574E-02
    NuBT=1
    CPU =0.000059

ITER: 98
    HPWL=6363.945312
    OVFL=0.546893
    HPWL=(2675.181152, 3688.763916)
    POTN=3.794024E+04
    PHIC=5.450341E-07
    GRAD=6.118909E-02
    NuBT=1
    CPU =0.000061

ITER: 99
    HPWL=6363.976562
    OVFL=0.546916
    HPWL=(2675.201660, 3688.775146)
    POTN=3.783971E+04
    PHIC=5.722858E-07
    GRAD=6.120466E-02
    NuBT=1
    CPU =0.000059

ITER: 100
    HPWL=6364.061523
    OVFL=0.546863
    HPWL=(2675.207764, 3688.854004)
    POTN=3.776402E+04
    PHIC=6.009001E-07
    GRAD=6.119932E-02
    NuBT=1
    CPU =0.000061

ITER: 101
    HPWL=6364.122559
    OVFL=0.546882
    HPWL=(2675.236816, 3688.885742)
    POTN=3.766117E+04
    PHIC=6.309451E-07
    GRAD=6.121431E-02
    NuBT=1
    CPU =0.000058

ITER: 102
    HPWL=6364.181641
    OVFL=0.546819
    HPWL=(2675.251953, 3688.929688)
    POTN=3.758443E+04
    PHIC=6.624923E-07
    GRAD=6.120827E-02
    NuBT=1
    CPU =0.000064

ITER: 103
    HPWL=6364.173828
    OVFL=0.546846
    HPWL=(2675.273926, 3688.899658)
    POTN=3.747162E+04
    PHIC=6.956169E-07
    GRAD=6.122784E-02
    NuBT=1
    CPU =0.000060

ITER: 104
    HPWL=6364.234863
    OVFL=0.546778
    HPWL=(2675.291260, 3688.943604)
    POTN=3.737638E+04
    PHIC=7.303977E-07
    GRAD=6.122056E-02
    NuBT=1
    CPU =0.000060

ITER: 105
    HPWL=6364.256836
    OVFL=0.546806
    HPWL=(2675.326904, 3688.929932)
    POTN=3.725349E+04
    PHIC=7.669176E-07
    GRAD=6.123941E-02
    NuBT=1
    CPU =0.000060

ITER: 106
    HPWL=6364.298828
    OVFL=0.546739
    HPWL=(2675.333984, 3688.964600)
    POTN=3.715175E+04
    PHIC=8.052634E-07
    GRAD=6.123084E-02
    NuBT=1
    CPU =0.000059

ITER: 107
    HPWL=6364.343262
    OVFL=0.546771
    HPWL=(2675.383057, 3688.960205)
    POTN=3.700492E+04
    PHIC=8.455266E-07
    GRAD=6.125167E-02
    NuBT=1
    CPU =0.000061

ITER: 108
    HPWL=6364.409180
    OVFL=0.546710
    HPWL=(2675.396484, 3689.012939)
    POTN=3.687993E+04
    PHIC=8.878029E-07
    GRAD=6.124057E-02
    NuBT=1
    CPU =0.000059

ITER: 109
    HPWL=6364.456055
    OVFL=0.546739
    HPWL=(2675.449463, 3689.006348)
    POTN=3.672208E+04
    PHIC=9.321930E-07
    GRAD=6.125982E-02
    NuBT=1
    CPU =0.000072

ITER: 110
    HPWL=6364.531250
    OVFL=0.546678
    HPWL=(2675.451904, 3689.079346)
    POTN=3.658707E+04
    PHIC=9.788025E-07
    GRAD=6.125062E-02
    NuBT=1
    CPU =0.000059

ITER: 111
    HPWL=6364.591797
    OVFL=0.546710
    HPWL=(2675.515869, 3689.075928)
    POTN=3.640564E+04
    PHIC=1.027743E-06
    GRAD=6.126852E-02
    NuBT=1
    CPU =0.000061

ITER: 112
    HPWL=6364.692383
    OVFL=0.546639
    HPWL=(2675.528320, 3689.164307)
    POTN=3.624225E+04
    PHIC=1.079130E-06
    GRAD=6.125870E-02
    NuBT=1
    CPU =0.000060

ITER: 113
    HPWL=6364.828125
    OVFL=0.546690
    HPWL=(2675.592041, 3689.235840)
    POTN=3.603570E+04
    PHIC=1.133086E-06
    GRAD=6.128022E-02
    NuBT=1
    CPU =0.000061

ITER: 114
    HPWL=6365.003418
    OVFL=0.546609
    HPWL=(2675.620361, 3689.383057)
    POTN=3.585447E+04
    PHIC=1.189740E-06
    GRAD=6.126373E-02
    NuBT=1
    CPU =0.000059

ITER: 115
    HPWL=6365.104004
    OVFL=0.546660
    HPWL=(2675.689453, 3689.414551)
    POTN=3.563022E+04
    PHIC=1.249227E-06
    GRAD=6.128917E-02
    NuBT=1
    CPU =0.000063

ITER: 116
    HPWL=6365.234863
    OVFL=0.546574
    HPWL=(2675.711670, 3689.523193)
    POTN=3.543813E+04
    PHIC=1.311689E-06
    GRAD=6.127303E-02
    NuBT=1
    CPU =0.000060

ITER: 117
    HPWL=6365.382812
    OVFL=0.546638
    HPWL=(2675.788818, 3689.593994)
    POTN=3.523421E+04
    PHIC=1.377273E-06
    GRAD=6.129843E-02
    NuBT=1
    CPU =0.000062

ITER: 118
    HPWL=6365.581055
    OVFL=0.546537
    HPWL=(2675.821777, 3689.759277)
    POTN=3.507333E+04
    PHIC=1.446136E-06
    GRAD=6.127932E-02
    NuBT=1
    CPU =0.000059

ITER: 119
    HPWL=6365.743164
    OVFL=0.546604
    HPWL=(2675.902832, 3689.840088)
    POTN=3.485955E+04
    PHIC=1.518443E-06
    GRAD=6.131079E-02
    NuBT=1
    CPU =0.000058

ITER: 120
    HPWL=6365.901367
    OVFL=0.546501
    HPWL=(2675.938721, 3689.962891)
    POTN=3.470007E+04
    PHIC=1.594365E-06
    GRAD=6.128884E-02
    NuBT=1
    CPU =0.000062

ITER: 121
    HPWL=6366.020996
    OVFL=0.546574
    HPWL=(2676.018799, 3690.002197)
    POTN=3.449397E+04
    PHIC=1.674084E-06
    GRAD=6.131914E-02
    NuBT=1
    CPU =0.000058

ITER: 122
    HPWL=6366.232910
    OVFL=0.546463
    HPWL=(2676.058838, 3690.174072)
    POTN=3.432947E+04
    PHIC=1.757788E-06
    GRAD=6.129667E-02
    NuBT=1
    CPU =0.000060

ITER: 123
    HPWL=6366.384766
    OVFL=0.546539
    HPWL=(2676.148682, 3690.235840)
    POTN=3.411204E+04
    PHIC=1.845677E-06
    GRAD=6.133058E-02
    NuBT=1
    CPU =0.000058

ITER: 124
    HPWL=6366.613770
    OVFL=0.546418
    HPWL=(2676.195801, 3690.417969)
    POTN=3.394022E+04
    PHIC=1.937961E-06
    GRAD=6.130869E-02
    NuBT=1
    CPU =0.000060

ITER: 125
    HPWL=6366.747070
    OVFL=0.546501
    HPWL=(2676.296875, 3690.449951)
    POTN=3.372127E+04
    PHIC=2.034859E-06
    GRAD=6.134339E-02
    NuBT=1
    CPU =0.000059

ITER: 126
    HPWL=6366.919922
    OVFL=0.546367
    HPWL=(2676.336182, 3690.583984)
    POTN=3.353415E+04
    PHIC=2.136602E-06
    GRAD=6.131699E-02
    NuBT=1
    CPU =0.000071

ITER: 127
    HPWL=6367.078125
    OVFL=0.546449
    HPWL=(2676.469727, 3690.608398)
    POTN=3.328047E+04
    PHIC=2.243431E-06
    GRAD=6.135816E-02
    NuBT=1
    CPU =0.000059

ITER: 128
    HPWL=6367.324219
    OVFL=0.546255
    HPWL=(2676.515137, 3690.809082)
    POTN=3.306503E+04
    PHIC=2.355603E-06
    GRAD=6.133332E-02
    NuBT=1
    CPU =0.000059

ITER: 129
    HPWL=6367.550781
    OVFL=0.546330
    HPWL=(2676.663818, 3690.886719)
    POTN=3.278199E+04
    PHIC=2.473383E-06
    GRAD=6.139183E-02
    NuBT=1
    CPU =0.000062

ITER: 130
    HPWL=6367.833984
    OVFL=0.546123
    HPWL=(2676.719238, 3691.114746)
    POTN=3.253474E+04
    PHIC=2.597052E-06
    GRAD=6.136896E-02
    NuBT=1
    CPU =0.000058

ITER: 131
    HPWL=6368.043457
    OVFL=0.546202
    HPWL=(2676.877441, 3691.166016)
    POTN=3.223474E+04
    PHIC=2.726904E-06
    GRAD=6.143017E-02
    NuBT=1
    CPU =0.000060

ITER: 132
    HPWL=6368.327148
    OVFL=0.545973
    HPWL=(2676.925781, 3691.401123)
    POTN=3.200540E+04
    PHIC=2.863249E-06
    GRAD=6.140570E-02
    NuBT=1
    CPU =0.000060

ITER: 133
    HPWL=6368.652344
    OVFL=0.546055
    HPWL=(2677.208008, 3691.444092)
    POTN=3.170679E+04
    PHIC=3.006412E-06
    GRAD=6.147690E-02
    NuBT=1
    CPU =0.000060

ITER: 134
    HPWL=6368.927246
    OVFL=0.545811
    HPWL=(2677.243408, 3691.683838)
    POTN=3.148397E+04
    PHIC=3.156732E-06
    GRAD=6.145105E-02
    NuBT=1
    CPU =0.000062

ITER: 135
    HPWL=6369.416016
    OVFL=0.545895
    HPWL=(2677.695557, 3691.720703)
    POTN=3.120105E+04
    PHIC=3.314568E-06
    GRAD=6.152583E-02
    NuBT=1
    CPU =0.000061

ITER: 136
    HPWL=6369.773438
    OVFL=0.545626
    HPWL=(2677.786133, 3691.987061)
    POTN=3.101619E+04
    PHIC=3.480297E-06
    GRAD=6.149994E-02
    NuBT=1
    CPU =0.000063

ITER: 137
    HPWL=6370.333984
    OVFL=0.545720
    HPWL=(2678.295410, 3692.038330)
    POTN=3.075536E+04
    PHIC=3.654311E-06
    GRAD=6.158323E-02
    NuBT=1
    CPU =0.000058

ITER: 138
    HPWL=6370.603516
    OVFL=0.545427
    HPWL=(2678.333252, 3692.270508)
    POTN=3.057062E+04
    PHIC=3.837026E-06
    GRAD=6.155198E-02
    NuBT=1
    CPU =0.000062

ITER: 139
    HPWL=6370.975586
    OVFL=0.545531
    HPWL=(2678.769043, 3692.206543)
    POTN=3.030899E+04
    PHIC=4.028877E-06
    GRAD=6.164152E-02
    NuBT=1
    CPU =0.000057

ITER: 140
    HPWL=6371.234375
    OVFL=0.545206
    HPWL=(2678.785889, 3692.448730)
    POTN=3.013203E+04
    PHIC=4.230321E-06
    GRAD=6.160869E-02
    NuBT=1
    CPU =0.000061

ITER: 141
    HPWL=6371.912109
    OVFL=0.545315
    HPWL=(2679.400635, 3692.511475)
    POTN=2.986316E+04
    PHIC=4.441836E-06
    GRAD=6.170919E-02
    NuBT=1
    CPU =0.000060

ITER: 142
    HPWL=6372.393555
    OVFL=0.544890
    HPWL=(2679.515137, 3692.878662)
    POTN=2.968753E+04
    PHIC=4.663927E-06
    GRAD=6.167627E-02
    NuBT=1
    CPU =0.000071

ITER: 143
    HPWL=6372.970703
    OVFL=0.544897
    HPWL=(2680.105957, 3692.864502)
    POTN=2.937256E+04
    PHIC=4.897122E-06
    GRAD=6.180636E-02
    NuBT=1
    CPU =0.000059

ITER: 144
    HPWL=6373.077637
    OVFL=0.544399
    HPWL=(2680.035645, 3693.041992)
    POTN=2.916228E+04
    PHIC=5.141978E-06
    GRAD=6.180305E-02
    NuBT=1
    CPU =0.000061

ITER: 145
    HPWL=6373.554688
    OVFL=0.544384
    HPWL=(2680.621582, 3692.933105)
    POTN=2.884614E+04
    PHIC=5.399077E-06
    GRAD=6.195648E-02
    NuBT=1
    CPU =0.000061

ITER: 146
    HPWL=6373.958008
    OVFL=0.543785
    HPWL=(2680.682617, 3693.275146)
    POTN=2.864792E+04
    PHIC=5.669030E-06
    GRAD=6.196115E-02
    NuBT=1
    CPU =0.000061

ITER: 147
    HPWL=6374.673828
    OVFL=0.543622
    HPWL=(2681.416504, 3693.257568)
    POTN=2.835925E+04
    PHIC=5.952480E-06
    GRAD=6.214546E-02
    NuBT=1
    CPU =0.000059

ITER: 148
    HPWL=6374.905273
    OVFL=0.542771
    HPWL=(2681.401367, 3693.503906)
    POTN=2.821270E+04
    PHIC=6.250104E-06
    GRAD=6.219556E-02
    NuBT=1
    CPU =0.000061

ITER: 149
    HPWL=6375.355469
    OVFL=0.542098
    HPWL=(2682.074219, 3693.281250)
    POTN=2.793232E+04
    PHIC=6.562608E-06
    GRAD=6.245894E-02
    NuBT=1
    CPU =0.000060

ITER: 150
    HPWL=6375.453613
    OVFL=0.539519
    HPWL=(2681.991943, 3693.461670)
    POTN=2.772523E+04
    PHIC=6.890738E-06
    GRAD=6.266935E-02
    NuBT=1
    CPU =0.000060

ITER: 151
    HPWL=6375.978516
    OVFL=0.536644
    HPWL=(2682.730957, 3693.247559)
    POTN=2.734548E+04
    PHIC=7.235274E-06
    GRAD=6.348651E-02
    NuBT=1
    CPU =0.000059

ITER: 152
    HPWL=6375.599609
    OVFL=0.532937
    HPWL=(2682.387207, 3693.212646)
    POTN=2.710139E+04
    PHIC=7.597037E-06
    GRAD=6.440879E-02
    NuBT=1
    CPU =0.000060

ITER: 153
    HPWL=6375.669434
    OVFL=0.529631
    HPWL=(2682.918701, 3692.750732)
    POTN=2.672957E+04
    PHIC=7.976889E-06
    GRAD=6.561472E-02
    NuBT=1
    CPU =0.000060

ITER: 154
    HPWL=6375.275391
    OVFL=0.525763
    HPWL=(2682.563232, 3692.711914)
    POTN=2.651774E+04
    PHIC=8.375733E-06
    GRAD=6.671274E-02
    NuBT=1
    CPU =0.000058

ITER: 155
    HPWL=6375.866211
    OVFL=0.522424
    HPWL=(2683.379150, 3692.487061)
    POTN=2.618416E+04
    PHIC=8.794518E-06
    GRAD=6.801893E-02
    NuBT=1
    CPU =0.000062

ITER: 156
    HPWL=6375.734375
    OVFL=0.518503
    HPWL=(2683.150635, 3692.583496)
    POTN=2.599619E+04
    PHIC=9.234243E-06
    GRAD=6.916943E-02
    NuBT=1
    CPU =0.000062

ITER: 157
    HPWL=6376.115234
    OVFL=0.515252
    HPWL=(2683.855957, 3692.259277)
    POTN=2.569039E+04
    PHIC=9.695955E-06
    GRAD=7.053833E-02
    NuBT=1
    CPU =0.000061

ITER: 158
    HPWL=6375.546875
    OVFL=0.512047
    HPWL=(2683.359619, 3692.187012)
    POTN=2.553946E+04
    PHIC=1.018075E-05
    GRAD=7.169263E-02
    NuBT=1
    CPU =0.000059

ITER: 159
    HPWL=6375.797363
    OVFL=0.510098
    HPWL=(2683.989990, 3691.807373)
    POTN=2.527706E+04
    PHIC=1.068979E-05
    GRAD=7.284819E-02
    NuBT=1
    CPU =0.000074

ITER: 160
    HPWL=6375.590820
    OVFL=0.510560
    HPWL=(2683.662842, 3691.927734)
    POTN=2.516691E+04
    PHIC=1.122428E-05
    GRAD=7.355849E-02
    NuBT=1
    CPU =0.000060

ITER: 161
    HPWL=6376.244141
    OVFL=0.509004
    HPWL=(2684.539062, 3691.705078)
    POTN=2.492907E+04
    PHIC=1.178549E-05
    GRAD=7.338107E-02
    NuBT=1
    CPU =0.000060

ITER: 162
    HPWL=6375.875977
    OVFL=0.510357
    HPWL=(2684.041504, 3691.834229)
    POTN=2.483708E+04
    PHIC=1.237476E-05
    GRAD=7.395044E-02
    NuBT=1
    CPU =0.000059

ITER: 163
    HPWL=6375.685547
    OVFL=0.508734
    HPWL=(2684.405029, 3691.280762)
    POTN=2.460455E+04
    PHIC=1.299350E-05
    GRAD=7.344005E-02
    NuBT=1
    CPU =0.000058

ITER: 164
    HPWL=6374.698242
    OVFL=0.509793
    HPWL=(2683.486084, 3691.212158)
    POTN=2.450433E+04
    PHIC=1.364318E-05
    GRAD=7.403111E-02
    NuBT=1
    CPU =0.000059

ITER: 165
    HPWL=6374.909180
    OVFL=0.508327
    HPWL=(2684.112305, 3690.796631)
    POTN=2.428615E+04
    PHIC=1.432533E-05
    GRAD=7.362803E-02
    NuBT=1
    CPU =0.000061

ITER: 166
    HPWL=6374.702148
    OVFL=0.509212
    HPWL=(2683.616699, 3691.085449)
    POTN=2.417634E+04
    PHIC=1.504160E-05
    GRAD=7.416646E-02
    NuBT=1
    CPU =0.000059

ITER: 167
    HPWL=6374.946289
    OVFL=0.507752
    HPWL=(2684.271484, 3690.674561)
    POTN=2.394224E+04
    PHIC=1.579368E-05
    GRAD=7.382789E-02
    NuBT=1
    CPU =0.000059

ITER: 168
    HPWL=6374.304199
    OVFL=0.508439
    HPWL=(2683.707031, 3690.597168)
    POTN=2.380970E+04
    PHIC=1.658336E-05
    GRAD=7.436170E-02
    NuBT=1
    CPU =0.000058

ITER: 169
    HPWL=6374.322266
    OVFL=0.507229
    HPWL=(2684.073975, 3690.248535)
    POTN=2.357346E+04
    PHIC=1.741253E-05
    GRAD=7.409445E-02
    NuBT=1
    CPU =0.000062

ITER: 170
    HPWL=6374.521484
    OVFL=0.507743
    HPWL=(2684.099609, 3690.422119)
    POTN=2.340724E+04
    PHIC=1.828316E-05
    GRAD=7.453831E-02
    NuBT=1
    CPU =0.000064

ITER: 171
    HPWL=6375.141602
    OVFL=0.506442
    HPWL=(2684.589844, 3690.551758)
    POTN=2.313881E+04
    PHIC=1.919731E-05
    GRAD=7.434037E-02
    NuBT=1
    CPU =0.000059

ITER: 172
    HPWL=6375.264648
    OVFL=0.507061
    HPWL=(2684.641846, 3690.622803)
    POTN=2.294920E+04
    PHIC=2.015718E-05
    GRAD=7.481874E-02
    NuBT=1
    CPU =0.000061

ITER: 173
    HPWL=6375.965820
    OVFL=0.505804
    HPWL=(2685.166748, 3690.799072)
    POTN=2.265983E+04
    PHIC=2.116503E-05
    GRAD=7.457891E-02
    NuBT=1
    CPU =0.000060

ITER: 174
    HPWL=6375.637695
    OVFL=0.506521
    HPWL=(2685.213379, 3690.424561)
    POTN=2.244949E+04
    PHIC=2.222328E-05
    GRAD=7.504194E-02
    NuBT=1
    CPU =0.000060

ITER: 175
    HPWL=6376.870605
    OVFL=0.505355
    HPWL=(2685.926758, 3690.943848)
    POTN=2.212487E+04
    PHIC=2.333444E-05
    GRAD=7.476402E-02
    NuBT=1
    CPU =0.000072

ITER: 176
    HPWL=6377.403320
    OVFL=0.506271
    HPWL=(2686.778809, 3690.624268)
    POTN=2.188143E+04
    PHIC=2.450116E-05
    GRAD=7.520187E-02
    NuBT=1
    CPU =0.000058

ITER: 177
    HPWL=6379.789062
    OVFL=0.504674
    HPWL=(2688.582764, 3691.206055)
    POTN=2.150426E+04
    PHIC=2.572620E-05
    GRAD=7.484794E-02
    NuBT=1
    CPU =0.000060

ITER: 178
    HPWL=6379.771973
    OVFL=0.505642
    HPWL=(2689.020752, 3690.751221)
    POTN=2.124259E+04
    PHIC=2.701251E-05
    GRAD=7.544239E-02
    NuBT=1
    CPU =0.000061

ITER: 179
    HPWL=6382.252930
    OVFL=0.503791
    HPWL=(2690.861816, 3691.390869)
    POTN=2.084169E+04
    PHIC=2.836313E-05
    GRAD=7.506851E-02
    NuBT=1
    CPU =0.000061

ITER: 180
    HPWL=6382.672852
    OVFL=0.504466
    HPWL=(2691.621338, 3691.051270)
    POTN=2.056424E+04
    PHIC=2.978128E-05
    GRAD=7.576372E-02
    NuBT=1
    CPU =0.000060

ITER: 181
    HPWL=6385.748047
    OVFL=0.502118
    HPWL=(2694.004639, 3691.743408)
    POTN=2.014802E+04
    PHIC=3.127033E-05
    GRAD=7.550325E-02
    NuBT=1
    CPU =0.000058

ITER: 182
    HPWL=6385.868164
    OVFL=0.502688
    HPWL=(2694.458496, 3691.409912)
    POTN=1.988840E+04
    PHIC=3.283384E-05
    GRAD=7.638711E-02
    NuBT=2
    CPU =0.000087

ITER: 183
    HPWL=6388.760742
    OVFL=0.500189
    HPWL=(2696.732910, 3692.027832)
    POTN=1.949764E+04
    PHIC=3.447552E-05
    GRAD=7.616244E-02
    NuBT=1
    CPU =0.000059

ITER: 184
    HPWL=6389.300781
    OVFL=0.500620
    HPWL=(2697.501709, 3691.799072)
    POTN=1.927113E+04
    PHIC=3.619929E-05
    GRAD=7.711272E-02
    NuBT=2
    CPU =0.000086

ITER: 185
    HPWL=6392.498047
    OVFL=0.497986
    HPWL=(2700.128662, 3692.369385)
    POTN=1.891382E+04
    PHIC=3.800923E-05
    GRAD=7.694177E-02
    NuBT=1
    CPU =0.000061

ITER: 186
    HPWL=6392.081055
    OVFL=0.498337
    HPWL=(2699.911865, 3692.168945)
    POTN=1.878860E+04
    PHIC=3.990969E-05
    GRAD=7.794657E-02
    NuBT=2
    CPU =0.000085

ITER: 187
    HPWL=6393.366211
    OVFL=0.496011
    HPWL=(2700.764404, 3692.602051)
    POTN=1.859079E+04
    PHIC=4.190516E-05
    GRAD=7.779778E-02
    NuBT=1
    CPU =0.000059

ITER: 188
    HPWL=6393.590820
    OVFL=0.496305
    HPWL=(2701.024170, 3692.566406)
    POTN=1.855771E+04
    PHIC=4.400042E-05
    GRAD=7.869162E-02
    NuBT=2
    CPU =0.000083

ITER: 189
    HPWL=6394.149414
    OVFL=0.494484
    HPWL=(2701.302002, 3692.847412)
    POTN=1.845597E+04
    PHIC=4.620043E-05
    GRAD=7.856268E-02
    NuBT=1
    CPU =0.000057

ITER: 190
    HPWL=6394.103027
    OVFL=0.494903
    HPWL=(2701.119141, 3692.983887)
    POTN=1.848924E+04
    PHIC=4.851045E-05
    GRAD=7.926145E-02
    NuBT=2
    CPU =0.000098

ITER: 191
    HPWL=6394.091797
    OVFL=0.493442
    HPWL=(2700.858398, 3693.233154)
    POTN=1.845277E+04
    PHIC=5.093597E-05
    GRAD=7.908087E-02
    NuBT=1
    CPU =0.000058

ITER: 192
    HPWL=6394.047852
    OVFL=0.493903
    HPWL=(2700.547852, 3693.500244)
    POTN=1.850880E+04
    PHIC=5.348277E-05
    GRAD=7.963791E-02
    NuBT=2
    CPU =0.000085

ITER: 193
    HPWL=6394.039062
    OVFL=0.492770
    HPWL=(2700.256836, 3693.782471)
    POTN=1.849865E+04
    PHIC=5.615690E-05
    GRAD=7.943722E-02
    NuBT=1
    CPU =0.000058

ITER: 194
    HPWL=6394.192871
    OVFL=0.493185
    HPWL=(2699.776611, 3694.416260)
    POTN=1.855768E+04
    PHIC=5.896475E-05
    GRAD=7.986554E-02
    NuBT=2
    CPU =0.000084

ITER: 195
    HPWL=6394.250000
    OVFL=0.491822
    HPWL=(2699.364258, 3694.885986)
    POTN=1.852606E+04
    PHIC=6.191298E-05
    GRAD=7.967938E-02
    NuBT=1
    CPU =0.000058

ITER: 196
    HPWL=6394.521484
    OVFL=0.492073
    HPWL=(2698.774658, 3695.747070)
    POTN=1.854699E+04
    PHIC=6.500862E-05
    GRAD=8.020198E-02
    NuBT=1
    CPU =0.000060

ITER: 197
    HPWL=6394.916992
    OVFL=0.490246
    HPWL=(2698.739258, 3696.177490)
    POTN=1.841153E+04
    PHIC=6.825905E-05
    GRAD=8.007772E-02
    NuBT=1
    CPU =0.000061

ITER: 198
    HPWL=6395.928711
    OVFL=0.490316
    HPWL=(2699.394775, 3696.533936)
    POTN=1.835564E+04
    PHIC=7.167199E-05
    GRAD=8.078521E-02
    NuBT=1
    CPU =0.000059

ITER: 199
    HPWL=6395.841797
    OVFL=0.488091
    HPWL=(2699.280029, 3696.561523)
    POTN=1.818092E+04
    PHIC=7.525559E-05
    GRAD=8.073558E-02
    NuBT=1
    CPU =0.000058

ITER: 200
    HPWL=6398.587891
    OVFL=0.488231
    HPWL=(2700.985840, 3697.602295)
    POTN=1.806183E+04
    PHIC=7.901833E-05
    GRAD=8.161048E-02
    NuBT=1
    CPU =0.000061

ITER: 201
    HPWL=6399.701172
    OVFL=0.485427
    HPWL=(2701.239746, 3698.461426)
    POTN=1.784919E+04
    PHIC=8.296924E-05
    GRAD=8.152165E-02
    NuBT=1
    CPU =0.000061

ITER: 202
    HPWL=6400.242188
    OVFL=0.485495
    HPWL=(2701.572021, 3698.670166)
    POTN=1.774201E+04
    PHIC=8.711768E-05
    GRAD=8.263189E-02
    NuBT=2
    CPU =0.000085

ITER: 203
    HPWL=6401.586914
    OVFL=0.482428
    HPWL=(2702.477539, 3699.109131)
    POTN=1.749305E+04
    PHIC=9.147354E-05
    GRAD=8.257227E-02
    NuBT=1
    CPU =0.000058

ITER: 204
    HPWL=6402.121582
    OVFL=0.481737
    HPWL=(2703.722656, 3698.398926)
    POTN=1.732709E+04
    PHIC=9.604720E-05
    GRAD=8.379986E-02
    NuBT=2
    CPU =0.000105

ITER: 205
    HPWL=6403.758789
    OVFL=0.478279
    HPWL=(2705.523193, 3698.235596)
    POTN=1.705414E+04
    PHIC=1.008495E-04
    GRAD=8.405279E-02
    NuBT=1
    CPU =0.000059

ITER: 206
    HPWL=6406.692383
    OVFL=0.477488
    HPWL=(2707.323975, 3699.368164)
    POTN=1.689873E+04
    PHIC=1.058920E-04
    GRAD=8.546877E-02
    NuBT=2
    CPU =0.000087

ITER: 207
    HPWL=6408.625000
    OVFL=0.474508
    HPWL=(2709.072021, 3699.552734)
    POTN=1.667104E+04
    PHIC=1.111865E-04
    GRAD=8.576899E-02
    NuBT=1
    CPU =0.000059

ITER: 208
    HPWL=6410.562012
    OVFL=0.475841
    HPWL=(2710.911377, 3699.650635)
    POTN=1.654881E+04
    PHIC=1.167458E-04
    GRAD=8.700682E-02
    NuBT=2
    CPU =0.000087

ITER: 209
    HPWL=6414.650391
    OVFL=0.480279
    HPWL=(2713.093018, 3701.557373)
    POTN=1.637202E+04
    PHIC=1.225830E-04
    GRAD=8.639559E-02
    NuBT=1
    CPU =0.000058

ITER: 210
    HPWL=6416.441406
    OVFL=0.485109
    HPWL=(2715.489746, 3700.951904)
    POTN=1.621420E+04
    PHIC=1.287122E-04
    GRAD=8.446567E-02
    NuBT=2
    CPU =0.000087

ITER: 211
    HPWL=6418.900391
    OVFL=0.487119
    HPWL=(2717.682373, 3701.218262)
    POTN=1.596022E+04
    PHIC=1.351477E-04
    GRAD=8.241483E-02
    NuBT=1
    CPU =0.000058

ITER: 212
    HPWL=6421.917969
    OVFL=0.490296
    HPWL=(2720.809326, 3701.108398)
    POTN=1.562676E+04
    PHIC=1.419050E-04
    GRAD=8.154761E-02
    NuBT=1
    CPU =0.000059

ITER: 213
    HPWL=6431.640625
    OVFL=0.492415
    HPWL=(2726.186768, 3705.454102)
    POTN=1.502467E+04
    PHIC=1.490001E-04
    GRAD=8.023923E-02
    NuBT=1
    CPU =0.000058

ITER: 214
    HPWL=6443.852539
    OVFL=0.487075
    HPWL=(2732.123291, 3711.729004)
    POTN=1.421078E+04
    PHIC=1.564498E-04
    GRAD=7.936647E-02
    NuBT=2
    CPU =0.000081

ITER: 215
    HPWL=6452.156738
    OVFL=0.480572
    HPWL=(2739.553223, 3712.603516)
    POTN=1.325784E+04
    PHIC=1.642721E-04
    GRAD=8.146683E-02
    NuBT=2
    CPU =0.000084

ITER: 216
    HPWL=6457.450195
    OVFL=0.478377
    HPWL=(2745.091797, 3712.358398)
    POTN=1.235329E+04
    PHIC=1.724856E-04
    GRAD=8.409076E-02
    NuBT=2
    CPU =0.000084

ITER: 217
    HPWL=6463.765137
    OVFL=0.477185
    HPWL=(2754.088379, 3709.676758)
    POTN=1.136927E+04
    PHIC=1.811097E-04
    GRAD=8.499223E-02
    NuBT=1
    CPU =0.000057

ITER: 218
    HPWL=6468.113281
    OVFL=0.474465
    HPWL=(2760.548340, 3707.564697)
    POTN=1.065448E+04
    PHIC=1.901650E-04
    GRAD=8.542799E-02
    NuBT=2
    CPU =0.000097

ITER: 219
    HPWL=6469.043945
    OVFL=0.470843
    HPWL=(2765.901367, 3703.142334)
    POTN=1.002307E+04
    PHIC=1.996733E-04
    GRAD=8.652829E-02
    NuBT=2
    CPU =0.000084

ITER: 220
    HPWL=6470.356445
    OVFL=0.466252
    HPWL=(2768.150146, 3702.206299)
    POTN=9.684753E+03
    PHIC=2.096569E-04
    GRAD=8.799859E-02
    NuBT=2
    CPU =0.000086

ITER: 221
    HPWL=6474.521484
    OVFL=0.461432
    HPWL=(2772.840820, 3701.680420)
    POTN=9.410982E+03
    PHIC=2.201396E-04
    GRAD=8.993641E-02
    NuBT=2
    CPU =0.000083

ITER: 222
    HPWL=6474.429199
    OVFL=0.457439
    HPWL=(2772.653076, 3701.776123)
    POTN=9.287873E+03
    PHIC=2.311465E-04
    GRAD=9.200174E-02
    NuBT=2
    CPU =0.000084

ITER: 223
    HPWL=6476.301758
    OVFL=0.453644
    HPWL=(2774.857178, 3701.444580)
    POTN=9.205015E+03
    PHIC=2.427038E-04
    GRAD=9.374746E-02
    NuBT=2
    CPU =0.000086

ITER: 224
    HPWL=6474.146484
    OVFL=0.449703
    HPWL=(2772.515381, 3701.631104)
    POTN=9.203856E+03
    PHIC=2.548390E-04
    GRAD=9.540676E-02
    NuBT=1
    CPU =0.000058

ITER: 225
    HPWL=6473.429688
    OVFL=0.448725
    HPWL=(2771.706543, 3701.723389)
    POTN=9.152996E+03
    PHIC=2.675809E-04
    GRAD=9.717286E-02
    NuBT=1
    CPU =0.000060

ITER: 226
    HPWL=6469.053223
    OVFL=0.447659
    HPWL=(2766.965820, 3702.087402)
    POTN=9.096572E+03
    PHIC=2.809600E-04
    GRAD=9.751384E-02
    NuBT=1
    CPU =0.000059

ITER: 227
    HPWL=6467.988281
    OVFL=0.447323
    HPWL=(2765.413330, 3702.574707)
    POTN=8.969351E+03
    PHIC=2.950080E-04
    GRAD=9.792317E-02
    NuBT=1
    CPU =0.000058

ITER: 228
    HPWL=6462.404297
    OVFL=0.446899
    HPWL=(2758.966797, 3703.437744)
    POTN=8.939675E+03
    PHIC=3.097583E-04
    GRAD=9.794772E-02
    NuBT=2
    CPU =0.000087

ITER: 229
    HPWL=6460.949219
    OVFL=0.446465
    HPWL=(2756.280273, 3704.668701)
    POTN=8.906449E+03
    PHIC=3.252462E-04
    GRAD=9.804159E-02
    NuBT=2
    CPU =0.000083

ITER: 230
    HPWL=6457.502930
    OVFL=0.445184
    HPWL=(2751.828613, 3705.674561)
    POTN=8.886188E+03
    PHIC=3.415085E-04
    GRAD=9.807814E-02
    NuBT=2
    CPU =0.000085

ITER: 231
    HPWL=6461.674805
    OVFL=0.442692
    HPWL=(2755.119141, 3706.555908)
    POTN=8.687649E+03
    PHIC=3.585837E-04
    GRAD=9.856264E-02
    NuBT=1
    CPU =0.000070

ITER: 232
    HPWL=6463.334961
    OVFL=0.438986
    HPWL=(2756.438232, 3706.896729)
    POTN=8.458368E+03
    PHIC=3.765128E-04
    GRAD=9.960181E-02
    NuBT=1
    CPU =0.000059

ITER: 233
    HPWL=6466.224609
    OVFL=0.435825
    HPWL=(2758.798096, 3707.426514)
    POTN=8.248394E+03
    PHIC=3.953383E-04
    GRAD=1.012572E-01
    NuBT=2
    CPU =0.000084

ITER: 234
    HPWL=6464.079102
    OVFL=0.432555
    HPWL=(2757.026611, 3707.052246)
    POTN=8.101244E+03
    PHIC=4.151051E-04
    GRAD=1.026386E-01
    NuBT=1
    CPU =0.000059

ITER: 235
    HPWL=6466.058594
    OVFL=0.430005
    HPWL=(2759.426514, 3706.632080)
    POTN=7.926963E+03
    PHIC=4.358603E-04
    GRAD=1.041096E-01
    NuBT=1
    CPU =0.000059

ITER: 236
    HPWL=6466.968750
    OVFL=0.428987
    HPWL=(2760.476074, 3706.492920)
    POTN=7.827586E+03
    PHIC=4.576532E-04
    GRAD=1.051973E-01
    NuBT=1
    CPU =0.000061

ITER: 237
    HPWL=6466.615234
    OVFL=0.427987
    HPWL=(2759.965088, 3706.650391)
    POTN=7.691476E+03
    PHIC=4.805359E-04
    GRAD=1.055172E-01
    NuBT=1
    CPU =0.000060

ITER: 238
    HPWL=6465.571289
    OVFL=0.426184
    HPWL=(2758.468750, 3707.102539)
    POTN=7.618105E+03
    PHIC=5.045626E-04
    GRAD=1.058038E-01
    NuBT=1
    CPU =0.000061

ITER: 239
    HPWL=6467.311523
    OVFL=0.424511
    HPWL=(2759.558350, 3707.753174)
    POTN=7.473082E+03
    PHIC=5.297906E-04
    GRAD=1.064478E-01
    NuBT=1
    CPU =0.000059

ITER: 240
    HPWL=6468.141602
    OVFL=0.422222
    HPWL=(2759.179688, 3708.961670)
    POTN=7.327755E+03
    PHIC=5.562801E-04
    GRAD=1.071135E-01
    NuBT=1
    CPU =0.000060

ITER: 241
    HPWL=6471.692383
    OVFL=0.419803
    HPWL=(2761.736816, 3709.955566)
    POTN=7.157416E+03
    PHIC=5.840938E-04
    GRAD=1.080047E-01
    NuBT=1
    CPU =0.000061

ITER: 242
    HPWL=6474.272461
    OVFL=0.417261
    HPWL=(2763.586914, 3710.685547)
    POTN=7.015707E+03
    PHIC=6.132983E-04
    GRAD=1.090617E-01
    NuBT=1
    CPU =0.000059

ITER: 243
    HPWL=6476.624023
    OVFL=0.414173
    HPWL=(2765.493408, 3711.130371)
    POTN=6.837949E+03
    PHIC=6.439629E-04
    GRAD=1.100741E-01
    NuBT=2
    CPU =0.000083

ITER: 244
    HPWL=6478.560547
    OVFL=0.414445
    HPWL=(2768.708496, 3709.852295)
    POTN=6.690398E+03
    PHIC=6.761609E-04
    GRAD=1.114833E-01
    NuBT=1
    CPU =0.000058

ITER: 245
    HPWL=6483.858398
    OVFL=0.412657
    HPWL=(2772.447021, 3711.411621)
    POTN=6.480558E+03
    PHIC=7.099684E-04
    GRAD=1.109934E-01
    NuBT=1
    CPU =0.000059

ITER: 246
    HPWL=6486.820312
    OVFL=0.411161
    HPWL=(2776.204590, 3710.615479)
    POTN=6.309258E+03
    PHIC=7.454664E-04
    GRAD=1.116856E-01
    NuBT=2
    CPU =0.000087

ITER: 247
    HPWL=6493.856445
    OVFL=0.408577
    HPWL=(2780.963379, 3712.892822)
    POTN=6.084916E+03
    PHIC=7.827389E-04
    GRAD=1.120703E-01
    NuBT=1
    CPU =0.000073

ITER: 248
    HPWL=6499.836914
    OVFL=0.403918
    HPWL=(2788.421387, 3711.415283)
    POTN=5.878350E+03
    PHIC=8.218752E-04
    GRAD=1.131778E-01
    NuBT=1
    CPU =0.000058

ITER: 249
    HPWL=6509.214844
    OVFL=0.398069
    HPWL=(2795.316895, 3713.897949)
    POTN=5.610979E+03
    PHIC=8.629677E-04
    GRAD=1.152534E-01
    NuBT=1
    CPU =0.000062

ITER: 250
    HPWL=6512.951172
    OVFL=0.392187
    HPWL=(2801.219238, 3711.731689)
    POTN=5.419231E+03
    PHIC=9.061156E-04
    GRAD=1.181527E-01
    NuBT=2
    CPU =0.000083

ITER: 251
    HPWL=6520.561523
    OVFL=0.386305
    HPWL=(2806.701904, 3713.859619)
    POTN=5.196507E+03
    PHIC=9.514203E-04
    GRAD=1.209611E-01
    NuBT=1
    CPU =0.000058

ITER: 252
    HPWL=6522.651367
    OVFL=0.380940
    HPWL=(2811.557373, 3711.093750)
    POTN=5.028181E+03
    PHIC=9.989910E-04
    GRAD=1.239681E-01
    NuBT=1
    CPU =0.000059

ITER: 253
    HPWL=6530.562988
    OVFL=0.375417
    HPWL=(2817.233398, 3713.329590)
    POTN=4.845565E+03
    PHIC=1.048939E-03
    GRAD=1.264938E-01
    NuBT=2
    CPU =0.000086

ITER: 254
    HPWL=6532.767090
    OVFL=0.372437
    HPWL=(2821.891357, 3710.875732)
    POTN=4.716339E+03
    PHIC=1.101386E-03
    GRAD=1.293397E-01
    NuBT=2
    CPU =0.000082

ITER: 255
    HPWL=6538.053711
    OVFL=0.371565
    HPWL=(2825.442139, 3712.611328)
    POTN=4.614727E+03
    PHIC=1.156454E-03
    GRAD=1.304528E-01
    NuBT=1
    CPU =0.000058

ITER: 256
    HPWL=6538.654297
    OVFL=0.371544
    HPWL=(2827.643311, 3711.010742)
    POTN=4.486285E+03
    PHIC=1.214277E-03
    GRAD=1.304551E-01
    NuBT=1
    CPU =0.000058

ITER: 257
    HPWL=6541.805664
    OVFL=0.370098
    HPWL=(2828.854248, 3712.951172)
    POTN=4.306217E+03
    PHIC=1.274990E-03
    GRAD=1.297132E-01
    NuBT=1
    CPU =0.000061

ITER: 258
    HPWL=6538.730957
    OVFL=0.368434
    HPWL=(2827.348633, 3711.382324)
    POTN=4.209629E+03
    PHIC=1.338739E-03
    GRAD=1.299856E-01
    NuBT=1
    CPU =0.000059

ITER: 259
    HPWL=6551.153320
    OVFL=0.363472
    HPWL=(2836.669189, 3714.484131)
    POTN=4.015973E+03
    PHIC=1.405674E-03
    GRAD=1.300899E-01
    NuBT=1
    CPU =0.000060

ITER: 260
    HPWL=6550.911133
    OVFL=0.357435
    HPWL=(2838.188965, 3712.722412)
    POTN=3.822221E+03
    PHIC=1.475957E-03
    GRAD=1.324697E-01
    NuBT=2
    CPU =0.000087

ITER: 261
    HPWL=6562.752930
    OVFL=0.350311
    HPWL=(2850.160400, 3712.592529)
    POTN=3.552866E+03
    PHIC=1.549753E-03
    GRAD=1.352926E-01
    NuBT=1
    CPU =0.000058

ITER: 262
    HPWL=6557.826172
    OVFL=0.347874
    HPWL=(2842.271484, 3715.554688)
    POTN=3.471420E+03
    PHIC=1.627240E-03
    GRAD=1.389388E-01
    NuBT=1
    CPU =0.000074

ITER: 263
    HPWL=6563.817383
    OVFL=0.345513
    HPWL=(2850.597900, 3713.219238)
    POTN=3.310046E+03
    PHIC=1.708601E-03
    GRAD=1.394247E-01
    NuBT=1
    CPU =0.000059

ITER: 264
    HPWL=6560.003906
    OVFL=0.339434
    HPWL=(2846.645264, 3713.358887)
    POTN=3.174639E+03
    PHIC=1.794031E-03
    GRAD=1.401710E-01
    NuBT=2
    CPU =0.000085

ITER: 265
    HPWL=6569.060547
    OVFL=0.335175
    HPWL=(2852.636475, 3716.423828)
    POTN=3.072205E+03
    PHIC=1.883730E-03
    GRAD=1.428335E-01
    NuBT=2
    CPU =0.000083

ITER: 266
    HPWL=6564.085449
    OVFL=0.334276
    HPWL=(2850.164307, 3713.921143)
    POTN=2.982195E+03
    PHIC=1.977916E-03
    GRAD=1.447428E-01
    NuBT=1
    CPU =0.000059

ITER: 267
    HPWL=6567.152344
    OVFL=0.331168
    HPWL=(2852.777588, 3714.374756)
    POTN=2.855885E+03
    PHIC=2.076811E-03
    GRAD=1.440352E-01
    NuBT=1
    CPU =0.000058

ITER: 268
    HPWL=6565.398438
    OVFL=0.325942
    HPWL=(2851.563477, 3713.834961)
    POTN=2.761805E+03
    PHIC=2.180651E-03
    GRAD=1.449961E-01
    NuBT=2
    CPU =0.000086

ITER: 269
    HPWL=6573.033203
    OVFL=0.320221
    HPWL=(2855.178223, 3717.854736)
    POTN=2.674468E+03
    PHIC=2.289681E-03
    GRAD=1.468965E-01
    NuBT=1
    CPU =0.000057

ITER: 270
    HPWL=6566.401855
    OVFL=0.319383
    HPWL=(2851.163818, 3715.238037)
    POTN=2.642874E+03
    PHIC=2.404165E-03
    GRAD=1.494704E-01
    NuBT=2
    CPU =0.000068

ITER: 271
    HPWL=6570.993652
    OVFL=0.318801
    HPWL=(2853.595703, 3717.397949)
    POTN=2.560355E+03
    PHIC=2.524372E-03
    GRAD=1.484216E-01
    NuBT=1
    CPU =0.000035

ITER: 272
    HPWL=6567.722168
    OVFL=0.317230
    HPWL=(2852.639648, 3715.082520)
    POTN=2.490577E+03
    PHIC=2.650590E-03
    GRAD=1.473700E-01
    NuBT=1
    CPU =0.000039

ITER: 273
    HPWL=6573.571289
    OVFL=0.313661
    HPWL=(2858.039062, 3715.531982)
    POTN=2.388168E+03
    PHIC=2.783118E-03
    GRAD=1.469326E-01
    NuBT=1
    CPU =0.000034

ITER: 274
    HPWL=6569.008789
    OVFL=0.309869
    HPWL=(2851.940918, 3717.067627)
    POTN=2.332110E+03
    PHIC=2.922273E-03
    GRAD=1.476910E-01
    NuBT=1
    CPU =0.000033

ITER: 275
    HPWL=6576.167969
    OVFL=0.310775
    HPWL=(2858.444580, 3717.723145)
    POTN=2.271283E+03
    PHIC=3.068384E-03
    GRAD=1.484697E-01
    NuBT=1
    CPU =0.000033

ITER: 276
    HPWL=6569.382324
    OVFL=0.306150
    HPWL=(2852.615723, 3716.766602)
    POTN=2.177495E+03
    PHIC=3.221803E-03
    GRAD=1.462491E-01
    NuBT=2
    CPU =0.000055

ITER: 277
    HPWL=6577.122070
    OVFL=0.306233
    HPWL=(2860.116943, 3717.005371)
    POTN=2.097838E+03
    PHIC=3.382889E-03
    GRAD=1.474089E-01
    NuBT=1
    CPU =0.000033

ITER: 278
    HPWL=6574.348633
    OVFL=0.299287
    HPWL=(2855.928711, 3718.419678)
    POTN=1.962722E+03
    PHIC=3.552033E-03
    GRAD=1.457884E-01
    NuBT=1
    CPU =0.000033

ITER: 279
    HPWL=6582.839844
    OVFL=0.296389
    HPWL=(2863.778809, 3719.060791)
    POTN=1.861359E+03
    PHIC=3.729630E-03
    GRAD=1.482318E-01
    NuBT=1
    CPU =0.000034

ITER: 280
    HPWL=6579.743164
    OVFL=0.290359
    HPWL=(2858.336914, 3721.406006)
    POTN=1.789719E+03
    PHIC=3.916111E-03
    GRAD=1.481315E-01
    NuBT=1
    CPU =0.000032

ITER: 281
    HPWL=6584.310547
    OVFL=0.290798
    HPWL=(2865.238770, 3719.071777)
    POTN=1.717488E+03
    PHIC=4.111914E-03
    GRAD=1.497222E-01
    NuBT=1
    CPU =0.000149

ITER: 282
    HPWL=6584.822754
    OVFL=0.282965
    HPWL=(2861.370850, 3723.451904)
    POTN=1.623400E+03
    PHIC=4.317509E-03
    GRAD=1.475727E-01
    NuBT=1
    CPU =0.000044

ITER: 283
    HPWL=6582.997070
    OVFL=0.281481
    HPWL=(2863.245850, 3719.751221)
    POTN=1.503885E+03
    PHIC=4.533384E-03
    GRAD=1.502858E-01
    NuBT=1
    CPU =0.000040

ITER: 284
    HPWL=6592.594238
    OVFL=0.276647
    HPWL=(2865.631348, 3726.962891)
    POTN=1.431485E+03
    PHIC=4.760047E-03
    GRAD=1.493331E-01
    NuBT=1
    CPU =0.000040

ITER: 285
    HPWL=6593.526367
    OVFL=0.272312
    HPWL=(2866.274170, 3727.251953)
    POTN=1.322418E+03
    PHIC=4.998048E-03
    GRAD=1.498655E-01
    NuBT=1
    CPU =0.000039

ITER: 286
    HPWL=6602.960449
    OVFL=0.255975
    HPWL=(2867.395264, 3735.565186)
    POTN=1.111582E+03
    PHIC=5.247943E-03
    GRAD=1.498940E-01
    NuBT=1
    CPU =0.000039

ITER: 287
    HPWL=6607.380859
    OVFL=0.241261
    HPWL=(2864.119629, 3743.260986)
    POTN=9.709022E+02
    PHIC=5.510337E-03
    GRAD=1.571984E-01
    NuBT=2
    CPU =0.000061

ITER: 288
    HPWL=6628.067871
    OVFL=0.215059
    HPWL=(2863.296387, 3764.771484)
    POTN=7.806927E+02
    PHIC=5.785836E-03
    GRAD=1.629646E-01
    NuBT=2
    CPU =0.000062

ITER: 289
    HPWL=6635.791016
    OVFL=0.220677
    HPWL=(2863.983887, 3771.807373)
    POTN=7.682548E+02
    PHIC=6.075121E-03
    GRAD=1.752507E-01
    NuBT=1
    CPU =0.000039

ITER: 290
    HPWL=6640.419922
    OVFL=0.225744
    HPWL=(2868.388672, 3772.031250)
    POTN=7.660115E+02
    PHIC=6.378872E-03
    GRAD=1.689330E-01
    NuBT=2
    CPU =0.000061

ITER: 291
    HPWL=6637.516113
    OVFL=0.241959
    HPWL=(2870.932617, 3766.583496)
    POTN=8.110623E+02
    PHIC=6.697816E-03
    GRAD=1.631934E-01
    NuBT=1
    CPU =0.000039

ITER: 292
    HPWL=6627.375977
    OVFL=0.240408
    HPWL=(2863.757324, 3763.618652)
    POTN=8.254998E+02
    PHIC=7.032706E-03
    GRAD=1.510477E-01
    NuBT=1
    CPU =0.000039

ITER: 293
    HPWL=6645.605469
    OVFL=0.234840
    HPWL=(2867.961426, 3777.644287)
    POTN=7.851723E+02
    PHIC=7.384322E-03
    GRAD=1.495668E-01
    NuBT=1
    CPU =0.000039

ITER: 294
    HPWL=6645.750977
    OVFL=0.223901
    HPWL=(2861.544922, 3784.206055)
    POTN=7.311235E+02
    PHIC=7.753538E-03
    GRAD=1.491890E-01
    NuBT=1
    CPU =0.000040

ITER: 295
    HPWL=6661.407227
    OVFL=0.212779
    HPWL=(2857.620117, 3803.786865)
    POTN=6.212998E+02
    PHIC=8.141197E-03
    GRAD=1.517194E-01
    NuBT=2
    CPU =0.000061

ITER: 296
    HPWL=6666.983887
    OVFL=0.205223
    HPWL=(2861.632080, 3805.351807)
    POTN=5.689315E+02
    PHIC=8.548249E-03
    GRAD=1.535459E-01
    NuBT=1
    CPU =0.000039

ITER: 297
    HPWL=6669.618652
    OVFL=0.204727
    HPWL=(2860.741943, 3808.876709)
    POTN=5.564661E+02
    PHIC=8.975659E-03
    GRAD=1.542815E-01
    NuBT=1
    CPU =0.000039

ITER: 298
    HPWL=6661.258789
    OVFL=0.206416
    HPWL=(2862.187500, 3799.071045)
    POTN=5.714587E+02
    PHIC=9.424441E-03
    GRAD=1.512157E-01
    NuBT=1
    CPU =0.000039

ITER: 299
    HPWL=6672.083984
    OVFL=0.207209
    HPWL=(2866.283447, 3805.800537)
    POTN=5.697466E+02
    PHIC=9.895649E-03
    GRAD=1.480303E-01
    NuBT=1
    CPU =0.000038

ITER: 300
    HPWL=6668.011719
    OVFL=0.205085
    HPWL=(2867.046875, 3800.964600)
    POTN=5.570580E+02
    PHIC=1.039043E-02
    GRAD=1.440816E-01
    NuBT=1
    CPU =0.000040

ITER: 301
    HPWL=6681.625000
    OVFL=0.201212
    HPWL=(2864.967041, 3816.657959)
    POTN=5.193755E+02
    PHIC=1.090993E-02
    GRAD=1.421138E-01
    NuBT=1
    CPU =0.000067

ITER: 302
    HPWL=6679.379395
    OVFL=0.197375
    HPWL=(2861.889648, 3817.489746)
    POTN=4.922809E+02
    PHIC=1.145543E-02
    GRAD=1.406876E-01
    NuBT=1
    CPU =0.000041

ITER: 303
    HPWL=6678.109375
    OVFL=0.193568
    HPWL=(2860.313232, 3817.796143)
    POTN=4.524601E+02
    PHIC=1.202820E-02
    GRAD=1.380268E-01
    NuBT=1
    CPU =0.000040

ITER: 304
    HPWL=6679.296387
    OVFL=0.192117
    HPWL=(2859.596191, 3819.700195)
    POTN=4.453032E+02
    PHIC=1.262961E-02
    GRAD=1.356701E-01
    NuBT=1
    CPU =0.000059

ITER: 305
    HPWL=6695.859863
    OVFL=0.186400
    HPWL=(2859.274414, 3836.585449)
    POTN=4.088933E+02
    PHIC=1.326105E-02
    GRAD=1.323413E-01
    NuBT=1
    CPU =0.000061

ITER: 306
    HPWL=6699.761719
    OVFL=0.184250
    HPWL=(2861.983398, 3837.778564)
    POTN=4.052095E+02
    PHIC=1.392410E-02
    GRAD=1.311769E-01
    NuBT=1
    CPU =0.000058

ITER: 307
    HPWL=6708.593750
    OVFL=0.180632
    HPWL=(2862.087646, 3846.505859)
    POTN=3.782931E+02
    PHIC=1.462028E-02
    GRAD=1.277634E-01
    NuBT=2
    CPU =0.000090

ITER: 308
    HPWL=6702.253906
    OVFL=0.179124
    HPWL=(2863.812988, 3838.441162)
    POTN=3.583288E+02
    PHIC=1.535130E-02
    GRAD=1.249925E-01
    NuBT=2
    CPU =0.000083

ITER: 309
    HPWL=6716.164551
    OVFL=0.175839
    HPWL=(2866.641846, 3849.522705)
    POTN=3.389274E+02
    PHIC=1.611883E-02
    GRAD=1.220705E-01
    NuBT=1
    CPU =0.000058

ITER: 310
    HPWL=6711.844727
    OVFL=0.175657
    HPWL=(2869.693604, 3842.151123)
    POTN=3.390270E+02
    PHIC=1.692477E-02
    GRAD=1.193839E-01
    NuBT=2
    CPU =0.000087

ITER: 311
    HPWL=6724.430176
    OVFL=0.171783
    HPWL=(2871.312988, 3853.117188)
    POTN=3.190935E+02
    PHIC=1.777098E-02
    GRAD=1.157547E-01
    NuBT=1
    CPU =0.000058

ITER: 312
    HPWL=6716.995117
    OVFL=0.169242
    HPWL=(2871.627197, 3845.368164)
    POTN=3.098122E+02
    PHIC=1.865952E-02
    GRAD=1.135821E-01
    NuBT=1
    CPU =0.000060

ITER: 313
    HPWL=6725.807617
    OVFL=0.166646
    HPWL=(2870.088623, 3855.718994)
    POTN=2.993122E+02
    PHIC=1.959248E-02
    GRAD=1.111578E-01
    NuBT=1
    CPU =0.000060

ITER: 314
    HPWL=6713.389648
    OVFL=0.164565
    HPWL=(2868.114014, 3845.275391)
    POTN=2.994902E+02
    PHIC=2.057210E-02
    GRAD=1.080913E-01
    NuBT=1
    CPU =0.000061

ITER: 315
    HPWL=6726.651367
    OVFL=0.161889
    HPWL=(2867.138184, 3859.513184)
    POTN=2.930833E+02
    PHIC=2.160066E-02
    GRAD=1.062173E-01
    NuBT=1
    CPU =0.000062

ITER: 316
    HPWL=6717.338867
    OVFL=0.162954
    HPWL=(2867.916504, 3849.422119)
    POTN=2.912642E+02
    PHIC=2.268069E-02
    GRAD=1.031599E-01
    NuBT=1
    CPU =0.000059

ITER: 317
    HPWL=6732.810059
    OVFL=0.158691
    HPWL=(2868.785400, 3864.024658)
    POTN=2.698780E+02
    PHIC=2.381468E-02
    GRAD=9.980480E-02
    NuBT=1
    CPU =0.000074

ITER: 318
    HPWL=6720.562988
    OVFL=0.157996
    HPWL=(2870.016602, 3850.546387)
    POTN=2.661322E+02
    PHIC=2.500541E-02
    GRAD=9.717179E-02
    NuBT=1
    CPU =0.000059

ITER: 319
    HPWL=6736.981445
    OVFL=0.154467
    HPWL=(2869.535156, 3867.446289)
    POTN=2.504623E+02
    PHIC=2.625562E-02
    GRAD=9.420523E-02
    NuBT=1
    CPU =0.000061

ITER: 320
    HPWL=6723.365234
    OVFL=0.154423
    HPWL=(2868.890137, 3854.475098)
    POTN=2.519985E+02
    PHIC=2.756840E-02
    GRAD=9.145486E-02
    NuBT=1
    CPU =0.000059

ITER: 321
    HPWL=6740.146484
    OVFL=0.147645
    HPWL=(2871.204346, 3868.941895)
    POTN=2.228430E+02
    PHIC=2.894675E-02
    GRAD=8.790803E-02
    NuBT=1
    CPU =0.000061

ITER: 322
    HPWL=6730.979980
    OVFL=0.147236
    HPWL=(2873.470947, 3857.509033)
    POTN=2.216111E+02
    PHIC=3.039408E-02
    GRAD=8.567909E-02
    NuBT=1
    CPU =0.000059

ITER: 323
    HPWL=6742.608398
    OVFL=0.142519
    HPWL=(2873.159668, 3869.448486)
    POTN=2.080208E+02
    PHIC=3.191373E-02
    GRAD=8.278947E-02
    NuBT=1
    CPU =0.000062

ITER: 324
    HPWL=6731.900391
    OVFL=0.143213
    HPWL=(2875.032715, 3856.867920)
    POTN=2.047226E+02
    PHIC=3.350942E-02
    GRAD=8.047028E-02
    NuBT=1
    CPU =0.000059

ITER: 325
    HPWL=6750.238770
    OVFL=0.139326
    HPWL=(2876.543701, 3873.695068)
    POTN=1.903636E+02
    PHIC=3.518480E-02
    GRAD=7.757217E-02
    NuBT=1
    CPU =0.000060

ITER: 326
    HPWL=6736.959473
    OVFL=0.140115
    HPWL=(2877.811768, 3859.147705)
    POTN=1.934993E+02
    PHIC=3.694404E-02
    GRAD=7.532175E-02
    NuBT=1
    CPU =0.000058

ITER: 327
    HPWL=6757.015625
    OVFL=0.134177
    HPWL=(2878.440918, 3878.574463)
    POTN=1.747960E+02
    PHIC=3.879112E-02
    GRAD=7.338876E-02
    NuBT=1
    CPU =0.000057

ITER: 328
    HPWL=6748.944824
    OVFL=0.131501
    HPWL=(2879.564941, 3869.379883)
    POTN=1.687668E+02
    PHIC=4.073068E-02
    GRAD=7.094808E-02
    NuBT=1
    CPU =0.000058

ITER: 329
    HPWL=6763.390625
    OVFL=0.127231
    HPWL=(2878.999268, 3884.391357)
    POTN=1.571434E+02
    PHIC=4.276712E-02
    GRAD=6.937297E-02
    NuBT=1
    CPU =0.000058

ITER: 330
    HPWL=6747.979980
    OVFL=0.127604
    HPWL=(2880.602051, 3867.377930)
    POTN=1.571957E+02
    PHIC=4.490548E-02
    GRAD=6.707653E-02
    NuBT=1
    CPU =0.000062

ITER: 331
    HPWL=6765.744141
    OVFL=0.123189
    HPWL=(2879.861816, 3885.882568)
    POTN=1.462224E+02
    PHIC=4.715063E-02
    GRAD=6.431267E-02
    NuBT=1
    CPU =0.000060

ITER: 332
    HPWL=6754.497070
    OVFL=0.123013
    HPWL=(2879.869873, 3874.627441)
    POTN=1.470547E+02
    PHIC=4.950816E-02
    GRAD=6.251888E-02
    NuBT=1
    CPU =0.000058

ITER: 333
    HPWL=6768.446289
    OVFL=0.118627
    HPWL=(2882.224854, 3886.221436)
    POTN=1.382775E+02
    PHIC=5.198346E-02
    GRAD=5.999055E-02
    NuBT=1
    CPU =0.000059

ITER: 334
    HPWL=6762.453125
    OVFL=0.115998
    HPWL=(2880.432373, 3882.020752)
    POTN=1.324370E+02
    PHIC=5.458264E-02
    GRAD=5.796154E-02
    NuBT=1
    CPU =0.000076

ITER: 335
    HPWL=6768.427734
    OVFL=0.106200
    HPWL=(2884.535156, 3883.892578)
    POTN=1.181867E+02
    PHIC=5.731172E-02
    GRAD=5.546610E-02
    NuBT=1
    CPU =0.000060

ITER: 336
    HPWL=6758.372070
    OVFL=0.105462
    HPWL=(2881.909912, 3876.462402)
    POTN=1.140683E+02
    PHIC=6.017730E-02
    GRAD=5.370491E-02
    NuBT=1
    CPU =0.000058

ITER: 337
    HPWL=6770.679688
    OVFL=0.098811
    HPWL=(2886.929443, 3883.750488)
    POTN=1.038921E+02
    PHIC=6.318606E-02
    GRAD=5.133447E-02
    NuBT=2
    CPU =0.000086
[INFO] Nesterov: NumIters = 337
[INFO] Nesterov: ScaledHpwl = 6770.679688
[INFO] Nesterov: Overflow = 0.098811
[INFO] Nesterov: Potential = 103.892113
[INFO] Nesterov: xInstScaledHpwl = 6765.992188
[INFO] Nesterov: yInstScaledHpwl = 6770.679688
[INFO] Nesterov: HPWL = 2044.833496
