
Cell sky130_fd_sc_hd__ebufn_1 disconnected node: A
Cell sky130_fd_sc_hd__ebufn_1 disconnected node: TE_B
Cell sky130_fd_sc_hd__ebufn_1 disconnected node: Z
Cell sky130_fd_sc_hd__ebufn_1 disconnected node: VGND
Cell sky130_fd_sc_hd__ebufn_1 disconnected node: VPWR
Warning: Equate pins:  cell sky130_fd_sc_hd__ebufn_1 has no definition, treated as a black box.

Subcircuit pins:
Circuit 1: sky130_fd_sc_hd__ebufn_1        |Circuit 2: sky130_fd_sc_hd__ebufn_1        
-------------------------------------------|-------------------------------------------
A                                          |A                                          
Z                                          |Z                                          
VGND                                       |VGND                                       
VPWR                                       |VPWR                                       
---------------------------------------------------------------------------------------
Cell pin lists are equivalent.
Device classes sky130_fd_sc_hd__ebufn_1 and sky130_fd_sc_hd__ebufn_1 are equivalent.

Cell sky130_fd_sc_hd__dfrbp_1 disconnected node: D
Cell sky130_fd_sc_hd__dfrbp_1 disconnected node: Q
Cell sky130_fd_sc_hd__dfrbp_1 disconnected node: Q_N
Cell sky130_fd_sc_hd__dfrbp_1 disconnected node: RESET_B
Cell sky130_fd_sc_hd__dfrbp_1 disconnected node: CLK
Cell sky130_fd_sc_hd__dfrbp_1 disconnected node: VGND
Cell sky130_fd_sc_hd__dfrbp_1 disconnected node: VPWR
Warning: Equate pins:  cell sky130_fd_sc_hd__dfrbp_1 has no definition, treated as a black box.

Subcircuit pins:
Circuit 1: sky130_fd_sc_hd__dfrbp_1        |Circuit 2: sky130_fd_sc_hd__dfrbp_1        
-------------------------------------------|-------------------------------------------
D                                          |D                                          
Q                                          |Q                                          
Q_N                                        |Q_N                                        
RESET_B                                    |RESET_B                                    
CLK                                        |CLK                                        
VGND                                       |VGND                                       
VPWR                                       |VPWR                                       
---------------------------------------------------------------------------------------
Cell pin lists are equivalent.
Device classes sky130_fd_sc_hd__dfrbp_1 and sky130_fd_sc_hd__dfrbp_1 are equivalent.

Cell sky130_fd_sc_hd__diode_2 disconnected node: DIODE
Cell sky130_fd_sc_hd__diode_2 disconnected node: VGND
Cell sky130_fd_sc_hd__diode_2 disconnected node: VPWR
Warning: Equate pins:  cell sky130_fd_sc_hd__diode_2 has no definition, treated as a black box.

Subcircuit pins:
Circuit 1: sky130_fd_sc_hd__diode_2        |Circuit 2: sky130_fd_sc_hd__diode_2        
-------------------------------------------|-------------------------------------------
DIODE                                      |DIODE                                      
VGND                                       |VGND                                       
VPWR                                       |VPWR                                       
---------------------------------------------------------------------------------------
Cell pin lists are equivalent.
Device classes sky130_fd_sc_hd__diode_2 and sky130_fd_sc_hd__diode_2 are equivalent.

Cell sky130_fd_sc_hd__inv_1 disconnected node: A
Cell sky130_fd_sc_hd__inv_1 disconnected node: Y
Cell sky130_fd_sc_hd__inv_1 disconnected node: VGND
Cell sky130_fd_sc_hd__inv_1 disconnected node: VPWR
Warning: Equate pins:  cell sky130_fd_sc_hd__inv_1 has no definition, treated as a black box.

Subcircuit pins:
Circuit 1: sky130_fd_sc_hd__inv_1          |Circuit 2: sky130_fd_sc_hd__inv_1          
-------------------------------------------|-------------------------------------------
A                                          |A                                          
Y                                          |Y                                          
VGND                                       |VGND                                       
VPWR                                       |VPWR                                       
---------------------------------------------------------------------------------------
Cell pin lists are equivalent.
Device classes sky130_fd_sc_hd__inv_1 and sky130_fd_sc_hd__inv_1 are equivalent.

Cell sky130_fd_sc_hd__buf_2 disconnected node: A
Cell sky130_fd_sc_hd__buf_2 disconnected node: X
Cell sky130_fd_sc_hd__buf_2 disconnected node: VGND
Cell sky130_fd_sc_hd__buf_2 disconnected node: VPWR
Warning: Equate pins:  cell sky130_fd_sc_hd__buf_2 has no definition, treated as a black box.

Subcircuit pins:
Circuit 1: sky130_fd_sc_hd__buf_2          |Circuit 2: sky130_fd_sc_hd__buf_2          
-------------------------------------------|-------------------------------------------
A                                          |A                                          
X                                          |X                                          
VGND                                       |VGND                                       
VPWR                                       |VPWR                                       
---------------------------------------------------------------------------------------
Cell pin lists are equivalent.
Device classes sky130_fd_sc_hd__buf_2 and sky130_fd_sc_hd__buf_2 are equivalent.

Cell sky130_fd_sc_hd__clkbuf_1 disconnected node: A
Cell sky130_fd_sc_hd__clkbuf_1 disconnected node: X
Cell sky130_fd_sc_hd__clkbuf_1 disconnected node: VGND
Cell sky130_fd_sc_hd__clkbuf_1 disconnected node: VPWR
Warning: Equate pins:  cell sky130_fd_sc_hd__clkbuf_1 has no definition, treated as a black box.

Subcircuit pins:
Circuit 1: sky130_fd_sc_hd__clkbuf_1       |Circuit 2: sky130_fd_sc_hd__clkbuf_1       
-------------------------------------------|-------------------------------------------
A                                          |A                                          
X                                          |X                                          
VGND                                       |VGND                                       
VPWR                                       |VPWR                                       
---------------------------------------------------------------------------------------
Cell pin lists are equivalent.
Device classes sky130_fd_sc_hd__clkbuf_1 and sky130_fd_sc_hd__clkbuf_1 are equivalent.

Cell sky130_fd_sc_hd__conb_1 disconnected node: HI
Cell sky130_fd_sc_hd__conb_1 disconnected node: LO
Cell sky130_fd_sc_hd__conb_1 disconnected node: VGND
Cell sky130_fd_sc_hd__conb_1 disconnected node: VPWR
Warning: Equate pins:  cell sky130_fd_sc_hd__conb_1 has no definition, treated as a black box.

Subcircuit pins:
Circuit 1: sky130_fd_sc_hd__conb_1         |Circuit 2: sky130_fd_sc_hd__conb_1         
-------------------------------------------|-------------------------------------------
HI                                         |HI                                         
VGND                                       |VGND                                       
VPWR                                       |VPWR                                       
---------------------------------------------------------------------------------------
Cell pin lists are equivalent.
Device classes sky130_fd_sc_hd__conb_1 and sky130_fd_sc_hd__conb_1 are equivalent.

Cell sky130_fd_sc_hd__tapvpwrvgnd_1 disconnected node: VGND
Cell sky130_fd_sc_hd__tapvpwrvgnd_1 disconnected node: VPWR
Warning: Equate pins:  cell sky130_fd_sc_hd__tapvpwrvgnd_1 has no definition, treated as a black box.

Subcircuit pins:
Circuit 1: sky130_fd_sc_hd__tapvpwrvgnd_1  |Circuit 2: sky130_fd_sc_hd__tapvpwrvgnd_1  
-------------------------------------------|-------------------------------------------
VGND                                       |VGND                                       
VPWR                                       |VPWR                                       
---------------------------------------------------------------------------------------
Cell pin lists are equivalent.
Device classes sky130_fd_sc_hd__tapvpwrvgnd_1 and sky130_fd_sc_hd__tapvpwrvgnd_1 are equivalent.

Cell sky130_fd_sc_hd__clkbuf_16 disconnected node: A
Cell sky130_fd_sc_hd__clkbuf_16 disconnected node: X
Cell sky130_fd_sc_hd__clkbuf_16 disconnected node: VGND
Cell sky130_fd_sc_hd__clkbuf_16 disconnected node: VPWR
Warning: Equate pins:  cell sky130_fd_sc_hd__clkbuf_16 has no definition, treated as a black box.

Subcircuit pins:
Circuit 1: sky130_fd_sc_hd__clkbuf_16      |Circuit 2: sky130_fd_sc_hd__clkbuf_16      
-------------------------------------------|-------------------------------------------
A                                          |A                                          
X                                          |X                                          
VGND                                       |VGND                                       
VPWR                                       |VPWR                                       
---------------------------------------------------------------------------------------
Cell pin lists are equivalent.
Device classes sky130_fd_sc_hd__clkbuf_16 and sky130_fd_sc_hd__clkbuf_16 are equivalent.

Cell sky130_fd_sc_hd__inv_8 disconnected node: A
Cell sky130_fd_sc_hd__inv_8 disconnected node: Y
Cell sky130_fd_sc_hd__inv_8 disconnected node: VGND
Cell sky130_fd_sc_hd__inv_8 disconnected node: VPWR
Warning: Equate pins:  cell sky130_fd_sc_hd__inv_8 has no definition, treated as a black box.

Subcircuit pins:
Circuit 1: sky130_fd_sc_hd__inv_8          |Circuit 2: sky130_fd_sc_hd__inv_8          
-------------------------------------------|-------------------------------------------
A                                          |A                                          
Y                                          |Y                                          
VGND                                       |VGND                                       
VPWR                                       |VPWR                                       
---------------------------------------------------------------------------------------
Cell pin lists are equivalent.
Device classes sky130_fd_sc_hd__inv_8 and sky130_fd_sc_hd__inv_8 are equivalent.

Subcircuit summary:
Circuit 1: sb_3__3_                        |Circuit 2: sb_3__3_                        
-------------------------------------------|-------------------------------------------
sky130_fd_sc_hd__ebufn_1 (72)              |sky130_fd_sc_hd__ebufn_1 (72)              
sky130_fd_sc_hd__dfrbp_1 (36)              |sky130_fd_sc_hd__dfrbp_1 (36)              
sky130_fd_sc_hd__diode_2 (260)             |sky130_fd_sc_hd__diode_2 (260)             
sky130_fd_sc_hd__inv_1 (54)                |sky130_fd_sc_hd__inv_1 (54)                
sky130_fd_sc_hd__buf_2 (18)                |sky130_fd_sc_hd__buf_2 (18)                
sky130_fd_sc_hd__clkbuf_1 (6)              |sky130_fd_sc_hd__clkbuf_1 (6)              
sky130_fd_sc_hd__conb_1 (18)               |sky130_fd_sc_hd__conb_1 (18)               
sky130_fd_sc_hd__tapvpwrvgnd_1 (72)        |sky130_fd_sc_hd__tapvpwrvgnd_1 (72)        
sky130_fd_sc_hd__clkbuf_16 (1)             |sky130_fd_sc_hd__clkbuf_16 (1)             
sky130_fd_sc_hd__inv_8 (1)                 |sky130_fd_sc_hd__inv_8 (1)                 
Number of devices: 538                     |Number of devices: 538                     
Number of nets: 247                        |Number of nets: 247                        
---------------------------------------------------------------------------------------
Resolving automorphisms by property value.
Resolving automorphisms by pin name.
Netlists match with 9 symmetries.
Circuits match correctly.

Subcircuit pins:
Circuit 1: sb_3__3_                        |Circuit 2: sb_3__3_                        
-------------------------------------------|-------------------------------------------
pReset                                     |pReset                                     
prog_clk                                   |prog_clk                                   
ccff_head                                  |ccff_head                                  
bottom_right_grid_pin_15_                  |bottom_right_grid_pin_15_                  
bottom_right_grid_pin_9_                   |bottom_right_grid_pin_9_                   
chany_bottom_in[1]                         |chany_bottom_in[1]                         
chany_bottom_in[6]                         |chany_bottom_in[6]                         
left_top_grid_pin_11_                      |left_top_grid_pin_11_                      
left_top_grid_pin_1_                       |left_top_grid_pin_1_                       
chanx_left_in[8]                           |chanx_left_in[8]                           
chanx_left_in[5]                           |chanx_left_in[5]                           
left_top_grid_pin_5_                       |left_top_grid_pin_5_                       
chanx_left_in[1]                           |chanx_left_in[1]                           
bottom_right_grid_pin_3_                   |bottom_right_grid_pin_3_                   
chany_bottom_in[3]                         |chany_bottom_in[3]                         
left_top_grid_pin_15_                      |left_top_grid_pin_15_                      
bottom_right_grid_pin_5_                   |bottom_right_grid_pin_5_                   
bottom_right_grid_pin_11_                  |bottom_right_grid_pin_11_                  
left_top_grid_pin_7_                       |left_top_grid_pin_7_                       
chany_bottom_in[5]                         |chany_bottom_in[5]                         
bottom_left_grid_pin_13_                   |bottom_left_grid_pin_13_                   
chany_bottom_in[8]                         |chany_bottom_in[8]                         
chany_bottom_in[7]                         |chany_bottom_in[7]                         
chany_bottom_in[2]                         |chany_bottom_in[2]                         
chanx_left_in[2]                           |chanx_left_in[2]                           
left_bottom_grid_pin_12_                   |left_bottom_grid_pin_12_                   
bottom_right_grid_pin_7_                   |bottom_right_grid_pin_7_                   
bottom_right_grid_pin_13_                  |bottom_right_grid_pin_13_                  
chanx_left_in[7]                           |chanx_left_in[7]                           
left_top_grid_pin_9_                       |left_top_grid_pin_9_                       
chanx_left_in[4]                           |chanx_left_in[4]                           
chany_bottom_in[4]                         |chany_bottom_in[4]                         
chanx_left_in[3]                           |chanx_left_in[3]                           
left_top_grid_pin_13_                      |left_top_grid_pin_13_                      
left_top_grid_pin_3_                       |left_top_grid_pin_3_                       
chany_bottom_in[0]                         |chany_bottom_in[0]                         
chanx_left_in[6]                           |chanx_left_in[6]                           
chanx_left_in[0]                           |chanx_left_in[0]                           
bottom_right_grid_pin_1_                   |bottom_right_grid_pin_1_                   
chany_bottom_out[5]                        |chany_bottom_out[5]                        
chany_bottom_out[4]                        |chany_bottom_out[4]                        
chany_bottom_out[3]                        |chany_bottom_out[3]                        
chany_bottom_out[2]                        |chany_bottom_out[2]                        
chany_bottom_out[1]                        |chany_bottom_out[1]                        
chanx_left_out[8]                          |chanx_left_out[8]                          
chany_bottom_out[0]                        |chany_bottom_out[0]                        
chanx_left_out[7]                          |chanx_left_out[7]                          
chanx_left_out[6]                          |chanx_left_out[6]                          
chanx_left_out[5]                          |chanx_left_out[5]                          
chanx_left_out[4]                          |chanx_left_out[4]                          
chanx_left_out[3]                          |chanx_left_out[3]                          
chanx_left_out[2]                          |chanx_left_out[2]                          
chanx_left_out[1]                          |chanx_left_out[1]                          
chanx_left_out[0]                          |chanx_left_out[0]                          
chany_bottom_out[8]                        |chany_bottom_out[8]                        
chany_bottom_out[7]                        |chany_bottom_out[7]                        
chany_bottom_out[6]                        |chany_bottom_out[6]                        
ccff_tail                                  |ccff_tail                                  
VGND                                       |VGND                                       
VPWR                                       |VPWR                                       
---------------------------------------------------------------------------------------
Cell pin lists are equivalent.
Device classes sb_3__3_ and sb_3__3_ are equivalent.
Circuits match uniquely.
