
reading lef ...
add shortConstraint to layer mcon
add shortConstraint to layer via
add shortConstraint to layer via2
add shortConstraint to layer via3
add shortConstraint to layer via4

units:       1000
#layers:     11
#macros:     437
#vias:       25
#viarulegen: 25

reading def ...
defIn read 10000 components

design:      sb_3__3_
die area:    ( 0 0 ) ( 438445 449165 )
trackPts:    12
defvias:     4
#components: 15147
#terminals:  60
#snets:      2
#nets:       136

reading guide ...

#guides:     781
List of default vias:
  Layer mcon
    default via: L1M1_PR_MR
  Layer via
    default via: M1M2_PR
  Layer via2
    default via: M2M3_PR_M
  Layer via3
    default via: M3M4_PR_M
  Layer via4
    default via: M4M5_PR_C

libcell analysis ...

instance analysis ...
  complete 10000 instances
#unique instances = 27

init region query ...
  complete 10000 insts
  complete li1
  complete mcon
  complete met1
  complete via
  complete met2
  complete via2
  complete met3
  complete via3
  complete met4
  complete via4
  complete met5

li1 shape region query size = 87374
mcon shape region query size = 292030
met1 shape region query size = 31646
via shape region query size = 1896
met2 shape region query size = 976
via2 shape region query size = 1896
met3 shape region query size = 978
via3 shape region query size = 1896
met4 shape region query size = 498
via4 shape region query size = 18
met5 shape region query size = 26


start pin access
  complete 22 pins
  complete 27 unique inst patterns
  complete 176 groups
#scanned instances    = 15147
#unique  instances    = 27
#stdCellGenAp         = 226
#stdCellValidPlanarAp = 129
#stdCellValidViaAp    = 129
#stdCellPinNoAp       = 0
#macroGenAp           = 0
#macroValidPlanarAp   = 0
#macroValidViaAp      = 0
#macroNoAp            = 0

complete pin access
cpu time = 00:00:00, elapsed time = 00:00:00, memory = 34.34 (MB), peak = 42.36 (MB)

post process guides ...
GCELLGRID X 0 DO 65 STEP 6900 ;
GCELLGRID Y 0 DO 63 STEP 6900 ;
  complete li1
  complete mcon
  complete met1
  complete via
  complete met2
  complete via2
  complete met3
  complete via3
  complete met4
  complete via4
  complete met5

building cmap ... 

init guide query ...
  complete li1 (guide)
  complete mcon (guide)
  complete met1 (guide)
  complete via (guide)
  complete met2 (guide)
  complete via2 (guide)
  complete met3 (guide)
  complete via3 (guide)
  complete met4 (guide)
  complete via4 (guide)
  complete met5 (guide)

li1 guide region query size = 190
mcon guide region query size = 0
met1 guide region query size = 181
via guide region query size = 0
met2 guide region query size = 126
via2 guide region query size = 0
met3 guide region query size = 26
via3 guide region query size = 0
met4 guide region query size = 0
via4 guide region query size = 0
met5 guide region query size = 0

init gr pin query ...


start track assignment
Done with 0 vertical wires in 2 frboxes and 0 horizontal wires in 2 frboxes.
Done with 54 vertical wires in 2 frboxes and 56 horizontal wires in 2 frboxes.

complete track assignment
cpu time = 00:00:02, elapsed time = 00:00:02, memory = 42.14 (MB), peak = 76.44 (MB)

start routing data preparation
initVia2ViaMinLen_minSpc li1 (d2d, d2u, u2d, u2u) = (0, 0, 0, 370)
initVia2ViaMinLen_minSpc met1 (d2d, d2u, u2d, u2u) = (430, 445, 445, 460)
initVia2ViaMinLen_minSpc met2 (d2d, d2u, u2d, u2u) = (460, 485, 485, 630)
initVia2ViaMinLen_minSpc met3 (d2d, d2u, u2d, u2u) = (630, 655, 655, 680)
initVia2ViaMinLen_minSpc met4 (d2d, d2u, u2d, u2u) = (630, 1055, 1055, 3020)
initVia2ViaMinLen_minSpc met5 (d2d, d2u, u2d, u2u) = (1480, 0, 0, 0)
initVia2ViaMinLen_minimumcut li1 (d2d, d2u, u2d, u2u) = (0, 0, 0, 370)
initVia2ViaMinLen_minimumcut li1 zerolen (b, b, b, b) = (1, 1, 1, 1)
initVia2ViaMinLen_minimumcut met1 (d2d, d2u, u2d, u2u) = (430, 445, 445, 460)
initVia2ViaMinLen_minimumcut met1 zerolen (b, b, b, b) = (1, 1, 1, 1)
initVia2ViaMinLen_minimumcut met2 (d2d, d2u, u2d, u2u) = (460, 485, 485, 630)
initVia2ViaMinLen_minimumcut met2 zerolen (b, b, b, b) = (1, 1, 1, 1)
initVia2ViaMinLen_minimumcut met3 (d2d, d2u, u2d, u2u) = (630, 655, 655, 680)
initVia2ViaMinLen_minimumcut met3 zerolen (b, b, b, b) = (1, 1, 1, 1)
initVia2ViaMinLen_minimumcut met4 (d2d, d2u, u2d, u2u) = (630, 1055, 1055, 3020)
initVia2ViaMinLen_minimumcut met4 zerolen (b, b, b, b) = (1, 1, 1, 1)
initVia2ViaMinLen_minimumcut met5 (d2d, d2u, u2d, u2u) = (1480, 0, 0, 0)
initVia2ViaMinLen_minimumcut met5 zerolen (b, b, b, b) = (1, 1, 1, 1)
initVia2ViaMinLenNew_minSpc li1 (d2d-x, d2d-y, d2u-x, d2u-y, u2d-x, u2d-y, u2u-x, u2u-y) = (0, 0, 0, 0, 0, 0, 430, 370)
initVia2ViaMinLenNew_minSpc met1 (d2d-x, d2d-y, d2u-x, d2u-y, u2d-x, u2d-y, u2u-x, u2u-y) = (430, 370, 445, 385, 445, 385, 460, 460)
initVia2ViaMinLenNew_minSpc met2 (d2d-x, d2d-y, d2u-x, d2u-y, u2d-x, u2d-y, u2u-x, u2u-y) = (460, 460, 410, 485, 410, 485, 630, 630)
initVia2ViaMinLenNew_minSpc met3 (d2d-x, d2d-y, d2u-x, d2u-y, u2d-x, u2d-y, u2u-x, u2u-y) = (630, 630, 655, 625, 655, 625, 680, 630)
initVia2ViaMinLenNew_minSpc met4 (d2d-x, d2d-y, d2u-x, d2u-y, u2d-x, u2d-y, u2u-x, u2u-y) = (680, 630, 1055, 1055, 1055, 1055, 3020, 3020)
initVia2ViaMinLenNew_minSpc met5 (d2d-x, d2d-y, d2u-x, d2u-y, u2d-x, u2d-y, u2u-x, u2u-y) = (1480, 1480, 0, 0, 0, 0, 0, 0)
initVia2ViaMinLenNew_minimumcut li1 (d2d-x, d2d-y, d2u-x, d2u-y, u2d-x, u2d-y, u2u-x, u2u-y) = (0, 0, 0, 0, 0, 0, 430, 370)
initVia2ViaMinLenNew_minimumcut met1 (d2d-x, d2d-y, d2u-x, d2u-y, u2d-x, u2d-y, u2u-x, u2u-y) = (430, 370, 445, 385, 445, 385, 460, 460)
initVia2ViaMinLenNew_minimumcut met2 (d2d-x, d2d-y, d2u-x, d2u-y, u2d-x, u2d-y, u2u-x, u2u-y) = (460, 460, 410, 485, 410, 485, 630, 630)
initVia2ViaMinLenNew_minimumcut met3 (d2d-x, d2d-y, d2u-x, d2u-y, u2d-x, u2d-y, u2u-x, u2u-y) = (630, 630, 655, 625, 655, 625, 680, 630)
initVia2ViaMinLenNew_minimumcut met4 (d2d-x, d2d-y, d2u-x, d2u-y, u2d-x, u2d-y, u2u-x, u2u-y) = (680, 630, 1055, 1055, 1055, 1055, 3020, 3020)
initVia2ViaMinLenNew_minimumcut met5 (d2d-x, d2d-y, d2u-x, d2u-y, u2d-x, u2d-y, u2u-x, u2u-y) = (1480, 1480, 0, 0, 0, 0, 0, 0)
cpu time = 00:00:00, elapsed time = 00:00:00, memory = 42.19 (MB), peak = 76.44 (MB)

start detail routing ...
start initial detail routing ...
    completing 10% with 28 violations
    elapsed time = 00:00:00, memory = 43.25 (MB)
    completing 20% with 28 violations
    elapsed time = 00:00:00, memory = 43.34 (MB)
    completing 30% with 28 violations
    elapsed time = 00:00:00, memory = 43.34 (MB)
    completing 40% with 28 violations
    elapsed time = 00:00:00, memory = 43.34 (MB)
    completing 50% with 28 violations
    elapsed time = 00:00:01, memory = 43.34 (MB)
    completing 60% with 28 violations
    elapsed time = 00:00:01, memory = 43.34 (MB)
    completing 70% with 28 violations
    elapsed time = 00:00:01, memory = 43.34 (MB)
    completing 80% with 28 violations
    elapsed time = 00:00:01, memory = 43.34 (MB)
    completing 90% with 28 violations
    elapsed time = 00:00:01, memory = 43.34 (MB)
    completing 100% with 28 violations
    elapsed time = 00:00:01, memory = 43.34 (MB)
  number of violations = 28
cpu time = 00:00:01, elapsed time = 00:00:01, memory = 43.34 (MB), peak = 76.44 (MB)
total wire length = 2705 um
total wire length on LAYER li1 = 7 um
total wire length on LAYER met1 = 1372 um
total wire length on LAYER met2 = 1196 um
total wire length on LAYER met3 = 129 um
total wire length on LAYER met4 = 0 um
total wire length on LAYER met5 = 0 um
total number of vias = 582
up-via summary (total 582):

------------
  li1    256
 met1    310
 met2     16
 met3      0
 met4      0
------------
         582


start 1st optimization iteration ...
    completing 10% with 26 violations
    elapsed time = 00:00:00, memory = 43.34 (MB)
    completing 20% with 5 violations
    elapsed time = 00:00:00, memory = 43.36 (MB)
    completing 30% with 5 violations
    elapsed time = 00:00:00, memory = 43.36 (MB)
    completing 40% with 5 violations
    elapsed time = 00:00:00, memory = 43.36 (MB)
    completing 50% with 5 violations
    elapsed time = 00:00:01, memory = 43.36 (MB)
    completing 60% with 5 violations
    elapsed time = 00:00:01, memory = 43.36 (MB)
    completing 70% with 5 violations
    elapsed time = 00:00:01, memory = 43.36 (MB)
    completing 80% with 5 violations
    elapsed time = 00:00:01, memory = 43.36 (MB)
    completing 90% with 5 violations
    elapsed time = 00:00:01, memory = 43.36 (MB)
    completing 100% with 5 violations
    elapsed time = 00:00:01, memory = 43.36 (MB)
  number of violations = 5
cpu time = 00:00:01, elapsed time = 00:00:01, memory = 43.36 (MB), peak = 76.44 (MB)
total wire length = 2658 um
total wire length on LAYER li1 = 1 um
total wire length on LAYER met1 = 1385 um
total wire length on LAYER met2 = 1175 um
total wire length on LAYER met3 = 95 um
total wire length on LAYER met4 = 0 um
total wire length on LAYER met5 = 0 um
total number of vias = 568
up-via summary (total 568):

------------
  li1    255
 met1    301
 met2     12
 met3      0
 met4      0
------------
         568


start 2nd optimization iteration ...
    completing 10% with 0 violations
    elapsed time = 00:00:00, memory = 43.90 (MB)
    completing 20% with 0 violations
    elapsed time = 00:00:00, memory = 44.03 (MB)
    completing 30% with 0 violations
    elapsed time = 00:00:00, memory = 44.03 (MB)
    completing 40% with 0 violations
    elapsed time = 00:00:00, memory = 44.03 (MB)
    completing 50% with 0 violations
    elapsed time = 00:00:00, memory = 44.03 (MB)
    completing 60% with 0 violations
    elapsed time = 00:00:00, memory = 44.03 (MB)
    completing 70% with 0 violations
    elapsed time = 00:00:00, memory = 44.03 (MB)
    completing 80% with 0 violations
    elapsed time = 00:00:00, memory = 44.03 (MB)
    completing 90% with 0 violations
    elapsed time = 00:00:00, memory = 44.03 (MB)
    completing 100% with 0 violations
    elapsed time = 00:00:00, memory = 44.03 (MB)
  number of violations = 0
cpu time = 00:00:00, elapsed time = 00:00:00, memory = 44.03 (MB), peak = 76.44 (MB)
total wire length = 2658 um
total wire length on LAYER li1 = 0 um
total wire length on LAYER met1 = 1401 um
total wire length on LAYER met2 = 1179 um
total wire length on LAYER met3 = 77 um
total wire length on LAYER met4 = 0 um
total wire length on LAYER met5 = 0 um
total number of vias = 570
up-via summary (total 570):

------------
  li1    255
 met1    303
 met2     12
 met3      0
 met4      0
------------
         570


start 3rd optimization iteration ...
    completing 10% with 0 violations
    elapsed time = 00:00:00, memory = 44.03 (MB)
    completing 20% with 0 violations
    elapsed time = 00:00:00, memory = 44.03 (MB)
    completing 30% with 0 violations
    elapsed time = 00:00:00, memory = 44.03 (MB)
    completing 40% with 0 violations
    elapsed time = 00:00:00, memory = 44.03 (MB)
    completing 50% with 0 violations
    elapsed time = 00:00:00, memory = 44.03 (MB)
    completing 60% with 0 violations
    elapsed time = 00:00:00, memory = 44.03 (MB)
    completing 70% with 0 violations
    elapsed time = 00:00:00, memory = 44.03 (MB)
    completing 80% with 0 violations
    elapsed time = 00:00:00, memory = 44.03 (MB)
    completing 90% with 0 violations
    elapsed time = 00:00:00, memory = 44.03 (MB)
    completing 100% with 0 violations
    elapsed time = 00:00:00, memory = 44.03 (MB)
  number of violations = 0
cpu time = 00:00:00, elapsed time = 00:00:00, memory = 44.03 (MB), peak = 76.44 (MB)
total wire length = 2658 um
total wire length on LAYER li1 = 0 um
total wire length on LAYER met1 = 1401 um
total wire length on LAYER met2 = 1179 um
total wire length on LAYER met3 = 77 um
total wire length on LAYER met4 = 0 um
total wire length on LAYER met5 = 0 um
total number of vias = 570
up-via summary (total 570):

------------
  li1    255
 met1    303
 met2     12
 met3      0
 met4      0
------------
         570


start 4th optimization iteration ...
    completing 10% with 0 violations
    elapsed time = 00:00:00, memory = 44.03 (MB)
    completing 20% with 0 violations
    elapsed time = 00:00:00, memory = 44.03 (MB)
    completing 30% with 0 violations
    elapsed time = 00:00:00, memory = 44.03 (MB)
    completing 40% with 0 violations
    elapsed time = 00:00:00, memory = 44.03 (MB)
    completing 50% with 0 violations
    elapsed time = 00:00:00, memory = 44.03 (MB)
    completing 60% with 0 violations
    elapsed time = 00:00:00, memory = 44.03 (MB)
    completing 70% with 0 violations
    elapsed time = 00:00:00, memory = 44.03 (MB)
    completing 80% with 0 violations
    elapsed time = 00:00:00, memory = 44.03 (MB)
    completing 90% with 0 violations
    elapsed time = 00:00:00, memory = 44.03 (MB)
    completing 100% with 0 violations
    elapsed time = 00:00:00, memory = 44.03 (MB)
  number of violations = 0
cpu time = 00:00:00, elapsed time = 00:00:00, memory = 44.03 (MB), peak = 76.44 (MB)
total wire length = 2658 um
total wire length on LAYER li1 = 0 um
total wire length on LAYER met1 = 1401 um
total wire length on LAYER met2 = 1179 um
total wire length on LAYER met3 = 77 um
total wire length on LAYER met4 = 0 um
total wire length on LAYER met5 = 0 um
total number of vias = 570
up-via summary (total 570):

------------
  li1    255
 met1    303
 met2     12
 met3      0
 met4      0
------------
         570


start 5th optimization iteration ...
    completing 10% with 0 violations
    elapsed time = 00:00:00, memory = 44.03 (MB)
    completing 20% with 0 violations
    elapsed time = 00:00:00, memory = 44.03 (MB)
    completing 30% with 0 violations
    elapsed time = 00:00:00, memory = 44.03 (MB)
    completing 40% with 0 violations
    elapsed time = 00:00:00, memory = 44.03 (MB)
    completing 50% with 0 violations
    elapsed time = 00:00:00, memory = 44.03 (MB)
    completing 60% with 0 violations
    elapsed time = 00:00:00, memory = 44.03 (MB)
    completing 70% with 0 violations
    elapsed time = 00:00:00, memory = 44.03 (MB)
    completing 80% with 0 violations
    elapsed time = 00:00:00, memory = 44.03 (MB)
    completing 90% with 0 violations
    elapsed time = 00:00:00, memory = 44.03 (MB)
    completing 100% with 0 violations
    elapsed time = 00:00:00, memory = 44.03 (MB)
  number of violations = 0
cpu time = 00:00:00, elapsed time = 00:00:00, memory = 44.03 (MB), peak = 76.44 (MB)
total wire length = 2658 um
total wire length on LAYER li1 = 0 um
total wire length on LAYER met1 = 1401 um
total wire length on LAYER met2 = 1179 um
total wire length on LAYER met3 = 77 um
total wire length on LAYER met4 = 0 um
total wire length on LAYER met5 = 0 um
total number of vias = 570
up-via summary (total 570):

------------
  li1    255
 met1    303
 met2     12
 met3      0
 met4      0
------------
         570


start 6th optimization iteration ...
    completing 10% with 0 violations
    elapsed time = 00:00:00, memory = 44.03 (MB)
    completing 20% with 0 violations
    elapsed time = 00:00:00, memory = 44.03 (MB)
    completing 30% with 0 violations
    elapsed time = 00:00:00, memory = 44.03 (MB)
    completing 40% with 0 violations
    elapsed time = 00:00:00, memory = 44.03 (MB)
    completing 50% with 0 violations
    elapsed time = 00:00:00, memory = 44.03 (MB)
    completing 60% with 0 violations
    elapsed time = 00:00:00, memory = 44.03 (MB)
    completing 70% with 0 violations
    elapsed time = 00:00:00, memory = 44.03 (MB)
    completing 80% with 0 violations
    elapsed time = 00:00:00, memory = 44.03 (MB)
    completing 90% with 0 violations
    elapsed time = 00:00:00, memory = 44.03 (MB)
    completing 100% with 0 violations
    elapsed time = 00:00:00, memory = 44.03 (MB)
  number of violations = 0
cpu time = 00:00:00, elapsed time = 00:00:00, memory = 44.03 (MB), peak = 76.44 (MB)
total wire length = 2658 um
total wire length on LAYER li1 = 0 um
total wire length on LAYER met1 = 1401 um
total wire length on LAYER met2 = 1179 um
total wire length on LAYER met3 = 77 um
total wire length on LAYER met4 = 0 um
total wire length on LAYER met5 = 0 um
total number of vias = 570
up-via summary (total 570):

------------
  li1    255
 met1    303
 met2     12
 met3      0
 met4      0
------------
         570


start 7th optimization iteration ...
    completing 10% with 0 violations
    elapsed time = 00:00:00, memory = 44.03 (MB)
    completing 20% with 0 violations
    elapsed time = 00:00:00, memory = 44.03 (MB)
    completing 30% with 0 violations
    elapsed time = 00:00:00, memory = 44.03 (MB)
    completing 40% with 0 violations
    elapsed time = 00:00:00, memory = 44.03 (MB)
    completing 50% with 0 violations
    elapsed time = 00:00:00, memory = 44.03 (MB)
    completing 60% with 0 violations
    elapsed time = 00:00:00, memory = 44.03 (MB)
    completing 70% with 0 violations
    elapsed time = 00:00:00, memory = 44.03 (MB)
    completing 80% with 0 violations
    elapsed time = 00:00:00, memory = 44.03 (MB)
    completing 90% with 0 violations
    elapsed time = 00:00:00, memory = 44.03 (MB)
    completing 100% with 0 violations
    elapsed time = 00:00:00, memory = 44.03 (MB)
  number of violations = 0
cpu time = 00:00:00, elapsed time = 00:00:00, memory = 44.03 (MB), peak = 76.44 (MB)/openLANE_flow/designs/sb_3__3_/runs/final_pin_placement//reports/routing/tritonRoute.drc

complete detail routing
total wire length = 2658 um
total wire length on LAYER li1 = 0 um
total wire length on LAYER met1 = 1401 um
total wire length on LAYER met2 = 1179 um
total wire length on LAYER met3 = 77 um
total wire length on LAYER met4 = 0 um
total wire length on LAYER met5 = 0 um
total number of vias = 570
up-via summary (total 570):

------------
  li1    255
 met1    303
 met2     12
 met3      0
 met4      0
------------
         570

cpu time = 00:00:03, elapsed time = 00:00:03, memory = 44.03 (MB), peak = 76.44 (MB)

post processing ...
WARNING (DEFPARS-7011): The NAMESCASESENSITIVE statement is obsolete in version 5.6 and later.
The DEF parser will ignore this statement. See file /openLANE_flow/designs/sb_3__3_/runs/final_pin_placement//tmp/routing/addspacers.def at line 2.


post processing ...
WARNING (DEFPARS-7011): The NAMESCASESENSITIVE statement is obsolete in version 5.6 and later.
The DEF parser will ignore this statement. See file /openLANE_flow/designs/sb_3__3_/runs/final_pin_placement//tmp/routing/addspacers.def at line 2.


Runtime taken (hrt): 7.19781
