RePlAce Version: 1.0.0

** WARNING: Your Detail Placement Step must be skipped.
              (i.e. this program will be executed as -onlyGP)
     If you want to have DP after GP, please specify -dpflag and -dploc.

[INFO] TargetDensity = 0.500000
[INFO] ExperimentIndex = 0
[INFO] DirectoryPath = /openLANE_flow/designs/cbx_1__2_/runs/15-08_22-28//tmp/placement/replace/etc/cbx_1__2_.floorplan/experiment000
[PROC] Begin LefParsing ...
[LEF] Parsed 500 number of lines!!
WARNING (LEFPARS-2036): SOURCE statement is obsolete in version 5.6 and later.
The LEF parser will ignore this statement.
To avoid this warning in the future, remove this statement from the LEF file with version 5.6 or later. See file /openLANE_flow/designs/cbx_1__2_/runs/15-08_22-28//tmp//merged.lef at line 776.

WARNING (LEFPARS-2036): SOURCE statement is obsolete in version 5.6 and later.
The LEF parser will ignore this statement.
To avoid this warning in the future, remove this statement from the LEF file with version 5.6 or later. See file /openLANE_flow/designs/cbx_1__2_/runs/15-08_22-28//tmp//merged.lef at line 903.

[LEF] Parsed 1000 number of lines!!
WARNING (LEFPARS-2036): SOURCE statement is obsolete in version 5.6 and later.
The LEF parser will ignore this statement.
To avoid this warning in the future, remove this statement from the LEF file with version 5.6 or later. See file /openLANE_flow/designs/cbx_1__2_/runs/15-08_22-28//tmp//merged.lef at line 1034.

WARNING (LEFPARS-2036): SOURCE statement is obsolete in version 5.6 and later.
The LEF parser will ignore this statement.
To avoid this warning in the future, remove this statement from the LEF file with version 5.6 or later. See file /openLANE_flow/designs/cbx_1__2_/runs/15-08_22-28//tmp//merged.lef at line 1204.

WARNING (LEFPARS-2036): SOURCE statement is obsolete in version 5.6 and later.
The LEF parser will ignore this statement.
To avoid this warning in the future, remove this statement from the LEF file with version 5.6 or later. See file /openLANE_flow/designs/cbx_1__2_/runs/15-08_22-28//tmp//merged.lef at line 1322.

WARNING (LEFPARS-2036): SOURCE statement is obsolete in version 5.6 and later.
The LEF parser will ignore this statement.
To avoid this warning in the future, remove this statement from the LEF file with version 5.6 or later. See file /openLANE_flow/designs/cbx_1__2_/runs/15-08_22-28//tmp//merged.lef at line 1442.

[LEF] Parsed 1500 number of lines!!
WARNING (LEFPARS-2036): SOURCE statement is obsolete in version 5.6 and later.
The LEF parser will ignore this statement.
To avoid this warning in the future, remove this statement from the LEF file with version 5.6 or later. See file /openLANE_flow/designs/cbx_1__2_/runs/15-08_22-28//tmp//merged.lef at line 1589.

WARNING (LEFPARS-2036): SOURCE statement is obsolete in version 5.6 and later.
The LEF parser will ignore this statement.
To avoid this warning in the future, remove this statement from the LEF file with version 5.6 or later. See file /openLANE_flow/designs/cbx_1__2_/runs/15-08_22-28//tmp//merged.lef at line 1777.

WARNING (LEFPARS-2036): SOURCE statement is obsolete in version 5.6 and later.
The LEF parser will ignore this statement.
To avoid this warning in the future, remove this statement from the LEF file with version 5.6 or later. See file /openLANE_flow/designs/cbx_1__2_/runs/15-08_22-28//tmp//merged.lef at line 1886.

WARNING (LEFPARS-2036): SOURCE statement is obsolete in version 5.6 and later.
The LEF parser will ignore this statement.
To avoid this warning in the future, remove this statement from the LEF file with version 5.6 or later. See file /openLANE_flow/designs/cbx_1__2_/runs/15-08_22-28//tmp//merged.lef at line 1999.

[LEF] Parsed 2000 number of lines!!
WARNING (LEFPARS-2036): SOURCE statement is obsolete in version 5.6 and later.
The LEF parser will ignore this statement.
To avoid this warning in the future, remove this statement from the LEF file with version 5.6 or later. See file /openLANE_flow/designs/cbx_1__2_/runs/15-08_22-28//tmp//merged.lef at line 2148.

WARNING (LEFPARS-2036): SOURCE statement is obsolete in version 5.6 and later.
The LEF parser will ignore this statement.
To avoid this warning in the future, remove this statement from the LEF file with version 5.6 or later. See file /openLANE_flow/designs/cbx_1__2_/runs/15-08_22-28//tmp//merged.lef at line 2253.

WARNING (LEFPARS-2036): SOURCE statement is obsolete in version 5.6 and later.
The LEF parser will ignore this statement.
To avoid this warning in the future, remove this statement from the LEF file with version 5.6 or later. See file /openLANE_flow/designs/cbx_1__2_/runs/15-08_22-28//tmp//merged.lef at line 2380.

[LEF] Parsed 2500 number of lines!!
WARNING (LEFPARS-2036): SOURCE statement is obsolete in version 5.6 and later.
The LEF parser will ignore this statement.
To avoid this warning in the future, remove this statement from the LEF file with version 5.6 or later. See file /openLANE_flow/designs/cbx_1__2_/runs/15-08_22-28//tmp//merged.lef at line 2547.

WARNING (LEFPARS-2036): SOURCE statement is obsolete in version 5.6 and later.
The LEF parser will ignore this statement.
To avoid this warning in the future, remove this statement from the LEF file with version 5.6 or later. See file /openLANE_flow/designs/cbx_1__2_/runs/15-08_22-28//tmp//merged.lef at line 2653.

WARNING (LEFPARS-2036): SOURCE statement is obsolete in version 5.6 and later.
The LEF parser will ignore this statement.
To avoid this warning in the future, remove this statement from the LEF file with version 5.6 or later. See file /openLANE_flow/designs/cbx_1__2_/runs/15-08_22-28//tmp//merged.lef at line 2770.

WARNING (LEFPARS-2036): SOURCE statement is obsolete in version 5.6 and later.
The LEF parser will ignore this statement.
To avoid this warning in the future, remove this statement from the LEF file with version 5.6 or later. See file /openLANE_flow/designs/cbx_1__2_/runs/15-08_22-28//tmp//merged.lef at line 2908.

[LEF] Parsed 3000 number of lines!!
WARNING (LEFPARS-2036): SOURCE statement is obsolete in version 5.6 and later.
The LEF parser will ignore this statement.
To avoid this warning in the future, remove this statement from the LEF file with version 5.6 or later. See file /openLANE_flow/designs/cbx_1__2_/runs/15-08_22-28//tmp//merged.lef at line 3005.

WARNING (LEFPARS-2036): SOURCE statement is obsolete in version 5.6 and later.
The LEF parser will ignore this statement.
To avoid this warning in the future, remove this statement from the LEF file with version 5.6 or later. See file /openLANE_flow/designs/cbx_1__2_/runs/15-08_22-28//tmp//merged.lef at line 3105.

WARNING (LEFPARS-2036): SOURCE statement is obsolete in version 5.6 and later.
The LEF parser will ignore this statement.
To avoid this warning in the future, remove this statement from the LEF file with version 5.6 or later. See file /openLANE_flow/designs/cbx_1__2_/runs/15-08_22-28//tmp//merged.lef at line 3219.

WARNING (LEFPARS-2036): SOURCE statement is obsolete in version 5.6 and later.
The LEF parser will ignore this statement.
To avoid this warning in the future, remove this statement from the LEF file with version 5.6 or later. See file /openLANE_flow/designs/cbx_1__2_/runs/15-08_22-28//tmp//merged.lef at line 3361.

WARNING (LEFPARS-2036): SOURCE statement is obsolete in version 5.6 and later.
The LEF parser will ignore this statement.
To avoid this warning in the future, remove this statement from the LEF file with version 5.6 or later. See file /openLANE_flow/designs/cbx_1__2_/runs/15-08_22-28//tmp//merged.lef at line 3458.

[LEF] Parsed 3500 number of lines!!
WARNING (LEFPARS-2036): SOURCE statement is obsolete in version 5.6 and later.
The LEF parser will ignore this statement.
To avoid this warning in the future, remove this statement from the LEF file with version 5.6 or later. See file /openLANE_flow/designs/cbx_1__2_/runs/15-08_22-28//tmp//merged.lef at line 3561.

WARNING (LEFPARS-2036): SOURCE statement is obsolete in version 5.6 and later.
The LEF parser will ignore this statement.
To avoid this warning in the future, remove this statement from the LEF file with version 5.6 or later. See file /openLANE_flow/designs/cbx_1__2_/runs/15-08_22-28//tmp//merged.lef at line 3691.

WARNING (LEFPARS-2036): SOURCE statement is obsolete in version 5.6 and later.
The LEF parser will ignore this statement.
To avoid this warning in the future, remove this statement from the LEF file with version 5.6 or later. See file /openLANE_flow/designs/cbx_1__2_/runs/15-08_22-28//tmp//merged.lef at line 3783.

WARNING (LEFPARS-2036): SOURCE statement is obsolete in version 5.6 and later.
The LEF parser will ignore this statement.
To avoid this warning in the future, remove this statement from the LEF file with version 5.6 or later. See file /openLANE_flow/designs/cbx_1__2_/runs/15-08_22-28//tmp//merged.lef at line 3887.

[LEF] Parsed 4000 number of lines!!
WARNING (LEFPARS-2036): SOURCE statement is obsolete in version 5.6 and later.
The LEF parser will ignore this statement.
To avoid this warning in the future, remove this statement from the LEF file with version 5.6 or later. See file /openLANE_flow/designs/cbx_1__2_/runs/15-08_22-28//tmp//merged.lef at line 4018.

WARNING (LEFPARS-2036): SOURCE statement is obsolete in version 5.6 and later.
The LEF parser will ignore this statement.
To avoid this warning in the future, remove this statement from the LEF file with version 5.6 or later. See file /openLANE_flow/designs/cbx_1__2_/runs/15-08_22-28//tmp//merged.lef at line 4148.

WARNING (LEFPARS-2036): SOURCE statement is obsolete in version 5.6 and later.
The LEF parser will ignore this statement.
To avoid this warning in the future, remove this statement from the LEF file with version 5.6 or later. See file /openLANE_flow/designs/cbx_1__2_/runs/15-08_22-28//tmp//merged.lef at line 4282.

WARNING (LEFPARS-2036): SOURCE statement is obsolete in version 5.6 and later.
The LEF parser will ignore this statement.
To avoid this warning in the future, remove this statement from the LEF file with version 5.6 or later. See file /openLANE_flow/designs/cbx_1__2_/runs/15-08_22-28//tmp//merged.lef at line 4467.

[LEF] Parsed 4500 number of lines!!
[LEF] Parsed 5000 number of lines!!
[LEF] Parsed 5500 number of lines!!
[LEF] Parsed 6000 number of lines!!
[LEF] Parsed 6500 number of lines!!
[LEF] Parsed 7000 number of lines!!
[LEF] Parsed 7500 number of lines!!
[LEF] Parsed 8000 number of lines!!
[LEF] Parsed 8500 number of lines!!
[LEF] Parsed 9000 number of lines!!
[LEF] Parsed 9500 number of lines!!
[LEF] Parsed 10000 number of lines!!
[LEF] Parsed 10500 number of lines!!
[LEF] Parsed 11000 number of lines!!
[LEF] Parsed 11500 number of lines!!
[LEF] Parsed 12000 number of lines!!
[LEF] Parsed 12500 number of lines!!
[LEF] Parsed 13000 number of lines!!
[LEF] Parsed 13500 number of lines!!
[LEF] Parsed 14000 number of lines!!
[LEF] Parsed 14500 number of lines!!
[LEF] Parsed 15000 number of lines!!
[LEF] Parsed 15500 number of lines!!
[LEF] Parsed 16000 number of lines!!
[LEF] Parsed 16500 number of lines!!
[LEF] Parsed 17000 number of lines!!
[LEF] Parsed 17500 number of lines!!
[LEF] Parsed 18000 number of lines!!
[LEF] Parsed 18500 number of lines!!
[LEF] Parsed 19000 number of lines!!
[LEF] Parsed 19500 number of lines!!
[LEF] Parsed 20000 number of lines!!
[LEF] Parsed 20500 number of lines!!
[LEF] Parsed 21000 number of lines!!
[LEF] Parsed 21500 number of lines!!
[LEF] Parsed 22000 number of lines!!
[LEF] Parsed 22500 number of lines!!
[LEF] Parsed 23000 number of lines!!
[LEF] Parsed 23500 number of lines!!
[LEF] Parsed 24000 number of lines!!
[LEF] Parsed 24500 number of lines!!
[LEF] Parsed 25000 number of lines!!
[LEF] Parsed 25500 number of lines!!
[LEF] Parsed 26000 number of lines!!
[LEF] Parsed 26500 number of lines!!
[LEF] Parsed 27000 number of lines!!
[LEF] Parsed 27500 number of lines!!
[LEF] Parsed 28000 number of lines!!
[LEF] Parsed 28500 number of lines!!
[LEF] Parsed 29000 number of lines!!
[LEF] Parsed 29500 number of lines!!
[LEF] Parsed 30000 number of lines!!
[LEF] Parsed 30500 number of lines!!
[LEF] Parsed 31000 number of lines!!
[LEF] Parsed 31500 number of lines!!
[LEF] Parsed 32000 number of lines!!
[LEF] Parsed 32500 number of lines!!
[LEF] Parsed 33000 number of lines!!
[LEF] Parsed 33500 number of lines!!
[LEF] Parsed 34000 number of lines!!
[LEF] Parsed 34500 number of lines!!
[LEF] Parsed 35000 number of lines!!
[LEF] Parsed 35500 number of lines!!
[LEF] Parsed 36000 number of lines!!
[LEF] Parsed 36500 number of lines!!
[LEF] Parsed 37000 number of lines!!
[LEF] Parsed 37500 number of lines!!
[LEF] Parsed 38000 number of lines!!
[LEF] Parsed 38500 number of lines!!
[LEF] Parsed 39000 number of lines!!
[LEF] Parsed 39500 number of lines!!
[LEF] Parsed 40000 number of lines!!
[LEF] Parsed 40500 number of lines!!
[LEF] Parsed 41000 number of lines!!
[LEF] Parsed 41500 number of lines!!
[LEF] Parsed 42000 number of lines!!
[LEF] Parsed 42500 number of lines!!
[LEF] Parsed 43000 number of lines!!
[LEF] Parsed 43500 number of lines!!
[LEF] Parsed 44000 number of lines!!
[LEF] Parsed 44500 number of lines!!
[LEF] Parsed 45000 number of lines!!
[LEF] Parsed 45500 number of lines!!
[LEF] Parsed 46000 number of lines!!
[LEF] Parsed 46500 number of lines!!
[LEF] Parsed 47000 number of lines!!
[LEF] Parsed 47500 number of lines!!
[LEF] Parsed 48000 number of lines!!
[LEF] Parsed 48500 number of lines!!
[LEF] Parsed 49000 number of lines!!
[LEF] Parsed 49500 number of lines!!
[LEF] Parsed 50000 number of lines!!
[LEF] Parsed 50500 number of lines!!
[LEF] Parsed 51000 number of lines!!
[LEF] Parsed 51500 number of lines!!
[LEF] Parsed 52000 number of lines!!
[LEF] Parsed 52500 number of lines!!
[LEF] Parsed 53000 number of lines!!
[LEF] Parsed 53500 number of lines!!
[LEF] Parsed 54000 number of lines!!
[LEF] Parsed 54500 number of lines!!
[LEF] Parsed 55000 number of lines!!
[LEF] Parsed 55500 number of lines!!
[LEF] Parsed 56000 number of lines!!
[LEF] Parsed 56500 number of lines!!
[LEF] Parsed 57000 number of lines!!
[LEF] Parsed 57500 number of lines!!
[LEF] Parsed 58000 number of lines!!
[LEF] Parsed 58500 number of lines!!
[LEF] Parsed 59000 number of lines!!
[LEF] Parsed 59500 number of lines!!
[LEF] Parsed 60000 number of lines!!
[LEF] Parsed 60500 number of lines!!
[LEF] Parsed 61000 number of lines!!
[LEF] Parsed 61500 number of lines!!
[LEF] Parsed 62000 number of lines!!
[PROC] End LefParsing
[PROC] Begin DefParsing ...
WARNING (DEFPARS-7011): The NAMESCASESENSITIVE statement is obsolete in version 5.6 and later.
The DEF parser will ignore this statement. See file /openLANE_flow/designs/cbx_1__2_/runs/15-08_22-28//results/floorplan/cbx_1__2_.floorplan.def at line 2.

[PROC] End DefParsing
[INFO] DefUnit = 1000
[INFO] LefMetal1Name = li1
[INFO] DefSiteName = unithd
[INFO] ScaleDownUnit = 302.222229
[INFO] OffsetCoordi = (2640.000000, 0.000000)
[INFO] RowSize = (1.522059, 9.000000)
[INFO] NumRows = 26
[INFO] MacroCount = 0
[INFO] NumModules = 87
[INFO] NumTerminals = 171
[INFO] Inserted Dummy Terms = 0
[PROC] Begin Generate Un-fragmented Rows ...
[INFO] CoreAreaLxLy = (27.000000, 36.000000)
[INFO] CoreAreaUxUy = (267.485291, 270.000000)
[INFO] RowSize = (1.522059, 9.000000)
[INFO] NumRows = 26
[PROC] End Generate Un-fragmented Rows
[PROC] Begin DEF Net Parsing ...
[INFO] NumNets = 166
[INFO] NumPins = 388
[PROC] End DEF Net Parsing
[PROC] LEF/DEF Parsing Success!
[INFO] AspectRatio = 0.973032
[INFO] RowMinXY = (27.000000, 36.000000)
[INFO] RowMaxXY = (267.485291, 270.000000)
[INFO] NumPlaceStdCells = 87
[INFO] NumPlaceMacros = 0
[INFO] RowSize = (1.522059, 9.000000)
[INFO] NumRows = 26
[INFO] GlobalAreaLxLy = (9.496324, 6.617647)
[INFO] GlobalAreaUxUy = (280.505493, 311.625000)
[INFO] PlaceAreaLxLy = (27.000000, 36.000000)
[INFO] PlaceAreaUxUy = (267.485291, 270.000000)
[INFO] TotalPlaceArea = 56273.558594
[INFO] TotalFixedArea = 3068.461426
[INFO] TotalWhiteSpaceArea = 53205.097656
[INFO] TotalPlaceMacrosArea = 0.000000
[INFO] TotalPlaceStdCellsArea = 29246.353516
[INFO] Util(%) = 51.971752
[INFO] 80pCellArea = 340.004456
[INFO] FillerInit: TotalFillerArea = 0.001953
[INFO] FillerInit: NumFillerCells = 0
[INFO] FillerInit: FillerCellArea = 340.004608
[INFO] FillerInit: FillerCellSize = (37.778290, 9.000000)
[INFO] FillerInit: NumCells = 87
[INFO] FillerInit: NumModules = 87
[INFO] FillerInit: NumFillers = 0
INFO:  D_MSH = 1024 
INFO:  MSH(X, Y) = (32, 32)
[INFO] TierInit: TierUtil = 0.519718
[INFO] TierInit: NumModules = 87
[INFO] TierInit: PlaceArea = 56273.558594
[INFO] TierInit: CoreSpacingArea = 0.000000
[INFO] TierInit: TerminalArea = 3068.461426
[INFO] TierInit: ModuleArea = 29246.353516
[INFO] TierInit: FillerArea = 0.001953
[INFO] TierInit: NumFillers = 0
[INFO] TierInit: FillerMinIdx = 87
[INFO] TierInit: FillerMaxIdx = 87
INFO:  dim_bin_cGP2D.(x,y) = (8, 8)
cell Init 2D:
tier->bin_stp: (30.0607 29.25)
tier->half_bin_stp: (15.0303 14.625)
PROC:  Start NESTEROV's Optimization
PROC:    Global Lagrangian Multiplier is Applied

ITER: 0
    HPWL=14237.851562
    OVFL=0.939572
    HPWL=(7431.037109, 6806.813965)
    POTN=6.654287E+05
    PHIC=1.743734E-09
    GRAD=3.563004E-02
    NuBT=0
    CPU =0.000000

ITER: 1
    HPWL=14237.742188
    OVFL=0.939572
    HPWL=(7430.973633, 6806.768555)
    POTN=6.654252E+05
    PHIC=1.830921E-09
    GRAD=4.847926E-02
    NuBT=1
    CPU =0.000106

ITER: 2
    HPWL=14237.208984
    OVFL=0.939572
    HPWL=(7430.666992, 6806.541992)
    POTN=6.654085E+05
    PHIC=1.922466E-09
    GRAD=4.847614E-02
    NuBT=1
    CPU =0.000059

ITER: 3
    HPWL=7837.391602
    OVFL=0.793353
    HPWL=(3676.464111, 4160.927734)
    POTN=4.685718E+05
    PHIC=2.018590E-09
    GRAD=1.067384E-02
    NuBT=1
    CPU =0.000056

ITER: 4
    HPWL=7667.808594
    OVFL=0.782118
    HPWL=(3580.726562, 4087.082275)
    POTN=4.480988E+05
    PHIC=2.119519E-09
    GRAD=1.938126E-02
    NuBT=2
    CPU =0.000106

ITER: 5
    HPWL=7707.793945
    OVFL=0.769697
    HPWL=(3570.490967, 4137.303223)
    POTN=4.366987E+05
    PHIC=2.225482E-09
    GRAD=1.958729E-02
    NuBT=1
    CPU =0.000091

ITER: 6
    HPWL=7747.040039
    OVFL=0.754466
    HPWL=(3561.375244, 4185.664551)
    POTN=4.212699E+05
    PHIC=2.336743E-09
    GRAD=2.081300E-02
    NuBT=1
    CPU =0.000078

ITER: 7
    HPWL=7762.521484
    OVFL=0.733564
    HPWL=(3550.203857, 4212.317871)
    POTN=3.991188E+05
    PHIC=2.453575E-09
    GRAD=2.250006E-02
    NuBT=1
    CPU =0.000080

ITER: 8
    HPWL=7783.614746
    OVFL=0.722321
    HPWL=(3550.541016, 4233.073730)
    POTN=3.842223E+05
    PHIC=2.576246E-09
    GRAD=2.503010E-02
    NuBT=2
    CPU =0.000102

ITER: 9
    HPWL=7790.311523
    OVFL=0.713825
    HPWL=(3550.406006, 4239.905762)
    POTN=3.710303E+05
    PHIC=2.705056E-09
    GRAD=2.650166E-02
    NuBT=1
    CPU =0.000050

ITER: 10
    HPWL=7788.485840
    OVFL=0.706523
    HPWL=(3550.563965, 4237.921875)
    POTN=3.575111E+05
    PHIC=2.840309E-09
    GRAD=2.767900E-02
    NuBT=2
    CPU =0.000083

ITER: 11
    HPWL=7783.176758
    OVFL=0.702657
    HPWL=(3550.742920, 4232.434082)
    POTN=3.456512E+05
    PHIC=2.982324E-09
    GRAD=2.872739E-02
    NuBT=2
    CPU =0.000083

ITER: 12
    HPWL=7776.934570
    OVFL=0.698816
    HPWL=(3551.095215, 4225.839355)
    POTN=3.345716E+05
    PHIC=3.131440E-09
    GRAD=2.931474E-02
    NuBT=1
    CPU =0.000049

ITER: 13
    HPWL=7770.348633
    OVFL=0.695909
    HPWL=(3551.346191, 4219.002441)
    POTN=3.233900E+05
    PHIC=3.288012E-09
    GRAD=2.987881E-02
    NuBT=1
    CPU =0.000105

ITER: 14
    HPWL=7763.875977
    OVFL=0.693830
    HPWL=(3551.506104, 4212.370117)
    POTN=3.134761E+05
    PHIC=3.452412E-09
    GRAD=3.033823E-02
    NuBT=1
    CPU =0.000077

ITER: 15
    HPWL=7757.298828
    OVFL=0.691548
    HPWL=(3551.722412, 4205.576660)
    POTN=3.043757E+05
    PHIC=3.625033E-09
    GRAD=3.064734E-02
    NuBT=1
    CPU =0.000081

ITER: 16
    HPWL=7750.714355
    OVFL=0.689984
    HPWL=(3551.972168, 4198.742188)
    POTN=2.958737E+05
    PHIC=3.806284E-09
    GRAD=3.101967E-02
    NuBT=1
    CPU =0.000074

ITER: 17
    HPWL=7743.962891
    OVFL=0.688806
    HPWL=(3552.332275, 4191.630859)
    POTN=2.819983E+05
    PHIC=3.996598E-09
    GRAD=3.125503E-02
    NuBT=1
    CPU =0.000073

ITER: 18
    HPWL=7737.215820
    OVFL=0.687559
    HPWL=(3552.832764, 4184.383301)
    POTN=2.688849E+05
    PHIC=4.196428E-09
    GRAD=3.146199E-02
    NuBT=1
    CPU =0.000073

ITER: 19
    HPWL=7730.181641
    OVFL=0.686363
    HPWL=(3553.369629, 4176.812012)
    POTN=2.583405E+05
    PHIC=4.406249E-09
    GRAD=3.164733E-02
    NuBT=1
    CPU =0.000080

ITER: 20
    HPWL=7723.013672
    OVFL=0.689282
    HPWL=(3553.942139, 4169.071289)
    POTN=2.504009E+05
    PHIC=4.626561E-09
    GRAD=3.186129E-02
    NuBT=1
    CPU =0.000077

ITER: 21
    HPWL=7715.577148
    OVFL=0.699407
    HPWL=(3554.568604, 4161.008301)
    POTN=2.425955E+05
    PHIC=4.857889E-09
    GRAD=3.137580E-02
    NuBT=1
    CPU =0.000077

ITER: 22
    HPWL=7707.770508
    OVFL=0.697909
    HPWL=(3554.958740, 4152.811523)
    POTN=2.350379E+05
    PHIC=5.100783E-09
    GRAD=2.981140E-02
    NuBT=1
    CPU =0.000076

ITER: 23
    HPWL=7697.583984
    OVFL=0.696003
    HPWL=(3554.036133, 4143.547852)
    POTN=2.292251E+05
    PHIC=5.355822E-09
    GRAD=3.001780E-02
    NuBT=1
    CPU =0.000075

ITER: 24
    HPWL=7689.925781
    OVFL=0.693191
    HPWL=(3554.659180, 4135.266602)
    POTN=2.240118E+05
    PHIC=5.623613E-09
    GRAD=3.032096E-02
    NuBT=1
    CPU =0.000074

ITER: 25
    HPWL=7682.753418
    OVFL=0.689987
    HPWL=(3555.614258, 4127.139160)
    POTN=2.197783E+05
    PHIC=5.904794E-09
    GRAD=3.076205E-02
    NuBT=2
    CPU =0.000132

ITER: 26
    HPWL=7674.130371
    OVFL=0.686519
    HPWL=(3555.743164, 4118.387207)
    POTN=2.124616E+05
    PHIC=6.200033E-09
    GRAD=3.127402E-02
    NuBT=2
    CPU =0.000113

ITER: 27
    HPWL=7668.029297
    OVFL=0.683412
    HPWL=(3556.729248, 4111.300293)
    POTN=2.057885E+05
    PHIC=6.510034E-09
    GRAD=3.183346E-02
    NuBT=1
    CPU =0.000065

ITER: 28
    HPWL=7660.254883
    OVFL=0.680034
    HPWL=(3556.739502, 4103.515625)
    POTN=2.014118E+05
    PHIC=6.835536E-09
    GRAD=3.234731E-02
    NuBT=2
    CPU =0.000084

ITER: 29
    HPWL=7653.511719
    OVFL=0.699088
    HPWL=(3557.378662, 4096.133301)
    POTN=1.986325E+05
    PHIC=7.177312E-09
    GRAD=3.291031E-02
    NuBT=1
    CPU =0.000066

ITER: 30
    HPWL=7640.410156
    OVFL=0.687797
    HPWL=(3554.982666, 4085.427734)
    POTN=1.911317E+05
    PHIC=7.536177E-09
    GRAD=2.982578E-02
    NuBT=2
    CPU =0.000086

ITER: 31
    HPWL=7625.068359
    OVFL=0.680797
    HPWL=(3552.016113, 4073.052490)
    POTN=1.859711E+05
    PHIC=7.912986E-09
    GRAD=3.156700E-02
    NuBT=1
    CPU =0.000048

ITER: 32
    HPWL=7616.940918
    OVFL=0.674194
    HPWL=(3553.428223, 4063.512695)
    POTN=1.818345E+05
    PHIC=8.308635E-09
    GRAD=3.272009E-02
    NuBT=1
    CPU =0.000047

ITER: 33
    HPWL=7610.340332
    OVFL=0.671965
    HPWL=(3555.766113, 4054.574219)
    POTN=1.795451E+05
    PHIC=8.724066E-09
    GRAD=3.385545E-02
    NuBT=2
    CPU =0.000082

ITER: 34
    HPWL=7602.166504
    OVFL=0.671706
    HPWL=(3557.167969, 4044.998535)
    POTN=1.750004E+05
    PHIC=9.160269E-09
    GRAD=3.425087E-02
    NuBT=2
    CPU =0.000088

ITER: 35
    HPWL=7594.488281
    OVFL=0.672574
    HPWL=(3558.896240, 4035.591797)
    POTN=1.703210E+05
    PHIC=9.618282E-09
    GRAD=3.431369E-02
    NuBT=2
    CPU =0.000082

ITER: 36
    HPWL=7585.437500
    OVFL=0.675441
    HPWL=(3559.808105, 4025.629395)
    POTN=1.681263E+05
    PHIC=1.009920E-08
    GRAD=3.416698E-02
    NuBT=2
    CPU =0.000082

ITER: 37
    HPWL=7576.940430
    OVFL=0.704260
    HPWL=(3560.934082, 4016.006104)
    POTN=1.695056E+05
    PHIC=1.060416E-08
    GRAD=3.368219E-02
    NuBT=2
    CPU =0.000082

ITER: 38
    HPWL=7558.379883
    OVFL=0.704421
    HPWL=(3554.605713, 4003.774170)
    POTN=1.652434E+05
    PHIC=1.113436E-08
    GRAD=2.902190E-02
    NuBT=3
    CPU =0.000129

ITER: 39
    HPWL=7552.479980
    OVFL=0.700801
    HPWL=(3554.837402, 3997.642578)
    POTN=1.625446E+05
    PHIC=1.169108E-08
    GRAD=2.899804E-02
    NuBT=1
    CPU =0.000049

ITER: 40
    HPWL=7546.215820
    OVFL=0.697404
    HPWL=(3554.917725, 3991.298096)
    POTN=1.613488E+05
    PHIC=1.227563E-08
    GRAD=2.953703E-02
    NuBT=2
    CPU =0.000082

ITER: 41
    HPWL=7544.177734
    OVFL=0.695536
    HPWL=(3557.419434, 3986.758057)
    POTN=1.613203E+05
    PHIC=1.288941E-08
    GRAD=3.006245E-02
    NuBT=2
    CPU =0.000090

ITER: 42
    HPWL=7540.045410
    OVFL=0.693573
    HPWL=(3558.485107, 3981.560303)
    POTN=1.628813E+05
    PHIC=1.353389E-08
    GRAD=3.035433E-02
    NuBT=2
    CPU =0.000105

ITER: 43
    HPWL=7536.226562
    OVFL=0.685963
    HPWL=(3559.476318, 3976.750488)
    POTN=1.619487E+05
    PHIC=1.421058E-08
    GRAD=3.066431E-02
    NuBT=2
    CPU =0.000089

ITER: 44
    HPWL=7532.411133
    OVFL=0.684475
    HPWL=(3559.845215, 3972.565918)
    POTN=1.620644E+05
    PHIC=1.492111E-08
    GRAD=3.187704E-02
    NuBT=2
    CPU =0.000120

ITER: 45
    HPWL=7536.409180
    OVFL=0.685661
    HPWL=(3562.281006, 3974.127930)
    POTN=1.639979E+05
    PHIC=1.566715E-08
    GRAD=3.213838E-02
    NuBT=2
    CPU =0.000114

ITER: 46
    HPWL=7536.749023
    OVFL=0.701295
    HPWL=(3562.620850, 3974.128418)
    POTN=1.688415E+05
    PHIC=1.645051E-08
    GRAD=3.194467E-02
    NuBT=2
    CPU =0.000121

ITER: 47
    HPWL=7532.536133
    OVFL=0.720929
    HPWL=(3560.525146, 3972.010742)
    POTN=1.703296E+05
    PHIC=1.727303E-08
    GRAD=2.947859E-02
    NuBT=2
    CPU =0.000124

ITER: 48
    HPWL=7527.657227
    OVFL=0.719902
    HPWL=(3558.058838, 3969.598389)
    POTN=1.695406E+05
    PHIC=1.813668E-08
    GRAD=2.666022E-02
    NuBT=2
    CPU =0.000115

ITER: 49
    HPWL=7526.218750
    OVFL=0.718621
    HPWL=(3557.414307, 3968.804688)
    POTN=1.695453E+05
    PHIC=1.904352E-08
    GRAD=2.679819E-02
    NuBT=1
    CPU =0.000076

ITER: 50
    HPWL=7528.676758
    OVFL=0.717216
    HPWL=(3558.930908, 3969.746094)
    POTN=1.706359E+05
    PHIC=1.999569E-08
    GRAD=2.697682E-02
    NuBT=2
    CPU =0.000112

ITER: 51
    HPWL=7529.071289
    OVFL=0.715785
    HPWL=(3559.279541, 3969.791504)
    POTN=1.727815E+05
    PHIC=2.099547E-08
    GRAD=2.717190E-02
    NuBT=2
    CPU =0.000114

ITER: 52
    HPWL=7530.138672
    OVFL=0.713351
    HPWL=(3560.019043, 3970.119385)
    POTN=1.754574E+05
    PHIC=2.204524E-08
    GRAD=2.737320E-02
    NuBT=2
    CPU =0.000112

ITER: 53
    HPWL=7530.800781
    OVFL=0.710163
    HPWL=(3560.489990, 3970.310547)
    POTN=1.789036E+05
    PHIC=2.314750E-08
    GRAD=2.771520E-02
    NuBT=2
    CPU =0.000111

ITER: 54
    HPWL=7531.681641
    OVFL=0.708053
    HPWL=(3561.115479, 3970.566406)
    POTN=1.802082E+05
    PHIC=2.430487E-08
    GRAD=2.817284E-02
    NuBT=2
    CPU =0.000112

ITER: 55
    HPWL=7532.954590
    OVFL=0.707505
    HPWL=(3561.944092, 3971.010498)
    POTN=1.825156E+05
    PHIC=2.552010E-08
    GRAD=2.848039E-02
    NuBT=2
    CPU =0.000112

ITER: 56
    HPWL=7533.664062
    OVFL=0.707433
    HPWL=(3562.456787, 3971.207275)
    POTN=1.852750E+05
    PHIC=2.679610E-08
    GRAD=2.855988E-02
    NuBT=2
    CPU =0.000111

ITER: 57
    HPWL=7534.285156
    OVFL=0.708103
    HPWL=(3562.902344, 3971.383057)
    POTN=1.891278E+05
    PHIC=2.813591E-08
    GRAD=2.857382E-02
    NuBT=2
    CPU =0.000120

ITER: 58
    HPWL=7534.874512
    OVFL=0.707735
    HPWL=(3563.344727, 3971.529785)
    POTN=1.929924E+05
    PHIC=2.954270E-08
    GRAD=2.847749E-02
    NuBT=2
    CPU =0.000112

ITER: 59
    HPWL=7535.280762
    OVFL=0.713286
    HPWL=(3563.669678, 3971.611084)
    POTN=1.977033E+05
    PHIC=3.101983E-08
    GRAD=2.853052E-02
    NuBT=2
    CPU =0.000112

ITER: 60
    HPWL=7534.142578
    OVFL=0.719615
    HPWL=(3563.128906, 3971.013916)
    POTN=1.998062E+05
    PHIC=3.257082E-08
    GRAD=2.773231E-02
    NuBT=2
    CPU =0.000112

ITER: 61
    HPWL=7533.803711
    OVFL=0.722392
    HPWL=(3562.989990, 3970.813721)
    POTN=2.004597E+05
    PHIC=3.419936E-08
    GRAD=2.685000E-02
    NuBT=1
    CPU =0.000074

ITER: 62
    HPWL=7533.081055
    OVFL=0.723548
    HPWL=(3562.658203, 3970.422852)
    POTN=2.007632E+05
    PHIC=3.590932E-08
    GRAD=2.647183E-02
    NuBT=1
    CPU =0.000079

ITER: 63
    HPWL=7535.067871
    OVFL=0.724603
    HPWL=(3563.829102, 3971.238770)
    POTN=2.015476E+05
    PHIC=3.770478E-08
    GRAD=2.632032E-02
    NuBT=1
    CPU =0.000075

ITER: 64
    HPWL=7534.404297
    OVFL=0.724816
    HPWL=(3563.521973, 3970.882568)
    POTN=2.019913E+05
    PHIC=3.959002E-08
    GRAD=2.617621E-02
    NuBT=2
    CPU =0.000111

ITER: 65
    HPWL=7534.539551
    OVFL=0.725477
    HPWL=(3563.635010, 3970.904541)
    POTN=2.029230E+05
    PHIC=4.156951E-08
    GRAD=2.614637E-02
    NuBT=1
    CPU =0.000081

ITER: 66
    HPWL=7534.145508
    OVFL=0.725408
    HPWL=(3563.492676, 3970.652832)
    POTN=2.034557E+05
    PHIC=4.364799E-08
    GRAD=2.605989E-02
    NuBT=2
    CPU =0.000112

ITER: 67
    HPWL=7533.892578
    OVFL=0.725717
    HPWL=(3563.393311, 3970.499023)
    POTN=2.043304E+05
    PHIC=4.583038E-08
    GRAD=2.606922E-02
    NuBT=1
    CPU =0.000089

ITER: 68
    HPWL=7533.667969
    OVFL=0.725564
    HPWL=(3563.323486, 3970.344238)
    POTN=2.048466E+05
    PHIC=4.812190E-08
    GRAD=2.602636E-02
    NuBT=1
    CPU =0.000079

ITER: 69
    HPWL=7533.093750
    OVFL=0.725634
    HPWL=(3563.000732, 3970.092773)
    POTN=2.055867E+05
    PHIC=5.052799E-08
    GRAD=2.604623E-02
    NuBT=1
    CPU =0.000078

ITER: 70
    HPWL=7532.520508
    OVFL=0.725403
    HPWL=(3562.745117, 3969.775146)
    POTN=2.059928E+05
    PHIC=5.305439E-08
    GRAD=2.603832E-02
    NuBT=1
    CPU =0.000077

ITER: 71
    HPWL=7532.024414
    OVFL=0.725435
    HPWL=(3562.495850, 3969.528320)
    POTN=2.064958E+05
    PHIC=5.570711E-08
    GRAD=2.606866E-02
    NuBT=1
    CPU =0.000075

ITER: 72
    HPWL=7531.687500
    OVFL=0.725285
    HPWL=(3562.329102, 3969.358643)
    POTN=2.067348E+05
    PHIC=5.849246E-08
    GRAD=2.606321E-02
    NuBT=1
    CPU =0.000079

ITER: 73
    HPWL=7531.247559
    OVFL=0.725298
    HPWL=(3562.098633, 3969.148926)
    POTN=2.069792E+05
    PHIC=6.141708E-08
    GRAD=2.608327E-02
    NuBT=1
    CPU =0.000075

ITER: 74
    HPWL=7530.844238
    OVFL=0.725213
    HPWL=(3561.881592, 3968.962646)
    POTN=2.070260E+05
    PHIC=6.448793E-08
    GRAD=2.608201E-02
    NuBT=1
    CPU =0.000075

ITER: 75
    HPWL=7530.371094
    OVFL=0.725204
    HPWL=(3561.604004, 3968.767334)
    POTN=2.070369E+05
    PHIC=6.771233E-08
    GRAD=2.609307E-02
    NuBT=2
    CPU =0.000113

ITER: 76
    HPWL=7530.272461
    OVFL=0.725196
    HPWL=(3561.546143, 3968.726074)
    POTN=2.069316E+05
    PHIC=7.109794E-08
    GRAD=2.609368E-02
    NuBT=1
    CPU =0.000076

ITER: 77
    HPWL=7530.294922
    OVFL=0.725229
    HPWL=(3561.579590, 3968.715088)
    POTN=2.065317E+05
    PHIC=7.465284E-08
    GRAD=2.609426E-02
    NuBT=1
    CPU =0.000074

ITER: 78
    HPWL=7530.798340
    OVFL=0.725273
    HPWL=(3561.961914, 3968.836426)
    POTN=2.057797E+05
    PHIC=7.838547E-08
    GRAD=2.609083E-02
    NuBT=2
    CPU =0.000114

ITER: 79
    HPWL=7530.925781
    OVFL=0.725406
    HPWL=(3562.040283, 3968.885498)
    POTN=2.051382E+05
    PHIC=8.230474E-08
    GRAD=2.608369E-02
    NuBT=2
    CPU =0.000120

ITER: 80
    HPWL=7531.295898
    OVFL=0.725388
    HPWL=(3562.322754, 3968.972900)
    POTN=2.044140E+05
    PHIC=8.641997E-08
    GRAD=2.606798E-02
    NuBT=2
    CPU =0.000112

ITER: 81
    HPWL=7531.518066
    OVFL=0.725441
    HPWL=(3562.473877, 3969.044189)
    POTN=2.036800E+05
    PHIC=9.074097E-08
    GRAD=2.606968E-02
    NuBT=2
    CPU =0.000113

ITER: 82
    HPWL=7531.808594
    OVFL=0.725153
    HPWL=(3562.676270, 3969.132080)
    POTN=2.029595E+05
    PHIC=9.527801E-08
    GRAD=2.606291E-02
    NuBT=2
    CPU =0.000111

ITER: 83
    HPWL=7531.993164
    OVFL=0.725173
    HPWL=(3562.803223, 3969.189697)
    POTN=2.022515E+05
    PHIC=1.000419E-07
    GRAD=2.610144E-02
    NuBT=2
    CPU =0.000113

ITER: 84
    HPWL=7532.201172
    OVFL=0.724605
    HPWL=(3562.947754, 3969.253174)
    POTN=2.015603E+05
    PHIC=1.050440E-07
    GRAD=2.609974E-02
    NuBT=2
    CPU =0.000112

ITER: 85
    HPWL=7532.720703
    OVFL=0.724477
    HPWL=(3563.319580, 3969.400879)
    POTN=2.009240E+05
    PHIC=1.102962E-07
    GRAD=2.617528E-02
    NuBT=1
    CPU =0.000076

ITER: 86
    HPWL=7532.919434
    OVFL=0.723722
    HPWL=(3563.449951, 3969.469482)
    POTN=2.003656E+05
    PHIC=1.158110E-07
    GRAD=2.619217E-02
    NuBT=1
    CPU =0.000075

ITER: 87
    HPWL=7532.802734
    OVFL=0.723341
    HPWL=(3563.334961, 3969.467529)
    POTN=1.998626E+05
    PHIC=1.216015E-07
    GRAD=2.629534E-02
    NuBT=1
    CPU =0.000077

ITER: 88
    HPWL=7532.599609
    OVFL=0.722101
    HPWL=(3563.150879, 3969.448486)
    POTN=1.994299E+05
    PHIC=1.276816E-07
    GRAD=2.634381E-02
    NuBT=1
    CPU =0.000075

ITER: 89
    HPWL=7532.736328
    OVFL=0.720995
    HPWL=(3563.247314, 3969.489014)
    POTN=1.990478E+05
    PHIC=1.340657E-07
    GRAD=2.651003E-02
    NuBT=1
    CPU =0.000083

ITER: 90
    HPWL=7532.887207
    OVFL=0.718648
    HPWL=(3563.336670, 3969.550537)
    POTN=1.986487E+05
    PHIC=1.407689E-07
    GRAD=2.666084E-02
    NuBT=1
    CPU =0.000076

ITER: 91
    HPWL=7532.349609
    OVFL=0.714462
    HPWL=(3562.909912, 3969.439697)
    POTN=1.971159E+05
    PHIC=1.478074E-07
    GRAD=2.698218E-02
    NuBT=2
    CPU =0.000112

ITER: 92
    HPWL=7531.412598
    OVFL=0.708629
    HPWL=(3562.173096, 3969.239502)
    POTN=1.943589E+05
    PHIC=1.551978E-07
    GRAD=2.756178E-02
    NuBT=2
    CPU =0.000112

ITER: 93
    HPWL=7530.130859
    OVFL=0.707822
    HPWL=(3561.175537, 3968.955078)
    POTN=1.917619E+05
    PHIC=1.629576E-07
    GRAD=2.839263E-02
    NuBT=2
    CPU =0.000112

ITER: 94
    HPWL=7529.456055
    OVFL=0.707718
    HPWL=(3560.645996, 3968.809814)
    POTN=1.893305E+05
    PHIC=1.711055E-07
    GRAD=2.850793E-02
    NuBT=1
    CPU =0.000076

ITER: 95
    HPWL=7530.347656
    OVFL=0.707853
    HPWL=(3561.307617, 3969.040039)
    POTN=1.870261E+05
    PHIC=1.796608E-07
    GRAD=2.852368E-02
    NuBT=2
    CPU =0.000115

ITER: 96
    HPWL=7530.083008
    OVFL=0.707655
    HPWL=(3561.098145, 3968.984863)
    POTN=1.850072E+05
    PHIC=1.886438E-07
    GRAD=2.850482E-02
    NuBT=2
    CPU =0.000110

ITER: 97
    HPWL=7530.429688
    OVFL=0.707804
    HPWL=(3561.338623, 3969.091064)
    POTN=1.832772E+05
    PHIC=1.980760E-07
    GRAD=2.853394E-02
    NuBT=2
    CPU =0.000112

ITER: 98
    HPWL=7530.516602
    OVFL=0.707500
    HPWL=(3561.383545, 3969.133057)
    POTN=1.817439E+05
    PHIC=2.079798E-07
    GRAD=2.850962E-02
    NuBT=2
    CPU =0.000115

ITER: 99
    HPWL=7530.654785
    OVFL=0.707670
    HPWL=(3561.476318, 3969.178467)
    POTN=1.805500E+05
    PHIC=2.183787E-07
    GRAD=2.855396E-02
    NuBT=2
    CPU =0.000118

ITER: 100
    HPWL=7530.780273
    OVFL=0.707251
    HPWL=(3561.547607, 3969.232666)
    POTN=1.795139E+05
    PHIC=2.292977E-07
    GRAD=2.853214E-02
    NuBT=2
    CPU =0.000113

ITER: 101
    HPWL=7530.864258
    OVFL=0.707755
    HPWL=(3561.608398, 3969.255859)
    POTN=1.787698E+05
    PHIC=2.407625E-07
    GRAD=2.859096E-02
    NuBT=2
    CPU =0.000112

ITER: 102
    HPWL=7530.910156
    OVFL=0.707621
    HPWL=(3561.646240, 3969.263916)
    POTN=1.781162E+05
    PHIC=2.528006E-07
    GRAD=2.851733E-02
    NuBT=2
    CPU =0.000115

ITER: 103
    HPWL=7530.922363
    OVFL=0.708078
    HPWL=(3561.647949, 3969.274414)
    POTN=1.777412E+05
    PHIC=2.654406E-07
    GRAD=2.853683E-02
    NuBT=2
    CPU =0.000111

ITER: 104
    HPWL=7530.833008
    OVFL=0.708974
    HPWL=(3561.560303, 3969.272949)
    POTN=1.773143E+05
    PHIC=2.787127E-07
    GRAD=2.847065E-02
    NuBT=2
    CPU =0.000135

ITER: 105
    HPWL=7530.731445
    OVFL=0.710985
    HPWL=(3561.449219, 3969.281982)
    POTN=1.763412E+05
    PHIC=2.926483E-07
    GRAD=2.834052E-02
    NuBT=2
    CPU =0.000115

ITER: 106
    HPWL=7530.268555
    OVFL=0.711577
    HPWL=(3561.083496, 3969.184814)
    POTN=1.752514E+05
    PHIC=3.072807E-07
    GRAD=2.804967E-02
    NuBT=2
    CPU =0.000112

ITER: 107
    HPWL=7530.017578
    OVFL=0.712657
    HPWL=(3560.867188, 3969.150635)
    POTN=1.743535E+05
    PHIC=3.226447E-07
    GRAD=2.796638E-02
    NuBT=1
    CPU =0.000078

ITER: 108
    HPWL=7529.975098
    OVFL=0.712946
    HPWL=(3560.807373, 3969.167725)
    POTN=1.734507E+05
    PHIC=3.387769E-07
    GRAD=2.780871E-02
    NuBT=2
    CPU =0.000123

ITER: 109
    HPWL=7530.259766
    OVFL=0.713770
    HPWL=(3560.999268, 3969.260498)
    POTN=1.726974E+05
    PHIC=3.557157E-07
    GRAD=2.777090E-02
    NuBT=1
    CPU =0.000074

ITER: 110
    HPWL=7529.992676
    OVFL=0.713849
    HPWL=(3560.799316, 3969.193359)
    POTN=1.719000E+05
    PHIC=3.735015E-07
    GRAD=2.765373E-02
    NuBT=2
    CPU =0.000124

ITER: 111
    HPWL=7529.928711
    OVFL=0.714485
    HPWL=(3560.736572, 3969.191895)
    POTN=1.712556E+05
    PHIC=3.921766E-07
    GRAD=2.764138E-02
    NuBT=1
    CPU =0.000080

ITER: 112
    HPWL=7530.049316
    OVFL=0.714429
    HPWL=(3560.814209, 3969.235107)
    POTN=1.705624E+05
    PHIC=4.117854E-07
    GRAD=2.755176E-02
    NuBT=1
    CPU =0.000079

ITER: 113
    HPWL=7530.029297
    OVFL=0.715008
    HPWL=(3560.792969, 3969.236328)
    POTN=1.700307E+05
    PHIC=4.323746E-07
    GRAD=2.756049E-02
    NuBT=1
    CPU =0.000077

ITER: 114
    HPWL=7529.856445
    OVFL=0.714915
    HPWL=(3560.677246, 3969.179443)
    POTN=1.694353E+05
    PHIC=4.539934E-07
    GRAD=2.747793E-02
    NuBT=1
    CPU =0.000078

ITER: 115
    HPWL=7529.753906
    OVFL=0.715376
    HPWL=(3560.616699, 3969.136963)
    POTN=1.689771E+05
    PHIC=4.766930E-07
    GRAD=2.749041E-02
    NuBT=1
    CPU =0.000079

ITER: 116
    HPWL=7529.733398
    OVFL=0.715254
    HPWL=(3560.614014, 3969.119141)
    POTN=1.684579E+05
    PHIC=5.005276E-07
    GRAD=2.742589E-02
    NuBT=1
    CPU =0.000078

ITER: 117
    HPWL=7529.808594
    OVFL=0.715604
    HPWL=(3560.687256, 3969.121338)
    POTN=1.680502E+05
    PHIC=5.255540E-07
    GRAD=2.744314E-02
    NuBT=1
    CPU =0.000078

ITER: 118
    HPWL=7529.729492
    OVFL=0.715464
    HPWL=(3560.656738, 3969.072998)
    POTN=1.675849E+05
    PHIC=5.518316E-07
    GRAD=2.739399E-02
    NuBT=1
    CPU =0.000080

ITER: 119
    HPWL=7529.757812
    OVFL=0.715754
    HPWL=(3560.692383, 3969.065186)
    POTN=1.672228E+05
    PHIC=5.794232E-07
    GRAD=2.741356E-02
    NuBT=1
    CPU =0.000087

ITER: 120
    HPWL=7529.712891
    OVFL=0.715642
    HPWL=(3560.671631, 3969.041504)
    POTN=1.667984E+05
    PHIC=6.083944E-07
    GRAD=2.737419E-02
    NuBT=1
    CPU =0.000078

ITER: 121
    HPWL=7529.833984
    OVFL=0.715878
    HPWL=(3560.770752, 3969.062988)
    POTN=1.664507E+05
    PHIC=6.388141E-07
    GRAD=2.738934E-02
    NuBT=1
    CPU =0.000080

ITER: 122
    HPWL=7529.834473
    OVFL=0.715751
    HPWL=(3560.806396, 3969.028076)
    POTN=1.660051E+05
    PHIC=6.707547E-07
    GRAD=2.735513E-02
    NuBT=1
    CPU =0.000078

ITER: 123
    HPWL=7530.002441
    OVFL=0.715958
    HPWL=(3560.972412, 3969.030029)
    POTN=1.656140E+05
    PHIC=7.042925E-07
    GRAD=2.737433E-02
    NuBT=1
    CPU =0.000078

ITER: 124
    HPWL=7530.028320
    OVFL=0.715817
    HPWL=(3561.046143, 3968.982422)
    POTN=1.651503E+05
    PHIC=7.395071E-07
    GRAD=2.734390E-02
    NuBT=1
    CPU =0.000078

ITER: 125
    HPWL=7530.237305
    OVFL=0.715981
    HPWL=(3561.205811, 3969.031738)
    POTN=1.647366E+05
    PHIC=7.764824E-07
    GRAD=2.736290E-02
    NuBT=1
    CPU =0.000080

ITER: 126
    HPWL=7530.298340
    OVFL=0.715813
    HPWL=(3561.306641, 3968.991699)
    POTN=1.642502E+05
    PHIC=8.153065E-07
    GRAD=2.734198E-02
    NuBT=1
    CPU =0.000077

ITER: 127
    HPWL=7530.618164
    OVFL=0.715963
    HPWL=(3561.549561, 3969.068359)
    POTN=1.638110E+05
    PHIC=8.560717E-07
    GRAD=2.736348E-02
    NuBT=1
    CPU =0.000085

ITER: 128
    HPWL=7530.735352
    OVFL=0.715762
    HPWL=(3561.697998, 3969.037354)
    POTN=1.632949E+05
    PHIC=8.988753E-07
    GRAD=2.734315E-02
    NuBT=1
    CPU =0.000084

ITER: 129
    HPWL=7531.085449
    OVFL=0.715965
    HPWL=(3561.945312, 3969.140137)
    POTN=1.628270E+05
    PHIC=9.438190E-07
    GRAD=2.737190E-02
    NuBT=1
    CPU =0.000081

ITER: 130
    HPWL=7531.187500
    OVFL=0.716012
    HPWL=(3562.102051, 3969.085449)
    POTN=1.622722E+05
    PHIC=9.910099E-07
    GRAD=2.734279E-02
    NuBT=1
    CPU =0.000079

ITER: 131
    HPWL=7531.532227
    OVFL=0.716240
    HPWL=(3562.404297, 3969.128174)
    POTN=1.617617E+05
    PHIC=1.040560E-06
    GRAD=2.733521E-02
    NuBT=1
    CPU =0.000078

ITER: 132
    HPWL=7531.712891
    OVFL=0.716215
    HPWL=(3562.607178, 3969.105713)
    POTN=1.611527E+05
    PHIC=1.092588E-06
    GRAD=2.730316E-02
    NuBT=1
    CPU =0.000086

ITER: 133
    HPWL=7532.237305
    OVFL=0.716317
    HPWL=(3562.994873, 3969.242432)
    POTN=1.605798E+05
    PHIC=1.147218E-06
    GRAD=2.730784E-02
    NuBT=1
    CPU =0.000084

ITER: 134
    HPWL=7532.410156
    OVFL=0.716174
    HPWL=(3563.208252, 3969.202148)
    POTN=1.599039E+05
    PHIC=1.204578E-06
    GRAD=2.729294E-02
    NuBT=1
    CPU =0.000081

ITER: 135
    HPWL=7532.903320
    OVFL=0.716271
    HPWL=(3563.602295, 3969.300781)
    POTN=1.592887E+05
    PHIC=1.264807E-06
    GRAD=2.731170E-02
    NuBT=1
    CPU =0.000077

ITER: 136
    HPWL=7533.078125
    OVFL=0.716073
    HPWL=(3563.815186, 3969.262939)
    POTN=1.585592E+05
    PHIC=1.328047E-06
    GRAD=2.729950E-02
    NuBT=1
    CPU =0.000087

ITER: 137
    HPWL=7533.618164
    OVFL=0.716164
    HPWL=(3564.269531, 3969.348389)
    POTN=1.579051E+05
    PHIC=1.394449E-06
    GRAD=2.732608E-02
    NuBT=1
    CPU =0.000082

ITER: 138
    HPWL=7533.870605
    OVFL=0.715927
    HPWL=(3564.572266, 3969.298340)
    POTN=1.571294E+05
    PHIC=1.464172E-06
    GRAD=2.731301E-02
    NuBT=1
    CPU =0.000078

ITER: 139
    HPWL=7534.471680
    OVFL=0.716001
    HPWL=(3565.025879, 3969.445801)
    POTN=1.564485E+05
    PHIC=1.537380E-06
    GRAD=2.734672E-02
    NuBT=1
    CPU =0.000079

ITER: 140
    HPWL=7534.720215
    OVFL=0.715669
    HPWL=(3565.325195, 3969.395020)
    POTN=1.556290E+05
    PHIC=1.614249E-06
    GRAD=2.733774E-02
    NuBT=1
    CPU =0.000077

ITER: 141
    HPWL=7535.467285
    OVFL=0.715560
    HPWL=(3565.918457, 3969.548828)
    POTN=1.548955E+05
    PHIC=1.694961E-06
    GRAD=2.738151E-02
    NuBT=1
    CPU =0.000078

ITER: 142
    HPWL=7535.751953
    OVFL=0.715055
    HPWL=(3566.251221, 3969.500488)
    POTN=1.540257E+05
    PHIC=1.779709E-06
    GRAD=2.739780E-02
    NuBT=1
    CPU =0.000075

ITER: 143
    HPWL=7536.410156
    OVFL=0.714932
    HPWL=(3566.717529, 3969.692383)
    POTN=1.532979E+05
    PHIC=1.868694E-06
    GRAD=2.747092E-02
    NuBT=1
    CPU =0.000078

ITER: 144
    HPWL=7536.807129
    OVFL=0.714331
    HPWL=(3567.122070, 3969.685059)
    POTN=1.524289E+05
    PHIC=1.962129E-06
    GRAD=2.748719E-02
    NuBT=1
    CPU =0.000089

ITER: 145
    HPWL=7537.729980
    OVFL=0.713993
    HPWL=(3567.860840, 3969.869141)
    POTN=1.517012E+05
    PHIC=2.060235E-06
    GRAD=2.757127E-02
    NuBT=1
    CPU =0.000077

ITER: 146
    HPWL=7538.127930
    OVFL=0.713027
    HPWL=(3568.299072, 3969.828857)
    POTN=1.508329E+05
    PHIC=2.163247E-06
    GRAD=2.761850E-02
    NuBT=1
    CPU =0.000080

ITER: 147
    HPWL=7539.125488
    OVFL=0.712372
    HPWL=(3569.073730, 3970.051758)
    POTN=1.501533E+05
    PHIC=2.271408E-06
    GRAD=2.775460E-02
    NuBT=1
    CPU =0.000076

ITER: 148
    HPWL=7539.483398
    OVFL=0.711201
    HPWL=(3569.470947, 3970.012695)
    POTN=1.493165E+05
    PHIC=2.384979E-06
    GRAD=2.784759E-02
    NuBT=1
    CPU =0.000079

ITER: 149
    HPWL=7540.355469
    OVFL=0.710352
    HPWL=(3570.136230, 3970.219238)
    POTN=1.486408E+05
    PHIC=2.504227E-06
    GRAD=2.801392E-02
    NuBT=1
    CPU =0.000075

ITER: 150
    HPWL=7540.655273
    OVFL=0.708471
    HPWL=(3570.496338, 3970.158691)
    POTN=1.477766E+05
    PHIC=2.629439E-06
    GRAD=2.813767E-02
    NuBT=1
    CPU =0.000081

ITER: 151
    HPWL=7541.890625
    OVFL=0.705071
    HPWL=(3571.409180, 3970.481201)
    POTN=1.467938E+05
    PHIC=2.760910E-06
    GRAD=2.840891E-02
    NuBT=1
    CPU =0.000078

ITER: 152
    HPWL=7541.696289
    OVFL=0.693720
    HPWL=(3571.513184, 3970.182861)
    POTN=1.443607E+05
    PHIC=2.898955E-06
    GRAD=2.890555E-02
    NuBT=2
    CPU =0.000113

ITER: 153
    HPWL=7539.184570
    OVFL=0.676148
    HPWL=(3570.202881, 3968.981445)
    POTN=1.405041E+05
    PHIC=3.043903E-06
    GRAD=3.062043E-02
    NuBT=3
    CPU =0.000149

ITER: 154
    HPWL=7539.187500
    OVFL=0.669464
    HPWL=(3570.405518, 3968.781982)
    POTN=1.366351E+05
    PHIC=3.196098E-06
    GRAD=3.349062E-02
    NuBT=2
    CPU =0.000115

ITER: 155
    HPWL=7540.000977
    OVFL=0.667173
    HPWL=(3571.023926, 3968.976807)
    POTN=1.329302E+05
    PHIC=3.355902E-06
    GRAD=3.465203E-02
    NuBT=1
    CPU =0.000090

ITER: 156
    HPWL=7540.275879
    OVFL=0.665449
    HPWL=(3571.528564, 3968.747314)
    POTN=1.292174E+05
    PHIC=3.523697E-06
    GRAD=3.505752E-02
    NuBT=1
    CPU =0.000078

ITER: 157
    HPWL=7542.639648
    OVFL=0.665670
    HPWL=(3573.077148, 3969.562500)
    POTN=1.252354E+05
    PHIC=3.699881E-06
    GRAD=3.536531E-02
    NuBT=1
    CPU =0.000082

ITER: 158
    HPWL=7544.000977
    OVFL=0.665345
    HPWL=(3574.132324, 3969.868896)
    POTN=1.219126E+05
    PHIC=3.884873E-06
    GRAD=3.532796E-02
    NuBT=2
    CPU =0.000114

ITER: 159
    HPWL=7545.752930
    OVFL=0.665425
    HPWL=(3575.374268, 3970.378906)
    POTN=1.191092E+05
    PHIC=4.079116E-06
    GRAD=3.538512E-02
    NuBT=2
    CPU =0.000114

ITER: 160
    HPWL=7547.319336
    OVFL=0.665447
    HPWL=(3576.604492, 3970.715088)
    POTN=1.168937E+05
    PHIC=4.283071E-06
    GRAD=3.537360E-02
    NuBT=2
    CPU =0.000116

ITER: 161
    HPWL=7549.297852
    OVFL=0.665614
    HPWL=(3578.028564, 3971.269287)
    POTN=1.152649E+05
    PHIC=4.497223E-06
    GRAD=3.536929E-02
    NuBT=2
    CPU =0.000115

ITER: 162
    HPWL=7550.534180
    OVFL=0.665499
    HPWL=(3579.129883, 3971.404053)
    POTN=1.143328E+05
    PHIC=4.722083E-06
    GRAD=3.534299E-02
    NuBT=2
    CPU =0.000115

ITER: 163
    HPWL=7551.495117
    OVFL=0.666746
    HPWL=(3580.005859, 3971.489258)
    POTN=1.134842E+05
    PHIC=4.958186E-06
    GRAD=3.536004E-02
    NuBT=2
    CPU =0.000114

ITER: 164
    HPWL=7552.296875
    OVFL=0.668056
    HPWL=(3580.886963, 3971.409668)
    POTN=1.121183E+05
    PHIC=5.206095E-06
    GRAD=3.513932E-02
    NuBT=2
    CPU =0.000126

ITER: 165
    HPWL=7553.665039
    OVFL=0.669383
    HPWL=(3581.978516, 3971.686523)
    POTN=1.109057E+05
    PHIC=5.466398E-06
    GRAD=3.490370E-02
    NuBT=2
    CPU =0.000116

ITER: 166
    HPWL=7554.116699
    OVFL=0.670864
    HPWL=(3582.695068, 3971.421631)
    POTN=1.100094E+05
    PHIC=5.739717E-06
    GRAD=3.466918E-02
    NuBT=2
    CPU =0.000115

ITER: 167
    HPWL=7556.032715
    OVFL=0.671567
    HPWL=(3584.038330, 3971.994385)
    POTN=1.092175E+05
    PHIC=6.026702E-06
    GRAD=3.440852E-02
    NuBT=1
    CPU =0.000080

ITER: 168
    HPWL=7556.302734
    OVFL=0.672307
    HPWL=(3584.649658, 3971.653076)
    POTN=1.086248E+05
    PHIC=6.328036E-06
    GRAD=3.428447E-02
    NuBT=1
    CPU =0.000079

ITER: 169
    HPWL=7556.728027
    OVFL=0.672622
    HPWL=(3585.229980, 3971.498047)
    POTN=1.080586E+05
    PHIC=6.644437E-06
    GRAD=3.415301E-02
    NuBT=1
    CPU =0.000079

ITER: 170
    HPWL=7556.443359
    OVFL=0.672611
    HPWL=(3585.561768, 3970.881592)
    POTN=1.075459E+05
    PHIC=6.976659E-06
    GRAD=3.409624E-02
    NuBT=1
    CPU =0.000078

ITER: 171
    HPWL=7557.602539
    OVFL=0.672198
    HPWL=(3586.437988, 3971.164551)
    POTN=1.069904E+05
    PHIC=7.325491E-06
    GRAD=3.409734E-02
    NuBT=1
    CPU =0.000079

ITER: 172
    HPWL=7557.944336
    OVFL=0.671658
    HPWL=(3587.070557, 3970.873779)
    POTN=1.064415E+05
    PHIC=7.691765E-06
    GRAD=3.416816E-02
    NuBT=1
    CPU =0.000077

ITER: 173
    HPWL=7559.139648
    OVFL=0.670702
    HPWL=(3587.963623, 3971.175781)
    POTN=1.057941E+05
    PHIC=8.076352E-06
    GRAD=3.426367E-02
    NuBT=1
    CPU =0.000078

ITER: 174
    HPWL=7558.927734
    OVFL=0.669673
    HPWL=(3588.290283, 3970.637451)
    POTN=1.051235E+05
    PHIC=8.480170E-06
    GRAD=3.442813E-02
    NuBT=1
    CPU =0.000078

ITER: 175
    HPWL=7560.067383
    OVFL=0.668035
    HPWL=(3589.083008, 3970.984375)
    POTN=1.042856E+05
    PHIC=8.904177E-06
    GRAD=3.461015E-02
    NuBT=1
    CPU =0.000078

ITER: 176
    HPWL=7560.308105
    OVFL=0.663486
    HPWL=(3589.563965, 3970.744141)
    POTN=1.029182E+05
    PHIC=9.349385E-06
    GRAD=3.489747E-02
    NuBT=1
    CPU =0.000087

ITER: 177
    HPWL=7560.095703
    OVFL=0.654438
    HPWL=(3589.620605, 3970.475098)
    POTN=1.007912E+05
    PHIC=9.816854E-06
    GRAD=3.571420E-02
    NuBT=2
    CPU =0.000115

ITER: 178
    HPWL=7558.739746
    OVFL=0.648013
    HPWL=(3589.378174, 3969.361572)
    POTN=9.844509E+04
    PHIC=1.030770E-05
    GRAD=3.739324E-02
    NuBT=3
    CPU =0.000151

ITER: 179
    HPWL=7558.704102
    OVFL=0.642884
    HPWL=(3589.976074, 3968.728027)
    POTN=9.598611E+04
    PHIC=1.082308E-05
    GRAD=3.863689E-02
    NuBT=1
    CPU =0.000079

ITER: 180
    HPWL=7559.260742
    OVFL=0.640931
    HPWL=(3590.374023, 3968.886963)
    POTN=9.336505E+04
    PHIC=1.136423E-05
    GRAD=3.965719E-02
    NuBT=1
    CPU =0.000078

ITER: 181
    HPWL=7559.627441
    OVFL=0.638648
    HPWL=(3590.655029, 3968.972412)
    POTN=9.057802E+04
    PHIC=1.193244E-05
    GRAD=4.005458E-02
    NuBT=1
    CPU =0.000079

ITER: 182
    HPWL=7560.466309
    OVFL=0.635480
    HPWL=(3591.695801, 3968.770508)
    POTN=8.705773E+04
    PHIC=1.252906E-05
    GRAD=4.052630E-02
    NuBT=1
    CPU =0.000077

ITER: 183
    HPWL=7560.383789
    OVFL=0.632363
    HPWL=(3590.948730, 3969.435303)
    POTN=8.447039E+04
    PHIC=1.315552E-05
    GRAD=4.118375E-02
    NuBT=2
    CPU =0.000113

ITER: 184
    HPWL=7562.460938
    OVFL=0.630848
    HPWL=(3593.174072, 3969.287109)
    POTN=8.233260E+04
    PHIC=1.381329E-05
    GRAD=4.184520E-02
    NuBT=2
    CPU =0.000115

ITER: 185
    HPWL=7568.226562
    OVFL=0.630285
    HPWL=(3598.037598, 3970.188721)
    POTN=8.078909E+04
    PHIC=1.450394E-05
    GRAD=4.217131E-02
    NuBT=2
    CPU =0.000114

ITER: 186
    HPWL=7572.481934
    OVFL=0.630029
    HPWL=(3603.097412, 3969.384521)
    POTN=7.925505E+04
    PHIC=1.522913E-05
    GRAD=4.228960E-02
    NuBT=2
    CPU =0.000123

ITER: 187
    HPWL=7574.972656
    OVFL=0.629686
    HPWL=(3605.001221, 3969.971680)
    POTN=7.788448E+04
    PHIC=1.599058E-05
    GRAD=4.234534E-02
    NuBT=2
    CPU =0.000114

ITER: 188
    HPWL=7578.347656
    OVFL=0.629589
    HPWL=(3609.202393, 3969.145264)
    POTN=7.673358E+04
    PHIC=1.679010E-05
    GRAD=4.241871E-02
    NuBT=2
    CPU =0.000114

ITER: 189
    HPWL=7579.464844
    OVFL=0.629569
    HPWL=(3609.771973, 3969.693115)
    POTN=7.596816E+04
    PHIC=1.762960E-05
    GRAD=4.243817E-02
    NuBT=2
    CPU =0.000114

ITER: 190
    HPWL=7582.472656
    OVFL=0.629652
    HPWL=(3613.500000, 3968.972412)
    POTN=7.537431E+04
    PHIC=1.851107E-05
    GRAD=4.244066E-02
    NuBT=2
    CPU =0.000116

ITER: 191
    HPWL=7583.211914
    OVFL=0.629521
    HPWL=(3613.474121, 3969.737793)
    POTN=7.502526E+04
    PHIC=1.943662E-05
    GRAD=4.242150E-02
    NuBT=2
    CPU =0.000114

ITER: 192
    HPWL=7585.820312
    OVFL=0.629587
    HPWL=(3616.608398, 3969.211914)
    POTN=7.478592E+04
    PHIC=2.040844E-05
    GRAD=4.245151E-02
    NuBT=1
    CPU =0.000078

ITER: 193
    HPWL=7586.269043
    OVFL=0.629314
    HPWL=(3615.937988, 3970.331055)
    POTN=7.466009E+04
    PHIC=2.142886E-05
    GRAD=4.243795E-02
    NuBT=1
    CPU =0.000080

ITER: 194
    HPWL=7589.044922
    OVFL=0.628771
    HPWL=(3619.268799, 3969.776367)
    POTN=7.436412E+04
    PHIC=2.250030E-05
    GRAD=4.249792E-02
    NuBT=1
    CPU =0.000077

ITER: 195
    HPWL=7589.017578
    OVFL=0.627865
    HPWL=(3618.139160, 3970.878174)
    POTN=7.413273E+04
    PHIC=2.362531E-05
    GRAD=4.261445E-02
    NuBT=1
    CPU =0.000077

ITER: 196
    HPWL=7591.618164
    OVFL=0.627093
    HPWL=(3621.465820, 3970.152344)
    POTN=7.368159E+04
    PHIC=2.480657E-05
    GRAD=4.281073E-02
    NuBT=1
    CPU =0.000088

ITER: 197
    HPWL=7591.686523
    OVFL=0.625963
    HPWL=(3620.343994, 3971.342285)
    POTN=7.316758E+04
    PHIC=2.604689E-05
    GRAD=4.297768E-02
    NuBT=1
    CPU =0.000078

ITER: 198
    HPWL=7595.394531
    OVFL=0.624436
    HPWL=(3624.835205, 3970.559082)
    POTN=7.237175E+04
    PHIC=2.734922E-05
    GRAD=4.322735E-02
    NuBT=1
    CPU =0.000077

ITER: 199
    HPWL=7595.995605
    OVFL=0.622222
    HPWL=(3624.242920, 3971.752686)
    POTN=7.143098E+04
    PHIC=2.871668E-05
    GRAD=4.356620E-02
    NuBT=1
    CPU =0.000077

ITER: 200
    HPWL=7600.427734
    OVFL=0.619283
    HPWL=(3629.409424, 3971.018555)
    POTN=7.022999E+04
    PHIC=3.015249E-05
    GRAD=4.405378E-02
    NuBT=1
    CPU =0.000079

ITER: 201
    HPWL=7601.439453
    OVFL=0.615608
    HPWL=(3628.821533, 3972.617676)
    POTN=6.890845E+04
    PHIC=3.166011E-05
    GRAD=4.471422E-02
    NuBT=1
    CPU =0.000079

ITER: 202
    HPWL=7605.047852
    OVFL=0.611474
    HPWL=(3633.718018, 3971.329590)
    POTN=6.747868E+04
    PHIC=3.324310E-05
    GRAD=4.555196E-02
    NuBT=1
    CPU =0.000078

ITER: 203
    HPWL=7606.511719
    OVFL=0.606746
    HPWL=(3633.450928, 3973.060547)
    POTN=6.605180E+04
    PHIC=3.490524E-05
    GRAD=4.651426E-02
    NuBT=1
    CPU =0.000077

ITER: 204
    HPWL=7610.000977
    OVFL=0.602506
    HPWL=(3638.154541, 3971.846191)
    POTN=6.473561E+04
    PHIC=3.665049E-05
    GRAD=4.763306E-02
    NuBT=1
    CPU =0.000080

ITER: 205
    HPWL=7612.165039
    OVFL=0.597808
    HPWL=(3638.547607, 3973.617188)
    POTN=6.346994E+04
    PHIC=3.848299E-05
    GRAD=4.866521E-02
    NuBT=1
    CPU =0.000081

ITER: 206
    HPWL=7615.561035
    OVFL=0.594098
    HPWL=(3642.713623, 3972.847412)
    POTN=6.228629E+04
    PHIC=4.040713E-05
    GRAD=4.982788E-02
    NuBT=2
    CPU =0.000114

ITER: 207
    HPWL=7618.493164
    OVFL=0.591924
    HPWL=(3644.061768, 3974.431396)
    POTN=6.130302E+04
    PHIC=4.242746E-05
    GRAD=5.076964E-02
    NuBT=1
    CPU =0.000079

ITER: 208
    HPWL=7622.044434
    OVFL=0.591362
    HPWL=(3648.604980, 3973.439453)
    POTN=6.054632E+04
    PHIC=4.454881E-05
    GRAD=5.132833E-02
    NuBT=1
    CPU =0.000089

ITER: 209
    HPWL=7626.258789
    OVFL=0.590033
    HPWL=(3651.248535, 3975.010010)
    POTN=5.970130E+04
    PHIC=4.677622E-05
    GRAD=5.147294E-02
    NuBT=2
    CPU =0.000115

ITER: 210
    HPWL=7630.981445
    OVFL=0.588533
    HPWL=(3656.894043, 3974.087402)
    POTN=5.886349E+04
    PHIC=4.911499E-05
    GRAD=5.181737E-02
    NuBT=2
    CPU =0.000115

ITER: 211
    HPWL=7634.882812
    OVFL=0.585889
    HPWL=(3659.108398, 3975.774414)
    POTN=5.778995E+04
    PHIC=5.157071E-05
    GRAD=5.220395E-02
    NuBT=2
    CPU =0.000114

ITER: 212
    HPWL=7637.917969
    OVFL=0.582875
    HPWL=(3662.879883, 3975.038086)
    POTN=5.669195E+04
    PHIC=5.414922E-05
    GRAD=5.289915E-02
    NuBT=1
    CPU =0.000079

ITER: 213
    HPWL=7642.809570
    OVFL=0.579010
    HPWL=(3665.215088, 3977.594482)
    POTN=5.552895E+04
    PHIC=5.685664E-05
    GRAD=5.370417E-02
    NuBT=2
    CPU =0.000117

ITER: 214
    HPWL=7650.794922
    OVFL=0.575624
    HPWL=(3667.986816, 3982.808350)
    POTN=5.434809E+04
    PHIC=5.969940E-05
    GRAD=5.475429E-02
    NuBT=1
    CPU =0.000078

ITER: 215
    HPWL=7665.125000
    OVFL=0.571909
    HPWL=(3669.704102, 3995.421143)
    POTN=5.264183E+04
    PHIC=6.268424E-05
    GRAD=5.569729E-02
    NuBT=1
    CPU =0.000078

ITER: 216
    HPWL=7675.694336
    OVFL=0.569006
    HPWL=(3672.521484, 4003.172607)
    POTN=5.059357E+04
    PHIC=6.581836E-05
    GRAD=5.675222E-02
    NuBT=1
    CPU =0.000080

ITER: 217
    HPWL=7692.866211
    OVFL=0.564764
    HPWL=(3673.762207, 4019.104004)
    POTN=4.806968E+04
    PHIC=6.910910E-05
    GRAD=5.761060E-02
    NuBT=2
    CPU =0.000115

ITER: 218
    HPWL=7711.585938
    OVFL=0.549279
    HPWL=(3676.284668, 4035.301514)
    POTN=4.449639E+04
    PHIC=7.256437E-05
    GRAD=5.885012E-02
    NuBT=2
    CPU =0.000124

ITER: 219
    HPWL=7732.763672
    OVFL=0.535106
    HPWL=(3675.687012, 4057.076904)
    POTN=4.106229E+04
    PHIC=7.619236E-05
    GRAD=6.354275E-02
    NuBT=2
    CPU =0.000116

ITER: 220
    HPWL=7756.313477
    OVFL=0.531062
    HPWL=(3675.505615, 4080.808105)
    POTN=3.863755E+04
    PHIC=8.000171E-05
    GRAD=6.819241E-02
    NuBT=1
    CPU =0.000078

ITER: 221
    HPWL=7776.890625
    OVFL=0.528683
    HPWL=(3673.909424, 4102.981445)
    POTN=3.648196E+04
    PHIC=8.400154E-05
    GRAD=6.958877E-02
    NuBT=1
    CPU =0.000084

ITER: 222
    HPWL=7796.457031
    OVFL=0.520527
    HPWL=(3674.147217, 4122.309570)
    POTN=3.451842E+04
    PHIC=8.820138E-05
    GRAD=7.042795E-02
    NuBT=2
    CPU =0.000115

ITER: 223
    HPWL=7811.238281
    OVFL=0.509562
    HPWL=(3672.525146, 4138.713379)
    POTN=3.256433E+04
    PHIC=9.261126E-05
    GRAD=7.332692E-02
    NuBT=2
    CPU =0.000117

ITER: 224
    HPWL=7817.943848
    OVFL=0.504087
    HPWL=(3671.251953, 4146.691895)
    POTN=3.138071E+04
    PHIC=9.724173E-05
    GRAD=7.741288E-02
    NuBT=2
    CPU =0.000115

ITER: 225
    HPWL=7825.810547
    OVFL=0.503789
    HPWL=(3670.918945, 4154.891602)
    POTN=3.077873E+04
    PHIC=1.021037E-04
    GRAD=7.957464E-02
    NuBT=1
    CPU =0.000077

ITER: 226
    HPWL=7829.466797
    OVFL=0.506759
    HPWL=(3669.787354, 4159.679199)
    POTN=3.061789E+04
    PHIC=1.072088E-04
    GRAD=7.968306E-02
    NuBT=2
    CPU =0.000117

ITER: 227
    HPWL=7828.034668
    OVFL=0.509528
    HPWL=(3668.733398, 4159.301270)
    POTN=3.044682E+04
    PHIC=1.125692E-04
    GRAD=7.848101E-02
    NuBT=2
    CPU =0.000123

ITER: 228
    HPWL=7830.270020
    OVFL=0.509257
    HPWL=(3668.235840, 4162.034180)
    POTN=3.032976E+04
    PHIC=1.181977E-04
    GRAD=7.741605E-02
    NuBT=1
    CPU =0.000082

ITER: 229
    HPWL=7829.407227
    OVFL=0.507931
    HPWL=(3666.675049, 4162.731934)
    POTN=2.991116E+04
    PHIC=1.241075E-04
    GRAD=7.746977E-02
    NuBT=1
    CPU =0.000078

ITER: 230
    HPWL=7833.410156
    OVFL=0.502775
    HPWL=(3667.004639, 4166.405273)
    POTN=2.940137E+04
    PHIC=1.303128E-04
    GRAD=7.792743E-02
    NuBT=1
    CPU =0.000078

ITER: 231
    HPWL=7836.021484
    OVFL=0.496189
    HPWL=(3667.849854, 4168.171875)
    POTN=2.864776E+04
    PHIC=1.368284E-04
    GRAD=7.987894E-02
    NuBT=1
    CPU =0.000078

ITER: 232
    HPWL=7840.807129
    OVFL=0.487862
    HPWL=(3669.728027, 4171.079102)
    POTN=2.789805E+04
    PHIC=1.436697E-04
    GRAD=8.245954E-02
    NuBT=1
    CPU =0.000077

ITER: 233
    HPWL=7845.767578
    OVFL=0.481635
    HPWL=(3672.545410, 4173.222168)
    POTN=2.711366E+04
    PHIC=1.508531E-04
    GRAD=8.587432E-02
    NuBT=1
    CPU =0.000076

ITER: 234
    HPWL=7850.862793
    OVFL=0.482092
    HPWL=(3674.824707, 4176.038086)
    POTN=2.637048E+04
    PHIC=1.583957E-04
    GRAD=8.847882E-02
    NuBT=1
    CPU =0.000078

ITER: 235
    HPWL=7851.823730
    OVFL=0.484581
    HPWL=(3677.544922, 4174.278809)
    POTN=2.571618E+04
    PHIC=1.663154E-04
    GRAD=8.824200E-02
    NuBT=1
    CPU =0.000077

ITER: 236
    HPWL=7855.311523
    OVFL=0.487139
    HPWL=(3681.846436, 4173.464844)
    POTN=2.516111E+04
    PHIC=1.746311E-04
    GRAD=8.710555E-02
    NuBT=2
    CPU =0.000115

ITER: 237
    HPWL=7858.198242
    OVFL=0.487026
    HPWL=(3687.993164, 4170.205078)
    POTN=2.442060E+04
    PHIC=1.833626E-04
    GRAD=8.598929E-02
    NuBT=1
    CPU =0.000079

ITER: 238
    HPWL=7861.015625
    OVFL=0.482236
    HPWL=(3692.201416, 4168.814453)
    POTN=2.336989E+04
    PHIC=1.925306E-04
    GRAD=8.598448E-02
    NuBT=1
    CPU =0.000080

ITER: 239
    HPWL=7867.231445
    OVFL=0.469022
    HPWL=(3697.679688, 4169.551758)
    POTN=2.188820E+04
    PHIC=2.021570E-04
    GRAD=8.803628E-02
    NuBT=1
    CPU =0.000080

ITER: 240
    HPWL=7871.920898
    OVFL=0.455559
    HPWL=(3702.865479, 4169.055176)
    POTN=2.060204E+04
    PHIC=2.122647E-04
    GRAD=9.380554E-02
    NuBT=2
    CPU =0.000125

ITER: 241
    HPWL=7876.473633
    OVFL=0.448101
    HPWL=(3708.991943, 4167.481445)
    POTN=1.956309E+04
    PHIC=2.228777E-04
    GRAD=1.001423E-01
    NuBT=1
    CPU =0.000077

ITER: 242
    HPWL=7873.217773
    OVFL=0.447402
    HPWL=(3714.674072, 4158.543945)
    POTN=1.886520E+04
    PHIC=2.340216E-04
    GRAD=1.037773E-01
    NuBT=1
    CPU =0.000077

ITER: 243
    HPWL=7869.265625
    OVFL=0.447416
    HPWL=(3718.234863, 4151.030762)
    POTN=1.849627E+04
    PHIC=2.457227E-04
    GRAD=1.041071E-01
    NuBT=1
    CPU =0.000078

ITER: 244
    HPWL=7867.330078
    OVFL=0.441104
    HPWL=(3720.502197, 4146.827637)
    POTN=1.789210E+04
    PHIC=2.580088E-04
    GRAD=1.039820E-01
    NuBT=2
    CPU =0.000117

ITER: 245
    HPWL=7875.111328
    OVFL=0.433057
    HPWL=(3722.408936, 4152.702637)
    POTN=1.725745E+04
    PHIC=2.709089E-04
    GRAD=1.071324E-01
    NuBT=2
    CPU =0.000115

ITER: 246
    HPWL=7880.244141
    OVFL=0.424197
    HPWL=(3722.890869, 4157.353027)
    POTN=1.674618E+04
    PHIC=2.844542E-04
    GRAD=1.112254E-01
    NuBT=2
    CPU =0.000116

ITER: 247
    HPWL=7881.056152
    OVFL=0.418703
    HPWL=(3721.982910, 4159.073242)
    POTN=1.637295E+04
    PHIC=2.986768E-04
    GRAD=1.159517E-01
    NuBT=2
    CPU =0.000115

ITER: 248
    HPWL=7879.251953
    OVFL=0.413547
    HPWL=(3719.814453, 4159.437500)
    POTN=1.609566E+04
    PHIC=3.136107E-04
    GRAD=1.188940E-01
    NuBT=1
    CPU =0.000078

ITER: 249
    HPWL=7873.510254
    OVFL=0.410873
    HPWL=(3716.004395, 4157.505859)
    POTN=1.611591E+04
    PHIC=3.292912E-04
    GRAD=1.217046E-01
    NuBT=1
    CPU =0.000078

ITER: 250
    HPWL=7866.058594
    OVFL=0.409215
    HPWL=(3710.464111, 4155.594238)
    POTN=1.620134E+04
    PHIC=3.457557E-04
    GRAD=1.230703E-01
    NuBT=2
    CPU =0.000124

ITER: 251
    HPWL=7868.279785
    OVFL=0.409075
    HPWL=(3709.403809, 4158.875977)
    POTN=1.622671E+04
    PHIC=3.630433E-04
    GRAD=1.238833E-01
    NuBT=2
    CPU =0.000116

ITER: 252
    HPWL=7870.313477
    OVFL=0.407044
    HPWL=(3707.772949, 4162.540527)
    POTN=1.618695E+04
    PHIC=3.811954E-04
    GRAD=1.237594E-01
    NuBT=1
    CPU =0.000078

ITER: 253
    HPWL=7872.562012
    OVFL=0.405000
    HPWL=(3708.355469, 4164.206543)
    POTN=1.600490E+04
    PHIC=4.002550E-04
    GRAD=1.247904E-01
    NuBT=1
    CPU =0.000079

ITER: 254
    HPWL=7880.177246
    OVFL=0.401347
    HPWL=(3706.741699, 4173.435547)
    POTN=1.573059E+04
    PHIC=4.202673E-04
    GRAD=1.257721E-01
    NuBT=1
    CPU =0.000081

ITER: 255
    HPWL=7885.512695
    OVFL=0.395590
    HPWL=(3707.910400, 4177.602539)
    POTN=1.519644E+04
    PHIC=4.412803E-04
    GRAD=1.277856E-01
    NuBT=1
    CPU =0.000076

ITER: 256
    HPWL=7893.936523
    OVFL=0.389045
    HPWL=(3708.316162, 4185.620117)
    POTN=1.444988E+04
    PHIC=4.633437E-04
    GRAD=1.310434E-01
    NuBT=1
    CPU =0.000078

ITER: 257
    HPWL=7905.816406
    OVFL=0.383737
    HPWL=(3710.402100, 4195.414551)
    POTN=1.371202E+04
    PHIC=4.865100E-04
    GRAD=1.349324E-01
    NuBT=1
    CPU =0.000080

ITER: 258
    HPWL=7913.484375
    OVFL=0.378658
    HPWL=(3713.598633, 4199.885742)
    POTN=1.292270E+04
    PHIC=5.108350E-04
    GRAD=1.380191E-01
    NuBT=1
    CPU =0.000077

ITER: 259
    HPWL=7927.271484
    OVFL=0.376400
    HPWL=(3719.000244, 4208.270996)
    POTN=1.215393E+04
    PHIC=5.363757E-04
    GRAD=1.410887E-01
    NuBT=1
    CPU =0.000080

ITER: 260
    HPWL=7936.740234
    OVFL=0.372091
    HPWL=(3721.788330, 4214.951660)
    POTN=1.154423E+04
    PHIC=5.631937E-04
    GRAD=1.422651E-01
    NuBT=1
    CPU =0.000077

ITER: 261
    HPWL=7949.895508
    OVFL=0.367509
    HPWL=(3725.395752, 4224.500000)
    POTN=1.097805E+04
    PHIC=5.913523E-04
    GRAD=1.447928E-01
    NuBT=2
    CPU =0.000125

ITER: 262
    HPWL=7961.914062
    OVFL=0.361403
    HPWL=(3727.186035, 4234.728027)
    POTN=1.034618E+04
    PHIC=6.209188E-04
    GRAD=1.474739E-01
    NuBT=1
    CPU =0.000079

ITER: 263
    HPWL=7972.640625
    OVFL=0.356022
    HPWL=(3730.625244, 4242.015625)
    POTN=9.839751E+03
    PHIC=6.519638E-04
    GRAD=1.512860E-01
    NuBT=2
    CPU =0.000115

ITER: 264
    HPWL=7974.144531
    OVFL=0.351167
    HPWL=(3732.000244, 4242.144531)
    POTN=9.408904E+03
    PHIC=6.845617E-04
    GRAD=1.545622E-01
    NuBT=1
    CPU =0.000076

ITER: 265
    HPWL=7976.584961
    OVFL=0.347625
    HPWL=(3733.258545, 4243.326172)
    POTN=9.051866E+03
    PHIC=7.187895E-04
    GRAD=1.576125E-01
    NuBT=1
    CPU =0.000077

ITER: 266
    HPWL=7978.085938
    OVFL=0.343583
    HPWL=(3733.537354, 4244.548828)
    POTN=8.770547E+03
    PHIC=7.547288E-04
    GRAD=1.596103E-01
    NuBT=2
    CPU =0.000114

ITER: 267
    HPWL=7979.007812
    OVFL=0.342077
    HPWL=(3733.806885, 4245.201172)
    POTN=8.574551E+03
    PHIC=7.924651E-04
    GRAD=1.620744E-01
    NuBT=1
    CPU =0.000078

ITER: 268
    HPWL=7978.236816
    OVFL=0.341555
    HPWL=(3731.730957, 4246.505859)
    POTN=8.426469E+03
    PHIC=8.320883E-04
    GRAD=1.625740E-01
    NuBT=1
    CPU =0.000077

ITER: 269
    HPWL=7976.875000
    OVFL=0.341531
    HPWL=(3730.062744, 4246.812012)
    POTN=8.242800E+03
    PHIC=8.736927E-04
    GRAD=1.624616E-01
    NuBT=1
    CPU =0.000083

ITER: 270
    HPWL=7976.975098
    OVFL=0.338532
    HPWL=(3728.214355, 4248.760742)
    POTN=7.995425E+03
    PHIC=9.173774E-04
    GRAD=1.618279E-01
    NuBT=1
    CPU =0.000064

ITER: 271
    HPWL=7976.129883
    OVFL=0.336653
    HPWL=(3725.503662, 4250.626465)
    POTN=7.730518E+03
    PHIC=9.632462E-04
    GRAD=1.634428E-01
    NuBT=1
    CPU =0.000050

ITER: 272
    HPWL=7975.295898
    OVFL=0.331311
    HPWL=(3724.833740, 4250.462402)
    POTN=7.340257E+03
    PHIC=1.011408E-03
    GRAD=1.640800E-01
    NuBT=1
    CPU =0.000052

ITER: 273
    HPWL=7978.293945
    OVFL=0.325161
    HPWL=(3724.484619, 4253.809082)
    POTN=6.940914E+03
    PHIC=1.061978E-03
    GRAD=1.673470E-01
    NuBT=2
    CPU =0.000083

ITER: 274
    HPWL=7978.601074
    OVFL=0.319742
    HPWL=(3723.813477, 4254.787598)
    POTN=6.531106E+03
    PHIC=1.115077E-03
    GRAD=1.710417E-01
    NuBT=1
    CPU =0.000117

ITER: 275
    HPWL=7985.292969
    OVFL=0.314621
    HPWL=(3725.276123, 4260.016602)
    POTN=6.144054E+03
    PHIC=1.170830E-03
    GRAD=1.743665E-01
    NuBT=1
    CPU =0.000059

ITER: 276
    HPWL=7991.729492
    OVFL=0.307526
    HPWL=(3727.556396, 4264.172852)
    POTN=5.793872E+03
    PHIC=1.229370E-03
    GRAD=1.772508E-01
    NuBT=2
    CPU =0.000090

ITER: 277
    HPWL=7996.457031
    OVFL=0.302249
    HPWL=(3729.876953, 4266.580078)
    POTN=5.471772E+03
    PHIC=1.290838E-03
    GRAD=1.818102E-01
    NuBT=2
    CPU =0.000089

ITER: 278
    HPWL=8000.353027
    OVFL=0.298360
    HPWL=(3731.925293, 4268.427734)
    POTN=5.240812E+03
    PHIC=1.355379E-03
    GRAD=1.849051E-01
    NuBT=1
    CPU =0.000055

ITER: 279
    HPWL=8004.905273
    OVFL=0.297612
    HPWL=(3735.300537, 4269.604492)
    POTN=5.109982E+03
    PHIC=1.423147E-03
    GRAD=1.870152E-01
    NuBT=1
    CPU =0.000053

ITER: 280
    HPWL=8005.950195
    OVFL=0.295826
    HPWL=(3737.438965, 4268.511230)
    POTN=4.977845E+03
    PHIC=1.494304E-03
    GRAD=1.864865E-01
    NuBT=2
    CPU =0.000090

ITER: 281
    HPWL=8010.794922
    OVFL=0.294085
    HPWL=(3741.350098, 4269.444824)
    POTN=4.876100E+03
    PHIC=1.569018E-03
    GRAD=1.868748E-01
    NuBT=2
    CPU =0.000089

ITER: 282
    HPWL=8011.852539
    OVFL=0.291140
    HPWL=(3740.177490, 4271.674805)
    POTN=4.668701E+03
    PHIC=1.647469E-03
    GRAD=1.870127E-01
    NuBT=1
    CPU =0.000054

ITER: 283
    HPWL=8015.805664
    OVFL=0.287852
    HPWL=(3740.629639, 4275.176270)
    POTN=4.456178E+03
    PHIC=1.729841E-03
    GRAD=1.880874E-01
    NuBT=2
    CPU =0.000089

ITER: 284
    HPWL=8017.374023
    OVFL=0.284108
    HPWL=(3740.093018, 4277.281250)
    POTN=4.179814E+03
    PHIC=1.816332E-03
    GRAD=1.893023E-01
    NuBT=1
    CPU =0.000054

ITER: 285
    HPWL=8020.913086
    OVFL=0.281398
    HPWL=(3741.827881, 4279.084961)
    POTN=3.967436E+03
    PHIC=1.907148E-03
    GRAD=1.909387E-01
    NuBT=1
    CPU =0.000055

ITER: 286
    HPWL=8023.731445
    OVFL=0.279271
    HPWL=(3742.621094, 4281.110352)
    POTN=3.733236E+03
    PHIC=2.002505E-03
    GRAD=1.915810E-01
    NuBT=1
    CPU =0.000054

ITER: 287
    HPWL=8030.178711
    OVFL=0.279308
    HPWL=(3746.885498, 4283.293457)
    POTN=3.551125E+03
    PHIC=2.102628E-03
    GRAD=1.918690E-01
    NuBT=1
    CPU =0.000054

ITER: 288
    HPWL=8035.251953
    OVFL=0.276233
    HPWL=(3750.326660, 4284.925293)
    POTN=3.306105E+03
    PHIC=2.207758E-03
    GRAD=1.902454E-01
    NuBT=1
    CPU =0.000107

ITER: 289
    HPWL=8043.077148
    OVFL=0.273278
    HPWL=(3754.808838, 4288.268066)
    POTN=3.111101E+03
    PHIC=2.318143E-03
    GRAD=1.911203E-01
    NuBT=1
    CPU =0.000060

ITER: 290
    HPWL=8047.877441
    OVFL=0.269626
    HPWL=(3756.898926, 4290.978516)
    POTN=2.890337E+03
    PHIC=2.434048E-03
    GRAD=1.915684E-01
    NuBT=1
    CPU =0.000086

ITER: 291
    HPWL=8055.439453
    OVFL=0.267761
    HPWL=(3760.323486, 4295.116211)
    POTN=2.792703E+03
    PHIC=2.555748E-03
    GRAD=1.928158E-01
    NuBT=1
    CPU =0.000075

ITER: 292
    HPWL=8056.182617
    OVFL=0.266203
    HPWL=(3759.455811, 4296.727051)
    POTN=2.618240E+03
    PHIC=2.683535E-03
    GRAD=1.921434E-01
    NuBT=1
    CPU =0.000072

ITER: 293
    HPWL=8060.642578
    OVFL=0.265244
    HPWL=(3760.638672, 4300.003906)
    POTN=2.551889E+03
    PHIC=2.817710E-03
    GRAD=1.916475E-01
    NuBT=2
    CPU =0.000106

ITER: 294
    HPWL=8062.648438
    OVFL=0.262603
    HPWL=(3759.314209, 4303.333984)
    POTN=2.392651E+03
    PHIC=2.958594E-03
    GRAD=1.903075E-01
    NuBT=2
    CPU =0.000109

ITER: 295
    HPWL=8063.832031
    OVFL=0.259076
    HPWL=(3757.788574, 4306.043457)
    POTN=2.321052E+03
    PHIC=3.106524E-03
    GRAD=1.901378E-01
    NuBT=1
    CPU =0.000067

ITER: 296
    HPWL=8070.460938
    OVFL=0.256699
    HPWL=(3757.721436, 4312.739746)
    POTN=2.135941E+03
    PHIC=3.261846E-03
    GRAD=1.903176E-01
    NuBT=1
    CPU =0.000069

ITER: 297
    HPWL=8068.824219
    OVFL=0.253541
    HPWL=(3758.296387, 4310.527832)
    POTN=2.081416E+03
    PHIC=3.424939E-03
    GRAD=1.898225E-01
    NuBT=1
    CPU =0.000068

ITER: 298
    HPWL=8073.721680
    OVFL=0.250179
    HPWL=(3759.224365, 4314.497070)
    POTN=1.970401E+03
    PHIC=3.596183E-03
    GRAD=1.896399E-01
    NuBT=1
    CPU =0.000072

ITER: 299
    HPWL=8078.091797
    OVFL=0.249538
    HPWL=(3762.063721, 4316.028320)
    POTN=1.905478E+03
    PHIC=3.775990E-03
    GRAD=1.895804E-01
    NuBT=1
    CPU =0.000073

ITER: 300
    HPWL=8082.864258
    OVFL=0.245248
    HPWL=(3762.701904, 4320.162598)
    POTN=1.805723E+03
    PHIC=3.964787E-03
    GRAD=1.870678E-01
    NuBT=2
    CPU =0.000123

ITER: 301
    HPWL=8086.301270
    OVFL=0.241489
    HPWL=(3764.722168, 4321.579102)
    POTN=1.713398E+03
    PHIC=4.163024E-03
    GRAD=1.874209E-01
    NuBT=1
    CPU =0.000068

ITER: 302
    HPWL=8088.015137
    OVFL=0.236920
    HPWL=(3765.777344, 4322.237793)
    POTN=1.610882E+03
    PHIC=4.371174E-03
    GRAD=1.870631E-01
    NuBT=2
    CPU =0.000115

ITER: 303
    HPWL=8089.754883
    OVFL=0.231574
    HPWL=(3767.665771, 4322.088867)
    POTN=1.535135E+03
    PHIC=4.589732E-03
    GRAD=1.873144E-01
    NuBT=1
    CPU =0.000071

ITER: 304
    HPWL=8095.414062
    OVFL=0.228908
    HPWL=(3768.438232, 4326.975586)
    POTN=1.470004E+03
    PHIC=4.819214E-03
    GRAD=1.877000E-01
    NuBT=2
    CPU =0.000115

ITER: 305
    HPWL=8097.535156
    OVFL=0.223801
    HPWL=(3767.856689, 4329.678711)
    POTN=1.367005E+03
    PHIC=5.060173E-03
    GRAD=1.862928E-01
    NuBT=1
    CPU =0.000067

ITER: 306
    HPWL=8101.910156
    OVFL=0.221133
    HPWL=(3768.208496, 4333.701660)
    POTN=1.306021E+03
    PHIC=5.313179E-03
    GRAD=1.864268E-01
    NuBT=2
    CPU =0.000116

ITER: 307
    HPWL=8101.757812
    OVFL=0.220812
    HPWL=(3769.315186, 4332.442871)
    POTN=1.275980E+03
    PHIC=5.578837E-03
    GRAD=1.850707E-01
    NuBT=2
    CPU =0.000114

ITER: 308
    HPWL=8101.992188
    OVFL=0.220331
    HPWL=(3769.178955, 4332.813477)
    POTN=1.234521E+03
    PHIC=5.857779E-03
    GRAD=1.820609E-01
    NuBT=1
    CPU =0.000069

ITER: 309
    HPWL=8107.878418
    OVFL=0.216995
    HPWL=(3770.360840, 4337.517578)
    POTN=1.170193E+03
    PHIC=6.150663E-03
    GRAD=1.790677E-01
    NuBT=1
    CPU =0.000064

ITER: 310
    HPWL=8114.209961
    OVFL=0.214329
    HPWL=(3771.835449, 4342.374512)
    POTN=1.088746E+03
    PHIC=6.458190E-03
    GRAD=1.779413E-01
    NuBT=1
    CPU =0.000080

ITER: 311
    HPWL=8115.863281
    OVFL=0.212333
    HPWL=(3771.605713, 4344.257812)
    POTN=1.039759E+03
    PHIC=6.781098E-03
    GRAD=1.762500E-01
    NuBT=1
    CPU =0.000076

ITER: 312
    HPWL=8117.344727
    OVFL=0.209335
    HPWL=(3773.490967, 4343.853516)
    POTN=9.995385E+02
    PHIC=7.120151E-03
    GRAD=1.741847E-01
    NuBT=1
    CPU =0.000067

ITER: 313
    HPWL=8121.201172
    OVFL=0.204526
    HPWL=(3775.321045, 4345.880371)
    POTN=9.328179E+02
    PHIC=7.476154E-03
    GRAD=1.724217E-01
    NuBT=1
    CPU =0.000072

ITER: 314
    HPWL=8122.150879
    OVFL=0.199488
    HPWL=(3775.313477, 4346.837402)
    POTN=8.848055E+02
    PHIC=7.849961E-03
    GRAD=1.716690E-01
    NuBT=1
    CPU =0.000065

ITER: 315
    HPWL=8126.655273
    OVFL=0.198075
    HPWL=(3773.232666, 4353.422852)
    POTN=8.655485E+02
    PHIC=8.242453E-03
    GRAD=1.708619E-01
    NuBT=1
    CPU =0.000077

ITER: 316
    HPWL=8134.245117
    OVFL=0.197198
    HPWL=(3779.854492, 4354.390625)
    POTN=8.367610E+02
    PHIC=8.654566E-03
    GRAD=1.680786E-01
    NuBT=1
    CPU =0.000071

ITER: 317
    HPWL=8147.292969
    OVFL=0.192233
    HPWL=(3783.142822, 4364.149902)
    POTN=7.843222E+02
    PHIC=9.087277E-03
    GRAD=1.648584E-01
    NuBT=1
    CPU =0.000086

ITER: 318
    HPWL=8151.507324
    OVFL=0.190546
    HPWL=(3783.670410, 4367.836914)
    POTN=7.643036E+02
    PHIC=9.541634E-03
    GRAD=1.638308E-01
    NuBT=1
    CPU =0.000078

ITER: 319
    HPWL=8157.068359
    OVFL=0.187819
    HPWL=(3781.893311, 4375.174805)
    POTN=7.304884E+02
    PHIC=1.001871E-02
    GRAD=1.609262E-01
    NuBT=1
    CPU =0.000077

ITER: 320
    HPWL=8157.973633
    OVFL=0.185760
    HPWL=(3779.472412, 4378.500977)
    POTN=6.963553E+02
    PHIC=1.051964E-02
    GRAD=1.587074E-01
    NuBT=1
    CPU =0.000079

ITER: 321
    HPWL=8159.615234
    OVFL=0.181657
    HPWL=(3777.965576, 4381.649414)
    POTN=6.632748E+02
    PHIC=1.104562E-02
    GRAD=1.559085E-01
    NuBT=1
    CPU =0.000076

ITER: 322
    HPWL=8157.597656
    OVFL=0.179744
    HPWL=(3778.183838, 4379.414062)
    POTN=6.326011E+02
    PHIC=1.159790E-02
    GRAD=1.540828E-01
    NuBT=2
    CPU =0.000114

ITER: 323
    HPWL=8156.647461
    OVFL=0.177152
    HPWL=(3778.519775, 4378.127930)
    POTN=6.122131E+02
    PHIC=1.217780E-02
    GRAD=1.510390E-01
    NuBT=1
    CPU =0.000078

ITER: 324
    HPWL=8157.558105
    OVFL=0.175407
    HPWL=(3778.637207, 4378.920898)
    POTN=5.922847E+02
    PHIC=1.278668E-02
    GRAD=1.483907E-01
    NuBT=1
    CPU =0.000089

ITER: 325
    HPWL=8160.181641
    OVFL=0.172885
    HPWL=(3780.461182, 4379.720215)
    POTN=5.704838E+02
    PHIC=1.342601E-02
    GRAD=1.451795E-01
    NuBT=1
    CPU =0.000077

ITER: 326
    HPWL=8158.107910
    OVFL=0.172581
    HPWL=(3778.618164, 4379.489746)
    POTN=5.547065E+02
    PHIC=1.409731E-02
    GRAD=1.427088E-01
    NuBT=1
    CPU =0.000078

ITER: 327
    HPWL=8156.740234
    OVFL=0.169059
    HPWL=(3779.328125, 4377.412109)
    POTN=5.354908E+02
    PHIC=1.480218E-02
    GRAD=1.389210E-01
    NuBT=2
    CPU =0.000115

ITER: 328
    HPWL=8156.999023
    OVFL=0.168218
    HPWL=(3779.425537, 4377.573730)
    POTN=5.229560E+02
    PHIC=1.554229E-02
    GRAD=1.367766E-01
    NuBT=1
    CPU =0.000078

ITER: 329
    HPWL=8157.066406
    OVFL=0.166115
    HPWL=(3780.145508, 4376.920898)
    POTN=4.983921E+02
    PHIC=1.631940E-02
    GRAD=1.330891E-01
    NuBT=2
    CPU =0.000113

ITER: 330
    HPWL=8158.300293
    OVFL=0.162025
    HPWL=(3780.246582, 4378.053711)
    POTN=4.671439E+02
    PHIC=1.713536E-02
    GRAD=1.298191E-01
    NuBT=1
    CPU =0.000077

ITER: 331
    HPWL=8161.695312
    OVFL=0.157407
    HPWL=(3781.800781, 4379.894531)
    POTN=4.422827E+02
    PHIC=1.799212E-02
    GRAD=1.271169E-01
    NuBT=1
    CPU =0.000077

ITER: 332
    HPWL=8163.802734
    OVFL=0.155796
    HPWL=(3784.293945, 4379.508789)
    POTN=4.207479E+02
    PHIC=1.889172E-02
    GRAD=1.248589E-01
    NuBT=2
    CPU =0.000115

ITER: 333
    HPWL=8162.657227
    OVFL=0.152459
    HPWL=(3784.956543, 4377.700684)
    POTN=4.135664E+02
    PHIC=1.983631E-02
    GRAD=1.217517E-01
    NuBT=1
    CPU =0.000077

ITER: 334
    HPWL=8167.679688
    OVFL=0.149938
    HPWL=(3788.918945, 4378.760742)
    POTN=3.916493E+02
    PHIC=2.082811E-02
    GRAD=1.190941E-01
    NuBT=1
    CPU =0.000077

ITER: 335
    HPWL=8166.260254
    OVFL=0.146567
    HPWL=(3787.446289, 4378.813965)
    POTN=3.851345E+02
    PHIC=2.186951E-02
    GRAD=1.163307E-01
    NuBT=1
    CPU =0.000088

ITER: 336
    HPWL=8168.361328
    OVFL=0.143429
    HPWL=(3789.674805, 4378.686523)
    POTN=3.622667E+02
    PHIC=2.296298E-02
    GRAD=1.136775E-01
    NuBT=1
    CPU =0.000080

ITER: 337
    HPWL=8170.564453
    OVFL=0.139893
    HPWL=(3787.955566, 4382.608887)
    POTN=3.556273E+02
    PHIC=2.411112E-02
    GRAD=1.109838E-01
    NuBT=2
    CPU =0.000114

ITER: 338
    HPWL=8176.761719
    OVFL=0.136282
    HPWL=(3789.198486, 4387.563477)
    POTN=3.307018E+02
    PHIC=2.531665E-02
    GRAD=1.081258E-01
    NuBT=2
    CPU =0.000113

ITER: 339
    HPWL=8180.040039
    OVFL=0.133082
    HPWL=(3788.775635, 4391.264648)
    POTN=3.172565E+02
    PHIC=2.658247E-02
    GRAD=1.048651E-01
    NuBT=1
    CPU =0.000078

ITER: 340
    HPWL=8188.047852
    OVFL=0.130720
    HPWL=(3790.126709, 4397.920898)
    POTN=3.014945E+02
    PHIC=2.791156E-02
    GRAD=1.023572E-01
    NuBT=1
    CPU =0.000077

ITER: 341
    HPWL=8190.805176
    OVFL=0.127367
    HPWL=(3791.291992, 4399.513184)
    POTN=2.877576E+02
    PHIC=2.930713E-02
    GRAD=9.890114E-02
    NuBT=2
    CPU =0.000117

ITER: 342
    HPWL=8194.387695
    OVFL=0.125636
    HPWL=(3791.025635, 4403.361816)
    POTN=2.788127E+02
    PHIC=3.077247E-02
    GRAD=9.699884E-02
    NuBT=1
    CPU =0.000078

ITER: 343
    HPWL=8191.183594
    OVFL=0.123470
    HPWL=(3790.495361, 4400.687988)
    POTN=2.752979E+02
    PHIC=3.231109E-02
    GRAD=9.367548E-02
    NuBT=1
    CPU =0.000077

ITER: 344
    HPWL=8195.650391
    OVFL=0.121400
    HPWL=(3789.572510, 4406.077637)
    POTN=2.605144E+02
    PHIC=3.392662E-02
    GRAD=9.064293E-02
    NuBT=2
    CPU =0.000113

ITER: 345
    HPWL=8194.873047
    OVFL=0.119910
    HPWL=(3788.532715, 4406.340820)
    POTN=2.603571E+02
    PHIC=3.562295E-02
    GRAD=8.868387E-02
    NuBT=1
    CPU =0.000078

ITER: 346
    HPWL=8205.057617
    OVFL=0.115206
    HPWL=(3787.500732, 4417.556641)
    POTN=2.386280E+02
    PHIC=3.740404E-02
    GRAD=8.495441E-02
    NuBT=1
    CPU =0.000087

ITER: 347
    HPWL=8207.179688
    OVFL=0.113579
    HPWL=(3789.082275, 4418.097168)
    POTN=2.354541E+02
    PHIC=3.927422E-02
    GRAD=8.276036E-02
    NuBT=1
    CPU =0.000079

ITER: 348
    HPWL=8214.805664
    OVFL=0.108482
    HPWL=(3791.341064, 4423.464844)
    POTN=2.148706E+02
    PHIC=4.123789E-02
    GRAD=7.987271E-02
    NuBT=1
    CPU =0.000078

ITER: 349
    HPWL=8207.889648
    OVFL=0.103804
    HPWL=(3791.452881, 4416.436523)
    POTN=2.081428E+02
    PHIC=4.329978E-02
    GRAD=7.750459E-02
    NuBT=2
    CPU =0.000115

ITER: 350
    HPWL=8213.014648
    OVFL=0.100247
    HPWL=(3792.082764, 4420.932129)
    POTN=1.921059E+02
    PHIC=4.546474E-02
    GRAD=7.515406E-02
    NuBT=1
    CPU =0.000078

ITER: 351
    HPWL=8212.631836
    OVFL=0.096360
    HPWL=(3791.033447, 4421.598633)
    POTN=1.873286E+02
    PHIC=4.773797E-02
    GRAD=7.283325E-02
    NuBT=2
    CPU =0.000115
[INFO] Nesterov: NumIters = 351
[INFO] Nesterov: ScaledHpwl = 8212.631836
[INFO] Nesterov: Overflow = 0.096360
[INFO] Nesterov: Potential = 187.328613
[INFO] Nesterov: xInstScaledHpwl = 8208.483398
[INFO] Nesterov: yInstScaledHpwl = 8212.631836
[INFO] Nesterov: HPWL = 2480.786621
