Fri Sep 04 10:36:33 UTC 2020 - Executing "/openLANE_flow/scripts//padLefMacro.py -s unithd -r 8 -i /openLANE_flow/designs/sb_1__1_/runs/04-09_10-36//tmp//merged_unpadded.lef -o /openLANE_flow/designs/sb_1__1_/runs/04-09_10-36//tmp//merged.lef -e {sky130_fd_sc_hd__tap* sky130_fd_sc_hd__decap* sky130_fd_sc_hd__fill*} |& tee >&@stdout"

Fri Sep 04 10:36:39 UTC 2020 - Executing "sed -i -E {s/CLASS PAD.*$/CLASS PAD ;/g} /openLANE_flow/designs/sb_1__1_/runs/04-09_10-36//tmp//merged.lef"

Fri Sep 04 10:36:39 UTC 2020 - Executing "sed -i -E {s/CLASS PAD.*$/CLASS PAD ;/g} /openLANE_flow/designs/sb_1__1_/runs/04-09_10-36//tmp//merged_unpadded.lef"

Fri Sep 04 10:36:40 UTC 2020 - Executing "/openLANE_flow/scripts//libtrim.pl /home/aa/Desktop/Afify/openlane/pdks/sky130A/libs.ref/sky130_fd_sc_hd/lib/sky130_fd_sc_hd__tt_025C_1v80.lib /home/aa/Desktop/Afify/openlane/pdks/sky130A/libs.tech/openlane/sky130_fd_sc_hd/no_synth.cells > /openLANE_flow/designs/sb_1__1_/runs/04-09_10-36//tmp//trimmed.lib"

Fri Sep 04 10:36:40 UTC 2020 - Executing "yosys -c /openLANE_flow/scripts//synth.tcl -l /openLANE_flow/designs/sb_1__1_/runs/04-09_10-36//logs/synthesis/yosys.log |& tee >&@stdout"

Fri Sep 04 10:36:41 UTC 2020 - Executing "sed -i -e {s/\(set ::env(CURRENT_NETLIST)\).*/\1 \/openLANE_flow\/designs\/sb_1__1_\/runs\/04-09_10-36\/\/results\/synthesis\/sb_1__1_.synthesis.v/} /openLANE_flow/designs/sb_1__1_/runs/04-09_10-36//config.tcl"

Fri Sep 04 10:36:41 UTC 2020 - Executing "sed -i -e {s/\(set ::env(PREV_NETLIST)\).*/\1 0/} /openLANE_flow/designs/sb_1__1_/runs/04-09_10-36//config.tcl"

Fri Sep 04 10:36:41 UTC 2020 - Executing "sta /openLANE_flow/scripts//sta.tcl |& tee >&@stdout /openLANE_flow/designs/sb_1__1_/runs/04-09_10-36//logs/synthesis/opensta.log"

Fri Sep 04 10:36:42 UTC 2020 - Executing "openroad -exit /openLANE_flow/scripts//openroad/or_floorplan.tcl |& tee >&@stdout /openLANE_flow/designs/sb_1__1_/runs/04-09_10-36//logs/floorplan/verilog2def.openroad.log"

Fri Sep 04 10:36:43 UTC 2020 - Executing "python3 /openLANE_flow/scripts//io_place.py --input-lef /openLANE_flow/designs/sb_1__1_/runs/04-09_10-36//tmp//merged.lef --input-def /openLANE_flow/designs/sb_1__1_/runs/04-09_10-36//tmp/floorplan/verilog2def_openroad.def --config /openLANE_flow/designs/sb_1__1_/sb_1__1_pin.cfg --hor-layer 4 --ver-layer 3 --ver-width-mult 2 --hor-width-mult 2 --length-mult 4 -o /openLANE_flow/designs/sb_1__1_/runs/04-09_10-36//tmp/floorplan/ioPlacer.def |& tee /openLANE_flow/designs/sb_1__1_/runs/04-09_10-36//logs//floorplan/place_io_ol.log >&@stdout"

Fri Sep 04 10:36:43 UTC 2020 - Executing "openroad -exit /openLANE_flow/scripts//openroad/or_tapcell.tcl |& tee >&@stdout /openLANE_flow/designs/sb_1__1_/runs/04-09_10-36//logs/floorplan/tapcell.log"

Fri Sep 04 10:36:43 UTC 2020 - Executing "openroad -exit /openLANE_flow/scripts//openroad/or_replace.tcl |& tee >&@stdout /openLANE_flow/designs/sb_1__1_/runs/04-09_10-36//logs/placement/replace.log"

Fri Sep 04 10:36:44 UTC 2020 - Executing "opendp -lef /openLANE_flow/designs/sb_1__1_/runs/04-09_10-36//tmp//merged.lef -def /openLANE_flow/designs/sb_1__1_/runs/04-09_10-36//tmp/placement/replace.def -output_def /openLANE_flow/designs/sb_1__1_/runs/04-09_10-36//results/placement/sb_1__1_.placement.def |& tee >&@stdout /openLANE_flow/designs/sb_1__1_/runs/04-09_10-36//logs/placement/opendp.log"

Fri Sep 04 10:37:16 UTC 2020 - Executing "openroad -exit /openLANE_flow/scripts//openroad/or_cts.tcl |& tee >&@stdout /openLANE_flow/designs/sb_1__1_/runs/04-09_10-36//logs/cts/cts.log"

Fri Sep 04 10:38:29 UTC 2020 - Executing "openroad -exit /openLANE_flow/scripts//openroad/or_write_verilog.tcl |& tee >&@stdout /openLANE_flow/designs/sb_1__1_/runs/04-09_10-36//logs//write_verilog.log"

Fri Sep 04 10:38:29 UTC 2020 - Executing "yosys -c /openLANE_flow/scripts//yosys_rewrite_verilog.tcl -l /openLANE_flow/designs/sb_1__1_/runs/04-09_10-36//logs/synthesis/yosys_rewrite_verilog.log"

Fri Sep 04 10:38:29 UTC 2020 - Executing "sed -i -e {s/\(set ::env(CURRENT_NETLIST)\).*/\1 \/openLANE_flow\/designs\/sb_1__1_\/runs\/04-09_10-36\/\/results\/synthesis\/sb_1__1_.synthesis_cts.v/} /openLANE_flow/designs/sb_1__1_/runs/04-09_10-36//config.tcl"

Fri Sep 04 10:38:29 UTC 2020 - Executing "sed -i -e {s/\(set ::env(PREV_NETLIST)\).*/\1 \/openLANE_flow\/designs\/sb_1__1_\/runs\/04-09_10-36\/\/results\/synthesis\/sb_1__1_.synthesis.v/} /openLANE_flow/designs/sb_1__1_/runs/04-09_10-36//config.tcl"

Fri Sep 04 10:38:29 UTC 2020 - Executing "openroad -exit /openLANE_flow/scripts//new_pdn.tcl |& tee >&@stdout /openLANE_flow/designs/sb_1__1_/runs/04-09_10-36//logs/floorplan/pdn.log"

Fri Sep 04 10:38:30 UTC 2020 - Executing "openroad -exit /openLANE_flow/scripts//openroad/or_diodes.tcl |& tee >&@stdout /openLANE_flow/designs/sb_1__1_/runs/04-09_10-36//logs//placement/diodes.log"

