Mon Aug 24 23:53:09 UTC 2020 - Executing "/openLANE_flow/scripts//padLefMacro.py -s unithd -r 8 -i /openLANE_flow/designs/cbx_1__0_/runs/24-08_23-53//tmp//merged_unpadded.lef -o /openLANE_flow/designs/cbx_1__0_/runs/24-08_23-53//tmp//merged.lef -e {sky130_fd_sc_hd__tap* sky130_fd_sc_hd__decap* sky130_fd_sc_hd__fill*} |& tee >&@stdout"

Mon Aug 24 23:53:19 UTC 2020 - Executing "sed -i -E {s/CLASS PAD.*$/CLASS PAD ;/g} /openLANE_flow/designs/cbx_1__0_/runs/24-08_23-53//tmp//merged.lef"

Mon Aug 24 23:53:19 UTC 2020 - Executing "sed -i -E {s/CLASS PAD.*$/CLASS PAD ;/g} /openLANE_flow/designs/cbx_1__0_/runs/24-08_23-53//tmp//merged_unpadded.lef"

Mon Aug 24 23:53:19 UTC 2020 - Executing "/openLANE_flow/scripts//libtrim.pl /home/aa/Desktop/Afify/openlane/pdks/sky130A/libs.ref/sky130_fd_sc_hd/lib/sky130_fd_sc_hd__tt_025C_1v80.lib /home/aa/Desktop/Afify/openlane/pdks/sky130A/libs.tech/openlane/sky130_fd_sc_hd/no_synth.cells > /openLANE_flow/designs/cbx_1__0_/runs/24-08_23-53//tmp//trimmed.lib"

Mon Aug 24 23:53:20 UTC 2020 - Executing "yosys -c /openLANE_flow/scripts//synth.tcl -l /openLANE_flow/designs/cbx_1__0_/runs/24-08_23-53//logs/synthesis/yosys.log |& tee >&@stdout"

Mon Aug 24 23:53:21 UTC 2020 - Executing "sta /openLANE_flow/scripts//sta.tcl |& tee >&@stdout /openLANE_flow/designs/cbx_1__0_/runs/24-08_23-53//logs/synthesis/opensta.log"

Mon Aug 24 23:53:21 UTC 2020 - Executing "openroad -exit /openLANE_flow/scripts//openroad/or_floorplan.tcl |& tee >&@stdout /openLANE_flow/designs/cbx_1__0_/runs/24-08_23-53//logs/floorplan/verilog2def.openroad.log"

Mon Aug 24 23:53:22 UTC 2020 - Executing "openroad -exit /openLANE_flow/scripts//openroad/or_ioplacer.tcl |& tee >&@stdout /openLANE_flow/designs/cbx_1__0_/runs/24-08_23-53//logs/floorplan/ioPlacer.log"

Mon Aug 24 23:53:22 UTC 2020 - Executing "openroad -exit /openLANE_flow/scripts//openroad/or_tapcell.tcl |& tee >&@stdout /openLANE_flow/designs/cbx_1__0_/runs/24-08_23-53//logs/floorplan/tapcell.log"

Mon Aug 24 23:53:23 UTC 2020 - Executing "replace < /openLANE_flow/scripts//replace_gp.tcl |& tee >&@stdout /openLANE_flow/designs/cbx_1__0_/runs/24-08_23-53//logs/placement/replace.log"

Mon Aug 24 23:53:23 UTC 2020 - Executing "cp /openLANE_flow/designs/cbx_1__0_/runs/24-08_23-53//tmp/placement/replace_place.def /openLANE_flow/designs/cbx_1__0_/runs/24-08_23-53//tmp/placement/replace.def"

Mon Aug 24 23:53:23 UTC 2020 - Executing "opendp -lef /openLANE_flow/designs/cbx_1__0_/runs/24-08_23-53//tmp//merged.lef -def /openLANE_flow/designs/cbx_1__0_/runs/24-08_23-53//tmp/placement/replace.def -output_def /openLANE_flow/designs/cbx_1__0_/runs/24-08_23-53//results/placement/cbx_1__0_.placement.def |& tee >&@stdout /openLANE_flow/designs/cbx_1__0_/runs/24-08_23-53//logs/placement/opendp.log"

Mon Aug 24 23:53:23 UTC 2020 - Executing "openroad -exit /openLANE_flow/scripts//openroad/or_cts.tcl |& tee >&@stdout /openLANE_flow/designs/cbx_1__0_/runs/24-08_23-53//logs/cts/cts.log"

Mon Aug 24 23:54:50 UTC 2020 - Executing "openroad -exit /openLANE_flow/scripts//new_pdn.tcl |& tee >&@stdout /openLANE_flow/designs/cbx_1__0_/runs/24-08_23-53//logs/floorplan/pdn.log"

Mon Aug 24 23:54:50 UTC 2020 - Executing "openroad -exit /openLANE_flow/scripts//openroad/or_diodes.tcl |& tee >&@stdout /openLANE_flow/designs/cbx_1__0_/runs/24-08_23-53//logs//placement/diodes.log"

Mon Aug 24 23:54:51 UTC 2020 - Executing "openroad -exit /openLANE_flow/scripts//openroad/or_fill.tcl |& tee >&@stdout /openLANE_flow/designs/cbx_1__0_/runs/24-08_23-53//logs/routing/addspacers.log"

Mon Aug 24 23:54:52 UTC 2020 - Executing "openroad -exit /openLANE_flow/scripts//openroad/or_write_verilog.tcl |& tee >&@stdout /openLANE_flow/designs/cbx_1__0_/runs/24-08_23-53//logs//write_verilog.log"

Mon Aug 24 23:54:52 UTC 2020 - Executing "openroad -exit /openLANE_flow/scripts//openroad/or_route.tcl |& tee >&@stdout /openLANE_flow/designs/cbx_1__0_/runs/24-08_23-53//logs/routing/fastroute.log"

Mon Aug 24 23:54:59 UTC 2020 - Executing "envsubst < /openLANE_flow/scripts//tritonRoute.param > /openLANE_flow/designs/cbx_1__0_/runs/24-08_23-53//tmp/routing/tritonRoute.param"

Mon Aug 24 23:54:59 UTC 2020 - Executing "TritonRoute /openLANE_flow/designs/cbx_1__0_/runs/24-08_23-53//tmp/routing/tritonRoute.param |& tee >&@stdout /openLANE_flow/designs/cbx_1__0_/runs/24-08_23-53//logs/routing/tritonRoute.log"

Mon Aug 24 23:55:03 UTC 2020 - Executing "magic -noconsole -dnull -rcfile /openLANE_flow/designs/cbx_1__0_/runs/24-08_23-53//tmp//tmp.magicrc /openLANE_flow/designs/cbx_1__0_/runs/24-08_23-53//tmp//magic_spice.tcl </dev/null |& tee >&@stdout /openLANE_flow/designs/cbx_1__0_/runs/24-08_23-53//logs/magic/magic_spice.log"

Mon Aug 24 23:55:09 UTC 2020 - Executing "vlog2Verilog -v VPWR -g VGND -l /openLANE_flow/designs/cbx_1__0_/runs/24-08_23-53//tmp//merged.lef /openLANE_flow/designs/cbx_1__0_/runs/24-08_23-53//results/synthesis/cbx_1__0_.synthesis_preroute.v |& tee /openLANE_flow/designs/cbx_1__0_/runs/24-08_23-53//results/lvs/cbx_1__0_.lvs.v"

Mon Aug 24 23:55:09 UTC 2020 - Executing "netgen -batch lvs {/openLANE_flow/designs/cbx_1__0_/runs/24-08_23-53//results/magic/cbx_1__0_.spice cbx_1__0_} {/openLANE_flow/designs/cbx_1__0_/runs/24-08_23-53//results/lvs/cbx_1__0_.lvs.v cbx_1__0_} /home/aa/Desktop/Afify/openlane/pdks/sky130A/libs.tech/netgen/sky130A_setup.tcl /openLANE_flow/designs/cbx_1__0_/runs/24-08_23-53//results/lvs/cbx_1__0_.lvs.log -json |& tee >&@stdout /openLANE_flow/designs/cbx_1__0_/runs/24-08_23-53//logs/lvs/lvs.log"

Mon Aug 24 23:55:09 UTC 2020 - Executing "magic -noconsole -dnull -rcfile /openLANE_flow/designs/cbx_1__0_/runs/24-08_23-53//tmp//magic_antenna.magicrc /openLANE_flow/designs/cbx_1__0_/runs/24-08_23-53//tmp//magic_antenna.tcl </dev/null |& tee >&@stdout /openLANE_flow/designs/cbx_1__0_/runs/24-08_23-53//logs/magic/magic_antenna.log"

Mon Aug 24 23:55:22 UTC 2020 - Executing "awk {/Cell:/ {print $2}} /openLANE_flow/designs/cbx_1__0_/runs/24-08_23-53//logs/magic/magic_antenna.log > /openLANE_flow/designs/cbx_1__0_/runs/24-08_23-53//reports/magic/magic.antenna_violators.rpt"

