RePlAce Version: 1.0.0

** WARNING: Your Detail Placement Step must be skipped.
              (i.e. this program will be executed as -onlyGP)
     If you want to have DP after GP, please specify -dpflag and -dploc.

[INFO] TargetDensity = 0.900000
[INFO] ExperimentIndex = 0
[INFO] DirectoryPath = /openLANE_flow/designs/sb_0__3_/runs/final_pin_placement//tmp/placement/replace/etc/sb_0__3_.floorplan/experiment000
[PROC] Begin LefParsing ...
[LEF] Parsed 500 number of lines!!
WARNING (LEFPARS-2036): SOURCE statement is obsolete in version 5.6 and later.
The LEF parser will ignore this statement.
To avoid this warning in the future, remove this statement from the LEF file with version 5.6 or later. See file /openLANE_flow/designs/sb_0__3_/runs/final_pin_placement//tmp//merged.lef at line 776.

WARNING (LEFPARS-2036): SOURCE statement is obsolete in version 5.6 and later.
The LEF parser will ignore this statement.
To avoid this warning in the future, remove this statement from the LEF file with version 5.6 or later. See file /openLANE_flow/designs/sb_0__3_/runs/final_pin_placement//tmp//merged.lef at line 903.

[LEF] Parsed 1000 number of lines!!
WARNING (LEFPARS-2036): SOURCE statement is obsolete in version 5.6 and later.
The LEF parser will ignore this statement.
To avoid this warning in the future, remove this statement from the LEF file with version 5.6 or later. See file /openLANE_flow/designs/sb_0__3_/runs/final_pin_placement//tmp//merged.lef at line 1034.

WARNING (LEFPARS-2036): SOURCE statement is obsolete in version 5.6 and later.
The LEF parser will ignore this statement.
To avoid this warning in the future, remove this statement from the LEF file with version 5.6 or later. See file /openLANE_flow/designs/sb_0__3_/runs/final_pin_placement//tmp//merged.lef at line 1204.

WARNING (LEFPARS-2036): SOURCE statement is obsolete in version 5.6 and later.
The LEF parser will ignore this statement.
To avoid this warning in the future, remove this statement from the LEF file with version 5.6 or later. See file /openLANE_flow/designs/sb_0__3_/runs/final_pin_placement//tmp//merged.lef at line 1322.

WARNING (LEFPARS-2036): SOURCE statement is obsolete in version 5.6 and later.
The LEF parser will ignore this statement.
To avoid this warning in the future, remove this statement from the LEF file with version 5.6 or later. See file /openLANE_flow/designs/sb_0__3_/runs/final_pin_placement//tmp//merged.lef at line 1442.

[LEF] Parsed 1500 number of lines!!
WARNING (LEFPARS-2036): SOURCE statement is obsolete in version 5.6 and later.
The LEF parser will ignore this statement.
To avoid this warning in the future, remove this statement from the LEF file with version 5.6 or later. See file /openLANE_flow/designs/sb_0__3_/runs/final_pin_placement//tmp//merged.lef at line 1589.

WARNING (LEFPARS-2036): SOURCE statement is obsolete in version 5.6 and later.
The LEF parser will ignore this statement.
To avoid this warning in the future, remove this statement from the LEF file with version 5.6 or later. See file /openLANE_flow/designs/sb_0__3_/runs/final_pin_placement//tmp//merged.lef at line 1777.

WARNING (LEFPARS-2036): SOURCE statement is obsolete in version 5.6 and later.
The LEF parser will ignore this statement.
To avoid this warning in the future, remove this statement from the LEF file with version 5.6 or later. See file /openLANE_flow/designs/sb_0__3_/runs/final_pin_placement//tmp//merged.lef at line 1886.

WARNING (LEFPARS-2036): SOURCE statement is obsolete in version 5.6 and later.
The LEF parser will ignore this statement.
To avoid this warning in the future, remove this statement from the LEF file with version 5.6 or later. See file /openLANE_flow/designs/sb_0__3_/runs/final_pin_placement//tmp//merged.lef at line 1999.

[LEF] Parsed 2000 number of lines!!
WARNING (LEFPARS-2036): SOURCE statement is obsolete in version 5.6 and later.
The LEF parser will ignore this statement.
To avoid this warning in the future, remove this statement from the LEF file with version 5.6 or later. See file /openLANE_flow/designs/sb_0__3_/runs/final_pin_placement//tmp//merged.lef at line 2148.

WARNING (LEFPARS-2036): SOURCE statement is obsolete in version 5.6 and later.
The LEF parser will ignore this statement.
To avoid this warning in the future, remove this statement from the LEF file with version 5.6 or later. See file /openLANE_flow/designs/sb_0__3_/runs/final_pin_placement//tmp//merged.lef at line 2253.

WARNING (LEFPARS-2036): SOURCE statement is obsolete in version 5.6 and later.
The LEF parser will ignore this statement.
To avoid this warning in the future, remove this statement from the LEF file with version 5.6 or later. See file /openLANE_flow/designs/sb_0__3_/runs/final_pin_placement//tmp//merged.lef at line 2380.

[LEF] Parsed 2500 number of lines!!
WARNING (LEFPARS-2036): SOURCE statement is obsolete in version 5.6 and later.
The LEF parser will ignore this statement.
To avoid this warning in the future, remove this statement from the LEF file with version 5.6 or later. See file /openLANE_flow/designs/sb_0__3_/runs/final_pin_placement//tmp//merged.lef at line 2547.

WARNING (LEFPARS-2036): SOURCE statement is obsolete in version 5.6 and later.
The LEF parser will ignore this statement.
To avoid this warning in the future, remove this statement from the LEF file with version 5.6 or later. See file /openLANE_flow/designs/sb_0__3_/runs/final_pin_placement//tmp//merged.lef at line 2653.

WARNING (LEFPARS-2036): SOURCE statement is obsolete in version 5.6 and later.
The LEF parser will ignore this statement.
To avoid this warning in the future, remove this statement from the LEF file with version 5.6 or later. See file /openLANE_flow/designs/sb_0__3_/runs/final_pin_placement//tmp//merged.lef at line 2770.

WARNING (LEFPARS-2036): SOURCE statement is obsolete in version 5.6 and later.
The LEF parser will ignore this statement.
To avoid this warning in the future, remove this statement from the LEF file with version 5.6 or later. See file /openLANE_flow/designs/sb_0__3_/runs/final_pin_placement//tmp//merged.lef at line 2908.

[LEF] Parsed 3000 number of lines!!
WARNING (LEFPARS-2036): SOURCE statement is obsolete in version 5.6 and later.
The LEF parser will ignore this statement.
To avoid this warning in the future, remove this statement from the LEF file with version 5.6 or later. See file /openLANE_flow/designs/sb_0__3_/runs/final_pin_placement//tmp//merged.lef at line 3005.

WARNING (LEFPARS-2036): SOURCE statement is obsolete in version 5.6 and later.
The LEF parser will ignore this statement.
To avoid this warning in the future, remove this statement from the LEF file with version 5.6 or later. See file /openLANE_flow/designs/sb_0__3_/runs/final_pin_placement//tmp//merged.lef at line 3105.

WARNING (LEFPARS-2036): SOURCE statement is obsolete in version 5.6 and later.
The LEF parser will ignore this statement.
To avoid this warning in the future, remove this statement from the LEF file with version 5.6 or later. See file /openLANE_flow/designs/sb_0__3_/runs/final_pin_placement//tmp//merged.lef at line 3219.

WARNING (LEFPARS-2036): SOURCE statement is obsolete in version 5.6 and later.
The LEF parser will ignore this statement.
To avoid this warning in the future, remove this statement from the LEF file with version 5.6 or later. See file /openLANE_flow/designs/sb_0__3_/runs/final_pin_placement//tmp//merged.lef at line 3361.

WARNING (LEFPARS-2036): SOURCE statement is obsolete in version 5.6 and later.
The LEF parser will ignore this statement.
To avoid this warning in the future, remove this statement from the LEF file with version 5.6 or later. See file /openLANE_flow/designs/sb_0__3_/runs/final_pin_placement//tmp//merged.lef at line 3458.

[LEF] Parsed 3500 number of lines!!
WARNING (LEFPARS-2036): SOURCE statement is obsolete in version 5.6 and later.
The LEF parser will ignore this statement.
To avoid this warning in the future, remove this statement from the LEF file with version 5.6 or later. See file /openLANE_flow/designs/sb_0__3_/runs/final_pin_placement//tmp//merged.lef at line 3561.

WARNING (LEFPARS-2036): SOURCE statement is obsolete in version 5.6 and later.
The LEF parser will ignore this statement.
To avoid this warning in the future, remove this statement from the LEF file with version 5.6 or later. See file /openLANE_flow/designs/sb_0__3_/runs/final_pin_placement//tmp//merged.lef at line 3691.

WARNING (LEFPARS-2036): SOURCE statement is obsolete in version 5.6 and later.
The LEF parser will ignore this statement.
To avoid this warning in the future, remove this statement from the LEF file with version 5.6 or later. See file /openLANE_flow/designs/sb_0__3_/runs/final_pin_placement//tmp//merged.lef at line 3783.

WARNING (LEFPARS-2036): SOURCE statement is obsolete in version 5.6 and later.
The LEF parser will ignore this statement.
To avoid this warning in the future, remove this statement from the LEF file with version 5.6 or later. See file /openLANE_flow/designs/sb_0__3_/runs/final_pin_placement//tmp//merged.lef at line 3887.

[LEF] Parsed 4000 number of lines!!
WARNING (LEFPARS-2036): SOURCE statement is obsolete in version 5.6 and later.
The LEF parser will ignore this statement.
To avoid this warning in the future, remove this statement from the LEF file with version 5.6 or later. See file /openLANE_flow/designs/sb_0__3_/runs/final_pin_placement//tmp//merged.lef at line 4018.

WARNING (LEFPARS-2036): SOURCE statement is obsolete in version 5.6 and later.
The LEF parser will ignore this statement.
To avoid this warning in the future, remove this statement from the LEF file with version 5.6 or later. See file /openLANE_flow/designs/sb_0__3_/runs/final_pin_placement//tmp//merged.lef at line 4148.

WARNING (LEFPARS-2036): SOURCE statement is obsolete in version 5.6 and later.
The LEF parser will ignore this statement.
To avoid this warning in the future, remove this statement from the LEF file with version 5.6 or later. See file /openLANE_flow/designs/sb_0__3_/runs/final_pin_placement//tmp//merged.lef at line 4282.

WARNING (LEFPARS-2036): SOURCE statement is obsolete in version 5.6 and later.
The LEF parser will ignore this statement.
To avoid this warning in the future, remove this statement from the LEF file with version 5.6 or later. See file /openLANE_flow/designs/sb_0__3_/runs/final_pin_placement//tmp//merged.lef at line 4467.

[LEF] Parsed 4500 number of lines!!
[LEF] Parsed 5000 number of lines!!
[LEF] Parsed 5500 number of lines!!
[LEF] Parsed 6000 number of lines!!
[LEF] Parsed 6500 number of lines!!
[LEF] Parsed 7000 number of lines!!
[LEF] Parsed 7500 number of lines!!
[LEF] Parsed 8000 number of lines!!
[LEF] Parsed 8500 number of lines!!
[LEF] Parsed 9000 number of lines!!
[LEF] Parsed 9500 number of lines!!
[LEF] Parsed 10000 number of lines!!
[LEF] Parsed 10500 number of lines!!
[LEF] Parsed 11000 number of lines!!
[LEF] Parsed 11500 number of lines!!
[LEF] Parsed 12000 number of lines!!
[LEF] Parsed 12500 number of lines!!
[LEF] Parsed 13000 number of lines!!
[LEF] Parsed 13500 number of lines!!
[LEF] Parsed 14000 number of lines!!
[LEF] Parsed 14500 number of lines!!
[LEF] Parsed 15000 number of lines!!
[LEF] Parsed 15500 number of lines!!
[LEF] Parsed 16000 number of lines!!
[LEF] Parsed 16500 number of lines!!
[LEF] Parsed 17000 number of lines!!
[LEF] Parsed 17500 number of lines!!
[LEF] Parsed 18000 number of lines!!
[LEF] Parsed 18500 number of lines!!
[LEF] Parsed 19000 number of lines!!
[LEF] Parsed 19500 number of lines!!
[LEF] Parsed 20000 number of lines!!
[LEF] Parsed 20500 number of lines!!
[LEF] Parsed 21000 number of lines!!
[LEF] Parsed 21500 number of lines!!
[LEF] Parsed 22000 number of lines!!
[LEF] Parsed 22500 number of lines!!
[LEF] Parsed 23000 number of lines!!
[LEF] Parsed 23500 number of lines!!
[LEF] Parsed 24000 number of lines!!
[LEF] Parsed 24500 number of lines!!
[LEF] Parsed 25000 number of lines!!
[LEF] Parsed 25500 number of lines!!
[LEF] Parsed 26000 number of lines!!
[LEF] Parsed 26500 number of lines!!
[LEF] Parsed 27000 number of lines!!
[LEF] Parsed 27500 number of lines!!
[LEF] Parsed 28000 number of lines!!
[LEF] Parsed 28500 number of lines!!
[LEF] Parsed 29000 number of lines!!
[LEF] Parsed 29500 number of lines!!
[LEF] Parsed 30000 number of lines!!
[LEF] Parsed 30500 number of lines!!
[LEF] Parsed 31000 number of lines!!
[LEF] Parsed 31500 number of lines!!
[LEF] Parsed 32000 number of lines!!
[LEF] Parsed 32500 number of lines!!
[LEF] Parsed 33000 number of lines!!
[LEF] Parsed 33500 number of lines!!
[LEF] Parsed 34000 number of lines!!
[LEF] Parsed 34500 number of lines!!
[LEF] Parsed 35000 number of lines!!
[LEF] Parsed 35500 number of lines!!
[LEF] Parsed 36000 number of lines!!
[LEF] Parsed 36500 number of lines!!
[LEF] Parsed 37000 number of lines!!
[LEF] Parsed 37500 number of lines!!
[LEF] Parsed 38000 number of lines!!
[LEF] Parsed 38500 number of lines!!
[LEF] Parsed 39000 number of lines!!
[LEF] Parsed 39500 number of lines!!
[LEF] Parsed 40000 number of lines!!
[LEF] Parsed 40500 number of lines!!
[LEF] Parsed 41000 number of lines!!
[LEF] Parsed 41500 number of lines!!
[LEF] Parsed 42000 number of lines!!
[LEF] Parsed 42500 number of lines!!
[LEF] Parsed 43000 number of lines!!
[LEF] Parsed 43500 number of lines!!
[LEF] Parsed 44000 number of lines!!
[LEF] Parsed 44500 number of lines!!
[LEF] Parsed 45000 number of lines!!
[LEF] Parsed 45500 number of lines!!
[LEF] Parsed 46000 number of lines!!
[LEF] Parsed 46500 number of lines!!
[LEF] Parsed 47000 number of lines!!
[LEF] Parsed 47500 number of lines!!
[LEF] Parsed 48000 number of lines!!
[LEF] Parsed 48500 number of lines!!
[LEF] Parsed 49000 number of lines!!
[LEF] Parsed 49500 number of lines!!
[LEF] Parsed 50000 number of lines!!
[LEF] Parsed 50500 number of lines!!
[LEF] Parsed 51000 number of lines!!
[LEF] Parsed 51500 number of lines!!
[LEF] Parsed 52000 number of lines!!
[LEF] Parsed 52500 number of lines!!
[LEF] Parsed 53000 number of lines!!
[LEF] Parsed 53500 number of lines!!
[LEF] Parsed 54000 number of lines!!
[LEF] Parsed 54500 number of lines!!
[LEF] Parsed 55000 number of lines!!
[LEF] Parsed 55500 number of lines!!
[LEF] Parsed 56000 number of lines!!
[LEF] Parsed 56500 number of lines!!
[LEF] Parsed 57000 number of lines!!
[LEF] Parsed 57500 number of lines!!
[LEF] Parsed 58000 number of lines!!
[LEF] Parsed 58500 number of lines!!
[LEF] Parsed 59000 number of lines!!
[LEF] Parsed 59500 number of lines!!
[LEF] Parsed 60000 number of lines!!
[LEF] Parsed 60500 number of lines!!
[LEF] Parsed 61000 number of lines!!
[LEF] Parsed 61500 number of lines!!
[LEF] Parsed 62000 number of lines!!
[PROC] End LefParsing
[PROC] Begin DefParsing ...
WARNING (DEFPARS-7011): The NAMESCASESENSITIVE statement is obsolete in version 5.6 and later.
The DEF parser will ignore this statement. See file /openLANE_flow/designs/sb_0__3_/runs/final_pin_placement//results/floorplan/sb_0__3_.floorplan.def at line 2.

[PROC] End DefParsing
[INFO] DefUnit = 1000
[INFO] LefMetal1Name = li1
[INFO] DefSiteName = unithd
[INFO] ScaleDownUnit = 302.222229
[INFO] OffsetCoordi = (2640.000000, 0.000000)
[INFO] RowSize = (1.522059, 9.000000)
[INFO] NumRows = 157
[INFO] MacroCount = 0
[INFO] NumModules = 54
[INFO] NumTerminals = 2755
[INFO] Inserted Dummy Terms = 0
[PROC] Begin Generate Un-fragmented Rows ...
[INFO] CoreAreaLxLy = (27.000000, 36.000000)
[INFO] CoreAreaUxUy = (1440.992554, 1449.000000)
[INFO] RowSize = (1.522059, 9.000000)
[INFO] NumRows = 157
[PROC] End Generate Un-fragmented Rows
[PROC] Begin DEF Net Parsing ...
[INFO] NumNets = 129
[INFO] NumPins = 256
[PROC] End DEF Net Parsing
[PROC] LEF/DEF Parsing Success!
[INFO] AspectRatio = 0.999298
[INFO] RowMinXY = (27.000000, 36.000000)
[INFO] RowMaxXY = (1440.992676, 1449.000000)
[INFO] NumPlaceStdCells = 54
[INFO] NumPlaceMacros = 0
[INFO] RowSize = (1.522059, 9.000000)
[INFO] NumRows = 157
[INFO] GlobalAreaLxLy = (9.496324, 6.617647)
[INFO] GlobalAreaUxUy = (1452.854736, 1449.000000)
[INFO] PlaceAreaLxLy = (27.000000, 36.000000)
[INFO] PlaceAreaUxUy = (1440.992676, 1449.000000)
[INFO] TotalPlaceArea = 1997971.625000
[INFO] TotalFixedArea = 45548.359375
[INFO] TotalWhiteSpaceArea = 1952423.250000
[INFO] TotalPlaceMacrosArea = 0.000000
[INFO] TotalPlaceStdCellsArea = 17999.865234
[INFO] Util(%) = 0.900907
[INFO] 80pCellArea = 335.194550
[INFO] FillerInit: TotalFillerArea = 1739181.000000
[INFO] FillerInit: NumFillerCells = 5189
[INFO] FillerInit: FillerCellArea = 335.194733
[INFO] FillerInit: FillerCellSize = (37.243858, 9.000000)
[INFO] FillerInit: NumCells = 5243
[INFO] FillerInit: NumModules = 54
[INFO] FillerInit: NumFillers = 5189
INFO:  D_MSH = 1024 
INFO:  MSH(X, Y) = (32, 32)
[INFO] TierInit: TierUtil = 0.009009
[INFO] TierInit: NumModules = 54
[INFO] TierInit: PlaceArea = 1997971.625000
[INFO] TierInit: CoreSpacingArea = 0.000000
[INFO] TierInit: TerminalArea = 45548.359375
[INFO] TierInit: ModuleArea = 17999.865234
[INFO] TierInit: FillerArea = 1739181.000000
[INFO] TierInit: NumFillers = 5189
[INFO] TierInit: FillerMinIdx = 54
[INFO] TierInit: FillerMaxIdx = 5243
INFO:  dim_bin_cGP2D.(x,y) = (64, 64)
cell Init 2D:
tier->bin_stp: (22.0936 22.0781)
tier->half_bin_stp: (11.0468 11.0391)
PROC:  Start NESTEROV's Optimization
PROC:    Global Lagrangian Multiplier is Applied

ITER: 0
    HPWL=26202.496094
    OVFL=0.872045
    HPWL=(21991.679688, 4210.815918)
    POTN=2.689826E+06
    PHIC=6.131308E-10
    GRAD=2.448663E-02
    NuBT=0
    CPU =0.000000

ITER: 1
    HPWL=26202.302734
    OVFL=0.872045
    HPWL=(21991.515625, 4210.787598)
    POTN=2.689816E+06
    PHIC=6.437873E-10
    GRAD=3.898133E-02
    NuBT=1
    CPU =0.001810

ITER: 2
    HPWL=26201.623047
    OVFL=0.872043
    HPWL=(21990.949219, 4210.673828)
    POTN=2.689785E+06
    PHIC=6.759766E-10
    GRAD=3.898075E-02
    NuBT=1
    CPU =0.000928

ITER: 3
    HPWL=11064.247070
    OVFL=0.693823
    HPWL=(6948.358398, 4115.888672)
    POTN=2.169688E+06
    PHIC=7.097754E-10
    GRAD=1.391198E-02
    NuBT=2
    CPU =0.001726

ITER: 4
    HPWL=8073.051758
    OVFL=0.667516
    HPWL=(4876.016113, 3197.035400)
    POTN=2.167897E+06
    PHIC=7.452641E-10
    GRAD=1.318318E-02
    NuBT=2
    CPU =0.001729

ITER: 5
    HPWL=7216.285156
    OVFL=0.656819
    HPWL=(4179.835449, 3036.449707)
    POTN=2.163402E+06
    PHIC=7.825273E-10
    GRAD=8.081655E-03
    NuBT=3
    CPU =0.002538

ITER: 6
    HPWL=6538.370117
    OVFL=0.643924
    HPWL=(3713.346436, 2825.023926)
    POTN=2.113564E+06
    PHIC=8.216536E-10
    GRAD=5.626164E-03
    NuBT=1
    CPU =0.000929

ITER: 7
    HPWL=6481.946777
    OVFL=0.622354
    HPWL=(3678.775146, 2803.171631)
    POTN=2.083290E+06
    PHIC=8.627363E-10
    GRAD=5.934910E-03
    NuBT=1
    CPU =0.000911

ITER: 8
    HPWL=6444.912109
    OVFL=0.587296
    HPWL=(3655.776367, 2789.135498)
    POTN=2.045380E+06
    PHIC=9.058730E-10
    GRAD=6.659419E-03
    NuBT=2
    CPU =0.001732

ITER: 9
    HPWL=6322.949219
    OVFL=0.514301
    HPWL=(3586.219971, 2736.729004)
    POTN=2.006489E+06
    PHIC=9.511667E-10
    GRAD=7.914757E-03
    NuBT=2
    CPU =0.001731

ITER: 10
    HPWL=6119.166016
    OVFL=0.548065
    HPWL=(3482.903809, 2636.261963)
    POTN=1.982920E+06
    PHIC=9.987250E-10
    GRAD=1.146450E-02
    NuBT=2
    CPU =0.001740

ITER: 11
    HPWL=5911.419434
    OVFL=0.521888
    HPWL=(3471.767822, 2439.651611)
    POTN=1.965983E+06
    PHIC=1.048661E-09
    GRAD=9.596262E-03
    NuBT=1
    CPU =0.000928

ITER: 12
    HPWL=5929.475098
    OVFL=0.463332
    HPWL=(3489.776367, 2439.698730)
    POTN=1.949736E+06
    PHIC=1.101091E-09
    GRAD=1.093510E-02
    NuBT=2
    CPU =0.001718

ITER: 13
    HPWL=5799.769531
    OVFL=0.483955
    HPWL=(3441.003418, 2358.766357)
    POTN=1.944307E+06
    PHIC=1.156146E-09
    GRAD=1.437948E-02
    NuBT=2
    CPU =0.001746

ITER: 14
    HPWL=5729.543945
    OVFL=0.466821
    HPWL=(3452.404785, 2277.139160)
    POTN=1.941121E+06
    PHIC=1.213953E-09
    GRAD=1.306161E-02
    NuBT=1
    CPU =0.000925

ITER: 15
    HPWL=5718.850586
    OVFL=0.414155
    HPWL=(3451.779785, 2267.070801)
    POTN=1.937091E+06
    PHIC=1.274651E-09
    GRAD=1.421576E-02
    NuBT=2
    CPU =0.001733

ITER: 16
    HPWL=5628.256348
    OVFL=0.432463
    HPWL=(3404.644531, 2223.611816)
    POTN=1.932330E+06
    PHIC=1.338383E-09
    GRAD=1.812952E-02
    NuBT=2
    CPU =0.001725

ITER: 17
    HPWL=5592.134277
    OVFL=0.423403
    HPWL=(3403.930420, 2188.203857)
    POTN=1.926465E+06
    PHIC=1.405302E-09
    GRAD=1.665375E-02
    NuBT=1
    CPU =0.000922

ITER: 18
    HPWL=5606.059570
    OVFL=0.409862
    HPWL=(3409.739014, 2196.320801)
    POTN=1.919533E+06
    PHIC=1.475565E-09
    GRAD=1.746812E-02
    NuBT=2
    CPU =0.001735

ITER: 19
    HPWL=5589.210938
    OVFL=0.409357
    HPWL=(3394.244629, 2194.966309)
    POTN=1.910709E+06
    PHIC=1.549343E-09
    GRAD=1.860493E-02
    NuBT=2
    CPU =0.001739

ITER: 20
    HPWL=5597.129395
    OVFL=0.435658
    HPWL=(3393.679199, 2203.450195)
    POTN=1.903302E+06
    PHIC=1.626808E-09
    GRAD=1.874394E-02
    NuBT=2
    CPU =0.001743

ITER: 21
    HPWL=5605.194824
    OVFL=0.460077
    HPWL=(3388.996826, 2216.197998)
    POTN=1.895302E+06
    PHIC=1.708146E-09
    GRAD=1.659831E-02
    NuBT=2
    CPU =0.001725

ITER: 22
    HPWL=5605.539062
    OVFL=0.466462
    HPWL=(3371.300293, 2234.239014)
    POTN=1.885080E+06
    PHIC=1.793554E-09
    GRAD=1.469088E-02
    NuBT=1
    CPU =0.000924

ITER: 23
    HPWL=5612.935547
    OVFL=0.478636
    HPWL=(3352.885498, 2260.049805)
    POTN=1.875558E+06
    PHIC=1.883229E-09
    GRAD=1.416882E-02
    NuBT=1
    CPU =0.000921

ITER: 24
    HPWL=5665.216797
    OVFL=0.480605
    HPWL=(3362.378174, 2302.838623)
    POTN=1.864056E+06
    PHIC=1.977376E-09
    GRAD=1.342495E-02
    NuBT=1
    CPU =0.000923

ITER: 25
    HPWL=5699.735352
    OVFL=0.501989
    HPWL=(3360.320801, 2339.414795)
    POTN=1.855576E+06
    PHIC=2.076235E-09
    GRAD=1.331619E-02
    NuBT=2
    CPU =0.001730

ITER: 26
    HPWL=5726.958984
    OVFL=0.483093
    HPWL=(3358.347168, 2368.612061)
    POTN=1.842492E+06
    PHIC=2.180038E-09
    GRAD=1.201386E-02
    NuBT=1
    CPU =0.000928

ITER: 27
    HPWL=5727.190918
    OVFL=0.486922
    HPWL=(3334.386230, 2392.804688)
    POTN=1.833495E+06
    PHIC=2.289039E-09
    GRAD=1.308850E-02
    NuBT=1
    CPU =0.000924

ITER: 28
    HPWL=5729.627930
    OVFL=0.488197
    HPWL=(3327.785645, 2401.842529)
    POTN=1.820273E+06
    PHIC=2.403491E-09
    GRAD=1.286189E-02
    NuBT=1
    CPU =0.000935

ITER: 29
    HPWL=5749.220703
    OVFL=0.455186
    HPWL=(3335.535156, 2413.685791)
    POTN=1.815115E+06
    PHIC=2.523658E-09
    GRAD=1.282619E-02
    NuBT=1
    CPU =0.000922

ITER: 30
    HPWL=5687.750977
    OVFL=0.440413
    HPWL=(3292.986084, 2394.764648)
    POTN=1.800531E+06
    PHIC=2.649841E-09
    GRAD=1.489586E-02
    NuBT=2
    CPU =0.001717

ITER: 31
    HPWL=5626.973633
    OVFL=0.438064
    HPWL=(3263.726562, 2363.246826)
    POTN=1.793894E+06
    PHIC=2.782333E-09
    GRAD=1.598005E-02
    NuBT=1
    CPU =0.000926

ITER: 32
    HPWL=5590.686523
    OVFL=0.422896
    HPWL=(3250.122070, 2340.564453)
    POTN=1.787279E+06
    PHIC=2.921449E-09
    GRAD=1.623118E-02
    NuBT=2
    CPU =0.001729

ITER: 33
    HPWL=5525.673340
    OVFL=0.411611
    HPWL=(3214.224609, 2311.448730)
    POTN=1.781490E+06
    PHIC=3.067522E-09
    GRAD=1.739486E-02
    NuBT=2
    CPU =0.001731

ITER: 34
    HPWL=5492.785645
    OVFL=0.421145
    HPWL=(3198.808594, 2293.977051)
    POTN=1.775131E+06
    PHIC=3.220898E-09
    GRAD=1.839318E-02
    NuBT=2
    CPU =0.001723

ITER: 35
    HPWL=5453.718750
    OVFL=0.430526
    HPWL=(3177.406982, 2276.311768)
    POTN=1.775661E+06
    PHIC=3.381942E-09
    GRAD=1.760256E-02
    NuBT=2
    CPU =0.001740

ITER: 36
    HPWL=5443.675293
    OVFL=0.414422
    HPWL=(3169.358887, 2274.316406)
    POTN=1.771053E+06
    PHIC=3.551039E-09
    GRAD=1.686897E-02
    NuBT=1
    CPU =0.000926

ITER: 37
    HPWL=5407.858398
    OVFL=0.430831
    HPWL=(3143.325195, 2264.532959)
    POTN=1.769484E+06
    PHIC=3.728591E-09
    GRAD=1.811831E-02
    NuBT=2
    CPU =0.001733

ITER: 38
    HPWL=5379.283691
    OVFL=0.444534
    HPWL=(3122.986328, 2256.297363)
    POTN=1.766824E+06
    PHIC=3.915021E-09
    GRAD=1.673802E-02
    NuBT=1
    CPU =0.000922

ITER: 39
    HPWL=5379.632812
    OVFL=0.446356
    HPWL=(3118.500244, 2261.132324)
    POTN=1.768313E+06
    PHIC=4.110772E-09
    GRAD=1.566275E-02
    NuBT=1
    CPU =0.000916

ITER: 40
    HPWL=5409.441406
    OVFL=0.458969
    HPWL=(3133.991211, 2275.450439)
    POTN=1.766593E+06
    PHIC=4.316292E-09
    GRAD=1.551849E-02
    NuBT=1
    CPU =0.000923

ITER: 41
    HPWL=5444.621094
    OVFL=0.469081
    HPWL=(3152.716309, 2291.904541)
    POTN=1.765440E+06
    PHIC=4.532084E-09
    GRAD=1.460519E-02
    NuBT=2
    CPU =0.001722

ITER: 42
    HPWL=5497.470703
    OVFL=0.489084
    HPWL=(3184.263184, 2313.207520)
    POTN=1.761314E+06
    PHIC=4.758652E-09
    GRAD=1.390255E-02
    NuBT=1
    CPU =0.000924

ITER: 43
    HPWL=5564.746582
    OVFL=0.497993
    HPWL=(3226.782471, 2337.964111)
    POTN=1.760757E+06
    PHIC=4.996537E-09
    GRAD=1.260686E-02
    NuBT=1
    CPU =0.000937

ITER: 44
    HPWL=5634.085449
    OVFL=0.489725
    HPWL=(3270.193115, 2363.892334)
    POTN=1.756083E+06
    PHIC=5.246312E-09
    GRAD=1.203866E-02
    NuBT=1
    CPU =0.000924

ITER: 45
    HPWL=5734.197266
    OVFL=0.483119
    HPWL=(3332.375488, 2401.822021)
    POTN=1.753358E+06
    PHIC=5.508550E-09
    GRAD=1.256830E-02
    NuBT=1
    CPU =0.000926

ITER: 46
    HPWL=5762.133789
    OVFL=0.471639
    HPWL=(3349.889160, 2412.244385)
    POTN=1.747019E+06
    PHIC=5.783954E-09
    GRAD=1.296924E-02
    NuBT=2
    CPU =0.001733

ITER: 47
    HPWL=5755.614258
    OVFL=0.473620
    HPWL=(3346.474609, 2409.139648)
    POTN=1.742154E+06
    PHIC=6.073151E-09
    GRAD=1.371369E-02
    NuBT=2
    CPU =0.001719

ITER: 48
    HPWL=5727.487305
    OVFL=0.467699
    HPWL=(3329.582031, 2397.905029)
    POTN=1.735916E+06
    PHIC=6.376808E-09
    GRAD=1.359017E-02
    NuBT=1
    CPU =0.000920

ITER: 49
    HPWL=5695.815430
    OVFL=0.460060
    HPWL=(3309.479492, 2386.336182)
    POTN=1.733021E+06
    PHIC=6.695648E-09
    GRAD=1.397389E-02
    NuBT=2
    CPU =0.001731

ITER: 50
    HPWL=5665.553223
    OVFL=0.451314
    HPWL=(3289.843506, 2375.709717)
    POTN=1.729271E+06
    PHIC=7.030430E-09
    GRAD=1.450687E-02
    NuBT=1
    CPU =0.000924

ITER: 51
    HPWL=5623.555664
    OVFL=0.442644
    HPWL=(3262.471436, 2361.084473)
    POTN=1.729106E+06
    PHIC=7.381951E-09
    GRAD=1.513490E-02
    NuBT=2
    CPU =0.001738

ITER: 52
    HPWL=5579.495117
    OVFL=0.433370
    HPWL=(3232.971680, 2346.523682)
    POTN=1.727506E+06
    PHIC=7.751049E-09
    GRAD=1.579374E-02
    NuBT=1
    CPU =0.000922

ITER: 53
    HPWL=5523.655273
    OVFL=0.421564
    HPWL=(3195.252686, 2328.402588)
    POTN=1.729224E+06
    PHIC=8.138601E-09
    GRAD=1.650936E-02
    NuBT=2
    CPU =0.001715

ITER: 54
    HPWL=5464.968750
    OVFL=0.405182
    HPWL=(3155.038330, 2309.930176)
    POTN=1.728576E+06
    PHIC=8.545531E-09
    GRAD=1.746482E-02
    NuBT=2
    CPU =0.001728

ITER: 55
    HPWL=5399.211914
    OVFL=0.408886
    HPWL=(3109.279785, 2289.932373)
    POTN=1.730741E+06
    PHIC=8.972806E-09
    GRAD=1.886810E-02
    NuBT=2
    CPU =0.001736

ITER: 56
    HPWL=5333.219727
    OVFL=0.416675
    HPWL=(3062.221191, 2270.998779)
    POTN=1.731070E+06
    PHIC=9.421447E-09
    GRAD=1.855846E-02
    NuBT=1
    CPU =0.000930

ITER: 57
    HPWL=5287.443359
    OVFL=0.427106
    HPWL=(3028.623779, 2258.819580)
    POTN=1.734361E+06
    PHIC=9.892519E-09
    GRAD=1.788722E-02
    NuBT=2
    CPU =0.001723

ITER: 58
    HPWL=5269.159180
    OVFL=0.443863
    HPWL=(3014.415039, 2254.744385)
    POTN=1.735785E+06
    PHIC=1.038714E-08
    GRAD=1.701656E-02
    NuBT=2
    CPU =0.001746

ITER: 59
    HPWL=5275.845215
    OVFL=0.464293
    HPWL=(3018.521729, 2257.323486)
    POTN=1.739038E+06
    PHIC=1.090649E-08
    GRAD=1.569557E-02
    NuBT=1
    CPU =0.000925

ITER: 60
    HPWL=5299.045898
    OVFL=0.481780
    HPWL=(3035.545654, 2263.500244)
    POTN=1.739554E+06
    PHIC=1.145178E-08
    GRAD=1.420100E-02
    NuBT=1
    CPU =0.000925

ITER: 61
    HPWL=5362.984375
    OVFL=0.488401
    HPWL=(3080.420898, 2282.563721)
    POTN=1.739378E+06
    PHIC=1.202426E-08
    GRAD=1.302930E-02
    NuBT=1
    CPU =0.000931

ITER: 62
    HPWL=5502.802734
    OVFL=0.494081
    HPWL=(3177.299316, 2325.503174)
    POTN=1.736541E+06
    PHIC=1.262522E-08
    GRAD=1.260259E-02
    NuBT=1
    CPU =0.000921

ITER: 63
    HPWL=5682.744141
    OVFL=0.505067
    HPWL=(3302.111328, 2380.632568)
    POTN=1.731857E+06
    PHIC=1.325615E-08
    GRAD=1.229528E-02
    NuBT=2
    CPU =0.001728

ITER: 64
    HPWL=5786.949219
    OVFL=0.500157
    HPWL=(3373.124512, 2413.824463)
    POTN=1.724977E+06
    PHIC=1.391875E-08
    GRAD=1.163934E-02
    NuBT=2
    CPU =0.001722

ITER: 65
    HPWL=5888.205078
    OVFL=0.493085
    HPWL=(3438.171387, 2450.033691)
    POTN=1.720876E+06
    PHIC=1.461448E-08
    GRAD=1.195344E-02
    NuBT=2
    CPU =0.001739

ITER: 66
    HPWL=5914.591797
    OVFL=0.484629
    HPWL=(3455.329834, 2459.261963)
    POTN=1.714067E+06
    PHIC=1.534514E-08
    GRAD=1.236109E-02
    NuBT=2
    CPU =0.001731

ITER: 67
    HPWL=5898.283691
    OVFL=0.472738
    HPWL=(3444.672119, 2453.611572)
    POTN=1.710403E+06
    PHIC=1.611240E-08
    GRAD=1.288121E-02
    NuBT=2
    CPU =0.001731

ITER: 68
    HPWL=5853.986816
    OVFL=0.461377
    HPWL=(3416.465088, 2437.521729)
    POTN=1.704722E+06
    PHIC=1.691802E-08
    GRAD=1.365708E-02
    NuBT=2
    CPU =0.001715

ITER: 69
    HPWL=5787.354492
    OVFL=0.447481
    HPWL=(3373.254150, 2414.100342)
    POTN=1.703292E+06
    PHIC=1.776392E-08
    GRAD=1.444775E-02
    NuBT=1
    CPU =0.000919

ITER: 70
    HPWL=5705.643555
    OVFL=0.433647
    HPWL=(3320.064697, 2385.579102)
    POTN=1.700271E+06
    PHIC=1.865211E-08
    GRAD=1.546238E-02
    NuBT=2
    CPU =0.001729

ITER: 71
    HPWL=5617.712891
    OVFL=0.417574
    HPWL=(3260.958496, 2356.754150)
    POTN=1.701416E+06
    PHIC=1.958472E-08
    GRAD=1.654535E-02
    NuBT=2
    CPU =0.001730

ITER: 72
    HPWL=5519.964355
    OVFL=0.402616
    HPWL=(3194.221191, 2325.743164)
    POTN=1.700601E+06
    PHIC=2.056395E-08
    GRAD=1.786371E-02
    NuBT=2
    CPU =0.001731

ITER: 73
    HPWL=5424.364258
    OVFL=0.390830
    HPWL=(3126.954346, 2297.409668)
    POTN=1.704996E+06
    PHIC=2.159215E-08
    GRAD=1.918689E-02
    NuBT=2
    CPU =0.001731

ITER: 74
    HPWL=5330.425781
    OVFL=0.386655
    HPWL=(3059.454834, 2270.971191)
    POTN=1.706338E+06
    PHIC=2.267175E-08
    GRAD=2.027996E-02
    NuBT=2
    CPU =0.001728

ITER: 75
    HPWL=5249.017090
    OVFL=0.402390
    HPWL=(2999.732666, 2249.284424)
    POTN=1.712902E+06
    PHIC=2.380534E-08
    GRAD=2.069211E-02
    NuBT=2
    CPU =0.001732

ITER: 76
    HPWL=5185.170410
    OVFL=0.428980
    HPWL=(2952.184570, 2232.985840)
    POTN=1.715820E+06
    PHIC=2.499560E-08
    GRAD=1.923576E-02
    NuBT=2
    CPU =0.001724

ITER: 77
    HPWL=5159.724609
    OVFL=0.455472
    HPWL=(2930.635986, 2229.088623)
    POTN=1.722876E+06
    PHIC=2.624538E-08
    GRAD=1.694766E-02
    NuBT=1
    CPU =0.000924

ITER: 78
    HPWL=5154.741699
    OVFL=0.457722
    HPWL=(2923.070801, 2231.670898)
    POTN=1.723453E+06
    PHIC=2.755765E-08
    GRAD=1.486390E-02
    NuBT=1
    CPU =0.000934

ITER: 79
    HPWL=5214.838379
    OVFL=0.462897
    HPWL=(2961.066406, 2253.771973)
    POTN=1.724605E+06
    PHIC=2.893528E-08
    GRAD=1.466902E-02
    NuBT=1
    CPU =0.000918

ITER: 80
    HPWL=5410.054688
    OVFL=0.475503
    HPWL=(3102.439941, 2307.614990)
    POTN=1.721747E+06
    PHIC=3.038121E-08
    GRAD=1.431650E-02
    NuBT=1
    CPU =0.000923

ITER: 81
    HPWL=5552.176758
    OVFL=0.492472
    HPWL=(3202.693848, 2349.483154)
    POTN=1.720042E+06
    PHIC=3.189963E-08
    GRAD=1.348643E-02
    NuBT=2
    CPU =0.001735

ITER: 82
    HPWL=5688.118164
    OVFL=0.483978
    HPWL=(3297.476074, 2390.641846)
    POTN=1.711818E+06
    PHIC=3.349397E-08
    GRAD=1.244554E-02
    NuBT=2
    CPU =0.001727

ITER: 83
    HPWL=5808.043945
    OVFL=0.470960
    HPWL=(3380.269531, 2427.774658)
    POTN=1.707415E+06
    PHIC=3.516807E-08
    GRAD=1.300351E-02
    NuBT=2
    CPU =0.001731

ITER: 84
    HPWL=5833.092285
    OVFL=0.448686
    HPWL=(3401.409668, 2431.682617)
    POTN=1.698503E+06
    PHIC=3.692634E-08
    GRAD=1.381381E-02
    NuBT=2
    CPU =0.001729

ITER: 85
    HPWL=5800.553711
    OVFL=0.431818
    HPWL=(3384.227051, 2416.326660)
    POTN=1.694013E+06
    PHIC=3.877266E-08
    GRAD=1.538527E-02
    NuBT=2
    CPU =0.001747

ITER: 86
    HPWL=5708.525391
    OVFL=0.423804
    HPWL=(3327.150146, 2381.375244)
    POTN=1.689520E+06
    PHIC=4.071129E-08
    GRAD=1.668307E-02
    NuBT=1
    CPU =0.000921

ITER: 87
    HPWL=5610.396973
    OVFL=0.414133
    HPWL=(3262.058105, 2348.338867)
    POTN=1.689700E+06
    PHIC=4.274685E-08
    GRAD=1.743400E-02
    NuBT=1
    CPU =0.000922

ITER: 88
    HPWL=5489.820312
    OVFL=0.401810
    HPWL=(3182.930664, 2306.889648)
    POTN=1.686236E+06
    PHIC=4.488420E-08
    GRAD=1.819343E-02
    NuBT=2
    CPU =0.001727

ITER: 89
    HPWL=5403.300293
    OVFL=0.388483
    HPWL=(3124.402832, 2278.897461)
    POTN=1.688323E+06
    PHIC=4.712840E-08
    GRAD=1.929084E-02
    NuBT=2
    CPU =0.001733

ITER: 90
    HPWL=5314.628418
    OVFL=0.374579
    HPWL=(3063.841797, 2250.786621)
    POTN=1.687373E+06
    PHIC=4.948482E-08
    GRAD=2.051249E-02
    NuBT=2
    CPU =0.001734

ITER: 91
    HPWL=5230.871582
    OVFL=0.377343
    HPWL=(3005.741943, 2225.129639)
    POTN=1.690884E+06
    PHIC=5.195906E-08
    GRAD=2.185121E-02
    NuBT=2
    CPU =0.001722

ITER: 92
    HPWL=5169.154297
    OVFL=0.388237
    HPWL=(2961.278564, 2207.875488)
    POTN=1.692127E+06
    PHIC=5.455701E-08
    GRAD=2.162631E-02
    NuBT=2
    CPU =0.001742

ITER: 93
    HPWL=5119.231445
    OVFL=0.415762
    HPWL=(2924.605713, 2194.625732)
    POTN=1.697248E+06
    PHIC=5.728486E-08
    GRAD=2.055569E-02
    NuBT=2
    CPU =0.001730

ITER: 94
    HPWL=5102.053711
    OVFL=0.439699
    HPWL=(2909.015625, 2193.037842)
    POTN=1.698054E+06
    PHIC=6.014910E-08
    GRAD=1.804971E-02
    NuBT=1
    CPU =0.000923

ITER: 95
    HPWL=5094.396484
    OVFL=0.464812
    HPWL=(2900.594727, 2193.801758)
    POTN=1.701613E+06
    PHIC=6.315655E-08
    GRAD=1.603439E-02
    NuBT=1
    CPU =0.000932

ITER: 96
    HPWL=5154.090820
    OVFL=0.479013
    HPWL=(2940.564697, 2213.526367)
    POTN=1.700132E+06
    PHIC=6.631382E-08
    GRAD=1.418756E-02
    NuBT=1
    CPU =0.000925

ITER: 97
    HPWL=5297.398438
    OVFL=0.490215
    HPWL=(3041.931885, 2255.466553)
    POTN=1.697452E+06
    PHIC=6.962810E-08
    GRAD=1.322448E-02
    NuBT=1
    CPU =0.000924

ITER: 98
    HPWL=5608.561523
    OVFL=0.516245
    HPWL=(3267.890625, 2340.670898)
    POTN=1.687398E+06
    PHIC=7.310630E-08
    GRAD=1.262334E-02
    NuBT=1
    CPU =0.000918

ITER: 99
    HPWL=5787.878906
    OVFL=0.516343
    HPWL=(3392.311035, 2395.568115)
    POTN=1.680357E+06
    PHIC=7.675967E-08
    GRAD=1.111237E-02
    NuBT=2
    CPU =0.001717

ITER: 100
    HPWL=5978.565430
    OVFL=0.501630
    HPWL=(3515.544434, 2463.021240)
    POTN=1.665507E+06
    PHIC=8.059548E-08
    GRAD=1.117784E-02
    NuBT=1
    CPU =0.000931

ITER: 101
    HPWL=6045.636719
    OVFL=0.481448
    HPWL=(3557.635010, 2488.001953)
    POTN=1.656607E+06
    PHIC=8.462445E-08
    GRAD=1.195424E-02
    NuBT=2
    CPU =0.001725

ITER: 102
    HPWL=6020.760742
    OVFL=0.462527
    HPWL=(3541.941406, 2478.819580)
    POTN=1.644177E+06
    PHIC=8.885566E-08
    GRAD=1.317388E-02
    NuBT=2
    CPU =0.001728

ITER: 103
    HPWL=5931.193359
    OVFL=0.455812
    HPWL=(3486.052979, 2445.140381)
    POTN=1.636787E+06
    PHIC=9.329845E-08
    GRAD=1.447391E-02
    NuBT=1
    CPU =0.000924

ITER: 104
    HPWL=5820.563477
    OVFL=0.449496
    HPWL=(3415.824219, 2404.739258)
    POTN=1.626842E+06
    PHIC=9.796337E-08
    GRAD=1.500299E-02
    NuBT=2
    CPU =0.001714

ITER: 105
    HPWL=5706.906250
    OVFL=0.438526
    HPWL=(3342.620605, 2364.285645)
    POTN=1.622884E+06
    PHIC=1.028615E-07
    GRAD=1.544355E-02
    NuBT=2
    CPU =0.001726

ITER: 106
    HPWL=5609.621094
    OVFL=0.418384
    HPWL=(3278.979492, 2330.641357)
    POTN=1.614626E+06
    PHIC=1.080046E-07
    GRAD=1.626742E-02
    NuBT=2
    CPU =0.001719

ITER: 107
    HPWL=5504.326660
    OVFL=0.395423
    HPWL=(3208.211914, 2296.114746)
    POTN=1.612162E+06
    PHIC=1.134048E-07
    GRAD=1.785506E-02
    NuBT=2
    CPU =0.001735

ITER: 108
    HPWL=5397.812012
    OVFL=0.367092
    HPWL=(3134.530518, 2263.281494)
    POTN=1.606474E+06
    PHIC=1.190751E-07
    GRAD=1.988181E-02
    NuBT=2
    CPU =0.001730

ITER: 109
    HPWL=5276.513672
    OVFL=0.353275
    HPWL=(3049.383057, 2227.130859)
    POTN=1.605323E+06
    PHIC=1.250288E-07
    GRAD=2.261209E-02
    NuBT=2
    CPU =0.001730

ITER: 110
    HPWL=5176.231445
    OVFL=0.374904
    HPWL=(2974.084229, 2202.147461)
    POTN=1.602291E+06
    PHIC=1.312802E-07
    GRAD=2.416471E-02
    NuBT=2
    CPU =0.001733

ITER: 111
    HPWL=5106.425781
    OVFL=0.403900
    HPWL=(2920.237549, 2186.188477)
    POTN=1.604312E+06
    PHIC=1.378443E-07
    GRAD=2.196964E-02
    NuBT=2
    CPU =0.001722

ITER: 112
    HPWL=5075.267578
    OVFL=0.421854
    HPWL=(2889.527100, 2185.740723)
    POTN=1.600870E+06
    PHIC=1.447365E-07
    GRAD=1.919723E-02
    NuBT=1
    CPU =0.000922

ITER: 113
    HPWL=5052.190430
    OVFL=0.461389
    HPWL=(2864.432129, 2187.758301)
    POTN=1.601003E+06
    PHIC=1.519733E-07
    GRAD=1.751722E-02
    NuBT=1
    CPU =0.000933

ITER: 114
    HPWL=5091.126953
    OVFL=0.487003
    HPWL=(2881.126709, 2210.000000)
    POTN=1.595117E+06
    PHIC=1.595711E-07
    GRAD=1.447665E-02
    NuBT=1
    CPU =0.000925

ITER: 115
    HPWL=5163.282227
    OVFL=0.489043
    HPWL=(2921.256836, 2242.025146)
    POTN=1.587790E+06
    PHIC=1.675479E-07
    GRAD=1.275558E-02
    NuBT=1
    CPU =0.000924

ITER: 116
    HPWL=5381.376953
    OVFL=0.488116
    HPWL=(3074.127197, 2307.250000)
    POTN=1.575072E+06
    PHIC=1.759199E-07
    GRAD=1.259497E-02
    NuBT=1
    CPU =0.000923

ITER: 117
    HPWL=5698.417969
    OVFL=0.485309
    HPWL=(3310.830566, 2387.587158)
    POTN=1.556553E+06
    PHIC=1.847076E-07
    GRAD=1.276698E-02
    NuBT=2
    CPU =0.001727

ITER: 118
    HPWL=5855.125977
    OVFL=0.474571
    HPWL=(3421.916992, 2433.209229)
    POTN=1.534768E+06
    PHIC=1.939387E-07
    GRAD=1.290670E-02
    NuBT=2
    CPU =0.001725

ITER: 119
    HPWL=5942.697754
    OVFL=0.454693
    HPWL=(3479.525879, 2463.171875)
    POTN=1.516771E+06
    PHIC=2.036331E-07
    GRAD=1.363207E-02
    NuBT=2
    CPU =0.001726

ITER: 120
    HPWL=5943.843262
    OVFL=0.425806
    HPWL=(3479.602295, 2464.240967)
    POTN=1.495584E+06
    PHIC=2.138147E-07
    GRAD=1.503396E-02
    NuBT=2
    CPU =0.001730

ITER: 121
    HPWL=5860.061523
    OVFL=0.401484
    HPWL=(3424.077148, 2435.984375)
    POTN=1.480194E+06
    PHIC=2.245054E-07
    GRAD=1.729099E-02
    NuBT=2
    CPU =0.001919

ITER: 122
    HPWL=5722.855469
    OVFL=0.378331
    HPWL=(3332.983398, 2389.872314)
    POTN=1.463933E+06
    PHIC=2.357307E-07
    GRAD=1.949575E-02
    NuBT=1
    CPU =0.000927

ITER: 123
    HPWL=5562.920898
    OVFL=0.364086
    HPWL=(3225.471436, 2337.449463)
    POTN=1.454256E+06
    PHIC=2.475172E-07
    GRAD=2.169191E-02
    NuBT=2
    CPU =0.001727

ITER: 124
    HPWL=5421.410645
    OVFL=0.352768
    HPWL=(3127.974854, 2293.435791)
    POTN=1.441404E+06
    PHIC=2.598930E-07
    GRAD=2.325284E-02
    NuBT=2
    CPU =0.001730

ITER: 125
    HPWL=5280.734863
    OVFL=0.341809
    HPWL=(3030.525635, 2250.209229)
    POTN=1.434971E+06
    PHIC=2.728877E-07
    GRAD=2.444130E-02
    NuBT=2
    CPU =0.001771

ITER: 126
    HPWL=5178.101562
    OVFL=0.338674
    HPWL=(2959.809814, 2218.291748)
    POTN=1.423468E+06
    PHIC=2.865320E-07
    GRAD=2.562925E-02
    NuBT=2
    CPU =0.001722

ITER: 127
    HPWL=5113.124023
    OVFL=0.375553
    HPWL=(2909.896484, 2203.227783)
    POTN=1.418283E+06
    PHIC=3.008586E-07
    GRAD=2.600017E-02
    NuBT=2
    CPU =0.001716

ITER: 128
    HPWL=5084.937012
    OVFL=0.406409
    HPWL=(2886.023926, 2198.913086)
    POTN=1.407400E+06
    PHIC=3.159016E-07
    GRAD=2.209255E-02
    NuBT=2
    CPU =0.001710

ITER: 129
    HPWL=5045.438477
    OVFL=0.418676
    HPWL=(2849.694092, 2195.744141)
    POTN=1.400063E+06
    PHIC=3.316966E-07
    GRAD=1.894198E-02
    NuBT=1
    CPU =0.000909

ITER: 130
    HPWL=5049.436523
    OVFL=0.440678
    HPWL=(2840.545898, 2208.890625)
    POTN=1.386777E+06
    PHIC=3.482812E-07
    GRAD=1.777549E-02
    NuBT=1
    CPU =0.000902

ITER: 131
    HPWL=5142.417969
    OVFL=0.457109
    HPWL=(2895.717529, 2246.700684)
    POTN=1.374148E+06
    PHIC=3.656905E-07
    GRAD=1.604001E-02
    NuBT=1
    CPU =0.000905

ITER: 132
    HPWL=5316.674316
    OVFL=0.455380
    HPWL=(3010.835693, 2305.838623)
    POTN=1.355212E+06
    PHIC=3.839656E-07
    GRAD=1.496399E-02
    NuBT=1
    CPU =0.000901

ITER: 133
    HPWL=5472.503906
    OVFL=0.455906
    HPWL=(3124.033447, 2348.470459)
    POTN=1.337925E+06
    PHIC=4.031550E-07
    GRAD=1.511795E-02
    NuBT=2
    CPU =0.001702

ITER: 134
    HPWL=5595.681641
    OVFL=0.457875
    HPWL=(3217.976807, 2377.704834)
    POTN=1.312452E+06
    PHIC=4.233053E-07
    GRAD=1.507461E-02
    NuBT=2
    CPU =0.001720

ITER: 135
    HPWL=5694.669922
    OVFL=0.458413
    HPWL=(3296.227295, 2398.442383)
    POTN=1.292015E+06
    PHIC=4.444644E-07
    GRAD=1.499186E-02
    NuBT=1
    CPU =0.000904

ITER: 136
    HPWL=5743.979980
    OVFL=0.452045
    HPWL=(3339.981445, 2403.998535)
    POTN=1.264754E+06
    PHIC=4.666844E-07
    GRAD=1.492404E-02
    NuBT=1
    CPU =0.000906

ITER: 137
    HPWL=5743.849609
    OVFL=0.438898
    HPWL=(3350.676025, 2393.173828)
    POTN=1.242922E+06
    PHIC=4.900186E-07
    GRAD=1.528732E-02
    NuBT=1
    CPU =0.000901

ITER: 138
    HPWL=5715.615234
    OVFL=0.419975
    HPWL=(3340.439209, 2375.175781)
    POTN=1.215618E+06
    PHIC=5.145195E-07
    GRAD=1.623222E-02
    NuBT=1
    CPU =0.000902

ITER: 139
    HPWL=5647.653320
    OVFL=0.405563
    HPWL=(3301.422119, 2346.230957)
    POTN=1.193250E+06
    PHIC=5.402454E-07
    GRAD=1.770934E-02
    NuBT=2
    CPU =0.001700

ITER: 140
    HPWL=5557.739746
    OVFL=0.384593
    HPWL=(3245.807373, 2311.932373)
    POTN=1.167401E+06
    PHIC=5.672576E-07
    GRAD=1.896387E-02
    NuBT=1
    CPU =0.000900

ITER: 141
    HPWL=5457.842773
    OVFL=0.371565
    HPWL=(3180.390137, 2277.452637)
    POTN=1.146193E+06
    PHIC=5.956205E-07
    GRAD=2.091276E-02
    NuBT=2
    CPU =0.001704

ITER: 142
    HPWL=5356.566406
    OVFL=0.358637
    HPWL=(3111.907715, 2244.658691)
    POTN=1.122313E+06
    PHIC=6.254015E-07
    GRAD=2.228078E-02
    NuBT=2
    CPU =0.001710

ITER: 143
    HPWL=5242.952148
    OVFL=0.345213
    HPWL=(3035.190430, 2207.761963)
    POTN=1.102472E+06
    PHIC=6.566715E-07
    GRAD=2.359200E-02
    NuBT=2
    CPU =0.001721

ITER: 144
    HPWL=5150.938477
    OVFL=0.353763
    HPWL=(2973.232422, 2177.705811)
    POTN=1.079149E+06
    PHIC=6.895051E-07
    GRAD=2.503775E-02
    NuBT=2
    CPU =0.001698

ITER: 145
    HPWL=5091.982422
    OVFL=0.381461
    HPWL=(2935.715820, 2156.266602)
    POTN=1.061062E+06
    PHIC=7.239803E-07
    GRAD=2.419303E-02
    NuBT=2
    CPU =0.001710

ITER: 146
    HPWL=5050.953125
    OVFL=0.399066
    HPWL=(2906.125977, 2144.826904)
    POTN=1.037743E+06
    PHIC=7.601793E-07
    GRAD=2.134492E-02
    NuBT=2
    CPU =0.001718

ITER: 147
    HPWL=5019.043945
    OVFL=0.437896
    HPWL=(2878.543701, 2140.500488)
    POTN=1.018870E+06
    PHIC=7.981882E-07
    GRAD=1.953238E-02
    NuBT=1
    CPU =0.000905

ITER: 148
    HPWL=5040.014648
    OVFL=0.473703
    HPWL=(2885.868408, 2154.146484)
    POTN=9.958973E+05
    PHIC=8.380952E-07
    GRAD=1.622811E-02
    NuBT=1
    CPU =0.000894

ITER: 149
    HPWL=5088.394043
    OVFL=0.480419
    HPWL=(2912.545410, 2175.848633)
    POTN=9.721757E+05
    PHIC=8.799939E-07
    GRAD=1.362016E-02
    NuBT=1
    CPU =0.000904

ITER: 150
    HPWL=5232.231445
    OVFL=0.477751
    HPWL=(3007.059082, 2225.172607)
    POTN=9.434841E+05
    PHIC=9.239748E-07
    GRAD=1.314704E-02
    NuBT=1
    CPU =0.000914

ITER: 151
    HPWL=5635.809570
    OVFL=0.500069
    HPWL=(3308.172852, 2327.636963)
    POTN=9.011072E+05
    PHIC=9.701183E-07
    GRAD=1.348672E-02
    NuBT=1
    CPU =0.000907

ITER: 152
    HPWL=5824.706055
    OVFL=0.479336
    HPWL=(3436.722168, 2387.983887)
    POTN=8.556696E+05
    PHIC=1.018597E-06
    GRAD=1.207064E-02
    NuBT=2
    CPU =0.001712

ITER: 153
    HPWL=5969.377930
    OVFL=0.462682
    HPWL=(3526.206543, 2443.171387)
    POTN=8.113511E+05
    PHIC=1.069505E-06
    GRAD=1.341617E-02
    NuBT=2
    CPU =0.001711

ITER: 154
    HPWL=5974.701660
    OVFL=0.440924
    HPWL=(3526.401367, 2448.300293)
    POTN=7.653901E+05
    PHIC=1.122979E-06
    GRAD=1.452927E-02
    NuBT=2
    CPU =0.001707

ITER: 155
    HPWL=5893.485352
    OVFL=0.420771
    HPWL=(3472.050781, 2421.434326)
    POTN=7.246193E+05
    PHIC=1.179128E-06
    GRAD=1.614374E-02
    NuBT=2
    CPU =0.001709

ITER: 156
    HPWL=5775.290527
    OVFL=0.403116
    HPWL=(3394.054688, 2381.235840)
    POTN=6.828641E+05
    PHIC=1.238085E-06
    GRAD=1.783986E-02
    NuBT=2
    CPU =0.001708

ITER: 157
    HPWL=5632.236328
    OVFL=0.387062
    HPWL=(3299.773438, 2332.463135)
    POTN=6.465684E+05
    PHIC=1.299989E-06
    GRAD=1.941942E-02
    NuBT=2
    CPU =0.001714

ITER: 158
    HPWL=5488.405273
    OVFL=0.365697
    HPWL=(3203.560791, 2284.844482)
    POTN=6.082042E+05
    PHIC=1.364988E-06
    GRAD=2.096423E-02
    NuBT=2
    CPU =0.001710

ITER: 159
    HPWL=5337.678711
    OVFL=0.349558
    HPWL=(3101.374756, 2236.303955)
    POTN=5.741472E+05
    PHIC=1.433238E-06
    GRAD=2.305669E-02
    NuBT=2
    CPU =0.001714

ITER: 160
    HPWL=5208.380859
    OVFL=0.348403
    HPWL=(3010.109619, 2198.271240)
    POTN=5.383691E+05
    PHIC=1.504899E-06
    GRAD=2.481768E-02
    NuBT=2
    CPU =0.001717

ITER: 161
    HPWL=5124.847656
    OVFL=0.393886
    HPWL=(2949.756348, 2175.091309)
    POTN=5.079414E+05
    PHIC=1.580144E-06
    GRAD=2.501836E-02
    NuBT=2
    CPU =0.001704

ITER: 162
    HPWL=5089.755859
    OVFL=0.419488
    HPWL=(2915.631836, 2174.124023)
    POTN=4.751678E+05
    PHIC=1.659151E-06
    GRAD=2.045538E-02
    NuBT=2
    CPU =0.001718

ITER: 163
    HPWL=5036.186523
    OVFL=0.444391
    HPWL=(2867.644287, 2168.542480)
    POTN=4.458355E+05
    PHIC=1.742109E-06
    GRAD=1.784033E-02
    NuBT=1
    CPU =0.000912

ITER: 164
    HPWL=5059.641602
    OVFL=0.453396
    HPWL=(2866.730225, 2192.911133)
    POTN=4.132690E+05
    PHIC=1.829208E-06
    GRAD=1.576814E-02
    NuBT=1
    CPU =0.000906

ITER: 165
    HPWL=5184.346680
    OVFL=0.457761
    HPWL=(2938.029785, 2246.316895)
    POTN=3.806293E+05
    PHIC=1.920635E-06
    GRAD=1.512593E-02
    NuBT=1
    CPU =0.000904

ITER: 166
    HPWL=5361.892090
    OVFL=0.469379
    HPWL=(3054.014404, 2307.877686)
    POTN=3.455892E+05
    PHIC=2.016616E-06
    GRAD=1.494624E-02
    NuBT=2
    CPU =0.001709

ITER: 167
    HPWL=5523.323242
    OVFL=0.474810
    HPWL=(3166.097168, 2357.226074)
    POTN=3.136907E+05
    PHIC=2.117398E-06
    GRAD=1.419806E-02
    NuBT=2
    CPU =0.001710

ITER: 168
    HPWL=5686.642578
    OVFL=0.474229
    HPWL=(3280.576904, 2406.065430)
    POTN=2.786940E+05
    PHIC=2.223217E-06
    GRAD=1.392714E-02
    NuBT=1
    CPU =0.000903

ITER: 169
    HPWL=5815.251953
    OVFL=0.474678
    HPWL=(3372.854248, 2442.397461)
    POTN=2.476452E+05
    PHIC=2.334335E-06
    GRAD=1.405546E-02
    NuBT=1
    CPU =0.000904

ITER: 170
    HPWL=5881.391113
    OVFL=0.465714
    HPWL=(3421.563721, 2459.827393)
    POTN=2.143522E+05
    PHIC=2.451029E-06
    GRAD=1.398158E-02
    NuBT=1
    CPU =0.000906

ITER: 171
    HPWL=5891.742188
    OVFL=0.452314
    HPWL=(3434.426025, 2457.316406)
    POTN=1.856976E+05
    PHIC=2.573577E-06
    GRAD=1.447870E-02
    NuBT=1
    CPU =0.000904

ITER: 172
    HPWL=5870.721680
    OVFL=0.443239
    HPWL=(3424.183594, 2446.538086)
    POTN=1.571418E+05
    PHIC=2.702255E-06
    GRAD=1.540867E-02
    NuBT=1
    CPU =0.000915

ITER: 173
    HPWL=5818.928711
    OVFL=0.423856
    HPWL=(3392.602539, 2426.326172)
    POTN=1.330044E+05
    PHIC=2.837368E-06
    GRAD=1.611738E-02
    NuBT=1
    CPU =0.000904

ITER: 174
    HPWL=5720.825684
    OVFL=0.403539
    HPWL=(3331.653320, 2389.172363)
    POTN=1.102387E+05
    PHIC=2.979236E-06
    GRAD=1.753262E-02
    NuBT=2
    CPU =0.001700

ITER: 175
    HPWL=5632.915039
    OVFL=0.378127
    HPWL=(3272.269287, 2360.645508)
    POTN=9.157040E+04
    PHIC=3.128198E-06
    GRAD=1.937423E-02
    NuBT=1
    CPU =0.000908

ITER: 176
    HPWL=5500.424805
    OVFL=0.355076
    HPWL=(3183.703613, 2316.721191)
    POTN=7.471201E+04
    PHIC=3.284608E-06
    GRAD=2.168906E-02
    NuBT=2
    CPU =0.001713

ITER: 177
    HPWL=5375.660156
    OVFL=0.336254
    HPWL=(3096.062744, 2279.597168)
    POTN=6.127219E+04
    PHIC=3.448838E-06
    GRAD=2.411383E-02
    NuBT=2
    CPU =0.001714

ITER: 178
    HPWL=5248.166992
    OVFL=0.327543
    HPWL=(3005.724121, 2242.442871)
    POTN=4.998350E+04
    PHIC=3.621280E-06
    GRAD=2.619694E-02
    NuBT=2
    CPU =0.001707

ITER: 179
    HPWL=5155.523438
    OVFL=0.354234
    HPWL=(2942.941895, 2212.581543)
    POTN=4.199636E+04
    PHIC=3.802343E-06
    GRAD=2.725726E-02
    NuBT=2
    CPU =0.001727

ITER: 180
    HPWL=5112.052734
    OVFL=0.383932
    HPWL=(2908.616455, 2203.436279)
    POTN=3.651007E+04
    PHIC=3.992460E-06
    GRAD=2.446379E-02
    NuBT=2
    CPU =0.001715

ITER: 181
    HPWL=5096.116211
    OVFL=0.413843
    HPWL=(2889.441406, 2206.675049)
    POTN=3.427544E+04
    PHIC=4.192083E-06
    GRAD=2.135959E-02
    NuBT=1
    CPU =0.000905

ITER: 182
    HPWL=5070.073242
    OVFL=0.430571
    HPWL=(2863.185303, 2206.887695)
    POTN=3.417841E+04
    PHIC=4.401687E-06
    GRAD=1.835135E-02
    NuBT=1
    CPU =0.000902

ITER: 183
    HPWL=5091.560547
    OVFL=0.456983
    HPWL=(2866.218994, 2225.341553)
    POTN=3.597115E+04
    PHIC=4.621757E-06
    GRAD=1.683707E-02
    NuBT=1
    CPU =0.000897

ITER: 184
    HPWL=5221.435547
    OVFL=0.465970
    HPWL=(2947.081787, 2274.353516)
    POTN=3.974015E+04
    PHIC=4.852756E-06
    GRAD=1.490454E-02
    NuBT=1
    CPU =0.000904

ITER: 185
    HPWL=5431.369141
    OVFL=0.461671
    HPWL=(3086.229980, 2345.139404)
    POTN=4.426275E+04
    PHIC=5.095243E-06
    GRAD=1.445187E-02
    NuBT=1
    CPU =0.000904

ITER: 186
    HPWL=5583.364258
    OVFL=0.462138
    HPWL=(3197.168945, 2386.195312)
    POTN=5.040917E+04
    PHIC=5.349890E-06
    GRAD=1.472667E-02
    NuBT=2
    CPU =0.001715

ITER: 187
    HPWL=5698.184570
    OVFL=0.467137
    HPWL=(3284.857422, 2413.326904)
    POTN=5.633651E+04
    PHIC=5.617293E-06
    GRAD=1.469115E-02
    NuBT=2
    CPU =0.001727

ITER: 188
    HPWL=5787.921387
    OVFL=0.468568
    HPWL=(3353.533203, 2434.388184)
    POTN=6.367452E+04
    PHIC=5.898083E-06
    GRAD=1.441860E-02
    NuBT=1
    CPU =0.000904

ITER: 189
    HPWL=5824.486328
    OVFL=0.457291
    HPWL=(3387.102295, 2437.384033)
    POTN=6.997621E+04
    PHIC=6.192955E-06
    GRAD=1.425291E-02
    NuBT=1
    CPU =0.000904

ITER: 190
    HPWL=5820.162109
    OVFL=0.448064
    HPWL=(3392.414795, 2427.747314)
    POTN=7.809708E+04
    PHIC=6.502602E-06
    GRAD=1.493858E-02
    NuBT=1
    CPU =0.000895

ITER: 191
    HPWL=5782.949219
    OVFL=0.439557
    HPWL=(3375.447021, 2407.502441)
    POTN=8.467633E+04
    PHIC=6.827732E-06
    GRAD=1.557394E-02
    NuBT=1
    CPU =0.000906

ITER: 192
    HPWL=5727.390137
    OVFL=0.427345
    HPWL=(3342.651855, 2384.738281)
    POTN=9.169633E+04
    PHIC=7.169118E-06
    GRAD=1.621092E-02
    NuBT=1
    CPU =0.000902

ITER: 193
    HPWL=5645.642090
    OVFL=0.419569
    HPWL=(3292.842285, 2352.799805)
    POTN=9.697239E+04
    PHIC=7.527574E-06
    GRAD=1.711948E-02
    NuBT=2
    CPU =0.001714

ITER: 194
    HPWL=5567.514648
    OVFL=0.407745
    HPWL=(3241.592285, 2325.922607)
    POTN=1.017789E+05
    PHIC=7.903952E-06
    GRAD=1.777278E-02
    NuBT=1
    CPU =0.000903

ITER: 195
    HPWL=5483.973633
    OVFL=0.394555
    HPWL=(3186.181152, 2297.792236)
    POTN=1.041025E+05
    PHIC=8.299149E-06
    GRAD=1.876916E-02
    NuBT=2
    CPU =0.001708

ITER: 196
    HPWL=5398.579102
    OVFL=0.381071
    HPWL=(3128.557129, 2270.021973)
    POTN=1.059434E+05
    PHIC=8.714106E-06
    GRAD=1.995927E-02
    NuBT=2
    CPU =0.001711

ITER: 197
    HPWL=5312.655273
    OVFL=0.372784
    HPWL=(3069.304688, 2243.350830)
    POTN=1.055158E+05
    PHIC=9.149811E-06
    GRAD=2.123838E-02
    NuBT=2
    CPU =0.001720

ITER: 198
    HPWL=5230.651367
    OVFL=0.381405
    HPWL=(3011.762695, 2218.888672)
    POTN=1.053213E+05
    PHIC=9.607302E-06
    GRAD=2.207533E-02
    NuBT=2
    CPU =0.001712

ITER: 199
    HPWL=5166.317871
    OVFL=0.396045
    HPWL=(2966.563232, 2199.754639)
    POTN=1.035517E+05
    PHIC=1.008767E-05
    GRAD=2.125469E-02
    NuBT=2
    CPU =0.001704

ITER: 200
    HPWL=5145.546387
    OVFL=0.416414
    HPWL=(2948.191406, 2197.354980)
    POTN=1.027077E+05
    PHIC=1.059205E-05
    GRAD=1.989973E-02
    NuBT=1
    CPU =0.000906

ITER: 201
    HPWL=5128.575195
    OVFL=0.439001
    HPWL=(2931.698975, 2196.876465)
    POTN=1.000580E+05
    PHIC=1.112165E-05
    GRAD=1.800867E-02
    NuBT=1
    CPU =0.000906

ITER: 202
    HPWL=5128.630859
    OVFL=0.450501
    HPWL=(2927.158447, 2201.472168)
    POTN=9.723261E+04
    PHIC=1.167773E-05
    GRAD=1.609076E-02
    NuBT=1
    CPU =0.000906

ITER: 203
    HPWL=5191.261230
    OVFL=0.460162
    HPWL=(2965.688232, 2225.572998)
    POTN=9.211531E+04
    PHIC=1.226151E-05
    GRAD=1.519483E-02
    NuBT=1
    CPU =0.000913

ITER: 204
    HPWL=5367.792480
    OVFL=0.482200
    HPWL=(3086.808838, 2280.983643)
    POTN=8.434952E+04
    PHIC=1.287426E-05
    GRAD=1.458115E-02
    NuBT=1
    CPU =0.000908

ITER: 205
    HPWL=5517.373535
    OVFL=0.485729
    HPWL=(3191.406982, 2325.966553)
    POTN=7.428788E+04
    PHIC=1.351769E-05
    GRAD=1.316531E-02
    NuBT=2
    CPU =0.001713

ITER: 206
    HPWL=5685.189453
    OVFL=0.476043
    HPWL=(3306.692383, 2378.496826)
    POTN=6.379499E+04
    PHIC=1.419324E-05
    GRAD=1.302053E-02
    NuBT=1
    CPU =0.000905

ITER: 207
    HPWL=5786.240234
    OVFL=0.456327
    HPWL=(3379.229492, 2407.010742)
    POTN=5.183784E+04
    PHIC=1.490269E-05
    GRAD=1.362812E-02
    NuBT=2
    CPU =0.001702

ITER: 208
    HPWL=5806.331055
    OVFL=0.435429
    HPWL=(3398.496582, 2407.834473)
    POTN=4.159338E+04
    PHIC=1.564778E-05
    GRAD=1.493629E-02
    NuBT=2
    CPU =0.001713

ITER: 209
    HPWL=5764.635742
    OVFL=0.417980
    HPWL=(3376.312988, 2388.322998)
    POTN=3.233888E+04
    PHIC=1.643017E-05
    GRAD=1.651823E-02
    NuBT=2
    CPU =0.001713

ITER: 210
    HPWL=5678.760254
    OVFL=0.405757
    HPWL=(3321.944824, 2356.815430)
    POTN=2.622887E+04
    PHIC=1.725168E-05
    GRAD=1.798182E-02
    NuBT=2
    CPU =0.001713

ITER: 211
    HPWL=5574.709961
    OVFL=0.391463
    HPWL=(3253.806885, 2320.903320)
    POTN=2.223049E+04
    PHIC=1.811426E-05
    GRAD=1.907529E-02
    NuBT=2
    CPU =0.001710

ITER: 212
    HPWL=5465.276855
    OVFL=0.389327
    HPWL=(3180.860840, 2284.416016)
    POTN=2.153126E+04
    PHIC=1.901997E-05
    GRAD=2.037252E-02
    NuBT=2
    CPU =0.001707

ITER: 213
    HPWL=5374.145508
    OVFL=0.385805
    HPWL=(3117.258057, 2256.887207)
    POTN=2.352611E+04
    PHIC=1.997097E-05
    GRAD=2.065391E-02
    NuBT=2
    CPU =0.001709

ITER: 214
    HPWL=5289.807617
    OVFL=0.382867
    HPWL=(3057.623291, 2232.184082)
    POTN=2.764427E+04
    PHIC=2.096951E-05
    GRAD=2.096061E-02
    NuBT=2
    CPU =0.001706

ITER: 215
    HPWL=5223.875000
    OVFL=0.385653
    HPWL=(3009.624756, 2214.250488)
    POTN=3.384261E+04
    PHIC=2.201799E-05
    GRAD=2.122279E-02
    NuBT=2
    CPU =0.001715

ITER: 216
    HPWL=5182.694336
    OVFL=0.400975
    HPWL=(2979.588867, 2203.105469)
    POTN=4.063893E+04
    PHIC=2.311889E-05
    GRAD=2.093226E-02
    NuBT=2
    CPU =0.001718

ITER: 217
    HPWL=5171.708984
    OVFL=0.430766
    HPWL=(2965.454102, 2206.255127)
    POTN=4.874591E+04
    PHIC=2.427483E-05
    GRAD=1.950943E-02
    NuBT=1
    CPU =0.000905

ITER: 218
    HPWL=5157.512207
    OVFL=0.449164
    HPWL=(2951.573486, 2205.938721)
    POTN=5.523411E+04
    PHIC=2.548857E-05
    GRAD=1.683712E-02
    NuBT=1
    CPU =0.000891

ITER: 219
    HPWL=5152.360352
    OVFL=0.449809
    HPWL=(2944.590820, 2207.769775)
    POTN=6.031135E+04
    PHIC=2.676300E-05
    GRAD=1.528540E-02
    NuBT=1
    CPU =0.000901

ITER: 220
    HPWL=5244.116211
    OVFL=0.461741
    HPWL=(3004.729736, 2239.386475)
    POTN=6.173461E+04
    PHIC=2.810078E-05
    GRAD=1.521191E-02
    NuBT=1
    CPU =0.000901

ITER: 221
    HPWL=5413.317383
    OVFL=0.469933
    HPWL=(3125.280273, 2288.037109)
    POTN=5.744350E+04
    PHIC=2.950512E-05
    GRAD=1.445599E-02
    NuBT=2
    CPU =0.001711

ITER: 222
    HPWL=5552.602051
    OVFL=0.465538
    HPWL=(3221.596680, 2331.005371)
    POTN=5.138846E+04
    PHIC=3.097976E-05
    GRAD=1.392705E-02
    NuBT=2
    CPU =0.001706

ITER: 223
    HPWL=5677.621094
    OVFL=0.454817
    HPWL=(3305.124023, 2372.497070)
    POTN=4.435546E+04
    PHIC=3.252818E-05
    GRAD=1.428279E-02
    NuBT=2
    CPU =0.001700

ITER: 224
    HPWL=5733.207031
    OVFL=0.441271
    HPWL=(3344.623291, 2388.583740)
    POTN=3.617068E+04
    PHIC=3.415432E-05
    GRAD=1.501156E-02
    NuBT=2
    CPU =0.001718

ITER: 225
    HPWL=5731.276367
    OVFL=0.423154
    HPWL=(3345.774658, 2385.501465)
    POTN=2.929546E+04
    PHIC=3.586203E-05
    GRAD=1.600854E-02
    NuBT=2
    CPU =0.001716

ITER: 226
    HPWL=5685.154297
    OVFL=0.413722
    HPWL=(3316.546387, 2368.607666)
    POTN=2.422627E+04
    PHIC=3.765513E-05
    GRAD=1.743759E-02
    NuBT=2
    CPU =0.001711

ITER: 227
    HPWL=5609.673340
    OVFL=0.403801
    HPWL=(3267.706055, 2341.967285)
    POTN=2.112277E+04
    PHIC=3.953789E-05
    GRAD=1.828462E-02
    NuBT=2
    CPU =0.001702

ITER: 228
    HPWL=5518.616211
    OVFL=0.398340
    HPWL=(3207.675049, 2310.941162)
    POTN=2.045560E+04
    PHIC=4.151478E-05
    GRAD=1.912751E-02
    NuBT=2
    CPU =0.001709

ITER: 229
    HPWL=5433.262695
    OVFL=0.390149
    HPWL=(3152.409424, 2280.853027)
    POTN=2.120272E+04
    PHIC=4.359052E-05
    GRAD=1.963761E-02
    NuBT=2
    CPU =0.001715

ITER: 230
    HPWL=5345.892578
    OVFL=0.379863
    HPWL=(3095.096680, 2250.796143)
    POTN=2.333973E+04
    PHIC=4.577004E-05
    GRAD=2.035585E-02
    NuBT=2
    CPU =0.001710

ITER: 231
    HPWL=5265.885742
    OVFL=0.372313
    HPWL=(3042.351562, 2223.534424)
    POTN=2.586652E+04
    PHIC=4.805854E-05
    GRAD=2.130041E-02
    NuBT=2
    CPU =0.001722

ITER: 232
    HPWL=5197.372070
    OVFL=0.382721
    HPWL=(2993.906738, 2203.465576)
    POTN=2.905200E+04
    PHIC=5.046147E-05
    GRAD=2.202635E-02
    NuBT=2
    CPU =0.001713

ITER: 233
    HPWL=5157.017578
    OVFL=0.409567
    HPWL=(2965.152344, 2191.865479)
    POTN=3.179415E+04
    PHIC=5.298453E-05
    GRAD=2.101554E-02
    NuBT=2
    CPU =0.001705

ITER: 234
    HPWL=5142.718750
    OVFL=0.442901
    HPWL=(2949.298340, 2193.420410)
    POTN=3.446092E+04
    PHIC=5.563376E-05
    GRAD=1.855058E-02
    NuBT=1
    CPU =0.000900

ITER: 235
    HPWL=5125.607910
    OVFL=0.459495
    HPWL=(2933.516602, 2192.091309)
    POTN=3.503199E+04
    PHIC=5.841544E-05
    GRAD=1.572169E-02
    NuBT=1
    CPU =0.000905

ITER: 236
    HPWL=5154.024414
    OVFL=0.453449
    HPWL=(2946.214844, 2207.809814)
    POTN=3.340700E+04
    PHIC=6.133597E-05
    GRAD=1.445379E-02
    NuBT=1
    CPU =0.000906

ITER: 237
    HPWL=5323.256348
    OVFL=0.449584
    HPWL=(3065.285156, 2257.971191)
    POTN=2.856843E+04
    PHIC=6.440123E-05
    GRAD=1.486125E-02
    NuBT=1
    CPU =0.000913

ITER: 238
    HPWL=5475.659668
    OVFL=0.443988
    HPWL=(3175.806152, 2299.853516)
    POTN=2.446103E+04
    PHIC=6.761983E-05
    GRAD=1.521765E-02
    NuBT=2
    CPU =0.001716

ITER: 239
    HPWL=5549.044922
    OVFL=0.441356
    HPWL=(3233.557861, 2315.487305)
    POTN=2.250297E+04
    PHIC=7.100009E-05
    GRAD=1.561953E-02
    NuBT=2
    CPU =0.001710

ITER: 240
    HPWL=5592.629883
    OVFL=0.426220
    HPWL=(3266.660645, 2325.969482)
    POTN=2.166381E+04
    PHIC=7.454964E-05
    GRAD=1.584745E-02
    NuBT=2
    CPU =0.001700

ITER: 241
    HPWL=5592.366211
    OVFL=0.410445
    HPWL=(3267.567871, 2324.798340)
    POTN=2.216832E+04
    PHIC=7.827712E-05
    GRAD=1.700561E-02
    NuBT=2
    CPU =0.001727

ITER: 242
    HPWL=5556.284668
    OVFL=0.397470
    HPWL=(3241.473633, 2314.811035)
    POTN=2.309274E+04
    PHIC=8.219097E-05
    GRAD=1.831957E-02
    NuBT=2
    CPU =0.001716

ITER: 243
    HPWL=5491.014648
    OVFL=0.392568
    HPWL=(3195.141846, 2295.872803)
    POTN=2.398053E+04
    PHIC=8.630052E-05
    GRAD=1.948069E-02
    NuBT=2
    CPU =0.001712

ITER: 244
    HPWL=5421.458984
    OVFL=0.384445
    HPWL=(3143.837158, 2277.621582)
    POTN=2.371061E+04
    PHIC=9.061554E-05
    GRAD=1.995175E-02
    NuBT=2
    CPU =0.001716

ITER: 245
    HPWL=5344.158203
    OVFL=0.369790
    HPWL=(3090.579102, 2253.578857)
    POTN=2.253388E+04
    PHIC=9.514632E-05
    GRAD=2.069508E-02
    NuBT=2
    CPU =0.001718

ITER: 246
    HPWL=5272.294434
    OVFL=0.350601
    HPWL=(3041.762939, 2230.531494)
    POTN=2.017387E+04
    PHIC=9.990363E-05
    GRAD=2.209924E-02
    NuBT=2
    CPU =0.001712

ITER: 247
    HPWL=5190.050781
    OVFL=0.344289
    HPWL=(2987.936768, 2202.113770)
    POTN=1.813607E+04
    PHIC=1.048988E-04
    GRAD=2.405212E-02
    NuBT=2
    CPU =0.001708

ITER: 248
    HPWL=5132.443359
    OVFL=0.357971
    HPWL=(2953.997559, 2178.445801)
    POTN=1.659258E+04
    PHIC=1.101437E-04
    GRAD=2.479820E-02
    NuBT=2
    CPU =0.001712

ITER: 249
    HPWL=5080.745117
    OVFL=0.378817
    HPWL=(2923.493164, 2157.251953)
    POTN=1.645154E+04
    PHIC=1.156509E-04
    GRAD=2.338003E-02
    NuBT=2
    CPU =0.001722

ITER: 250
    HPWL=5061.008789
    OVFL=0.412062
    HPWL=(2907.901123, 2153.107666)
    POTN=1.756281E+04
    PHIC=1.214335E-04
    GRAD=2.126932E-02
    NuBT=1
    CPU =0.000906

ITER: 251
    HPWL=5050.793945
    OVFL=0.423786
    HPWL=(2895.160645, 2155.633301)
    POTN=1.883885E+04
    PHIC=1.275051E-04
    GRAD=1.811767E-02
    NuBT=1
    CPU =0.000893

ITER: 252
    HPWL=5065.078125
    OVFL=0.428852
    HPWL=(2896.905762, 2168.172119)
    POTN=1.974271E+04
    PHIC=1.338801E-04
    GRAD=1.700909E-02
    NuBT=1
    CPU =0.000902

ITER: 253
    HPWL=5178.021484
    OVFL=0.428656
    HPWL=(2963.693359, 2214.328125)
    POTN=1.986510E+04
    PHIC=1.405719E-04
    GRAD=1.661301E-02
    NuBT=1
    CPU =0.000905

ITER: 254
    HPWL=5313.191406
    OVFL=0.423637
    HPWL=(3050.796875, 2262.394287)
    POTN=1.890309E+04
    PHIC=1.475976E-04
    GRAD=1.668970E-02
    NuBT=2
    CPU =0.001717

ITER: 255
    HPWL=5398.828125
    OVFL=0.404208
    HPWL=(3114.230469, 2284.597656)
    POTN=1.704766E+04
    PHIC=1.549756E-04
    GRAD=1.708854E-02
    NuBT=2
    CPU =0.001719

ITER: 256
    HPWL=5432.603516
    OVFL=0.384341
    HPWL=(3147.531250, 2285.072510)
    POTN=1.514836E+04
    PHIC=1.627236E-04
    GRAD=1.868546E-02
    NuBT=2
    CPU =0.001707

ITER: 257
    HPWL=5412.736328
    OVFL=0.364575
    HPWL=(3146.745117, 2265.990967)
    POTN=1.328049E+04
    PHIC=1.708598E-04
    GRAD=2.047182E-02
    NuBT=2
    CPU =0.001729

ITER: 258
    HPWL=5350.881836
    OVFL=0.350694
    HPWL=(3114.850586, 2236.031006)
    POTN=1.211770E+04
    PHIC=1.794028E-04
    GRAD=2.238837E-02
    NuBT=2
    CPU =0.001715

ITER: 259
    HPWL=5272.380859
    OVFL=0.335319
    HPWL=(3065.264160, 2207.116943)
    POTN=1.138995E+04
    PHIC=1.883729E-04
    GRAD=2.382713E-02
    NuBT=2
    CPU =0.001717

ITER: 260
    HPWL=5186.572266
    OVFL=0.323781
    HPWL=(3008.244629, 2178.327637)
    POTN=1.117542E+04
    PHIC=1.977916E-04
    GRAD=2.542694E-02
    NuBT=2
    CPU =0.001706

ITER: 261
    HPWL=5116.643066
    OVFL=0.313693
    HPWL=(2958.208740, 2158.434326)
    POTN=1.116105E+04
    PHIC=2.076811E-04
    GRAD=2.671608E-02
    NuBT=2
    CPU =0.001717

ITER: 262
    HPWL=5060.233398
    OVFL=0.318858
    HPWL=(2919.064453, 2141.169189)
    POTN=1.101157E+04
    PHIC=2.180652E-04
    GRAD=2.782921E-02
    NuBT=2
    CPU =0.001721

ITER: 263
    HPWL=5023.580078
    OVFL=0.336223
    HPWL=(2892.773438, 2130.806396)
    POTN=1.095716E+04
    PHIC=2.289684E-04
    GRAD=2.729035E-02
    NuBT=2
    CPU =0.001721

ITER: 264
    HPWL=5021.351074
    OVFL=0.365497
    HPWL=(2885.120117, 2136.230957)
    POTN=1.132002E+04
    PHIC=2.404168E-04
    GRAD=2.546236E-02
    NuBT=1
    CPU =0.000914

ITER: 265
    HPWL=4996.779297
    OVFL=0.379528
    HPWL=(2867.217285, 2129.562012)
    POTN=1.188113E+04
    PHIC=2.524377E-04
    GRAD=2.222050E-02
    NuBT=1
    CPU =0.000913

ITER: 266
    HPWL=4971.022461
    OVFL=0.387680
    HPWL=(2851.287109, 2119.735596)
    POTN=1.275324E+04
    PHIC=2.650596E-04
    GRAD=2.059994E-02
    NuBT=1
    CPU =0.000906

ITER: 267
    HPWL=5022.545898
    OVFL=0.402605
    HPWL=(2885.429932, 2137.116211)
    POTN=1.367462E+04
    PHIC=2.783105E-04
    GRAD=1.981711E-02
    NuBT=1
    CPU =0.000904

ITER: 268
    HPWL=5119.218262
    OVFL=0.411952
    HPWL=(2949.598389, 2169.619873)
    POTN=1.413525E+04
    PHIC=2.922220E-04
    GRAD=1.860011E-02
    NuBT=2
    CPU =0.001716

ITER: 269
    HPWL=5220.240234
    OVFL=0.406027
    HPWL=(3020.347656, 2199.892822)
    POTN=1.359879E+04
    PHIC=3.068288E-04
    GRAD=1.788185E-02
    NuBT=2
    CPU =0.001716

ITER: 270
    HPWL=5325.875977
    OVFL=0.380739
    HPWL=(3093.936768, 2231.939209)
    POTN=1.181213E+04
    PHIC=3.221654E-04
    GRAD=1.845410E-02
    NuBT=1
    CPU =0.000893

ITER: 271
    HPWL=5340.652344
    OVFL=0.347849
    HPWL=(3112.871338, 2227.781250)
    POTN=9.999327E+03
    PHIC=3.382730E-04
    GRAD=2.047823E-02
    NuBT=2
    CPU =0.001727

ITER: 272
    HPWL=5308.357422
    OVFL=0.315085
    HPWL=(3098.804932, 2209.552490)
    POTN=8.534104E+03
    PHIC=3.551866E-04
    GRAD=2.358872E-02
    NuBT=2
    CPU =0.001721

ITER: 273
    HPWL=5235.194336
    OVFL=0.286382
    HPWL=(3053.475342, 2181.718750)
    POTN=7.598604E+03
    PHIC=3.729459E-04
    GRAD=2.710780E-02
    NuBT=2
    CPU =0.001712

ITER: 274
    HPWL=5135.652344
    OVFL=0.256928
    HPWL=(2987.452148, 2148.200439)
    POTN=6.925621E+03
    PHIC=3.915932E-04
    GRAD=3.037580E-02
    NuBT=2
    CPU =0.001706

ITER: 275
    HPWL=5026.504883
    OVFL=0.240924
    HPWL=(2916.911133, 2109.593750)
    POTN=6.571652E+03
    PHIC=4.111729E-04
    GRAD=3.377293E-02
    NuBT=2
    CPU =0.001716

ITER: 276
    HPWL=4955.705566
    OVFL=0.251619
    HPWL=(2873.120850, 2082.584717)
    POTN=6.453590E+03
    PHIC=4.317315E-04
    GRAD=3.573372E-02
    NuBT=2
    CPU =0.001713

ITER: 277
    HPWL=4919.136719
    OVFL=0.272646
    HPWL=(2852.270508, 2066.866455)
    POTN=6.792531E+03
    PHIC=4.533180E-04
    GRAD=3.467574E-02
    NuBT=2
    CPU =0.001717

ITER: 278
    HPWL=4937.576172
    OVFL=0.317205
    HPWL=(2855.431396, 2082.144775)
    POTN=7.905401E+03
    PHIC=4.759827E-04
    GRAD=3.262328E-02
    NuBT=1
    CPU =0.000906

ITER: 279
    HPWL=4915.000977
    OVFL=0.355921
    HPWL=(2831.568359, 2083.432617)
    POTN=9.925771E+03
    PHIC=4.997818E-04
    GRAD=2.706929E-02
    NuBT=1
    CPU =0.000904

ITER: 280
    HPWL=4837.719238
    OVFL=0.370275
    HPWL=(2772.981201, 2064.738037)
    POTN=1.127828E+04
    PHIC=5.247709E-04
    GRAD=2.229002E-02
    NuBT=1
    CPU =0.000911

ITER: 281
    HPWL=4862.866211
    OVFL=0.371756
    HPWL=(2782.778320, 2080.087891)
    POTN=1.118330E+04
    PHIC=5.510075E-04
    GRAD=2.071168E-02
    NuBT=1
    CPU =0.000907

ITER: 282
    HPWL=5050.636719
    OVFL=0.352701
    HPWL=(2907.959961, 2142.676514)
    POTN=9.081081E+03
    PHIC=5.785425E-04
    GRAD=2.079069E-02
    NuBT=1
    CPU =0.000907

ITER: 283
    HPWL=5117.877930
    OVFL=0.333179
    HPWL=(2957.259521, 2160.618408)
    POTN=8.173638E+03
    PHIC=6.074638E-04
    GRAD=2.242956E-02
    NuBT=2
    CPU =0.001718

ITER: 284
    HPWL=5169.122070
    OVFL=0.303259
    HPWL=(2995.749023, 2173.373047)
    POTN=7.108926E+03
    PHIC=6.378323E-04
    GRAD=2.440548E-02
    NuBT=2
    CPU =0.001708

ITER: 285
    HPWL=5160.818848
    OVFL=0.274865
    HPWL=(2995.676025, 2165.142822)
    POTN=6.243644E+03
    PHIC=6.697238E-04
    GRAD=2.746714E-02
    NuBT=2
    CPU =0.001727

ITER: 286
    HPWL=5107.958984
    OVFL=0.246785
    HPWL=(2968.417480, 2139.541748)
    POTN=5.459552E+03
    PHIC=7.032100E-04
    GRAD=3.057983E-02
    NuBT=2
    CPU =0.001722

ITER: 287
    HPWL=5048.027832
    OVFL=0.220214
    HPWL=(2928.168457, 2119.859375)
    POTN=4.739804E+03
    PHIC=7.383705E-04
    GRAD=3.368629E-02
    NuBT=2
    CPU =0.001718

ITER: 288
    HPWL=4971.800781
    OVFL=0.210422
    HPWL=(2881.945068, 2089.855713)
    POTN=4.466559E+03
    PHIC=7.752890E-04
    GRAD=3.652842E-02
    NuBT=2
    CPU =0.001712

ITER: 289
    HPWL=4920.162109
    OVFL=0.231664
    HPWL=(2850.408691, 2069.753662)
    POTN=4.500766E+03
    PHIC=8.140534E-04
    GRAD=3.769628E-02
    NuBT=2
    CPU =0.001725

ITER: 290
    HPWL=4910.356934
    OVFL=0.265360
    HPWL=(2846.942383, 2063.414551)
    POTN=5.167960E+03
    PHIC=8.547560E-04
    GRAD=3.580546E-02
    NuBT=2
    CPU =0.001718

ITER: 291
    HPWL=4927.122070
    OVFL=0.284952
    HPWL=(2850.097168, 2077.024658)
    POTN=6.078681E+03
    PHIC=8.974916E-04
    GRAD=3.217626E-02
    NuBT=1
    CPU =0.000917

ITER: 292
    HPWL=4889.808594
    OVFL=0.294126
    HPWL=(2815.718262, 2074.090332)
    POTN=6.650480E+03
    PHIC=9.423662E-04
    GRAD=2.907380E-02
    NuBT=1
    CPU =0.000906

ITER: 293
    HPWL=4893.701172
    OVFL=0.305569
    HPWL=(2811.229980, 2082.471191)
    POTN=6.791844E+03
    PHIC=9.894839E-04
    GRAD=2.759070E-02
    NuBT=1
    CPU =0.000897

ITER: 294
    HPWL=4979.047363
    OVFL=0.303214
    HPWL=(2865.052734, 2113.994629)
    POTN=6.330361E+03
    PHIC=1.038946E-03
    GRAD=2.666657E-02
    NuBT=1
    CPU =0.000904

ITER: 295
    HPWL=5031.654785
    OVFL=0.282156
    HPWL=(2897.615234, 2134.039551)
    POTN=5.465912E+03
    PHIC=1.090885E-03
    GRAD=2.688795E-02
    NuBT=2
    CPU =0.001719

ITER: 296
    HPWL=5052.459961
    OVFL=0.250855
    HPWL=(2910.763184, 2141.696533)
    POTN=4.437727E+03
    PHIC=1.145425E-03
    GRAD=2.881054E-02
    NuBT=2
    CPU =0.001720

ITER: 297
    HPWL=5037.430664
    OVFL=0.216367
    HPWL=(2905.148682, 2132.281738)
    POTN=3.526212E+03
    PHIC=1.202697E-03
    GRAD=3.178675E-02
    NuBT=2
    CPU =0.001708

ITER: 298
    HPWL=4999.573242
    OVFL=0.195977
    HPWL=(2888.151611, 2111.421875)
    POTN=3.114612E+03
    PHIC=1.262832E-03
    GRAD=3.508623E-02
    NuBT=2
    CPU =0.001725

ITER: 299
    HPWL=4958.429199
    OVFL=0.186193
    HPWL=(2869.690674, 2088.738525)
    POTN=2.931839E+03
    PHIC=1.325973E-03
    GRAD=3.704169E-02
    NuBT=2
    CPU =0.001721

ITER: 300
    HPWL=4929.411133
    OVFL=0.186195
    HPWL=(2853.070068, 2076.340820)
    POTN=3.055248E+03
    PHIC=1.392272E-03
    GRAD=3.802847E-02
    NuBT=2
    CPU =0.001727

ITER: 301
    HPWL=4915.402832
    OVFL=0.207319
    HPWL=(2843.481201, 2071.921631)
    POTN=3.330950E+03
    PHIC=1.461885E-03
    GRAD=3.826681E-02
    NuBT=2
    CPU =0.001707

ITER: 302
    HPWL=4952.698730
    OVFL=0.226426
    HPWL=(2860.626221, 2092.072510)
    POTN=3.746879E+03
    PHIC=1.534971E-03
    GRAD=3.709904E-02
    NuBT=1
    CPU =0.000907

ITER: 303
    HPWL=4940.144043
    OVFL=0.243473
    HPWL=(2844.419189, 2095.724854)
    POTN=4.179502E+03
    PHIC=1.611720E-03
    GRAD=3.434899E-02
    NuBT=1
    CPU =0.000905

ITER: 304
    HPWL=4906.518555
    OVFL=0.244808
    HPWL=(2821.669189, 2084.849121)
    POTN=4.242665E+03
    PHIC=1.692306E-03
    GRAD=3.132467E-02
    NuBT=1
    CPU =0.000906

ITER: 305
    HPWL=4935.472656
    OVFL=0.233108
    HPWL=(2835.988525, 2099.484375)
    POTN=3.977140E+03
    PHIC=1.776914E-03
    GRAD=3.093838E-02
    NuBT=1
    CPU =0.000906

ITER: 306
    HPWL=4992.717773
    OVFL=0.213635
    HPWL=(2867.946289, 2124.771729)
    POTN=3.483986E+03
    PHIC=1.865744E-03
    GRAD=3.227454E-02
    NuBT=2
    CPU =0.001723

ITER: 307
    HPWL=4997.641602
    OVFL=0.199467
    HPWL=(2867.866211, 2129.775146)
    POTN=3.108653E+03
    PHIC=1.959030E-03
    GRAD=3.386828E-02
    NuBT=2
    CPU =0.001709

ITER: 308
    HPWL=5012.654297
    OVFL=0.186270
    HPWL=(2874.894043, 2137.760010)
    POTN=2.795915E+03
    PHIC=2.056977E-03
    GRAD=3.505753E-02
    NuBT=2
    CPU =0.001725

ITER: 309
    HPWL=5007.140625
    OVFL=0.178741
    HPWL=(2869.226562, 2137.914307)
    POTN=2.619340E+03
    PHIC=2.159826E-03
    GRAD=3.619541E-02
    NuBT=2
    CPU =0.001716

ITER: 310
    HPWL=5001.787598
    OVFL=0.173393
    HPWL=(2865.567139, 2136.220459)
    POTN=2.508576E+03
    PHIC=2.267817E-03
    GRAD=3.662904E-02
    NuBT=2
    CPU =0.001723

ITER: 311
    HPWL=4993.917969
    OVFL=0.172686
    HPWL=(2860.306396, 2133.611816)
    POTN=2.550354E+03
    PHIC=2.381208E-03
    GRAD=3.720932E-02
    NuBT=2
    CPU =0.001707

ITER: 312
    HPWL=5018.808594
    OVFL=0.177438
    HPWL=(2877.180664, 2141.628174)
    POTN=2.627344E+03
    PHIC=2.500259E-03
    GRAD=3.773810E-02
    NuBT=1
    CPU =0.000916

ITER: 313
    HPWL=5015.733887
    OVFL=0.181583
    HPWL=(2873.385742, 2142.348145)
    POTN=2.871687E+03
    PHIC=2.625272E-03
    GRAD=3.730117E-02
    NuBT=1
    CPU =0.000909

ITER: 314
    HPWL=4990.559570
    OVFL=0.181204
    HPWL=(2858.847168, 2131.712158)
    POTN=2.980377E+03
    PHIC=2.756536E-03
    GRAD=3.588631E-02
    NuBT=1
    CPU =0.000907

ITER: 315
    HPWL=4980.639648
    OVFL=0.177325
    HPWL=(2848.628906, 2132.010498)
    POTN=3.222226E+03
    PHIC=2.894362E-03
    GRAD=3.579055E-02
    NuBT=1
    CPU =0.000906

ITER: 316
    HPWL=5001.371094
    OVFL=0.169454
    HPWL=(2855.766357, 2145.604980)
    POTN=3.471076E+03
    PHIC=3.039071E-03
    GRAD=3.674738E-02
    NuBT=1
    CPU =0.000908

ITER: 317
    HPWL=4964.745117
    OVFL=0.166732
    HPWL=(2833.064453, 2131.680664)
    POTN=3.695730E+03
    PHIC=3.191025E-03
    GRAD=3.671627E-02
    NuBT=2
    CPU =0.001721

ITER: 318
    HPWL=4968.665039
    OVFL=0.161834
    HPWL=(2833.791992, 2134.873291)
    POTN=3.939820E+03
    PHIC=3.350574E-03
    GRAD=3.714052E-02
    NuBT=1
    CPU =0.000897

ITER: 319
    HPWL=4974.989258
    OVFL=0.160814
    HPWL=(2838.940918, 2136.048584)
    POTN=4.494612E+03
    PHIC=3.518099E-03
    GRAD=3.832510E-02
    NuBT=1
    CPU =0.000906

ITER: 320
    HPWL=4974.144043
    OVFL=0.155408
    HPWL=(2841.196777, 2132.947266)
    POTN=4.617016E+03
    PHIC=3.694004E-03
    GRAD=3.828143E-02
    NuBT=1
    CPU =0.000908

ITER: 321
    HPWL=4953.506836
    OVFL=0.154507
    HPWL=(2832.718994, 2120.788086)
    POTN=4.386015E+03
    PHIC=3.878704E-03
    GRAD=3.738951E-02
    NuBT=1
    CPU =0.000907

ITER: 322
    HPWL=4952.736328
    OVFL=0.148088
    HPWL=(2835.493652, 2117.242920)
    POTN=4.017044E+03
    PHIC=4.072639E-03
    GRAD=3.666656E-02
    NuBT=1
    CPU =0.000916

ITER: 323
    HPWL=4951.261230
    OVFL=0.150089
    HPWL=(2832.905029, 2118.356201)
    POTN=4.541589E+03
    PHIC=4.276271E-03
    GRAD=3.735359E-02
    NuBT=1
    CPU =0.000905

ITER: 324
    HPWL=4961.773926
    OVFL=0.147012
    HPWL=(2840.175049, 2121.598877)
    POTN=4.681059E+03
    PHIC=4.490077E-03
    GRAD=3.744206E-02
    NuBT=1
    CPU =0.000906

ITER: 325
    HPWL=4938.762207
    OVFL=0.152949
    HPWL=(2825.577881, 2113.184326)
    POTN=5.177512E+03
    PHIC=4.714581E-03
    GRAD=3.752308E-02
    NuBT=1
    CPU =0.000907

ITER: 326
    HPWL=4934.623047
    OVFL=0.151737
    HPWL=(2823.215820, 2111.407471)
    POTN=4.910358E+03
    PHIC=4.950310E-03
    GRAD=3.655558E-02
    NuBT=1
    CPU =0.000905

ITER: 327
    HPWL=4912.072266
    OVFL=0.154257
    HPWL=(2810.150635, 2101.921875)
    POTN=5.332674E+03
    PHIC=5.197825E-03
    GRAD=3.653548E-02
    NuBT=1
    CPU =0.000903

ITER: 328
    HPWL=4916.538086
    OVFL=0.150415
    HPWL=(2818.468994, 2098.068848)
    POTN=5.327427E+03
    PHIC=5.457712E-03
    GRAD=3.625840E-02
    NuBT=1
    CPU =0.000907

ITER: 329
    HPWL=4898.262695
    OVFL=0.150379
    HPWL=(2809.404541, 2088.858398)
    POTN=5.664430E+03
    PHIC=5.730598E-03
    GRAD=3.656869E-02
    NuBT=1
    CPU =0.000894

ITER: 330
    HPWL=4904.103516
    OVFL=0.144056
    HPWL=(2814.673340, 2089.430420)
    POTN=5.728860E+03
    PHIC=6.017122E-03
    GRAD=3.589022E-02
    NuBT=1
    CPU =0.000902

ITER: 331
    HPWL=4900.773926
    OVFL=0.143841
    HPWL=(2817.526855, 2083.247070)
    POTN=5.358776E+03
    PHIC=6.317978E-03
    GRAD=3.520036E-02
    NuBT=1
    CPU =0.000905

ITER: 332
    HPWL=4908.732910
    OVFL=0.141188
    HPWL=(2825.725342, 2083.007568)
    POTN=5.399469E+03
    PHIC=6.633869E-03
    GRAD=3.499413E-02
    NuBT=1
    CPU =0.000906

ITER: 333
    HPWL=4912.406250
    OVFL=0.137674
    HPWL=(2831.042236, 2081.364258)
    POTN=6.033059E+03
    PHIC=6.965559E-03
    GRAD=3.554198E-02
    NuBT=1
    CPU =0.000911

ITER: 334
    HPWL=4913.131836
    OVFL=0.138246
    HPWL=(2833.230713, 2079.900879)
    POTN=5.909852E+03
    PHIC=7.313835E-03
    GRAD=3.516792E-02
    NuBT=1
    CPU =0.000911

ITER: 335
    HPWL=4911.240234
    OVFL=0.133817
    HPWL=(2832.468018, 2078.772461)
    POTN=5.824500E+03
    PHIC=7.679527E-03
    GRAD=3.427053E-02
    NuBT=1
    CPU =0.000906

ITER: 336
    HPWL=4908.537109
    OVFL=0.135804
    HPWL=(2833.347168, 2075.189941)
    POTN=5.771776E+03
    PHIC=8.063503E-03
    GRAD=3.442924E-02
    NuBT=1
    CPU =0.000905

ITER: 337
    HPWL=4919.868164
    OVFL=0.132601
    HPWL=(2845.251709, 2074.616455)
    POTN=6.553838E+03
    PHIC=8.466664E-03
    GRAD=3.487062E-02
    NuBT=1
    CPU =0.000908

ITER: 338
    HPWL=4925.621094
    OVFL=0.130975
    HPWL=(2851.335205, 2074.285645)
    POTN=6.098273E+03
    PHIC=8.889990E-03
    GRAD=3.434444E-02
    NuBT=1
    CPU =0.000904

ITER: 339
    HPWL=4929.849121
    OVFL=0.127209
    HPWL=(2853.542236, 2076.306885)
    POTN=6.112729E+03
    PHIC=9.334484E-03
    GRAD=3.347395E-02
    NuBT=1
    CPU =0.000894

ITER: 340
    HPWL=4937.393555
    OVFL=0.125505
    HPWL=(2862.326660, 2075.067139)
    POTN=6.091890E+03
    PHIC=9.801198E-03
    GRAD=3.405516E-02
    NuBT=1
    CPU =0.000904

ITER: 341
    HPWL=4936.447754
    OVFL=0.121008
    HPWL=(2860.020508, 2076.427246)
    POTN=6.636975E+03
    PHIC=1.029126E-02
    GRAD=3.483783E-02
    NuBT=1
    CPU =0.000907

ITER: 342
    HPWL=4943.316406
    OVFL=0.116211
    HPWL=(2865.312744, 2078.003906)
    POTN=6.413861E+03
    PHIC=1.080581E-02
    GRAD=3.452585E-02
    NuBT=1
    CPU =0.000907

ITER: 343
    HPWL=4933.035156
    OVFL=0.117861
    HPWL=(2852.509766, 2080.525146)
    POTN=6.332817E+03
    PHIC=1.134610E-02
    GRAD=3.388266E-02
    NuBT=1
    CPU =0.000908

ITER: 344
    HPWL=4942.527344
    OVFL=0.113658
    HPWL=(2859.273438, 2083.253662)
    POTN=5.862792E+03
    PHIC=1.191339E-02
    GRAD=3.245643E-02
    NuBT=1
    CPU =0.000914

ITER: 345
    HPWL=4926.319336
    OVFL=0.112916
    HPWL=(2841.195068, 2085.124268)
    POTN=6.447629E+03
    PHIC=1.250905E-02
    GRAD=3.321913E-02
    NuBT=1
    CPU =0.000905

ITER: 346
    HPWL=4966.692383
    OVFL=0.105036
    HPWL=(2875.864014, 2090.828369)
    POTN=6.389011E+03
    PHIC=1.313443E-02
    GRAD=3.304853E-02
    NuBT=1
    CPU =0.000906

ITER: 347
    HPWL=4937.448730
    OVFL=0.108658
    HPWL=(2847.989014, 2089.459717)
    POTN=7.394416E+03
    PHIC=1.379115E-02
    GRAD=3.390400E-02
    NuBT=1
    CPU =0.000906

ITER: 348
    HPWL=4946.317871
    OVFL=0.101100
    HPWL=(2850.968750, 2095.349121)
    POTN=6.607535E+03
    PHIC=1.448069E-02
    GRAD=3.238107E-02
    NuBT=1
    CPU =0.000905

ITER: 349
    HPWL=4942.240723
    OVFL=0.102403
    HPWL=(2841.962646, 2100.278076)
    POTN=7.297051E+03
    PHIC=1.520473E-02
    GRAD=3.320899E-02
    NuBT=1
    CPU =0.000907

ITER: 350
    HPWL=4956.626465
    OVFL=0.096845
    HPWL=(2847.285400, 2109.341064)
    POTN=6.892202E+03
    PHIC=1.596493E-02
    GRAD=3.274898E-02
    NuBT=1
    CPU =0.000896
[INFO] Nesterov: NumIters = 350
[INFO] Nesterov: ScaledHpwl = 4956.626465
[INFO] Nesterov: Overflow = 0.096845
[INFO] Nesterov: Potential = 6892.202148
[INFO] Nesterov: xInstScaledHpwl = 4891.072754
[INFO] Nesterov: yInstScaledHpwl = 4956.626465
[INFO] Nesterov: HPWL = 1478.191040
