RePlAce Version: 1.0.0

** WARNING: Your Detail Placement Step must be skipped.
              (i.e. this program will be executed as -onlyGP)
     If you want to have DP after GP, please specify -dpflag and -dploc.

[INFO] TargetDensity = 0.900000
[INFO] ExperimentIndex = 0
[INFO] DirectoryPath = /openLANE_flow/designs/sb_3__3_/runs/01-09_00-08//tmp/placement/replace/etc/sb_3__3_.floorplan/experiment000
[PROC] Begin LefParsing ...
[LEF] Parsed 500 number of lines!!
WARNING (LEFPARS-2036): SOURCE statement is obsolete in version 5.6 and later.
The LEF parser will ignore this statement.
To avoid this warning in the future, remove this statement from the LEF file with version 5.6 or later. See file /openLANE_flow/designs/sb_3__3_/runs/01-09_00-08//tmp//merged.lef at line 776.

WARNING (LEFPARS-2036): SOURCE statement is obsolete in version 5.6 and later.
The LEF parser will ignore this statement.
To avoid this warning in the future, remove this statement from the LEF file with version 5.6 or later. See file /openLANE_flow/designs/sb_3__3_/runs/01-09_00-08//tmp//merged.lef at line 903.

[LEF] Parsed 1000 number of lines!!
WARNING (LEFPARS-2036): SOURCE statement is obsolete in version 5.6 and later.
The LEF parser will ignore this statement.
To avoid this warning in the future, remove this statement from the LEF file with version 5.6 or later. See file /openLANE_flow/designs/sb_3__3_/runs/01-09_00-08//tmp//merged.lef at line 1034.

WARNING (LEFPARS-2036): SOURCE statement is obsolete in version 5.6 and later.
The LEF parser will ignore this statement.
To avoid this warning in the future, remove this statement from the LEF file with version 5.6 or later. See file /openLANE_flow/designs/sb_3__3_/runs/01-09_00-08//tmp//merged.lef at line 1204.

WARNING (LEFPARS-2036): SOURCE statement is obsolete in version 5.6 and later.
The LEF parser will ignore this statement.
To avoid this warning in the future, remove this statement from the LEF file with version 5.6 or later. See file /openLANE_flow/designs/sb_3__3_/runs/01-09_00-08//tmp//merged.lef at line 1322.

WARNING (LEFPARS-2036): SOURCE statement is obsolete in version 5.6 and later.
The LEF parser will ignore this statement.
To avoid this warning in the future, remove this statement from the LEF file with version 5.6 or later. See file /openLANE_flow/designs/sb_3__3_/runs/01-09_00-08//tmp//merged.lef at line 1442.

[LEF] Parsed 1500 number of lines!!
WARNING (LEFPARS-2036): SOURCE statement is obsolete in version 5.6 and later.
The LEF parser will ignore this statement.
To avoid this warning in the future, remove this statement from the LEF file with version 5.6 or later. See file /openLANE_flow/designs/sb_3__3_/runs/01-09_00-08//tmp//merged.lef at line 1589.

WARNING (LEFPARS-2036): SOURCE statement is obsolete in version 5.6 and later.
The LEF parser will ignore this statement.
To avoid this warning in the future, remove this statement from the LEF file with version 5.6 or later. See file /openLANE_flow/designs/sb_3__3_/runs/01-09_00-08//tmp//merged.lef at line 1777.

WARNING (LEFPARS-2036): SOURCE statement is obsolete in version 5.6 and later.
The LEF parser will ignore this statement.
To avoid this warning in the future, remove this statement from the LEF file with version 5.6 or later. See file /openLANE_flow/designs/sb_3__3_/runs/01-09_00-08//tmp//merged.lef at line 1886.

WARNING (LEFPARS-2036): SOURCE statement is obsolete in version 5.6 and later.
The LEF parser will ignore this statement.
To avoid this warning in the future, remove this statement from the LEF file with version 5.6 or later. See file /openLANE_flow/designs/sb_3__3_/runs/01-09_00-08//tmp//merged.lef at line 1999.

[LEF] Parsed 2000 number of lines!!
WARNING (LEFPARS-2036): SOURCE statement is obsolete in version 5.6 and later.
The LEF parser will ignore this statement.
To avoid this warning in the future, remove this statement from the LEF file with version 5.6 or later. See file /openLANE_flow/designs/sb_3__3_/runs/01-09_00-08//tmp//merged.lef at line 2148.

WARNING (LEFPARS-2036): SOURCE statement is obsolete in version 5.6 and later.
The LEF parser will ignore this statement.
To avoid this warning in the future, remove this statement from the LEF file with version 5.6 or later. See file /openLANE_flow/designs/sb_3__3_/runs/01-09_00-08//tmp//merged.lef at line 2253.

WARNING (LEFPARS-2036): SOURCE statement is obsolete in version 5.6 and later.
The LEF parser will ignore this statement.
To avoid this warning in the future, remove this statement from the LEF file with version 5.6 or later. See file /openLANE_flow/designs/sb_3__3_/runs/01-09_00-08//tmp//merged.lef at line 2380.

[LEF] Parsed 2500 number of lines!!
WARNING (LEFPARS-2036): SOURCE statement is obsolete in version 5.6 and later.
The LEF parser will ignore this statement.
To avoid this warning in the future, remove this statement from the LEF file with version 5.6 or later. See file /openLANE_flow/designs/sb_3__3_/runs/01-09_00-08//tmp//merged.lef at line 2547.

WARNING (LEFPARS-2036): SOURCE statement is obsolete in version 5.6 and later.
The LEF parser will ignore this statement.
To avoid this warning in the future, remove this statement from the LEF file with version 5.6 or later. See file /openLANE_flow/designs/sb_3__3_/runs/01-09_00-08//tmp//merged.lef at line 2653.

WARNING (LEFPARS-2036): SOURCE statement is obsolete in version 5.6 and later.
The LEF parser will ignore this statement.
To avoid this warning in the future, remove this statement from the LEF file with version 5.6 or later. See file /openLANE_flow/designs/sb_3__3_/runs/01-09_00-08//tmp//merged.lef at line 2770.

WARNING (LEFPARS-2036): SOURCE statement is obsolete in version 5.6 and later.
The LEF parser will ignore this statement.
To avoid this warning in the future, remove this statement from the LEF file with version 5.6 or later. See file /openLANE_flow/designs/sb_3__3_/runs/01-09_00-08//tmp//merged.lef at line 2908.

[LEF] Parsed 3000 number of lines!!
WARNING (LEFPARS-2036): SOURCE statement is obsolete in version 5.6 and later.
The LEF parser will ignore this statement.
To avoid this warning in the future, remove this statement from the LEF file with version 5.6 or later. See file /openLANE_flow/designs/sb_3__3_/runs/01-09_00-08//tmp//merged.lef at line 3005.

WARNING (LEFPARS-2036): SOURCE statement is obsolete in version 5.6 and later.
The LEF parser will ignore this statement.
To avoid this warning in the future, remove this statement from the LEF file with version 5.6 or later. See file /openLANE_flow/designs/sb_3__3_/runs/01-09_00-08//tmp//merged.lef at line 3105.

WARNING (LEFPARS-2036): SOURCE statement is obsolete in version 5.6 and later.
The LEF parser will ignore this statement.
To avoid this warning in the future, remove this statement from the LEF file with version 5.6 or later. See file /openLANE_flow/designs/sb_3__3_/runs/01-09_00-08//tmp//merged.lef at line 3219.

WARNING (LEFPARS-2036): SOURCE statement is obsolete in version 5.6 and later.
The LEF parser will ignore this statement.
To avoid this warning in the future, remove this statement from the LEF file with version 5.6 or later. See file /openLANE_flow/designs/sb_3__3_/runs/01-09_00-08//tmp//merged.lef at line 3361.

WARNING (LEFPARS-2036): SOURCE statement is obsolete in version 5.6 and later.
The LEF parser will ignore this statement.
To avoid this warning in the future, remove this statement from the LEF file with version 5.6 or later. See file /openLANE_flow/designs/sb_3__3_/runs/01-09_00-08//tmp//merged.lef at line 3458.

[LEF] Parsed 3500 number of lines!!
WARNING (LEFPARS-2036): SOURCE statement is obsolete in version 5.6 and later.
The LEF parser will ignore this statement.
To avoid this warning in the future, remove this statement from the LEF file with version 5.6 or later. See file /openLANE_flow/designs/sb_3__3_/runs/01-09_00-08//tmp//merged.lef at line 3561.

WARNING (LEFPARS-2036): SOURCE statement is obsolete in version 5.6 and later.
The LEF parser will ignore this statement.
To avoid this warning in the future, remove this statement from the LEF file with version 5.6 or later. See file /openLANE_flow/designs/sb_3__3_/runs/01-09_00-08//tmp//merged.lef at line 3691.

WARNING (LEFPARS-2036): SOURCE statement is obsolete in version 5.6 and later.
The LEF parser will ignore this statement.
To avoid this warning in the future, remove this statement from the LEF file with version 5.6 or later. See file /openLANE_flow/designs/sb_3__3_/runs/01-09_00-08//tmp//merged.lef at line 3783.

WARNING (LEFPARS-2036): SOURCE statement is obsolete in version 5.6 and later.
The LEF parser will ignore this statement.
To avoid this warning in the future, remove this statement from the LEF file with version 5.6 or later. See file /openLANE_flow/designs/sb_3__3_/runs/01-09_00-08//tmp//merged.lef at line 3887.

[LEF] Parsed 4000 number of lines!!
WARNING (LEFPARS-2036): SOURCE statement is obsolete in version 5.6 and later.
The LEF parser will ignore this statement.
To avoid this warning in the future, remove this statement from the LEF file with version 5.6 or later. See file /openLANE_flow/designs/sb_3__3_/runs/01-09_00-08//tmp//merged.lef at line 4018.

WARNING (LEFPARS-2036): SOURCE statement is obsolete in version 5.6 and later.
The LEF parser will ignore this statement.
To avoid this warning in the future, remove this statement from the LEF file with version 5.6 or later. See file /openLANE_flow/designs/sb_3__3_/runs/01-09_00-08//tmp//merged.lef at line 4148.

WARNING (LEFPARS-2036): SOURCE statement is obsolete in version 5.6 and later.
The LEF parser will ignore this statement.
To avoid this warning in the future, remove this statement from the LEF file with version 5.6 or later. See file /openLANE_flow/designs/sb_3__3_/runs/01-09_00-08//tmp//merged.lef at line 4282.

WARNING (LEFPARS-2036): SOURCE statement is obsolete in version 5.6 and later.
The LEF parser will ignore this statement.
To avoid this warning in the future, remove this statement from the LEF file with version 5.6 or later. See file /openLANE_flow/designs/sb_3__3_/runs/01-09_00-08//tmp//merged.lef at line 4467.

[LEF] Parsed 4500 number of lines!!
[LEF] Parsed 5000 number of lines!!
[LEF] Parsed 5500 number of lines!!
[LEF] Parsed 6000 number of lines!!
[LEF] Parsed 6500 number of lines!!
[LEF] Parsed 7000 number of lines!!
[LEF] Parsed 7500 number of lines!!
[LEF] Parsed 8000 number of lines!!
[LEF] Parsed 8500 number of lines!!
[LEF] Parsed 9000 number of lines!!
[LEF] Parsed 9500 number of lines!!
[LEF] Parsed 10000 number of lines!!
[LEF] Parsed 10500 number of lines!!
[LEF] Parsed 11000 number of lines!!
[LEF] Parsed 11500 number of lines!!
[LEF] Parsed 12000 number of lines!!
[LEF] Parsed 12500 number of lines!!
[LEF] Parsed 13000 number of lines!!
[LEF] Parsed 13500 number of lines!!
[LEF] Parsed 14000 number of lines!!
[LEF] Parsed 14500 number of lines!!
[LEF] Parsed 15000 number of lines!!
[LEF] Parsed 15500 number of lines!!
[LEF] Parsed 16000 number of lines!!
[LEF] Parsed 16500 number of lines!!
[LEF] Parsed 17000 number of lines!!
[LEF] Parsed 17500 number of lines!!
[LEF] Parsed 18000 number of lines!!
[LEF] Parsed 18500 number of lines!!
[LEF] Parsed 19000 number of lines!!
[LEF] Parsed 19500 number of lines!!
[LEF] Parsed 20000 number of lines!!
[LEF] Parsed 20500 number of lines!!
[LEF] Parsed 21000 number of lines!!
[LEF] Parsed 21500 number of lines!!
[LEF] Parsed 22000 number of lines!!
[LEF] Parsed 22500 number of lines!!
[LEF] Parsed 23000 number of lines!!
[LEF] Parsed 23500 number of lines!!
[LEF] Parsed 24000 number of lines!!
[LEF] Parsed 24500 number of lines!!
[LEF] Parsed 25000 number of lines!!
[LEF] Parsed 25500 number of lines!!
[LEF] Parsed 26000 number of lines!!
[LEF] Parsed 26500 number of lines!!
[LEF] Parsed 27000 number of lines!!
[LEF] Parsed 27500 number of lines!!
[LEF] Parsed 28000 number of lines!!
[LEF] Parsed 28500 number of lines!!
[LEF] Parsed 29000 number of lines!!
[LEF] Parsed 29500 number of lines!!
[LEF] Parsed 30000 number of lines!!
[LEF] Parsed 30500 number of lines!!
[LEF] Parsed 31000 number of lines!!
[LEF] Parsed 31500 number of lines!!
[LEF] Parsed 32000 number of lines!!
[LEF] Parsed 32500 number of lines!!
[LEF] Parsed 33000 number of lines!!
[LEF] Parsed 33500 number of lines!!
[LEF] Parsed 34000 number of lines!!
[LEF] Parsed 34500 number of lines!!
[LEF] Parsed 35000 number of lines!!
[LEF] Parsed 35500 number of lines!!
[LEF] Parsed 36000 number of lines!!
[LEF] Parsed 36500 number of lines!!
[LEF] Parsed 37000 number of lines!!
[LEF] Parsed 37500 number of lines!!
[LEF] Parsed 38000 number of lines!!
[LEF] Parsed 38500 number of lines!!
[LEF] Parsed 39000 number of lines!!
[LEF] Parsed 39500 number of lines!!
[LEF] Parsed 40000 number of lines!!
[LEF] Parsed 40500 number of lines!!
[LEF] Parsed 41000 number of lines!!
[LEF] Parsed 41500 number of lines!!
[LEF] Parsed 42000 number of lines!!
[LEF] Parsed 42500 number of lines!!
[LEF] Parsed 43000 number of lines!!
[LEF] Parsed 43500 number of lines!!
[LEF] Parsed 44000 number of lines!!
[LEF] Parsed 44500 number of lines!!
[LEF] Parsed 45000 number of lines!!
[LEF] Parsed 45500 number of lines!!
[LEF] Parsed 46000 number of lines!!
[LEF] Parsed 46500 number of lines!!
[LEF] Parsed 47000 number of lines!!
[LEF] Parsed 47500 number of lines!!
[LEF] Parsed 48000 number of lines!!
[LEF] Parsed 48500 number of lines!!
[LEF] Parsed 49000 number of lines!!
[LEF] Parsed 49500 number of lines!!
[LEF] Parsed 50000 number of lines!!
[LEF] Parsed 50500 number of lines!!
[LEF] Parsed 51000 number of lines!!
[LEF] Parsed 51500 number of lines!!
[LEF] Parsed 52000 number of lines!!
[LEF] Parsed 52500 number of lines!!
[LEF] Parsed 53000 number of lines!!
[LEF] Parsed 53500 number of lines!!
[LEF] Parsed 54000 number of lines!!
[LEF] Parsed 54500 number of lines!!
[LEF] Parsed 55000 number of lines!!
[LEF] Parsed 55500 number of lines!!
[LEF] Parsed 56000 number of lines!!
[LEF] Parsed 56500 number of lines!!
[LEF] Parsed 57000 number of lines!!
[LEF] Parsed 57500 number of lines!!
[LEF] Parsed 58000 number of lines!!
[LEF] Parsed 58500 number of lines!!
[LEF] Parsed 59000 number of lines!!
[LEF] Parsed 59500 number of lines!!
[LEF] Parsed 60000 number of lines!!
[LEF] Parsed 60500 number of lines!!
[LEF] Parsed 61000 number of lines!!
[LEF] Parsed 61500 number of lines!!
[LEF] Parsed 62000 number of lines!!
[PROC] End LefParsing
[PROC] Begin DefParsing ...
WARNING (DEFPARS-7011): The NAMESCASESENSITIVE statement is obsolete in version 5.6 and later.
The DEF parser will ignore this statement. See file /openLANE_flow/designs/sb_3__3_/runs/01-09_00-08//results/floorplan/sb_3__3_.floorplan.def at line 2.

[PROC] End DefParsing
[INFO] DefUnit = 1000
[INFO] LefMetal1Name = li1
[INFO] DefSiteName = unithd
[INFO] ScaleDownUnit = 302.222229
[INFO] OffsetCoordi = (2640.000000, 0.000000)
[INFO] RowSize = (1.522059, 9.000000)
[INFO] NumRows = 157
[INFO] MacroCount = 0
[INFO] NumModules = 54
[INFO] NumTerminals = 2755
[INFO] Inserted Dummy Terms = 0
[PROC] Begin Generate Un-fragmented Rows ...
[INFO] CoreAreaLxLy = (27.000000, 36.000000)
[INFO] CoreAreaUxUy = (1440.992554, 1449.000000)
[INFO] RowSize = (1.522059, 9.000000)
[INFO] NumRows = 157
[PROC] End Generate Un-fragmented Rows
[PROC] Begin DEF Net Parsing ...
[INFO] NumNets = 129
[INFO] NumPins = 256
[PROC] End DEF Net Parsing
[PROC] LEF/DEF Parsing Success!
[INFO] AspectRatio = 0.999298
[INFO] RowMinXY = (27.000000, 36.000000)
[INFO] RowMaxXY = (1440.992676, 1449.000000)
[INFO] NumPlaceStdCells = 54
[INFO] NumPlaceMacros = 0
[INFO] RowSize = (1.522059, 9.000000)
[INFO] NumRows = 157
[INFO] GlobalAreaLxLy = (9.496324, 6.617647)
[INFO] GlobalAreaUxUy = (1458.496338, 1479.590088)
[INFO] PlaceAreaLxLy = (27.000000, 36.000000)
[INFO] PlaceAreaUxUy = (1440.992676, 1449.000000)
[INFO] TotalPlaceArea = 1997971.625000
[INFO] TotalFixedArea = 45548.359375
[INFO] TotalWhiteSpaceArea = 1952423.250000
[INFO] TotalPlaceMacrosArea = 0.000000
[INFO] TotalPlaceStdCellsArea = 17999.865234
[INFO] Util(%) = 0.900907
[INFO] 80pCellArea = 335.194550
[INFO] FillerInit: TotalFillerArea = 1739181.000000
[INFO] FillerInit: NumFillerCells = 5189
[INFO] FillerInit: FillerCellArea = 335.194733
[INFO] FillerInit: FillerCellSize = (37.243858, 9.000000)
[INFO] FillerInit: NumCells = 5243
[INFO] FillerInit: NumModules = 54
[INFO] FillerInit: NumFillers = 5189
INFO:  D_MSH = 1024 
INFO:  MSH(X, Y) = (32, 32)
[INFO] TierInit: TierUtil = 0.009009
[INFO] TierInit: NumModules = 54
[INFO] TierInit: PlaceArea = 1997971.625000
[INFO] TierInit: CoreSpacingArea = 0.000000
[INFO] TierInit: TerminalArea = 45548.359375
[INFO] TierInit: ModuleArea = 17999.865234
[INFO] TierInit: FillerArea = 1739181.000000
[INFO] TierInit: NumFillers = 5189
[INFO] TierInit: FillerMinIdx = 54
[INFO] TierInit: FillerMaxIdx = 5243
INFO:  dim_bin_cGP2D.(x,y) = (64, 64)
cell Init 2D:
tier->bin_stp: (22.0936 22.0781)
tier->half_bin_stp: (11.0468 11.0391)
PROC:  Start NESTEROV's Optimization
PROC:    Global Lagrangian Multiplier is Applied

ITER: 0
    HPWL=28465.707031
    OVFL=0.872045
    HPWL=(15384.816406, 13080.891602)
    POTN=2.689826E+06
    PHIC=6.334979E-10
    GRAD=2.570180E-02
    NuBT=0
    CPU =0.000000

ITER: 1
    HPWL=28465.507812
    OVFL=0.872045
    HPWL=(15384.710938, 13080.797852)
    POTN=2.689816E+06
    PHIC=6.651728E-10
    GRAD=4.102020E-02
    NuBT=1
    CPU =0.001815

ITER: 2
    HPWL=28464.800781
    OVFL=0.872043
    HPWL=(15384.323242, 13080.476562)
    POTN=2.689777E+06
    PHIC=6.984314E-10
    GRAD=4.101959E-02
    NuBT=1
    CPU =0.000911

ITER: 3
    HPWL=11910.023438
    OVFL=0.680211
    HPWL=(7892.104492, 4017.919434)
    POTN=2.179775E+06
    PHIC=7.333530E-10
    GRAD=1.404691E-02
    NuBT=2
    CPU =0.001725

ITER: 4
    HPWL=9111.906250
    OVFL=0.649861
    HPWL=(5863.664062, 3248.242432)
    POTN=2.166434E+06
    PHIC=7.700206E-10
    GRAD=1.614146E-02
    NuBT=2
    CPU =0.001714

ITER: 5
    HPWL=7790.459961
    OVFL=0.630614
    HPWL=(4808.079102, 2982.381104)
    POTN=2.143108E+06
    PHIC=8.085216E-10
    GRAD=9.234191E-03
    NuBT=3
    CPU =0.002517

ITER: 6
    HPWL=7136.479492
    OVFL=0.574324
    HPWL=(4313.461914, 2823.017822)
    POTN=2.087752E+06
    PHIC=8.489476E-10
    GRAD=6.863881E-03
    NuBT=1
    CPU =0.000910

ITER: 7
    HPWL=7088.465820
    OVFL=0.590112
    HPWL=(4264.625000, 2823.841064)
    POTN=2.036289E+06
    PHIC=8.913950E-10
    GRAD=9.084824E-03
    NuBT=1
    CPU =0.000907

ITER: 8
    HPWL=7039.031250
    OVFL=0.548150
    HPWL=(4208.324219, 2830.707031)
    POTN=2.003309E+06
    PHIC=9.359646E-10
    GRAD=8.632209E-03
    NuBT=2
    CPU =0.001716

ITER: 9
    HPWL=6887.937988
    OVFL=0.539694
    HPWL=(4097.352051, 2790.585938)
    POTN=1.973585E+06
    PHIC=9.827629E-10
    GRAD=1.020663E-02
    NuBT=2
    CPU =0.001712

ITER: 10
    HPWL=6833.296875
    OVFL=0.512426
    HPWL=(4052.532959, 2780.764160)
    POTN=1.954804E+06
    PHIC=1.031901E-09
    GRAD=1.075993E-02
    NuBT=1
    CPU =0.000906

ITER: 11
    HPWL=6733.134766
    OVFL=0.488983
    HPWL=(3975.542480, 2757.592529)
    POTN=1.937466E+06
    PHIC=1.083496E-09
    GRAD=1.216478E-02
    NuBT=2
    CPU =0.001715

ITER: 12
    HPWL=6654.833984
    OVFL=0.482581
    HPWL=(3916.343262, 2738.490723)
    POTN=1.925095E+06
    PHIC=1.137671E-09
    GRAD=1.365366E-02
    NuBT=2
    CPU =0.001716

ITER: 13
    HPWL=6587.665039
    OVFL=0.445181
    HPWL=(3865.367432, 2722.297363)
    POTN=1.908134E+06
    PHIC=1.194554E-09
    GRAD=1.415397E-02
    NuBT=2
    CPU =0.001701

ITER: 14
    HPWL=6478.560547
    OVFL=0.456006
    HPWL=(3779.857910, 2698.702637)
    POTN=1.894107E+06
    PHIC=1.254282E-09
    GRAD=1.668535E-02
    NuBT=2
    CPU =0.001714

ITER: 15
    HPWL=6455.572754
    OVFL=0.399543
    HPWL=(3758.943115, 2696.629639)
    POTN=1.876301E+06
    PHIC=1.316996E-09
    GRAD=1.607106E-02
    NuBT=1
    CPU =0.000905

ITER: 16
    HPWL=6320.155762
    OVFL=0.430673
    HPWL=(3653.439453, 2666.716309)
    POTN=1.862992E+06
    PHIC=1.382846E-09
    GRAD=2.051395E-02
    NuBT=2
    CPU =0.001728

ITER: 17
    HPWL=6271.320312
    OVFL=0.355312
    HPWL=(3620.522705, 2650.797607)
    POTN=1.847194E+06
    PHIC=1.451988E-09
    GRAD=1.775430E-02
    NuBT=1
    CPU =0.000907

ITER: 18
    HPWL=6227.200195
    OVFL=0.407610
    HPWL=(3591.696045, 2635.504395)
    POTN=1.832877E+06
    PHIC=1.524587E-09
    GRAD=2.493642E-02
    NuBT=2
    CPU =0.001742

ITER: 19
    HPWL=6192.258301
    OVFL=0.370969
    HPWL=(3577.975342, 2614.282959)
    POTN=1.823497E+06
    PHIC=1.600817E-09
    GRAD=1.967136E-02
    NuBT=1
    CPU =0.000908

ITER: 20
    HPWL=6222.949219
    OVFL=0.355553
    HPWL=(3602.737793, 2620.211670)
    POTN=1.805657E+06
    PHIC=1.680850E-09
    GRAD=2.324572E-02
    NuBT=1
    CPU =0.000904

ITER: 21
    HPWL=6262.724121
    OVFL=0.355826
    HPWL=(3639.989990, 2622.734131)
    POTN=1.794521E+06
    PHIC=1.764883E-09
    GRAD=2.500164E-02
    NuBT=1
    CPU =0.000904

ITER: 22
    HPWL=6249.263672
    OVFL=0.300250
    HPWL=(3632.247314, 2617.016602)
    POTN=1.783058E+06
    PHIC=1.853127E-09
    GRAD=2.495190E-02
    NuBT=2
    CPU =0.001711

ITER: 23
    HPWL=6197.126953
    OVFL=0.322576
    HPWL=(3597.971924, 2599.155029)
    POTN=1.772384E+06
    PHIC=1.945783E-09
    GRAD=3.131475E-02
    NuBT=2
    CPU =0.001716

ITER: 24
    HPWL=6161.282227
    OVFL=0.325123
    HPWL=(3578.458984, 2582.823242)
    POTN=1.763964E+06
    PHIC=2.043072E-09
    GRAD=2.861753E-02
    NuBT=1
    CPU =0.000910

ITER: 25
    HPWL=6189.086914
    OVFL=0.313485
    HPWL=(3604.703125, 2584.383789)
    POTN=1.758099E+06
    PHIC=2.145217E-09
    GRAD=2.833210E-02
    NuBT=1
    CPU =0.000904

ITER: 26
    HPWL=6176.021484
    OVFL=0.284569
    HPWL=(3594.873047, 2581.148438)
    POTN=1.750894E+06
    PHIC=2.252478E-09
    GRAD=2.970255E-02
    NuBT=2
    CPU =0.001714

ITER: 27
    HPWL=6158.677734
    OVFL=0.300154
    HPWL=(3582.429688, 2576.248047)
    POTN=1.745526E+06
    PHIC=2.365101E-09
    GRAD=3.321839E-02
    NuBT=2
    CPU =0.001719

ITER: 28
    HPWL=6138.708008
    OVFL=0.305827
    HPWL=(3569.744873, 2568.962891)
    POTN=1.739916E+06
    PHIC=2.483356E-09
    GRAD=3.131220E-02
    NuBT=1
    CPU =0.000906

ITER: 29
    HPWL=6165.898926
    OVFL=0.305570
    HPWL=(3591.628418, 2574.270508)
    POTN=1.735843E+06
    PHIC=2.607514E-09
    GRAD=3.064745E-02
    NuBT=2
    CPU =0.001703

ITER: 30
    HPWL=6156.498047
    OVFL=0.303512
    HPWL=(3582.146484, 2574.351807)
    POTN=1.731483E+06
    PHIC=2.737889E-09
    GRAD=3.066914E-02
    NuBT=2
    CPU =0.001711

ITER: 31
    HPWL=6155.945801
    OVFL=0.296979
    HPWL=(3579.107666, 2576.838135)
    POTN=1.728480E+06
    PHIC=2.874784E-09
    GRAD=3.092082E-02
    NuBT=2
    CPU =0.001725

ITER: 32
    HPWL=6150.913086
    OVFL=0.285482
    HPWL=(3572.987793, 2577.925293)
    POTN=1.724544E+06
    PHIC=3.018523E-09
    GRAD=3.171081E-02
    NuBT=2
    CPU =0.001714

ITER: 33
    HPWL=6139.680664
    OVFL=0.277369
    HPWL=(3562.703369, 2576.977539)
    POTN=1.722042E+06
    PHIC=3.169449E-09
    GRAD=3.311384E-02
    NuBT=2
    CPU =0.001738

ITER: 34
    HPWL=6129.571289
    OVFL=0.273184
    HPWL=(3554.210449, 2575.360840)
    POTN=1.718973E+06
    PHIC=3.327921E-09
    GRAD=3.411856E-02
    NuBT=1
    CPU =0.000909

ITER: 35
    HPWL=6124.535156
    OVFL=0.266590
    HPWL=(3551.174316, 2573.360840)
    POTN=1.716896E+06
    PHIC=3.494317E-09
    GRAD=3.464517E-02
    NuBT=2
    CPU =0.001717

ITER: 36
    HPWL=6115.458984
    OVFL=0.262748
    HPWL=(3545.181152, 2570.277588)
    POTN=1.714065E+06
    PHIC=3.669032E-09
    GRAD=3.545504E-02
    NuBT=2
    CPU =0.001716

ITER: 37
    HPWL=6111.546387
    OVFL=0.255181
    HPWL=(3543.042480, 2568.503906)
    POTN=1.712369E+06
    PHIC=3.852484E-09
    GRAD=3.594308E-02
    NuBT=1
    CPU =0.000904

ITER: 38
    HPWL=6100.927734
    OVFL=0.245134
    HPWL=(3535.877686, 2565.050293)
    POTN=1.709729E+06
    PHIC=4.045108E-09
    GRAD=3.686262E-02
    NuBT=2
    CPU =0.001713

ITER: 39
    HPWL=6093.379883
    OVFL=0.232267
    HPWL=(3530.955322, 2562.424561)
    POTN=1.708237E+06
    PHIC=4.247363E-09
    GRAD=3.808993E-02
    NuBT=1
    CPU =0.000909

ITER: 40
    HPWL=6079.099609
    OVFL=0.221992
    HPWL=(3521.623779, 2557.475586)
    POTN=1.705679E+06
    PHIC=4.459731E-09
    GRAD=3.960527E-02
    NuBT=2
    CPU =0.001746

ITER: 41
    HPWL=6068.875488
    OVFL=0.209116
    HPWL=(3516.046143, 2552.829346)
    POTN=1.704510E+06
    PHIC=4.682717E-09
    GRAD=4.080351E-02
    NuBT=1
    CPU =0.000905

ITER: 42
    HPWL=6052.759277
    OVFL=0.194323
    HPWL=(3506.463623, 2546.295654)
    POTN=1.702120E+06
    PHIC=4.916853E-09
    GRAD=4.220530E-02
    NuBT=2
    CPU =0.001704

ITER: 43
    HPWL=6037.232910
    OVFL=0.182579
    HPWL=(3497.601562, 2539.631348)
    POTN=1.701010E+06
    PHIC=5.162696E-09
    GRAD=4.371870E-02
    NuBT=2
    CPU =0.001690

ITER: 44
    HPWL=6021.840820
    OVFL=0.173006
    HPWL=(3489.445557, 2532.395264)
    POTN=1.698576E+06
    PHIC=5.420830E-09
    GRAD=4.482967E-02
    NuBT=2
    CPU =0.001700

ITER: 45
    HPWL=6008.470215
    OVFL=0.163554
    HPWL=(3483.696777, 2524.773438)
    POTN=1.697573E+06
    PHIC=5.691871E-09
    GRAD=4.565502E-02
    NuBT=2
    CPU =0.001716

ITER: 46
    HPWL=5994.852051
    OVFL=0.152729
    HPWL=(3477.333984, 2517.518066)
    POTN=1.694956E+06
    PHIC=5.976465E-09
    GRAD=4.639686E-02
    NuBT=2
    CPU =0.001692

ITER: 47
    HPWL=5980.227539
    OVFL=0.142224
    HPWL=(3469.947266, 2510.280029)
    POTN=1.693974E+06
    PHIC=6.275287E-09
    GRAD=4.713987E-02
    NuBT=2
    CPU =0.001701

ITER: 48
    HPWL=5966.859375
    OVFL=0.129634
    HPWL=(3463.853271, 2503.005859)
    POTN=1.691348E+06
    PHIC=6.589052E-09
    GRAD=4.775689E-02
    NuBT=2
    CPU =0.001705

ITER: 49
    HPWL=5954.421875
    OVFL=0.119060
    HPWL=(3458.851562, 2495.570068)
    POTN=1.690203E+06
    PHIC=6.918504E-09
    GRAD=4.835373E-02
    NuBT=2
    CPU =0.001691

ITER: 50
    HPWL=5942.787109
    OVFL=0.110723
    HPWL=(3454.402344, 2488.384521)
    POTN=1.687493E+06
    PHIC=7.264429E-09
    GRAD=4.875225E-02
    NuBT=2
    CPU =0.001712

ITER: 51
    HPWL=5931.259766
    OVFL=0.106131
    HPWL=(3449.644531, 2481.615479)
    POTN=1.686168E+06
    PHIC=7.627651E-09
    GRAD=4.899774E-02
    NuBT=2
    CPU =0.001715

ITER: 52
    HPWL=5920.803711
    OVFL=0.104922
    HPWL=(3445.072021, 2475.731689)
    POTN=1.683293E+06
    PHIC=8.009033E-09
    GRAD=4.912185E-02
    NuBT=2
    CPU =0.001714

ITER: 53
    HPWL=5911.375000
    OVFL=0.104718
    HPWL=(3440.418457, 2470.956543)
    POTN=1.681978E+06
    PHIC=8.409484E-09
    GRAD=4.917366E-02
    NuBT=2
    CPU =0.001700

ITER: 54
    HPWL=5902.383789
    OVFL=0.103975
    HPWL=(3435.170410, 2467.213623)
    POTN=1.678821E+06
    PHIC=8.829957E-09
    GRAD=4.919907E-02
    NuBT=2
    CPU =0.001712

ITER: 55
    HPWL=5897.789062
    OVFL=0.099802
    HPWL=(3432.321045, 2465.468262)
    POTN=1.677618E+06
    PHIC=9.271455E-09
    GRAD=4.930001E-02
    NuBT=1
    CPU =0.000906
[INFO] Nesterov: NumIters = 55
[INFO] Nesterov: ScaledHpwl = 5897.789062
[INFO] Nesterov: Overflow = 0.099802
[INFO] Nesterov: Potential = 1677618.000000
[INFO] Nesterov: xInstScaledHpwl = 5877.983398
[INFO] Nesterov: yInstScaledHpwl = 5897.789062
[INFO] Nesterov: HPWL = 1776.457153
