===========================================================================
   Open Source Mixed-Height Standard Cell Detail Placer < OpenDP_v1.0 >    
   Developers : SangGi Do, Mingyu Woo                                      
===========================================================================
WARNING (LEFPARS-2036): SOURCE statement is obsolete in version 5.6 and later.
The LEF parser will ignore this statement.
To avoid this warning in the future, remove this statement from the LEF file with version 5.6 or later. See file /openLANE_flow/designs/sb_1__1_/runs/02-09_19-12//tmp//merged.lef at line 776.

WARNING (LEFPARS-2036): SOURCE statement is obsolete in version 5.6 and later.
The LEF parser will ignore this statement.
To avoid this warning in the future, remove this statement from the LEF file with version 5.6 or later. See file /openLANE_flow/designs/sb_1__1_/runs/02-09_19-12//tmp//merged.lef at line 886.

WARNING (LEFPARS-2036): SOURCE statement is obsolete in version 5.6 and later.
The LEF parser will ignore this statement.
To avoid this warning in the future, remove this statement from the LEF file with version 5.6 or later. See file /openLANE_flow/designs/sb_1__1_/runs/02-09_19-12//tmp//merged.lef at line 998.

WARNING (LEFPARS-2036): SOURCE statement is obsolete in version 5.6 and later.
The LEF parser will ignore this statement.
To avoid this warning in the future, remove this statement from the LEF file with version 5.6 or later. See file /openLANE_flow/designs/sb_1__1_/runs/02-09_19-12//tmp//merged.lef at line 1135.

WARNING (LEFPARS-2036): SOURCE statement is obsolete in version 5.6 and later.
The LEF parser will ignore this statement.
To avoid this warning in the future, remove this statement from the LEF file with version 5.6 or later. See file /openLANE_flow/designs/sb_1__1_/runs/02-09_19-12//tmp//merged.lef at line 1240.

WARNING (LEFPARS-2036): SOURCE statement is obsolete in version 5.6 and later.
The LEF parser will ignore this statement.
To avoid this warning in the future, remove this statement from the LEF file with version 5.6 or later. See file /openLANE_flow/designs/sb_1__1_/runs/02-09_19-12//tmp//merged.lef at line 1345.

WARNING (LEFPARS-2036): SOURCE statement is obsolete in version 5.6 and later.
The LEF parser will ignore this statement.
To avoid this warning in the future, remove this statement from the LEF file with version 5.6 or later. See file /openLANE_flow/designs/sb_1__1_/runs/02-09_19-12//tmp//merged.lef at line 1469.

WARNING (LEFPARS-2036): SOURCE statement is obsolete in version 5.6 and later.
The LEF parser will ignore this statement.
To avoid this warning in the future, remove this statement from the LEF file with version 5.6 or later. See file /openLANE_flow/designs/sb_1__1_/runs/02-09_19-12//tmp//merged.lef at line 1614.

WARNING (LEFPARS-2036): SOURCE statement is obsolete in version 5.6 and later.
The LEF parser will ignore this statement.
To avoid this warning in the future, remove this statement from the LEF file with version 5.6 or later. See file /openLANE_flow/designs/sb_1__1_/runs/02-09_19-12//tmp//merged.lef at line 1710.

WARNING (LEFPARS-2036): SOURCE statement is obsolete in version 5.6 and later.
The LEF parser will ignore this statement.
To avoid this warning in the future, remove this statement from the LEF file with version 5.6 or later. See file /openLANE_flow/designs/sb_1__1_/runs/02-09_19-12//tmp//merged.lef at line 1808.

WARNING (LEFPARS-2036): SOURCE statement is obsolete in version 5.6 and later.
The LEF parser will ignore this statement.
To avoid this warning in the future, remove this statement from the LEF file with version 5.6 or later. See file /openLANE_flow/designs/sb_1__1_/runs/02-09_19-12//tmp//merged.lef at line 1930.

WARNING (LEFPARS-2036): SOURCE statement is obsolete in version 5.6 and later.
The LEF parser will ignore this statement.
To avoid this warning in the future, remove this statement from the LEF file with version 5.6 or later. See file /openLANE_flow/designs/sb_1__1_/runs/02-09_19-12//tmp//merged.lef at line 2024.

WARNING (LEFPARS-2036): SOURCE statement is obsolete in version 5.6 and later.
The LEF parser will ignore this statement.
To avoid this warning in the future, remove this statement from the LEF file with version 5.6 or later. See file /openLANE_flow/designs/sb_1__1_/runs/02-09_19-12//tmp//merged.lef at line 2132.

WARNING (LEFPARS-2036): SOURCE statement is obsolete in version 5.6 and later.
The LEF parser will ignore this statement.
To avoid this warning in the future, remove this statement from the LEF file with version 5.6 or later. See file /openLANE_flow/designs/sb_1__1_/runs/02-09_19-12//tmp//merged.lef at line 2270.

WARNING (LEFPARS-2036): SOURCE statement is obsolete in version 5.6 and later.
The LEF parser will ignore this statement.
To avoid this warning in the future, remove this statement from the LEF file with version 5.6 or later. See file /openLANE_flow/designs/sb_1__1_/runs/02-09_19-12//tmp//merged.lef at line 2361.

WARNING (LEFPARS-2036): SOURCE statement is obsolete in version 5.6 and later.
The LEF parser will ignore this statement.
To avoid this warning in the future, remove this statement from the LEF file with version 5.6 or later. See file /openLANE_flow/designs/sb_1__1_/runs/02-09_19-12//tmp//merged.lef at line 2463.

WARNING (LEFPARS-2036): SOURCE statement is obsolete in version 5.6 and later.
The LEF parser will ignore this statement.
To avoid this warning in the future, remove this statement from the LEF file with version 5.6 or later. See file /openLANE_flow/designs/sb_1__1_/runs/02-09_19-12//tmp//merged.lef at line 2576.

WARNING (LEFPARS-2036): SOURCE statement is obsolete in version 5.6 and later.
The LEF parser will ignore this statement.
To avoid this warning in the future, remove this statement from the LEF file with version 5.6 or later. See file /openLANE_flow/designs/sb_1__1_/runs/02-09_19-12//tmp//merged.lef at line 2662.

WARNING (LEFPARS-2036): SOURCE statement is obsolete in version 5.6 and later.
The LEF parser will ignore this statement.
To avoid this warning in the future, remove this statement from the LEF file with version 5.6 or later. See file /openLANE_flow/designs/sb_1__1_/runs/02-09_19-12//tmp//merged.lef at line 2751.

WARNING (LEFPARS-2036): SOURCE statement is obsolete in version 5.6 and later.
The LEF parser will ignore this statement.
To avoid this warning in the future, remove this statement from the LEF file with version 5.6 or later. See file /openLANE_flow/designs/sb_1__1_/runs/02-09_19-12//tmp//merged.lef at line 2848.

WARNING (LEFPARS-2036): SOURCE statement is obsolete in version 5.6 and later.
The LEF parser will ignore this statement.
To avoid this warning in the future, remove this statement from the LEF file with version 5.6 or later. See file /openLANE_flow/designs/sb_1__1_/runs/02-09_19-12//tmp//merged.lef at line 2961.

WARNING (LEFPARS-2036): SOURCE statement is obsolete in version 5.6 and later.
The LEF parser will ignore this statement.
To avoid this warning in the future, remove this statement from the LEF file with version 5.6 or later. See file /openLANE_flow/designs/sb_1__1_/runs/02-09_19-12//tmp//merged.lef at line 3047.

WARNING (LEFPARS-2036): SOURCE statement is obsolete in version 5.6 and later.
The LEF parser will ignore this statement.
To avoid this warning in the future, remove this statement from the LEF file with version 5.6 or later. See file /openLANE_flow/designs/sb_1__1_/runs/02-09_19-12//tmp//merged.lef at line 3137.

WARNING (LEFPARS-2036): SOURCE statement is obsolete in version 5.6 and later.
The LEF parser will ignore this statement.
To avoid this warning in the future, remove this statement from the LEF file with version 5.6 or later. See file /openLANE_flow/designs/sb_1__1_/runs/02-09_19-12//tmp//merged.lef at line 3244.

WARNING (LEFPARS-2036): SOURCE statement is obsolete in version 5.6 and later.
The LEF parser will ignore this statement.
To avoid this warning in the future, remove this statement from the LEF file with version 5.6 or later. See file /openLANE_flow/designs/sb_1__1_/runs/02-09_19-12//tmp//merged.lef at line 3329.

WARNING (LEFPARS-2036): SOURCE statement is obsolete in version 5.6 and later.
The LEF parser will ignore this statement.
To avoid this warning in the future, remove this statement from the LEF file with version 5.6 or later. See file /openLANE_flow/designs/sb_1__1_/runs/02-09_19-12//tmp//merged.lef at line 3420.

WARNING (LEFPARS-2036): SOURCE statement is obsolete in version 5.6 and later.
The LEF parser will ignore this statement.
To avoid this warning in the future, remove this statement from the LEF file with version 5.6 or later. See file /openLANE_flow/designs/sb_1__1_/runs/02-09_19-12//tmp//merged.lef at line 3526.

WARNING (LEFPARS-2036): SOURCE statement is obsolete in version 5.6 and later.
The LEF parser will ignore this statement.
To avoid this warning in the future, remove this statement from the LEF file with version 5.6 or later. See file /openLANE_flow/designs/sb_1__1_/runs/02-09_19-12//tmp//merged.lef at line 3641.

WARNING (LEFPARS-2036): SOURCE statement is obsolete in version 5.6 and later.
The LEF parser will ignore this statement.
To avoid this warning in the future, remove this statement from the LEF file with version 5.6 or later. See file /openLANE_flow/designs/sb_1__1_/runs/02-09_19-12//tmp//merged.lef at line 3758.

WARNING (LEFPARS-2036): SOURCE statement is obsolete in version 5.6 and later.
The LEF parser will ignore this statement.
To avoid this warning in the future, remove this statement from the LEF file with version 5.6 or later. See file /openLANE_flow/designs/sb_1__1_/runs/02-09_19-12//tmp//merged.lef at line 3910.

Parsed 10000 number of lines!!
Parsed 20000 number of lines!!
Parsed 30000 number of lines!!
Parsed 40000 number of lines!!
Parsed 50000 number of lines!!
Reading /openLANE_flow/designs/sb_1__1_/runs/02-09_19-12//tmp//merged.lef is Done

-------------------- INPUT FILES ----------------------------------
 benchmark name    : placement
 directory         : /openLANE_flow/designs/sb_1__1_/runs/02-09_19-12//tmp
 lef               : /openLANE_flow/designs/sb_1__1_/runs/02-09_19-12//tmp//merged.lef
 def               : /openLANE_flow/designs/sb_1__1_/runs/02-09_19-12//tmp/placement/replace.def
-------------------------------------------------------------------
CoreArea: 
5520.000000 : 10880.000000 - 667000.000000 : 671840.000000
DieArea: 
0.000000 : 0.000000 - 661480.000000 : 660960.000000
Reading /openLANE_flow/designs/sb_1__1_/runs/02-09_19-12//tmp/placement/replace.def is Done
-------------------- DESIGN ANALYSIS ------------------------------
  total cells              : 6365
  multi cells              : 0
  fixed cells              : 6241
  total nets               : 259
  design area              : 4.37212e+11
  total f_area             : 9.02491e+09
  total m_area             : 3.93878e+09
  design util              : 0.919873
  num rows                 : 243
  row height               : 2720
-------------------------------------------------------------------
 non_group_cell_region_assign done ..
 - - - - - - - - - - - - - - - - - - - - - - - - 
 non_group_cell_placement done .. 
 - - - - - - - - - - - - - - - - - - - - - - - - 
Reading /openLANE_flow/designs/sb_1__1_/runs/02-09_19-12//tmp/placement/replace.def is Done
 DEF file write success !! 
 location : /openLANE_flow/designs/sb_1__1_/runs/02-09_19-12//results/placement/sb_1__1_.placement.def
-------------------------------------------------------------------
 tasks                          Wtime      Ctime
 Parser                         0.244      0.240
 resgin assign                  0.244      0.240
 pre-placement                  0.244      0.240
 non Group cell placement       0.245      0.240
 All                            0.246      0.240
 - - - - - EVALUATION - - - - - 
 AVG_displacement : 130.936
 SUM_displacement : 833406
 MAX_displacement : 26861
 - - - - - - - - - - - - - - - - 
 GP HPWL          : 17152.9
 HPWL             : 18066.8
 avg_Disp_site    : 0.284643
 avg_Disp_row     : 0.0481381
 delta_HPWL       : 5.32821
 ==== CHECK LEGALITY ==== 
 row_check ==>> PASS 
 site_check ==>> PASS 
 power_check ==>> PASS 
 edge_check ==>> PASS 
 placed_check ==>> PASS 
 overlap_check ==>> PASS 
 - - - - - < Program END > - - - - - 
