RePlAce Version: 1.0.0

** WARNING: Your Detail Placement Step must be skipped.
              (i.e. this program will be executed as -onlyGP)
     If you want to have DP after GP, please specify -dpflag and -dploc.

[INFO] TargetDensity = 0.900000
[INFO] ExperimentIndex = 0
[INFO] DirectoryPath = /openLANE_flow/designs/sb_0__0_/runs/31-08_15-22//tmp/placement/replace/etc/sb_0__0_.floorplan/experiment000
[PROC] Begin LefParsing ...
[LEF] Parsed 500 number of lines!!
WARNING (LEFPARS-2036): SOURCE statement is obsolete in version 5.6 and later.
The LEF parser will ignore this statement.
To avoid this warning in the future, remove this statement from the LEF file with version 5.6 or later. See file /openLANE_flow/designs/sb_0__0_/runs/31-08_15-22//tmp//merged.lef at line 776.

WARNING (LEFPARS-2036): SOURCE statement is obsolete in version 5.6 and later.
The LEF parser will ignore this statement.
To avoid this warning in the future, remove this statement from the LEF file with version 5.6 or later. See file /openLANE_flow/designs/sb_0__0_/runs/31-08_15-22//tmp//merged.lef at line 903.

[LEF] Parsed 1000 number of lines!!
WARNING (LEFPARS-2036): SOURCE statement is obsolete in version 5.6 and later.
The LEF parser will ignore this statement.
To avoid this warning in the future, remove this statement from the LEF file with version 5.6 or later. See file /openLANE_flow/designs/sb_0__0_/runs/31-08_15-22//tmp//merged.lef at line 1034.

WARNING (LEFPARS-2036): SOURCE statement is obsolete in version 5.6 and later.
The LEF parser will ignore this statement.
To avoid this warning in the future, remove this statement from the LEF file with version 5.6 or later. See file /openLANE_flow/designs/sb_0__0_/runs/31-08_15-22//tmp//merged.lef at line 1204.

WARNING (LEFPARS-2036): SOURCE statement is obsolete in version 5.6 and later.
The LEF parser will ignore this statement.
To avoid this warning in the future, remove this statement from the LEF file with version 5.6 or later. See file /openLANE_flow/designs/sb_0__0_/runs/31-08_15-22//tmp//merged.lef at line 1322.

WARNING (LEFPARS-2036): SOURCE statement is obsolete in version 5.6 and later.
The LEF parser will ignore this statement.
To avoid this warning in the future, remove this statement from the LEF file with version 5.6 or later. See file /openLANE_flow/designs/sb_0__0_/runs/31-08_15-22//tmp//merged.lef at line 1442.

[LEF] Parsed 1500 number of lines!!
WARNING (LEFPARS-2036): SOURCE statement is obsolete in version 5.6 and later.
The LEF parser will ignore this statement.
To avoid this warning in the future, remove this statement from the LEF file with version 5.6 or later. See file /openLANE_flow/designs/sb_0__0_/runs/31-08_15-22//tmp//merged.lef at line 1589.

WARNING (LEFPARS-2036): SOURCE statement is obsolete in version 5.6 and later.
The LEF parser will ignore this statement.
To avoid this warning in the future, remove this statement from the LEF file with version 5.6 or later. See file /openLANE_flow/designs/sb_0__0_/runs/31-08_15-22//tmp//merged.lef at line 1777.

WARNING (LEFPARS-2036): SOURCE statement is obsolete in version 5.6 and later.
The LEF parser will ignore this statement.
To avoid this warning in the future, remove this statement from the LEF file with version 5.6 or later. See file /openLANE_flow/designs/sb_0__0_/runs/31-08_15-22//tmp//merged.lef at line 1886.

WARNING (LEFPARS-2036): SOURCE statement is obsolete in version 5.6 and later.
The LEF parser will ignore this statement.
To avoid this warning in the future, remove this statement from the LEF file with version 5.6 or later. See file /openLANE_flow/designs/sb_0__0_/runs/31-08_15-22//tmp//merged.lef at line 1999.

[LEF] Parsed 2000 number of lines!!
WARNING (LEFPARS-2036): SOURCE statement is obsolete in version 5.6 and later.
The LEF parser will ignore this statement.
To avoid this warning in the future, remove this statement from the LEF file with version 5.6 or later. See file /openLANE_flow/designs/sb_0__0_/runs/31-08_15-22//tmp//merged.lef at line 2148.

WARNING (LEFPARS-2036): SOURCE statement is obsolete in version 5.6 and later.
The LEF parser will ignore this statement.
To avoid this warning in the future, remove this statement from the LEF file with version 5.6 or later. See file /openLANE_flow/designs/sb_0__0_/runs/31-08_15-22//tmp//merged.lef at line 2253.

WARNING (LEFPARS-2036): SOURCE statement is obsolete in version 5.6 and later.
The LEF parser will ignore this statement.
To avoid this warning in the future, remove this statement from the LEF file with version 5.6 or later. See file /openLANE_flow/designs/sb_0__0_/runs/31-08_15-22//tmp//merged.lef at line 2380.

[LEF] Parsed 2500 number of lines!!
WARNING (LEFPARS-2036): SOURCE statement is obsolete in version 5.6 and later.
The LEF parser will ignore this statement.
To avoid this warning in the future, remove this statement from the LEF file with version 5.6 or later. See file /openLANE_flow/designs/sb_0__0_/runs/31-08_15-22//tmp//merged.lef at line 2547.

WARNING (LEFPARS-2036): SOURCE statement is obsolete in version 5.6 and later.
The LEF parser will ignore this statement.
To avoid this warning in the future, remove this statement from the LEF file with version 5.6 or later. See file /openLANE_flow/designs/sb_0__0_/runs/31-08_15-22//tmp//merged.lef at line 2653.

WARNING (LEFPARS-2036): SOURCE statement is obsolete in version 5.6 and later.
The LEF parser will ignore this statement.
To avoid this warning in the future, remove this statement from the LEF file with version 5.6 or later. See file /openLANE_flow/designs/sb_0__0_/runs/31-08_15-22//tmp//merged.lef at line 2770.

WARNING (LEFPARS-2036): SOURCE statement is obsolete in version 5.6 and later.
The LEF parser will ignore this statement.
To avoid this warning in the future, remove this statement from the LEF file with version 5.6 or later. See file /openLANE_flow/designs/sb_0__0_/runs/31-08_15-22//tmp//merged.lef at line 2908.

[LEF] Parsed 3000 number of lines!!
WARNING (LEFPARS-2036): SOURCE statement is obsolete in version 5.6 and later.
The LEF parser will ignore this statement.
To avoid this warning in the future, remove this statement from the LEF file with version 5.6 or later. See file /openLANE_flow/designs/sb_0__0_/runs/31-08_15-22//tmp//merged.lef at line 3005.

WARNING (LEFPARS-2036): SOURCE statement is obsolete in version 5.6 and later.
The LEF parser will ignore this statement.
To avoid this warning in the future, remove this statement from the LEF file with version 5.6 or later. See file /openLANE_flow/designs/sb_0__0_/runs/31-08_15-22//tmp//merged.lef at line 3105.

WARNING (LEFPARS-2036): SOURCE statement is obsolete in version 5.6 and later.
The LEF parser will ignore this statement.
To avoid this warning in the future, remove this statement from the LEF file with version 5.6 or later. See file /openLANE_flow/designs/sb_0__0_/runs/31-08_15-22//tmp//merged.lef at line 3219.

WARNING (LEFPARS-2036): SOURCE statement is obsolete in version 5.6 and later.
The LEF parser will ignore this statement.
To avoid this warning in the future, remove this statement from the LEF file with version 5.6 or later. See file /openLANE_flow/designs/sb_0__0_/runs/31-08_15-22//tmp//merged.lef at line 3361.

WARNING (LEFPARS-2036): SOURCE statement is obsolete in version 5.6 and later.
The LEF parser will ignore this statement.
To avoid this warning in the future, remove this statement from the LEF file with version 5.6 or later. See file /openLANE_flow/designs/sb_0__0_/runs/31-08_15-22//tmp//merged.lef at line 3458.

[LEF] Parsed 3500 number of lines!!
WARNING (LEFPARS-2036): SOURCE statement is obsolete in version 5.6 and later.
The LEF parser will ignore this statement.
To avoid this warning in the future, remove this statement from the LEF file with version 5.6 or later. See file /openLANE_flow/designs/sb_0__0_/runs/31-08_15-22//tmp//merged.lef at line 3561.

WARNING (LEFPARS-2036): SOURCE statement is obsolete in version 5.6 and later.
The LEF parser will ignore this statement.
To avoid this warning in the future, remove this statement from the LEF file with version 5.6 or later. See file /openLANE_flow/designs/sb_0__0_/runs/31-08_15-22//tmp//merged.lef at line 3691.

WARNING (LEFPARS-2036): SOURCE statement is obsolete in version 5.6 and later.
The LEF parser will ignore this statement.
To avoid this warning in the future, remove this statement from the LEF file with version 5.6 or later. See file /openLANE_flow/designs/sb_0__0_/runs/31-08_15-22//tmp//merged.lef at line 3783.

WARNING (LEFPARS-2036): SOURCE statement is obsolete in version 5.6 and later.
The LEF parser will ignore this statement.
To avoid this warning in the future, remove this statement from the LEF file with version 5.6 or later. See file /openLANE_flow/designs/sb_0__0_/runs/31-08_15-22//tmp//merged.lef at line 3887.

[LEF] Parsed 4000 number of lines!!
WARNING (LEFPARS-2036): SOURCE statement is obsolete in version 5.6 and later.
The LEF parser will ignore this statement.
To avoid this warning in the future, remove this statement from the LEF file with version 5.6 or later. See file /openLANE_flow/designs/sb_0__0_/runs/31-08_15-22//tmp//merged.lef at line 4018.

WARNING (LEFPARS-2036): SOURCE statement is obsolete in version 5.6 and later.
The LEF parser will ignore this statement.
To avoid this warning in the future, remove this statement from the LEF file with version 5.6 or later. See file /openLANE_flow/designs/sb_0__0_/runs/31-08_15-22//tmp//merged.lef at line 4148.

WARNING (LEFPARS-2036): SOURCE statement is obsolete in version 5.6 and later.
The LEF parser will ignore this statement.
To avoid this warning in the future, remove this statement from the LEF file with version 5.6 or later. See file /openLANE_flow/designs/sb_0__0_/runs/31-08_15-22//tmp//merged.lef at line 4282.

WARNING (LEFPARS-2036): SOURCE statement is obsolete in version 5.6 and later.
The LEF parser will ignore this statement.
To avoid this warning in the future, remove this statement from the LEF file with version 5.6 or later. See file /openLANE_flow/designs/sb_0__0_/runs/31-08_15-22//tmp//merged.lef at line 4467.

[LEF] Parsed 4500 number of lines!!
[LEF] Parsed 5000 number of lines!!
[LEF] Parsed 5500 number of lines!!
[LEF] Parsed 6000 number of lines!!
[LEF] Parsed 6500 number of lines!!
[LEF] Parsed 7000 number of lines!!
[LEF] Parsed 7500 number of lines!!
[LEF] Parsed 8000 number of lines!!
[LEF] Parsed 8500 number of lines!!
[LEF] Parsed 9000 number of lines!!
[LEF] Parsed 9500 number of lines!!
[LEF] Parsed 10000 number of lines!!
[LEF] Parsed 10500 number of lines!!
[LEF] Parsed 11000 number of lines!!
[LEF] Parsed 11500 number of lines!!
[LEF] Parsed 12000 number of lines!!
[LEF] Parsed 12500 number of lines!!
[LEF] Parsed 13000 number of lines!!
[LEF] Parsed 13500 number of lines!!
[LEF] Parsed 14000 number of lines!!
[LEF] Parsed 14500 number of lines!!
[LEF] Parsed 15000 number of lines!!
[LEF] Parsed 15500 number of lines!!
[LEF] Parsed 16000 number of lines!!
[LEF] Parsed 16500 number of lines!!
[LEF] Parsed 17000 number of lines!!
[LEF] Parsed 17500 number of lines!!
[LEF] Parsed 18000 number of lines!!
[LEF] Parsed 18500 number of lines!!
[LEF] Parsed 19000 number of lines!!
[LEF] Parsed 19500 number of lines!!
[LEF] Parsed 20000 number of lines!!
[LEF] Parsed 20500 number of lines!!
[LEF] Parsed 21000 number of lines!!
[LEF] Parsed 21500 number of lines!!
[LEF] Parsed 22000 number of lines!!
[LEF] Parsed 22500 number of lines!!
[LEF] Parsed 23000 number of lines!!
[LEF] Parsed 23500 number of lines!!
[LEF] Parsed 24000 number of lines!!
[LEF] Parsed 24500 number of lines!!
[LEF] Parsed 25000 number of lines!!
[LEF] Parsed 25500 number of lines!!
[LEF] Parsed 26000 number of lines!!
[LEF] Parsed 26500 number of lines!!
[LEF] Parsed 27000 number of lines!!
[LEF] Parsed 27500 number of lines!!
[LEF] Parsed 28000 number of lines!!
[LEF] Parsed 28500 number of lines!!
[LEF] Parsed 29000 number of lines!!
[LEF] Parsed 29500 number of lines!!
[LEF] Parsed 30000 number of lines!!
[LEF] Parsed 30500 number of lines!!
[LEF] Parsed 31000 number of lines!!
[LEF] Parsed 31500 number of lines!!
[LEF] Parsed 32000 number of lines!!
[LEF] Parsed 32500 number of lines!!
[LEF] Parsed 33000 number of lines!!
[LEF] Parsed 33500 number of lines!!
[LEF] Parsed 34000 number of lines!!
[LEF] Parsed 34500 number of lines!!
[LEF] Parsed 35000 number of lines!!
[LEF] Parsed 35500 number of lines!!
[LEF] Parsed 36000 number of lines!!
[LEF] Parsed 36500 number of lines!!
[LEF] Parsed 37000 number of lines!!
[LEF] Parsed 37500 number of lines!!
[LEF] Parsed 38000 number of lines!!
[LEF] Parsed 38500 number of lines!!
[LEF] Parsed 39000 number of lines!!
[LEF] Parsed 39500 number of lines!!
[LEF] Parsed 40000 number of lines!!
[LEF] Parsed 40500 number of lines!!
[LEF] Parsed 41000 number of lines!!
[LEF] Parsed 41500 number of lines!!
[LEF] Parsed 42000 number of lines!!
[LEF] Parsed 42500 number of lines!!
[LEF] Parsed 43000 number of lines!!
[LEF] Parsed 43500 number of lines!!
[LEF] Parsed 44000 number of lines!!
[LEF] Parsed 44500 number of lines!!
[LEF] Parsed 45000 number of lines!!
[LEF] Parsed 45500 number of lines!!
[LEF] Parsed 46000 number of lines!!
[LEF] Parsed 46500 number of lines!!
[LEF] Parsed 47000 number of lines!!
[LEF] Parsed 47500 number of lines!!
[LEF] Parsed 48000 number of lines!!
[LEF] Parsed 48500 number of lines!!
[LEF] Parsed 49000 number of lines!!
[LEF] Parsed 49500 number of lines!!
[LEF] Parsed 50000 number of lines!!
[LEF] Parsed 50500 number of lines!!
[LEF] Parsed 51000 number of lines!!
[LEF] Parsed 51500 number of lines!!
[LEF] Parsed 52000 number of lines!!
[LEF] Parsed 52500 number of lines!!
[LEF] Parsed 53000 number of lines!!
[LEF] Parsed 53500 number of lines!!
[LEF] Parsed 54000 number of lines!!
[LEF] Parsed 54500 number of lines!!
[LEF] Parsed 55000 number of lines!!
[LEF] Parsed 55500 number of lines!!
[LEF] Parsed 56000 number of lines!!
[LEF] Parsed 56500 number of lines!!
[LEF] Parsed 57000 number of lines!!
[LEF] Parsed 57500 number of lines!!
[LEF] Parsed 58000 number of lines!!
[LEF] Parsed 58500 number of lines!!
[LEF] Parsed 59000 number of lines!!
[LEF] Parsed 59500 number of lines!!
[LEF] Parsed 60000 number of lines!!
[LEF] Parsed 60500 number of lines!!
[LEF] Parsed 61000 number of lines!!
[LEF] Parsed 61500 number of lines!!
[LEF] Parsed 62000 number of lines!!
[PROC] End LefParsing
[PROC] Begin DefParsing ...
WARNING (DEFPARS-7011): The NAMESCASESENSITIVE statement is obsolete in version 5.6 and later.
The DEF parser will ignore this statement. See file /openLANE_flow/designs/sb_0__0_/runs/31-08_15-22//results/floorplan/sb_0__0_.floorplan.def at line 2.

[PROC] End DefParsing
[INFO] DefUnit = 1000
[INFO] LefMetal1Name = li1
[INFO] DefSiteName = unithd
[INFO] ScaleDownUnit = 302.222229
[INFO] OffsetCoordi = (2640.000000, 0.000000)
[INFO] RowSize = (1.522059, 9.000000)
[INFO] NumRows = 157
[INFO] MacroCount = 0
[INFO] NumModules = 54
[INFO] NumTerminals = 2755
[INFO] Inserted Dummy Terms = 0
[PROC] Begin Generate Un-fragmented Rows ...
[INFO] CoreAreaLxLy = (27.000000, 36.000000)
[INFO] CoreAreaUxUy = (1440.992554, 1449.000000)
[INFO] RowSize = (1.522059, 9.000000)
[INFO] NumRows = 157
[PROC] End Generate Un-fragmented Rows
[PROC] Begin DEF Net Parsing ...
[INFO] NumNets = 129
[INFO] NumPins = 256
[PROC] End DEF Net Parsing
[PROC] LEF/DEF Parsing Success!
[INFO] AspectRatio = 0.999298
[INFO] RowMinXY = (27.000000, 36.000000)
[INFO] RowMaxXY = (1440.992676, 1449.000000)
[INFO] NumPlaceStdCells = 54
[INFO] NumPlaceMacros = 0
[INFO] RowSize = (1.522059, 9.000000)
[INFO] NumRows = 157
[INFO] GlobalAreaLxLy = (9.496324, 6.617647)
[INFO] GlobalAreaUxUy = (1458.496338, 1479.590088)
[INFO] PlaceAreaLxLy = (27.000000, 36.000000)
[INFO] PlaceAreaUxUy = (1440.992676, 1449.000000)
[INFO] TotalPlaceArea = 1997971.625000
[INFO] TotalFixedArea = 45548.359375
[INFO] TotalWhiteSpaceArea = 1952423.250000
[INFO] TotalPlaceMacrosArea = 0.000000
[INFO] TotalPlaceStdCellsArea = 17999.865234
[INFO] Util(%) = 0.900907
[INFO] 80pCellArea = 335.194550
[INFO] FillerInit: TotalFillerArea = 1739181.000000
[INFO] FillerInit: NumFillerCells = 5189
[INFO] FillerInit: FillerCellArea = 335.194733
[INFO] FillerInit: FillerCellSize = (37.243858, 9.000000)
[INFO] FillerInit: NumCells = 5243
[INFO] FillerInit: NumModules = 54
[INFO] FillerInit: NumFillers = 5189
INFO:  D_MSH = 1024 
INFO:  MSH(X, Y) = (32, 32)
[INFO] TierInit: TierUtil = 0.009009
[INFO] TierInit: NumModules = 54
[INFO] TierInit: PlaceArea = 1997971.625000
[INFO] TierInit: CoreSpacingArea = 0.000000
[INFO] TierInit: TerminalArea = 45548.359375
[INFO] TierInit: ModuleArea = 17999.865234
[INFO] TierInit: FillerArea = 1739181.000000
[INFO] TierInit: NumFillers = 5189
[INFO] TierInit: FillerMinIdx = 54
[INFO] TierInit: FillerMaxIdx = 5243
INFO:  dim_bin_cGP2D.(x,y) = (64, 64)
cell Init 2D:
tier->bin_stp: (22.0936 22.0781)
tier->half_bin_stp: (11.0468 11.0391)
PROC:  Start NESTEROV's Optimization
PROC:    Global Lagrangian Multiplier is Applied

ITER: 0
    HPWL=28699.613281
    OVFL=0.872045
    HPWL=(16109.239258, 12590.374023)
    POTN=2.689826E+06
    PHIC=6.608475E-10
    GRAD=2.636131E-02
    NuBT=0
    CPU =0.000000

ITER: 1
    HPWL=28699.394531
    OVFL=0.872045
    HPWL=(16109.116211, 12590.279297)
    POTN=2.689812E+06
    PHIC=6.938898E-10
    GRAD=4.157898E-02
    NuBT=1
    CPU =0.001831

ITER: 2
    HPWL=28698.632812
    OVFL=0.872043
    HPWL=(16108.690430, 12589.942383)
    POTN=2.689774E+06
    PHIC=7.285843E-10
    GRAD=4.157841E-02
    NuBT=1
    CPU =0.000912

ITER: 3
    HPWL=11215.263672
    OVFL=0.667516
    HPWL=(5206.441895, 6008.822266)
    POTN=2.158660E+06
    PHIC=7.650135E-10
    GRAD=1.273261E-02
    NuBT=2
    CPU =0.001714

ITER: 4
    HPWL=8987.179688
    OVFL=0.620332
    HPWL=(3897.336914, 5089.842285)
    POTN=2.131826E+06
    PHIC=8.032641E-10
    GRAD=1.673362E-02
    NuBT=2
    CPU =0.001706

ITER: 5
    HPWL=7717.652832
    OVFL=0.603663
    HPWL=(3269.385742, 4448.267090)
    POTN=2.103613E+06
    PHIC=8.434273E-10
    GRAD=9.972749E-03
    NuBT=3
    CPU =0.002527

ITER: 6
    HPWL=7052.907227
    OVFL=0.566600
    HPWL=(2967.746826, 4085.160645)
    POTN=2.041354E+06
    PHIC=8.855986E-10
    GRAD=7.609332E-03
    NuBT=1
    CPU =0.000907

ITER: 7
    HPWL=6934.462402
    OVFL=0.493329
    HPWL=(2931.804688, 4002.657715)
    POTN=1.995186E+06
    PHIC=9.298785E-10
    GRAD=9.190436E-03
    NuBT=1
    CPU =0.000903

ITER: 8
    HPWL=6699.973633
    OVFL=0.512788
    HPWL=(2821.679932, 3878.293457)
    POTN=1.953532E+06
    PHIC=9.763724E-10
    GRAD=1.271804E-02
    NuBT=2
    CPU =0.001714

ITER: 9
    HPWL=6544.365234
    OVFL=0.463885
    HPWL=(2805.357910, 3739.007568)
    POTN=1.929983E+06
    PHIC=1.025191E-09
    GRAD=1.168129E-02
    NuBT=1
    CPU =0.000901

ITER: 10
    HPWL=6410.773438
    OVFL=0.422319
    HPWL=(2741.732666, 3669.041016)
    POTN=1.906728E+06
    PHIC=1.076451E-09
    GRAD=1.455810E-02
    NuBT=2
    CPU =0.001724

ITER: 11
    HPWL=6312.204102
    OVFL=0.418123
    HPWL=(2707.719482, 3604.484619)
    POTN=1.898494E+06
    PHIC=1.130273E-09
    GRAD=1.781183E-02
    NuBT=2
    CPU =0.001717

ITER: 12
    HPWL=6231.483887
    OVFL=0.359416
    HPWL=(2682.131348, 3549.352539)
    POTN=1.885288E+06
    PHIC=1.186787E-09
    GRAD=1.836543E-02
    NuBT=2
    CPU =0.001712

ITER: 13
    HPWL=6056.663086
    OVFL=0.397511
    HPWL=(2595.822021, 3460.840820)
    POTN=1.883422E+06
    PHIC=1.246126E-09
    GRAD=2.342409E-02
    NuBT=2
    CPU =0.001701

ITER: 14
    HPWL=6003.252441
    OVFL=0.336946
    HPWL=(2579.514404, 3423.738037)
    POTN=1.870817E+06
    PHIC=1.308432E-09
    GRAD=1.989925E-02
    NuBT=1
    CPU =0.000913

ITER: 15
    HPWL=5899.322266
    OVFL=0.339073
    HPWL=(2522.227295, 3377.094727)
    POTN=1.863178E+06
    PHIC=1.373854E-09
    GRAD=2.580420E-02
    NuBT=2
    CPU =0.001713

ITER: 16
    HPWL=5855.217773
    OVFL=0.329161
    HPWL=(2498.944580, 3356.273438)
    POTN=1.853396E+06
    PHIC=1.442546E-09
    GRAD=2.575434E-02
    NuBT=1
    CPU =0.000911

ITER: 17
    HPWL=5803.180664
    OVFL=0.292662
    HPWL=(2470.568359, 3332.612061)
    POTN=1.845039E+06
    PHIC=1.514674E-09
    GRAD=2.683700E-02
    NuBT=2
    CPU =0.001701

ITER: 18
    HPWL=5719.714844
    OVFL=0.299962
    HPWL=(2421.705322, 3298.009766)
    POTN=1.836248E+06
    PHIC=1.590407E-09
    GRAD=3.094101E-02
    NuBT=2
    CPU =0.001712

ITER: 19
    HPWL=5699.142578
    OVFL=0.336068
    HPWL=(2404.568604, 3294.573730)
    POTN=1.833307E+06
    PHIC=1.669928E-09
    GRAD=3.035140E-02
    NuBT=1
    CPU =0.000906

ITER: 20
    HPWL=5668.743164
    OVFL=0.327999
    HPWL=(2384.408203, 3284.334717)
    POTN=1.823886E+06
    PHIC=1.753424E-09
    GRAD=2.609638E-02
    NuBT=2
    CPU =0.001713

ITER: 21
    HPWL=5609.658203
    OVFL=0.318634
    HPWL=(2342.155029, 3267.503174)
    POTN=1.818188E+06
    PHIC=1.841095E-09
    GRAD=2.674417E-02
    NuBT=1
    CPU =0.000904

ITER: 22
    HPWL=5600.649414
    OVFL=0.315157
    HPWL=(2321.952637, 3278.696533)
    POTN=1.811245E+06
    PHIC=1.933150E-09
    GRAD=2.790166E-02
    NuBT=1
    CPU =0.000912

ITER: 23
    HPWL=5573.980469
    OVFL=0.316227
    HPWL=(2294.149170, 3279.831055)
    POTN=1.807191E+06
    PHIC=2.029807E-09
    GRAD=2.829630E-02
    NuBT=2
    CPU =0.001703

ITER: 24
    HPWL=5553.989258
    OVFL=0.304927
    HPWL=(2270.170166, 3283.819336)
    POTN=1.799833E+06
    PHIC=2.131297E-09
    GRAD=2.819266E-02
    NuBT=2
    CPU =0.001713

ITER: 25
    HPWL=5529.094727
    OVFL=0.294908
    HPWL=(2245.114258, 3283.980225)
    POTN=1.793994E+06
    PHIC=2.237862E-09
    GRAD=2.949165E-02
    NuBT=2
    CPU =0.001713

ITER: 26
    HPWL=5502.280273
    OVFL=0.295773
    HPWL=(2220.208252, 3282.072021)
    POTN=1.787425E+06
    PHIC=2.349755E-09
    GRAD=3.068252E-02
    NuBT=2
    CPU =0.001698

ITER: 27
    HPWL=5482.602051
    OVFL=0.286835
    HPWL=(2201.244629, 3281.357422)
    POTN=1.783318E+06
    PHIC=2.467242E-09
    GRAD=3.060194E-02
    NuBT=2
    CPU =0.001714

ITER: 28
    HPWL=5461.676758
    OVFL=0.272659
    HPWL=(2183.863525, 3277.812988)
    POTN=1.777902E+06
    PHIC=2.590604E-09
    GRAD=3.165503E-02
    NuBT=2
    CPU =0.001719

ITER: 29
    HPWL=5434.453125
    OVFL=0.256262
    HPWL=(2163.806396, 3270.646973)
    POTN=1.774400E+06
    PHIC=2.720135E-09
    GRAD=3.336579E-02
    NuBT=2
    CPU =0.001710

ITER: 30
    HPWL=5409.505371
    OVFL=0.255722
    HPWL=(2146.373047, 3263.132324)
    POTN=1.769752E+06
    PHIC=2.856141E-09
    GRAD=3.537612E-02
    NuBT=2
    CPU =0.001699

ITER: 31
    HPWL=5398.823730
    OVFL=0.256785
    HPWL=(2141.111328, 3257.712402)
    POTN=1.766944E+06
    PHIC=2.998948E-09
    GRAD=3.549864E-02
    NuBT=2
    CPU =0.001713

ITER: 32
    HPWL=5395.790039
    OVFL=0.257020
    HPWL=(2143.216553, 3252.573242)
    POTN=1.762321E+06
    PHIC=3.148895E-09
    GRAD=3.536632E-02
    NuBT=2
    CPU =0.001713

ITER: 33
    HPWL=5402.713867
    OVFL=0.249512
    HPWL=(2148.273193, 3254.440918)
    POTN=1.759501E+06
    PHIC=3.306336E-09
    GRAD=3.538287E-02
    NuBT=1
    CPU =0.000912

ITER: 34
    HPWL=5397.454102
    OVFL=0.241804
    HPWL=(2145.208496, 3252.245361)
    POTN=1.755908E+06
    PHIC=3.471653E-09
    GRAD=3.625829E-02
    NuBT=2
    CPU =0.001710

ITER: 35
    HPWL=5396.470703
    OVFL=0.236882
    HPWL=(2143.075928, 3253.394531)
    POTN=1.754575E+06
    PHIC=3.645235E-09
    GRAD=3.722220E-02
    NuBT=1
    CPU =0.000907

ITER: 36
    HPWL=5389.962891
    OVFL=0.228081
    HPWL=(2138.998535, 3250.964355)
    POTN=1.751640E+06
    PHIC=3.827497E-09
    GRAD=3.780318E-02
    NuBT=2
    CPU =0.001711

ITER: 37
    HPWL=5391.101562
    OVFL=0.218840
    HPWL=(2140.137451, 3250.963867)
    POTN=1.750539E+06
    PHIC=4.018871E-09
    GRAD=3.890968E-02
    NuBT=1
    CPU =0.000902

ITER: 38
    HPWL=5376.236816
    OVFL=0.203207
    HPWL=(2133.222168, 3243.014648)
    POTN=1.748230E+06
    PHIC=4.219814E-09
    GRAD=3.994382E-02
    NuBT=2
    CPU =0.001716

ITER: 39
    HPWL=5364.292969
    OVFL=0.199240
    HPWL=(2129.430664, 3234.862549)
    POTN=1.747913E+06
    PHIC=4.430805E-09
    GRAD=4.168860E-02
    NuBT=2
    CPU =0.001702

ITER: 40
    HPWL=5359.533203
    OVFL=0.196617
    HPWL=(2131.598877, 3227.934326)
    POTN=1.746378E+06
    PHIC=4.652345E-09
    GRAD=4.216116E-02
    NuBT=2
    CPU =0.001713

ITER: 41
    HPWL=5351.190430
    OVFL=0.194909
    HPWL=(2131.481689, 3219.708496)
    POTN=1.746112E+06
    PHIC=4.884962E-09
    GRAD=4.244407E-02
    NuBT=2
    CPU =0.001722

ITER: 42
    HPWL=5353.860352
    OVFL=0.200377
    HPWL=(2136.164795, 3217.695312)
    POTN=1.744594E+06
    PHIC=5.129208E-09
    GRAD=4.271643E-02
    NuBT=1
    CPU =0.000902

ITER: 43
    HPWL=5355.905273
    OVFL=0.207518
    HPWL=(2138.810303, 3217.095215)
    POTN=1.744918E+06
    PHIC=5.385666E-09
    GRAD=4.217092E-02
    NuBT=1
    CPU =0.000900

ITER: 44
    HPWL=5347.443359
    OVFL=0.199444
    HPWL=(2134.015381, 3213.427734)
    POTN=1.743679E+06
    PHIC=5.654949E-09
    GRAD=4.127676E-02
    NuBT=1
    CPU =0.000895

ITER: 45
    HPWL=5341.977539
    OVFL=0.194038
    HPWL=(2129.350098, 3212.627441)
    POTN=1.744493E+06
    PHIC=5.937697E-09
    GRAD=4.209760E-02
    NuBT=1
    CPU =0.000911

ITER: 46
    HPWL=5351.290527
    OVFL=0.194446
    HPWL=(2133.544922, 3217.745605)
    POTN=1.743912E+06
    PHIC=6.234572E-09
    GRAD=4.275564E-02
    NuBT=1
    CPU =0.000910

ITER: 47
    HPWL=5350.666016
    OVFL=0.199267
    HPWL=(2132.749512, 3217.916260)
    POTN=1.744629E+06
    PHIC=6.546301E-09
    GRAD=4.269622E-02
    NuBT=2
    CPU =0.001711

ITER: 48
    HPWL=5353.361328
    OVFL=0.205939
    HPWL=(2133.893799, 3219.467285)
    POTN=1.744029E+06
    PHIC=6.873613E-09
    GRAD=4.219270E-02
    NuBT=1
    CPU =0.000905

ITER: 49
    HPWL=5356.513672
    OVFL=0.208852
    HPWL=(2135.062988, 3221.450684)
    POTN=1.744822E+06
    PHIC=7.217290E-09
    GRAD=4.146942E-02
    NuBT=1
    CPU =0.000902

ITER: 50
    HPWL=5356.227539
    OVFL=0.206604
    HPWL=(2134.161865, 3222.065918)
    POTN=1.744620E+06
    PHIC=7.578154E-09
    GRAD=4.112181E-02
    NuBT=1
    CPU =0.000902

ITER: 51
    HPWL=5357.331055
    OVFL=0.211230
    HPWL=(2134.432373, 3222.898438)
    POTN=1.746207E+06
    PHIC=7.957061E-09
    GRAD=4.138115E-02
    NuBT=1
    CPU =0.000912

ITER: 52
    HPWL=5360.709473
    OVFL=0.211571
    HPWL=(2136.913818, 3223.795654)
    POTN=1.746314E+06
    PHIC=8.354910E-09
    GRAD=4.089529E-02
    NuBT=1
    CPU =0.000896

ITER: 53
    HPWL=5358.945801
    OVFL=0.214002
    HPWL=(2136.644531, 3222.301270)
    POTN=1.747897E+06
    PHIC=8.772655E-09
    GRAD=4.085010E-02
    NuBT=1
    CPU =0.000901

ITER: 54
    HPWL=5354.958496
    OVFL=0.219175
    HPWL=(2135.718506, 3219.239990)
    POTN=1.748042E+06
    PHIC=9.211287E-09
    GRAD=4.055147E-02
    NuBT=1
    CPU =0.000903

ITER: 55
    HPWL=5351.132812
    OVFL=0.218817
    HPWL=(2135.116211, 3216.016602)
    POTN=1.749634E+06
    PHIC=9.671851E-09
    GRAD=3.993556E-02
    NuBT=1
    CPU =0.000900

ITER: 56
    HPWL=5347.654297
    OVFL=0.222500
    HPWL=(2134.428711, 3213.225586)
    POTN=1.749893E+06
    PHIC=1.015544E-08
    GRAD=3.996607E-02
    NuBT=1
    CPU =0.000903

ITER: 57
    HPWL=5347.167480
    OVFL=0.242074
    HPWL=(2135.573486, 3211.593994)
    POTN=1.751741E+06
    PHIC=1.066321E-08
    GRAD=3.954818E-02
    NuBT=1
    CPU =0.000901

ITER: 58
    HPWL=5345.729980
    OVFL=0.257506
    HPWL=(2135.439453, 3210.290527)
    POTN=1.752094E+06
    PHIC=1.119637E-08
    GRAD=3.717438E-02
    NuBT=1
    CPU =0.000903

ITER: 59
    HPWL=5339.160156
    OVFL=0.261157
    HPWL=(2132.616455, 3206.543945)
    POTN=1.753578E+06
    PHIC=1.175619E-08
    GRAD=3.517461E-02
    NuBT=1
    CPU =0.000900

ITER: 60
    HPWL=5342.444824
    OVFL=0.257975
    HPWL=(2133.810791, 3208.634033)
    POTN=1.754172E+06
    PHIC=1.234400E-08
    GRAD=3.468995E-02
    NuBT=1
    CPU =0.000902

ITER: 61
    HPWL=5355.900391
    OVFL=0.258475
    HPWL=(2138.757812, 3217.142822)
    POTN=1.755872E+06
    PHIC=1.296117E-08
    GRAD=3.512892E-02
    NuBT=2
    CPU =0.001707

ITER: 62
    HPWL=5355.391602
    OVFL=0.268675
    HPWL=(2136.362305, 3219.029297)
    POTN=1.756757E+06
    PHIC=1.360923E-08
    GRAD=3.506532E-02
    NuBT=2
    CPU =0.001711

ITER: 63
    HPWL=5362.856445
    OVFL=0.280734
    HPWL=(2140.135254, 3222.721436)
    POTN=1.758672E+06
    PHIC=1.428967E-08
    GRAD=3.384860E-02
    NuBT=1
    CPU =0.000903

ITER: 64
    HPWL=5367.463867
    OVFL=0.289327
    HPWL=(2143.403320, 3224.060547)
    POTN=1.759578E+06
    PHIC=1.500415E-08
    GRAD=3.235577E-02
    NuBT=1
    CPU =0.000903

ITER: 65
    HPWL=5365.883789
    OVFL=0.301722
    HPWL=(2142.776855, 3223.106689)
    POTN=1.761043E+06
    PHIC=1.575435E-08
    GRAD=3.125845E-02
    NuBT=1
    CPU =0.000902

ITER: 66
    HPWL=5374.517578
    OVFL=0.311489
    HPWL=(2146.622314, 3227.895020)
    POTN=1.760753E+06
    PHIC=1.654205E-08
    GRAD=2.976437E-02
    NuBT=1
    CPU =0.000909

ITER: 67
    HPWL=5394.061523
    OVFL=0.313957
    HPWL=(2156.070312, 3237.991455)
    POTN=1.760784E+06
    PHIC=1.736910E-08
    GRAD=2.863549E-02
    NuBT=1
    CPU =0.000910

ITER: 68
    HPWL=5418.312012
    OVFL=0.310829
    HPWL=(2166.969971, 3251.342041)
    POTN=1.758767E+06
    PHIC=1.823750E-08
    GRAD=2.840910E-02
    NuBT=1
    CPU =0.000903

ITER: 69
    HPWL=5425.860352
    OVFL=0.316652
    HPWL=(2167.834961, 3258.025391)
    POTN=1.756874E+06
    PHIC=1.914935E-08
    GRAD=2.879082E-02
    NuBT=2
    CPU =0.001701

ITER: 70
    HPWL=5434.408203
    OVFL=0.323351
    HPWL=(2169.468750, 3264.939453)
    POTN=1.754512E+06
    PHIC=2.010679E-08
    GRAD=2.816101E-02
    NuBT=1
    CPU =0.000913

ITER: 71
    HPWL=5445.887207
    OVFL=0.358570
    HPWL=(2175.082275, 3270.804932)
    POTN=1.751540E+06
    PHIC=2.111210E-08
    GRAD=2.741507E-02
    NuBT=1
    CPU =0.000905

ITER: 72
    HPWL=5453.316406
    OVFL=0.377768
    HPWL=(2177.984863, 3275.331299)
    POTN=1.746922E+06
    PHIC=2.216768E-08
    GRAD=2.352392E-02
    NuBT=1
    CPU =0.000905

ITER: 73
    HPWL=5445.754395
    OVFL=0.382767
    HPWL=(2173.882080, 3271.872314)
    POTN=1.743033E+06
    PHIC=2.327606E-08
    GRAD=2.142157E-02
    NuBT=1
    CPU =0.000902

ITER: 74
    HPWL=5503.828613
    OVFL=0.390158
    HPWL=(2205.867676, 3297.960938)
    POTN=1.735195E+06
    PHIC=2.443966E-08
    GRAD=2.095429E-02
    NuBT=1
    CPU =0.000906

ITER: 75
    HPWL=5574.040039
    OVFL=0.390357
    HPWL=(2240.109375, 3333.930908)
    POTN=1.730999E+06
    PHIC=2.566139E-08
    GRAD=2.039282E-02
    NuBT=2
    CPU =0.001698

ITER: 76
    HPWL=5612.290039
    OVFL=0.365137
    HPWL=(2254.526855, 3357.763184)
    POTN=1.721324E+06
    PHIC=2.694431E-08
    GRAD=2.044835E-02
    NuBT=2
    CPU =0.001711

ITER: 77
    HPWL=5611.455078
    OVFL=0.432912
    HPWL=(2247.055420, 3364.399658)
    POTN=1.716937E+06
    PHIC=2.829153E-08
    GRAD=2.290591E-02
    NuBT=2
    CPU =0.001713

ITER: 78
    HPWL=5589.105469
    OVFL=0.428622
    HPWL=(2222.588135, 3366.517334)
    POTN=1.708274E+06
    PHIC=2.970610E-08
    GRAD=1.677130E-02
    NuBT=2
    CPU =0.001720

ITER: 79
    HPWL=5569.225586
    OVFL=0.406430
    HPWL=(2210.534424, 3358.691406)
    POTN=1.700590E+06
    PHIC=3.119141E-08
    GRAD=1.685787E-02
    NuBT=1
    CPU =0.000895

ITER: 80
    HPWL=5700.777344
    OVFL=0.440845
    HPWL=(2289.638916, 3411.138428)
    POTN=1.687996E+06
    PHIC=3.275037E-08
    GRAD=1.893250E-02
    NuBT=1
    CPU =0.000900

ITER: 81
    HPWL=5724.140625
    OVFL=0.431348
    HPWL=(2293.481689, 3430.659180)
    POTN=1.671407E+06
    PHIC=3.438777E-08
    GRAD=1.623633E-02
    NuBT=2
    CPU =0.001710

ITER: 82
    HPWL=5797.207031
    OVFL=0.412664
    HPWL=(2333.586426, 3463.620361)
    POTN=1.654425E+06
    PHIC=3.610678E-08
    GRAD=1.717771E-02
    NuBT=1
    CPU =0.000906

ITER: 83
    HPWL=5774.673828
    OVFL=0.435106
    HPWL=(2316.180176, 3458.493408)
    POTN=1.632145E+06
    PHIC=3.791212E-08
    GRAD=1.860954E-02
    NuBT=2
    CPU =0.001714

ITER: 84
    HPWL=5789.415039
    OVFL=0.390022
    HPWL=(2316.930420, 3472.484619)
    POTN=1.606796E+06
    PHIC=3.980764E-08
    GRAD=1.705036E-02
    NuBT=1
    CPU =0.000900

ITER: 85
    HPWL=5719.182617
    OVFL=0.420650
    HPWL=(2276.126709, 3443.056152)
    POTN=1.580740E+06
    PHIC=4.179802E-08
    GRAD=2.054204E-02
    NuBT=2
    CPU =0.001703

ITER: 86
    HPWL=5683.624023
    OVFL=0.376056
    HPWL=(2247.349854, 3436.274414)
    POTN=1.556641E+06
    PHIC=4.388792E-08
    GRAD=1.795710E-02
    NuBT=1
    CPU =0.000916

ITER: 87
    HPWL=5650.453125
    OVFL=0.404668
    HPWL=(2231.322998, 3419.130371)
    POTN=1.534726E+06
    PHIC=4.608231E-08
    GRAD=2.184504E-02
    NuBT=2
    CPU =0.001715

ITER: 88
    HPWL=5661.077148
    OVFL=0.372606
    HPWL=(2239.260742, 3421.816650)
    POTN=1.517846E+06
    PHIC=4.838635E-08
    GRAD=1.946151E-02
    NuBT=1
    CPU =0.000906

ITER: 89
    HPWL=5633.819336
    OVFL=0.386394
    HPWL=(2229.052734, 3404.766357)
    POTN=1.502812E+06
    PHIC=5.080567E-08
    GRAD=2.228651E-02
    NuBT=2
    CPU =0.001727

ITER: 90
    HPWL=5654.356445
    OVFL=0.381453
    HPWL=(2244.919922, 3409.436768)
    POTN=1.490212E+06
    PHIC=5.334579E-08
    GRAD=2.119285E-02
    NuBT=1
    CPU =0.000896

ITER: 91
    HPWL=5648.945312
    OVFL=0.415550
    HPWL=(2245.592285, 3403.353027)
    POTN=1.482452E+06
    PHIC=5.601308E-08
    GRAD=2.159321E-02
    NuBT=2
    CPU =0.001715

ITER: 92
    HPWL=5655.196289
    OVFL=0.394229
    HPWL=(2252.598145, 3402.598145)
    POTN=1.469186E+06
    PHIC=5.881368E-08
    GRAD=1.841635E-02
    NuBT=1
    CPU =0.000906

ITER: 93
    HPWL=5639.673828
    OVFL=0.398294
    HPWL=(2247.021973, 3392.651855)
    POTN=1.459501E+06
    PHIC=6.175436E-08
    GRAD=2.003194E-02
    NuBT=1
    CPU =0.000905

ITER: 94
    HPWL=5662.403320
    OVFL=0.449598
    HPWL=(2258.759277, 3403.644043)
    POTN=1.450445E+06
    PHIC=6.484187E-08
    GRAD=1.973177E-02
    NuBT=1
    CPU =0.000902

ITER: 95
    HPWL=5657.549805
    OVFL=0.437274
    HPWL=(2252.828125, 3404.721924)
    POTN=1.440808E+06
    PHIC=6.808396E-08
    GRAD=1.541900E-02
    NuBT=2
    CPU =0.001718

ITER: 96
    HPWL=5633.015625
    OVFL=0.417608
    HPWL=(2238.593750, 3394.421631)
    POTN=1.431045E+06
    PHIC=7.148816E-08
    GRAD=1.614061E-02
    NuBT=1
    CPU =0.000905

ITER: 97
    HPWL=5694.196777
    OVFL=0.435029
    HPWL=(2268.947754, 3425.249023)
    POTN=1.422291E+06
    PHIC=7.506192E-08
    GRAD=1.777030E-02
    NuBT=1
    CPU =0.000894

ITER: 98
    HPWL=5703.707031
    OVFL=0.452009
    HPWL=(2269.061035, 3434.646240)
    POTN=1.413042E+06
    PHIC=7.881491E-08
    GRAD=1.635666E-02
    NuBT=2
    CPU =0.001711

ITER: 99
    HPWL=5728.124512
    OVFL=0.431292
    HPWL=(2276.560547, 3451.563965)
    POTN=1.404314E+06
    PHIC=8.275536E-08
    GRAD=1.508913E-02
    NuBT=2
    CPU =0.001712

ITER: 100
    HPWL=5748.364258
    OVFL=0.416526
    HPWL=(2282.639160, 3465.724854)
    POTN=1.396701E+06
    PHIC=8.689288E-08
    GRAD=1.666136E-02
    NuBT=2
    CPU =0.001708

ITER: 101
    HPWL=5727.257812
    OVFL=0.407081
    HPWL=(2263.958740, 3463.299316)
    POTN=1.391143E+06
    PHIC=9.123752E-08
    GRAD=1.786737E-02
    NuBT=2
    CPU =0.001718

ITER: 102
    HPWL=5694.142090
    OVFL=0.407838
    HPWL=(2238.641602, 3455.500488)
    POTN=1.384418E+06
    PHIC=9.579939E-08
    GRAD=1.868856E-02
    NuBT=2
    CPU =0.001716

ITER: 103
    HPWL=5655.645020
    OVFL=0.409390
    HPWL=(2211.148926, 3444.496094)
    POTN=1.379642E+06
    PHIC=1.005894E-07
    GRAD=1.862174E-02
    NuBT=2
    CPU =0.001708

ITER: 104
    HPWL=5628.818359
    OVFL=0.406968
    HPWL=(2193.390381, 3435.427734)
    POTN=1.374940E+06
    PHIC=1.056188E-07
    GRAD=1.847626E-02
    NuBT=2
    CPU =0.001703

ITER: 105
    HPWL=5628.794922
    OVFL=0.396513
    HPWL=(2197.081299, 3431.713623)
    POTN=1.370959E+06
    PHIC=1.108998E-07
    GRAD=1.868701E-02
    NuBT=1
    CPU =0.000905

ITER: 106
    HPWL=5617.901367
    OVFL=0.385156
    HPWL=(2194.483887, 3423.417236)
    POTN=1.367254E+06
    PHIC=1.164447E-07
    GRAD=1.960396E-02
    NuBT=2
    CPU =0.001710

ITER: 107
    HPWL=5606.596680
    OVFL=0.370264
    HPWL=(2190.376709, 3416.219727)
    POTN=1.365413E+06
    PHIC=1.222670E-07
    GRAD=2.065970E-02
    NuBT=1
    CPU =0.000906

ITER: 108
    HPWL=5591.830078
    OVFL=0.354209
    HPWL=(2182.979004, 3408.851318)
    POTN=1.363436E+06
    PHIC=1.283803E-07
    GRAD=2.211897E-02
    NuBT=2
    CPU =0.001718

ITER: 109
    HPWL=5571.711914
    OVFL=0.338684
    HPWL=(2172.839844, 3398.872314)
    POTN=1.362128E+06
    PHIC=1.347993E-07
    GRAD=2.377926E-02
    NuBT=2
    CPU =0.001701

ITER: 110
    HPWL=5549.258301
    OVFL=0.335707
    HPWL=(2162.355957, 3386.902344)
    POTN=1.359987E+06
    PHIC=1.415393E-07
    GRAD=2.546776E-02
    NuBT=2
    CPU =0.001711

ITER: 111
    HPWL=5537.234375
    OVFL=0.339739
    HPWL=(2159.729004, 3377.505371)
    POTN=1.357907E+06
    PHIC=1.486163E-07
    GRAD=2.584067E-02
    NuBT=2
    CPU =0.001710

ITER: 112
    HPWL=5526.937500
    OVFL=0.347121
    HPWL=(2160.678223, 3366.259033)
    POTN=1.355516E+06
    PHIC=1.560471E-07
    GRAD=2.539425E-02
    NuBT=2
    CPU =0.001698

ITER: 113
    HPWL=5533.908203
    OVFL=0.366247
    HPWL=(2169.609375, 3364.298584)
    POTN=1.354670E+06
    PHIC=1.638493E-07
    GRAD=2.461066E-02
    NuBT=1
    CPU =0.000908

ITER: 114
    HPWL=5542.143555
    OVFL=0.380022
    HPWL=(2176.995117, 3365.148438)
    POTN=1.353202E+06
    PHIC=1.720415E-07
    GRAD=2.260945E-02
    NuBT=1
    CPU =0.000906

ITER: 115
    HPWL=5547.062500
    OVFL=0.378934
    HPWL=(2182.102051, 3364.960205)
    POTN=1.352177E+06
    PHIC=1.806435E-07
    GRAD=2.118141E-02
    NuBT=1
    CPU =0.000911

ITER: 116
    HPWL=5582.350586
    OVFL=0.364919
    HPWL=(2201.753906, 3380.596680)
    POTN=1.350626E+06
    PHIC=1.896747E-07
    GRAD=2.128517E-02
    NuBT=1
    CPU =0.000906

ITER: 117
    HPWL=5611.136230
    OVFL=0.387963
    HPWL=(2214.159912, 3396.976318)
    POTN=1.349860E+06
    PHIC=1.991576E-07
    GRAD=2.271331E-02
    NuBT=2
    CPU =0.001713

ITER: 118
    HPWL=5615.175781
    OVFL=0.393526
    HPWL=(2209.242676, 3405.932861)
    POTN=1.348367E+06
    PHIC=2.091153E-07
    GRAD=2.047243E-02
    NuBT=2
    CPU =0.001712

ITER: 119
    HPWL=5639.193359
    OVFL=0.382465
    HPWL=(2218.729492, 3420.463867)
    POTN=1.346241E+06
    PHIC=2.195704E-07
    GRAD=1.995816E-02
    NuBT=1
    CPU =0.000894

ITER: 120
    HPWL=5662.201172
    OVFL=0.369509
    HPWL=(2228.342285, 3433.858643)
    POTN=1.343914E+06
    PHIC=2.305481E-07
    GRAD=2.103500E-02
    NuBT=2
    CPU =0.001713

ITER: 121
    HPWL=5654.642578
    OVFL=0.379327
    HPWL=(2220.253662, 3434.388672)
    POTN=1.342977E+06
    PHIC=2.420755E-07
    GRAD=2.232302E-02
    NuBT=2
    CPU =0.001712

ITER: 122
    HPWL=5646.609375
    OVFL=0.384979
    HPWL=(2212.418457, 3434.190918)
    POTN=1.340874E+06
    PHIC=2.541792E-07
    GRAD=2.142613E-02
    NuBT=2
    CPU =0.001720

ITER: 123
    HPWL=5648.798828
    OVFL=0.385299
    HPWL=(2214.765869, 3434.032959)
    POTN=1.338424E+06
    PHIC=2.668881E-07
    GRAD=2.092194E-02
    NuBT=2
    CPU =0.001701

ITER: 124
    HPWL=5656.397461
    OVFL=0.386316
    HPWL=(2224.028809, 3432.368896)
    POTN=1.335480E+06
    PHIC=2.802322E-07
    GRAD=2.092429E-02
    NuBT=1
    CPU =0.000905

ITER: 125
    HPWL=5657.032227
    OVFL=0.405005
    HPWL=(2229.991943, 3427.040039)
    POTN=1.333910E+06
    PHIC=2.942438E-07
    GRAD=2.084778E-02
    NuBT=1
    CPU =0.000915

ITER: 126
    HPWL=5648.096191
    OVFL=0.406304
    HPWL=(2230.931152, 3417.165039)
    POTN=1.327989E+06
    PHIC=3.089559E-07
    GRAD=1.908956E-02
    NuBT=1
    CPU =0.000908

ITER: 127
    HPWL=5634.848633
    OVFL=0.417641
    HPWL=(2230.424316, 3404.424316)
    POTN=1.324333E+06
    PHIC=3.244037E-07
    GRAD=1.885391E-02
    NuBT=1
    CPU =0.000901

ITER: 128
    HPWL=5651.533203
    OVFL=0.396344
    HPWL=(2243.006592, 3408.526611)
    POTN=1.317209E+06
    PHIC=3.406231E-07
    GRAD=1.788123E-02
    NuBT=1
    CPU =0.000905

ITER: 129
    HPWL=5656.196777
    OVFL=0.416695
    HPWL=(2243.030029, 3413.166748)
    POTN=1.311890E+06
    PHIC=3.576540E-07
    GRAD=1.969736E-02
    NuBT=2
    CPU =0.001699

ITER: 130
    HPWL=5650.315430
    OVFL=0.438768
    HPWL=(2232.082520, 3418.233154)
    POTN=1.305768E+06
    PHIC=3.755367E-07
    GRAD=1.791914E-02
    NuBT=1
    CPU =0.000901

ITER: 131
    HPWL=5668.521484
    OVFL=0.423034
    HPWL=(2241.540771, 3426.980957)
    POTN=1.299729E+06
    PHIC=3.943125E-07
    GRAD=1.612804E-02
    NuBT=1
    CPU =0.000911

ITER: 132
    HPWL=5680.780273
    OVFL=0.406882
    HPWL=(2250.504639, 3430.275879)
    POTN=1.292336E+06
    PHIC=4.140273E-07
    GRAD=1.732786E-02
    NuBT=1
    CPU =0.000906

ITER: 133
    HPWL=5669.519531
    OVFL=0.421817
    HPWL=(2246.286133, 3423.233154)
    POTN=1.286110E+06
    PHIC=4.347287E-07
    GRAD=1.869230E-02
    NuBT=2
    CPU =0.001709

ITER: 134
    HPWL=5642.809082
    OVFL=0.427247
    HPWL=(2232.824219, 3409.984863)
    POTN=1.277626E+06
    PHIC=4.564651E-07
    GRAD=1.743276E-02
    NuBT=1
    CPU =0.000913

ITER: 135
    HPWL=5632.411133
    OVFL=0.437995
    HPWL=(2232.396973, 3400.014404)
    POTN=1.268840E+06
    PHIC=4.792884E-07
    GRAD=1.698254E-02
    NuBT=1
    CPU =0.000916

ITER: 136
    HPWL=5622.205566
    OVFL=0.454407
    HPWL=(2232.727539, 3389.478027)
    POTN=1.256860E+06
    PHIC=5.032527E-07
    GRAD=1.611960E-02
    NuBT=1
    CPU =0.000902

ITER: 137
    HPWL=5623.851562
    OVFL=0.467346
    HPWL=(2240.426270, 3383.425293)
    POTN=1.243199E+06
    PHIC=5.284152E-07
    GRAD=1.487441E-02
    NuBT=1
    CPU =0.000914

ITER: 138
    HPWL=5647.377441
    OVFL=0.469407
    HPWL=(2256.956055, 3390.421387)
    POTN=1.226590E+06
    PHIC=5.548341E-07
    GRAD=1.395186E-02
    NuBT=1
    CPU =0.000895

ITER: 139
    HPWL=5720.347168
    OVFL=0.461027
    HPWL=(2299.877930, 3420.469238)
    POTN=1.206473E+06
    PHIC=5.825698E-07
    GRAD=1.381808E-02
    NuBT=1
    CPU =0.000904

ITER: 140
    HPWL=5782.028320
    OVFL=0.448774
    HPWL=(2331.805420, 3450.223145)
    POTN=1.185238E+06
    PHIC=6.116929E-07
    GRAD=1.442495E-02
    NuBT=2
    CPU =0.001734

ITER: 141
    HPWL=5792.519531
    OVFL=0.432187
    HPWL=(2331.212158, 3461.307373)
    POTN=1.163329E+06
    PHIC=6.422766E-07
    GRAD=1.532370E-02
    NuBT=2
    CPU =0.001717

ITER: 142
    HPWL=5768.414062
    OVFL=0.419662
    HPWL=(2308.151611, 3460.262207)
    POTN=1.138866E+06
    PHIC=6.743904E-07
    GRAD=1.662115E-02
    NuBT=2
    CPU =0.001708

ITER: 143
    HPWL=5727.358887
    OVFL=0.436761
    HPWL=(2276.181641, 3451.177246)
    POTN=1.114537E+06
    PHIC=7.081098E-07
    GRAD=1.768093E-02
    NuBT=2
    CPU =0.001703

ITER: 144
    HPWL=5681.050781
    OVFL=0.442185
    HPWL=(2241.829102, 3439.221680)
    POTN=1.086064E+06
    PHIC=7.435153E-07
    GRAD=1.633425E-02
    NuBT=2
    CPU =0.001712

ITER: 145
    HPWL=5681.423828
    OVFL=0.409366
    HPWL=(2241.239014, 3440.185059)
    POTN=1.057681E+06
    PHIC=7.806910E-07
    GRAD=1.592915E-02
    NuBT=1
    CPU =0.000904

ITER: 146
    HPWL=5656.775391
    OVFL=0.381374
    HPWL=(2233.744873, 3423.030518)
    POTN=1.029565E+06
    PHIC=8.197255E-07
    GRAD=1.849890E-02
    NuBT=2
    CPU =0.001711

ITER: 147
    HPWL=5626.207031
    OVFL=0.364023
    HPWL=(2216.085938, 3410.121338)
    POTN=1.001510E+06
    PHIC=8.607117E-07
    GRAD=2.108833E-02
    NuBT=1
    CPU =0.000902

ITER: 148
    HPWL=5582.320312
    OVFL=0.381314
    HPWL=(2187.703613, 3394.616943)
    POTN=9.740569E+05
    PHIC=9.037472E-07
    GRAD=2.286445E-02
    NuBT=2
    CPU =0.001711

ITER: 149
    HPWL=5548.300781
    OVFL=0.372857
    HPWL=(2170.923584, 3377.377197)
    POTN=9.465080E+05
    PHIC=9.489345E-07
    GRAD=2.116371E-02
    NuBT=2
    CPU =0.001713

ITER: 150
    HPWL=5571.140625
    OVFL=0.359281
    HPWL=(2194.297852, 3376.842529)
    POTN=9.163720E+05
    PHIC=9.963780E-07
    GRAD=2.203047E-02
    NuBT=1
    CPU =0.000902

ITER: 151
    HPWL=5541.494629
    OVFL=0.346847
    HPWL=(2181.302002, 3360.192627)
    POTN=8.874506E+05
    PHIC=1.046197E-06
    GRAD=2.331992E-02
    NuBT=2
    CPU =0.001701

ITER: 152
    HPWL=5533.333008
    OVFL=0.343375
    HPWL=(2179.282227, 3354.050781)
    POTN=8.566029E+05
    PHIC=1.098507E-06
    GRAD=2.465047E-02
    NuBT=1
    CPU =0.000904

ITER: 153
    HPWL=5519.624023
    OVFL=0.359124
    HPWL=(2173.552246, 3346.071777)
    POTN=8.268526E+05
    PHIC=1.153432E-06
    GRAD=2.502370E-02
    NuBT=2
    CPU =0.001712

ITER: 154
    HPWL=5509.958008
    OVFL=0.376969
    HPWL=(2169.930908, 3340.027100)
    POTN=7.958402E+05
    PHIC=1.211103E-06
    GRAD=2.333197E-02
    NuBT=2
    CPU =0.001728

ITER: 155
    HPWL=5513.940430
    OVFL=0.385676
    HPWL=(2174.678711, 3339.261719)
    POTN=7.644596E+05
    PHIC=1.271658E-06
    GRAD=2.149416E-02
    NuBT=1
    CPU =0.000908

ITER: 156
    HPWL=5536.420898
    OVFL=0.379091
    HPWL=(2189.533203, 3346.887695)
    POTN=7.314182E+05
    PHIC=1.335236E-06
    GRAD=2.062649E-02
    NuBT=1
    CPU =0.000904

ITER: 157
    HPWL=5595.550293
    OVFL=0.396000
    HPWL=(2222.290527, 3373.259766)
    POTN=6.979216E+05
    PHIC=1.401987E-06
    GRAD=2.132425E-02
    NuBT=1
    CPU =0.000905

ITER: 158
    HPWL=5608.867188
    OVFL=0.422173
    HPWL=(2225.580078, 3383.287109)
    POTN=6.638582E+05
    PHIC=1.472083E-06
    GRAD=1.972444E-02
    NuBT=2
    CPU =0.001705

ITER: 159
    HPWL=5627.398438
    OVFL=0.428707
    HPWL=(2232.732666, 3394.666016)
    POTN=6.294981E+05
    PHIC=1.545683E-06
    GRAD=1.742414E-02
    NuBT=1
    CPU =0.000906

ITER: 160
    HPWL=5659.034180
    OVFL=0.431911
    HPWL=(2250.042480, 3408.991943)
    POTN=5.952392E+05
    PHIC=1.622960E-06
    GRAD=1.685223E-02
    NuBT=1
    CPU =0.000905

ITER: 161
    HPWL=5733.987305
    OVFL=0.436903
    HPWL=(2290.641602, 3443.345703)
    POTN=5.589304E+05
    PHIC=1.704090E-06
    GRAD=1.669629E-02
    NuBT=1
    CPU =0.000906

ITER: 162
    HPWL=5754.431152
    OVFL=0.440272
    HPWL=(2300.101074, 3454.330078)
    POTN=5.209656E+05
    PHIC=1.789289E-06
    GRAD=1.628861E-02
    NuBT=2
    CPU =0.001710

ITER: 163
    HPWL=5771.759766
    OVFL=0.438305
    HPWL=(2306.299805, 3465.459717)
    POTN=4.842974E+05
    PHIC=1.878749E-06
    GRAD=1.604724E-02
    NuBT=1
    CPU =0.000915

ITER: 164
    HPWL=5788.561035
    OVFL=0.436609
    HPWL=(2310.992432, 3477.568604)
    POTN=4.486467E+05
    PHIC=1.972682E-06
    GRAD=1.624945E-02
    NuBT=1
    CPU =0.000899

ITER: 165
    HPWL=5780.818848
    OVFL=0.435411
    HPWL=(2301.018555, 3479.800293)
    POTN=4.151994E+05
    PHIC=2.071316E-06
    GRAD=1.638497E-02
    NuBT=1
    CPU =0.000907

ITER: 166
    HPWL=5759.903320
    OVFL=0.419398
    HPWL=(2283.419434, 3476.484131)
    POTN=3.802110E+05
    PHIC=2.174881E-06
    GRAD=1.644430E-02
    NuBT=1
    CPU =0.000905

ITER: 167
    HPWL=5744.134277
    OVFL=0.405884
    HPWL=(2268.230225, 3475.904053)
    POTN=3.457250E+05
    PHIC=2.283625E-06
    GRAD=1.774101E-02
    NuBT=1
    CPU =0.000916

ITER: 168
    HPWL=5716.055664
    OVFL=0.391192
    HPWL=(2245.182373, 3470.873047)
    POTN=3.119801E+05
    PHIC=2.397806E-06
    GRAD=1.893655E-02
    NuBT=1
    CPU =0.000910

ITER: 169
    HPWL=5670.382812
    OVFL=0.378201
    HPWL=(2214.253906, 3456.128906)
    POTN=2.810723E+05
    PHIC=2.517697E-06
    GRAD=2.024549E-02
    NuBT=2
    CPU =0.001722

ITER: 170
    HPWL=5640.363281
    OVFL=0.366124
    HPWL=(2197.238770, 3443.124512)
    POTN=2.515764E+05
    PHIC=2.643581E-06
    GRAD=2.151540E-02
    NuBT=2
    CPU =0.001716

ITER: 171
    HPWL=5613.731445
    OVFL=0.359645
    HPWL=(2187.031250, 3426.700195)
    POTN=2.249615E+05
    PHIC=2.775760E-06
    GRAD=2.272949E-02
    NuBT=2
    CPU =0.001715

ITER: 172
    HPWL=5600.685547
    OVFL=0.353702
    HPWL=(2187.949219, 3412.736572)
    POTN=1.995251E+05
    PHIC=2.914548E-06
    GRAD=2.343675E-02
    NuBT=2
    CPU =0.001722

ITER: 173
    HPWL=5588.998047
    OVFL=0.352366
    HPWL=(2190.320068, 3398.677979)
    POTN=1.764830E+05
    PHIC=3.060276E-06
    GRAD=2.407750E-02
    NuBT=2
    CPU =0.001714

ITER: 174
    HPWL=5584.015625
    OVFL=0.355261
    HPWL=(2195.918213, 3388.097168)
    POTN=1.544589E+05
    PHIC=3.213289E-06
    GRAD=2.426190E-02
    NuBT=2
    CPU =0.001709

ITER: 175
    HPWL=5584.841797
    OVFL=0.365766
    HPWL=(2203.875000, 3380.966797)
    POTN=1.346867E+05
    PHIC=3.373953E-06
    GRAD=2.400114E-02
    NuBT=2
    CPU =0.001720

ITER: 176
    HPWL=5598.087891
    OVFL=0.397562
    HPWL=(2218.379883, 3379.708008)
    POTN=1.167726E+05
    PHIC=3.542644E-06
    GRAD=2.297775E-02
    NuBT=1
    CPU =0.000909

ITER: 177
    HPWL=5604.911133
    OVFL=0.405751
    HPWL=(2228.509766, 3376.401611)
    POTN=1.006920E+05
    PHIC=3.719773E-06
    GRAD=1.982271E-02
    NuBT=1
    CPU =0.000906

ITER: 178
    HPWL=5596.230469
    OVFL=0.398791
    HPWL=(2228.036621, 3368.193848)
    POTN=8.613569E+04
    PHIC=3.905761E-06
    GRAD=1.886719E-02
    NuBT=1
    CPU =0.000908

ITER: 179
    HPWL=5653.151855
    OVFL=0.425646
    HPWL=(2259.412109, 3393.739746)
    POTN=7.534295E+04
    PHIC=4.101016E-06
    GRAD=1.954069E-02
    NuBT=1
    CPU =0.000915

ITER: 180
    HPWL=5685.897461
    OVFL=0.438732
    HPWL=(2272.068604, 3413.828613)
    POTN=6.643009E+04
    PHIC=4.306046E-06
    GRAD=1.726772E-02
    NuBT=2
    CPU =0.001708

ITER: 181
    HPWL=5728.125977
    OVFL=0.449955
    HPWL=(2293.270264, 3434.855469)
    POTN=6.172368E+04
    PHIC=4.521322E-06
    GRAD=1.619680E-02
    NuBT=1
    CPU =0.000902

ITER: 182
    HPWL=5786.319824
    OVFL=0.454809
    HPWL=(2322.236572, 3464.083252)
    POTN=5.856504E+04
    PHIC=4.747349E-06
    GRAD=1.539073E-02
    NuBT=1
    CPU =0.000907

ITER: 183
    HPWL=5843.104492
    OVFL=0.446436
    HPWL=(2349.919189, 3493.185059)
    POTN=5.690676E+04
    PHIC=4.984676E-06
    GRAD=1.508682E-02
    NuBT=1
    CPU =0.000905

ITER: 184
    HPWL=5855.355957
    OVFL=0.440728
    HPWL=(2350.776855, 3504.579102)
    POTN=5.605616E+04
    PHIC=5.233901E-06
    GRAD=1.564073E-02
    NuBT=2
    CPU =0.001717

ITER: 185
    HPWL=5850.738281
    OVFL=0.444686
    HPWL=(2340.565674, 3510.172363)
    POTN=5.620592E+04
    PHIC=5.495596E-06
    GRAD=1.607864E-02
    NuBT=1
    CPU =0.000905

ITER: 186
    HPWL=5833.906250
    OVFL=0.444815
    HPWL=(2324.756348, 3509.150146)
    POTN=5.567547E+04
    PHIC=5.770376E-06
    GRAD=1.579770E-02
    NuBT=1
    CPU =0.000908

ITER: 187
    HPWL=5805.441895
    OVFL=0.444458
    HPWL=(2304.545410, 3500.896484)
    POTN=5.529625E+04
    PHIC=6.058894E-06
    GRAD=1.574900E-02
    NuBT=1
    CPU =0.000908

ITER: 188
    HPWL=5774.600586
    OVFL=0.437594
    HPWL=(2283.935059, 3490.665283)
    POTN=5.532580E+04
    PHIC=6.361839E-06
    GRAD=1.574287E-02
    NuBT=1
    CPU =0.000918

ITER: 189
    HPWL=5763.205078
    OVFL=0.428681
    HPWL=(2275.792480, 3487.412842)
    POTN=5.659425E+04
    PHIC=6.679930E-06
    GRAD=1.627895E-02
    NuBT=1
    CPU =0.000899

ITER: 190
    HPWL=5743.759766
    OVFL=0.415571
    HPWL=(2261.129150, 3482.630859)
    POTN=5.927520E+04
    PHIC=7.013926E-06
    GRAD=1.696096E-02
    NuBT=2
    CPU =0.001715

ITER: 191
    HPWL=5721.165527
    OVFL=0.387117
    HPWL=(2244.973877, 3476.191650)
    POTN=6.226556E+04
    PHIC=7.364622E-06
    GRAD=1.802770E-02
    NuBT=2
    CPU =0.001709

ITER: 192
    HPWL=5669.709961
    OVFL=0.368061
    HPWL=(2213.348877, 3456.361084)
    POTN=6.770404E+04
    PHIC=7.732853E-06
    GRAD=2.051212E-02
    NuBT=2
    CPU =0.001710

ITER: 193
    HPWL=5629.115234
    OVFL=0.353745
    HPWL=(2188.468750, 3440.646729)
    POTN=7.350275E+04
    PHIC=8.119496E-06
    GRAD=2.243196E-02
    NuBT=1
    CPU =0.000892

ITER: 194
    HPWL=5583.108398
    OVFL=0.350381
    HPWL=(2166.565186, 3416.543457)
    POTN=7.917676E+04
    PHIC=8.525471E-06
    GRAD=2.389800E-02
    NuBT=2
    CPU =0.001706

ITER: 195
    HPWL=5562.705078
    OVFL=0.340153
    HPWL=(2166.778809, 3395.926025)
    POTN=8.479571E+04
    PHIC=8.951743E-06
    GRAD=2.427805E-02
    NuBT=2
    CPU =0.001726

ITER: 196
    HPWL=5536.830078
    OVFL=0.326226
    HPWL=(2164.352051, 3372.478271)
    POTN=9.104861E+04
    PHIC=9.399330E-06
    GRAD=2.534652E-02
    NuBT=2
    CPU =0.001721

ITER: 197
    HPWL=5511.831055
    OVFL=0.333208
    HPWL=(2160.820557, 3351.010254)
    POTN=9.730494E+04
    PHIC=9.869296E-06
    GRAD=2.687464E-02
    NuBT=2
    CPU =0.001707

ITER: 198
    HPWL=5500.188477
    OVFL=0.358181
    HPWL=(2164.295654, 3335.892822)
    POTN=1.031963E+05
    PHIC=1.036276E-05
    GRAD=2.612752E-02
    NuBT=2
    CPU =0.001722

ITER: 199
    HPWL=5487.109375
    OVFL=0.380458
    HPWL=(2166.713623, 3320.395752)
    POTN=1.082390E+05
    PHIC=1.088090E-05
    GRAD=2.339926E-02
    NuBT=2
    CPU =0.001715

ITER: 200
    HPWL=5476.853516
    OVFL=0.399234
    HPWL=(2167.777100, 3309.076416)
    POTN=1.121746E+05
    PHIC=1.142494E-05
    GRAD=2.109968E-02
    NuBT=1
    CPU =0.000907

ITER: 201
    HPWL=5507.746094
    OVFL=0.428378
    HPWL=(2190.031738, 3317.714111)
    POTN=1.139403E+05
    PHIC=1.199614E-05
    GRAD=1.932552E-02
    NuBT=1
    CPU =0.000902

ITER: 202
    HPWL=5584.412109
    OVFL=0.443415
    HPWL=(2230.663818, 3353.748047)
    POTN=1.129234E+05
    PHIC=1.259581E-05
    GRAD=1.686092E-02
    NuBT=1
    CPU =0.000912

ITER: 203
    HPWL=5673.846680
    OVFL=0.459991
    HPWL=(2275.302246, 3398.544678)
    POTN=1.096891E+05
    PHIC=1.322543E-05
    GRAD=1.570633E-02
    NuBT=1
    CPU =0.000902

ITER: 204
    HPWL=5787.179199
    OVFL=0.458440
    HPWL=(2334.666016, 3452.513184)
    POTN=1.027278E+05
    PHIC=1.388648E-05
    GRAD=1.458624E-02
    NuBT=2
    CPU =0.001719

ITER: 205
    HPWL=5879.011719
    OVFL=0.452888
    HPWL=(2379.816895, 3499.194580)
    POTN=9.399834E+04
    PHIC=1.458061E-05
    GRAD=1.475570E-02
    NuBT=2
    CPU =0.001726

ITER: 206
    HPWL=5912.547852
    OVFL=0.448099
    HPWL=(2386.707275, 3525.840332)
    POTN=8.427734E+04
    PHIC=1.530957E-05
    GRAD=1.514221E-02
    NuBT=2
    CPU =0.001718

ITER: 207
    HPWL=5933.250000
    OVFL=0.450590
    HPWL=(2386.851074, 3546.399170)
    POTN=7.238829E+04
    PHIC=1.607500E-05
    GRAD=1.557999E-02
    NuBT=1
    CPU =0.000896

ITER: 208
    HPWL=5909.900879
    OVFL=0.447297
    HPWL=(2362.753418, 3547.147461)
    POTN=6.055504E+04
    PHIC=1.687875E-05
    GRAD=1.537770E-02
    NuBT=2
    CPU =0.001715

ITER: 209
    HPWL=5880.576172
    OVFL=0.427904
    HPWL=(2339.908691, 3540.667480)
    POTN=4.880016E+04
    PHIC=1.772269E-05
    GRAD=1.560971E-02
    NuBT=1
    CPU =0.000919

ITER: 210
    HPWL=5831.926270
    OVFL=0.408272
    HPWL=(2306.921387, 3525.004883)
    POTN=4.002121E+04
    PHIC=1.860882E-05
    GRAD=1.707888E-02
    NuBT=2
    CPU =0.001720

ITER: 211
    HPWL=5761.608398
    OVFL=0.381911
    HPWL=(2260.001953, 3501.606445)
    POTN=3.303167E+04
    PHIC=1.953926E-05
    GRAD=1.874368E-02
    NuBT=2
    CPU =0.001722

ITER: 212
    HPWL=5682.641602
    OVFL=0.369852
    HPWL=(2211.003418, 3471.638428)
    POTN=2.962541E+04
    PHIC=2.051623E-05
    GRAD=2.112637E-02
    NuBT=2
    CPU =0.001705

ITER: 213
    HPWL=5646.768555
    OVFL=0.361849
    HPWL=(2191.260010, 3455.508545)
    POTN=2.885077E+04
    PHIC=2.154204E-05
    GRAD=2.242359E-02
    NuBT=2
    CPU =0.001715

ITER: 214
    HPWL=5622.847168
    OVFL=0.341773
    HPWL=(2186.097656, 3436.749512)
    POTN=3.008590E+04
    PHIC=2.261914E-05
    GRAD=2.320856E-02
    NuBT=2
    CPU =0.001710

ITER: 215
    HPWL=5595.327148
    OVFL=0.319657
    HPWL=(2178.004883, 3417.322510)
    POTN=3.347191E+04
    PHIC=2.375009E-05
    GRAD=2.525615E-02
    NuBT=2
    CPU =0.001714

ITER: 216
    HPWL=5572.054199
    OVFL=0.303372
    HPWL=(2170.111328, 3401.942871)
    POTN=3.828250E+04
    PHIC=2.493759E-05
    GRAD=2.771405E-02
    NuBT=2
    CPU =0.001719

ITER: 217
    HPWL=5549.886719
    OVFL=0.289585
    HPWL=(2164.490967, 3385.395508)
    POTN=4.438399E+04
    PHIC=2.618447E-05
    GRAD=2.962971E-02
    NuBT=2
    CPU =0.001712

ITER: 218
    HPWL=5527.949707
    OVFL=0.298444
    HPWL=(2160.252441, 3367.697266)
    POTN=5.107846E+04
    PHIC=2.749370E-05
    GRAD=3.127087E-02
    NuBT=2
    CPU =0.001709

ITER: 219
    HPWL=5522.714844
    OVFL=0.320718
    HPWL=(2166.084473, 3356.630615)
    POTN=5.748566E+04
    PHIC=2.886838E-05
    GRAD=3.027911E-02
    NuBT=2
    CPU =0.001701

ITER: 220
    HPWL=5527.235352
    OVFL=0.346740
    HPWL=(2178.858643, 3348.376465)
    POTN=6.278194E+04
    PHIC=3.031178E-05
    GRAD=2.769546E-02
    NuBT=2
    CPU =0.001711

ITER: 221
    HPWL=5525.093750
    OVFL=0.381726
    HPWL=(2184.708496, 3340.385010)
    POTN=6.668462E+04
    PHIC=3.182736E-05
    GRAD=2.470219E-02
    NuBT=1
    CPU =0.000904

ITER: 222
    HPWL=5523.166016
    OVFL=0.383988
    HPWL=(2188.971680, 3334.194336)
    POTN=6.719486E+04
    PHIC=3.341873E-05
    GRAD=2.101791E-02
    NuBT=1
    CPU =0.000915

ITER: 223
    HPWL=5547.201660
    OVFL=0.380145
    HPWL=(2207.565430, 3339.636230)
    POTN=6.572215E+04
    PHIC=3.508955E-05
    GRAD=2.072304E-02
    NuBT=1
    CPU =0.000906

ITER: 224
    HPWL=5638.182129
    OVFL=0.395019
    HPWL=(2253.280029, 3384.902100)
    POTN=5.999271E+04
    PHIC=3.684355E-05
    GRAD=2.125018E-02
    NuBT=2
    CPU =0.001704

ITER: 225
    HPWL=5677.227539
    OVFL=0.419116
    HPWL=(2265.060303, 3412.167236)
    POTN=5.574196E+04
    PHIC=3.868551E-05
    GRAD=1.987295E-02
    NuBT=2
    CPU =0.001713

ITER: 226
    HPWL=5729.872070
    OVFL=0.433818
    HPWL=(2282.721680, 3447.150146)
    POTN=5.155703E+04
    PHIC=4.061949E-05
    GRAD=1.782514E-02
    NuBT=1
    CPU =0.000902

ITER: 227
    HPWL=5779.685059
    OVFL=0.419204
    HPWL=(2298.328613, 3481.356445)
    POTN=4.657516E+04
    PHIC=4.265016E-05
    GRAD=1.660790E-02
    NuBT=1
    CPU =0.000902

ITER: 228
    HPWL=5831.498047
    OVFL=0.388694
    HPWL=(2317.228516, 3514.269287)
    POTN=4.222004E+04
    PHIC=4.478234E-05
    GRAD=1.783068E-02
    NuBT=1
    CPU =0.000906

ITER: 229
    HPWL=5796.288086
    OVFL=0.384467
    HPWL=(2286.124512, 3510.163818)
    POTN=3.964364E+04
    PHIC=4.702145E-05
    GRAD=2.041127E-02
    NuBT=2
    CPU =0.001715

ITER: 230
    HPWL=5746.421875
    OVFL=0.388129
    HPWL=(2244.838623, 3501.583008)
    POTN=3.830368E+04
    PHIC=4.937252E-05
    GRAD=2.090099E-02
    NuBT=1
    CPU =0.000905

ITER: 231
    HPWL=5706.527344
    OVFL=0.397051
    HPWL=(2218.175781, 3488.351562)
    POTN=3.794539E+04
    PHIC=5.184115E-05
    GRAD=2.058596E-02
    NuBT=2
    CPU =0.001721

ITER: 232
    HPWL=5690.659668
    OVFL=0.386932
    HPWL=(2216.292725, 3474.366943)
    POTN=3.831496E+04
    PHIC=5.443320E-05
    GRAD=1.980139E-02
    NuBT=2
    CPU =0.001718

ITER: 233
    HPWL=5672.300781
    OVFL=0.369194
    HPWL=(2221.699219, 3450.601807)
    POTN=3.941686E+04
    PHIC=5.715486E-05
    GRAD=2.067547E-02
    NuBT=2
    CPU =0.001724

ITER: 234
    HPWL=5631.743164
    OVFL=0.348108
    HPWL=(2210.314697, 3421.428467)
    POTN=4.002881E+04
    PHIC=6.001260E-05
    GRAD=2.229855E-02
    NuBT=2
    CPU =0.001707

ITER: 235
    HPWL=5596.391602
    OVFL=0.344326
    HPWL=(2196.925537, 3399.466309)
    POTN=4.027305E+04
    PHIC=6.301323E-05
    GRAD=2.445062E-02
    NuBT=2
    CPU =0.001713

ITER: 236
    HPWL=5581.130859
    OVFL=0.340094
    HPWL=(2189.735352, 3391.395752)
    POTN=3.828582E+04
    PHIC=6.616389E-05
    GRAD=2.495669E-02
    NuBT=2
    CPU =0.001723

ITER: 237
    HPWL=5579.482422
    OVFL=0.340016
    HPWL=(2190.832764, 3388.649658)
    POTN=3.576107E+04
    PHIC=6.947208E-05
    GRAD=2.541347E-02
    NuBT=2
    CPU =0.001711

ITER: 238
    HPWL=5593.134766
    OVFL=0.344927
    HPWL=(2198.501221, 3394.633545)
    POTN=3.262797E+04
    PHIC=7.294554E-05
    GRAD=2.548996E-02
    NuBT=2
    CPU =0.001726

ITER: 239
    HPWL=5626.829590
    OVFL=0.345796
    HPWL=(2217.629883, 3409.199707)
    POTN=2.864455E+04
    PHIC=7.659245E-05
    GRAD=2.514588E-02
    NuBT=1
    CPU =0.000909

ITER: 240
    HPWL=5636.853516
    OVFL=0.357936
    HPWL=(2225.199219, 3411.654541)
    POTN=2.505956E+04
    PHIC=8.042196E-05
    GRAD=2.507732E-02
    NuBT=1
    CPU =0.000907

ITER: 241
    HPWL=5633.003906
    OVFL=0.370019
    HPWL=(2225.964111, 3407.039795)
    POTN=2.164942E+04
    PHIC=8.444305E-05
    GRAD=2.368163E-02
    NuBT=1
    CPU =0.000905

ITER: 242
    HPWL=5629.474609
    OVFL=0.387752
    HPWL=(2228.708740, 3400.765869)
    POTN=1.961969E+04
    PHIC=8.866521E-05
    GRAD=2.231088E-02
    NuBT=1
    CPU =0.000906

ITER: 243
    HPWL=5645.740723
    OVFL=0.402633
    HPWL=(2243.246582, 3402.494141)
    POTN=1.909791E+04
    PHIC=9.309825E-05
    GRAD=2.057253E-02
    NuBT=1
    CPU =0.000905

ITER: 244
    HPWL=5674.516113
    OVFL=0.415836
    HPWL=(2264.893066, 3409.623047)
    POTN=2.047794E+04
    PHIC=9.775276E-05
    GRAD=1.923667E-02
    NuBT=1
    CPU =0.000907

ITER: 245
    HPWL=5703.748047
    OVFL=0.421480
    HPWL=(2285.449951, 3418.298096)
    POTN=2.209583E+04
    PHIC=1.026400E-04
    GRAD=1.809900E-02
    NuBT=1
    CPU =0.000903

ITER: 246
    HPWL=5730.234863
    OVFL=0.411566
    HPWL=(2297.211182, 3433.023682)
    POTN=2.271724E+04
    PHIC=1.077716E-04
    GRAD=1.757968E-02
    NuBT=1
    CPU =0.000906

ITER: 247
    HPWL=5758.958984
    OVFL=0.396360
    HPWL=(2305.455078, 3453.503662)
    POTN=2.245649E+04
    PHIC=1.131597E-04
    GRAD=1.840671E-02
    NuBT=1
    CPU =0.000906

ITER: 248
    HPWL=5740.810059
    OVFL=0.380920
    HPWL=(2286.731201, 3454.078857)
    POTN=2.135702E+04
    PHIC=1.188177E-04
    GRAD=1.962858E-02
    NuBT=2
    CPU =0.001713

ITER: 249
    HPWL=5709.486816
    OVFL=0.365579
    HPWL=(2257.223389, 3452.263428)
    POTN=1.964045E+04
    PHIC=1.247585E-04
    GRAD=2.103193E-02
    NuBT=2
    CPU =0.001716

ITER: 250
    HPWL=5663.819336
    OVFL=0.343656
    HPWL=(2220.088379, 3443.731201)
    POTN=1.766188E+04
    PHIC=1.309965E-04
    GRAD=2.250622E-02
    NuBT=2
    CPU =0.001705

ITER: 251
    HPWL=5607.673828
    OVFL=0.318949
    HPWL=(2181.142090, 3426.531982)
    POTN=1.621167E+04
    PHIC=1.375463E-04
    GRAD=2.470041E-02
    NuBT=2
    CPU =0.001717

ITER: 252
    HPWL=5575.956055
    OVFL=0.296225
    HPWL=(2167.641357, 3408.314453)
    POTN=1.521146E+04
    PHIC=1.444236E-04
    GRAD=2.739611E-02
    NuBT=2
    CPU =0.001725

ITER: 253
    HPWL=5548.261719
    OVFL=0.277910
    HPWL=(2158.906494, 3389.355225)
    POTN=1.437858E+04
    PHIC=1.516448E-04
    GRAD=3.002024E-02
    NuBT=2
    CPU =0.001713

ITER: 254
    HPWL=5528.009766
    OVFL=0.256794
    HPWL=(2155.217529, 3372.792236)
    POTN=1.345664E+04
    PHIC=1.592270E-04
    GRAD=3.220387E-02
    NuBT=2
    CPU =0.001707

ITER: 255
    HPWL=5507.942871
    OVFL=0.233090
    HPWL=(2150.976318, 3356.966553)
    POTN=1.250799E+04
    PHIC=1.671883E-04
    GRAD=3.471148E-02
    NuBT=2
    CPU =0.001725

ITER: 256
    HPWL=5492.039062
    OVFL=0.217363
    HPWL=(2147.351562, 3344.687500)
    POTN=1.139750E+04
    PHIC=1.755477E-04
    GRAD=3.750804E-02
    NuBT=2
    CPU =0.001719

ITER: 257
    HPWL=5486.328125
    OVFL=0.213483
    HPWL=(2148.313965, 3338.014160)
    POTN=1.017902E+04
    PHIC=1.843251E-04
    GRAD=3.937060E-02
    NuBT=2
    CPU =0.001709

ITER: 258
    HPWL=5491.918945
    OVFL=0.234737
    HPWL=(2153.555664, 3338.363281)
    POTN=9.397616E+03
    PHIC=1.935412E-04
    GRAD=3.988421E-02
    NuBT=2
    CPU =0.001723

ITER: 259
    HPWL=5519.820312
    OVFL=0.251911
    HPWL=(2169.596191, 3350.224121)
    POTN=8.737201E+03
    PHIC=2.032174E-04
    GRAD=3.763206E-02
    NuBT=2
    CPU =0.001715

ITER: 260
    HPWL=5553.207031
    OVFL=0.240352
    HPWL=(2187.196777, 3366.010254)
    POTN=8.433979E+03
    PHIC=2.133773E-04
    GRAD=3.567433E-02
    NuBT=1
    CPU =0.000906

ITER: 261
    HPWL=5561.293457
    OVFL=0.232853
    HPWL=(2187.854492, 3373.438965)
    POTN=8.604612E+03
    PHIC=2.240459E-04
    GRAD=3.691875E-02
    NuBT=1
    CPU =0.000907

ITER: 262
    HPWL=5575.732422
    OVFL=0.245133
    HPWL=(2188.838867, 3386.893799)
    POTN=8.897629E+03
    PHIC=2.352477E-04
    GRAD=3.796226E-02
    NuBT=1
    CPU =0.000905

ITER: 263
    HPWL=5592.337891
    OVFL=0.243904
    HPWL=(2193.401611, 3398.936035)
    POTN=9.044486E+03
    PHIC=2.470095E-04
    GRAD=3.659263E-02
    NuBT=1
    CPU =0.000906

ITER: 264
    HPWL=5579.972656
    OVFL=0.238570
    HPWL=(2184.099854, 3395.872803)
    POTN=9.291334E+03
    PHIC=2.593600E-04
    GRAD=3.638413E-02
    NuBT=1
    CPU =0.000897

ITER: 265
    HPWL=5577.193359
    OVFL=0.241956
    HPWL=(2180.120605, 3397.072510)
    POTN=9.696713E+03
    PHIC=2.723280E-04
    GRAD=3.690973E-02
    NuBT=1
    CPU =0.000910

ITER: 266
    HPWL=5595.933594
    OVFL=0.248942
    HPWL=(2189.314941, 3406.618896)
    POTN=9.574023E+03
    PHIC=2.859436E-04
    GRAD=3.676310E-02
    NuBT=1
    CPU =0.000910

ITER: 267
    HPWL=5607.270020
    OVFL=0.263184
    HPWL=(2197.128906, 3410.141113)
    POTN=9.100221E+03
    PHIC=3.002403E-04
    GRAD=3.600593E-02
    NuBT=1
    CPU =0.000916

ITER: 268
    HPWL=5596.857422
    OVFL=0.276327
    HPWL=(2193.193359, 3403.664062)
    POTN=8.670590E+03
    PHIC=3.152523E-04
    GRAD=3.398819E-02
    NuBT=1
    CPU =0.000911

ITER: 269
    HPWL=5583.082520
    OVFL=0.286346
    HPWL=(2189.304688, 3393.777832)
    POTN=8.400617E+03
    PHIC=3.310149E-04
    GRAD=3.208299E-02
    NuBT=1
    CPU =0.000909

ITER: 270
    HPWL=5590.333984
    OVFL=0.299256
    HPWL=(2197.324219, 3393.009766)
    POTN=8.480335E+03
    PHIC=3.475653E-04
    GRAD=3.086170E-02
    NuBT=1
    CPU =0.000910

ITER: 271
    HPWL=5614.807617
    OVFL=0.312331
    HPWL=(2215.565674, 3399.242188)
    POTN=9.011729E+03
    PHIC=3.649423E-04
    GRAD=2.954374E-02
    NuBT=1
    CPU =0.000907

ITER: 272
    HPWL=5616.319336
    OVFL=0.319621
    HPWL=(2220.629150, 3395.690430)
    POTN=9.630567E+03
    PHIC=3.831893E-04
    GRAD=2.797207E-02
    NuBT=1
    CPU =0.000916

ITER: 273
    HPWL=5593.334961
    OVFL=0.319421
    HPWL=(2211.747070, 3381.587891)
    POTN=9.933183E+03
    PHIC=4.023488E-04
    GRAD=2.681599E-02
    NuBT=1
    CPU =0.000906

ITER: 274
    HPWL=5580.925781
    OVFL=0.309543
    HPWL=(2205.894775, 3375.030762)
    POTN=9.823878E+03
    PHIC=4.224662E-04
    GRAD=2.668798E-02
    NuBT=1
    CPU =0.000906

ITER: 275
    HPWL=5593.721680
    OVFL=0.290957
    HPWL=(2213.600830, 3380.120605)
    POTN=9.200383E+03
    PHIC=4.435887E-04
    GRAD=2.789781E-02
    NuBT=1
    CPU =0.000900

ITER: 276
    HPWL=5548.057617
    OVFL=0.272822
    HPWL=(2189.004395, 3359.053223)
    POTN=8.489369E+03
    PHIC=4.657681E-04
    GRAD=2.967954E-02
    NuBT=2
    CPU =0.001717

ITER: 277
    HPWL=5522.604492
    OVFL=0.268726
    HPWL=(2176.095703, 3346.508789)
    POTN=7.669459E+03
    PHIC=4.890565E-04
    GRAD=3.165992E-02
    NuBT=2
    CPU =0.001731

ITER: 278
    HPWL=5516.862793
    OVFL=0.254085
    HPWL=(2175.682617, 3341.180176)
    POTN=6.710110E+03
    PHIC=5.135093E-04
    GRAD=3.217060E-02
    NuBT=2
    CPU =0.001725

ITER: 279
    HPWL=5499.813965
    OVFL=0.236962
    HPWL=(2170.166016, 3329.647949)
    POTN=5.848803E+03
    PHIC=5.391847E-04
    GRAD=3.366541E-02
    NuBT=2
    CPU =0.001718

ITER: 280
    HPWL=5487.428711
    OVFL=0.226232
    HPWL=(2165.916504, 3321.512451)
    POTN=4.984902E+03
    PHIC=5.661439E-04
    GRAD=3.553007E-02
    NuBT=2
    CPU =0.001730

ITER: 281
    HPWL=5479.766602
    OVFL=0.208759
    HPWL=(2166.616455, 3313.149902)
    POTN=4.336496E+03
    PHIC=5.944511E-04
    GRAD=3.667390E-02
    NuBT=2
    CPU =0.001722

ITER: 282
    HPWL=5466.223633
    OVFL=0.192397
    HPWL=(2164.323975, 3301.899902)
    POTN=3.787917E+03
    PHIC=6.241736E-04
    GRAD=3.841954E-02
    NuBT=2
    CPU =0.001711

ITER: 283
    HPWL=5454.724121
    OVFL=0.183454
    HPWL=(2162.796631, 3291.927490)
    POTN=3.570967E+03
    PHIC=6.553823E-04
    GRAD=3.995662E-02
    NuBT=2
    CPU =0.001725

ITER: 284
    HPWL=5452.370117
    OVFL=0.188540
    HPWL=(2166.433105, 3285.937256)
    POTN=3.485943E+03
    PHIC=6.881514E-04
    GRAD=4.080360E-02
    NuBT=2
    CPU =0.001725

ITER: 285
    HPWL=5462.208984
    OVFL=0.188421
    HPWL=(2175.965088, 3286.244141)
    POTN=3.394934E+03
    PHIC=7.225579E-04
    GRAD=4.044703E-02
    NuBT=2
    CPU =0.001722

ITER: 286
    HPWL=5468.046875
    OVFL=0.187468
    HPWL=(2181.056152, 3286.990479)
    POTN=3.307010E+03
    PHIC=7.586852E-04
    GRAD=4.048630E-02
    NuBT=2
    CPU =0.001710

ITER: 287
    HPWL=5483.622070
    OVFL=0.194370
    HPWL=(2190.827393, 3292.794434)
    POTN=3.208585E+03
    PHIC=7.966178E-04
    GRAD=4.074916E-02
    NuBT=1
    CPU =0.000907

ITER: 288
    HPWL=5488.538574
    OVFL=0.204948
    HPWL=(2193.130615, 3295.407959)
    POTN=3.203425E+03
    PHIC=8.364480E-04
    GRAD=3.996268E-02
    NuBT=1
    CPU =0.000908

ITER: 289
    HPWL=5472.535645
    OVFL=0.205197
    HPWL=(2184.867188, 3287.668457)
    POTN=3.232068E+03
    PHIC=8.782704E-04
    GRAD=3.827088E-02
    NuBT=1
    CPU =0.000909

ITER: 290
    HPWL=5460.037109
    OVFL=0.205471
    HPWL=(2176.275879, 3283.761475)
    POTN=3.337835E+03
    PHIC=9.221839E-04
    GRAD=3.782921E-02
    NuBT=1
    CPU =0.000917

ITER: 291
    HPWL=5482.618652
    OVFL=0.210416
    HPWL=(2188.731689, 3293.886963)
    POTN=3.406769E+03
    PHIC=9.682900E-04
    GRAD=3.796484E-02
    NuBT=1
    CPU =0.000909

ITER: 292
    HPWL=5513.869629
    OVFL=0.208039
    HPWL=(2204.546143, 3309.323486)
    POTN=3.523797E+03
    PHIC=1.016700E-03
    GRAD=3.787414E-02
    NuBT=1
    CPU =0.000909

ITER: 293
    HPWL=5510.151855
    OVFL=0.202126
    HPWL=(2200.719971, 3309.431885)
    POTN=3.518390E+03
    PHIC=1.067535E-03
    GRAD=3.775917E-02
    NuBT=1
    CPU =0.000910

ITER: 294
    HPWL=5498.849609
    OVFL=0.195565
    HPWL=(2192.156006, 3306.693848)
    POTN=3.583860E+03
    PHIC=1.120912E-03
    GRAD=3.796494E-02
    NuBT=1
    CPU =0.000906

ITER: 295
    HPWL=5508.516602
    OVFL=0.193327
    HPWL=(2195.645508, 3312.871338)
    POTN=3.432048E+03
    PHIC=1.176956E-03
    GRAD=3.848848E-02
    NuBT=1
    CPU =0.000909

ITER: 296
    HPWL=5525.324219
    OVFL=0.192362
    HPWL=(2201.236084, 3324.088379)
    POTN=3.328346E+03
    PHIC=1.235800E-03
    GRAD=3.881622E-02
    NuBT=1
    CPU =0.000901

ITER: 297
    HPWL=5529.799805
    OVFL=0.187563
    HPWL=(2201.519287, 3328.280762)
    POTN=3.043031E+03
    PHIC=1.297589E-03
    GRAD=3.854750E-02
    NuBT=1
    CPU =0.000909

ITER: 298
    HPWL=5520.167969
    OVFL=0.186643
    HPWL=(2192.765869, 3327.402100)
    POTN=2.955399E+03
    PHIC=1.362469E-03
    GRAD=3.852003E-02
    NuBT=1
    CPU =0.000907

ITER: 299
    HPWL=5524.350586
    OVFL=0.180495
    HPWL=(2195.564453, 3328.785889)
    POTN=2.786362E+03
    PHIC=1.430591E-03
    GRAD=3.825336E-02
    NuBT=1
    CPU =0.000910

ITER: 300
    HPWL=5524.843750
    OVFL=0.181983
    HPWL=(2194.258301, 3330.585205)
    POTN=2.822945E+03
    PHIC=1.502121E-03
    GRAD=3.862963E-02
    NuBT=1
    CPU =0.000907

ITER: 301
    HPWL=5535.145996
    OVFL=0.186168
    HPWL=(2202.723389, 3332.422607)
    POTN=2.567757E+03
    PHIC=1.577224E-03
    GRAD=3.833828E-02
    NuBT=1
    CPU =0.000916

ITER: 302
    HPWL=5526.899902
    OVFL=0.188414
    HPWL=(2197.064453, 3329.835449)
    POTN=2.516951E+03
    PHIC=1.656085E-03
    GRAD=3.752474E-02
    NuBT=1
    CPU =0.000907

ITER: 303
    HPWL=5520.312500
    OVFL=0.187652
    HPWL=(2194.340820, 3325.971924)
    POTN=2.272482E+03
    PHIC=1.738890E-03
    GRAD=3.675944E-02
    NuBT=1
    CPU =0.000907

ITER: 304
    HPWL=5524.539551
    OVFL=0.185034
    HPWL=(2194.569092, 3329.970459)
    POTN=2.168378E+03
    PHIC=1.825833E-03
    GRAD=3.664352E-02
    NuBT=1
    CPU =0.000909

ITER: 305
    HPWL=5545.178711
    OVFL=0.180234
    HPWL=(2205.877930, 3339.300537)
    POTN=2.057739E+03
    PHIC=1.917119E-03
    GRAD=3.698054E-02
    NuBT=1
    CPU =0.000908

ITER: 306
    HPWL=5557.499023
    OVFL=0.173996
    HPWL=(2212.542236, 3344.957031)
    POTN=2.028218E+03
    PHIC=2.012971E-03
    GRAD=3.740776E-02
    NuBT=1
    CPU =0.000915

ITER: 307
    HPWL=5550.706055
    OVFL=0.170610
    HPWL=(2208.985840, 3341.719971)
    POTN=2.034468E+03
    PHIC=2.113620E-03
    GRAD=3.752570E-02
    NuBT=1
    CPU =0.000899

ITER: 308
    HPWL=5546.417969
    OVFL=0.165638
    HPWL=(2206.895508, 3339.522217)
    POTN=1.913495E+03
    PHIC=2.219301E-03
    GRAD=3.730813E-02
    NuBT=1
    CPU =0.000911

ITER: 309
    HPWL=5545.098633
    OVFL=0.159676
    HPWL=(2205.236328, 3339.862305)
    POTN=1.840839E+03
    PHIC=2.330266E-03
    GRAD=3.730976E-02
    NuBT=1
    CPU =0.000919

ITER: 310
    HPWL=5556.181641
    OVFL=0.152737
    HPWL=(2209.702637, 3346.479248)
    POTN=1.823310E+03
    PHIC=2.446775E-03
    GRAD=3.775097E-02
    NuBT=1
    CPU =0.000911

ITER: 311
    HPWL=5567.499023
    OVFL=0.152503
    HPWL=(2216.481934, 3351.017334)
    POTN=1.817435E+03
    PHIC=2.569110E-03
    GRAD=3.823639E-02
    NuBT=1
    CPU =0.000909

ITER: 312
    HPWL=5568.893555
    OVFL=0.153943
    HPWL=(2216.904297, 3351.989502)
    POTN=1.873490E+03
    PHIC=2.697564E-03
    GRAD=3.801048E-02
    NuBT=1
    CPU =0.000921

ITER: 313
    HPWL=5557.424805
    OVFL=0.154849
    HPWL=(2212.804688, 3344.619873)
    POTN=1.911585E+03
    PHIC=2.832443E-03
    GRAD=3.730710E-02
    NuBT=1
    CPU =0.000911

ITER: 314
    HPWL=5552.340820
    OVFL=0.154935
    HPWL=(2209.030029, 3343.310547)
    POTN=2.006705E+03
    PHIC=2.974065E-03
    GRAD=3.690689E-02
    NuBT=1
    CPU =0.000911

ITER: 315
    HPWL=5561.309570
    OVFL=0.153708
    HPWL=(2212.016357, 3349.292969)
    POTN=2.178605E+03
    PHIC=3.122764E-03
    GRAD=3.707054E-02
    NuBT=1
    CPU =0.000909

ITER: 316
    HPWL=5562.091797
    OVFL=0.150072
    HPWL=(2211.256104, 3350.835938)
    POTN=2.466759E+03
    PHIC=3.278901E-03
    GRAD=3.734627E-02
    NuBT=1
    CPU =0.000908

ITER: 317
    HPWL=5557.917969
    OVFL=0.145548
    HPWL=(2209.873047, 3348.045166)
    POTN=2.618461E+03
    PHIC=3.442846E-03
    GRAD=3.735194E-02
    NuBT=1
    CPU =0.000909

ITER: 318
    HPWL=5550.380859
    OVFL=0.140479
    HPWL=(2207.032715, 3343.348145)
    POTN=2.787668E+03
    PHIC=3.614988E-03
    GRAD=3.748796E-02
    NuBT=1
    CPU =0.000900

ITER: 319
    HPWL=5552.372070
    OVFL=0.136050
    HPWL=(2209.490723, 3342.881592)
    POTN=2.908307E+03
    PHIC=3.795737E-03
    GRAD=3.761750E-02
    NuBT=1
    CPU =0.000906

ITER: 320
    HPWL=5548.250488
    OVFL=0.132178
    HPWL=(2209.091797, 3339.158691)
    POTN=3.088389E+03
    PHIC=3.985523E-03
    GRAD=3.766849E-02
    NuBT=1
    CPU =0.000910

ITER: 321
    HPWL=5552.973633
    OVFL=0.129176
    HPWL=(2212.731934, 3340.241943)
    POTN=3.096668E+03
    PHIC=4.184796E-03
    GRAD=3.753495E-02
    NuBT=1
    CPU =0.000913

ITER: 322
    HPWL=5550.823242
    OVFL=0.127719
    HPWL=(2211.296875, 3339.526367)
    POTN=3.318632E+03
    PHIC=4.394036E-03
    GRAD=3.757463E-02
    NuBT=1
    CPU =0.000913

ITER: 323
    HPWL=5547.794434
    OVFL=0.129692
    HPWL=(2211.468262, 3336.326172)
    POTN=3.358151E+03
    PHIC=4.613738E-03
    GRAD=3.709764E-02
    NuBT=1
    CPU =0.000919

ITER: 324
    HPWL=5539.879883
    OVFL=0.131385
    HPWL=(2207.601562, 3332.278320)
    POTN=3.486523E+03
    PHIC=4.844425E-03
    GRAD=3.637439E-02
    NuBT=1
    CPU =0.000910

ITER: 325
    HPWL=5530.892578
    OVFL=0.134229
    HPWL=(2203.664795, 3327.227783)
    POTN=3.449790E+03
    PHIC=5.086646E-03
    GRAD=3.547403E-02
    NuBT=1
    CPU =0.000910

ITER: 326
    HPWL=5527.295898
    OVFL=0.136410
    HPWL=(2200.988525, 3326.307373)
    POTN=3.764398E+03
    PHIC=5.340978E-03
    GRAD=3.545354E-02
    NuBT=1
    CPU =0.000908

ITER: 327
    HPWL=5524.116211
    OVFL=0.135187
    HPWL=(2199.031250, 3325.084961)
    POTN=4.119097E+03
    PHIC=5.608027E-03
    GRAD=3.545591E-02
    NuBT=1
    CPU =0.000920

ITER: 328
    HPWL=5515.416992
    OVFL=0.133556
    HPWL=(2191.978516, 3323.438721)
    POTN=4.402583E+03
    PHIC=5.888428E-03
    GRAD=3.557463E-02
    NuBT=1
    CPU =0.000913

ITER: 329
    HPWL=5499.975098
    OVFL=0.131167
    HPWL=(2183.924072, 3316.051025)
    POTN=4.438264E+03
    PHIC=6.182849E-03
    GRAD=3.476930E-02
    NuBT=1
    CPU =0.000901

ITER: 330
    HPWL=5491.831055
    OVFL=0.126662
    HPWL=(2179.217285, 3312.613770)
    POTN=4.521232E+03
    PHIC=6.491992E-03
    GRAD=3.466661E-02
    NuBT=1
    CPU =0.000907

ITER: 331
    HPWL=5494.077637
    OVFL=0.121493
    HPWL=(2177.983398, 3316.094238)
    POTN=4.902113E+03
    PHIC=6.816589E-03
    GRAD=3.520083E-02
    NuBT=1
    CPU =0.000909

ITER: 332
    HPWL=5488.201172
    OVFL=0.115078
    HPWL=(2177.007324, 3311.193604)
    POTN=5.166610E+03
    PHIC=7.157418E-03
    GRAD=3.526252E-02
    NuBT=1
    CPU =0.000908

ITER: 333
    HPWL=5488.934570
    OVFL=0.107300
    HPWL=(2176.474121, 3312.460449)
    POTN=4.941546E+03
    PHIC=7.515287E-03
    GRAD=3.460786E-02
    NuBT=1
    CPU =0.000909

ITER: 334
    HPWL=5489.078125
    OVFL=0.099216
    HPWL=(2176.597168, 3312.480713)
    POTN=5.078045E+03
    PHIC=7.891051E-03
    GRAD=3.442989E-02
    NuBT=1
    CPU =0.000916
[INFO] Nesterov: NumIters = 334
[INFO] Nesterov: ScaledHpwl = 5489.078125
[INFO] Nesterov: Overflow = 0.099216
[INFO] Nesterov: Potential = 5078.044922
[INFO] Nesterov: xInstScaledHpwl = 5394.400391
[INFO] Nesterov: yInstScaledHpwl = 5489.078125
[INFO] Nesterov: HPWL = 1630.307373
