RePlAce Version: 1.0.0

** WARNING: Your Detail Placement Step must be skipped.
              (i.e. this program will be executed as -onlyGP)
     If you want to have DP after GP, please specify -dpflag and -dploc.

[INFO] TargetDensity = 0.400000
[INFO] ExperimentIndex = 0
[INFO] DirectoryPath = /openLANE_flow/designs/cbx_1__0_/runs/09-08_16-06//tmp/placement/replace/etc/cbx_1__0_.floorplan/experiment000
[PROC] Begin LefParsing ...
[LEF] Parsed 500 number of lines!!
WARNING (LEFPARS-2036): SOURCE statement is obsolete in version 5.6 and later.
The LEF parser will ignore this statement.
To avoid this warning in the future, remove this statement from the LEF file with version 5.6 or later. See file /openLANE_flow/designs/cbx_1__0_/runs/09-08_16-06//tmp//merged.lef at line 776.

WARNING (LEFPARS-2036): SOURCE statement is obsolete in version 5.6 and later.
The LEF parser will ignore this statement.
To avoid this warning in the future, remove this statement from the LEF file with version 5.6 or later. See file /openLANE_flow/designs/cbx_1__0_/runs/09-08_16-06//tmp//merged.lef at line 903.

[LEF] Parsed 1000 number of lines!!
WARNING (LEFPARS-2036): SOURCE statement is obsolete in version 5.6 and later.
The LEF parser will ignore this statement.
To avoid this warning in the future, remove this statement from the LEF file with version 5.6 or later. See file /openLANE_flow/designs/cbx_1__0_/runs/09-08_16-06//tmp//merged.lef at line 1034.

WARNING (LEFPARS-2036): SOURCE statement is obsolete in version 5.6 and later.
The LEF parser will ignore this statement.
To avoid this warning in the future, remove this statement from the LEF file with version 5.6 or later. See file /openLANE_flow/designs/cbx_1__0_/runs/09-08_16-06//tmp//merged.lef at line 1204.

WARNING (LEFPARS-2036): SOURCE statement is obsolete in version 5.6 and later.
The LEF parser will ignore this statement.
To avoid this warning in the future, remove this statement from the LEF file with version 5.6 or later. See file /openLANE_flow/designs/cbx_1__0_/runs/09-08_16-06//tmp//merged.lef at line 1322.

WARNING (LEFPARS-2036): SOURCE statement is obsolete in version 5.6 and later.
The LEF parser will ignore this statement.
To avoid this warning in the future, remove this statement from the LEF file with version 5.6 or later. See file /openLANE_flow/designs/cbx_1__0_/runs/09-08_16-06//tmp//merged.lef at line 1442.

[LEF] Parsed 1500 number of lines!!
WARNING (LEFPARS-2036): SOURCE statement is obsolete in version 5.6 and later.
The LEF parser will ignore this statement.
To avoid this warning in the future, remove this statement from the LEF file with version 5.6 or later. See file /openLANE_flow/designs/cbx_1__0_/runs/09-08_16-06//tmp//merged.lef at line 1589.

WARNING (LEFPARS-2036): SOURCE statement is obsolete in version 5.6 and later.
The LEF parser will ignore this statement.
To avoid this warning in the future, remove this statement from the LEF file with version 5.6 or later. See file /openLANE_flow/designs/cbx_1__0_/runs/09-08_16-06//tmp//merged.lef at line 1777.

WARNING (LEFPARS-2036): SOURCE statement is obsolete in version 5.6 and later.
The LEF parser will ignore this statement.
To avoid this warning in the future, remove this statement from the LEF file with version 5.6 or later. See file /openLANE_flow/designs/cbx_1__0_/runs/09-08_16-06//tmp//merged.lef at line 1886.

WARNING (LEFPARS-2036): SOURCE statement is obsolete in version 5.6 and later.
The LEF parser will ignore this statement.
To avoid this warning in the future, remove this statement from the LEF file with version 5.6 or later. See file /openLANE_flow/designs/cbx_1__0_/runs/09-08_16-06//tmp//merged.lef at line 1999.

[LEF] Parsed 2000 number of lines!!
WARNING (LEFPARS-2036): SOURCE statement is obsolete in version 5.6 and later.
The LEF parser will ignore this statement.
To avoid this warning in the future, remove this statement from the LEF file with version 5.6 or later. See file /openLANE_flow/designs/cbx_1__0_/runs/09-08_16-06//tmp//merged.lef at line 2148.

WARNING (LEFPARS-2036): SOURCE statement is obsolete in version 5.6 and later.
The LEF parser will ignore this statement.
To avoid this warning in the future, remove this statement from the LEF file with version 5.6 or later. See file /openLANE_flow/designs/cbx_1__0_/runs/09-08_16-06//tmp//merged.lef at line 2253.

WARNING (LEFPARS-2036): SOURCE statement is obsolete in version 5.6 and later.
The LEF parser will ignore this statement.
To avoid this warning in the future, remove this statement from the LEF file with version 5.6 or later. See file /openLANE_flow/designs/cbx_1__0_/runs/09-08_16-06//tmp//merged.lef at line 2380.

[LEF] Parsed 2500 number of lines!!
WARNING (LEFPARS-2036): SOURCE statement is obsolete in version 5.6 and later.
The LEF parser will ignore this statement.
To avoid this warning in the future, remove this statement from the LEF file with version 5.6 or later. See file /openLANE_flow/designs/cbx_1__0_/runs/09-08_16-06//tmp//merged.lef at line 2547.

WARNING (LEFPARS-2036): SOURCE statement is obsolete in version 5.6 and later.
The LEF parser will ignore this statement.
To avoid this warning in the future, remove this statement from the LEF file with version 5.6 or later. See file /openLANE_flow/designs/cbx_1__0_/runs/09-08_16-06//tmp//merged.lef at line 2653.

WARNING (LEFPARS-2036): SOURCE statement is obsolete in version 5.6 and later.
The LEF parser will ignore this statement.
To avoid this warning in the future, remove this statement from the LEF file with version 5.6 or later. See file /openLANE_flow/designs/cbx_1__0_/runs/09-08_16-06//tmp//merged.lef at line 2770.

WARNING (LEFPARS-2036): SOURCE statement is obsolete in version 5.6 and later.
The LEF parser will ignore this statement.
To avoid this warning in the future, remove this statement from the LEF file with version 5.6 or later. See file /openLANE_flow/designs/cbx_1__0_/runs/09-08_16-06//tmp//merged.lef at line 2908.

[LEF] Parsed 3000 number of lines!!
WARNING (LEFPARS-2036): SOURCE statement is obsolete in version 5.6 and later.
The LEF parser will ignore this statement.
To avoid this warning in the future, remove this statement from the LEF file with version 5.6 or later. See file /openLANE_flow/designs/cbx_1__0_/runs/09-08_16-06//tmp//merged.lef at line 3005.

WARNING (LEFPARS-2036): SOURCE statement is obsolete in version 5.6 and later.
The LEF parser will ignore this statement.
To avoid this warning in the future, remove this statement from the LEF file with version 5.6 or later. See file /openLANE_flow/designs/cbx_1__0_/runs/09-08_16-06//tmp//merged.lef at line 3105.

WARNING (LEFPARS-2036): SOURCE statement is obsolete in version 5.6 and later.
The LEF parser will ignore this statement.
To avoid this warning in the future, remove this statement from the LEF file with version 5.6 or later. See file /openLANE_flow/designs/cbx_1__0_/runs/09-08_16-06//tmp//merged.lef at line 3219.

WARNING (LEFPARS-2036): SOURCE statement is obsolete in version 5.6 and later.
The LEF parser will ignore this statement.
To avoid this warning in the future, remove this statement from the LEF file with version 5.6 or later. See file /openLANE_flow/designs/cbx_1__0_/runs/09-08_16-06//tmp//merged.lef at line 3361.

WARNING (LEFPARS-2036): SOURCE statement is obsolete in version 5.6 and later.
The LEF parser will ignore this statement.
To avoid this warning in the future, remove this statement from the LEF file with version 5.6 or later. See file /openLANE_flow/designs/cbx_1__0_/runs/09-08_16-06//tmp//merged.lef at line 3458.

[LEF] Parsed 3500 number of lines!!
WARNING (LEFPARS-2036): SOURCE statement is obsolete in version 5.6 and later.
The LEF parser will ignore this statement.
To avoid this warning in the future, remove this statement from the LEF file with version 5.6 or later. See file /openLANE_flow/designs/cbx_1__0_/runs/09-08_16-06//tmp//merged.lef at line 3561.

WARNING (LEFPARS-2036): SOURCE statement is obsolete in version 5.6 and later.
The LEF parser will ignore this statement.
To avoid this warning in the future, remove this statement from the LEF file with version 5.6 or later. See file /openLANE_flow/designs/cbx_1__0_/runs/09-08_16-06//tmp//merged.lef at line 3691.

WARNING (LEFPARS-2036): SOURCE statement is obsolete in version 5.6 and later.
The LEF parser will ignore this statement.
To avoid this warning in the future, remove this statement from the LEF file with version 5.6 or later. See file /openLANE_flow/designs/cbx_1__0_/runs/09-08_16-06//tmp//merged.lef at line 3783.

WARNING (LEFPARS-2036): SOURCE statement is obsolete in version 5.6 and later.
The LEF parser will ignore this statement.
To avoid this warning in the future, remove this statement from the LEF file with version 5.6 or later. See file /openLANE_flow/designs/cbx_1__0_/runs/09-08_16-06//tmp//merged.lef at line 3887.

[LEF] Parsed 4000 number of lines!!
WARNING (LEFPARS-2036): SOURCE statement is obsolete in version 5.6 and later.
The LEF parser will ignore this statement.
To avoid this warning in the future, remove this statement from the LEF file with version 5.6 or later. See file /openLANE_flow/designs/cbx_1__0_/runs/09-08_16-06//tmp//merged.lef at line 4018.

WARNING (LEFPARS-2036): SOURCE statement is obsolete in version 5.6 and later.
The LEF parser will ignore this statement.
To avoid this warning in the future, remove this statement from the LEF file with version 5.6 or later. See file /openLANE_flow/designs/cbx_1__0_/runs/09-08_16-06//tmp//merged.lef at line 4148.

WARNING (LEFPARS-2036): SOURCE statement is obsolete in version 5.6 and later.
The LEF parser will ignore this statement.
To avoid this warning in the future, remove this statement from the LEF file with version 5.6 or later. See file /openLANE_flow/designs/cbx_1__0_/runs/09-08_16-06//tmp//merged.lef at line 4282.

WARNING (LEFPARS-2036): SOURCE statement is obsolete in version 5.6 and later.
The LEF parser will ignore this statement.
To avoid this warning in the future, remove this statement from the LEF file with version 5.6 or later. See file /openLANE_flow/designs/cbx_1__0_/runs/09-08_16-06//tmp//merged.lef at line 4467.

[LEF] Parsed 4500 number of lines!!
[LEF] Parsed 5000 number of lines!!
[LEF] Parsed 5500 number of lines!!
[LEF] Parsed 6000 number of lines!!
[LEF] Parsed 6500 number of lines!!
[LEF] Parsed 7000 number of lines!!
[LEF] Parsed 7500 number of lines!!
[LEF] Parsed 8000 number of lines!!
[LEF] Parsed 8500 number of lines!!
[LEF] Parsed 9000 number of lines!!
[LEF] Parsed 9500 number of lines!!
[LEF] Parsed 10000 number of lines!!
[LEF] Parsed 10500 number of lines!!
[LEF] Parsed 11000 number of lines!!
[LEF] Parsed 11500 number of lines!!
[LEF] Parsed 12000 number of lines!!
[LEF] Parsed 12500 number of lines!!
[LEF] Parsed 13000 number of lines!!
[LEF] Parsed 13500 number of lines!!
[LEF] Parsed 14000 number of lines!!
[LEF] Parsed 14500 number of lines!!
[LEF] Parsed 15000 number of lines!!
[LEF] Parsed 15500 number of lines!!
[LEF] Parsed 16000 number of lines!!
[LEF] Parsed 16500 number of lines!!
[LEF] Parsed 17000 number of lines!!
[LEF] Parsed 17500 number of lines!!
[LEF] Parsed 18000 number of lines!!
[LEF] Parsed 18500 number of lines!!
[LEF] Parsed 19000 number of lines!!
[LEF] Parsed 19500 number of lines!!
[LEF] Parsed 20000 number of lines!!
[LEF] Parsed 20500 number of lines!!
[LEF] Parsed 21000 number of lines!!
[LEF] Parsed 21500 number of lines!!
[LEF] Parsed 22000 number of lines!!
[LEF] Parsed 22500 number of lines!!
[LEF] Parsed 23000 number of lines!!
[LEF] Parsed 23500 number of lines!!
[LEF] Parsed 24000 number of lines!!
[LEF] Parsed 24500 number of lines!!
[LEF] Parsed 25000 number of lines!!
[LEF] Parsed 25500 number of lines!!
[LEF] Parsed 26000 number of lines!!
[LEF] Parsed 26500 number of lines!!
[LEF] Parsed 27000 number of lines!!
[LEF] Parsed 27500 number of lines!!
[LEF] Parsed 28000 number of lines!!
[LEF] Parsed 28500 number of lines!!
[LEF] Parsed 29000 number of lines!!
[LEF] Parsed 29500 number of lines!!
[LEF] Parsed 30000 number of lines!!
[LEF] Parsed 30500 number of lines!!
[LEF] Parsed 31000 number of lines!!
[LEF] Parsed 31500 number of lines!!
[LEF] Parsed 32000 number of lines!!
[LEF] Parsed 32500 number of lines!!
[LEF] Parsed 33000 number of lines!!
[LEF] Parsed 33500 number of lines!!
[LEF] Parsed 34000 number of lines!!
[LEF] Parsed 34500 number of lines!!
[LEF] Parsed 35000 number of lines!!
[LEF] Parsed 35500 number of lines!!
[LEF] Parsed 36000 number of lines!!
[LEF] Parsed 36500 number of lines!!
[LEF] Parsed 37000 number of lines!!
[LEF] Parsed 37500 number of lines!!
[LEF] Parsed 38000 number of lines!!
[LEF] Parsed 38500 number of lines!!
[LEF] Parsed 39000 number of lines!!
[LEF] Parsed 39500 number of lines!!
[LEF] Parsed 40000 number of lines!!
[LEF] Parsed 40500 number of lines!!
[LEF] Parsed 41000 number of lines!!
[LEF] Parsed 41500 number of lines!!
[LEF] Parsed 42000 number of lines!!
[LEF] Parsed 42500 number of lines!!
[LEF] Parsed 43000 number of lines!!
[LEF] Parsed 43500 number of lines!!
[LEF] Parsed 44000 number of lines!!
[LEF] Parsed 44500 number of lines!!
[LEF] Parsed 45000 number of lines!!
[LEF] Parsed 45500 number of lines!!
[LEF] Parsed 46000 number of lines!!
[LEF] Parsed 46500 number of lines!!
[LEF] Parsed 47000 number of lines!!
[LEF] Parsed 47500 number of lines!!
[LEF] Parsed 48000 number of lines!!
[LEF] Parsed 48500 number of lines!!
[LEF] Parsed 49000 number of lines!!
[LEF] Parsed 49500 number of lines!!
[LEF] Parsed 50000 number of lines!!
[LEF] Parsed 50500 number of lines!!
[LEF] Parsed 51000 number of lines!!
[LEF] Parsed 51500 number of lines!!
[LEF] Parsed 52000 number of lines!!
[LEF] Parsed 52500 number of lines!!
[LEF] Parsed 53000 number of lines!!
[LEF] Parsed 53500 number of lines!!
[LEF] Parsed 54000 number of lines!!
[LEF] Parsed 54500 number of lines!!
[LEF] Parsed 55000 number of lines!!
[LEF] Parsed 55500 number of lines!!
[LEF] Parsed 56000 number of lines!!
[LEF] Parsed 56500 number of lines!!
[LEF] Parsed 57000 number of lines!!
[LEF] Parsed 57500 number of lines!!
[LEF] Parsed 58000 number of lines!!
[LEF] Parsed 58500 number of lines!!
[LEF] Parsed 59000 number of lines!!
[LEF] Parsed 59500 number of lines!!
[LEF] Parsed 60000 number of lines!!
[LEF] Parsed 60500 number of lines!!
[LEF] Parsed 61000 number of lines!!
[LEF] Parsed 61500 number of lines!!
[LEF] Parsed 62000 number of lines!!
[PROC] End LefParsing
[PROC] Begin DefParsing ...
WARNING (DEFPARS-7011): The NAMESCASESENSITIVE statement is obsolete in version 5.6 and later.
The DEF parser will ignore this statement. See file /openLANE_flow/designs/cbx_1__0_/runs/09-08_16-06//results/floorplan/cbx_1__0_.floorplan.def at line 2.

[PROC] End DefParsing
[INFO] DefUnit = 1000
[INFO] LefMetal1Name = li1
[INFO] DefSiteName = unithd
[INFO] ScaleDownUnit = 302.222229
[INFO] OffsetCoordi = (2640.000000, 0.000000)
[INFO] RowSize = (1.522059, 9.000000)
[INFO] NumRows = 30
[INFO] MacroCount = 0
[INFO] NumModules = 91
[INFO] NumTerminals = 191
[INFO] Inserted Dummy Terms = 0
[PROC] Begin Generate Un-fragmented Rows ...
[INFO] CoreAreaLxLy = (27.000000, 36.000000)
[INFO] CoreAreaUxUy = (304.014709, 306.000000)
[INFO] RowSize = (1.522059, 9.000000)
[INFO] NumRows = 30
[PROC] End Generate Un-fragmented Rows
[PROC] Begin DEF Net Parsing ...
[INFO] NumNets = 174
[INFO] NumPins = 408
[PROC] End DEF Net Parsing
[PROC] LEF/DEF Parsing Success!
[INFO] AspectRatio = 0.974678
[INFO] RowMinXY = (27.000000, 36.000000)
[INFO] RowMaxXY = (304.014709, 306.000000)
[INFO] NumPlaceStdCells = 91
[INFO] NumPlaceMacros = 0
[INFO] RowSize = (1.522059, 9.000000)
[INFO] NumRows = 30
[INFO] GlobalAreaLxLy = (9.496324, 6.617647)
[INFO] GlobalAreaUxUy = (316.786743, 343.522064)
[INFO] PlaceAreaLxLy = (27.000000, 36.000000)
[INFO] PlaceAreaUxUy = (304.014709, 306.000000)
[INFO] TotalPlaceArea = 74793.968750
[INFO] TotalFixedArea = 3561.606934
[INFO] TotalWhiteSpaceArea = 71232.359375
[INFO] TotalPlaceMacrosArea = 0.000000
[INFO] TotalPlaceStdCellsArea = 30944.970703
[INFO] Util(%) = 41.373615
[INFO] 80pCellArea = 344.133728
[INFO] FillerInit: TotalFillerArea = 0.000000
[INFO] FillerInit: NumFillerCells = 0
[INFO] FillerInit: FillerCellArea = 344.133850
[INFO] FillerInit: FillerCellSize = (38.237095, 9.000000)
[INFO] FillerInit: NumCells = 91
[INFO] FillerInit: NumModules = 91
[INFO] FillerInit: NumFillers = 0
INFO:  D_MSH = 1024 
INFO:  MSH(X, Y) = (32, 32)
[INFO] TierInit: TierUtil = 0.413736
[INFO] TierInit: NumModules = 91
[INFO] TierInit: PlaceArea = 74793.968750
[INFO] TierInit: CoreSpacingArea = 0.000000
[INFO] TierInit: TerminalArea = 3561.606934
[INFO] TierInit: ModuleArea = 30944.970703
[INFO] TierInit: FillerArea = 0.000000
[INFO] TierInit: NumFillers = 0
[INFO] TierInit: FillerMinIdx = 91
[INFO] TierInit: FillerMaxIdx = 91
INFO:  dim_bin_cGP2D.(x,y) = (8, 8)
cell Init 2D:
tier->bin_stp: (34.6268 33.75)
tier->half_bin_stp: (17.3134 16.875)
PROC:  Start NESTEROV's Optimization
PROC:    Global Lagrangian Multiplier is Applied

ITER: 0
    HPWL=16040.611328
    OVFL=0.939126
    HPWL=(8381.286133, 7659.325684)
    POTN=5.798521E+05
    PHIC=1.453748E-09
    GRAD=3.225750E-02
    NuBT=0
    CPU =0.000000

ITER: 1
    HPWL=16040.519531
    OVFL=0.939126
    HPWL=(8381.235352, 7659.284668)
    POTN=5.798498E+05
    PHIC=1.526435E-09
    GRAD=4.399301E-02
    NuBT=1
    CPU =0.000112

ITER: 2
    HPWL=16040.067383
    OVFL=0.939126
    HPWL=(8380.983398, 7659.083984)
    POTN=5.798385E+05
    PHIC=1.602757E-09
    GRAD=4.399076E-02
    NuBT=1
    CPU =0.000059

ITER: 3
    HPWL=9304.766602
    OVFL=0.793419
    HPWL=(4831.571777, 4473.194824)
    POTN=4.148674E+05
    PHIC=1.682895E-09
    GRAD=8.403160E-03
    NuBT=1
    CPU =0.000088

ITER: 4
    HPWL=9326.441406
    OVFL=0.791273
    HPWL=(4861.879395, 4464.561523)
    POTN=4.014416E+05
    PHIC=1.767034E-09
    GRAD=1.746044E-02
    NuBT=3
    CPU =0.000169

ITER: 5
    HPWL=9249.275391
    OVFL=0.786195
    HPWL=(4819.588379, 4429.687012)
    POTN=3.944334E+05
    PHIC=1.855386E-09
    GRAD=1.652613E-02
    NuBT=1
    CPU =0.000081

ITER: 6
    HPWL=9249.134766
    OVFL=0.777013
    HPWL=(4823.467285, 4425.667969)
    POTN=3.834488E+05
    PHIC=1.948155E-09
    GRAD=1.688162E-02
    NuBT=1
    CPU =0.000080

ITER: 7
    HPWL=9231.863281
    OVFL=0.767684
    HPWL=(4808.620605, 4423.243164)
    POTN=3.677802E+05
    PHIC=2.045562E-09
    GRAD=1.770811E-02
    NuBT=2
    CPU =0.000116

ITER: 8
    HPWL=9208.501953
    OVFL=0.761708
    HPWL=(4791.439453, 4417.062500)
    POTN=3.582240E+05
    PHIC=2.147840E-09
    GRAD=1.851930E-02
    NuBT=2
    CPU =0.000117

ITER: 9
    HPWL=9185.384766
    OVFL=0.754056
    HPWL=(4772.978027, 4412.406738)
    POTN=3.427090E+05
    PHIC=2.255232E-09
    GRAD=1.909993E-02
    NuBT=1
    CPU =0.000078

ITER: 10
    HPWL=9158.865234
    OVFL=0.747643
    HPWL=(4753.675781, 4405.188965)
    POTN=3.327944E+05
    PHIC=2.367994E-09
    GRAD=1.982586E-02
    NuBT=2
    CPU =0.000126

ITER: 11
    HPWL=9135.845703
    OVFL=0.740274
    HPWL=(4737.534668, 4398.311035)
    POTN=3.185186E+05
    PHIC=2.486393E-09
    GRAD=2.047892E-02
    NuBT=1
    CPU =0.000078

ITER: 12
    HPWL=9112.082031
    OVFL=0.733708
    HPWL=(4721.612305, 4390.469727)
    POTN=3.078158E+05
    PHIC=2.610713E-09
    GRAD=2.125353E-02
    NuBT=2
    CPU =0.000119

ITER: 13
    HPWL=9092.679688
    OVFL=0.726175
    HPWL=(4710.156250, 4382.523438)
    POTN=2.947702E+05
    PHIC=2.741248E-09
    GRAD=2.198071E-02
    NuBT=1
    CPU =0.000079

ITER: 14
    HPWL=9074.777344
    OVFL=0.718510
    HPWL=(4701.785645, 4372.992188)
    POTN=2.849014E+05
    PHIC=2.878311E-09
    GRAD=2.282837E-02
    NuBT=2
    CPU =0.000116

ITER: 15
    HPWL=9060.918945
    OVFL=0.709406
    HPWL=(4697.410645, 4363.508301)
    POTN=2.731062E+05
    PHIC=3.022226E-09
    GRAD=2.374338E-02
    NuBT=1
    CPU =0.000078

ITER: 16
    HPWL=9046.124023
    OVFL=0.701805
    HPWL=(4693.348145, 4352.775879)
    POTN=2.642921E+05
    PHIC=3.173337E-09
    GRAD=2.486555E-02
    NuBT=2
    CPU =0.000117

ITER: 17
    HPWL=9034.160156
    OVFL=0.692150
    HPWL=(4692.153809, 4342.005859)
    POTN=2.526751E+05
    PHIC=3.332004E-09
    GRAD=2.585319E-02
    NuBT=1
    CPU =0.000076

ITER: 18
    HPWL=9020.424805
    OVFL=0.688195
    HPWL=(4690.402832, 4330.021973)
    POTN=2.381556E+05
    PHIC=3.498604E-09
    GRAD=2.715359E-02
    NuBT=2
    CPU =0.000116

ITER: 19
    HPWL=9009.491211
    OVFL=0.685363
    HPWL=(4691.304688, 4318.186523)
    POTN=2.235253E+05
    PHIC=3.673534E-09
    GRAD=2.771779E-02
    NuBT=1
    CPU =0.000080

ITER: 20
    HPWL=8999.490234
    OVFL=0.682163
    HPWL=(4691.911621, 4307.578125)
    POTN=2.136960E+05
    PHIC=3.857211E-09
    GRAD=2.812925E-02
    NuBT=2
    CPU =0.000127

ITER: 21
    HPWL=8991.472656
    OVFL=0.684446
    HPWL=(4692.082520, 4299.390137)
    POTN=2.033614E+05
    PHIC=4.050071E-09
    GRAD=2.859704E-02
    NuBT=2
    CPU =0.000116

ITER: 22
    HPWL=8987.899414
    OVFL=0.690169
    HPWL=(4694.135742, 4293.763672)
    POTN=1.908122E+05
    PHIC=4.252574E-09
    GRAD=2.829262E-02
    NuBT=1
    CPU =0.000077

ITER: 23
    HPWL=8983.625000
    OVFL=0.688188
    HPWL=(4694.936035, 4288.688477)
    POTN=1.769118E+05
    PHIC=4.465203E-09
    GRAD=2.749518E-02
    NuBT=1
    CPU =0.000076

ITER: 24
    HPWL=8977.856445
    OVFL=0.685708
    HPWL=(4692.165527, 4285.690918)
    POTN=1.682237E+05
    PHIC=4.688463E-09
    GRAD=2.774914E-02
    NuBT=1
    CPU =0.000074

ITER: 25
    HPWL=8974.174805
    OVFL=0.682268
    HPWL=(4690.738281, 4283.436523)
    POTN=1.589972E+05
    PHIC=4.922886E-09
    GRAD=2.809629E-02
    NuBT=1
    CPU =0.000079

ITER: 26
    HPWL=8973.858398
    OVFL=0.678014
    HPWL=(4691.509277, 4282.349121)
    POTN=1.543029E+05
    PHIC=5.169030E-09
    GRAD=2.861252E-02
    NuBT=1
    CPU =0.000077

ITER: 27
    HPWL=8968.991211
    OVFL=0.672068
    HPWL=(4689.248047, 4279.743164)
    POTN=1.462482E+05
    PHIC=5.427481E-09
    GRAD=2.922689E-02
    NuBT=2
    CPU =0.000114

ITER: 28
    HPWL=8966.738281
    OVFL=0.672029
    HPWL=(4688.699219, 4278.039062)
    POTN=1.369258E+05
    PHIC=5.698854E-09
    GRAD=3.013476E-02
    NuBT=1
    CPU =0.000077

ITER: 29
    HPWL=8965.968750
    OVFL=0.670509
    HPWL=(4689.133301, 4276.835449)
    POTN=1.280597E+05
    PHIC=5.983797E-09
    GRAD=3.016159E-02
    NuBT=1
    CPU =0.000077

ITER: 30
    HPWL=8963.164062
    OVFL=0.681213
    HPWL=(4688.229004, 4274.934570)
    POTN=1.247131E+05
    PHIC=6.282986E-09
    GRAD=3.040574E-02
    NuBT=1
    CPU =0.000076

ITER: 31
    HPWL=8958.304688
    OVFL=0.690260
    HPWL=(4685.945801, 4272.358398)
    POTN=1.176176E+05
    PHIC=6.597135E-09
    GRAD=2.877949E-02
    NuBT=1
    CPU =0.000088

ITER: 32
    HPWL=8948.202148
    OVFL=0.690801
    HPWL=(4680.206055, 4267.996094)
    POTN=1.139067E+05
    PHIC=6.926992E-09
    GRAD=2.743442E-02
    NuBT=1
    CPU =0.000077

ITER: 33
    HPWL=8942.156250
    OVFL=0.687926
    HPWL=(4677.123047, 4265.033691)
    POTN=1.098806E+05
    PHIC=7.273341E-09
    GRAD=2.734761E-02
    NuBT=1
    CPU =0.000077

ITER: 34
    HPWL=8942.250000
    OVFL=0.685295
    HPWL=(4678.094238, 4264.156250)
    POTN=1.092486E+05
    PHIC=7.637007E-09
    GRAD=2.777463E-02
    NuBT=2
    CPU =0.000119

ITER: 35
    HPWL=8938.234375
    OVFL=0.677184
    HPWL=(4676.330566, 4261.903809)
    POTN=1.064010E+05
    PHIC=8.018858E-09
    GRAD=2.814927E-02
    NuBT=2
    CPU =0.000116

ITER: 36
    HPWL=8932.708984
    OVFL=0.662445
    HPWL=(4673.568359, 4259.140625)
    POTN=9.940828E+04
    PHIC=8.419800E-09
    GRAD=2.932765E-02
    NuBT=2
    CPU =0.000114

ITER: 37
    HPWL=8923.730469
    OVFL=0.658620
    HPWL=(4668.483398, 4255.246582)
    POTN=9.328522E+04
    PHIC=8.840789E-09
    GRAD=3.158756E-02
    NuBT=2
    CPU =0.000115

ITER: 38
    HPWL=8922.166016
    OVFL=0.662820
    HPWL=(4668.297852, 4253.868652)
    POTN=9.170085E+04
    PHIC=9.282829E-09
    GRAD=3.222389E-02
    NuBT=1
    CPU =0.000078

ITER: 39
    HPWL=8921.050781
    OVFL=0.672259
    HPWL=(4668.423340, 4252.626953)
    POTN=8.934634E+04
    PHIC=9.746969E-09
    GRAD=3.155996E-02
    NuBT=2
    CPU =0.000116

ITER: 40
    HPWL=8918.125000
    OVFL=0.677735
    HPWL=(4667.348633, 4250.776367)
    POTN=8.724766E+04
    PHIC=1.023432E-08
    GRAD=3.008068E-02
    NuBT=2
    CPU =0.000114

ITER: 41
    HPWL=8914.785156
    OVFL=0.681615
    HPWL=(4665.981445, 4248.804199)
    POTN=8.442989E+04
    PHIC=1.074603E-08
    GRAD=2.925710E-02
    NuBT=1
    CPU =0.000088

ITER: 42
    HPWL=8913.040039
    OVFL=0.681577
    HPWL=(4665.693359, 4247.346680)
    POTN=8.335959E+04
    PHIC=1.128333E-08
    GRAD=2.869823E-02
    NuBT=1
    CPU =0.000080

ITER: 43
    HPWL=8910.728516
    OVFL=0.675954
    HPWL=(4665.042480, 4245.685547)
    POTN=8.231181E+04
    PHIC=1.184750E-08
    GRAD=2.871208E-02
    NuBT=1
    CPU =0.000078

ITER: 44
    HPWL=8906.910156
    OVFL=0.670553
    HPWL=(4663.371582, 4243.538086)
    POTN=8.284917E+04
    PHIC=1.243987E-08
    GRAD=2.954755E-02
    NuBT=1
    CPU =0.000079

ITER: 45
    HPWL=8902.258789
    OVFL=0.661859
    HPWL=(4661.282715, 4240.976074)
    POTN=8.036803E+04
    PHIC=1.306187E-08
    GRAD=3.036129E-02
    NuBT=1
    CPU =0.000076

ITER: 46
    HPWL=8898.663086
    OVFL=0.662972
    HPWL=(4660.147461, 4238.515625)
    POTN=8.091769E+04
    PHIC=1.371496E-08
    GRAD=3.172819E-02
    NuBT=1
    CPU =0.000086

ITER: 47
    HPWL=8895.105469
    OVFL=0.661132
    HPWL=(4658.992676, 4236.112793)
    POTN=8.245226E+04
    PHIC=1.440071E-08
    GRAD=3.153983E-02
    NuBT=1
    CPU =0.000078

ITER: 48
    HPWL=8893.129883
    OVFL=0.670609
    HPWL=(4658.833496, 4234.296387)
    POTN=8.540662E+04
    PHIC=1.512074E-08
    GRAD=3.183877E-02
    NuBT=1
    CPU =0.000077

ITER: 49
    HPWL=8891.935547
    OVFL=0.669790
    HPWL=(4659.198730, 4232.736816)
    POTN=8.476716E+04
    PHIC=1.587678E-08
    GRAD=3.034427E-02
    NuBT=1
    CPU =0.000077

ITER: 50
    HPWL=8884.289062
    OVFL=0.670696
    HPWL=(4655.273438, 4229.016113)
    POTN=8.537693E+04
    PHIC=1.667062E-08
    GRAD=3.043702E-02
    NuBT=1
    CPU =0.000077

ITER: 51
    HPWL=8882.311523
    OVFL=0.668683
    HPWL=(4655.074707, 4227.236816)
    POTN=8.435225E+04
    PHIC=1.750415E-08
    GRAD=3.029775E-02
    NuBT=1
    CPU =0.000077

ITER: 52
    HPWL=8880.758789
    OVFL=0.668423
    HPWL=(4655.114258, 4225.644531)
    POTN=8.454619E+04
    PHIC=1.837935E-08
    GRAD=3.061234E-02
    NuBT=2
    CPU =0.000115

ITER: 53
    HPWL=8881.773438
    OVFL=0.666218
    HPWL=(4656.909668, 4224.863281)
    POTN=8.536748E+04
    PHIC=1.929832E-08
    GRAD=3.066809E-02
    NuBT=1
    CPU =0.000089

ITER: 54
    HPWL=8880.938477
    OVFL=0.664904
    HPWL=(4657.469238, 4223.469238)
    POTN=8.729904E+04
    PHIC=2.026323E-08
    GRAD=3.101940E-02
    NuBT=1
    CPU =0.000079

ITER: 55
    HPWL=8876.994141
    OVFL=0.655143
    HPWL=(4655.999023, 4220.995117)
    POTN=8.811422E+04
    PHIC=2.127639E-08
    GRAD=3.121270E-02
    NuBT=1
    CPU =0.000076

ITER: 56
    HPWL=8868.708984
    OVFL=0.654350
    HPWL=(4651.513184, 4217.195312)
    POTN=8.933777E+04
    PHIC=2.234021E-08
    GRAD=3.277342E-02
    NuBT=2
    CPU =0.000114

ITER: 57
    HPWL=8864.830078
    OVFL=0.654377
    HPWL=(4649.778320, 4215.052246)
    POTN=9.161154E+04
    PHIC=2.345722E-08
    GRAD=3.289823E-02
    NuBT=1
    CPU =0.000079

ITER: 58
    HPWL=8865.654297
    OVFL=0.656740
    HPWL=(4651.165039, 4214.489746)
    POTN=9.484109E+04
    PHIC=2.463008E-08
    GRAD=3.290347E-02
    NuBT=2
    CPU =0.000115

ITER: 59
    HPWL=8863.875977
    OVFL=0.659687
    HPWL=(4650.820801, 4213.055176)
    POTN=9.866361E+04
    PHIC=2.586158E-08
    GRAD=3.250875E-02
    NuBT=2
    CPU =0.000116

ITER: 60
    HPWL=8864.789062
    OVFL=0.668641
    HPWL=(4652.245117, 4212.543945)
    POTN=1.016322E+05
    PHIC=2.715466E-08
    GRAD=3.203434E-02
    NuBT=1
    CPU =0.000078

ITER: 61
    HPWL=8859.390625
    OVFL=0.671230
    HPWL=(4649.500977, 4209.889160)
    POTN=1.022403E+05
    PHIC=2.851239E-08
    GRAD=3.058865E-02
    NuBT=2
    CPU =0.000117

ITER: 62
    HPWL=8853.438477
    OVFL=0.674232
    HPWL=(4646.321777, 4207.116699)
    POTN=1.023421E+05
    PHIC=2.993801E-08
    GRAD=3.017629E-02
    NuBT=1
    CPU =0.000077

ITER: 63
    HPWL=8856.160156
    OVFL=0.675811
    HPWL=(4648.822754, 4207.337891)
    POTN=1.027675E+05
    PHIC=3.143490E-08
    GRAD=2.972647E-02
    NuBT=1
    CPU =0.000078

ITER: 64
    HPWL=8854.909180
    OVFL=0.677324
    HPWL=(4648.689453, 4206.219727)
    POTN=1.033304E+05
    PHIC=3.300664E-08
    GRAD=2.948714E-02
    NuBT=2
    CPU =0.000124

ITER: 65
    HPWL=8855.673828
    OVFL=0.678321
    HPWL=(4649.770508, 4205.903809)
    POTN=1.042453E+05
    PHIC=3.465697E-08
    GRAD=2.926715E-02
    NuBT=1
    CPU =0.000080

ITER: 66
    HPWL=8853.615234
    OVFL=0.679199
    HPWL=(4648.981934, 4204.633789)
    POTN=1.051402E+05
    PHIC=3.638981E-08
    GRAD=2.911406E-02
    NuBT=2
    CPU =0.000115

ITER: 67
    HPWL=8851.619141
    OVFL=0.679604
    HPWL=(4648.185059, 4203.433594)
    POTN=1.063198E+05
    PHIC=3.820930E-08
    GRAD=2.898247E-02
    NuBT=1
    CPU =0.000078

ITER: 68
    HPWL=8850.577148
    OVFL=0.680343
    HPWL=(4647.952637, 4202.624512)
    POTN=1.074316E+05
    PHIC=4.011977E-08
    GRAD=2.892132E-02
    NuBT=1
    CPU =0.000081

ITER: 69
    HPWL=8849.476562
    OVFL=0.680323
    HPWL=(4647.673340, 4201.802734)
    POTN=1.086622E+05
    PHIC=4.212576E-08
    GRAD=2.881362E-02
    NuBT=1
    CPU =0.000078

ITER: 70
    HPWL=8847.840820
    OVFL=0.680463
    HPWL=(4646.958984, 4200.881836)
    POTN=1.097596E+05
    PHIC=4.423204E-08
    GRAD=2.881380E-02
    NuBT=1
    CPU =0.000080

ITER: 71
    HPWL=8846.203125
    OVFL=0.680368
    HPWL=(4646.202148, 4200.000488)
    POTN=1.109560E+05
    PHIC=4.644364E-08
    GRAD=2.879213E-02
    NuBT=1
    CPU =0.000079

ITER: 72
    HPWL=8844.875000
    OVFL=0.680281
    HPWL=(4645.598633, 4199.276855)
    POTN=1.119623E+05
    PHIC=4.876582E-08
    GRAD=2.880559E-02
    NuBT=1
    CPU =0.000078

ITER: 73
    HPWL=8843.783203
    OVFL=0.680036
    HPWL=(4645.170898, 4198.612305)
    POTN=1.129923E+05
    PHIC=5.120411E-08
    GRAD=2.881417E-02
    NuBT=1
    CPU =0.000077

ITER: 74
    HPWL=8842.708984
    OVFL=0.679898
    HPWL=(4644.644531, 4198.064453)
    POTN=1.138062E+05
    PHIC=5.376431E-08
    GRAD=2.885161E-02
    NuBT=1
    CPU =0.000077

ITER: 75
    HPWL=8841.436523
    OVFL=0.679698
    HPWL=(4643.959473, 4197.477051)
    POTN=1.145957E+05
    PHIC=5.645253E-08
    GRAD=2.887266E-02
    NuBT=1
    CPU =0.000079

ITER: 76
    HPWL=8840.375000
    OVFL=0.679510
    HPWL=(4643.355957, 4197.019531)
    POTN=1.151773E+05
    PHIC=5.927515E-08
    GRAD=2.890011E-02
    NuBT=1
    CPU =0.000092

ITER: 77
    HPWL=8839.425781
    OVFL=0.679212
    HPWL=(4642.825195, 4196.600098)
    POTN=1.156819E+05
    PHIC=6.223890E-08
    GRAD=2.892868E-02
    NuBT=1
    CPU =0.000078

ITER: 78
    HPWL=8838.625000
    OVFL=0.678974
    HPWL=(4642.358887, 4196.266602)
    POTN=1.159957E+05
    PHIC=6.535085E-08
    GRAD=2.897091E-02
    NuBT=1
    CPU =0.000077

ITER: 79
    HPWL=8837.797852
    OVFL=0.678784
    HPWL=(4641.834961, 4195.962891)
    POTN=1.162244E+05
    PHIC=6.861838E-08
    GRAD=2.900705E-02
    NuBT=1
    CPU =0.000076

ITER: 80
    HPWL=8837.163086
    OVFL=0.678716
    HPWL=(4641.396484, 4195.766602)
    POTN=1.162992E+05
    PHIC=7.204930E-08
    GRAD=2.903527E-02
    NuBT=1
    CPU =0.000078

ITER: 81
    HPWL=8836.672852
    OVFL=0.678727
    HPWL=(4641.046387, 4195.626465)
    POTN=1.162790E+05
    PHIC=7.565176E-08
    GRAD=2.904312E-02
    NuBT=1
    CPU =0.000081

ITER: 82
    HPWL=8836.441406
    OVFL=0.678856
    HPWL=(4640.850098, 4195.591797)
    POTN=1.161295E+05
    PHIC=7.943434E-08
    GRAD=2.904196E-02
    NuBT=1
    CPU =0.000078

ITER: 83
    HPWL=8836.980469
    OVFL=0.679116
    HPWL=(4641.088867, 4195.892090)
    POTN=1.157572E+05
    PHIC=8.340604E-08
    GRAD=2.902440E-02
    NuBT=1
    CPU =0.000076

ITER: 84
    HPWL=8838.326172
    OVFL=0.679450
    HPWL=(4641.622070, 4196.704102)
    POTN=1.151264E+05
    PHIC=8.757632E-08
    GRAD=2.898538E-02
    NuBT=2
    CPU =0.000117

ITER: 85
    HPWL=8839.148438
    OVFL=0.679681
    HPWL=(4642.013184, 4197.135742)
    POTN=1.144924E+05
    PHIC=9.195512E-08
    GRAD=2.893423E-02
    NuBT=2
    CPU =0.000116

ITER: 86
    HPWL=8840.476562
    OVFL=0.679887
    HPWL=(4642.565918, 4197.910645)
    POTN=1.136849E+05
    PHIC=9.655285E-08
    GRAD=2.890053E-02
    NuBT=2
    CPU =0.000115

ITER: 87
    HPWL=8841.494141
    OVFL=0.680008
    HPWL=(4642.995117, 4198.499023)
    POTN=1.128854E+05
    PHIC=1.013805E-07
    GRAD=2.887253E-02
    NuBT=2
    CPU =0.000128

ITER: 88
    HPWL=8842.677734
    OVFL=0.680253
    HPWL=(4643.463379, 4199.214355)
    POTN=1.119359E+05
    PHIC=1.064495E-07
    GRAD=2.885501E-02
    NuBT=2
    CPU =0.000119

ITER: 89
    HPWL=8843.615234
    OVFL=0.680381
    HPWL=(4643.752930, 4199.862793)
    POTN=1.110468E+05
    PHIC=1.117719E-07
    GRAD=2.881878E-02
    NuBT=2
    CPU =0.000116

ITER: 90
    HPWL=8845.227539
    OVFL=0.680495
    HPWL=(4644.427246, 4200.800293)
    POTN=1.100128E+05
    PHIC=1.173605E-07
    GRAD=2.880073E-02
    NuBT=1
    CPU =0.000079

ITER: 91
    HPWL=8846.476562
    OVFL=0.680419
    HPWL=(4644.927734, 4201.548828)
    POTN=1.090974E+05
    PHIC=1.232285E-07
    GRAD=2.878328E-02
    NuBT=1
    CPU =0.000079

ITER: 92
    HPWL=8846.943359
    OVFL=0.680547
    HPWL=(4644.890137, 4202.052734)
    POTN=1.080658E+05
    PHIC=1.293899E-07
    GRAD=2.879393E-02
    NuBT=1
    CPU =0.000079

ITER: 93
    HPWL=8847.406250
    OVFL=0.680268
    HPWL=(4644.915039, 4202.490723)
    POTN=1.071856E+05
    PHIC=1.358594E-07
    GRAD=2.877593E-02
    NuBT=1
    CPU =0.000078

ITER: 94
    HPWL=8848.377930
    OVFL=0.680047
    HPWL=(4645.184570, 4203.193359)
    POTN=1.061922E+05
    PHIC=1.426523E-07
    GRAD=2.881624E-02
    NuBT=1
    CPU =0.000078

ITER: 95
    HPWL=8849.458984
    OVFL=0.679686
    HPWL=(4645.490234, 4203.968750)
    POTN=1.053997E+05
    PHIC=1.497849E-07
    GRAD=2.885043E-02
    NuBT=1
    CPU =0.000077

ITER: 96
    HPWL=8850.564453
    OVFL=0.679534
    HPWL=(4645.833984, 4204.730957)
    POTN=1.045429E+05
    PHIC=1.572741E-07
    GRAD=2.890234E-02
    NuBT=1
    CPU =0.000077

ITER: 97
    HPWL=8851.137695
    OVFL=0.679091
    HPWL=(4645.834961, 4205.302734)
    POTN=1.039123E+05
    PHIC=1.651378E-07
    GRAD=2.892721E-02
    NuBT=1
    CPU =0.000080

ITER: 98
    HPWL=8851.710938
    OVFL=0.678439
    HPWL=(4645.803223, 4205.907227)
    POTN=1.031735E+05
    PHIC=1.733947E-07
    GRAD=2.899012E-02
    NuBT=1
    CPU =0.000089

ITER: 99
    HPWL=8852.422852
    OVFL=0.677682
    HPWL=(4645.940430, 4206.482422)
    POTN=1.026814E+05
    PHIC=1.820644E-07
    GRAD=2.908559E-02
    NuBT=1
    CPU =0.000079

ITER: 100
    HPWL=8853.427734
    OVFL=0.676982
    HPWL=(4646.174805, 4207.253418)
    POTN=1.021261E+05
    PHIC=1.911676E-07
    GRAD=2.919951E-02
    NuBT=1
    CPU =0.000086

ITER: 101
    HPWL=8854.108398
    OVFL=0.676011
    HPWL=(4646.247559, 4207.860840)
    POTN=1.018024E+05
    PHIC=2.007259E-07
    GRAD=2.930374E-02
    NuBT=1
    CPU =0.000077

ITER: 102
    HPWL=8854.689453
    OVFL=0.675069
    HPWL=(4646.250977, 4208.438965)
    POTN=1.014297E+05
    PHIC=2.107622E-07
    GRAD=2.944721E-02
    NuBT=1
    CPU =0.000082

ITER: 103
    HPWL=8855.142578
    OVFL=0.674196
    HPWL=(4646.208008, 4208.934570)
    POTN=1.012720E+05
    PHIC=2.213002E-07
    GRAD=2.958944E-02
    NuBT=1
    CPU =0.000081

ITER: 104
    HPWL=8855.692383
    OVFL=0.673867
    HPWL=(4646.151855, 4209.540527)
    POTN=1.010453E+05
    PHIC=2.323652E-07
    GRAD=2.971993E-02
    NuBT=1
    CPU =0.000077

ITER: 105
    HPWL=8856.345703
    OVFL=0.673214
    HPWL=(4646.235840, 4210.109375)
    POTN=1.009781E+05
    PHIC=2.439834E-07
    GRAD=2.976932E-02
    NuBT=1
    CPU =0.000077

ITER: 106
    HPWL=8857.023438
    OVFL=0.670732
    HPWL=(4646.266602, 4210.757324)
    POTN=1.000793E+05
    PHIC=2.561826E-07
    GRAD=2.987076E-02
    NuBT=1
    CPU =0.000078

ITER: 107
    HPWL=8857.298828
    OVFL=0.666513
    HPWL=(4646.115723, 4211.183594)
    POTN=9.871188E+04
    PHIC=2.689917E-07
    GRAD=3.024876E-02
    NuBT=1
    CPU =0.000080

ITER: 108
    HPWL=8855.146484
    OVFL=0.664082
    HPWL=(4644.545898, 4210.600098)
    POTN=9.733663E+04
    PHIC=2.824413E-07
    GRAD=3.090283E-02
    NuBT=2
    CPU =0.000116

ITER: 109
    HPWL=8854.011719
    OVFL=0.663542
    HPWL=(4643.603516, 4210.408203)
    POTN=9.617806E+04
    PHIC=2.965633E-07
    GRAD=3.128735E-02
    NuBT=1
    CPU =0.000077

ITER: 110
    HPWL=8856.665039
    OVFL=0.662957
    HPWL=(4644.813965, 4211.851074)
    POTN=9.508462E+04
    PHIC=3.113913E-07
    GRAD=3.137444E-02
    NuBT=1
    CPU =0.000092

ITER: 111
    HPWL=8856.734375
    OVFL=0.662293
    HPWL=(4644.541504, 4212.192871)
    POTN=9.420543E+04
    PHIC=3.269609E-07
    GRAD=3.146641E-02
    NuBT=2
    CPU =0.000116

ITER: 112
    HPWL=8857.666016
    OVFL=0.661494
    HPWL=(4644.771973, 4212.893555)
    POTN=9.338194E+04
    PHIC=3.433089E-07
    GRAD=3.157362E-02
    NuBT=2
    CPU =0.000114

ITER: 113
    HPWL=8858.064453
    OVFL=0.660564
    HPWL=(4644.755859, 4213.308594)
    POTN=9.275294E+04
    PHIC=3.604743E-07
    GRAD=3.170431E-02
    NuBT=2
    CPU =0.000116

ITER: 114
    HPWL=8859.324219
    OVFL=0.658578
    HPWL=(4645.180176, 4214.144043)
    POTN=9.204534E+04
    PHIC=3.784980E-07
    GRAD=3.185460E-02
    NuBT=1
    CPU =0.000079

ITER: 115
    HPWL=8858.299805
    OVFL=0.657544
    HPWL=(4644.350586, 4213.949219)
    POTN=9.122446E+04
    PHIC=3.974228E-07
    GRAD=3.217605E-02
    NuBT=2
    CPU =0.000117

ITER: 116
    HPWL=8857.863281
    OVFL=0.656956
    HPWL=(4643.784668, 4214.078125)
    POTN=9.045962E+04
    PHIC=4.172940E-07
    GRAD=3.234351E-02
    NuBT=1
    CPU =0.000085

ITER: 117
    HPWL=8858.963867
    OVFL=0.656527
    HPWL=(4644.249512, 4214.714355)
    POTN=8.985841E+04
    PHIC=4.381586E-07
    GRAD=3.244417E-02
    NuBT=1
    CPU =0.000082

ITER: 118
    HPWL=8858.732422
    OVFL=0.656194
    HPWL=(4643.885742, 4214.846680)
    POTN=8.931817E+04
    PHIC=4.600665E-07
    GRAD=3.251277E-02
    NuBT=2
    CPU =0.000115

ITER: 119
    HPWL=8858.869141
    OVFL=0.656015
    HPWL=(4643.851074, 4215.018555)
    POTN=8.891534E+04
    PHIC=4.830698E-07
    GRAD=3.256837E-02
    NuBT=1
    CPU =0.000078

ITER: 120
    HPWL=8859.143555
    OVFL=0.655866
    HPWL=(4643.764648, 4215.378906)
    POTN=8.854488E+04
    PHIC=5.072233E-07
    GRAD=3.259817E-02
    NuBT=1
    CPU =0.000090

ITER: 121
    HPWL=8858.867188
    OVFL=0.655848
    HPWL=(4643.458008, 4215.408691)
    POTN=8.827810E+04
    PHIC=5.325844E-07
    GRAD=3.262209E-02
    NuBT=1
    CPU =0.000078

ITER: 122
    HPWL=8858.399414
    OVFL=0.655830
    HPWL=(4642.973633, 4215.425781)
    POTN=8.803648E+04
    PHIC=5.592136E-07
    GRAD=3.262346E-02
    NuBT=1
    CPU =0.000078

ITER: 123
    HPWL=8858.006836
    OVFL=0.655879
    HPWL=(4642.640137, 4215.366699)
    POTN=8.786380E+04
    PHIC=5.871743E-07
    GRAD=3.262699E-02
    NuBT=1
    CPU =0.000078

ITER: 124
    HPWL=8857.868164
    OVFL=0.655921
    HPWL=(4642.366211, 4215.501953)
    POTN=8.771148E+04
    PHIC=6.165329E-07
    GRAD=3.261900E-02
    NuBT=1
    CPU =0.000079

ITER: 125
    HPWL=8857.562500
    OVFL=0.655922
    HPWL=(4642.117188, 4215.445312)
    POTN=8.760259E+04
    PHIC=6.473596E-07
    GRAD=3.261041E-02
    NuBT=1
    CPU =0.000080

ITER: 126
    HPWL=8857.244141
    OVFL=0.657167
    HPWL=(4641.772461, 4215.471191)
    POTN=8.749953E+04
    PHIC=6.797275E-07
    GRAD=3.261017E-02
    NuBT=1
    CPU =0.000083

ITER: 127
    HPWL=8855.929688
    OVFL=0.658579
    HPWL=(4640.991211, 4214.938965)
    POTN=8.742752E+04
    PHIC=7.137139E-07
    GRAD=3.240270E-02
    NuBT=2
    CPU =0.000115

ITER: 128
    HPWL=8854.966797
    OVFL=0.659637
    HPWL=(4640.285156, 4214.682129)
    POTN=8.736134E+04
    PHIC=7.493995E-07
    GRAD=3.216957E-02
    NuBT=2
    CPU =0.000116

ITER: 129
    HPWL=8854.722656
    OVFL=0.660327
    HPWL=(4640.105469, 4214.616699)
    POTN=8.730913E+04
    PHIC=7.868695E-07
    GRAD=3.199641E-02
    NuBT=1
    CPU =0.000077

ITER: 130
    HPWL=8854.740234
    OVFL=0.660611
    HPWL=(4639.996094, 4214.743652)
    POTN=8.726584E+04
    PHIC=8.262129E-07
    GRAD=3.188606E-02
    NuBT=1
    CPU =0.000080

ITER: 131
    HPWL=8854.716797
    OVFL=0.660462
    HPWL=(4639.976074, 4214.741211)
    POTN=8.723443E+04
    PHIC=8.675235E-07
    GRAD=3.183861E-02
    NuBT=1
    CPU =0.000079

ITER: 132
    HPWL=8854.800781
    OVFL=0.659600
    HPWL=(4640.020996, 4214.780273)
    POTN=8.721805E+04
    PHIC=9.108996E-07
    GRAD=3.186365E-02
    NuBT=1
    CPU =0.000090

ITER: 133
    HPWL=8854.619141
    OVFL=0.658899
    HPWL=(4639.863770, 4214.755859)
    POTN=8.719914E+04
    PHIC=9.564446E-07
    GRAD=3.200245E-02
    NuBT=5
    CPU =0.000229

ITER: 134
    HPWL=8854.526367
    OVFL=0.658020
    HPWL=(4639.785156, 4214.741211)
    POTN=8.718465E+04
    PHIC=1.004267E-06
    GRAD=3.211898E-02
    NuBT=1
    CPU =0.000078

ITER: 135
    HPWL=8854.494141
    OVFL=0.656819
    HPWL=(4639.759766, 4214.734863)
    POTN=8.717745E+04
    PHIC=1.054480E-06
    GRAD=3.226314E-02
    NuBT=1
    CPU =0.000078

ITER: 136
    HPWL=8854.359375
    OVFL=0.655356
    HPWL=(4639.675293, 4214.683594)
    POTN=8.717702E+04
    PHIC=1.107204E-06
    GRAD=3.246040E-02
    NuBT=2
    CPU =0.000123

ITER: 137
    HPWL=8854.208984
    OVFL=0.654795
    HPWL=(4639.595215, 4214.613770)
    POTN=8.718210E+04
    PHIC=1.162564E-06
    GRAD=3.270582E-02
    NuBT=1
    CPU =0.000078

ITER: 138
    HPWL=8854.119141
    OVFL=0.654601
    HPWL=(4639.603027, 4214.516113)
    POTN=8.719730E+04
    PHIC=1.220692E-06
    GRAD=3.279840E-02
    NuBT=1
    CPU =0.000080

ITER: 139
    HPWL=8854.009766
    OVFL=0.654346
    HPWL=(4639.561523, 4214.448730)
    POTN=8.724923E+04
    PHIC=1.281727E-06
    GRAD=3.282996E-02
    NuBT=1
    CPU =0.000079

ITER: 140
    HPWL=8854.101562
    OVFL=0.654106
    HPWL=(4639.825684, 4214.275391)
    POTN=8.735459E+04
    PHIC=1.345813E-06
    GRAD=3.287236E-02
    NuBT=2
    CPU =0.000119

ITER: 141
    HPWL=8854.248047
    OVFL=0.653877
    HPWL=(4639.953125, 4214.295410)
    POTN=8.747197E+04
    PHIC=1.413104E-06
    GRAD=3.291411E-02
    NuBT=2
    CPU =0.000129

ITER: 142
    HPWL=8854.317383
    OVFL=0.653747
    HPWL=(4640.178711, 4214.138672)
    POTN=8.765994E+04
    PHIC=1.483759E-06
    GRAD=3.295321E-02
    NuBT=2
    CPU =0.000116

ITER: 143
    HPWL=8854.457031
    OVFL=0.653507
    HPWL=(4640.348633, 4214.107910)
    POTN=8.784765E+04
    PHIC=1.557947E-06
    GRAD=3.297583E-02
    NuBT=2
    CPU =0.000116

ITER: 144
    HPWL=8854.470703
    OVFL=0.653449
    HPWL=(4640.596191, 4213.874512)
    POTN=8.813052E+04
    PHIC=1.635844E-06
    GRAD=3.301732E-02
    NuBT=2
    CPU =0.000115

ITER: 145
    HPWL=8854.607422
    OVFL=0.653325
    HPWL=(4640.677734, 4213.929688)
    POTN=8.841348E+04
    PHIC=1.717636E-06
    GRAD=3.302514E-02
    NuBT=2
    CPU =0.000115

ITER: 146
    HPWL=8854.501953
    OVFL=0.653477
    HPWL=(4640.938477, 4213.563965)
    POTN=8.882536E+04
    PHIC=1.803518E-06
    GRAD=3.304736E-02
    NuBT=2
    CPU =0.000117

ITER: 147
    HPWL=8854.541016
    OVFL=0.653523
    HPWL=(4640.935547, 4213.605957)
    POTN=8.921740E+04
    PHIC=1.893694E-06
    GRAD=3.302309E-02
    NuBT=2
    CPU =0.000114

ITER: 148
    HPWL=8854.394531
    OVFL=0.653874
    HPWL=(4641.159668, 4213.234375)
    POTN=8.973877E+04
    PHIC=1.988378E-06
    GRAD=3.301714E-02
    NuBT=2
    CPU =0.000117

ITER: 149
    HPWL=8854.642578
    OVFL=0.654128
    HPWL=(4641.314453, 4213.327637)
    POTN=9.023241E+04
    PHIC=2.087797E-06
    GRAD=3.295844E-02
    NuBT=1
    CPU =0.000077

ITER: 150
    HPWL=8854.423828
    OVFL=0.654659
    HPWL=(4641.525879, 4212.897461)
    POTN=9.082967E+04
    PHIC=2.192187E-06
    GRAD=3.291542E-02
    NuBT=1
    CPU =0.000087

ITER: 151
    HPWL=8853.914062
    OVFL=0.655065
    HPWL=(4641.063477, 4212.851074)
    POTN=9.137749E+04
    PHIC=2.301796E-06
    GRAD=3.282651E-02
    NuBT=1
    CPU =0.000077

ITER: 152
    HPWL=8853.222656
    OVFL=0.655693
    HPWL=(4640.920898, 4212.301270)
    POTN=9.199823E+04
    PHIC=2.416886E-06
    GRAD=3.275738E-02
    NuBT=1
    CPU =0.000081

ITER: 153
    HPWL=8853.027344
    OVFL=0.656057
    HPWL=(4640.587402, 4212.439453)
    POTN=9.245969E+04
    PHIC=2.537730E-06
    GRAD=3.265364E-02
    NuBT=1
    CPU =0.000078

ITER: 154
    HPWL=8852.763672
    OVFL=0.656878
    HPWL=(4640.757812, 4212.005371)
    POTN=9.271094E+04
    PHIC=2.664617E-06
    GRAD=3.259404E-02
    NuBT=1
    CPU =0.000077

ITER: 155
    HPWL=8852.589844
    OVFL=0.657371
    HPWL=(4640.424316, 4212.165527)
    POTN=9.284504E+04
    PHIC=2.797847E-06
    GRAD=3.245723E-02
    NuBT=1
    CPU =0.000082

ITER: 156
    HPWL=8851.905273
    OVFL=0.657848
    HPWL=(4640.294922, 4211.610352)
    POTN=9.298061E+04
    PHIC=2.937740E-06
    GRAD=3.237526E-02
    NuBT=1
    CPU =0.000077

ITER: 157
    HPWL=8851.539062
    OVFL=0.658102
    HPWL=(4639.756348, 4211.783203)
    POTN=9.301436E+04
    PHIC=3.084627E-06
    GRAD=3.229967E-02
    NuBT=1
    CPU =0.000077

ITER: 158
    HPWL=8851.180664
    OVFL=0.658408
    HPWL=(4639.804199, 4211.376465)
    POTN=9.303063E+04
    PHIC=3.238858E-06
    GRAD=3.225542E-02
    NuBT=1
    CPU =0.000079

ITER: 159
    HPWL=8851.108398
    OVFL=0.658532
    HPWL=(4639.358887, 4211.749512)
    POTN=9.293983E+04
    PHIC=3.400801E-06
    GRAD=3.220756E-02
    NuBT=1
    CPU =0.000078

ITER: 160
    HPWL=8850.654297
    OVFL=0.658718
    HPWL=(4639.312012, 4211.342773)
    POTN=9.282383E+04
    PHIC=3.570840E-06
    GRAD=3.218607E-02
    NuBT=1
    CPU =0.000078

ITER: 161
    HPWL=8850.417969
    OVFL=0.658742
    HPWL=(4638.607910, 4211.810547)
    POTN=9.261745E+04
    PHIC=3.749382E-06
    GRAD=3.215571E-02
    NuBT=1
    CPU =0.000078

ITER: 162
    HPWL=8850.038086
    OVFL=0.658770
    HPWL=(4638.566406, 4211.471680)
    POTN=9.244829E+04
    PHIC=3.936851E-06
    GRAD=3.215260E-02
    NuBT=1
    CPU =0.000081

ITER: 163
    HPWL=8849.707031
    OVFL=0.658725
    HPWL=(4637.743652, 4211.962891)
    POTN=9.224262E+04
    PHIC=4.133693E-06
    GRAD=3.214858E-02
    NuBT=1
    CPU =0.000089

ITER: 164
    HPWL=8849.472656
    OVFL=0.658674
    HPWL=(4637.708496, 4211.763672)
    POTN=9.203792E+04
    PHIC=4.340378E-06
    GRAD=3.215406E-02
    NuBT=1
    CPU =0.000081

ITER: 165
    HPWL=8849.782227
    OVFL=0.658466
    HPWL=(4637.219238, 4212.562988)
    POTN=9.176522E+04
    PHIC=4.557397E-06
    GRAD=3.216413E-02
    NuBT=1
    CPU =0.000077

ITER: 166
    HPWL=8850.247070
    OVFL=0.658213
    HPWL=(4637.644531, 4212.602539)
    POTN=9.146723E+04
    PHIC=4.785265E-06
    GRAD=3.219642E-02
    NuBT=2
    CPU =0.000117

ITER: 167
    HPWL=8850.605469
    OVFL=0.657820
    HPWL=(4637.140625, 4213.465332)
    POTN=9.099588E+04
    PHIC=5.024528E-06
    GRAD=3.223910E-02
    NuBT=2
    CPU =0.000115

ITER: 168
    HPWL=8851.068359
    OVFL=0.657478
    HPWL=(4637.597656, 4213.470703)
    POTN=9.047305E+04
    PHIC=5.275754E-06
    GRAD=3.230345E-02
    NuBT=1
    CPU =0.000076

ITER: 169
    HPWL=8851.796875
    OVFL=0.657019
    HPWL=(4637.242676, 4214.553711)
    POTN=8.982918E+04
    PHIC=5.539541E-06
    GRAD=3.236174E-02
    NuBT=1
    CPU =0.000077

ITER: 170
    HPWL=8852.435547
    OVFL=0.656577
    HPWL=(4637.844238, 4214.591309)
    POTN=8.916411E+04
    PHIC=5.816517E-06
    GRAD=3.243735E-02
    NuBT=1
    CPU =0.000084

ITER: 171
    HPWL=8853.046875
    OVFL=0.655802
    HPWL=(4637.323730, 4215.722656)
    POTN=8.841850E+04
    PHIC=6.107342E-06
    GRAD=3.251263E-02
    NuBT=1
    CPU =0.000078

ITER: 172
    HPWL=8853.162109
    OVFL=0.655122
    HPWL=(4637.539062, 4215.623047)
    POTN=8.769231E+04
    PHIC=6.412709E-06
    GRAD=3.263780E-02
    NuBT=1
    CPU =0.000077

ITER: 173
    HPWL=8853.705078
    OVFL=0.654263
    HPWL=(4636.912598, 4216.792480)
    POTN=8.690604E+04
    PHIC=6.733343E-06
    GRAD=3.275295E-02
    NuBT=1
    CPU =0.000079

ITER: 174
    HPWL=8854.280273
    OVFL=0.653467
    HPWL=(4637.469238, 4216.811035)
    POTN=8.617061E+04
    PHIC=7.070009E-06
    GRAD=3.289741E-02
    NuBT=1
    CPU =0.000086

ITER: 175
    HPWL=8855.064453
    OVFL=0.652489
    HPWL=(4636.901855, 4218.162109)
    POTN=8.538308E+04
    PHIC=7.423508E-06
    GRAD=3.303112E-02
    NuBT=1
    CPU =0.000080

ITER: 176
    HPWL=8855.246094
    OVFL=0.651579
    HPWL=(4637.198242, 4218.047363)
    POTN=8.468362E+04
    PHIC=7.794683E-06
    GRAD=3.319545E-02
    NuBT=1
    CPU =0.000078

ITER: 177
    HPWL=8856.232422
    OVFL=0.650212
    HPWL=(4636.527832, 4219.704102)
    POTN=8.393586E+04
    PHIC=8.184416E-06
    GRAD=3.335141E-02
    NuBT=1
    CPU =0.000079

ITER: 178
    HPWL=8856.369141
    OVFL=0.648936
    HPWL=(4636.616699, 4219.751953)
    POTN=8.327377E+04
    PHIC=8.593637E-06
    GRAD=3.358158E-02
    NuBT=1
    CPU =0.000082

ITER: 179
    HPWL=8856.837891
    OVFL=0.647646
    HPWL=(4635.517090, 4221.320801)
    POTN=8.259942E+04
    PHIC=9.023318E-06
    GRAD=3.380138E-02
    NuBT=1
    CPU =0.000088

ITER: 180
    HPWL=8857.083008
    OVFL=0.646242
    HPWL=(4635.711914, 4221.371094)
    POTN=8.197183E+04
    PHIC=9.474484E-06
    GRAD=3.401997E-02
    NuBT=1
    CPU =0.000078

ITER: 181
    HPWL=8857.583984
    OVFL=0.644761
    HPWL=(4634.812988, 4222.770508)
    POTN=8.130848E+04
    PHIC=9.948207E-06
    GRAD=3.426643E-02
    NuBT=1
    CPU =0.000077

ITER: 182
    HPWL=8857.740234
    OVFL=0.643227
    HPWL=(4635.119141, 4222.621582)
    POTN=8.064042E+04
    PHIC=1.044562E-05
    GRAD=3.452439E-02
    NuBT=1
    CPU =0.000080

ITER: 183
    HPWL=8858.357422
    OVFL=0.642210
    HPWL=(4634.352539, 4224.004395)
    POTN=7.988084E+04
    PHIC=1.096790E-05
    GRAD=3.479828E-02
    NuBT=1
    CPU =0.000079

ITER: 184
    HPWL=8858.774414
    OVFL=0.641422
    HPWL=(4634.896484, 4223.877930)
    POTN=7.916092E+04
    PHIC=1.151629E-05
    GRAD=3.497641E-02
    NuBT=1
    CPU =0.000077

ITER: 185
    HPWL=8859.791016
    OVFL=0.639736
    HPWL=(4634.405273, 4225.385742)
    POTN=7.831014E+04
    PHIC=1.209210E-05
    GRAD=3.512006E-02
    NuBT=1
    CPU =0.000078

ITER: 186
    HPWL=8859.876953
    OVFL=0.637957
    HPWL=(4634.605957, 4225.270508)
    POTN=7.746917E+04
    PHIC=1.269671E-05
    GRAD=3.542206E-02
    NuBT=1
    CPU =0.000077

ITER: 187
    HPWL=8860.300781
    OVFL=0.635436
    HPWL=(4633.520020, 4226.780762)
    POTN=7.649597E+04
    PHIC=1.333154E-05
    GRAD=3.574689E-02
    NuBT=1
    CPU =0.000083

ITER: 188
    HPWL=8859.891602
    OVFL=0.632981
    HPWL=(4633.470703, 4226.420898)
    POTN=7.557645E+04
    PHIC=1.399811E-05
    GRAD=3.620493E-02
    NuBT=1
    CPU =0.000077

ITER: 189
    HPWL=8859.893555
    OVFL=0.629594
    HPWL=(4632.161621, 4227.731934)
    POTN=7.450789E+04
    PHIC=1.469802E-05
    GRAD=3.666105E-02
    NuBT=1
    CPU =0.000076

ITER: 190
    HPWL=8859.283203
    OVFL=0.628790
    HPWL=(4632.172363, 4227.110352)
    POTN=7.348020E+04
    PHIC=1.543292E-05
    GRAD=3.729565E-02
    NuBT=2
    CPU =0.000119

ITER: 191
    HPWL=8859.634766
    OVFL=0.627384
    HPWL=(4631.266113, 4228.369141)
    POTN=7.241012E+04
    PHIC=1.620457E-05
    GRAD=3.744853E-02
    NuBT=1
    CPU =0.000078

ITER: 192
    HPWL=8860.105469
    OVFL=0.626734
    HPWL=(4632.149414, 4227.955566)
    POTN=7.138735E+04
    PHIC=1.701479E-05
    GRAD=3.771791E-02
    NuBT=2
    CPU =0.000116

ITER: 193
    HPWL=8861.167969
    OVFL=0.625461
    HPWL=(4631.678223, 4229.490234)
    POTN=7.024084E+04
    PHIC=1.786553E-05
    GRAD=3.784643E-02
    NuBT=2
    CPU =0.000116

ITER: 194
    HPWL=8861.239258
    OVFL=0.624464
    HPWL=(4632.266113, 4228.973145)
    POTN=6.916355E+04
    PHIC=1.875880E-05
    GRAD=3.808970E-02
    NuBT=2
    CPU =0.000115

ITER: 195
    HPWL=8862.679688
    OVFL=0.622581
    HPWL=(4631.957520, 4230.722168)
    POTN=6.795220E+04
    PHIC=1.969674E-05
    GRAD=3.829021E-02
    NuBT=1
    CPU =0.000078

ITER: 196
    HPWL=8862.353516
    OVFL=0.620843
    HPWL=(4632.419922, 4229.933105)
    POTN=6.679807E+04
    PHIC=2.068157E-05
    GRAD=3.865369E-02
    NuBT=2
    CPU =0.000115

ITER: 197
    HPWL=8862.926758
    OVFL=0.617583
    HPWL=(4631.537598, 4231.389160)
    POTN=6.551578E+04
    PHIC=2.171565E-05
    GRAD=3.900108E-02
    NuBT=1
    CPU =0.000089

ITER: 198
    HPWL=8862.927734
    OVFL=0.614091
    HPWL=(4631.950195, 4230.978027)
    POTN=6.424533E+04
    PHIC=2.280143E-05
    GRAD=3.964639E-02
    NuBT=2
    CPU =0.000116

ITER: 199
    HPWL=8865.624023
    OVFL=0.611573
    HPWL=(4631.273926, 4234.350098)
    POTN=6.289829E+04
    PHIC=2.394149E-05
    GRAD=4.036034E-02
    NuBT=1
    CPU =0.000079

ITER: 200
    HPWL=8870.083008
    OVFL=0.609454
    HPWL=(4632.700195, 4237.382812)
    POTN=6.142052E+04
    PHIC=2.513855E-05
    GRAD=4.087768E-02
    NuBT=1
    CPU =0.000077

ITER: 201
    HPWL=8876.942383
    OVFL=0.606221
    HPWL=(4632.922363, 4244.020020)
    POTN=5.972956E+04
    PHIC=2.639545E-05
    GRAD=4.133236E-02
    NuBT=1
    CPU =0.000080

ITER: 202
    HPWL=8880.617188
    OVFL=0.603694
    HPWL=(4632.788574, 4247.828613)
    POTN=5.812196E+04
    PHIC=2.771520E-05
    GRAD=4.200531E-02
    NuBT=2
    CPU =0.000116

ITER: 203
    HPWL=8879.274414
    OVFL=0.600486
    HPWL=(4631.020996, 4248.253418)
    POTN=5.634798E+04
    PHIC=2.910096E-05
    GRAD=4.255093E-02
    NuBT=1
    CPU =0.000080

ITER: 204
    HPWL=8878.961914
    OVFL=0.598034
    HPWL=(4632.761230, 4246.200684)
    POTN=5.473730E+04
    PHIC=3.055601E-05
    GRAD=4.325245E-02
    NuBT=1
    CPU =0.000083

ITER: 205
    HPWL=8878.486328
    OVFL=0.594867
    HPWL=(4631.503906, 4246.982422)
    POTN=5.300162E+04
    PHIC=3.208381E-05
    GRAD=4.379289E-02
    NuBT=2
    CPU =0.000116

ITER: 206
    HPWL=8882.187500
    OVFL=0.592521
    HPWL=(4633.818359, 4248.368652)
    POTN=5.148363E+04
    PHIC=3.368798E-05
    GRAD=4.450063E-02
    NuBT=1
    CPU =0.000077

ITER: 207
    HPWL=8882.192383
    OVFL=0.587534
    HPWL=(4631.053711, 4251.138672)
    POTN=4.990840E+04
    PHIC=3.537238E-05
    GRAD=4.503433E-02
    NuBT=2
    CPU =0.000118

ITER: 208
    HPWL=8884.941406
    OVFL=0.579731
    HPWL=(4631.837402, 4253.103516)
    POTN=4.815819E+04
    PHIC=3.714098E-05
    GRAD=4.617912E-02
    NuBT=1
    CPU =0.000086

ITER: 209
    HPWL=8883.914062
    OVFL=0.572629
    HPWL=(4628.362793, 4255.551758)
    POTN=4.641100E+04
    PHIC=3.899803E-05
    GRAD=4.802106E-02
    NuBT=2
    CPU =0.000120

ITER: 210
    HPWL=8885.417969
    OVFL=0.566395
    HPWL=(4628.289062, 4257.128906)
    POTN=4.515861E+04
    PHIC=4.094792E-05
    GRAD=4.975789E-02
    NuBT=1
    CPU =0.000078

ITER: 211
    HPWL=8888.168945
    OVFL=0.564974
    HPWL=(4628.000488, 4260.168457)
    POTN=4.402757E+04
    PHIC=4.299530E-05
    GRAD=5.135753E-02
    NuBT=1
    CPU =0.000081

ITER: 212
    HPWL=8892.730469
    OVFL=0.568077
    HPWL=(4629.770020, 4262.959961)
    POTN=4.330414E+04
    PHIC=4.514503E-05
    GRAD=5.172271E-02
    NuBT=1
    CPU =0.000077

ITER: 213
    HPWL=8894.966797
    OVFL=0.569572
    HPWL=(4628.762207, 4266.204102)
    POTN=4.268143E+04
    PHIC=4.740226E-05
    GRAD=5.092686E-02
    NuBT=2
    CPU =0.000116

ITER: 214
    HPWL=8897.552734
    OVFL=0.571896
    HPWL=(4629.625488, 4267.927246)
    POTN=4.227692E+04
    PHIC=4.977236E-05
    GRAD=5.052976E-02
    NuBT=1
    CPU =0.000079

ITER: 215
    HPWL=8902.225586
    OVFL=0.572543
    HPWL=(4628.408203, 4273.817383)
    POTN=4.181553E+04
    PHIC=5.226094E-05
    GRAD=4.994903E-02
    NuBT=1
    CPU =0.000081

ITER: 216
    HPWL=8909.086914
    OVFL=0.572291
    HPWL=(4628.764648, 4280.322266)
    POTN=4.145362E+04
    PHIC=5.487393E-05
    GRAD=4.977404E-02
    NuBT=1
    CPU =0.000081

ITER: 217
    HPWL=8912.050781
    OVFL=0.569535
    HPWL=(4626.780762, 4285.269531)
    POTN=4.086494E+04
    PHIC=5.761760E-05
    GRAD=4.984454E-02
    NuBT=1
    CPU =0.000078

ITER: 218
    HPWL=8918.310547
    OVFL=0.568701
    HPWL=(4627.457520, 4290.852539)
    POTN=4.028689E+04
    PHIC=6.049842E-05
    GRAD=5.052134E-02
    NuBT=1
    CPU =0.000078

ITER: 219
    HPWL=8920.826172
    OVFL=0.567390
    HPWL=(4624.063477, 4296.762695)
    POTN=3.952741E+04
    PHIC=6.352332E-05
    GRAD=5.073709E-02
    NuBT=1
    CPU =0.000089

ITER: 220
    HPWL=8923.859375
    OVFL=0.567935
    HPWL=(4623.844238, 4300.014648)
    POTN=3.878215E+04
    PHIC=6.669945E-05
    GRAD=5.105116E-02
    NuBT=1
    CPU =0.000078

ITER: 221
    HPWL=8929.057617
    OVFL=0.566945
    HPWL=(4621.868164, 4307.189453)
    POTN=3.782985E+04
    PHIC=7.003437E-05
    GRAD=5.091807E-02
    NuBT=1
    CPU =0.000078

ITER: 222
    HPWL=8934.457031
    OVFL=0.567758
    HPWL=(4622.265137, 4312.192383)
    POTN=3.697011E+04
    PHIC=7.353602E-05
    GRAD=5.115201E-02
    NuBT=1
    CPU =0.000079

ITER: 223
    HPWL=8932.438477
    OVFL=0.565494
    HPWL=(4620.008789, 4312.429688)
    POTN=3.593995E+04
    PHIC=7.721282E-05
    GRAD=5.094821E-02
    NuBT=1
    CPU =0.000081

ITER: 224
    HPWL=8935.341797
    OVFL=0.562452
    HPWL=(4619.856934, 4315.484375)
    POTN=3.487928E+04
    PHIC=8.107342E-05
    GRAD=5.150404E-02
    NuBT=1
    CPU =0.000077

ITER: 225
    HPWL=8938.507812
    OVFL=0.555564
    HPWL=(4617.875977, 4320.632324)
    POTN=3.360660E+04
    PHIC=8.512705E-05
    GRAD=5.231055E-02
    NuBT=1
    CPU =0.000078

ITER: 226
    HPWL=8941.737305
    OVFL=0.549741
    HPWL=(4617.527344, 4324.209961)
    POTN=3.256245E+04
    PHIC=8.938335E-05
    GRAD=5.410444E-02
    NuBT=2
    CPU =0.000116

ITER: 227
    HPWL=8941.259766
    OVFL=0.543706
    HPWL=(4615.561035, 4325.698730)
    POTN=3.161565E+04
    PHIC=9.385251E-05
    GRAD=5.571679E-02
    NuBT=1
    CPU =0.000081

ITER: 228
    HPWL=8946.342773
    OVFL=0.540079
    HPWL=(4616.741211, 4329.601562)
    POTN=3.108538E+04
    PHIC=9.854507E-05
    GRAD=5.739173E-02
    NuBT=2
    CPU =0.000116

ITER: 229
    HPWL=8944.838867
    OVFL=0.535084
    HPWL=(4615.518555, 4329.320312)
    POTN=3.067647E+04
    PHIC=1.034723E-04
    GRAD=5.845952E-02
    NuBT=1
    CPU =0.000076

ITER: 230
    HPWL=8949.443359
    OVFL=0.534054
    HPWL=(4616.948242, 4332.495605)
    POTN=3.064111E+04
    PHIC=1.086459E-04
    GRAD=5.989480E-02
    NuBT=2
    CPU =0.000127

ITER: 231
    HPWL=8951.888672
    OVFL=0.530048
    HPWL=(4615.655273, 4336.233398)
    POTN=3.033430E+04
    PHIC=1.140781E-04
    GRAD=6.023081E-02
    NuBT=1
    CPU =0.000079

ITER: 232
    HPWL=8957.912109
    OVFL=0.526895
    HPWL=(4616.901855, 4341.009766)
    POTN=3.009132E+04
    PHIC=1.197819E-04
    GRAD=6.139657E-02
    NuBT=2
    CPU =0.000118

ITER: 233
    HPWL=8958.441406
    OVFL=0.519660
    HPWL=(4614.600586, 4343.841309)
    POTN=2.948210E+04
    PHIC=1.257710E-04
    GRAD=6.238431E-02
    NuBT=1
    CPU =0.000079

ITER: 234
    HPWL=8969.040039
    OVFL=0.515047
    HPWL=(4616.509277, 4352.530762)
    POTN=2.892735E+04
    PHIC=1.320593E-04
    GRAD=6.461360E-02
    NuBT=2
    CPU =0.000117

ITER: 235
    HPWL=8970.994141
    OVFL=0.510498
    HPWL=(4613.975098, 4357.019043)
    POTN=2.851667E+04
    PHIC=1.386623E-04
    GRAD=6.612300E-02
    NuBT=1
    CPU =0.000078

ITER: 236
    HPWL=8982.916016
    OVFL=0.506773
    HPWL=(4617.313477, 4365.603027)
    POTN=2.826174E+04
    PHIC=1.455951E-04
    GRAD=6.758642E-02
    NuBT=2
    CPU =0.000118

ITER: 237
    HPWL=8985.652344
    OVFL=0.503557
    HPWL=(4615.111816, 4370.540039)
    POTN=2.787263E+04
    PHIC=1.528748E-04
    GRAD=6.886677E-02
    NuBT=2
    CPU =0.000118

ITER: 238
    HPWL=8997.472656
    OVFL=0.502331
    HPWL=(4618.101074, 4379.371094)
    POTN=2.750387E+04
    PHIC=1.605183E-04
    GRAD=6.990965E-02
    NuBT=2
    CPU =0.000120

ITER: 239
    HPWL=9000.046875
    OVFL=0.498637
    HPWL=(4615.305176, 4384.741211)
    POTN=2.692678E+04
    PHIC=1.685441E-04
    GRAD=7.034720E-02
    NuBT=2
    CPU =0.000116

ITER: 240
    HPWL=9009.596680
    OVFL=0.495532
    HPWL=(4618.502441, 4391.094238)
    POTN=2.631191E+04
    PHIC=1.769711E-04
    GRAD=7.157171E-02
    NuBT=2
    CPU =0.000125

ITER: 241
    HPWL=9007.513672
    OVFL=0.489263
    HPWL=(4615.591797, 4391.922363)
    POTN=2.550764E+04
    PHIC=1.858196E-04
    GRAD=7.269203E-02
    NuBT=1
    CPU =0.000079

ITER: 242
    HPWL=9012.176758
    OVFL=0.484699
    HPWL=(4618.108398, 4394.068359)
    POTN=2.486783E+04
    PHIC=1.951105E-04
    GRAD=7.488085E-02
    NuBT=2
    CPU =0.000115

ITER: 243
    HPWL=9008.372070
    OVFL=0.478095
    HPWL=(4613.860352, 4394.511719)
    POTN=2.414100E+04
    PHIC=2.048660E-04
    GRAD=7.658504E-02
    NuBT=1
    CPU =0.000077

ITER: 244
    HPWL=9021.593750
    OVFL=0.473526
    HPWL=(4618.034180, 4403.559082)
    POTN=2.354036E+04
    PHIC=2.151089E-04
    GRAD=7.902525E-02
    NuBT=2
    CPU =0.000119

ITER: 245
    HPWL=9021.884766
    OVFL=0.467345
    HPWL=(4614.537109, 4407.347656)
    POTN=2.291532E+04
    PHIC=2.258643E-04
    GRAD=8.083915E-02
    NuBT=1
    CPU =0.000077

ITER: 246
    HPWL=9032.150391
    OVFL=0.464761
    HPWL=(4619.147461, 4413.003418)
    POTN=2.233629E+04
    PHIC=2.371572E-04
    GRAD=8.322695E-02
    NuBT=2
    CPU =0.000116

ITER: 247
    HPWL=9035.832031
    OVFL=0.460803
    HPWL=(4615.666016, 4420.165527)
    POTN=2.161662E+04
    PHIC=2.490149E-04
    GRAD=8.429820E-02
    NuBT=1
    CPU =0.000078

ITER: 248
    HPWL=9057.218750
    OVFL=0.460384
    HPWL=(4620.972656, 4436.245605)
    POTN=2.086096E+04
    PHIC=2.614648E-04
    GRAD=8.583861E-02
    NuBT=2
    CPU =0.000120

ITER: 249
    HPWL=9065.250000
    OVFL=0.455391
    HPWL=(4618.558594, 4446.691406)
    POTN=1.985059E+04
    PHIC=2.745377E-04
    GRAD=8.605243E-02
    NuBT=1
    CPU =0.000078

ITER: 250
    HPWL=9077.748047
    OVFL=0.447053
    HPWL=(4623.313965, 4454.433594)
    POTN=1.862495E+04
    PHIC=2.882641E-04
    GRAD=8.802486E-02
    NuBT=2
    CPU =0.000126

ITER: 251
    HPWL=9077.287109
    OVFL=0.434938
    HPWL=(4618.009766, 4459.277344)
    POTN=1.731751E+04
    PHIC=3.026773E-04
    GRAD=9.165468E-02
    NuBT=2
    CPU =0.000117

ITER: 252
    HPWL=9081.126953
    OVFL=0.431147
    HPWL=(4620.490723, 4460.636719)
    POTN=1.660295E+04
    PHIC=3.178109E-04
    GRAD=9.697196E-02
    NuBT=2
    CPU =0.000116

ITER: 253
    HPWL=9071.939453
    OVFL=0.429732
    HPWL=(4615.436035, 4456.503418)
    POTN=1.604299E+04
    PHIC=3.337015E-04
    GRAD=9.873220E-02
    NuBT=1
    CPU =0.000076

ITER: 254
    HPWL=9084.080078
    OVFL=0.428708
    HPWL=(4622.168945, 4461.911133)
    POTN=1.566825E+04
    PHIC=3.503860E-04
    GRAD=9.922826E-02
    NuBT=2
    CPU =0.000120

ITER: 255
    HPWL=9079.617188
    OVFL=0.423864
    HPWL=(4617.527832, 4462.088867)
    POTN=1.515565E+04
    PHIC=3.679052E-04
    GRAD=9.965979E-02
    NuBT=2
    CPU =0.000117

ITER: 256
    HPWL=9086.945312
    OVFL=0.421946
    HPWL=(4622.322754, 4464.623047)
    POTN=1.482416E+04
    PHIC=3.863001E-04
    GRAD=1.018171E-01
    NuBT=2
    CPU =0.000117

ITER: 257
    HPWL=9084.698242
    OVFL=0.418916
    HPWL=(4618.410156, 4466.288086)
    POTN=1.426823E+04
    PHIC=4.056151E-04
    GRAD=1.027560E-01
    NuBT=1
    CPU =0.000079

ITER: 258
    HPWL=9090.173828
    OVFL=0.417056
    HPWL=(4622.088867, 4468.085449)
    POTN=1.385685E+04
    PHIC=4.258955E-04
    GRAD=1.039505E-01
    NuBT=2
    CPU =0.000116

ITER: 259
    HPWL=9091.570312
    OVFL=0.412396
    HPWL=(4616.789062, 4474.781250)
    POTN=1.328369E+04
    PHIC=4.471901E-04
    GRAD=1.047329E-01
    NuBT=1
    CPU =0.000096

ITER: 260
    HPWL=9106.405273
    OVFL=0.407333
    HPWL=(4621.953613, 4484.451660)
    POTN=1.271638E+04
    PHIC=4.695487E-04
    GRAD=1.069180E-01
    NuBT=1
    CPU =0.000078

ITER: 261
    HPWL=9114.553711
    OVFL=0.400448
    HPWL=(4618.445312, 4496.108398)
    POTN=1.197130E+04
    PHIC=4.930255E-04
    GRAD=1.093002E-01
    NuBT=1
    CPU =0.000076

ITER: 262
    HPWL=9127.661133
    OVFL=0.395657
    HPWL=(4620.285645, 4507.375488)
    POTN=1.137731E+04
    PHIC=5.176758E-04
    GRAD=1.127403E-01
    NuBT=1
    CPU =0.000078

ITER: 263
    HPWL=9129.102539
    OVFL=0.389039
    HPWL=(4618.005371, 4511.097168)
    POTN=1.075096E+04
    PHIC=5.435595E-04
    GRAD=1.151006E-01
    NuBT=1
    CPU =0.000079

ITER: 264
    HPWL=9133.432617
    OVFL=0.386814
    HPWL=(4620.596191, 4512.836426)
    POTN=1.036102E+04
    PHIC=5.707371E-04
    GRAD=1.184878E-01
    NuBT=1
    CPU =0.000077

ITER: 265
    HPWL=9129.949219
    OVFL=0.380724
    HPWL=(4619.065430, 4510.883789)
    POTN=9.844482E+03
    PHIC=5.992739E-04
    GRAD=1.194753E-01
    NuBT=1
    CPU =0.000079

ITER: 266
    HPWL=9124.171875
    OVFL=0.376596
    HPWL=(4619.842773, 4504.328613)
    POTN=9.476723E+03
    PHIC=6.292376E-04
    GRAD=1.226370E-01
    NuBT=2
    CPU =0.000124

ITER: 267
    HPWL=9106.513672
    OVFL=0.368990
    HPWL=(4618.462402, 4488.050781)
    POTN=8.992348E+03
    PHIC=6.606994E-04
    GRAD=1.248134E-01
    NuBT=1
    CPU =0.000081

ITER: 268
    HPWL=9102.304688
    OVFL=0.363386
    HPWL=(4619.720703, 4482.583984)
    POTN=8.672438E+03
    PHIC=6.937344E-04
    GRAD=1.288776E-01
    NuBT=2
    CPU =0.000120

ITER: 269
    HPWL=9085.299805
    OVFL=0.356700
    HPWL=(4618.284668, 4467.015137)
    POTN=8.337604E+03
    PHIC=7.284211E-04
    GRAD=1.319534E-01
    NuBT=1
    CPU =0.000081

ITER: 270
    HPWL=9072.780273
    OVFL=0.355655
    HPWL=(4619.515137, 4453.265137)
    POTN=8.224693E+03
    PHIC=7.648421E-04
    GRAD=1.356294E-01
    NuBT=2
    CPU =0.000130

ITER: 271
    HPWL=9065.335938
    OVFL=0.352195
    HPWL=(4618.517090, 4446.818848)
    POTN=8.054415E+03
    PHIC=8.030842E-04
    GRAD=1.359541E-01
    NuBT=1
    CPU =0.000079

ITER: 272
    HPWL=9064.238281
    OVFL=0.351836
    HPWL=(4620.654785, 4443.583496)
    POTN=8.049828E+03
    PHIC=8.432383E-04
    GRAD=1.376155E-01
    NuBT=1
    CPU =0.000084

ITER: 273
    HPWL=9055.548828
    OVFL=0.347952
    HPWL=(4619.902832, 4435.645508)
    POTN=7.861899E+03
    PHIC=8.854002E-04
    GRAD=1.375289E-01
    NuBT=1
    CPU =0.000079

ITER: 274
    HPWL=9058.455078
    OVFL=0.347188
    HPWL=(4619.423340, 4439.032227)
    POTN=7.764229E+03
    PHIC=9.296698E-04
    GRAD=1.395210E-01
    NuBT=1
    CPU =0.000078

ITER: 275
    HPWL=9046.273438
    OVFL=0.343445
    HPWL=(4617.640625, 4428.632812)
    POTN=7.522519E+03
    PHIC=9.761532E-04
    GRAD=1.395272E-01
    NuBT=1
    CPU =0.000079

ITER: 276
    HPWL=9043.127930
    OVFL=0.341178
    HPWL=(4619.652832, 4423.475098)
    POTN=7.313816E+03
    PHIC=1.024961E-03
    GRAD=1.413865E-01
    NuBT=1
    CPU =0.000078

ITER: 277
    HPWL=9029.183594
    OVFL=0.337092
    HPWL=(4617.789062, 4411.395020)
    POTN=6.898083E+03
    PHIC=1.076209E-03
    GRAD=1.423642E-01
    NuBT=1
    CPU =0.000078

ITER: 278
    HPWL=9026.958984
    OVFL=0.336326
    HPWL=(4619.995605, 4406.962891)
    POTN=6.616188E+03
    PHIC=1.130019E-03
    GRAD=1.443634E-01
    NuBT=1
    CPU =0.000080

ITER: 279
    HPWL=9014.391602
    OVFL=0.331331
    HPWL=(4617.815918, 4396.575684)
    POTN=6.171280E+03
    PHIC=1.186520E-03
    GRAD=1.442870E-01
    NuBT=1
    CPU =0.000079

ITER: 280
    HPWL=9010.845703
    OVFL=0.329377
    HPWL=(4620.128418, 4390.716797)
    POTN=5.832671E+03
    PHIC=1.245846E-03
    GRAD=1.467678E-01
    NuBT=1
    CPU =0.000087

ITER: 281
    HPWL=9000.527344
    OVFL=0.324193
    HPWL=(4618.302734, 4382.225098)
    POTN=5.412330E+03
    PHIC=1.308138E-03
    GRAD=1.474468E-01
    NuBT=1
    CPU =0.000062

ITER: 282
    HPWL=8993.835938
    OVFL=0.319669
    HPWL=(4620.116211, 4373.719727)
    POTN=5.151314E+03
    PHIC=1.373545E-03
    GRAD=1.499943E-01
    NuBT=2
    CPU =0.000087

ITER: 283
    HPWL=8987.466797
    OVFL=0.313227
    HPWL=(4618.431641, 4369.035645)
    POTN=4.878290E+03
    PHIC=1.442222E-03
    GRAD=1.523006E-01
    NuBT=1
    CPU =0.000120

ITER: 284
    HPWL=8994.917969
    OVFL=0.308121
    HPWL=(4619.576172, 4375.342285)
    POTN=4.648627E+03
    PHIC=1.514332E-03
    GRAD=1.555903E-01
    NuBT=2
    CPU =0.000099

ITER: 285
    HPWL=9000.218750
    OVFL=0.305826
    HPWL=(4618.353027, 4381.865234)
    POTN=4.439389E+03
    PHIC=1.590047E-03
    GRAD=1.582088E-01
    NuBT=1
    CPU =0.000057

ITER: 286
    HPWL=9010.717773
    OVFL=0.304011
    HPWL=(4618.858398, 4391.859375)
    POTN=4.264260E+03
    PHIC=1.669547E-03
    GRAD=1.587075E-01
    NuBT=1
    CPU =0.000056

ITER: 287
    HPWL=9011.832031
    OVFL=0.298971
    HPWL=(4618.501465, 4393.330078)
    POTN=3.989359E+03
    PHIC=1.753024E-03
    GRAD=1.589119E-01
    NuBT=1
    CPU =0.000056

ITER: 288
    HPWL=9019.238281
    OVFL=0.295026
    HPWL=(4618.558594, 4400.679688)
    POTN=3.745732E+03
    PHIC=1.840673E-03
    GRAD=1.610568E-01
    NuBT=1
    CPU =0.000056

ITER: 289
    HPWL=9028.006836
    OVFL=0.289986
    HPWL=(4618.473145, 4409.533691)
    POTN=3.424516E+03
    PHIC=1.932704E-03
    GRAD=1.627782E-01
    NuBT=1
    CPU =0.000056

ITER: 290
    HPWL=9027.148438
    OVFL=0.288381
    HPWL=(4618.168457, 4408.979980)
    POTN=3.202368E+03
    PHIC=2.029340E-03
    GRAD=1.646327E-01
    NuBT=2
    CPU =0.000093

ITER: 291
    HPWL=9024.807617
    OVFL=0.287839
    HPWL=(4618.426758, 4406.380859)
    POTN=2.962642E+03
    PHIC=2.130806E-03
    GRAD=1.646326E-01
    NuBT=1
    CPU =0.000057

ITER: 292
    HPWL=9026.830078
    OVFL=0.288236
    HPWL=(4618.123535, 4408.706543)
    POTN=2.865502E+03
    PHIC=2.237346E-03
    GRAD=1.635524E-01
    NuBT=1
    CPU =0.000056

ITER: 293
    HPWL=9031.310547
    OVFL=0.286348
    HPWL=(4619.426758, 4411.883301)
    POTN=2.716933E+03
    PHIC=2.349211E-03
    GRAD=1.618716E-01
    NuBT=1
    CPU =0.000056

ITER: 294
    HPWL=9035.234375
    OVFL=0.284708
    HPWL=(4618.967773, 4416.266602)
    POTN=2.647427E+03
    PHIC=2.466670E-03
    GRAD=1.618074E-01
    NuBT=1
    CPU =0.000058

ITER: 295
    HPWL=9033.266602
    OVFL=0.281096
    HPWL=(4620.221680, 4413.044922)
    POTN=2.531556E+03
    PHIC=2.590004E-03
    GRAD=1.613507E-01
    NuBT=1
    CPU =0.000056

ITER: 296
    HPWL=9037.037109
    OVFL=0.278885
    HPWL=(4619.669434, 4417.367188)
    POTN=2.494578E+03
    PHIC=2.719502E-03
    GRAD=1.622460E-01
    NuBT=1
    CPU =0.000056

ITER: 297
    HPWL=9038.083984
    OVFL=0.276878
    HPWL=(4620.729980, 4417.354492)
    POTN=2.348337E+03
    PHIC=2.855477E-03
    GRAD=1.620708E-01
    NuBT=1
    CPU =0.000056

ITER: 298
    HPWL=9037.531250
    OVFL=0.276028
    HPWL=(4619.847656, 4417.684082)
    POTN=2.281130E+03
    PHIC=2.998251E-03
    GRAD=1.618672E-01
    NuBT=1
    CPU =0.000092

ITER: 299
    HPWL=9041.181641
    OVFL=0.273286
    HPWL=(4620.684570, 4420.497070)
    POTN=2.098350E+03
    PHIC=3.148161E-03
    GRAD=1.605986E-01
    NuBT=1
    CPU =0.000085

ITER: 300
    HPWL=9035.935547
    OVFL=0.270216
    HPWL=(4619.591309, 4416.344727)
    POTN=1.970102E+03
    PHIC=3.305569E-03
    GRAD=1.605663E-01
    NuBT=1
    CPU =0.000087

ITER: 301
    HPWL=9038.148438
    OVFL=0.268135
    HPWL=(4620.418945, 4417.729004)
    POTN=1.803803E+03
    PHIC=3.470846E-03
    GRAD=1.604967E-01
    NuBT=1
    CPU =0.000086

ITER: 302
    HPWL=9025.437500
    OVFL=0.266757
    HPWL=(4618.581055, 4406.856934)
    POTN=1.746544E+03
    PHIC=3.644389E-03
    GRAD=1.601373E-01
    NuBT=1
    CPU =0.000080

ITER: 303
    HPWL=9023.916016
    OVFL=0.264287
    HPWL=(4619.724121, 4404.191895)
    POTN=1.639091E+03
    PHIC=3.826608E-03
    GRAD=1.589153E-01
    NuBT=1
    CPU =0.000082

ITER: 304
    HPWL=9025.921875
    OVFL=0.263040
    HPWL=(4617.548828, 4408.372559)
    POTN=1.590794E+03
    PHIC=4.017937E-03
    GRAD=1.583675E-01
    NuBT=1
    CPU =0.000078

ITER: 305
    HPWL=9038.609375
    OVFL=0.261643
    HPWL=(4618.445312, 4420.164551)
    POTN=1.514999E+03
    PHIC=4.218827E-03
    GRAD=1.568563E-01
    NuBT=1
    CPU =0.000076

ITER: 306
    HPWL=9038.095703
    OVFL=0.260047
    HPWL=(4617.464844, 4420.630859)
    POTN=1.463964E+03
    PHIC=4.429768E-03
    GRAD=1.553445E-01
    NuBT=1
    CPU =0.000078

ITER: 307
    HPWL=9038.664062
    OVFL=0.260493
    HPWL=(4618.728516, 4419.936035)
    POTN=1.419761E+03
    PHIC=4.651255E-03
    GRAD=1.540862E-01
    NuBT=1
    CPU =0.000082

ITER: 308
    HPWL=9038.761719
    OVFL=0.260664
    HPWL=(4618.516113, 4420.246094)
    POTN=1.403247E+03
    PHIC=4.883818E-03
    GRAD=1.515478E-01
    NuBT=1
    CPU =0.000080

ITER: 309
    HPWL=9045.472656
    OVFL=0.259073
    HPWL=(4619.769531, 4425.703125)
    POTN=1.358977E+03
    PHIC=5.128004E-03
    GRAD=1.492091E-01
    NuBT=1
    CPU =0.000076

ITER: 310
    HPWL=9048.367188
    OVFL=0.257825
    HPWL=(4619.360840, 4429.006836)
    POTN=1.330805E+03
    PHIC=5.384401E-03
    GRAD=1.480928E-01
    NuBT=1
    CPU =0.000092

ITER: 311
    HPWL=9059.578125
    OVFL=0.255501
    HPWL=(4620.372070, 4439.206543)
    POTN=1.251621E+03
    PHIC=5.653612E-03
    GRAD=1.462903E-01
    NuBT=1
    CPU =0.000077

ITER: 312
    HPWL=9060.115234
    OVFL=0.253615
    HPWL=(4618.870117, 4441.245117)
    POTN=1.212387E+03
    PHIC=5.936292E-03
    GRAD=1.448433E-01
    NuBT=1
    CPU =0.000079

ITER: 313
    HPWL=9062.650391
    OVFL=0.252285
    HPWL=(4619.613281, 4443.036621)
    POTN=1.159318E+03
    PHIC=6.233104E-03
    GRAD=1.433111E-01
    NuBT=2
    CPU =0.000115

ITER: 314
    HPWL=9066.481445
    OVFL=0.252120
    HPWL=(4618.259277, 4448.222168)
    POTN=1.157609E+03
    PHIC=6.544755E-03
    GRAD=1.416813E-01
    NuBT=1
    CPU =0.000082

ITER: 315
    HPWL=9073.984375
    OVFL=0.249052
    HPWL=(4619.355957, 4454.628906)
    POTN=1.102660E+03
    PHIC=6.871985E-03
    GRAD=1.392730E-01
    NuBT=1
    CPU =0.000080

ITER: 316
    HPWL=9080.736328
    OVFL=0.246810
    HPWL=(4619.148926, 4461.587402)
    POTN=1.088281E+03
    PHIC=7.215578E-03
    GRAD=1.384960E-01
    NuBT=1
    CPU =0.000077

ITER: 317
    HPWL=9102.148438
    OVFL=0.240082
    HPWL=(4620.005371, 4482.143066)
    POTN=1.023319E+03
    PHIC=7.576333E-03
    GRAD=1.367381E-01
    NuBT=1
    CPU =0.000080

ITER: 318
    HPWL=9117.619141
    OVFL=0.235803
    HPWL=(4618.992676, 4498.625977)
    POTN=1.003827E+03
    PHIC=7.955132E-03
    GRAD=1.379000E-01
    NuBT=1
    CPU =0.000079

ITER: 319
    HPWL=9139.138672
    OVFL=0.229834
    HPWL=(4619.814453, 4519.324219)
    POTN=9.336577E+02
    PHIC=8.352863E-03
    GRAD=1.365174E-01
    NuBT=1
    CPU =0.000077

ITER: 320
    HPWL=9155.451172
    OVFL=0.223239
    HPWL=(4619.743652, 4535.707031)
    POTN=9.176224E+02
    PHIC=8.770485E-03
    GRAD=1.372272E-01
    NuBT=1
    CPU =0.000078

ITER: 321
    HPWL=9188.941406
    OVFL=0.210077
    HPWL=(4620.427246, 4568.514648)
    POTN=8.049929E+02
    PHIC=9.208965E-03
    GRAD=1.361784E-01
    NuBT=1
    CPU =0.000081

ITER: 322
    HPWL=9201.169922
    OVFL=0.204295
    HPWL=(4620.018555, 4581.151855)
    POTN=7.834491E+02
    PHIC=9.669396E-03
    GRAD=1.393785E-01
    NuBT=2
    CPU =0.000130

ITER: 323
    HPWL=9212.269531
    OVFL=0.198981
    HPWL=(4619.426270, 4592.843262)
    POTN=7.248558E+02
    PHIC=1.015285E-02
    GRAD=1.387527E-01
    NuBT=1
    CPU =0.000078

ITER: 324
    HPWL=9208.623047
    OVFL=0.197488
    HPWL=(4619.436523, 4589.187012)
    POTN=7.320028E+02
    PHIC=1.066049E-02
    GRAD=1.387066E-01
    NuBT=1
    CPU =0.000078

ITER: 325
    HPWL=9223.144531
    OVFL=0.192563
    HPWL=(4616.802246, 4606.342773)
    POTN=6.458749E+02
    PHIC=1.119349E-02
    GRAD=1.349060E-01
    NuBT=1
    CPU =0.000077

ITER: 326
    HPWL=9206.556641
    OVFL=0.189963
    HPWL=(4615.960449, 4590.596680)
    POTN=6.381654E+02
    PHIC=1.175317E-02
    GRAD=1.338882E-01
    NuBT=2
    CPU =0.000116

ITER: 327
    HPWL=9204.302734
    OVFL=0.185382
    HPWL=(4619.754395, 4584.547852)
    POTN=5.914833E+02
    PHIC=1.234082E-02
    GRAD=1.306924E-01
    NuBT=2
    CPU =0.000115

ITER: 328
    HPWL=9218.740234
    OVFL=0.182443
    HPWL=(4620.789062, 4597.950684)
    POTN=5.891954E+02
    PHIC=1.295784E-02
    GRAD=1.296248E-01
    NuBT=1
    CPU =0.000078

ITER: 329
    HPWL=9223.706055
    OVFL=0.177674
    HPWL=(4619.838379, 4603.867676)
    POTN=5.454728E+02
    PHIC=1.360572E-02
    GRAD=1.268522E-01
    NuBT=1
    CPU =0.000078

ITER: 330
    HPWL=9234.766602
    OVFL=0.176849
    HPWL=(4621.723633, 4613.042969)
    POTN=5.521824E+02
    PHIC=1.428598E-02
    GRAD=1.258378E-01
    NuBT=2
    CPU =0.000119

ITER: 331
    HPWL=9248.602539
    OVFL=0.173391
    HPWL=(4618.405762, 4630.196777)
    POTN=5.017023E+02
    PHIC=1.500025E-02
    GRAD=1.224236E-01
    NuBT=2
    CPU =0.000115

ITER: 332
    HPWL=9259.527344
    OVFL=0.171627
    HPWL=(4620.275879, 4639.251465)
    POTN=4.895582E+02
    PHIC=1.575024E-02
    GRAD=1.203127E-01
    NuBT=1
    CPU =0.000089

ITER: 333
    HPWL=9267.173828
    OVFL=0.168729
    HPWL=(4620.978516, 4646.195801)
    POTN=4.504551E+02
    PHIC=1.653773E-02
    GRAD=1.171044E-01
    NuBT=1
    CPU =0.000080

ITER: 334
    HPWL=9276.712891
    OVFL=0.167006
    HPWL=(4621.043457, 4655.669922)
    POTN=4.389104E+02
    PHIC=1.736460E-02
    GRAD=1.145483E-01
    NuBT=1
    CPU =0.000077

ITER: 335
    HPWL=9287.996094
    OVFL=0.164146
    HPWL=(4622.150391, 4665.846191)
    POTN=4.096516E+02
    PHIC=1.823279E-02
    GRAD=1.114394E-01
    NuBT=1
    CPU =0.000076

ITER: 336
    HPWL=9304.267578
    OVFL=0.158179
    HPWL=(4622.254883, 4682.012695)
    POTN=3.823368E+02
    PHIC=1.914439E-02
    GRAD=1.090083E-01
    NuBT=1
    CPU =0.000079

ITER: 337
    HPWL=9311.951172
    OVFL=0.153950
    HPWL=(4621.112793, 4690.837891)
    POTN=3.538819E+02
    PHIC=2.010159E-02
    GRAD=1.071411E-01
    NuBT=2
    CPU =0.000116

ITER: 338
    HPWL=9314.173828
    OVFL=0.149500
    HPWL=(4620.295898, 4693.877930)
    POTN=3.399319E+02
    PHIC=2.110666E-02
    GRAD=1.050043E-01
    NuBT=2
    CPU =0.000116

ITER: 339
    HPWL=9320.437500
    OVFL=0.145617
    HPWL=(4619.583984, 4700.854004)
    POTN=3.202137E+02
    PHIC=2.216197E-02
    GRAD=1.027671E-01
    NuBT=1
    CPU =0.000076

ITER: 340
    HPWL=9322.160156
    OVFL=0.140897
    HPWL=(4619.625000, 4702.534668)
    POTN=3.116320E+02
    PHIC=2.327006E-02
    GRAD=1.007388E-01
    NuBT=1
    CPU =0.000079

ITER: 341
    HPWL=9330.572266
    OVFL=0.135606
    HPWL=(4619.395508, 4711.176758)
    POTN=2.894100E+02
    PHIC=2.443353E-02
    GRAD=9.836047E-02
    NuBT=1
    CPU =0.000079

ITER: 342
    HPWL=9328.113281
    OVFL=0.132010
    HPWL=(4618.406250, 4709.707031)
    POTN=2.840639E+02
    PHIC=2.565521E-02
    GRAD=9.671026E-02
    NuBT=1
    CPU =0.000078

ITER: 343
    HPWL=9331.248047
    OVFL=0.126371
    HPWL=(4617.925293, 4713.322266)
    POTN=2.527306E+02
    PHIC=2.693796E-02
    GRAD=9.362194E-02
    NuBT=2
    CPU =0.000117

ITER: 344
    HPWL=9321.150391
    OVFL=0.126526
    HPWL=(4618.873535, 4702.276855)
    POTN=2.597332E+02
    PHIC=2.828485E-02
    GRAD=9.247369E-02
    NuBT=1
    CPU =0.000087

ITER: 345
    HPWL=9327.064453
    OVFL=0.122095
    HPWL=(4618.187500, 4708.877441)
    POTN=2.354272E+02
    PHIC=2.969907E-02
    GRAD=8.887805E-02
    NuBT=2
    CPU =0.000116

ITER: 346
    HPWL=9319.995117
    OVFL=0.117696
    HPWL=(4617.770996, 4702.224121)
    POTN=2.207142E+02
    PHIC=3.118402E-02
    GRAD=8.685675E-02
    NuBT=1
    CPU =0.000078

ITER: 347
    HPWL=9325.770508
    OVFL=0.114828
    HPWL=(4617.901855, 4707.868652)
    POTN=2.029606E+02
    PHIC=3.274320E-02
    GRAD=8.420404E-02
    NuBT=2
    CPU =0.000114

ITER: 348
    HPWL=9325.724609
    OVFL=0.106873
    HPWL=(4616.799805, 4708.924805)
    POTN=1.925776E+02
    PHIC=3.438035E-02
    GRAD=8.198252E-02
    NuBT=1
    CPU =0.000078

ITER: 349
    HPWL=9334.176758
    OVFL=0.099422
    HPWL=(4619.063965, 4715.112793)
    POTN=1.686655E+02
    PHIC=3.609933E-02
    GRAD=7.973763E-02
    NuBT=1
    CPU =0.000077
[INFO] Nesterov: NumIters = 349
[INFO] Nesterov: ScaledHpwl = 9334.176758
[INFO] Nesterov: Overflow = 0.099422
[INFO] Nesterov: Potential = 168.665527
[INFO] Nesterov: xInstScaledHpwl = 9324.646484
[INFO] Nesterov: yInstScaledHpwl = 9334.176758
[INFO] Nesterov: HPWL = 2818.114746
