RePlAce Version: 1.0.0

** WARNING: Your Detail Placement Step must be skipped.
              (i.e. this program will be executed as -onlyGP)
     If you want to have DP after GP, please specify -dpflag and -dploc.

[INFO] TargetDensity = 0.900000
[INFO] ExperimentIndex = 0
[INFO] DirectoryPath = /openLANE_flow/designs/sb_1__0_/runs/final_pin_placement//tmp/placement/replace/etc/sb_1__0_.floorplan/experiment000
[PROC] Begin LefParsing ...
[LEF] Parsed 500 number of lines!!
WARNING (LEFPARS-2036): SOURCE statement is obsolete in version 5.6 and later.
The LEF parser will ignore this statement.
To avoid this warning in the future, remove this statement from the LEF file with version 5.6 or later. See file /openLANE_flow/designs/sb_1__0_/runs/final_pin_placement//tmp//merged.lef at line 776.

WARNING (LEFPARS-2036): SOURCE statement is obsolete in version 5.6 and later.
The LEF parser will ignore this statement.
To avoid this warning in the future, remove this statement from the LEF file with version 5.6 or later. See file /openLANE_flow/designs/sb_1__0_/runs/final_pin_placement//tmp//merged.lef at line 903.

[LEF] Parsed 1000 number of lines!!
WARNING (LEFPARS-2036): SOURCE statement is obsolete in version 5.6 and later.
The LEF parser will ignore this statement.
To avoid this warning in the future, remove this statement from the LEF file with version 5.6 or later. See file /openLANE_flow/designs/sb_1__0_/runs/final_pin_placement//tmp//merged.lef at line 1034.

WARNING (LEFPARS-2036): SOURCE statement is obsolete in version 5.6 and later.
The LEF parser will ignore this statement.
To avoid this warning in the future, remove this statement from the LEF file with version 5.6 or later. See file /openLANE_flow/designs/sb_1__0_/runs/final_pin_placement//tmp//merged.lef at line 1204.

WARNING (LEFPARS-2036): SOURCE statement is obsolete in version 5.6 and later.
The LEF parser will ignore this statement.
To avoid this warning in the future, remove this statement from the LEF file with version 5.6 or later. See file /openLANE_flow/designs/sb_1__0_/runs/final_pin_placement//tmp//merged.lef at line 1322.

WARNING (LEFPARS-2036): SOURCE statement is obsolete in version 5.6 and later.
The LEF parser will ignore this statement.
To avoid this warning in the future, remove this statement from the LEF file with version 5.6 or later. See file /openLANE_flow/designs/sb_1__0_/runs/final_pin_placement//tmp//merged.lef at line 1442.

[LEF] Parsed 1500 number of lines!!
WARNING (LEFPARS-2036): SOURCE statement is obsolete in version 5.6 and later.
The LEF parser will ignore this statement.
To avoid this warning in the future, remove this statement from the LEF file with version 5.6 or later. See file /openLANE_flow/designs/sb_1__0_/runs/final_pin_placement//tmp//merged.lef at line 1589.

WARNING (LEFPARS-2036): SOURCE statement is obsolete in version 5.6 and later.
The LEF parser will ignore this statement.
To avoid this warning in the future, remove this statement from the LEF file with version 5.6 or later. See file /openLANE_flow/designs/sb_1__0_/runs/final_pin_placement//tmp//merged.lef at line 1777.

WARNING (LEFPARS-2036): SOURCE statement is obsolete in version 5.6 and later.
The LEF parser will ignore this statement.
To avoid this warning in the future, remove this statement from the LEF file with version 5.6 or later. See file /openLANE_flow/designs/sb_1__0_/runs/final_pin_placement//tmp//merged.lef at line 1886.

WARNING (LEFPARS-2036): SOURCE statement is obsolete in version 5.6 and later.
The LEF parser will ignore this statement.
To avoid this warning in the future, remove this statement from the LEF file with version 5.6 or later. See file /openLANE_flow/designs/sb_1__0_/runs/final_pin_placement//tmp//merged.lef at line 1999.

[LEF] Parsed 2000 number of lines!!
WARNING (LEFPARS-2036): SOURCE statement is obsolete in version 5.6 and later.
The LEF parser will ignore this statement.
To avoid this warning in the future, remove this statement from the LEF file with version 5.6 or later. See file /openLANE_flow/designs/sb_1__0_/runs/final_pin_placement//tmp//merged.lef at line 2148.

WARNING (LEFPARS-2036): SOURCE statement is obsolete in version 5.6 and later.
The LEF parser will ignore this statement.
To avoid this warning in the future, remove this statement from the LEF file with version 5.6 or later. See file /openLANE_flow/designs/sb_1__0_/runs/final_pin_placement//tmp//merged.lef at line 2253.

WARNING (LEFPARS-2036): SOURCE statement is obsolete in version 5.6 and later.
The LEF parser will ignore this statement.
To avoid this warning in the future, remove this statement from the LEF file with version 5.6 or later. See file /openLANE_flow/designs/sb_1__0_/runs/final_pin_placement//tmp//merged.lef at line 2380.

[LEF] Parsed 2500 number of lines!!
WARNING (LEFPARS-2036): SOURCE statement is obsolete in version 5.6 and later.
The LEF parser will ignore this statement.
To avoid this warning in the future, remove this statement from the LEF file with version 5.6 or later. See file /openLANE_flow/designs/sb_1__0_/runs/final_pin_placement//tmp//merged.lef at line 2547.

WARNING (LEFPARS-2036): SOURCE statement is obsolete in version 5.6 and later.
The LEF parser will ignore this statement.
To avoid this warning in the future, remove this statement from the LEF file with version 5.6 or later. See file /openLANE_flow/designs/sb_1__0_/runs/final_pin_placement//tmp//merged.lef at line 2653.

WARNING (LEFPARS-2036): SOURCE statement is obsolete in version 5.6 and later.
The LEF parser will ignore this statement.
To avoid this warning in the future, remove this statement from the LEF file with version 5.6 or later. See file /openLANE_flow/designs/sb_1__0_/runs/final_pin_placement//tmp//merged.lef at line 2770.

WARNING (LEFPARS-2036): SOURCE statement is obsolete in version 5.6 and later.
The LEF parser will ignore this statement.
To avoid this warning in the future, remove this statement from the LEF file with version 5.6 or later. See file /openLANE_flow/designs/sb_1__0_/runs/final_pin_placement//tmp//merged.lef at line 2908.

[LEF] Parsed 3000 number of lines!!
WARNING (LEFPARS-2036): SOURCE statement is obsolete in version 5.6 and later.
The LEF parser will ignore this statement.
To avoid this warning in the future, remove this statement from the LEF file with version 5.6 or later. See file /openLANE_flow/designs/sb_1__0_/runs/final_pin_placement//tmp//merged.lef at line 3005.

WARNING (LEFPARS-2036): SOURCE statement is obsolete in version 5.6 and later.
The LEF parser will ignore this statement.
To avoid this warning in the future, remove this statement from the LEF file with version 5.6 or later. See file /openLANE_flow/designs/sb_1__0_/runs/final_pin_placement//tmp//merged.lef at line 3105.

WARNING (LEFPARS-2036): SOURCE statement is obsolete in version 5.6 and later.
The LEF parser will ignore this statement.
To avoid this warning in the future, remove this statement from the LEF file with version 5.6 or later. See file /openLANE_flow/designs/sb_1__0_/runs/final_pin_placement//tmp//merged.lef at line 3219.

WARNING (LEFPARS-2036): SOURCE statement is obsolete in version 5.6 and later.
The LEF parser will ignore this statement.
To avoid this warning in the future, remove this statement from the LEF file with version 5.6 or later. See file /openLANE_flow/designs/sb_1__0_/runs/final_pin_placement//tmp//merged.lef at line 3361.

WARNING (LEFPARS-2036): SOURCE statement is obsolete in version 5.6 and later.
The LEF parser will ignore this statement.
To avoid this warning in the future, remove this statement from the LEF file with version 5.6 or later. See file /openLANE_flow/designs/sb_1__0_/runs/final_pin_placement//tmp//merged.lef at line 3458.

[LEF] Parsed 3500 number of lines!!
WARNING (LEFPARS-2036): SOURCE statement is obsolete in version 5.6 and later.
The LEF parser will ignore this statement.
To avoid this warning in the future, remove this statement from the LEF file with version 5.6 or later. See file /openLANE_flow/designs/sb_1__0_/runs/final_pin_placement//tmp//merged.lef at line 3561.

WARNING (LEFPARS-2036): SOURCE statement is obsolete in version 5.6 and later.
The LEF parser will ignore this statement.
To avoid this warning in the future, remove this statement from the LEF file with version 5.6 or later. See file /openLANE_flow/designs/sb_1__0_/runs/final_pin_placement//tmp//merged.lef at line 3691.

WARNING (LEFPARS-2036): SOURCE statement is obsolete in version 5.6 and later.
The LEF parser will ignore this statement.
To avoid this warning in the future, remove this statement from the LEF file with version 5.6 or later. See file /openLANE_flow/designs/sb_1__0_/runs/final_pin_placement//tmp//merged.lef at line 3783.

WARNING (LEFPARS-2036): SOURCE statement is obsolete in version 5.6 and later.
The LEF parser will ignore this statement.
To avoid this warning in the future, remove this statement from the LEF file with version 5.6 or later. See file /openLANE_flow/designs/sb_1__0_/runs/final_pin_placement//tmp//merged.lef at line 3887.

[LEF] Parsed 4000 number of lines!!
WARNING (LEFPARS-2036): SOURCE statement is obsolete in version 5.6 and later.
The LEF parser will ignore this statement.
To avoid this warning in the future, remove this statement from the LEF file with version 5.6 or later. See file /openLANE_flow/designs/sb_1__0_/runs/final_pin_placement//tmp//merged.lef at line 4018.

WARNING (LEFPARS-2036): SOURCE statement is obsolete in version 5.6 and later.
The LEF parser will ignore this statement.
To avoid this warning in the future, remove this statement from the LEF file with version 5.6 or later. See file /openLANE_flow/designs/sb_1__0_/runs/final_pin_placement//tmp//merged.lef at line 4148.

WARNING (LEFPARS-2036): SOURCE statement is obsolete in version 5.6 and later.
The LEF parser will ignore this statement.
To avoid this warning in the future, remove this statement from the LEF file with version 5.6 or later. See file /openLANE_flow/designs/sb_1__0_/runs/final_pin_placement//tmp//merged.lef at line 4282.

WARNING (LEFPARS-2036): SOURCE statement is obsolete in version 5.6 and later.
The LEF parser will ignore this statement.
To avoid this warning in the future, remove this statement from the LEF file with version 5.6 or later. See file /openLANE_flow/designs/sb_1__0_/runs/final_pin_placement//tmp//merged.lef at line 4467.

[LEF] Parsed 4500 number of lines!!
[LEF] Parsed 5000 number of lines!!
[LEF] Parsed 5500 number of lines!!
[LEF] Parsed 6000 number of lines!!
[LEF] Parsed 6500 number of lines!!
[LEF] Parsed 7000 number of lines!!
[LEF] Parsed 7500 number of lines!!
[LEF] Parsed 8000 number of lines!!
[LEF] Parsed 8500 number of lines!!
[LEF] Parsed 9000 number of lines!!
[LEF] Parsed 9500 number of lines!!
[LEF] Parsed 10000 number of lines!!
[LEF] Parsed 10500 number of lines!!
[LEF] Parsed 11000 number of lines!!
[LEF] Parsed 11500 number of lines!!
[LEF] Parsed 12000 number of lines!!
[LEF] Parsed 12500 number of lines!!
[LEF] Parsed 13000 number of lines!!
[LEF] Parsed 13500 number of lines!!
[LEF] Parsed 14000 number of lines!!
[LEF] Parsed 14500 number of lines!!
[LEF] Parsed 15000 number of lines!!
[LEF] Parsed 15500 number of lines!!
[LEF] Parsed 16000 number of lines!!
[LEF] Parsed 16500 number of lines!!
[LEF] Parsed 17000 number of lines!!
[LEF] Parsed 17500 number of lines!!
[LEF] Parsed 18000 number of lines!!
[LEF] Parsed 18500 number of lines!!
[LEF] Parsed 19000 number of lines!!
[LEF] Parsed 19500 number of lines!!
[LEF] Parsed 20000 number of lines!!
[LEF] Parsed 20500 number of lines!!
[LEF] Parsed 21000 number of lines!!
[LEF] Parsed 21500 number of lines!!
[LEF] Parsed 22000 number of lines!!
[LEF] Parsed 22500 number of lines!!
[LEF] Parsed 23000 number of lines!!
[LEF] Parsed 23500 number of lines!!
[LEF] Parsed 24000 number of lines!!
[LEF] Parsed 24500 number of lines!!
[LEF] Parsed 25000 number of lines!!
[LEF] Parsed 25500 number of lines!!
[LEF] Parsed 26000 number of lines!!
[LEF] Parsed 26500 number of lines!!
[LEF] Parsed 27000 number of lines!!
[LEF] Parsed 27500 number of lines!!
[LEF] Parsed 28000 number of lines!!
[LEF] Parsed 28500 number of lines!!
[LEF] Parsed 29000 number of lines!!
[LEF] Parsed 29500 number of lines!!
[LEF] Parsed 30000 number of lines!!
[LEF] Parsed 30500 number of lines!!
[LEF] Parsed 31000 number of lines!!
[LEF] Parsed 31500 number of lines!!
[LEF] Parsed 32000 number of lines!!
[LEF] Parsed 32500 number of lines!!
[LEF] Parsed 33000 number of lines!!
[LEF] Parsed 33500 number of lines!!
[LEF] Parsed 34000 number of lines!!
[LEF] Parsed 34500 number of lines!!
[LEF] Parsed 35000 number of lines!!
[LEF] Parsed 35500 number of lines!!
[LEF] Parsed 36000 number of lines!!
[LEF] Parsed 36500 number of lines!!
[LEF] Parsed 37000 number of lines!!
[LEF] Parsed 37500 number of lines!!
[LEF] Parsed 38000 number of lines!!
[LEF] Parsed 38500 number of lines!!
[LEF] Parsed 39000 number of lines!!
[LEF] Parsed 39500 number of lines!!
[LEF] Parsed 40000 number of lines!!
[LEF] Parsed 40500 number of lines!!
[LEF] Parsed 41000 number of lines!!
[LEF] Parsed 41500 number of lines!!
[LEF] Parsed 42000 number of lines!!
[LEF] Parsed 42500 number of lines!!
[LEF] Parsed 43000 number of lines!!
[LEF] Parsed 43500 number of lines!!
[LEF] Parsed 44000 number of lines!!
[LEF] Parsed 44500 number of lines!!
[LEF] Parsed 45000 number of lines!!
[LEF] Parsed 45500 number of lines!!
[LEF] Parsed 46000 number of lines!!
[LEF] Parsed 46500 number of lines!!
[LEF] Parsed 47000 number of lines!!
[LEF] Parsed 47500 number of lines!!
[LEF] Parsed 48000 number of lines!!
[LEF] Parsed 48500 number of lines!!
[LEF] Parsed 49000 number of lines!!
[LEF] Parsed 49500 number of lines!!
[LEF] Parsed 50000 number of lines!!
[LEF] Parsed 50500 number of lines!!
[LEF] Parsed 51000 number of lines!!
[LEF] Parsed 51500 number of lines!!
[LEF] Parsed 52000 number of lines!!
[LEF] Parsed 52500 number of lines!!
[LEF] Parsed 53000 number of lines!!
[LEF] Parsed 53500 number of lines!!
[LEF] Parsed 54000 number of lines!!
[LEF] Parsed 54500 number of lines!!
[LEF] Parsed 55000 number of lines!!
[LEF] Parsed 55500 number of lines!!
[LEF] Parsed 56000 number of lines!!
[LEF] Parsed 56500 number of lines!!
[LEF] Parsed 57000 number of lines!!
[LEF] Parsed 57500 number of lines!!
[LEF] Parsed 58000 number of lines!!
[LEF] Parsed 58500 number of lines!!
[LEF] Parsed 59000 number of lines!!
[LEF] Parsed 59500 number of lines!!
[LEF] Parsed 60000 number of lines!!
[LEF] Parsed 60500 number of lines!!
[LEF] Parsed 61000 number of lines!!
[LEF] Parsed 61500 number of lines!!
[LEF] Parsed 62000 number of lines!!
[PROC] End LefParsing
[PROC] Begin DefParsing ...
WARNING (DEFPARS-7011): The NAMESCASESENSITIVE statement is obsolete in version 5.6 and later.
The DEF parser will ignore this statement. See file /openLANE_flow/designs/sb_1__0_/runs/final_pin_placement//results/floorplan/sb_1__0_.floorplan.def at line 2.

[PROC] End DefParsing
[INFO] DefUnit = 1000
[INFO] LefMetal1Name = li1
[INFO] DefSiteName = unithd
[INFO] ScaleDownUnit = 302.222229
[INFO] OffsetCoordi = (2640.000000, 0.000000)
[INFO] RowSize = (1.522059, 9.000000)
[INFO] NumRows = 193
[INFO] MacroCount = 0
[INFO] NumModules = 81
[INFO] NumTerminals = 4069
[INFO] Inserted Dummy Terms = 0
[PROC] Begin Generate Un-fragmented Rows ...
[INFO] CoreAreaLxLy = (27.000000, 36.000000)
[INFO] CoreAreaUxUy = (1765.191162, 1773.000000)
[INFO] RowSize = (1.522059, 9.000000)
[INFO] NumRows = 193
[PROC] End Generate Un-fragmented Rows
[PROC] Begin DEF Net Parsing ...
[INFO] NumNets = 185
[INFO] NumPins = 391
[PROC] End DEF Net Parsing
[PROC] LEF/DEF Parsing Success!
[INFO] AspectRatio = 0.999315
[INFO] RowMinXY = (27.000000, 36.000000)
[INFO] RowMaxXY = (1765.191162, 1773.000000)
[INFO] NumPlaceStdCells = 81
[INFO] NumPlaceMacros = 0
[INFO] RowSize = (1.522059, 9.000000)
[INFO] NumRows = 193
[INFO] GlobalAreaLxLy = (15.352941, 36.000000)
[INFO] GlobalAreaUxUy = (1777.715088, 1804.450317)
[INFO] PlaceAreaLxLy = (27.000000, 36.000000)
[INFO] PlaceAreaUxUy = (1765.191162, 1773.000000)
[INFO] TotalPlaceArea = 3019238.000000
[INFO] TotalFixedArea = 65247.558594
[INFO] TotalWhiteSpaceArea = 2953990.500000
[INFO] TotalPlaceMacrosArea = 0.000000
[INFO] TotalPlaceStdCellsArea = 27218.972656
[INFO] Util(%) = 0.901518
[INFO] 80pCellArea = 340.180054
[INFO] FillerInit: TotalFillerArea = 2631372.500000
[INFO] FillerInit: NumFillerCells = 7735
[INFO] FillerInit: FillerCellArea = 340.180237
[INFO] FillerInit: FillerCellSize = (37.797806, 9.000000)
[INFO] FillerInit: NumCells = 7816
[INFO] FillerInit: NumModules = 81
[INFO] FillerInit: NumFillers = 7735
INFO:  D_MSH = 1024 
INFO:  MSH(X, Y) = (32, 32)
[INFO] TierInit: TierUtil = 0.009015
[INFO] TierInit: NumModules = 81
[INFO] TierInit: PlaceArea = 3019238.000000
[INFO] TierInit: CoreSpacingArea = 0.000000
[INFO] TierInit: TerminalArea = 65247.558594
[INFO] TierInit: ModuleArea = 27218.972656
[INFO] TierInit: FillerArea = 2631372.500000
[INFO] TierInit: NumFillers = 7735
[INFO] TierInit: FillerMinIdx = 81
[INFO] TierInit: FillerMaxIdx = 7816
INFO:  dim_bin_cGP2D.(x,y) = (64, 64)
cell Init 2D:
tier->bin_stp: (27.1592 27.1406)
tier->half_bin_stp: (13.5796 13.5703)
PROC:  Start NESTEROV's Optimization
PROC:    Global Lagrangian Multiplier is Applied

ITER: 0
    HPWL=79157.703125
    OVFL=0.911803
    HPWL=(31473.101562, 47684.605469)
    POTN=2.163006E+06
    PHIC=1.547890E-09
    GRAD=2.412388E-02
    NuBT=0
    CPU =0.000000

ITER: 1
    HPWL=79157.210938
    OVFL=0.911803
    HPWL=(31473.001953, 47684.207031)
    POTN=2.162978E+06
    PHIC=1.625284E-09
    GRAD=3.410410E-02
    NuBT=1
    CPU =0.002449

ITER: 2
    HPWL=79154.953125
    OVFL=0.911803
    HPWL=(31472.544922, 47682.410156)
    POTN=2.162862E+06
    PHIC=1.706548E-09
    GRAD=3.410310E-02
    NuBT=1
    CPU =0.001241

ITER: 3
    HPWL=46841.226562
    OVFL=0.723077
    HPWL=(25389.654297, 21451.574219)
    POTN=1.596146E+06
    PHIC=1.791876E-09
    GRAD=1.293289E-02
    NuBT=2
    CPU =0.002247

ITER: 4
    HPWL=39116.621094
    OVFL=0.691874
    HPWL=(24382.890625, 14733.729492)
    POTN=1.548955E+06
    PHIC=1.881469E-09
    GRAD=1.279189E-02
    NuBT=2
    CPU =0.002253

ITER: 5
    HPWL=37762.875000
    OVFL=0.670919
    HPWL=(23902.470703, 13860.403320)
    POTN=1.501417E+06
    PHIC=1.975543E-09
    GRAD=8.277513E-03
    NuBT=3
    CPU =0.003296

ITER: 6
    HPWL=36892.902344
    OVFL=0.616738
    HPWL=(23389.142578, 13503.759766)
    POTN=1.434777E+06
    PHIC=2.074320E-09
    GRAD=4.745042E-03
    NuBT=1
    CPU =0.001229

ITER: 7
    HPWL=36549.507812
    OVFL=0.631138
    HPWL=(23160.943359, 13388.562500)
    POTN=1.373370E+06
    PHIC=2.178036E-09
    GRAD=5.250341E-03
    NuBT=2
    CPU =0.002282

ITER: 8
    HPWL=36294.812500
    OVFL=0.583582
    HPWL=(22934.263672, 13360.546875)
    POTN=1.319554E+06
    PHIC=2.286937E-09
    GRAD=5.044277E-03
    NuBT=2
    CPU =0.002250

ITER: 9
    HPWL=36086.945312
    OVFL=0.597015
    HPWL=(22903.173828, 13183.769531)
    POTN=1.271111E+06
    PHIC=2.401284E-09
    GRAD=5.096189E-03
    NuBT=2
    CPU =0.002240

ITER: 10
    HPWL=36017.582031
    OVFL=0.545086
    HPWL=(22867.013672, 13150.568359)
    POTN=1.229998E+06
    PHIC=2.521348E-09
    GRAD=5.050734E-03
    NuBT=1
    CPU =0.001190

ITER: 11
    HPWL=35977.781250
    OVFL=0.556148
    HPWL=(22922.937500, 13054.844727)
    POTN=1.201137E+06
    PHIC=2.647416E-09
    GRAD=6.227293E-03
    NuBT=2
    CPU =0.002290

ITER: 12
    HPWL=35956.351562
    OVFL=0.548249
    HPWL=(22876.839844, 13079.509766)
    POTN=1.174251E+06
    PHIC=2.779786E-09
    GRAD=6.917343E-03
    NuBT=2
    CPU =0.002294

ITER: 13
    HPWL=35977.621094
    OVFL=0.494907
    HPWL=(22946.792969, 13030.829102)
    POTN=1.153730E+06
    PHIC=2.918767E-09
    GRAD=7.462203E-03
    NuBT=2
    CPU =0.002272

ITER: 14
    HPWL=35787.894531
    OVFL=0.504828
    HPWL=(22885.162109, 12902.731445)
    POTN=1.137430E+06
    PHIC=3.064705E-09
    GRAD=8.756452E-03
    NuBT=2
    CPU =0.002263

ITER: 15
    HPWL=35819.992188
    OVFL=0.498165
    HPWL=(22890.500000, 12929.493164)
    POTN=1.128990E+06
    PHIC=3.217925E-09
    GRAD=9.789122E-03
    NuBT=2
    CPU =0.002253

ITER: 16
    HPWL=35813.503906
    OVFL=0.451997
    HPWL=(22926.539062, 12886.965820)
    POTN=1.110879E+06
    PHIC=3.378822E-09
    GRAD=1.040304E-02
    NuBT=2
    CPU =0.002329

ITER: 17
    HPWL=35573.117188
    OVFL=0.461768
    HPWL=(22864.001953, 12709.117188)
    POTN=1.099279E+06
    PHIC=3.547763E-09
    GRAD=1.071206E-02
    NuBT=2
    CPU =0.002257

ITER: 18
    HPWL=35535.093750
    OVFL=0.422370
    HPWL=(22860.058594, 12675.037109)
    POTN=1.086665E+06
    PHIC=3.725150E-09
    GRAD=1.121551E-02
    NuBT=2
    CPU =0.002254

ITER: 19
    HPWL=35309.539062
    OVFL=0.426003
    HPWL=(22805.275391, 12504.265625)
    POTN=1.079052E+06
    PHIC=3.911408E-09
    GRAD=1.127302E-02
    NuBT=2
    CPU =0.002254

ITER: 20
    HPWL=35316.125000
    OVFL=0.429618
    HPWL=(22824.277344, 12491.849609)
    POTN=1.074602E+06
    PHIC=4.106974E-09
    GRAD=1.189749E-02
    NuBT=1
    CPU =0.001199

ITER: 21
    HPWL=35262.757812
    OVFL=0.387065
    HPWL=(22829.148438, 12433.609375)
    POTN=1.069728E+06
    PHIC=4.312323E-09
    GRAD=1.169179E-02
    NuBT=2
    CPU =0.002322

ITER: 22
    HPWL=35083.179688
    OVFL=0.396858
    HPWL=(22789.886719, 12293.292969)
    POTN=1.066570E+06
    PHIC=4.527939E-09
    GRAD=1.255374E-02
    NuBT=2
    CPU =0.002254

ITER: 23
    HPWL=35066.429688
    OVFL=0.357503
    HPWL=(22805.689453, 12260.739258)
    POTN=1.063956E+06
    PHIC=4.754336E-09
    GRAD=1.261424E-02
    NuBT=2
    CPU =0.002251

ITER: 24
    HPWL=34940.144531
    OVFL=0.366953
    HPWL=(22782.140625, 12158.003906)
    POTN=1.060646E+06
    PHIC=4.992052E-09
    GRAD=1.426929E-02
    NuBT=2
    CPU =0.002266

ITER: 25
    HPWL=34940.359375
    OVFL=0.352667
    HPWL=(22806.451172, 12133.906250)
    POTN=1.061149E+06
    PHIC=5.241655E-09
    GRAD=1.443771E-02
    NuBT=2
    CPU =0.002314

ITER: 26
    HPWL=34866.574219
    OVFL=0.337068
    HPWL=(22803.177734, 12063.397461)
    POTN=1.059023E+06
    PHIC=5.503737E-09
    GRAD=1.524478E-02
    NuBT=2
    CPU =0.002256

ITER: 27
    HPWL=34791.250000
    OVFL=0.348716
    HPWL=(22799.160156, 11992.088867)
    POTN=1.066109E+06
    PHIC=5.778924E-09
    GRAD=1.618177E-02
    NuBT=2
    CPU =0.002273

ITER: 28
    HPWL=34766.734375
    OVFL=0.310629
    HPWL=(22813.332031, 11953.403320)
    POTN=1.069418E+06
    PHIC=6.067869E-09
    GRAD=1.604768E-02
    NuBT=2
    CPU =0.002254

ITER: 29
    HPWL=34626.367188
    OVFL=0.323743
    HPWL=(22785.957031, 11840.408203)
    POTN=1.081249E+06
    PHIC=6.371263E-09
    GRAD=1.760880E-02
    NuBT=2
    CPU =0.002295

ITER: 30
    HPWL=34633.253906
    OVFL=0.298746
    HPWL=(22811.109375, 11822.143555)
    POTN=1.092228E+06
    PHIC=6.689818E-09
    GRAD=1.795633E-02
    NuBT=1
    CPU =0.001228

ITER: 31
    HPWL=34509.351562
    OVFL=0.297340
    HPWL=(22790.150391, 11719.201172)
    POTN=1.104898E+06
    PHIC=7.024309E-09
    GRAD=1.884816E-02
    NuBT=2
    CPU =0.002265

ITER: 32
    HPWL=34446.570312
    OVFL=0.307447
    HPWL=(22790.978516, 11655.589844)
    POTN=1.120713E+06
    PHIC=7.375524E-09
    GRAD=1.906347E-02
    NuBT=2
    CPU =0.002253

ITER: 33
    HPWL=34432.726562
    OVFL=0.274255
    HPWL=(22812.123047, 11620.601562)
    POTN=1.132823E+06
    PHIC=7.744300E-09
    GRAD=1.927275E-02
    NuBT=1
    CPU =0.001197

ITER: 34
    HPWL=34280.679688
    OVFL=0.284045
    HPWL=(22781.064453, 11499.616211)
    POTN=1.147504E+06
    PHIC=8.131515E-09
    GRAD=2.039038E-02
    NuBT=2
    CPU =0.002251

ITER: 35
    HPWL=34244.976562
    OVFL=0.278557
    HPWL=(22792.757812, 11452.218750)
    POTN=1.162012E+06
    PHIC=8.538090E-09
    GRAD=2.023890E-02
    NuBT=1
    CPU =0.001252

ITER: 36
    HPWL=34174.492188
    OVFL=0.258582
    HPWL=(22793.541016, 11380.949219)
    POTN=1.172598E+06
    PHIC=8.964994E-09
    GRAD=2.067463E-02
    NuBT=2
    CPU =0.002269

ITER: 37
    HPWL=34071.320312
    OVFL=0.263370
    HPWL=(22781.462891, 11289.859375)
    POTN=1.185597E+06
    PHIC=9.413244E-09
    GRAD=2.176366E-02
    NuBT=2
    CPU =0.002256

ITER: 38
    HPWL=34048.531250
    OVFL=0.261175
    HPWL=(22801.164062, 11247.366211)
    POTN=1.198848E+06
    PHIC=9.883905E-09
    GRAD=2.244955E-02
    NuBT=1
    CPU =0.001191

ITER: 39
    HPWL=33957.667969
    OVFL=0.247053
    HPWL=(22795.169922, 11162.498047)
    POTN=1.210060E+06
    PHIC=1.037810E-08
    GRAD=2.224901E-02
    NuBT=2
    CPU =0.002264

ITER: 40
    HPWL=33873.992188
    OVFL=0.253475
    HPWL=(22792.718750, 11081.275391)
    POTN=1.223335E+06
    PHIC=1.089701E-08
    GRAD=2.334227E-02
    NuBT=1
    CPU =0.001221

ITER: 41
    HPWL=33826.828125
    OVFL=0.263121
    HPWL=(22805.234375, 11021.595703)
    POTN=1.238450E+06
    PHIC=1.144185E-08
    GRAD=2.344900E-02
    NuBT=1
    CPU =0.001246

ITER: 42
    HPWL=33738.070312
    OVFL=0.238169
    HPWL=(22801.884766, 10936.185547)
    POTN=1.250744E+06
    PHIC=1.201395E-08
    GRAD=2.228143E-02
    NuBT=1
    CPU =0.001196

ITER: 43
    HPWL=33628.230469
    OVFL=0.248370
    HPWL=(22790.416016, 10837.815430)
    POTN=1.265883E+06
    PHIC=1.261464E-08
    GRAD=2.384816E-02
    NuBT=1
    CPU =0.001196

ITER: 44
    HPWL=33586.972656
    OVFL=0.257426
    HPWL=(22807.234375, 10779.738281)
    POTN=1.282772E+06
    PHIC=1.324538E-08
    GRAD=2.387101E-02
    NuBT=1
    CPU =0.001203

ITER: 45
    HPWL=33500.718750
    OVFL=0.252094
    HPWL=(22806.552734, 10694.167969)
    POTN=1.298255E+06
    PHIC=1.390764E-08
    GRAD=2.292410E-02
    NuBT=1
    CPU =0.001191

ITER: 46
    HPWL=33381.687500
    OVFL=0.237578
    HPWL=(22792.462891, 10589.226562)
    POTN=1.314564E+06
    PHIC=1.460303E-08
    GRAD=2.256931E-02
    NuBT=1
    CPU =0.001203

ITER: 47
    HPWL=33308.289062
    OVFL=0.243390
    HPWL=(22798.169922, 10510.121094)
    POTN=1.331222E+06
    PHIC=1.533318E-08
    GRAD=2.419134E-02
    NuBT=1
    CPU =0.001196

ITER: 48
    HPWL=33228.519531
    OVFL=0.254457
    HPWL=(22800.830078, 10427.688477)
    POTN=1.352276E+06
    PHIC=1.609983E-08
    GRAD=2.381540E-02
    NuBT=2
    CPU =0.002321

ITER: 49
    HPWL=33141.492188
    OVFL=0.272517
    HPWL=(22801.625000, 10339.869141)
    POTN=1.374530E+06
    PHIC=1.690483E-08
    GRAD=2.279817E-02
    NuBT=1
    CPU =0.001211

ITER: 50
    HPWL=33043.042969
    OVFL=0.266721
    HPWL=(22798.388672, 10244.655273)
    POTN=1.398445E+06
    PHIC=1.775007E-08
    GRAD=2.097735E-02
    NuBT=1
    CPU =0.001193

ITER: 51
    HPWL=32938.460938
    OVFL=0.258574
    HPWL=(22793.701172, 10144.758789)
    POTN=1.422982E+06
    PHIC=1.863757E-08
    GRAD=2.113318E-02
    NuBT=1
    CPU =0.001198

ITER: 52
    HPWL=32855.031250
    OVFL=0.263782
    HPWL=(22798.066406, 10056.965820)
    POTN=1.448195E+06
    PHIC=1.956944E-08
    GRAD=2.206050E-02
    NuBT=2
    CPU =0.002257

ITER: 53
    HPWL=32777.925781
    OVFL=0.272606
    HPWL=(22805.277344, 9972.648438)
    POTN=1.471731E+06
    PHIC=2.054792E-08
    GRAD=2.197289E-02
    NuBT=2
    CPU =0.002259

ITER: 54
    HPWL=32700.037109
    OVFL=0.290368
    HPWL=(22813.644531, 9886.392578)
    POTN=1.499793E+06
    PHIC=2.157531E-08
    GRAD=2.154719E-02
    NuBT=1
    CPU =0.001224

ITER: 55
    HPWL=32596.240234
    OVFL=0.297903
    HPWL=(22811.455078, 9784.785156)
    POTN=1.525332E+06
    PHIC=2.265407E-08
    GRAD=1.982953E-02
    NuBT=1
    CPU =0.001231

ITER: 56
    HPWL=32470.814453
    OVFL=0.315120
    HPWL=(22800.890625, 9669.923828)
    POTN=1.553850E+06
    PHIC=2.378678E-08
    GRAD=1.865336E-02
    NuBT=1
    CPU =0.001197

ITER: 57
    HPWL=32386.300781
    OVFL=0.331041
    HPWL=(22809.396484, 9576.903320)
    POTN=1.579809E+06
    PHIC=2.497612E-08
    GRAD=1.753963E-02
    NuBT=1
    CPU =0.001203

ITER: 58
    HPWL=32310.478516
    OVFL=0.347618
    HPWL=(22823.507812, 9486.970703)
    POTN=1.611342E+06
    PHIC=2.622492E-08
    GRAD=1.672068E-02
    NuBT=1
    CPU =0.001192

ITER: 59
    HPWL=32219.113281
    OVFL=0.364893
    HPWL=(22831.695312, 9387.417969)
    POTN=1.643178E+06
    PHIC=2.753616E-08
    GRAD=1.567914E-02
    NuBT=1
    CPU =0.001195

ITER: 60
    HPWL=32109.183594
    OVFL=0.384391
    HPWL=(22832.246094, 9276.936523)
    POTN=1.673868E+06
    PHIC=2.891297E-08
    GRAD=1.442951E-02
    NuBT=1
    CPU =0.001194

ITER: 61
    HPWL=31995.851562
    OVFL=0.410823
    HPWL=(22832.011719, 9163.838867)
    POTN=1.696104E+06
    PHIC=3.035862E-08
    GRAD=1.316205E-02
    NuBT=1
    CPU =0.001197

ITER: 62
    HPWL=31887.562500
    OVFL=0.440348
    HPWL=(22835.087891, 9052.473633)
    POTN=1.715065E+06
    PHIC=3.187655E-08
    GRAD=1.173751E-02
    NuBT=1
    CPU =0.001197

ITER: 63
    HPWL=31779.119141
    OVFL=0.475443
    HPWL=(22843.382812, 8935.736328)
    POTN=1.737536E+06
    PHIC=3.347037E-08
    GRAD=1.025898E-02
    NuBT=1
    CPU =0.001259

ITER: 64
    HPWL=31681.437500
    OVFL=0.527542
    HPWL=(22856.283203, 8825.154297)
    POTN=1.768725E+06
    PHIC=3.514389E-08
    GRAD=8.876624E-03
    NuBT=1
    CPU =0.001211

ITER: 65
    HPWL=31633.289062
    OVFL=0.578367
    HPWL=(22905.605469, 8727.683594)
    POTN=1.805326E+06
    PHIC=3.690108E-08
    GRAD=7.367960E-03
    NuBT=1
    CPU =0.001194

ITER: 66
    HPWL=31624.355469
    OVFL=0.626625
    HPWL=(22986.017578, 8638.338867)
    POTN=1.848759E+06
    PHIC=3.874613E-08
    GRAD=6.035864E-03
    NuBT=1
    CPU =0.001197

ITER: 67
    HPWL=31778.136719
    OVFL=0.657594
    HPWL=(23116.447266, 8661.688477)
    POTN=1.874137E+06
    PHIC=4.068256E-08
    GRAD=5.847164E-03
    NuBT=1
    CPU =0.001206

ITER: 68
    HPWL=32177.351562
    OVFL=0.637476
    HPWL=(23366.310547, 8811.041016)
    POTN=1.883986E+06
    PHIC=4.271428E-08
    GRAD=5.729528E-03
    NuBT=1
    CPU =0.001198

ITER: 69
    HPWL=32320.976562
    OVFL=0.639514
    HPWL=(23467.650391, 8853.326172)
    POTN=1.892454E+06
    PHIC=4.484908E-08
    GRAD=6.516634E-03
    NuBT=2
    CPU =0.002274

ITER: 70
    HPWL=32079.691406
    OVFL=0.634878
    HPWL=(23342.826172, 8736.865234)
    POTN=1.908180E+06
    PHIC=4.709153E-08
    GRAD=5.332495E-03
    NuBT=2
    CPU =0.002336

ITER: 71
    HPWL=32069.169922
    OVFL=0.618991
    HPWL=(23356.701172, 8712.468750)
    POTN=1.924100E+06
    PHIC=4.944611E-08
    GRAD=5.532845E-03
    NuBT=1
    CPU =0.001206

ITER: 72
    HPWL=31878.087891
    OVFL=0.602530
    HPWL=(23262.933594, 8615.154297)
    POTN=1.943864E+06
    PHIC=5.191841E-08
    GRAD=5.543920E-03
    NuBT=2
    CPU =0.002260

ITER: 73
    HPWL=31746.181641
    OVFL=0.606703
    HPWL=(23196.818359, 8549.363281)
    POTN=1.969185E+06
    PHIC=5.451433E-08
    GRAD=6.250416E-03
    NuBT=2
    CPU =0.002260

ITER: 74
    HPWL=31749.582031
    OVFL=0.644264
    HPWL=(23211.652344, 8537.929688)
    POTN=2.000553E+06
    PHIC=5.724002E-08
    GRAD=7.168896E-03
    NuBT=2
    CPU =0.002266

ITER: 75
    HPWL=31781.488281
    OVFL=0.641940
    HPWL=(23274.554688, 8506.932617)
    POTN=2.024771E+06
    PHIC=6.010174E-08
    GRAD=7.261836E-03
    NuBT=2
    CPU =0.002323

ITER: 76
    HPWL=31486.679688
    OVFL=0.649489
    HPWL=(23219.251953, 8267.426758)
    POTN=2.041233E+06
    PHIC=6.310682E-08
    GRAD=5.585786E-03
    NuBT=2
    CPU =0.002247

ITER: 77
    HPWL=31229.015625
    OVFL=0.653653
    HPWL=(23114.498047, 8114.517090)
    POTN=2.053536E+06
    PHIC=6.626216E-08
    GRAD=4.456675E-03
    NuBT=1
    CPU =0.001188

ITER: 78
    HPWL=31255.605469
    OVFL=0.677203
    HPWL=(23137.783203, 8117.823242)
    POTN=2.063680E+06
    PHIC=6.957500E-08
    GRAD=3.653620E-03
    NuBT=1
    CPU =0.001191

ITER: 79
    HPWL=31578.464844
    OVFL=0.677476
    HPWL=(23287.017578, 8291.446289)
    POTN=2.061569E+06
    PHIC=7.305042E-08
    GRAD=4.443426E-03
    NuBT=2
    CPU =0.002257

ITER: 80
    HPWL=31749.419922
    OVFL=0.682212
    HPWL=(23419.900391, 8329.519531)
    POTN=2.048565E+06
    PHIC=7.670109E-08
    GRAD=4.624119E-03
    NuBT=2
    CPU =0.002321

ITER: 81
    HPWL=31785.882812
    OVFL=0.675177
    HPWL=(23421.707031, 8364.175781)
    POTN=2.034948E+06
    PHIC=8.053573E-08
    GRAD=4.465236E-03
    NuBT=2
    CPU =0.002258

ITER: 82
    HPWL=31786.285156
    OVFL=0.666792
    HPWL=(23404.869141, 8381.416016)
    POTN=2.019344E+06
    PHIC=8.456252E-08
    GRAD=4.241816E-03
    NuBT=2
    CPU =0.002256

ITER: 83
    HPWL=31666.832031
    OVFL=0.671898
    HPWL=(23299.537109, 8367.294922)
    POTN=2.002345E+06
    PHIC=8.879064E-08
    GRAD=3.848887E-03
    NuBT=2
    CPU =0.002271

ITER: 84
    HPWL=31587.289062
    OVFL=0.649628
    HPWL=(23208.357422, 8378.931641)
    POTN=1.985553E+06
    PHIC=9.323016E-08
    GRAD=3.654302E-03
    NuBT=2
    CPU =0.002298

ITER: 85
    HPWL=31394.421875
    OVFL=0.651978
    HPWL=(23093.617188, 8300.805664)
    POTN=1.978881E+06
    PHIC=9.789166E-08
    GRAD=3.198323E-03
    NuBT=2
    CPU =0.002292

ITER: 86
    HPWL=31321.878906
    OVFL=0.654162
    HPWL=(23002.021484, 8319.858398)
    POTN=1.966092E+06
    PHIC=1.027862E-07
    GRAD=3.193647E-03
    NuBT=1
    CPU =0.001194

ITER: 87
    HPWL=31425.269531
    OVFL=0.636392
    HPWL=(23050.740234, 8374.530273)
    POTN=1.956420E+06
    PHIC=1.079240E-07
    GRAD=3.232911E-03
    NuBT=2
    CPU =0.002261

ITER: 88
    HPWL=31449.496094
    OVFL=0.628921
    HPWL=(23051.933594, 8397.563477)
    POTN=1.949061E+06
    PHIC=1.133198E-07
    GRAD=3.399494E-03
    NuBT=2
    CPU =0.002260

ITER: 89
    HPWL=31390.361328
    OVFL=0.639420
    HPWL=(23003.503906, 8386.857422)
    POTN=1.939498E+06
    PHIC=1.189858E-07
    GRAD=3.451126E-03
    NuBT=2
    CPU =0.002295

ITER: 90
    HPWL=31348.222656
    OVFL=0.640446
    HPWL=(22962.628906, 8385.593750)
    POTN=1.928399E+06
    PHIC=1.249351E-07
    GRAD=3.256122E-03
    NuBT=2
    CPU =0.002290

ITER: 91
    HPWL=31368.890625
    OVFL=0.635358
    HPWL=(22983.732422, 8385.158203)
    POTN=1.916004E+06
    PHIC=1.311814E-07
    GRAD=3.207548E-03
    NuBT=1
    CPU =0.001191

ITER: 92
    HPWL=31407.625000
    OVFL=0.627535
    HPWL=(23009.958984, 8397.666992)
    POTN=1.902029E+06
    PHIC=1.377397E-07
    GRAD=3.303626E-03
    NuBT=1
    CPU =0.001191

ITER: 93
    HPWL=31374.585938
    OVFL=0.612013
    HPWL=(22992.062500, 8382.524414)
    POTN=1.883220E+06
    PHIC=1.446267E-07
    GRAD=3.417001E-03
    NuBT=2
    CPU =0.002258

ITER: 94
    HPWL=31336.296875
    OVFL=0.598850
    HPWL=(22956.435547, 8379.860352)
    POTN=1.863353E+06
    PHIC=1.518580E-07
    GRAD=3.759468E-03
    NuBT=1
    CPU =0.001195

ITER: 95
    HPWL=31295.361328
    OVFL=0.596819
    HPWL=(22901.318359, 8394.042969)
    POTN=1.841378E+06
    PHIC=1.594509E-07
    GRAD=4.080341E-03
    NuBT=1
    CPU =0.001199

ITER: 96
    HPWL=31424.542969
    OVFL=0.596159
    HPWL=(22941.425781, 8483.117188)
    POTN=1.812474E+06
    PHIC=1.674204E-07
    GRAD=4.594743E-03
    NuBT=2
    CPU =0.002320

ITER: 97
    HPWL=31437.253906
    OVFL=0.595540
    HPWL=(22943.087891, 8494.165039)
    POTN=1.785864E+06
    PHIC=1.757911E-07
    GRAD=4.632092E-03
    NuBT=2
    CPU =0.002259

ITER: 98
    HPWL=31464.607422
    OVFL=0.594843
    HPWL=(22970.535156, 8494.072266)
    POTN=1.754662E+06
    PHIC=1.845799E-07
    GRAD=4.689561E-03
    NuBT=2
    CPU =0.002252

ITER: 99
    HPWL=31369.031250
    OVFL=0.594060
    HPWL=(22933.650391, 8435.381836)
    POTN=1.726251E+06
    PHIC=1.938089E-07
    GRAD=4.527776E-03
    NuBT=2
    CPU =0.002261

ITER: 100
    HPWL=31260.519531
    OVFL=0.593140
    HPWL=(22890.183594, 8370.335938)
    POTN=1.696741E+06
    PHIC=2.034993E-07
    GRAD=4.416779E-03
    NuBT=2
    CPU =0.002332

ITER: 101
    HPWL=31230.937500
    OVFL=0.591875
    HPWL=(22879.154297, 8351.782227)
    POTN=1.669199E+06
    PHIC=2.136743E-07
    GRAD=4.224110E-03
    NuBT=1
    CPU =0.001194

ITER: 102
    HPWL=31272.937500
    OVFL=0.602914
    HPWL=(22899.298828, 8373.637695)
    POTN=1.641882E+06
    PHIC=2.243567E-07
    GRAD=4.155393E-03
    NuBT=1
    CPU =0.001197

ITER: 103
    HPWL=31242.062500
    OVFL=0.627866
    HPWL=(22890.996094, 8351.066406)
    POTN=1.615077E+06
    PHIC=2.355745E-07
    GRAD=3.933432E-03
    NuBT=2
    CPU =0.002268

ITER: 104
    HPWL=31317.132812
    OVFL=0.630783
    HPWL=(22956.296875, 8360.836914)
    POTN=1.582980E+06
    PHIC=2.473506E-07
    GRAD=3.767672E-03
    NuBT=1
    CPU =0.001191

ITER: 105
    HPWL=31457.445312
    OVFL=0.627240
    HPWL=(23080.527344, 8376.916992)
    POTN=1.553354E+06
    PHIC=2.597130E-07
    GRAD=3.752136E-03
    NuBT=1
    CPU =0.001193

ITER: 106
    HPWL=31451.894531
    OVFL=0.622546
    HPWL=(23094.748047, 8357.145508)
    POTN=1.520259E+06
    PHIC=2.726987E-07
    GRAD=3.847931E-03
    NuBT=2
    CPU =0.002297

ITER: 107
    HPWL=31365.869141
    OVFL=0.650010
    HPWL=(23057.585938, 8308.283203)
    POTN=1.489805E+06
    PHIC=2.863336E-07
    GRAD=3.828545E-03
    NuBT=2
    CPU =0.002290

ITER: 108
    HPWL=31275.525391
    OVFL=0.656078
    HPWL=(23008.861328, 8266.664062)
    POTN=1.456978E+06
    PHIC=3.006502E-07
    GRAD=3.265845E-03
    NuBT=2
    CPU =0.002260

ITER: 109
    HPWL=31273.980469
    OVFL=0.650895
    HPWL=(23056.914062, 8217.065430)
    POTN=1.421491E+06
    PHIC=3.156827E-07
    GRAD=3.056765E-03
    NuBT=1
    CPU =0.001198

ITER: 110
    HPWL=31393.468750
    OVFL=0.660606
    HPWL=(23151.066406, 8242.401367)
    POTN=1.385445E+06
    PHIC=3.314613E-07
    GRAD=3.361241E-03
    NuBT=2
    CPU =0.002253

ITER: 111
    HPWL=31356.703125
    OVFL=0.680096
    HPWL=(23144.439453, 8212.264648)
    POTN=1.346334E+06
    PHIC=3.480343E-07
    GRAD=3.150884E-03
    NuBT=2
    CPU =0.002316

ITER: 112
    HPWL=31383.130859
    OVFL=0.668739
    HPWL=(23169.535156, 8213.595703)
    POTN=1.306876E+06
    PHIC=3.654347E-07
    GRAD=2.983147E-03
    NuBT=1
    CPU =0.001209

ITER: 113
    HPWL=31491.722656
    OVFL=0.660914
    HPWL=(23265.843750, 8225.877930)
    POTN=1.263689E+06
    PHIC=3.837005E-07
    GRAD=3.369543E-03
    NuBT=1
    CPU =0.001197

ITER: 114
    HPWL=31361.964844
    OVFL=0.678872
    HPWL=(23204.558594, 8157.407227)
    POTN=1.223277E+06
    PHIC=4.028855E-07
    GRAD=3.256641E-03
    NuBT=2
    CPU =0.002257

ITER: 115
    HPWL=31300.718750
    OVFL=0.688047
    HPWL=(23160.974609, 8139.744629)
    POTN=1.183729E+06
    PHIC=4.230297E-07
    GRAD=3.035602E-03
    NuBT=1
    CPU =0.001202

ITER: 116
    HPWL=31265.164062
    OVFL=0.667713
    HPWL=(23179.589844, 8085.573730)
    POTN=1.138895E+06
    PHIC=4.441812E-07
    GRAD=2.849155E-03
    NuBT=2
    CPU =0.002254

ITER: 117
    HPWL=31184.230469
    OVFL=0.661668
    HPWL=(23176.441406, 8007.789551)
    POTN=1.096027E+06
    PHIC=4.663902E-07
    GRAD=2.864625E-03
    NuBT=2
    CPU =0.002328

ITER: 118
    HPWL=31101.914062
    OVFL=0.690583
    HPWL=(23112.574219, 7989.340332)
    POTN=1.056156E+06
    PHIC=4.897097E-07
    GRAD=2.892437E-03
    NuBT=1
    CPU =0.001196

ITER: 119
    HPWL=31057.964844
    OVFL=0.676211
    HPWL=(23071.802734, 7986.161133)
    POTN=1.011772E+06
    PHIC=5.141952E-07
    GRAD=2.706649E-03
    NuBT=2
    CPU =0.002263

ITER: 120
    HPWL=31100.111328
    OVFL=0.670742
    HPWL=(23134.279297, 7965.832031)
    POTN=9.682794E+05
    PHIC=5.399017E-07
    GRAD=2.666743E-03
    NuBT=1
    CPU =0.001191

ITER: 121
    HPWL=31117.287109
    OVFL=0.671904
    HPWL=(23116.923828, 8000.363281)
    POTN=9.217814E+05
    PHIC=5.668954E-07
    GRAD=2.809141E-03
    NuBT=1
    CPU =0.001193

ITER: 122
    HPWL=31157.640625
    OVFL=0.677219
    HPWL=(23151.742188, 8005.897461)
    POTN=8.745861E+05
    PHIC=5.952368E-07
    GRAD=2.787527E-03
    NuBT=2
    CPU =0.002257

ITER: 123
    HPWL=31150.605469
    OVFL=0.670987
    HPWL=(23128.359375, 8022.246094)
    POTN=8.285673E+05
    PHIC=6.249986E-07
    GRAD=2.773486E-03
    NuBT=2
    CPU =0.002329

ITER: 124
    HPWL=31184.515625
    OVFL=0.667982
    HPWL=(23166.314453, 8018.201660)
    POTN=7.871033E+05
    PHIC=6.562454E-07
    GRAD=2.850952E-03
    NuBT=2
    CPU =0.002260

ITER: 125
    HPWL=31153.253906
    OVFL=0.673918
    HPWL=(23137.121094, 8016.133789)
    POTN=7.416341E+05
    PHIC=6.890576E-07
    GRAD=2.889523E-03
    NuBT=2
    CPU =0.002261

ITER: 126
    HPWL=31153.982422
    OVFL=0.669825
    HPWL=(23135.031250, 8018.950684)
    POTN=6.989764E+05
    PHIC=7.235104E-07
    GRAD=2.823267E-03
    NuBT=2
    CPU =0.002260

ITER: 127
    HPWL=31145.220703
    OVFL=0.671434
    HPWL=(23138.031250, 8007.189941)
    POTN=6.565681E+05
    PHIC=7.596859E-07
    GRAD=2.834701E-03
    NuBT=2
    CPU =0.002317

ITER: 128
    HPWL=31148.949219
    OVFL=0.671078
    HPWL=(23135.960938, 8012.988770)
    POTN=6.201036E+05
    PHIC=7.976697E-07
    GRAD=2.834232E-03
    NuBT=1
    CPU =0.001211

ITER: 129
    HPWL=31164.531250
    OVFL=0.680736
    HPWL=(23147.109375, 8017.422363)
    POTN=5.791563E+05
    PHIC=8.375513E-07
    GRAD=2.848355E-03
    NuBT=1
    CPU =0.001198

ITER: 130
    HPWL=31155.773438
    OVFL=0.672242
    HPWL=(23141.205078, 8014.567871)
    POTN=5.418996E+05
    PHIC=8.794288E-07
    GRAD=2.720244E-03
    NuBT=1
    CPU =0.001194

ITER: 131
    HPWL=31182.527344
    OVFL=0.670206
    HPWL=(23173.802734, 8008.724121)
    POTN=5.060373E+05
    PHIC=9.233967E-07
    GRAD=2.792698E-03
    NuBT=1
    CPU =0.001194

ITER: 132
    HPWL=31183.707031
    OVFL=0.673615
    HPWL=(23156.976562, 8026.730469)
    POTN=4.755612E+05
    PHIC=9.695664E-07
    GRAD=2.866717E-03
    NuBT=2
    CPU =0.002268

ITER: 133
    HPWL=31185.863281
    OVFL=0.676950
    HPWL=(23153.525391, 8032.338379)
    POTN=4.447616E+05
    PHIC=1.018044E-06
    GRAD=2.828721E-03
    NuBT=2
    CPU =0.002290

ITER: 134
    HPWL=31208.726562
    OVFL=0.688580
    HPWL=(23164.130859, 8044.595703)
    POTN=4.143539E+05
    PHIC=1.068943E-06
    GRAD=2.828500E-03
    NuBT=1
    CPU =0.001228

ITER: 135
    HPWL=31240.289062
    OVFL=0.691845
    HPWL=(23189.568359, 8050.720703)
    POTN=3.857074E+05
    PHIC=1.122385E-06
    GRAD=2.705256E-03
    NuBT=1
    CPU =0.001207

ITER: 136
    HPWL=31261.929688
    OVFL=0.677619
    HPWL=(23227.880859, 8034.049805)
    POTN=3.608081E+05
    PHIC=1.178501E-06
    GRAD=2.589597E-03
    NuBT=1
    CPU =0.001207

ITER: 137
    HPWL=31244.224609
    OVFL=0.659893
    HPWL=(23235.648438, 8008.575684)
    POTN=3.356522E+05
    PHIC=1.237426E-06
    GRAD=2.749253E-03
    NuBT=2
    CPU =0.002257

ITER: 138
    HPWL=31193.304688
    OVFL=0.662272
    HPWL=(23181.648438, 8011.656250)
    POTN=3.159172E+05
    PHIC=1.299297E-06
    GRAD=3.028736E-03
    NuBT=1
    CPU =0.001195

ITER: 139
    HPWL=31162.304688
    OVFL=0.664197
    HPWL=(23108.533203, 8053.772461)
    POTN=3.005545E+05
    PHIC=1.364262E-06
    GRAD=3.075647E-03
    NuBT=1
    CPU =0.001196

ITER: 140
    HPWL=31083.765625
    OVFL=0.663347
    HPWL=(23061.214844, 8022.549805)
    POTN=2.873369E+05
    PHIC=1.432475E-06
    GRAD=2.945213E-03
    NuBT=2
    CPU =0.002322

ITER: 141
    HPWL=31079.818359
    OVFL=0.657088
    HPWL=(23069.062500, 8010.755859)
    POTN=2.709865E+05
    PHIC=1.504098E-06
    GRAD=2.881350E-03
    NuBT=1
    CPU =0.001211

ITER: 142
    HPWL=31147.771484
    OVFL=0.649950
    HPWL=(23114.773438, 8032.998535)
    POTN=2.576327E+05
    PHIC=1.579288E-06
    GRAD=3.006879E-03
    NuBT=1
    CPU =0.001204

ITER: 143
    HPWL=31125.085938
    OVFL=0.642709
    HPWL=(23099.826172, 8025.260742)
    POTN=2.474158E+05
    PHIC=1.658252E-06
    GRAD=3.089958E-03
    NuBT=2
    CPU =0.002260

ITER: 144
    HPWL=31109.455078
    OVFL=0.634312
    HPWL=(23074.083984, 8035.371094)
    POTN=2.406761E+05
    PHIC=1.741165E-06
    GRAD=3.220917E-03
    NuBT=1
    CPU =0.001196

ITER: 145
    HPWL=31079.796875
    OVFL=0.625808
    HPWL=(23040.371094, 8039.425293)
    POTN=2.357326E+05
    PHIC=1.828223E-06
    GRAD=3.362222E-03
    NuBT=2
    CPU =0.002266

ITER: 146
    HPWL=31046.886719
    OVFL=0.621566
    HPWL=(23005.798828, 8041.086914)
    POTN=2.335228E+05
    PHIC=1.919634E-06
    GRAD=3.515973E-03
    NuBT=2
    CPU =0.002334

ITER: 147
    HPWL=31033.601562
    OVFL=0.618655
    HPWL=(22985.724609, 8047.877930)
    POTN=2.325122E+05
    PHIC=2.015616E-06
    GRAD=3.632059E-03
    NuBT=2
    CPU =0.002264

ITER: 148
    HPWL=31067.810547
    OVFL=0.616163
    HPWL=(22999.636719, 8068.174316)
    POTN=2.337915E+05
    PHIC=2.116387E-06
    GRAD=3.800229E-03
    NuBT=1
    CPU =0.001203

ITER: 149
    HPWL=31105.761719
    OVFL=0.613584
    HPWL=(23019.332031, 8086.430176)
    POTN=2.352848E+05
    PHIC=2.222194E-06
    GRAD=3.985832E-03
    NuBT=1
    CPU =0.001194

ITER: 150
    HPWL=31140.863281
    OVFL=0.610871
    HPWL=(23038.861328, 8102.001953)
    POTN=2.383293E+05
    PHIC=2.333292E-06
    GRAD=4.192120E-03
    NuBT=1
    CPU =0.001197

ITER: 151
    HPWL=31196.302734
    OVFL=0.606146
    HPWL=(23065.240234, 8131.062012)
    POTN=2.398377E+05
    PHIC=2.449937E-06
    GRAD=4.535181E-03
    NuBT=1
    CPU =0.001198

ITER: 152
    HPWL=31293.039062
    OVFL=0.601857
    HPWL=(23108.951172, 8184.088867)
    POTN=2.423944E+05
    PHIC=2.572399E-06
    GRAD=5.202116E-03
    NuBT=1
    CPU =0.001196

ITER: 153
    HPWL=31283.976562
    OVFL=0.597044
    HPWL=(23101.984375, 8181.991211)
    POTN=2.427941E+05
    PHIC=2.701019E-06
    GRAD=5.345585E-03
    NuBT=2
    CPU =0.002339

ITER: 154
    HPWL=31247.203125
    OVFL=0.603931
    HPWL=(23081.791016, 8165.412109)
    POTN=2.459178E+05
    PHIC=2.836070E-06
    GRAD=5.374833E-03
    NuBT=2
    CPU =0.002261

ITER: 155
    HPWL=31150.300781
    OVFL=0.632695
    HPWL=(23032.988281, 8117.313477)
    POTN=2.491280E+05
    PHIC=2.977873E-06
    GRAD=5.100560E-03
    NuBT=2
    CPU =0.002247

ITER: 156
    HPWL=30995.324219
    OVFL=0.640281
    HPWL=(22972.853516, 8022.469727)
    POTN=2.505123E+05
    PHIC=3.126767E-06
    GRAD=5.124399E-03
    NuBT=2
    CPU =0.002249

ITER: 157
    HPWL=30927.312500
    OVFL=0.635951
    HPWL=(22985.365234, 7941.946777)
    POTN=2.503641E+05
    PHIC=3.283105E-06
    GRAD=4.314512E-03
    NuBT=1
    CPU =0.001196

ITER: 158
    HPWL=31062.343750
    OVFL=0.628733
    HPWL=(23101.792969, 7960.549805)
    POTN=2.441982E+05
    PHIC=3.447194E-06
    GRAD=3.325317E-03
    NuBT=1
    CPU =0.001265

ITER: 159
    HPWL=31120.664062
    OVFL=0.622399
    HPWL=(23094.996094, 8025.667969)
    POTN=2.343681E+05
    PHIC=3.619524E-06
    GRAD=3.597412E-03
    NuBT=2
    CPU =0.002266

ITER: 160
    HPWL=31015.927734
    OVFL=0.597492
    HPWL=(23025.449219, 7990.478027)
    POTN=2.236027E+05
    PHIC=3.800500E-06
    GRAD=3.543356E-03
    NuBT=2
    CPU =0.002262

ITER: 161
    HPWL=30983.968750
    OVFL=0.597234
    HPWL=(22994.998047, 7988.970703)
    POTN=2.138708E+05
    PHIC=3.990525E-06
    GRAD=4.030854E-03
    NuBT=2
    CPU =0.002268

ITER: 162
    HPWL=31000.548828
    OVFL=0.611870
    HPWL=(22955.599609, 8044.949707)
    POTN=2.040565E+05
    PHIC=4.190042E-06
    GRAD=4.397996E-03
    NuBT=2
    CPU =0.002292

ITER: 163
    HPWL=31250.513672
    OVFL=0.618731
    HPWL=(23093.332031, 8157.181152)
    POTN=1.913992E+05
    PHIC=4.399389E-06
    GRAD=4.997798E-03
    NuBT=2
    CPU =0.002298

ITER: 164
    HPWL=31387.353516
    OVFL=0.617996
    HPWL=(23166.187500, 8221.166016)
    POTN=1.798476E+05
    PHIC=4.619269E-06
    GRAD=5.414262E-03
    NuBT=2
    CPU =0.002264

ITER: 165
    HPWL=31308.849609
    OVFL=0.614450
    HPWL=(23160.613281, 8148.236328)
    POTN=1.711915E+05
    PHIC=4.850232E-06
    GRAD=5.349194E-03
    NuBT=2
    CPU =0.002260

ITER: 166
    HPWL=31060.107422
    OVFL=0.594586
    HPWL=(23048.046875, 8012.061035)
    POTN=1.616068E+05
    PHIC=5.092743E-06
    GRAD=5.277885E-03
    NuBT=2
    CPU =0.002261

ITER: 167
    HPWL=31021.015625
    OVFL=0.590712
    HPWL=(23013.958984, 8007.056641)
    POTN=1.541870E+05
    PHIC=5.347380E-06
    GRAD=4.465641E-03
    NuBT=1
    CPU =0.001238

ITER: 168
    HPWL=31057.789062
    OVFL=0.603860
    HPWL=(22989.431641, 8068.356445)
    POTN=1.501007E+05
    PHIC=5.614719E-06
    GRAD=4.627218E-03
    NuBT=1
    CPU =0.001231

ITER: 169
    HPWL=31012.103516
    OVFL=0.608366
    HPWL=(22964.003906, 8048.099609)
    POTN=1.454355E+05
    PHIC=5.895455E-06
    GRAD=4.263874E-03
    NuBT=2
    CPU =0.002263

ITER: 170
    HPWL=31002.585938
    OVFL=0.608063
    HPWL=(22976.736328, 8025.850586)
    POTN=1.427959E+05
    PHIC=6.190227E-06
    GRAD=3.977426E-03
    NuBT=1
    CPU =0.001192

ITER: 171
    HPWL=31122.386719
    OVFL=0.606788
    HPWL=(23053.904297, 8068.482422)
    POTN=1.430422E+05
    PHIC=6.499628E-06
    GRAD=4.226654E-03
    NuBT=1
    CPU =0.001199

ITER: 172
    HPWL=31068.261719
    OVFL=0.605570
    HPWL=(23037.318359, 8030.943359)
    POTN=1.454141E+05
    PHIC=6.824609E-06
    GRAD=4.042827E-03
    NuBT=2
    CPU =0.002259

ITER: 173
    HPWL=31039.175781
    OVFL=0.593871
    HPWL=(23019.001953, 8020.174805)
    POTN=1.489900E+05
    PHIC=7.165839E-06
    GRAD=4.021844E-03
    NuBT=1
    CPU =0.001205

ITER: 174
    HPWL=30998.654297
    OVFL=0.588171
    HPWL=(22994.050781, 8004.603027)
    POTN=1.538607E+05
    PHIC=7.524131E-06
    GRAD=4.268609E-03
    NuBT=2
    CPU =0.002330

ITER: 175
    HPWL=30953.218750
    OVFL=0.591384
    HPWL=(22949.638672, 8003.581055)
    POTN=1.606108E+05
    PHIC=7.900338E-06
    GRAD=4.385616E-03
    NuBT=1
    CPU =0.001199

ITER: 176
    HPWL=31021.142578
    OVFL=0.595686
    HPWL=(22971.929688, 8049.212891)
    POTN=1.657496E+05
    PHIC=8.295275E-06
    GRAD=4.503903E-03
    NuBT=1
    CPU =0.001199

ITER: 177
    HPWL=31030.462891
    OVFL=0.604266
    HPWL=(22977.484375, 8052.978027)
    POTN=1.697378E+05
    PHIC=8.710026E-06
    GRAD=4.401020E-03
    NuBT=2
    CPU =0.002269

ITER: 178
    HPWL=31012.861328
    OVFL=0.605984
    HPWL=(22980.923828, 8031.937500)
    POTN=1.695136E+05
    PHIC=9.145527E-06
    GRAD=4.195591E-03
    NuBT=2
    CPU =0.002263

ITER: 179
    HPWL=30990.968750
    OVFL=0.606707
    HPWL=(22989.072266, 8001.895996)
    POTN=1.683972E+05
    PHIC=9.602802E-06
    GRAD=4.046604E-03
    NuBT=2
    CPU =0.002332

ITER: 180
    HPWL=30968.226562
    OVFL=0.606232
    HPWL=(22987.693359, 7980.534180)
    POTN=1.647307E+05
    PHIC=1.008294E-05
    GRAD=3.906216E-03
    NuBT=1
    CPU =0.001197

ITER: 181
    HPWL=30999.378906
    OVFL=0.605193
    HPWL=(23000.091797, 7999.286621)
    POTN=1.573884E+05
    PHIC=1.058704E-05
    GRAD=3.891540E-03
    NuBT=1
    CPU =0.001207

ITER: 182
    HPWL=31018.849609
    OVFL=0.603721
    HPWL=(23004.699219, 8014.149902)
    POTN=1.477131E+05
    PHIC=1.111636E-05
    GRAD=3.953505E-03
    NuBT=2
    CPU =0.002260

ITER: 183
    HPWL=31001.646484
    OVFL=0.601837
    HPWL=(22992.009766, 8009.636719)
    POTN=1.371650E+05
    PHIC=1.167218E-05
    GRAD=3.965186E-03
    NuBT=2
    CPU =0.002260

ITER: 184
    HPWL=30993.232422
    OVFL=0.599789
    HPWL=(22984.449219, 8008.783691)
    POTN=1.252614E+05
    PHIC=1.225579E-05
    GRAD=4.011082E-03
    NuBT=2
    CPU =0.002306

ITER: 185
    HPWL=30993.310547
    OVFL=0.597353
    HPWL=(22980.855469, 8012.454590)
    POTN=1.139494E+05
    PHIC=1.286858E-05
    GRAD=4.069877E-03
    NuBT=2
    CPU =0.002288

ITER: 186
    HPWL=31013.703125
    OVFL=0.590821
    HPWL=(22987.613281, 8026.088867)
    POTN=1.024189E+05
    PHIC=1.351197E-05
    GRAD=4.179629E-03
    NuBT=1
    CPU =0.001196

ITER: 187
    HPWL=31040.109375
    OVFL=0.586049
    HPWL=(22995.988281, 8044.121582)
    POTN=9.318114E+04
    PHIC=1.418751E-05
    GRAD=4.417158E-03
    NuBT=1
    CPU =0.001213

ITER: 188
    HPWL=31054.781250
    OVFL=0.590824
    HPWL=(22994.658203, 8060.123047)
    POTN=8.741877E+04
    PHIC=1.489686E-05
    GRAD=4.610646E-03
    NuBT=1
    CPU =0.001210

ITER: 189
    HPWL=31080.058594
    OVFL=0.593861
    HPWL=(23000.908203, 8079.150879)
    POTN=8.511985E+04
    PHIC=1.564165E-05
    GRAD=4.627365E-03
    NuBT=1
    CPU =0.001204

ITER: 190
    HPWL=31026.781250
    OVFL=0.595762
    HPWL=(22982.191406, 8044.588867)
    POTN=8.601589E+04
    PHIC=1.642373E-05
    GRAD=4.352252E-03
    NuBT=2
    CPU =0.002288

ITER: 191
    HPWL=30988.912109
    OVFL=0.596997
    HPWL=(22972.873047, 8016.038574)
    POTN=8.911773E+04
    PHIC=1.724491E-05
    GRAD=4.175110E-03
    NuBT=1
    CPU =0.001237

ITER: 192
    HPWL=30983.126953
    OVFL=0.597547
    HPWL=(22977.046875, 8006.079590)
    POTN=9.338277E+04
    PHIC=1.810716E-05
    GRAD=4.080772E-03
    NuBT=1
    CPU =0.001198

ITER: 193
    HPWL=31012.597656
    OVFL=0.597397
    HPWL=(22994.347656, 8018.250488)
    POTN=9.694341E+04
    PHIC=1.901244E-05
    GRAD=4.085740E-03
    NuBT=1
    CPU =0.001208

ITER: 194
    HPWL=31010.029297
    OVFL=0.596334
    HPWL=(22994.523438, 8015.505859)
    POTN=9.972348E+04
    PHIC=1.996306E-05
    GRAD=4.066900E-03
    NuBT=2
    CPU =0.002260

ITER: 195
    HPWL=30993.417969
    OVFL=0.590122
    HPWL=(22987.492188, 8005.924805)
    POTN=9.966472E+04
    PHIC=2.096121E-05
    GRAD=4.054829E-03
    NuBT=2
    CPU =0.002261

ITER: 196
    HPWL=30968.958984
    OVFL=0.575723
    HPWL=(22975.458984, 7993.499512)
    POTN=9.662518E+04
    PHIC=2.200927E-05
    GRAD=4.169493E-03
    NuBT=2
    CPU =0.002305

ITER: 197
    HPWL=30954.474609
    OVFL=0.558270
    HPWL=(22962.095703, 7992.379395)
    POTN=9.075868E+04
    PHIC=2.310973E-05
    GRAD=4.558628E-03
    NuBT=1
    CPU =0.001232

ITER: 198
    HPWL=30943.814453
    OVFL=0.550903
    HPWL=(22942.804688, 8001.010254)
    POTN=8.313505E+04
    PHIC=2.426522E-05
    GRAD=5.061057E-03
    NuBT=1
    CPU =0.001200

ITER: 199
    HPWL=31083.617188
    OVFL=0.542998
    HPWL=(22994.105469, 8089.511230)
    POTN=7.308742E+04
    PHIC=2.547797E-05
    GRAD=5.800218E-03
    NuBT=1
    CPU =0.001198

ITER: 200
    HPWL=31050.011719
    OVFL=0.542911
    HPWL=(22980.212891, 8069.797852)
    POTN=6.582846E+04
    PHIC=2.675187E-05
    GRAD=5.798512E-03
    NuBT=2
    CPU =0.002271

ITER: 201
    HPWL=31063.734375
    OVFL=0.544104
    HPWL=(22992.265625, 8071.467773)
    POTN=5.995031E+04
    PHIC=2.808941E-05
    GRAD=5.925395E-03
    NuBT=2
    CPU =0.002276

ITER: 202
    HPWL=31011.652344
    OVFL=0.545573
    HPWL=(22978.265625, 8033.385742)
    POTN=5.585503E+04
    PHIC=2.949388E-05
    GRAD=5.769343E-03
    NuBT=2
    CPU =0.002334

ITER: 203
    HPWL=31003.781250
    OVFL=0.546675
    HPWL=(22984.804688, 8018.977539)
    POTN=5.289016E+04
    PHIC=3.096857E-05
    GRAD=5.585978E-03
    NuBT=1
    CPU =0.001202

ITER: 204
    HPWL=31003.703125
    OVFL=0.545872
    HPWL=(22990.707031, 8012.996094)
    POTN=5.107992E+04
    PHIC=3.251700E-05
    GRAD=5.362473E-03
    NuBT=1
    CPU =0.001204

ITER: 205
    HPWL=31040.777344
    OVFL=0.543158
    HPWL=(23008.757812, 8032.020020)
    POTN=4.990939E+04
    PHIC=3.414267E-05
    GRAD=5.404088E-03
    NuBT=1
    CPU =0.001202

ITER: 206
    HPWL=31005.023438
    OVFL=0.538380
    HPWL=(22992.562500, 8012.461426)
    POTN=4.919155E+04
    PHIC=3.584980E-05
    GRAD=5.360971E-03
    NuBT=2
    CPU =0.002283

ITER: 207
    HPWL=30967.148438
    OVFL=0.528587
    HPWL=(22973.232422, 7993.915039)
    POTN=4.806767E+04
    PHIC=3.764229E-05
    GRAD=5.428237E-03
    NuBT=2
    CPU =0.002266

ITER: 208
    HPWL=30959.972656
    OVFL=0.518204
    HPWL=(22966.736328, 7993.236328)
    POTN=4.644035E+04
    PHIC=3.952440E-05
    GRAD=5.737988E-03
    NuBT=1
    CPU =0.001239

ITER: 209
    HPWL=30952.613281
    OVFL=0.508129
    HPWL=(22957.923828, 7994.688477)
    POTN=4.439108E+04
    PHIC=4.150062E-05
    GRAD=6.053985E-03
    NuBT=1
    CPU =0.001229

ITER: 210
    HPWL=30991.058594
    OVFL=0.501305
    HPWL=(22970.134766, 8020.923828)
    POTN=4.222330E+04
    PHIC=4.357541E-05
    GRAD=6.511726E-03
    NuBT=1
    CPU =0.001209

ITER: 211
    HPWL=30987.347656
    OVFL=0.495938
    HPWL=(22963.345703, 8024.000977)
    POTN=4.065830E+04
    PHIC=4.575418E-05
    GRAD=6.718647E-03
    NuBT=2
    CPU =0.002269

ITER: 212
    HPWL=30969.835938
    OVFL=0.492302
    HPWL=(22952.638672, 8017.196777)
    POTN=3.951963E+04
    PHIC=4.804188E-05
    GRAD=6.838117E-03
    NuBT=2
    CPU =0.002270

ITER: 213
    HPWL=30939.001953
    OVFL=0.489207
    HPWL=(22936.644531, 8002.357910)
    POTN=3.852751E+04
    PHIC=5.044397E-05
    GRAD=6.870159E-03
    NuBT=2
    CPU =0.002251

ITER: 214
    HPWL=30916.691406
    OVFL=0.485834
    HPWL=(22925.343750, 7991.348145)
    POTN=3.788007E+04
    PHIC=5.296617E-05
    GRAD=6.895756E-03
    NuBT=2
    CPU =0.002340

ITER: 215
    HPWL=30921.871094
    OVFL=0.484691
    HPWL=(22925.468750, 7996.402832)
    POTN=3.767115E+04
    PHIC=5.561444E-05
    GRAD=6.969098E-03
    NuBT=1
    CPU =0.001203

ITER: 216
    HPWL=30935.070312
    OVFL=0.486007
    HPWL=(22928.382812, 8006.688477)
    POTN=3.766876E+04
    PHIC=5.839505E-05
    GRAD=7.013698E-03
    NuBT=1
    CPU =0.001202

ITER: 217
    HPWL=30946.472656
    OVFL=0.488687
    HPWL=(22931.228516, 8015.243164)
    POTN=3.772673E+04
    PHIC=6.131470E-05
    GRAD=6.987043E-03
    NuBT=1
    CPU =0.001202

ITER: 218
    HPWL=30943.007812
    OVFL=0.489516
    HPWL=(22929.046875, 8013.959961)
    POTN=3.755125E+04
    PHIC=6.438043E-05
    GRAD=6.860008E-03
    NuBT=1
    CPU =0.001209

ITER: 219
    HPWL=30934.833984
    OVFL=0.488422
    HPWL=(22925.916016, 8008.918457)
    POTN=3.707895E+04
    PHIC=6.759945E-05
    GRAD=6.784510E-03
    NuBT=1
    CPU =0.001200

ITER: 220
    HPWL=30935.347656
    OVFL=0.489605
    HPWL=(22926.394531, 8008.952637)
    POTN=3.624254E+04
    PHIC=7.097941E-05
    GRAD=6.811090E-03
    NuBT=1
    CPU =0.001201

ITER: 221
    HPWL=30942.519531
    OVFL=0.489452
    HPWL=(22929.001953, 8013.517578)
    POTN=3.508555E+04
    PHIC=7.452830E-05
    GRAD=6.788108E-03
    NuBT=1
    CPU =0.001243

ITER: 222
    HPWL=30952.304688
    OVFL=0.486227
    HPWL=(22933.802734, 8018.502441)
    POTN=3.375128E+04
    PHIC=7.825460E-05
    GRAD=6.811383E-03
    NuBT=1
    CPU =0.001236

ITER: 223
    HPWL=30957.292969
    OVFL=0.478900
    HPWL=(22935.419922, 8021.873535)
    POTN=3.231696E+04
    PHIC=8.216727E-05
    GRAD=6.931249E-03
    NuBT=1
    CPU =0.001202

ITER: 224
    HPWL=30955.242188
    OVFL=0.471134
    HPWL=(22933.246094, 8021.996094)
    POTN=3.114966E+04
    PHIC=8.627564E-05
    GRAD=7.194899E-03
    NuBT=1
    CPU =0.001202

ITER: 225
    HPWL=30956.509766
    OVFL=0.462925
    HPWL=(22927.724609, 8028.784668)
    POTN=3.026466E+04
    PHIC=9.058939E-05
    GRAD=7.494291E-03
    NuBT=1
    CPU =0.001203

ITER: 226
    HPWL=30969.726562
    OVFL=0.457850
    HPWL=(22924.980469, 8044.746582)
    POTN=2.958144E+04
    PHIC=9.511868E-05
    GRAD=7.848658E-03
    NuBT=1
    CPU =0.001202

ITER: 227
    HPWL=30967.642578
    OVFL=0.453758
    HPWL=(22916.857422, 8050.785156)
    POTN=2.898767E+04
    PHIC=9.987461E-05
    GRAD=8.009542E-03
    NuBT=2
    CPU =0.002286

ITER: 228
    HPWL=30985.279297
    OVFL=0.449407
    HPWL=(22920.248047, 8065.031250)
    POTN=2.841869E+04
    PHIC=1.048681E-04
    GRAD=8.206427E-03
    NuBT=1
    CPU =0.001227

ITER: 229
    HPWL=30982.132812
    OVFL=0.444733
    HPWL=(22915.298828, 8066.833984)
    POTN=2.753906E+04
    PHIC=1.101115E-04
    GRAD=8.318315E-03
    NuBT=2
    CPU =0.002312

ITER: 230
    HPWL=30990.605469
    OVFL=0.438958
    HPWL=(22916.630859, 8073.974609)
    POTN=2.656206E+04
    PHIC=1.156169E-04
    GRAD=8.499048E-03
    NuBT=1
    CPU =0.001200

ITER: 231
    HPWL=31008.390625
    OVFL=0.430846
    HPWL=(22921.847656, 8086.543457)
    POTN=2.535698E+04
    PHIC=1.213974E-04
    GRAD=8.777563E-03
    NuBT=1
    CPU =0.001208

ITER: 232
    HPWL=31003.521484
    OVFL=0.421729
    HPWL=(22918.142578, 8085.378906)
    POTN=2.421829E+04
    PHIC=1.274673E-04
    GRAD=9.089215E-03
    NuBT=2
    CPU =0.002268

ITER: 233
    HPWL=31014.964844
    OVFL=0.412242
    HPWL=(22921.667969, 8093.297852)
    POTN=2.323509E+04
    PHIC=1.338404E-04
    GRAD=9.558245E-03
    NuBT=1
    CPU =0.001204

ITER: 234
    HPWL=31015.240234
    OVFL=0.403792
    HPWL=(22921.330078, 8093.909668)
    POTN=2.249402E+04
    PHIC=1.405325E-04
    GRAD=1.003634E-02
    NuBT=2
    CPU =0.002313

ITER: 235
    HPWL=31039.591797
    OVFL=0.398422
    HPWL=(22932.728516, 8106.863770)
    POTN=2.204469E+04
    PHIC=1.475586E-04
    GRAD=1.065916E-02
    NuBT=1
    CPU =0.001228

ITER: 236
    HPWL=31041.402344
    OVFL=0.396627
    HPWL=(22937.298828, 8104.103027)
    POTN=2.180809E+04
    PHIC=1.549365E-04
    GRAD=1.096789E-02
    NuBT=2
    CPU =0.002253

ITER: 237
    HPWL=31064.148438
    OVFL=0.398710
    HPWL=(22949.847656, 8114.301758)
    POTN=2.156701E+04
    PHIC=1.626828E-04
    GRAD=1.131088E-02
    NuBT=1
    CPU =0.001192

ITER: 238
    HPWL=31049.744141
    OVFL=0.401055
    HPWL=(22945.246094, 8104.498047)
    POTN=2.131304E+04
    PHIC=1.708169E-04
    GRAD=1.113673E-02
    NuBT=2
    CPU =0.002255

ITER: 239
    HPWL=31037.507812
    OVFL=0.401346
    HPWL=(22940.781250, 8096.727051)
    POTN=2.099538E+04
    PHIC=1.793577E-04
    GRAD=1.098268E-02
    NuBT=1
    CPU =0.001191

ITER: 240
    HPWL=31021.281250
    OVFL=0.399726
    HPWL=(22934.271484, 8087.008789)
    POTN=2.062634E+04
    PHIC=1.883256E-04
    GRAD=1.083426E-02
    NuBT=1
    CPU =0.001202

ITER: 241
    HPWL=31004.644531
    OVFL=0.396339
    HPWL=(22926.003906, 8078.640625)
    POTN=2.017965E+04
    PHIC=1.977419E-04
    GRAD=1.072449E-02
    NuBT=1
    CPU =0.001268

ITER: 242
    HPWL=31008.531250
    OVFL=0.391663
    HPWL=(22926.421875, 8082.109375)
    POTN=1.965170E+04
    PHIC=2.076288E-04
    GRAD=1.084694E-02
    NuBT=1
    CPU =0.001200

ITER: 243
    HPWL=31027.664062
    OVFL=0.385166
    HPWL=(22933.751953, 8093.912598)
    POTN=1.896149E+04
    PHIC=2.180097E-04
    GRAD=1.117550E-02
    NuBT=1
    CPU =0.001200

ITER: 244
    HPWL=31020.109375
    OVFL=0.380018
    HPWL=(22930.343750, 8089.766113)
    POTN=1.835029E+04
    PHIC=2.289102E-04
    GRAD=1.141025E-02
    NuBT=2
    CPU =0.002281

ITER: 245
    HPWL=31030.082031
    OVFL=0.376654
    HPWL=(22936.197266, 8093.884277)
    POTN=1.775000E+04
    PHIC=2.403553E-04
    GRAD=1.171894E-02
    NuBT=1
    CPU =0.001205

ITER: 246
    HPWL=31052.476562
    OVFL=0.374077
    HPWL=(22947.859375, 8104.617676)
    POTN=1.729946E+04
    PHIC=2.523723E-04
    GRAD=1.207584E-02
    NuBT=1
    CPU =0.001202

ITER: 247
    HPWL=31063.527344
    OVFL=0.371457
    HPWL=(22955.076172, 8108.452148)
    POTN=1.685432E+04
    PHIC=2.649904E-04
    GRAD=1.231381E-02
    NuBT=1
    CPU =0.001208

ITER: 248
    HPWL=31059.941406
    OVFL=0.369205
    HPWL=(22953.880859, 8106.061523)
    POTN=1.647850E+04
    PHIC=2.782400E-04
    GRAD=1.240277E-02
    NuBT=1
    CPU =0.001249

ITER: 249
    HPWL=31056.472656
    OVFL=0.366999
    HPWL=(22953.707031, 8102.766602)
    POTN=1.601693E+04
    PHIC=2.921519E-04
    GRAD=1.246972E-02
    NuBT=1
    CPU =0.001225

ITER: 250
    HPWL=31068.828125
    OVFL=0.364893
    HPWL=(22959.666016, 8109.161133)
    POTN=1.562368E+04
    PHIC=3.067590E-04
    GRAD=1.267025E-02
    NuBT=1
    CPU =0.001192

ITER: 251
    HPWL=31089.341797
    OVFL=0.363442
    HPWL=(22970.884766, 8118.456543)
    POTN=1.515669E+04
    PHIC=3.220960E-04
    GRAD=1.297794E-02
    NuBT=1
    CPU =0.001195

ITER: 252
    HPWL=31102.218750
    OVFL=0.361184
    HPWL=(22977.759766, 8124.459473)
    POTN=1.463949E+04
    PHIC=3.382002E-04
    GRAD=1.320465E-02
    NuBT=1
    CPU =0.001196

ITER: 253
    HPWL=31093.593750
    OVFL=0.358316
    HPWL=(22975.283203, 8118.310547)
    POTN=1.397052E+04
    PHIC=3.551102E-04
    GRAD=1.318368E-02
    NuBT=1
    CPU =0.001193

ITER: 254
    HPWL=31090.574219
    OVFL=0.355346
    HPWL=(22975.771484, 8114.802246)
    POTN=1.328877E+04
    PHIC=3.728657E-04
    GRAD=1.318776E-02
    NuBT=1
    CPU =0.001203

ITER: 255
    HPWL=31113.978516
    OVFL=0.346887
    HPWL=(22989.212891, 8124.765137)
    POTN=1.244290E+04
    PHIC=3.915076E-04
    GRAD=1.353998E-02
    NuBT=1
    CPU =0.001192

ITER: 256
    HPWL=31110.710938
    OVFL=0.339445
    HPWL=(22990.353516, 8120.356445)
    POTN=1.174816E+04
    PHIC=4.110830E-04
    GRAD=1.395255E-02
    NuBT=2
    CPU =0.002332

ITER: 257
    HPWL=31141.281250
    OVFL=0.333241
    HPWL=(23005.677734, 8135.604492)
    POTN=1.118975E+04
    PHIC=4.316353E-04
    GRAD=1.473042E-02
    NuBT=1
    CPU =0.001204

ITER: 258
    HPWL=31132.857422
    OVFL=0.328659
    HPWL=(23002.773438, 8130.083496)
    POTN=1.087477E+04
    PHIC=4.532170E-04
    GRAD=1.495761E-02
    NuBT=2
    CPU =0.002273

ITER: 259
    HPWL=31149.802734
    OVFL=0.326058
    HPWL=(23010.458984, 8139.343750)
    POTN=1.069083E+04
    PHIC=4.758767E-04
    GRAD=1.543173E-02
    NuBT=1
    CPU =0.001196

ITER: 260
    HPWL=31181.953125
    OVFL=0.324442
    HPWL=(23023.703125, 8158.250977)
    POTN=1.054565E+04
    PHIC=4.996682E-04
    GRAD=1.598755E-02
    NuBT=1
    CPU =0.001202

ITER: 261
    HPWL=31185.605469
    OVFL=0.322326
    HPWL=(23023.244141, 8162.362305)
    POTN=1.037827E+04
    PHIC=5.246513E-04
    GRAD=1.611265E-02
    NuBT=1
    CPU =0.001203

ITER: 262
    HPWL=31161.851562
    OVFL=0.318985
    HPWL=(23011.609375, 8150.241211)
    POTN=1.012210E+04
    PHIC=5.508839E-04
    GRAD=1.576337E-02
    NuBT=1
    CPU =0.001199

ITER: 263
    HPWL=31155.835938
    OVFL=0.312371
    HPWL=(23007.291016, 8148.544434)
    POTN=9.721466E+03
    PHIC=5.784280E-04
    GRAD=1.575818E-02
    NuBT=1
    CPU =0.001262

ITER: 264
    HPWL=31179.382812
    OVFL=0.306018
    HPWL=(23017.998047, 8161.385742)
    POTN=9.268438E+03
    PHIC=6.073474E-04
    GRAD=1.649408E-02
    NuBT=1
    CPU =0.001213

ITER: 265
    HPWL=31171.519531
    OVFL=0.299691
    HPWL=(23012.585938, 8158.934570)
    POTN=8.832046E+03
    PHIC=6.377148E-04
    GRAD=1.677723E-02
    NuBT=2
    CPU =0.002268

ITER: 266
    HPWL=31195.550781
    OVFL=0.294441
    HPWL=(23021.628906, 8173.922852)
    POTN=8.473870E+03
    PHIC=6.695982E-04
    GRAD=1.753136E-02
    NuBT=1
    CPU =0.001200

ITER: 267
    HPWL=31191.617188
    OVFL=0.289921
    HPWL=(23017.816406, 8173.801758)
    POTN=8.142220E+03
    PHIC=7.030781E-04
    GRAD=1.776107E-02
    NuBT=2
    CPU =0.002280

ITER: 268
    HPWL=31206.250000
    OVFL=0.287466
    HPWL=(23023.439453, 8182.811523)
    POTN=7.893069E+03
    PHIC=7.382304E-04
    GRAD=1.831404E-02
    NuBT=1
    CPU =0.001199

ITER: 269
    HPWL=31229.500000
    OVFL=0.285117
    HPWL=(23032.345703, 8197.155273)
    POTN=7.723661E+03
    PHIC=7.751394E-04
    GRAD=1.886929E-02
    NuBT=1
    CPU =0.001236

ITER: 270
    HPWL=31229.281250
    OVFL=0.283060
    HPWL=(23032.003906, 8197.277344)
    POTN=7.593715E+03
    PHIC=8.138963E-04
    GRAD=1.896236E-02
    NuBT=1
    CPU =0.001239

ITER: 271
    HPWL=31222.714844
    OVFL=0.278803
    HPWL=(23026.763672, 8195.951172)
    POTN=7.407587E+03
    PHIC=8.545911E-04
    GRAD=1.885342E-02
    NuBT=1
    CPU =0.001209

ITER: 272
    HPWL=31229.162109
    OVFL=0.274020
    HPWL=(23029.103516, 8200.058594)
    POTN=7.200916E+03
    PHIC=8.973198E-04
    GRAD=1.914774E-02
    NuBT=1
    CPU =0.001203

ITER: 273
    HPWL=31247.820312
    OVFL=0.268864
    HPWL=(23036.503906, 8211.316406)
    POTN=6.983091E+03
    PHIC=9.421833E-04
    GRAD=1.980591E-02
    NuBT=1
    CPU =0.001198

ITER: 274
    HPWL=31267.888672
    OVFL=0.263393
    HPWL=(23042.531250, 8225.357422)
    POTN=6.808191E+03
    PHIC=9.892896E-04
    GRAD=2.047439E-02
    NuBT=1
    CPU =0.001205

ITER: 275
    HPWL=31271.265625
    OVFL=0.256834
    HPWL=(23041.750000, 8229.514648)
    POTN=6.528977E+03
    PHIC=1.038754E-03
    GRAD=2.084524E-02
    NuBT=1
    CPU =0.001204

ITER: 276
    HPWL=31274.611328
    OVFL=0.250446
    HPWL=(23040.837891, 8233.773438)
    POTN=6.247430E+03
    PHIC=1.090691E-03
    GRAD=2.128662E-02
    NuBT=1
    CPU =0.001212

ITER: 277
    HPWL=31284.886719
    OVFL=0.244817
    HPWL=(23044.271484, 8240.615234)
    POTN=6.014663E+03
    PHIC=1.145224E-03
    GRAD=2.188879E-02
    NuBT=1
    CPU =0.001230

ITER: 278
    HPWL=31296.603516
    OVFL=0.241798
    HPWL=(23046.705078, 8249.898438)
    POTN=5.804472E+03
    PHIC=1.202483E-03
    GRAD=2.247064E-02
    NuBT=1
    CPU =0.001242

ITER: 279
    HPWL=31301.099609
    OVFL=0.238738
    HPWL=(23047.140625, 8253.958984)
    POTN=5.682316E+03
    PHIC=1.262606E-03
    GRAD=2.271048E-02
    NuBT=1
    CPU =0.001208

ITER: 280
    HPWL=31302.234375
    OVFL=0.235497
    HPWL=(23046.076172, 8256.158203)
    POTN=5.527502E+03
    PHIC=1.325736E-03
    GRAD=2.279616E-02
    NuBT=1
    CPU =0.001204

ITER: 281
    HPWL=31308.214844
    OVFL=0.231147
    HPWL=(23048.523438, 8259.690430)
    POTN=5.320924E+03
    PHIC=1.392021E-03
    GRAD=2.303173E-02
    NuBT=1
    CPU =0.001204

ITER: 282
    HPWL=31323.156250
    OVFL=0.228029
    HPWL=(23053.904297, 8269.251953)
    POTN=5.258502E+03
    PHIC=1.461619E-03
    GRAD=2.354020E-02
    NuBT=1
    CPU =0.001199

ITER: 283
    HPWL=31333.330078
    OVFL=0.226167
    HPWL=(23057.541016, 8275.789062)
    POTN=5.151982E+03
    PHIC=1.534698E-03
    GRAD=2.385302E-02
    NuBT=1
    CPU =0.001198

ITER: 284
    HPWL=31332.109375
    OVFL=0.222585
    HPWL=(23057.863281, 8274.247070)
    POTN=5.007687E+03
    PHIC=1.611433E-03
    GRAD=2.382846E-02
    NuBT=1
    CPU =0.001196

ITER: 285
    HPWL=31337.660156
    OVFL=0.219185
    HPWL=(23057.919922, 8279.740234)
    POTN=4.893710E+03
    PHIC=1.692003E-03
    GRAD=2.398453E-02
    NuBT=1
    CPU =0.001197

ITER: 286
    HPWL=31353.031250
    OVFL=0.216528
    HPWL=(23065.712891, 8287.318359)
    POTN=4.766330E+03
    PHIC=1.776599E-03
    GRAD=2.445231E-02
    NuBT=1
    CPU =0.001261

ITER: 287
    HPWL=31372.132812
    OVFL=0.212699
    HPWL=(23075.406250, 8296.727539)
    POTN=4.692999E+03
    PHIC=1.865424E-03
    GRAD=2.485111E-02
    NuBT=1
    CPU =0.001213

ITER: 288
    HPWL=31378.898438
    OVFL=0.209413
    HPWL=(23080.943359, 8297.956055)
    POTN=4.583062E+03
    PHIC=1.958693E-03
    GRAD=2.515862E-02
    NuBT=1
    CPU =0.001204

ITER: 289
    HPWL=31380.441406
    OVFL=0.206164
    HPWL=(23081.876953, 8298.565430)
    POTN=4.585026E+03
    PHIC=2.056628E-03
    GRAD=2.527029E-02
    NuBT=1
    CPU =0.001200

ITER: 290
    HPWL=31386.060547
    OVFL=0.201656
    HPWL=(23086.220703, 8299.839844)
    POTN=4.471583E+03
    PHIC=2.159457E-03
    GRAD=2.549249E-02
    NuBT=1
    CPU =0.001211

ITER: 291
    HPWL=31399.949219
    OVFL=0.198580
    HPWL=(23091.337891, 8308.610352)
    POTN=4.545810E+03
    PHIC=2.267426E-03
    GRAD=2.603088E-02
    NuBT=1
    CPU =0.001195

ITER: 292
    HPWL=31407.437500
    OVFL=0.194434
    HPWL=(23096.869141, 8310.569336)
    POTN=4.748801E+03
    PHIC=2.380794E-03
    GRAD=2.661068E-02
    NuBT=1
    CPU =0.001197

ITER: 293
    HPWL=31407.222656
    OVFL=0.190783
    HPWL=(23097.382812, 8309.838867)
    POTN=5.187524E+03
    PHIC=2.499834E-03
    GRAD=2.729373E-02
    NuBT=1
    CPU =0.001198

ITER: 294
    HPWL=31398.285156
    OVFL=0.188306
    HPWL=(23093.927734, 8304.357422)
    POTN=5.902487E+03
    PHIC=2.624826E-03
    GRAD=2.844316E-02
    NuBT=1
    CPU =0.001244

ITER: 295
    HPWL=31380.134766
    OVFL=0.187733
    HPWL=(23084.083984, 8296.050781)
    POTN=7.147170E+03
    PHIC=2.756067E-03
    GRAD=2.962517E-02
    NuBT=1
    CPU =0.001223

ITER: 296
    HPWL=31344.910156
    OVFL=0.184097
    HPWL=(23069.964844, 8274.945312)
    POTN=8.141928E+03
    PHIC=2.893870E-03
    GRAD=3.109861E-02
    NuBT=1
    CPU =0.001205

ITER: 297
    HPWL=31298.867188
    OVFL=0.181277
    HPWL=(23046.962891, 8251.904297)
    POTN=9.721402E+03
    PHIC=3.038563E-03
    GRAD=3.227407E-02
    NuBT=1
    CPU =0.001199

ITER: 298
    HPWL=31269.941406
    OVFL=0.173830
    HPWL=(23032.669922, 8237.271484)
    POTN=1.011858E+04
    PHIC=3.190491E-03
    GRAD=3.311386E-02
    NuBT=1
    CPU =0.001200

ITER: 299
    HPWL=31251.001953
    OVFL=0.168251
    HPWL=(23024.958984, 8226.042969)
    POTN=1.092422E+04
    PHIC=3.350015E-03
    GRAD=3.347311E-02
    NuBT=1
    CPU =0.001196

ITER: 300
    HPWL=31244.484375
    OVFL=0.161335
    HPWL=(23019.826172, 8224.657227)
    POTN=1.100872E+04
    PHIC=3.517516E-03
    GRAD=3.407072E-02
    NuBT=1
    CPU =0.001208

ITER: 301
    HPWL=31242.832031
    OVFL=0.156400
    HPWL=(23016.566406, 8226.265625)
    POTN=1.155513E+04
    PHIC=3.693392E-03
    GRAD=3.445031E-02
    NuBT=1
    CPU =0.001194

ITER: 302
    HPWL=31237.955078
    OVFL=0.152843
    HPWL=(23014.630859, 8223.324219)
    POTN=1.103344E+04
    PHIC=3.878061E-03
    GRAD=3.424264E-02
    NuBT=1
    CPU =0.001232

ITER: 303
    HPWL=31244.539062
    OVFL=0.155156
    HPWL=(23019.894531, 8224.643555)
    POTN=1.150552E+04
    PHIC=4.071960E-03
    GRAD=3.444809E-02
    NuBT=1
    CPU =0.001232

ITER: 304
    HPWL=31244.558594
    OVFL=0.154574
    HPWL=(23017.033203, 8227.525391)
    POTN=1.137968E+04
    PHIC=4.275558E-03
    GRAD=3.443491E-02
    NuBT=1
    CPU =0.001206

ITER: 305
    HPWL=31237.953125
    OVFL=0.155698
    HPWL=(23017.224609, 8220.728516)
    POTN=1.173183E+04
    PHIC=4.489336E-03
    GRAD=3.424324E-02
    NuBT=1
    CPU =0.001199

ITER: 306
    HPWL=31234.412109
    OVFL=0.150557
    HPWL=(23014.025391, 8220.386719)
    POTN=1.167418E+04
    PHIC=4.713802E-03
    GRAD=3.419058E-02
    NuBT=1
    CPU =0.001198

ITER: 307
    HPWL=31223.074219
    OVFL=0.147126
    HPWL=(23014.652344, 8208.421875)
    POTN=1.222256E+04
    PHIC=4.949492E-03
    GRAD=3.421614E-02
    NuBT=1
    CPU =0.001198

ITER: 308
    HPWL=31233.566406
    OVFL=0.139736
    HPWL=(23014.576172, 8218.991211)
    POTN=1.163884E+04
    PHIC=5.196959E-03
    GRAD=3.397027E-02
    NuBT=1
    CPU =0.001201

ITER: 309
    HPWL=31230.355469
    OVFL=0.136601
    HPWL=(23017.753906, 8212.600586)
    POTN=1.259159E+04
    PHIC=5.456807E-03
    GRAD=3.525135E-02
    NuBT=1
    CPU =0.001206

ITER: 310
    HPWL=31237.816406
    OVFL=0.130032
    HPWL=(23015.894531, 8221.920898)
    POTN=1.309185E+04
    PHIC=5.729641E-03
    GRAD=3.598923E-02
    NuBT=1
    CPU =0.001198

ITER: 311
    HPWL=31226.863281
    OVFL=0.125328
    HPWL=(23015.449219, 8211.413086)
    POTN=1.294477E+04
    PHIC=6.016123E-03
    GRAD=3.545606E-02
    NuBT=1
    CPU =0.001265

ITER: 312
    HPWL=31228.652344
    OVFL=0.120956
    HPWL=(23008.658203, 8219.995117)
    POTN=1.227800E+04
    PHIC=6.316927E-03
    GRAD=3.491652E-02
    NuBT=1
    CPU =0.001202

ITER: 313
    HPWL=31238.750000
    OVFL=0.115491
    HPWL=(23015.132812, 8223.617188)
    POTN=1.228493E+04
    PHIC=6.632763E-03
    GRAD=3.474449E-02
    NuBT=1
    CPU =0.001203

ITER: 314
    HPWL=31231.050781
    OVFL=0.112270
    HPWL=(23012.541016, 8218.508789)
    POTN=1.196756E+04
    PHIC=6.964401E-03
    GRAD=3.433736E-02
    NuBT=1
    CPU =0.001206

ITER: 315
    HPWL=31236.640625
    OVFL=0.109113
    HPWL=(23015.166016, 8221.473633)
    POTN=1.279609E+04
    PHIC=7.312615E-03
    GRAD=3.460335E-02
    NuBT=1
    CPU =0.001196

ITER: 316
    HPWL=31257.693359
    OVFL=0.101502
    HPWL=(23014.496094, 8243.197266)
    POTN=1.229176E+04
    PHIC=7.678223E-03
    GRAD=3.452097E-02
    NuBT=1
    CPU =0.001197

ITER: 317
    HPWL=31258.451172
    OVFL=0.103455
    HPWL=(23017.759766, 8240.691406)
    POTN=1.339925E+04
    PHIC=8.062134E-03
    GRAD=3.529640E-02
    NuBT=1
    CPU =0.001199

ITER: 318
    HPWL=31248.521484
    OVFL=0.100480
    HPWL=(23014.738281, 8233.783203)
    POTN=1.373518E+04
    PHIC=8.465240E-03
    GRAD=3.593427E-02
    NuBT=1
    CPU =0.001202

ITER: 319
    HPWL=31238.847656
    OVFL=0.103756
    HPWL=(23013.294922, 8225.551758)
    POTN=1.424393E+04
    PHIC=8.888502E-03
    GRAD=3.600627E-02
    NuBT=1
    CPU =0.001255

ITER: 320
    HPWL=31220.808594
    OVFL=0.100690
    HPWL=(23007.763672, 8213.044922)
    POTN=1.369259E+04
    PHIC=9.332926E-03
    GRAD=3.515352E-02
    NuBT=1
    CPU =0.001215

ITER: 321
    HPWL=31225.574219
    OVFL=0.098939
    HPWL=(23013.962891, 8211.611328)
    POTN=1.328857E+04
    PHIC=9.799565E-03
    GRAD=3.457205E-02
    NuBT=1
    CPU =0.001209
[INFO] Nesterov: NumIters = 321
[INFO] Nesterov: ScaledHpwl = 31225.574219
[INFO] Nesterov: Overflow = 0.098939
[INFO] Nesterov: Potential = 13288.566406
[INFO] Nesterov: xInstScaledHpwl = 31122.353516
[INFO] Nesterov: yInstScaledHpwl = 31225.574219
[INFO] Nesterov: HPWL = 9405.864258
