
25. Printing statistics.

=== sb_1__1_ ===

   Number of wires:                364
   Number of wire bits:            428
   Number of public wires:         351
   Number of public wire bits:     415
   Number of memories:               0
   Number of memory bits:            0
   Number of processes:              0
   Number of cells:                397
     sky130_fd_sc_hd__buf_2         36
     sky130_fd_sc_hd__conb_1        12
     sky130_fd_sc_hd__dfrbp_1       88
     sky130_fd_sc_hd__ebufn_1      144
     sky130_fd_sc_hd__inv_1        116
     sky130_fd_sc_hd__inv_8          1

   Area for cell type \sky130_fd_sc_hd__inv_1 is unknown!
   Area for cell type \sky130_fd_sc_hd__ebufn_1 is unknown!
   Area for cell type \sky130_fd_sc_hd__buf_2 is unknown!
   Area for cell type \sky130_fd_sc_hd__dfrbp_1 is unknown!

   Chip area for module '\sb_1__1_': 56.304000

