
24. Executing CHECK pass (checking for obvious problems).
checking module sb_3__3_..
Warning: Wire sb_3__3_.\chany_bottom_out [8] is used but has no driver.
Warning: Wire sb_3__3_.\chany_bottom_out [7] is used but has no driver.
Warning: Wire sb_3__3_.\chany_bottom_out [6] is used but has no driver.
Warning: Wire sb_3__3_.\chany_bottom_out [5] is used but has no driver.
Warning: Wire sb_3__3_.\chany_bottom_out [4] is used but has no driver.
Warning: Wire sb_3__3_.\chany_bottom_out [3] is used but has no driver.
Warning: Wire sb_3__3_.\chany_bottom_out [2] is used but has no driver.
Warning: Wire sb_3__3_.\chany_bottom_out [1] is used but has no driver.
Warning: Wire sb_3__3_.\chany_bottom_out [0] is used but has no driver.
Warning: Wire sb_3__3_.\chanx_left_out [8] is used but has no driver.
Warning: Wire sb_3__3_.\chanx_left_out [7] is used but has no driver.
Warning: Wire sb_3__3_.\chanx_left_out [6] is used but has no driver.
Warning: Wire sb_3__3_.\chanx_left_out [5] is used but has no driver.
Warning: Wire sb_3__3_.\chanx_left_out [4] is used but has no driver.
Warning: Wire sb_3__3_.\chanx_left_out [3] is used but has no driver.
Warning: Wire sb_3__3_.\chanx_left_out [2] is used but has no driver.
Warning: Wire sb_3__3_.\chanx_left_out [1] is used but has no driver.
Warning: Wire sb_3__3_.\chanx_left_out [0] is used but has no driver.
found and reported 18 problems.
