
 /----------------------------------------------------------------------------\
 |                                                                            |
 |  yosys -- Yosys Open SYnthesis Suite                                       |
 |                                                                            |
 |  Copyright (C) 2012 - 2020  Claire Wolf <claire@symbioticeda.com>          |
 |                                                                            |
 |  Permission to use, copy, modify, and/or distribute this software for any  |
 |  purpose with or without fee is hereby granted, provided that the above    |
 |  copyright notice and this permission notice appear in all copies.         |
 |                                                                            |
 |  THE SOFTWARE IS PROVIDED "AS IS" AND THE AUTHOR DISCLAIMS ALL WARRANTIES  |
 |  WITH REGARD TO THIS SOFTWARE INCLUDING ALL IMPLIED WARRANTIES OF          |
 |  MERCHANTABILITY AND FITNESS. IN NO EVENT SHALL THE AUTHOR BE LIABLE FOR   |
 |  ANY SPECIAL, DIRECT, INDIRECT, OR CONSEQUENTIAL DAMAGES OR ANY DAMAGES    |
 |  WHATSOEVER RESULTING FROM LOSS OF USE, DATA OR PROFITS, WHETHER IN AN     |
 |  ACTION OF CONTRACT, NEGLIGENCE OR OTHER TORTIOUS ACTION, ARISING OUT OF   |
 |  OR IN CONNECTION WITH THE USE OR PERFORMANCE OF THIS SOFTWARE.            |
 |                                                                            |
 \----------------------------------------------------------------------------/

 Yosys 0.9+2406 (git sha1 347dd01, gcc 8.3.1 -fPIC -Os)

[TCL: yosys -import] Command name collision: found pre-existing command `cd' -> skip.
[TCL: yosys -import] Command name collision: found pre-existing command `eval' -> skip.
[TCL: yosys -import] Command name collision: found pre-existing command `exec' -> skip.
[TCL: yosys -import] Command name collision: found pre-existing command `read' -> skip.
[TCL: yosys -import] Command name collision: found pre-existing command `trace' -> skip.

1. Executing Verilog-2005 frontend: /openLANE_flow/designs/sb_1__1_/runs/03-09_18-31//results/lvs/sb_1__1_.lvs.powered.v
Parsing Verilog input from `/openLANE_flow/designs/sb_1__1_/runs/03-09_18-31//results/lvs/sb_1__1_.lvs.powered.v' to AST representation.
Generating RTLIL representation for module `\sb_1__1_'.
/openLANE_flow/designs/sb_1__1_/runs/03-09_18-31//results/lvs/sb_1__1_.lvs.powered.v:178: Warning: Identifier `\mem_bottom_track_1.ccff_head' is implicitly declared.
/openLANE_flow/designs/sb_1__1_/runs/03-09_18-31//results/lvs/sb_1__1_.lvs.powered.v:179: Warning: Identifier `\mem_bottom_track_1.sc_dff_compact_0_.Q' is implicitly declared.
/openLANE_flow/designs/sb_1__1_/runs/03-09_18-31//results/lvs/sb_1__1_.lvs.powered.v:180: Warning: Identifier `\mem_bottom_track_1.sc_dff_compact_0_.Qb' is implicitly declared.
/openLANE_flow/designs/sb_1__1_/runs/03-09_18-31//results/lvs/sb_1__1_.lvs.powered.v:182: Warning: Identifier `\clknet_3_1_0_prog_clk' is implicitly declared.
/openLANE_flow/designs/sb_1__1_/runs/03-09_18-31//results/lvs/sb_1__1_.lvs.powered.v:186: Warning: Identifier `\mem_bottom_track_1.sc_dff_compact_1_.Q' is implicitly declared.
/openLANE_flow/designs/sb_1__1_/runs/03-09_18-31//results/lvs/sb_1__1_.lvs.powered.v:187: Warning: Identifier `\mem_bottom_track_1.sc_dff_compact_1_.Qb' is implicitly declared.
/openLANE_flow/designs/sb_1__1_/runs/03-09_18-31//results/lvs/sb_1__1_.lvs.powered.v:189: Warning: Identifier `\clknet_3_4_0_prog_clk' is implicitly declared.
/openLANE_flow/designs/sb_1__1_/runs/03-09_18-31//results/lvs/sb_1__1_.lvs.powered.v:193: Warning: Identifier `\mem_bottom_track_1.sc_dff_compact_2_.Q' is implicitly declared.
/openLANE_flow/designs/sb_1__1_/runs/03-09_18-31//results/lvs/sb_1__1_.lvs.powered.v:194: Warning: Identifier `\mem_bottom_track_1.sc_dff_compact_2_.Qb' is implicitly declared.
/openLANE_flow/designs/sb_1__1_/runs/03-09_18-31//results/lvs/sb_1__1_.lvs.powered.v:200: Warning: Identifier `\mem_bottom_track_1.sc_dff_compact_3_.Q' is implicitly declared.
/openLANE_flow/designs/sb_1__1_/runs/03-09_18-31//results/lvs/sb_1__1_.lvs.powered.v:201: Warning: Identifier `\mem_bottom_track_1.sc_dff_compact_3_.Qb' is implicitly declared.
/openLANE_flow/designs/sb_1__1_/runs/03-09_18-31//results/lvs/sb_1__1_.lvs.powered.v:206: Warning: Identifier `\mem_bottom_track_1.sc_dff_compact_4_.Q' is implicitly declared.
/openLANE_flow/designs/sb_1__1_/runs/03-09_18-31//results/lvs/sb_1__1_.lvs.powered.v:207: Warning: Identifier `\mem_bottom_track_1.sc_dff_compact_4_.Qb' is implicitly declared.
/openLANE_flow/designs/sb_1__1_/runs/03-09_18-31//results/lvs/sb_1__1_.lvs.powered.v:213: Warning: Identifier `\mem_bottom_track_1.sc_dff_compact_5_.Q' is implicitly declared.
/openLANE_flow/designs/sb_1__1_/runs/03-09_18-31//results/lvs/sb_1__1_.lvs.powered.v:214: Warning: Identifier `\mem_bottom_track_1.sc_dff_compact_5_.Qb' is implicitly declared.
/openLANE_flow/designs/sb_1__1_/runs/03-09_18-31//results/lvs/sb_1__1_.lvs.powered.v:220: Warning: Identifier `\mem_bottom_track_1.sc_dff_compact_6_.Q' is implicitly declared.
/openLANE_flow/designs/sb_1__1_/runs/03-09_18-31//results/lvs/sb_1__1_.lvs.powered.v:221: Warning: Identifier `\mem_bottom_track_1.sc_dff_compact_6_.Qb' is implicitly declared.
/openLANE_flow/designs/sb_1__1_/runs/03-09_18-31//results/lvs/sb_1__1_.lvs.powered.v:223: Warning: Identifier `\clknet_3_6_0_prog_clk' is implicitly declared.
/openLANE_flow/designs/sb_1__1_/runs/03-09_18-31//results/lvs/sb_1__1_.lvs.powered.v:227: Warning: Identifier `\mem_bottom_track_1.ccff_tail' is implicitly declared.
/openLANE_flow/designs/sb_1__1_/runs/03-09_18-31//results/lvs/sb_1__1_.lvs.powered.v:228: Warning: Identifier `\mem_bottom_track_1.sc_dff_compact_7_.Qb' is implicitly declared.
/openLANE_flow/designs/sb_1__1_/runs/03-09_18-31//results/lvs/sb_1__1_.lvs.powered.v:233: Warning: Identifier `\mem_bottom_track_17.ccff_head' is implicitly declared.
/openLANE_flow/designs/sb_1__1_/runs/03-09_18-31//results/lvs/sb_1__1_.lvs.powered.v:234: Warning: Identifier `\mem_bottom_track_17.sc_dff_compact_0_.Q' is implicitly declared.
/openLANE_flow/designs/sb_1__1_/runs/03-09_18-31//results/lvs/sb_1__1_.lvs.powered.v:235: Warning: Identifier `\mem_bottom_track_17.sc_dff_compact_0_.Qb' is implicitly declared.
/openLANE_flow/designs/sb_1__1_/runs/03-09_18-31//results/lvs/sb_1__1_.lvs.powered.v:237: Warning: Identifier `\clknet_3_3_0_prog_clk' is implicitly declared.
/openLANE_flow/designs/sb_1__1_/runs/03-09_18-31//results/lvs/sb_1__1_.lvs.powered.v:241: Warning: Identifier `\mem_bottom_track_17.sc_dff_compact_1_.Q' is implicitly declared.
/openLANE_flow/designs/sb_1__1_/runs/03-09_18-31//results/lvs/sb_1__1_.lvs.powered.v:242: Warning: Identifier `\mem_bottom_track_17.sc_dff_compact_1_.Qb' is implicitly declared.
/openLANE_flow/designs/sb_1__1_/runs/03-09_18-31//results/lvs/sb_1__1_.lvs.powered.v:248: Warning: Identifier `\mem_bottom_track_17.sc_dff_compact_2_.Q' is implicitly declared.
/openLANE_flow/designs/sb_1__1_/runs/03-09_18-31//results/lvs/sb_1__1_.lvs.powered.v:249: Warning: Identifier `\mem_bottom_track_17.sc_dff_compact_2_.Qb' is implicitly declared.
/openLANE_flow/designs/sb_1__1_/runs/03-09_18-31//results/lvs/sb_1__1_.lvs.powered.v:255: Warning: Identifier `\mem_bottom_track_17.sc_dff_compact_3_.Q' is implicitly declared.
/openLANE_flow/designs/sb_1__1_/runs/03-09_18-31//results/lvs/sb_1__1_.lvs.powered.v:256: Warning: Identifier `\mem_bottom_track_17.sc_dff_compact_3_.Qb' is implicitly declared.
/openLANE_flow/designs/sb_1__1_/runs/03-09_18-31//results/lvs/sb_1__1_.lvs.powered.v:261: Warning: Identifier `\mem_bottom_track_17.sc_dff_compact_4_.Q' is implicitly declared.
/openLANE_flow/designs/sb_1__1_/runs/03-09_18-31//results/lvs/sb_1__1_.lvs.powered.v:262: Warning: Identifier `\mem_bottom_track_17.sc_dff_compact_4_.Qb' is implicitly declared.
/openLANE_flow/designs/sb_1__1_/runs/03-09_18-31//results/lvs/sb_1__1_.lvs.powered.v:267: Warning: Identifier `\mem_bottom_track_17.ccff_tail' is implicitly declared.
/openLANE_flow/designs/sb_1__1_/runs/03-09_18-31//results/lvs/sb_1__1_.lvs.powered.v:268: Warning: Identifier `\mem_bottom_track_17.sc_dff_compact_5_.Qb' is implicitly declared.
/openLANE_flow/designs/sb_1__1_/runs/03-09_18-31//results/lvs/sb_1__1_.lvs.powered.v:274: Warning: Identifier `\mem_bottom_track_9.sc_dff_compact_0_.Q' is implicitly declared.
/openLANE_flow/designs/sb_1__1_/runs/03-09_18-31//results/lvs/sb_1__1_.lvs.powered.v:275: Warning: Identifier `\mem_bottom_track_9.sc_dff_compact_0_.Qb' is implicitly declared.
/openLANE_flow/designs/sb_1__1_/runs/03-09_18-31//results/lvs/sb_1__1_.lvs.powered.v:280: Warning: Identifier `\mem_bottom_track_9.sc_dff_compact_1_.Q' is implicitly declared.
/openLANE_flow/designs/sb_1__1_/runs/03-09_18-31//results/lvs/sb_1__1_.lvs.powered.v:281: Warning: Identifier `\mem_bottom_track_9.sc_dff_compact_1_.Qb' is implicitly declared.
/openLANE_flow/designs/sb_1__1_/runs/03-09_18-31//results/lvs/sb_1__1_.lvs.powered.v:287: Warning: Identifier `\mem_bottom_track_9.sc_dff_compact_2_.Q' is implicitly declared.
/openLANE_flow/designs/sb_1__1_/runs/03-09_18-31//results/lvs/sb_1__1_.lvs.powered.v:288: Warning: Identifier `\mem_bottom_track_9.sc_dff_compact_2_.Qb' is implicitly declared.
/openLANE_flow/designs/sb_1__1_/runs/03-09_18-31//results/lvs/sb_1__1_.lvs.powered.v:293: Warning: Identifier `\mem_bottom_track_9.sc_dff_compact_3_.Q' is implicitly declared.
/openLANE_flow/designs/sb_1__1_/runs/03-09_18-31//results/lvs/sb_1__1_.lvs.powered.v:294: Warning: Identifier `\mem_bottom_track_9.sc_dff_compact_3_.Qb' is implicitly declared.
/openLANE_flow/designs/sb_1__1_/runs/03-09_18-31//results/lvs/sb_1__1_.lvs.powered.v:300: Warning: Identifier `\mem_bottom_track_9.sc_dff_compact_4_.Q' is implicitly declared.
/openLANE_flow/designs/sb_1__1_/runs/03-09_18-31//results/lvs/sb_1__1_.lvs.powered.v:301: Warning: Identifier `\mem_bottom_track_9.sc_dff_compact_4_.Qb' is implicitly declared.
/openLANE_flow/designs/sb_1__1_/runs/03-09_18-31//results/lvs/sb_1__1_.lvs.powered.v:307: Warning: Identifier `\mem_bottom_track_9.sc_dff_compact_5_.Q' is implicitly declared.
/openLANE_flow/designs/sb_1__1_/runs/03-09_18-31//results/lvs/sb_1__1_.lvs.powered.v:308: Warning: Identifier `\mem_bottom_track_9.sc_dff_compact_5_.Qb' is implicitly declared.
/openLANE_flow/designs/sb_1__1_/runs/03-09_18-31//results/lvs/sb_1__1_.lvs.powered.v:314: Warning: Identifier `\mem_bottom_track_9.sc_dff_compact_6_.Q' is implicitly declared.
/openLANE_flow/designs/sb_1__1_/runs/03-09_18-31//results/lvs/sb_1__1_.lvs.powered.v:315: Warning: Identifier `\mem_bottom_track_9.sc_dff_compact_6_.Qb' is implicitly declared.
/openLANE_flow/designs/sb_1__1_/runs/03-09_18-31//results/lvs/sb_1__1_.lvs.powered.v:321: Warning: Identifier `\mem_bottom_track_9.sc_dff_compact_7_.Qb' is implicitly declared.
/openLANE_flow/designs/sb_1__1_/runs/03-09_18-31//results/lvs/sb_1__1_.lvs.powered.v:327: Warning: Identifier `\mem_left_track_1.sc_dff_compact_0_.Q' is implicitly declared.
/openLANE_flow/designs/sb_1__1_/runs/03-09_18-31//results/lvs/sb_1__1_.lvs.powered.v:328: Warning: Identifier `\mem_left_track_1.sc_dff_compact_0_.Qb' is implicitly declared.
/openLANE_flow/designs/sb_1__1_/runs/03-09_18-31//results/lvs/sb_1__1_.lvs.powered.v:334: Warning: Identifier `\mem_left_track_1.sc_dff_compact_1_.Q' is implicitly declared.
/openLANE_flow/designs/sb_1__1_/runs/03-09_18-31//results/lvs/sb_1__1_.lvs.powered.v:335: Warning: Identifier `\mem_left_track_1.sc_dff_compact_1_.Qb' is implicitly declared.
/openLANE_flow/designs/sb_1__1_/runs/03-09_18-31//results/lvs/sb_1__1_.lvs.powered.v:340: Warning: Identifier `\mem_left_track_1.sc_dff_compact_2_.Q' is implicitly declared.
/openLANE_flow/designs/sb_1__1_/runs/03-09_18-31//results/lvs/sb_1__1_.lvs.powered.v:341: Warning: Identifier `\mem_left_track_1.sc_dff_compact_2_.Qb' is implicitly declared.
/openLANE_flow/designs/sb_1__1_/runs/03-09_18-31//results/lvs/sb_1__1_.lvs.powered.v:347: Warning: Identifier `\mem_left_track_1.sc_dff_compact_3_.Q' is implicitly declared.
/openLANE_flow/designs/sb_1__1_/runs/03-09_18-31//results/lvs/sb_1__1_.lvs.powered.v:348: Warning: Identifier `\mem_left_track_1.sc_dff_compact_3_.Qb' is implicitly declared.
/openLANE_flow/designs/sb_1__1_/runs/03-09_18-31//results/lvs/sb_1__1_.lvs.powered.v:350: Warning: Identifier `\clknet_3_0_0_prog_clk' is implicitly declared.
/openLANE_flow/designs/sb_1__1_/runs/03-09_18-31//results/lvs/sb_1__1_.lvs.powered.v:354: Warning: Identifier `\mem_left_track_1.sc_dff_compact_4_.Q' is implicitly declared.
/openLANE_flow/designs/sb_1__1_/runs/03-09_18-31//results/lvs/sb_1__1_.lvs.powered.v:355: Warning: Identifier `\mem_left_track_1.sc_dff_compact_4_.Qb' is implicitly declared.
/openLANE_flow/designs/sb_1__1_/runs/03-09_18-31//results/lvs/sb_1__1_.lvs.powered.v:360: Warning: Identifier `\mem_left_track_1.sc_dff_compact_5_.Q' is implicitly declared.
/openLANE_flow/designs/sb_1__1_/runs/03-09_18-31//results/lvs/sb_1__1_.lvs.powered.v:361: Warning: Identifier `\mem_left_track_1.sc_dff_compact_5_.Qb' is implicitly declared.
/openLANE_flow/designs/sb_1__1_/runs/03-09_18-31//results/lvs/sb_1__1_.lvs.powered.v:366: Warning: Identifier `\mem_left_track_1.sc_dff_compact_6_.Q' is implicitly declared.
/openLANE_flow/designs/sb_1__1_/runs/03-09_18-31//results/lvs/sb_1__1_.lvs.powered.v:367: Warning: Identifier `\mem_left_track_1.sc_dff_compact_6_.Qb' is implicitly declared.
/openLANE_flow/designs/sb_1__1_/runs/03-09_18-31//results/lvs/sb_1__1_.lvs.powered.v:372: Warning: Identifier `\mem_left_track_1.ccff_tail' is implicitly declared.
/openLANE_flow/designs/sb_1__1_/runs/03-09_18-31//results/lvs/sb_1__1_.lvs.powered.v:373: Warning: Identifier `\mem_left_track_1.sc_dff_compact_7_.Qb' is implicitly declared.
/openLANE_flow/designs/sb_1__1_/runs/03-09_18-31//results/lvs/sb_1__1_.lvs.powered.v:375: Warning: Identifier `\clknet_3_5_0_prog_clk' is implicitly declared.
/openLANE_flow/designs/sb_1__1_/runs/03-09_18-31//results/lvs/sb_1__1_.lvs.powered.v:378: Warning: Identifier `\mem_left_track_17.ccff_head' is implicitly declared.
/openLANE_flow/designs/sb_1__1_/runs/03-09_18-31//results/lvs/sb_1__1_.lvs.powered.v:379: Warning: Identifier `\mem_left_track_17.sc_dff_compact_0_.Q' is implicitly declared.
/openLANE_flow/designs/sb_1__1_/runs/03-09_18-31//results/lvs/sb_1__1_.lvs.powered.v:380: Warning: Identifier `\mem_left_track_17.sc_dff_compact_0_.Qb' is implicitly declared.
/openLANE_flow/designs/sb_1__1_/runs/03-09_18-31//results/lvs/sb_1__1_.lvs.powered.v:386: Warning: Identifier `\mem_left_track_17.sc_dff_compact_1_.Q' is implicitly declared.
/openLANE_flow/designs/sb_1__1_/runs/03-09_18-31//results/lvs/sb_1__1_.lvs.powered.v:387: Warning: Identifier `\mem_left_track_17.sc_dff_compact_1_.Qb' is implicitly declared.
/openLANE_flow/designs/sb_1__1_/runs/03-09_18-31//results/lvs/sb_1__1_.lvs.powered.v:393: Warning: Identifier `\mem_left_track_17.sc_dff_compact_2_.Q' is implicitly declared.
/openLANE_flow/designs/sb_1__1_/runs/03-09_18-31//results/lvs/sb_1__1_.lvs.powered.v:394: Warning: Identifier `\mem_left_track_17.sc_dff_compact_2_.Qb' is implicitly declared.
/openLANE_flow/designs/sb_1__1_/runs/03-09_18-31//results/lvs/sb_1__1_.lvs.powered.v:399: Warning: Identifier `\mem_left_track_17.sc_dff_compact_3_.Q' is implicitly declared.
/openLANE_flow/designs/sb_1__1_/runs/03-09_18-31//results/lvs/sb_1__1_.lvs.powered.v:400: Warning: Identifier `\mem_left_track_17.sc_dff_compact_3_.Qb' is implicitly declared.
/openLANE_flow/designs/sb_1__1_/runs/03-09_18-31//results/lvs/sb_1__1_.lvs.powered.v:405: Warning: Identifier `\mem_left_track_17.sc_dff_compact_4_.Q' is implicitly declared.
/openLANE_flow/designs/sb_1__1_/runs/03-09_18-31//results/lvs/sb_1__1_.lvs.powered.v:406: Warning: Identifier `\mem_left_track_17.sc_dff_compact_4_.Qb' is implicitly declared.
/openLANE_flow/designs/sb_1__1_/runs/03-09_18-31//results/lvs/sb_1__1_.lvs.powered.v:412: Warning: Identifier `\mem_left_track_17.sc_dff_compact_5_.Qb' is implicitly declared.
/openLANE_flow/designs/sb_1__1_/runs/03-09_18-31//results/lvs/sb_1__1_.lvs.powered.v:418: Warning: Identifier `\mem_left_track_9.sc_dff_compact_0_.Q' is implicitly declared.
/openLANE_flow/designs/sb_1__1_/runs/03-09_18-31//results/lvs/sb_1__1_.lvs.powered.v:419: Warning: Identifier `\mem_left_track_9.sc_dff_compact_0_.Qb' is implicitly declared.
/openLANE_flow/designs/sb_1__1_/runs/03-09_18-31//results/lvs/sb_1__1_.lvs.powered.v:424: Warning: Identifier `\mem_left_track_9.sc_dff_compact_1_.Q' is implicitly declared.
/openLANE_flow/designs/sb_1__1_/runs/03-09_18-31//results/lvs/sb_1__1_.lvs.powered.v:425: Warning: Identifier `\mem_left_track_9.sc_dff_compact_1_.Qb' is implicitly declared.
/openLANE_flow/designs/sb_1__1_/runs/03-09_18-31//results/lvs/sb_1__1_.lvs.powered.v:431: Warning: Identifier `\mem_left_track_9.sc_dff_compact_2_.Q' is implicitly declared.
/openLANE_flow/designs/sb_1__1_/runs/03-09_18-31//results/lvs/sb_1__1_.lvs.powered.v:432: Warning: Identifier `\mem_left_track_9.sc_dff_compact_2_.Qb' is implicitly declared.
/openLANE_flow/designs/sb_1__1_/runs/03-09_18-31//results/lvs/sb_1__1_.lvs.powered.v:438: Warning: Identifier `\mem_left_track_9.sc_dff_compact_3_.Q' is implicitly declared.
/openLANE_flow/designs/sb_1__1_/runs/03-09_18-31//results/lvs/sb_1__1_.lvs.powered.v:439: Warning: Identifier `\mem_left_track_9.sc_dff_compact_3_.Qb' is implicitly declared.
/openLANE_flow/designs/sb_1__1_/runs/03-09_18-31//results/lvs/sb_1__1_.lvs.powered.v:445: Warning: Identifier `\mem_left_track_9.sc_dff_compact_4_.Q' is implicitly declared.
/openLANE_flow/designs/sb_1__1_/runs/03-09_18-31//results/lvs/sb_1__1_.lvs.powered.v:446: Warning: Identifier `\mem_left_track_9.sc_dff_compact_4_.Qb' is implicitly declared.
/openLANE_flow/designs/sb_1__1_/runs/03-09_18-31//results/lvs/sb_1__1_.lvs.powered.v:452: Warning: Identifier `\mem_left_track_9.sc_dff_compact_5_.Q' is implicitly declared.
/openLANE_flow/designs/sb_1__1_/runs/03-09_18-31//results/lvs/sb_1__1_.lvs.powered.v:453: Warning: Identifier `\mem_left_track_9.sc_dff_compact_5_.Qb' is implicitly declared.
/openLANE_flow/designs/sb_1__1_/runs/03-09_18-31//results/lvs/sb_1__1_.lvs.powered.v:459: Warning: Identifier `\mem_left_track_9.sc_dff_compact_6_.Q' is implicitly declared.
/openLANE_flow/designs/sb_1__1_/runs/03-09_18-31//results/lvs/sb_1__1_.lvs.powered.v:460: Warning: Identifier `\mem_left_track_9.sc_dff_compact_6_.Qb' is implicitly declared.
/openLANE_flow/designs/sb_1__1_/runs/03-09_18-31//results/lvs/sb_1__1_.lvs.powered.v:467: Warning: Identifier `\mem_left_track_9.sc_dff_compact_7_.Qb' is implicitly declared.
/openLANE_flow/designs/sb_1__1_/runs/03-09_18-31//results/lvs/sb_1__1_.lvs.powered.v:472: Warning: Identifier `\mem_right_track_0.ccff_head' is implicitly declared.
/openLANE_flow/designs/sb_1__1_/runs/03-09_18-31//results/lvs/sb_1__1_.lvs.powered.v:473: Warning: Identifier `\mem_right_track_0.sc_dff_compact_0_.Q' is implicitly declared.
/openLANE_flow/designs/sb_1__1_/runs/03-09_18-31//results/lvs/sb_1__1_.lvs.powered.v:474: Warning: Identifier `\mem_right_track_0.sc_dff_compact_0_.Qb' is implicitly declared.
/openLANE_flow/designs/sb_1__1_/runs/03-09_18-31//results/lvs/sb_1__1_.lvs.powered.v:480: Warning: Identifier `\mem_right_track_0.sc_dff_compact_1_.Q' is implicitly declared.
/openLANE_flow/designs/sb_1__1_/runs/03-09_18-31//results/lvs/sb_1__1_.lvs.powered.v:481: Warning: Identifier `\mem_right_track_0.sc_dff_compact_1_.Qb' is implicitly declared.
/openLANE_flow/designs/sb_1__1_/runs/03-09_18-31//results/lvs/sb_1__1_.lvs.powered.v:483: Warning: Identifier `\clknet_3_7_0_prog_clk' is implicitly declared.
/openLANE_flow/designs/sb_1__1_/runs/03-09_18-31//results/lvs/sb_1__1_.lvs.powered.v:487: Warning: Identifier `\mem_right_track_0.sc_dff_compact_2_.Q' is implicitly declared.
/openLANE_flow/designs/sb_1__1_/runs/03-09_18-31//results/lvs/sb_1__1_.lvs.powered.v:488: Warning: Identifier `\mem_right_track_0.sc_dff_compact_2_.Qb' is implicitly declared.
/openLANE_flow/designs/sb_1__1_/runs/03-09_18-31//results/lvs/sb_1__1_.lvs.powered.v:494: Warning: Identifier `\mem_right_track_0.sc_dff_compact_3_.Q' is implicitly declared.
/openLANE_flow/designs/sb_1__1_/runs/03-09_18-31//results/lvs/sb_1__1_.lvs.powered.v:495: Warning: Identifier `\mem_right_track_0.sc_dff_compact_3_.Qb' is implicitly declared.
/openLANE_flow/designs/sb_1__1_/runs/03-09_18-31//results/lvs/sb_1__1_.lvs.powered.v:501: Warning: Identifier `\mem_right_track_0.sc_dff_compact_4_.Q' is implicitly declared.
/openLANE_flow/designs/sb_1__1_/runs/03-09_18-31//results/lvs/sb_1__1_.lvs.powered.v:502: Warning: Identifier `\mem_right_track_0.sc_dff_compact_4_.Qb' is implicitly declared.
/openLANE_flow/designs/sb_1__1_/runs/03-09_18-31//results/lvs/sb_1__1_.lvs.powered.v:508: Warning: Identifier `\mem_right_track_0.sc_dff_compact_5_.Q' is implicitly declared.
/openLANE_flow/designs/sb_1__1_/runs/03-09_18-31//results/lvs/sb_1__1_.lvs.powered.v:509: Warning: Identifier `\mem_right_track_0.sc_dff_compact_5_.Qb' is implicitly declared.
/openLANE_flow/designs/sb_1__1_/runs/03-09_18-31//results/lvs/sb_1__1_.lvs.powered.v:515: Warning: Identifier `\mem_right_track_0.sc_dff_compact_6_.Q' is implicitly declared.
/openLANE_flow/designs/sb_1__1_/runs/03-09_18-31//results/lvs/sb_1__1_.lvs.powered.v:516: Warning: Identifier `\mem_right_track_0.sc_dff_compact_6_.Qb' is implicitly declared.
/openLANE_flow/designs/sb_1__1_/runs/03-09_18-31//results/lvs/sb_1__1_.lvs.powered.v:521: Warning: Identifier `\mem_right_track_0.ccff_tail' is implicitly declared.
/openLANE_flow/designs/sb_1__1_/runs/03-09_18-31//results/lvs/sb_1__1_.lvs.powered.v:522: Warning: Identifier `\mem_right_track_0.sc_dff_compact_7_.Qb' is implicitly declared.
/openLANE_flow/designs/sb_1__1_/runs/03-09_18-31//results/lvs/sb_1__1_.lvs.powered.v:526: Warning: Identifier `\mem_right_track_16.ccff_head' is implicitly declared.
/openLANE_flow/designs/sb_1__1_/runs/03-09_18-31//results/lvs/sb_1__1_.lvs.powered.v:527: Warning: Identifier `\mem_right_track_16.sc_dff_compact_0_.Q' is implicitly declared.
/openLANE_flow/designs/sb_1__1_/runs/03-09_18-31//results/lvs/sb_1__1_.lvs.powered.v:528: Warning: Identifier `\mem_right_track_16.sc_dff_compact_0_.Qb' is implicitly declared.
/openLANE_flow/designs/sb_1__1_/runs/03-09_18-31//results/lvs/sb_1__1_.lvs.powered.v:534: Warning: Identifier `\mem_right_track_16.sc_dff_compact_1_.Q' is implicitly declared.
/openLANE_flow/designs/sb_1__1_/runs/03-09_18-31//results/lvs/sb_1__1_.lvs.powered.v:535: Warning: Identifier `\mem_right_track_16.sc_dff_compact_1_.Qb' is implicitly declared.
/openLANE_flow/designs/sb_1__1_/runs/03-09_18-31//results/lvs/sb_1__1_.lvs.powered.v:540: Warning: Identifier `\mem_right_track_16.sc_dff_compact_2_.Q' is implicitly declared.
/openLANE_flow/designs/sb_1__1_/runs/03-09_18-31//results/lvs/sb_1__1_.lvs.powered.v:541: Warning: Identifier `\mem_right_track_16.sc_dff_compact_2_.Qb' is implicitly declared.
/openLANE_flow/designs/sb_1__1_/runs/03-09_18-31//results/lvs/sb_1__1_.lvs.powered.v:546: Warning: Identifier `\mem_right_track_16.sc_dff_compact_3_.Q' is implicitly declared.
/openLANE_flow/designs/sb_1__1_/runs/03-09_18-31//results/lvs/sb_1__1_.lvs.powered.v:547: Warning: Identifier `\mem_right_track_16.sc_dff_compact_3_.Qb' is implicitly declared.
/openLANE_flow/designs/sb_1__1_/runs/03-09_18-31//results/lvs/sb_1__1_.lvs.powered.v:552: Warning: Identifier `\mem_right_track_16.sc_dff_compact_4_.Q' is implicitly declared.
/openLANE_flow/designs/sb_1__1_/runs/03-09_18-31//results/lvs/sb_1__1_.lvs.powered.v:553: Warning: Identifier `\mem_right_track_16.sc_dff_compact_4_.Qb' is implicitly declared.
/openLANE_flow/designs/sb_1__1_/runs/03-09_18-31//results/lvs/sb_1__1_.lvs.powered.v:559: Warning: Identifier `\mem_right_track_16.sc_dff_compact_5_.Qb' is implicitly declared.
/openLANE_flow/designs/sb_1__1_/runs/03-09_18-31//results/lvs/sb_1__1_.lvs.powered.v:564: Warning: Identifier `\mem_right_track_8.sc_dff_compact_0_.Q' is implicitly declared.
/openLANE_flow/designs/sb_1__1_/runs/03-09_18-31//results/lvs/sb_1__1_.lvs.powered.v:565: Warning: Identifier `\mem_right_track_8.sc_dff_compact_0_.Qb' is implicitly declared.
/openLANE_flow/designs/sb_1__1_/runs/03-09_18-31//results/lvs/sb_1__1_.lvs.powered.v:571: Warning: Identifier `\mem_right_track_8.sc_dff_compact_1_.Q' is implicitly declared.
/openLANE_flow/designs/sb_1__1_/runs/03-09_18-31//results/lvs/sb_1__1_.lvs.powered.v:572: Warning: Identifier `\mem_right_track_8.sc_dff_compact_1_.Qb' is implicitly declared.
/openLANE_flow/designs/sb_1__1_/runs/03-09_18-31//results/lvs/sb_1__1_.lvs.powered.v:578: Warning: Identifier `\mem_right_track_8.sc_dff_compact_2_.Q' is implicitly declared.
/openLANE_flow/designs/sb_1__1_/runs/03-09_18-31//results/lvs/sb_1__1_.lvs.powered.v:579: Warning: Identifier `\mem_right_track_8.sc_dff_compact_2_.Qb' is implicitly declared.
/openLANE_flow/designs/sb_1__1_/runs/03-09_18-31//results/lvs/sb_1__1_.lvs.powered.v:581: Warning: Identifier `\clknet_3_2_0_prog_clk' is implicitly declared.
/openLANE_flow/designs/sb_1__1_/runs/03-09_18-31//results/lvs/sb_1__1_.lvs.powered.v:585: Warning: Identifier `\mem_right_track_8.sc_dff_compact_3_.Q' is implicitly declared.
/openLANE_flow/designs/sb_1__1_/runs/03-09_18-31//results/lvs/sb_1__1_.lvs.powered.v:586: Warning: Identifier `\mem_right_track_8.sc_dff_compact_3_.Qb' is implicitly declared.
/openLANE_flow/designs/sb_1__1_/runs/03-09_18-31//results/lvs/sb_1__1_.lvs.powered.v:592: Warning: Identifier `\mem_right_track_8.sc_dff_compact_4_.Q' is implicitly declared.
/openLANE_flow/designs/sb_1__1_/runs/03-09_18-31//results/lvs/sb_1__1_.lvs.powered.v:593: Warning: Identifier `\mem_right_track_8.sc_dff_compact_4_.Qb' is implicitly declared.
/openLANE_flow/designs/sb_1__1_/runs/03-09_18-31//results/lvs/sb_1__1_.lvs.powered.v:599: Warning: Identifier `\mem_right_track_8.sc_dff_compact_5_.Q' is implicitly declared.
/openLANE_flow/designs/sb_1__1_/runs/03-09_18-31//results/lvs/sb_1__1_.lvs.powered.v:600: Warning: Identifier `\mem_right_track_8.sc_dff_compact_5_.Qb' is implicitly declared.
/openLANE_flow/designs/sb_1__1_/runs/03-09_18-31//results/lvs/sb_1__1_.lvs.powered.v:606: Warning: Identifier `\mem_right_track_8.sc_dff_compact_6_.Q' is implicitly declared.
/openLANE_flow/designs/sb_1__1_/runs/03-09_18-31//results/lvs/sb_1__1_.lvs.powered.v:607: Warning: Identifier `\mem_right_track_8.sc_dff_compact_6_.Qb' is implicitly declared.
/openLANE_flow/designs/sb_1__1_/runs/03-09_18-31//results/lvs/sb_1__1_.lvs.powered.v:613: Warning: Identifier `\mem_right_track_8.sc_dff_compact_7_.Qb' is implicitly declared.
/openLANE_flow/designs/sb_1__1_/runs/03-09_18-31//results/lvs/sb_1__1_.lvs.powered.v:619: Warning: Identifier `\mem_top_track_0.sc_dff_compact_0_.Q' is implicitly declared.
/openLANE_flow/designs/sb_1__1_/runs/03-09_18-31//results/lvs/sb_1__1_.lvs.powered.v:620: Warning: Identifier `\mem_top_track_0.sc_dff_compact_0_.Qb' is implicitly declared.
/openLANE_flow/designs/sb_1__1_/runs/03-09_18-31//results/lvs/sb_1__1_.lvs.powered.v:626: Warning: Identifier `\mem_top_track_0.sc_dff_compact_1_.Q' is implicitly declared.
/openLANE_flow/designs/sb_1__1_/runs/03-09_18-31//results/lvs/sb_1__1_.lvs.powered.v:627: Warning: Identifier `\mem_top_track_0.sc_dff_compact_1_.Qb' is implicitly declared.
/openLANE_flow/designs/sb_1__1_/runs/03-09_18-31//results/lvs/sb_1__1_.lvs.powered.v:633: Warning: Identifier `\mem_top_track_0.sc_dff_compact_2_.Q' is implicitly declared.
/openLANE_flow/designs/sb_1__1_/runs/03-09_18-31//results/lvs/sb_1__1_.lvs.powered.v:634: Warning: Identifier `\mem_top_track_0.sc_dff_compact_2_.Qb' is implicitly declared.
/openLANE_flow/designs/sb_1__1_/runs/03-09_18-31//results/lvs/sb_1__1_.lvs.powered.v:640: Warning: Identifier `\mem_top_track_0.sc_dff_compact_3_.Q' is implicitly declared.
/openLANE_flow/designs/sb_1__1_/runs/03-09_18-31//results/lvs/sb_1__1_.lvs.powered.v:641: Warning: Identifier `\mem_top_track_0.sc_dff_compact_3_.Qb' is implicitly declared.
/openLANE_flow/designs/sb_1__1_/runs/03-09_18-31//results/lvs/sb_1__1_.lvs.powered.v:647: Warning: Identifier `\mem_top_track_0.sc_dff_compact_4_.Q' is implicitly declared.
/openLANE_flow/designs/sb_1__1_/runs/03-09_18-31//results/lvs/sb_1__1_.lvs.powered.v:648: Warning: Identifier `\mem_top_track_0.sc_dff_compact_4_.Qb' is implicitly declared.
/openLANE_flow/designs/sb_1__1_/runs/03-09_18-31//results/lvs/sb_1__1_.lvs.powered.v:654: Warning: Identifier `\mem_top_track_0.sc_dff_compact_5_.Q' is implicitly declared.
/openLANE_flow/designs/sb_1__1_/runs/03-09_18-31//results/lvs/sb_1__1_.lvs.powered.v:655: Warning: Identifier `\mem_top_track_0.sc_dff_compact_5_.Qb' is implicitly declared.
/openLANE_flow/designs/sb_1__1_/runs/03-09_18-31//results/lvs/sb_1__1_.lvs.powered.v:661: Warning: Identifier `\mem_top_track_0.sc_dff_compact_6_.Q' is implicitly declared.
/openLANE_flow/designs/sb_1__1_/runs/03-09_18-31//results/lvs/sb_1__1_.lvs.powered.v:662: Warning: Identifier `\mem_top_track_0.sc_dff_compact_6_.Qb' is implicitly declared.
/openLANE_flow/designs/sb_1__1_/runs/03-09_18-31//results/lvs/sb_1__1_.lvs.powered.v:668: Warning: Identifier `\mem_top_track_0.ccff_tail' is implicitly declared.
/openLANE_flow/designs/sb_1__1_/runs/03-09_18-31//results/lvs/sb_1__1_.lvs.powered.v:669: Warning: Identifier `\mem_top_track_0.sc_dff_compact_7_.Qb' is implicitly declared.
/openLANE_flow/designs/sb_1__1_/runs/03-09_18-31//results/lvs/sb_1__1_.lvs.powered.v:674: Warning: Identifier `\mem_top_track_16.ccff_head' is implicitly declared.
/openLANE_flow/designs/sb_1__1_/runs/03-09_18-31//results/lvs/sb_1__1_.lvs.powered.v:675: Warning: Identifier `\mem_top_track_16.sc_dff_compact_0_.Q' is implicitly declared.
/openLANE_flow/designs/sb_1__1_/runs/03-09_18-31//results/lvs/sb_1__1_.lvs.powered.v:676: Warning: Identifier `\mem_top_track_16.sc_dff_compact_0_.Qb' is implicitly declared.
/openLANE_flow/designs/sb_1__1_/runs/03-09_18-31//results/lvs/sb_1__1_.lvs.powered.v:682: Warning: Identifier `\mem_top_track_16.sc_dff_compact_1_.Q' is implicitly declared.
/openLANE_flow/designs/sb_1__1_/runs/03-09_18-31//results/lvs/sb_1__1_.lvs.powered.v:683: Warning: Identifier `\mem_top_track_16.sc_dff_compact_1_.Qb' is implicitly declared.
/openLANE_flow/designs/sb_1__1_/runs/03-09_18-31//results/lvs/sb_1__1_.lvs.powered.v:689: Warning: Identifier `\mem_top_track_16.sc_dff_compact_2_.Q' is implicitly declared.
/openLANE_flow/designs/sb_1__1_/runs/03-09_18-31//results/lvs/sb_1__1_.lvs.powered.v:690: Warning: Identifier `\mem_top_track_16.sc_dff_compact_2_.Qb' is implicitly declared.
/openLANE_flow/designs/sb_1__1_/runs/03-09_18-31//results/lvs/sb_1__1_.lvs.powered.v:696: Warning: Identifier `\mem_top_track_16.sc_dff_compact_3_.Q' is implicitly declared.
/openLANE_flow/designs/sb_1__1_/runs/03-09_18-31//results/lvs/sb_1__1_.lvs.powered.v:697: Warning: Identifier `\mem_top_track_16.sc_dff_compact_3_.Qb' is implicitly declared.
/openLANE_flow/designs/sb_1__1_/runs/03-09_18-31//results/lvs/sb_1__1_.lvs.powered.v:703: Warning: Identifier `\mem_top_track_16.sc_dff_compact_4_.Q' is implicitly declared.
/openLANE_flow/designs/sb_1__1_/runs/03-09_18-31//results/lvs/sb_1__1_.lvs.powered.v:704: Warning: Identifier `\mem_top_track_16.sc_dff_compact_4_.Qb' is implicitly declared.
/openLANE_flow/designs/sb_1__1_/runs/03-09_18-31//results/lvs/sb_1__1_.lvs.powered.v:711: Warning: Identifier `\mem_top_track_16.sc_dff_compact_5_.Qb' is implicitly declared.
/openLANE_flow/designs/sb_1__1_/runs/03-09_18-31//results/lvs/sb_1__1_.lvs.powered.v:716: Warning: Identifier `\mem_top_track_8.sc_dff_compact_0_.Q' is implicitly declared.
/openLANE_flow/designs/sb_1__1_/runs/03-09_18-31//results/lvs/sb_1__1_.lvs.powered.v:717: Warning: Identifier `\mem_top_track_8.sc_dff_compact_0_.Qb' is implicitly declared.
/openLANE_flow/designs/sb_1__1_/runs/03-09_18-31//results/lvs/sb_1__1_.lvs.powered.v:723: Warning: Identifier `\mem_top_track_8.sc_dff_compact_1_.Q' is implicitly declared.
/openLANE_flow/designs/sb_1__1_/runs/03-09_18-31//results/lvs/sb_1__1_.lvs.powered.v:724: Warning: Identifier `\mem_top_track_8.sc_dff_compact_1_.Qb' is implicitly declared.
/openLANE_flow/designs/sb_1__1_/runs/03-09_18-31//results/lvs/sb_1__1_.lvs.powered.v:730: Warning: Identifier `\mem_top_track_8.sc_dff_compact_2_.Q' is implicitly declared.
/openLANE_flow/designs/sb_1__1_/runs/03-09_18-31//results/lvs/sb_1__1_.lvs.powered.v:731: Warning: Identifier `\mem_top_track_8.sc_dff_compact_2_.Qb' is implicitly declared.
/openLANE_flow/designs/sb_1__1_/runs/03-09_18-31//results/lvs/sb_1__1_.lvs.powered.v:737: Warning: Identifier `\mem_top_track_8.sc_dff_compact_3_.Q' is implicitly declared.
/openLANE_flow/designs/sb_1__1_/runs/03-09_18-31//results/lvs/sb_1__1_.lvs.powered.v:738: Warning: Identifier `\mem_top_track_8.sc_dff_compact_3_.Qb' is implicitly declared.
/openLANE_flow/designs/sb_1__1_/runs/03-09_18-31//results/lvs/sb_1__1_.lvs.powered.v:744: Warning: Identifier `\mem_top_track_8.sc_dff_compact_4_.Q' is implicitly declared.
/openLANE_flow/designs/sb_1__1_/runs/03-09_18-31//results/lvs/sb_1__1_.lvs.powered.v:745: Warning: Identifier `\mem_top_track_8.sc_dff_compact_4_.Qb' is implicitly declared.
/openLANE_flow/designs/sb_1__1_/runs/03-09_18-31//results/lvs/sb_1__1_.lvs.powered.v:751: Warning: Identifier `\mem_top_track_8.sc_dff_compact_5_.Q' is implicitly declared.
/openLANE_flow/designs/sb_1__1_/runs/03-09_18-31//results/lvs/sb_1__1_.lvs.powered.v:752: Warning: Identifier `\mem_top_track_8.sc_dff_compact_5_.Qb' is implicitly declared.
/openLANE_flow/designs/sb_1__1_/runs/03-09_18-31//results/lvs/sb_1__1_.lvs.powered.v:758: Warning: Identifier `\mem_top_track_8.sc_dff_compact_6_.Q' is implicitly declared.
/openLANE_flow/designs/sb_1__1_/runs/03-09_18-31//results/lvs/sb_1__1_.lvs.powered.v:759: Warning: Identifier `\mem_top_track_8.sc_dff_compact_6_.Qb' is implicitly declared.
/openLANE_flow/designs/sb_1__1_/runs/03-09_18-31//results/lvs/sb_1__1_.lvs.powered.v:766: Warning: Identifier `\mem_top_track_8.sc_dff_compact_7_.Qb' is implicitly declared.
/openLANE_flow/designs/sb_1__1_/runs/03-09_18-31//results/lvs/sb_1__1_.lvs.powered.v:1024: Warning: Identifier `\clknet_0_prog_clk' is implicitly declared.
/openLANE_flow/designs/sb_1__1_/runs/03-09_18-31//results/lvs/sb_1__1_.lvs.powered.v:1028: Warning: Identifier `\clknet_1_0_0_prog_clk' is implicitly declared.
/openLANE_flow/designs/sb_1__1_/runs/03-09_18-31//results/lvs/sb_1__1_.lvs.powered.v:1032: Warning: Identifier `\clknet_1_1_0_prog_clk' is implicitly declared.
/openLANE_flow/designs/sb_1__1_/runs/03-09_18-31//results/lvs/sb_1__1_.lvs.powered.v:1036: Warning: Identifier `\clknet_2_0_0_prog_clk' is implicitly declared.
/openLANE_flow/designs/sb_1__1_/runs/03-09_18-31//results/lvs/sb_1__1_.lvs.powered.v:1040: Warning: Identifier `\clknet_2_1_0_prog_clk' is implicitly declared.
/openLANE_flow/designs/sb_1__1_/runs/03-09_18-31//results/lvs/sb_1__1_.lvs.powered.v:1044: Warning: Identifier `\clknet_2_2_0_prog_clk' is implicitly declared.
/openLANE_flow/designs/sb_1__1_/runs/03-09_18-31//results/lvs/sb_1__1_.lvs.powered.v:1048: Warning: Identifier `\clknet_2_3_0_prog_clk' is implicitly declared.
Successfully finished Verilog frontend.

2. Executing Verilog backend.
Dumping module `\sb_1__1_'.

Warnings: 190 unique messages, 190 total
End of script. Logfile hash: f6f116c40c, CPU: user 0.44s system 0.01s, MEM: 11.43 MB peak
Yosys 0.9+2406 (git sha1 347dd01, gcc 8.3.1 -fPIC -Os)
Time spent: 69% 2x write_verilog (0 sec), 30% 2x read_verilog (0 sec)
