
reading lef ...
add shortConstraint to layer mcon
add shortConstraint to layer via
add shortConstraint to layer via2
add shortConstraint to layer via3
add shortConstraint to layer via4

units:       1000
#layers:     11
#macros:     437
#vias:       25
#viarulegen: 25

reading def ...

design:      cbx_1__3_
die area:    ( 0 0 ) ( 174480 87135 )
trackPts:    12
defvias:     4
#components: 1403
#terminals:  53
#snets:      2
#nets:       181

reading guide ...

#guides:     1483
List of default vias:
  Layer mcon
    default via: L1M1_PR_MR
  Layer via
    default via: M1M2_PR
  Layer via2
    default via: M2M3_PR_M
  Layer via3
    default via: M3M4_PR_M
  Layer via4
    default via: M4M5_PR_C

libcell analysis ...

instance analysis ...
#unique instances = 29

init region query ...
  complete li1
  complete mcon
  complete met1
  complete via
  complete met2
  complete via2
  complete met3
  complete via3
  complete met4
  complete via4
  complete met5

li1 shape region query size = 11130
mcon shape region query size = 17562
met1 shape region query size = 4266
via shape region query size = 1100
met2 shape region query size = 562
via2 shape region query size = 1100
met3 shape region query size = 589
via3 shape region query size = 1100
met4 shape region query size = 396
via4 shape region query size = 99
met5 shape region query size = 110


start pin access
  complete 26 pins
  complete 29 unique inst patterns
  complete 309 groups
#scanned instances    = 1403
#unique  instances    = 29
#stdCellGenAp         = 246
#stdCellValidPlanarAp = 143
#stdCellValidViaAp    = 143
#stdCellPinNoAp       = 0
#macroGenAp           = 0
#macroValidPlanarAp   = 0
#macroValidViaAp      = 0
#macroNoAp            = 0

complete pin access
cpu time = 00:00:00, elapsed time = 00:00:00, memory = 12.88 (MB), peak = 13.00 (MB)

post process guides ...
GCELLGRID X 0 DO 12 STEP 6900 ;
GCELLGRID Y 0 DO 25 STEP 6900 ;
  complete li1
  complete mcon
  complete met1
  complete via
  complete met2
  complete via2
  complete met3
  complete via3
  complete met4
  complete via4
  complete met5

building cmap ... 

init guide query ...
  complete li1 (guide)
  complete mcon (guide)
  complete met1 (guide)
  complete via (guide)
  complete met2 (guide)
  complete via2 (guide)
  complete met3 (guide)
  complete via3 (guide)
  complete met4 (guide)
  complete via4 (guide)
  complete met5 (guide)

li1 guide region query size = 347
mcon guide region query size = 0
met1 guide region query size = 337
via guide region query size = 0
met2 guide region query size = 201
via2 guide region query size = 0
met3 guide region query size = 59
via3 guide region query size = 0
met4 guide region query size = 0
via4 guide region query size = 0
met5 guide region query size = 0

init gr pin query ...


start track assignment
Done with 0 vertical wires in 1 frboxes and 0 horizontal wires in 1 frboxes.
Done with 120 vertical wires in 1 frboxes and 115 horizontal wires in 1 frboxes.

complete track assignment
cpu time = 00:00:00, elapsed time = 00:00:00, memory = 16.61 (MB), peak = 16.86 (MB)

start routing data preparation
initVia2ViaMinLen_minSpc li1 (d2d, d2u, u2d, u2u) = (0, 0, 0, 370)
initVia2ViaMinLen_minSpc met1 (d2d, d2u, u2d, u2u) = (430, 445, 445, 460)
initVia2ViaMinLen_minSpc met2 (d2d, d2u, u2d, u2u) = (460, 485, 485, 630)
initVia2ViaMinLen_minSpc met3 (d2d, d2u, u2d, u2u) = (630, 655, 655, 680)
initVia2ViaMinLen_minSpc met4 (d2d, d2u, u2d, u2u) = (630, 1055, 1055, 3020)
initVia2ViaMinLen_minSpc met5 (d2d, d2u, u2d, u2u) = (1480, 0, 0, 0)
initVia2ViaMinLen_minimumcut li1 (d2d, d2u, u2d, u2u) = (0, 0, 0, 370)
initVia2ViaMinLen_minimumcut li1 zerolen (b, b, b, b) = (1, 1, 1, 1)
initVia2ViaMinLen_minimumcut met1 (d2d, d2u, u2d, u2u) = (430, 445, 445, 460)
initVia2ViaMinLen_minimumcut met1 zerolen (b, b, b, b) = (1, 1, 1, 1)
initVia2ViaMinLen_minimumcut met2 (d2d, d2u, u2d, u2u) = (460, 485, 485, 630)
initVia2ViaMinLen_minimumcut met2 zerolen (b, b, b, b) = (1, 1, 1, 1)
initVia2ViaMinLen_minimumcut met3 (d2d, d2u, u2d, u2u) = (630, 655, 655, 680)
initVia2ViaMinLen_minimumcut met3 zerolen (b, b, b, b) = (1, 1, 1, 1)
initVia2ViaMinLen_minimumcut met4 (d2d, d2u, u2d, u2u) = (630, 1055, 1055, 3020)
initVia2ViaMinLen_minimumcut met4 zerolen (b, b, b, b) = (1, 1, 1, 1)
initVia2ViaMinLen_minimumcut met5 (d2d, d2u, u2d, u2u) = (1480, 0, 0, 0)
initVia2ViaMinLen_minimumcut met5 zerolen (b, b, b, b) = (1, 1, 1, 1)
initVia2ViaMinLenNew_minSpc li1 (d2d-x, d2d-y, d2u-x, d2u-y, u2d-x, u2d-y, u2u-x, u2u-y) = (0, 0, 0, 0, 0, 0, 430, 370)
initVia2ViaMinLenNew_minSpc met1 (d2d-x, d2d-y, d2u-x, d2u-y, u2d-x, u2d-y, u2u-x, u2u-y) = (430, 370, 445, 385, 445, 385, 460, 460)
initVia2ViaMinLenNew_minSpc met2 (d2d-x, d2d-y, d2u-x, d2u-y, u2d-x, u2d-y, u2u-x, u2u-y) = (460, 460, 410, 485, 410, 485, 630, 630)
initVia2ViaMinLenNew_minSpc met3 (d2d-x, d2d-y, d2u-x, d2u-y, u2d-x, u2d-y, u2u-x, u2u-y) = (630, 630, 655, 625, 655, 625, 680, 630)
initVia2ViaMinLenNew_minSpc met4 (d2d-x, d2d-y, d2u-x, d2u-y, u2d-x, u2d-y, u2u-x, u2u-y) = (680, 630, 1055, 1055, 1055, 1055, 3020, 3020)
initVia2ViaMinLenNew_minSpc met5 (d2d-x, d2d-y, d2u-x, d2u-y, u2d-x, u2d-y, u2u-x, u2u-y) = (1480, 1480, 0, 0, 0, 0, 0, 0)
initVia2ViaMinLenNew_minimumcut li1 (d2d-x, d2d-y, d2u-x, d2u-y, u2d-x, u2d-y, u2u-x, u2u-y) = (0, 0, 0, 0, 0, 0, 430, 370)
initVia2ViaMinLenNew_minimumcut met1 (d2d-x, d2d-y, d2u-x, d2u-y, u2d-x, u2d-y, u2u-x, u2u-y) = (430, 370, 445, 385, 445, 385, 460, 460)
initVia2ViaMinLenNew_minimumcut met2 (d2d-x, d2d-y, d2u-x, d2u-y, u2d-x, u2d-y, u2u-x, u2u-y) = (460, 460, 410, 485, 410, 485, 630, 630)
initVia2ViaMinLenNew_minimumcut met3 (d2d-x, d2d-y, d2u-x, d2u-y, u2d-x, u2d-y, u2u-x, u2u-y) = (630, 630, 655, 625, 655, 625, 680, 630)
initVia2ViaMinLenNew_minimumcut met4 (d2d-x, d2d-y, d2u-x, d2u-y, u2d-x, u2d-y, u2u-x, u2u-y) = (680, 630, 1055, 1055, 1055, 1055, 3020, 3020)
initVia2ViaMinLenNew_minimumcut met5 (d2d-x, d2d-y, d2u-x, d2u-y, u2d-x, u2d-y, u2u-x, u2u-y) = (1480, 1480, 0, 0, 0, 0, 0, 0)
cpu time = 00:00:00, elapsed time = 00:00:00, memory = 16.86 (MB), peak = 16.89 (MB)

start detail routing ...
start initial detail routing ...
    completing 10% with 17 violations
    elapsed time = 00:00:00, memory = 22.74 (MB)
    completing 20% with 30 violations
    elapsed time = 00:00:00, memory = 20.86 (MB)
    completing 30% with 30 violations
    elapsed time = 00:00:00, memory = 22.54 (MB)
    completing 40% with 39 violations
    elapsed time = 00:00:00, memory = 22.95 (MB)
    completing 50% with 45 violations
    elapsed time = 00:00:00, memory = 23.00 (MB)
    completing 60% with 51 violations
    elapsed time = 00:00:00, memory = 23.77 (MB)
    completing 70% with 61 violations
    elapsed time = 00:00:00, memory = 23.93 (MB)
    completing 80% with 65 violations
    elapsed time = 00:00:00, memory = 23.93 (MB)
  number of violations = 65
cpu time = 00:00:00, elapsed time = 00:00:00, memory = 23.93 (MB), peak = 23.93 (MB)
total wire length = 6858 um
total wire length on LAYER li1 = 7 um
total wire length on LAYER met1 = 2442 um
total wire length on LAYER met2 = 1815 um
total wire length on LAYER met3 = 2567 um
total wire length on LAYER met4 = 25 um
total wire length on LAYER met5 = 0 um
total number of vias = 1107
up-via summary (total 1107):

-------------
  li1     461
 met1     577
 met2      67
 met3       2
 met4       0
-------------
         1107


start 1st optimization iteration ...
    completing 10% with 70 violations
    elapsed time = 00:00:00, memory = 23.93 (MB)
    completing 20% with 70 violations
    elapsed time = 00:00:00, memory = 23.95 (MB)
    completing 30% with 70 violations
    elapsed time = 00:00:00, memory = 26.27 (MB)
    completing 40% with 71 violations
    elapsed time = 00:00:00, memory = 26.36 (MB)
    completing 50% with 48 violations
    elapsed time = 00:00:00, memory = 27.91 (MB)
    completing 60% with 48 violations
    elapsed time = 00:00:00, memory = 28.06 (MB)
    completing 70% with 36 violations
    elapsed time = 00:00:00, memory = 28.06 (MB)
    completing 80% with 36 violations
    elapsed time = 00:00:00, memory = 28.06 (MB)
    completing 90% with 40 violations
    elapsed time = 00:00:00, memory = 28.06 (MB)
    completing 100% with 40 violations
    elapsed time = 00:00:00, memory = 28.06 (MB)
  number of violations = 40
cpu time = 00:00:00, elapsed time = 00:00:00, memory = 28.06 (MB), peak = 28.09 (MB)
total wire length = 6599 um
total wire length on LAYER li1 = 0 um
total wire length on LAYER met1 = 2367 um
total wire length on LAYER met2 = 1706 um
total wire length on LAYER met3 = 2523 um
total wire length on LAYER met4 = 0 um
total wire length on LAYER met5 = 0 um
total number of vias = 1046
up-via summary (total 1046):

-------------
  li1     460
 met1     527
 met2      59
 met3       0
 met4       0
-------------
         1046


start 2nd optimization iteration ...
    completing 10% with 20 violations
    elapsed time = 00:00:00, memory = 29.63 (MB)
    completing 20% with 6 violations
    elapsed time = 00:00:00, memory = 29.69 (MB)
    completing 30% with 6 violations
    elapsed time = 00:00:00, memory = 29.69 (MB)
    completing 40% with 6 violations
    elapsed time = 00:00:00, memory = 29.69 (MB)
    completing 50% with 6 violations
    elapsed time = 00:00:00, memory = 29.69 (MB)
    completing 60% with 6 violations
    elapsed time = 00:00:00, memory = 29.69 (MB)
    completing 70% with 0 violations
    elapsed time = 00:00:00, memory = 29.69 (MB)
    completing 80% with 0 violations
    elapsed time = 00:00:00, memory = 29.69 (MB)
  number of violations = 0
cpu time = 00:00:00, elapsed time = 00:00:00, memory = 29.69 (MB), peak = 29.69 (MB)
total wire length = 6605 um
total wire length on LAYER li1 = 0 um
total wire length on LAYER met1 = 2377 um
total wire length on LAYER met2 = 1695 um
total wire length on LAYER met3 = 2510 um
total wire length on LAYER met4 = 21 um
total wire length on LAYER met5 = 0 um
total number of vias = 1049
up-via summary (total 1049):

-------------
  li1     460
 met1     528
 met2      59
 met3       2
 met4       0
-------------
         1049


start 3rd optimization iteration ...
    completing 10% with 0 violations
    elapsed time = 00:00:00, memory = 29.69 (MB)
    completing 20% with 0 violations
    elapsed time = 00:00:00, memory = 29.69 (MB)
    completing 30% with 0 violations
    elapsed time = 00:00:00, memory = 29.69 (MB)
    completing 40% with 0 violations
    elapsed time = 00:00:00, memory = 29.69 (MB)
    completing 50% with 0 violations
    elapsed time = 00:00:00, memory = 29.69 (MB)
    completing 60% with 0 violations
    elapsed time = 00:00:00, memory = 29.69 (MB)
    completing 70% with 0 violations
    elapsed time = 00:00:00, memory = 29.69 (MB)
    completing 80% with 0 violations
    elapsed time = 00:00:00, memory = 29.69 (MB)
    completing 90% with 0 violations
    elapsed time = 00:00:00, memory = 29.69 (MB)
    completing 100% with 0 violations
    elapsed time = 00:00:00, memory = 29.69 (MB)
  number of violations = 0
cpu time = 00:00:00, elapsed time = 00:00:00, memory = 29.69 (MB), peak = 29.69 (MB)
total wire length = 6605 um
total wire length on LAYER li1 = 0 um
total wire length on LAYER met1 = 2377 um
total wire length on LAYER met2 = 1695 um
total wire length on LAYER met3 = 2510 um
total wire length on LAYER met4 = 21 um
total wire length on LAYER met5 = 0 um
total number of vias = 1049
up-via summary (total 1049):

-------------
  li1     460
 met1     528
 met2      59
 met3       2
 met4       0
-------------
         1049


start 4th optimization iteration ...
    completing 10% with 0 violations
    elapsed time = 00:00:00, memory = 29.69 (MB)
    completing 20% with 0 violations
    elapsed time = 00:00:00, memory = 29.69 (MB)
    completing 30% with 0 violations
    elapsed time = 00:00:00, memory = 29.69 (MB)
    completing 40% with 0 violations
    elapsed time = 00:00:00, memory = 29.69 (MB)
    completing 50% with 0 violations
    elapsed time = 00:00:00, memory = 29.69 (MB)
    completing 60% with 0 violations
    elapsed time = 00:00:00, memory = 29.69 (MB)
    completing 70% with 0 violations
    elapsed time = 00:00:00, memory = 29.69 (MB)
    completing 80% with 0 violations
    elapsed time = 00:00:00, memory = 29.69 (MB)
  number of violations = 0
cpu time = 00:00:00, elapsed time = 00:00:00, memory = 29.69 (MB), peak = 29.69 (MB)
total wire length = 6605 um
total wire length on LAYER li1 = 0 um
total wire length on LAYER met1 = 2377 um
total wire length on LAYER met2 = 1695 um
total wire length on LAYER met3 = 2510 um
total wire length on LAYER met4 = 21 um
total wire length on LAYER met5 = 0 um
total number of vias = 1049
up-via summary (total 1049):

-------------
  li1     460
 met1     528
 met2      59
 met3       2
 met4       0
-------------
         1049


start 5th optimization iteration ...
    completing 10% with 0 violations
    elapsed time = 00:00:00, memory = 29.69 (MB)
    completing 20% with 0 violations
    elapsed time = 00:00:00, memory = 29.69 (MB)
    completing 30% with 0 violations
    elapsed time = 00:00:00, memory = 29.69 (MB)
    completing 40% with 0 violations
    elapsed time = 00:00:00, memory = 29.69 (MB)
    completing 50% with 0 violations
    elapsed time = 00:00:00, memory = 29.69 (MB)
    completing 60% with 0 violations
    elapsed time = 00:00:00, memory = 29.69 (MB)
    completing 70% with 0 violations
    elapsed time = 00:00:00, memory = 29.69 (MB)
    completing 80% with 0 violations
    elapsed time = 00:00:00, memory = 29.69 (MB)
    completing 90% with 0 violations
    elapsed time = 00:00:00, memory = 29.69 (MB)
    completing 100% with 0 violations
    elapsed time = 00:00:00, memory = 29.69 (MB)
  number of violations = 0
cpu time = 00:00:00, elapsed time = 00:00:00, memory = 29.69 (MB), peak = 29.69 (MB)
total wire length = 6605 um
total wire length on LAYER li1 = 0 um
total wire length on LAYER met1 = 2377 um
total wire length on LAYER met2 = 1695 um
total wire length on LAYER met3 = 2510 um
total wire length on LAYER met4 = 21 um
total wire length on LAYER met5 = 0 um
total number of vias = 1049
up-via summary (total 1049):

-------------
  li1     460
 met1     528
 met2      59
 met3       2
 met4       0
-------------
         1049


start 6th optimization iteration ...
    completing 10% with 0 violations
    elapsed time = 00:00:00, memory = 29.69 (MB)
    completing 20% with 0 violations
    elapsed time = 00:00:00, memory = 29.69 (MB)
    completing 30% with 0 violations
    elapsed time = 00:00:00, memory = 29.69 (MB)
    completing 40% with 0 violations
    elapsed time = 00:00:00, memory = 29.69 (MB)
    completing 50% with 0 violations
    elapsed time = 00:00:00, memory = 29.69 (MB)
    completing 60% with 0 violations
    elapsed time = 00:00:00, memory = 29.69 (MB)
    completing 70% with 0 violations
    elapsed time = 00:00:00, memory = 29.69 (MB)
    completing 80% with 0 violations
    elapsed time = 00:00:00, memory = 29.69 (MB)
  number of violations = 0
cpu time = 00:00:00, elapsed time = 00:00:00, memory = 29.69 (MB), peak = 29.69 (MB)
total wire length = 6605 um
total wire length on LAYER li1 = 0 um
total wire length on LAYER met1 = 2377 um
total wire length on LAYER met2 = 1695 um
total wire length on LAYER met3 = 2510 um
total wire length on LAYER met4 = 21 um
total wire length on LAYER met5 = 0 um
total number of vias = 1049
up-via summary (total 1049):

-------------
  li1     460
 met1     528
 met2      59
 met3       2
 met4       0
-------------
         1049


start 7th optimization iteration ...
    completing 10% with 0 violations
    elapsed time = 00:00:00, memory = 29.69 (MB)
    completing 20% with 0 violations
    elapsed time = 00:00:00, memory = 29.69 (MB)
    completing 30% with 0 violations
    elapsed time = 00:00:00, memory = 29.69 (MB)
    completing 40% with 0 violations
    elapsed time = 00:00:00, memory = 29.69 (MB)
    completing 50% with 0 violations
    elapsed time = 00:00:00, memory = 29.69 (MB)
    completing 60% with 0 violations
    elapsed time = 00:00:00, memory = 29.69 (MB)
    completing 70% with 0 violations
    elapsed time = 00:00:00, memory = 29.69 (MB)
    completing 80% with 0 violations
    elapsed time = 00:00:00, memory = 29.69 (MB)
    completing 90% with 0 violations
    elapsed time = 00:00:00, memory = 29.69 (MB)
    completing 100% with 0 violations
    elapsed time = 00:00:00, memory = 29.69 (MB)
  number of violations = 0
cpu time = 00:00:00, elapsed time = 00:00:00, memory = 29.69 (MB), peak = 29.69 (MB)/openLANE_flow/designs/cbx_1__3_/runs/final_pin_placement//reports/routing/tritonRoute.drc

complete detail routing
total wire length = 6605 um
total wire length on LAYER li1 = 0 um
total wire length on LAYER met1 = 2377 um
total wire length on LAYER met2 = 1695 um
total wire length on LAYER met3 = 2510 um
total wire length on LAYER met4 = 21 um
total wire length on LAYER met5 = 0 um
total number of vias = 1049
up-via summary (total 1049):

-------------
  li1     460
 met1     528
 met2      59
 met3       2
 met4       0
-------------
         1049

cpu time = 00:00:02, elapsed time = 00:00:02, memory = 29.69 (MB), peak = 29.69 (MB)

post processing ...
WARNING (DEFPARS-7011): The NAMESCASESENSITIVE statement is obsolete in version 5.6 and later.
The DEF parser will ignore this statement. See file /openLANE_flow/designs/cbx_1__3_/runs/final_pin_placement//tmp/routing/addspacers.def at line 2.


post processing ...
WARNING (DEFPARS-7011): The NAMESCASESENSITIVE statement is obsolete in version 5.6 and later.
The DEF parser will ignore this statement. See file /openLANE_flow/designs/cbx_1__3_/runs/final_pin_placement//tmp/routing/addspacers.def at line 2.


Runtime taken (hrt): 3.80762
