Wed Aug 26 11:56:48 UTC 2020 - Executing "/openLANE_flow/scripts//padLefMacro.py -s unithd -r 8 -i /openLANE_flow/designs/cby_1__1_/runs/26-08_11-56//tmp//merged_unpadded.lef -o /openLANE_flow/designs/cby_1__1_/runs/26-08_11-56//tmp//merged.lef -e {sky130_fd_sc_hd__tap* sky130_fd_sc_hd__decap* sky130_fd_sc_hd__fill*} |& tee >&@stdout"

Wed Aug 26 11:56:58 UTC 2020 - Executing "sed -i -E {s/CLASS PAD.*$/CLASS PAD ;/g} /openLANE_flow/designs/cby_1__1_/runs/26-08_11-56//tmp//merged.lef"

Wed Aug 26 11:56:58 UTC 2020 - Executing "sed -i -E {s/CLASS PAD.*$/CLASS PAD ;/g} /openLANE_flow/designs/cby_1__1_/runs/26-08_11-56//tmp//merged_unpadded.lef"

Wed Aug 26 11:56:58 UTC 2020 - Executing "/openLANE_flow/scripts//libtrim.pl /home/aa/Desktop/Afify/openlane/pdks/sky130A/libs.ref/sky130_fd_sc_hd/lib/sky130_fd_sc_hd__tt_025C_1v80.lib /home/aa/Desktop/Afify/openlane/pdks/sky130A/libs.tech/openlane/sky130_fd_sc_hd/no_synth.cells > /openLANE_flow/designs/cby_1__1_/runs/26-08_11-56//tmp//trimmed.lib"

Wed Aug 26 11:56:59 UTC 2020 - Executing "yosys -c /openLANE_flow/scripts//synth.tcl -l /openLANE_flow/designs/cby_1__1_/runs/26-08_11-56//logs/synthesis/yosys.log |& tee >&@stdout"

Wed Aug 26 11:56:59 UTC 2020 - Executing "sta /openLANE_flow/scripts//sta.tcl |& tee >&@stdout /openLANE_flow/designs/cby_1__1_/runs/26-08_11-56//logs/synthesis/opensta.log"

Wed Aug 26 11:57:00 UTC 2020 - Executing "openroad -exit /openLANE_flow/scripts//openroad/or_floorplan.tcl |& tee >&@stdout /openLANE_flow/designs/cby_1__1_/runs/26-08_11-56//logs/floorplan/verilog2def.openroad.log"

Wed Aug 26 11:57:00 UTC 2020 - Executing "openroad -exit /openLANE_flow/scripts//openroad/or_ioplacer.tcl |& tee >&@stdout /openLANE_flow/designs/cby_1__1_/runs/26-08_11-56//logs/floorplan/ioPlacer.log"

Wed Aug 26 11:57:01 UTC 2020 - Executing "openroad -exit /openLANE_flow/scripts//openroad/or_tapcell.tcl |& tee >&@stdout /openLANE_flow/designs/cby_1__1_/runs/26-08_11-56//logs/floorplan/tapcell.log"

Wed Aug 26 11:57:02 UTC 2020 - Executing "openroad -exit /openLANE_flow/scripts//openroad/or_replace.tcl |& tee >&@stdout /openLANE_flow/designs/cby_1__1_/runs/26-08_11-56//logs/placement/replace.log"

Wed Aug 26 11:57:02 UTC 2020 - Executing "opendp -lef /openLANE_flow/designs/cby_1__1_/runs/26-08_11-56//tmp//merged.lef -def /openLANE_flow/designs/cby_1__1_/runs/26-08_11-56//tmp/placement/replace.def -output_def /openLANE_flow/designs/cby_1__1_/runs/26-08_11-56//results/placement/cby_1__1_.placement.def |& tee >&@stdout /openLANE_flow/designs/cby_1__1_/runs/26-08_11-56//logs/placement/opendp.log"

Wed Aug 26 11:57:02 UTC 2020 - Executing "openroad -exit /openLANE_flow/scripts//openroad/or_cts.tcl |& tee >&@stdout /openLANE_flow/designs/cby_1__1_/runs/26-08_11-56//logs/cts/cts.log"

Wed Aug 26 11:58:30 UTC 2020 - Executing "openroad -exit /openLANE_flow/scripts//new_pdn.tcl |& tee >&@stdout /openLANE_flow/designs/cby_1__1_/runs/26-08_11-56//logs/floorplan/pdn.log"

Wed Aug 26 11:58:31 UTC 2020 - Executing "openroad -exit /openLANE_flow/scripts//openroad/or_diodes.tcl |& tee >&@stdout /openLANE_flow/designs/cby_1__1_/runs/26-08_11-56//logs//placement/diodes.log"

Wed Aug 26 11:58:31 UTC 2020 - Executing "openroad -exit /openLANE_flow/scripts//openroad/or_fill.tcl |& tee >&@stdout /openLANE_flow/designs/cby_1__1_/runs/26-08_11-56//logs/routing/addspacers.log"

Wed Aug 26 11:58:32 UTC 2020 - Executing "openroad -exit /openLANE_flow/scripts//openroad/or_write_verilog.tcl |& tee >&@stdout /openLANE_flow/designs/cby_1__1_/runs/26-08_11-56//logs//write_verilog.log"

Wed Aug 26 11:58:33 UTC 2020 - Executing "openroad -exit /openLANE_flow/scripts//openroad/or_route.tcl |& tee >&@stdout /openLANE_flow/designs/cby_1__1_/runs/26-08_11-56//logs/routing/fastroute.log"

Wed Aug 26 11:58:39 UTC 2020 - Executing "envsubst < /openLANE_flow/scripts//tritonRoute.param > /openLANE_flow/designs/cby_1__1_/runs/26-08_11-56//tmp/routing/tritonRoute.param"

Wed Aug 26 11:58:39 UTC 2020 - Executing "TritonRoute /openLANE_flow/designs/cby_1__1_/runs/26-08_11-56//tmp/routing/tritonRoute.param |& tee >&@stdout /openLANE_flow/designs/cby_1__1_/runs/26-08_11-56//logs/routing/tritonRoute.log"

Wed Aug 26 11:58:42 UTC 2020 - Executing "magic -noconsole -dnull -rcfile /openLANE_flow/designs/cby_1__1_/runs/26-08_11-56//tmp//tmp.magicrc /openLANE_flow/designs/cby_1__1_/runs/26-08_11-56//tmp//magic_spice.tcl </dev/null |& tee >&@stdout /openLANE_flow/designs/cby_1__1_/runs/26-08_11-56//logs/magic/magic_spice.log"

Wed Aug 26 11:58:45 UTC 2020 - Executing "vlog2Verilog -v VPWR -g VGND -l /openLANE_flow/designs/cby_1__1_/runs/26-08_11-56//tmp//merged.lef /openLANE_flow/designs/cby_1__1_/runs/26-08_11-56//results/synthesis/cby_1__1_.synthesis_preroute.v |& tee /openLANE_flow/designs/cby_1__1_/runs/26-08_11-56//results/lvs/cby_1__1_.lvs.v"

Wed Aug 26 11:58:45 UTC 2020 - Executing "netgen -batch lvs {/openLANE_flow/designs/cby_1__1_/runs/26-08_11-56//results/magic/cby_1__1_.spice cby_1__1_} {/openLANE_flow/designs/cby_1__1_/runs/26-08_11-56//results/lvs/cby_1__1_.lvs.v cby_1__1_} /home/aa/Desktop/Afify/openlane/pdks/sky130A/libs.tech/netgen/sky130A_setup.tcl /openLANE_flow/designs/cby_1__1_/runs/26-08_11-56//results/lvs/cby_1__1_.lvs.log -json |& tee >&@stdout /openLANE_flow/designs/cby_1__1_/runs/26-08_11-56//logs/lvs/lvs.log"

Wed Aug 26 11:58:45 UTC 2020 - Executing "magic -noconsole -dnull -rcfile /openLANE_flow/designs/cby_1__1_/runs/26-08_11-56//tmp//magic_antenna.magicrc /openLANE_flow/designs/cby_1__1_/runs/26-08_11-56//tmp//magic_antenna.tcl </dev/null |& tee >&@stdout /openLANE_flow/designs/cby_1__1_/runs/26-08_11-56//logs/magic/magic_antenna.log"

Wed Aug 26 11:58:50 UTC 2020 - Executing "awk {/Cell:/ {print $2}} /openLANE_flow/designs/cby_1__1_/runs/26-08_11-56//logs/magic/magic_antenna.log > /openLANE_flow/designs/cby_1__1_/runs/26-08_11-56//reports/magic/magic.antenna_violators.rpt"

