RePlAce Version: 1.0.0

** WARNING: Your Detail Placement Step must be skipped.
              (i.e. this program will be executed as -onlyGP)
     If you want to have DP after GP, please specify -dpflag and -dploc.

[INFO] TargetDensity = 0.900000
[INFO] ExperimentIndex = 0
[INFO] DirectoryPath = /openLANE_flow/designs/sb_1__1_/runs/01-09_14-39//tmp/placement/replace/etc/sb_1__1_.floorplan/experiment000
[PROC] Begin LefParsing ...
[LEF] Parsed 500 number of lines!!
WARNING (LEFPARS-2036): SOURCE statement is obsolete in version 5.6 and later.
The LEF parser will ignore this statement.
To avoid this warning in the future, remove this statement from the LEF file with version 5.6 or later. See file /openLANE_flow/designs/sb_1__1_/runs/01-09_14-39//tmp//merged.lef at line 776.

WARNING (LEFPARS-2036): SOURCE statement is obsolete in version 5.6 and later.
The LEF parser will ignore this statement.
To avoid this warning in the future, remove this statement from the LEF file with version 5.6 or later. See file /openLANE_flow/designs/sb_1__1_/runs/01-09_14-39//tmp//merged.lef at line 903.

[LEF] Parsed 1000 number of lines!!
WARNING (LEFPARS-2036): SOURCE statement is obsolete in version 5.6 and later.
The LEF parser will ignore this statement.
To avoid this warning in the future, remove this statement from the LEF file with version 5.6 or later. See file /openLANE_flow/designs/sb_1__1_/runs/01-09_14-39//tmp//merged.lef at line 1034.

WARNING (LEFPARS-2036): SOURCE statement is obsolete in version 5.6 and later.
The LEF parser will ignore this statement.
To avoid this warning in the future, remove this statement from the LEF file with version 5.6 or later. See file /openLANE_flow/designs/sb_1__1_/runs/01-09_14-39//tmp//merged.lef at line 1204.

WARNING (LEFPARS-2036): SOURCE statement is obsolete in version 5.6 and later.
The LEF parser will ignore this statement.
To avoid this warning in the future, remove this statement from the LEF file with version 5.6 or later. See file /openLANE_flow/designs/sb_1__1_/runs/01-09_14-39//tmp//merged.lef at line 1322.

WARNING (LEFPARS-2036): SOURCE statement is obsolete in version 5.6 and later.
The LEF parser will ignore this statement.
To avoid this warning in the future, remove this statement from the LEF file with version 5.6 or later. See file /openLANE_flow/designs/sb_1__1_/runs/01-09_14-39//tmp//merged.lef at line 1442.

[LEF] Parsed 1500 number of lines!!
WARNING (LEFPARS-2036): SOURCE statement is obsolete in version 5.6 and later.
The LEF parser will ignore this statement.
To avoid this warning in the future, remove this statement from the LEF file with version 5.6 or later. See file /openLANE_flow/designs/sb_1__1_/runs/01-09_14-39//tmp//merged.lef at line 1589.

WARNING (LEFPARS-2036): SOURCE statement is obsolete in version 5.6 and later.
The LEF parser will ignore this statement.
To avoid this warning in the future, remove this statement from the LEF file with version 5.6 or later. See file /openLANE_flow/designs/sb_1__1_/runs/01-09_14-39//tmp//merged.lef at line 1777.

WARNING (LEFPARS-2036): SOURCE statement is obsolete in version 5.6 and later.
The LEF parser will ignore this statement.
To avoid this warning in the future, remove this statement from the LEF file with version 5.6 or later. See file /openLANE_flow/designs/sb_1__1_/runs/01-09_14-39//tmp//merged.lef at line 1886.

WARNING (LEFPARS-2036): SOURCE statement is obsolete in version 5.6 and later.
The LEF parser will ignore this statement.
To avoid this warning in the future, remove this statement from the LEF file with version 5.6 or later. See file /openLANE_flow/designs/sb_1__1_/runs/01-09_14-39//tmp//merged.lef at line 1999.

[LEF] Parsed 2000 number of lines!!
WARNING (LEFPARS-2036): SOURCE statement is obsolete in version 5.6 and later.
The LEF parser will ignore this statement.
To avoid this warning in the future, remove this statement from the LEF file with version 5.6 or later. See file /openLANE_flow/designs/sb_1__1_/runs/01-09_14-39//tmp//merged.lef at line 2148.

WARNING (LEFPARS-2036): SOURCE statement is obsolete in version 5.6 and later.
The LEF parser will ignore this statement.
To avoid this warning in the future, remove this statement from the LEF file with version 5.6 or later. See file /openLANE_flow/designs/sb_1__1_/runs/01-09_14-39//tmp//merged.lef at line 2253.

WARNING (LEFPARS-2036): SOURCE statement is obsolete in version 5.6 and later.
The LEF parser will ignore this statement.
To avoid this warning in the future, remove this statement from the LEF file with version 5.6 or later. See file /openLANE_flow/designs/sb_1__1_/runs/01-09_14-39//tmp//merged.lef at line 2380.

[LEF] Parsed 2500 number of lines!!
WARNING (LEFPARS-2036): SOURCE statement is obsolete in version 5.6 and later.
The LEF parser will ignore this statement.
To avoid this warning in the future, remove this statement from the LEF file with version 5.6 or later. See file /openLANE_flow/designs/sb_1__1_/runs/01-09_14-39//tmp//merged.lef at line 2547.

WARNING (LEFPARS-2036): SOURCE statement is obsolete in version 5.6 and later.
The LEF parser will ignore this statement.
To avoid this warning in the future, remove this statement from the LEF file with version 5.6 or later. See file /openLANE_flow/designs/sb_1__1_/runs/01-09_14-39//tmp//merged.lef at line 2653.

WARNING (LEFPARS-2036): SOURCE statement is obsolete in version 5.6 and later.
The LEF parser will ignore this statement.
To avoid this warning in the future, remove this statement from the LEF file with version 5.6 or later. See file /openLANE_flow/designs/sb_1__1_/runs/01-09_14-39//tmp//merged.lef at line 2770.

WARNING (LEFPARS-2036): SOURCE statement is obsolete in version 5.6 and later.
The LEF parser will ignore this statement.
To avoid this warning in the future, remove this statement from the LEF file with version 5.6 or later. See file /openLANE_flow/designs/sb_1__1_/runs/01-09_14-39//tmp//merged.lef at line 2908.

[LEF] Parsed 3000 number of lines!!
WARNING (LEFPARS-2036): SOURCE statement is obsolete in version 5.6 and later.
The LEF parser will ignore this statement.
To avoid this warning in the future, remove this statement from the LEF file with version 5.6 or later. See file /openLANE_flow/designs/sb_1__1_/runs/01-09_14-39//tmp//merged.lef at line 3005.

WARNING (LEFPARS-2036): SOURCE statement is obsolete in version 5.6 and later.
The LEF parser will ignore this statement.
To avoid this warning in the future, remove this statement from the LEF file with version 5.6 or later. See file /openLANE_flow/designs/sb_1__1_/runs/01-09_14-39//tmp//merged.lef at line 3105.

WARNING (LEFPARS-2036): SOURCE statement is obsolete in version 5.6 and later.
The LEF parser will ignore this statement.
To avoid this warning in the future, remove this statement from the LEF file with version 5.6 or later. See file /openLANE_flow/designs/sb_1__1_/runs/01-09_14-39//tmp//merged.lef at line 3219.

WARNING (LEFPARS-2036): SOURCE statement is obsolete in version 5.6 and later.
The LEF parser will ignore this statement.
To avoid this warning in the future, remove this statement from the LEF file with version 5.6 or later. See file /openLANE_flow/designs/sb_1__1_/runs/01-09_14-39//tmp//merged.lef at line 3361.

WARNING (LEFPARS-2036): SOURCE statement is obsolete in version 5.6 and later.
The LEF parser will ignore this statement.
To avoid this warning in the future, remove this statement from the LEF file with version 5.6 or later. See file /openLANE_flow/designs/sb_1__1_/runs/01-09_14-39//tmp//merged.lef at line 3458.

[LEF] Parsed 3500 number of lines!!
WARNING (LEFPARS-2036): SOURCE statement is obsolete in version 5.6 and later.
The LEF parser will ignore this statement.
To avoid this warning in the future, remove this statement from the LEF file with version 5.6 or later. See file /openLANE_flow/designs/sb_1__1_/runs/01-09_14-39//tmp//merged.lef at line 3561.

WARNING (LEFPARS-2036): SOURCE statement is obsolete in version 5.6 and later.
The LEF parser will ignore this statement.
To avoid this warning in the future, remove this statement from the LEF file with version 5.6 or later. See file /openLANE_flow/designs/sb_1__1_/runs/01-09_14-39//tmp//merged.lef at line 3691.

WARNING (LEFPARS-2036): SOURCE statement is obsolete in version 5.6 and later.
The LEF parser will ignore this statement.
To avoid this warning in the future, remove this statement from the LEF file with version 5.6 or later. See file /openLANE_flow/designs/sb_1__1_/runs/01-09_14-39//tmp//merged.lef at line 3783.

WARNING (LEFPARS-2036): SOURCE statement is obsolete in version 5.6 and later.
The LEF parser will ignore this statement.
To avoid this warning in the future, remove this statement from the LEF file with version 5.6 or later. See file /openLANE_flow/designs/sb_1__1_/runs/01-09_14-39//tmp//merged.lef at line 3887.

[LEF] Parsed 4000 number of lines!!
WARNING (LEFPARS-2036): SOURCE statement is obsolete in version 5.6 and later.
The LEF parser will ignore this statement.
To avoid this warning in the future, remove this statement from the LEF file with version 5.6 or later. See file /openLANE_flow/designs/sb_1__1_/runs/01-09_14-39//tmp//merged.lef at line 4018.

WARNING (LEFPARS-2036): SOURCE statement is obsolete in version 5.6 and later.
The LEF parser will ignore this statement.
To avoid this warning in the future, remove this statement from the LEF file with version 5.6 or later. See file /openLANE_flow/designs/sb_1__1_/runs/01-09_14-39//tmp//merged.lef at line 4148.

WARNING (LEFPARS-2036): SOURCE statement is obsolete in version 5.6 and later.
The LEF parser will ignore this statement.
To avoid this warning in the future, remove this statement from the LEF file with version 5.6 or later. See file /openLANE_flow/designs/sb_1__1_/runs/01-09_14-39//tmp//merged.lef at line 4282.

WARNING (LEFPARS-2036): SOURCE statement is obsolete in version 5.6 and later.
The LEF parser will ignore this statement.
To avoid this warning in the future, remove this statement from the LEF file with version 5.6 or later. See file /openLANE_flow/designs/sb_1__1_/runs/01-09_14-39//tmp//merged.lef at line 4467.

[LEF] Parsed 4500 number of lines!!
[LEF] Parsed 5000 number of lines!!
[LEF] Parsed 5500 number of lines!!
[LEF] Parsed 6000 number of lines!!
[LEF] Parsed 6500 number of lines!!
[LEF] Parsed 7000 number of lines!!
[LEF] Parsed 7500 number of lines!!
[LEF] Parsed 8000 number of lines!!
[LEF] Parsed 8500 number of lines!!
[LEF] Parsed 9000 number of lines!!
[LEF] Parsed 9500 number of lines!!
[LEF] Parsed 10000 number of lines!!
[LEF] Parsed 10500 number of lines!!
[LEF] Parsed 11000 number of lines!!
[LEF] Parsed 11500 number of lines!!
[LEF] Parsed 12000 number of lines!!
[LEF] Parsed 12500 number of lines!!
[LEF] Parsed 13000 number of lines!!
[LEF] Parsed 13500 number of lines!!
[LEF] Parsed 14000 number of lines!!
[LEF] Parsed 14500 number of lines!!
[LEF] Parsed 15000 number of lines!!
[LEF] Parsed 15500 number of lines!!
[LEF] Parsed 16000 number of lines!!
[LEF] Parsed 16500 number of lines!!
[LEF] Parsed 17000 number of lines!!
[LEF] Parsed 17500 number of lines!!
[LEF] Parsed 18000 number of lines!!
[LEF] Parsed 18500 number of lines!!
[LEF] Parsed 19000 number of lines!!
[LEF] Parsed 19500 number of lines!!
[LEF] Parsed 20000 number of lines!!
[LEF] Parsed 20500 number of lines!!
[LEF] Parsed 21000 number of lines!!
[LEF] Parsed 21500 number of lines!!
[LEF] Parsed 22000 number of lines!!
[LEF] Parsed 22500 number of lines!!
[LEF] Parsed 23000 number of lines!!
[LEF] Parsed 23500 number of lines!!
[LEF] Parsed 24000 number of lines!!
[LEF] Parsed 24500 number of lines!!
[LEF] Parsed 25000 number of lines!!
[LEF] Parsed 25500 number of lines!!
[LEF] Parsed 26000 number of lines!!
[LEF] Parsed 26500 number of lines!!
[LEF] Parsed 27000 number of lines!!
[LEF] Parsed 27500 number of lines!!
[LEF] Parsed 28000 number of lines!!
[LEF] Parsed 28500 number of lines!!
[LEF] Parsed 29000 number of lines!!
[LEF] Parsed 29500 number of lines!!
[LEF] Parsed 30000 number of lines!!
[LEF] Parsed 30500 number of lines!!
[LEF] Parsed 31000 number of lines!!
[LEF] Parsed 31500 number of lines!!
[LEF] Parsed 32000 number of lines!!
[LEF] Parsed 32500 number of lines!!
[LEF] Parsed 33000 number of lines!!
[LEF] Parsed 33500 number of lines!!
[LEF] Parsed 34000 number of lines!!
[LEF] Parsed 34500 number of lines!!
[LEF] Parsed 35000 number of lines!!
[LEF] Parsed 35500 number of lines!!
[LEF] Parsed 36000 number of lines!!
[LEF] Parsed 36500 number of lines!!
[LEF] Parsed 37000 number of lines!!
[LEF] Parsed 37500 number of lines!!
[LEF] Parsed 38000 number of lines!!
[LEF] Parsed 38500 number of lines!!
[LEF] Parsed 39000 number of lines!!
[LEF] Parsed 39500 number of lines!!
[LEF] Parsed 40000 number of lines!!
[LEF] Parsed 40500 number of lines!!
[LEF] Parsed 41000 number of lines!!
[LEF] Parsed 41500 number of lines!!
[LEF] Parsed 42000 number of lines!!
[LEF] Parsed 42500 number of lines!!
[LEF] Parsed 43000 number of lines!!
[LEF] Parsed 43500 number of lines!!
[LEF] Parsed 44000 number of lines!!
[LEF] Parsed 44500 number of lines!!
[LEF] Parsed 45000 number of lines!!
[LEF] Parsed 45500 number of lines!!
[LEF] Parsed 46000 number of lines!!
[LEF] Parsed 46500 number of lines!!
[LEF] Parsed 47000 number of lines!!
[LEF] Parsed 47500 number of lines!!
[LEF] Parsed 48000 number of lines!!
[LEF] Parsed 48500 number of lines!!
[LEF] Parsed 49000 number of lines!!
[LEF] Parsed 49500 number of lines!!
[LEF] Parsed 50000 number of lines!!
[LEF] Parsed 50500 number of lines!!
[LEF] Parsed 51000 number of lines!!
[LEF] Parsed 51500 number of lines!!
[LEF] Parsed 52000 number of lines!!
[LEF] Parsed 52500 number of lines!!
[LEF] Parsed 53000 number of lines!!
[LEF] Parsed 53500 number of lines!!
[LEF] Parsed 54000 number of lines!!
[LEF] Parsed 54500 number of lines!!
[LEF] Parsed 55000 number of lines!!
[LEF] Parsed 55500 number of lines!!
[LEF] Parsed 56000 number of lines!!
[LEF] Parsed 56500 number of lines!!
[LEF] Parsed 57000 number of lines!!
[LEF] Parsed 57500 number of lines!!
[LEF] Parsed 58000 number of lines!!
[LEF] Parsed 58500 number of lines!!
[LEF] Parsed 59000 number of lines!!
[LEF] Parsed 59500 number of lines!!
[LEF] Parsed 60000 number of lines!!
[LEF] Parsed 60500 number of lines!!
[LEF] Parsed 61000 number of lines!!
[LEF] Parsed 61500 number of lines!!
[LEF] Parsed 62000 number of lines!!
[PROC] End LefParsing
[PROC] Begin DefParsing ...
WARNING (DEFPARS-7011): The NAMESCASESENSITIVE statement is obsolete in version 5.6 and later.
The DEF parser will ignore this statement. See file /openLANE_flow/designs/sb_1__1_/runs/01-09_14-39//results/floorplan/sb_1__1_.floorplan.def at line 2.

[PROC] End DefParsing
[INFO] DefUnit = 1000
[INFO] LefMetal1Name = li1
[INFO] DefSiteName = unithd
[INFO] ScaleDownUnit = 302.222229
[INFO] OffsetCoordi = (2640.000000, 0.000000)
[INFO] RowSize = (1.522059, 9.000000)
[INFO] NumRows = 153
[INFO] MacroCount = 0
[INFO] NumModules = 124
[INFO] NumTerminals = 6123
[INFO] Inserted Dummy Terms = 0
[PROC] Begin Generate Un-fragmented Rows ...
[INFO] CoreAreaLxLy = (27.000000, 36.000000)
[INFO] CoreAreaUxUy = (3486.639648, 1413.000000)
[INFO] RowSize = (1.522059, 9.000000)
[INFO] NumRows = 153
[PROC] End Generate Un-fragmented Rows
[PROC] Begin DEF Net Parsing ...
[INFO] NumNets = 259
[INFO] NumPins = 584
[PROC] End DEF Net Parsing
[PROC] LEF/DEF Parsing Success!
[INFO] AspectRatio = 0.398018
[INFO] RowMinXY = (27.000000, 36.000000)
[INFO] RowMaxXY = (3486.639648, 1413.000000)
[INFO] NumPlaceStdCells = 124
[INFO] NumPlaceMacros = 0
[INFO] RowSize = (1.522059, 9.000000)
[INFO] NumRows = 153
[INFO] GlobalAreaLxLy = (9.496324, 6.617647)
[INFO] GlobalAreaUxUy = (3505.665283, 1449.794067)
[INFO] PlaceAreaLxLy = (27.000000, 36.000000)
[INFO] PlaceAreaUxUy = (3486.639648, 1413.000000)
[INFO] TotalPlaceArea = 4763924.000000
[INFO] TotalFixedArea = 91103.507812
[INFO] TotalWhiteSpaceArea = 4672820.500000
[INFO] TotalPlaceMacrosArea = 0.000000
[INFO] TotalPlaceStdCellsArea = 43123.007812
[INFO] Util(%) = 0.905199
[INFO] 80pCellArea = 353.570343
[INFO] FillerInit: TotalFillerArea = 4162415.500000
[INFO] FillerInit: NumFillerCells = 11773
[INFO] FillerInit: FillerCellArea = 353.570129
[INFO] FillerInit: FillerCellSize = (39.285568, 9.000000)
[INFO] FillerInit: NumCells = 11897
[INFO] FillerInit: NumModules = 124
[INFO] FillerInit: NumFillers = 11773
INFO:  D_MSH = 1024 
INFO:  MSH(X, Y) = (32, 32)
[INFO] TierInit: TierUtil = 0.009052
[INFO] TierInit: NumModules = 124
[INFO] TierInit: PlaceArea = 4763924.000000
[INFO] TierInit: CoreSpacingArea = 0.000000
[INFO] TierInit: TerminalArea = 91103.507812
[INFO] TierInit: ModuleArea = 43123.007812
[INFO] TierInit: FillerArea = 4162415.500000
[INFO] TierInit: NumFillers = 11773
[INFO] TierInit: FillerMinIdx = 124
[INFO] TierInit: FillerMaxIdx = 11897
INFO:  dim_bin_cGP2D.(x,y) = (64, 64)
cell Init 2D:
tier->bin_stp: (54.0569 21.5156)
tier->half_bin_stp: (27.0284 10.7578)
PROC:  Start NESTEROV's Optimization
PROC:    Global Lagrangian Multiplier is Applied

ITER: 0
    HPWL=155741.468750
    OVFL=0.908469
    HPWL=(108254.851562, 47486.625000)
    POTN=2.138226E+06
    PHIC=1.600804E-09
    GRAD=2.486660E-02
    NuBT=0
    CPU =0.000000

ITER: 1
    HPWL=155740.531250
    OVFL=0.908469
    HPWL=(108254.117188, 47486.414062)
    POTN=2.138218E+06
    PHIC=1.680844E-09
    GRAD=3.438823E-02
    NuBT=1
    CPU =0.003692

ITER: 2
    HPWL=155736.156250
    OVFL=0.908469
    HPWL=(108250.804688, 47485.359375)
    POTN=2.138162E+06
    PHIC=1.764886E-09
    GRAD=3.438744E-02
    NuBT=1
    CPU =0.001788

ITER: 3
    HPWL=78837.718750
    OVFL=0.755356
    HPWL=(50928.515625, 27909.201172)
    POTN=1.673122E+06
    PHIC=1.853130E-09
    GRAD=1.324139E-02
    NuBT=2
    CPU =0.003369

ITER: 4
    HPWL=67774.812500
    OVFL=0.735661
    HPWL=(41578.089844, 26196.718750)
    POTN=1.687020E+06
    PHIC=1.945787E-09
    GRAD=8.042355E-03
    NuBT=2
    CPU =0.003367

ITER: 5
    HPWL=66967.015625
    OVFL=0.715966
    HPWL=(40718.410156, 26248.603516)
    POTN=1.675723E+06
    PHIC=2.043076E-09
    GRAD=4.359472E-03
    NuBT=3
    CPU =0.004912

ITER: 6
    HPWL=66183.296875
    OVFL=0.709293
    HPWL=(40019.113281, 26164.183594)
    POTN=1.639329E+06
    PHIC=2.145230E-09
    GRAD=2.875279E-03
    NuBT=2
    CPU =0.003367

ITER: 7
    HPWL=66095.195312
    OVFL=0.693344
    HPWL=(39949.890625, 26145.306641)
    POTN=1.612975E+06
    PHIC=2.252491E-09
    GRAD=2.704316E-03
    NuBT=1
    CPU =0.001770

ITER: 8
    HPWL=66024.421875
    OVFL=0.627003
    HPWL=(39902.785156, 26121.636719)
    POTN=1.577036E+06
    PHIC=2.365115E-09
    GRAD=2.831922E-03
    NuBT=2
    CPU =0.003339

ITER: 9
    HPWL=65793.578125
    OVFL=0.591129
    HPWL=(39710.542969, 26083.037109)
    POTN=1.535828E+06
    PHIC=2.483371E-09
    GRAD=3.534026E-03
    NuBT=2
    CPU =0.003366

ITER: 10
    HPWL=65749.734375
    OVFL=0.650974
    HPWL=(39697.226562, 26052.505859)
    POTN=1.504512E+06
    PHIC=2.607540E-09
    GRAD=4.344757E-03
    NuBT=2
    CPU =0.003394

ITER: 11
    HPWL=65763.406250
    OVFL=0.598475
    HPWL=(39742.078125, 26021.332031)
    POTN=1.475240E+06
    PHIC=2.737911E-09
    GRAD=3.526418E-03
    NuBT=2
    CPU =0.003416

ITER: 12
    HPWL=65566.921875
    OVFL=0.627939
    HPWL=(39599.304688, 25967.615234)
    POTN=1.453922E+06
    PHIC=2.874806E-09
    GRAD=4.169920E-03
    NuBT=2
    CPU =0.003355

ITER: 13
    HPWL=65526.734375
    OVFL=0.544539
    HPWL=(39604.453125, 25922.279297)
    POTN=1.432855E+06
    PHIC=3.018547E-09
    GRAD=3.739466E-03
    NuBT=1
    CPU =0.001776

ITER: 14
    HPWL=65270.062500
    OVFL=0.566645
    HPWL=(39412.273438, 25857.791016)
    POTN=1.414122E+06
    PHIC=3.169474E-09
    GRAD=5.246998E-03
    NuBT=2
    CPU =0.003333

ITER: 15
    HPWL=65152.582031
    OVFL=0.599689
    HPWL=(39349.613281, 25802.968750)
    POTN=1.394891E+06
    PHIC=3.327947E-09
    GRAD=4.841825E-03
    NuBT=1
    CPU =0.001772

ITER: 16
    HPWL=65248.265625
    OVFL=0.558398
    HPWL=(39496.675781, 25751.587891)
    POTN=1.378132E+06
    PHIC=3.494297E-09
    GRAD=4.588405E-03
    NuBT=2
    CPU =0.003356

ITER: 17
    HPWL=65050.226562
    OVFL=0.505667
    HPWL=(39374.097656, 25676.128906)
    POTN=1.368438E+06
    PHIC=3.669012E-09
    GRAD=5.305246E-03
    NuBT=2
    CPU =0.003310

ITER: 18
    HPWL=64937.656250
    OVFL=0.533886
    HPWL=(39331.066406, 25606.589844)
    POTN=1.356006E+06
    PHIC=3.852462E-09
    GRAD=6.966634E-03
    NuBT=2
    CPU =0.003320

ITER: 19
    HPWL=64962.851562
    OVFL=0.549426
    HPWL=(39410.148438, 25552.701172)
    POTN=1.346538E+06
    PHIC=4.045071E-09
    GRAD=6.994050E-03
    NuBT=2
    CPU =0.003351

ITER: 20
    HPWL=64985.953125
    OVFL=0.540529
    HPWL=(39497.789062, 25488.162109)
    POTN=1.335707E+06
    PHIC=4.247311E-09
    GRAD=6.989700E-03
    NuBT=2
    CPU =0.003397

ITER: 21
    HPWL=64762.226562
    OVFL=0.488410
    HPWL=(39361.617188, 25400.607422)
    POTN=1.329521E+06
    PHIC=4.459676E-09
    GRAD=6.720352E-03
    NuBT=2
    CPU =0.003389

ITER: 22
    HPWL=64377.648438
    OVFL=0.529216
    HPWL=(39080.039062, 25297.607422)
    POTN=1.321463E+06
    PHIC=4.682659E-09
    GRAD=7.302932E-03
    NuBT=2
    CPU =0.003365

ITER: 23
    HPWL=64344.507812
    OVFL=0.520353
    HPWL=(39114.183594, 25230.326172)
    POTN=1.314365E+06
    PHIC=4.916792E-09
    GRAD=6.922664E-03
    NuBT=1
    CPU =0.001753

ITER: 24
    HPWL=64302.449219
    OVFL=0.501579
    HPWL=(39151.070312, 25151.378906)
    POTN=1.308059E+06
    PHIC=5.162631E-09
    GRAD=7.097844E-03
    NuBT=1
    CPU =0.001772

ITER: 25
    HPWL=64088.585938
    OVFL=0.453325
    HPWL=(39032.148438, 25056.435547)
    POTN=1.302083E+06
    PHIC=5.420763E-09
    GRAD=7.215844E-03
    NuBT=2
    CPU =0.003334

ITER: 26
    HPWL=63847.582031
    OVFL=0.481258
    HPWL=(38887.550781, 24960.031250)
    POTN=1.295868E+06
    PHIC=5.691800E-09
    GRAD=8.712074E-03
    NuBT=2
    CPU =0.003337

ITER: 27
    HPWL=63848.339844
    OVFL=0.474327
    HPWL=(38954.792969, 24893.546875)
    POTN=1.293836E+06
    PHIC=5.976390E-09
    GRAD=8.450076E-03
    NuBT=1
    CPU =0.001770

ITER: 28
    HPWL=63712.011719
    OVFL=0.431264
    HPWL=(38906.667969, 24805.343750)
    POTN=1.288003E+06
    PHIC=6.275209E-09
    GRAD=8.667661E-03
    NuBT=2
    CPU =0.003317

ITER: 29
    HPWL=63474.226562
    OVFL=0.455600
    HPWL=(38767.460938, 24706.765625)
    POTN=1.286257E+06
    PHIC=6.588969E-09
    GRAD=1.006124E-02
    NuBT=2
    CPU =0.003322

ITER: 30
    HPWL=63522.632812
    OVFL=0.458529
    HPWL=(38878.875000, 24643.757812)
    POTN=1.275905E+06
    PHIC=6.918370E-09
    GRAD=1.018667E-02
    NuBT=1
    CPU =0.001795

ITER: 31
    HPWL=63388.109375
    OVFL=0.445895
    HPWL=(38834.183594, 24553.927734)
    POTN=1.275567E+06
    PHIC=7.264288E-09
    GRAD=9.882879E-03
    NuBT=2
    CPU =0.003374

ITER: 32
    HPWL=63243.234375
    OVFL=0.392751
    HPWL=(38783.636719, 24459.597656)
    POTN=1.266934E+06
    PHIC=7.627502E-09
    GRAD=1.016987E-02
    NuBT=1
    CPU =0.001802

ITER: 33
    HPWL=62937.906250
    OVFL=0.431995
    HPWL=(38590.574219, 24347.333984)
    POTN=1.268890E+06
    PHIC=8.008877E-09
    GRAD=1.171711E-02
    NuBT=2
    CPU =0.003340

ITER: 34
    HPWL=62930.976562
    OVFL=0.421308
    HPWL=(38650.687500, 24280.291016)
    POTN=1.266038E+06
    PHIC=8.409320E-09
    GRAD=1.063201E-02
    NuBT=1
    CPU =0.001777

ITER: 35
    HPWL=62824.187500
    OVFL=0.407397
    HPWL=(38635.730469, 24188.455078)
    POTN=1.272407E+06
    PHIC=8.829786E-09
    GRAD=1.093698E-02
    NuBT=2
    CPU =0.003356

ITER: 36
    HPWL=62698.921875
    OVFL=0.357095
    HPWL=(38604.886719, 24094.033203)
    POTN=1.273169E+06
    PHIC=9.271274E-09
    GRAD=1.130746E-02
    NuBT=2
    CPU =0.003343

ITER: 37
    HPWL=62485.289062
    OVFL=0.396653
    HPWL=(38495.562500, 23989.726562)
    POTN=1.281162E+06
    PHIC=9.734838E-09
    GRAD=1.361523E-02
    NuBT=2
    CPU =0.003374

ITER: 38
    HPWL=62501.425781
    OVFL=0.388003
    HPWL=(38573.574219, 23927.851562)
    POTN=1.280920E+06
    PHIC=1.022156E-08
    GRAD=1.227354E-02
    NuBT=1
    CPU =0.001779

ITER: 39
    HPWL=62423.933594
    OVFL=0.380846
    HPWL=(38585.371094, 23838.562500)
    POTN=1.284873E+06
    PHIC=1.073263E-08
    GRAD=1.264893E-02
    NuBT=2
    CPU =0.003357

ITER: 40
    HPWL=62362.144531
    OVFL=0.334905
    HPWL=(38608.429688, 23753.714844)
    POTN=1.281359E+06
    PHIC=1.126926E-08
    GRAD=1.318024E-02
    NuBT=1
    CPU =0.001768

ITER: 41
    HPWL=62132.882812
    OVFL=0.344451
    HPWL=(38487.570312, 23645.310547)
    POTN=1.282392E+06
    PHIC=1.183273E-08
    GRAD=1.526270E-02
    NuBT=2
    CPU =0.003364

ITER: 42
    HPWL=62112.164062
    OVFL=0.361913
    HPWL=(38531.800781, 23580.363281)
    POTN=1.279734E+06
    PHIC=1.242436E-08
    GRAD=1.554599E-02
    NuBT=1
    CPU =0.001778

ITER: 43
    HPWL=62065.429688
    OVFL=0.358759
    HPWL=(38562.644531, 23502.785156)
    POTN=1.281577E+06
    PHIC=1.304558E-08
    GRAD=1.465938E-02
    NuBT=2
    CPU =0.003434

ITER: 44
    HPWL=61927.183594
    OVFL=0.352050
    HPWL=(38520.558594, 23406.625000)
    POTN=1.282152E+06
    PHIC=1.369786E-08
    GRAD=1.428953E-02
    NuBT=1
    CPU =0.001778

ITER: 45
    HPWL=61880.343750
    OVFL=0.318434
    HPWL=(38556.156250, 23324.187500)
    POTN=1.286604E+06
    PHIC=1.438275E-08
    GRAD=1.489710E-02
    NuBT=1
    CPU =0.001795

ITER: 46
    HPWL=61727.214844
    OVFL=0.304952
    HPWL=(38502.078125, 23225.136719)
    POTN=1.288104E+06
    PHIC=1.510189E-08
    GRAD=1.679942E-02
    NuBT=2
    CPU =0.003376

ITER: 47
    HPWL=61621.171875
    OVFL=0.345835
    HPWL=(38477.980469, 23143.189453)
    POTN=1.294718E+06
    PHIC=1.585698E-08
    GRAD=1.801862E-02
    NuBT=2
    CPU =0.003355

ITER: 48
    HPWL=61622.984375
    OVFL=0.343860
    HPWL=(38542.753906, 23080.228516)
    POTN=1.294995E+06
    PHIC=1.664983E-08
    GRAD=1.593995E-02
    NuBT=2
    CPU =0.003370

ITER: 49
    HPWL=61478.812500
    OVFL=0.340005
    HPWL=(38498.460938, 22980.349609)
    POTN=1.299005E+06
    PHIC=1.748232E-08
    GRAD=1.537319E-02
    NuBT=1
    CPU =0.001769

ITER: 50
    HPWL=61403.171875
    OVFL=0.335923
    HPWL=(38511.625000, 22891.546875)
    POTN=1.300093E+06
    PHIC=1.835643E-08
    GRAD=1.546143E-02
    NuBT=1
    CPU =0.001771

ITER: 51
    HPWL=61419.625000
    OVFL=0.328140
    HPWL=(38599.613281, 22820.011719)
    POTN=1.304825E+06
    PHIC=1.927421E-08
    GRAD=1.641592E-02
    NuBT=1
    CPU =0.001775

ITER: 52
    HPWL=61313.890625
    OVFL=0.303858
    HPWL=(38587.230469, 22726.658203)
    POTN=1.304111E+06
    PHIC=2.023792E-08
    GRAD=1.678120E-02
    NuBT=2
    CPU =0.003340

ITER: 53
    HPWL=61195.058594
    OVFL=0.301696
    HPWL=(38562.011719, 22633.046875)
    POTN=1.308168E+06
    PHIC=2.124982E-08
    GRAD=1.855850E-02
    NuBT=2
    CPU =0.003377

ITER: 54
    HPWL=61134.742188
    OVFL=0.321407
    HPWL=(38576.582031, 22558.158203)
    POTN=1.310359E+06
    PHIC=2.231231E-08
    GRAD=1.935716E-02
    NuBT=2
    CPU =0.003369

ITER: 55
    HPWL=61149.410156
    OVFL=0.340388
    HPWL=(38651.351562, 22498.058594)
    POTN=1.315744E+06
    PHIC=2.342787E-08
    GRAD=1.888133E-02
    NuBT=1
    CPU =0.001809

ITER: 56
    HPWL=61038.746094
    OVFL=0.339720
    HPWL=(38632.988281, 22405.757812)
    POTN=1.314448E+06
    PHIC=2.459926E-08
    GRAD=1.760517E-02
    NuBT=1
    CPU =0.001789

ITER: 57
    HPWL=60782.187500
    OVFL=0.335549
    HPWL=(38507.843750, 22274.345703)
    POTN=1.316899E+06
    PHIC=2.582923E-08
    GRAD=1.613309E-02
    NuBT=1
    CPU =0.001789

ITER: 58
    HPWL=60607.210938
    OVFL=0.336154
    HPWL=(38448.769531, 22158.443359)
    POTN=1.316011E+06
    PHIC=2.712069E-08
    GRAD=1.526516E-02
    NuBT=1
    CPU =0.001775

ITER: 59
    HPWL=60597.496094
    OVFL=0.351694
    HPWL=(38517.132812, 22080.363281)
    POTN=1.319424E+06
    PHIC=2.847672E-08
    GRAD=1.556443E-02
    NuBT=1
    CPU =0.001768

ITER: 60
    HPWL=60551.121094
    OVFL=0.362984
    HPWL=(38556.378906, 21994.742188)
    POTN=1.322346E+06
    PHIC=2.990055E-08
    GRAD=1.474659E-02
    NuBT=2
    CPU =0.003323

ITER: 61
    HPWL=60461.687500
    OVFL=0.376239
    HPWL=(38565.535156, 21896.154297)
    POTN=1.329907E+06
    PHIC=3.139558E-08
    GRAD=1.387754E-02
    NuBT=1
    CPU =0.001770

ITER: 62
    HPWL=60377.015625
    OVFL=0.384301
    HPWL=(38579.613281, 21797.402344)
    POTN=1.333930E+06
    PHIC=3.296536E-08
    GRAD=1.298309E-02
    NuBT=1
    CPU =0.001793

ITER: 63
    HPWL=60299.265625
    OVFL=0.407220
    HPWL=(38599.789062, 21699.478516)
    POTN=1.341342E+06
    PHIC=3.461362E-08
    GRAD=1.246287E-02
    NuBT=1
    CPU =0.001791

ITER: 64
    HPWL=60252.574219
    OVFL=0.460332
    HPWL=(38634.847656, 21617.726562)
    POTN=1.345895E+06
    PHIC=3.634430E-08
    GRAD=1.120911E-02
    NuBT=1
    CPU =0.001781

ITER: 65
    HPWL=60228.070312
    OVFL=0.498366
    HPWL=(38675.378906, 21552.689453)
    POTN=1.352414E+06
    PHIC=3.816152E-08
    GRAD=8.864895E-03
    NuBT=1
    CPU =0.001809

ITER: 66
    HPWL=60204.320312
    OVFL=0.542736
    HPWL=(38720.730469, 21483.589844)
    POTN=1.355182E+06
    PHIC=4.006959E-08
    GRAD=7.323707E-03
    NuBT=1
    CPU =0.001788

ITER: 67
    HPWL=60496.835938
    OVFL=0.544690
    HPWL=(38997.761719, 21499.072266)
    POTN=1.356184E+06
    PHIC=4.207133E-08
    GRAD=6.666623E-03
    NuBT=1
    CPU =0.001791

ITER: 68
    HPWL=61222.757812
    OVFL=0.530237
    HPWL=(39598.902344, 21623.855469)
    POTN=1.350632E+06
    PHIC=4.417038E-08
    GRAD=8.373336E-03
    NuBT=1
    CPU =0.001788

ITER: 69
    HPWL=60945.117188
    OVFL=0.520250
    HPWL=(39417.105469, 21528.013672)
    POTN=1.353902E+06
    PHIC=4.637889E-08
    GRAD=7.428670E-03
    NuBT=2
    CPU =0.003416

ITER: 70
    HPWL=60805.187500
    OVFL=0.512026
    HPWL=(39324.078125, 21481.107422)
    POTN=1.353716E+06
    PHIC=4.869784E-08
    GRAD=7.376756E-03
    NuBT=2
    CPU =0.003383

ITER: 71
    HPWL=60768.750000
    OVFL=0.470918
    HPWL=(39309.234375, 21459.515625)
    POTN=1.359688E+06
    PHIC=5.113272E-08
    GRAD=7.850233E-03
    NuBT=2
    CPU =0.003363

ITER: 72
    HPWL=60558.695312
    OVFL=0.416689
    HPWL=(39168.105469, 21390.587891)
    POTN=1.362271E+06
    PHIC=5.368936E-08
    GRAD=9.073529E-03
    NuBT=2
    CPU =0.003337

ITER: 73
    HPWL=60434.058594
    OVFL=0.417827
    HPWL=(39086.140625, 21347.917969)
    POTN=1.373573E+06
    PHIC=5.637382E-08
    GRAD=1.202049E-02
    NuBT=2
    CPU =0.003342

ITER: 74
    HPWL=60548.597656
    OVFL=0.473363
    HPWL=(39185.933594, 21362.664062)
    POTN=1.382180E+06
    PHIC=5.919156E-08
    GRAD=1.424925E-02
    NuBT=2
    CPU =0.003353

ITER: 75
    HPWL=60772.812500
    OVFL=0.493553
    HPWL=(39403.792969, 21369.021484)
    POTN=1.390817E+06
    PHIC=6.214917E-08
    GRAD=1.453202E-02
    NuBT=2
    CPU =0.003343

ITER: 76
    HPWL=60285.226562
    OVFL=0.526745
    HPWL=(39102.222656, 21183.001953)
    POTN=1.389707E+06
    PHIC=6.525662E-08
    GRAD=1.201105E-02
    NuBT=1
    CPU =0.001778

ITER: 77
    HPWL=59622.828125
    OVFL=0.538599
    HPWL=(38670.468750, 20952.357422)
    POTN=1.392650E+06
    PHIC=6.851945E-08
    GRAD=8.757726E-03
    NuBT=1
    CPU =0.001778

ITER: 78
    HPWL=59437.070312
    OVFL=0.549064
    HPWL=(38599.117188, 20837.955078)
    POTN=1.382962E+06
    PHIC=7.194541E-08
    GRAD=6.210367E-03
    NuBT=1
    CPU =0.001767

ITER: 79
    HPWL=59941.949219
    OVFL=0.551410
    HPWL=(39011.593750, 20930.355469)
    POTN=1.369374E+06
    PHIC=7.553731E-08
    GRAD=6.449663E-03
    NuBT=1
    CPU =0.001763

ITER: 80
    HPWL=60074.671875
    OVFL=0.552208
    HPWL=(39130.453125, 20944.220703)
    POTN=1.353074E+06
    PHIC=7.931268E-08
    GRAD=6.633552E-03
    NuBT=2
    CPU =0.003320

ITER: 81
    HPWL=60094.410156
    OVFL=0.547052
    HPWL=(39149.886719, 20944.523438)
    POTN=1.349035E+06
    PHIC=8.327808E-08
    GRAD=6.673154E-03
    NuBT=2
    CPU =0.003446

ITER: 82
    HPWL=60073.984375
    OVFL=0.525728
    HPWL=(39134.218750, 20939.763672)
    POTN=1.332126E+06
    PHIC=8.744198E-08
    GRAD=6.843226E-03
    NuBT=2
    CPU =0.003369

ITER: 83
    HPWL=59870.238281
    OVFL=0.536687
    HPWL=(38974.476562, 20895.761719)
    POTN=1.326332E+06
    PHIC=9.181408E-08
    GRAD=6.876118E-03
    NuBT=2
    CPU =0.003349

ITER: 84
    HPWL=59891.414062
    OVFL=0.540059
    HPWL=(38975.957031, 20915.455078)
    POTN=1.315404E+06
    PHIC=9.640449E-08
    GRAD=7.296800E-03
    NuBT=2
    CPU =0.003345

ITER: 85
    HPWL=59745.507812
    OVFL=0.533983
    HPWL=(38860.234375, 20885.271484)
    POTN=1.315074E+06
    PHIC=1.012247E-07
    GRAD=6.957596E-03
    NuBT=2
    CPU =0.003359

ITER: 86
    HPWL=59622.312500
    OVFL=0.522206
    HPWL=(38762.527344, 20859.783203)
    POTN=1.302874E+06
    PHIC=1.062859E-07
    GRAD=6.268795E-03
    NuBT=1
    CPU =0.001781

ITER: 87
    HPWL=59750.578125
    OVFL=0.529670
    HPWL=(38852.199219, 20898.380859)
    POTN=1.299524E+06
    PHIC=1.115982E-07
    GRAD=6.850374E-03
    NuBT=1
    CPU =0.001776

ITER: 88
    HPWL=59653.898438
    OVFL=0.525917
    HPWL=(38774.886719, 20879.013672)
    POTN=1.290080E+06
    PHIC=1.171781E-07
    GRAD=6.381950E-03
    NuBT=2
    CPU =0.003357

ITER: 89
    HPWL=59605.929688
    OVFL=0.521488
    HPWL=(38737.667969, 20868.263672)
    POTN=1.286588E+06
    PHIC=1.230370E-07
    GRAD=6.327810E-03
    NuBT=1
    CPU =0.001793

ITER: 90
    HPWL=59549.992188
    OVFL=0.516467
    HPWL=(38694.695312, 20855.296875)
    POTN=1.275872E+06
    PHIC=1.291889E-07
    GRAD=6.291972E-03
    NuBT=2
    CPU =0.003349

ITER: 91
    HPWL=59495.882812
    OVFL=0.527441
    HPWL=(38652.273438, 20843.609375)
    POTN=1.267568E+06
    PHIC=1.356483E-07
    GRAD=6.299628E-03
    NuBT=2
    CPU =0.003459

ITER: 92
    HPWL=59502.421875
    OVFL=0.531983
    HPWL=(38655.125000, 20847.296875)
    POTN=1.257993E+06
    PHIC=1.424306E-07
    GRAD=5.982280E-03
    NuBT=1
    CPU =0.001807

ITER: 93
    HPWL=59474.593750
    OVFL=0.527909
    HPWL=(38635.875000, 20838.716797)
    POTN=1.249084E+06
    PHIC=1.495522E-07
    GRAD=5.741766E-03
    NuBT=1
    CPU =0.001775

ITER: 94
    HPWL=59486.503906
    OVFL=0.532769
    HPWL=(38649.226562, 20837.277344)
    POTN=1.239361E+06
    PHIC=1.570295E-07
    GRAD=5.845717E-03
    NuBT=1
    CPU =0.001774

ITER: 95
    HPWL=59480.207031
    OVFL=0.533960
    HPWL=(38647.714844, 20832.492188)
    POTN=1.228631E+06
    PHIC=1.648810E-07
    GRAD=5.660057E-03
    NuBT=2
    CPU =0.003360

ITER: 96
    HPWL=59478.679688
    OVFL=0.536727
    HPWL=(38650.671875, 20828.007812)
    POTN=1.219553E+06
    PHIC=1.731250E-07
    GRAD=5.590735E-03
    NuBT=1
    CPU =0.001772

ITER: 97
    HPWL=59491.523438
    OVFL=0.538100
    HPWL=(38663.656250, 20827.869141)
    POTN=1.208813E+06
    PHIC=1.817809E-07
    GRAD=5.510106E-03
    NuBT=1
    CPU =0.001788

ITER: 98
    HPWL=59504.175781
    OVFL=0.546362
    HPWL=(38676.273438, 20827.902344)
    POTN=1.200652E+06
    PHIC=1.908696E-07
    GRAD=5.468450E-03
    NuBT=1
    CPU =0.001783

ITER: 99
    HPWL=59518.726562
    OVFL=0.549169
    HPWL=(38689.562500, 20829.164062)
    POTN=1.190839E+06
    PHIC=2.004127E-07
    GRAD=5.263507E-03
    NuBT=1
    CPU =0.001781

ITER: 100
    HPWL=59521.312500
    OVFL=0.552258
    HPWL=(38694.570312, 20826.742188)
    POTN=1.182215E+06
    PHIC=2.104332E-07
    GRAD=5.168227E-03
    NuBT=1
    CPU =0.001772

ITER: 101
    HPWL=59559.281250
    OVFL=0.550422
    HPWL=(38725.175781, 20834.105469)
    POTN=1.171278E+06
    PHIC=2.209537E-07
    GRAD=5.142306E-03
    NuBT=1
    CPU =0.001779

ITER: 102
    HPWL=59617.085938
    OVFL=0.558600
    HPWL=(38769.917969, 20847.166016)
    POTN=1.160938E+06
    PHIC=2.319995E-07
    GRAD=5.295700E-03
    NuBT=1
    CPU =0.001788

ITER: 103
    HPWL=59594.742188
    OVFL=0.557068
    HPWL=(38753.078125, 20841.666016)
    POTN=1.149463E+06
    PHIC=2.435994E-07
    GRAD=5.042299E-03
    NuBT=2
    CPU =0.003358

ITER: 104
    HPWL=59554.371094
    OVFL=0.557093
    HPWL=(38723.562500, 20830.808594)
    POTN=1.139277E+06
    PHIC=2.557794E-07
    GRAD=4.988240E-03
    NuBT=1
    CPU =0.001789

ITER: 105
    HPWL=59597.031250
    OVFL=0.559920
    HPWL=(38754.976562, 20842.056641)
    POTN=1.125589E+06
    PHIC=2.685667E-07
    GRAD=5.077909E-03
    NuBT=1
    CPU =0.001790

ITER: 106
    HPWL=59587.140625
    OVFL=0.567775
    HPWL=(38746.585938, 20840.556641)
    POTN=1.112822E+06
    PHIC=2.819951E-07
    GRAD=4.992549E-03
    NuBT=2
    CPU =0.003446

ITER: 107
    HPWL=59580.367188
    OVFL=0.561541
    HPWL=(38740.664062, 20839.705078)
    POTN=1.098425E+06
    PHIC=2.960948E-07
    GRAD=4.796097E-03
    NuBT=1
    CPU =0.001792

ITER: 108
    HPWL=59583.851562
    OVFL=0.556095
    HPWL=(38743.570312, 20840.281250)
    POTN=1.083707E+06
    PHIC=3.108994E-07
    GRAD=4.944899E-03
    NuBT=1
    CPU =0.001794

ITER: 109
    HPWL=59551.691406
    OVFL=0.557435
    HPWL=(38717.445312, 20834.246094)
    POTN=1.067704E+06
    PHIC=3.264443E-07
    GRAD=5.039452E-03
    NuBT=2
    CPU =0.003351

ITER: 110
    HPWL=59574.093750
    OVFL=0.566769
    HPWL=(38730.785156, 20843.306641)
    POTN=1.050329E+06
    PHIC=3.427654E-07
    GRAD=5.074297E-03
    NuBT=1
    CPU =0.001781

ITER: 111
    HPWL=59582.781250
    OVFL=0.561454
    HPWL=(38734.753906, 20848.025391)
    POTN=1.033720E+06
    PHIC=3.599032E-07
    GRAD=4.888803E-03
    NuBT=1
    CPU =0.001802

ITER: 112
    HPWL=59519.062500
    OVFL=0.551971
    HPWL=(38686.414062, 20832.648438)
    POTN=1.015206E+06
    PHIC=3.778984E-07
    GRAD=4.888016E-03
    NuBT=1
    CPU =0.001783

ITER: 113
    HPWL=59475.328125
    OVFL=0.554040
    HPWL=(38651.503906, 20823.824219)
    POTN=9.963383E+05
    PHIC=3.967933E-07
    GRAD=5.066343E-03
    NuBT=1
    CPU =0.001774

ITER: 114
    HPWL=59470.945312
    OVFL=0.562083
    HPWL=(38644.328125, 20826.617188)
    POTN=9.768610E+05
    PHIC=4.166329E-07
    GRAD=5.027371E-03
    NuBT=1
    CPU =0.001768

ITER: 115
    HPWL=59478.296875
    OVFL=0.559620
    HPWL=(38647.554688, 20830.744141)
    POTN=9.586206E+05
    PHIC=4.374641E-07
    GRAD=4.871534E-03
    NuBT=1
    CPU =0.001774

ITER: 116
    HPWL=59445.796875
    OVFL=0.550909
    HPWL=(38623.144531, 20822.654297)
    POTN=9.386139E+05
    PHIC=4.593373E-07
    GRAD=4.866164E-03
    NuBT=1
    CPU =0.001776

ITER: 117
    HPWL=59428.781250
    OVFL=0.547639
    HPWL=(38609.757812, 20819.025391)
    POTN=9.176414E+05
    PHIC=4.823041E-07
    GRAD=5.055686E-03
    NuBT=1
    CPU =0.001790

ITER: 118
    HPWL=59440.781250
    OVFL=0.555964
    HPWL=(38616.218750, 20824.560547)
    POTN=8.965842E+05
    PHIC=5.064184E-07
    GRAD=5.177706E-03
    NuBT=1
    CPU =0.001770

ITER: 119
    HPWL=59440.312500
    OVFL=0.556172
    HPWL=(38613.460938, 20826.849609)
    POTN=8.763243E+05
    PHIC=5.317393E-07
    GRAD=4.982004E-03
    NuBT=1
    CPU =0.001776

ITER: 120
    HPWL=59402.183594
    OVFL=0.554230
    HPWL=(38585.355469, 20816.828125)
    POTN=8.558150E+05
    PHIC=5.583262E-07
    GRAD=4.910189E-03
    NuBT=1
    CPU =0.001779

ITER: 121
    HPWL=59392.085938
    OVFL=0.545914
    HPWL=(38578.453125, 20813.634766)
    POTN=8.336806E+05
    PHIC=5.862425E-07
    GRAD=4.936095E-03
    NuBT=1
    CPU =0.001780

ITER: 122
    HPWL=59390.851562
    OVFL=0.544682
    HPWL=(38577.898438, 20812.953125)
    POTN=8.115029E+05
    PHIC=6.155546E-07
    GRAD=5.149764E-03
    NuBT=2
    CPU =0.003414

ITER: 123
    HPWL=59388.234375
    OVFL=0.553082
    HPWL=(38574.121094, 20814.111328)
    POTN=7.897899E+05
    PHIC=6.463323E-07
    GRAD=5.187556E-03
    NuBT=2
    CPU =0.003377

ITER: 124
    HPWL=59412.726562
    OVFL=0.555621
    HPWL=(38591.207031, 20821.517578)
    POTN=7.666091E+05
    PHIC=6.786466E-07
    GRAD=5.016504E-03
    NuBT=1
    CPU =0.001775

ITER: 125
    HPWL=59412.320312
    OVFL=0.554527
    HPWL=(38592.460938, 20819.859375)
    POTN=7.456886E+05
    PHIC=7.125789E-07
    GRAD=4.943278E-03
    NuBT=1
    CPU =0.001781

ITER: 126
    HPWL=59398.859375
    OVFL=0.547338
    HPWL=(38584.250000, 20814.607422)
    POTN=7.222789E+05
    PHIC=7.482078E-07
    GRAD=4.933175E-03
    NuBT=1
    CPU =0.001796

ITER: 127
    HPWL=59405.515625
    OVFL=0.546261
    HPWL=(38590.578125, 20814.939453)
    POTN=6.984840E+05
    PHIC=7.856174E-07
    GRAD=5.120694E-03
    NuBT=1
    CPU =0.001780

ITER: 128
    HPWL=59412.210938
    OVFL=0.545916
    HPWL=(38594.718750, 20817.490234)
    POTN=6.751862E+05
    PHIC=8.248975E-07
    GRAD=5.164033E-03
    NuBT=1
    CPU =0.001802

ITER: 129
    HPWL=59398.949219
    OVFL=0.552534
    HPWL=(38584.062500, 20814.886719)
    POTN=6.520869E+05
    PHIC=8.661423E-07
    GRAD=5.155308E-03
    NuBT=1
    CPU =0.001793

ITER: 130
    HPWL=59376.503906
    OVFL=0.556822
    HPWL=(38566.898438, 20809.605469)
    POTN=6.275472E+05
    PHIC=9.094494E-07
    GRAD=4.963204E-03
    NuBT=1
    CPU =0.001781

ITER: 131
    HPWL=59354.453125
    OVFL=0.557775
    HPWL=(38552.000000, 20802.455078)
    POTN=6.035409E+05
    PHIC=9.549218E-07
    GRAD=4.832689E-03
    NuBT=1
    CPU =0.001781

ITER: 132
    HPWL=59353.726562
    OVFL=0.557247
    HPWL=(38553.898438, 20799.828125)
    POTN=5.790200E+05
    PHIC=1.002668E-06
    GRAD=4.789644E-03
    NuBT=1
    CPU =0.001785

ITER: 133
    HPWL=59402.804688
    OVFL=0.555914
    HPWL=(38592.636719, 20810.166016)
    POTN=5.552345E+05
    PHIC=1.052794E-06
    GRAD=4.840018E-03
    NuBT=1
    CPU =0.001771

ITER: 134
    HPWL=59395.281250
    OVFL=0.551733
    HPWL=(38588.125000, 20807.154297)
    POTN=5.294140E+05
    PHIC=1.105434E-06
    GRAD=4.856003E-03
    NuBT=2
    CPU =0.003368

ITER: 135
    HPWL=59409.457031
    OVFL=0.552070
    HPWL=(38599.140625, 20810.316406)
    POTN=5.036845E+05
    PHIC=1.160703E-06
    GRAD=4.981419E-03
    NuBT=1
    CPU =0.001788

ITER: 136
    HPWL=59393.851562
    OVFL=0.552667
    HPWL=(38586.613281, 20807.240234)
    POTN=4.777122E+05
    PHIC=1.218738E-06
    GRAD=4.953551E-03
    NuBT=2
    CPU =0.003476

ITER: 137
    HPWL=59382.925781
    OVFL=0.553092
    HPWL=(38577.878906, 20805.046875)
    POTN=4.525995E+05
    PHIC=1.279675E-06
    GRAD=4.924376E-03
    NuBT=1
    CPU =0.001805

ITER: 138
    HPWL=59389.484375
    OVFL=0.553237
    HPWL=(38582.585938, 20806.896484)
    POTN=4.274161E+05
    PHIC=1.343657E-06
    GRAD=4.920626E-03
    NuBT=1
    CPU =0.001787

ITER: 139
    HPWL=59395.023438
    OVFL=0.553693
    HPWL=(38586.691406, 20808.332031)
    POTN=4.026615E+05
    PHIC=1.410839E-06
    GRAD=4.923366E-03
    NuBT=1
    CPU =0.001771

ITER: 140
    HPWL=59389.261719
    OVFL=0.555181
    HPWL=(38582.382812, 20806.878906)
    POTN=3.769341E+05
    PHIC=1.481381E-06
    GRAD=4.904565E-03
    NuBT=1
    CPU =0.001774

ITER: 141
    HPWL=59380.164062
    OVFL=0.557127
    HPWL=(38575.628906, 20804.533203)
    POTN=3.517300E+05
    PHIC=1.555450E-06
    GRAD=4.856730E-03
    NuBT=1
    CPU =0.001799

ITER: 142
    HPWL=59381.875000
    OVFL=0.558473
    HPWL=(38577.257812, 20804.615234)
    POTN=3.263398E+05
    PHIC=1.633222E-06
    GRAD=4.808506E-03
    NuBT=1
    CPU =0.001777

ITER: 143
    HPWL=59397.601562
    OVFL=0.559277
    HPWL=(38589.644531, 20807.955078)
    POTN=3.017696E+05
    PHIC=1.714879E-06
    GRAD=4.788269E-03
    NuBT=1
    CPU =0.001767

ITER: 144
    HPWL=59420.117188
    OVFL=0.559685
    HPWL=(38607.035156, 20813.083984)
    POTN=2.772738E+05
    PHIC=1.800617E-06
    GRAD=4.790968E-03
    NuBT=1
    CPU =0.001780

ITER: 145
    HPWL=59431.429688
    OVFL=0.559754
    HPWL=(38615.699219, 20815.728516)
    POTN=2.538427E+05
    PHIC=1.890645E-06
    GRAD=4.792901E-03
    NuBT=1
    CPU =0.001783

ITER: 146
    HPWL=59427.394531
    OVFL=0.559484
    HPWL=(38612.597656, 20814.796875)
    POTN=2.308820E+05
    PHIC=1.985177E-06
    GRAD=4.784334E-03
    NuBT=1
    CPU =0.001793

ITER: 147
    HPWL=59421.093750
    OVFL=0.559014
    HPWL=(38607.546875, 20813.544922)
    POTN=2.092838E+05
    PHIC=2.084436E-06
    GRAD=4.782952E-03
    NuBT=1
    CPU =0.001802

ITER: 148
    HPWL=59424.828125
    OVFL=0.558374
    HPWL=(38609.644531, 20815.183594)
    POTN=1.883329E+05
    PHIC=2.188656E-06
    GRAD=4.799073E-03
    NuBT=1
    CPU =0.001771

ITER: 149
    HPWL=59435.316406
    OVFL=0.557527
    HPWL=(38616.636719, 20818.679688)
    POTN=1.689687E+05
    PHIC=2.298085E-06
    GRAD=4.829291E-03
    NuBT=1
    CPU =0.001789

ITER: 150
    HPWL=59442.785156
    OVFL=0.556428
    HPWL=(38621.222656, 20821.562500)
    POTN=1.505373E+05
    PHIC=2.412987E-06
    GRAD=4.860444E-03
    NuBT=1
    CPU =0.001783

ITER: 151
    HPWL=59442.496094
    OVFL=0.555025
    HPWL=(38619.792969, 20822.703125)
    POTN=1.339915E+05
    PHIC=2.533636E-06
    GRAD=4.887926E-03
    NuBT=1
    CPU =0.001804

ITER: 152
    HPWL=59440.683594
    OVFL=0.553094
    HPWL=(38617.054688, 20823.628906)
    POTN=1.187168E+05
    PHIC=2.660318E-06
    GRAD=4.920979E-03
    NuBT=1
    CPU =0.001796

ITER: 153
    HPWL=59442.070312
    OVFL=0.550372
    HPWL=(38616.410156, 20825.658203)
    POTN=1.052328E+05
    PHIC=2.793333E-06
    GRAD=4.973580E-03
    NuBT=1
    CPU =0.001797

ITER: 154
    HPWL=59445.781250
    OVFL=0.550120
    HPWL=(38617.117188, 20828.666016)
    POTN=9.302398E+04
    PHIC=2.932998E-06
    GRAD=5.052235E-03
    NuBT=1
    CPU =0.001839

ITER: 155
    HPWL=59446.875000
    OVFL=0.550135
    HPWL=(38615.160156, 20831.716797)
    POTN=8.241082E+04
    PHIC=3.079648E-06
    GRAD=5.067318E-03
    NuBT=1
    CPU =0.001784

ITER: 156
    HPWL=59444.285156
    OVFL=0.549957
    HPWL=(38610.628906, 20833.656250)
    POTN=7.362954E+04
    PHIC=3.233630E-06
    GRAD=5.067604E-03
    NuBT=1
    CPU =0.001774

ITER: 157
    HPWL=59437.000000
    OVFL=0.549402
    HPWL=(38602.585938, 20834.414062)
    POTN=6.720135E+04
    PHIC=3.395311E-06
    GRAD=5.063729E-03
    NuBT=1
    CPU =0.001776

ITER: 158
    HPWL=59431.468750
    OVFL=0.548314
    HPWL=(38595.773438, 20835.697266)
    POTN=6.286843E+04
    PHIC=3.565076E-06
    GRAD=5.070619E-03
    NuBT=1
    CPU =0.001773

ITER: 159
    HPWL=59431.308594
    OVFL=0.546554
    HPWL=(38592.714844, 20838.593750)
    POTN=6.008873E+04
    PHIC=3.743330E-06
    GRAD=5.100183E-03
    NuBT=1
    CPU =0.001776

ITER: 160
    HPWL=59432.414062
    OVFL=0.544620
    HPWL=(38590.136719, 20842.275391)
    POTN=5.906148E+04
    PHIC=3.930496E-06
    GRAD=5.150755E-03
    NuBT=1
    CPU =0.001770

ITER: 161
    HPWL=59427.828125
    OVFL=0.541602
    HPWL=(38582.859375, 20844.970703)
    POTN=5.960428E+04
    PHIC=4.127020E-06
    GRAD=5.200395E-03
    NuBT=1
    CPU =0.001778

ITER: 162
    HPWL=59418.242188
    OVFL=0.536679
    HPWL=(38571.394531, 20846.847656)
    POTN=6.225766E+04
    PHIC=4.333371E-06
    GRAD=5.273207E-03
    NuBT=1
    CPU =0.001755

ITER: 163
    HPWL=59411.156250
    OVFL=0.524913
    HPWL=(38561.433594, 20849.722656)
    POTN=6.566462E+04
    PHIC=4.550040E-06
    GRAD=5.405739E-03
    NuBT=1
    CPU =0.001790

ITER: 164
    HPWL=59411.011719
    OVFL=0.507634
    HPWL=(38555.851562, 20855.160156)
    POTN=6.940434E+04
    PHIC=4.777542E-06
    GRAD=5.768980E-03
    NuBT=1
    CPU =0.001778

ITER: 165
    HPWL=59420.417969
    OVFL=0.492234
    HPWL=(38554.949219, 20865.468750)
    POTN=7.439276E+04
    PHIC=5.016412E-06
    GRAD=6.381232E-03
    NuBT=1
    CPU =0.001783

ITER: 166
    HPWL=59474.757812
    OVFL=0.483370
    HPWL=(38584.378906, 20890.378906)
    POTN=8.074813E+04
    PHIC=5.267192E-06
    GRAD=7.134611E-03
    NuBT=1
    CPU =0.001778

ITER: 167
    HPWL=59497.511719
    OVFL=0.475909
    HPWL=(38589.195312, 20908.316406)
    POTN=8.917270E+04
    PHIC=5.530534E-06
    GRAD=7.653301E-03
    NuBT=2
    CPU =0.003351

ITER: 168
    HPWL=59526.812500
    OVFL=0.478406
    HPWL=(38599.761719, 20927.052734)
    POTN=9.847762E+04
    PHIC=5.807037E-06
    GRAD=8.206218E-03
    NuBT=2
    CPU =0.003359

ITER: 169
    HPWL=59596.632812
    OVFL=0.488952
    HPWL=(38641.757812, 20954.873047)
    POTN=1.095123E+05
    PHIC=6.097328E-06
    GRAD=8.532743E-03
    NuBT=2
    CPU =0.003452

ITER: 170
    HPWL=59612.519531
    OVFL=0.499460
    HPWL=(38646.699219, 20965.820312)
    POTN=1.201158E+05
    PHIC=6.402180E-06
    GRAD=8.312260E-03
    NuBT=2
    CPU =0.003363

ITER: 171
    HPWL=59487.351562
    OVFL=0.501805
    HPWL=(38549.328125, 20938.025391)
    POTN=1.309533E+05
    PHIC=6.722288E-06
    GRAD=7.733870E-03
    NuBT=2
    CPU =0.003370

ITER: 172
    HPWL=59357.964844
    OVFL=0.512783
    HPWL=(38451.578125, 20906.386719)
    POTN=1.443794E+05
    PHIC=7.058402E-06
    GRAD=7.066643E-03
    NuBT=1
    CPU =0.001782

ITER: 173
    HPWL=59360.093750
    OVFL=0.518194
    HPWL=(38453.265625, 20906.830078)
    POTN=1.579960E+05
    PHIC=7.411320E-06
    GRAD=6.455258E-03
    NuBT=1
    CPU =0.001782

ITER: 174
    HPWL=59599.296875
    OVFL=0.518220
    HPWL=(38636.023438, 20963.275391)
    POTN=1.691743E+05
    PHIC=7.781623E-06
    GRAD=6.775910E-03
    NuBT=1
    CPU =0.001780

ITER: 175
    HPWL=59543.410156
    OVFL=0.510301
    HPWL=(38597.468750, 20945.941406)
    POTN=1.788301E+05
    PHIC=8.170704E-06
    GRAD=6.497547E-03
    NuBT=2
    CPU =0.003361

ITER: 176
    HPWL=59594.109375
    OVFL=0.506607
    HPWL=(38641.843750, 20952.265625)
    POTN=1.892854E+05
    PHIC=8.579177E-06
    GRAD=6.855897E-03
    NuBT=1
    CPU =0.001785

ITER: 177
    HPWL=59549.359375
    OVFL=0.503887
    HPWL=(38609.898438, 20939.460938)
    POTN=1.997328E+05
    PHIC=9.008136E-06
    GRAD=6.783591E-03
    NuBT=2
    CPU =0.003345

ITER: 178
    HPWL=59536.593750
    OVFL=0.501806
    HPWL=(38599.343750, 20937.251953)
    POTN=2.045659E+05
    PHIC=9.458542E-06
    GRAD=6.807678E-03
    NuBT=1
    CPU =0.001790

ITER: 179
    HPWL=59580.960938
    OVFL=0.498236
    HPWL=(38630.710938, 20950.248047)
    POTN=2.081307E+05
    PHIC=9.931407E-06
    GRAD=6.996989E-03
    NuBT=1
    CPU =0.001794

ITER: 180
    HPWL=59620.812500
    OVFL=0.494789
    HPWL=(38657.632812, 20963.179688)
    POTN=2.124688E+05
    PHIC=1.042792E-05
    GRAD=7.267623E-03
    NuBT=1
    CPU =0.001796

ITER: 181
    HPWL=59634.117188
    OVFL=0.494066
    HPWL=(38664.152344, 20969.966797)
    POTN=2.131522E+05
    PHIC=1.094929E-05
    GRAD=7.466653E-03
    NuBT=1
    CPU =0.001784

ITER: 182
    HPWL=59626.882812
    OVFL=0.493818
    HPWL=(38655.078125, 20971.806641)
    POTN=2.099473E+05
    PHIC=1.149676E-05
    GRAD=7.507090E-03
    NuBT=1
    CPU =0.001816

ITER: 183
    HPWL=59631.976562
    OVFL=0.494536
    HPWL=(38654.660156, 20977.316406)
    POTN=2.056001E+05
    PHIC=1.207159E-05
    GRAD=7.548683E-03
    NuBT=1
    CPU =0.001861

ITER: 184
    HPWL=59683.281250
    OVFL=0.491937
    HPWL=(38689.414062, 20993.867188)
    POTN=2.009175E+05
    PHIC=1.267507E-05
    GRAD=7.708476E-03
    NuBT=1
    CPU =0.001789

ITER: 185
    HPWL=59648.351562
    OVFL=0.487349
    HPWL=(38659.957031, 20988.394531)
    POTN=1.895139E+05
    PHIC=1.330883E-05
    GRAD=7.674531E-03
    NuBT=2
    CPU =0.003364

ITER: 186
    HPWL=59655.839844
    OVFL=0.491133
    HPWL=(38661.246094, 20994.593750)
    POTN=1.798081E+05
    PHIC=1.397425E-05
    GRAD=7.960167E-03
    NuBT=1
    CPU =0.001785

ITER: 187
    HPWL=59641.535156
    OVFL=0.490265
    HPWL=(38644.886719, 20996.648438)
    POTN=1.713601E+05
    PHIC=1.467296E-05
    GRAD=7.840103E-03
    NuBT=1
    CPU =0.001776

ITER: 188
    HPWL=59575.070312
    OVFL=0.483923
    HPWL=(38590.722656, 20984.345703)
    POTN=1.592631E+05
    PHIC=1.540661E-05
    GRAD=7.558004E-03
    NuBT=1
    CPU =0.001773

ITER: 189
    HPWL=59583.765625
    OVFL=0.480794
    HPWL=(38593.820312, 20989.943359)
    POTN=1.481258E+05
    PHIC=1.617692E-05
    GRAD=7.784091E-03
    NuBT=1
    CPU =0.001766

ITER: 190
    HPWL=59596.156250
    OVFL=0.467717
    HPWL=(38601.085938, 20995.068359)
    POTN=1.393830E+05
    PHIC=1.698574E-05
    GRAD=7.932281E-03
    NuBT=2
    CPU =0.003377

ITER: 191
    HPWL=59564.734375
    OVFL=0.447763
    HPWL=(38575.218750, 20989.513672)
    POTN=1.301471E+05
    PHIC=1.783502E-05
    GRAD=8.351510E-03
    NuBT=2
    CPU =0.003364

ITER: 192
    HPWL=59543.953125
    OVFL=0.431594
    HPWL=(38554.667969, 20989.287109)
    POTN=1.230649E+05
    PHIC=1.872677E-05
    GRAD=9.213367E-03
    NuBT=2
    CPU =0.003358

ITER: 193
    HPWL=59564.312500
    OVFL=0.424179
    HPWL=(38560.582031, 21003.732422)
    POTN=1.208835E+05
    PHIC=1.966305E-05
    GRAD=1.018623E-02
    NuBT=2
    CPU =0.003379

ITER: 194
    HPWL=59578.757812
    OVFL=0.423248
    HPWL=(38560.656250, 21018.101562)
    POTN=1.211718E+05
    PHIC=2.064616E-05
    GRAD=1.075754E-02
    NuBT=2
    CPU =0.003434

ITER: 195
    HPWL=59563.816406
    OVFL=0.418307
    HPWL=(38539.679688, 21024.136719)
    POTN=1.228326E+05
    PHIC=2.167847E-05
    GRAD=1.091316E-02
    NuBT=2
    CPU =0.003401

ITER: 196
    HPWL=59509.593750
    OVFL=0.407764
    HPWL=(38491.976562, 21017.617188)
    POTN=1.267090E+05
    PHIC=2.276239E-05
    GRAD=1.101926E-02
    NuBT=2
    CPU =0.003368

ITER: 197
    HPWL=59455.968750
    OVFL=0.417809
    HPWL=(38444.835938, 21011.132812)
    POTN=1.368976E+05
    PHIC=2.390051E-05
    GRAD=1.135091E-02
    NuBT=2
    CPU =0.003365

ITER: 198
    HPWL=59465.078125
    OVFL=0.420512
    HPWL=(38444.175781, 21020.902344)
    POTN=1.431655E+05
    PHIC=2.509550E-05
    GRAD=1.110189E-02
    NuBT=2
    CPU =0.003363

ITER: 199
    HPWL=59481.953125
    OVFL=0.418252
    HPWL=(38456.320312, 21025.634766)
    POTN=1.513285E+05
    PHIC=2.635022E-05
    GRAD=1.093833E-02
    NuBT=1
    CPU =0.001795

ITER: 200
    HPWL=59514.640625
    OVFL=0.413847
    HPWL=(38484.687500, 21029.955078)
    POTN=1.584152E+05
    PHIC=2.766760E-05
    GRAD=1.103488E-02
    NuBT=1
    CPU =0.001766

ITER: 201
    HPWL=59562.398438
    OVFL=0.417262
    HPWL=(38523.941406, 21038.457031)
    POTN=1.654918E+05
    PHIC=2.905078E-05
    GRAD=1.145844E-02
    NuBT=1
    CPU =0.001782

ITER: 202
    HPWL=59576.101562
    OVFL=0.412475
    HPWL=(38536.382812, 21039.720703)
    POTN=1.659562E+05
    PHIC=3.050326E-05
    GRAD=1.130148E-02
    NuBT=1
    CPU =0.001788

ITER: 203
    HPWL=59523.226562
    OVFL=0.406814
    HPWL=(38499.128906, 21024.099609)
    POTN=1.667381E+05
    PHIC=3.202842E-05
    GRAD=1.120760E-02
    NuBT=1
    CPU =0.001785

ITER: 204
    HPWL=59502.617188
    OVFL=0.401875
    HPWL=(38483.750000, 21018.867188)
    POTN=1.618868E+05
    PHIC=3.362984E-05
    GRAD=1.134070E-02
    NuBT=1
    CPU =0.001781

ITER: 205
    HPWL=59546.585938
    OVFL=0.399208
    HPWL=(38513.085938, 21033.501953)
    POTN=1.543542E+05
    PHIC=3.531111E-05
    GRAD=1.194563E-02
    NuBT=1
    CPU =0.001782

ITER: 206
    HPWL=59496.109375
    OVFL=0.392333
    HPWL=(38470.542969, 21025.564453)
    POTN=1.425843E+05
    PHIC=3.707666E-05
    GRAD=1.190206E-02
    NuBT=2
    CPU =0.003390

ITER: 207
    HPWL=59483.804688
    OVFL=0.383179
    HPWL=(38455.945312, 21027.859375)
    POTN=1.292538E+05
    PHIC=3.893050E-05
    GRAD=1.230917E-02
    NuBT=1
    CPU =0.001821

ITER: 208
    HPWL=59440.179688
    OVFL=0.373114
    HPWL=(38416.703125, 21023.474609)
    POTN=1.163820E+05
    PHIC=4.087702E-05
    GRAD=1.272634E-02
    NuBT=2
    CPU =0.003520

ITER: 209
    HPWL=59397.039062
    OVFL=0.370585
    HPWL=(38375.890625, 21021.148438)
    POTN=1.035927E+05
    PHIC=4.292087E-05
    GRAD=1.330050E-02
    NuBT=2
    CPU =0.003361

ITER: 210
    HPWL=59377.937500
    OVFL=0.363813
    HPWL=(38352.039062, 21025.898438)
    POTN=9.066562E+04
    PHIC=4.506691E-05
    GRAD=1.361415E-02
    NuBT=2
    CPU =0.003367

ITER: 211
    HPWL=59343.339844
    OVFL=0.355123
    HPWL=(38319.582031, 21023.757812)
    POTN=7.942226E+04
    PHIC=4.732025E-05
    GRAD=1.403636E-02
    NuBT=2
    CPU =0.003370

ITER: 212
    HPWL=59310.402344
    OVFL=0.348349
    HPWL=(38289.460938, 21020.941406)
    POTN=7.018962E+04
    PHIC=4.968626E-05
    GRAD=1.458987E-02
    NuBT=2
    CPU =0.003370

ITER: 213
    HPWL=59294.390625
    OVFL=0.342977
    HPWL=(38273.863281, 21020.529297)
    POTN=6.270878E+04
    PHIC=5.217057E-05
    GRAD=1.511310E-02
    NuBT=2
    CPU =0.003369

ITER: 214
    HPWL=59285.789062
    OVFL=0.341767
    HPWL=(38265.714844, 21020.074219)
    POTN=5.799332E+04
    PHIC=5.477910E-05
    GRAD=1.555501E-02
    NuBT=2
    CPU =0.003350

ITER: 215
    HPWL=59299.574219
    OVFL=0.339279
    HPWL=(38277.078125, 21022.496094)
    POTN=5.367568E+04
    PHIC=5.751794E-05
    GRAD=1.580065E-02
    NuBT=2
    CPU =0.003335

ITER: 216
    HPWL=59365.558594
    OVFL=0.335899
    HPWL=(38329.687500, 21035.871094)
    POTN=5.134795E+04
    PHIC=6.039327E-05
    GRAD=1.652694E-02
    NuBT=1
    CPU =0.001767

ITER: 217
    HPWL=59393.500000
    OVFL=0.331360
    HPWL=(38354.804688, 21038.693359)
    POTN=4.898683E+04
    PHIC=6.341268E-05
    GRAD=1.697731E-02
    NuBT=1
    CPU =0.001793

ITER: 218
    HPWL=59359.855469
    OVFL=0.328586
    HPWL=(38333.171875, 21026.683594)
    POTN=4.801668E+04
    PHIC=6.658331E-05
    GRAD=1.699865E-02
    NuBT=1
    CPU =0.001802

ITER: 219
    HPWL=59322.355469
    OVFL=0.330425
    HPWL=(38308.128906, 21014.226562)
    POTN=4.587554E+04
    PHIC=6.991247E-05
    GRAD=1.680084E-02
    NuBT=1
    CPU =0.001802

ITER: 220
    HPWL=59314.855469
    OVFL=0.334134
    HPWL=(38304.800781, 21010.054688)
    POTN=4.442688E+04
    PHIC=7.340809E-05
    GRAD=1.652774E-02
    NuBT=1
    CPU =0.001767

ITER: 221
    HPWL=59329.125000
    OVFL=0.341190
    HPWL=(38318.437500, 21010.687500)
    POTN=4.120023E+04
    PHIC=7.707833E-05
    GRAD=1.626408E-02
    NuBT=1
    CPU =0.001775

ITER: 222
    HPWL=59338.531250
    OVFL=0.346655
    HPWL=(38328.718750, 21009.810547)
    POTN=3.855312E+04
    PHIC=8.093214E-05
    GRAD=1.571428E-02
    NuBT=1
    CPU =0.001773

ITER: 223
    HPWL=59342.300781
    OVFL=0.348479
    HPWL=(38336.324219, 21005.976562)
    POTN=3.361098E+04
    PHIC=8.497869E-05
    GRAD=1.515642E-02
    NuBT=1
    CPU =0.001787

ITER: 224
    HPWL=59366.250000
    OVFL=0.350463
    HPWL=(38358.953125, 21007.294922)
    POTN=2.916668E+04
    PHIC=8.922732E-05
    GRAD=1.503274E-02
    NuBT=1
    CPU =0.001823

ITER: 225
    HPWL=59414.195312
    OVFL=0.357834
    HPWL=(38398.339844, 21015.857422)
    POTN=2.417383E+04
    PHIC=9.368804E-05
    GRAD=1.510818E-02
    NuBT=1
    CPU =0.001774

ITER: 226
    HPWL=59438.574219
    OVFL=0.366483
    HPWL=(38418.054688, 21020.519531)
    POTN=2.007996E+04
    PHIC=9.837210E-05
    GRAD=1.466975E-02
    NuBT=1
    CPU =0.001778

ITER: 227
    HPWL=59421.570312
    OVFL=0.366960
    HPWL=(38407.601562, 21013.970703)
    POTN=1.699915E+04
    PHIC=1.032907E-04
    GRAD=1.380878E-02
    NuBT=1
    CPU =0.001782

ITER: 228
    HPWL=59411.945312
    OVFL=0.363251
    HPWL=(38403.308594, 21008.634766)
    POTN=1.499695E+04
    PHIC=1.084552E-04
    GRAD=1.356157E-02
    NuBT=1
    CPU =0.001774

ITER: 229
    HPWL=59455.074219
    OVFL=0.363076
    HPWL=(38436.125000, 21018.949219)
    POTN=1.404577E+04
    PHIC=1.138773E-04
    GRAD=1.404409E-02
    NuBT=1
    CPU =0.001768

ITER: 230
    HPWL=59494.062500
    OVFL=0.373264
    HPWL=(38463.171875, 21030.890625)
    POTN=1.353050E+04
    PHIC=1.195705E-04
    GRAD=1.433520E-02
    NuBT=1
    CPU =0.001784

ITER: 231
    HPWL=59463.425781
    OVFL=0.384834
    HPWL=(38436.640625, 21026.785156)
    POTN=1.391037E+04
    PHIC=1.255490E-04
    GRAD=1.342250E-02
    NuBT=1
    CPU =0.001798

ITER: 232
    HPWL=59397.367188
    OVFL=0.398287
    HPWL=(38386.687500, 21010.681641)
    POTN=1.411284E+04
    PHIC=1.318265E-04
    GRAD=1.220193E-02
    NuBT=1
    CPU =0.001782

ITER: 233
    HPWL=59388.898438
    OVFL=0.411098
    HPWL=(38383.281250, 21005.617188)
    POTN=1.449531E+04
    PHIC=1.384178E-04
    GRAD=1.126538E-02
    NuBT=1
    CPU =0.001790

ITER: 234
    HPWL=59472.425781
    OVFL=0.421717
    HPWL=(38453.664062, 21018.761719)
    POTN=1.386557E+04
    PHIC=1.453370E-04
    GRAD=1.075368E-02
    NuBT=1
    CPU =0.001782

ITER: 235
    HPWL=59604.125000
    OVFL=0.441963
    HPWL=(38558.175781, 21045.951172)
    POTN=1.294087E+04
    PHIC=1.526010E-04
    GRAD=1.057728E-02
    NuBT=1
    CPU =0.001831

ITER: 236
    HPWL=59690.011719
    OVFL=0.451649
    HPWL=(38628.199219, 21061.812500)
    POTN=1.179061E+04
    PHIC=1.602291E-04
    GRAD=9.750803E-03
    NuBT=1
    CPU =0.001792

ITER: 237
    HPWL=59678.531250
    OVFL=0.457679
    HPWL=(38625.757812, 21052.771484)
    POTN=1.140045E+04
    PHIC=1.682405E-04
    GRAD=8.879088E-03
    NuBT=1
    CPU =0.001819

ITER: 238
    HPWL=59743.328125
    OVFL=0.459985
    HPWL=(38676.781250, 21066.546875)
    POTN=1.165135E+04
    PHIC=1.766509E-04
    GRAD=8.617584E-03
    NuBT=1
    CPU =0.001791

ITER: 239
    HPWL=59805.480469
    OVFL=0.454973
    HPWL=(38722.789062, 21082.691406)
    POTN=1.239256E+04
    PHIC=1.854818E-04
    GRAD=8.574370E-03
    NuBT=2
    CPU =0.003350

ITER: 240
    HPWL=59799.832031
    OVFL=0.454255
    HPWL=(38710.625000, 21089.207031)
    POTN=1.365719E+04
    PHIC=1.947559E-04
    GRAD=8.631432E-03
    NuBT=2
    CPU =0.003358

ITER: 241
    HPWL=59832.871094
    OVFL=0.444007
    HPWL=(38720.304688, 21112.566406)
    POTN=1.388624E+04
    PHIC=2.044927E-04
    GRAD=8.684128E-03
    NuBT=1
    CPU =0.001772

ITER: 242
    HPWL=59866.597656
    OVFL=0.429743
    HPWL=(38718.464844, 21148.132812)
    POTN=1.347904E+04
    PHIC=2.147163E-04
    GRAD=9.171894E-03
    NuBT=1
    CPU =0.001790

ITER: 243
    HPWL=59910.468750
    OVFL=0.415421
    HPWL=(38705.925781, 21204.542969)
    POTN=1.248145E+04
    PHIC=2.254508E-04
    GRAD=9.920166E-03
    NuBT=1
    CPU =0.001793

ITER: 244
    HPWL=59925.789062
    OVFL=0.367533
    HPWL=(38660.660156, 21265.128906)
    POTN=1.088627E+04
    PHIC=2.367228E-04
    GRAD=1.059821E-02
    NuBT=2
    CPU =0.003376

ITER: 245
    HPWL=59813.367188
    OVFL=0.330816
    HPWL=(38520.453125, 21292.912109)
    POTN=9.635082E+03
    PHIC=2.485589E-04
    GRAD=1.276991E-02
    NuBT=2
    CPU =0.003377

ITER: 246
    HPWL=59849.929688
    OVFL=0.306603
    HPWL=(38474.781250, 21375.150391)
    POTN=8.092090E+03
    PHIC=2.609855E-04
    GRAD=1.578738E-02
    NuBT=2
    CPU =0.003374

ITER: 247
    HPWL=59814.835938
    OVFL=0.281040
    HPWL=(38390.750000, 21424.087891)
    POTN=6.948079E+03
    PHIC=2.740348E-04
    GRAD=1.770605E-02
    NuBT=2
    CPU =0.003463

ITER: 248
    HPWL=59681.085938
    OVFL=0.259254
    HPWL=(38248.652344, 21432.435547)
    POTN=6.244017E+03
    PHIC=2.877365E-04
    GRAD=1.928891E-02
    NuBT=2
    CPU =0.003378

ITER: 249
    HPWL=59622.339844
    OVFL=0.246103
    HPWL=(38187.515625, 21434.824219)
    POTN=6.014092E+03
    PHIC=3.021233E-04
    GRAD=2.086854E-02
    NuBT=2
    CPU =0.003358

ITER: 250
    HPWL=59662.351562
    OVFL=0.236802
    HPWL=(38218.796875, 21443.556641)
    POTN=5.879059E+03
    PHIC=3.172277E-04
    GRAD=2.188233E-02
    NuBT=2
    CPU =0.003365

ITER: 251
    HPWL=59687.480469
    OVFL=0.229725
    HPWL=(38247.382812, 21440.097656)
    POTN=5.799797E+03
    PHIC=3.330879E-04
    GRAD=2.272943E-02
    NuBT=2
    CPU =0.003362

ITER: 252
    HPWL=59666.007812
    OVFL=0.222090
    HPWL=(38249.167969, 21416.837891)
    POTN=5.747932E+03
    PHIC=3.497422E-04
    GRAD=2.332113E-02
    NuBT=2
    CPU =0.003373

ITER: 253
    HPWL=59640.714844
    OVFL=0.221596
    HPWL=(38252.789062, 21387.925781)
    POTN=5.760795E+03
    PHIC=3.672293E-04
    GRAD=2.400881E-02
    NuBT=2
    CPU =0.003385

ITER: 254
    HPWL=59620.652344
    OVFL=0.229978
    HPWL=(38265.308594, 21355.343750)
    POTN=5.817498E+03
    PHIC=3.855908E-04
    GRAD=2.420980E-02
    NuBT=2
    CPU =0.003369

ITER: 255
    HPWL=59619.855469
    OVFL=0.237457
    HPWL=(38291.765625, 21328.089844)
    POTN=5.827657E+03
    PHIC=4.048703E-04
    GRAD=2.385986E-02
    NuBT=1
    CPU =0.001783

ITER: 256
    HPWL=59568.050781
    OVFL=0.234055
    HPWL=(38280.714844, 21287.335938)
    POTN=5.770493E+03
    PHIC=4.251138E-04
    GRAD=2.298870E-02
    NuBT=1
    CPU =0.001773

ITER: 257
    HPWL=59492.210938
    OVFL=0.226191
    HPWL=(38239.964844, 21252.248047)
    POTN=5.535434E+03
    PHIC=4.463695E-04
    GRAD=2.275071E-02
    NuBT=1
    CPU =0.001791

ITER: 258
    HPWL=59473.519531
    OVFL=0.230129
    HPWL=(38233.640625, 21239.878906)
    POTN=5.381933E+03
    PHIC=4.686879E-04
    GRAD=2.356813E-02
    NuBT=1
    CPU =0.001853

ITER: 259
    HPWL=59476.234375
    OVFL=0.230617
    HPWL=(38237.664062, 21238.572266)
    POTN=5.136364E+03
    PHIC=4.921221E-04
    GRAD=2.349242E-02
    NuBT=1
    CPU =0.001818

ITER: 260
    HPWL=59437.851562
    OVFL=0.228088
    HPWL=(38196.625000, 21241.224609)
    POTN=4.876109E+03
    PHIC=5.167282E-04
    GRAD=2.313448E-02
    NuBT=1
    CPU =0.001786

ITER: 261
    HPWL=59406.343750
    OVFL=0.226184
    HPWL=(38155.882812, 21250.462891)
    POTN=4.528241E+03
    PHIC=5.425646E-04
    GRAD=2.302057E-02
    NuBT=1
    CPU =0.001773

ITER: 262
    HPWL=59411.609375
    OVFL=0.220455
    HPWL=(38140.148438, 21271.460938)
    POTN=4.163362E+03
    PHIC=5.696923E-04
    GRAD=2.320522E-02
    NuBT=1
    CPU =0.001780

ITER: 263
    HPWL=59427.640625
    OVFL=0.212178
    HPWL=(38135.968750, 21291.669922)
    POTN=3.822435E+03
    PHIC=5.981756E-04
    GRAD=2.390851E-02
    NuBT=1
    CPU =0.001799

ITER: 264
    HPWL=59385.328125
    OVFL=0.207910
    HPWL=(38092.406250, 21292.919922)
    POTN=3.604021E+03
    PHIC=6.280843E-04
    GRAD=2.427035E-02
    NuBT=2
    CPU =0.003364

ITER: 265
    HPWL=59380.960938
    OVFL=0.200642
    HPWL=(38078.953125, 21302.005859)
    POTN=3.381564E+03
    PHIC=6.594885E-04
    GRAD=2.471481E-02
    NuBT=1
    CPU =0.001788

ITER: 266
    HPWL=59386.140625
    OVFL=0.192311
    HPWL=(38077.542969, 21308.595703)
    POTN=3.205086E+03
    PHIC=6.924624E-04
    GRAD=2.553759E-02
    NuBT=1
    CPU =0.001784

ITER: 267
    HPWL=59365.089844
    OVFL=0.188398
    HPWL=(38063.367188, 21301.722656)
    POTN=3.139058E+03
    PHIC=7.270855E-04
    GRAD=2.626400E-02
    NuBT=1
    CPU =0.001790

ITER: 268
    HPWL=59332.351562
    OVFL=0.191535
    HPWL=(38045.257812, 21287.095703)
    POTN=3.148026E+03
    PHIC=7.634397E-04
    GRAD=2.648122E-02
    NuBT=1
    CPU =0.001810

ITER: 269
    HPWL=59296.781250
    OVFL=0.198639
    HPWL=(38030.300781, 21266.480469)
    POTN=3.200952E+03
    PHIC=8.016117E-04
    GRAD=2.597801E-02
    NuBT=1
    CPU =0.001778

ITER: 270
    HPWL=59259.289062
    OVFL=0.211002
    HPWL=(38019.351562, 21239.937500)
    POTN=3.228943E+03
    PHIC=8.416923E-04
    GRAD=2.504944E-02
    NuBT=1
    CPU =0.001785

ITER: 271
    HPWL=59230.304688
    OVFL=0.218632
    HPWL=(38016.503906, 21213.798828)
    POTN=3.262492E+03
    PHIC=8.837768E-04
    GRAD=2.375614E-02
    NuBT=1
    CPU =0.001797

ITER: 272
    HPWL=59218.531250
    OVFL=0.221688
    HPWL=(38027.171875, 21191.361328)
    POTN=3.234541E+03
    PHIC=9.279656E-04
    GRAD=2.298380E-02
    NuBT=1
    CPU =0.001801

ITER: 273
    HPWL=59226.984375
    OVFL=0.221346
    HPWL=(38054.476562, 21172.509766)
    POTN=3.153513E+03
    PHIC=9.743628E-04
    GRAD=2.291447E-02
    NuBT=1
    CPU =0.001802

ITER: 274
    HPWL=59244.035156
    OVFL=0.222118
    HPWL=(38084.046875, 21159.988281)
    POTN=3.006018E+03
    PHIC=1.023078E-03
    GRAD=2.320622E-02
    NuBT=1
    CPU =0.001815

ITER: 275
    HPWL=59242.000000
    OVFL=0.219935
    HPWL=(38088.207031, 21153.792969)
    POTN=2.884875E+03
    PHIC=1.074232E-03
    GRAD=2.312016E-02
    NuBT=1
    CPU =0.001840

ITER: 276
    HPWL=59228.039062
    OVFL=0.209130
    HPWL=(38075.253906, 21152.785156)
    POTN=2.742957E+03
    PHIC=1.127944E-03
    GRAD=2.307702E-02
    NuBT=1
    CPU =0.001788

ITER: 277
    HPWL=59236.328125
    OVFL=0.194055
    HPWL=(38074.996094, 21161.330078)
    POTN=2.635656E+03
    PHIC=1.184340E-03
    GRAD=2.406368E-02
    NuBT=1
    CPU =0.001781

ITER: 278
    HPWL=59213.460938
    OVFL=0.177559
    HPWL=(38050.425781, 21163.033203)
    POTN=2.555969E+03
    PHIC=1.243557E-03
    GRAD=2.521358E-02
    NuBT=2
    CPU =0.003364

ITER: 279
    HPWL=59201.792969
    OVFL=0.162566
    HPWL=(38036.011719, 21165.781250)
    POTN=2.536310E+03
    PHIC=1.305734E-03
    GRAD=2.665675E-02
    NuBT=2
    CPU =0.003354

ITER: 280
    HPWL=59198.734375
    OVFL=0.147879
    HPWL=(38033.441406, 21165.294922)
    POTN=2.545690E+03
    PHIC=1.371021E-03
    GRAD=2.810238E-02
    NuBT=2
    CPU =0.003358

ITER: 281
    HPWL=59198.054688
    OVFL=0.135773
    HPWL=(38032.242188, 21165.810547)
    POTN=2.570376E+03
    PHIC=1.439572E-03
    GRAD=2.948797E-02
    NuBT=2
    CPU =0.003367

ITER: 282
    HPWL=59199.539062
    OVFL=0.123630
    HPWL=(38032.875000, 21166.666016)
    POTN=2.616286E+03
    PHIC=1.511550E-03
    GRAD=3.069277E-02
    NuBT=2
    CPU =0.003357

ITER: 283
    HPWL=59238.945312
    OVFL=0.113546
    HPWL=(38063.371094, 21175.574219)
    POTN=2.668247E+03
    PHIC=1.587119E-03
    GRAD=3.235403E-02
    NuBT=1
    CPU =0.001771

ITER: 284
    HPWL=59219.500000
    OVFL=0.108784
    HPWL=(38050.886719, 21168.615234)
    POTN=2.776509E+03
    PHIC=1.666475E-03
    GRAD=3.311495E-02
    NuBT=1
    CPU =0.001787

ITER: 285
    HPWL=59172.859375
    OVFL=0.105229
    HPWL=(38018.015625, 21154.841797)
    POTN=2.854606E+03
    PHIC=1.749798E-03
    GRAD=3.308315E-02
    NuBT=1
    CPU =0.001798

ITER: 286
    HPWL=59151.132812
    OVFL=0.105452
    HPWL=(38002.703125, 21148.427734)
    POTN=2.937367E+03
    PHIC=1.837288E-03
    GRAD=3.324574E-02
    NuBT=1
    CPU =0.001815

ITER: 287
    HPWL=59140.312500
    OVFL=0.104446
    HPWL=(37991.632812, 21148.679688)
    POTN=2.957236E+03
    PHIC=1.929152E-03
    GRAD=3.318737E-02
    NuBT=1
    CPU =0.001827

ITER: 288
    HPWL=59136.917969
    OVFL=0.103724
    HPWL=(37981.691406, 21155.226562)
    POTN=2.925401E+03
    PHIC=2.025610E-03
    GRAD=3.313818E-02
    NuBT=1
    CPU =0.001834

ITER: 289
    HPWL=59155.140625
    OVFL=0.098484
    HPWL=(37979.035156, 21176.105469)
    POTN=2.888062E+03
    PHIC=2.126885E-03
    GRAD=3.313904E-02
    NuBT=1
    CPU =0.001803
[INFO] Nesterov: NumIters = 289
[INFO] Nesterov: ScaledHpwl = 59155.140625
[INFO] Nesterov: Overflow = 0.098484
[INFO] Nesterov: Potential = 2888.061768
[INFO] Nesterov: xInstScaledHpwl = 58782.621094
[INFO] Nesterov: yInstScaledHpwl = 59155.140625
[INFO] Nesterov: HPWL = 17765.410156
