Thu Sep 10 13:01:05 UTC 2020 - Executing "/openLANE_flow/scripts//padLefMacro.py -s unithd -r 8 -i /openLANE_flow/designs/sb_0__0_/runs/10-09_13-01//tmp//merged_unpadded.lef -o /openLANE_flow/designs/sb_0__0_/runs/10-09_13-01//tmp//merged.lef -e {sky130_fd_sc_hd__tap* sky130_fd_sc_hd__decap* sky130_fd_sc_hd__fill*} |& tee >&@stdout"

Thu Sep 10 13:01:12 UTC 2020 - Executing "sed -i -E {s/CLASS PAD.*$/CLASS PAD ;/g} /openLANE_flow/designs/sb_0__0_/runs/10-09_13-01//tmp//merged.lef"

Thu Sep 10 13:01:12 UTC 2020 - Executing "sed -i -E {s/CLASS PAD.*$/CLASS PAD ;/g} /openLANE_flow/designs/sb_0__0_/runs/10-09_13-01//tmp//merged_unpadded.lef"

Thu Sep 10 13:01:12 UTC 2020 - Executing "/openLANE_flow/scripts//libtrim.pl /home/aa/Desktop/Afify/openlane/pdks/sky130A/libs.ref/sky130_fd_sc_hd/lib/sky130_fd_sc_hd__tt_025C_1v80.lib /home/aa/Desktop/Afify/openlane/pdks/sky130A/libs.tech/openlane/sky130_fd_sc_hd/no_synth.cells > /openLANE_flow/designs/sb_0__0_/runs/10-09_13-01//tmp//trimmed.lib"

Thu Sep 10 13:01:12 UTC 2020 - Executing "yosys -c /openLANE_flow/scripts//synth.tcl -l /openLANE_flow/designs/sb_0__0_/runs/10-09_13-01//logs/synthesis/yosys.log |& tee >&@stdout"

Thu Sep 10 13:01:13 UTC 2020 - Executing "sed -i -e {s/\(set ::env(CURRENT_NETLIST)\).*/\1 \/openLANE_flow\/designs\/sb_0__0_\/runs\/10-09_13-01\/\/results\/synthesis\/sb_0__0_.synthesis.v/} /openLANE_flow/designs/sb_0__0_/runs/10-09_13-01//config.tcl"

Thu Sep 10 13:01:13 UTC 2020 - Executing "sed -i -e {s/\(set ::env(PREV_NETLIST)\).*/\1 0/} /openLANE_flow/designs/sb_0__0_/runs/10-09_13-01//config.tcl"

Thu Sep 10 13:01:13 UTC 2020 - Executing "sta /openLANE_flow/scripts//sta.tcl |& tee >&@stdout /openLANE_flow/designs/sb_0__0_/runs/10-09_13-01//logs/synthesis/opensta.log"

Thu Sep 10 13:01:14 UTC 2020 - Executing "openroad -exit /openLANE_flow/scripts//openroad/or_floorplan.tcl |& tee >&@stdout /openLANE_flow/designs/sb_0__0_/runs/10-09_13-01//logs/floorplan/verilog2def.openroad.log"

Thu Sep 10 13:01:15 UTC 2020 - Executing "openroad -exit /openLANE_flow/scripts//openroad/or_ioplacer.tcl |& tee >&@stdout /openLANE_flow/designs/sb_0__0_/runs/10-09_13-01//logs/floorplan/ioPlacer.log"

Thu Sep 10 13:01:15 UTC 2020 - Executing "openroad -exit /openLANE_flow/scripts//openroad/or_tapcell.tcl |& tee >&@stdout /openLANE_flow/designs/sb_0__0_/runs/10-09_13-01//logs/floorplan/tapcell.log"

Thu Sep 10 13:01:16 UTC 2020 - Executing "openroad -exit /openLANE_flow/scripts//openroad/or_replace.tcl |& tee >&@stdout /openLANE_flow/designs/sb_0__0_/runs/10-09_13-01//logs/placement/replace.log"

Thu Sep 10 13:01:16 UTC 2020 - Executing "opendp -lef /openLANE_flow/designs/sb_0__0_/runs/10-09_13-01//tmp//merged.lef -def /openLANE_flow/designs/sb_0__0_/runs/10-09_13-01//tmp/placement/replace.def -output_def /openLANE_flow/designs/sb_0__0_/runs/10-09_13-01//results/placement/sb_0__0_.placement.def |& tee >&@stdout /openLANE_flow/designs/sb_0__0_/runs/10-09_13-01//logs/placement/opendp.log"

Thu Sep 10 13:01:17 UTC 2020 - Executing "openroad -exit /openLANE_flow/scripts//openroad/or_cts.tcl |& tee >&@stdout /openLANE_flow/designs/sb_0__0_/runs/10-09_13-01//logs/cts/cts.log"

Thu Sep 10 13:02:28 UTC 2020 - Executing "openroad -exit /openLANE_flow/scripts//openroad/or_write_verilog.tcl |& tee >&@stdout /openLANE_flow/designs/sb_0__0_/runs/10-09_13-01//logs//write_verilog.log"

Thu Sep 10 13:02:29 UTC 2020 - Executing "yosys -c /openLANE_flow/scripts//yosys_rewrite_verilog.tcl -l /openLANE_flow/designs/sb_0__0_/runs/10-09_13-01//logs/synthesis/yosys_rewrite_verilog.log"

Thu Sep 10 13:02:29 UTC 2020 - Executing "sed -i -e {s/\(set ::env(CURRENT_NETLIST)\).*/\1 \/openLANE_flow\/designs\/sb_0__0_\/runs\/10-09_13-01\/\/results\/synthesis\/sb_0__0_.synthesis_cts.v/} /openLANE_flow/designs/sb_0__0_/runs/10-09_13-01//config.tcl"

Thu Sep 10 13:02:29 UTC 2020 - Executing "sed -i -e {s/\(set ::env(PREV_NETLIST)\).*/\1 \/openLANE_flow\/designs\/sb_0__0_\/runs\/10-09_13-01\/\/results\/synthesis\/sb_0__0_.synthesis.v/} /openLANE_flow/designs/sb_0__0_/runs/10-09_13-01//config.tcl"

Thu Sep 10 13:02:29 UTC 2020 - Executing "openroad -exit /openLANE_flow/scripts//new_pdn.tcl |& tee >&@stdout /openLANE_flow/designs/sb_0__0_/runs/10-09_13-01//logs/floorplan/pdn.log"

Thu Sep 10 13:02:30 UTC 2020 - Executing "openroad -exit /openLANE_flow/scripts//openroad/or_diodes.tcl |& tee >&@stdout /openLANE_flow/designs/sb_0__0_/runs/10-09_13-01//logs//placement/diodes.log"

Thu Sep 10 13:02:30 UTC 2020 - Executing "openroad -exit /openLANE_flow/scripts//openroad/or_write_verilog.tcl |& tee >&@stdout /openLANE_flow/designs/sb_0__0_/runs/10-09_13-01//logs//write_verilog.log"

Thu Sep 10 13:02:31 UTC 2020 - Executing "yosys -c /openLANE_flow/scripts//yosys_rewrite_verilog.tcl -l /openLANE_flow/designs/sb_0__0_/runs/10-09_13-01//logs/synthesis/yosys_rewrite_verilog.log"

Thu Sep 10 13:02:31 UTC 2020 - Executing "sed -i -e {s/\(set ::env(CURRENT_NETLIST)\).*/\1 \/openLANE_flow\/designs\/sb_0__0_\/runs\/10-09_13-01\/\/results\/synthesis\/sb_0__0_.synthesis_diodes.v/} /openLANE_flow/designs/sb_0__0_/runs/10-09_13-01//config.tcl"

Thu Sep 10 13:02:31 UTC 2020 - Executing "sed -i -e {s/\(set ::env(PREV_NETLIST)\).*/\1 \/openLANE_flow\/designs\/sb_0__0_\/runs\/10-09_13-01\/\/results\/synthesis\/sb_0__0_.synthesis_cts.v/} /openLANE_flow/designs/sb_0__0_/runs/10-09_13-01//config.tcl"

Thu Sep 10 13:02:31 UTC 2020 - Executing "openroad -exit /openLANE_flow/scripts//openroad/or_fill.tcl |& tee >&@stdout /openLANE_flow/designs/sb_0__0_/runs/10-09_13-01//logs/routing/addspacers.log"

Thu Sep 10 13:02:31 UTC 2020 - Executing "openroad -exit /openLANE_flow/scripts//openroad/or_write_verilog.tcl |& tee >&@stdout /openLANE_flow/designs/sb_0__0_/runs/10-09_13-01//logs//write_verilog.log"

Thu Sep 10 13:02:32 UTC 2020 - Executing "yosys -c /openLANE_flow/scripts//yosys_rewrite_verilog.tcl -l /openLANE_flow/designs/sb_0__0_/runs/10-09_13-01//logs/synthesis/yosys_rewrite_verilog.log"

Thu Sep 10 13:02:32 UTC 2020 - Executing "sed -i -e {s/\(set ::env(CURRENT_NETLIST)\).*/\1 \/openLANE_flow\/designs\/sb_0__0_\/runs\/10-09_13-01\/\/results\/synthesis\/sb_0__0_.synthesis_preroute.v/} /openLANE_flow/designs/sb_0__0_/runs/10-09_13-01//config.tcl"

Thu Sep 10 13:02:32 UTC 2020 - Executing "sed -i -e {s/\(set ::env(PREV_NETLIST)\).*/\1 \/openLANE_flow\/designs\/sb_0__0_\/runs\/10-09_13-01\/\/results\/synthesis\/sb_0__0_.synthesis_diodes.v/} /openLANE_flow/designs/sb_0__0_/runs/10-09_13-01//config.tcl"

Thu Sep 10 13:02:32 UTC 2020 - Executing "python3 /openLANE_flow/scripts//write_powered_def.py -d /openLANE_flow/designs/sb_0__0_/runs/10-09_13-01//tmp/routing/addspacers.def -l /openLANE_flow/designs/sb_0__0_/runs/10-09_13-01//tmp//merged.lef -v VPWR -g VGND -o /openLANE_flow/designs/sb_0__0_/runs/10-09_13-01//tmp//routing/sb_0__0_.powered.def |& tee >&@stdout /openLANE_flow/designs/sb_0__0_/runs/10-09_13-01//logs//lvs/write_powered_verilog.log"

Thu Sep 10 13:02:33 UTC 2020 - Executing "openroad -exit /openLANE_flow/scripts//openroad/or_write_verilog.tcl |& tee >&@stdout /openLANE_flow/designs/sb_0__0_/runs/10-09_13-01//logs//write_verilog.log"

Thu Sep 10 13:02:33 UTC 2020 - Executing "yosys -c /openLANE_flow/scripts//yosys_rewrite_verilog.tcl -l /openLANE_flow/designs/sb_0__0_/runs/10-09_13-01//logs/synthesis/yosys_rewrite_verilog.log"

Thu Sep 10 13:02:34 UTC 2020 - Executing "sed -i -e {s/\(set ::env(CURRENT_NETLIST)\).*/\1 \/openLANE_flow\/designs\/sb_0__0_\/runs\/10-09_13-01\/\/results\/lvs\/sb_0__0_.lvs.powered.v/} /openLANE_flow/designs/sb_0__0_/runs/10-09_13-01//config.tcl"

Thu Sep 10 13:02:34 UTC 2020 - Executing "sed -i -e {s/\(set ::env(PREV_NETLIST)\).*/\1 \/openLANE_flow\/designs\/sb_0__0_\/runs\/10-09_13-01\/\/results\/synthesis\/sb_0__0_.synthesis_preroute.v/} /openLANE_flow/designs/sb_0__0_/runs/10-09_13-01//config.tcl"

Thu Sep 10 13:02:34 UTC 2020 - Executing "openroad -exit /openLANE_flow/scripts//openroad/or_route.tcl |& tee >&@stdout /openLANE_flow/designs/sb_0__0_/runs/10-09_13-01//logs/routing/fastroute.log"

Thu Sep 10 13:02:41 UTC 2020 - Executing "envsubst < /openLANE_flow/scripts//tritonRoute.param > /openLANE_flow/designs/sb_0__0_/runs/10-09_13-01//tmp/routing/tritonRoute.param"

Thu Sep 10 13:02:41 UTC 2020 - Executing "TritonRoute14 /openLANE_flow/designs/sb_0__0_/runs/10-09_13-01//tmp/routing/tritonRoute.param |& tee >&@stdout /openLANE_flow/designs/sb_0__0_/runs/10-09_13-01//logs/routing/tritonRoute.log"

Thu Sep 10 13:02:49 UTC 2020 - Executing "magic -noconsole -dnull -rcfile /home/aa/Desktop/Afify/openlane/pdks/sky130A/libs.tech/magic/sky130A.magicrc /openLANE_flow/scripts//magic.tcl </dev/null |& tee >&@stdout /openLANE_flow/designs/sb_0__0_/runs/10-09_13-01//logs/magic/magic.log"

Thu Sep 10 13:02:50 UTC 2020 - Executing "magic -noconsole -dnull -rcfile /home/aa/Desktop/Afify/openlane/pdks/sky130A/libs.tech/magic/sky130A.magicrc /openLANE_flow/scripts//magic_drc.tcl </dev/null |& tee >&@stdout /openLANE_flow/designs/sb_0__0_/runs/10-09_13-01//logs/magic/magic.drc.log"

Thu Sep 10 13:02:51 UTC 2020 - Executing "magic -noconsole -dnull -rcfile /home/aa/Desktop/Afify/openlane/pdks/sky130A/libs.tech/magic/sky130A.magicrc /openLANE_flow/designs/sb_0__0_/runs/10-09_13-01//tmp//magic_spice.tcl </dev/null |& tee >&@stdout /openLANE_flow/designs/sb_0__0_/runs/10-09_13-01//logs/magic/magic_spice.log"

Thu Sep 10 13:02:52 UTC 2020 - Executing "netgen -batch lvs {/openLANE_flow/designs/sb_0__0_/runs/10-09_13-01//results/magic/sb_0__0_.spice sb_0__0_} {/openLANE_flow/designs/sb_0__0_/runs/10-09_13-01//results/lvs/sb_0__0_.lvs.powered.v sb_0__0_} /home/aa/Desktop/Afify/openlane/pdks/sky130A/libs.tech/netgen/sky130A_setup.tcl /openLANE_flow/designs/sb_0__0_/runs/10-09_13-01//results/lvs/sb_0__0_.lvs.log -json |& tee >&@stdout /openLANE_flow/designs/sb_0__0_/runs/10-09_13-01//logs/lvs/lvs.log"

Thu Sep 10 13:02:52 UTC 2020 - Executing "magic -noconsole -dnull -rcfile /home/aa/Desktop/Afify/openlane/pdks/sky130A/libs.tech/magic/sky130A.magicrc /openLANE_flow/designs/sb_0__0_/runs/10-09_13-01//tmp//magic_antenna.tcl </dev/null |& tee >&@stdout /openLANE_flow/designs/sb_0__0_/runs/10-09_13-01//logs/magic/magic_antenna.log"

Thu Sep 10 13:03:03 UTC 2020 - Executing "awk {/Cell:/ {print $2}} /openLANE_flow/designs/sb_0__0_/runs/10-09_13-01//logs/magic/magic_antenna.log > /openLANE_flow/designs/sb_0__0_/runs/10-09_13-01//reports/magic/magic.antenna_violators.rpt"

