RePlAce Version: 1.0.0

** WARNING: Your Detail Placement Step must be skipped.
              (i.e. this program will be executed as -onlyGP)
     If you want to have DP after GP, please specify -dpflag and -dploc.

[INFO] TargetDensity = 0.700000
[INFO] ExperimentIndex = 0
[INFO] DirectoryPath = /openLANE_flow/designs/sb_0__3_/runs/30-08_15-31//tmp/placement/replace/etc/sb_0__3_.floorplan/experiment000
[PROC] Begin LefParsing ...
[LEF] Parsed 500 number of lines!!
WARNING (LEFPARS-2036): SOURCE statement is obsolete in version 5.6 and later.
The LEF parser will ignore this statement.
To avoid this warning in the future, remove this statement from the LEF file with version 5.6 or later. See file /openLANE_flow/designs/sb_0__3_/runs/30-08_15-31//tmp//merged.lef at line 776.

WARNING (LEFPARS-2036): SOURCE statement is obsolete in version 5.6 and later.
The LEF parser will ignore this statement.
To avoid this warning in the future, remove this statement from the LEF file with version 5.6 or later. See file /openLANE_flow/designs/sb_0__3_/runs/30-08_15-31//tmp//merged.lef at line 903.

[LEF] Parsed 1000 number of lines!!
WARNING (LEFPARS-2036): SOURCE statement is obsolete in version 5.6 and later.
The LEF parser will ignore this statement.
To avoid this warning in the future, remove this statement from the LEF file with version 5.6 or later. See file /openLANE_flow/designs/sb_0__3_/runs/30-08_15-31//tmp//merged.lef at line 1034.

WARNING (LEFPARS-2036): SOURCE statement is obsolete in version 5.6 and later.
The LEF parser will ignore this statement.
To avoid this warning in the future, remove this statement from the LEF file with version 5.6 or later. See file /openLANE_flow/designs/sb_0__3_/runs/30-08_15-31//tmp//merged.lef at line 1204.

WARNING (LEFPARS-2036): SOURCE statement is obsolete in version 5.6 and later.
The LEF parser will ignore this statement.
To avoid this warning in the future, remove this statement from the LEF file with version 5.6 or later. See file /openLANE_flow/designs/sb_0__3_/runs/30-08_15-31//tmp//merged.lef at line 1322.

WARNING (LEFPARS-2036): SOURCE statement is obsolete in version 5.6 and later.
The LEF parser will ignore this statement.
To avoid this warning in the future, remove this statement from the LEF file with version 5.6 or later. See file /openLANE_flow/designs/sb_0__3_/runs/30-08_15-31//tmp//merged.lef at line 1442.

[LEF] Parsed 1500 number of lines!!
WARNING (LEFPARS-2036): SOURCE statement is obsolete in version 5.6 and later.
The LEF parser will ignore this statement.
To avoid this warning in the future, remove this statement from the LEF file with version 5.6 or later. See file /openLANE_flow/designs/sb_0__3_/runs/30-08_15-31//tmp//merged.lef at line 1589.

WARNING (LEFPARS-2036): SOURCE statement is obsolete in version 5.6 and later.
The LEF parser will ignore this statement.
To avoid this warning in the future, remove this statement from the LEF file with version 5.6 or later. See file /openLANE_flow/designs/sb_0__3_/runs/30-08_15-31//tmp//merged.lef at line 1777.

WARNING (LEFPARS-2036): SOURCE statement is obsolete in version 5.6 and later.
The LEF parser will ignore this statement.
To avoid this warning in the future, remove this statement from the LEF file with version 5.6 or later. See file /openLANE_flow/designs/sb_0__3_/runs/30-08_15-31//tmp//merged.lef at line 1886.

WARNING (LEFPARS-2036): SOURCE statement is obsolete in version 5.6 and later.
The LEF parser will ignore this statement.
To avoid this warning in the future, remove this statement from the LEF file with version 5.6 or later. See file /openLANE_flow/designs/sb_0__3_/runs/30-08_15-31//tmp//merged.lef at line 1999.

[LEF] Parsed 2000 number of lines!!
WARNING (LEFPARS-2036): SOURCE statement is obsolete in version 5.6 and later.
The LEF parser will ignore this statement.
To avoid this warning in the future, remove this statement from the LEF file with version 5.6 or later. See file /openLANE_flow/designs/sb_0__3_/runs/30-08_15-31//tmp//merged.lef at line 2148.

WARNING (LEFPARS-2036): SOURCE statement is obsolete in version 5.6 and later.
The LEF parser will ignore this statement.
To avoid this warning in the future, remove this statement from the LEF file with version 5.6 or later. See file /openLANE_flow/designs/sb_0__3_/runs/30-08_15-31//tmp//merged.lef at line 2253.

WARNING (LEFPARS-2036): SOURCE statement is obsolete in version 5.6 and later.
The LEF parser will ignore this statement.
To avoid this warning in the future, remove this statement from the LEF file with version 5.6 or later. See file /openLANE_flow/designs/sb_0__3_/runs/30-08_15-31//tmp//merged.lef at line 2380.

[LEF] Parsed 2500 number of lines!!
WARNING (LEFPARS-2036): SOURCE statement is obsolete in version 5.6 and later.
The LEF parser will ignore this statement.
To avoid this warning in the future, remove this statement from the LEF file with version 5.6 or later. See file /openLANE_flow/designs/sb_0__3_/runs/30-08_15-31//tmp//merged.lef at line 2547.

WARNING (LEFPARS-2036): SOURCE statement is obsolete in version 5.6 and later.
The LEF parser will ignore this statement.
To avoid this warning in the future, remove this statement from the LEF file with version 5.6 or later. See file /openLANE_flow/designs/sb_0__3_/runs/30-08_15-31//tmp//merged.lef at line 2653.

WARNING (LEFPARS-2036): SOURCE statement is obsolete in version 5.6 and later.
The LEF parser will ignore this statement.
To avoid this warning in the future, remove this statement from the LEF file with version 5.6 or later. See file /openLANE_flow/designs/sb_0__3_/runs/30-08_15-31//tmp//merged.lef at line 2770.

WARNING (LEFPARS-2036): SOURCE statement is obsolete in version 5.6 and later.
The LEF parser will ignore this statement.
To avoid this warning in the future, remove this statement from the LEF file with version 5.6 or later. See file /openLANE_flow/designs/sb_0__3_/runs/30-08_15-31//tmp//merged.lef at line 2908.

[LEF] Parsed 3000 number of lines!!
WARNING (LEFPARS-2036): SOURCE statement is obsolete in version 5.6 and later.
The LEF parser will ignore this statement.
To avoid this warning in the future, remove this statement from the LEF file with version 5.6 or later. See file /openLANE_flow/designs/sb_0__3_/runs/30-08_15-31//tmp//merged.lef at line 3005.

WARNING (LEFPARS-2036): SOURCE statement is obsolete in version 5.6 and later.
The LEF parser will ignore this statement.
To avoid this warning in the future, remove this statement from the LEF file with version 5.6 or later. See file /openLANE_flow/designs/sb_0__3_/runs/30-08_15-31//tmp//merged.lef at line 3105.

WARNING (LEFPARS-2036): SOURCE statement is obsolete in version 5.6 and later.
The LEF parser will ignore this statement.
To avoid this warning in the future, remove this statement from the LEF file with version 5.6 or later. See file /openLANE_flow/designs/sb_0__3_/runs/30-08_15-31//tmp//merged.lef at line 3219.

WARNING (LEFPARS-2036): SOURCE statement is obsolete in version 5.6 and later.
The LEF parser will ignore this statement.
To avoid this warning in the future, remove this statement from the LEF file with version 5.6 or later. See file /openLANE_flow/designs/sb_0__3_/runs/30-08_15-31//tmp//merged.lef at line 3361.

WARNING (LEFPARS-2036): SOURCE statement is obsolete in version 5.6 and later.
The LEF parser will ignore this statement.
To avoid this warning in the future, remove this statement from the LEF file with version 5.6 or later. See file /openLANE_flow/designs/sb_0__3_/runs/30-08_15-31//tmp//merged.lef at line 3458.

[LEF] Parsed 3500 number of lines!!
WARNING (LEFPARS-2036): SOURCE statement is obsolete in version 5.6 and later.
The LEF parser will ignore this statement.
To avoid this warning in the future, remove this statement from the LEF file with version 5.6 or later. See file /openLANE_flow/designs/sb_0__3_/runs/30-08_15-31//tmp//merged.lef at line 3561.

WARNING (LEFPARS-2036): SOURCE statement is obsolete in version 5.6 and later.
The LEF parser will ignore this statement.
To avoid this warning in the future, remove this statement from the LEF file with version 5.6 or later. See file /openLANE_flow/designs/sb_0__3_/runs/30-08_15-31//tmp//merged.lef at line 3691.

WARNING (LEFPARS-2036): SOURCE statement is obsolete in version 5.6 and later.
The LEF parser will ignore this statement.
To avoid this warning in the future, remove this statement from the LEF file with version 5.6 or later. See file /openLANE_flow/designs/sb_0__3_/runs/30-08_15-31//tmp//merged.lef at line 3783.

WARNING (LEFPARS-2036): SOURCE statement is obsolete in version 5.6 and later.
The LEF parser will ignore this statement.
To avoid this warning in the future, remove this statement from the LEF file with version 5.6 or later. See file /openLANE_flow/designs/sb_0__3_/runs/30-08_15-31//tmp//merged.lef at line 3887.

[LEF] Parsed 4000 number of lines!!
WARNING (LEFPARS-2036): SOURCE statement is obsolete in version 5.6 and later.
The LEF parser will ignore this statement.
To avoid this warning in the future, remove this statement from the LEF file with version 5.6 or later. See file /openLANE_flow/designs/sb_0__3_/runs/30-08_15-31//tmp//merged.lef at line 4018.

WARNING (LEFPARS-2036): SOURCE statement is obsolete in version 5.6 and later.
The LEF parser will ignore this statement.
To avoid this warning in the future, remove this statement from the LEF file with version 5.6 or later. See file /openLANE_flow/designs/sb_0__3_/runs/30-08_15-31//tmp//merged.lef at line 4148.

WARNING (LEFPARS-2036): SOURCE statement is obsolete in version 5.6 and later.
The LEF parser will ignore this statement.
To avoid this warning in the future, remove this statement from the LEF file with version 5.6 or later. See file /openLANE_flow/designs/sb_0__3_/runs/30-08_15-31//tmp//merged.lef at line 4282.

WARNING (LEFPARS-2036): SOURCE statement is obsolete in version 5.6 and later.
The LEF parser will ignore this statement.
To avoid this warning in the future, remove this statement from the LEF file with version 5.6 or later. See file /openLANE_flow/designs/sb_0__3_/runs/30-08_15-31//tmp//merged.lef at line 4467.

[LEF] Parsed 4500 number of lines!!
[LEF] Parsed 5000 number of lines!!
[LEF] Parsed 5500 number of lines!!
[LEF] Parsed 6000 number of lines!!
[LEF] Parsed 6500 number of lines!!
[LEF] Parsed 7000 number of lines!!
[LEF] Parsed 7500 number of lines!!
[LEF] Parsed 8000 number of lines!!
[LEF] Parsed 8500 number of lines!!
[LEF] Parsed 9000 number of lines!!
[LEF] Parsed 9500 number of lines!!
[LEF] Parsed 10000 number of lines!!
[LEF] Parsed 10500 number of lines!!
[LEF] Parsed 11000 number of lines!!
[LEF] Parsed 11500 number of lines!!
[LEF] Parsed 12000 number of lines!!
[LEF] Parsed 12500 number of lines!!
[LEF] Parsed 13000 number of lines!!
[LEF] Parsed 13500 number of lines!!
[LEF] Parsed 14000 number of lines!!
[LEF] Parsed 14500 number of lines!!
[LEF] Parsed 15000 number of lines!!
[LEF] Parsed 15500 number of lines!!
[LEF] Parsed 16000 number of lines!!
[LEF] Parsed 16500 number of lines!!
[LEF] Parsed 17000 number of lines!!
[LEF] Parsed 17500 number of lines!!
[LEF] Parsed 18000 number of lines!!
[LEF] Parsed 18500 number of lines!!
[LEF] Parsed 19000 number of lines!!
[LEF] Parsed 19500 number of lines!!
[LEF] Parsed 20000 number of lines!!
[LEF] Parsed 20500 number of lines!!
[LEF] Parsed 21000 number of lines!!
[LEF] Parsed 21500 number of lines!!
[LEF] Parsed 22000 number of lines!!
[LEF] Parsed 22500 number of lines!!
[LEF] Parsed 23000 number of lines!!
[LEF] Parsed 23500 number of lines!!
[LEF] Parsed 24000 number of lines!!
[LEF] Parsed 24500 number of lines!!
[LEF] Parsed 25000 number of lines!!
[LEF] Parsed 25500 number of lines!!
[LEF] Parsed 26000 number of lines!!
[LEF] Parsed 26500 number of lines!!
[LEF] Parsed 27000 number of lines!!
[LEF] Parsed 27500 number of lines!!
[LEF] Parsed 28000 number of lines!!
[LEF] Parsed 28500 number of lines!!
[LEF] Parsed 29000 number of lines!!
[LEF] Parsed 29500 number of lines!!
[LEF] Parsed 30000 number of lines!!
[LEF] Parsed 30500 number of lines!!
[LEF] Parsed 31000 number of lines!!
[LEF] Parsed 31500 number of lines!!
[LEF] Parsed 32000 number of lines!!
[LEF] Parsed 32500 number of lines!!
[LEF] Parsed 33000 number of lines!!
[LEF] Parsed 33500 number of lines!!
[LEF] Parsed 34000 number of lines!!
[LEF] Parsed 34500 number of lines!!
[LEF] Parsed 35000 number of lines!!
[LEF] Parsed 35500 number of lines!!
[LEF] Parsed 36000 number of lines!!
[LEF] Parsed 36500 number of lines!!
[LEF] Parsed 37000 number of lines!!
[LEF] Parsed 37500 number of lines!!
[LEF] Parsed 38000 number of lines!!
[LEF] Parsed 38500 number of lines!!
[LEF] Parsed 39000 number of lines!!
[LEF] Parsed 39500 number of lines!!
[LEF] Parsed 40000 number of lines!!
[LEF] Parsed 40500 number of lines!!
[LEF] Parsed 41000 number of lines!!
[LEF] Parsed 41500 number of lines!!
[LEF] Parsed 42000 number of lines!!
[LEF] Parsed 42500 number of lines!!
[LEF] Parsed 43000 number of lines!!
[LEF] Parsed 43500 number of lines!!
[LEF] Parsed 44000 number of lines!!
[LEF] Parsed 44500 number of lines!!
[LEF] Parsed 45000 number of lines!!
[LEF] Parsed 45500 number of lines!!
[LEF] Parsed 46000 number of lines!!
[LEF] Parsed 46500 number of lines!!
[LEF] Parsed 47000 number of lines!!
[LEF] Parsed 47500 number of lines!!
[LEF] Parsed 48000 number of lines!!
[LEF] Parsed 48500 number of lines!!
[LEF] Parsed 49000 number of lines!!
[LEF] Parsed 49500 number of lines!!
[LEF] Parsed 50000 number of lines!!
[LEF] Parsed 50500 number of lines!!
[LEF] Parsed 51000 number of lines!!
[LEF] Parsed 51500 number of lines!!
[LEF] Parsed 52000 number of lines!!
[LEF] Parsed 52500 number of lines!!
[LEF] Parsed 53000 number of lines!!
[LEF] Parsed 53500 number of lines!!
[LEF] Parsed 54000 number of lines!!
[LEF] Parsed 54500 number of lines!!
[LEF] Parsed 55000 number of lines!!
[LEF] Parsed 55500 number of lines!!
[LEF] Parsed 56000 number of lines!!
[LEF] Parsed 56500 number of lines!!
[LEF] Parsed 57000 number of lines!!
[LEF] Parsed 57500 number of lines!!
[LEF] Parsed 58000 number of lines!!
[LEF] Parsed 58500 number of lines!!
[LEF] Parsed 59000 number of lines!!
[LEF] Parsed 59500 number of lines!!
[LEF] Parsed 60000 number of lines!!
[LEF] Parsed 60500 number of lines!!
[LEF] Parsed 61000 number of lines!!
[LEF] Parsed 61500 number of lines!!
[LEF] Parsed 62000 number of lines!!
[PROC] End LefParsing
[PROC] Begin DefParsing ...
WARNING (DEFPARS-7011): The NAMESCASESENSITIVE statement is obsolete in version 5.6 and later.
The DEF parser will ignore this statement. See file /openLANE_flow/designs/sb_0__3_/runs/30-08_15-31//results/floorplan/sb_0__3_.floorplan.def at line 2.

[PROC] End DefParsing
[INFO] DefUnit = 1000
[INFO] LefMetal1Name = li1
[INFO] DefSiteName = unithd
[INFO] ScaleDownUnit = 302.222229
[INFO] OffsetCoordi = (2640.000000, 0.000000)
[INFO] RowSize = (1.522059, 9.000000)
[INFO] NumRows = 178
[INFO] MacroCount = 0
[INFO] NumModules = 54
[INFO] NumTerminals = 3472
[INFO] Inserted Dummy Terms = 0
[PROC] Begin Generate Un-fragmented Rows ...
[INFO] CoreAreaLxLy = (27.000000, 36.000000)
[INFO] CoreAreaUxUy = (1629.727905, 1638.000000)
[INFO] RowSize = (1.522059, 9.000000)
[INFO] NumRows = 178
[PROC] End Generate Un-fragmented Rows
[PROC] Begin DEF Net Parsing ...
[INFO] NumNets = 129
[INFO] NumPins = 256
[PROC] End DEF Net Parsing
[PROC] LEF/DEF Parsing Success!
[INFO] AspectRatio = 0.999546
[INFO] RowMinXY = (27.000000, 36.000000)
[INFO] RowMaxXY = (1629.727905, 1638.000000)
[INFO] NumPlaceStdCells = 54
[INFO] NumPlaceMacros = 0
[INFO] RowSize = (1.522059, 9.000000)
[INFO] NumRows = 178
[INFO] GlobalAreaLxLy = (9.496324, 6.617647)
[INFO] GlobalAreaUxUy = (1647.231567, 1668.937500)
[INFO] PlaceAreaLxLy = (27.000000, 36.000000)
[INFO] PlaceAreaUxUy = (1629.727905, 1638.000000)
[INFO] TotalPlaceArea = 2567570.000000
[INFO] TotalFixedArea = 56521.242188
[INFO] TotalWhiteSpaceArea = 2511048.750000
[INFO] TotalPlaceMacrosArea = 0.000000
[INFO] TotalPlaceStdCellsArea = 17999.865234
[INFO] Util(%) = 0.701047
[INFO] 80pCellArea = 335.194550
[INFO] FillerInit: TotalFillerArea = 1739734.250000
[INFO] FillerInit: NumFillerCells = 5190
[INFO] FillerInit: FillerCellArea = 335.194733
[INFO] FillerInit: FillerCellSize = (37.243858, 9.000000)
[INFO] FillerInit: NumCells = 5244
[INFO] FillerInit: NumModules = 54
[INFO] FillerInit: NumFillers = 5190
INFO:  D_MSH = 1024 
INFO:  MSH(X, Y) = (32, 32)
[INFO] TierInit: TierUtil = 0.007010
[INFO] TierInit: NumModules = 54
[INFO] TierInit: PlaceArea = 2567570.000000
[INFO] TierInit: CoreSpacingArea = 0.000000
[INFO] TierInit: TerminalArea = 56521.242188
[INFO] TierInit: ModuleArea = 17999.865234
[INFO] TierInit: FillerArea = 1739734.250000
[INFO] TierInit: NumFillers = 5190
[INFO] TierInit: FillerMinIdx = 54
[INFO] TierInit: FillerMaxIdx = 5244
INFO:  dim_bin_cGP2D.(x,y) = (64, 64)
cell Init 2D:
tier->bin_stp: (25.0426 25.0312)
tier->half_bin_stp: (12.5213 12.5156)
PROC:  Start NESTEROV's Optimization
PROC:    Global Lagrangian Multiplier is Applied

ITER: 0
    HPWL=34593.765625
    OVFL=0.912656
    HPWL=(18671.587891, 15922.178711)
    POTN=2.103489E+06
    PHIC=8.395742E-10
    GRAD=2.566131E-02
    NuBT=0
    CPU =0.000000

ITER: 1
    HPWL=34593.468750
    OVFL=0.912656
    HPWL=(18671.429688, 15922.040039)
    POTN=2.103477E+06
    PHIC=8.815529E-10
    GRAD=3.611524E-02
    NuBT=1
    CPU =0.002399

ITER: 2
    HPWL=34592.140625
    OVFL=0.912656
    HPWL=(18670.707031, 15921.431641)
    POTN=2.103424E+06
    PHIC=9.256306E-10
    GRAD=3.611399E-02
    NuBT=1
    CPU =0.001209

ITER: 3
    HPWL=14865.269531
    OVFL=0.703615
    HPWL=(9545.778320, 5319.491699)
    POTN=1.696192E+06
    PHIC=9.719121E-10
    GRAD=1.084513E-02
    NuBT=2
    CPU =0.002257

ITER: 4
    HPWL=11563.307617
    OVFL=0.646494
    HPWL=(7134.008301, 4429.299316)
    POTN=1.673501E+06
    PHIC=1.020508E-09
    GRAD=1.319867E-02
    NuBT=2
    CPU =0.002282

ITER: 5
    HPWL=9839.848633
    OVFL=0.622092
    HPWL=(5811.164062, 4028.684326)
    POTN=1.641674E+06
    PHIC=1.071533E-09
    GRAD=7.491732E-03
    NuBT=3
    CPU =0.003357

ITER: 6
    HPWL=9316.253906
    OVFL=0.608420
    HPWL=(5450.013672, 3866.240234)
    POTN=1.577752E+06
    PHIC=1.125110E-09
    GRAD=6.799991E-03
    NuBT=1
    CPU =0.001270

ITER: 7
    HPWL=9325.504883
    OVFL=0.549214
    HPWL=(5486.932129, 3838.572754)
    POTN=1.536986E+06
    PHIC=1.181364E-09
    GRAD=7.606963E-03
    NuBT=1
    CPU =0.001271

ITER: 8
    HPWL=9096.337891
    OVFL=0.557574
    HPWL=(5338.987305, 3757.350830)
    POTN=1.505297E+06
    PHIC=1.240432E-09
    GRAD=9.617692E-03
    NuBT=2
    CPU =0.002324

ITER: 9
    HPWL=9151.215820
    OVFL=0.538527
    HPWL=(5402.368652, 3748.847168)
    POTN=1.477735E+06
    PHIC=1.302443E-09
    GRAD=9.970604E-03
    NuBT=2
    CPU =0.002305

ITER: 10
    HPWL=9000.287109
    OVFL=0.472559
    HPWL=(5310.337402, 3689.949707)
    POTN=1.449968E+06
    PHIC=1.367565E-09
    GRAD=1.064829E-02
    NuBT=2
    CPU =0.002351

ITER: 11
    HPWL=8798.943359
    OVFL=0.501046
    HPWL=(5180.246582, 3618.696777)
    POTN=1.430677E+06
    PHIC=1.435943E-09
    GRAD=1.392883E-02
    NuBT=2
    CPU =0.002344

ITER: 12
    HPWL=8868.852539
    OVFL=0.482902
    HPWL=(5222.838867, 3646.013916)
    POTN=1.396539E+06
    PHIC=1.507726E-09
    GRAD=1.293729E-02
    NuBT=2
    CPU =0.002300

ITER: 13
    HPWL=8779.707031
    OVFL=0.439707
    HPWL=(5156.722656, 3622.984619)
    POTN=1.378302E+06
    PHIC=1.583112E-09
    GRAD=1.389588E-02
    NuBT=2
    CPU =0.002285

ITER: 14
    HPWL=8638.220703
    OVFL=0.432371
    HPWL=(5050.345215, 3587.875732)
    POTN=1.348424E+06
    PHIC=1.662268E-09
    GRAD=1.650041E-02
    NuBT=2
    CPU =0.002312

ITER: 15
    HPWL=8624.487305
    OVFL=0.430070
    HPWL=(5034.919434, 3589.568115)
    POTN=1.324733E+06
    PHIC=1.745381E-09
    GRAD=1.741192E-02
    NuBT=2
    CPU =0.002291

ITER: 16
    HPWL=8577.080078
    OVFL=0.359289
    HPWL=(4995.870605, 3581.209961)
    POTN=1.293640E+06
    PHIC=1.832650E-09
    GRAD=1.767034E-02
    NuBT=2
    CPU =0.002297

ITER: 17
    HPWL=8381.646484
    OVFL=0.406266
    HPWL=(4852.416504, 3529.230225)
    POTN=1.276474E+06
    PHIC=1.924282E-09
    GRAD=2.328926E-02
    NuBT=2
    CPU =0.002313

ITER: 18
    HPWL=8392.347656
    OVFL=0.344593
    HPWL=(4852.874023, 3539.473633)
    POTN=1.251640E+06
    PHIC=2.020493E-09
    GRAD=1.934167E-02
    NuBT=1
    CPU =0.001240

ITER: 19
    HPWL=8279.154297
    OVFL=0.364350
    HPWL=(4770.805664, 3508.348145)
    POTN=1.236341E+06
    PHIC=2.121518E-09
    GRAD=2.498639E-02
    NuBT=2
    CPU =0.002268

ITER: 20
    HPWL=8305.911133
    OVFL=0.315438
    HPWL=(4789.243652, 3516.667725)
    POTN=1.215035E+06
    PHIC=2.227585E-09
    GRAD=2.371344E-02
    NuBT=1
    CPU =0.001202

ITER: 21
    HPWL=8173.381836
    OVFL=0.328972
    HPWL=(4693.969727, 3479.412109)
    POTN=1.199455E+06
    PHIC=2.338964E-09
    GRAD=2.838561E-02
    NuBT=2
    CPU =0.002251

ITER: 22
    HPWL=8150.971191
    OVFL=0.284576
    HPWL=(4678.723145, 3472.248047)
    POTN=1.181992E+06
    PHIC=2.455912E-09
    GRAD=2.740868E-02
    NuBT=1
    CPU =0.001242

ITER: 23
    HPWL=8046.110352
    OVFL=0.307777
    HPWL=(4607.082520, 3439.027588)
    POTN=1.170702E+06
    PHIC=2.578708E-09
    GRAD=3.214552E-02
    NuBT=2
    CPU =0.002285

ITER: 24
    HPWL=8010.423828
    OVFL=0.285364
    HPWL=(4586.766602, 3423.657227)
    POTN=1.157321E+06
    PHIC=2.707643E-09
    GRAD=2.993065E-02
    NuBT=1
    CPU =0.001231

ITER: 25
    HPWL=7962.364258
    OVFL=0.257323
    HPWL=(4560.133789, 3402.230713)
    POTN=1.147052E+06
    PHIC=2.843025E-09
    GRAD=3.242173E-02
    NuBT=2
    CPU =0.002284

ITER: 26
    HPWL=7864.068848
    OVFL=0.261784
    HPWL=(4494.991211, 3369.077637)
    POTN=1.135398E+06
    PHIC=2.985176E-09
    GRAD=3.562171E-02
    NuBT=2
    CPU =0.002310

ITER: 27
    HPWL=7815.600586
    OVFL=0.253618
    HPWL=(4472.321289, 3343.279297)
    POTN=1.127981E+06
    PHIC=3.134435E-09
    GRAD=3.545282E-02
    NuBT=2
    CPU =0.002317

ITER: 28
    HPWL=7760.121094
    OVFL=0.236942
    HPWL=(4443.924805, 3316.196533)
    POTN=1.117412E+06
    PHIC=3.291156E-09
    GRAD=3.637200E-02
    NuBT=2
    CPU =0.002321

ITER: 29
    HPWL=7693.000488
    OVFL=0.247860
    HPWL=(4404.883301, 3288.117188)
    POTN=1.110475E+06
    PHIC=3.455714E-09
    GRAD=3.834686E-02
    NuBT=2
    CPU =0.002299

ITER: 30
    HPWL=7654.765625
    OVFL=0.248163
    HPWL=(4387.757812, 3267.008057)
    POTN=1.101164E+06
    PHIC=3.628500E-09
    GRAD=3.724774E-02
    NuBT=2
    CPU =0.002252

ITER: 31
    HPWL=7636.690430
    OVFL=0.251321
    HPWL=(4382.466309, 3254.224365)
    POTN=1.095013E+06
    PHIC=3.809924E-09
    GRAD=3.749358E-02
    NuBT=1
    CPU =0.001202

ITER: 32
    HPWL=7591.324707
    OVFL=0.237719
    HPWL=(4354.500488, 3236.824219)
    POTN=1.086004E+06
    PHIC=4.000420E-09
    GRAD=3.703593E-02
    NuBT=1
    CPU =0.001197

ITER: 33
    HPWL=7532.768555
    OVFL=0.232761
    HPWL=(4316.361328, 3216.406982)
    POTN=1.079912E+06
    PHIC=4.200441E-09
    GRAD=3.849842E-02
    NuBT=1
    CPU =0.001205

ITER: 34
    HPWL=7487.521484
    OVFL=0.243105
    HPWL=(4288.685059, 3198.836182)
    POTN=1.071272E+06
    PHIC=4.410463E-09
    GRAD=3.920773E-02
    NuBT=1
    CPU =0.001193

ITER: 35
    HPWL=7448.579102
    OVFL=0.225508
    HPWL=(4266.467285, 3182.111572)
    POTN=1.065905E+06
    PHIC=4.630986E-09
    GRAD=3.795344E-02
    NuBT=1
    CPU =0.001196

ITER: 36
    HPWL=7392.156738
    OVFL=0.208513
    HPWL=(4230.177246, 3161.979492)
    POTN=1.057500E+06
    PHIC=4.862535E-09
    GRAD=3.988841E-02
    NuBT=1
    CPU =0.001194

ITER: 37
    HPWL=7324.052246
    OVFL=0.233083
    HPWL=(4186.481934, 3137.570312)
    POTN=1.051174E+06
    PHIC=5.105662E-09
    GRAD=4.168824E-02
    NuBT=2
    CPU =0.002244

ITER: 38
    HPWL=7304.045898
    OVFL=0.226162
    HPWL=(4180.325684, 3123.720215)
    POTN=1.042785E+06
    PHIC=5.360945E-09
    GRAD=3.909665E-02
    NuBT=1
    CPU =0.001207

ITER: 39
    HPWL=7263.076172
    OVFL=0.188326
    HPWL=(4155.608398, 3107.468018)
    POTN=1.036419E+06
    PHIC=5.628991E-09
    GRAD=3.979879E-02
    NuBT=1
    CPU =0.001198

ITER: 40
    HPWL=7178.933594
    OVFL=0.208992
    HPWL=(4099.175781, 3079.757568)
    POTN=1.028634E+06
    PHIC=5.910441E-09
    GRAD=4.362077E-02
    NuBT=2
    CPU =0.002289

ITER: 41
    HPWL=7168.640625
    OVFL=0.212482
    HPWL=(4102.369141, 3066.271484)
    POTN=1.023715E+06
    PHIC=6.205962E-09
    GRAD=4.196194E-02
    NuBT=1
    CPU =0.001201

ITER: 42
    HPWL=7154.818359
    OVFL=0.177771
    HPWL=(4097.434082, 3057.384277)
    POTN=1.016407E+06
    PHIC=6.516260E-09
    GRAD=4.193586E-02
    NuBT=1
    CPU =0.001211

ITER: 43
    HPWL=7057.527344
    OVFL=0.179761
    HPWL=(4031.483887, 3026.043701)
    POTN=1.011578E+06
    PHIC=6.842073E-09
    GRAD=4.489405E-02
    NuBT=2
    CPU =0.002267

ITER: 44
    HPWL=7034.267578
    OVFL=0.185825
    HPWL=(4024.430420, 3009.836914)
    POTN=1.005753E+06
    PHIC=7.184176E-09
    GRAD=4.516564E-02
    NuBT=1
    CPU =0.001237

ITER: 45
    HPWL=6998.358398
    OVFL=0.166426
    HPWL=(4005.440674, 2992.917480)
    POTN=1.001906E+06
    PHIC=7.543385E-09
    GRAD=4.463486E-02
    NuBT=2
    CPU =0.002301

ITER: 46
    HPWL=6953.414551
    OVFL=0.158577
    HPWL=(3978.172852, 2975.241699)
    POTN=9.967439E+05
    PHIC=7.920553E-09
    GRAD=4.662429E-02
    NuBT=1
    CPU =0.001265

ITER: 47
    HPWL=6896.417969
    OVFL=0.169877
    HPWL=(3944.503174, 2951.914551)
    POTN=9.938074E+05
    PHIC=8.316580E-09
    GRAD=4.709602E-02
    NuBT=2
    CPU =0.002288

ITER: 48
    HPWL=6868.791992
    OVFL=0.153761
    HPWL=(3932.333740, 2936.458008)
    POTN=9.892353E+05
    PHIC=8.732409E-09
    GRAD=4.633849E-02
    NuBT=1
    CPU =0.001210

ITER: 49
    HPWL=6830.487793
    OVFL=0.137007
    HPWL=(3909.587891, 2920.899902)
    POTN=9.868207E+05
    PHIC=9.169028E-09
    GRAD=4.796010E-02
    NuBT=1
    CPU =0.001206

ITER: 50
    HPWL=6760.000000
    OVFL=0.144431
    HPWL=(3865.047607, 2894.952148)
    POTN=9.828409E+05
    PHIC=9.627479E-09
    GRAD=4.867588E-02
    NuBT=2
    CPU =0.002257

ITER: 51
    HPWL=6737.162109
    OVFL=0.138868
    HPWL=(3856.821777, 2880.340576)
    POTN=9.807266E+05
    PHIC=1.010885E-08
    GRAD=4.863898E-02
    NuBT=1
    CPU =0.001202

ITER: 52
    HPWL=6709.465820
    OVFL=0.116320
    HPWL=(3842.804199, 2866.661621)
    POTN=9.773195E+05
    PHIC=1.061429E-08
    GRAD=4.943980E-02
    NuBT=1
    CPU =0.001208

ITER: 53
    HPWL=6632.139648
    OVFL=0.127908
    HPWL=(3792.355957, 2839.783691)
    POTN=9.755408E+05
    PHIC=1.114501E-08
    GRAD=4.996345E-02
    NuBT=2
    CPU =0.002257

ITER: 54
    HPWL=6608.815430
    OVFL=0.131729
    HPWL=(3783.708008, 2825.107666)
    POTN=9.722149E+05
    PHIC=1.170226E-08
    GRAD=4.978458E-02
    NuBT=1
    CPU =0.001208

ITER: 55
    HPWL=6580.361328
    OVFL=0.109491
    HPWL=(3768.495850, 2811.865723)
    POTN=9.700619E+05
    PHIC=1.228737E-08
    GRAD=4.977170E-02
    NuBT=1
    CPU =0.001232

ITER: 56
    HPWL=6533.377930
    OVFL=0.108162
    HPWL=(3738.810059, 2794.567627)
    POTN=9.661386E+05
    PHIC=1.290174E-08
    GRAD=5.091360E-02
    NuBT=1
    CPU =0.001196

ITER: 57
    HPWL=6484.671875
    OVFL=0.105768
    HPWL=(3709.850098, 2774.821777)
    POTN=9.636461E+05
    PHIC=1.354683E-08
    GRAD=5.067578E-02
    NuBT=2
    CPU =0.002244

ITER: 58
    HPWL=6451.592773
    OVFL=0.086826
    HPWL=(3691.557129, 2760.035400)
    POTN=9.599246E+05
    PHIC=1.422417E-08
    GRAD=5.095734E-02
    NuBT=1
    CPU =0.001195
[INFO] Nesterov: NumIters = 58
[INFO] Nesterov: ScaledHpwl = 6451.592773
[INFO] Nesterov: Overflow = 0.086826
[INFO] Nesterov: Potential = 959924.625000
[INFO] Nesterov: xInstScaledHpwl = 6399.152344
[INFO] Nesterov: yInstScaledHpwl = 6451.592773
[INFO] Nesterov: HPWL = 1933.966187
