
reading lef ...
add shortConstraint to layer mcon
add shortConstraint to layer via
add shortConstraint to layer via2
add shortConstraint to layer via3
add shortConstraint to layer via4

units:       1000
#layers:     11
#macros:     437
#vias:       25
#viarulegen: 25

reading def ...

design:      cby_3__1_
die area:    ( 0 0 ) ( 193775 94855 )
trackPts:    12
defvias:     4
#components: 1605
#terminals:  53
#snets:      2
#nets:       179

reading guide ...

#guides:     1423
List of default vias:
  Layer mcon
    default via: L1M1_PR_MR
  Layer via
    default via: M1M2_PR
  Layer via2
    default via: M2M3_PR_M
  Layer via3
    default via: M3M4_PR_M
  Layer via4
    default via: M4M5_PR_C

libcell analysis ...

instance analysis ...
#unique instances = 29

init region query ...
  complete li1
  complete mcon
  complete met1
  complete via
  complete met2
  complete via2
  complete met3
  complete via3
  complete met4
  complete via4
  complete met5

li1 shape region query size = 12316
mcon shape region query size = 21166
met1 shape region query size = 4721
via shape region query size = 1296
met2 shape region query size = 663
via2 shape region query size = 1296
met3 shape region query size = 684
via3 shape region query size = 1296
met4 shape region query size = 456
via4 shape region query size = 108
met5 shape region query size = 119


start pin access
  complete 26 pins
  complete 29 unique inst patterns
  complete 305 groups
#scanned instances    = 1605
#unique  instances    = 29
#stdCellGenAp         = 246
#stdCellValidPlanarAp = 143
#stdCellValidViaAp    = 143
#stdCellPinNoAp       = 0
#macroGenAp           = 0
#macroValidPlanarAp   = 0
#macroValidViaAp      = 0
#macroNoAp            = 0

complete pin access
cpu time = 00:00:00, elapsed time = 00:00:00, memory = 13.20 (MB), peak = 13.31 (MB)

post process guides ...
GCELLGRID X 0 DO 13 STEP 6900 ;
GCELLGRID Y 0 DO 28 STEP 6900 ;
  complete li1
  complete mcon
  complete met1
  complete via
  complete met2
  complete via2
  complete met3
  complete via3
  complete met4
  complete via4
  complete met5

building cmap ... 

init guide query ...
  complete li1 (guide)
  complete mcon (guide)
  complete met1 (guide)
  complete via (guide)
  complete met2 (guide)
  complete via2 (guide)
  complete met3 (guide)
  complete via3 (guide)
  complete met4 (guide)
  complete via4 (guide)
  complete met5 (guide)

li1 guide region query size = 349
mcon guide region query size = 0
met1 guide region query size = 331
via guide region query size = 0
met2 guide region query size = 241
via2 guide region query size = 0
met3 guide region query size = 56
via3 guide region query size = 0
met4 guide region query size = 0
via4 guide region query size = 0
met5 guide region query size = 0

init gr pin query ...


start track assignment
Done with 0 vertical wires in 1 frboxes and 0 horizontal wires in 1 frboxes.
Done with 112 vertical wires in 1 frboxes and 90 horizontal wires in 1 frboxes.

complete track assignment
cpu time = 00:00:00, elapsed time = 00:00:00, memory = 17.69 (MB), peak = 17.84 (MB)

start routing data preparation
initVia2ViaMinLen_minSpc li1 (d2d, d2u, u2d, u2u) = (0, 0, 0, 370)
initVia2ViaMinLen_minSpc met1 (d2d, d2u, u2d, u2u) = (430, 445, 445, 460)
initVia2ViaMinLen_minSpc met2 (d2d, d2u, u2d, u2u) = (460, 485, 485, 630)
initVia2ViaMinLen_minSpc met3 (d2d, d2u, u2d, u2u) = (630, 655, 655, 680)
initVia2ViaMinLen_minSpc met4 (d2d, d2u, u2d, u2u) = (630, 1055, 1055, 3020)
initVia2ViaMinLen_minSpc met5 (d2d, d2u, u2d, u2u) = (1480, 0, 0, 0)
initVia2ViaMinLen_minimumcut li1 (d2d, d2u, u2d, u2u) = (0, 0, 0, 370)
initVia2ViaMinLen_minimumcut li1 zerolen (b, b, b, b) = (1, 1, 1, 1)
initVia2ViaMinLen_minimumcut met1 (d2d, d2u, u2d, u2u) = (430, 445, 445, 460)
initVia2ViaMinLen_minimumcut met1 zerolen (b, b, b, b) = (1, 1, 1, 1)
initVia2ViaMinLen_minimumcut met2 (d2d, d2u, u2d, u2u) = (460, 485, 485, 630)
initVia2ViaMinLen_minimumcut met2 zerolen (b, b, b, b) = (1, 1, 1, 1)
initVia2ViaMinLen_minimumcut met3 (d2d, d2u, u2d, u2u) = (630, 655, 655, 680)
initVia2ViaMinLen_minimumcut met3 zerolen (b, b, b, b) = (1, 1, 1, 1)
initVia2ViaMinLen_minimumcut met4 (d2d, d2u, u2d, u2u) = (630, 1055, 1055, 3020)
initVia2ViaMinLen_minimumcut met4 zerolen (b, b, b, b) = (1, 1, 1, 1)
initVia2ViaMinLen_minimumcut met5 (d2d, d2u, u2d, u2u) = (1480, 0, 0, 0)
initVia2ViaMinLen_minimumcut met5 zerolen (b, b, b, b) = (1, 1, 1, 1)
initVia2ViaMinLenNew_minSpc li1 (d2d-x, d2d-y, d2u-x, d2u-y, u2d-x, u2d-y, u2u-x, u2u-y) = (0, 0, 0, 0, 0, 0, 430, 370)
initVia2ViaMinLenNew_minSpc met1 (d2d-x, d2d-y, d2u-x, d2u-y, u2d-x, u2d-y, u2u-x, u2u-y) = (430, 370, 445, 385, 445, 385, 460, 460)
initVia2ViaMinLenNew_minSpc met2 (d2d-x, d2d-y, d2u-x, d2u-y, u2d-x, u2d-y, u2u-x, u2u-y) = (460, 460, 410, 485, 410, 485, 630, 630)
initVia2ViaMinLenNew_minSpc met3 (d2d-x, d2d-y, d2u-x, d2u-y, u2d-x, u2d-y, u2u-x, u2u-y) = (630, 630, 655, 625, 655, 625, 680, 630)
initVia2ViaMinLenNew_minSpc met4 (d2d-x, d2d-y, d2u-x, d2u-y, u2d-x, u2d-y, u2u-x, u2u-y) = (680, 630, 1055, 1055, 1055, 1055, 3020, 3020)
initVia2ViaMinLenNew_minSpc met5 (d2d-x, d2d-y, d2u-x, d2u-y, u2d-x, u2d-y, u2u-x, u2u-y) = (1480, 1480, 0, 0, 0, 0, 0, 0)
initVia2ViaMinLenNew_minimumcut li1 (d2d-x, d2d-y, d2u-x, d2u-y, u2d-x, u2d-y, u2u-x, u2u-y) = (0, 0, 0, 0, 0, 0, 430, 370)
initVia2ViaMinLenNew_minimumcut met1 (d2d-x, d2d-y, d2u-x, d2u-y, u2d-x, u2d-y, u2u-x, u2u-y) = (430, 370, 445, 385, 445, 385, 460, 460)
initVia2ViaMinLenNew_minimumcut met2 (d2d-x, d2d-y, d2u-x, d2u-y, u2d-x, u2d-y, u2u-x, u2u-y) = (460, 460, 410, 485, 410, 485, 630, 630)
initVia2ViaMinLenNew_minimumcut met3 (d2d-x, d2d-y, d2u-x, d2u-y, u2d-x, u2d-y, u2u-x, u2u-y) = (630, 630, 655, 625, 655, 625, 680, 630)
initVia2ViaMinLenNew_minimumcut met4 (d2d-x, d2d-y, d2u-x, d2u-y, u2d-x, u2d-y, u2u-x, u2u-y) = (680, 630, 1055, 1055, 1055, 1055, 3020, 3020)
initVia2ViaMinLenNew_minimumcut met5 (d2d-x, d2d-y, d2u-x, d2u-y, u2d-x, u2d-y, u2u-x, u2u-y) = (1480, 1480, 0, 0, 0, 0, 0, 0)
cpu time = 00:00:00, elapsed time = 00:00:00, memory = 17.84 (MB), peak = 17.87 (MB)

start detail routing ...
start initial detail routing ...
    completing 10% with 4 violations
    elapsed time = 00:00:00, memory = 21.39 (MB)
    completing 20% with 4 violations
    elapsed time = 00:00:00, memory = 21.48 (MB)
    completing 30% with 6 violations
    elapsed time = 00:00:00, memory = 22.62 (MB)
    completing 40% with 6 violations
    elapsed time = 00:00:00, memory = 21.88 (MB)
    completing 50% with 6 violations
    elapsed time = 00:00:00, memory = 24.35 (MB)
    completing 60% with 7 violations
    elapsed time = 00:00:00, memory = 23.06 (MB)
    completing 70% with 7 violations
    elapsed time = 00:00:00, memory = 23.28 (MB)
    completing 80% with 9 violations
    elapsed time = 00:00:00, memory = 23.28 (MB)
  number of violations = 9
cpu time = 00:00:00, elapsed time = 00:00:00, memory = 23.28 (MB), peak = 24.45 (MB)
total wire length = 7183 um
total wire length on LAYER li1 = 14 um
total wire length on LAYER met1 = 1980 um
total wire length on LAYER met2 = 2058 um
total wire length on LAYER met3 = 3130 um
total wire length on LAYER met4 = 0 um
total wire length on LAYER met5 = 0 um
total number of vias = 1084
up-via summary (total 1084):

-------------
  li1     456
 met1     572
 met2      56
 met3       0
 met4       0
-------------
         1084


start 1st optimization iteration ...
    completing 10% with 9 violations
    elapsed time = 00:00:00, memory = 23.28 (MB)
    completing 20% with 9 violations
    elapsed time = 00:00:00, memory = 23.30 (MB)
    completing 30% with 8 violations
    elapsed time = 00:00:00, memory = 26.91 (MB)
    completing 40% with 9 violations
    elapsed time = 00:00:00, memory = 24.00 (MB)
    completing 50% with 7 violations
    elapsed time = 00:00:00, memory = 26.83 (MB)
    completing 60% with 7 violations
    elapsed time = 00:00:00, memory = 24.00 (MB)
    completing 70% with 7 violations
    elapsed time = 00:00:00, memory = 26.32 (MB)
    completing 80% with 7 violations
    elapsed time = 00:00:00, memory = 26.39 (MB)
    completing 90% with 16 violations
    elapsed time = 00:00:00, memory = 26.39 (MB)
    completing 100% with 16 violations
    elapsed time = 00:00:01, memory = 26.39 (MB)
  number of violations = 16
cpu time = 00:00:01, elapsed time = 00:00:01, memory = 26.39 (MB), peak = 27.09 (MB)
total wire length = 7099 um
total wire length on LAYER li1 = 5 um
total wire length on LAYER met1 = 1882 um
total wire length on LAYER met2 = 2012 um
total wire length on LAYER met3 = 3182 um
total wire length on LAYER met4 = 16 um
total wire length on LAYER met5 = 0 um
total number of vias = 1071
up-via summary (total 1071):

-------------
  li1     460
 met1     557
 met2      52
 met3       2
 met4       0
-------------
         1071


start 2nd optimization iteration ...
    completing 10% with 13 violations
    elapsed time = 00:00:00, memory = 26.42 (MB)
    completing 20% with 13 violations
    elapsed time = 00:00:00, memory = 26.42 (MB)
    completing 30% with 13 violations
    elapsed time = 00:00:00, memory = 26.42 (MB)
    completing 40% with 11 violations
    elapsed time = 00:00:00, memory = 26.42 (MB)
    completing 50% with 11 violations
    elapsed time = 00:00:00, memory = 26.42 (MB)
    completing 60% with 11 violations
    elapsed time = 00:00:00, memory = 26.42 (MB)
    completing 70% with 2 violations
    elapsed time = 00:00:00, memory = 26.42 (MB)
    completing 80% with 0 violations
    elapsed time = 00:00:00, memory = 26.42 (MB)
  number of violations = 0
cpu time = 00:00:00, elapsed time = 00:00:00, memory = 26.42 (MB), peak = 27.09 (MB)
total wire length = 7101 um
total wire length on LAYER li1 = 5 um
total wire length on LAYER met1 = 1899 um
total wire length on LAYER met2 = 2024 um
total wire length on LAYER met3 = 3151 um
total wire length on LAYER met4 = 20 um
total wire length on LAYER met5 = 0 um
total number of vias = 1079
up-via summary (total 1079):

-------------
  li1     460
 met1     559
 met2      58
 met3       2
 met4       0
-------------
         1079


start 3rd optimization iteration ...
    completing 10% with 0 violations
    elapsed time = 00:00:00, memory = 26.42 (MB)
    completing 20% with 0 violations
    elapsed time = 00:00:00, memory = 26.42 (MB)
    completing 30% with 0 violations
    elapsed time = 00:00:00, memory = 26.42 (MB)
    completing 40% with 0 violations
    elapsed time = 00:00:00, memory = 26.42 (MB)
    completing 50% with 0 violations
    elapsed time = 00:00:00, memory = 26.42 (MB)
    completing 60% with 0 violations
    elapsed time = 00:00:00, memory = 26.42 (MB)
    completing 70% with 0 violations
    elapsed time = 00:00:00, memory = 26.42 (MB)
    completing 80% with 0 violations
    elapsed time = 00:00:00, memory = 26.42 (MB)
    completing 90% with 0 violations
    elapsed time = 00:00:00, memory = 26.42 (MB)
    completing 100% with 0 violations
    elapsed time = 00:00:00, memory = 26.42 (MB)
  number of violations = 0
cpu time = 00:00:00, elapsed time = 00:00:00, memory = 26.42 (MB), peak = 27.09 (MB)
total wire length = 7101 um
total wire length on LAYER li1 = 5 um
total wire length on LAYER met1 = 1899 um
total wire length on LAYER met2 = 2024 um
total wire length on LAYER met3 = 3151 um
total wire length on LAYER met4 = 20 um
total wire length on LAYER met5 = 0 um
total number of vias = 1079
up-via summary (total 1079):

-------------
  li1     460
 met1     559
 met2      58
 met3       2
 met4       0
-------------
         1079


start 4th optimization iteration ...
    completing 10% with 0 violations
    elapsed time = 00:00:00, memory = 26.42 (MB)
    completing 20% with 0 violations
    elapsed time = 00:00:00, memory = 26.42 (MB)
    completing 30% with 0 violations
    elapsed time = 00:00:00, memory = 26.42 (MB)
    completing 40% with 0 violations
    elapsed time = 00:00:00, memory = 26.42 (MB)
    completing 50% with 0 violations
    elapsed time = 00:00:00, memory = 26.42 (MB)
    completing 60% with 0 violations
    elapsed time = 00:00:00, memory = 26.42 (MB)
    completing 70% with 0 violations
    elapsed time = 00:00:00, memory = 26.42 (MB)
    completing 80% with 0 violations
    elapsed time = 00:00:00, memory = 26.42 (MB)
  number of violations = 0
cpu time = 00:00:00, elapsed time = 00:00:00, memory = 26.42 (MB), peak = 27.09 (MB)
total wire length = 7101 um
total wire length on LAYER li1 = 5 um
total wire length on LAYER met1 = 1899 um
total wire length on LAYER met2 = 2024 um
total wire length on LAYER met3 = 3151 um
total wire length on LAYER met4 = 20 um
total wire length on LAYER met5 = 0 um
total number of vias = 1079
up-via summary (total 1079):

-------------
  li1     460
 met1     559
 met2      58
 met3       2
 met4       0
-------------
         1079


start 5th optimization iteration ...
    completing 10% with 0 violations
    elapsed time = 00:00:00, memory = 26.42 (MB)
    completing 20% with 0 violations
    elapsed time = 00:00:00, memory = 26.42 (MB)
    completing 30% with 0 violations
    elapsed time = 00:00:00, memory = 26.42 (MB)
    completing 40% with 0 violations
    elapsed time = 00:00:00, memory = 26.42 (MB)
    completing 50% with 0 violations
    elapsed time = 00:00:00, memory = 26.42 (MB)
    completing 60% with 0 violations
    elapsed time = 00:00:00, memory = 26.42 (MB)
    completing 70% with 0 violations
    elapsed time = 00:00:00, memory = 26.42 (MB)
    completing 80% with 0 violations
    elapsed time = 00:00:00, memory = 26.42 (MB)
    completing 90% with 0 violations
    elapsed time = 00:00:00, memory = 26.42 (MB)
    completing 100% with 0 violations
    elapsed time = 00:00:00, memory = 26.42 (MB)
  number of violations = 0
cpu time = 00:00:00, elapsed time = 00:00:00, memory = 26.42 (MB), peak = 27.09 (MB)
total wire length = 7101 um
total wire length on LAYER li1 = 5 um
total wire length on LAYER met1 = 1899 um
total wire length on LAYER met2 = 2024 um
total wire length on LAYER met3 = 3151 um
total wire length on LAYER met4 = 20 um
total wire length on LAYER met5 = 0 um
total number of vias = 1079
up-via summary (total 1079):

-------------
  li1     460
 met1     559
 met2      58
 met3       2
 met4       0
-------------
         1079


start 6th optimization iteration ...
    completing 10% with 0 violations
    elapsed time = 00:00:00, memory = 26.42 (MB)
    completing 20% with 0 violations
    elapsed time = 00:00:00, memory = 26.42 (MB)
    completing 30% with 0 violations
    elapsed time = 00:00:00, memory = 26.42 (MB)
    completing 40% with 0 violations
    elapsed time = 00:00:00, memory = 26.42 (MB)
    completing 50% with 0 violations
    elapsed time = 00:00:00, memory = 26.42 (MB)
    completing 60% with 0 violations
    elapsed time = 00:00:00, memory = 26.42 (MB)
    completing 70% with 0 violations
    elapsed time = 00:00:00, memory = 26.42 (MB)
    completing 80% with 0 violations
    elapsed time = 00:00:00, memory = 26.42 (MB)
  number of violations = 0
cpu time = 00:00:00, elapsed time = 00:00:00, memory = 26.42 (MB), peak = 27.09 (MB)
total wire length = 7101 um
total wire length on LAYER li1 = 5 um
total wire length on LAYER met1 = 1899 um
total wire length on LAYER met2 = 2024 um
total wire length on LAYER met3 = 3151 um
total wire length on LAYER met4 = 20 um
total wire length on LAYER met5 = 0 um
total number of vias = 1079
up-via summary (total 1079):

-------------
  li1     460
 met1     559
 met2      58
 met3       2
 met4       0
-------------
         1079


start 7th optimization iteration ...
    completing 10% with 0 violations
    elapsed time = 00:00:00, memory = 26.42 (MB)
    completing 20% with 0 violations
    elapsed time = 00:00:00, memory = 26.42 (MB)
    completing 30% with 0 violations
    elapsed time = 00:00:00, memory = 26.42 (MB)
    completing 40% with 0 violations
    elapsed time = 00:00:00, memory = 26.42 (MB)
    completing 50% with 0 violations
    elapsed time = 00:00:00, memory = 26.42 (MB)
    completing 60% with 0 violations
    elapsed time = 00:00:00, memory = 26.42 (MB)
    completing 70% with 0 violations
    elapsed time = 00:00:00, memory = 26.42 (MB)
    completing 80% with 0 violations
    elapsed time = 00:00:00, memory = 26.42 (MB)
    completing 90% with 0 violations
    elapsed time = 00:00:00, memory = 26.42 (MB)
    completing 100% with 0 violations
    elapsed time = 00:00:00, memory = 26.42 (MB)
  number of violations = 0
cpu time = 00:00:00, elapsed time = 00:00:00, memory = 26.42 (MB), peak = 27.09 (MB)/openLANE_flow/designs/cby_3__1_/runs/final_pin_placement//reports/routing/tritonRoute.drc

complete detail routing
total wire length = 7101 um
total wire length on LAYER li1 = 5 um
total wire length on LAYER met1 = 1899 um
total wire length on LAYER met2 = 2024 um
total wire length on LAYER met3 = 3151 um
total wire length on LAYER met4 = 20 um
total wire length on LAYER met5 = 0 um
total number of vias = 1079
up-via summary (total 1079):

-------------
  li1     460
 met1     559
 met2      58
 met3       2
 met4       0
-------------
         1079

cpu time = 00:00:02, elapsed time = 00:00:02, memory = 26.42 (MB), peak = 27.09 (MB)

post processing ...
WARNING (DEFPARS-7011): The NAMESCASESENSITIVE statement is obsolete in version 5.6 and later.
The DEF parser will ignore this statement. See file /openLANE_flow/designs/cby_3__1_/runs/final_pin_placement//tmp/routing/addspacers.def at line 2.


post processing ...
WARNING (DEFPARS-7011): The NAMESCASESENSITIVE statement is obsolete in version 5.6 and later.
The DEF parser will ignore this statement. See file /openLANE_flow/designs/cby_3__1_/runs/final_pin_placement//tmp/routing/addspacers.def at line 2.


Runtime taken (hrt): 3.73459
