RePlAce Version: 1.0.0

** WARNING: Your Detail Placement Step must be skipped.
              (i.e. this program will be executed as -onlyGP)
     If you want to have DP after GP, please specify -dpflag and -dploc.

[INFO] TargetDensity = 0.400000
[INFO] ExperimentIndex = 0
[INFO] DirectoryPath = /openLANE_flow/designs/sb_0__0_/runs/28-08_18-07//tmp/placement/replace/etc/sb_0__0_.floorplan/experiment000
[PROC] Begin LefParsing ...
[LEF] Parsed 500 number of lines!!
WARNING (LEFPARS-2036): SOURCE statement is obsolete in version 5.6 and later.
The LEF parser will ignore this statement.
To avoid this warning in the future, remove this statement from the LEF file with version 5.6 or later. See file /openLANE_flow/designs/sb_0__0_/runs/28-08_18-07//tmp//merged.lef at line 776.

WARNING (LEFPARS-2036): SOURCE statement is obsolete in version 5.6 and later.
The LEF parser will ignore this statement.
To avoid this warning in the future, remove this statement from the LEF file with version 5.6 or later. See file /openLANE_flow/designs/sb_0__0_/runs/28-08_18-07//tmp//merged.lef at line 903.

[LEF] Parsed 1000 number of lines!!
WARNING (LEFPARS-2036): SOURCE statement is obsolete in version 5.6 and later.
The LEF parser will ignore this statement.
To avoid this warning in the future, remove this statement from the LEF file with version 5.6 or later. See file /openLANE_flow/designs/sb_0__0_/runs/28-08_18-07//tmp//merged.lef at line 1034.

WARNING (LEFPARS-2036): SOURCE statement is obsolete in version 5.6 and later.
The LEF parser will ignore this statement.
To avoid this warning in the future, remove this statement from the LEF file with version 5.6 or later. See file /openLANE_flow/designs/sb_0__0_/runs/28-08_18-07//tmp//merged.lef at line 1204.

WARNING (LEFPARS-2036): SOURCE statement is obsolete in version 5.6 and later.
The LEF parser will ignore this statement.
To avoid this warning in the future, remove this statement from the LEF file with version 5.6 or later. See file /openLANE_flow/designs/sb_0__0_/runs/28-08_18-07//tmp//merged.lef at line 1322.

WARNING (LEFPARS-2036): SOURCE statement is obsolete in version 5.6 and later.
The LEF parser will ignore this statement.
To avoid this warning in the future, remove this statement from the LEF file with version 5.6 or later. See file /openLANE_flow/designs/sb_0__0_/runs/28-08_18-07//tmp//merged.lef at line 1442.

[LEF] Parsed 1500 number of lines!!
WARNING (LEFPARS-2036): SOURCE statement is obsolete in version 5.6 and later.
The LEF parser will ignore this statement.
To avoid this warning in the future, remove this statement from the LEF file with version 5.6 or later. See file /openLANE_flow/designs/sb_0__0_/runs/28-08_18-07//tmp//merged.lef at line 1589.

WARNING (LEFPARS-2036): SOURCE statement is obsolete in version 5.6 and later.
The LEF parser will ignore this statement.
To avoid this warning in the future, remove this statement from the LEF file with version 5.6 or later. See file /openLANE_flow/designs/sb_0__0_/runs/28-08_18-07//tmp//merged.lef at line 1777.

WARNING (LEFPARS-2036): SOURCE statement is obsolete in version 5.6 and later.
The LEF parser will ignore this statement.
To avoid this warning in the future, remove this statement from the LEF file with version 5.6 or later. See file /openLANE_flow/designs/sb_0__0_/runs/28-08_18-07//tmp//merged.lef at line 1886.

WARNING (LEFPARS-2036): SOURCE statement is obsolete in version 5.6 and later.
The LEF parser will ignore this statement.
To avoid this warning in the future, remove this statement from the LEF file with version 5.6 or later. See file /openLANE_flow/designs/sb_0__0_/runs/28-08_18-07//tmp//merged.lef at line 1999.

[LEF] Parsed 2000 number of lines!!
WARNING (LEFPARS-2036): SOURCE statement is obsolete in version 5.6 and later.
The LEF parser will ignore this statement.
To avoid this warning in the future, remove this statement from the LEF file with version 5.6 or later. See file /openLANE_flow/designs/sb_0__0_/runs/28-08_18-07//tmp//merged.lef at line 2148.

WARNING (LEFPARS-2036): SOURCE statement is obsolete in version 5.6 and later.
The LEF parser will ignore this statement.
To avoid this warning in the future, remove this statement from the LEF file with version 5.6 or later. See file /openLANE_flow/designs/sb_0__0_/runs/28-08_18-07//tmp//merged.lef at line 2253.

WARNING (LEFPARS-2036): SOURCE statement is obsolete in version 5.6 and later.
The LEF parser will ignore this statement.
To avoid this warning in the future, remove this statement from the LEF file with version 5.6 or later. See file /openLANE_flow/designs/sb_0__0_/runs/28-08_18-07//tmp//merged.lef at line 2380.

[LEF] Parsed 2500 number of lines!!
WARNING (LEFPARS-2036): SOURCE statement is obsolete in version 5.6 and later.
The LEF parser will ignore this statement.
To avoid this warning in the future, remove this statement from the LEF file with version 5.6 or later. See file /openLANE_flow/designs/sb_0__0_/runs/28-08_18-07//tmp//merged.lef at line 2547.

WARNING (LEFPARS-2036): SOURCE statement is obsolete in version 5.6 and later.
The LEF parser will ignore this statement.
To avoid this warning in the future, remove this statement from the LEF file with version 5.6 or later. See file /openLANE_flow/designs/sb_0__0_/runs/28-08_18-07//tmp//merged.lef at line 2653.

WARNING (LEFPARS-2036): SOURCE statement is obsolete in version 5.6 and later.
The LEF parser will ignore this statement.
To avoid this warning in the future, remove this statement from the LEF file with version 5.6 or later. See file /openLANE_flow/designs/sb_0__0_/runs/28-08_18-07//tmp//merged.lef at line 2770.

WARNING (LEFPARS-2036): SOURCE statement is obsolete in version 5.6 and later.
The LEF parser will ignore this statement.
To avoid this warning in the future, remove this statement from the LEF file with version 5.6 or later. See file /openLANE_flow/designs/sb_0__0_/runs/28-08_18-07//tmp//merged.lef at line 2908.

[LEF] Parsed 3000 number of lines!!
WARNING (LEFPARS-2036): SOURCE statement is obsolete in version 5.6 and later.
The LEF parser will ignore this statement.
To avoid this warning in the future, remove this statement from the LEF file with version 5.6 or later. See file /openLANE_flow/designs/sb_0__0_/runs/28-08_18-07//tmp//merged.lef at line 3005.

WARNING (LEFPARS-2036): SOURCE statement is obsolete in version 5.6 and later.
The LEF parser will ignore this statement.
To avoid this warning in the future, remove this statement from the LEF file with version 5.6 or later. See file /openLANE_flow/designs/sb_0__0_/runs/28-08_18-07//tmp//merged.lef at line 3105.

WARNING (LEFPARS-2036): SOURCE statement is obsolete in version 5.6 and later.
The LEF parser will ignore this statement.
To avoid this warning in the future, remove this statement from the LEF file with version 5.6 or later. See file /openLANE_flow/designs/sb_0__0_/runs/28-08_18-07//tmp//merged.lef at line 3219.

WARNING (LEFPARS-2036): SOURCE statement is obsolete in version 5.6 and later.
The LEF parser will ignore this statement.
To avoid this warning in the future, remove this statement from the LEF file with version 5.6 or later. See file /openLANE_flow/designs/sb_0__0_/runs/28-08_18-07//tmp//merged.lef at line 3361.

WARNING (LEFPARS-2036): SOURCE statement is obsolete in version 5.6 and later.
The LEF parser will ignore this statement.
To avoid this warning in the future, remove this statement from the LEF file with version 5.6 or later. See file /openLANE_flow/designs/sb_0__0_/runs/28-08_18-07//tmp//merged.lef at line 3458.

[LEF] Parsed 3500 number of lines!!
WARNING (LEFPARS-2036): SOURCE statement is obsolete in version 5.6 and later.
The LEF parser will ignore this statement.
To avoid this warning in the future, remove this statement from the LEF file with version 5.6 or later. See file /openLANE_flow/designs/sb_0__0_/runs/28-08_18-07//tmp//merged.lef at line 3561.

WARNING (LEFPARS-2036): SOURCE statement is obsolete in version 5.6 and later.
The LEF parser will ignore this statement.
To avoid this warning in the future, remove this statement from the LEF file with version 5.6 or later. See file /openLANE_flow/designs/sb_0__0_/runs/28-08_18-07//tmp//merged.lef at line 3691.

WARNING (LEFPARS-2036): SOURCE statement is obsolete in version 5.6 and later.
The LEF parser will ignore this statement.
To avoid this warning in the future, remove this statement from the LEF file with version 5.6 or later. See file /openLANE_flow/designs/sb_0__0_/runs/28-08_18-07//tmp//merged.lef at line 3783.

WARNING (LEFPARS-2036): SOURCE statement is obsolete in version 5.6 and later.
The LEF parser will ignore this statement.
To avoid this warning in the future, remove this statement from the LEF file with version 5.6 or later. See file /openLANE_flow/designs/sb_0__0_/runs/28-08_18-07//tmp//merged.lef at line 3887.

[LEF] Parsed 4000 number of lines!!
WARNING (LEFPARS-2036): SOURCE statement is obsolete in version 5.6 and later.
The LEF parser will ignore this statement.
To avoid this warning in the future, remove this statement from the LEF file with version 5.6 or later. See file /openLANE_flow/designs/sb_0__0_/runs/28-08_18-07//tmp//merged.lef at line 4018.

WARNING (LEFPARS-2036): SOURCE statement is obsolete in version 5.6 and later.
The LEF parser will ignore this statement.
To avoid this warning in the future, remove this statement from the LEF file with version 5.6 or later. See file /openLANE_flow/designs/sb_0__0_/runs/28-08_18-07//tmp//merged.lef at line 4148.

WARNING (LEFPARS-2036): SOURCE statement is obsolete in version 5.6 and later.
The LEF parser will ignore this statement.
To avoid this warning in the future, remove this statement from the LEF file with version 5.6 or later. See file /openLANE_flow/designs/sb_0__0_/runs/28-08_18-07//tmp//merged.lef at line 4282.

WARNING (LEFPARS-2036): SOURCE statement is obsolete in version 5.6 and later.
The LEF parser will ignore this statement.
To avoid this warning in the future, remove this statement from the LEF file with version 5.6 or later. See file /openLANE_flow/designs/sb_0__0_/runs/28-08_18-07//tmp//merged.lef at line 4467.

[LEF] Parsed 4500 number of lines!!
[LEF] Parsed 5000 number of lines!!
[LEF] Parsed 5500 number of lines!!
[LEF] Parsed 6000 number of lines!!
[LEF] Parsed 6500 number of lines!!
[LEF] Parsed 7000 number of lines!!
[LEF] Parsed 7500 number of lines!!
[LEF] Parsed 8000 number of lines!!
[LEF] Parsed 8500 number of lines!!
[LEF] Parsed 9000 number of lines!!
[LEF] Parsed 9500 number of lines!!
[LEF] Parsed 10000 number of lines!!
[LEF] Parsed 10500 number of lines!!
[LEF] Parsed 11000 number of lines!!
[LEF] Parsed 11500 number of lines!!
[LEF] Parsed 12000 number of lines!!
[LEF] Parsed 12500 number of lines!!
[LEF] Parsed 13000 number of lines!!
[LEF] Parsed 13500 number of lines!!
[LEF] Parsed 14000 number of lines!!
[LEF] Parsed 14500 number of lines!!
[LEF] Parsed 15000 number of lines!!
[LEF] Parsed 15500 number of lines!!
[LEF] Parsed 16000 number of lines!!
[LEF] Parsed 16500 number of lines!!
[LEF] Parsed 17000 number of lines!!
[LEF] Parsed 17500 number of lines!!
[LEF] Parsed 18000 number of lines!!
[LEF] Parsed 18500 number of lines!!
[LEF] Parsed 19000 number of lines!!
[LEF] Parsed 19500 number of lines!!
[LEF] Parsed 20000 number of lines!!
[LEF] Parsed 20500 number of lines!!
[LEF] Parsed 21000 number of lines!!
[LEF] Parsed 21500 number of lines!!
[LEF] Parsed 22000 number of lines!!
[LEF] Parsed 22500 number of lines!!
[LEF] Parsed 23000 number of lines!!
[LEF] Parsed 23500 number of lines!!
[LEF] Parsed 24000 number of lines!!
[LEF] Parsed 24500 number of lines!!
[LEF] Parsed 25000 number of lines!!
[LEF] Parsed 25500 number of lines!!
[LEF] Parsed 26000 number of lines!!
[LEF] Parsed 26500 number of lines!!
[LEF] Parsed 27000 number of lines!!
[LEF] Parsed 27500 number of lines!!
[LEF] Parsed 28000 number of lines!!
[LEF] Parsed 28500 number of lines!!
[LEF] Parsed 29000 number of lines!!
[LEF] Parsed 29500 number of lines!!
[LEF] Parsed 30000 number of lines!!
[LEF] Parsed 30500 number of lines!!
[LEF] Parsed 31000 number of lines!!
[LEF] Parsed 31500 number of lines!!
[LEF] Parsed 32000 number of lines!!
[LEF] Parsed 32500 number of lines!!
[LEF] Parsed 33000 number of lines!!
[LEF] Parsed 33500 number of lines!!
[LEF] Parsed 34000 number of lines!!
[LEF] Parsed 34500 number of lines!!
[LEF] Parsed 35000 number of lines!!
[LEF] Parsed 35500 number of lines!!
[LEF] Parsed 36000 number of lines!!
[LEF] Parsed 36500 number of lines!!
[LEF] Parsed 37000 number of lines!!
[LEF] Parsed 37500 number of lines!!
[LEF] Parsed 38000 number of lines!!
[LEF] Parsed 38500 number of lines!!
[LEF] Parsed 39000 number of lines!!
[LEF] Parsed 39500 number of lines!!
[LEF] Parsed 40000 number of lines!!
[LEF] Parsed 40500 number of lines!!
[LEF] Parsed 41000 number of lines!!
[LEF] Parsed 41500 number of lines!!
[LEF] Parsed 42000 number of lines!!
[LEF] Parsed 42500 number of lines!!
[LEF] Parsed 43000 number of lines!!
[LEF] Parsed 43500 number of lines!!
[LEF] Parsed 44000 number of lines!!
[LEF] Parsed 44500 number of lines!!
[LEF] Parsed 45000 number of lines!!
[LEF] Parsed 45500 number of lines!!
[LEF] Parsed 46000 number of lines!!
[LEF] Parsed 46500 number of lines!!
[LEF] Parsed 47000 number of lines!!
[LEF] Parsed 47500 number of lines!!
[LEF] Parsed 48000 number of lines!!
[LEF] Parsed 48500 number of lines!!
[LEF] Parsed 49000 number of lines!!
[LEF] Parsed 49500 number of lines!!
[LEF] Parsed 50000 number of lines!!
[LEF] Parsed 50500 number of lines!!
[LEF] Parsed 51000 number of lines!!
[LEF] Parsed 51500 number of lines!!
[LEF] Parsed 52000 number of lines!!
[LEF] Parsed 52500 number of lines!!
[LEF] Parsed 53000 number of lines!!
[LEF] Parsed 53500 number of lines!!
[LEF] Parsed 54000 number of lines!!
[LEF] Parsed 54500 number of lines!!
[LEF] Parsed 55000 number of lines!!
[LEF] Parsed 55500 number of lines!!
[LEF] Parsed 56000 number of lines!!
[LEF] Parsed 56500 number of lines!!
[LEF] Parsed 57000 number of lines!!
[LEF] Parsed 57500 number of lines!!
[LEF] Parsed 58000 number of lines!!
[LEF] Parsed 58500 number of lines!!
[LEF] Parsed 59000 number of lines!!
[LEF] Parsed 59500 number of lines!!
[LEF] Parsed 60000 number of lines!!
[LEF] Parsed 60500 number of lines!!
[LEF] Parsed 61000 number of lines!!
[LEF] Parsed 61500 number of lines!!
[LEF] Parsed 62000 number of lines!!
[PROC] End LefParsing
[PROC] Begin DefParsing ...
WARNING (DEFPARS-7011): The NAMESCASESENSITIVE statement is obsolete in version 5.6 and later.
The DEF parser will ignore this statement. See file /openLANE_flow/designs/sb_0__0_/runs/28-08_18-07//results/floorplan/sb_0__0_.floorplan.def at line 2.

[PROC] End DefParsing
[INFO] DefUnit = 1000
[INFO] LefMetal1Name = li1
[INFO] DefSiteName = unithd
[INFO] ScaleDownUnit = 302.222229
[INFO] OffsetCoordi = (2640.000000, 0.000000)
[INFO] RowSize = (1.522059, 9.000000)
[INFO] NumRows = 27
[INFO] MacroCount = 0
[INFO] NumModules = 54
[INFO] NumTerminals = 184
[INFO] Inserted Dummy Terms = 0
[PROC] Begin Generate Un-fragmented Rows ...
[INFO] CoreAreaLxLy = (27.000000, 36.000000)
[INFO] CoreAreaUxUy = (270.529419, 279.000000)
[INFO] RowSize = (1.522059, 9.000000)
[INFO] NumRows = 27
[PROC] End Generate Un-fragmented Rows
[PROC] Begin DEF Net Parsing ...
[INFO] NumNets = 129
[INFO] NumPins = 256
[PROC] End DEF Net Parsing
[PROC] LEF/DEF Parsing Success!
[INFO] AspectRatio = 0.997826
[INFO] RowMinXY = (27.000000, 36.000000)
[INFO] RowMaxXY = (270.529419, 279.000000)
[INFO] NumPlaceStdCells = 54
[INFO] NumPlaceMacros = 0
[INFO] RowSize = (1.522059, 9.000000)
[INFO] NumRows = 27
[INFO] GlobalAreaLxLy = (9.496324, 6.617647)
[INFO] GlobalAreaUxUy = (289.555145, 310.334564)
[INFO] PlaceAreaLxLy = (27.000000, 36.000000)
[INFO] PlaceAreaUxUy = (270.529419, 279.000000)
[INFO] TotalPlaceArea = 59177.648438
[INFO] TotalFixedArea = 3205.446045
[INFO] TotalWhiteSpaceArea = 55972.203125
[INFO] TotalPlaceMacrosArea = 0.000000
[INFO] TotalPlaceStdCellsArea = 17999.865234
[INFO] Util(%) = 30.416662
[INFO] 80pCellArea = 335.194550
[INFO] FillerInit: TotalFillerArea = 4389.015625
[INFO] FillerInit: NumFillerCells = 13
[INFO] FillerInit: FillerCellArea = 335.194733
[INFO] FillerInit: FillerCellSize = (37.243858, 9.000000)
[INFO] FillerInit: NumCells = 67
[INFO] FillerInit: NumModules = 54
[INFO] FillerInit: NumFillers = 13
INFO:  D_MSH = 1024 
INFO:  MSH(X, Y) = (32, 32)
[INFO] TierInit: TierUtil = 0.304167
[INFO] TierInit: NumModules = 54
[INFO] TierInit: PlaceArea = 59177.648438
[INFO] TierInit: CoreSpacingArea = 0.000000
[INFO] TierInit: TerminalArea = 3205.446045
[INFO] TierInit: ModuleArea = 17999.865234
[INFO] TierInit: FillerArea = 4389.015625
[INFO] TierInit: NumFillers = 13
[INFO] TierInit: FillerMinIdx = 54
[INFO] TierInit: FillerMaxIdx = 67
INFO:  dim_bin_cGP2D.(x,y) = (8, 8)
cell Init 2D:
tier->bin_stp: (30.4412 30.375)
tier->half_bin_stp: (15.2206 15.1875)
PROC:  Start NESTEROV's Optimization
PROC:    Global Lagrangian Multiplier is Applied

ITER: 0
    HPWL=5833.019531
    OVFL=0.924864
    HPWL=(3358.665527, 2474.353760)
    POTN=2.418860E+05
    PHIC=1.793921E-09
    GRAD=3.154252E-02
    NuBT=0
    CPU =0.000000

ITER: 1
    HPWL=5832.984375
    OVFL=0.924864
    HPWL=(3358.646729, 2474.337891)
    POTN=2.418852E+05
    PHIC=1.883617E-09
    GRAD=4.625322E-02
    NuBT=1
    CPU =0.000085

ITER: 2
    HPWL=5832.842285
    OVFL=0.924864
    HPWL=(3358.569824, 2474.272461)
    POTN=2.418820E+05
    PHIC=1.977797E-09
    GRAD=4.625145E-02
    NuBT=1
    CPU =0.000067

ITER: 3
    HPWL=3756.892090
    OVFL=0.802554
    HPWL=(2122.148438, 1634.743652)
    POTN=1.846490E+05
    PHIC=2.076687E-09
    GRAD=2.093406E-02
    NuBT=1
    CPU =0.000055

ITER: 4
    HPWL=2920.018555
    OVFL=0.753715
    HPWL=(1533.092896, 1386.925781)
    POTN=1.624729E+05
    PHIC=2.180522E-09
    GRAD=2.075787E-02
    NuBT=2
    CPU =0.000074

ITER: 5
    HPWL=2795.710693
    OVFL=0.743781
    HPWL=(1438.796509, 1356.914185)
    POTN=1.562432E+05
    PHIC=2.289547E-09
    GRAD=2.491981E-02
    NuBT=2
    CPU =0.000069

ITER: 6
    HPWL=2800.984131
    OVFL=0.717567
    HPWL=(1414.460327, 1386.523804)
    POTN=1.478438E+05
    PHIC=2.404023E-09
    GRAD=2.610781E-02
    NuBT=1
    CPU =0.000071

ITER: 7
    HPWL=2804.958496
    OVFL=0.700920
    HPWL=(1402.679077, 1402.279541)
    POTN=1.390985E+05
    PHIC=2.524222E-09
    GRAD=2.980650E-02
    NuBT=3
    CPU =0.000126

ITER: 8
    HPWL=2807.835938
    OVFL=0.686651
    HPWL=(1397.699463, 1410.136475)
    POTN=1.311346E+05
    PHIC=2.650432E-09
    GRAD=3.243243E-02
    NuBT=1
    CPU =0.000066

ITER: 9
    HPWL=2816.041504
    OVFL=0.673872
    HPWL=(1399.821411, 1416.220215)
    POTN=1.219715E+05
    PHIC=2.782950E-09
    GRAD=3.489820E-02
    NuBT=2
    CPU =0.000098

ITER: 10
    HPWL=2817.403809
    OVFL=0.668675
    HPWL=(1400.645142, 1416.758667)
    POTN=1.152512E+05
    PHIC=2.922097E-09
    GRAD=3.724738E-02
    NuBT=2
    CPU =0.000095

ITER: 11
    HPWL=2823.315430
    OVFL=0.661388
    HPWL=(1404.940186, 1418.375122)
    POTN=1.075237E+05
    PHIC=3.068199E-09
    GRAD=3.827472E-02
    NuBT=1
    CPU =0.000080

ITER: 12
    HPWL=2816.493164
    OVFL=0.655404
    HPWL=(1403.709106, 1412.783936)
    POTN=1.016558E+05
    PHIC=3.221609E-09
    GRAD=3.971222E-02
    NuBT=2
    CPU =0.000099

ITER: 13
    HPWL=2815.921875
    OVFL=0.646870
    HPWL=(1406.418945, 1409.502808)
    POTN=9.510799E+04
    PHIC=3.382689E-09
    GRAD=4.096093E-02
    NuBT=1
    CPU =0.000065

ITER: 14
    HPWL=2806.253906
    OVFL=0.642923
    HPWL=(1404.844604, 1401.409424)
    POTN=8.815839E+04
    PHIC=3.551824E-09
    GRAD=4.276355E-02
    NuBT=2
    CPU =0.000101

ITER: 15
    HPWL=2802.271484
    OVFL=0.635339
    HPWL=(1406.705688, 1395.565796)
    POTN=8.222682E+04
    PHIC=3.729415E-09
    GRAD=4.364825E-02
    NuBT=1
    CPU =0.000065

ITER: 16
    HPWL=2793.472656
    OVFL=0.650256
    HPWL=(1406.120850, 1387.351685)
    POTN=7.833030E+04
    PHIC=3.915885E-09
    GRAD=4.535944E-02
    NuBT=2
    CPU =0.000096

ITER: 17
    HPWL=2784.028320
    OVFL=0.624166
    HPWL=(1405.454224, 1378.573975)
    POTN=7.260584E+04
    PHIC=4.111679E-09
    GRAD=4.203376E-02
    NuBT=2
    CPU =0.000097

ITER: 18
    HPWL=2751.500732
    OVFL=0.615287
    HPWL=(1392.999268, 1358.501465)
    POTN=6.881508E+04
    PHIC=4.317263E-09
    GRAD=4.791670E-02
    NuBT=2
    CPU =0.000094

ITER: 19
    HPWL=2734.455078
    OVFL=0.606716
    HPWL=(1388.336304, 1346.118896)
    POTN=6.519539E+04
    PHIC=4.533125E-09
    GRAD=5.011692E-02
    NuBT=1
    CPU =0.000062

ITER: 20
    HPWL=2734.251465
    OVFL=0.607999
    HPWL=(1393.573608, 1340.677734)
    POTN=6.014241E+04
    PHIC=4.759781E-09
    GRAD=5.235912E-02
    NuBT=1
    CPU =0.000063

ITER: 21
    HPWL=2739.053223
    OVFL=0.637217
    HPWL=(1400.739136, 1338.313965)
    POTN=5.715723E+04
    PHIC=4.997767E-09
    GRAD=5.205934E-02
    NuBT=2
    CPU =0.000108

ITER: 22
    HPWL=2723.111816
    OVFL=0.632335
    HPWL=(1396.988159, 1326.123779)
    POTN=5.443255E+04
    PHIC=5.247655E-09
    GRAD=4.484116E-02
    NuBT=3
    CPU =0.000185

ITER: 23
    HPWL=2700.577148
    OVFL=0.623805
    HPWL=(1389.338745, 1311.238403)
    POTN=5.275155E+04
    PHIC=5.510038E-09
    GRAD=4.594859E-02
    NuBT=1
    CPU =0.000078

ITER: 24
    HPWL=2710.102051
    OVFL=0.625129
    HPWL=(1397.994385, 1312.107544)
    POTN=5.142671E+04
    PHIC=5.785532E-09
    GRAD=4.801569E-02
    NuBT=2
    CPU =0.000128

ITER: 25
    HPWL=2708.909180
    OVFL=0.627965
    HPWL=(1400.870239, 1308.039062)
    POTN=5.044696E+04
    PHIC=6.074808E-09
    GRAD=4.770908E-02
    NuBT=2
    CPU =0.000127

ITER: 26
    HPWL=2707.467773
    OVFL=0.663007
    HPWL=(1403.664673, 1303.802979)
    POTN=5.082321E+04
    PHIC=6.378548E-09
    GRAD=4.704962E-02
    NuBT=2
    CPU =0.000097

ITER: 27
    HPWL=2679.220703
    OVFL=0.662077
    HPWL=(1392.718994, 1286.501831)
    POTN=4.964818E+04
    PHIC=6.697475E-09
    GRAD=3.930457E-02
    NuBT=3
    CPU =0.000090

ITER: 28
    HPWL=2664.811768
    OVFL=0.661161
    HPWL=(1388.503784, 1276.307983)
    POTN=4.976902E+04
    PHIC=7.032348E-09
    GRAD=3.948021E-02
    NuBT=1
    CPU =0.000037

ITER: 29
    HPWL=2666.464355
    OVFL=0.657325
    HPWL=(1392.841187, 1273.623169)
    POTN=5.088824E+04
    PHIC=7.383964E-09
    GRAD=3.967073E-02
    NuBT=2
    CPU =0.000063

ITER: 30
    HPWL=2658.074707
    OVFL=0.654026
    HPWL=(1393.037354, 1265.037354)
    POTN=5.159652E+04
    PHIC=7.753162E-09
    GRAD=4.045377E-02
    NuBT=2
    CPU =0.000062

ITER: 31
    HPWL=2654.182129
    OVFL=0.652415
    HPWL=(1396.110840, 1258.071167)
    POTN=5.399539E+04
    PHIC=8.140820E-09
    GRAD=4.115329E-02
    NuBT=2
    CPU =0.000063

ITER: 32
    HPWL=2647.128662
    OVFL=0.685052
    HPWL=(1397.319946, 1249.808716)
    POTN=5.610075E+04
    PHIC=8.547860E-09
    GRAD=4.149956E-02
    NuBT=2
    CPU =0.000062

ITER: 33
    HPWL=2617.144043
    OVFL=0.680672
    HPWL=(1386.619263, 1230.524658)
    POTN=5.659196E+04
    PHIC=8.975253E-09
    GRAD=3.511243E-02
    NuBT=3
    CPU =0.000087

ITER: 34
    HPWL=2612.115967
    OVFL=0.672842
    HPWL=(1388.146240, 1223.969727)
    POTN=5.763712E+04
    PHIC=9.424014E-09
    GRAD=3.591070E-02
    NuBT=1
    CPU =0.000145

ITER: 35
    HPWL=2607.939209
    OVFL=0.656467
    HPWL=(1390.011841, 1217.927368)
    POTN=5.883261E+04
    PHIC=9.895214E-09
    GRAD=3.737260E-02
    NuBT=2
    CPU =0.000075

ITER: 36
    HPWL=2599.051270
    OVFL=0.647630
    HPWL=(1389.185669, 1209.865723)
    POTN=6.031748E+04
    PHIC=1.038998E-08
    GRAD=4.062713E-02
    NuBT=2
    CPU =0.000069

ITER: 37
    HPWL=2591.055176
    OVFL=0.643753
    HPWL=(1388.450684, 1202.604492)
    POTN=6.160777E+04
    PHIC=1.090947E-08
    GRAD=4.249940E-02
    NuBT=1
    CPU =0.000044

ITER: 38
    HPWL=2590.636475
    OVFL=0.639822
    HPWL=(1391.246338, 1199.390137)
    POTN=6.351595E+04
    PHIC=1.145495E-08
    GRAD=4.335246E-02
    NuBT=1
    CPU =0.000043

ITER: 39
    HPWL=2585.197021
    OVFL=0.648459
    HPWL=(1391.138184, 1194.058838)
    POTN=6.587123E+04
    PHIC=1.202769E-08
    GRAD=4.423111E-02
    NuBT=2
    CPU =0.000068

ITER: 40
    HPWL=2578.657715
    OVFL=0.672507
    HPWL=(1390.165771, 1188.492065)
    POTN=6.826098E+04
    PHIC=1.262908E-08
    GRAD=4.232515E-02
    NuBT=2
    CPU =0.000069

ITER: 41
    HPWL=2570.816895
    OVFL=0.684548
    HPWL=(1388.345337, 1182.471558)
    POTN=6.933207E+04
    PHIC=1.326053E-08
    GRAD=3.744121E-02
    NuBT=2
    CPU =0.000068

ITER: 42
    HPWL=2564.046143
    OVFL=0.683797
    HPWL=(1386.818237, 1177.227905)
    POTN=6.958690E+04
    PHIC=1.392356E-08
    GRAD=3.521407E-02
    NuBT=1
    CPU =0.000044

ITER: 43
    HPWL=2561.823730
    OVFL=0.683080
    HPWL=(1387.346802, 1174.477051)
    POTN=7.001778E+04
    PHIC=1.461973E-08
    GRAD=3.534708E-02
    NuBT=1
    CPU =0.000043

ITER: 44
    HPWL=2557.662598
    OVFL=0.682312
    HPWL=(1386.599243, 1171.063354)
    POTN=7.054342E+04
    PHIC=1.535072E-08
    GRAD=3.547855E-02
    NuBT=2
    CPU =0.000068

ITER: 45
    HPWL=2556.708496
    OVFL=0.681684
    HPWL=(1386.984985, 1169.723389)
    POTN=7.096282E+04
    PHIC=1.611826E-08
    GRAD=3.561771E-02
    NuBT=2
    CPU =0.000068

ITER: 46
    HPWL=2555.047852
    OVFL=0.681061
    HPWL=(1386.874023, 1168.173950)
    POTN=7.141236E+04
    PHIC=1.692417E-08
    GRAD=3.573617E-02
    NuBT=2
    CPU =0.000069

ITER: 47
    HPWL=2554.288574
    OVFL=0.680338
    HPWL=(1387.015503, 1167.273071)
    POTN=7.175202E+04
    PHIC=1.777037E-08
    GRAD=3.584510E-02
    NuBT=2
    CPU =0.000068

ITER: 48
    HPWL=2553.524414
    OVFL=0.679804
    HPWL=(1386.963867, 1166.560425)
    POTN=7.202582E+04
    PHIC=1.865889E-08
    GRAD=3.598058E-02
    NuBT=2
    CPU =0.000068

ITER: 49
    HPWL=2552.778320
    OVFL=0.679458
    HPWL=(1386.801270, 1165.977051)
    POTN=7.222405E+04
    PHIC=1.959184E-08
    GRAD=3.607934E-02
    NuBT=2
    CPU =0.000080

ITER: 50
    HPWL=2552.673340
    OVFL=0.679355
    HPWL=(1386.831421, 1165.842041)
    POTN=7.231333E+04
    PHIC=2.057143E-08
    GRAD=3.614112E-02
    NuBT=5
    CPU =0.000146

ITER: 51
    HPWL=2552.979980
    OVFL=0.679469
    HPWL=(1386.866455, 1166.113647)
    POTN=7.230591E+04
    PHIC=2.160000E-08
    GRAD=3.616174E-02
    NuBT=1
    CPU =0.000043

ITER: 52
    HPWL=2555.954346
    OVFL=0.680226
    HPWL=(1387.941406, 1168.012939)
    POTN=7.202373E+04
    PHIC=2.267999E-08
    GRAD=3.613995E-02
    NuBT=1
    CPU =0.000043

ITER: 53
    HPWL=2558.539062
    OVFL=0.680883
    HPWL=(1388.826050, 1169.712891)
    POTN=7.178069E+04
    PHIC=2.381398E-08
    GRAD=3.600128E-02
    NuBT=2
    CPU =0.000069

ITER: 54
    HPWL=2561.871338
    OVFL=0.681292
    HPWL=(1390.022461, 1171.848877)
    POTN=7.151203E+04
    PHIC=2.500467E-08
    GRAD=3.588071E-02
    NuBT=2
    CPU =0.000068

ITER: 55
    HPWL=2564.789062
    OVFL=0.681651
    HPWL=(1390.842041, 1173.946899)
    POTN=7.124305E+04
    PHIC=2.625488E-08
    GRAD=3.580423E-02
    NuBT=2
    CPU =0.000069

ITER: 56
    HPWL=2567.970459
    OVFL=0.682047
    HPWL=(1391.645630, 1176.324829)
    POTN=7.101748E+04
    PHIC=2.756762E-08
    GRAD=3.574196E-02
    NuBT=2
    CPU =0.000068

ITER: 57
    HPWL=2571.062012
    OVFL=0.682454
    HPWL=(1392.302124, 1178.759766)
    POTN=7.082531E+04
    PHIC=2.894598E-08
    GRAD=3.566726E-02
    NuBT=2
    CPU =0.000068

ITER: 58
    HPWL=2575.364746
    OVFL=0.682896
    HPWL=(1393.628784, 1181.736084)
    POTN=7.070902E+04
    PHIC=3.039326E-08
    GRAD=3.559938E-02
    NuBT=1
    CPU =0.000044

ITER: 59
    HPWL=2578.762695
    OVFL=0.683351
    HPWL=(1394.330933, 1184.431885)
    POTN=7.064895E+04
    PHIC=3.191291E-08
    GRAD=3.552043E-02
    NuBT=1
    CPU =0.000043

ITER: 60
    HPWL=2580.406738
    OVFL=0.683820
    HPWL=(1393.864380, 1186.542236)
    POTN=7.070702E+04
    PHIC=3.350855E-08
    GRAD=3.543832E-02
    NuBT=1
    CPU =0.000043

ITER: 61
    HPWL=2582.087402
    OVFL=0.673516
    HPWL=(1393.390747, 1188.696533)
    POTN=6.992031E+04
    PHIC=3.518397E-08
    GRAD=3.534795E-02
    NuBT=1
    CPU =0.000043

ITER: 62
    HPWL=2575.954834
    OVFL=0.657258
    HPWL=(1387.871826, 1188.083008)
    POTN=6.877705E+04
    PHIC=3.694316E-08
    GRAD=3.725206E-02
    NuBT=3
    CPU =0.000094

ITER: 63
    HPWL=2576.517090
    OVFL=0.649052
    HPWL=(1386.734131, 1189.783081)
    POTN=6.767964E+04
    PHIC=3.879031E-08
    GRAD=4.046389E-02
    NuBT=2
    CPU =0.000068

ITER: 64
    HPWL=2579.900879
    OVFL=0.645683
    HPWL=(1387.503906, 1192.397095)
    POTN=6.668498E+04
    PHIC=4.072981E-08
    GRAD=4.219251E-02
    NuBT=1
    CPU =0.000056

ITER: 65
    HPWL=2580.884033
    OVFL=0.647486
    HPWL=(1386.703613, 1194.180420)
    POTN=6.577315E+04
    PHIC=4.276629E-08
    GRAD=4.292121E-02
    NuBT=1
    CPU =0.000044

ITER: 66
    HPWL=2583.655029
    OVFL=0.651795
    HPWL=(1387.001953, 1196.653076)
    POTN=6.489900E+04
    PHIC=4.490459E-08
    GRAD=4.253013E-02
    NuBT=1
    CPU =0.000038

ITER: 67
    HPWL=2586.344971
    OVFL=0.656064
    HPWL=(1387.273193, 1199.071777)
    POTN=6.418531E+04
    PHIC=4.714980E-08
    GRAD=4.160486E-02
    NuBT=2
    CPU =0.000062

ITER: 68
    HPWL=2589.042969
    OVFL=0.659981
    HPWL=(1387.596313, 1201.446777)
    POTN=6.358772E+04
    PHIC=4.950727E-08
    GRAD=4.071279E-02
    NuBT=1
    CPU =0.000041

ITER: 69
    HPWL=2591.532227
    OVFL=0.663519
    HPWL=(1387.830444, 1203.701904)
    POTN=6.311204E+04
    PHIC=5.198261E-08
    GRAD=3.990455E-02
    NuBT=1
    CPU =0.000037

ITER: 70
    HPWL=2594.133301
    OVFL=0.666696
    HPWL=(1388.247803, 1205.885376)
    POTN=6.273420E+04
    PHIC=5.458172E-08
    GRAD=3.919211E-02
    NuBT=1
    CPU =0.000037

ITER: 71
    HPWL=2596.856201
    OVFL=0.669310
    HPWL=(1388.853149, 1208.003052)
    POTN=6.244761E+04
    PHIC=5.731079E-08
    GRAD=3.856302E-02
    NuBT=1
    CPU =0.000036

ITER: 72
    HPWL=2599.572266
    OVFL=0.670909
    HPWL=(1389.501343, 1210.070801)
    POTN=6.194806E+04
    PHIC=6.017630E-08
    GRAD=3.805207E-02
    NuBT=1
    CPU =0.000037

ITER: 73
    HPWL=2602.027588
    OVFL=0.671607
    HPWL=(1390.124756, 1211.902832)
    POTN=6.144570E+04
    PHIC=6.318510E-08
    GRAD=3.774726E-02
    NuBT=1
    CPU =0.000036

ITER: 74
    HPWL=2603.348633
    OVFL=0.672251
    HPWL=(1390.075806, 1213.272827)
    POTN=6.096906E+04
    PHIC=6.634433E-08
    GRAD=3.760986E-02
    NuBT=2
    CPU =0.000061

ITER: 75
    HPWL=2604.143066
    OVFL=0.672634
    HPWL=(1389.739258, 1214.403687)
    POTN=6.056704E+04
    PHIC=6.966154E-08
    GRAD=3.748973E-02
    NuBT=2
    CPU =0.000062

ITER: 76
    HPWL=2605.216797
    OVFL=0.673038
    HPWL=(1389.768066, 1215.448730)
    POTN=6.019769E+04
    PHIC=7.314461E-08
    GRAD=3.741359E-02
    NuBT=1
    CPU =0.000037

ITER: 77
    HPWL=2605.752930
    OVFL=0.673401
    HPWL=(1389.527832, 1216.225220)
    POTN=5.989136E+04
    PHIC=7.680183E-08
    GRAD=3.733548E-02
    NuBT=1
    CPU =0.000036

ITER: 78
    HPWL=2605.595703
    OVFL=0.674123
    HPWL=(1388.896362, 1216.699219)
    POTN=5.961204E+04
    PHIC=8.064191E-08
    GRAD=3.726706E-02
    NuBT=1
    CPU =0.000036

ITER: 79
    HPWL=2605.408203
    OVFL=0.674610
    HPWL=(1388.343506, 1217.064819)
    POTN=5.939459E+04
    PHIC=8.467400E-08
    GRAD=3.712929E-02
    NuBT=1
    CPU =0.000037

ITER: 80
    HPWL=2605.050781
    OVFL=0.675024
    HPWL=(1387.817627, 1217.233154)
    POTN=5.920655E+04
    PHIC=8.890770E-08
    GRAD=3.703593E-02
    NuBT=1
    CPU =0.000037

ITER: 81
    HPWL=2604.958984
    OVFL=0.675242
    HPWL=(1387.529297, 1217.429810)
    POTN=5.906601E+04
    PHIC=9.335308E-08
    GRAD=3.696185E-02
    NuBT=1
    CPU =0.000036

ITER: 82
    HPWL=2604.841553
    OVFL=0.675356
    HPWL=(1387.313599, 1217.527954)
    POTN=5.895383E+04
    PHIC=9.802073E-08
    GRAD=3.691525E-02
    NuBT=1
    CPU =0.000036

ITER: 83
    HPWL=2604.588867
    OVFL=0.675317
    HPWL=(1387.095581, 1217.493408)
    POTN=5.887953E+04
    PHIC=1.029218E-07
    GRAD=3.689348E-02
    NuBT=1
    CPU =0.000040

ITER: 84
    HPWL=2604.329590
    OVFL=0.675173
    HPWL=(1386.985107, 1217.344360)
    POTN=5.883462E+04
    PHIC=1.080678E-07
    GRAD=3.690694E-02
    NuBT=1
    CPU =0.000037

ITER: 85
    HPWL=2604.380371
    OVFL=0.674842
    HPWL=(1387.168579, 1217.211792)
    POTN=5.883829E+04
    PHIC=1.134712E-07
    GRAD=3.693189E-02
    NuBT=1
    CPU =0.000037

ITER: 86
    HPWL=2604.604248
    OVFL=0.674366
    HPWL=(1387.637207, 1216.967041)
    POTN=5.887155E+04
    PHIC=1.191448E-07
    GRAD=3.699323E-02
    NuBT=2
    CPU =0.000062

ITER: 87
    HPWL=2604.497070
    OVFL=0.673721
    HPWL=(1387.891724, 1216.605347)
    POTN=5.893575E+04
    PHIC=1.251020E-07
    GRAD=3.708235E-02
    NuBT=2
    CPU =0.000074

ITER: 88
    HPWL=2604.502441
    OVFL=0.672980
    HPWL=(1388.380371, 1216.121948)
    POTN=5.902596E+04
    PHIC=1.313571E-07
    GRAD=3.720666E-02
    NuBT=1
    CPU =0.000040

ITER: 89
    HPWL=2603.996094
    OVFL=0.672013
    HPWL=(1388.505981, 1215.490234)
    POTN=5.914896E+04
    PHIC=1.379250E-07
    GRAD=3.734608E-02
    NuBT=2
    CPU =0.000063

ITER: 90
    HPWL=2603.522949
    OVFL=0.670985
    HPWL=(1388.785889, 1214.737183)
    POTN=5.927237E+04
    PHIC=1.448212E-07
    GRAD=3.752955E-02
    NuBT=1
    CPU =0.000036

ITER: 91
    HPWL=2602.965332
    OVFL=0.669577
    HPWL=(1388.988159, 1213.977295)
    POTN=5.938406E+04
    PHIC=1.520623E-07
    GRAD=3.773019E-02
    NuBT=1
    CPU =0.000037

ITER: 92
    HPWL=2602.067871
    OVFL=0.667647
    HPWL=(1389.106934, 1212.960815)
    POTN=5.945649E+04
    PHIC=1.596654E-07
    GRAD=3.800072E-02
    NuBT=1
    CPU =0.000037

ITER: 93
    HPWL=2600.311035
    OVFL=0.665434
    HPWL=(1388.571411, 1211.739624)
    POTN=5.954764E+04
    PHIC=1.676486E-07
    GRAD=3.837835E-02
    NuBT=2
    CPU =0.000061

ITER: 94
    HPWL=2598.677246
    OVFL=0.663189
    HPWL=(1388.180420, 1210.496826)
    POTN=5.963674E+04
    PHIC=1.760311E-07
    GRAD=3.880940E-02
    NuBT=1
    CPU =0.000037

ITER: 95
    HPWL=2597.373047
    OVFL=0.660782
    HPWL=(1387.984375, 1209.388794)
    POTN=5.974091E+04
    PHIC=1.848326E-07
    GRAD=3.925675E-02
    NuBT=1
    CPU =0.000036

ITER: 96
    HPWL=2596.259766
    OVFL=0.658400
    HPWL=(1387.983765, 1208.275879)
    POTN=5.983581E+04
    PHIC=1.940742E-07
    GRAD=3.974159E-02
    NuBT=1
    CPU =0.000037

ITER: 97
    HPWL=2595.107422
    OVFL=0.655926
    HPWL=(1387.887207, 1207.220215)
    POTN=5.990826E+04
    PHIC=2.037779E-07
    GRAD=4.022496E-02
    NuBT=1
    CPU =0.000036

ITER: 98
    HPWL=2593.983887
    OVFL=0.653481
    HPWL=(1387.895874, 1206.087891)
    POTN=5.988184E+04
    PHIC=2.139668E-07
    GRAD=4.073923E-02
    NuBT=1
    CPU =0.000037

ITER: 99
    HPWL=2592.880859
    OVFL=0.651012
    HPWL=(1387.813232, 1205.067749)
    POTN=5.988811E+04
    PHIC=2.246651E-07
    GRAD=4.124994E-02
    NuBT=1
    CPU =0.000036

ITER: 100
    HPWL=2591.693359
    OVFL=0.649197
    HPWL=(1387.777222, 1203.916016)
    POTN=5.991580E+04
    PHIC=2.358984E-07
    GRAD=4.177149E-02
    NuBT=1
    CPU =0.000036

ITER: 101
    HPWL=2590.646973
    OVFL=0.648329
    HPWL=(1387.702393, 1202.944458)
    POTN=5.995344E+04
    PHIC=2.476933E-07
    GRAD=4.215858E-02
    NuBT=1
    CPU =0.000036

ITER: 102
    HPWL=2590.522217
    OVFL=0.647536
    HPWL=(1388.339600, 1202.182617)
    POTN=5.998933E+04
    PHIC=2.600779E-07
    GRAD=4.234716E-02
    NuBT=1
    CPU =0.000040

ITER: 103
    HPWL=2589.863770
    OVFL=0.646711
    HPWL=(1388.454590, 1201.409302)
    POTN=6.004049E+04
    PHIC=2.730818E-07
    GRAD=4.251955E-02
    NuBT=2
    CPU =0.000063

ITER: 104
    HPWL=2589.206543
    OVFL=0.645981
    HPWL=(1388.614990, 1200.591675)
    POTN=6.007112E+04
    PHIC=2.867359E-07
    GRAD=4.269940E-02
    NuBT=2
    CPU =0.000061

ITER: 105
    HPWL=2588.763672
    OVFL=0.645190
    HPWL=(1388.734619, 1200.029053)
    POTN=6.009021E+04
    PHIC=3.010726E-07
    GRAD=4.285816E-02
    NuBT=2
    CPU =0.000062

ITER: 106
    HPWL=2587.963623
    OVFL=0.644535
    HPWL=(1388.768066, 1199.195557)
    POTN=6.008717E+04
    PHIC=3.161263E-07
    GRAD=4.302964E-02
    NuBT=2
    CPU =0.000061

ITER: 107
    HPWL=2588.009766
    OVFL=0.643832
    HPWL=(1389.136475, 1198.873291)
    POTN=6.006936E+04
    PHIC=3.319326E-07
    GRAD=4.317389E-02
    NuBT=1
    CPU =0.000037

ITER: 108
    HPWL=2586.987305
    OVFL=0.643272
    HPWL=(1388.908325, 1198.078979)
    POTN=6.002208E+04
    PHIC=3.485292E-07
    GRAD=4.333052E-02
    NuBT=2
    CPU =0.000061

ITER: 109
    HPWL=2586.368896
    OVFL=0.642653
    HPWL=(1388.741333, 1197.627563)
    POTN=5.994874E+04
    PHIC=3.659556E-07
    GRAD=4.345068E-02
    NuBT=1
    CPU =0.000091

ITER: 110
    HPWL=2586.177490
    OVFL=0.642187
    HPWL=(1388.941162, 1197.236328)
    POTN=5.982740E+04
    PHIC=3.842534E-07
    GRAD=4.359055E-02
    NuBT=1
    CPU =0.000051

ITER: 111
    HPWL=2586.089844
    OVFL=0.641675
    HPWL=(1388.996094, 1197.093872)
    POTN=5.968460E+04
    PHIC=4.034660E-07
    GRAD=4.369248E-02
    NuBT=1
    CPU =0.000038

ITER: 112
    HPWL=2585.807617
    OVFL=0.641316
    HPWL=(1389.012207, 1196.795410)
    POTN=5.949450E+04
    PHIC=4.236393E-07
    GRAD=4.380748E-02
    NuBT=1
    CPU =0.000037

ITER: 113
    HPWL=2585.688232
    OVFL=0.640910
    HPWL=(1388.914185, 1196.774048)
    POTN=5.928232E+04
    PHIC=4.448212E-07
    GRAD=4.388705E-02
    NuBT=1
    CPU =0.000037

ITER: 114
    HPWL=2585.739258
    OVFL=0.640656
    HPWL=(1389.046143, 1196.693237)
    POTN=5.901735E+04
    PHIC=4.670623E-07
    GRAD=4.397880E-02
    NuBT=1
    CPU =0.000037

ITER: 115
    HPWL=2586.232910
    OVFL=0.640349
    HPWL=(1389.221680, 1197.011353)
    POTN=5.871918E+04
    PHIC=4.904153E-07
    GRAD=4.403573E-02
    NuBT=1
    CPU =0.000037

ITER: 116
    HPWL=2586.680664
    OVFL=0.640208
    HPWL=(1389.498779, 1197.181885)
    POTN=5.837199E+04
    PHIC=5.149359E-07
    GRAD=4.410394E-02
    NuBT=1
    CPU =0.000037

ITER: 117
    HPWL=2587.051025
    OVFL=0.639992
    HPWL=(1389.486694, 1197.564331)
    POTN=5.798580E+04
    PHIC=5.406827E-07
    GRAD=4.413642E-02
    NuBT=1
    CPU =0.000036

ITER: 118
    HPWL=2587.417480
    OVFL=0.639946
    HPWL=(1389.636230, 1197.781372)
    POTN=5.755048E+04
    PHIC=5.677168E-07
    GRAD=4.418297E-02
    NuBT=1
    CPU =0.000037

ITER: 119
    HPWL=2588.169434
    OVFL=0.639817
    HPWL=(1389.780762, 1198.388550)
    POTN=5.710266E+04
    PHIC=5.961026E-07
    GRAD=4.419583E-02
    NuBT=1
    CPU =0.000036

ITER: 120
    HPWL=2588.985596
    OVFL=0.639849
    HPWL=(1390.148193, 1198.837402)
    POTN=5.661210E+04
    PHIC=6.259076E-07
    GRAD=4.422548E-02
    NuBT=1
    CPU =0.000037

ITER: 121
    HPWL=2589.958496
    OVFL=0.639778
    HPWL=(1390.314575, 1199.643921)
    POTN=5.613338E+04
    PHIC=6.572029E-07
    GRAD=4.421707E-02
    NuBT=1
    CPU =0.000036

ITER: 122
    HPWL=2590.690918
    OVFL=0.639871
    HPWL=(1390.578369, 1200.112427)
    POTN=5.565839E+04
    PHIC=6.900629E-07
    GRAD=4.423005E-02
    NuBT=1
    CPU =0.000067

ITER: 123
    HPWL=2591.681152
    OVFL=0.639843
    HPWL=(1390.697388, 1200.983643)
    POTN=5.518559E+04
    PHIC=7.245660E-07
    GRAD=4.420892E-02
    NuBT=1
    CPU =0.000070

ITER: 124
    HPWL=2592.621582
    OVFL=0.639979
    HPWL=(1391.054810, 1201.566650)
    POTN=5.468366E+04
    PHIC=7.607941E-07
    GRAD=4.422167E-02
    NuBT=1
    CPU =0.000066

ITER: 125
    HPWL=2593.670410
    OVFL=0.639976
    HPWL=(1391.147095, 1202.523438)
    POTN=5.421359E+04
    PHIC=7.988337E-07
    GRAD=4.418976E-02
    NuBT=1
    CPU =0.000067

ITER: 126
    HPWL=2594.467773
    OVFL=0.640114
    HPWL=(1391.369507, 1203.098389)
    POTN=5.370919E+04
    PHIC=8.387752E-07
    GRAD=4.418942E-02
    NuBT=1
    CPU =0.000068

ITER: 127
    HPWL=2595.494629
    OVFL=0.640090
    HPWL=(1391.445923, 1204.048584)
    POTN=5.321346E+04
    PHIC=8.807139E-07
    GRAD=4.415589E-02
    NuBT=1
    CPU =0.000067

ITER: 128
    HPWL=2596.326660
    OVFL=0.640225
    HPWL=(1391.685425, 1204.641235)
    POTN=5.269956E+04
    PHIC=9.247494E-07
    GRAD=4.416521E-02
    NuBT=1
    CPU =0.000066

ITER: 129
    HPWL=2597.398682
    OVFL=0.640187
    HPWL=(1391.772705, 1205.625977)
    POTN=5.221359E+04
    PHIC=9.709868E-07
    GRAD=4.413003E-02
    NuBT=1
    CPU =0.000080

ITER: 130
    HPWL=2598.235840
    OVFL=0.640307
    HPWL=(1392.060181, 1206.175659)
    POTN=5.170546E+04
    PHIC=1.019536E-06
    GRAD=4.414297E-02
    NuBT=1
    CPU =0.000065

ITER: 131
    HPWL=2599.219727
    OVFL=0.640236
    HPWL=(1392.044922, 1207.174683)
    POTN=5.121104E+04
    PHIC=1.070513E-06
    GRAD=4.411382E-02
    NuBT=1
    CPU =0.000065

ITER: 132
    HPWL=2599.920898
    OVFL=0.640314
    HPWL=(1392.280518, 1207.640381)
    POTN=5.072715E+04
    PHIC=1.124038E-06
    GRAD=4.412799E-02
    NuBT=1
    CPU =0.000064

ITER: 133
    HPWL=2600.921875
    OVFL=0.640188
    HPWL=(1392.296265, 1208.625610)
    POTN=5.026947E+04
    PHIC=1.180240E-06
    GRAD=4.411300E-02
    NuBT=1
    CPU =0.000064

ITER: 134
    HPWL=2601.541504
    OVFL=0.640207
    HPWL=(1392.551025, 1208.990356)
    POTN=4.981575E+04
    PHIC=1.239251E-06
    GRAD=4.414256E-02
    NuBT=1
    CPU =0.000068

ITER: 135
    HPWL=2602.554199
    OVFL=0.639972
    HPWL=(1392.607300, 1209.946899)
    POTN=4.937745E+04
    PHIC=1.301214E-06
    GRAD=4.413728E-02
    NuBT=1
    CPU =0.000067

ITER: 136
    HPWL=2603.082031
    OVFL=0.639720
    HPWL=(1392.896729, 1210.185425)
    POTN=4.892627E+04
    PHIC=1.366274E-06
    GRAD=4.418970E-02
    NuBT=1
    CPU =0.000060

ITER: 137
    HPWL=2603.963623
    OVFL=0.639239
    HPWL=(1392.911133, 1211.052490)
    POTN=4.850190E+04
    PHIC=1.434588E-06
    GRAD=4.424763E-02
    NuBT=1
    CPU =0.000053

ITER: 138
    HPWL=2604.381836
    OVFL=0.638877
    HPWL=(1393.187866, 1211.193970)
    POTN=4.808822E+04
    PHIC=1.506317E-06
    GRAD=4.435198E-02
    NuBT=1
    CPU =0.000039

ITER: 139
    HPWL=2605.125000
    OVFL=0.638306
    HPWL=(1393.162476, 1211.962646)
    POTN=4.771344E+04
    PHIC=1.581633E-06
    GRAD=4.443507E-02
    NuBT=1
    CPU =0.000037

ITER: 140
    HPWL=2605.382812
    OVFL=0.637872
    HPWL=(1393.444092, 1211.938843)
    POTN=4.732969E+04
    PHIC=1.660714E-06
    GRAD=4.456522E-02
    NuBT=1
    CPU =0.000036

ITER: 141
    HPWL=2606.044922
    OVFL=0.637235
    HPWL=(1393.395508, 1212.649414)
    POTN=4.697311E+04
    PHIC=1.743750E-06
    GRAD=4.466661E-02
    NuBT=1
    CPU =0.000037

ITER: 142
    HPWL=2606.083008
    OVFL=0.636688
    HPWL=(1393.617798, 1212.465210)
    POTN=4.659145E+04
    PHIC=1.830937E-06
    GRAD=4.480682E-02
    NuBT=1
    CPU =0.000036

ITER: 143
    HPWL=2606.685059
    OVFL=0.635991
    HPWL=(1393.595215, 1213.089966)
    POTN=4.624521E+04
    PHIC=1.922483E-06
    GRAD=4.493220E-02
    NuBT=1
    CPU =0.000037

ITER: 144
    HPWL=2606.668945
    OVFL=0.635518
    HPWL=(1393.889771, 1212.779297)
    POTN=4.589436E+04
    PHIC=2.018607E-06
    GRAD=4.508947E-02
    NuBT=1
    CPU =0.000036

ITER: 145
    HPWL=2607.031738
    OVFL=0.634872
    HPWL=(1393.755249, 1213.276367)
    POTN=4.557227E+04
    PHIC=2.119538E-06
    GRAD=4.520245E-02
    NuBT=1
    CPU =0.000037

ITER: 146
    HPWL=2606.548340
    OVFL=0.634415
    HPWL=(1393.848755, 1212.699707)
    POTN=4.529324E+04
    PHIC=2.225514E-06
    GRAD=4.534697E-02
    NuBT=1
    CPU =0.000036

ITER: 147
    HPWL=2606.946289
    OVFL=0.634254
    HPWL=(1393.739990, 1213.206421)
    POTN=4.504743E+04
    PHIC=2.336790E-06
    GRAD=4.545785E-02
    NuBT=1
    CPU =0.000036

ITER: 148
    HPWL=2606.658203
    OVFL=0.634193
    HPWL=(1394.051758, 1212.606445)
    POTN=4.482279E+04
    PHIC=2.453629E-06
    GRAD=4.549153E-02
    NuBT=1
    CPU =0.000037

ITER: 149
    HPWL=2607.274902
    OVFL=0.633935
    HPWL=(1394.139404, 1213.135620)
    POTN=4.460552E+04
    PHIC=2.576310E-06
    GRAD=4.550658E-02
    NuBT=1
    CPU =0.000063

ITER: 150
    HPWL=2606.743408
    OVFL=0.633776
    HPWL=(1394.383057, 1212.360352)
    POTN=4.439542E+04
    PHIC=2.705126E-06
    GRAD=4.556296E-02
    NuBT=1
    CPU =0.000060

ITER: 151
    HPWL=2607.008301
    OVFL=0.633410
    HPWL=(1394.255371, 1212.752930)
    POTN=4.417493E+04
    PHIC=2.840382E-06
    GRAD=4.560421E-02
    NuBT=1
    CPU =0.000058

ITER: 152
    HPWL=2606.316895
    OVFL=0.633134
    HPWL=(1394.477173, 1211.839600)
    POTN=4.396754E+04
    PHIC=2.982401E-06
    GRAD=4.568598E-02
    NuBT=1
    CPU =0.000059

ITER: 153
    HPWL=2606.818115
    OVFL=0.632672
    HPWL=(1394.456421, 1212.361694)
    POTN=4.375176E+04
    PHIC=3.131521E-06
    GRAD=4.575085E-02
    NuBT=1
    CPU =0.000069

ITER: 154
    HPWL=2605.495361
    OVFL=0.632294
    HPWL=(1394.326660, 1211.168701)
    POTN=4.355640E+04
    PHIC=3.288096E-06
    GRAD=4.585902E-02
    NuBT=1
    CPU =0.000066

ITER: 155
    HPWL=2604.621582
    OVFL=0.631724
    HPWL=(1393.366577, 1211.255127)
    POTN=4.336431E+04
    PHIC=3.452501E-06
    GRAD=4.594628E-02
    NuBT=1
    CPU =0.000061

ITER: 156
    HPWL=2602.298096
    OVFL=0.631216
    HPWL=(1392.611572, 1209.686523)
    POTN=4.319031E+04
    PHIC=3.625126E-06
    GRAD=4.607320E-02
    NuBT=1
    CPU =0.000062

ITER: 157
    HPWL=2602.941895
    OVFL=0.630672
    HPWL=(1392.632324, 1210.309570)
    POTN=4.299459E+04
    PHIC=3.806382E-06
    GRAD=4.619508E-02
    NuBT=1
    CPU =0.000040

ITER: 158
    HPWL=2603.291260
    OVFL=0.630066
    HPWL=(1393.714600, 1209.576660)
    POTN=4.279306E+04
    PHIC=3.996700E-06
    GRAD=4.632225E-02
    NuBT=1
    CPU =0.000038

ITER: 159
    HPWL=2604.433105
    OVFL=0.629214
    HPWL=(1394.036255, 1210.396973)
    POTN=4.255668E+04
    PHIC=4.196535E-06
    GRAD=4.646899E-02
    NuBT=1
    CPU =0.000037

ITER: 160
    HPWL=2602.803711
    OVFL=0.628381
    HPWL=(1393.818237, 1208.985474)
    POTN=4.234989E+04
    PHIC=4.406361E-06
    GRAD=4.666845E-02
    NuBT=1
    CPU =0.000036

ITER: 161
    HPWL=2602.198242
    OVFL=0.627997
    HPWL=(1392.909546, 1209.288818)
    POTN=4.212206E+04
    PHIC=4.626679E-06
    GRAD=4.686338E-02
    NuBT=1
    CPU =0.000037

ITER: 162
    HPWL=2600.352051
    OVFL=0.628047
    HPWL=(1392.602783, 1207.749390)
    POTN=4.191761E+04
    PHIC=4.858012E-06
    GRAD=4.695307E-02
    NuBT=1
    CPU =0.000036

ITER: 163
    HPWL=2601.756836
    OVFL=0.628015
    HPWL=(1392.868896, 1208.888062)
    POTN=4.167764E+04
    PHIC=5.100911E-06
    GRAD=4.694134E-02
    NuBT=1
    CPU =0.000036

ITER: 164
    HPWL=2600.545410
    OVFL=0.628079
    HPWL=(1392.947510, 1207.598022)
    POTN=4.146289E+04
    PHIC=5.355957E-06
    GRAD=4.694569E-02
    NuBT=2
    CPU =0.000062

ITER: 165
    HPWL=2601.913330
    OVFL=0.628048
    HPWL=(1393.055054, 1208.858276)
    POTN=4.122458E+04
    PHIC=5.623753E-06
    GRAD=4.693385E-02
    NuBT=1
    CPU =0.000036

ITER: 166
    HPWL=2601.479004
    OVFL=0.628527
    HPWL=(1393.604492, 1207.874634)
    POTN=4.101998E+04
    PHIC=5.904941E-06
    GRAD=4.693826E-02
    NuBT=1
    CPU =0.000036

ITER: 167
    HPWL=2602.552734
    OVFL=0.629003
    HPWL=(1393.435425, 1209.117188)
    POTN=4.080105E+04
    PHIC=6.200187E-06
    GRAD=4.682394E-02
    NuBT=1
    CPU =0.000037

ITER: 168
    HPWL=2601.092529
    OVFL=0.629663
    HPWL=(1393.326416, 1207.766113)
    POTN=4.060185E+04
    PHIC=6.510196E-06
    GRAD=4.671035E-02
    NuBT=1
    CPU =0.000036

ITER: 169
    HPWL=2602.376465
    OVFL=0.631772
    HPWL=(1393.148071, 1209.228516)
    POTN=4.037721E+04
    PHIC=6.835704E-06
    GRAD=4.655356E-02
    NuBT=1
    CPU =0.000036

ITER: 170
    HPWL=2601.809570
    OVFL=0.633905
    HPWL=(1393.544922, 1208.264771)
    POTN=4.017947E+04
    PHIC=7.177489E-06
    GRAD=4.605303E-02
    NuBT=1
    CPU =0.000054

ITER: 171
    HPWL=2602.680664
    OVFL=0.635953
    HPWL=(1392.988892, 1209.691772)
    POTN=3.997473E+04
    PHIC=7.536362E-06
    GRAD=4.555619E-02
    NuBT=1
    CPU =0.000039

ITER: 172
    HPWL=2601.066406
    OVFL=0.637928
    HPWL=(1392.763306, 1208.303101)
    POTN=3.981640E+04
    PHIC=7.913181E-06
    GRAD=4.507542E-02
    NuBT=1
    CPU =0.000039

ITER: 173
    HPWL=2603.197266
    OVFL=0.639771
    HPWL=(1392.851196, 1210.346069)
    POTN=3.964236E+04
    PHIC=8.308836E-06
    GRAD=4.462326E-02
    NuBT=1
    CPU =0.000038

ITER: 174
    HPWL=2602.986816
    OVFL=0.641074
    HPWL=(1393.460449, 1209.526245)
    POTN=3.953038E+04
    PHIC=8.724278E-06
    GRAD=4.420326E-02
    NuBT=1
    CPU =0.000036

ITER: 175
    HPWL=2605.020752
    OVFL=0.641942
    HPWL=(1393.377930, 1211.642822)
    POTN=3.938733E+04
    PHIC=9.160488E-06
    GRAD=4.391654E-02
    NuBT=1
    CPU =0.000037

ITER: 176
    HPWL=2603.786621
    OVFL=0.642419
    HPWL=(1393.380981, 1210.405640)
    POTN=3.926665E+04
    PHIC=9.618512E-06
    GRAD=4.371876E-02
    NuBT=1
    CPU =0.000037

ITER: 177
    HPWL=2606.187500
    OVFL=0.642468
    HPWL=(1393.495483, 1212.692139)
    POTN=3.909370E+04
    PHIC=1.009943E-05
    GRAD=4.361660E-02
    NuBT=1
    CPU =0.000037

ITER: 178
    HPWL=2605.578613
    OVFL=0.642173
    HPWL=(1393.933105, 1211.645508)
    POTN=3.897365E+04
    PHIC=1.060441E-05
    GRAD=4.359732E-02
    NuBT=1
    CPU =0.000037

ITER: 179
    HPWL=2607.999756
    OVFL=0.641506
    HPWL=(1393.935547, 1214.064209)
    POTN=3.881630E+04
    PHIC=1.113462E-05
    GRAD=4.366594E-02
    NuBT=1
    CPU =0.000037

ITER: 180
    HPWL=2606.675781
    OVFL=0.640487
    HPWL=(1393.978638, 1212.697266)
    POTN=3.870399E+04
    PHIC=1.169135E-05
    GRAD=4.380981E-02
    NuBT=1
    CPU =0.000036

ITER: 181
    HPWL=2608.895996
    OVFL=0.640075
    HPWL=(1393.843140, 1215.052856)
    POTN=3.850561E+04
    PHIC=1.227592E-05
    GRAD=4.403698E-02
    NuBT=1
    CPU =0.000037

ITER: 182
    HPWL=2607.689209
    OVFL=0.639796
    HPWL=(1394.026123, 1213.663086)
    POTN=3.836415E+04
    PHIC=1.288971E-05
    GRAD=4.412955E-02
    NuBT=1
    CPU =0.000036

ITER: 183
    HPWL=2610.068359
    OVFL=0.639608
    HPWL=(1393.985352, 1216.082886)
    POTN=3.816950E+04
    PHIC=1.353419E-05
    GRAD=4.419238E-02
    NuBT=1
    CPU =0.000037

ITER: 184
    HPWL=2608.960449
    OVFL=0.638949
    HPWL=(1394.314209, 1214.646118)
    POTN=3.796220E+04
    PHIC=1.421090E-05
    GRAD=4.423144E-02
    NuBT=1
    CPU =0.000036

ITER: 185
    HPWL=2611.895020
    OVFL=0.638781
    HPWL=(1394.625610, 1217.269409)
    POTN=3.763943E+04
    PHIC=1.492144E-05
    GRAD=4.438520E-02
    NuBT=1
    CPU =0.000036

ITER: 186
    HPWL=2611.615723
    OVFL=0.638124
    HPWL=(1395.563110, 1216.052612)
    POTN=3.745230E+04
    PHIC=1.566751E-05
    GRAD=4.442551E-02
    NuBT=1
    CPU =0.000037

ITER: 187
    HPWL=2615.802734
    OVFL=0.637621
    HPWL=(1396.313843, 1219.488892)
    POTN=3.712585E+04
    PHIC=1.645087E-05
    GRAD=4.458101E-02
    NuBT=1
    CPU =0.000036

ITER: 188
    HPWL=2614.553223
    OVFL=0.637315
    HPWL=(1396.838135, 1217.714966)
    POTN=3.682067E+04
    PHIC=1.727342E-05
    GRAD=4.469646E-02
    NuBT=1
    CPU =0.000037

ITER: 189
    HPWL=2616.770752
    OVFL=0.636974
    HPWL=(1396.436035, 1220.334717)
    POTN=3.655769E+04
    PHIC=1.813708E-05
    GRAD=4.476520E-02
    NuBT=1
    CPU =0.000036

ITER: 190
    HPWL=2614.714355
    OVFL=0.636588
    HPWL=(1396.571777, 1218.142578)
    POTN=3.635291E+04
    PHIC=1.904394E-05
    GRAD=4.484223E-02
    NuBT=1
    CPU =0.000037

ITER: 191
    HPWL=2616.909180
    OVFL=0.636361
    HPWL=(1396.047974, 1220.861084)
    POTN=3.613002E+04
    PHIC=1.999612E-05
    GRAD=4.493480E-02
    NuBT=1
    CPU =0.000037

ITER: 192
    HPWL=2614.771484
    OVFL=0.636211
    HPWL=(1396.151367, 1218.620117)
    POTN=3.605825E+04
    PHIC=2.099593E-05
    GRAD=4.498026E-02
    NuBT=1
    CPU =0.000036

ITER: 193
    HPWL=2617.612305
    OVFL=0.636142
    HPWL=(1395.864746, 1221.747559)
    POTN=3.590099E+04
    PHIC=2.204572E-05
    GRAD=4.501672E-02
    NuBT=1
    CPU =0.000037

ITER: 194
    HPWL=2609.100098
    OVFL=0.636315
    HPWL=(1393.439209, 1215.660889)
    POTN=3.595023E+04
    PHIC=2.314800E-05
    GRAD=4.499841E-02
    NuBT=2
    CPU =0.000062

ITER: 195
    HPWL=2608.693848
    OVFL=0.635829
    HPWL=(1392.034302, 1216.659668)
    POTN=3.590618E+04
    PHIC=2.430540E-05
    GRAD=4.494960E-02
    NuBT=1
    CPU =0.000036

ITER: 196
    HPWL=2604.883301
    OVFL=0.635711
    HPWL=(1391.165894, 1213.717529)
    POTN=3.596067E+04
    PHIC=2.552067E-05
    GRAD=4.504635E-02
    NuBT=1
    CPU =0.000051

ITER: 197
    HPWL=2606.982422
    OVFL=0.634926
    HPWL=(1390.927002, 1216.055542)
    POTN=3.591188E+04
    PHIC=2.679669E-05
    GRAD=4.508001E-02
    NuBT=1
    CPU =0.000038

ITER: 198
    HPWL=2605.661621
    OVFL=0.634722
    HPWL=(1391.235718, 1214.426025)
    POTN=3.594638E+04
    PHIC=2.813652E-05
    GRAD=4.525387E-02
    NuBT=1
    CPU =0.000037

ITER: 199
    HPWL=2607.892578
    OVFL=0.635080
    HPWL=(1390.920166, 1216.972290)
    POTN=3.587939E+04
    PHIC=2.954334E-05
    GRAD=4.529680E-02
    NuBT=1
    CPU =0.000038

ITER: 200
    HPWL=2604.733887
    OVFL=0.635393
    HPWL=(1390.461792, 1214.272095)
    POTN=3.587757E+04
    PHIC=3.102050E-05
    GRAD=4.519843E-02
    NuBT=1
    CPU =0.000037

ITER: 201
    HPWL=2606.004639
    OVFL=0.635534
    HPWL=(1389.774902, 1216.229736)
    POTN=3.578975E+04
    PHIC=3.257152E-05
    GRAD=4.511242E-02
    NuBT=1
    CPU =0.000037

ITER: 202
    HPWL=2604.307617
    OVFL=0.635493
    HPWL=(1389.889038, 1214.418457)
    POTN=3.573832E+04
    PHIC=3.420009E-05
    GRAD=4.507628E-02
    NuBT=1
    CPU =0.000036

ITER: 203
    HPWL=2606.672607
    OVFL=0.635429
    HPWL=(1389.528442, 1217.144165)
    POTN=3.556784E+04
    PHIC=3.591008E-05
    GRAD=4.507971E-02
    NuBT=1
    CPU =0.000037

ITER: 204
    HPWL=2605.341797
    OVFL=0.635139
    HPWL=(1389.761108, 1215.580688)
    POTN=3.542969E+04
    PHIC=3.770559E-05
    GRAD=4.508761E-02
    NuBT=1
    CPU =0.000040

ITER: 205
    HPWL=2606.639404
    OVFL=0.634854
    HPWL=(1388.928711, 1217.710693)
    POTN=3.516352E+04
    PHIC=3.959086E-05
    GRAD=4.514337E-02
    NuBT=1
    CPU =0.000037

ITER: 206
    HPWL=2605.188477
    OVFL=0.634286
    HPWL=(1389.219971, 1215.968506)
    POTN=3.490182E+04
    PHIC=4.157040E-05
    GRAD=4.519840E-02
    NuBT=1
    CPU =0.000037

ITER: 207
    HPWL=2606.621582
    OVFL=0.633606
    HPWL=(1388.394775, 1218.226807)
    POTN=3.451283E+04
    PHIC=4.364891E-05
    GRAD=4.531765E-02
    NuBT=1
    CPU =0.000036

ITER: 208
    HPWL=2606.523926
    OVFL=0.632620
    HPWL=(1389.077637, 1217.446411)
    POTN=3.413824E+04
    PHIC=4.583135E-05
    GRAD=4.546608E-02
    NuBT=1
    CPU =0.000037

ITER: 209
    HPWL=2608.250977
    OVFL=0.631622
    HPWL=(1388.404053, 1219.846924)
    POTN=3.363880E+04
    PHIC=4.812290E-05
    GRAD=4.569032E-02
    NuBT=1
    CPU =0.000037

ITER: 210
    HPWL=2607.938232
    OVFL=0.628245
    HPWL=(1388.962402, 1218.975830)
    POTN=3.300323E+04
    PHIC=5.052905E-05
    GRAD=4.590799E-02
    NuBT=1
    CPU =0.000036

ITER: 211
    HPWL=2609.875244
    OVFL=0.618363
    HPWL=(1388.364380, 1221.510864)
    POTN=3.188757E+04
    PHIC=5.305549E-05
    GRAD=4.669946E-02
    NuBT=1
    CPU =0.000037

ITER: 212
    HPWL=2606.108154
    OVFL=0.605674
    HPWL=(1388.208008, 1217.900146)
    POTN=3.070735E+04
    PHIC=5.570826E-05
    GRAD=4.905830E-02
    NuBT=2
    CPU =0.000062

ITER: 213
    HPWL=2605.551514
    OVFL=0.593475
    HPWL=(1387.625000, 1217.926514)
    POTN=2.941976E+04
    PHIC=5.849367E-05
    GRAD=5.229375E-02
    NuBT=2
    CPU =0.000062

ITER: 214
    HPWL=2603.830078
    OVFL=0.593334
    HPWL=(1387.836670, 1215.993408)
    POTN=2.820796E+04
    PHIC=6.141835E-05
    GRAD=5.560144E-02
    NuBT=1
    CPU =0.000036

ITER: 215
    HPWL=2605.291504
    OVFL=0.595105
    HPWL=(1387.521240, 1217.770264)
    POTN=2.711720E+04
    PHIC=6.448925E-05
    GRAD=5.563026E-02
    NuBT=1
    CPU =0.000037

ITER: 216
    HPWL=2605.648926
    OVFL=0.595303
    HPWL=(1388.062012, 1217.586792)
    POTN=2.622491E+04
    PHIC=6.771371E-05
    GRAD=5.511671E-02
    NuBT=2
    CPU =0.000062

ITER: 217
    HPWL=2607.621582
    OVFL=0.592899
    HPWL=(1387.806396, 1219.815186)
    POTN=2.533619E+04
    PHIC=7.109937E-05
    GRAD=5.506356E-02
    NuBT=2
    CPU =0.000063

ITER: 218
    HPWL=2606.783691
    OVFL=0.587943
    HPWL=(1388.216553, 1218.567139)
    POTN=2.448318E+04
    PHIC=7.465434E-05
    GRAD=5.571735E-02
    NuBT=2
    CPU =0.000062

ITER: 219
    HPWL=2606.993164
    OVFL=0.584530
    HPWL=(1387.963623, 1219.029419)
    POTN=2.360867E+04
    PHIC=7.838705E-05
    GRAD=5.713064E-02
    NuBT=2
    CPU =0.000075

ITER: 220
    HPWL=2605.937012
    OVFL=0.580075
    HPWL=(1388.148804, 1217.788086)
    POTN=2.291434E+04
    PHIC=8.230640E-05
    GRAD=5.810383E-02
    NuBT=2
    CPU =0.000064

ITER: 221
    HPWL=2606.864258
    OVFL=0.576982
    HPWL=(1388.030151, 1218.834229)
    POTN=2.235254E+04
    PHIC=8.642170E-05
    GRAD=5.941420E-02
    NuBT=2
    CPU =0.000064

ITER: 222
    HPWL=2605.631348
    OVFL=0.574733
    HPWL=(1387.949463, 1217.681885)
    POTN=2.200890E+04
    PHIC=9.074278E-05
    GRAD=6.033060E-02
    NuBT=1
    CPU =0.000037

ITER: 223
    HPWL=2613.133789
    OVFL=0.571152
    HPWL=(1388.175171, 1224.958740)
    POTN=2.146988E+04
    PHIC=9.527982E-05
    GRAD=6.101630E-02
    NuBT=1
    CPU =0.000036

ITER: 224
    HPWL=2616.143799
    OVFL=0.568603
    HPWL=(1388.142822, 1228.000977)
    POTN=2.100640E+04
    PHIC=1.000438E-04
    GRAD=6.210242E-02
    NuBT=1
    CPU =0.000037

ITER: 225
    HPWL=2621.039551
    OVFL=0.567060
    HPWL=(1388.221924, 1232.817505)
    POTN=2.042765E+04
    PHIC=1.050459E-04
    GRAD=6.287726E-02
    NuBT=1
    CPU =0.000037

ITER: 226
    HPWL=2628.006348
    OVFL=0.566570
    HPWL=(1388.345215, 1239.661133)
    POTN=1.994067E+04
    PHIC=1.102981E-04
    GRAD=6.333117E-02
    NuBT=1
    CPU =0.000037

ITER: 227
    HPWL=2636.822754
    OVFL=0.566219
    HPWL=(1388.377319, 1248.445312)
    POTN=1.925750E+04
    PHIC=1.158128E-04
    GRAD=6.342989E-02
    NuBT=1
    CPU =0.000037

ITER: 228
    HPWL=2645.830078
    OVFL=0.557893
    HPWL=(1388.708496, 1257.121582)
    POTN=1.831217E+04
    PHIC=1.216033E-04
    GRAD=6.351863E-02
    NuBT=1
    CPU =0.000036

ITER: 229
    HPWL=2650.204102
    OVFL=0.545169
    HPWL=(1388.418213, 1261.786011)
    POTN=1.718226E+04
    PHIC=1.276834E-04
    GRAD=6.612391E-02
    NuBT=2
    CPU =0.000063

ITER: 230
    HPWL=2652.405518
    OVFL=0.536023
    HPWL=(1388.090576, 1264.314941)
    POTN=1.616999E+04
    PHIC=1.340675E-04
    GRAD=7.038193E-02
    NuBT=2
    CPU =0.000062

ITER: 231
    HPWL=2655.981934
    OVFL=0.533452
    HPWL=(1388.304077, 1267.677734)
    POTN=1.537249E+04
    PHIC=1.407708E-04
    GRAD=7.362580E-02
    NuBT=1
    CPU =0.000037

ITER: 232
    HPWL=2665.534180
    OVFL=0.533141
    HPWL=(1387.921509, 1277.612671)
    POTN=1.482964E+04
    PHIC=1.478091E-04
    GRAD=7.456930E-02
    NuBT=1
    CPU =0.000037

ITER: 233
    HPWL=2669.812256
    OVFL=0.532898
    HPWL=(1388.955078, 1280.857178)
    POTN=1.430166E+04
    PHIC=1.551995E-04
    GRAD=7.463837E-02
    NuBT=2
    CPU =0.000066

ITER: 234
    HPWL=2671.334229
    OVFL=0.532613
    HPWL=(1389.895508, 1281.438721)
    POTN=1.388374E+04
    PHIC=1.629594E-04
    GRAD=7.467909E-02
    NuBT=1
    CPU =0.000038

ITER: 235
    HPWL=2673.232422
    OVFL=0.528966
    HPWL=(1391.385864, 1281.846436)
    POTN=1.339231E+04
    PHIC=1.711074E-04
    GRAD=7.477505E-02
    NuBT=1
    CPU =0.000037

ITER: 236
    HPWL=2674.700684
    OVFL=0.512798
    HPWL=(1392.661011, 1282.039673)
    POTN=1.261877E+04
    PHIC=1.796627E-04
    GRAD=7.605482E-02
    NuBT=2
    CPU =0.000063

ITER: 237
    HPWL=2668.423584
    OVFL=0.496489
    HPWL=(1392.384766, 1276.038818)
    POTN=1.186574E+04
    PHIC=1.886458E-04
    GRAD=8.227172E-02
    NuBT=2
    CPU =0.000061

ITER: 238
    HPWL=2676.698730
    OVFL=0.486307
    HPWL=(1393.702515, 1282.996338)
    POTN=1.121487E+04
    PHIC=1.980779E-04
    GRAD=8.913803E-02
    NuBT=2
    CPU =0.000066

ITER: 239
    HPWL=2689.916016
    OVFL=0.485029
    HPWL=(1393.718384, 1296.197510)
    POTN=1.058714E+04
    PHIC=2.079814E-04
    GRAD=9.368330E-02
    NuBT=1
    CPU =0.000053

ITER: 240
    HPWL=2714.931641
    OVFL=0.486557
    HPWL=(1396.508911, 1318.422607)
    POTN=1.004461E+04
    PHIC=2.183797E-04
    GRAD=9.431750E-02
    NuBT=1
    CPU =0.000059

ITER: 241
    HPWL=2721.970703
    OVFL=0.468260
    HPWL=(1397.697021, 1324.273682)
    POTN=9.224050E+03
    PHIC=2.292984E-04
    GRAD=9.349587E-02
    NuBT=2
    CPU =0.000101

ITER: 242
    HPWL=2729.392578
    OVFL=0.447569
    HPWL=(1398.852295, 1330.540405)
    POTN=8.561946E+03
    PHIC=2.407631E-04
    GRAD=1.021639E-01
    NuBT=2
    CPU =0.000099

ITER: 243
    HPWL=2734.325195
    OVFL=0.446105
    HPWL=(1398.918091, 1335.406982)
    POTN=8.294399E+03
    PHIC=2.528010E-04
    GRAD=1.129728E-01
    NuBT=2
    CPU =0.000098

ITER: 244
    HPWL=2740.248535
    OVFL=0.448993
    HPWL=(1398.176880, 1342.071777)
    POTN=8.309162E+03
    PHIC=2.654408E-04
    GRAD=1.136197E-01
    NuBT=1
    CPU =0.000060

ITER: 245
    HPWL=2734.166992
    OVFL=0.452766
    HPWL=(1396.008301, 1338.158691)
    POTN=9.389393E+03
    PHIC=2.787129E-04
    GRAD=1.118831E-01
    NuBT=2
    CPU =0.000103

ITER: 246
    HPWL=2726.988281
    OVFL=0.451846
    HPWL=(1389.531860, 1337.456421)
    POTN=9.917407E+03
    PHIC=2.926485E-04
    GRAD=1.096391E-01
    NuBT=2
    CPU =0.000100

ITER: 247
    HPWL=2730.177246
    OVFL=0.457235
    HPWL=(1391.296631, 1338.880493)
    POTN=1.028178E+04
    PHIC=3.072808E-04
    GRAD=1.100246E-01
    NuBT=2
    CPU =0.000094

ITER: 248
    HPWL=2717.422607
    OVFL=0.470043
    HPWL=(1391.229126, 1326.193481)
    POTN=1.061006E+04
    PHIC=3.226448E-04
    GRAD=1.069030E-01
    NuBT=2
    CPU =0.000100

ITER: 249
    HPWL=2723.009521
    OVFL=0.476931
    HPWL=(1395.703857, 1327.305664)
    POTN=1.047401E+04
    PHIC=3.387768E-04
    GRAD=1.001509E-01
    NuBT=2
    CPU =0.000099

ITER: 250
    HPWL=2722.467285
    OVFL=0.475317
    HPWL=(1398.465820, 1324.001465)
    POTN=9.932468E+03
    PHIC=3.557156E-04
    GRAD=9.665130E-02
    NuBT=1
    CPU =0.000058

ITER: 251
    HPWL=2740.545898
    OVFL=0.461369
    HPWL=(1404.405151, 1336.140625)
    POTN=8.952822E+03
    PHIC=3.735004E-04
    GRAD=9.726828E-02
    NuBT=1
    CPU =0.000077

ITER: 252
    HPWL=2733.384766
    OVFL=0.448579
    HPWL=(1403.920776, 1329.463867)
    POTN=8.144315E+03
    PHIC=3.921754E-04
    GRAD=1.036970E-01
    NuBT=2
    CPU =0.000092

ITER: 253
    HPWL=2738.928467
    OVFL=0.439318
    HPWL=(1405.884155, 1333.044312)
    POTN=7.468052E+03
    PHIC=4.117838E-04
    GRAD=1.100516E-01
    NuBT=1
    CPU =0.000067

ITER: 254
    HPWL=2743.167480
    OVFL=0.435931
    HPWL=(1408.925537, 1334.241821)
    POTN=7.089263E+03
    PHIC=4.323727E-04
    GRAD=1.150476E-01
    NuBT=1
    CPU =0.000065

ITER: 255
    HPWL=2747.017090
    OVFL=0.431384
    HPWL=(1410.131592, 1336.885498)
    POTN=6.789046E+03
    PHIC=4.539911E-04
    GRAD=1.166791E-01
    NuBT=2
    CPU =0.000093

ITER: 256
    HPWL=2741.806641
    OVFL=0.429095
    HPWL=(1409.873901, 1331.932617)
    POTN=6.676673E+03
    PHIC=4.766906E-04
    GRAD=1.189823E-01
    NuBT=2
    CPU =0.000093

ITER: 257
    HPWL=2747.725586
    OVFL=0.425076
    HPWL=(1410.822876, 1336.902710)
    POTN=6.601211E+03
    PHIC=5.005247E-04
    GRAD=1.198853E-01
    NuBT=2
    CPU =0.000096

ITER: 258
    HPWL=2741.512207
    OVFL=0.421113
    HPWL=(1406.095459, 1335.416870)
    POTN=6.642641E+03
    PHIC=5.255509E-04
    GRAD=1.218712E-01
    NuBT=2
    CPU =0.000093

ITER: 259
    HPWL=2737.853516
    OVFL=0.418511
    HPWL=(1404.084717, 1333.768677)
    POTN=6.699169E+03
    PHIC=5.518284E-04
    GRAD=1.237348E-01
    NuBT=2
    CPU =0.000093

ITER: 260
    HPWL=2732.104492
    OVFL=0.415761
    HPWL=(1399.351685, 1332.752686)
    POTN=6.766227E+03
    PHIC=5.794198E-04
    GRAD=1.248774E-01
    NuBT=1
    CPU =0.000065

ITER: 261
    HPWL=2734.581055
    OVFL=0.412096
    HPWL=(1398.164307, 1336.416626)
    POTN=6.816411E+03
    PHIC=6.083906E-04
    GRAD=1.262263E-01
    NuBT=2
    CPU =0.000097

ITER: 262
    HPWL=2730.048828
    OVFL=0.409446
    HPWL=(1395.562012, 1334.486694)
    POTN=6.783428E+03
    PHIC=6.388101E-04
    GRAD=1.279850E-01
    NuBT=2
    CPU =0.000107

ITER: 263
    HPWL=2733.851074
    OVFL=0.406407
    HPWL=(1394.946899, 1338.904297)
    POTN=6.697667E+03
    PHIC=6.707502E-04
    GRAD=1.293615E-01
    NuBT=1
    CPU =0.000067

ITER: 264
    HPWL=2739.111328
    OVFL=0.404467
    HPWL=(1395.472900, 1343.638428)
    POTN=6.509747E+03
    PHIC=7.042871E-04
    GRAD=1.306517E-01
    NuBT=1
    CPU =0.000065

ITER: 265
    HPWL=2744.361328
    OVFL=0.402620
    HPWL=(1396.090698, 1348.270752)
    POTN=6.291717E+03
    PHIC=7.395009E-04
    GRAD=1.314564E-01
    NuBT=1
    CPU =0.000066

ITER: 266
    HPWL=2750.105469
    OVFL=0.400202
    HPWL=(1397.095337, 1353.010132)
    POTN=5.938896E+03
    PHIC=7.764752E-04
    GRAD=1.318992E-01
    NuBT=1
    CPU =0.000067

ITER: 267
    HPWL=2766.052246
    OVFL=0.397426
    HPWL=(1398.437256, 1367.615112)
    POTN=5.535241E+03
    PHIC=8.152971E-04
    GRAD=1.328328E-01
    NuBT=1
    CPU =0.000066

ITER: 268
    HPWL=2773.594727
    OVFL=0.394705
    HPWL=(1399.226318, 1374.368286)
    POTN=5.142956E+03
    PHIC=8.560611E-04
    GRAD=1.339110E-01
    NuBT=2
    CPU =0.000097

ITER: 269
    HPWL=2785.938477
    OVFL=0.385854
    HPWL=(1402.337891, 1383.600464)
    POTN=4.685419E+03
    PHIC=8.988625E-04
    GRAD=1.349808E-01
    NuBT=1
    CPU =0.000066

ITER: 270
    HPWL=2790.563232
    OVFL=0.380789
    HPWL=(1404.802368, 1385.760864)
    POTN=4.342669E+03
    PHIC=9.438050E-04
    GRAD=1.398400E-01
    NuBT=2
    CPU =0.000095

ITER: 271
    HPWL=2797.956055
    OVFL=0.377148
    HPWL=(1407.662476, 1390.293457)
    POTN=4.108809E+03
    PHIC=9.909942E-04
    GRAD=1.427603E-01
    NuBT=1
    CPU =0.000065

ITER: 272
    HPWL=2800.735352
    OVFL=0.377306
    HPWL=(1413.212280, 1387.523071)
    POTN=3.991723E+03
    PHIC=1.040543E-03
    GRAD=1.445535E-01
    NuBT=1
    CPU =0.000070

ITER: 273
    HPWL=2799.696777
    OVFL=0.375643
    HPWL=(1409.987427, 1389.709229)
    POTN=3.959528E+03
    PHIC=1.092571E-03
    GRAD=1.435622E-01
    NuBT=2
    CPU =0.000094

ITER: 274
    HPWL=2798.909180
    OVFL=0.374142
    HPWL=(1410.822144, 1388.087036)
    POTN=3.958270E+03
    PHIC=1.147199E-03
    GRAD=1.440633E-01
    NuBT=1
    CPU =0.000065

ITER: 275
    HPWL=2800.150146
    OVFL=0.367546
    HPWL=(1410.694336, 1389.455811)
    POTN=3.805932E+03
    PHIC=1.204559E-03
    GRAD=1.438338E-01
    NuBT=2
    CPU =0.000104

ITER: 276
    HPWL=2797.189453
    OVFL=0.361832
    HPWL=(1409.851807, 1387.337646)
    POTN=3.635119E+03
    PHIC=1.264787E-03
    GRAD=1.474901E-01
    NuBT=1
    CPU =0.000067

ITER: 277
    HPWL=2798.855957
    OVFL=0.352119
    HPWL=(1406.841919, 1392.013916)
    POTN=3.449612E+03
    PHIC=1.328026E-03
    GRAD=1.502053E-01
    NuBT=1
    CPU =0.000065

ITER: 278
    HPWL=2794.319824
    OVFL=0.346568
    HPWL=(1405.865234, 1388.454590)
    POTN=3.338046E+03
    PHIC=1.394427E-03
    GRAD=1.556712E-01
    NuBT=2
    CPU =0.000092

ITER: 279
    HPWL=2787.139648
    OVFL=0.342883
    HPWL=(1404.603149, 1382.536621)
    POTN=3.279640E+03
    PHIC=1.464148E-03
    GRAD=1.584068E-01
    NuBT=2
    CPU =0.000093

ITER: 280
    HPWL=2784.577637
    OVFL=0.341346
    HPWL=(1404.964355, 1379.613403)
    POTN=3.213932E+03
    PHIC=1.537355E-03
    GRAD=1.597933E-01
    NuBT=1
    CPU =0.000065

ITER: 281
    HPWL=2792.305664
    OVFL=0.338664
    HPWL=(1404.990601, 1387.315063)
    POTN=3.125717E+03
    PHIC=1.614221E-03
    GRAD=1.597711E-01
    NuBT=1
    CPU =0.000065

ITER: 282
    HPWL=2792.222412
    OVFL=0.337059
    HPWL=(1405.563110, 1386.659302)
    POTN=3.029910E+03
    PHIC=1.694932E-03
    GRAD=1.603598E-01
    NuBT=2
    CPU =0.000124

ITER: 283
    HPWL=2792.486084
    OVFL=0.331832
    HPWL=(1404.666016, 1387.820068)
    POTN=2.961217E+03
    PHIC=1.779679E-03
    GRAD=1.605096E-01
    NuBT=2
    CPU =0.000097

ITER: 284
    HPWL=2794.372559
    OVFL=0.327511
    HPWL=(1407.377197, 1386.995483)
    POTN=2.868198E+03
    PHIC=1.868662E-03
    GRAD=1.625694E-01
    NuBT=1
    CPU =0.000065

ITER: 285
    HPWL=2798.413086
    OVFL=0.324531
    HPWL=(1408.299194, 1390.114014)
    POTN=2.777107E+03
    PHIC=1.962094E-03
    GRAD=1.643097E-01
    NuBT=1
    CPU =0.000066

ITER: 286
    HPWL=2799.703857
    OVFL=0.322063
    HPWL=(1410.877563, 1388.826294)
    POTN=2.718807E+03
    PHIC=2.060198E-03
    GRAD=1.643182E-01
    NuBT=1
    CPU =0.000066

ITER: 287
    HPWL=2803.495850
    OVFL=0.319524
    HPWL=(1410.752808, 1392.743042)
    POTN=2.658946E+03
    PHIC=2.163207E-03
    GRAD=1.645100E-01
    NuBT=1
    CPU =0.000066

ITER: 288
    HPWL=2801.750488
    OVFL=0.317383
    HPWL=(1412.207397, 1389.543213)
    POTN=2.597098E+03
    PHIC=2.271367E-03
    GRAD=1.647183E-01
    NuBT=1
    CPU =0.000078

ITER: 289
    HPWL=2802.359375
    OVFL=0.313711
    HPWL=(1414.549438, 1387.809937)
    POTN=2.471570E+03
    PHIC=2.384935E-03
    GRAD=1.648340E-01
    NuBT=2
    CPU =0.000093

ITER: 290
    HPWL=2798.393066
    OVFL=0.307138
    HPWL=(1415.660645, 1382.732422)
    POTN=2.334929E+03
    PHIC=2.504182E-03
    GRAD=1.655290E-01
    NuBT=1
    CPU =0.000066

ITER: 291
    HPWL=2805.503174
    OVFL=0.300637
    HPWL=(1419.899536, 1385.603638)
    POTN=2.227800E+03
    PHIC=2.629388E-03
    GRAD=1.682427E-01
    NuBT=1
    CPU =0.000067

ITER: 292
    HPWL=2808.904297
    OVFL=0.297760
    HPWL=(1421.646362, 1387.257812)
    POTN=2.168389E+03
    PHIC=2.760856E-03
    GRAD=1.706340E-01
    NuBT=2
    CPU =0.000095

ITER: 293
    HPWL=2810.139160
    OVFL=0.296121
    HPWL=(1423.158936, 1386.980347)
    POTN=2.100847E+03
    PHIC=2.898898E-03
    GRAD=1.707857E-01
    NuBT=2
    CPU =0.000093

ITER: 294
    HPWL=2806.418457
    OVFL=0.295198
    HPWL=(1420.727539, 1385.690918)
    POTN=2.069357E+03
    PHIC=3.043843E-03
    GRAD=1.694564E-01
    NuBT=1
    CPU =0.000065

ITER: 295
    HPWL=2813.979492
    OVFL=0.294529
    HPWL=(1428.765747, 1385.213623)
    POTN=2.000403E+03
    PHIC=3.196032E-03
    GRAD=1.684938E-01
    NuBT=1
    CPU =0.000086

ITER: 296
    HPWL=2818.922607
    OVFL=0.292698
    HPWL=(1429.841553, 1389.081055)
    POTN=1.937626E+03
    PHIC=3.355831E-03
    GRAD=1.659014E-01
    NuBT=1
    CPU =0.000068

ITER: 297
    HPWL=2827.437012
    OVFL=0.290621
    HPWL=(1438.761963, 1388.675171)
    POTN=1.849498E+03
    PHIC=3.523618E-03
    GRAD=1.654813E-01
    NuBT=3
    CPU =0.000121

ITER: 298
    HPWL=2825.632080
    OVFL=0.286507
    HPWL=(1435.327148, 1390.304932)
    POTN=1.769304E+03
    PHIC=3.699799E-03
    GRAD=1.637102E-01
    NuBT=1
    CPU =0.000065

ITER: 299
    HPWL=2824.040527
    OVFL=0.283848
    HPWL=(1432.945435, 1391.095215)
    POTN=1.686300E+03
    PHIC=3.884788E-03
    GRAD=1.642914E-01
    NuBT=1
    CPU =0.000066

ITER: 300
    HPWL=2821.965820
    OVFL=0.280554
    HPWL=(1433.772217, 1388.193726)
    POTN=1.625926E+03
    PHIC=4.079028E-03
    GRAD=1.635266E-01
    NuBT=2
    CPU =0.000106

ITER: 301
    HPWL=2820.898926
    OVFL=0.277707
    HPWL=(1427.835815, 1393.063110)
    POTN=1.577458E+03
    PHIC=4.282979E-03
    GRAD=1.630014E-01
    NuBT=1
    CPU =0.000065

ITER: 302
    HPWL=2815.721680
    OVFL=0.274428
    HPWL=(1425.086914, 1390.634888)
    POTN=1.531653E+03
    PHIC=4.497128E-03
    GRAD=1.616538E-01
    NuBT=1
    CPU =0.000067

ITER: 303
    HPWL=2830.598389
    OVFL=0.270904
    HPWL=(1428.625366, 1401.973022)
    POTN=1.484698E+03
    PHIC=4.721974E-03
    GRAD=1.608403E-01
    NuBT=2
    CPU =0.000096

ITER: 304
    HPWL=2844.369141
    OVFL=0.258912
    HPWL=(1428.122925, 1416.246216)
    POTN=1.341827E+03
    PHIC=4.958063E-03
    GRAD=1.589491E-01
    NuBT=2
    CPU =0.000093

ITER: 305
    HPWL=2850.438965
    OVFL=0.251630
    HPWL=(1431.033447, 1419.405640)
    POTN=1.208442E+03
    PHIC=5.205961E-03
    GRAD=1.644814E-01
    NuBT=2
    CPU =0.000093

ITER: 306
    HPWL=2853.085938
    OVFL=0.249957
    HPWL=(1430.495850, 1422.589966)
    POTN=1.094250E+03
    PHIC=5.466257E-03
    GRAD=1.646757E-01
    NuBT=1
    CPU =0.000065

ITER: 307
    HPWL=2873.751465
    OVFL=0.244096
    HPWL=(1437.753662, 1435.997681)
    POTN=9.758168E+02
    PHIC=5.739552E-03
    GRAD=1.634845E-01
    NuBT=2
    CPU =0.000098

ITER: 308
    HPWL=2869.590332
    OVFL=0.233432
    HPWL=(1436.380249, 1433.209961)
    POTN=9.084885E+02
    PHIC=6.026530E-03
    GRAD=1.630138E-01
    NuBT=1
    CPU =0.000066

ITER: 309
    HPWL=2868.215820
    OVFL=0.225560
    HPWL=(1437.099854, 1431.116089)
    POTN=8.629974E+02
    PHIC=6.327856E-03
    GRAD=1.670695E-01
    NuBT=2
    CPU =0.000093

ITER: 310
    HPWL=2868.917480
    OVFL=0.228185
    HPWL=(1433.639771, 1435.277832)
    POTN=8.796372E+02
    PHIC=6.644248E-03
    GRAD=1.672484E-01
    NuBT=1
    CPU =0.000065

ITER: 311
    HPWL=2872.245117
    OVFL=0.228117
    HPWL=(1439.951782, 1432.293213)
    POTN=8.490066E+02
    PHIC=6.976456E-03
    GRAD=1.628538E-01
    NuBT=2
    CPU =0.000096

ITER: 312
    HPWL=2873.882812
    OVFL=0.229875
    HPWL=(1435.511108, 1438.371704)
    POTN=8.150349E+02
    PHIC=7.325277E-03
    GRAD=1.588399E-01
    NuBT=1
    CPU =0.000066

ITER: 313
    HPWL=2883.369141
    OVFL=0.225266
    HPWL=(1440.837524, 1442.531738)
    POTN=7.337366E+02
    PHIC=7.691530E-03
    GRAD=1.543026E-01
    NuBT=1
    CPU =0.000082

ITER: 314
    HPWL=2881.102539
    OVFL=0.220350
    HPWL=(1432.686401, 1448.416138)
    POTN=6.953470E+02
    PHIC=8.076106E-03
    GRAD=1.520300E-01
    NuBT=2
    CPU =0.000096

ITER: 315
    HPWL=2887.323242
    OVFL=0.213683
    HPWL=(1433.299438, 1454.023926)
    POTN=6.609455E+02
    PHIC=8.479903E-03
    GRAD=1.506598E-01
    NuBT=1
    CPU =0.000065

ITER: 316
    HPWL=2882.894775
    OVFL=0.212403
    HPWL=(1427.869141, 1455.025635)
    POTN=6.526805E+02
    PHIC=8.903898E-03
    GRAD=1.502695E-01
    NuBT=1
    CPU =0.000066

ITER: 317
    HPWL=2892.656982
    OVFL=0.208757
    HPWL=(1430.841431, 1461.815552)
    POTN=6.084575E+02
    PHIC=9.349080E-03
    GRAD=1.466840E-01
    NuBT=1
    CPU =0.000068

ITER: 318
    HPWL=2891.059814
    OVFL=0.206705
    HPWL=(1426.442261, 1464.617554)
    POTN=5.902980E+02
    PHIC=9.816533E-03
    GRAD=1.440451E-01
    NuBT=2
    CPU =0.000096

ITER: 319
    HPWL=2881.076172
    OVFL=0.203644
    HPWL=(1421.020386, 1460.055908)
    POTN=5.608995E+02
    PHIC=1.030736E-02
    GRAD=1.411299E-01
    NuBT=1
    CPU =0.000065

ITER: 320
    HPWL=2891.549316
    OVFL=0.200770
    HPWL=(1427.153931, 1464.395508)
    POTN=5.512584E+02
    PHIC=1.082271E-02
    GRAD=1.382710E-01
    NuBT=1
    CPU =0.000066

ITER: 321
    HPWL=2885.013672
    OVFL=0.197313
    HPWL=(1425.505249, 1459.508423)
    POTN=5.421399E+02
    PHIC=1.136385E-02
    GRAD=1.365659E-01
    NuBT=1
    CPU =0.000065

ITER: 322
    HPWL=2890.947021
    OVFL=0.193479
    HPWL=(1425.458740, 1465.488281)
    POTN=5.408373E+02
    PHIC=1.193203E-02
    GRAD=1.337889E-01
    NuBT=2
    CPU =0.000095

ITER: 323
    HPWL=2897.780762
    OVFL=0.191647
    HPWL=(1429.093018, 1468.687622)
    POTN=5.281230E+02
    PHIC=1.252862E-02
    GRAD=1.321672E-01
    NuBT=1
    CPU =0.000066

ITER: 324
    HPWL=2902.645508
    OVFL=0.191835
    HPWL=(1431.652466, 1470.992920)
    POTN=5.080544E+02
    PHIC=1.315504E-02
    GRAD=1.284086E-01
    NuBT=1
    CPU =0.000066

ITER: 325
    HPWL=2901.947266
    OVFL=0.191184
    HPWL=(1431.121948, 1470.825439)
    POTN=4.821015E+02
    PHIC=1.381279E-02
    GRAD=1.261368E-01
    NuBT=2
    CPU =0.000097

ITER: 326
    HPWL=2906.136230
    OVFL=0.193089
    HPWL=(1437.957642, 1468.178467)
    POTN=4.765300E+02
    PHIC=1.450342E-02
    GRAD=1.222351E-01
    NuBT=2
    CPU =0.000106

ITER: 327
    HPWL=2903.266113
    OVFL=0.196625
    HPWL=(1432.984863, 1470.281250)
    POTN=4.724745E+02
    PHIC=1.522859E-02
    GRAD=1.191507E-01
    NuBT=1
    CPU =0.000065

ITER: 328
    HPWL=2915.708496
    OVFL=0.192655
    HPWL=(1436.310303, 1479.398071)
    POTN=4.317452E+02
    PHIC=1.598999E-02
    GRAD=1.131514E-01
    NuBT=1
    CPU =0.000068

ITER: 329
    HPWL=2924.986816
    OVFL=0.190004
    HPWL=(1434.986694, 1490.000000)
    POTN=4.165602E+02
    PHIC=1.678947E-02
    GRAD=1.120436E-01
    NuBT=1
    CPU =0.000066

ITER: 330
    HPWL=2935.415771
    OVFL=0.187782
    HPWL=(1434.630859, 1500.784912)
    POTN=3.961059E+02
    PHIC=1.762891E-02
    GRAD=1.086870E-01
    NuBT=2
    CPU =0.000096

ITER: 331
    HPWL=2936.310547
    OVFL=0.187921
    HPWL=(1434.622070, 1501.688477)
    POTN=3.887894E+02
    PHIC=1.851036E-02
    GRAD=1.061115E-01
    NuBT=2
    CPU =0.000093

ITER: 332
    HPWL=2937.733643
    OVFL=0.186919
    HPWL=(1430.509521, 1507.224121)
    POTN=3.828566E+02
    PHIC=1.943587E-02
    GRAD=1.023129E-01
    NuBT=1
    CPU =0.000066

ITER: 333
    HPWL=2942.977539
    OVFL=0.182134
    HPWL=(1432.105713, 1510.871948)
    POTN=3.690676E+02
    PHIC=2.040765E-02
    GRAD=1.000309E-01
    NuBT=1
    CPU =0.000067

ITER: 334
    HPWL=2938.037109
    OVFL=0.178966
    HPWL=(1434.024414, 1504.012817)
    POTN=3.470639E+02
    PHIC=2.142803E-02
    GRAD=9.797752E-02
    NuBT=2
    CPU =0.000093

ITER: 335
    HPWL=2945.137939
    OVFL=0.177076
    HPWL=(1435.958252, 1509.179688)
    POTN=3.436244E+02
    PHIC=2.249940E-02
    GRAD=9.558330E-02
    NuBT=1
    CPU =0.000065

ITER: 336
    HPWL=2958.309570
    OVFL=0.171159
    HPWL=(1437.907104, 1520.402588)
    POTN=3.147288E+02
    PHIC=2.362433E-02
    GRAD=9.234127E-02
    NuBT=1
    CPU =0.000065

ITER: 337
    HPWL=2956.324707
    OVFL=0.168630
    HPWL=(1434.544189, 1521.780640)
    POTN=3.069485E+02
    PHIC=2.480554E-02
    GRAD=9.082712E-02
    NuBT=1
    CPU =0.000067

ITER: 338
    HPWL=2959.584473
    OVFL=0.166953
    HPWL=(1435.296021, 1524.288330)
    POTN=2.896449E+02
    PHIC=2.604581E-02
    GRAD=8.782733E-02
    NuBT=1
    CPU =0.000067

ITER: 339
    HPWL=2951.704590
    OVFL=0.166753
    HPWL=(1435.173096, 1516.531616)
    POTN=2.943542E+02
    PHIC=2.734810E-02
    GRAD=8.543639E-02
    NuBT=1
    CPU =0.000193

ITER: 340
    HPWL=2952.092041
    OVFL=0.165965
    HPWL=(1436.455322, 1515.636719)
    POTN=2.803586E+02
    PHIC=2.871550E-02
    GRAD=8.257838E-02
    NuBT=1
    CPU =0.000073

ITER: 341
    HPWL=2968.336914
    OVFL=0.162886
    HPWL=(1436.190430, 1532.146484)
    POTN=2.605756E+02
    PHIC=3.015121E-02
    GRAD=7.944651E-02
    NuBT=1
    CPU =0.000073

ITER: 342
    HPWL=2986.039062
    OVFL=0.153386
    HPWL=(1433.008911, 1553.030273)
    POTN=2.350998E+02
    PHIC=3.165869E-02
    GRAD=7.734862E-02
    NuBT=1
    CPU =0.000066

ITER: 343
    HPWL=2997.445801
    OVFL=0.147364
    HPWL=(1436.140259, 1561.305664)
    POTN=2.286858E+02
    PHIC=3.324157E-02
    GRAD=7.636448E-02
    NuBT=1
    CPU =0.000067

ITER: 344
    HPWL=2995.069092
    OVFL=0.144378
    HPWL=(1443.361816, 1551.707275)
    POTN=2.080771E+02
    PHIC=3.490364E-02
    GRAD=7.371156E-02
    NuBT=2
    CPU =0.000095

ITER: 345
    HPWL=2989.434570
    OVFL=0.139473
    HPWL=(1437.850220, 1551.584229)
    POTN=2.036427E+02
    PHIC=3.664882E-02
    GRAD=7.184984E-02
    NuBT=1
    CPU =0.000065

ITER: 346
    HPWL=2991.272949
    OVFL=0.135573
    HPWL=(1440.446899, 1550.825928)
    POTN=1.875256E+02
    PHIC=3.848125E-02
    GRAD=6.881689E-02
    NuBT=1
    CPU =0.000066

ITER: 347
    HPWL=2995.494873
    OVFL=0.129346
    HPWL=(1439.222900, 1556.271973)
    POTN=1.846985E+02
    PHIC=4.040529E-02
    GRAD=6.777579E-02
    NuBT=1
    CPU =0.000067

ITER: 348
    HPWL=3005.950684
    OVFL=0.124916
    HPWL=(1448.548218, 1557.402466)
    POTN=1.683301E+02
    PHIC=4.242549E-02
    GRAD=6.585363E-02
    NuBT=2
    CPU =0.000094

ITER: 349
    HPWL=3015.250000
    OVFL=0.120784
    HPWL=(1452.061768, 1563.188232)
    POTN=1.674591E+02
    PHIC=4.454670E-02
    GRAD=6.486606E-02
    NuBT=1
    CPU =0.000066

ITER: 350
    HPWL=3022.211426
    OVFL=0.116898
    HPWL=(1455.622803, 1566.588745)
    POTN=1.551458E+02
    PHIC=4.677398E-02
    GRAD=6.224730E-02
    NuBT=1
    CPU =0.000067

ITER: 351
    HPWL=3027.397217
    OVFL=0.114179
    HPWL=(1454.510010, 1572.887207)
    POTN=1.477780E+02
    PHIC=4.911264E-02
    GRAD=6.082154E-02
    NuBT=1
    CPU =0.000081

ITER: 352
    HPWL=3029.166992
    OVFL=0.112653
    HPWL=(1454.492554, 1574.674561)
    POTN=1.409630E+02
    PHIC=5.156826E-02
    GRAD=5.846148E-02
    NuBT=2
    CPU =0.000093

ITER: 353
    HPWL=3024.590820
    OVFL=0.111927
    HPWL=(1453.990356, 1570.600342)
    POTN=1.397463E+02
    PHIC=5.414667E-02
    GRAD=5.672901E-02
    NuBT=1
    CPU =0.000065

ITER: 354
    HPWL=3027.021240
    OVFL=0.111049
    HPWL=(1451.839355, 1575.181885)
    POTN=1.326756E+02
    PHIC=5.685398E-02
    GRAD=5.459080E-02
    NuBT=1
    CPU =0.000066

ITER: 355
    HPWL=3021.533447
    OVFL=0.111104
    HPWL=(1449.298218, 1572.235229)
    POTN=1.339105E+02
    PHIC=5.969668E-02
    GRAD=5.311532E-02
    NuBT=1
    CPU =0.000066

ITER: 356
    HPWL=3022.307861
    OVFL=0.109850
    HPWL=(1448.542603, 1573.765259)
    POTN=1.294250E+02
    PHIC=6.268150E-02
    GRAD=5.100231E-02
    NuBT=1
    CPU =0.000068

ITER: 357
    HPWL=3015.812988
    OVFL=0.109829
    HPWL=(1444.451172, 1571.361694)
    POTN=1.303112E+02
    PHIC=6.581558E-02
    GRAD=4.975004E-02
    NuBT=1
    CPU =0.000066

ITER: 358
    HPWL=3023.953125
    OVFL=0.106382
    HPWL=(1448.128052, 1575.825195)
    POTN=1.234745E+02
    PHIC=6.910627E-02
    GRAD=4.747274E-02
    NuBT=1
    CPU =0.000067

ITER: 359
    HPWL=3026.098145
    OVFL=0.106815
    HPWL=(1445.553223, 1580.544800)
    POTN=1.252850E+02
    PHIC=7.256156E-02
    GRAD=4.636421E-02
    NuBT=1
    CPU =0.000067

ITER: 360
    HPWL=3042.173828
    OVFL=0.103527
    HPWL=(1453.725830, 1588.448120)
    POTN=1.166985E+02
    PHIC=7.618947E-02
    GRAD=4.421653E-02
    NuBT=2
    CPU =0.000098

ITER: 361
    HPWL=3046.900391
    OVFL=0.102558
    HPWL=(1446.678955, 1600.221436)
    POTN=1.145040E+02
    PHIC=7.999888E-02
    GRAD=4.290888E-02
    NuBT=1
    CPU =0.000066

ITER: 362
    HPWL=3051.888184
    OVFL=0.101239
    HPWL=(1456.556885, 1595.331299)
    POTN=1.099771E+02
    PHIC=8.399876E-02
    GRAD=4.116881E-02
    NuBT=1
    CPU =0.000067

ITER: 363
    HPWL=3050.699219
    OVFL=0.098746
    HPWL=(1446.122681, 1604.576416)
    POTN=1.102591E+02
    PHIC=8.819870E-02
    GRAD=3.990275E-02
    NuBT=1
    CPU =0.000064
[INFO] Nesterov: NumIters = 363
[INFO] Nesterov: ScaledHpwl = 3050.699219
[INFO] Nesterov: Overflow = 0.098746
[INFO] Nesterov: Potential = 110.259102
[INFO] Nesterov: xInstScaledHpwl = 3044.477783
[INFO] Nesterov: yInstScaledHpwl = 3050.699219
[INFO] Nesterov: HPWL = 920.108887
