
25. Printing statistics.

=== sb_0__0_ ===

   Number of wires:                206
   Number of wire bits:            238
   Number of public wires:         187
   Number of public wire bits:     219
   Number of memories:               0
   Number of memory bits:            0
   Number of processes:              0
   Number of cells:                199
     sky130_fd_sc_hd__buf_2         18
     sky130_fd_sc_hd__conb_1        18
     sky130_fd_sc_hd__dfrbp_1       36
     sky130_fd_sc_hd__ebufn_1       72
     sky130_fd_sc_hd__inv_1         54
     sky130_fd_sc_hd__inv_8          1

   Area for cell type \sky130_fd_sc_hd__inv_1 is unknown!
   Area for cell type \sky130_fd_sc_hd__ebufn_1 is unknown!
   Area for cell type \sky130_fd_sc_hd__dfrbp_1 is unknown!
   Area for cell type \sky130_fd_sc_hd__buf_2 is unknown!

   Chip area for module '\sb_0__0_': 78.825600

