
reading lef ...
add shortConstraint to layer mcon
add shortConstraint to layer via
add shortConstraint to layer via2
add shortConstraint to layer via3
add shortConstraint to layer via4

units:       1000
#layers:     11
#macros:     437
#vias:       25
#viarulegen: 25

reading def ...

design:      spm
die area:    ( 0 0 ) ( 128805 139525 )
trackPts:    12
defvias:     4
#components: 2973
#terminals:  38
#snets:      2
#nets:       420

reading guide ...

#guides:     5133
List of default vias:
  Layer mcon
    default via: L1M1_PR_MR
  Layer via
    default via: M1M2_PR
  Layer via2
    default via: M2M3_PR_M
  Layer via3
    default via: M3M4_PR_M
  Layer via4
    default via: M4M5_PR_C

libcell analysis ...

instance analysis ...
#unique instances = 39

init region query ...
  complete li1
  complete mcon
  complete met1
  complete via
  complete met2
  complete via2
  complete met3
  complete via3
  complete met4
  complete via4
  complete met5

li1 shape region query size = 24637
mcon shape region query size = 22778
met1 shape region query size = 7779
via shape region query size = 176
met2 shape region query size = 110
via2 shape region query size = 176
met3 shape region query size = 102
via3 shape region query size = 176
met4 shape region query size = 48
via4 shape region query size = 2
met5 shape region query size = 6


start pin access
  complete 63 pins
  complete 39 unique inst patterns
  complete 1000 groups
  complete 1150 groups
#scanned instances    = 2973
#unique  instances    = 39
#stdCellGenAp         = 625
#stdCellValidPlanarAp = 313
#stdCellValidViaAp    = 337
#stdCellPinNoAp       = 0
#macroGenAp           = 0
#macroValidPlanarAp   = 0
#macroValidViaAp      = 0
#macroNoAp            = 0

complete pin access
cpu time = 00:00:01, elapsed time = 00:00:01, memory = 14.89 (MB), peak = 14.89 (MB)

post process guides ...
GCELLGRID X 0 DO 20 STEP 6900 ;
GCELLGRID Y 0 DO 18 STEP 6900 ;
  complete li1
  complete mcon
  complete met1
  complete via
  complete met2
  complete via2
  complete met3
  complete via3
  complete met4
  complete via4
  complete met5

building cmap ... 

init guide query ...
  complete li1 (guide)
  complete mcon (guide)
  complete met1 (guide)
  complete via (guide)
  complete met2 (guide)
  complete via2 (guide)
  complete met3 (guide)
  complete via3 (guide)
  complete met4 (guide)
  complete via4 (guide)
  complete met5 (guide)

li1 guide region query size = 1360
mcon guide region query size = 0
met1 guide region query size = 1129
via guide region query size = 0
met2 guide region query size = 641
via2 guide region query size = 0
met3 guide region query size = 56
via3 guide region query size = 0
met4 guide region query size = 0
via4 guide region query size = 0
met5 guide region query size = 0

init gr pin query ...


start track assignment
Done with 0 vertical wires in 1 frboxes and 0 horizontal wires in 1 frboxes.
Done with 166 vertical wires in 1 frboxes and 323 horizontal wires in 1 frboxes.

complete track assignment
cpu time = 00:00:00, elapsed time = 00:00:00, memory = 21.33 (MB), peak = 21.59 (MB)

start routing data preparation
initVia2ViaMinLen_minSpc li1 (d2d, d2u, u2d, u2u) = (0, 0, 0, 370)
initVia2ViaMinLen_minSpc met1 (d2d, d2u, u2d, u2u) = (430, 445, 445, 460)
initVia2ViaMinLen_minSpc met2 (d2d, d2u, u2d, u2u) = (460, 485, 485, 630)
initVia2ViaMinLen_minSpc met3 (d2d, d2u, u2d, u2u) = (630, 655, 655, 680)
initVia2ViaMinLen_minSpc met4 (d2d, d2u, u2d, u2u) = (630, 1055, 1055, 3020)
initVia2ViaMinLen_minSpc met5 (d2d, d2u, u2d, u2u) = (1480, 0, 0, 0)
initVia2ViaMinLen_minimumcut li1 (d2d, d2u, u2d, u2u) = (0, 0, 0, 370)
initVia2ViaMinLen_minimumcut li1 zerolen (b, b, b, b) = (1, 1, 1, 1)
initVia2ViaMinLen_minimumcut met1 (d2d, d2u, u2d, u2u) = (430, 445, 445, 460)
initVia2ViaMinLen_minimumcut met1 zerolen (b, b, b, b) = (1, 1, 1, 1)
initVia2ViaMinLen_minimumcut met2 (d2d, d2u, u2d, u2u) = (460, 485, 485, 630)
initVia2ViaMinLen_minimumcut met2 zerolen (b, b, b, b) = (1, 1, 1, 1)
initVia2ViaMinLen_minimumcut met3 (d2d, d2u, u2d, u2u) = (630, 655, 655, 680)
initVia2ViaMinLen_minimumcut met3 zerolen (b, b, b, b) = (1, 1, 1, 1)
initVia2ViaMinLen_minimumcut met4 (d2d, d2u, u2d, u2u) = (630, 1055, 1055, 3020)
initVia2ViaMinLen_minimumcut met4 zerolen (b, b, b, b) = (1, 1, 1, 1)
initVia2ViaMinLen_minimumcut met5 (d2d, d2u, u2d, u2u) = (1480, 0, 0, 0)
initVia2ViaMinLen_minimumcut met5 zerolen (b, b, b, b) = (1, 1, 1, 1)
initVia2ViaMinLenNew_minSpc li1 (d2d-x, d2d-y, d2u-x, d2u-y, u2d-x, u2d-y, u2u-x, u2u-y) = (0, 0, 0, 0, 0, 0, 430, 370)
initVia2ViaMinLenNew_minSpc met1 (d2d-x, d2d-y, d2u-x, d2u-y, u2d-x, u2d-y, u2u-x, u2u-y) = (430, 370, 445, 385, 445, 385, 460, 460)
initVia2ViaMinLenNew_minSpc met2 (d2d-x, d2d-y, d2u-x, d2u-y, u2d-x, u2d-y, u2u-x, u2u-y) = (460, 460, 410, 485, 410, 485, 630, 630)
initVia2ViaMinLenNew_minSpc met3 (d2d-x, d2d-y, d2u-x, d2u-y, u2d-x, u2d-y, u2u-x, u2u-y) = (630, 630, 655, 625, 655, 625, 680, 630)
initVia2ViaMinLenNew_minSpc met4 (d2d-x, d2d-y, d2u-x, d2u-y, u2d-x, u2d-y, u2u-x, u2u-y) = (680, 630, 1055, 1055, 1055, 1055, 3020, 3020)
initVia2ViaMinLenNew_minSpc met5 (d2d-x, d2d-y, d2u-x, d2u-y, u2d-x, u2d-y, u2u-x, u2u-y) = (1480, 1480, 0, 0, 0, 0, 0, 0)
initVia2ViaMinLenNew_minimumcut li1 (d2d-x, d2d-y, d2u-x, d2u-y, u2d-x, u2d-y, u2u-x, u2u-y) = (0, 0, 0, 0, 0, 0, 430, 370)
initVia2ViaMinLenNew_minimumcut met1 (d2d-x, d2d-y, d2u-x, d2u-y, u2d-x, u2d-y, u2u-x, u2u-y) = (430, 370, 445, 385, 445, 385, 460, 460)
initVia2ViaMinLenNew_minimumcut met2 (d2d-x, d2d-y, d2u-x, d2u-y, u2d-x, u2d-y, u2u-x, u2u-y) = (460, 460, 410, 485, 410, 485, 630, 630)
initVia2ViaMinLenNew_minimumcut met3 (d2d-x, d2d-y, d2u-x, d2u-y, u2d-x, u2d-y, u2u-x, u2u-y) = (630, 630, 655, 625, 655, 625, 680, 630)
initVia2ViaMinLenNew_minimumcut met4 (d2d-x, d2d-y, d2u-x, d2u-y, u2d-x, u2d-y, u2u-x, u2u-y) = (680, 630, 1055, 1055, 1055, 1055, 3020, 3020)
initVia2ViaMinLenNew_minimumcut met5 (d2d-x, d2d-y, d2u-x, d2u-y, u2d-x, u2d-y, u2u-x, u2u-y) = (1480, 1480, 0, 0, 0, 0, 0, 0)
cpu time = 00:00:00, elapsed time = 00:00:00, memory = 21.59 (MB), peak = 21.62 (MB)

start detail routing ...
start initial detail routing ...
    completing 10% with 3 violations
    elapsed time = 00:00:00, memory = 25.74 (MB)
    completing 20% with 21 violations
    elapsed time = 00:00:00, memory = 29.46 (MB)
    completing 30% with 37 violations
    elapsed time = 00:00:00, memory = 26.87 (MB)
    completing 40% with 47 violations
    elapsed time = 00:00:00, memory = 32.00 (MB)
    completing 50% with 52 violations
    elapsed time = 00:00:01, memory = 32.58 (MB)
    completing 60% with 62 violations
    elapsed time = 00:00:01, memory = 32.82 (MB)
    completing 70% with 71 violations
    elapsed time = 00:00:01, memory = 32.82 (MB)
    completing 80% with 84 violations
    elapsed time = 00:00:01, memory = 32.82 (MB)
    completing 90% with 86 violations
    elapsed time = 00:00:01, memory = 32.82 (MB)
  number of violations = 86
cpu time = 00:00:01, elapsed time = 00:00:01, memory = 32.82 (MB), peak = 32.82 (MB)
total wire length = 12577 um
total wire length on LAYER li1 = 13 um
total wire length on LAYER met1 = 5762 um
total wire length on LAYER met2 = 5871 um
total wire length on LAYER met3 = 930 um
total wire length on LAYER met4 = 0 um
total wire length on LAYER met5 = 0 um
total number of vias = 3865
up-via summary (total 3865):

-------------
  li1    1843
 met1    1974
 met2      48
 met3       0
 met4       0
-------------
         3865


start 1st optimization iteration ...
    completing 10% with 86 violations
    elapsed time = 00:00:00, memory = 32.82 (MB)
    completing 20% with 74 violations
    elapsed time = 00:00:00, memory = 32.84 (MB)
    completing 30% with 76 violations
    elapsed time = 00:00:00, memory = 32.84 (MB)
    completing 40% with 51 violations
    elapsed time = 00:00:00, memory = 37.16 (MB)
    completing 50% with 52 violations
    elapsed time = 00:00:00, memory = 32.84 (MB)
    completing 60% with 24 violations
    elapsed time = 00:00:01, memory = 33.87 (MB)
    completing 70% with 20 violations
    elapsed time = 00:00:01, memory = 34.01 (MB)
    completing 80% with 20 violations
    elapsed time = 00:00:01, memory = 34.17 (MB)
    completing 90% with 20 violations
    elapsed time = 00:00:01, memory = 34.17 (MB)
    completing 100% with 20 violations
    elapsed time = 00:00:01, memory = 34.17 (MB)
  number of violations = 20
cpu time = 00:00:01, elapsed time = 00:00:01, memory = 34.17 (MB), peak = 37.23 (MB)
total wire length = 11965 um
total wire length on LAYER li1 = 3 um
total wire length on LAYER met1 = 5663 um
total wire length on LAYER met2 = 5532 um
total wire length on LAYER met3 = 765 um
total wire length on LAYER met4 = 0 um
total wire length on LAYER met5 = 0 um
total number of vias = 3727
up-via summary (total 3727):

-------------
  li1    1824
 met1    1877
 met2      26
 met3       0
 met4       0
-------------
         3727


start 2nd optimization iteration ...
    completing 10% with 19 violations
    elapsed time = 00:00:00, memory = 34.20 (MB)
    completing 20% with 15 violations
    elapsed time = 00:00:00, memory = 34.20 (MB)
    completing 30% with 12 violations
    elapsed time = 00:00:00, memory = 34.20 (MB)
    completing 40% with 10 violations
    elapsed time = 00:00:00, memory = 34.20 (MB)
    completing 50% with 5 violations
    elapsed time = 00:00:00, memory = 38.51 (MB)
    completing 60% with 3 violations
    elapsed time = 00:00:00, memory = 34.20 (MB)
    completing 70% with 2 violations
    elapsed time = 00:00:00, memory = 34.20 (MB)
    completing 80% with 2 violations
    elapsed time = 00:00:00, memory = 34.20 (MB)
    completing 90% with 0 violations
    elapsed time = 00:00:01, memory = 34.20 (MB)
  number of violations = 0
cpu time = 00:00:01, elapsed time = 00:00:01, memory = 34.20 (MB), peak = 38.71 (MB)
total wire length = 11968 um
total wire length on LAYER li1 = 6 um
total wire length on LAYER met1 = 5657 um
total wire length on LAYER met2 = 5536 um
total wire length on LAYER met3 = 765 um
total wire length on LAYER met4 = 1 um
total wire length on LAYER met5 = 0 um
total number of vias = 3732
up-via summary (total 3732):

-------------
  li1    1825
 met1    1879
 met2      26
 met3       2
 met4       0
-------------
         3732


start 3rd optimization iteration ...
    completing 10% with 0 violations
    elapsed time = 00:00:00, memory = 34.20 (MB)
    completing 20% with 0 violations
    elapsed time = 00:00:00, memory = 34.20 (MB)
    completing 30% with 0 violations
    elapsed time = 00:00:00, memory = 34.20 (MB)
    completing 40% with 0 violations
    elapsed time = 00:00:00, memory = 34.20 (MB)
    completing 50% with 0 violations
    elapsed time = 00:00:00, memory = 34.20 (MB)
    completing 60% with 0 violations
    elapsed time = 00:00:00, memory = 34.20 (MB)
    completing 70% with 0 violations
    elapsed time = 00:00:00, memory = 34.20 (MB)
    completing 80% with 0 violations
    elapsed time = 00:00:00, memory = 34.20 (MB)
    completing 90% with 0 violations
    elapsed time = 00:00:00, memory = 34.20 (MB)
    completing 100% with 0 violations
    elapsed time = 00:00:00, memory = 34.20 (MB)
  number of violations = 0
cpu time = 00:00:00, elapsed time = 00:00:00, memory = 34.20 (MB), peak = 38.71 (MB)
total wire length = 11968 um
total wire length on LAYER li1 = 6 um
total wire length on LAYER met1 = 5657 um
total wire length on LAYER met2 = 5536 um
total wire length on LAYER met3 = 765 um
total wire length on LAYER met4 = 1 um
total wire length on LAYER met5 = 0 um
total number of vias = 3732
up-via summary (total 3732):

-------------
  li1    1825
 met1    1879
 met2      26
 met3       2
 met4       0
-------------
         3732


start 4th optimization iteration ...
    completing 10% with 0 violations
    elapsed time = 00:00:00, memory = 34.20 (MB)
    completing 20% with 0 violations
    elapsed time = 00:00:00, memory = 34.20 (MB)
    completing 30% with 0 violations
    elapsed time = 00:00:00, memory = 34.20 (MB)
    completing 40% with 0 violations
    elapsed time = 00:00:00, memory = 34.20 (MB)
    completing 50% with 0 violations
    elapsed time = 00:00:00, memory = 34.20 (MB)
    completing 60% with 0 violations
    elapsed time = 00:00:00, memory = 34.20 (MB)
    completing 70% with 0 violations
    elapsed time = 00:00:00, memory = 34.20 (MB)
    completing 80% with 0 violations
    elapsed time = 00:00:00, memory = 34.20 (MB)
    completing 90% with 0 violations
    elapsed time = 00:00:00, memory = 34.20 (MB)
  number of violations = 0
cpu time = 00:00:00, elapsed time = 00:00:00, memory = 34.20 (MB), peak = 38.71 (MB)
total wire length = 11968 um
total wire length on LAYER li1 = 6 um
total wire length on LAYER met1 = 5657 um
total wire length on LAYER met2 = 5536 um
total wire length on LAYER met3 = 765 um
total wire length on LAYER met4 = 1 um
total wire length on LAYER met5 = 0 um
total number of vias = 3732
up-via summary (total 3732):

-------------
  li1    1825
 met1    1879
 met2      26
 met3       2
 met4       0
-------------
         3732


start 5th optimization iteration ...
    completing 10% with 0 violations
    elapsed time = 00:00:00, memory = 34.20 (MB)
    completing 20% with 0 violations
    elapsed time = 00:00:00, memory = 34.20 (MB)
    completing 30% with 0 violations
    elapsed time = 00:00:00, memory = 34.20 (MB)
    completing 40% with 0 violations
    elapsed time = 00:00:00, memory = 34.20 (MB)
    completing 50% with 0 violations
    elapsed time = 00:00:00, memory = 34.20 (MB)
    completing 60% with 0 violations
    elapsed time = 00:00:00, memory = 34.20 (MB)
    completing 70% with 0 violations
    elapsed time = 00:00:00, memory = 34.20 (MB)
    completing 80% with 0 violations
    elapsed time = 00:00:00, memory = 34.20 (MB)
    completing 90% with 0 violations
    elapsed time = 00:00:00, memory = 34.20 (MB)
    completing 100% with 0 violations
    elapsed time = 00:00:00, memory = 34.20 (MB)
  number of violations = 0
cpu time = 00:00:00, elapsed time = 00:00:00, memory = 34.20 (MB), peak = 38.71 (MB)
total wire length = 11968 um
total wire length on LAYER li1 = 6 um
total wire length on LAYER met1 = 5657 um
total wire length on LAYER met2 = 5536 um
total wire length on LAYER met3 = 765 um
total wire length on LAYER met4 = 1 um
total wire length on LAYER met5 = 0 um
total number of vias = 3732
up-via summary (total 3732):

-------------
  li1    1825
 met1    1879
 met2      26
 met3       2
 met4       0
-------------
         3732


start 6th optimization iteration ...
    completing 10% with 0 violations
    elapsed time = 00:00:00, memory = 34.20 (MB)
    completing 20% with 0 violations
    elapsed time = 00:00:00, memory = 34.20 (MB)
    completing 30% with 0 violations
    elapsed time = 00:00:00, memory = 34.20 (MB)
    completing 40% with 0 violations
    elapsed time = 00:00:00, memory = 34.20 (MB)
    completing 50% with 0 violations
    elapsed time = 00:00:00, memory = 34.20 (MB)
    completing 60% with 0 violations
    elapsed time = 00:00:00, memory = 34.20 (MB)
    completing 70% with 0 violations
    elapsed time = 00:00:00, memory = 34.20 (MB)
    completing 80% with 0 violations
    elapsed time = 00:00:00, memory = 34.20 (MB)
    completing 90% with 0 violations
    elapsed time = 00:00:00, memory = 34.20 (MB)
  number of violations = 0
cpu time = 00:00:00, elapsed time = 00:00:00, memory = 34.20 (MB), peak = 38.71 (MB)
total wire length = 11968 um
total wire length on LAYER li1 = 6 um
total wire length on LAYER met1 = 5657 um
total wire length on LAYER met2 = 5536 um
total wire length on LAYER met3 = 765 um
total wire length on LAYER met4 = 1 um
total wire length on LAYER met5 = 0 um
total number of vias = 3732
up-via summary (total 3732):

-------------
  li1    1825
 met1    1879
 met2      26
 met3       2
 met4       0
-------------
         3732


start 7th optimization iteration ...
    completing 10% with 0 violations
    elapsed time = 00:00:00, memory = 34.20 (MB)
    completing 20% with 0 violations
    elapsed time = 00:00:00, memory = 34.20 (MB)
    completing 30% with 0 violations
    elapsed time = 00:00:00, memory = 34.20 (MB)
    completing 40% with 0 violations
    elapsed time = 00:00:00, memory = 34.20 (MB)
    completing 50% with 0 violations
    elapsed time = 00:00:00, memory = 34.20 (MB)
    completing 60% with 0 violations
    elapsed time = 00:00:00, memory = 34.20 (MB)
    completing 70% with 0 violations
    elapsed time = 00:00:00, memory = 34.20 (MB)
    completing 80% with 0 violations
    elapsed time = 00:00:00, memory = 34.20 (MB)
    completing 90% with 0 violations
    elapsed time = 00:00:00, memory = 34.20 (MB)
    completing 100% with 0 violations
    elapsed time = 00:00:00, memory = 34.20 (MB)
  number of violations = 0
cpu time = 00:00:00, elapsed time = 00:00:00, memory = 34.20 (MB), peak = 38.71 (MB)/openLANE_flow/designs/spm/runs/28-07_10-23//reports/routing/tritonRoute.drc

complete detail routing
total wire length = 11968 um
total wire length on LAYER li1 = 6 um
total wire length on LAYER met1 = 5657 um
total wire length on LAYER met2 = 5536 um
total wire length on LAYER met3 = 765 um
total wire length on LAYER met4 = 1 um
total wire length on LAYER met5 = 0 um
total number of vias = 3732
up-via summary (total 3732):

-------------
  li1    1825
 met1    1879
 met2      26
 met3       2
 met4       0
-------------
         3732

cpu time = 00:00:04, elapsed time = 00:00:04, memory = 34.20 (MB), peak = 38.71 (MB)

post processing ...
WARNING (DEFPARS-7011): The NAMESCASESENSITIVE statement is obsolete in version 5.6 and later.
The DEF parser will ignore this statement. See file /openLANE_flow/designs/spm/runs/28-07_10-23//tmp/routing/addspacers.def at line 2.


post processing ...
WARNING (DEFPARS-7011): The NAMESCASESENSITIVE statement is obsolete in version 5.6 and later.
The DEF parser will ignore this statement. See file /openLANE_flow/designs/spm/runs/28-07_10-23//tmp/routing/addspacers.def at line 2.


Runtime taken (hrt): 7.14259
