
reading lef ...
add shortConstraint to layer mcon
add shortConstraint to layer via
add shortConstraint to layer via2
add shortConstraint to layer via3
add shortConstraint to layer via4

units:       1000
#layers:     11
#macros:     437
#vias:       25
#viarulegen: 25

reading def ...
defIn read 10000 components
defIn read 20000 components

design:      sb_3__1_
die area:    ( 0 0 ) ( 536095 546815 )
trackPts:    12
defvias:     4
#components: 22689
#terminals:  80
#snets:      2
#nets:       192

reading guide ...

#guides:     1211
List of default vias:
  Layer mcon
    default via: L1M1_PR_MR
  Layer via
    default via: M1M2_PR
  Layer via2
    default via: M2M3_PR_M
  Layer via3
    default via: M3M4_PR_M
  Layer via4
    default via: M4M5_PR_C

libcell analysis ...

instance analysis ...
  complete 10000 instances
  complete 20000 instances
#unique instances = 29

init region query ...
  complete 10000 insts
  complete 20000 insts
  complete li1
  complete mcon
  complete met1
  complete via
  complete met2
  complete via2
  complete met3
  complete via3
  complete met4
  complete via4
  complete met5

li1 shape region query size = 131370
mcon shape region query size = 440912
met1 shape region query size = 47331
via shape region query size = 2716
met2 shape region query size = 1406
via2 shape region query size = 2716
met3 shape region query size = 1388
via3 shape region query size = 2716
met4 shape region query size = 711
via4 shape region query size = 25
met5 shape region query size = 34


start pin access
  complete 26 pins
  complete 29 unique inst patterns
  complete 269 groups
#scanned instances    = 22689
#unique  instances    = 29
#stdCellGenAp         = 246
#stdCellValidPlanarAp = 143
#stdCellValidViaAp    = 143
#stdCellPinNoAp       = 0
#macroGenAp           = 0
#macroValidPlanarAp   = 0
#macroValidViaAp      = 0
#macroNoAp            = 0

complete pin access
cpu time = 00:00:00, elapsed time = 00:00:00, memory = 42.84 (MB), peak = 57.64 (MB)

post process guides ...
GCELLGRID X 0 DO 79 STEP 6900 ;
GCELLGRID Y 0 DO 77 STEP 6900 ;
  complete li1
  complete mcon
  complete met1
  complete via
  complete met2
  complete via2
  complete met3
  complete via3
  complete met4
  complete via4
  complete met5

building cmap ... 

init guide query ...
  complete li1 (guide)
  complete mcon (guide)
  complete met1 (guide)
  complete via (guide)
  complete met2 (guide)
  complete via2 (guide)
  complete met3 (guide)
  complete via3 (guide)
  complete met4 (guide)
  complete via4 (guide)
  complete met5 (guide)

li1 guide region query size = 304
mcon guide region query size = 0
met1 guide region query size = 308
via guide region query size = 0
met2 guide region query size = 181
via2 guide region query size = 0
met3 guide region query size = 23
via3 guide region query size = 0
met4 guide region query size = 0
via4 guide region query size = 0
met5 guide region query size = 0

init gr pin query ...


start track assignment
Done with 0 vertical wires in 2 frboxes and 0 horizontal wires in 2 frboxes.
Done with 71 vertical wires in 2 frboxes and 83 horizontal wires in 2 frboxes.

complete track assignment
cpu time = 00:00:03, elapsed time = 00:00:03, memory = 69.92 (MB), peak = 92.38 (MB)

start routing data preparation
initVia2ViaMinLen_minSpc li1 (d2d, d2u, u2d, u2u) = (0, 0, 0, 370)
initVia2ViaMinLen_minSpc met1 (d2d, d2u, u2d, u2u) = (430, 445, 445, 460)
initVia2ViaMinLen_minSpc met2 (d2d, d2u, u2d, u2u) = (460, 485, 485, 630)
initVia2ViaMinLen_minSpc met3 (d2d, d2u, u2d, u2u) = (630, 655, 655, 680)
initVia2ViaMinLen_minSpc met4 (d2d, d2u, u2d, u2u) = (630, 1055, 1055, 3020)
initVia2ViaMinLen_minSpc met5 (d2d, d2u, u2d, u2u) = (1480, 0, 0, 0)
initVia2ViaMinLen_minimumcut li1 (d2d, d2u, u2d, u2u) = (0, 0, 0, 370)
initVia2ViaMinLen_minimumcut li1 zerolen (b, b, b, b) = (1, 1, 1, 1)
initVia2ViaMinLen_minimumcut met1 (d2d, d2u, u2d, u2u) = (430, 445, 445, 460)
initVia2ViaMinLen_minimumcut met1 zerolen (b, b, b, b) = (1, 1, 1, 1)
initVia2ViaMinLen_minimumcut met2 (d2d, d2u, u2d, u2u) = (460, 485, 485, 630)
initVia2ViaMinLen_minimumcut met2 zerolen (b, b, b, b) = (1, 1, 1, 1)
initVia2ViaMinLen_minimumcut met3 (d2d, d2u, u2d, u2u) = (630, 655, 655, 680)
initVia2ViaMinLen_minimumcut met3 zerolen (b, b, b, b) = (1, 1, 1, 1)
initVia2ViaMinLen_minimumcut met4 (d2d, d2u, u2d, u2u) = (630, 1055, 1055, 3020)
initVia2ViaMinLen_minimumcut met4 zerolen (b, b, b, b) = (1, 1, 1, 1)
initVia2ViaMinLen_minimumcut met5 (d2d, d2u, u2d, u2u) = (1480, 0, 0, 0)
initVia2ViaMinLen_minimumcut met5 zerolen (b, b, b, b) = (1, 1, 1, 1)
initVia2ViaMinLenNew_minSpc li1 (d2d-x, d2d-y, d2u-x, d2u-y, u2d-x, u2d-y, u2u-x, u2u-y) = (0, 0, 0, 0, 0, 0, 430, 370)
initVia2ViaMinLenNew_minSpc met1 (d2d-x, d2d-y, d2u-x, d2u-y, u2d-x, u2d-y, u2u-x, u2u-y) = (430, 370, 445, 385, 445, 385, 460, 460)
initVia2ViaMinLenNew_minSpc met2 (d2d-x, d2d-y, d2u-x, d2u-y, u2d-x, u2d-y, u2u-x, u2u-y) = (460, 460, 410, 485, 410, 485, 630, 630)
initVia2ViaMinLenNew_minSpc met3 (d2d-x, d2d-y, d2u-x, d2u-y, u2d-x, u2d-y, u2u-x, u2u-y) = (630, 630, 655, 625, 655, 625, 680, 630)
initVia2ViaMinLenNew_minSpc met4 (d2d-x, d2d-y, d2u-x, d2u-y, u2d-x, u2d-y, u2u-x, u2u-y) = (680, 630, 1055, 1055, 1055, 1055, 3020, 3020)
initVia2ViaMinLenNew_minSpc met5 (d2d-x, d2d-y, d2u-x, d2u-y, u2d-x, u2d-y, u2u-x, u2u-y) = (1480, 1480, 0, 0, 0, 0, 0, 0)
initVia2ViaMinLenNew_minimumcut li1 (d2d-x, d2d-y, d2u-x, d2u-y, u2d-x, u2d-y, u2u-x, u2u-y) = (0, 0, 0, 0, 0, 0, 430, 370)
initVia2ViaMinLenNew_minimumcut met1 (d2d-x, d2d-y, d2u-x, d2u-y, u2d-x, u2d-y, u2u-x, u2u-y) = (430, 370, 445, 385, 445, 385, 460, 460)
initVia2ViaMinLenNew_minimumcut met2 (d2d-x, d2d-y, d2u-x, d2u-y, u2d-x, u2d-y, u2u-x, u2u-y) = (460, 460, 410, 485, 410, 485, 630, 630)
initVia2ViaMinLenNew_minimumcut met3 (d2d-x, d2d-y, d2u-x, d2u-y, u2d-x, u2d-y, u2u-x, u2u-y) = (630, 630, 655, 625, 655, 625, 680, 630)
initVia2ViaMinLenNew_minimumcut met4 (d2d-x, d2d-y, d2u-x, d2u-y, u2d-x, u2d-y, u2u-x, u2u-y) = (680, 630, 1055, 1055, 1055, 1055, 3020, 3020)
initVia2ViaMinLenNew_minimumcut met5 (d2d-x, d2d-y, d2u-x, d2u-y, u2d-x, u2d-y, u2u-x, u2u-y) = (1480, 1480, 0, 0, 0, 0, 0, 0)
cpu time = 00:00:00, elapsed time = 00:00:00, memory = 69.98 (MB), peak = 92.38 (MB)

start detail routing ...
start initial detail routing ...
    completing 10% with 0 violations
    elapsed time = 00:00:00, memory = 70.01 (MB)
    completing 20% with 0 violations
    elapsed time = 00:00:00, memory = 70.21 (MB)
    completing 30% with 0 violations
    elapsed time = 00:00:01, memory = 70.21 (MB)
    completing 40% with 0 violations
    elapsed time = 00:00:01, memory = 70.21 (MB)
    completing 50% with 0 violations
    elapsed time = 00:00:02, memory = 70.21 (MB)
    completing 60% with 0 violations
    elapsed time = 00:00:02, memory = 70.21 (MB)
    completing 70% with 0 violations
    elapsed time = 00:00:02, memory = 70.21 (MB)
    completing 80% with 8 violations
    elapsed time = 00:00:03, memory = 70.21 (MB)
    completing 90% with 24 violations
    elapsed time = 00:00:03, memory = 70.22 (MB)
    completing 100% with 36 violations
    elapsed time = 00:00:04, memory = 70.22 (MB)
  number of violations = 36
cpu time = 00:00:04, elapsed time = 00:00:04, memory = 70.22 (MB), peak = 92.38 (MB)
total wire length = 10300 um
total wire length on LAYER li1 = 2 um
total wire length on LAYER met1 = 3686 um
total wire length on LAYER met2 = 5095 um
total wire length on LAYER met3 = 1515 um
total wire length on LAYER met4 = 0 um
total wire length on LAYER met5 = 0 um
total number of vias = 964
up-via summary (total 964):

------------
  li1    403
 met1    535
 met2     26
 met3      0
 met4      0
------------
         964


start 1st optimization iteration ...
    completing 10% with 37 violations
    elapsed time = 00:00:00, memory = 70.22 (MB)
    completing 20% with 37 violations
    elapsed time = 00:00:00, memory = 70.24 (MB)
    completing 30% with 37 violations
    elapsed time = 00:00:01, memory = 70.24 (MB)
    completing 40% with 37 violations
    elapsed time = 00:00:01, memory = 70.24 (MB)
    completing 50% with 37 violations
    elapsed time = 00:00:01, memory = 70.24 (MB)
    completing 60% with 37 violations
    elapsed time = 00:00:02, memory = 70.24 (MB)
    completing 70% with 36 violations
    elapsed time = 00:00:02, memory = 70.24 (MB)
    completing 80% with 25 violations
    elapsed time = 00:00:03, memory = 70.24 (MB)
    completing 90% with 5 violations
    elapsed time = 00:00:03, memory = 70.24 (MB)
    completing 100% with 3 violations
    elapsed time = 00:00:04, memory = 70.24 (MB)
  number of violations = 3
cpu time = 00:00:04, elapsed time = 00:00:04, memory = 70.24 (MB), peak = 92.38 (MB)
total wire length = 10064 um
total wire length on LAYER li1 = 0 um
total wire length on LAYER met1 = 3535 um
total wire length on LAYER met2 = 5054 um
total wire length on LAYER met3 = 1475 um
total wire length on LAYER met4 = 0 um
total wire length on LAYER met5 = 0 um
total number of vias = 919
up-via summary (total 919):

------------
  li1    396
 met1    495
 met2     28
 met3      0
 met4      0
------------
         919


start 2nd optimization iteration ...
    completing 10% with 2 violations
    elapsed time = 00:00:00, memory = 70.27 (MB)
    completing 20% with 2 violations
    elapsed time = 00:00:00, memory = 70.27 (MB)
    completing 30% with 2 violations
    elapsed time = 00:00:00, memory = 70.27 (MB)
    completing 40% with 2 violations
    elapsed time = 00:00:00, memory = 70.27 (MB)
    completing 50% with 2 violations
    elapsed time = 00:00:00, memory = 70.27 (MB)
    completing 60% with 2 violations
    elapsed time = 00:00:00, memory = 70.27 (MB)
    completing 70% with 2 violations
    elapsed time = 00:00:00, memory = 70.27 (MB)
    completing 80% with 2 violations
    elapsed time = 00:00:00, memory = 70.27 (MB)
    completing 90% with 2 violations
    elapsed time = 00:00:00, memory = 70.27 (MB)
    completing 100% with 0 violations
    elapsed time = 00:00:00, memory = 70.27 (MB)
  number of violations = 0
cpu time = 00:00:00, elapsed time = 00:00:00, memory = 70.27 (MB), peak = 92.38 (MB)
total wire length = 10062 um
total wire length on LAYER li1 = 0 um
total wire length on LAYER met1 = 3529 um
total wire length on LAYER met2 = 5046 um
total wire length on LAYER met3 = 1482 um
total wire length on LAYER met4 = 4 um
total wire length on LAYER met5 = 0 um
total number of vias = 922
up-via summary (total 922):

------------
  li1    396
 met1    496
 met2     28
 met3      2
 met4      0
------------
         922


start 3rd optimization iteration ...
    completing 10% with 0 violations
    elapsed time = 00:00:00, memory = 70.27 (MB)
    completing 20% with 0 violations
    elapsed time = 00:00:00, memory = 70.27 (MB)
    completing 30% with 0 violations
    elapsed time = 00:00:00, memory = 70.27 (MB)
    completing 40% with 0 violations
    elapsed time = 00:00:00, memory = 70.27 (MB)
    completing 50% with 0 violations
    elapsed time = 00:00:00, memory = 70.27 (MB)
    completing 60% with 0 violations
    elapsed time = 00:00:00, memory = 70.27 (MB)
    completing 70% with 0 violations
    elapsed time = 00:00:00, memory = 70.27 (MB)
    completing 80% with 0 violations
    elapsed time = 00:00:00, memory = 70.27 (MB)
    completing 90% with 0 violations
    elapsed time = 00:00:00, memory = 70.27 (MB)
    completing 100% with 0 violations
    elapsed time = 00:00:00, memory = 70.27 (MB)
  number of violations = 0
cpu time = 00:00:00, elapsed time = 00:00:00, memory = 70.27 (MB), peak = 92.38 (MB)
total wire length = 10062 um
total wire length on LAYER li1 = 0 um
total wire length on LAYER met1 = 3529 um
total wire length on LAYER met2 = 5046 um
total wire length on LAYER met3 = 1482 um
total wire length on LAYER met4 = 4 um
total wire length on LAYER met5 = 0 um
total number of vias = 922
up-via summary (total 922):

------------
  li1    396
 met1    496
 met2     28
 met3      2
 met4      0
------------
         922


start 4th optimization iteration ...
    completing 10% with 0 violations
    elapsed time = 00:00:00, memory = 70.27 (MB)
    completing 20% with 0 violations
    elapsed time = 00:00:00, memory = 70.27 (MB)
    completing 30% with 0 violations
    elapsed time = 00:00:00, memory = 70.27 (MB)
    completing 40% with 0 violations
    elapsed time = 00:00:00, memory = 70.27 (MB)
    completing 50% with 0 violations
    elapsed time = 00:00:00, memory = 70.27 (MB)
    completing 60% with 0 violations
    elapsed time = 00:00:00, memory = 70.27 (MB)
    completing 70% with 0 violations
    elapsed time = 00:00:00, memory = 70.27 (MB)
    completing 80% with 0 violations
    elapsed time = 00:00:00, memory = 70.27 (MB)
    completing 90% with 0 violations
    elapsed time = 00:00:00, memory = 70.27 (MB)
    completing 100% with 0 violations
    elapsed time = 00:00:00, memory = 70.27 (MB)
  number of violations = 0
cpu time = 00:00:00, elapsed time = 00:00:00, memory = 70.27 (MB), peak = 92.38 (MB)
total wire length = 10062 um
total wire length on LAYER li1 = 0 um
total wire length on LAYER met1 = 3529 um
total wire length on LAYER met2 = 5046 um
total wire length on LAYER met3 = 1482 um
total wire length on LAYER met4 = 4 um
total wire length on LAYER met5 = 0 um
total number of vias = 922
up-via summary (total 922):

------------
  li1    396
 met1    496
 met2     28
 met3      2
 met4      0
------------
         922


start 5th optimization iteration ...
    completing 10% with 0 violations
    elapsed time = 00:00:00, memory = 70.27 (MB)
    completing 20% with 0 violations
    elapsed time = 00:00:00, memory = 70.27 (MB)
    completing 30% with 0 violations
    elapsed time = 00:00:00, memory = 70.27 (MB)
    completing 40% with 0 violations
    elapsed time = 00:00:00, memory = 70.27 (MB)
    completing 50% with 0 violations
    elapsed time = 00:00:00, memory = 70.27 (MB)
    completing 60% with 0 violations
    elapsed time = 00:00:00, memory = 70.27 (MB)
    completing 70% with 0 violations
    elapsed time = 00:00:00, memory = 70.27 (MB)
    completing 80% with 0 violations
    elapsed time = 00:00:00, memory = 70.27 (MB)
    completing 90% with 0 violations
    elapsed time = 00:00:00, memory = 70.27 (MB)
    completing 100% with 0 violations
    elapsed time = 00:00:00, memory = 70.27 (MB)
  number of violations = 0
cpu time = 00:00:00, elapsed time = 00:00:00, memory = 70.27 (MB), peak = 92.38 (MB)
total wire length = 10062 um
total wire length on LAYER li1 = 0 um
total wire length on LAYER met1 = 3529 um
total wire length on LAYER met2 = 5046 um
total wire length on LAYER met3 = 1482 um
total wire length on LAYER met4 = 4 um
total wire length on LAYER met5 = 0 um
total number of vias = 922
up-via summary (total 922):

------------
  li1    396
 met1    496
 met2     28
 met3      2
 met4      0
------------
         922


start 6th optimization iteration ...
    completing 10% with 0 violations
    elapsed time = 00:00:00, memory = 70.27 (MB)
    completing 20% with 0 violations
    elapsed time = 00:00:00, memory = 70.27 (MB)
    completing 30% with 0 violations
    elapsed time = 00:00:00, memory = 70.27 (MB)
    completing 40% with 0 violations
    elapsed time = 00:00:00, memory = 70.27 (MB)
    completing 50% with 0 violations
    elapsed time = 00:00:00, memory = 70.27 (MB)
    completing 60% with 0 violations
    elapsed time = 00:00:00, memory = 70.27 (MB)
    completing 70% with 0 violations
    elapsed time = 00:00:00, memory = 70.27 (MB)
    completing 80% with 0 violations
    elapsed time = 00:00:00, memory = 70.27 (MB)
    completing 90% with 0 violations
    elapsed time = 00:00:00, memory = 70.27 (MB)
    completing 100% with 0 violations
    elapsed time = 00:00:00, memory = 70.27 (MB)
  number of violations = 0
cpu time = 00:00:00, elapsed time = 00:00:00, memory = 70.27 (MB), peak = 92.38 (MB)
total wire length = 10062 um
total wire length on LAYER li1 = 0 um
total wire length on LAYER met1 = 3529 um
total wire length on LAYER met2 = 5046 um
total wire length on LAYER met3 = 1482 um
total wire length on LAYER met4 = 4 um
total wire length on LAYER met5 = 0 um
total number of vias = 922
up-via summary (total 922):

------------
  li1    396
 met1    496
 met2     28
 met3      2
 met4      0
------------
         922


start 7th optimization iteration ...
    completing 10% with 0 violations
    elapsed time = 00:00:00, memory = 70.27 (MB)
    completing 20% with 0 violations
    elapsed time = 00:00:00, memory = 70.27 (MB)
    completing 30% with 0 violations
    elapsed time = 00:00:00, memory = 70.27 (MB)
    completing 40% with 0 violations
    elapsed time = 00:00:00, memory = 70.27 (MB)
    completing 50% with 0 violations
    elapsed time = 00:00:00, memory = 70.27 (MB)
    completing 60% with 0 violations
    elapsed time = 00:00:00, memory = 70.27 (MB)
    completing 70% with 0 violations
    elapsed time = 00:00:00, memory = 70.27 (MB)
    completing 80% with 0 violations
    elapsed time = 00:00:00, memory = 70.27 (MB)
    completing 90% with 0 violations
    elapsed time = 00:00:00, memory = 70.27 (MB)
    completing 100% with 0 violations
    elapsed time = 00:00:00, memory = 70.27 (MB)
  number of violations = 0
cpu time = 00:00:00, elapsed time = 00:00:00, memory = 70.27 (MB), peak = 92.38 (MB)/openLANE_flow/designs/sb_3__1_/runs/01-09_12-26//reports/routing/tritonRoute.drc

complete detail routing
total wire length = 10062 um
total wire length on LAYER li1 = 0 um
total wire length on LAYER met1 = 3529 um
total wire length on LAYER met2 = 5046 um
total wire length on LAYER met3 = 1482 um
total wire length on LAYER met4 = 4 um
total wire length on LAYER met5 = 0 um
total number of vias = 922
up-via summary (total 922):

------------
  li1    396
 met1    496
 met2     28
 met3      2
 met4      0
------------
         922

cpu time = 00:00:08, elapsed time = 00:00:08, memory = 70.27 (MB), peak = 92.38 (MB)

post processing ...
WARNING (DEFPARS-7011): The NAMESCASESENSITIVE statement is obsolete in version 5.6 and later.
The DEF parser will ignore this statement. See file /openLANE_flow/designs/sb_3__1_/runs/01-09_12-26//tmp/routing/addspacers.def at line 2.


post processing ...
WARNING (DEFPARS-7011): The NAMESCASESENSITIVE statement is obsolete in version 5.6 and later.
The DEF parser will ignore this statement. See file /openLANE_flow/designs/sb_3__1_/runs/01-09_12-26//tmp/routing/addspacers.def at line 2.


Runtime taken (hrt): 13.2533
