RePlAce Version: 1.0.0

** WARNING: Your Detail Placement Step must be skipped.
              (i.e. this program will be executed as -onlyGP)
     If you want to have DP after GP, please specify -dpflag and -dploc.

[INFO] TargetDensity = 0.900000
[INFO] ExperimentIndex = 0
[INFO] DirectoryPath = /openLANE_flow/designs/sb_1__1_/runs/01-09_13-44//tmp/placement/replace/etc/sb_1__1_.floorplan/experiment000
[PROC] Begin LefParsing ...
[LEF] Parsed 500 number of lines!!
WARNING (LEFPARS-2036): SOURCE statement is obsolete in version 5.6 and later.
The LEF parser will ignore this statement.
To avoid this warning in the future, remove this statement from the LEF file with version 5.6 or later. See file /openLANE_flow/designs/sb_1__1_/runs/01-09_13-44//tmp//merged.lef at line 776.

WARNING (LEFPARS-2036): SOURCE statement is obsolete in version 5.6 and later.
The LEF parser will ignore this statement.
To avoid this warning in the future, remove this statement from the LEF file with version 5.6 or later. See file /openLANE_flow/designs/sb_1__1_/runs/01-09_13-44//tmp//merged.lef at line 903.

[LEF] Parsed 1000 number of lines!!
WARNING (LEFPARS-2036): SOURCE statement is obsolete in version 5.6 and later.
The LEF parser will ignore this statement.
To avoid this warning in the future, remove this statement from the LEF file with version 5.6 or later. See file /openLANE_flow/designs/sb_1__1_/runs/01-09_13-44//tmp//merged.lef at line 1034.

WARNING (LEFPARS-2036): SOURCE statement is obsolete in version 5.6 and later.
The LEF parser will ignore this statement.
To avoid this warning in the future, remove this statement from the LEF file with version 5.6 or later. See file /openLANE_flow/designs/sb_1__1_/runs/01-09_13-44//tmp//merged.lef at line 1204.

WARNING (LEFPARS-2036): SOURCE statement is obsolete in version 5.6 and later.
The LEF parser will ignore this statement.
To avoid this warning in the future, remove this statement from the LEF file with version 5.6 or later. See file /openLANE_flow/designs/sb_1__1_/runs/01-09_13-44//tmp//merged.lef at line 1322.

WARNING (LEFPARS-2036): SOURCE statement is obsolete in version 5.6 and later.
The LEF parser will ignore this statement.
To avoid this warning in the future, remove this statement from the LEF file with version 5.6 or later. See file /openLANE_flow/designs/sb_1__1_/runs/01-09_13-44//tmp//merged.lef at line 1442.

[LEF] Parsed 1500 number of lines!!
WARNING (LEFPARS-2036): SOURCE statement is obsolete in version 5.6 and later.
The LEF parser will ignore this statement.
To avoid this warning in the future, remove this statement from the LEF file with version 5.6 or later. See file /openLANE_flow/designs/sb_1__1_/runs/01-09_13-44//tmp//merged.lef at line 1589.

WARNING (LEFPARS-2036): SOURCE statement is obsolete in version 5.6 and later.
The LEF parser will ignore this statement.
To avoid this warning in the future, remove this statement from the LEF file with version 5.6 or later. See file /openLANE_flow/designs/sb_1__1_/runs/01-09_13-44//tmp//merged.lef at line 1777.

WARNING (LEFPARS-2036): SOURCE statement is obsolete in version 5.6 and later.
The LEF parser will ignore this statement.
To avoid this warning in the future, remove this statement from the LEF file with version 5.6 or later. See file /openLANE_flow/designs/sb_1__1_/runs/01-09_13-44//tmp//merged.lef at line 1886.

WARNING (LEFPARS-2036): SOURCE statement is obsolete in version 5.6 and later.
The LEF parser will ignore this statement.
To avoid this warning in the future, remove this statement from the LEF file with version 5.6 or later. See file /openLANE_flow/designs/sb_1__1_/runs/01-09_13-44//tmp//merged.lef at line 1999.

[LEF] Parsed 2000 number of lines!!
WARNING (LEFPARS-2036): SOURCE statement is obsolete in version 5.6 and later.
The LEF parser will ignore this statement.
To avoid this warning in the future, remove this statement from the LEF file with version 5.6 or later. See file /openLANE_flow/designs/sb_1__1_/runs/01-09_13-44//tmp//merged.lef at line 2148.

WARNING (LEFPARS-2036): SOURCE statement is obsolete in version 5.6 and later.
The LEF parser will ignore this statement.
To avoid this warning in the future, remove this statement from the LEF file with version 5.6 or later. See file /openLANE_flow/designs/sb_1__1_/runs/01-09_13-44//tmp//merged.lef at line 2253.

WARNING (LEFPARS-2036): SOURCE statement is obsolete in version 5.6 and later.
The LEF parser will ignore this statement.
To avoid this warning in the future, remove this statement from the LEF file with version 5.6 or later. See file /openLANE_flow/designs/sb_1__1_/runs/01-09_13-44//tmp//merged.lef at line 2380.

[LEF] Parsed 2500 number of lines!!
WARNING (LEFPARS-2036): SOURCE statement is obsolete in version 5.6 and later.
The LEF parser will ignore this statement.
To avoid this warning in the future, remove this statement from the LEF file with version 5.6 or later. See file /openLANE_flow/designs/sb_1__1_/runs/01-09_13-44//tmp//merged.lef at line 2547.

WARNING (LEFPARS-2036): SOURCE statement is obsolete in version 5.6 and later.
The LEF parser will ignore this statement.
To avoid this warning in the future, remove this statement from the LEF file with version 5.6 or later. See file /openLANE_flow/designs/sb_1__1_/runs/01-09_13-44//tmp//merged.lef at line 2653.

WARNING (LEFPARS-2036): SOURCE statement is obsolete in version 5.6 and later.
The LEF parser will ignore this statement.
To avoid this warning in the future, remove this statement from the LEF file with version 5.6 or later. See file /openLANE_flow/designs/sb_1__1_/runs/01-09_13-44//tmp//merged.lef at line 2770.

WARNING (LEFPARS-2036): SOURCE statement is obsolete in version 5.6 and later.
The LEF parser will ignore this statement.
To avoid this warning in the future, remove this statement from the LEF file with version 5.6 or later. See file /openLANE_flow/designs/sb_1__1_/runs/01-09_13-44//tmp//merged.lef at line 2908.

[LEF] Parsed 3000 number of lines!!
WARNING (LEFPARS-2036): SOURCE statement is obsolete in version 5.6 and later.
The LEF parser will ignore this statement.
To avoid this warning in the future, remove this statement from the LEF file with version 5.6 or later. See file /openLANE_flow/designs/sb_1__1_/runs/01-09_13-44//tmp//merged.lef at line 3005.

WARNING (LEFPARS-2036): SOURCE statement is obsolete in version 5.6 and later.
The LEF parser will ignore this statement.
To avoid this warning in the future, remove this statement from the LEF file with version 5.6 or later. See file /openLANE_flow/designs/sb_1__1_/runs/01-09_13-44//tmp//merged.lef at line 3105.

WARNING (LEFPARS-2036): SOURCE statement is obsolete in version 5.6 and later.
The LEF parser will ignore this statement.
To avoid this warning in the future, remove this statement from the LEF file with version 5.6 or later. See file /openLANE_flow/designs/sb_1__1_/runs/01-09_13-44//tmp//merged.lef at line 3219.

WARNING (LEFPARS-2036): SOURCE statement is obsolete in version 5.6 and later.
The LEF parser will ignore this statement.
To avoid this warning in the future, remove this statement from the LEF file with version 5.6 or later. See file /openLANE_flow/designs/sb_1__1_/runs/01-09_13-44//tmp//merged.lef at line 3361.

WARNING (LEFPARS-2036): SOURCE statement is obsolete in version 5.6 and later.
The LEF parser will ignore this statement.
To avoid this warning in the future, remove this statement from the LEF file with version 5.6 or later. See file /openLANE_flow/designs/sb_1__1_/runs/01-09_13-44//tmp//merged.lef at line 3458.

[LEF] Parsed 3500 number of lines!!
WARNING (LEFPARS-2036): SOURCE statement is obsolete in version 5.6 and later.
The LEF parser will ignore this statement.
To avoid this warning in the future, remove this statement from the LEF file with version 5.6 or later. See file /openLANE_flow/designs/sb_1__1_/runs/01-09_13-44//tmp//merged.lef at line 3561.

WARNING (LEFPARS-2036): SOURCE statement is obsolete in version 5.6 and later.
The LEF parser will ignore this statement.
To avoid this warning in the future, remove this statement from the LEF file with version 5.6 or later. See file /openLANE_flow/designs/sb_1__1_/runs/01-09_13-44//tmp//merged.lef at line 3691.

WARNING (LEFPARS-2036): SOURCE statement is obsolete in version 5.6 and later.
The LEF parser will ignore this statement.
To avoid this warning in the future, remove this statement from the LEF file with version 5.6 or later. See file /openLANE_flow/designs/sb_1__1_/runs/01-09_13-44//tmp//merged.lef at line 3783.

WARNING (LEFPARS-2036): SOURCE statement is obsolete in version 5.6 and later.
The LEF parser will ignore this statement.
To avoid this warning in the future, remove this statement from the LEF file with version 5.6 or later. See file /openLANE_flow/designs/sb_1__1_/runs/01-09_13-44//tmp//merged.lef at line 3887.

[LEF] Parsed 4000 number of lines!!
WARNING (LEFPARS-2036): SOURCE statement is obsolete in version 5.6 and later.
The LEF parser will ignore this statement.
To avoid this warning in the future, remove this statement from the LEF file with version 5.6 or later. See file /openLANE_flow/designs/sb_1__1_/runs/01-09_13-44//tmp//merged.lef at line 4018.

WARNING (LEFPARS-2036): SOURCE statement is obsolete in version 5.6 and later.
The LEF parser will ignore this statement.
To avoid this warning in the future, remove this statement from the LEF file with version 5.6 or later. See file /openLANE_flow/designs/sb_1__1_/runs/01-09_13-44//tmp//merged.lef at line 4148.

WARNING (LEFPARS-2036): SOURCE statement is obsolete in version 5.6 and later.
The LEF parser will ignore this statement.
To avoid this warning in the future, remove this statement from the LEF file with version 5.6 or later. See file /openLANE_flow/designs/sb_1__1_/runs/01-09_13-44//tmp//merged.lef at line 4282.

WARNING (LEFPARS-2036): SOURCE statement is obsolete in version 5.6 and later.
The LEF parser will ignore this statement.
To avoid this warning in the future, remove this statement from the LEF file with version 5.6 or later. See file /openLANE_flow/designs/sb_1__1_/runs/01-09_13-44//tmp//merged.lef at line 4467.

[LEF] Parsed 4500 number of lines!!
[LEF] Parsed 5000 number of lines!!
[LEF] Parsed 5500 number of lines!!
[LEF] Parsed 6000 number of lines!!
[LEF] Parsed 6500 number of lines!!
[LEF] Parsed 7000 number of lines!!
[LEF] Parsed 7500 number of lines!!
[LEF] Parsed 8000 number of lines!!
[LEF] Parsed 8500 number of lines!!
[LEF] Parsed 9000 number of lines!!
[LEF] Parsed 9500 number of lines!!
[LEF] Parsed 10000 number of lines!!
[LEF] Parsed 10500 number of lines!!
[LEF] Parsed 11000 number of lines!!
[LEF] Parsed 11500 number of lines!!
[LEF] Parsed 12000 number of lines!!
[LEF] Parsed 12500 number of lines!!
[LEF] Parsed 13000 number of lines!!
[LEF] Parsed 13500 number of lines!!
[LEF] Parsed 14000 number of lines!!
[LEF] Parsed 14500 number of lines!!
[LEF] Parsed 15000 number of lines!!
[LEF] Parsed 15500 number of lines!!
[LEF] Parsed 16000 number of lines!!
[LEF] Parsed 16500 number of lines!!
[LEF] Parsed 17000 number of lines!!
[LEF] Parsed 17500 number of lines!!
[LEF] Parsed 18000 number of lines!!
[LEF] Parsed 18500 number of lines!!
[LEF] Parsed 19000 number of lines!!
[LEF] Parsed 19500 number of lines!!
[LEF] Parsed 20000 number of lines!!
[LEF] Parsed 20500 number of lines!!
[LEF] Parsed 21000 number of lines!!
[LEF] Parsed 21500 number of lines!!
[LEF] Parsed 22000 number of lines!!
[LEF] Parsed 22500 number of lines!!
[LEF] Parsed 23000 number of lines!!
[LEF] Parsed 23500 number of lines!!
[LEF] Parsed 24000 number of lines!!
[LEF] Parsed 24500 number of lines!!
[LEF] Parsed 25000 number of lines!!
[LEF] Parsed 25500 number of lines!!
[LEF] Parsed 26000 number of lines!!
[LEF] Parsed 26500 number of lines!!
[LEF] Parsed 27000 number of lines!!
[LEF] Parsed 27500 number of lines!!
[LEF] Parsed 28000 number of lines!!
[LEF] Parsed 28500 number of lines!!
[LEF] Parsed 29000 number of lines!!
[LEF] Parsed 29500 number of lines!!
[LEF] Parsed 30000 number of lines!!
[LEF] Parsed 30500 number of lines!!
[LEF] Parsed 31000 number of lines!!
[LEF] Parsed 31500 number of lines!!
[LEF] Parsed 32000 number of lines!!
[LEF] Parsed 32500 number of lines!!
[LEF] Parsed 33000 number of lines!!
[LEF] Parsed 33500 number of lines!!
[LEF] Parsed 34000 number of lines!!
[LEF] Parsed 34500 number of lines!!
[LEF] Parsed 35000 number of lines!!
[LEF] Parsed 35500 number of lines!!
[LEF] Parsed 36000 number of lines!!
[LEF] Parsed 36500 number of lines!!
[LEF] Parsed 37000 number of lines!!
[LEF] Parsed 37500 number of lines!!
[LEF] Parsed 38000 number of lines!!
[LEF] Parsed 38500 number of lines!!
[LEF] Parsed 39000 number of lines!!
[LEF] Parsed 39500 number of lines!!
[LEF] Parsed 40000 number of lines!!
[LEF] Parsed 40500 number of lines!!
[LEF] Parsed 41000 number of lines!!
[LEF] Parsed 41500 number of lines!!
[LEF] Parsed 42000 number of lines!!
[LEF] Parsed 42500 number of lines!!
[LEF] Parsed 43000 number of lines!!
[LEF] Parsed 43500 number of lines!!
[LEF] Parsed 44000 number of lines!!
[LEF] Parsed 44500 number of lines!!
[LEF] Parsed 45000 number of lines!!
[LEF] Parsed 45500 number of lines!!
[LEF] Parsed 46000 number of lines!!
[LEF] Parsed 46500 number of lines!!
[LEF] Parsed 47000 number of lines!!
[LEF] Parsed 47500 number of lines!!
[LEF] Parsed 48000 number of lines!!
[LEF] Parsed 48500 number of lines!!
[LEF] Parsed 49000 number of lines!!
[LEF] Parsed 49500 number of lines!!
[LEF] Parsed 50000 number of lines!!
[LEF] Parsed 50500 number of lines!!
[LEF] Parsed 51000 number of lines!!
[LEF] Parsed 51500 number of lines!!
[LEF] Parsed 52000 number of lines!!
[LEF] Parsed 52500 number of lines!!
[LEF] Parsed 53000 number of lines!!
[LEF] Parsed 53500 number of lines!!
[LEF] Parsed 54000 number of lines!!
[LEF] Parsed 54500 number of lines!!
[LEF] Parsed 55000 number of lines!!
[LEF] Parsed 55500 number of lines!!
[LEF] Parsed 56000 number of lines!!
[LEF] Parsed 56500 number of lines!!
[LEF] Parsed 57000 number of lines!!
[LEF] Parsed 57500 number of lines!!
[LEF] Parsed 58000 number of lines!!
[LEF] Parsed 58500 number of lines!!
[LEF] Parsed 59000 number of lines!!
[LEF] Parsed 59500 number of lines!!
[LEF] Parsed 60000 number of lines!!
[LEF] Parsed 60500 number of lines!!
[LEF] Parsed 61000 number of lines!!
[LEF] Parsed 61500 number of lines!!
[LEF] Parsed 62000 number of lines!!
[PROC] End LefParsing
[PROC] Begin DefParsing ...
WARNING (DEFPARS-7011): The NAMESCASESENSITIVE statement is obsolete in version 5.6 and later.
The DEF parser will ignore this statement. See file /openLANE_flow/designs/sb_1__1_/runs/01-09_13-44//results/floorplan/sb_1__1_.floorplan.def at line 2.

[PROC] End DefParsing
[INFO] DefUnit = 1000
[INFO] LefMetal1Name = li1
[INFO] DefSiteName = unithd
[INFO] ScaleDownUnit = 302.222229
[INFO] OffsetCoordi = (2640.000000, 0.000000)
[INFO] RowSize = (1.522059, 9.000000)
[INFO] NumRows = 243
[INFO] MacroCount = 0
[INFO] NumModules = 124
[INFO] NumTerminals = 6325
[INFO] Inserted Dummy Terms = 0
[PROC] Begin Generate Un-fragmented Rows ...
[INFO] CoreAreaLxLy = (27.000000, 36.000000)
[INFO] CoreAreaUxUy = (2215.720459, 2223.000000)
[INFO] RowSize = (1.522059, 9.000000)
[INFO] NumRows = 243
[PROC] End Generate Un-fragmented Rows
[PROC] Begin DEF Net Parsing ...
[INFO] NumNets = 259
[INFO] NumPins = 584
[PROC] End DEF Net Parsing
[PROC] LEF/DEF Parsing Success!
[INFO] AspectRatio = 0.999214
[INFO] RowMinXY = (27.000000, 36.000000)
[INFO] RowMaxXY = (2215.720703, 2223.000000)
[INFO] NumPlaceStdCells = 124
[INFO] NumPlaceMacros = 0
[INFO] RowSize = (1.522059, 9.000000)
[INFO] NumRows = 243
[INFO] GlobalAreaLxLy = (9.496324, 6.617647)
[INFO] GlobalAreaUxUy = (2233.224121, 2254.317871)
[INFO] PlaceAreaLxLy = (27.000000, 36.000000)
[INFO] PlaceAreaUxUy = (2215.720703, 2223.000000)
[INFO] TotalPlaceArea = 4786732.000000
[INFO] TotalFixedArea = 98801.492188
[INFO] TotalWhiteSpaceArea = 4687930.500000
[INFO] TotalPlaceMacrosArea = 0.000000
[INFO] TotalPlaceStdCellsArea = 43123.007812
[INFO] Util(%) = 0.900886
[INFO] 80pCellArea = 353.570343
[INFO] FillerInit: TotalFillerArea = 4176014.500000
[INFO] FillerInit: NumFillerCells = 11811
[INFO] FillerInit: FillerCellArea = 353.570129
[INFO] FillerInit: FillerCellSize = (39.285568, 9.000000)
[INFO] FillerInit: NumCells = 11935
[INFO] FillerInit: NumModules = 124
[INFO] FillerInit: NumFillers = 11811
INFO:  D_MSH = 1024 
INFO:  MSH(X, Y) = (32, 32)
[INFO] TierInit: TierUtil = 0.009009
[INFO] TierInit: NumModules = 124
[INFO] TierInit: PlaceArea = 4786732.000000
[INFO] TierInit: CoreSpacingArea = 0.000000
[INFO] TierInit: TerminalArea = 98801.492188
[INFO] TierInit: ModuleArea = 43123.007812
[INFO] TierInit: FillerArea = 4176014.500000
[INFO] TierInit: NumFillers = 11811
[INFO] TierInit: FillerMinIdx = 124
[INFO] TierInit: FillerMaxIdx = 11935
INFO:  dim_bin_cGP2D.(x,y) = (64, 64)
cell Init 2D:
tier->bin_stp: (34.1988 34.1719)
tier->half_bin_stp: (17.0994 17.0859)
PROC:  Start NESTEROV's Optimization
PROC:    Global Lagrangian Multiplier is Applied

ITER: 0
    HPWL=141443.812500
    OVFL=0.909883
    HPWL=(69082.703125, 72361.109375)
    POTN=4.249270E+06
    PHIC=1.162402E-09
    GRAD=2.436278E-02
    NuBT=0
    CPU =0.000000

ITER: 1
    HPWL=141442.937500
    OVFL=0.909883
    HPWL=(69082.226562, 72360.718750)
    POTN=4.249234E+06
    PHIC=1.220522E-09
    GRAD=3.451211E-02
    NuBT=1
    CPU =0.003648

ITER: 2
    HPWL=141439.156250
    OVFL=0.909883
    HPWL=(69080.085938, 72359.078125)
    POTN=4.249096E+06
    PHIC=1.281548E-09
    GRAD=3.451128E-02
    NuBT=1
    CPU =0.001813

ITER: 3
    HPWL=72887.125000
    OVFL=0.756770
    HPWL=(34927.230469, 37959.890625)
    POTN=3.290690E+06
    PHIC=1.345625E-09
    GRAD=1.092319E-02
    NuBT=2
    CPU =0.003345

ITER: 4
    HPWL=64141.722656
    OVFL=0.737075
    HPWL=(28964.394531, 35177.328125)
    POTN=3.286494E+06
    PHIC=1.412907E-09
    GRAD=5.084370E-03
    NuBT=2
    CPU =0.003340

ITER: 5
    HPWL=64165.414062
    OVFL=0.721319
    HPWL=(28991.230469, 35174.183594)
    POTN=3.226602E+06
    PHIC=1.483547E-09
    GRAD=3.796590E-03
    NuBT=2
    CPU =0.003384

ITER: 6
    HPWL=63604.171875
    OVFL=0.712801
    HPWL=(28561.953125, 35042.218750)
    POTN=3.138824E+06
    PHIC=1.557724E-09
    GRAD=2.697267E-03
    NuBT=2
    CPU =0.003342

ITER: 7
    HPWL=63474.402344
    OVFL=0.694954
    HPWL=(28478.492188, 34995.910156)
    POTN=3.061405E+06
    PHIC=1.635611E-09
    GRAD=2.589342E-03
    NuBT=1
    CPU =0.001778

ITER: 8
    HPWL=63447.042969
    OVFL=0.646927
    HPWL=(28482.777344, 34964.265625)
    POTN=2.944359E+06
    PHIC=1.717391E-09
    GRAD=2.834413E-03
    NuBT=2
    CPU =0.003375

ITER: 9
    HPWL=63247.039062
    OVFL=0.676787
    HPWL=(28351.259766, 34895.781250)
    POTN=2.863400E+06
    PHIC=1.803260E-09
    GRAD=3.358127E-03
    NuBT=2
    CPU =0.003366

ITER: 10
    HPWL=63320.375000
    OVFL=0.609715
    HPWL=(28449.775391, 34870.597656)
    POTN=2.750517E+06
    PHIC=1.893404E-09
    GRAD=3.107747E-03
    NuBT=1
    CPU =0.001793

ITER: 11
    HPWL=63022.785156
    OVFL=0.588283
    HPWL=(28248.707031, 34774.078125)
    POTN=2.667868E+06
    PHIC=1.988074E-09
    GRAD=3.925987E-03
    NuBT=2
    CPU =0.003369

ITER: 12
    HPWL=63054.320312
    OVFL=0.632353
    HPWL=(28320.451172, 34733.867188)
    POTN=2.581116E+06
    PHIC=2.087468E-09
    GRAD=4.613839E-03
    NuBT=1
    CPU =0.001833

ITER: 13
    HPWL=63116.125000
    OVFL=0.579793
    HPWL=(28414.263672, 34701.859375)
    POTN=2.521456E+06
    PHIC=2.191822E-09
    GRAD=4.065083E-03
    NuBT=2
    CPU =0.003351

ITER: 14
    HPWL=62839.843750
    OVFL=0.562752
    HPWL=(28243.808594, 34596.035156)
    POTN=2.453461E+06
    PHIC=2.301413E-09
    GRAD=4.777255E-03
    NuBT=2
    CPU =0.003370

ITER: 15
    HPWL=62795.632812
    OVFL=0.561272
    HPWL=(28258.421875, 34537.210938)
    POTN=2.403208E+06
    PHIC=2.416484E-09
    GRAD=5.365672E-03
    NuBT=2
    CPU =0.003355

ITER: 16
    HPWL=62732.500000
    OVFL=0.588217
    HPWL=(28256.349609, 34476.148438)
    POTN=2.357346E+06
    PHIC=2.537308E-09
    GRAD=5.542122E-03
    NuBT=2
    CPU =0.003348

ITER: 17
    HPWL=62776.468750
    OVFL=0.505102
    HPWL=(28343.076172, 34433.390625)
    POTN=2.322276E+06
    PHIC=2.664156E-09
    GRAD=5.316540E-03
    NuBT=1
    CPU =0.001775

ITER: 18
    HPWL=62361.218750
    OVFL=0.566898
    HPWL=(28065.580078, 34295.640625)
    POTN=2.289026E+06
    PHIC=2.797364E-09
    GRAD=6.764785E-03
    NuBT=2
    CPU =0.003358

ITER: 19
    HPWL=62463.472656
    OVFL=0.545973
    HPWL=(28195.183594, 34268.289062)
    POTN=2.263201E+06
    PHIC=2.937190E-09
    GRAD=5.653070E-03
    NuBT=1
    CPU =0.001784

ITER: 20
    HPWL=62547.234375
    OVFL=0.499035
    HPWL=(28319.917969, 34227.316406)
    POTN=2.237228E+06
    PHIC=3.084013E-09
    GRAD=7.032655E-03
    NuBT=1
    CPU =0.001781

ITER: 21
    HPWL=62229.335938
    OVFL=0.547390
    HPWL=(28122.865234, 34106.472656)
    POTN=2.228502E+06
    PHIC=3.238213E-09
    GRAD=7.793294E-03
    NuBT=2
    CPU =0.003339

ITER: 22
    HPWL=62460.265625
    OVFL=0.498617
    HPWL=(28359.826172, 34100.437500)
    POTN=2.204384E+06
    PHIC=3.400013E-09
    GRAD=7.444800E-03
    NuBT=1
    CPU =0.001820

ITER: 23
    HPWL=62103.687500
    OVFL=0.486542
    HPWL=(28136.042969, 33967.644531)
    POTN=2.197932E+06
    PHIC=3.570013E-09
    GRAD=8.040809E-03
    NuBT=2
    CPU =0.003336

ITER: 24
    HPWL=62004.191406
    OVFL=0.469449
    HPWL=(28114.406250, 33889.785156)
    POTN=2.179160E+06
    PHIC=3.748514E-09
    GRAD=8.589501E-03
    NuBT=2
    CPU =0.003355

ITER: 25
    HPWL=61816.437500
    OVFL=0.502793
    HPWL=(28022.763672, 33793.675781)
    POTN=2.163292E+06
    PHIC=3.935940E-09
    GRAD=8.996542E-03
    NuBT=2
    CPU =0.003340

ITER: 26
    HPWL=61888.875000
    OVFL=0.464697
    HPWL=(28137.701172, 33751.175781)
    POTN=2.153476E+06
    PHIC=4.132694E-09
    GRAD=8.590671E-03
    NuBT=1
    CPU =0.001799

ITER: 27
    HPWL=61769.359375
    OVFL=0.433715
    HPWL=(28098.787109, 33670.570312)
    POTN=2.141977E+06
    PHIC=4.339329E-09
    GRAD=9.426166E-03
    NuBT=1
    CPU =0.001774

ITER: 28
    HPWL=61523.847656
    OVFL=0.471772
    HPWL=(27964.886719, 33558.960938)
    POTN=2.135680E+06
    PHIC=4.556295E-09
    GRAD=1.002491E-02
    NuBT=2
    CPU =0.003379

ITER: 29
    HPWL=61618.789062
    OVFL=0.456797
    HPWL=(28099.873047, 33518.914062)
    POTN=2.129194E+06
    PHIC=4.784046E-09
    GRAD=9.153095E-03
    NuBT=1
    CPU =0.001778

ITER: 30
    HPWL=61606.921875
    OVFL=0.425431
    HPWL=(28150.849609, 33456.070312)
    POTN=2.123810E+06
    PHIC=5.023248E-09
    GRAD=1.019679E-02
    NuBT=1
    CPU =0.001768

ITER: 31
    HPWL=61379.648438
    OVFL=0.421021
    HPWL=(28028.589844, 33351.058594)
    POTN=2.119724E+06
    PHIC=5.274410E-09
    GRAD=1.089352E-02
    NuBT=2
    CPU =0.003383

ITER: 32
    HPWL=61394.453125
    OVFL=0.449443
    HPWL=(28101.269531, 33293.183594)
    POTN=2.104631E+06
    PHIC=5.538119E-09
    GRAD=1.167976E-02
    NuBT=2
    CPU =0.003344

ITER: 33
    HPWL=61464.414062
    OVFL=0.409063
    HPWL=(28214.121094, 33250.292969)
    POTN=2.099116E+06
    PHIC=5.814967E-09
    GRAD=1.115240E-02
    NuBT=2
    CPU =0.003391

ITER: 34
    HPWL=61219.707031
    OVFL=0.383404
    HPWL=(28082.437500, 33137.269531)
    POTN=2.086001E+06
    PHIC=6.105715E-09
    GRAD=1.207321E-02
    NuBT=2
    CPU =0.003439

ITER: 35
    HPWL=61053.015625
    OVFL=0.383748
    HPWL=(28009.095703, 33043.921875)
    POTN=2.081181E+06
    PHIC=6.411001E-09
    GRAD=1.307829E-02
    NuBT=2
    CPU =0.003329

ITER: 36
    HPWL=60978.285156
    OVFL=0.414610
    HPWL=(28005.847656, 32972.437500)
    POTN=2.068408E+06
    PHIC=6.731550E-09
    GRAD=1.335279E-02
    NuBT=2
    CPU =0.003330

ITER: 37
    HPWL=61012.050781
    OVFL=0.379113
    HPWL=(28088.640625, 32923.410156)
    POTN=2.062267E+06
    PHIC=7.068094E-09
    GRAD=1.227553E-02
    NuBT=1
    CPU =0.001757

ITER: 38
    HPWL=60836.828125
    OVFL=0.390025
    HPWL=(28011.029297, 32825.800781)
    POTN=2.052334E+06
    PHIC=7.421499E-09
    GRAD=1.327225E-02
    NuBT=1
    CPU =0.001829

ITER: 39
    HPWL=60756.492188
    OVFL=0.338483
    HPWL=(28004.791016, 32751.699219)
    POTN=2.042714E+06
    PHIC=7.792573E-09
    GRAD=1.254263E-02
    NuBT=2
    CPU =0.003363

ITER: 40
    HPWL=60556.546875
    OVFL=0.382969
    HPWL=(27906.769531, 32649.779297)
    POTN=2.037942E+06
    PHIC=8.182201E-09
    GRAD=1.514164E-02
    NuBT=2
    CPU =0.003401

ITER: 41
    HPWL=60605.031250
    OVFL=0.380778
    HPWL=(27996.947266, 32608.085938)
    POTN=2.035458E+06
    PHIC=8.591252E-09
    GRAD=1.304722E-02
    NuBT=1
    CPU =0.001786

ITER: 42
    HPWL=60546.730469
    OVFL=0.367646
    HPWL=(28011.406250, 32535.324219)
    POTN=2.030104E+06
    PHIC=9.020814E-09
    GRAD=1.319134E-02
    NuBT=1
    CPU =0.001765

ITER: 43
    HPWL=60418.156250
    OVFL=0.383676
    HPWL=(27970.437500, 32447.716797)
    POTN=2.037610E+06
    PHIC=9.471854E-09
    GRAD=1.368214E-02
    NuBT=2
    CPU =0.003407

ITER: 44
    HPWL=60404.250000
    OVFL=0.330101
    HPWL=(28018.347656, 32385.902344)
    POTN=2.035229E+06
    PHIC=9.945446E-09
    GRAD=1.311936E-02
    NuBT=1
    CPU =0.001791

ITER: 45
    HPWL=60176.234375
    OVFL=0.327172
    HPWL=(27901.154297, 32275.078125)
    POTN=2.042769E+06
    PHIC=1.044272E-08
    GRAD=1.566318E-02
    NuBT=2
    CPU =0.003543

ITER: 46
    HPWL=60155.554688
    OVFL=0.324364
    HPWL=(27938.974609, 32216.580078)
    POTN=2.049181E+06
    PHIC=1.096485E-08
    GRAD=1.637676E-02
    NuBT=2
    CPU =0.003366

ITER: 47
    HPWL=60103.074219
    OVFL=0.358923
    HPWL=(27954.322266, 32148.751953)
    POTN=2.058676E+06
    PHIC=1.151310E-08
    GRAD=1.684198E-02
    NuBT=2
    CPU =0.003354

ITER: 48
    HPWL=60109.886719
    OVFL=0.329030
    HPWL=(28016.558594, 32093.328125)
    POTN=2.061460E+06
    PHIC=1.208874E-08
    GRAD=1.511976E-02
    NuBT=1
    CPU =0.001803

ITER: 49
    HPWL=59968.437500
    OVFL=0.346710
    HPWL=(27969.177734, 31999.257812)
    POTN=2.068110E+06
    PHIC=1.269318E-08
    GRAD=1.667242E-02
    NuBT=1
    CPU =0.001789

ITER: 50
    HPWL=59925.242188
    OVFL=0.342326
    HPWL=(27995.210938, 31930.033203)
    POTN=2.073982E+06
    PHIC=1.332783E-08
    GRAD=1.576610E-02
    NuBT=1
    CPU =0.001765

ITER: 51
    HPWL=59782.644531
    OVFL=0.333967
    HPWL=(27946.978516, 31835.666016)
    POTN=2.078399E+06
    PHIC=1.399423E-08
    GRAD=1.545979E-02
    NuBT=1
    CPU =0.001775

ITER: 52
    HPWL=59667.593750
    OVFL=0.354216
    HPWL=(27919.083984, 31748.511719)
    POTN=2.085534E+06
    PHIC=1.469394E-08
    GRAD=1.575248E-02
    NuBT=1
    CPU =0.001780

ITER: 53
    HPWL=59620.476562
    OVFL=0.318550
    HPWL=(27943.611328, 31676.867188)
    POTN=2.086574E+06
    PHIC=1.542863E-08
    GRAD=1.454658E-02
    NuBT=1
    CPU =0.001834

ITER: 54
    HPWL=59503.453125
    OVFL=0.324633
    HPWL=(27916.638672, 31586.816406)
    POTN=2.085092E+06
    PHIC=1.620006E-08
    GRAD=1.689429E-02
    NuBT=1
    CPU =0.001783

ITER: 55
    HPWL=59409.859375
    OVFL=0.301373
    HPWL=(27903.890625, 31505.966797)
    POTN=2.082247E+06
    PHIC=1.701007E-08
    GRAD=1.642218E-02
    NuBT=2
    CPU =0.003358

ITER: 56
    HPWL=59286.468750
    OVFL=0.309091
    HPWL=(27870.453125, 31416.015625)
    POTN=2.074646E+06
    PHIC=1.786057E-08
    GRAD=1.799426E-02
    NuBT=2
    CPU =0.003413

ITER: 57
    HPWL=59270.312500
    OVFL=0.325446
    HPWL=(27918.335938, 31351.978516)
    POTN=2.068028E+06
    PHIC=1.875360E-08
    GRAD=1.802469E-02
    NuBT=1
    CPU =0.001820

ITER: 58
    HPWL=59218.617188
    OVFL=0.316818
    HPWL=(27942.166016, 31276.449219)
    POTN=2.054268E+06
    PHIC=1.969127E-08
    GRAD=1.705801E-02
    NuBT=1
    CPU =0.001961

ITER: 59
    HPWL=59045.367188
    OVFL=0.327156
    HPWL=(27874.037109, 31171.332031)
    POTN=2.043993E+06
    PHIC=2.067584E-08
    GRAD=1.693769E-02
    NuBT=1
    CPU =0.001787

ITER: 60
    HPWL=58963.398438
    OVFL=0.323638
    HPWL=(27876.617188, 31086.781250)
    POTN=2.034298E+06
    PHIC=2.170963E-08
    GRAD=1.617084E-02
    NuBT=1
    CPU =0.001794

ITER: 61
    HPWL=58921.640625
    OVFL=0.329699
    HPWL=(27912.173828, 31009.464844)
    POTN=2.028329E+06
    PHIC=2.279511E-08
    GRAD=1.669866E-02
    NuBT=1
    CPU =0.001823

ITER: 62
    HPWL=58832.296875
    OVFL=0.353769
    HPWL=(27910.125000, 30922.173828)
    POTN=2.022756E+06
    PHIC=2.393486E-08
    GRAD=1.627232E-02
    NuBT=2
    CPU =0.003359

ITER: 63
    HPWL=58739.289062
    OVFL=0.342154
    HPWL=(27906.261719, 30833.029297)
    POTN=2.019268E+06
    PHIC=2.513161E-08
    GRAD=1.455375E-02
    NuBT=1
    CPU =0.001837

ITER: 64
    HPWL=58598.531250
    OVFL=0.363811
    HPWL=(27866.091797, 30732.437500)
    POTN=2.015694E+06
    PHIC=2.638819E-08
    GRAD=1.487128E-02
    NuBT=1
    CPU =0.001764

ITER: 65
    HPWL=58592.148438
    OVFL=0.383994
    HPWL=(27929.171875, 30662.974609)
    POTN=2.016834E+06
    PHIC=2.770759E-08
    GRAD=1.392561E-02
    NuBT=1
    CPU =0.001765

ITER: 66
    HPWL=58551.875000
    OVFL=0.377803
    HPWL=(27963.439453, 30588.433594)
    POTN=2.015334E+06
    PHIC=2.909297E-08
    GRAD=1.286288E-02
    NuBT=1
    CPU =0.001768

ITER: 67
    HPWL=58453.515625
    OVFL=0.387030
    HPWL=(27944.585938, 30508.927734)
    POTN=2.019363E+06
    PHIC=3.054762E-08
    GRAD=1.304318E-02
    NuBT=1
    CPU =0.001769

ITER: 68
    HPWL=58443.789062
    OVFL=0.416185
    HPWL=(27994.337891, 30449.451172)
    POTN=2.025450E+06
    PHIC=3.207500E-08
    GRAD=1.290402E-02
    NuBT=1
    CPU =0.001836

ITER: 69
    HPWL=58395.609375
    OVFL=0.386268
    HPWL=(28006.058594, 30389.550781)
    POTN=2.032726E+06
    PHIC=3.367875E-08
    GRAD=1.128553E-02
    NuBT=1
    CPU =0.001772

ITER: 70
    HPWL=58263.109375
    OVFL=0.426409
    HPWL=(27935.962891, 30327.144531)
    POTN=2.038347E+06
    PHIC=3.536269E-08
    GRAD=1.241481E-02
    NuBT=1
    CPU =0.001775

ITER: 71
    HPWL=58321.984375
    OVFL=0.442039
    HPWL=(28025.484375, 30296.498047)
    POTN=2.043884E+06
    PHIC=3.713051E-08
    GRAD=1.093134E-02
    NuBT=1
    CPU =0.001777

ITER: 72
    HPWL=58227.257812
    OVFL=0.445533
    HPWL=(27975.650391, 30251.605469)
    POTN=2.047090E+06
    PHIC=3.898703E-08
    GRAD=9.764294E-03
    NuBT=1
    CPU =0.001785

ITER: 73
    HPWL=58199.140625
    OVFL=0.483526
    HPWL=(27963.648438, 30235.490234)
    POTN=2.051139E+06
    PHIC=4.093638E-08
    GRAD=9.321696E-03
    NuBT=1
    CPU =0.001826

ITER: 74
    HPWL=58403.386719
    OVFL=0.482757
    HPWL=(28123.232422, 30280.154297)
    POTN=2.049538E+06
    PHIC=4.298196E-08
    GRAD=8.709690E-03
    NuBT=1
    CPU =0.001835

ITER: 75
    HPWL=58442.671875
    OVFL=0.504682
    HPWL=(28120.755859, 30321.917969)
    POTN=2.048391E+06
    PHIC=4.513080E-08
    GRAD=8.544368E-03
    NuBT=1
    CPU =0.001784

ITER: 76
    HPWL=58530.460938
    OVFL=0.490095
    HPWL=(28147.302734, 30383.156250)
    POTN=2.040120E+06
    PHIC=4.738676E-08
    GRAD=7.790708E-03
    NuBT=1
    CPU =0.001774

ITER: 77
    HPWL=58512.515625
    OVFL=0.508024
    HPWL=(28088.083984, 30424.431641)
    POTN=2.036563E+06
    PHIC=4.975609E-08
    GRAD=7.956504E-03
    NuBT=1
    CPU =0.001778

ITER: 78
    HPWL=58565.902344
    OVFL=0.504792
    HPWL=(28106.345703, 30459.556641)
    POTN=2.028261E+06
    PHIC=5.224350E-08
    GRAD=7.294824E-03
    NuBT=2
    CPU =0.003398

ITER: 79
    HPWL=58561.890625
    OVFL=0.503594
    HPWL=(28084.058594, 30477.832031)
    POTN=2.030848E+06
    PHIC=5.485568E-08
    GRAD=7.302196E-03
    NuBT=1
    CPU =0.001797

ITER: 80
    HPWL=58614.914062
    OVFL=0.485107
    HPWL=(28118.193359, 30496.718750)
    POTN=2.032377E+06
    PHIC=5.759803E-08
    GRAD=7.508232E-03
    NuBT=1
    CPU =0.001773

ITER: 81
    HPWL=58541.527344
    OVFL=0.535952
    HPWL=(28057.535156, 30483.992188)
    POTN=2.041960E+06
    PHIC=6.047792E-08
    GRAD=7.976243E-03
    NuBT=2
    CPU =0.003393

ITER: 82
    HPWL=58604.296875
    OVFL=0.519539
    HPWL=(28113.855469, 30490.439453)
    POTN=2.042628E+06
    PHIC=6.350125E-08
    GRAD=6.630864E-03
    NuBT=1
    CPU =0.001780

ITER: 83
    HPWL=58441.476562
    OVFL=0.495193
    HPWL=(27982.550781, 30458.925781)
    POTN=2.052380E+06
    PHIC=6.667631E-08
    GRAD=6.335269E-03
    NuBT=1
    CPU =0.001855

ITER: 84
    HPWL=58438.722656
    OVFL=0.486904
    HPWL=(27985.697266, 30453.025391)
    POTN=2.057212E+06
    PHIC=7.001012E-08
    GRAD=7.232454E-03
    NuBT=2
    CPU =0.003401

ITER: 85
    HPWL=58465.722656
    OVFL=0.492618
    HPWL=(28021.871094, 30443.851562)
    POTN=2.060322E+06
    PHIC=7.351034E-08
    GRAD=7.705605E-03
    NuBT=2
    CPU =0.003348

ITER: 86
    HPWL=58519.382812
    OVFL=0.516943
    HPWL=(28081.546875, 30437.833984)
    POTN=2.061259E+06
    PHIC=7.718527E-08
    GRAD=7.704197E-03
    NuBT=2
    CPU =0.003514

ITER: 87
    HPWL=58558.140625
    OVFL=0.545238
    HPWL=(28127.244141, 30430.894531)
    POTN=2.058400E+06
    PHIC=8.104409E-08
    GRAD=7.162671E-03
    NuBT=2
    CPU =0.003357

ITER: 88
    HPWL=58472.328125
    OVFL=0.545471
    HPWL=(28070.427734, 30401.902344)
    POTN=2.051154E+06
    PHIC=8.509629E-08
    GRAD=6.397191E-03
    NuBT=1
    CPU =0.001780

ITER: 89
    HPWL=58357.835938
    OVFL=0.501662
    HPWL=(27989.111328, 30368.724609)
    POTN=2.049251E+06
    PHIC=8.935110E-08
    GRAD=5.651988E-03
    NuBT=1
    CPU =0.001829

ITER: 90
    HPWL=58354.882812
    OVFL=0.535447
    HPWL=(27998.632812, 30356.251953)
    POTN=2.047018E+06
    PHIC=9.381865E-08
    GRAD=7.154021E-03
    NuBT=2
    CPU =0.003359

ITER: 91
    HPWL=58383.453125
    OVFL=0.545314
    HPWL=(28044.330078, 30339.121094)
    POTN=2.036145E+06
    PHIC=9.850918E-08
    GRAD=6.013962E-03
    NuBT=2
    CPU =0.003413

ITER: 92
    HPWL=58385.078125
    OVFL=0.564954
    HPWL=(28056.824219, 30328.255859)
    POTN=2.030380E+06
    PHIC=1.034346E-07
    GRAD=5.728936E-03
    NuBT=1
    CPU =0.001773

ITER: 93
    HPWL=58446.011719
    OVFL=0.505441
    HPWL=(28115.183594, 30330.828125)
    POTN=2.020817E+06
    PHIC=1.086054E-07
    GRAD=5.435697E-03
    NuBT=1
    CPU =0.001778

ITER: 94
    HPWL=58232.335938
    OVFL=0.539776
    HPWL=(27956.472656, 30275.861328)
    POTN=2.013594E+06
    PHIC=1.140357E-07
    GRAD=6.894607E-03
    NuBT=2
    CPU =0.003357

ITER: 95
    HPWL=58300.609375
    OVFL=0.540154
    HPWL=(28036.136719, 30264.472656)
    POTN=2.011081E+06
    PHIC=1.197363E-07
    GRAD=5.808699E-03
    NuBT=1
    CPU =0.001813

ITER: 96
    HPWL=58348.121094
    OVFL=0.497512
    HPWL=(28078.785156, 30269.335938)
    POTN=2.003050E+06
    PHIC=1.257223E-07
    GRAD=5.907096E-03
    NuBT=2
    CPU =0.003361

ITER: 97
    HPWL=58167.464844
    OVFL=0.544657
    HPWL=(27945.371094, 30222.093750)
    POTN=2.004038E+06
    PHIC=1.320084E-07
    GRAD=6.957217E-03
    NuBT=2
    CPU =0.003340

ITER: 98
    HPWL=58256.390625
    OVFL=0.519026
    HPWL=(28040.982422, 30215.408203)
    POTN=2.003346E+06
    PHIC=1.386070E-07
    GRAD=5.818015E-03
    NuBT=1
    CPU =0.001875

ITER: 99
    HPWL=58246.230469
    OVFL=0.520339
    HPWL=(28031.167969, 30215.062500)
    POTN=2.002484E+06
    PHIC=1.455374E-07
    GRAD=6.269794E-03
    NuBT=2
    CPU =0.003381

ITER: 100
    HPWL=58352.367188
    OVFL=0.522947
    HPWL=(28124.505859, 30227.859375)
    POTN=1.986908E+06
    PHIC=1.528120E-07
    GRAD=6.513149E-03
    NuBT=1
    CPU =0.001776

ITER: 101
    HPWL=58346.109375
    OVFL=0.494316
    HPWL=(28127.681641, 30218.427734)
    POTN=1.980878E+06
    PHIC=1.604526E-07
    GRAD=6.379644E-03
    NuBT=2
    CPU =0.003347

ITER: 102
    HPWL=58246.824219
    OVFL=0.530750
    HPWL=(28057.935547, 30188.888672)
    POTN=1.965727E+06
    PHIC=1.684752E-07
    GRAD=7.062883E-03
    NuBT=2
    CPU =0.003367

ITER: 103
    HPWL=58305.425781
    OVFL=0.516405
    HPWL=(28129.322266, 30176.103516)
    POTN=1.955592E+06
    PHIC=1.768975E-07
    GRAD=6.199613E-03
    NuBT=1
    CPU =0.001778

ITER: 104
    HPWL=58297.812500
    OVFL=0.528320
    HPWL=(28122.789062, 30175.021484)
    POTN=1.938922E+06
    PHIC=1.857424E-07
    GRAD=6.384735E-03
    NuBT=1
    CPU =0.001770

ITER: 105
    HPWL=58364.265625
    OVFL=0.537668
    HPWL=(28184.021484, 30180.244141)
    POTN=1.919076E+06
    PHIC=1.950276E-07
    GRAD=6.182743E-03
    NuBT=1
    CPU =0.001776

ITER: 106
    HPWL=58385.054688
    OVFL=0.491524
    HPWL=(28203.488281, 30181.566406)
    POTN=1.900796E+06
    PHIC=2.047784E-07
    GRAD=5.891506E-03
    NuBT=1
    CPU =0.001787

ITER: 107
    HPWL=58247.660156
    OVFL=0.548339
    HPWL=(28097.333984, 30150.326172)
    POTN=1.884563E+06
    PHIC=2.150173E-07
    GRAD=7.167066E-03
    NuBT=2
    CPU =0.003339

ITER: 108
    HPWL=58234.769531
    OVFL=0.549915
    HPWL=(28120.195312, 30114.574219)
    POTN=1.864708E+06
    PHIC=2.257681E-07
    GRAD=5.387157E-03
    NuBT=2
    CPU =0.003349

ITER: 109
    HPWL=58184.398438
    OVFL=0.521635
    HPWL=(28074.009766, 30110.390625)
    POTN=1.846992E+06
    PHIC=2.370565E-07
    GRAD=5.143669E-03
    NuBT=1
    CPU =0.001771

ITER: 110
    HPWL=58314.648438
    OVFL=0.557179
    HPWL=(28165.789062, 30148.859375)
    POTN=1.831709E+06
    PHIC=2.489048E-07
    GRAD=6.050263E-03
    NuBT=2
    CPU =0.003410

ITER: 111
    HPWL=58354.757812
    OVFL=0.545892
    HPWL=(28214.076172, 30140.683594)
    POTN=1.815616E+06
    PHIC=2.613485E-07
    GRAD=5.064100E-03
    NuBT=2
    CPU =0.003358

ITER: 112
    HPWL=58335.921875
    OVFL=0.550371
    HPWL=(28197.330078, 30138.593750)
    POTN=1.793483E+06
    PHIC=2.744159E-07
    GRAD=5.214922E-03
    NuBT=1
    CPU =0.001887

ITER: 113
    HPWL=58431.613281
    OVFL=0.561814
    HPWL=(28280.373047, 30151.240234)
    POTN=1.774308E+06
    PHIC=2.881328E-07
    GRAD=5.178181E-03
    NuBT=2
    CPU =0.003367

ITER: 114
    HPWL=58496.242188
    OVFL=0.520845
    HPWL=(28336.708984, 30159.533203)
    POTN=1.743991E+06
    PHIC=3.025367E-07
    GRAD=4.943840E-03
    NuBT=2
    CPU =0.003353

ITER: 115
    HPWL=58433.515625
    OVFL=0.545199
    HPWL=(28289.960938, 30143.556641)
    POTN=1.718256E+06
    PHIC=3.176635E-07
    GRAD=6.100402E-03
    NuBT=2
    CPU =0.003349

ITER: 116
    HPWL=58458.851562
    OVFL=0.533644
    HPWL=(28339.919922, 30118.933594)
    POTN=1.691237E+06
    PHIC=3.335455E-07
    GRAD=5.266026E-03
    NuBT=1
    CPU =0.001778

ITER: 117
    HPWL=58513.976562
    OVFL=0.538258
    HPWL=(28386.164062, 30127.812500)
    POTN=1.657293E+06
    PHIC=3.502201E-07
    GRAD=5.618469E-03
    NuBT=2
    CPU =0.003364

ITER: 118
    HPWL=58598.621094
    OVFL=0.559974
    HPWL=(28463.666016, 30134.955078)
    POTN=1.623408E+06
    PHIC=3.677267E-07
    GRAD=5.593918E-03
    NuBT=2
    CPU =0.003354

ITER: 119
    HPWL=58601.968750
    OVFL=0.526297
    HPWL=(28472.310547, 30129.656250)
    POTN=1.585994E+06
    PHIC=3.861128E-07
    GRAD=5.209156E-03
    NuBT=2
    CPU =0.003343

ITER: 120
    HPWL=58583.500000
    OVFL=0.536757
    HPWL=(28453.871094, 30129.626953)
    POTN=1.548863E+06
    PHIC=4.054184E-07
    GRAD=5.801001E-03
    NuBT=1
    CPU =0.001788

ITER: 121
    HPWL=58618.820312
    OVFL=0.543071
    HPWL=(28498.880859, 30119.939453)
    POTN=1.516410E+06
    PHIC=4.256872E-07
    GRAD=5.521588E-03
    NuBT=1
    CPU =0.001804

ITER: 122
    HPWL=58670.226562
    OVFL=0.512194
    HPWL=(28544.203125, 30126.021484)
    POTN=1.472463E+06
    PHIC=4.469683E-07
    GRAD=5.397969E-03
    NuBT=2
    CPU =0.003386

ITER: 123
    HPWL=58601.359375
    OVFL=0.520827
    HPWL=(28492.226562, 30109.132812)
    POTN=1.434823E+06
    PHIC=4.693167E-07
    GRAD=6.240331E-03
    NuBT=2
    CPU =0.003332

ITER: 124
    HPWL=58604.492188
    OVFL=0.525521
    HPWL=(28509.609375, 30094.880859)
    POTN=1.398716E+06
    PHIC=4.927822E-07
    GRAD=5.890203E-03
    NuBT=1
    CPU =0.001790

ITER: 125
    HPWL=58676.800781
    OVFL=0.498638
    HPWL=(28572.117188, 30104.683594)
    POTN=1.354583E+06
    PHIC=5.174160E-07
    GRAD=5.830082E-03
    NuBT=2
    CPU =0.003380

ITER: 126
    HPWL=58602.441406
    OVFL=0.504651
    HPWL=(28518.410156, 30084.031250)
    POTN=1.312478E+06
    PHIC=5.432868E-07
    GRAD=6.568894E-03
    NuBT=2
    CPU =0.003365

ITER: 127
    HPWL=58637.070312
    OVFL=0.537409
    HPWL=(28557.441406, 30079.630859)
    POTN=1.273105E+06
    PHIC=5.704484E-07
    GRAD=6.408711E-03
    NuBT=1
    CPU =0.001791

ITER: 128
    HPWL=58660.917969
    OVFL=0.532082
    HPWL=(28581.041016, 30079.876953)
    POTN=1.230361E+06
    PHIC=5.989687E-07
    GRAD=5.946652E-03
    NuBT=2
    CPU =0.003375

ITER: 129
    HPWL=58648.152344
    OVFL=0.517887
    HPWL=(28568.052734, 30080.099609)
    POTN=1.186382E+06
    PHIC=6.289171E-07
    GRAD=5.629533E-03
    NuBT=1
    CPU =0.001802

ITER: 130
    HPWL=58840.679688
    OVFL=0.495015
    HPWL=(28708.281250, 30132.400391)
    POTN=1.139165E+06
    PHIC=6.603451E-07
    GRAD=6.190999E-03
    NuBT=2
    CPU =0.003355

ITER: 131
    HPWL=58715.414062
    OVFL=0.494023
    HPWL=(28608.304688, 30107.111328)
    POTN=1.094270E+06
    PHIC=6.933623E-07
    GRAD=6.909773E-03
    NuBT=2
    CPU =0.003357

ITER: 132
    HPWL=58695.496094
    OVFL=0.527106
    HPWL=(28615.613281, 30079.882812)
    POTN=1.049354E+06
    PHIC=7.280303E-07
    GRAD=6.890549E-03
    NuBT=1
    CPU =0.001782

ITER: 133
    HPWL=58840.535156
    OVFL=0.525537
    HPWL=(28737.742188, 30102.792969)
    POTN=1.000020E+06
    PHIC=7.644162E-07
    GRAD=6.054338E-03
    NuBT=2
    CPU =0.003448

ITER: 134
    HPWL=58785.656250
    OVFL=0.493851
    HPWL=(28684.648438, 30101.007812)
    POTN=9.530406E+05
    PHIC=8.026370E-07
    GRAD=5.909543E-03
    NuBT=2
    CPU =0.003553

ITER: 135
    HPWL=58719.714844
    OVFL=0.461869
    HPWL=(28622.091797, 30097.623047)
    POTN=9.065982E+05
    PHIC=8.427688E-07
    GRAD=6.745698E-03
    NuBT=2
    CPU =0.003404

ITER: 136
    HPWL=58704.625000
    OVFL=0.484343
    HPWL=(28617.560547, 30087.062500)
    POTN=8.630171E+05
    PHIC=8.849072E-07
    GRAD=8.043464E-03
    NuBT=1
    CPU =0.001782

ITER: 137
    HPWL=58810.906250
    OVFL=0.498290
    HPWL=(28732.992188, 30077.916016)
    POTN=8.141290E+05
    PHIC=9.291386E-07
    GRAD=7.498525E-03
    NuBT=1
    CPU =0.001786

ITER: 138
    HPWL=58746.281250
    OVFL=0.475333
    HPWL=(28680.283203, 30065.996094)
    POTN=7.718209E+05
    PHIC=9.755955E-07
    GRAD=7.130988E-03
    NuBT=2
    CPU =0.003375

ITER: 139
    HPWL=58750.984375
    OVFL=0.450954
    HPWL=(28662.935547, 30088.046875)
    POTN=7.289153E+05
    PHIC=1.024375E-06
    GRAD=7.527933E-03
    NuBT=1
    CPU =0.001787

ITER: 140
    HPWL=58710.718750
    OVFL=0.474762
    HPWL=(28624.982422, 30085.734375)
    POTN=6.879385E+05
    PHIC=1.075593E-06
    GRAD=8.444106E-03
    NuBT=2
    CPU =0.003357

ITER: 141
    HPWL=58714.375000
    OVFL=0.475321
    HPWL=(28640.494141, 30073.878906)
    POTN=6.498753E+05
    PHIC=1.129372E-06
    GRAD=7.657143E-03
    NuBT=1
    CPU =0.001769

ITER: 142
    HPWL=58771.406250
    OVFL=0.431903
    HPWL=(28668.373047, 30103.033203)
    POTN=6.112031E+05
    PHIC=1.185831E-06
    GRAD=7.715637E-03
    NuBT=1
    CPU =0.001780

ITER: 143
    HPWL=58624.968750
    OVFL=0.439855
    HPWL=(28540.257812, 30084.710938)
    POTN=5.779062E+05
    PHIC=1.245123E-06
    GRAD=9.268299E-03
    NuBT=2
    CPU =0.003365

ITER: 144
    HPWL=58550.031250
    OVFL=0.455602
    HPWL=(28498.769531, 30051.263672)
    POTN=5.437388E+05
    PHIC=1.307379E-06
    GRAD=8.806285E-03
    NuBT=1
    CPU =0.001867

ITER: 145
    HPWL=58622.398438
    OVFL=0.431274
    HPWL=(28550.535156, 30071.861328)
    POTN=5.119178E+05
    PHIC=1.372734E-06
    GRAD=8.371110E-03
    NuBT=2
    CPU =0.003362

ITER: 146
    HPWL=58568.828125
    OVFL=0.437979
    HPWL=(28493.099609, 30075.728516)
    POTN=4.847629E+05
    PHIC=1.441370E-06
    GRAD=9.271656E-03
    NuBT=2
    CPU =0.003359

ITER: 147
    HPWL=58629.902344
    OVFL=0.459030
    HPWL=(28540.068359, 30089.833984)
    POTN=4.539245E+05
    PHIC=1.513426E-06
    GRAD=9.273215E-03
    NuBT=1
    CPU =0.001790

ITER: 148
    HPWL=58673.976562
    OVFL=0.445518
    HPWL=(28560.265625, 30113.708984)
    POTN=4.283531E+05
    PHIC=1.589087E-06
    GRAD=8.664720E-03
    NuBT=2
    CPU =0.003361

ITER: 149
    HPWL=58697.058594
    OVFL=0.401949
    HPWL=(28551.335938, 30145.722656)
    POTN=4.061079E+05
    PHIC=1.668536E-06
    GRAD=9.147295E-03
    NuBT=1
    CPU =0.001785

ITER: 150
    HPWL=58530.593750
    OVFL=0.413374
    HPWL=(28406.462891, 30124.132812)
    POTN=3.887066E+05
    PHIC=1.751962E-06
    GRAD=1.093148E-02
    NuBT=2
    CPU =0.003374

ITER: 151
    HPWL=58491.089844
    OVFL=0.455288
    HPWL=(28402.212891, 30088.876953)
    POTN=3.723703E+05
    PHIC=1.839561E-06
    GRAD=1.041802E-02
    NuBT=1
    CPU =0.001776

ITER: 152
    HPWL=58588.890625
    OVFL=0.420910
    HPWL=(28470.779297, 30118.113281)
    POTN=3.551654E+05
    PHIC=1.931512E-06
    GRAD=9.119633E-03
    NuBT=2
    CPU =0.003354

ITER: 153
    HPWL=58513.917969
    OVFL=0.383690
    HPWL=(28381.267578, 30132.650391)
    POTN=3.446744E+05
    PHIC=2.028088E-06
    GRAD=1.008851E-02
    NuBT=2
    CPU =0.003362

ITER: 154
    HPWL=58412.816406
    OVFL=0.429669
    HPWL=(28292.640625, 30120.175781)
    POTN=3.402801E+05
    PHIC=2.129492E-06
    GRAD=1.191953E-02
    NuBT=2
    CPU =0.003361

ITER: 155
    HPWL=58447.855469
    OVFL=0.430964
    HPWL=(28346.779297, 30101.076172)
    POTN=3.281819E+05
    PHIC=2.235955E-06
    GRAD=1.013343E-02
    NuBT=1
    CPU =0.001840

ITER: 156
    HPWL=58489.539062
    OVFL=0.408888
    HPWL=(28348.712891, 30140.824219)
    POTN=3.238045E+05
    PHIC=2.347739E-06
    GRAD=1.000992E-02
    NuBT=1
    CPU =0.001830

ITER: 157
    HPWL=58448.558594
    OVFL=0.395231
    HPWL=(28291.042969, 30157.515625)
    POTN=3.229790E+05
    PHIC=2.465126E-06
    GRAD=1.084296E-02
    NuBT=2
    CPU =0.003382

ITER: 158
    HPWL=58408.734375
    OVFL=0.374271
    HPWL=(28253.093750, 30155.638672)
    POTN=3.206580E+05
    PHIC=2.588382E-06
    GRAD=1.159207E-02
    NuBT=2
    CPU =0.003374

ITER: 159
    HPWL=58340.625000
    OVFL=0.415266
    HPWL=(28201.322266, 30139.300781)
    POTN=3.250552E+05
    PHIC=2.717801E-06
    GRAD=1.279064E-02
    NuBT=2
    CPU =0.003355

ITER: 160
    HPWL=58357.800781
    OVFL=0.417404
    HPWL=(28230.322266, 30127.478516)
    POTN=3.230283E+05
    PHIC=2.853684E-06
    GRAD=1.106055E-02
    NuBT=2
    CPU =0.003367

ITER: 161
    HPWL=58313.007812
    OVFL=0.407564
    HPWL=(28170.746094, 30142.259766)
    POTN=3.280795E+05
    PHIC=2.996368E-06
    GRAD=1.060474E-02
    NuBT=1
    CPU =0.001774

ITER: 162
    HPWL=58306.484375
    OVFL=0.417559
    HPWL=(28140.693359, 30165.789062)
    POTN=3.338011E+05
    PHIC=3.146187E-06
    GRAD=1.095085E-02
    NuBT=1
    CPU =0.001779

ITER: 163
    HPWL=58327.355469
    OVFL=0.380757
    HPWL=(28143.414062, 30183.941406)
    POTN=3.422567E+05
    PHIC=3.303486E-06
    GRAD=1.062863E-02
    NuBT=2
    CPU =0.003353

ITER: 164
    HPWL=58206.453125
    OVFL=0.369982
    HPWL=(28031.337891, 30175.113281)
    POTN=3.510054E+05
    PHIC=3.468660E-06
    GRAD=1.228771E-02
    NuBT=2
    CPU =0.003364

ITER: 165
    HPWL=58225.625000
    OVFL=0.371507
    HPWL=(28062.367188, 30163.255859)
    POTN=3.643185E+05
    PHIC=3.642083E-06
    GRAD=1.342223E-02
    NuBT=1
    CPU =0.001772

ITER: 166
    HPWL=58187.218750
    OVFL=0.379802
    HPWL=(28041.798828, 30145.421875)
    POTN=3.758278E+05
    PHIC=3.824187E-06
    GRAD=1.342992E-02
    NuBT=2
    CPU =0.003368

ITER: 167
    HPWL=58198.031250
    OVFL=0.405089
    HPWL=(28049.683594, 30148.349609)
    POTN=3.922996E+05
    PHIC=4.015390E-06
    GRAD=1.330862E-02
    NuBT=1
    CPU =0.001888

ITER: 168
    HPWL=58179.585938
    OVFL=0.389080
    HPWL=(28026.521484, 30153.066406)
    POTN=4.037756E+05
    PHIC=4.216159E-06
    GRAD=1.202855E-02
    NuBT=1
    CPU =0.001859

ITER: 169
    HPWL=58050.046875
    OVFL=0.413281
    HPWL=(27902.197266, 30147.847656)
    POTN=4.210184E+05
    PHIC=4.426967E-06
    GRAD=1.191508E-02
    NuBT=1
    CPU =0.001780

ITER: 170
    HPWL=58099.277344
    OVFL=0.396893
    HPWL=(27932.431641, 30166.845703)
    POTN=4.357947E+05
    PHIC=4.648283E-06
    GRAD=1.091761E-02
    NuBT=1
    CPU =0.001817

ITER: 171
    HPWL=58191.109375
    OVFL=0.405224
    HPWL=(27983.232422, 30207.876953)
    POTN=4.487901E+05
    PHIC=4.880634E-06
    GRAD=1.210551E-02
    NuBT=1
    CPU =0.001790

ITER: 172
    HPWL=58149.304688
    OVFL=0.427637
    HPWL=(27947.457031, 30201.845703)
    POTN=4.677957E+05
    PHIC=5.124665E-06
    GRAD=1.142749E-02
    NuBT=2
    CPU =0.003358

ITER: 173
    HPWL=58134.089844
    OVFL=0.405093
    HPWL=(27930.009766, 30204.080078)
    POTN=4.787754E+05
    PHIC=5.380898E-06
    GRAD=1.015147E-02
    NuBT=1
    CPU =0.001791

ITER: 174
    HPWL=58128.347656
    OVFL=0.423525
    HPWL=(27911.496094, 30216.851562)
    POTN=4.932445E+05
    PHIC=5.649943E-06
    GRAD=1.123998E-02
    NuBT=1
    CPU =0.001787

ITER: 175
    HPWL=58221.289062
    OVFL=0.432424
    HPWL=(27991.990234, 30229.296875)
    POTN=5.078970E+05
    PHIC=5.932362E-06
    GRAD=1.076594E-02
    NuBT=1
    CPU =0.001783

ITER: 176
    HPWL=58222.203125
    OVFL=0.430801
    HPWL=(27986.355469, 30235.849609)
    POTN=5.173437E+05
    PHIC=6.228979E-06
    GRAD=1.024771E-02
    NuBT=1
    CPU =0.001783

ITER: 177
    HPWL=58159.093750
    OVFL=0.445422
    HPWL=(27930.951172, 30228.140625)
    POTN=5.277258E+05
    PHIC=6.540428E-06
    GRAD=9.937190E-03
    NuBT=1
    CPU =0.001773

ITER: 178
    HPWL=58174.828125
    OVFL=0.448536
    HPWL=(27942.902344, 30231.925781)
    POTN=5.361538E+05
    PHIC=6.867434E-06
    GRAD=9.304919E-03
    NuBT=1
    CPU =0.001779

ITER: 179
    HPWL=58204.179688
    OVFL=0.458830
    HPWL=(27961.130859, 30243.048828)
    POTN=5.351443E+05
    PHIC=7.210775E-06
    GRAD=9.196376E-03
    NuBT=1
    CPU =0.001795

ITER: 180
    HPWL=58261.421875
    OVFL=0.486541
    HPWL=(28004.949219, 30256.472656)
    POTN=5.357122E+05
    PHIC=7.571253E-06
    GRAD=8.934984E-03
    NuBT=1
    CPU =0.001783

ITER: 181
    HPWL=58268.855469
    OVFL=0.470265
    HPWL=(28008.548828, 30260.306641)
    POTN=5.246647E+05
    PHIC=7.949807E-06
    GRAD=7.862316E-03
    NuBT=1
    CPU =0.001775

ITER: 182
    HPWL=58193.699219
    OVFL=0.493574
    HPWL=(27940.367188, 30253.332031)
    POTN=5.102345E+05
    PHIC=8.347297E-06
    GRAD=8.049999E-03
    NuBT=1
    CPU =0.001783

ITER: 183
    HPWL=58246.695312
    OVFL=0.499959
    HPWL=(27985.296875, 30261.398438)
    POTN=4.857642E+05
    PHIC=8.764596E-06
    GRAD=7.312679E-03
    NuBT=2
    CPU =0.003467

ITER: 184
    HPWL=58287.644531
    OVFL=0.494635
    HPWL=(28011.812500, 30275.832031)
    POTN=4.563267E+05
    PHIC=9.202772E-06
    GRAD=7.162308E-03
    NuBT=1
    CPU =0.001785

ITER: 185
    HPWL=58305.281250
    OVFL=0.497220
    HPWL=(28023.111328, 30282.167969)
    POTN=4.239834E+05
    PHIC=9.662886E-06
    GRAD=7.404223E-03
    NuBT=2
    CPU =0.003360

ITER: 186
    HPWL=58295.421875
    OVFL=0.504988
    HPWL=(28017.267578, 30278.156250)
    POTN=3.944983E+05
    PHIC=1.014603E-05
    GRAD=7.271422E-03
    NuBT=2
    CPU =0.003381

ITER: 187
    HPWL=58315.097656
    OVFL=0.480043
    HPWL=(28034.693359, 30280.404297)
    POTN=3.587477E+05
    PHIC=1.065330E-05
    GRAD=7.036367E-03
    NuBT=1
    CPU =0.001792

ITER: 188
    HPWL=58243.992188
    OVFL=0.449101
    HPWL=(27978.550781, 30265.441406)
    POTN=3.258284E+05
    PHIC=1.118597E-05
    GRAD=7.815450E-03
    NuBT=2
    CPU =0.003347

ITER: 189
    HPWL=58219.726562
    OVFL=0.445759
    HPWL=(27969.064453, 30250.660156)
    POTN=2.997632E+05
    PHIC=1.174526E-05
    GRAD=9.177939E-03
    NuBT=2
    CPU =0.003345

ITER: 190
    HPWL=58341.710938
    OVFL=0.451021
    HPWL=(28088.101562, 30253.607422)
    POTN=2.784733E+05
    PHIC=1.233231E-05
    GRAD=9.921557E-03
    NuBT=2
    CPU =0.003341

ITER: 191
    HPWL=58346.632812
    OVFL=0.455577
    HPWL=(28105.083984, 30241.548828)
    POTN=2.681143E+05
    PHIC=1.294892E-05
    GRAD=9.769189E-03
    NuBT=2
    CPU =0.003511

ITER: 192
    HPWL=58308.328125
    OVFL=0.473427
    HPWL=(28078.593750, 30229.734375)
    POTN=2.635864E+05
    PHIC=1.359637E-05
    GRAD=9.521849E-03
    NuBT=2
    CPU =0.003358

ITER: 193
    HPWL=58305.625000
    OVFL=0.484577
    HPWL=(28075.119141, 30230.503906)
    POTN=2.653142E+05
    PHIC=1.427618E-05
    GRAD=8.948085E-03
    NuBT=1
    CPU =0.001859

ITER: 194
    HPWL=58229.367188
    OVFL=0.483080
    HPWL=(28006.726562, 30222.642578)
    POTN=2.684587E+05
    PHIC=1.498999E-05
    GRAD=8.016822E-03
    NuBT=1
    CPU =0.001854

ITER: 195
    HPWL=58265.835938
    OVFL=0.474896
    HPWL=(28024.474609, 30241.361328)
    POTN=2.729849E+05
    PHIC=1.573941E-05
    GRAD=7.826201E-03
    NuBT=1
    CPU =0.001785

ITER: 196
    HPWL=58259.089844
    OVFL=0.455583
    HPWL=(28013.214844, 30245.875000)
    POTN=2.796336E+05
    PHIC=1.652638E-05
    GRAD=8.075230E-03
    NuBT=2
    CPU =0.003370

ITER: 197
    HPWL=58158.015625
    OVFL=0.433954
    HPWL=(27933.083984, 30224.931641)
    POTN=2.888863E+05
    PHIC=1.735270E-05
    GRAD=8.668004E-03
    NuBT=2
    CPU =0.003353

ITER: 198
    HPWL=58164.148438
    OVFL=0.433496
    HPWL=(27949.583984, 30214.562500)
    POTN=2.951213E+05
    PHIC=1.822031E-05
    GRAD=9.772444E-03
    NuBT=2
    CPU =0.003442

ITER: 199
    HPWL=58255.187500
    OVFL=0.442862
    HPWL=(28043.720703, 30211.464844)
    POTN=2.986449E+05
    PHIC=1.913108E-05
    GRAD=1.019862E-02
    NuBT=2
    CPU =0.003341

ITER: 200
    HPWL=58273.929688
    OVFL=0.451219
    HPWL=(28070.441406, 30203.486328)
    POTN=2.986088E+05
    PHIC=2.008759E-05
    GRAD=9.842006E-03
    NuBT=2
    CPU =0.003510

ITER: 201
    HPWL=58218.578125
    OVFL=0.465820
    HPWL=(28027.773438, 30190.802734)
    POTN=2.944825E+05
    PHIC=2.109196E-05
    GRAD=9.323419E-03
    NuBT=2
    CPU =0.003415

ITER: 202
    HPWL=58158.968750
    OVFL=0.474938
    HPWL=(27976.455078, 30182.513672)
    POTN=2.842703E+05
    PHIC=2.214656E-05
    GRAD=8.642005E-03
    NuBT=1
    CPU =0.001821

ITER: 203
    HPWL=58090.191406
    OVFL=0.476211
    HPWL=(27911.355469, 30178.835938)
    POTN=2.678338E+05
    PHIC=2.325389E-05
    GRAD=7.883162E-03
    NuBT=1
    CPU =0.001911

ITER: 204
    HPWL=58200.898438
    OVFL=0.471802
    HPWL=(27986.240234, 30214.660156)
    POTN=2.396818E+05
    PHIC=2.441620E-05
    GRAD=7.860253E-03
    NuBT=1
    CPU =0.001806

ITER: 205
    HPWL=58206.101562
    OVFL=0.470010
    HPWL=(27982.601562, 30223.501953)
    POTN=2.119964E+05
    PHIC=2.563699E-05
    GRAD=8.032283E-03
    NuBT=2
    CPU =0.003432

ITER: 206
    HPWL=58196.714844
    OVFL=0.466934
    HPWL=(27973.714844, 30223.000000)
    POTN=1.834412E+05
    PHIC=2.691884E-05
    GRAD=8.108231E-03
    NuBT=2
    CPU =0.003452

ITER: 207
    HPWL=58221.839844
    OVFL=0.463094
    HPWL=(27993.740234, 30228.099609)
    POTN=1.565634E+05
    PHIC=2.826468E-05
    GRAD=8.341474E-03
    NuBT=2
    CPU =0.003479

ITER: 208
    HPWL=58245.691406
    OVFL=0.461356
    HPWL=(28013.660156, 30232.031250)
    POTN=1.356452E+05
    PHIC=2.967781E-05
    GRAD=8.591062E-03
    NuBT=2
    CPU =0.003399

ITER: 209
    HPWL=58321.183594
    OVFL=0.465764
    HPWL=(28074.703125, 30246.480469)
    POTN=1.213785E+05
    PHIC=3.116137E-05
    GRAD=8.979411E-03
    NuBT=1
    CPU =0.001818

ITER: 210
    HPWL=58299.164062
    OVFL=0.455356
    HPWL=(28057.185547, 30241.980469)
    POTN=1.147528E+05
    PHIC=3.271943E-05
    GRAD=8.705790E-03
    NuBT=2
    CPU =0.003390

ITER: 211
    HPWL=58268.910156
    OVFL=0.433866
    HPWL=(28028.996094, 30239.914062)
    POTN=1.134934E+05
    PHIC=3.435540E-05
    GRAD=9.038309E-03
    NuBT=1
    CPU =0.001809

ITER: 212
    HPWL=58181.507812
    OVFL=0.422559
    HPWL=(27961.027344, 30220.480469)
    POTN=1.182077E+05
    PHIC=3.607317E-05
    GRAD=9.727641E-03
    NuBT=2
    CPU =0.003405

ITER: 213
    HPWL=58227.648438
    OVFL=0.411726
    HPWL=(28010.953125, 30216.695312)
    POTN=1.250757E+05
    PHIC=3.787658E-05
    GRAD=1.065455E-02
    NuBT=1
    CPU =0.001800

ITER: 214
    HPWL=58154.125000
    OVFL=0.403301
    HPWL=(27966.640625, 30187.484375)
    POTN=1.340642E+05
    PHIC=3.977041E-05
    GRAD=1.099459E-02
    NuBT=2
    CPU =0.003390

ITER: 215
    HPWL=58113.113281
    OVFL=0.395242
    HPWL=(27949.253906, 30163.859375)
    POTN=1.388260E+05
    PHIC=4.175893E-05
    GRAD=1.140550E-02
    NuBT=2
    CPU =0.003494

ITER: 216
    HPWL=58045.457031
    OVFL=0.381268
    HPWL=(27910.457031, 30135.000000)
    POTN=1.378505E+05
    PHIC=4.384687E-05
    GRAD=1.172074E-02
    NuBT=2
    CPU =0.003447

ITER: 217
    HPWL=57976.582031
    OVFL=0.370869
    HPWL=(27871.205078, 30105.376953)
    POTN=1.288693E+05
    PHIC=4.603921E-05
    GRAD=1.232357E-02
    NuBT=2
    CPU =0.003394

ITER: 218
    HPWL=57959.320312
    OVFL=0.363589
    HPWL=(27879.550781, 30079.767578)
    POTN=1.138738E+05
    PHIC=4.834117E-05
    GRAD=1.300259E-02
    NuBT=2
    CPU =0.003413

ITER: 219
    HPWL=57932.648438
    OVFL=0.357829
    HPWL=(27878.599609, 30054.046875)
    POTN=9.787028E+04
    PHIC=5.075823E-05
    GRAD=1.346500E-02
    NuBT=2
    CPU =0.003390

ITER: 220
    HPWL=57922.953125
    OVFL=0.351491
    HPWL=(27883.121094, 30039.830078)
    POTN=8.205112E+04
    PHIC=5.329614E-05
    GRAD=1.389487E-02
    NuBT=2
    CPU =0.003393

ITER: 221
    HPWL=57907.421875
    OVFL=0.350637
    HPWL=(27882.464844, 30024.958984)
    POTN=6.856143E+04
    PHIC=5.596094E-05
    GRAD=1.432697E-02
    NuBT=2
    CPU =0.003417

ITER: 222
    HPWL=57906.437500
    OVFL=0.347062
    HPWL=(27893.199219, 30013.236328)
    POTN=5.809483E+04
    PHIC=5.875899E-05
    GRAD=1.447946E-02
    NuBT=2
    CPU =0.003387

ITER: 223
    HPWL=57899.375000
    OVFL=0.335047
    HPWL=(27895.306641, 30004.066406)
    POTN=5.080879E+04
    PHIC=6.169693E-05
    GRAD=1.472437E-02
    NuBT=2
    CPU =0.003401

ITER: 224
    HPWL=57867.601562
    OVFL=0.315213
    HPWL=(27875.998047, 29991.605469)
    POTN=4.703734E+04
    PHIC=6.478178E-05
    GRAD=1.539692E-02
    NuBT=2
    CPU =0.003447

ITER: 225
    HPWL=57816.515625
    OVFL=0.300209
    HPWL=(27844.902344, 29971.611328)
    POTN=4.629991E+04
    PHIC=6.802087E-05
    GRAD=1.663361E-02
    NuBT=2
    CPU =0.003398

ITER: 226
    HPWL=57777.863281
    OVFL=0.292721
    HPWL=(27828.886719, 29948.976562)
    POTN=4.693904E+04
    PHIC=7.142191E-05
    GRAD=1.771263E-02
    NuBT=2
    CPU =0.003401

ITER: 227
    HPWL=57757.773438
    OVFL=0.297276
    HPWL=(27828.646484, 29929.125000)
    POTN=4.948395E+04
    PHIC=7.499300E-05
    GRAD=1.837067E-02
    NuBT=2
    CPU =0.003422

ITER: 228
    HPWL=57743.437500
    OVFL=0.303057
    HPWL=(27830.423828, 29913.013672)
    POTN=5.183140E+04
    PHIC=7.874264E-05
    GRAD=1.810658E-02
    NuBT=2
    CPU =0.003398

ITER: 229
    HPWL=57731.859375
    OVFL=0.304152
    HPWL=(27828.445312, 29903.414062)
    POTN=5.317908E+04
    PHIC=8.267977E-05
    GRAD=1.768306E-02
    NuBT=2
    CPU =0.003391

ITER: 230
    HPWL=57732.660156
    OVFL=0.296193
    HPWL=(27831.031250, 29901.628906)
    POTN=5.230856E+04
    PHIC=8.681374E-05
    GRAD=1.753163E-02
    NuBT=1
    CPU =0.001823

ITER: 231
    HPWL=57739.421875
    OVFL=0.279986
    HPWL=(27835.017578, 29904.402344)
    POTN=4.981284E+04
    PHIC=9.115435E-05
    GRAD=1.811744E-02
    NuBT=1
    CPU =0.001810

ITER: 232
    HPWL=57690.132812
    OVFL=0.259323
    HPWL=(27796.474609, 29893.658203)
    POTN=4.621424E+04
    PHIC=9.571206E-05
    GRAD=1.910834E-02
    NuBT=2
    CPU =0.003464

ITER: 233
    HPWL=57657.117188
    OVFL=0.245887
    HPWL=(27772.070312, 29885.046875)
    POTN=4.183466E+04
    PHIC=1.004977E-04
    GRAD=2.074634E-02
    NuBT=2
    CPU =0.003420

ITER: 234
    HPWL=57647.148438
    OVFL=0.231967
    HPWL=(27768.046875, 29879.101562)
    POTN=3.671271E+04
    PHIC=1.055225E-04
    GRAD=2.202366E-02
    NuBT=2
    CPU =0.003430

ITER: 235
    HPWL=57625.476562
    OVFL=0.228386
    HPWL=(27754.906250, 29870.570312)
    POTN=3.215716E+04
    PHIC=1.107987E-04
    GRAD=2.328142E-02
    NuBT=2
    CPU =0.003390

ITER: 236
    HPWL=57622.929688
    OVFL=0.223003
    HPWL=(27758.287109, 29864.644531)
    POTN=2.829221E+04
    PHIC=1.163386E-04
    GRAD=2.380028E-02
    NuBT=2
    CPU =0.003405

ITER: 237
    HPWL=57612.121094
    OVFL=0.223428
    HPWL=(27752.580078, 29859.541016)
    POTN=2.540838E+04
    PHIC=1.221555E-04
    GRAD=2.429591E-02
    NuBT=2
    CPU =0.003475

ITER: 238
    HPWL=57619.035156
    OVFL=0.211903
    HPWL=(27758.966797, 29860.068359)
    POTN=2.303276E+04
    PHIC=1.282632E-04
    GRAD=2.438465E-02
    NuBT=2
    CPU =0.003393

ITER: 239
    HPWL=57608.363281
    OVFL=0.200268
    HPWL=(27747.261719, 29861.101562)
    POTN=2.156136E+04
    PHIC=1.346763E-04
    GRAD=2.524420E-02
    NuBT=2
    CPU =0.003394

ITER: 240
    HPWL=57578.101562
    OVFL=0.190281
    HPWL=(27719.421875, 29858.679688)
    POTN=2.100896E+04
    PHIC=1.414101E-04
    GRAD=2.607835E-02
    NuBT=2
    CPU =0.003408

ITER: 241
    HPWL=57564.660156
    OVFL=0.168164
    HPWL=(27706.572266, 29858.087891)
    POTN=2.060081E+04
    PHIC=1.484806E-04
    GRAD=2.690194E-02
    NuBT=2
    CPU =0.003395

ITER: 242
    HPWL=57531.226562
    OVFL=0.152279
    HPWL=(27678.445312, 29852.779297)
    POTN=2.087362E+04
    PHIC=1.559046E-04
    GRAD=2.855653E-02
    NuBT=2
    CPU =0.003496

ITER: 243
    HPWL=57510.757812
    OVFL=0.143018
    HPWL=(27664.523438, 29846.232422)
    POTN=2.149322E+04
    PHIC=1.636999E-04
    GRAD=2.987947E-02
    NuBT=2
    CPU =0.003489

ITER: 244
    HPWL=57504.152344
    OVFL=0.145884
    HPWL=(27663.984375, 29840.167969)
    POTN=2.223099E+04
    PHIC=1.718849E-04
    GRAD=3.077964E-02
    NuBT=2
    CPU =0.003405

ITER: 245
    HPWL=57499.347656
    OVFL=0.146151
    HPWL=(27664.667969, 29834.679688)
    POTN=2.267270E+04
    PHIC=1.804791E-04
    GRAD=3.079344E-02
    NuBT=2
    CPU =0.003438

ITER: 246
    HPWL=57486.042969
    OVFL=0.145148
    HPWL=(27655.908203, 29830.134766)
    POTN=2.254484E+04
    PHIC=1.895030E-04
    GRAD=3.072921E-02
    NuBT=2
    CPU =0.003393

ITER: 247
    HPWL=57480.281250
    OVFL=0.139206
    HPWL=(27652.660156, 29827.621094)
    POTN=2.158818E+04
    PHIC=1.989782E-04
    GRAD=3.084067E-02
    NuBT=1
    CPU =0.001814

ITER: 248
    HPWL=57474.175781
    OVFL=0.124637
    HPWL=(27647.664062, 29826.511719)
    POTN=2.010580E+04
    PHIC=2.089271E-04
    GRAD=3.143209E-02
    NuBT=1
    CPU =0.001808

ITER: 249
    HPWL=57422.000000
    OVFL=0.110338
    HPWL=(27607.044922, 29814.955078)
    POTN=1.836608E+04
    PHIC=2.193734E-04
    GRAD=3.204913E-02
    NuBT=2
    CPU =0.003407

ITER: 250
    HPWL=57389.914062
    OVFL=0.100158
    HPWL=(27583.763672, 29806.152344)
    POTN=1.664371E+04
    PHIC=2.303421E-04
    GRAD=3.292971E-02
    NuBT=2
    CPU =0.003399

ITER: 251
    HPWL=57374.281250
    OVFL=0.097003
    HPWL=(27574.972656, 29799.308594)
    POTN=1.512624E+04
    PHIC=2.418592E-04
    GRAD=3.370920E-02
    NuBT=2
    CPU =0.003396
[INFO] Nesterov: NumIters = 251
[INFO] Nesterov: ScaledHpwl = 57374.281250
[INFO] Nesterov: Overflow = 0.097003
[INFO] Nesterov: Potential = 15126.237305
[INFO] Nesterov: xInstScaledHpwl = 57241.660156
[INFO] Nesterov: yInstScaledHpwl = 57374.281250
[INFO] Nesterov: HPWL = 17299.701172
