
 /----------------------------------------------------------------------------\
 |                                                                            |
 |  yosys -- Yosys Open SYnthesis Suite                                       |
 |                                                                            |
 |  Copyright (C) 2012 - 2020  Claire Wolf <claire@symbioticeda.com>          |
 |                                                                            |
 |  Permission to use, copy, modify, and/or distribute this software for any  |
 |  purpose with or without fee is hereby granted, provided that the above    |
 |  copyright notice and this permission notice appear in all copies.         |
 |                                                                            |
 |  THE SOFTWARE IS PROVIDED "AS IS" AND THE AUTHOR DISCLAIMS ALL WARRANTIES  |
 |  WITH REGARD TO THIS SOFTWARE INCLUDING ALL IMPLIED WARRANTIES OF          |
 |  MERCHANTABILITY AND FITNESS. IN NO EVENT SHALL THE AUTHOR BE LIABLE FOR   |
 |  ANY SPECIAL, DIRECT, INDIRECT, OR CONSEQUENTIAL DAMAGES OR ANY DAMAGES    |
 |  WHATSOEVER RESULTING FROM LOSS OF USE, DATA OR PROFITS, WHETHER IN AN     |
 |  ACTION OF CONTRACT, NEGLIGENCE OR OTHER TORTIOUS ACTION, ARISING OUT OF   |
 |  OR IN CONNECTION WITH THE USE OR PERFORMANCE OF THIS SOFTWARE.            |
 |                                                                            |
 \----------------------------------------------------------------------------/

 Yosys 0.9+2406 (git sha1 347dd01, gcc 8.3.1 -fPIC -Os)

[TCL: yosys -import] Command name collision: found pre-existing command `cd' -> skip.
[TCL: yosys -import] Command name collision: found pre-existing command `eval' -> skip.
[TCL: yosys -import] Command name collision: found pre-existing command `exec' -> skip.
[TCL: yosys -import] Command name collision: found pre-existing command `read' -> skip.
[TCL: yosys -import] Command name collision: found pre-existing command `trace' -> skip.

1. Executing Verilog-2005 frontend: /openLANE_flow/designs/sb_1__1_/runs/02-09_19-12//results/synthesis/sb_1__1_.synthesis_cts.v
Parsing Verilog input from `/openLANE_flow/designs/sb_1__1_/runs/02-09_19-12//results/synthesis/sb_1__1_.synthesis_cts.v' to AST representation.
Generating RTLIL representation for module `\sb_1__1_'.
/openLANE_flow/designs/sb_1__1_/runs/02-09_19-12//results/synthesis/sb_1__1_.synthesis_cts.v:102: Warning: Identifier `\mem_bottom_track_1.ccff_head' is implicitly declared.
/openLANE_flow/designs/sb_1__1_/runs/02-09_19-12//results/synthesis/sb_1__1_.synthesis_cts.v:103: Warning: Identifier `\mem_bottom_track_1.sc_dff_compact_0_.Q' is implicitly declared.
/openLANE_flow/designs/sb_1__1_/runs/02-09_19-12//results/synthesis/sb_1__1_.synthesis_cts.v:104: Warning: Identifier `\mem_bottom_track_1.sc_dff_compact_0_.Qb' is implicitly declared.
/openLANE_flow/designs/sb_1__1_/runs/02-09_19-12//results/synthesis/sb_1__1_.synthesis_cts.v:106: Warning: Identifier `\clknet_3_1_0_prog_clk' is implicitly declared.
/openLANE_flow/designs/sb_1__1_/runs/02-09_19-12//results/synthesis/sb_1__1_.synthesis_cts.v:108: Warning: Identifier `\mem_bottom_track_1.sc_dff_compact_1_.Q' is implicitly declared.
/openLANE_flow/designs/sb_1__1_/runs/02-09_19-12//results/synthesis/sb_1__1_.synthesis_cts.v:109: Warning: Identifier `\mem_bottom_track_1.sc_dff_compact_1_.Qb' is implicitly declared.
/openLANE_flow/designs/sb_1__1_/runs/02-09_19-12//results/synthesis/sb_1__1_.synthesis_cts.v:111: Warning: Identifier `\clknet_3_3_0_prog_clk' is implicitly declared.
/openLANE_flow/designs/sb_1__1_/runs/02-09_19-12//results/synthesis/sb_1__1_.synthesis_cts.v:113: Warning: Identifier `\mem_bottom_track_1.sc_dff_compact_2_.Q' is implicitly declared.
/openLANE_flow/designs/sb_1__1_/runs/02-09_19-12//results/synthesis/sb_1__1_.synthesis_cts.v:114: Warning: Identifier `\mem_bottom_track_1.sc_dff_compact_2_.Qb' is implicitly declared.
/openLANE_flow/designs/sb_1__1_/runs/02-09_19-12//results/synthesis/sb_1__1_.synthesis_cts.v:116: Warning: Identifier `\clknet_3_4_0_prog_clk' is implicitly declared.
/openLANE_flow/designs/sb_1__1_/runs/02-09_19-12//results/synthesis/sb_1__1_.synthesis_cts.v:118: Warning: Identifier `\mem_bottom_track_1.sc_dff_compact_3_.Q' is implicitly declared.
/openLANE_flow/designs/sb_1__1_/runs/02-09_19-12//results/synthesis/sb_1__1_.synthesis_cts.v:119: Warning: Identifier `\mem_bottom_track_1.sc_dff_compact_3_.Qb' is implicitly declared.
/openLANE_flow/designs/sb_1__1_/runs/02-09_19-12//results/synthesis/sb_1__1_.synthesis_cts.v:123: Warning: Identifier `\mem_bottom_track_1.sc_dff_compact_4_.Q' is implicitly declared.
/openLANE_flow/designs/sb_1__1_/runs/02-09_19-12//results/synthesis/sb_1__1_.synthesis_cts.v:124: Warning: Identifier `\mem_bottom_track_1.sc_dff_compact_4_.Qb' is implicitly declared.
/openLANE_flow/designs/sb_1__1_/runs/02-09_19-12//results/synthesis/sb_1__1_.synthesis_cts.v:128: Warning: Identifier `\mem_bottom_track_1.sc_dff_compact_5_.Q' is implicitly declared.
/openLANE_flow/designs/sb_1__1_/runs/02-09_19-12//results/synthesis/sb_1__1_.synthesis_cts.v:129: Warning: Identifier `\mem_bottom_track_1.sc_dff_compact_5_.Qb' is implicitly declared.
/openLANE_flow/designs/sb_1__1_/runs/02-09_19-12//results/synthesis/sb_1__1_.synthesis_cts.v:133: Warning: Identifier `\mem_bottom_track_1.sc_dff_compact_6_.Q' is implicitly declared.
/openLANE_flow/designs/sb_1__1_/runs/02-09_19-12//results/synthesis/sb_1__1_.synthesis_cts.v:134: Warning: Identifier `\mem_bottom_track_1.sc_dff_compact_6_.Qb' is implicitly declared.
/openLANE_flow/designs/sb_1__1_/runs/02-09_19-12//results/synthesis/sb_1__1_.synthesis_cts.v:138: Warning: Identifier `\mem_bottom_track_1.ccff_tail' is implicitly declared.
/openLANE_flow/designs/sb_1__1_/runs/02-09_19-12//results/synthesis/sb_1__1_.synthesis_cts.v:139: Warning: Identifier `\mem_bottom_track_1.sc_dff_compact_7_.Qb' is implicitly declared.
/openLANE_flow/designs/sb_1__1_/runs/02-09_19-12//results/synthesis/sb_1__1_.synthesis_cts.v:142: Warning: Identifier `\mem_bottom_track_17.ccff_head' is implicitly declared.
/openLANE_flow/designs/sb_1__1_/runs/02-09_19-12//results/synthesis/sb_1__1_.synthesis_cts.v:143: Warning: Identifier `\mem_bottom_track_17.sc_dff_compact_0_.Q' is implicitly declared.
/openLANE_flow/designs/sb_1__1_/runs/02-09_19-12//results/synthesis/sb_1__1_.synthesis_cts.v:144: Warning: Identifier `\mem_bottom_track_17.sc_dff_compact_0_.Qb' is implicitly declared.
/openLANE_flow/designs/sb_1__1_/runs/02-09_19-12//results/synthesis/sb_1__1_.synthesis_cts.v:146: Warning: Identifier `\clknet_3_5_0_prog_clk' is implicitly declared.
/openLANE_flow/designs/sb_1__1_/runs/02-09_19-12//results/synthesis/sb_1__1_.synthesis_cts.v:148: Warning: Identifier `\mem_bottom_track_17.sc_dff_compact_1_.Q' is implicitly declared.
/openLANE_flow/designs/sb_1__1_/runs/02-09_19-12//results/synthesis/sb_1__1_.synthesis_cts.v:149: Warning: Identifier `\mem_bottom_track_17.sc_dff_compact_1_.Qb' is implicitly declared.
/openLANE_flow/designs/sb_1__1_/runs/02-09_19-12//results/synthesis/sb_1__1_.synthesis_cts.v:153: Warning: Identifier `\mem_bottom_track_17.sc_dff_compact_2_.Q' is implicitly declared.
/openLANE_flow/designs/sb_1__1_/runs/02-09_19-12//results/synthesis/sb_1__1_.synthesis_cts.v:154: Warning: Identifier `\mem_bottom_track_17.sc_dff_compact_2_.Qb' is implicitly declared.
/openLANE_flow/designs/sb_1__1_/runs/02-09_19-12//results/synthesis/sb_1__1_.synthesis_cts.v:158: Warning: Identifier `\mem_bottom_track_17.sc_dff_compact_3_.Q' is implicitly declared.
/openLANE_flow/designs/sb_1__1_/runs/02-09_19-12//results/synthesis/sb_1__1_.synthesis_cts.v:159: Warning: Identifier `\mem_bottom_track_17.sc_dff_compact_3_.Qb' is implicitly declared.
/openLANE_flow/designs/sb_1__1_/runs/02-09_19-12//results/synthesis/sb_1__1_.synthesis_cts.v:161: Warning: Identifier `\clknet_3_7_0_prog_clk' is implicitly declared.
/openLANE_flow/designs/sb_1__1_/runs/02-09_19-12//results/synthesis/sb_1__1_.synthesis_cts.v:163: Warning: Identifier `\mem_bottom_track_17.sc_dff_compact_4_.Q' is implicitly declared.
/openLANE_flow/designs/sb_1__1_/runs/02-09_19-12//results/synthesis/sb_1__1_.synthesis_cts.v:164: Warning: Identifier `\mem_bottom_track_17.sc_dff_compact_4_.Qb' is implicitly declared.
/openLANE_flow/designs/sb_1__1_/runs/02-09_19-12//results/synthesis/sb_1__1_.synthesis_cts.v:166: Warning: Identifier `\clknet_3_6_0_prog_clk' is implicitly declared.
/openLANE_flow/designs/sb_1__1_/runs/02-09_19-12//results/synthesis/sb_1__1_.synthesis_cts.v:168: Warning: Identifier `\mem_bottom_track_17.ccff_tail' is implicitly declared.
/openLANE_flow/designs/sb_1__1_/runs/02-09_19-12//results/synthesis/sb_1__1_.synthesis_cts.v:169: Warning: Identifier `\mem_bottom_track_17.sc_dff_compact_5_.Qb' is implicitly declared.
/openLANE_flow/designs/sb_1__1_/runs/02-09_19-12//results/synthesis/sb_1__1_.synthesis_cts.v:173: Warning: Identifier `\mem_bottom_track_9.sc_dff_compact_0_.Q' is implicitly declared.
/openLANE_flow/designs/sb_1__1_/runs/02-09_19-12//results/synthesis/sb_1__1_.synthesis_cts.v:174: Warning: Identifier `\mem_bottom_track_9.sc_dff_compact_0_.Qb' is implicitly declared.
/openLANE_flow/designs/sb_1__1_/runs/02-09_19-12//results/synthesis/sb_1__1_.synthesis_cts.v:178: Warning: Identifier `\mem_bottom_track_9.sc_dff_compact_1_.Q' is implicitly declared.
/openLANE_flow/designs/sb_1__1_/runs/02-09_19-12//results/synthesis/sb_1__1_.synthesis_cts.v:179: Warning: Identifier `\mem_bottom_track_9.sc_dff_compact_1_.Qb' is implicitly declared.
/openLANE_flow/designs/sb_1__1_/runs/02-09_19-12//results/synthesis/sb_1__1_.synthesis_cts.v:183: Warning: Identifier `\mem_bottom_track_9.sc_dff_compact_2_.Q' is implicitly declared.
/openLANE_flow/designs/sb_1__1_/runs/02-09_19-12//results/synthesis/sb_1__1_.synthesis_cts.v:184: Warning: Identifier `\mem_bottom_track_9.sc_dff_compact_2_.Qb' is implicitly declared.
/openLANE_flow/designs/sb_1__1_/runs/02-09_19-12//results/synthesis/sb_1__1_.synthesis_cts.v:188: Warning: Identifier `\mem_bottom_track_9.sc_dff_compact_3_.Q' is implicitly declared.
/openLANE_flow/designs/sb_1__1_/runs/02-09_19-12//results/synthesis/sb_1__1_.synthesis_cts.v:189: Warning: Identifier `\mem_bottom_track_9.sc_dff_compact_3_.Qb' is implicitly declared.
/openLANE_flow/designs/sb_1__1_/runs/02-09_19-12//results/synthesis/sb_1__1_.synthesis_cts.v:193: Warning: Identifier `\mem_bottom_track_9.sc_dff_compact_4_.Q' is implicitly declared.
/openLANE_flow/designs/sb_1__1_/runs/02-09_19-12//results/synthesis/sb_1__1_.synthesis_cts.v:194: Warning: Identifier `\mem_bottom_track_9.sc_dff_compact_4_.Qb' is implicitly declared.
/openLANE_flow/designs/sb_1__1_/runs/02-09_19-12//results/synthesis/sb_1__1_.synthesis_cts.v:198: Warning: Identifier `\mem_bottom_track_9.sc_dff_compact_5_.Q' is implicitly declared.
/openLANE_flow/designs/sb_1__1_/runs/02-09_19-12//results/synthesis/sb_1__1_.synthesis_cts.v:199: Warning: Identifier `\mem_bottom_track_9.sc_dff_compact_5_.Qb' is implicitly declared.
/openLANE_flow/designs/sb_1__1_/runs/02-09_19-12//results/synthesis/sb_1__1_.synthesis_cts.v:203: Warning: Identifier `\mem_bottom_track_9.sc_dff_compact_6_.Q' is implicitly declared.
/openLANE_flow/designs/sb_1__1_/runs/02-09_19-12//results/synthesis/sb_1__1_.synthesis_cts.v:204: Warning: Identifier `\mem_bottom_track_9.sc_dff_compact_6_.Qb' is implicitly declared.
/openLANE_flow/designs/sb_1__1_/runs/02-09_19-12//results/synthesis/sb_1__1_.synthesis_cts.v:209: Warning: Identifier `\mem_bottom_track_9.sc_dff_compact_7_.Qb' is implicitly declared.
/openLANE_flow/designs/sb_1__1_/runs/02-09_19-12//results/synthesis/sb_1__1_.synthesis_cts.v:213: Warning: Identifier `\mem_left_track_1.sc_dff_compact_0_.Q' is implicitly declared.
/openLANE_flow/designs/sb_1__1_/runs/02-09_19-12//results/synthesis/sb_1__1_.synthesis_cts.v:214: Warning: Identifier `\mem_left_track_1.sc_dff_compact_0_.Qb' is implicitly declared.
/openLANE_flow/designs/sb_1__1_/runs/02-09_19-12//results/synthesis/sb_1__1_.synthesis_cts.v:218: Warning: Identifier `\mem_left_track_1.sc_dff_compact_1_.Q' is implicitly declared.
/openLANE_flow/designs/sb_1__1_/runs/02-09_19-12//results/synthesis/sb_1__1_.synthesis_cts.v:219: Warning: Identifier `\mem_left_track_1.sc_dff_compact_1_.Qb' is implicitly declared.
/openLANE_flow/designs/sb_1__1_/runs/02-09_19-12//results/synthesis/sb_1__1_.synthesis_cts.v:223: Warning: Identifier `\mem_left_track_1.sc_dff_compact_2_.Q' is implicitly declared.
/openLANE_flow/designs/sb_1__1_/runs/02-09_19-12//results/synthesis/sb_1__1_.synthesis_cts.v:224: Warning: Identifier `\mem_left_track_1.sc_dff_compact_2_.Qb' is implicitly declared.
/openLANE_flow/designs/sb_1__1_/runs/02-09_19-12//results/synthesis/sb_1__1_.synthesis_cts.v:228: Warning: Identifier `\mem_left_track_1.sc_dff_compact_3_.Q' is implicitly declared.
/openLANE_flow/designs/sb_1__1_/runs/02-09_19-12//results/synthesis/sb_1__1_.synthesis_cts.v:229: Warning: Identifier `\mem_left_track_1.sc_dff_compact_3_.Qb' is implicitly declared.
/openLANE_flow/designs/sb_1__1_/runs/02-09_19-12//results/synthesis/sb_1__1_.synthesis_cts.v:233: Warning: Identifier `\mem_left_track_1.sc_dff_compact_4_.Q' is implicitly declared.
/openLANE_flow/designs/sb_1__1_/runs/02-09_19-12//results/synthesis/sb_1__1_.synthesis_cts.v:234: Warning: Identifier `\mem_left_track_1.sc_dff_compact_4_.Qb' is implicitly declared.
/openLANE_flow/designs/sb_1__1_/runs/02-09_19-12//results/synthesis/sb_1__1_.synthesis_cts.v:238: Warning: Identifier `\mem_left_track_1.sc_dff_compact_5_.Q' is implicitly declared.
/openLANE_flow/designs/sb_1__1_/runs/02-09_19-12//results/synthesis/sb_1__1_.synthesis_cts.v:239: Warning: Identifier `\mem_left_track_1.sc_dff_compact_5_.Qb' is implicitly declared.
/openLANE_flow/designs/sb_1__1_/runs/02-09_19-12//results/synthesis/sb_1__1_.synthesis_cts.v:243: Warning: Identifier `\mem_left_track_1.sc_dff_compact_6_.Q' is implicitly declared.
/openLANE_flow/designs/sb_1__1_/runs/02-09_19-12//results/synthesis/sb_1__1_.synthesis_cts.v:244: Warning: Identifier `\mem_left_track_1.sc_dff_compact_6_.Qb' is implicitly declared.
/openLANE_flow/designs/sb_1__1_/runs/02-09_19-12//results/synthesis/sb_1__1_.synthesis_cts.v:248: Warning: Identifier `\mem_left_track_1.ccff_tail' is implicitly declared.
/openLANE_flow/designs/sb_1__1_/runs/02-09_19-12//results/synthesis/sb_1__1_.synthesis_cts.v:249: Warning: Identifier `\mem_left_track_1.sc_dff_compact_7_.Qb' is implicitly declared.
/openLANE_flow/designs/sb_1__1_/runs/02-09_19-12//results/synthesis/sb_1__1_.synthesis_cts.v:252: Warning: Identifier `\mem_left_track_17.ccff_head' is implicitly declared.
/openLANE_flow/designs/sb_1__1_/runs/02-09_19-12//results/synthesis/sb_1__1_.synthesis_cts.v:253: Warning: Identifier `\mem_left_track_17.sc_dff_compact_0_.Q' is implicitly declared.
/openLANE_flow/designs/sb_1__1_/runs/02-09_19-12//results/synthesis/sb_1__1_.synthesis_cts.v:254: Warning: Identifier `\mem_left_track_17.sc_dff_compact_0_.Qb' is implicitly declared.
/openLANE_flow/designs/sb_1__1_/runs/02-09_19-12//results/synthesis/sb_1__1_.synthesis_cts.v:258: Warning: Identifier `\mem_left_track_17.sc_dff_compact_1_.Q' is implicitly declared.
/openLANE_flow/designs/sb_1__1_/runs/02-09_19-12//results/synthesis/sb_1__1_.synthesis_cts.v:259: Warning: Identifier `\mem_left_track_17.sc_dff_compact_1_.Qb' is implicitly declared.
/openLANE_flow/designs/sb_1__1_/runs/02-09_19-12//results/synthesis/sb_1__1_.synthesis_cts.v:263: Warning: Identifier `\mem_left_track_17.sc_dff_compact_2_.Q' is implicitly declared.
/openLANE_flow/designs/sb_1__1_/runs/02-09_19-12//results/synthesis/sb_1__1_.synthesis_cts.v:264: Warning: Identifier `\mem_left_track_17.sc_dff_compact_2_.Qb' is implicitly declared.
/openLANE_flow/designs/sb_1__1_/runs/02-09_19-12//results/synthesis/sb_1__1_.synthesis_cts.v:268: Warning: Identifier `\mem_left_track_17.sc_dff_compact_3_.Q' is implicitly declared.
/openLANE_flow/designs/sb_1__1_/runs/02-09_19-12//results/synthesis/sb_1__1_.synthesis_cts.v:269: Warning: Identifier `\mem_left_track_17.sc_dff_compact_3_.Qb' is implicitly declared.
/openLANE_flow/designs/sb_1__1_/runs/02-09_19-12//results/synthesis/sb_1__1_.synthesis_cts.v:273: Warning: Identifier `\mem_left_track_17.sc_dff_compact_4_.Q' is implicitly declared.
/openLANE_flow/designs/sb_1__1_/runs/02-09_19-12//results/synthesis/sb_1__1_.synthesis_cts.v:274: Warning: Identifier `\mem_left_track_17.sc_dff_compact_4_.Qb' is implicitly declared.
/openLANE_flow/designs/sb_1__1_/runs/02-09_19-12//results/synthesis/sb_1__1_.synthesis_cts.v:279: Warning: Identifier `\mem_left_track_17.sc_dff_compact_5_.Qb' is implicitly declared.
/openLANE_flow/designs/sb_1__1_/runs/02-09_19-12//results/synthesis/sb_1__1_.synthesis_cts.v:283: Warning: Identifier `\mem_left_track_9.sc_dff_compact_0_.Q' is implicitly declared.
/openLANE_flow/designs/sb_1__1_/runs/02-09_19-12//results/synthesis/sb_1__1_.synthesis_cts.v:284: Warning: Identifier `\mem_left_track_9.sc_dff_compact_0_.Qb' is implicitly declared.
/openLANE_flow/designs/sb_1__1_/runs/02-09_19-12//results/synthesis/sb_1__1_.synthesis_cts.v:288: Warning: Identifier `\mem_left_track_9.sc_dff_compact_1_.Q' is implicitly declared.
/openLANE_flow/designs/sb_1__1_/runs/02-09_19-12//results/synthesis/sb_1__1_.synthesis_cts.v:289: Warning: Identifier `\mem_left_track_9.sc_dff_compact_1_.Qb' is implicitly declared.
/openLANE_flow/designs/sb_1__1_/runs/02-09_19-12//results/synthesis/sb_1__1_.synthesis_cts.v:293: Warning: Identifier `\mem_left_track_9.sc_dff_compact_2_.Q' is implicitly declared.
/openLANE_flow/designs/sb_1__1_/runs/02-09_19-12//results/synthesis/sb_1__1_.synthesis_cts.v:294: Warning: Identifier `\mem_left_track_9.sc_dff_compact_2_.Qb' is implicitly declared.
/openLANE_flow/designs/sb_1__1_/runs/02-09_19-12//results/synthesis/sb_1__1_.synthesis_cts.v:298: Warning: Identifier `\mem_left_track_9.sc_dff_compact_3_.Q' is implicitly declared.
/openLANE_flow/designs/sb_1__1_/runs/02-09_19-12//results/synthesis/sb_1__1_.synthesis_cts.v:299: Warning: Identifier `\mem_left_track_9.sc_dff_compact_3_.Qb' is implicitly declared.
/openLANE_flow/designs/sb_1__1_/runs/02-09_19-12//results/synthesis/sb_1__1_.synthesis_cts.v:303: Warning: Identifier `\mem_left_track_9.sc_dff_compact_4_.Q' is implicitly declared.
/openLANE_flow/designs/sb_1__1_/runs/02-09_19-12//results/synthesis/sb_1__1_.synthesis_cts.v:304: Warning: Identifier `\mem_left_track_9.sc_dff_compact_4_.Qb' is implicitly declared.
/openLANE_flow/designs/sb_1__1_/runs/02-09_19-12//results/synthesis/sb_1__1_.synthesis_cts.v:308: Warning: Identifier `\mem_left_track_9.sc_dff_compact_5_.Q' is implicitly declared.
/openLANE_flow/designs/sb_1__1_/runs/02-09_19-12//results/synthesis/sb_1__1_.synthesis_cts.v:309: Warning: Identifier `\mem_left_track_9.sc_dff_compact_5_.Qb' is implicitly declared.
/openLANE_flow/designs/sb_1__1_/runs/02-09_19-12//results/synthesis/sb_1__1_.synthesis_cts.v:313: Warning: Identifier `\mem_left_track_9.sc_dff_compact_6_.Q' is implicitly declared.
/openLANE_flow/designs/sb_1__1_/runs/02-09_19-12//results/synthesis/sb_1__1_.synthesis_cts.v:314: Warning: Identifier `\mem_left_track_9.sc_dff_compact_6_.Qb' is implicitly declared.
/openLANE_flow/designs/sb_1__1_/runs/02-09_19-12//results/synthesis/sb_1__1_.synthesis_cts.v:319: Warning: Identifier `\mem_left_track_9.sc_dff_compact_7_.Qb' is implicitly declared.
/openLANE_flow/designs/sb_1__1_/runs/02-09_19-12//results/synthesis/sb_1__1_.synthesis_cts.v:322: Warning: Identifier `\mem_right_track_0.ccff_head' is implicitly declared.
/openLANE_flow/designs/sb_1__1_/runs/02-09_19-12//results/synthesis/sb_1__1_.synthesis_cts.v:323: Warning: Identifier `\mem_right_track_0.sc_dff_compact_0_.Q' is implicitly declared.
/openLANE_flow/designs/sb_1__1_/runs/02-09_19-12//results/synthesis/sb_1__1_.synthesis_cts.v:324: Warning: Identifier `\mem_right_track_0.sc_dff_compact_0_.Qb' is implicitly declared.
/openLANE_flow/designs/sb_1__1_/runs/02-09_19-12//results/synthesis/sb_1__1_.synthesis_cts.v:326: Warning: Identifier `\clknet_3_2_0_prog_clk' is implicitly declared.
/openLANE_flow/designs/sb_1__1_/runs/02-09_19-12//results/synthesis/sb_1__1_.synthesis_cts.v:328: Warning: Identifier `\mem_right_track_0.sc_dff_compact_1_.Q' is implicitly declared.
/openLANE_flow/designs/sb_1__1_/runs/02-09_19-12//results/synthesis/sb_1__1_.synthesis_cts.v:329: Warning: Identifier `\mem_right_track_0.sc_dff_compact_1_.Qb' is implicitly declared.
/openLANE_flow/designs/sb_1__1_/runs/02-09_19-12//results/synthesis/sb_1__1_.synthesis_cts.v:333: Warning: Identifier `\mem_right_track_0.sc_dff_compact_2_.Q' is implicitly declared.
/openLANE_flow/designs/sb_1__1_/runs/02-09_19-12//results/synthesis/sb_1__1_.synthesis_cts.v:334: Warning: Identifier `\mem_right_track_0.sc_dff_compact_2_.Qb' is implicitly declared.
/openLANE_flow/designs/sb_1__1_/runs/02-09_19-12//results/synthesis/sb_1__1_.synthesis_cts.v:338: Warning: Identifier `\mem_right_track_0.sc_dff_compact_3_.Q' is implicitly declared.
/openLANE_flow/designs/sb_1__1_/runs/02-09_19-12//results/synthesis/sb_1__1_.synthesis_cts.v:339: Warning: Identifier `\mem_right_track_0.sc_dff_compact_3_.Qb' is implicitly declared.
/openLANE_flow/designs/sb_1__1_/runs/02-09_19-12//results/synthesis/sb_1__1_.synthesis_cts.v:343: Warning: Identifier `\mem_right_track_0.sc_dff_compact_4_.Q' is implicitly declared.
/openLANE_flow/designs/sb_1__1_/runs/02-09_19-12//results/synthesis/sb_1__1_.synthesis_cts.v:344: Warning: Identifier `\mem_right_track_0.sc_dff_compact_4_.Qb' is implicitly declared.
/openLANE_flow/designs/sb_1__1_/runs/02-09_19-12//results/synthesis/sb_1__1_.synthesis_cts.v:348: Warning: Identifier `\mem_right_track_0.sc_dff_compact_5_.Q' is implicitly declared.
/openLANE_flow/designs/sb_1__1_/runs/02-09_19-12//results/synthesis/sb_1__1_.synthesis_cts.v:349: Warning: Identifier `\mem_right_track_0.sc_dff_compact_5_.Qb' is implicitly declared.
/openLANE_flow/designs/sb_1__1_/runs/02-09_19-12//results/synthesis/sb_1__1_.synthesis_cts.v:353: Warning: Identifier `\mem_right_track_0.sc_dff_compact_6_.Q' is implicitly declared.
/openLANE_flow/designs/sb_1__1_/runs/02-09_19-12//results/synthesis/sb_1__1_.synthesis_cts.v:354: Warning: Identifier `\mem_right_track_0.sc_dff_compact_6_.Qb' is implicitly declared.
/openLANE_flow/designs/sb_1__1_/runs/02-09_19-12//results/synthesis/sb_1__1_.synthesis_cts.v:358: Warning: Identifier `\mem_right_track_0.ccff_tail' is implicitly declared.
/openLANE_flow/designs/sb_1__1_/runs/02-09_19-12//results/synthesis/sb_1__1_.synthesis_cts.v:359: Warning: Identifier `\mem_right_track_0.sc_dff_compact_7_.Qb' is implicitly declared.
/openLANE_flow/designs/sb_1__1_/runs/02-09_19-12//results/synthesis/sb_1__1_.synthesis_cts.v:362: Warning: Identifier `\mem_right_track_16.ccff_head' is implicitly declared.
/openLANE_flow/designs/sb_1__1_/runs/02-09_19-12//results/synthesis/sb_1__1_.synthesis_cts.v:363: Warning: Identifier `\mem_right_track_16.sc_dff_compact_0_.Q' is implicitly declared.
/openLANE_flow/designs/sb_1__1_/runs/02-09_19-12//results/synthesis/sb_1__1_.synthesis_cts.v:364: Warning: Identifier `\mem_right_track_16.sc_dff_compact_0_.Qb' is implicitly declared.
/openLANE_flow/designs/sb_1__1_/runs/02-09_19-12//results/synthesis/sb_1__1_.synthesis_cts.v:368: Warning: Identifier `\mem_right_track_16.sc_dff_compact_1_.Q' is implicitly declared.
/openLANE_flow/designs/sb_1__1_/runs/02-09_19-12//results/synthesis/sb_1__1_.synthesis_cts.v:369: Warning: Identifier `\mem_right_track_16.sc_dff_compact_1_.Qb' is implicitly declared.
/openLANE_flow/designs/sb_1__1_/runs/02-09_19-12//results/synthesis/sb_1__1_.synthesis_cts.v:373: Warning: Identifier `\mem_right_track_16.sc_dff_compact_2_.Q' is implicitly declared.
/openLANE_flow/designs/sb_1__1_/runs/02-09_19-12//results/synthesis/sb_1__1_.synthesis_cts.v:374: Warning: Identifier `\mem_right_track_16.sc_dff_compact_2_.Qb' is implicitly declared.
/openLANE_flow/designs/sb_1__1_/runs/02-09_19-12//results/synthesis/sb_1__1_.synthesis_cts.v:378: Warning: Identifier `\mem_right_track_16.sc_dff_compact_3_.Q' is implicitly declared.
/openLANE_flow/designs/sb_1__1_/runs/02-09_19-12//results/synthesis/sb_1__1_.synthesis_cts.v:379: Warning: Identifier `\mem_right_track_16.sc_dff_compact_3_.Qb' is implicitly declared.
/openLANE_flow/designs/sb_1__1_/runs/02-09_19-12//results/synthesis/sb_1__1_.synthesis_cts.v:383: Warning: Identifier `\mem_right_track_16.sc_dff_compact_4_.Q' is implicitly declared.
/openLANE_flow/designs/sb_1__1_/runs/02-09_19-12//results/synthesis/sb_1__1_.synthesis_cts.v:384: Warning: Identifier `\mem_right_track_16.sc_dff_compact_4_.Qb' is implicitly declared.
/openLANE_flow/designs/sb_1__1_/runs/02-09_19-12//results/synthesis/sb_1__1_.synthesis_cts.v:389: Warning: Identifier `\mem_right_track_16.sc_dff_compact_5_.Qb' is implicitly declared.
/openLANE_flow/designs/sb_1__1_/runs/02-09_19-12//results/synthesis/sb_1__1_.synthesis_cts.v:393: Warning: Identifier `\mem_right_track_8.sc_dff_compact_0_.Q' is implicitly declared.
/openLANE_flow/designs/sb_1__1_/runs/02-09_19-12//results/synthesis/sb_1__1_.synthesis_cts.v:394: Warning: Identifier `\mem_right_track_8.sc_dff_compact_0_.Qb' is implicitly declared.
/openLANE_flow/designs/sb_1__1_/runs/02-09_19-12//results/synthesis/sb_1__1_.synthesis_cts.v:398: Warning: Identifier `\mem_right_track_8.sc_dff_compact_1_.Q' is implicitly declared.
/openLANE_flow/designs/sb_1__1_/runs/02-09_19-12//results/synthesis/sb_1__1_.synthesis_cts.v:399: Warning: Identifier `\mem_right_track_8.sc_dff_compact_1_.Qb' is implicitly declared.
/openLANE_flow/designs/sb_1__1_/runs/02-09_19-12//results/synthesis/sb_1__1_.synthesis_cts.v:403: Warning: Identifier `\mem_right_track_8.sc_dff_compact_2_.Q' is implicitly declared.
/openLANE_flow/designs/sb_1__1_/runs/02-09_19-12//results/synthesis/sb_1__1_.synthesis_cts.v:404: Warning: Identifier `\mem_right_track_8.sc_dff_compact_2_.Qb' is implicitly declared.
/openLANE_flow/designs/sb_1__1_/runs/02-09_19-12//results/synthesis/sb_1__1_.synthesis_cts.v:408: Warning: Identifier `\mem_right_track_8.sc_dff_compact_3_.Q' is implicitly declared.
/openLANE_flow/designs/sb_1__1_/runs/02-09_19-12//results/synthesis/sb_1__1_.synthesis_cts.v:409: Warning: Identifier `\mem_right_track_8.sc_dff_compact_3_.Qb' is implicitly declared.
/openLANE_flow/designs/sb_1__1_/runs/02-09_19-12//results/synthesis/sb_1__1_.synthesis_cts.v:413: Warning: Identifier `\mem_right_track_8.sc_dff_compact_4_.Q' is implicitly declared.
/openLANE_flow/designs/sb_1__1_/runs/02-09_19-12//results/synthesis/sb_1__1_.synthesis_cts.v:414: Warning: Identifier `\mem_right_track_8.sc_dff_compact_4_.Qb' is implicitly declared.
/openLANE_flow/designs/sb_1__1_/runs/02-09_19-12//results/synthesis/sb_1__1_.synthesis_cts.v:418: Warning: Identifier `\mem_right_track_8.sc_dff_compact_5_.Q' is implicitly declared.
/openLANE_flow/designs/sb_1__1_/runs/02-09_19-12//results/synthesis/sb_1__1_.synthesis_cts.v:419: Warning: Identifier `\mem_right_track_8.sc_dff_compact_5_.Qb' is implicitly declared.
/openLANE_flow/designs/sb_1__1_/runs/02-09_19-12//results/synthesis/sb_1__1_.synthesis_cts.v:423: Warning: Identifier `\mem_right_track_8.sc_dff_compact_6_.Q' is implicitly declared.
/openLANE_flow/designs/sb_1__1_/runs/02-09_19-12//results/synthesis/sb_1__1_.synthesis_cts.v:424: Warning: Identifier `\mem_right_track_8.sc_dff_compact_6_.Qb' is implicitly declared.
/openLANE_flow/designs/sb_1__1_/runs/02-09_19-12//results/synthesis/sb_1__1_.synthesis_cts.v:429: Warning: Identifier `\mem_right_track_8.sc_dff_compact_7_.Qb' is implicitly declared.
/openLANE_flow/designs/sb_1__1_/runs/02-09_19-12//results/synthesis/sb_1__1_.synthesis_cts.v:433: Warning: Identifier `\mem_top_track_0.sc_dff_compact_0_.Q' is implicitly declared.
/openLANE_flow/designs/sb_1__1_/runs/02-09_19-12//results/synthesis/sb_1__1_.synthesis_cts.v:434: Warning: Identifier `\mem_top_track_0.sc_dff_compact_0_.Qb' is implicitly declared.
/openLANE_flow/designs/sb_1__1_/runs/02-09_19-12//results/synthesis/sb_1__1_.synthesis_cts.v:436: Warning: Identifier `\clknet_3_0_0_prog_clk' is implicitly declared.
/openLANE_flow/designs/sb_1__1_/runs/02-09_19-12//results/synthesis/sb_1__1_.synthesis_cts.v:438: Warning: Identifier `\mem_top_track_0.sc_dff_compact_1_.Q' is implicitly declared.
/openLANE_flow/designs/sb_1__1_/runs/02-09_19-12//results/synthesis/sb_1__1_.synthesis_cts.v:439: Warning: Identifier `\mem_top_track_0.sc_dff_compact_1_.Qb' is implicitly declared.
/openLANE_flow/designs/sb_1__1_/runs/02-09_19-12//results/synthesis/sb_1__1_.synthesis_cts.v:443: Warning: Identifier `\mem_top_track_0.sc_dff_compact_2_.Q' is implicitly declared.
/openLANE_flow/designs/sb_1__1_/runs/02-09_19-12//results/synthesis/sb_1__1_.synthesis_cts.v:444: Warning: Identifier `\mem_top_track_0.sc_dff_compact_2_.Qb' is implicitly declared.
/openLANE_flow/designs/sb_1__1_/runs/02-09_19-12//results/synthesis/sb_1__1_.synthesis_cts.v:448: Warning: Identifier `\mem_top_track_0.sc_dff_compact_3_.Q' is implicitly declared.
/openLANE_flow/designs/sb_1__1_/runs/02-09_19-12//results/synthesis/sb_1__1_.synthesis_cts.v:449: Warning: Identifier `\mem_top_track_0.sc_dff_compact_3_.Qb' is implicitly declared.
/openLANE_flow/designs/sb_1__1_/runs/02-09_19-12//results/synthesis/sb_1__1_.synthesis_cts.v:453: Warning: Identifier `\mem_top_track_0.sc_dff_compact_4_.Q' is implicitly declared.
/openLANE_flow/designs/sb_1__1_/runs/02-09_19-12//results/synthesis/sb_1__1_.synthesis_cts.v:454: Warning: Identifier `\mem_top_track_0.sc_dff_compact_4_.Qb' is implicitly declared.
/openLANE_flow/designs/sb_1__1_/runs/02-09_19-12//results/synthesis/sb_1__1_.synthesis_cts.v:458: Warning: Identifier `\mem_top_track_0.sc_dff_compact_5_.Q' is implicitly declared.
/openLANE_flow/designs/sb_1__1_/runs/02-09_19-12//results/synthesis/sb_1__1_.synthesis_cts.v:459: Warning: Identifier `\mem_top_track_0.sc_dff_compact_5_.Qb' is implicitly declared.
/openLANE_flow/designs/sb_1__1_/runs/02-09_19-12//results/synthesis/sb_1__1_.synthesis_cts.v:463: Warning: Identifier `\mem_top_track_0.sc_dff_compact_6_.Q' is implicitly declared.
/openLANE_flow/designs/sb_1__1_/runs/02-09_19-12//results/synthesis/sb_1__1_.synthesis_cts.v:464: Warning: Identifier `\mem_top_track_0.sc_dff_compact_6_.Qb' is implicitly declared.
/openLANE_flow/designs/sb_1__1_/runs/02-09_19-12//results/synthesis/sb_1__1_.synthesis_cts.v:468: Warning: Identifier `\mem_top_track_0.ccff_tail' is implicitly declared.
/openLANE_flow/designs/sb_1__1_/runs/02-09_19-12//results/synthesis/sb_1__1_.synthesis_cts.v:469: Warning: Identifier `\mem_top_track_0.sc_dff_compact_7_.Qb' is implicitly declared.
/openLANE_flow/designs/sb_1__1_/runs/02-09_19-12//results/synthesis/sb_1__1_.synthesis_cts.v:472: Warning: Identifier `\mem_top_track_16.ccff_head' is implicitly declared.
/openLANE_flow/designs/sb_1__1_/runs/02-09_19-12//results/synthesis/sb_1__1_.synthesis_cts.v:473: Warning: Identifier `\mem_top_track_16.sc_dff_compact_0_.Q' is implicitly declared.
/openLANE_flow/designs/sb_1__1_/runs/02-09_19-12//results/synthesis/sb_1__1_.synthesis_cts.v:474: Warning: Identifier `\mem_top_track_16.sc_dff_compact_0_.Qb' is implicitly declared.
/openLANE_flow/designs/sb_1__1_/runs/02-09_19-12//results/synthesis/sb_1__1_.synthesis_cts.v:478: Warning: Identifier `\mem_top_track_16.sc_dff_compact_1_.Q' is implicitly declared.
/openLANE_flow/designs/sb_1__1_/runs/02-09_19-12//results/synthesis/sb_1__1_.synthesis_cts.v:479: Warning: Identifier `\mem_top_track_16.sc_dff_compact_1_.Qb' is implicitly declared.
/openLANE_flow/designs/sb_1__1_/runs/02-09_19-12//results/synthesis/sb_1__1_.synthesis_cts.v:483: Warning: Identifier `\mem_top_track_16.sc_dff_compact_2_.Q' is implicitly declared.
/openLANE_flow/designs/sb_1__1_/runs/02-09_19-12//results/synthesis/sb_1__1_.synthesis_cts.v:484: Warning: Identifier `\mem_top_track_16.sc_dff_compact_2_.Qb' is implicitly declared.
/openLANE_flow/designs/sb_1__1_/runs/02-09_19-12//results/synthesis/sb_1__1_.synthesis_cts.v:488: Warning: Identifier `\mem_top_track_16.sc_dff_compact_3_.Q' is implicitly declared.
/openLANE_flow/designs/sb_1__1_/runs/02-09_19-12//results/synthesis/sb_1__1_.synthesis_cts.v:489: Warning: Identifier `\mem_top_track_16.sc_dff_compact_3_.Qb' is implicitly declared.
/openLANE_flow/designs/sb_1__1_/runs/02-09_19-12//results/synthesis/sb_1__1_.synthesis_cts.v:493: Warning: Identifier `\mem_top_track_16.sc_dff_compact_4_.Q' is implicitly declared.
/openLANE_flow/designs/sb_1__1_/runs/02-09_19-12//results/synthesis/sb_1__1_.synthesis_cts.v:494: Warning: Identifier `\mem_top_track_16.sc_dff_compact_4_.Qb' is implicitly declared.
/openLANE_flow/designs/sb_1__1_/runs/02-09_19-12//results/synthesis/sb_1__1_.synthesis_cts.v:499: Warning: Identifier `\mem_top_track_16.sc_dff_compact_5_.Qb' is implicitly declared.
/openLANE_flow/designs/sb_1__1_/runs/02-09_19-12//results/synthesis/sb_1__1_.synthesis_cts.v:503: Warning: Identifier `\mem_top_track_8.sc_dff_compact_0_.Q' is implicitly declared.
/openLANE_flow/designs/sb_1__1_/runs/02-09_19-12//results/synthesis/sb_1__1_.synthesis_cts.v:504: Warning: Identifier `\mem_top_track_8.sc_dff_compact_0_.Qb' is implicitly declared.
/openLANE_flow/designs/sb_1__1_/runs/02-09_19-12//results/synthesis/sb_1__1_.synthesis_cts.v:508: Warning: Identifier `\mem_top_track_8.sc_dff_compact_1_.Q' is implicitly declared.
/openLANE_flow/designs/sb_1__1_/runs/02-09_19-12//results/synthesis/sb_1__1_.synthesis_cts.v:509: Warning: Identifier `\mem_top_track_8.sc_dff_compact_1_.Qb' is implicitly declared.
/openLANE_flow/designs/sb_1__1_/runs/02-09_19-12//results/synthesis/sb_1__1_.synthesis_cts.v:513: Warning: Identifier `\mem_top_track_8.sc_dff_compact_2_.Q' is implicitly declared.
/openLANE_flow/designs/sb_1__1_/runs/02-09_19-12//results/synthesis/sb_1__1_.synthesis_cts.v:514: Warning: Identifier `\mem_top_track_8.sc_dff_compact_2_.Qb' is implicitly declared.
/openLANE_flow/designs/sb_1__1_/runs/02-09_19-12//results/synthesis/sb_1__1_.synthesis_cts.v:518: Warning: Identifier `\mem_top_track_8.sc_dff_compact_3_.Q' is implicitly declared.
/openLANE_flow/designs/sb_1__1_/runs/02-09_19-12//results/synthesis/sb_1__1_.synthesis_cts.v:519: Warning: Identifier `\mem_top_track_8.sc_dff_compact_3_.Qb' is implicitly declared.
/openLANE_flow/designs/sb_1__1_/runs/02-09_19-12//results/synthesis/sb_1__1_.synthesis_cts.v:523: Warning: Identifier `\mem_top_track_8.sc_dff_compact_4_.Q' is implicitly declared.
/openLANE_flow/designs/sb_1__1_/runs/02-09_19-12//results/synthesis/sb_1__1_.synthesis_cts.v:524: Warning: Identifier `\mem_top_track_8.sc_dff_compact_4_.Qb' is implicitly declared.
/openLANE_flow/designs/sb_1__1_/runs/02-09_19-12//results/synthesis/sb_1__1_.synthesis_cts.v:528: Warning: Identifier `\mem_top_track_8.sc_dff_compact_5_.Q' is implicitly declared.
/openLANE_flow/designs/sb_1__1_/runs/02-09_19-12//results/synthesis/sb_1__1_.synthesis_cts.v:529: Warning: Identifier `\mem_top_track_8.sc_dff_compact_5_.Qb' is implicitly declared.
/openLANE_flow/designs/sb_1__1_/runs/02-09_19-12//results/synthesis/sb_1__1_.synthesis_cts.v:533: Warning: Identifier `\mem_top_track_8.sc_dff_compact_6_.Q' is implicitly declared.
/openLANE_flow/designs/sb_1__1_/runs/02-09_19-12//results/synthesis/sb_1__1_.synthesis_cts.v:534: Warning: Identifier `\mem_top_track_8.sc_dff_compact_6_.Qb' is implicitly declared.
/openLANE_flow/designs/sb_1__1_/runs/02-09_19-12//results/synthesis/sb_1__1_.synthesis_cts.v:539: Warning: Identifier `\mem_top_track_8.sc_dff_compact_7_.Qb' is implicitly declared.
/openLANE_flow/designs/sb_1__1_/runs/02-09_19-12//results/synthesis/sb_1__1_.synthesis_cts.v:6784: Warning: Identifier `\clknet_0_prog_clk' is implicitly declared.
/openLANE_flow/designs/sb_1__1_/runs/02-09_19-12//results/synthesis/sb_1__1_.synthesis_cts.v:6786: Warning: Identifier `\clknet_1_0_0_prog_clk' is implicitly declared.
/openLANE_flow/designs/sb_1__1_/runs/02-09_19-12//results/synthesis/sb_1__1_.synthesis_cts.v:6788: Warning: Identifier `\clknet_1_1_0_prog_clk' is implicitly declared.
/openLANE_flow/designs/sb_1__1_/runs/02-09_19-12//results/synthesis/sb_1__1_.synthesis_cts.v:6790: Warning: Identifier `\clknet_2_0_0_prog_clk' is implicitly declared.
/openLANE_flow/designs/sb_1__1_/runs/02-09_19-12//results/synthesis/sb_1__1_.synthesis_cts.v:6792: Warning: Identifier `\clknet_2_1_0_prog_clk' is implicitly declared.
/openLANE_flow/designs/sb_1__1_/runs/02-09_19-12//results/synthesis/sb_1__1_.synthesis_cts.v:6794: Warning: Identifier `\clknet_2_2_0_prog_clk' is implicitly declared.
/openLANE_flow/designs/sb_1__1_/runs/02-09_19-12//results/synthesis/sb_1__1_.synthesis_cts.v:6796: Warning: Identifier `\clknet_2_3_0_prog_clk' is implicitly declared.
Successfully finished Verilog frontend.

2. Executing Verilog backend.
Dumping module `\sb_1__1_'.

Warnings: 190 unique messages, 190 total
End of script. Logfile hash: 802d06fff9, CPU: user 0.94s system 0.02s, MEM: 23.27 MB peak
Yosys 0.9+2406 (git sha1 347dd01, gcc 8.3.1 -fPIC -Os)
Time spent: 76% 2x write_verilog (0 sec), 23% 2x read_verilog (0 sec)
