Sat Aug 15 12:49:50 UTC 2020 - Executing "/openLANE_flow/scripts//padLefMacro.py -s unithd -r 8 -i /openLANE_flow/designs/cbx_1__1_/runs/pin_placement_2//tmp//merged_unpadded.lef -o /openLANE_flow/designs/cbx_1__1_/runs/pin_placement_2//tmp//merged.lef -e {sky130_fd_sc_hd__tap* sky130_fd_sc_hd__decap* sky130_fd_sc_hd__fill*} |& tee >&@stdout"

Sat Aug 15 12:50:00 UTC 2020 - Executing "sed -i -E {s/CLASS PAD.*$/CLASS PAD ;/g} /openLANE_flow/designs/cbx_1__1_/runs/pin_placement_2//tmp//merged.lef"

Sat Aug 15 12:50:01 UTC 2020 - Executing "sed -i -E {s/CLASS PAD.*$/CLASS PAD ;/g} /openLANE_flow/designs/cbx_1__1_/runs/pin_placement_2//tmp//merged_unpadded.lef"

Sat Aug 15 12:50:01 UTC 2020 - Executing "/openLANE_flow/scripts//libtrim.pl /home/aa/Desktop/Afify/openlane/pdks/sky130A/libs.ref/sky130_fd_sc_hd/lib/sky130_fd_sc_hd__tt_025C_1v80.lib /home/aa/Desktop/Afify/openlane/pdks/sky130A/libs.tech/openlane/sky130_fd_sc_hd/no_synth.cells > /openLANE_flow/designs/cbx_1__1_/runs/pin_placement_2//tmp//trimmed.lib"

Sat Aug 15 12:50:09 UTC 2020 - Executing "yosys -c /openLANE_flow/scripts//synth.tcl -l /openLANE_flow/designs/cbx_1__1_/runs/pin_placement_2//logs/synthesis/yosys.log |& tee >&@stdout"

Sat Aug 15 12:50:10 UTC 2020 - Executing "sta /openLANE_flow/scripts//sta.tcl |& tee >&@stdout /openLANE_flow/designs/cbx_1__1_/runs/pin_placement_2//logs/synthesis/opensta.log"

Sat Aug 15 12:50:14 UTC 2020 - Executing "openroad -exit /openLANE_flow/scripts//openroad/or_floorplan.tcl |& tee >&@stdout /openLANE_flow/designs/cbx_1__1_/runs/pin_placement_2//logs/floorplan/verilog2def.openroad.log"

Sat Aug 15 12:50:14 UTC 2020 - Executing "openroad -exit /openLANE_flow/scripts//openroad/or_ioplacer.tcl |& tee >&@stdout /openLANE_flow/designs/cbx_1__1_/runs/pin_placement_2//logs/floorplan/ioPlacer.log"

Sat Aug 15 12:50:15 UTC 2020 - Executing "openroad -exit /openLANE_flow/scripts//openroad/or_tapcell.tcl |& tee >&@stdout /openLANE_flow/designs/cbx_1__1_/runs/pin_placement_2//logs/floorplan/tapcell.log"

Sat Aug 15 12:51:14 UTC 2020 - Executing "replace < /openLANE_flow/scripts//replace_gp.tcl |& tee >&@stdout /openLANE_flow/designs/cbx_1__1_/runs/pin_placement_2//logs/placement/replace.log"

Sat Aug 15 12:51:14 UTC 2020 - Executing "cp /openLANE_flow/designs/cbx_1__1_/runs/pin_placement_2//tmp/placement/replace_place.def /openLANE_flow/designs/cbx_1__1_/runs/pin_placement_2//tmp/placement/replace.def"

Sat Aug 15 12:51:14 UTC 2020 - Executing "opendp -lef /openLANE_flow/designs/cbx_1__1_/runs/pin_placement_2//tmp//merged.lef -def /openLANE_flow/designs/cbx_1__1_/runs/pin_placement_2//tmp/placement/replace.def -output_def /openLANE_flow/designs/cbx_1__1_/runs/pin_placement_2//results/placement/cbx_1__1_.placement.def |& tee >&@stdout /openLANE_flow/designs/cbx_1__1_/runs/pin_placement_2//logs/placement/opendp.log"

Sat Aug 15 12:51:18 UTC 2020 - Executing "openroad -exit /openLANE_flow/scripts//openroad/or_cts.tcl |& tee >&@stdout /openLANE_flow/designs/cbx_1__1_/runs/pin_placement_2//logs/cts/cts.log"

Sat Aug 15 12:52:58 UTC 2020 - Executing "openroad -exit /openLANE_flow/scripts//openroad/or_diodes.tcl |& tee >&@stdout /openLANE_flow/designs/cbx_1__1_/runs/pin_placement_2//logs//placement/diodes.log"

Sat Aug 15 12:52:59 UTC 2020 - Executing "openroad -exit /openLANE_flow/scripts//openroad/or_fill.tcl |& tee >&@stdout /openLANE_flow/designs/cbx_1__1_/runs/pin_placement_2//logs/routing/addspacers.log"

Sat Aug 15 12:52:59 UTC 2020 - Executing "openroad -exit /openLANE_flow/scripts//openroad/or_write_verilog.tcl |& tee >&@stdout /openLANE_flow/designs/cbx_1__1_/runs/pin_placement_2//logs//write_verilog.log"

Sat Aug 15 12:53:00 UTC 2020 - Executing "openroad -exit /openLANE_flow/scripts//openroad/or_route.tcl |& tee >&@stdout /openLANE_flow/designs/cbx_1__1_/runs/pin_placement_2//logs/routing/fastroute.log"

Sat Aug 15 12:53:07 UTC 2020 - Executing "envsubst < /openLANE_flow/scripts//tritonRoute.param > /openLANE_flow/designs/cbx_1__1_/runs/pin_placement_2//tmp/routing/tritonRoute.param"

Sat Aug 15 12:53:07 UTC 2020 - Executing "TritonRoute /openLANE_flow/designs/cbx_1__1_/runs/pin_placement_2//tmp/routing/tritonRoute.param |& tee >&@stdout /openLANE_flow/designs/cbx_1__1_/runs/pin_placement_2//logs/routing/tritonRoute.log"

Sat Aug 15 12:53:41 UTC 2020 - Executing "magic -noconsole -dnull -rcfile /openLANE_flow/designs/cbx_1__1_/runs/pin_placement_2//tmp//tmp.magicrc /openLANE_flow/designs/cbx_1__1_/runs/pin_placement_2//tmp//magic_spice.tcl </dev/null |& tee >&@stdout /openLANE_flow/designs/cbx_1__1_/runs/pin_placement_2//logs/magic/magic_spice.log"

Sat Aug 15 12:54:04 UTC 2020 - Executing "vlog2Verilog -v VPWR -g VGND -l /openLANE_flow/designs/cbx_1__1_/runs/pin_placement_2//tmp//merged.lef /openLANE_flow/designs/cbx_1__1_/runs/pin_placement_2//results/synthesis/cbx_1__1_.synthesis_preroute.v |& tee /openLANE_flow/designs/cbx_1__1_/runs/pin_placement_2//results/lvs/cbx_1__1_.lvs.v"

Sat Aug 15 12:54:04 UTC 2020 - Executing "netgen -batch lvs {/openLANE_flow/designs/cbx_1__1_/runs/pin_placement_2//results/magic/cbx_1__1_.spice cbx_1__1_} {/openLANE_flow/designs/cbx_1__1_/runs/pin_placement_2//results/lvs/cbx_1__1_.lvs.v cbx_1__1_} /home/aa/Desktop/Afify/openlane/pdks/sky130A/libs.tech/netgen/sky130A_setup.tcl /openLANE_flow/designs/cbx_1__1_/runs/pin_placement_2//results/lvs/cbx_1__1_.lvs.log -json |& tee >&@stdout /openLANE_flow/designs/cbx_1__1_/runs/pin_placement_2//logs/lvs/lvs.log"

