
reading lef ...
add shortConstraint to layer mcon
add shortConstraint to layer via
add shortConstraint to layer via2
add shortConstraint to layer via3
add shortConstraint to layer via4

units:       1000
#layers:     11
#macros:     437
#vias:       25
#viarulegen: 25

reading def ...

design:      cbx_1__1_
die area:    ( 0 0 ) ( 76455 87175 )
trackPts:    12
defvias:     0
#components: 617
#terminals:  46
#snets:      0
#nets:       96

reading guide ...

#guides:     626
List of default vias:
  Layer mcon
    default via: L1M1_PR_MR
  Layer via
    default via: M1M2_PR
  Layer via2
    default via: M2M3_PR_M
  Layer via3
    default via: M3M4_PR_M
  Layer via4
    default via: M4M5_PR_C

libcell analysis ...

instance analysis ...
#unique instances = 28

init region query ...
  complete li1
  complete mcon
  complete met1
  complete via
  complete met2
  complete via2
  complete met3
  complete via3
  complete met4
  complete via4
  complete met5

li1 shape region query size = 4900
mcon shape region query size = 7032
met1 shape region query size = 1714
via shape region query size = 0
met2 shape region query size = 26
via2 shape region query size = 0
met3 shape region query size = 20
via3 shape region query size = 0
met4 shape region query size = 0
via4 shape region query size = 0
met5 shape region query size = 0


start pin access
  complete 24 pins
  complete 28 unique inst patterns
  complete 144 groups
#scanned instances    = 617
#unique  instances    = 28
#stdCellGenAp         = 236
#stdCellValidPlanarAp = 136
#stdCellValidViaAp    = 136
#stdCellPinNoAp       = 0
#macroGenAp           = 0
#macroValidPlanarAp   = 0
#macroValidViaAp      = 0
#macroNoAp            = 0

complete pin access
cpu time = 00:00:00, elapsed time = 00:00:00, memory = 11.38 (MB), peak = 11.55 (MB)

post process guides ...
GCELLGRID X 0 DO 12 STEP 6900 ;
GCELLGRID Y 0 DO 11 STEP 6900 ;
  complete li1
  complete mcon
  complete met1
  complete via
  complete met2
  complete via2
  complete met3
  complete via3
  complete met4
  complete via4
  complete met5

building cmap ... 

init guide query ...
  complete li1 (guide)
  complete mcon (guide)
  complete met1 (guide)
  complete via (guide)
  complete met2 (guide)
  complete via2 (guide)
  complete met3 (guide)
  complete via3 (guide)
  complete met4 (guide)
  complete via4 (guide)
  complete met5 (guide)

li1 guide region query size = 156
mcon guide region query size = 0
met1 guide region query size = 167
via guide region query size = 0
met2 guide region query size = 112
via2 guide region query size = 0
met3 guide region query size = 23
via3 guide region query size = 0
met4 guide region query size = 0
via4 guide region query size = 0
met5 guide region query size = 0

init gr pin query ...


start track assignment
Done with 0 vertical wires in 1 frboxes and 0 horizontal wires in 1 frboxes.
Done with 37 vertical wires in 1 frboxes and 44 horizontal wires in 1 frboxes.

complete track assignment
cpu time = 00:00:00, elapsed time = 00:00:00, memory = 12.84 (MB), peak = 13.09 (MB)

start routing data preparation
initVia2ViaMinLen_minSpc li1 (d2d, d2u, u2d, u2u) = (0, 0, 0, 370)
initVia2ViaMinLen_minSpc met1 (d2d, d2u, u2d, u2u) = (430, 445, 445, 460)
initVia2ViaMinLen_minSpc met2 (d2d, d2u, u2d, u2u) = (460, 485, 485, 630)
initVia2ViaMinLen_minSpc met3 (d2d, d2u, u2d, u2u) = (630, 655, 655, 680)
initVia2ViaMinLen_minSpc met4 (d2d, d2u, u2d, u2u) = (630, 1055, 1055, 3020)
initVia2ViaMinLen_minSpc met5 (d2d, d2u, u2d, u2u) = (1480, 0, 0, 0)
initVia2ViaMinLen_minimumcut li1 (d2d, d2u, u2d, u2u) = (0, 0, 0, 370)
initVia2ViaMinLen_minimumcut li1 zerolen (b, b, b, b) = (1, 1, 1, 1)
initVia2ViaMinLen_minimumcut met1 (d2d, d2u, u2d, u2u) = (430, 445, 445, 460)
initVia2ViaMinLen_minimumcut met1 zerolen (b, b, b, b) = (1, 1, 1, 1)
initVia2ViaMinLen_minimumcut met2 (d2d, d2u, u2d, u2u) = (460, 485, 485, 630)
initVia2ViaMinLen_minimumcut met2 zerolen (b, b, b, b) = (1, 1, 1, 1)
initVia2ViaMinLen_minimumcut met3 (d2d, d2u, u2d, u2u) = (630, 655, 655, 680)
initVia2ViaMinLen_minimumcut met3 zerolen (b, b, b, b) = (1, 1, 1, 1)
initVia2ViaMinLen_minimumcut met4 (d2d, d2u, u2d, u2u) = (630, 1055, 1055, 3020)
initVia2ViaMinLen_minimumcut met4 zerolen (b, b, b, b) = (1, 1, 1, 1)
initVia2ViaMinLen_minimumcut met5 (d2d, d2u, u2d, u2u) = (1480, 0, 0, 0)
initVia2ViaMinLen_minimumcut met5 zerolen (b, b, b, b) = (1, 1, 1, 1)
initVia2ViaMinLenNew_minSpc li1 (d2d-x, d2d-y, d2u-x, d2u-y, u2d-x, u2d-y, u2u-x, u2u-y) = (0, 0, 0, 0, 0, 0, 430, 370)
initVia2ViaMinLenNew_minSpc met1 (d2d-x, d2d-y, d2u-x, d2u-y, u2d-x, u2d-y, u2u-x, u2u-y) = (430, 370, 445, 385, 445, 385, 460, 460)
initVia2ViaMinLenNew_minSpc met2 (d2d-x, d2d-y, d2u-x, d2u-y, u2d-x, u2d-y, u2u-x, u2u-y) = (460, 460, 410, 485, 410, 485, 630, 630)
initVia2ViaMinLenNew_minSpc met3 (d2d-x, d2d-y, d2u-x, d2u-y, u2d-x, u2d-y, u2u-x, u2u-y) = (630, 630, 655, 625, 655, 625, 680, 630)
initVia2ViaMinLenNew_minSpc met4 (d2d-x, d2d-y, d2u-x, d2u-y, u2d-x, u2d-y, u2u-x, u2u-y) = (680, 630, 1055, 1055, 1055, 1055, 3020, 3020)
initVia2ViaMinLenNew_minSpc met5 (d2d-x, d2d-y, d2u-x, d2u-y, u2d-x, u2d-y, u2u-x, u2u-y) = (1480, 1480, 0, 0, 0, 0, 0, 0)
initVia2ViaMinLenNew_minimumcut li1 (d2d-x, d2d-y, d2u-x, d2u-y, u2d-x, u2d-y, u2u-x, u2u-y) = (0, 0, 0, 0, 0, 0, 430, 370)
initVia2ViaMinLenNew_minimumcut met1 (d2d-x, d2d-y, d2u-x, d2u-y, u2d-x, u2d-y, u2u-x, u2u-y) = (430, 370, 445, 385, 445, 385, 460, 460)
initVia2ViaMinLenNew_minimumcut met2 (d2d-x, d2d-y, d2u-x, d2u-y, u2d-x, u2d-y, u2u-x, u2u-y) = (460, 460, 410, 485, 410, 485, 630, 630)
initVia2ViaMinLenNew_minimumcut met3 (d2d-x, d2d-y, d2u-x, d2u-y, u2d-x, u2d-y, u2u-x, u2u-y) = (630, 630, 655, 625, 655, 625, 680, 630)
initVia2ViaMinLenNew_minimumcut met4 (d2d-x, d2d-y, d2u-x, d2u-y, u2d-x, u2d-y, u2u-x, u2u-y) = (680, 630, 1055, 1055, 1055, 1055, 3020, 3020)
initVia2ViaMinLenNew_minimumcut met5 (d2d-x, d2d-y, d2u-x, d2u-y, u2d-x, u2d-y, u2u-x, u2u-y) = (1480, 1480, 0, 0, 0, 0, 0, 0)
cpu time = 00:00:00, elapsed time = 00:00:00, memory = 13.09 (MB), peak = 13.12 (MB)

start detail routing ...
start initial detail routing ...
    completing 10% with 3 violations
    elapsed time = 00:00:00, memory = 20.54 (MB)
    completing 20% with 4 violations
    elapsed time = 00:00:00, memory = 18.32 (MB)
    completing 30% with 7 violations
    elapsed time = 00:00:00, memory = 18.46 (MB)
    completing 40% with 7 violations
    elapsed time = 00:00:00, memory = 18.46 (MB)
  number of violations = 7
cpu time = 00:00:00, elapsed time = 00:00:00, memory = 18.46 (MB), peak = 20.64 (MB)
total wire length = 3342 um
total wire length on LAYER li1 = 4 um
total wire length on LAYER met1 = 1336 um
total wire length on LAYER met2 = 1679 um
total wire length on LAYER met3 = 312 um
total wire length on LAYER met4 = 10 um
total wire length on LAYER met5 = 0 um
total number of vias = 506
up-via summary (total 506):

------------
  li1    219
 met1    263
 met2     22
 met3      2
 met4      0
------------
         506


start 1st optimization iteration ...
    completing 10% with 7 violations
    elapsed time = 00:00:00, memory = 18.46 (MB)
    completing 20% with 4 violations
    elapsed time = 00:00:00, memory = 18.48 (MB)
    completing 30% with 4 violations
    elapsed time = 00:00:00, memory = 18.48 (MB)
    completing 40% with 4 violations
    elapsed time = 00:00:00, memory = 18.48 (MB)
    completing 50% with 1 violations
    elapsed time = 00:00:00, memory = 23.63 (MB)
    completing 60% with 1 violations
    elapsed time = 00:00:00, memory = 20.62 (MB)
    completing 70% with 1 violations
    elapsed time = 00:00:00, memory = 20.62 (MB)
    completing 80% with 1 violations
    elapsed time = 00:00:00, memory = 20.62 (MB)
    completing 90% with 1 violations
    elapsed time = 00:00:00, memory = 20.62 (MB)
  number of violations = 1
cpu time = 00:00:00, elapsed time = 00:00:00, memory = 20.62 (MB), peak = 25.18 (MB)
total wire length = 3258 um
total wire length on LAYER li1 = 0 um
total wire length on LAYER met1 = 1273 um
total wire length on LAYER met2 = 1648 um
total wire length on LAYER met3 = 337 um
total wire length on LAYER met4 = 0 um
total wire length on LAYER met5 = 0 um
total number of vias = 495
up-via summary (total 495):

------------
  li1    213
 met1    258
 met2     24
 met3      0
 met4      0
------------
         495


start 2nd optimization iteration ...
    completing 10% with 1 violations
    elapsed time = 00:00:00, memory = 20.64 (MB)
    completing 20% with 0 violations
    elapsed time = 00:00:00, memory = 20.90 (MB)
    completing 30% with 0 violations
    elapsed time = 00:00:00, memory = 20.95 (MB)
    completing 40% with 0 violations
    elapsed time = 00:00:00, memory = 20.95 (MB)
  number of violations = 0
cpu time = 00:00:00, elapsed time = 00:00:00, memory = 20.95 (MB), peak = 25.18 (MB)
total wire length = 3260 um
total wire length on LAYER li1 = 0 um
total wire length on LAYER met1 = 1273 um
total wire length on LAYER met2 = 1648 um
total wire length on LAYER met3 = 337 um
total wire length on LAYER met4 = 1 um
total wire length on LAYER met5 = 0 um
total number of vias = 497
up-via summary (total 497):

------------
  li1    213
 met1    258
 met2     24
 met3      2
 met4      0
------------
         497


start 3rd optimization iteration ...
    completing 10% with 0 violations
    elapsed time = 00:00:00, memory = 20.95 (MB)
    completing 20% with 0 violations
    elapsed time = 00:00:00, memory = 20.95 (MB)
    completing 30% with 0 violations
    elapsed time = 00:00:00, memory = 20.95 (MB)
    completing 40% with 0 violations
    elapsed time = 00:00:00, memory = 20.95 (MB)
    completing 50% with 0 violations
    elapsed time = 00:00:00, memory = 20.95 (MB)
    completing 60% with 0 violations
    elapsed time = 00:00:00, memory = 20.95 (MB)
    completing 70% with 0 violations
    elapsed time = 00:00:00, memory = 20.95 (MB)
    completing 80% with 0 violations
    elapsed time = 00:00:00, memory = 20.95 (MB)
    completing 90% with 0 violations
    elapsed time = 00:00:00, memory = 20.95 (MB)
  number of violations = 0
cpu time = 00:00:00, elapsed time = 00:00:00, memory = 20.95 (MB), peak = 25.18 (MB)
total wire length = 3260 um
total wire length on LAYER li1 = 0 um
total wire length on LAYER met1 = 1273 um
total wire length on LAYER met2 = 1648 um
total wire length on LAYER met3 = 337 um
total wire length on LAYER met4 = 1 um
total wire length on LAYER met5 = 0 um
total number of vias = 497
up-via summary (total 497):

------------
  li1    213
 met1    258
 met2     24
 met3      2
 met4      0
------------
         497


start 4th optimization iteration ...
    completing 10% with 0 violations
    elapsed time = 00:00:00, memory = 20.95 (MB)
    completing 20% with 0 violations
    elapsed time = 00:00:00, memory = 20.95 (MB)
    completing 30% with 0 violations
    elapsed time = 00:00:00, memory = 20.95 (MB)
    completing 40% with 0 violations
    elapsed time = 00:00:00, memory = 20.95 (MB)
  number of violations = 0
cpu time = 00:00:00, elapsed time = 00:00:00, memory = 20.95 (MB), peak = 25.18 (MB)
total wire length = 3260 um
total wire length on LAYER li1 = 0 um
total wire length on LAYER met1 = 1273 um
total wire length on LAYER met2 = 1648 um
total wire length on LAYER met3 = 337 um
total wire length on LAYER met4 = 1 um
total wire length on LAYER met5 = 0 um
total number of vias = 497
up-via summary (total 497):

------------
  li1    213
 met1    258
 met2     24
 met3      2
 met4      0
------------
         497


start 5th optimization iteration ...
    completing 10% with 0 violations
    elapsed time = 00:00:00, memory = 20.95 (MB)
    completing 20% with 0 violations
    elapsed time = 00:00:00, memory = 20.95 (MB)
    completing 30% with 0 violations
    elapsed time = 00:00:00, memory = 20.95 (MB)
    completing 40% with 0 violations
    elapsed time = 00:00:00, memory = 20.95 (MB)
    completing 50% with 0 violations
    elapsed time = 00:00:00, memory = 20.95 (MB)
    completing 60% with 0 violations
    elapsed time = 00:00:00, memory = 20.95 (MB)
    completing 70% with 0 violations
    elapsed time = 00:00:00, memory = 20.95 (MB)
    completing 80% with 0 violations
    elapsed time = 00:00:00, memory = 20.95 (MB)
    completing 90% with 0 violations
    elapsed time = 00:00:00, memory = 20.95 (MB)
  number of violations = 0
cpu time = 00:00:00, elapsed time = 00:00:00, memory = 20.95 (MB), peak = 25.18 (MB)
total wire length = 3260 um
total wire length on LAYER li1 = 0 um
total wire length on LAYER met1 = 1273 um
total wire length on LAYER met2 = 1648 um
total wire length on LAYER met3 = 337 um
total wire length on LAYER met4 = 1 um
total wire length on LAYER met5 = 0 um
total number of vias = 497
up-via summary (total 497):

------------
  li1    213
 met1    258
 met2     24
 met3      2
 met4      0
------------
         497


start 6th optimization iteration ...
    completing 10% with 0 violations
    elapsed time = 00:00:00, memory = 20.95 (MB)
    completing 20% with 0 violations
    elapsed time = 00:00:00, memory = 20.95 (MB)
    completing 30% with 0 violations
    elapsed time = 00:00:00, memory = 20.95 (MB)
    completing 40% with 0 violations
    elapsed time = 00:00:00, memory = 20.95 (MB)
  number of violations = 0
cpu time = 00:00:00, elapsed time = 00:00:00, memory = 20.95 (MB), peak = 25.18 (MB)
total wire length = 3260 um
total wire length on LAYER li1 = 0 um
total wire length on LAYER met1 = 1273 um
total wire length on LAYER met2 = 1648 um
total wire length on LAYER met3 = 337 um
total wire length on LAYER met4 = 1 um
total wire length on LAYER met5 = 0 um
total number of vias = 497
up-via summary (total 497):

------------
  li1    213
 met1    258
 met2     24
 met3      2
 met4      0
------------
         497


start 7th optimization iteration ...
    completing 10% with 0 violations
    elapsed time = 00:00:00, memory = 20.95 (MB)
    completing 20% with 0 violations
    elapsed time = 00:00:00, memory = 20.95 (MB)
    completing 30% with 0 violations
    elapsed time = 00:00:00, memory = 20.95 (MB)
    completing 40% with 0 violations
    elapsed time = 00:00:00, memory = 20.95 (MB)
    completing 50% with 0 violations
    elapsed time = 00:00:00, memory = 20.95 (MB)
    completing 60% with 0 violations
    elapsed time = 00:00:00, memory = 20.95 (MB)
    completing 70% with 0 violations
    elapsed time = 00:00:00, memory = 20.95 (MB)
    completing 80% with 0 violations
    elapsed time = 00:00:00, memory = 20.95 (MB)
    completing 90% with 0 violations
    elapsed time = 00:00:00, memory = 20.95 (MB)
  number of violations = 0
cpu time = 00:00:00, elapsed time = 00:00:00, memory = 20.95 (MB), peak = 25.18 (MB)/openLANE_flow/designs/cbx_1__1_/runs/pin_placement//reports/routing/tritonRoute.drc

complete detail routing
total wire length = 3260 um
total wire length on LAYER li1 = 0 um
total wire length on LAYER met1 = 1273 um
total wire length on LAYER met2 = 1648 um
total wire length on LAYER met3 = 337 um
total wire length on LAYER met4 = 1 um
total wire length on LAYER met5 = 0 um
total number of vias = 497
up-via summary (total 497):

------------
  li1    213
 met1    258
 met2     24
 met3      2
 met4      0
------------
         497

cpu time = 00:00:00, elapsed time = 00:00:00, memory = 20.95 (MB), peak = 25.18 (MB)

post processing ...
WARNING (DEFPARS-7011): The NAMESCASESENSITIVE statement is obsolete in version 5.6 and later.
The DEF parser will ignore this statement. See file /openLANE_flow/designs/cbx_1__1_/runs/pin_placement//tmp/routing/addspacers.def at line 2.


post processing ...
WARNING (DEFPARS-7011): The NAMESCASESENSITIVE statement is obsolete in version 5.6 and later.
The DEF parser will ignore this statement. See file /openLANE_flow/designs/cbx_1__1_/runs/pin_placement//tmp/routing/addspacers.def at line 2.


Runtime taken (hrt): 2.09623
