RePlAce Version: 1.0.0

** WARNING: Your Detail Placement Step must be skipped.
              (i.e. this program will be executed as -onlyGP)
     If you want to have DP after GP, please specify -dpflag and -dploc.

[INFO] TargetDensity = 0.400000
[INFO] ExperimentIndex = 0
[INFO] DirectoryPath = /openLANE_flow/designs/sb_0__1_/runs/30-08_11-21//tmp/placement/replace/etc/sb_0__1_.floorplan/experiment000
[PROC] Begin LefParsing ...
[LEF] Parsed 500 number of lines!!
WARNING (LEFPARS-2036): SOURCE statement is obsolete in version 5.6 and later.
The LEF parser will ignore this statement.
To avoid this warning in the future, remove this statement from the LEF file with version 5.6 or later. See file /openLANE_flow/designs/sb_0__1_/runs/30-08_11-21//tmp//merged.lef at line 776.

WARNING (LEFPARS-2036): SOURCE statement is obsolete in version 5.6 and later.
The LEF parser will ignore this statement.
To avoid this warning in the future, remove this statement from the LEF file with version 5.6 or later. See file /openLANE_flow/designs/sb_0__1_/runs/30-08_11-21//tmp//merged.lef at line 903.

[LEF] Parsed 1000 number of lines!!
WARNING (LEFPARS-2036): SOURCE statement is obsolete in version 5.6 and later.
The LEF parser will ignore this statement.
To avoid this warning in the future, remove this statement from the LEF file with version 5.6 or later. See file /openLANE_flow/designs/sb_0__1_/runs/30-08_11-21//tmp//merged.lef at line 1034.

WARNING (LEFPARS-2036): SOURCE statement is obsolete in version 5.6 and later.
The LEF parser will ignore this statement.
To avoid this warning in the future, remove this statement from the LEF file with version 5.6 or later. See file /openLANE_flow/designs/sb_0__1_/runs/30-08_11-21//tmp//merged.lef at line 1204.

WARNING (LEFPARS-2036): SOURCE statement is obsolete in version 5.6 and later.
The LEF parser will ignore this statement.
To avoid this warning in the future, remove this statement from the LEF file with version 5.6 or later. See file /openLANE_flow/designs/sb_0__1_/runs/30-08_11-21//tmp//merged.lef at line 1322.

WARNING (LEFPARS-2036): SOURCE statement is obsolete in version 5.6 and later.
The LEF parser will ignore this statement.
To avoid this warning in the future, remove this statement from the LEF file with version 5.6 or later. See file /openLANE_flow/designs/sb_0__1_/runs/30-08_11-21//tmp//merged.lef at line 1442.

[LEF] Parsed 1500 number of lines!!
WARNING (LEFPARS-2036): SOURCE statement is obsolete in version 5.6 and later.
The LEF parser will ignore this statement.
To avoid this warning in the future, remove this statement from the LEF file with version 5.6 or later. See file /openLANE_flow/designs/sb_0__1_/runs/30-08_11-21//tmp//merged.lef at line 1589.

WARNING (LEFPARS-2036): SOURCE statement is obsolete in version 5.6 and later.
The LEF parser will ignore this statement.
To avoid this warning in the future, remove this statement from the LEF file with version 5.6 or later. See file /openLANE_flow/designs/sb_0__1_/runs/30-08_11-21//tmp//merged.lef at line 1777.

WARNING (LEFPARS-2036): SOURCE statement is obsolete in version 5.6 and later.
The LEF parser will ignore this statement.
To avoid this warning in the future, remove this statement from the LEF file with version 5.6 or later. See file /openLANE_flow/designs/sb_0__1_/runs/30-08_11-21//tmp//merged.lef at line 1886.

WARNING (LEFPARS-2036): SOURCE statement is obsolete in version 5.6 and later.
The LEF parser will ignore this statement.
To avoid this warning in the future, remove this statement from the LEF file with version 5.6 or later. See file /openLANE_flow/designs/sb_0__1_/runs/30-08_11-21//tmp//merged.lef at line 1999.

[LEF] Parsed 2000 number of lines!!
WARNING (LEFPARS-2036): SOURCE statement is obsolete in version 5.6 and later.
The LEF parser will ignore this statement.
To avoid this warning in the future, remove this statement from the LEF file with version 5.6 or later. See file /openLANE_flow/designs/sb_0__1_/runs/30-08_11-21//tmp//merged.lef at line 2148.

WARNING (LEFPARS-2036): SOURCE statement is obsolete in version 5.6 and later.
The LEF parser will ignore this statement.
To avoid this warning in the future, remove this statement from the LEF file with version 5.6 or later. See file /openLANE_flow/designs/sb_0__1_/runs/30-08_11-21//tmp//merged.lef at line 2253.

WARNING (LEFPARS-2036): SOURCE statement is obsolete in version 5.6 and later.
The LEF parser will ignore this statement.
To avoid this warning in the future, remove this statement from the LEF file with version 5.6 or later. See file /openLANE_flow/designs/sb_0__1_/runs/30-08_11-21//tmp//merged.lef at line 2380.

[LEF] Parsed 2500 number of lines!!
WARNING (LEFPARS-2036): SOURCE statement is obsolete in version 5.6 and later.
The LEF parser will ignore this statement.
To avoid this warning in the future, remove this statement from the LEF file with version 5.6 or later. See file /openLANE_flow/designs/sb_0__1_/runs/30-08_11-21//tmp//merged.lef at line 2547.

WARNING (LEFPARS-2036): SOURCE statement is obsolete in version 5.6 and later.
The LEF parser will ignore this statement.
To avoid this warning in the future, remove this statement from the LEF file with version 5.6 or later. See file /openLANE_flow/designs/sb_0__1_/runs/30-08_11-21//tmp//merged.lef at line 2653.

WARNING (LEFPARS-2036): SOURCE statement is obsolete in version 5.6 and later.
The LEF parser will ignore this statement.
To avoid this warning in the future, remove this statement from the LEF file with version 5.6 or later. See file /openLANE_flow/designs/sb_0__1_/runs/30-08_11-21//tmp//merged.lef at line 2770.

WARNING (LEFPARS-2036): SOURCE statement is obsolete in version 5.6 and later.
The LEF parser will ignore this statement.
To avoid this warning in the future, remove this statement from the LEF file with version 5.6 or later. See file /openLANE_flow/designs/sb_0__1_/runs/30-08_11-21//tmp//merged.lef at line 2908.

[LEF] Parsed 3000 number of lines!!
WARNING (LEFPARS-2036): SOURCE statement is obsolete in version 5.6 and later.
The LEF parser will ignore this statement.
To avoid this warning in the future, remove this statement from the LEF file with version 5.6 or later. See file /openLANE_flow/designs/sb_0__1_/runs/30-08_11-21//tmp//merged.lef at line 3005.

WARNING (LEFPARS-2036): SOURCE statement is obsolete in version 5.6 and later.
The LEF parser will ignore this statement.
To avoid this warning in the future, remove this statement from the LEF file with version 5.6 or later. See file /openLANE_flow/designs/sb_0__1_/runs/30-08_11-21//tmp//merged.lef at line 3105.

WARNING (LEFPARS-2036): SOURCE statement is obsolete in version 5.6 and later.
The LEF parser will ignore this statement.
To avoid this warning in the future, remove this statement from the LEF file with version 5.6 or later. See file /openLANE_flow/designs/sb_0__1_/runs/30-08_11-21//tmp//merged.lef at line 3219.

WARNING (LEFPARS-2036): SOURCE statement is obsolete in version 5.6 and later.
The LEF parser will ignore this statement.
To avoid this warning in the future, remove this statement from the LEF file with version 5.6 or later. See file /openLANE_flow/designs/sb_0__1_/runs/30-08_11-21//tmp//merged.lef at line 3361.

WARNING (LEFPARS-2036): SOURCE statement is obsolete in version 5.6 and later.
The LEF parser will ignore this statement.
To avoid this warning in the future, remove this statement from the LEF file with version 5.6 or later. See file /openLANE_flow/designs/sb_0__1_/runs/30-08_11-21//tmp//merged.lef at line 3458.

[LEF] Parsed 3500 number of lines!!
WARNING (LEFPARS-2036): SOURCE statement is obsolete in version 5.6 and later.
The LEF parser will ignore this statement.
To avoid this warning in the future, remove this statement from the LEF file with version 5.6 or later. See file /openLANE_flow/designs/sb_0__1_/runs/30-08_11-21//tmp//merged.lef at line 3561.

WARNING (LEFPARS-2036): SOURCE statement is obsolete in version 5.6 and later.
The LEF parser will ignore this statement.
To avoid this warning in the future, remove this statement from the LEF file with version 5.6 or later. See file /openLANE_flow/designs/sb_0__1_/runs/30-08_11-21//tmp//merged.lef at line 3691.

WARNING (LEFPARS-2036): SOURCE statement is obsolete in version 5.6 and later.
The LEF parser will ignore this statement.
To avoid this warning in the future, remove this statement from the LEF file with version 5.6 or later. See file /openLANE_flow/designs/sb_0__1_/runs/30-08_11-21//tmp//merged.lef at line 3783.

WARNING (LEFPARS-2036): SOURCE statement is obsolete in version 5.6 and later.
The LEF parser will ignore this statement.
To avoid this warning in the future, remove this statement from the LEF file with version 5.6 or later. See file /openLANE_flow/designs/sb_0__1_/runs/30-08_11-21//tmp//merged.lef at line 3887.

[LEF] Parsed 4000 number of lines!!
WARNING (LEFPARS-2036): SOURCE statement is obsolete in version 5.6 and later.
The LEF parser will ignore this statement.
To avoid this warning in the future, remove this statement from the LEF file with version 5.6 or later. See file /openLANE_flow/designs/sb_0__1_/runs/30-08_11-21//tmp//merged.lef at line 4018.

WARNING (LEFPARS-2036): SOURCE statement is obsolete in version 5.6 and later.
The LEF parser will ignore this statement.
To avoid this warning in the future, remove this statement from the LEF file with version 5.6 or later. See file /openLANE_flow/designs/sb_0__1_/runs/30-08_11-21//tmp//merged.lef at line 4148.

WARNING (LEFPARS-2036): SOURCE statement is obsolete in version 5.6 and later.
The LEF parser will ignore this statement.
To avoid this warning in the future, remove this statement from the LEF file with version 5.6 or later. See file /openLANE_flow/designs/sb_0__1_/runs/30-08_11-21//tmp//merged.lef at line 4282.

WARNING (LEFPARS-2036): SOURCE statement is obsolete in version 5.6 and later.
The LEF parser will ignore this statement.
To avoid this warning in the future, remove this statement from the LEF file with version 5.6 or later. See file /openLANE_flow/designs/sb_0__1_/runs/30-08_11-21//tmp//merged.lef at line 4467.

[LEF] Parsed 4500 number of lines!!
[LEF] Parsed 5000 number of lines!!
[LEF] Parsed 5500 number of lines!!
[LEF] Parsed 6000 number of lines!!
[LEF] Parsed 6500 number of lines!!
[LEF] Parsed 7000 number of lines!!
[LEF] Parsed 7500 number of lines!!
[LEF] Parsed 8000 number of lines!!
[LEF] Parsed 8500 number of lines!!
[LEF] Parsed 9000 number of lines!!
[LEF] Parsed 9500 number of lines!!
[LEF] Parsed 10000 number of lines!!
[LEF] Parsed 10500 number of lines!!
[LEF] Parsed 11000 number of lines!!
[LEF] Parsed 11500 number of lines!!
[LEF] Parsed 12000 number of lines!!
[LEF] Parsed 12500 number of lines!!
[LEF] Parsed 13000 number of lines!!
[LEF] Parsed 13500 number of lines!!
[LEF] Parsed 14000 number of lines!!
[LEF] Parsed 14500 number of lines!!
[LEF] Parsed 15000 number of lines!!
[LEF] Parsed 15500 number of lines!!
[LEF] Parsed 16000 number of lines!!
[LEF] Parsed 16500 number of lines!!
[LEF] Parsed 17000 number of lines!!
[LEF] Parsed 17500 number of lines!!
[LEF] Parsed 18000 number of lines!!
[LEF] Parsed 18500 number of lines!!
[LEF] Parsed 19000 number of lines!!
[LEF] Parsed 19500 number of lines!!
[LEF] Parsed 20000 number of lines!!
[LEF] Parsed 20500 number of lines!!
[LEF] Parsed 21000 number of lines!!
[LEF] Parsed 21500 number of lines!!
[LEF] Parsed 22000 number of lines!!
[LEF] Parsed 22500 number of lines!!
[LEF] Parsed 23000 number of lines!!
[LEF] Parsed 23500 number of lines!!
[LEF] Parsed 24000 number of lines!!
[LEF] Parsed 24500 number of lines!!
[LEF] Parsed 25000 number of lines!!
[LEF] Parsed 25500 number of lines!!
[LEF] Parsed 26000 number of lines!!
[LEF] Parsed 26500 number of lines!!
[LEF] Parsed 27000 number of lines!!
[LEF] Parsed 27500 number of lines!!
[LEF] Parsed 28000 number of lines!!
[LEF] Parsed 28500 number of lines!!
[LEF] Parsed 29000 number of lines!!
[LEF] Parsed 29500 number of lines!!
[LEF] Parsed 30000 number of lines!!
[LEF] Parsed 30500 number of lines!!
[LEF] Parsed 31000 number of lines!!
[LEF] Parsed 31500 number of lines!!
[LEF] Parsed 32000 number of lines!!
[LEF] Parsed 32500 number of lines!!
[LEF] Parsed 33000 number of lines!!
[LEF] Parsed 33500 number of lines!!
[LEF] Parsed 34000 number of lines!!
[LEF] Parsed 34500 number of lines!!
[LEF] Parsed 35000 number of lines!!
[LEF] Parsed 35500 number of lines!!
[LEF] Parsed 36000 number of lines!!
[LEF] Parsed 36500 number of lines!!
[LEF] Parsed 37000 number of lines!!
[LEF] Parsed 37500 number of lines!!
[LEF] Parsed 38000 number of lines!!
[LEF] Parsed 38500 number of lines!!
[LEF] Parsed 39000 number of lines!!
[LEF] Parsed 39500 number of lines!!
[LEF] Parsed 40000 number of lines!!
[LEF] Parsed 40500 number of lines!!
[LEF] Parsed 41000 number of lines!!
[LEF] Parsed 41500 number of lines!!
[LEF] Parsed 42000 number of lines!!
[LEF] Parsed 42500 number of lines!!
[LEF] Parsed 43000 number of lines!!
[LEF] Parsed 43500 number of lines!!
[LEF] Parsed 44000 number of lines!!
[LEF] Parsed 44500 number of lines!!
[LEF] Parsed 45000 number of lines!!
[LEF] Parsed 45500 number of lines!!
[LEF] Parsed 46000 number of lines!!
[LEF] Parsed 46500 number of lines!!
[LEF] Parsed 47000 number of lines!!
[LEF] Parsed 47500 number of lines!!
[LEF] Parsed 48000 number of lines!!
[LEF] Parsed 48500 number of lines!!
[LEF] Parsed 49000 number of lines!!
[LEF] Parsed 49500 number of lines!!
[LEF] Parsed 50000 number of lines!!
[LEF] Parsed 50500 number of lines!!
[LEF] Parsed 51000 number of lines!!
[LEF] Parsed 51500 number of lines!!
[LEF] Parsed 52000 number of lines!!
[LEF] Parsed 52500 number of lines!!
[LEF] Parsed 53000 number of lines!!
[LEF] Parsed 53500 number of lines!!
[LEF] Parsed 54000 number of lines!!
[LEF] Parsed 54500 number of lines!!
[LEF] Parsed 55000 number of lines!!
[LEF] Parsed 55500 number of lines!!
[LEF] Parsed 56000 number of lines!!
[LEF] Parsed 56500 number of lines!!
[LEF] Parsed 57000 number of lines!!
[LEF] Parsed 57500 number of lines!!
[LEF] Parsed 58000 number of lines!!
[LEF] Parsed 58500 number of lines!!
[LEF] Parsed 59000 number of lines!!
[LEF] Parsed 59500 number of lines!!
[LEF] Parsed 60000 number of lines!!
[LEF] Parsed 60500 number of lines!!
[LEF] Parsed 61000 number of lines!!
[LEF] Parsed 61500 number of lines!!
[LEF] Parsed 62000 number of lines!!
[PROC] End LefParsing
[PROC] Begin DefParsing ...
WARNING (DEFPARS-7011): The NAMESCASESENSITIVE statement is obsolete in version 5.6 and later.
The DEF parser will ignore this statement. See file /openLANE_flow/designs/sb_0__1_/runs/30-08_11-21//results/floorplan/sb_0__1_.floorplan.def at line 2.

[PROC] End DefParsing
[INFO] DefUnit = 1000
[INFO] LefMetal1Name = li1
[INFO] DefSiteName = unithd
[INFO] ScaleDownUnit = 302.222229
[INFO] OffsetCoordi = (2640.000000, 0.000000)
[INFO] RowSize = (1.522059, 9.000000)
[INFO] NumRows = 280
[INFO] MacroCount = 0
[INFO] NumModules = 77
[INFO] NumTerminals = 8250
[INFO] Inserted Dummy Terms = 0
[PROC] Begin Generate Un-fragmented Rows ...
[INFO] CoreAreaLxLy = (27.000000, 36.000000)
[INFO] CoreAreaUxUy = (2550.573486, 2556.000000)
[INFO] RowSize = (1.522059, 9.000000)
[INFO] NumRows = 280
[PROC] End Generate Un-fragmented Rows
[PROC] Begin DEF Net Parsing ...
[INFO] NumNets = 177
[INFO] NumPins = 368
[PROC] End DEF Net Parsing
[PROC] LEF/DEF Parsing Success!
[INFO] AspectRatio = 0.998584
[INFO] RowMinXY = (27.000000, 36.000000)
[INFO] RowMaxXY = (2550.573486, 2556.000000)
[INFO] NumPlaceStdCells = 77
[INFO] NumPlaceMacros = 0
[INFO] RowSize = (1.522059, 9.000000)
[INFO] NumRows = 280
[INFO] GlobalAreaLxLy = (9.496324, 6.617647)
[INFO] GlobalAreaUxUy = (2568.077148, 2589.915283)
[INFO] PlaceAreaLxLy = (27.000000, 36.000000)
[INFO] PlaceAreaUxUy = (2550.573486, 2556.000000)
[INFO] TotalPlaceArea = 6359405.000000
[INFO] TotalFixedArea = 127273.585938
[INFO] TotalWhiteSpaceArea = 6232131.500000
[INFO] TotalPlaceMacrosArea = 0.000000
[INFO] TotalPlaceStdCellsArea = 25492.958984
[INFO] Util(%) = 0.400870
[INFO] 80pCellArea = 333.461273
[INFO] FillerInit: TotalFillerArea = 2467359.750000
[INFO] FillerInit: NumFillerCells = 7399
[INFO] FillerInit: FillerCellArea = 333.461426
[INFO] FillerInit: FillerCellSize = (37.051270, 9.000000)
[INFO] FillerInit: NumCells = 7476
[INFO] FillerInit: NumModules = 77
[INFO] FillerInit: NumFillers = 7399
INFO:  D_MSH = 1024 
INFO:  MSH(X, Y) = (32, 32)
[INFO] TierInit: TierUtil = 0.004009
[INFO] TierInit: NumModules = 77
[INFO] TierInit: PlaceArea = 6359405.000000
[INFO] TierInit: CoreSpacingArea = 0.000000
[INFO] TierInit: TerminalArea = 127273.585938
[INFO] TierInit: ModuleArea = 25492.958984
[INFO] TierInit: FillerArea = 2467359.750000
[INFO] TierInit: NumFillers = 7399
[INFO] TierInit: FillerMinIdx = 77
[INFO] TierInit: FillerMaxIdx = 7476
INFO:  dim_bin_cGP2D.(x,y) = (64, 64)
cell Init 2D:
tier->bin_stp: (39.4308 39.375)
tier->half_bin_stp: (19.7154 19.6875)
PROC:  Start NESTEROV's Optimization
PROC:    Global Lagrangian Multiplier is Applied

ITER: 0
    HPWL=106477.125000
    OVFL=0.908989
    HPWL=(54377.324219, 52099.804688)
    POTN=1.113683E+06
    PHIC=2.928432E-09
    GRAD=2.596722E-02
    NuBT=0
    CPU =0.000000

ITER: 1
    HPWL=106476.585938
    OVFL=0.908989
    HPWL=(54377.046875, 52099.539062)
    POTN=1.113675E+06
    PHIC=3.074853E-09
    GRAD=3.666525E-02
    NuBT=1
    CPU =0.003116

ITER: 2
    HPWL=106474.234375
    OVFL=0.908989
    HPWL=(54375.835938, 52098.402344)
    POTN=1.113636E+06
    PHIC=3.228596E-09
    GRAD=3.666449E-02
    NuBT=1
    CPU =0.001595

ITER: 3
    HPWL=51360.421875
    OVFL=0.714470
    HPWL=(28588.376953, 22772.044922)
    POTN=8.636116E+05
    PHIC=3.390026E-09
    GRAD=1.059316E-02
    NuBT=2
    CPU =0.002948

ITER: 4
    HPWL=45486.445312
    OVFL=0.697462
    HPWL=(25616.898438, 19869.546875)
    POTN=8.511799E+05
    PHIC=3.559527E-09
    GRAD=7.380143E-03
    NuBT=2
    CPU =0.003038

ITER: 5
    HPWL=45161.019531
    OVFL=0.674609
    HPWL=(25495.027344, 19665.992188)
    POTN=8.294831E+05
    PHIC=3.737503E-09
    GRAD=5.189606E-03
    NuBT=3
    CPU =0.004477

ITER: 6
    HPWL=44605.011719
    OVFL=0.652304
    HPWL=(25121.576172, 19483.435547)
    POTN=8.039982E+05
    PHIC=3.924378E-09
    GRAD=3.617982E-03
    NuBT=2
    CPU =0.003101

ITER: 7
    HPWL=44567.210938
    OVFL=0.613130
    HPWL=(25104.203125, 19463.009766)
    POTN=7.686628E+05
    PHIC=4.120597E-09
    GRAD=3.849762E-03
    NuBT=1
    CPU =0.001712

ITER: 8
    HPWL=44476.804688
    OVFL=0.580915
    HPWL=(25041.457031, 19435.347656)
    POTN=7.398639E+05
    PHIC=4.326627E-09
    GRAD=4.500876E-03
    NuBT=2
    CPU =0.002975

ITER: 9
    HPWL=44402.523438
    OVFL=0.552413
    HPWL=(24959.306641, 19443.216797)
    POTN=7.107740E+05
    PHIC=4.542958E-09
    GRAD=5.344945E-03
    NuBT=2
    CPU =0.002976

ITER: 10
    HPWL=44292.125000
    OVFL=0.579588
    HPWL=(24846.304688, 19445.820312)
    POTN=6.886492E+05
    PHIC=4.770105E-09
    GRAD=6.172847E-03
    NuBT=2
    CPU =0.002983

ITER: 11
    HPWL=44242.101562
    OVFL=0.500218
    HPWL=(24747.878906, 19494.222656)
    POTN=6.711715E+05
    PHIC=5.008610E-09
    GRAD=5.795867E-03
    NuBT=2
    CPU =0.003023

ITER: 12
    HPWL=44019.347656
    OVFL=0.557232
    HPWL=(24612.189453, 19407.158203)
    POTN=6.566452E+05
    PHIC=5.259041E-09
    GRAD=7.653068E-03
    NuBT=2
    CPU =0.003007

ITER: 13
    HPWL=43928.593750
    OVFL=0.489317
    HPWL=(24482.855469, 19445.738281)
    POTN=6.446081E+05
    PHIC=5.521993E-09
    GRAD=6.131865E-03
    NuBT=1
    CPU =0.001607

ITER: 14
    HPWL=43917.218750
    OVFL=0.489226
    HPWL=(24470.398438, 19446.822266)
    POTN=6.351608E+05
    PHIC=5.798092E-09
    GRAD=8.508970E-03
    NuBT=2
    CPU =0.002996

ITER: 15
    HPWL=43877.976562
    OVFL=0.475772
    HPWL=(24394.058594, 19483.919922)
    POTN=6.291358E+05
    PHIC=6.087997E-09
    GRAD=9.054969E-03
    NuBT=2
    CPU =0.002983

ITER: 16
    HPWL=43862.328125
    OVFL=0.486356
    HPWL=(24355.412109, 19506.914062)
    POTN=6.228200E+05
    PHIC=6.392396E-09
    GRAD=1.010441E-02
    NuBT=2
    CPU =0.003043

ITER: 17
    HPWL=43904.824219
    OVFL=0.430875
    HPWL=(24346.824219, 19558.000000)
    POTN=6.194399E+05
    PHIC=6.711975E-09
    GRAD=1.044965E-02
    NuBT=2
    CPU =0.002986

ITER: 18
    HPWL=43688.136719
    OVFL=0.479186
    HPWL=(24209.632812, 19478.503906)
    POTN=6.169114E+05
    PHIC=7.047574E-09
    GRAD=1.209136E-02
    NuBT=2
    CPU =0.003000

ITER: 19
    HPWL=43755.359375
    OVFL=0.422661
    HPWL=(24200.218750, 19555.142578)
    POTN=6.175843E+05
    PHIC=7.399883E-09
    GRAD=1.121318E-02
    NuBT=2
    CPU =0.002997

ITER: 20
    HPWL=43468.125000
    OVFL=0.417041
    HPWL=(24044.777344, 19423.347656)
    POTN=6.169356E+05
    PHIC=7.769876E-09
    GRAD=1.202666E-02
    NuBT=2
    CPU =0.002974

ITER: 21
    HPWL=43479.500000
    OVFL=0.448122
    HPWL=(24028.476562, 19451.023438)
    POTN=6.190229E+05
    PHIC=8.158357E-09
    GRAD=1.288018E-02
    NuBT=1
    CPU =0.001608

ITER: 22
    HPWL=43537.214844
    OVFL=0.426814
    HPWL=(24045.615234, 19491.599609)
    POTN=6.189667E+05
    PHIC=8.566204E-09
    GRAD=1.204412E-02
    NuBT=2
    CPU =0.002973

ITER: 23
    HPWL=43460.214844
    OVFL=0.387761
    HPWL=(24017.148438, 19443.066406)
    POTN=6.202581E+05
    PHIC=8.994514E-09
    GRAD=1.228354E-02
    NuBT=1
    CPU =0.001612

ITER: 24
    HPWL=43314.343750
    OVFL=0.413839
    HPWL=(23955.318359, 19359.023438)
    POTN=6.229149E+05
    PHIC=9.444239E-09
    GRAD=1.359123E-02
    NuBT=2
    CPU =0.002965

ITER: 25
    HPWL=43329.789062
    OVFL=0.428402
    HPWL=(23961.923828, 19367.867188)
    POTN=6.250572E+05
    PHIC=9.916429E-09
    GRAD=1.250913E-02
    NuBT=2
    CPU =0.002970

ITER: 26
    HPWL=43369.101562
    OVFL=0.409219
    HPWL=(23989.623047, 19379.480469)
    POTN=6.271664E+05
    PHIC=1.041219E-08
    GRAD=1.161096E-02
    NuBT=1
    CPU =0.001600

ITER: 27
    HPWL=43360.281250
    OVFL=0.384082
    HPWL=(23996.970703, 19363.310547)
    POTN=6.299795E+05
    PHIC=1.093280E-08
    GRAD=1.213682E-02
    NuBT=1
    CPU =0.001608

ITER: 28
    HPWL=43305.460938
    OVFL=0.424762
    HPWL=(23975.185547, 19330.275391)
    POTN=6.341841E+05
    PHIC=1.147944E-08
    GRAD=1.336685E-02
    NuBT=2
    CPU =0.003013

ITER: 29
    HPWL=43329.261719
    OVFL=0.427781
    HPWL=(23981.363281, 19347.898438)
    POTN=6.357251E+05
    PHIC=1.205337E-08
    GRAD=1.120373E-02
    NuBT=1
    CPU =0.001598

ITER: 30
    HPWL=43325.554688
    OVFL=0.438286
    HPWL=(23987.992188, 19337.564453)
    POTN=6.386104E+05
    PHIC=1.265604E-08
    GRAD=1.073945E-02
    NuBT=1
    CPU =0.001605

ITER: 31
    HPWL=43408.375000
    OVFL=0.411808
    HPWL=(24036.250000, 19372.123047)
    POTN=6.410149E+05
    PHIC=1.328869E-08
    GRAD=1.030921E-02
    NuBT=1
    CPU =0.001596

ITER: 32
    HPWL=43386.417969
    OVFL=0.422095
    HPWL=(24035.937500, 19350.480469)
    POTN=6.442601E+05
    PHIC=1.395312E-08
    GRAD=1.153773E-02
    NuBT=2
    CPU =0.002960

ITER: 33
    HPWL=43404.984375
    OVFL=0.449894
    HPWL=(24042.470703, 19362.515625)
    POTN=6.465184E+05
    PHIC=1.465074E-08
    GRAD=1.102717E-02
    NuBT=1
    CPU =0.001590

ITER: 34
    HPWL=43449.269531
    OVFL=0.459617
    HPWL=(24064.392578, 19384.876953)
    POTN=6.481980E+05
    PHIC=1.538318E-08
    GRAD=9.729765E-03
    NuBT=1
    CPU =0.001594

ITER: 35
    HPWL=43450.273438
    OVFL=0.471657
    HPWL=(24072.759766, 19377.515625)
    POTN=6.507056E+05
    PHIC=1.615233E-08
    GRAD=9.099822E-03
    NuBT=1
    CPU =0.001586

ITER: 36
    HPWL=43546.960938
    OVFL=0.434005
    HPWL=(24127.089844, 19419.873047)
    POTN=6.523194E+05
    PHIC=1.695972E-08
    GRAD=8.671425E-03
    NuBT=1
    CPU =0.001591

ITER: 37
    HPWL=43526.050781
    OVFL=0.426425
    HPWL=(24128.218750, 19397.832031)
    POTN=6.540676E+05
    PHIC=1.780770E-08
    GRAD=1.034980E-02
    NuBT=2
    CPU =0.002958

ITER: 38
    HPWL=43533.625000
    OVFL=0.456842
    HPWL=(24121.242188, 19412.382812)
    POTN=6.556679E+05
    PHIC=1.869807E-08
    GRAD=1.082356E-02
    NuBT=1
    CPU =0.001591

ITER: 39
    HPWL=43544.171875
    OVFL=0.459548
    HPWL=(24114.662109, 19429.509766)
    POTN=6.567804E+05
    PHIC=1.963294E-08
    GRAD=9.373341E-03
    NuBT=2
    CPU =0.002962

ITER: 40
    HPWL=43526.250000
    OVFL=0.467005
    HPWL=(24105.974609, 19420.273438)
    POTN=6.584148E+05
    PHIC=2.061459E-08
    GRAD=9.087279E-03
    NuBT=1
    CPU =0.001611

ITER: 41
    HPWL=43544.375000
    OVFL=0.436505
    HPWL=(24113.437500, 19430.935547)
    POTN=6.595242E+05
    PHIC=2.164526E-08
    GRAD=8.733652E-03
    NuBT=1
    CPU =0.001652

ITER: 42
    HPWL=43547.257812
    OVFL=0.422763
    HPWL=(24115.619141, 19431.640625)
    POTN=6.604854E+05
    PHIC=2.272751E-08
    GRAD=1.012097E-02
    NuBT=2
    CPU =0.003002

ITER: 43
    HPWL=43541.210938
    OVFL=0.445343
    HPWL=(24097.736328, 19443.474609)
    POTN=6.620979E+05
    PHIC=2.386389E-08
    GRAD=1.091818E-02
    NuBT=1
    CPU =0.001683

ITER: 44
    HPWL=43530.574219
    OVFL=0.442917
    HPWL=(24075.337891, 19455.236328)
    POTN=6.619459E+05
    PHIC=2.505708E-08
    GRAD=9.807914E-03
    NuBT=2
    CPU =0.003039

ITER: 45
    HPWL=43506.703125
    OVFL=0.442178
    HPWL=(24055.005859, 19451.699219)
    POTN=6.623006E+05
    PHIC=2.630993E-08
    GRAD=9.838156E-03
    NuBT=2
    CPU =0.002967

ITER: 46
    HPWL=43488.464844
    OVFL=0.438013
    HPWL=(24037.085938, 19451.378906)
    POTN=6.633704E+05
    PHIC=2.762543E-08
    GRAD=9.822286E-03
    NuBT=1
    CPU =0.001612

ITER: 47
    HPWL=43490.523438
    OVFL=0.397822
    HPWL=(24028.273438, 19462.251953)
    POTN=6.628544E+05
    PHIC=2.900669E-08
    GRAD=1.003104E-02
    NuBT=1
    CPU =0.001610

ITER: 48
    HPWL=43396.648438
    OVFL=0.386722
    HPWL=(23974.972656, 19421.675781)
    POTN=6.626585E+05
    PHIC=3.045702E-08
    GRAD=1.218215E-02
    NuBT=2
    CPU =0.002991

ITER: 49
    HPWL=43304.597656
    OVFL=0.407888
    HPWL=(23914.257812, 19390.339844)
    POTN=6.630573E+05
    PHIC=3.197987E-08
    GRAD=1.280349E-02
    NuBT=1
    CPU =0.001707

ITER: 50
    HPWL=43228.605469
    OVFL=0.405288
    HPWL=(23854.474609, 19374.130859)
    POTN=6.618228E+05
    PHIC=3.357886E-08
    GRAD=1.165439E-02
    NuBT=2
    CPU =0.003018

ITER: 51
    HPWL=43221.542969
    OVFL=0.390347
    HPWL=(23834.406250, 19387.136719)
    POTN=6.604898E+05
    PHIC=3.525780E-08
    GRAD=1.181954E-02
    NuBT=2
    CPU =0.002992

ITER: 52
    HPWL=43207.601562
    OVFL=0.382912
    HPWL=(23814.984375, 19392.617188)
    POTN=6.592744E+05
    PHIC=3.702069E-08
    GRAD=1.257029E-02
    NuBT=2
    CPU =0.002993

ITER: 53
    HPWL=43181.828125
    OVFL=0.372668
    HPWL=(23791.878906, 19389.949219)
    POTN=6.581010E+05
    PHIC=3.887172E-08
    GRAD=1.301622E-02
    NuBT=2
    CPU =0.002980

ITER: 54
    HPWL=43152.218750
    OVFL=0.362400
    HPWL=(23773.660156, 19378.560547)
    POTN=6.570216E+05
    PHIC=4.081530E-08
    GRAD=1.366596E-02
    NuBT=2
    CPU =0.003000

ITER: 55
    HPWL=43136.945312
    OVFL=0.350303
    HPWL=(23767.796875, 19369.148438)
    POTN=6.557941E+05
    PHIC=4.285607E-08
    GRAD=1.437958E-02
    NuBT=1
    CPU =0.001672

ITER: 56
    HPWL=43131.898438
    OVFL=0.339485
    HPWL=(23765.412109, 19366.486328)
    POTN=6.544620E+05
    PHIC=4.499887E-08
    GRAD=1.531633E-02
    NuBT=1
    CPU =0.001727

ITER: 57
    HPWL=43103.179688
    OVFL=0.327974
    HPWL=(23751.623047, 19351.554688)
    POTN=6.529196E+05
    PHIC=4.724881E-08
    GRAD=1.616855E-02
    NuBT=2
    CPU =0.003032

ITER: 58
    HPWL=43067.792969
    OVFL=0.318396
    HPWL=(23733.312500, 19334.480469)
    POTN=6.511902E+05
    PHIC=4.961125E-08
    GRAD=1.712189E-02
    NuBT=2
    CPU =0.003074

ITER: 59
    HPWL=43018.359375
    OVFL=0.309042
    HPWL=(23707.730469, 19310.630859)
    POTN=6.494342E+05
    PHIC=5.209181E-08
    GRAD=1.791430E-02
    NuBT=2
    CPU =0.003047

ITER: 60
    HPWL=42940.699219
    OVFL=0.300415
    HPWL=(23670.757812, 19269.941406)
    POTN=6.475821E+05
    PHIC=5.469640E-08
    GRAD=1.861460E-02
    NuBT=2
    CPU =0.003084

ITER: 61
    HPWL=42852.554688
    OVFL=0.291154
    HPWL=(23629.615234, 19222.939453)
    POTN=6.459898E+05
    PHIC=5.743122E-08
    GRAD=1.927628E-02
    NuBT=2
    CPU =0.003046

ITER: 62
    HPWL=42811.179688
    OVFL=0.282215
    HPWL=(23610.292969, 19200.888672)
    POTN=6.444296E+05
    PHIC=6.030277E-08
    GRAD=2.000356E-02
    NuBT=1
    CPU =0.001622

ITER: 63
    HPWL=42778.460938
    OVFL=0.273795
    HPWL=(23596.332031, 19182.126953)
    POTN=6.428715E+05
    PHIC=6.331791E-08
    GRAD=2.079319E-02
    NuBT=2
    CPU =0.002938

ITER: 64
    HPWL=42743.097656
    OVFL=0.267266
    HPWL=(23582.662109, 19160.435547)
    POTN=6.412680E+05
    PHIC=6.648381E-08
    GRAD=2.155722E-02
    NuBT=2
    CPU =0.002931

ITER: 65
    HPWL=42721.898438
    OVFL=0.263506
    HPWL=(23576.457031, 19145.443359)
    POTN=6.396548E+05
    PHIC=6.980800E-08
    GRAD=2.219619E-02
    NuBT=2
    CPU =0.002948

ITER: 66
    HPWL=42706.625000
    OVFL=0.259197
    HPWL=(23572.330078, 19134.292969)
    POTN=6.379849E+05
    PHIC=7.329839E-08
    GRAD=2.258901E-02
    NuBT=2
    CPU =0.002944

ITER: 67
    HPWL=42713.226562
    OVFL=0.254947
    HPWL=(23578.519531, 19134.708984)
    POTN=6.363699E+05
    PHIC=7.696324E-08
    GRAD=2.311266E-02
    NuBT=1
    CPU =0.001627

ITER: 68
    HPWL=42707.078125
    OVFL=0.249951
    HPWL=(23578.042969, 19129.035156)
    POTN=6.346549E+05
    PHIC=8.081140E-08
    GRAD=2.355451E-02
    NuBT=2
    CPU =0.002944

ITER: 69
    HPWL=42711.937500
    OVFL=0.243498
    HPWL=(23580.861328, 19131.076172)
    POTN=6.329479E+05
    PHIC=8.485191E-08
    GRAD=2.413266E-02
    NuBT=1
    CPU =0.001563

ITER: 70
    HPWL=42668.601562
    OVFL=0.233925
    HPWL=(23560.498047, 19108.103516)
    POTN=6.311401E+05
    PHIC=8.909450E-08
    GRAD=2.465405E-02
    NuBT=2
    CPU =0.002956

ITER: 71
    HPWL=42617.351562
    OVFL=0.222983
    HPWL=(23535.326172, 19082.023438)
    POTN=6.290958E+05
    PHIC=9.354922E-08
    GRAD=2.549187E-02
    NuBT=2
    CPU =0.002948

ITER: 72
    HPWL=42593.011719
    OVFL=0.213871
    HPWL=(23521.031250, 19071.980469)
    POTN=6.270026E+05
    PHIC=9.822667E-08
    GRAD=2.647595E-02
    NuBT=1
    CPU =0.001618

ITER: 73
    HPWL=42585.332031
    OVFL=0.209835
    HPWL=(23513.378906, 19071.953125)
    POTN=6.249002E+05
    PHIC=1.031380E-07
    GRAD=2.743997E-02
    NuBT=2
    CPU =0.002948

ITER: 74
    HPWL=42558.351562
    OVFL=0.205780
    HPWL=(23497.455078, 19060.896484)
    POTN=6.228886E+05
    PHIC=1.082949E-07
    GRAD=2.782966E-02
    NuBT=2
    CPU =0.002944

ITER: 75
    HPWL=42543.062500
    OVFL=0.202246
    HPWL=(23487.542969, 19055.519531)
    POTN=6.209911E+05
    PHIC=1.137096E-07
    GRAD=2.824526E-02
    NuBT=2
    CPU =0.002966

ITER: 76
    HPWL=42533.003906
    OVFL=0.200578
    HPWL=(23480.744141, 19052.259766)
    POTN=6.190500E+05
    PHIC=1.193951E-07
    GRAD=2.860602E-02
    NuBT=2
    CPU =0.002965

ITER: 77
    HPWL=42526.664062
    OVFL=0.199174
    HPWL=(23475.410156, 19051.253906)
    POTN=6.171746E+05
    PHIC=1.253649E-07
    GRAD=2.878183E-02
    NuBT=2
    CPU =0.002971

ITER: 78
    HPWL=42528.562500
    OVFL=0.195878
    HPWL=(23473.330078, 19055.234375)
    POTN=6.153103E+05
    PHIC=1.316331E-07
    GRAD=2.896173E-02
    NuBT=1
    CPU =0.001615

ITER: 79
    HPWL=42517.195312
    OVFL=0.188783
    HPWL=(23464.394531, 19052.800781)
    POTN=6.133687E+05
    PHIC=1.382147E-07
    GRAD=2.927070E-02
    NuBT=2
    CPU =0.002979

ITER: 80
    HPWL=42508.492188
    OVFL=0.179203
    HPWL=(23455.833984, 19052.658203)
    POTN=6.113946E+05
    PHIC=1.451254E-07
    GRAD=2.999665E-02
    NuBT=1
    CPU =0.001611

ITER: 81
    HPWL=42491.164062
    OVFL=0.168819
    HPWL=(23442.498047, 19048.666016)
    POTN=6.095041E+05
    PHIC=1.523817E-07
    GRAD=3.095028E-02
    NuBT=2
    CPU =0.002984

ITER: 82
    HPWL=42479.250000
    OVFL=0.161366
    HPWL=(23431.339844, 19047.910156)
    POTN=6.075857E+05
    PHIC=1.600008E-07
    GRAD=3.202071E-02
    NuBT=1
    CPU =0.001587

ITER: 83
    HPWL=42458.859375
    OVFL=0.155351
    HPWL=(23417.060547, 19041.798828)
    POTN=6.057216E+05
    PHIC=1.680008E-07
    GRAD=3.274198E-02
    NuBT=2
    CPU =0.002919

ITER: 84
    HPWL=42443.593750
    OVFL=0.151979
    HPWL=(23406.972656, 19036.621094)
    POTN=6.039154E+05
    PHIC=1.764008E-07
    GRAD=3.332320E-02
    NuBT=2
    CPU =0.002923

ITER: 85
    HPWL=42429.277344
    OVFL=0.148634
    HPWL=(23396.974609, 19032.302734)
    POTN=6.021688E+05
    PHIC=1.852209E-07
    GRAD=3.363984E-02
    NuBT=2
    CPU =0.002932

ITER: 86
    HPWL=42416.945312
    OVFL=0.143704
    HPWL=(23387.255859, 19029.687500)
    POTN=6.004537E+05
    PHIC=1.944819E-07
    GRAD=3.394460E-02
    NuBT=2
    CPU =0.002941

ITER: 87
    HPWL=42411.968750
    OVFL=0.138718
    HPWL=(23380.291016, 19031.677734)
    POTN=5.987958E+05
    PHIC=2.042060E-07
    GRAD=3.443822E-02
    NuBT=1
    CPU =0.001605

ITER: 88
    HPWL=42394.855469
    OVFL=0.133463
    HPWL=(23367.093750, 19027.761719)
    POTN=5.971434E+05
    PHIC=2.144163E-07
    GRAD=3.485841E-02
    NuBT=2
    CPU =0.002957

ITER: 89
    HPWL=42382.789062
    OVFL=0.128657
    HPWL=(23355.853516, 19026.935547)
    POTN=5.955312E+05
    PHIC=2.251371E-07
    GRAD=3.533299E-02
    NuBT=1
    CPU =0.001587

ITER: 90
    HPWL=42375.136719
    OVFL=0.126109
    HPWL=(23346.285156, 19028.851562)
    POTN=5.939422E+05
    PHIC=2.363939E-07
    GRAD=3.579656E-02
    NuBT=1
    CPU =0.001630

ITER: 91
    HPWL=42363.468750
    OVFL=0.122922
    HPWL=(23334.833984, 19028.634766)
    POTN=5.923971E+05
    PHIC=2.482136E-07
    GRAD=3.603428E-02
    NuBT=1
    CPU =0.001608

ITER: 92
    HPWL=42347.585938
    OVFL=0.119457
    HPWL=(23321.382812, 19026.203125)
    POTN=5.908623E+05
    PHIC=2.606243E-07
    GRAD=3.628133E-02
    NuBT=1
    CPU =0.001587

ITER: 93
    HPWL=42331.445312
    OVFL=0.116950
    HPWL=(23307.343750, 19024.101562)
    POTN=5.893526E+05
    PHIC=2.736555E-07
    GRAD=3.655224E-02
    NuBT=1
    CPU =0.001586

ITER: 94
    HPWL=42318.898438
    OVFL=0.111704
    HPWL=(23294.410156, 19024.488281)
    POTN=5.877509E+05
    PHIC=2.873383E-07
    GRAD=3.677494E-02
    NuBT=1
    CPU =0.001589

ITER: 95
    HPWL=42307.328125
    OVFL=0.105425
    HPWL=(23281.740234, 19025.589844)
    POTN=5.861995E+05
    PHIC=3.017052E-07
    GRAD=3.722391E-02
    NuBT=1
    CPU =0.001619

ITER: 96
    HPWL=42292.664062
    OVFL=0.096860
    HPWL=(23266.865234, 19025.798828)
    POTN=5.846297E+05
    PHIC=3.167904E-07
    GRAD=3.772783E-02
    NuBT=1
    CPU =0.001681
[INFO] Nesterov: NumIters = 96
[INFO] Nesterov: ScaledHpwl = 42292.664062
[INFO] Nesterov: Overflow = 0.096860
[INFO] Nesterov: Potential = 584629.687500
[INFO] Nesterov: xInstScaledHpwl = 42265.371094
[INFO] Nesterov: yInstScaledHpwl = 42292.664062
[INFO] Nesterov: HPWL = 12773.539062
