RePlAce Version: 1.0.0

** WARNING: Your Detail Placement Step must be skipped.
              (i.e. this program will be executed as -onlyGP)
     If you want to have DP after GP, please specify -dpflag and -dploc.

[INFO] TargetDensity = 0.400000
[INFO] ExperimentIndex = 0
[INFO] DirectoryPath = /openLANE_flow/designs/sb_0__3_/runs/30-08_14-08//tmp/placement/replace/etc/sb_0__3_.floorplan/experiment000
[PROC] Begin LefParsing ...
[LEF] Parsed 500 number of lines!!
WARNING (LEFPARS-2036): SOURCE statement is obsolete in version 5.6 and later.
The LEF parser will ignore this statement.
To avoid this warning in the future, remove this statement from the LEF file with version 5.6 or later. See file /openLANE_flow/designs/sb_0__3_/runs/30-08_14-08//tmp//merged.lef at line 776.

WARNING (LEFPARS-2036): SOURCE statement is obsolete in version 5.6 and later.
The LEF parser will ignore this statement.
To avoid this warning in the future, remove this statement from the LEF file with version 5.6 or later. See file /openLANE_flow/designs/sb_0__3_/runs/30-08_14-08//tmp//merged.lef at line 903.

[LEF] Parsed 1000 number of lines!!
WARNING (LEFPARS-2036): SOURCE statement is obsolete in version 5.6 and later.
The LEF parser will ignore this statement.
To avoid this warning in the future, remove this statement from the LEF file with version 5.6 or later. See file /openLANE_flow/designs/sb_0__3_/runs/30-08_14-08//tmp//merged.lef at line 1034.

WARNING (LEFPARS-2036): SOURCE statement is obsolete in version 5.6 and later.
The LEF parser will ignore this statement.
To avoid this warning in the future, remove this statement from the LEF file with version 5.6 or later. See file /openLANE_flow/designs/sb_0__3_/runs/30-08_14-08//tmp//merged.lef at line 1204.

WARNING (LEFPARS-2036): SOURCE statement is obsolete in version 5.6 and later.
The LEF parser will ignore this statement.
To avoid this warning in the future, remove this statement from the LEF file with version 5.6 or later. See file /openLANE_flow/designs/sb_0__3_/runs/30-08_14-08//tmp//merged.lef at line 1322.

WARNING (LEFPARS-2036): SOURCE statement is obsolete in version 5.6 and later.
The LEF parser will ignore this statement.
To avoid this warning in the future, remove this statement from the LEF file with version 5.6 or later. See file /openLANE_flow/designs/sb_0__3_/runs/30-08_14-08//tmp//merged.lef at line 1442.

[LEF] Parsed 1500 number of lines!!
WARNING (LEFPARS-2036): SOURCE statement is obsolete in version 5.6 and later.
The LEF parser will ignore this statement.
To avoid this warning in the future, remove this statement from the LEF file with version 5.6 or later. See file /openLANE_flow/designs/sb_0__3_/runs/30-08_14-08//tmp//merged.lef at line 1589.

WARNING (LEFPARS-2036): SOURCE statement is obsolete in version 5.6 and later.
The LEF parser will ignore this statement.
To avoid this warning in the future, remove this statement from the LEF file with version 5.6 or later. See file /openLANE_flow/designs/sb_0__3_/runs/30-08_14-08//tmp//merged.lef at line 1777.

WARNING (LEFPARS-2036): SOURCE statement is obsolete in version 5.6 and later.
The LEF parser will ignore this statement.
To avoid this warning in the future, remove this statement from the LEF file with version 5.6 or later. See file /openLANE_flow/designs/sb_0__3_/runs/30-08_14-08//tmp//merged.lef at line 1886.

WARNING (LEFPARS-2036): SOURCE statement is obsolete in version 5.6 and later.
The LEF parser will ignore this statement.
To avoid this warning in the future, remove this statement from the LEF file with version 5.6 or later. See file /openLANE_flow/designs/sb_0__3_/runs/30-08_14-08//tmp//merged.lef at line 1999.

[LEF] Parsed 2000 number of lines!!
WARNING (LEFPARS-2036): SOURCE statement is obsolete in version 5.6 and later.
The LEF parser will ignore this statement.
To avoid this warning in the future, remove this statement from the LEF file with version 5.6 or later. See file /openLANE_flow/designs/sb_0__3_/runs/30-08_14-08//tmp//merged.lef at line 2148.

WARNING (LEFPARS-2036): SOURCE statement is obsolete in version 5.6 and later.
The LEF parser will ignore this statement.
To avoid this warning in the future, remove this statement from the LEF file with version 5.6 or later. See file /openLANE_flow/designs/sb_0__3_/runs/30-08_14-08//tmp//merged.lef at line 2253.

WARNING (LEFPARS-2036): SOURCE statement is obsolete in version 5.6 and later.
The LEF parser will ignore this statement.
To avoid this warning in the future, remove this statement from the LEF file with version 5.6 or later. See file /openLANE_flow/designs/sb_0__3_/runs/30-08_14-08//tmp//merged.lef at line 2380.

[LEF] Parsed 2500 number of lines!!
WARNING (LEFPARS-2036): SOURCE statement is obsolete in version 5.6 and later.
The LEF parser will ignore this statement.
To avoid this warning in the future, remove this statement from the LEF file with version 5.6 or later. See file /openLANE_flow/designs/sb_0__3_/runs/30-08_14-08//tmp//merged.lef at line 2547.

WARNING (LEFPARS-2036): SOURCE statement is obsolete in version 5.6 and later.
The LEF parser will ignore this statement.
To avoid this warning in the future, remove this statement from the LEF file with version 5.6 or later. See file /openLANE_flow/designs/sb_0__3_/runs/30-08_14-08//tmp//merged.lef at line 2653.

WARNING (LEFPARS-2036): SOURCE statement is obsolete in version 5.6 and later.
The LEF parser will ignore this statement.
To avoid this warning in the future, remove this statement from the LEF file with version 5.6 or later. See file /openLANE_flow/designs/sb_0__3_/runs/30-08_14-08//tmp//merged.lef at line 2770.

WARNING (LEFPARS-2036): SOURCE statement is obsolete in version 5.6 and later.
The LEF parser will ignore this statement.
To avoid this warning in the future, remove this statement from the LEF file with version 5.6 or later. See file /openLANE_flow/designs/sb_0__3_/runs/30-08_14-08//tmp//merged.lef at line 2908.

[LEF] Parsed 3000 number of lines!!
WARNING (LEFPARS-2036): SOURCE statement is obsolete in version 5.6 and later.
The LEF parser will ignore this statement.
To avoid this warning in the future, remove this statement from the LEF file with version 5.6 or later. See file /openLANE_flow/designs/sb_0__3_/runs/30-08_14-08//tmp//merged.lef at line 3005.

WARNING (LEFPARS-2036): SOURCE statement is obsolete in version 5.6 and later.
The LEF parser will ignore this statement.
To avoid this warning in the future, remove this statement from the LEF file with version 5.6 or later. See file /openLANE_flow/designs/sb_0__3_/runs/30-08_14-08//tmp//merged.lef at line 3105.

WARNING (LEFPARS-2036): SOURCE statement is obsolete in version 5.6 and later.
The LEF parser will ignore this statement.
To avoid this warning in the future, remove this statement from the LEF file with version 5.6 or later. See file /openLANE_flow/designs/sb_0__3_/runs/30-08_14-08//tmp//merged.lef at line 3219.

WARNING (LEFPARS-2036): SOURCE statement is obsolete in version 5.6 and later.
The LEF parser will ignore this statement.
To avoid this warning in the future, remove this statement from the LEF file with version 5.6 or later. See file /openLANE_flow/designs/sb_0__3_/runs/30-08_14-08//tmp//merged.lef at line 3361.

WARNING (LEFPARS-2036): SOURCE statement is obsolete in version 5.6 and later.
The LEF parser will ignore this statement.
To avoid this warning in the future, remove this statement from the LEF file with version 5.6 or later. See file /openLANE_flow/designs/sb_0__3_/runs/30-08_14-08//tmp//merged.lef at line 3458.

[LEF] Parsed 3500 number of lines!!
WARNING (LEFPARS-2036): SOURCE statement is obsolete in version 5.6 and later.
The LEF parser will ignore this statement.
To avoid this warning in the future, remove this statement from the LEF file with version 5.6 or later. See file /openLANE_flow/designs/sb_0__3_/runs/30-08_14-08//tmp//merged.lef at line 3561.

WARNING (LEFPARS-2036): SOURCE statement is obsolete in version 5.6 and later.
The LEF parser will ignore this statement.
To avoid this warning in the future, remove this statement from the LEF file with version 5.6 or later. See file /openLANE_flow/designs/sb_0__3_/runs/30-08_14-08//tmp//merged.lef at line 3691.

WARNING (LEFPARS-2036): SOURCE statement is obsolete in version 5.6 and later.
The LEF parser will ignore this statement.
To avoid this warning in the future, remove this statement from the LEF file with version 5.6 or later. See file /openLANE_flow/designs/sb_0__3_/runs/30-08_14-08//tmp//merged.lef at line 3783.

WARNING (LEFPARS-2036): SOURCE statement is obsolete in version 5.6 and later.
The LEF parser will ignore this statement.
To avoid this warning in the future, remove this statement from the LEF file with version 5.6 or later. See file /openLANE_flow/designs/sb_0__3_/runs/30-08_14-08//tmp//merged.lef at line 3887.

[LEF] Parsed 4000 number of lines!!
WARNING (LEFPARS-2036): SOURCE statement is obsolete in version 5.6 and later.
The LEF parser will ignore this statement.
To avoid this warning in the future, remove this statement from the LEF file with version 5.6 or later. See file /openLANE_flow/designs/sb_0__3_/runs/30-08_14-08//tmp//merged.lef at line 4018.

WARNING (LEFPARS-2036): SOURCE statement is obsolete in version 5.6 and later.
The LEF parser will ignore this statement.
To avoid this warning in the future, remove this statement from the LEF file with version 5.6 or later. See file /openLANE_flow/designs/sb_0__3_/runs/30-08_14-08//tmp//merged.lef at line 4148.

WARNING (LEFPARS-2036): SOURCE statement is obsolete in version 5.6 and later.
The LEF parser will ignore this statement.
To avoid this warning in the future, remove this statement from the LEF file with version 5.6 or later. See file /openLANE_flow/designs/sb_0__3_/runs/30-08_14-08//tmp//merged.lef at line 4282.

WARNING (LEFPARS-2036): SOURCE statement is obsolete in version 5.6 and later.
The LEF parser will ignore this statement.
To avoid this warning in the future, remove this statement from the LEF file with version 5.6 or later. See file /openLANE_flow/designs/sb_0__3_/runs/30-08_14-08//tmp//merged.lef at line 4467.

[LEF] Parsed 4500 number of lines!!
[LEF] Parsed 5000 number of lines!!
[LEF] Parsed 5500 number of lines!!
[LEF] Parsed 6000 number of lines!!
[LEF] Parsed 6500 number of lines!!
[LEF] Parsed 7000 number of lines!!
[LEF] Parsed 7500 number of lines!!
[LEF] Parsed 8000 number of lines!!
[LEF] Parsed 8500 number of lines!!
[LEF] Parsed 9000 number of lines!!
[LEF] Parsed 9500 number of lines!!
[LEF] Parsed 10000 number of lines!!
[LEF] Parsed 10500 number of lines!!
[LEF] Parsed 11000 number of lines!!
[LEF] Parsed 11500 number of lines!!
[LEF] Parsed 12000 number of lines!!
[LEF] Parsed 12500 number of lines!!
[LEF] Parsed 13000 number of lines!!
[LEF] Parsed 13500 number of lines!!
[LEF] Parsed 14000 number of lines!!
[LEF] Parsed 14500 number of lines!!
[LEF] Parsed 15000 number of lines!!
[LEF] Parsed 15500 number of lines!!
[LEF] Parsed 16000 number of lines!!
[LEF] Parsed 16500 number of lines!!
[LEF] Parsed 17000 number of lines!!
[LEF] Parsed 17500 number of lines!!
[LEF] Parsed 18000 number of lines!!
[LEF] Parsed 18500 number of lines!!
[LEF] Parsed 19000 number of lines!!
[LEF] Parsed 19500 number of lines!!
[LEF] Parsed 20000 number of lines!!
[LEF] Parsed 20500 number of lines!!
[LEF] Parsed 21000 number of lines!!
[LEF] Parsed 21500 number of lines!!
[LEF] Parsed 22000 number of lines!!
[LEF] Parsed 22500 number of lines!!
[LEF] Parsed 23000 number of lines!!
[LEF] Parsed 23500 number of lines!!
[LEF] Parsed 24000 number of lines!!
[LEF] Parsed 24500 number of lines!!
[LEF] Parsed 25000 number of lines!!
[LEF] Parsed 25500 number of lines!!
[LEF] Parsed 26000 number of lines!!
[LEF] Parsed 26500 number of lines!!
[LEF] Parsed 27000 number of lines!!
[LEF] Parsed 27500 number of lines!!
[LEF] Parsed 28000 number of lines!!
[LEF] Parsed 28500 number of lines!!
[LEF] Parsed 29000 number of lines!!
[LEF] Parsed 29500 number of lines!!
[LEF] Parsed 30000 number of lines!!
[LEF] Parsed 30500 number of lines!!
[LEF] Parsed 31000 number of lines!!
[LEF] Parsed 31500 number of lines!!
[LEF] Parsed 32000 number of lines!!
[LEF] Parsed 32500 number of lines!!
[LEF] Parsed 33000 number of lines!!
[LEF] Parsed 33500 number of lines!!
[LEF] Parsed 34000 number of lines!!
[LEF] Parsed 34500 number of lines!!
[LEF] Parsed 35000 number of lines!!
[LEF] Parsed 35500 number of lines!!
[LEF] Parsed 36000 number of lines!!
[LEF] Parsed 36500 number of lines!!
[LEF] Parsed 37000 number of lines!!
[LEF] Parsed 37500 number of lines!!
[LEF] Parsed 38000 number of lines!!
[LEF] Parsed 38500 number of lines!!
[LEF] Parsed 39000 number of lines!!
[LEF] Parsed 39500 number of lines!!
[LEF] Parsed 40000 number of lines!!
[LEF] Parsed 40500 number of lines!!
[LEF] Parsed 41000 number of lines!!
[LEF] Parsed 41500 number of lines!!
[LEF] Parsed 42000 number of lines!!
[LEF] Parsed 42500 number of lines!!
[LEF] Parsed 43000 number of lines!!
[LEF] Parsed 43500 number of lines!!
[LEF] Parsed 44000 number of lines!!
[LEF] Parsed 44500 number of lines!!
[LEF] Parsed 45000 number of lines!!
[LEF] Parsed 45500 number of lines!!
[LEF] Parsed 46000 number of lines!!
[LEF] Parsed 46500 number of lines!!
[LEF] Parsed 47000 number of lines!!
[LEF] Parsed 47500 number of lines!!
[LEF] Parsed 48000 number of lines!!
[LEF] Parsed 48500 number of lines!!
[LEF] Parsed 49000 number of lines!!
[LEF] Parsed 49500 number of lines!!
[LEF] Parsed 50000 number of lines!!
[LEF] Parsed 50500 number of lines!!
[LEF] Parsed 51000 number of lines!!
[LEF] Parsed 51500 number of lines!!
[LEF] Parsed 52000 number of lines!!
[LEF] Parsed 52500 number of lines!!
[LEF] Parsed 53000 number of lines!!
[LEF] Parsed 53500 number of lines!!
[LEF] Parsed 54000 number of lines!!
[LEF] Parsed 54500 number of lines!!
[LEF] Parsed 55000 number of lines!!
[LEF] Parsed 55500 number of lines!!
[LEF] Parsed 56000 number of lines!!
[LEF] Parsed 56500 number of lines!!
[LEF] Parsed 57000 number of lines!!
[LEF] Parsed 57500 number of lines!!
[LEF] Parsed 58000 number of lines!!
[LEF] Parsed 58500 number of lines!!
[LEF] Parsed 59000 number of lines!!
[LEF] Parsed 59500 number of lines!!
[LEF] Parsed 60000 number of lines!!
[LEF] Parsed 60500 number of lines!!
[LEF] Parsed 61000 number of lines!!
[LEF] Parsed 61500 number of lines!!
[LEF] Parsed 62000 number of lines!!
[PROC] End LefParsing
[PROC] Begin DefParsing ...
WARNING (DEFPARS-7011): The NAMESCASESENSITIVE statement is obsolete in version 5.6 and later.
The DEF parser will ignore this statement. See file /openLANE_flow/designs/sb_0__3_/runs/30-08_14-08//results/floorplan/sb_0__3_.floorplan.def at line 2.

[PROC] End DefParsing
[INFO] DefUnit = 1000
[INFO] LefMetal1Name = li1
[INFO] DefSiteName = unithd
[INFO] ScaleDownUnit = 302.222229
[INFO] OffsetCoordi = (2640.000000, 0.000000)
[INFO] RowSize = (1.522059, 9.000000)
[INFO] NumRows = 235
[INFO] MacroCount = 0
[INFO] NumModules = 54
[INFO] NumTerminals = 5858
[INFO] Inserted Dummy Terms = 0
[PROC] Begin Generate Un-fragmented Rows ...
[INFO] CoreAreaLxLy = (27.000000, 36.000000)
[INFO] CoreAreaUxUy = (2147.227783, 2151.000000)
[INFO] RowSize = (1.522059, 9.000000)
[INFO] NumRows = 235
[PROC] End Generate Un-fragmented Rows
[PROC] Begin DEF Net Parsing ...
[INFO] NumNets = 129
[INFO] NumPins = 256
[PROC] End DEF Net Parsing
[PROC] LEF/DEF Parsing Success!
[INFO] AspectRatio = 0.997534
[INFO] RowMinXY = (27.000000, 36.000000)
[INFO] RowMaxXY = (2147.228027, 2151.000000)
[INFO] NumPlaceStdCells = 54
[INFO] NumPlaceMacros = 0
[INFO] RowSize = (1.522059, 9.000000)
[INFO] NumRows = 235
[INFO] GlobalAreaLxLy = (9.496324, 6.617647)
[INFO] GlobalAreaUxUy = (2164.731689, 2186.702148)
[INFO] PlaceAreaLxLy = (27.000000, 36.000000)
[INFO] PlaceAreaUxUy = (2147.228027, 2151.000000)
[INFO] TotalPlaceArea = 4484282.500000
[INFO] TotalFixedArea = 92323.617188
[INFO] TotalWhiteSpaceArea = 4391959.000000
[INFO] TotalPlaceMacrosArea = 0.000000
[INFO] TotalPlaceStdCellsArea = 17999.865234
[INFO] Util(%) = 0.401399
[INFO] 80pCellArea = 335.194550
[INFO] FillerInit: TotalFillerArea = 1738783.750000
[INFO] FillerInit: NumFillerCells = 5187
[INFO] FillerInit: FillerCellArea = 335.194733
[INFO] FillerInit: FillerCellSize = (37.243858, 9.000000)
[INFO] FillerInit: NumCells = 5241
[INFO] FillerInit: NumModules = 54
[INFO] FillerInit: NumFillers = 5187
INFO:  D_MSH = 1024 
INFO:  MSH(X, Y) = (32, 32)
[INFO] TierInit: TierUtil = 0.004014
[INFO] TierInit: NumModules = 54
[INFO] TierInit: PlaceArea = 4484282.500000
[INFO] TierInit: CoreSpacingArea = 0.000000
[INFO] TierInit: TerminalArea = 92323.617188
[INFO] TierInit: ModuleArea = 17999.865234
[INFO] TierInit: FillerArea = 1738783.750000
[INFO] TierInit: NumFillers = 5187
[INFO] TierInit: FillerMinIdx = 54
[INFO] TierInit: FillerMaxIdx = 5241
INFO:  dim_bin_cGP2D.(x,y) = (64, 64)
cell Init 2D:
tier->bin_stp: (33.1286 33.0469)
tier->half_bin_stp: (16.5643 16.5234)
PROC:  Start NESTEROV's Optimization
PROC:    Global Lagrangian Multiplier is Applied

ITER: 0
    HPWL=45302.906250
    OVFL=0.910295
    HPWL=(24370.246094, 20932.658203)
    POTN=1.218396E+06
    PHIC=1.457589E-09
    GRAD=2.562077E-02
    NuBT=0
    CPU =0.000000

ITER: 1
    HPWL=45302.617188
    OVFL=0.910295
    HPWL=(24370.089844, 20932.527344)
    POTN=1.218388E+06
    PHIC=1.530469E-09
    GRAD=3.637065E-02
    NuBT=1
    CPU =0.002377

ITER: 2
    HPWL=45301.359375
    OVFL=0.910295
    HPWL=(24369.412109, 20931.947266)
    POTN=1.218362E+06
    PHIC=1.606992E-09
    GRAD=3.636982E-02
    NuBT=1
    CPU =0.001308

ITER: 3
    HPWL=19319.460938
    OVFL=0.722523
    HPWL=(12395.766602, 6923.694824)
    POTN=9.784048E+05
    PHIC=1.687342E-09
    GRAD=1.100349E-02
    NuBT=2
    CPU =0.002345

ITER: 4
    HPWL=14550.693359
    OVFL=0.689998
    HPWL=(8912.456055, 5638.236816)
    POTN=9.670128E+05
    PHIC=1.771709E-09
    GRAD=1.058358E-02
    NuBT=2
    CPU =0.002346

ITER: 5
    HPWL=12833.011719
    OVFL=0.618956
    HPWL=(7584.314941, 5248.697266)
    POTN=9.450692E+05
    PHIC=1.860294E-09
    GRAD=6.213815E-03
    NuBT=3
    CPU =0.003440

ITER: 6
    HPWL=11979.943359
    OVFL=0.647092
    HPWL=(6981.631348, 4998.312500)
    POTN=9.046880E+05
    PHIC=1.953309E-09
    GRAD=6.220785E-03
    NuBT=1
    CPU =0.001326

ITER: 7
    HPWL=12006.507812
    OVFL=0.577633
    HPWL=(7050.747559, 4955.760742)
    POTN=8.758962E+05
    PHIC=2.050966E-09
    GRAD=5.751609E-03
    NuBT=1
    CPU =0.001278

ITER: 8
    HPWL=11727.316406
    OVFL=0.582374
    HPWL=(6881.593262, 4845.722656)
    POTN=8.557642E+05
    PHIC=2.153514E-09
    GRAD=7.605589E-03
    NuBT=2
    CPU =0.002304

ITER: 9
    HPWL=11786.965820
    OVFL=0.542707
    HPWL=(6965.672852, 4821.292969)
    POTN=8.391086E+05
    PHIC=2.261171E-09
    GRAD=8.147413E-03
    NuBT=2
    CPU =0.002299

ITER: 10
    HPWL=11535.668945
    OVFL=0.525739
    HPWL=(6813.365723, 4722.303223)
    POTN=8.199482E+05
    PHIC=2.374229E-09
    GRAD=9.258261E-03
    NuBT=2
    CPU =0.002301

ITER: 11
    HPWL=11464.875000
    OVFL=0.488529
    HPWL=(6789.411621, 4675.462891)
    POTN=8.029008E+05
    PHIC=2.492941E-09
    GRAD=1.033520E-02
    NuBT=2
    CPU =0.002311

ITER: 12
    HPWL=11300.430664
    OVFL=0.490629
    HPWL=(6674.143066, 4626.287598)
    POTN=7.841184E+05
    PHIC=2.617588E-09
    GRAD=1.192534E-02
    NuBT=2
    CPU =0.002316

ITER: 13
    HPWL=11299.737305
    OVFL=0.465815
    HPWL=(6670.747070, 4628.990234)
    POTN=7.675523E+05
    PHIC=2.748467E-09
    GRAD=1.223542E-02
    NuBT=2
    CPU =0.002352

ITER: 14
    HPWL=11181.236328
    OVFL=0.460748
    HPWL=(6582.201172, 4599.035156)
    POTN=7.475711E+05
    PHIC=2.885890E-09
    GRAD=1.348737E-02
    NuBT=2
    CPU =0.002369

ITER: 15
    HPWL=11129.840820
    OVFL=0.404478
    HPWL=(6540.586914, 4589.253906)
    POTN=7.310717E+05
    PHIC=3.030185E-09
    GRAD=1.397125E-02
    NuBT=2
    CPU =0.002356

ITER: 16
    HPWL=10909.769531
    OVFL=0.435418
    HPWL=(6377.337402, 4532.431641)
    POTN=7.145808E+05
    PHIC=3.181694E-09
    GRAD=1.725888E-02
    NuBT=2
    CPU =0.002359

ITER: 17
    HPWL=10957.103516
    OVFL=0.402619
    HPWL=(6405.170898, 4551.932617)
    POTN=7.010062E+05
    PHIC=3.340756E-09
    GRAD=1.570978E-02
    NuBT=2
    CPU =0.002382

ITER: 18
    HPWL=10824.417969
    OVFL=0.378382
    HPWL=(6307.201660, 4517.216797)
    POTN=6.869108E+05
    PHIC=3.507793E-09
    GRAD=1.783161E-02
    NuBT=2
    CPU =0.002326

ITER: 19
    HPWL=10713.708984
    OVFL=0.366591
    HPWL=(6225.873047, 4487.835449)
    POTN=6.739671E+05
    PHIC=3.683183E-09
    GRAD=1.971475E-02
    NuBT=2
    CPU =0.002328

ITER: 20
    HPWL=10645.355469
    OVFL=0.315625
    HPWL=(6175.628418, 4469.727539)
    POTN=6.614894E+05
    PHIC=3.867342E-09
    GRAD=2.095160E-02
    NuBT=2
    CPU =0.002320

ITER: 21
    HPWL=10456.511719
    OVFL=0.334781
    HPWL=(6039.332520, 4417.179199)
    POTN=6.531653E+05
    PHIC=4.060709E-09
    GRAD=2.550831E-02
    NuBT=2
    CPU =0.002308

ITER: 22
    HPWL=10415.087891
    OVFL=0.287469
    HPWL=(6014.396973, 4400.691406)
    POTN=6.437256E+05
    PHIC=4.263744E-09
    GRAD=2.421302E-02
    NuBT=2
    CPU =0.002313

ITER: 23
    HPWL=10251.942383
    OVFL=0.311550
    HPWL=(5900.542969, 4351.399414)
    POTN=6.374653E+05
    PHIC=4.476931E-09
    GRAD=2.878316E-02
    NuBT=2
    CPU =0.002322

ITER: 24
    HPWL=10236.044922
    OVFL=0.298445
    HPWL=(5907.513184, 4328.531738)
    POTN=6.305941E+05
    PHIC=4.700778E-09
    GRAD=2.683470E-02
    NuBT=1
    CPU =0.001253

ITER: 25
    HPWL=10178.985352
    OVFL=0.271891
    HPWL=(5876.609863, 4302.375488)
    POTN=6.247451E+05
    PHIC=4.935816E-09
    GRAD=2.814776E-02
    NuBT=2
    CPU =0.002299

ITER: 26
    HPWL=10056.528320
    OVFL=0.282448
    HPWL=(5797.313477, 4259.214844)
    POTN=6.179594E+05
    PHIC=5.182607E-09
    GRAD=3.091597E-02
    NuBT=2
    CPU =0.002370

ITER: 27
    HPWL=10005.328125
    OVFL=0.266813
    HPWL=(5778.632324, 4226.695312)
    POTN=6.137356E+05
    PHIC=5.441737E-09
    GRAD=3.007643E-02
    NuBT=2
    CPU =0.002356

ITER: 28
    HPWL=9922.392578
    OVFL=0.260455
    HPWL=(5732.034668, 4190.358398)
    POTN=6.073598E+05
    PHIC=5.713824E-09
    GRAD=3.174859E-02
    NuBT=2
    CPU =0.002354

ITER: 29
    HPWL=9849.191406
    OVFL=0.268032
    HPWL=(5694.280762, 4154.910156)
    POTN=6.033365E+05
    PHIC=5.999515E-09
    GRAD=3.257595E-02
    NuBT=2
    CPU =0.002377

ITER: 30
    HPWL=9801.628906
    OVFL=0.268458
    HPWL=(5674.844727, 4126.784668)
    POTN=5.978791E+05
    PHIC=6.299490E-09
    GRAD=3.182658E-02
    NuBT=2
    CPU =0.002397

ITER: 31
    HPWL=9763.398438
    OVFL=0.252279
    HPWL=(5657.706543, 4105.691406)
    POTN=5.937190E+05
    PHIC=6.614465E-09
    GRAD=3.193394E-02
    NuBT=1
    CPU =0.001347

ITER: 32
    HPWL=9670.735352
    OVFL=0.251751
    HPWL=(5599.318359, 4071.416748)
    POTN=5.883881E+05
    PHIC=6.945188E-09
    GRAD=3.356689E-02
    NuBT=2
    CPU =0.002350

ITER: 33
    HPWL=9620.932617
    OVFL=0.265378
    HPWL=(5573.785156, 4047.147705)
    POTN=5.846837E+05
    PHIC=7.292447E-09
    GRAD=3.389312E-02
    NuBT=1
    CPU =0.001281

ITER: 34
    HPWL=9588.842773
    OVFL=0.261052
    HPWL=(5561.367188, 4027.475586)
    POTN=5.791234E+05
    PHIC=7.657069E-09
    GRAD=3.239582E-02
    NuBT=1
    CPU =0.001257

ITER: 35
    HPWL=9508.832031
    OVFL=0.231734
    HPWL=(5510.113281, 3998.718750)
    POTN=5.757626E+05
    PHIC=8.039922E-09
    GRAD=3.250226E-02
    NuBT=1
    CPU =0.001259

ITER: 36
    HPWL=9413.978516
    OVFL=0.245136
    HPWL=(5447.237793, 3966.740967)
    POTN=5.710988E+05
    PHIC=8.441917E-09
    GRAD=3.585235E-02
    NuBT=2
    CPU =0.002333

ITER: 37
    HPWL=9387.082031
    OVFL=0.245477
    HPWL=(5439.973633, 3947.108398)
    POTN=5.681958E+05
    PHIC=8.864013E-09
    GRAD=3.475583E-02
    NuBT=1
    CPU =0.001274

ITER: 38
    HPWL=9364.067383
    OVFL=0.208719
    HPWL=(5434.465820, 3929.601318)
    POTN=5.636875E+05
    PHIC=9.307213E-09
    GRAD=3.494338E-02
    NuBT=1
    CPU =0.001270

ITER: 39
    HPWL=9222.423828
    OVFL=0.222319
    HPWL=(5339.160156, 3883.263672)
    POTN=5.615029E+05
    PHIC=9.772573E-09
    GRAD=3.863980E-02
    NuBT=2
    CPU =0.002327

ITER: 40
    HPWL=9174.027344
    OVFL=0.219279
    HPWL=(5317.036133, 3856.990967)
    POTN=5.579072E+05
    PHIC=1.026120E-08
    GRAD=3.733136E-02
    NuBT=1
    CPU =0.001265

ITER: 41
    HPWL=9138.880859
    OVFL=0.192136
    HPWL=(5304.091797, 3834.789307)
    POTN=5.557532E+05
    PHIC=1.077426E-08
    GRAD=3.781158E-02
    NuBT=2
    CPU =0.002321

ITER: 42
    HPWL=9040.517578
    OVFL=0.206270
    HPWL=(5241.460938, 3799.057129)
    POTN=5.525650E+05
    PHIC=1.131297E-08
    GRAD=4.071650E-02
    NuBT=2
    CPU =0.002348

ITER: 43
    HPWL=9022.857422
    OVFL=0.215804
    HPWL=(5240.638672, 3782.218262)
    POTN=5.506958E+05
    PHIC=1.187862E-08
    GRAD=3.971790E-02
    NuBT=1
    CPU =0.001323

ITER: 44
    HPWL=9001.181641
    OVFL=0.180667
    HPWL=(5235.041504, 3766.139648)
    POTN=5.472976E+05
    PHIC=1.247255E-08
    GRAD=3.880548E-02
    NuBT=1
    CPU =0.001297

ITER: 45
    HPWL=8878.740234
    OVFL=0.188185
    HPWL=(5152.569336, 3726.170410)
    POTN=5.458134E+05
    PHIC=1.309618E-08
    GRAD=4.217889E-02
    NuBT=2
    CPU =0.002340

ITER: 46
    HPWL=8836.302734
    OVFL=0.195145
    HPWL=(5131.739746, 3704.562988)
    POTN=5.428680E+05
    PHIC=1.375099E-08
    GRAD=4.176905E-02
    NuBT=1
    CPU =0.001297

ITER: 47
    HPWL=8823.449219
    OVFL=0.167382
    HPWL=(5133.238281, 3690.210449)
    POTN=5.413805E+05
    PHIC=1.443854E-08
    GRAD=4.145379E-02
    NuBT=1
    CPU =0.001273

ITER: 48
    HPWL=8706.550781
    OVFL=0.168205
    HPWL=(5054.652832, 3651.898193)
    POTN=5.383364E+05
    PHIC=1.516046E-08
    GRAD=4.382136E-02
    NuBT=2
    CPU =0.002309

ITER: 49
    HPWL=8665.443359
    OVFL=0.170329
    HPWL=(5035.271973, 3630.171143)
    POTN=5.370489E+05
    PHIC=1.591848E-08
    GRAD=4.417477E-02
    NuBT=1
    CPU =0.001265

ITER: 50
    HPWL=8614.711914
    OVFL=0.149083
    HPWL=(5008.534180, 3606.177734)
    POTN=5.341849E+05
    PHIC=1.671441E-08
    GRAD=4.396689E-02
    NuBT=2
    CPU =0.002310

ITER: 51
    HPWL=8531.841797
    OVFL=0.149168
    HPWL=(4956.104980, 3575.736572)
    POTN=5.327746E+05
    PHIC=1.755013E-08
    GRAD=4.582026E-02
    NuBT=2
    CPU =0.002305

ITER: 52
    HPWL=8484.250977
    OVFL=0.158380
    HPWL=(4932.350098, 3551.900879)
    POTN=5.304661E+05
    PHIC=1.842763E-08
    GRAD=4.600606E-02
    NuBT=2
    CPU =0.002308

ITER: 53
    HPWL=8464.477539
    OVFL=0.132866
    HPWL=(4927.572266, 3536.905518)
    POTN=5.291622E+05
    PHIC=1.934901E-08
    GRAD=4.562151E-02
    NuBT=1
    CPU =0.001251

ITER: 54
    HPWL=8370.316406
    OVFL=0.139768
    HPWL=(4864.678223, 3505.638672)
    POTN=5.266110E+05
    PHIC=2.031646E-08
    GRAD=4.736965E-02
    NuBT=2
    CPU =0.002300

ITER: 55
    HPWL=8346.395508
    OVFL=0.149229
    HPWL=(4856.414062, 3489.981689)
    POTN=5.251439E+05
    PHIC=2.133229E-08
    GRAD=4.728841E-02
    NuBT=1
    CPU =0.001253

ITER: 56
    HPWL=8317.320312
    OVFL=0.128287
    HPWL=(4841.107910, 3476.212646)
    POTN=5.227547E+05
    PHIC=2.239890E-08
    GRAD=4.664206E-02
    NuBT=1
    CPU =0.001242

ITER: 57
    HPWL=8246.019531
    OVFL=0.116731
    HPWL=(4792.091797, 3453.927246)
    POTN=5.214052E+05
    PHIC=2.351884E-08
    GRAD=4.817640E-02
    NuBT=1
    CPU =0.001241

ITER: 58
    HPWL=8178.966797
    OVFL=0.128527
    HPWL=(4748.842285, 3430.124268)
    POTN=5.188749E+05
    PHIC=2.469478E-08
    GRAD=4.875270E-02
    NuBT=2
    CPU =0.002290

ITER: 59
    HPWL=8159.063477
    OVFL=0.122800
    HPWL=(4741.082520, 3417.980957)
    POTN=5.171708E+05
    PHIC=2.592952E-08
    GRAD=4.838024E-02
    NuBT=1
    CPU =0.001257

ITER: 60
    HPWL=8114.742676
    OVFL=0.100706
    HPWL=(4711.511719, 3403.230957)
    POTN=5.144428E+05
    PHIC=2.722600E-08
    GRAD=4.891220E-02
    NuBT=1
    CPU =0.001257

ITER: 61
    HPWL=8032.895996
    OVFL=0.101784
    HPWL=(4654.198242, 3378.697754)
    POTN=5.122507E+05
    PHIC=2.858729E-08
    GRAD=4.972747E-02
    NuBT=2
    CPU =0.002300

ITER: 62
    HPWL=8016.991211
    OVFL=0.111131
    HPWL=(4648.814941, 3368.176025)
    POTN=5.092433E+05
    PHIC=3.001666E-08
    GRAD=5.047459E-02
    NuBT=1
    CPU =0.001279

ITER: 63
    HPWL=7990.825195
    OVFL=0.102818
    HPWL=(4633.972656, 3356.852295)
    POTN=5.070402E+05
    PHIC=3.151749E-08
    GRAD=5.025106E-02
    NuBT=1
    CPU =0.001278

ITER: 64
    HPWL=7915.881836
    OVFL=0.085884
    HPWL=(4580.666016, 3335.215820)
    POTN=5.036407E+05
    PHIC=3.309336E-08
    GRAD=5.004405E-02
    NuBT=1
    CPU =0.001257
[INFO] Nesterov: NumIters = 64
[INFO] Nesterov: ScaledHpwl = 7915.881836
[INFO] Nesterov: Overflow = 0.085884
[INFO] Nesterov: Potential = 503640.656250
[INFO] Nesterov: xInstScaledHpwl = 7835.087891
[INFO] Nesterov: yInstScaledHpwl = 7915.881836
[INFO] Nesterov: HPWL = 2367.937500
