Thu Aug 27 14:25:14 UTC 2020 - Executing "/openLANE_flow/scripts//padLefMacro.py -s unithd -r 8 -i /openLANE_flow/designs/cby_0__1_/runs/27-08_14-25//tmp//merged_unpadded.lef -o /openLANE_flow/designs/cby_0__1_/runs/27-08_14-25//tmp//merged.lef -e {sky130_fd_sc_hd__tap* sky130_fd_sc_hd__decap* sky130_fd_sc_hd__fill*} |& tee >&@stdout"

Thu Aug 27 14:25:24 UTC 2020 - Executing "sed -i -E {s/CLASS PAD.*$/CLASS PAD ;/g} /openLANE_flow/designs/cby_0__1_/runs/27-08_14-25//tmp//merged.lef"

Thu Aug 27 14:25:24 UTC 2020 - Executing "sed -i -E {s/CLASS PAD.*$/CLASS PAD ;/g} /openLANE_flow/designs/cby_0__1_/runs/27-08_14-25//tmp//merged_unpadded.lef"

Thu Aug 27 14:25:25 UTC 2020 - Executing "/openLANE_flow/scripts//libtrim.pl /home/aa/Desktop/Afify/openlane/pdks/sky130A/libs.ref/sky130_fd_sc_hd/lib/sky130_fd_sc_hd__tt_025C_1v80.lib /home/aa/Desktop/Afify/openlane/pdks/sky130A/libs.tech/openlane/sky130_fd_sc_hd/no_synth.cells > /openLANE_flow/designs/cby_0__1_/runs/27-08_14-25//tmp//trimmed.lib"

Thu Aug 27 14:25:34 UTC 2020 - Executing "yosys -c /openLANE_flow/scripts//synth.tcl -l /openLANE_flow/designs/cby_0__1_/runs/27-08_14-25//logs/synthesis/yosys.log |& tee >&@stdout"

Thu Aug 27 14:25:35 UTC 2020 - Executing "sta /openLANE_flow/scripts//sta.tcl |& tee >&@stdout /openLANE_flow/designs/cby_0__1_/runs/27-08_14-25//logs/synthesis/opensta.log"

Thu Aug 27 14:25:39 UTC 2020 - Executing "openroad -exit /openLANE_flow/scripts//openroad/or_floorplan.tcl |& tee >&@stdout /openLANE_flow/designs/cby_0__1_/runs/27-08_14-25//logs/floorplan/verilog2def.openroad.log"

Thu Aug 27 14:25:40 UTC 2020 - Executing "openroad -exit /openLANE_flow/scripts//openroad/or_ioplacer.tcl |& tee >&@stdout /openLANE_flow/designs/cby_0__1_/runs/27-08_14-25//logs/floorplan/ioPlacer.log"

Thu Aug 27 14:25:41 UTC 2020 - Executing "openroad -exit /openLANE_flow/scripts//openroad/or_tapcell.tcl |& tee >&@stdout /openLANE_flow/designs/cby_0__1_/runs/27-08_14-25//logs/floorplan/tapcell.log"

Thu Aug 27 14:25:56 UTC 2020 - Executing "openroad -exit /openLANE_flow/scripts//openroad/or_replace.tcl |& tee >&@stdout /openLANE_flow/designs/cby_0__1_/runs/27-08_14-25//logs/placement/replace.log"

Thu Aug 27 14:25:56 UTC 2020 - Executing "opendp -lef /openLANE_flow/designs/cby_0__1_/runs/27-08_14-25//tmp//merged.lef -def /openLANE_flow/designs/cby_0__1_/runs/27-08_14-25//tmp/placement/replace.def -output_def /openLANE_flow/designs/cby_0__1_/runs/27-08_14-25//results/placement/cby_0__1_.placement.def |& tee >&@stdout /openLANE_flow/designs/cby_0__1_/runs/27-08_14-25//logs/placement/opendp.log"

Thu Aug 27 14:28:34 UTC 2020 - Executing "openroad -exit /openLANE_flow/scripts//openroad/or_cts.tcl |& tee >&@stdout /openLANE_flow/designs/cby_0__1_/runs/27-08_14-25//logs/cts/cts.log"

Thu Aug 27 14:30:14 UTC 2020 - Executing "openroad -exit /openLANE_flow/scripts//new_pdn.tcl |& tee >&@stdout /openLANE_flow/designs/cby_0__1_/runs/27-08_14-25//logs/floorplan/pdn.log"

Thu Aug 27 14:30:18 UTC 2020 - Executing "openroad -exit /openLANE_flow/scripts//openroad/or_diodes.tcl |& tee >&@stdout /openLANE_flow/designs/cby_0__1_/runs/27-08_14-25//logs//placement/diodes.log"

Thu Aug 27 14:30:19 UTC 2020 - Executing "openroad -exit /openLANE_flow/scripts//openroad/or_fill.tcl |& tee >&@stdout /openLANE_flow/designs/cby_0__1_/runs/27-08_14-25//logs/routing/addspacers.log"

Thu Aug 27 14:30:19 UTC 2020 - Executing "openroad -exit /openLANE_flow/scripts//openroad/or_write_verilog.tcl |& tee >&@stdout /openLANE_flow/designs/cby_0__1_/runs/27-08_14-25//logs//write_verilog.log"

Thu Aug 27 14:30:20 UTC 2020 - Executing "openroad -exit /openLANE_flow/scripts//openroad/or_route.tcl |& tee >&@stdout /openLANE_flow/designs/cby_0__1_/runs/27-08_14-25//logs/routing/fastroute.log"

Thu Aug 27 14:30:27 UTC 2020 - Executing "envsubst < /openLANE_flow/scripts//tritonRoute.param > /openLANE_flow/designs/cby_0__1_/runs/27-08_14-25//tmp/routing/tritonRoute.param"

Thu Aug 27 14:30:27 UTC 2020 - Executing "TritonRoute /openLANE_flow/designs/cby_0__1_/runs/27-08_14-25//tmp/routing/tritonRoute.param |& tee >&@stdout /openLANE_flow/designs/cby_0__1_/runs/27-08_14-25//logs/routing/tritonRoute.log"

Thu Aug 27 14:30:43 UTC 2020 - Executing "magic -noconsole -dnull -rcfile /openLANE_flow/designs/cby_0__1_/runs/27-08_14-25//tmp//tmp.magicrc /openLANE_flow/designs/cby_0__1_/runs/27-08_14-25//tmp//magic_spice.tcl </dev/null |& tee >&@stdout /openLANE_flow/designs/cby_0__1_/runs/27-08_14-25//logs/magic/magic_spice.log"

Thu Aug 27 14:30:59 UTC 2020 - Executing "vlog2Verilog -v VPWR -g VGND -l /openLANE_flow/designs/cby_0__1_/runs/27-08_14-25//tmp//merged.lef /openLANE_flow/designs/cby_0__1_/runs/27-08_14-25//results/synthesis/cby_0__1_.synthesis_preroute.v |& tee /openLANE_flow/designs/cby_0__1_/runs/27-08_14-25//results/lvs/cby_0__1_.lvs.v"

Thu Aug 27 14:30:59 UTC 2020 - Executing "netgen -batch lvs {/openLANE_flow/designs/cby_0__1_/runs/27-08_14-25//results/magic/cby_0__1_.spice cby_0__1_} {/openLANE_flow/designs/cby_0__1_/runs/27-08_14-25//results/lvs/cby_0__1_.lvs.v cby_0__1_} /home/aa/Desktop/Afify/openlane/pdks/sky130A/libs.tech/netgen/sky130A_setup.tcl /openLANE_flow/designs/cby_0__1_/runs/27-08_14-25//results/lvs/cby_0__1_.lvs.log -json |& tee >&@stdout /openLANE_flow/designs/cby_0__1_/runs/27-08_14-25//logs/lvs/lvs.log"

Thu Aug 27 14:31:07 UTC 2020 - Executing "magic -noconsole -dnull -rcfile /openLANE_flow/designs/cby_0__1_/runs/27-08_14-25//tmp//magic_antenna.magicrc /openLANE_flow/designs/cby_0__1_/runs/27-08_14-25//tmp//magic_antenna.tcl </dev/null |& tee >&@stdout /openLANE_flow/designs/cby_0__1_/runs/27-08_14-25//logs/magic/magic_antenna.log"

Thu Aug 27 14:31:24 UTC 2020 - Executing "awk {/Cell:/ {print $2}} /openLANE_flow/designs/cby_0__1_/runs/27-08_14-25//logs/magic/magic_antenna.log > /openLANE_flow/designs/cby_0__1_/runs/27-08_14-25//reports/magic/magic.antenna_violators.rpt"

