RePlAce Version: 1.0.0

** WARNING: Your Detail Placement Step must be skipped.
              (i.e. this program will be executed as -onlyGP)
     If you want to have DP after GP, please specify -dpflag and -dploc.

[INFO] TargetDensity = 0.900000
[INFO] ExperimentIndex = 0
[INFO] DirectoryPath = /openLANE_flow/designs/sb_0__1_/runs/31-08_11-39//tmp/placement/replace/etc/sb_0__1_.floorplan/experiment000
[PROC] Begin LefParsing ...
[LEF] Parsed 500 number of lines!!
WARNING (LEFPARS-2036): SOURCE statement is obsolete in version 5.6 and later.
The LEF parser will ignore this statement.
To avoid this warning in the future, remove this statement from the LEF file with version 5.6 or later. See file /openLANE_flow/designs/sb_0__1_/runs/31-08_11-39//tmp//merged.lef at line 776.

WARNING (LEFPARS-2036): SOURCE statement is obsolete in version 5.6 and later.
The LEF parser will ignore this statement.
To avoid this warning in the future, remove this statement from the LEF file with version 5.6 or later. See file /openLANE_flow/designs/sb_0__1_/runs/31-08_11-39//tmp//merged.lef at line 903.

[LEF] Parsed 1000 number of lines!!
WARNING (LEFPARS-2036): SOURCE statement is obsolete in version 5.6 and later.
The LEF parser will ignore this statement.
To avoid this warning in the future, remove this statement from the LEF file with version 5.6 or later. See file /openLANE_flow/designs/sb_0__1_/runs/31-08_11-39//tmp//merged.lef at line 1034.

WARNING (LEFPARS-2036): SOURCE statement is obsolete in version 5.6 and later.
The LEF parser will ignore this statement.
To avoid this warning in the future, remove this statement from the LEF file with version 5.6 or later. See file /openLANE_flow/designs/sb_0__1_/runs/31-08_11-39//tmp//merged.lef at line 1204.

WARNING (LEFPARS-2036): SOURCE statement is obsolete in version 5.6 and later.
The LEF parser will ignore this statement.
To avoid this warning in the future, remove this statement from the LEF file with version 5.6 or later. See file /openLANE_flow/designs/sb_0__1_/runs/31-08_11-39//tmp//merged.lef at line 1322.

WARNING (LEFPARS-2036): SOURCE statement is obsolete in version 5.6 and later.
The LEF parser will ignore this statement.
To avoid this warning in the future, remove this statement from the LEF file with version 5.6 or later. See file /openLANE_flow/designs/sb_0__1_/runs/31-08_11-39//tmp//merged.lef at line 1442.

[LEF] Parsed 1500 number of lines!!
WARNING (LEFPARS-2036): SOURCE statement is obsolete in version 5.6 and later.
The LEF parser will ignore this statement.
To avoid this warning in the future, remove this statement from the LEF file with version 5.6 or later. See file /openLANE_flow/designs/sb_0__1_/runs/31-08_11-39//tmp//merged.lef at line 1589.

WARNING (LEFPARS-2036): SOURCE statement is obsolete in version 5.6 and later.
The LEF parser will ignore this statement.
To avoid this warning in the future, remove this statement from the LEF file with version 5.6 or later. See file /openLANE_flow/designs/sb_0__1_/runs/31-08_11-39//tmp//merged.lef at line 1777.

WARNING (LEFPARS-2036): SOURCE statement is obsolete in version 5.6 and later.
The LEF parser will ignore this statement.
To avoid this warning in the future, remove this statement from the LEF file with version 5.6 or later. See file /openLANE_flow/designs/sb_0__1_/runs/31-08_11-39//tmp//merged.lef at line 1886.

WARNING (LEFPARS-2036): SOURCE statement is obsolete in version 5.6 and later.
The LEF parser will ignore this statement.
To avoid this warning in the future, remove this statement from the LEF file with version 5.6 or later. See file /openLANE_flow/designs/sb_0__1_/runs/31-08_11-39//tmp//merged.lef at line 1999.

[LEF] Parsed 2000 number of lines!!
WARNING (LEFPARS-2036): SOURCE statement is obsolete in version 5.6 and later.
The LEF parser will ignore this statement.
To avoid this warning in the future, remove this statement from the LEF file with version 5.6 or later. See file /openLANE_flow/designs/sb_0__1_/runs/31-08_11-39//tmp//merged.lef at line 2148.

WARNING (LEFPARS-2036): SOURCE statement is obsolete in version 5.6 and later.
The LEF parser will ignore this statement.
To avoid this warning in the future, remove this statement from the LEF file with version 5.6 or later. See file /openLANE_flow/designs/sb_0__1_/runs/31-08_11-39//tmp//merged.lef at line 2253.

WARNING (LEFPARS-2036): SOURCE statement is obsolete in version 5.6 and later.
The LEF parser will ignore this statement.
To avoid this warning in the future, remove this statement from the LEF file with version 5.6 or later. See file /openLANE_flow/designs/sb_0__1_/runs/31-08_11-39//tmp//merged.lef at line 2380.

[LEF] Parsed 2500 number of lines!!
WARNING (LEFPARS-2036): SOURCE statement is obsolete in version 5.6 and later.
The LEF parser will ignore this statement.
To avoid this warning in the future, remove this statement from the LEF file with version 5.6 or later. See file /openLANE_flow/designs/sb_0__1_/runs/31-08_11-39//tmp//merged.lef at line 2547.

WARNING (LEFPARS-2036): SOURCE statement is obsolete in version 5.6 and later.
The LEF parser will ignore this statement.
To avoid this warning in the future, remove this statement from the LEF file with version 5.6 or later. See file /openLANE_flow/designs/sb_0__1_/runs/31-08_11-39//tmp//merged.lef at line 2653.

WARNING (LEFPARS-2036): SOURCE statement is obsolete in version 5.6 and later.
The LEF parser will ignore this statement.
To avoid this warning in the future, remove this statement from the LEF file with version 5.6 or later. See file /openLANE_flow/designs/sb_0__1_/runs/31-08_11-39//tmp//merged.lef at line 2770.

WARNING (LEFPARS-2036): SOURCE statement is obsolete in version 5.6 and later.
The LEF parser will ignore this statement.
To avoid this warning in the future, remove this statement from the LEF file with version 5.6 or later. See file /openLANE_flow/designs/sb_0__1_/runs/31-08_11-39//tmp//merged.lef at line 2908.

[LEF] Parsed 3000 number of lines!!
WARNING (LEFPARS-2036): SOURCE statement is obsolete in version 5.6 and later.
The LEF parser will ignore this statement.
To avoid this warning in the future, remove this statement from the LEF file with version 5.6 or later. See file /openLANE_flow/designs/sb_0__1_/runs/31-08_11-39//tmp//merged.lef at line 3005.

WARNING (LEFPARS-2036): SOURCE statement is obsolete in version 5.6 and later.
The LEF parser will ignore this statement.
To avoid this warning in the future, remove this statement from the LEF file with version 5.6 or later. See file /openLANE_flow/designs/sb_0__1_/runs/31-08_11-39//tmp//merged.lef at line 3105.

WARNING (LEFPARS-2036): SOURCE statement is obsolete in version 5.6 and later.
The LEF parser will ignore this statement.
To avoid this warning in the future, remove this statement from the LEF file with version 5.6 or later. See file /openLANE_flow/designs/sb_0__1_/runs/31-08_11-39//tmp//merged.lef at line 3219.

WARNING (LEFPARS-2036): SOURCE statement is obsolete in version 5.6 and later.
The LEF parser will ignore this statement.
To avoid this warning in the future, remove this statement from the LEF file with version 5.6 or later. See file /openLANE_flow/designs/sb_0__1_/runs/31-08_11-39//tmp//merged.lef at line 3361.

WARNING (LEFPARS-2036): SOURCE statement is obsolete in version 5.6 and later.
The LEF parser will ignore this statement.
To avoid this warning in the future, remove this statement from the LEF file with version 5.6 or later. See file /openLANE_flow/designs/sb_0__1_/runs/31-08_11-39//tmp//merged.lef at line 3458.

[LEF] Parsed 3500 number of lines!!
WARNING (LEFPARS-2036): SOURCE statement is obsolete in version 5.6 and later.
The LEF parser will ignore this statement.
To avoid this warning in the future, remove this statement from the LEF file with version 5.6 or later. See file /openLANE_flow/designs/sb_0__1_/runs/31-08_11-39//tmp//merged.lef at line 3561.

WARNING (LEFPARS-2036): SOURCE statement is obsolete in version 5.6 and later.
The LEF parser will ignore this statement.
To avoid this warning in the future, remove this statement from the LEF file with version 5.6 or later. See file /openLANE_flow/designs/sb_0__1_/runs/31-08_11-39//tmp//merged.lef at line 3691.

WARNING (LEFPARS-2036): SOURCE statement is obsolete in version 5.6 and later.
The LEF parser will ignore this statement.
To avoid this warning in the future, remove this statement from the LEF file with version 5.6 or later. See file /openLANE_flow/designs/sb_0__1_/runs/31-08_11-39//tmp//merged.lef at line 3783.

WARNING (LEFPARS-2036): SOURCE statement is obsolete in version 5.6 and later.
The LEF parser will ignore this statement.
To avoid this warning in the future, remove this statement from the LEF file with version 5.6 or later. See file /openLANE_flow/designs/sb_0__1_/runs/31-08_11-39//tmp//merged.lef at line 3887.

[LEF] Parsed 4000 number of lines!!
WARNING (LEFPARS-2036): SOURCE statement is obsolete in version 5.6 and later.
The LEF parser will ignore this statement.
To avoid this warning in the future, remove this statement from the LEF file with version 5.6 or later. See file /openLANE_flow/designs/sb_0__1_/runs/31-08_11-39//tmp//merged.lef at line 4018.

WARNING (LEFPARS-2036): SOURCE statement is obsolete in version 5.6 and later.
The LEF parser will ignore this statement.
To avoid this warning in the future, remove this statement from the LEF file with version 5.6 or later. See file /openLANE_flow/designs/sb_0__1_/runs/31-08_11-39//tmp//merged.lef at line 4148.

WARNING (LEFPARS-2036): SOURCE statement is obsolete in version 5.6 and later.
The LEF parser will ignore this statement.
To avoid this warning in the future, remove this statement from the LEF file with version 5.6 or later. See file /openLANE_flow/designs/sb_0__1_/runs/31-08_11-39//tmp//merged.lef at line 4282.

WARNING (LEFPARS-2036): SOURCE statement is obsolete in version 5.6 and later.
The LEF parser will ignore this statement.
To avoid this warning in the future, remove this statement from the LEF file with version 5.6 or later. See file /openLANE_flow/designs/sb_0__1_/runs/31-08_11-39//tmp//merged.lef at line 4467.

[LEF] Parsed 4500 number of lines!!
[LEF] Parsed 5000 number of lines!!
[LEF] Parsed 5500 number of lines!!
[LEF] Parsed 6000 number of lines!!
[LEF] Parsed 6500 number of lines!!
[LEF] Parsed 7000 number of lines!!
[LEF] Parsed 7500 number of lines!!
[LEF] Parsed 8000 number of lines!!
[LEF] Parsed 8500 number of lines!!
[LEF] Parsed 9000 number of lines!!
[LEF] Parsed 9500 number of lines!!
[LEF] Parsed 10000 number of lines!!
[LEF] Parsed 10500 number of lines!!
[LEF] Parsed 11000 number of lines!!
[LEF] Parsed 11500 number of lines!!
[LEF] Parsed 12000 number of lines!!
[LEF] Parsed 12500 number of lines!!
[LEF] Parsed 13000 number of lines!!
[LEF] Parsed 13500 number of lines!!
[LEF] Parsed 14000 number of lines!!
[LEF] Parsed 14500 number of lines!!
[LEF] Parsed 15000 number of lines!!
[LEF] Parsed 15500 number of lines!!
[LEF] Parsed 16000 number of lines!!
[LEF] Parsed 16500 number of lines!!
[LEF] Parsed 17000 number of lines!!
[LEF] Parsed 17500 number of lines!!
[LEF] Parsed 18000 number of lines!!
[LEF] Parsed 18500 number of lines!!
[LEF] Parsed 19000 number of lines!!
[LEF] Parsed 19500 number of lines!!
[LEF] Parsed 20000 number of lines!!
[LEF] Parsed 20500 number of lines!!
[LEF] Parsed 21000 number of lines!!
[LEF] Parsed 21500 number of lines!!
[LEF] Parsed 22000 number of lines!!
[LEF] Parsed 22500 number of lines!!
[LEF] Parsed 23000 number of lines!!
[LEF] Parsed 23500 number of lines!!
[LEF] Parsed 24000 number of lines!!
[LEF] Parsed 24500 number of lines!!
[LEF] Parsed 25000 number of lines!!
[LEF] Parsed 25500 number of lines!!
[LEF] Parsed 26000 number of lines!!
[LEF] Parsed 26500 number of lines!!
[LEF] Parsed 27000 number of lines!!
[LEF] Parsed 27500 number of lines!!
[LEF] Parsed 28000 number of lines!!
[LEF] Parsed 28500 number of lines!!
[LEF] Parsed 29000 number of lines!!
[LEF] Parsed 29500 number of lines!!
[LEF] Parsed 30000 number of lines!!
[LEF] Parsed 30500 number of lines!!
[LEF] Parsed 31000 number of lines!!
[LEF] Parsed 31500 number of lines!!
[LEF] Parsed 32000 number of lines!!
[LEF] Parsed 32500 number of lines!!
[LEF] Parsed 33000 number of lines!!
[LEF] Parsed 33500 number of lines!!
[LEF] Parsed 34000 number of lines!!
[LEF] Parsed 34500 number of lines!!
[LEF] Parsed 35000 number of lines!!
[LEF] Parsed 35500 number of lines!!
[LEF] Parsed 36000 number of lines!!
[LEF] Parsed 36500 number of lines!!
[LEF] Parsed 37000 number of lines!!
[LEF] Parsed 37500 number of lines!!
[LEF] Parsed 38000 number of lines!!
[LEF] Parsed 38500 number of lines!!
[LEF] Parsed 39000 number of lines!!
[LEF] Parsed 39500 number of lines!!
[LEF] Parsed 40000 number of lines!!
[LEF] Parsed 40500 number of lines!!
[LEF] Parsed 41000 number of lines!!
[LEF] Parsed 41500 number of lines!!
[LEF] Parsed 42000 number of lines!!
[LEF] Parsed 42500 number of lines!!
[LEF] Parsed 43000 number of lines!!
[LEF] Parsed 43500 number of lines!!
[LEF] Parsed 44000 number of lines!!
[LEF] Parsed 44500 number of lines!!
[LEF] Parsed 45000 number of lines!!
[LEF] Parsed 45500 number of lines!!
[LEF] Parsed 46000 number of lines!!
[LEF] Parsed 46500 number of lines!!
[LEF] Parsed 47000 number of lines!!
[LEF] Parsed 47500 number of lines!!
[LEF] Parsed 48000 number of lines!!
[LEF] Parsed 48500 number of lines!!
[LEF] Parsed 49000 number of lines!!
[LEF] Parsed 49500 number of lines!!
[LEF] Parsed 50000 number of lines!!
[LEF] Parsed 50500 number of lines!!
[LEF] Parsed 51000 number of lines!!
[LEF] Parsed 51500 number of lines!!
[LEF] Parsed 52000 number of lines!!
[LEF] Parsed 52500 number of lines!!
[LEF] Parsed 53000 number of lines!!
[LEF] Parsed 53500 number of lines!!
[LEF] Parsed 54000 number of lines!!
[LEF] Parsed 54500 number of lines!!
[LEF] Parsed 55000 number of lines!!
[LEF] Parsed 55500 number of lines!!
[LEF] Parsed 56000 number of lines!!
[LEF] Parsed 56500 number of lines!!
[LEF] Parsed 57000 number of lines!!
[LEF] Parsed 57500 number of lines!!
[LEF] Parsed 58000 number of lines!!
[LEF] Parsed 58500 number of lines!!
[LEF] Parsed 59000 number of lines!!
[LEF] Parsed 59500 number of lines!!
[LEF] Parsed 60000 number of lines!!
[LEF] Parsed 60500 number of lines!!
[LEF] Parsed 61000 number of lines!!
[LEF] Parsed 61500 number of lines!!
[LEF] Parsed 62000 number of lines!!
[PROC] End LefParsing
[PROC] Begin DefParsing ...
WARNING (DEFPARS-7011): The NAMESCASESENSITIVE statement is obsolete in version 5.6 and later.
The DEF parser will ignore this statement. See file /openLANE_flow/designs/sb_0__1_/runs/31-08_11-39//results/floorplan/sb_0__1_.floorplan.def at line 2.

[PROC] End DefParsing
[INFO] DefUnit = 1000
[INFO] LefMetal1Name = li1
[INFO] DefSiteName = unithd
[INFO] ScaleDownUnit = 302.222229
[INFO] OffsetCoordi = (2640.000000, 0.000000)
[INFO] RowSize = (1.522059, 9.000000)
[INFO] NumRows = 187
[INFO] MacroCount = 0
[INFO] NumModules = 77
[INFO] NumTerminals = 3852
[INFO] Inserted Dummy Terms = 0
[PROC] Begin Generate Un-fragmented Rows ...
[INFO] CoreAreaLxLy = (27.000000, 36.000000)
[INFO] CoreAreaUxUy = (1708.875000, 1719.000000)
[INFO] RowSize = (1.522059, 9.000000)
[INFO] NumRows = 187
[PROC] End Generate Un-fragmented Rows
[PROC] Begin DEF Net Parsing ...
[INFO] NumNets = 177
[INFO] NumPins = 368
[PROC] End DEF Net Parsing
[PROC] LEF/DEF Parsing Success!
[INFO] AspectRatio = 1.000669
[INFO] RowMinXY = (27.000000, 36.000000)
[INFO] RowMaxXY = (1708.875000, 1719.000000)
[INFO] NumPlaceStdCells = 77
[INFO] NumPlaceMacros = 0
[INFO] RowSize = (1.522059, 9.000000)
[INFO] NumRows = 187
[INFO] GlobalAreaLxLy = (9.496324, 6.617647)
[INFO] GlobalAreaUxUy = (1726.378662, 1748.398804)
[INFO] PlaceAreaLxLy = (27.000000, 36.000000)
[INFO] PlaceAreaUxUy = (1708.875000, 1719.000000)
[INFO] TotalPlaceArea = 2830595.500000
[INFO] TotalFixedArea = 61946.074219
[INFO] TotalWhiteSpaceArea = 2768649.500000
[INFO] TotalPlaceMacrosArea = 0.000000
[INFO] TotalPlaceStdCellsArea = 25492.958984
[INFO] Util(%) = 0.900622
[INFO] 80pCellArea = 333.461273
[INFO] FillerInit: TotalFillerArea = 2466291.500000
[INFO] FillerInit: NumFillerCells = 7396
[INFO] FillerInit: FillerCellArea = 333.461426
[INFO] FillerInit: FillerCellSize = (37.051270, 9.000000)
[INFO] FillerInit: NumCells = 7473
[INFO] FillerInit: NumModules = 77
[INFO] FillerInit: NumFillers = 7396
INFO:  D_MSH = 1024 
INFO:  MSH(X, Y) = (32, 32)
[INFO] TierInit: TierUtil = 0.009006
[INFO] TierInit: NumModules = 77
[INFO] TierInit: PlaceArea = 2830595.500000
[INFO] TierInit: CoreSpacingArea = 0.000000
[INFO] TierInit: TerminalArea = 61946.074219
[INFO] TierInit: ModuleArea = 25492.958984
[INFO] TierInit: FillerArea = 2466291.500000
[INFO] TierInit: NumFillers = 7396
[INFO] TierInit: FillerMinIdx = 77
[INFO] TierInit: FillerMaxIdx = 7473
INFO:  dim_bin_cGP2D.(x,y) = (64, 64)
cell Init 2D:
tier->bin_stp: (26.2793 26.2969)
tier->half_bin_stp: (13.1396 13.1484)
PROC:  Start NESTEROV's Optimization
PROC:    Global Lagrangian Multiplier is Applied

ITER: 0
    HPWL=71734.562500
    OVFL=0.912061
    HPWL=(36766.218750, 34968.339844)
    POTN=2.463688E+06
    PHIC=1.334577E-09
    GRAD=2.603117E-02
    NuBT=0
    CPU =0.000000

ITER: 1
    HPWL=71734.007812
    OVFL=0.912061
    HPWL=(36765.933594, 34968.074219)
    POTN=2.463664E+06
    PHIC=1.401306E-09
    GRAD=3.635711E-02
    NuBT=1
    CPU =0.002380

ITER: 2
    HPWL=71731.500000
    OVFL=0.912061
    HPWL=(36764.644531, 34966.851562)
    POTN=2.463548E+06
    PHIC=1.471371E-09
    GRAD=3.635593E-02
    NuBT=1
    CPU =0.001194

ITER: 3
    HPWL=34907.898438
    OVFL=0.717542
    HPWL=(19530.261719, 15377.634766)
    POTN=1.926941E+06
    PHIC=1.544940E-09
    GRAD=1.045117E-02
    NuBT=2
    CPU =0.002266

ITER: 4
    HPWL=31004.902344
    OVFL=0.701693
    HPWL=(17555.650391, 13449.252930)
    POTN=1.907002E+06
    PHIC=1.622187E-09
    GRAD=7.341513E-03
    NuBT=2
    CPU =0.002255

ITER: 5
    HPWL=30804.679688
    OVFL=0.643754
    HPWL=(17474.771484, 13329.908203)
    POTN=1.855988E+06
    PHIC=1.703296E-09
    GRAD=5.383803E-03
    NuBT=3
    CPU =0.003314

ITER: 6
    HPWL=30367.589844
    OVFL=0.621650
    HPWL=(17189.863281, 13177.727539)
    POTN=1.786233E+06
    PHIC=1.788461E-09
    GRAD=4.515659E-03
    NuBT=2
    CPU =0.002242

ITER: 7
    HPWL=30323.929688
    OVFL=0.616738
    HPWL=(17142.527344, 13181.403320)
    POTN=1.729200E+06
    PHIC=1.877884E-09
    GRAD=5.026066E-03
    NuBT=1
    CPU =0.001208

ITER: 8
    HPWL=30281.878906
    OVFL=0.535322
    HPWL=(17083.886719, 13197.991211)
    POTN=1.653511E+06
    PHIC=1.971778E-09
    GRAD=5.261388E-03
    NuBT=2
    CPU =0.002248

ITER: 9
    HPWL=30139.966797
    OVFL=0.558560
    HPWL=(16996.019531, 13143.947266)
    POTN=1.607130E+06
    PHIC=2.070367E-09
    GRAD=7.555587E-03
    NuBT=2
    CPU =0.002258

ITER: 10
    HPWL=30000.480469
    OVFL=0.552066
    HPWL=(16849.730469, 13150.750977)
    POTN=1.569469E+06
    PHIC=2.173885E-09
    GRAD=6.736645E-03
    NuBT=1
    CPU =0.001192

ITER: 11
    HPWL=30049.347656
    OVFL=0.480932
    HPWL=(16843.339844, 13206.006836)
    POTN=1.522164E+06
    PHIC=2.282563E-09
    GRAD=7.473295E-03
    NuBT=2
    CPU =0.002258

ITER: 12
    HPWL=29903.742188
    OVFL=0.520812
    HPWL=(16736.570312, 13167.170898)
    POTN=1.499023E+06
    PHIC=2.396691E-09
    GRAD=9.990730E-03
    NuBT=2
    CPU =0.002265

ITER: 13
    HPWL=29893.207031
    OVFL=0.479636
    HPWL=(16659.443359, 13233.763672)
    POTN=1.476148E+06
    PHIC=2.516526E-09
    GRAD=9.234095E-03
    NuBT=1
    CPU =0.001191

ITER: 14
    HPWL=29839.109375
    OVFL=0.460533
    HPWL=(16614.503906, 13224.605469)
    POTN=1.461390E+06
    PHIC=2.642352E-09
    GRAD=1.097898E-02
    NuBT=2
    CPU =0.002245

ITER: 15
    HPWL=29809.076172
    OVFL=0.467658
    HPWL=(16570.091797, 13238.984375)
    POTN=1.446192E+06
    PHIC=2.774469E-09
    GRAD=1.225962E-02
    NuBT=2
    CPU =0.002253

ITER: 16
    HPWL=29808.707031
    OVFL=0.472486
    HPWL=(16541.451172, 13267.255859)
    POTN=1.444088E+06
    PHIC=2.913193E-09
    GRAD=1.240835E-02
    NuBT=2
    CPU =0.002248

ITER: 17
    HPWL=29728.824219
    OVFL=0.416012
    HPWL=(16481.128906, 13247.694336)
    POTN=1.435163E+06
    PHIC=3.058852E-09
    GRAD=1.200514E-02
    NuBT=2
    CPU =0.002259

ITER: 18
    HPWL=29594.347656
    OVFL=0.471920
    HPWL=(16408.771484, 13185.577148)
    POTN=1.439963E+06
    PHIC=3.211795E-09
    GRAD=1.401079E-02
    NuBT=2
    CPU =0.002246

ITER: 19
    HPWL=29627.316406
    OVFL=0.423206
    HPWL=(16405.806641, 13221.509766)
    POTN=1.439361E+06
    PHIC=3.372368E-09
    GRAD=1.176769E-02
    NuBT=1
    CPU =0.001201

ITER: 20
    HPWL=29591.136719
    OVFL=0.392075
    HPWL=(16396.818359, 13194.319336)
    POTN=1.441655E+06
    PHIC=3.540987E-09
    GRAD=1.386933E-02
    NuBT=2
    CPU =0.002242

ITER: 21
    HPWL=29537.726562
    OVFL=0.439849
    HPWL=(16373.137695, 13164.589844)
    POTN=1.448400E+06
    PHIC=3.718036E-09
    GRAD=1.560752E-02
    NuBT=2
    CPU =0.002244

ITER: 22
    HPWL=29589.339844
    OVFL=0.413422
    HPWL=(16397.099609, 13192.240234)
    POTN=1.443289E+06
    PHIC=3.903909E-09
    GRAD=1.328193E-02
    NuBT=2
    CPU =0.002259

ITER: 23
    HPWL=29505.675781
    OVFL=0.403839
    HPWL=(16369.333008, 13136.341797)
    POTN=1.449332E+06
    PHIC=4.099105E-09
    GRAD=1.396935E-02
    NuBT=2
    CPU =0.002256

ITER: 24
    HPWL=29491.859375
    OVFL=0.372633
    HPWL=(16367.492188, 13124.368164)
    POTN=1.449966E+06
    PHIC=4.304060E-09
    GRAD=1.439355E-02
    NuBT=1
    CPU =0.001188

ITER: 25
    HPWL=29463.080078
    OVFL=0.417445
    HPWL=(16356.106445, 13106.973633)
    POTN=1.453814E+06
    PHIC=4.519263E-09
    GRAD=1.634205E-02
    NuBT=2
    CPU =0.002246

ITER: 26
    HPWL=29455.410156
    OVFL=0.413841
    HPWL=(16346.804688, 13108.606445)
    POTN=1.459739E+06
    PHIC=4.745226E-09
    GRAD=1.330136E-02
    NuBT=1
    CPU =0.001190

ITER: 27
    HPWL=29448.439453
    OVFL=0.405429
    HPWL=(16348.084961, 13100.354492)
    POTN=1.467647E+06
    PHIC=4.982486E-09
    GRAD=1.331436E-02
    NuBT=1
    CPU =0.001191

ITER: 28
    HPWL=29510.410156
    OVFL=0.368801
    HPWL=(16382.530273, 13127.879883)
    POTN=1.472048E+06
    PHIC=5.231565E-09
    GRAD=1.401420E-02
    NuBT=1
    CPU =0.001206

ITER: 29
    HPWL=29474.847656
    OVFL=0.410533
    HPWL=(16368.196289, 13106.651367)
    POTN=1.481169E+06
    PHIC=5.493143E-09
    GRAD=1.651534E-02
    NuBT=2
    CPU =0.002232

ITER: 30
    HPWL=29454.976562
    OVFL=0.419861
    HPWL=(16351.643555, 13103.333984)
    POTN=1.488384E+06
    PHIC=5.767800E-09
    GRAD=1.352449E-02
    NuBT=1
    CPU =0.001179

ITER: 31
    HPWL=29484.753906
    OVFL=0.429152
    HPWL=(16367.312500, 13117.440430)
    POTN=1.494105E+06
    PHIC=6.056164E-09
    GRAD=1.294244E-02
    NuBT=1
    CPU =0.001179

ITER: 32
    HPWL=29551.058594
    OVFL=0.432463
    HPWL=(16401.466797, 13149.591797)
    POTN=1.499825E+06
    PHIC=6.358913E-09
    GRAD=1.251475E-02
    NuBT=2
    CPU =0.002232

ITER: 33
    HPWL=29565.474609
    OVFL=0.389466
    HPWL=(16412.574219, 13152.900391)
    POTN=1.504913E+06
    PHIC=6.676844E-09
    GRAD=1.229455E-02
    NuBT=2
    CPU =0.002240

ITER: 34
    HPWL=29516.968750
    OVFL=0.411673
    HPWL=(16393.775391, 13123.193359)
    POTN=1.512948E+06
    PHIC=7.010686E-09
    GRAD=1.494515E-02
    NuBT=2
    CPU =0.002250

ITER: 35
    HPWL=29483.347656
    OVFL=0.440196
    HPWL=(16370.625977, 13112.722656)
    POTN=1.518588E+06
    PHIC=7.361220E-09
    GRAD=1.336750E-02
    NuBT=1
    CPU =0.001192

ITER: 36
    HPWL=29512.541016
    OVFL=0.447515
    HPWL=(16380.288086, 13132.252930)
    POTN=1.521607E+06
    PHIC=7.729248E-09
    GRAD=1.170468E-02
    NuBT=1
    CPU =0.001188

ITER: 37
    HPWL=29568.234375
    OVFL=0.453595
    HPWL=(16406.630859, 13161.602539)
    POTN=1.525362E+06
    PHIC=8.115647E-09
    GRAD=1.133137E-02
    NuBT=1
    CPU =0.001187

ITER: 38
    HPWL=29616.062500
    OVFL=0.436932
    HPWL=(16432.664062, 13183.398438)
    POTN=1.529362E+06
    PHIC=8.521372E-09
    GRAD=1.106146E-02
    NuBT=2
    CPU =0.002248

ITER: 39
    HPWL=29622.570312
    OVFL=0.398912
    HPWL=(16437.197266, 13185.374023)
    POTN=1.533122E+06
    PHIC=8.947432E-09
    GRAD=1.199651E-02
    NuBT=2
    CPU =0.002259

ITER: 40
    HPWL=29591.869141
    OVFL=0.423934
    HPWL=(16420.154297, 13171.714844)
    POTN=1.538347E+06
    PHIC=9.394803E-09
    GRAD=1.444311E-02
    NuBT=2
    CPU =0.002243

ITER: 41
    HPWL=29562.923828
    OVFL=0.434909
    HPWL=(16391.570312, 13171.353516)
    POTN=1.540882E+06
    PHIC=9.864543E-09
    GRAD=1.274158E-02
    NuBT=1
    CPU =0.001182

ITER: 42
    HPWL=29620.070312
    OVFL=0.442036
    HPWL=(16411.541016, 13208.528320)
    POTN=1.542182E+06
    PHIC=1.035769E-08
    GRAD=1.230224E-02
    NuBT=2
    CPU =0.002237

ITER: 43
    HPWL=29602.230469
    OVFL=0.443026
    HPWL=(16397.347656, 13204.883789)
    POTN=1.544737E+06
    PHIC=1.087557E-08
    GRAD=1.185111E-02
    NuBT=2
    CPU =0.002232

ITER: 44
    HPWL=29606.613281
    OVFL=0.437758
    HPWL=(16396.568359, 13210.043945)
    POTN=1.549234E+06
    PHIC=1.141934E-08
    GRAD=1.177735E-02
    NuBT=1
    CPU =0.001182

ITER: 45
    HPWL=29602.027344
    OVFL=0.395624
    HPWL=(16391.210938, 13210.815430)
    POTN=1.551920E+06
    PHIC=1.199031E-08
    GRAD=1.195985E-02
    NuBT=1
    CPU =0.001190

ITER: 46
    HPWL=29533.376953
    OVFL=0.380798
    HPWL=(16355.933594, 13177.443359)
    POTN=1.553701E+06
    PHIC=1.258982E-08
    GRAD=1.452326E-02
    NuBT=2
    CPU =0.002251

ITER: 47
    HPWL=29475.064453
    OVFL=0.396030
    HPWL=(16318.060547, 13157.003906)
    POTN=1.555283E+06
    PHIC=1.321931E-08
    GRAD=1.555090E-02
    NuBT=1
    CPU =0.001199

ITER: 48
    HPWL=29425.808594
    OVFL=0.397691
    HPWL=(16276.620117, 13149.188477)
    POTN=1.553430E+06
    PHIC=1.388028E-08
    GRAD=1.453452E-02
    NuBT=1
    CPU =0.001186

ITER: 49
    HPWL=29395.019531
    OVFL=0.397624
    HPWL=(16251.034180, 13143.985352)
    POTN=1.552272E+06
    PHIC=1.457429E-08
    GRAD=1.453947E-02
    NuBT=2
    CPU =0.002246

ITER: 50
    HPWL=29423.552734
    OVFL=0.390878
    HPWL=(16261.033203, 13162.519531)
    POTN=1.551718E+06
    PHIC=1.530294E-08
    GRAD=1.447549E-02
    NuBT=2
    CPU =0.002250

ITER: 51
    HPWL=29458.451172
    OVFL=0.383114
    HPWL=(16283.841797, 13174.609375)
    POTN=1.551504E+06
    PHIC=1.606801E-08
    GRAD=1.486334E-02
    NuBT=2
    CPU =0.002263

ITER: 52
    HPWL=29447.486328
    OVFL=0.372916
    HPWL=(16282.086914, 13165.399414)
    POTN=1.550835E+06
    PHIC=1.687141E-08
    GRAD=1.532958E-02
    NuBT=2
    CPU =0.002246

ITER: 53
    HPWL=29425.195312
    OVFL=0.362127
    HPWL=(16271.457031, 13153.739258)
    POTN=1.549792E+06
    PHIC=1.771498E-08
    GRAD=1.605704E-02
    NuBT=2
    CPU =0.002248

ITER: 54
    HPWL=29405.523438
    OVFL=0.349747
    HPWL=(16261.021484, 13144.501953)
    POTN=1.547911E+06
    PHIC=1.860073E-08
    GRAD=1.688738E-02
    NuBT=1
    CPU =0.001185

ITER: 55
    HPWL=29385.320312
    OVFL=0.336540
    HPWL=(16247.312500, 13138.006836)
    POTN=1.545037E+06
    PHIC=1.953077E-08
    GRAD=1.789104E-02
    NuBT=1
    CPU =0.001188

ITER: 56
    HPWL=29367.142578
    OVFL=0.326784
    HPWL=(16234.092773, 13133.049805)
    POTN=1.541814E+06
    PHIC=2.050730E-08
    GRAD=1.904854E-02
    NuBT=2
    CPU =0.002265

ITER: 57
    HPWL=29329.464844
    OVFL=0.316829
    HPWL=(16213.342773, 13116.122070)
    POTN=1.538025E+06
    PHIC=2.153267E-08
    GRAD=1.988600E-02
    NuBT=2
    CPU =0.002244

ITER: 58
    HPWL=29288.255859
    OVFL=0.307355
    HPWL=(16194.006836, 13094.249023)
    POTN=1.534571E+06
    PHIC=2.260930E-08
    GRAD=2.073684E-02
    NuBT=2
    CPU =0.002247

ITER: 59
    HPWL=29249.619141
    OVFL=0.296841
    HPWL=(16178.042969, 13071.576172)
    POTN=1.530800E+06
    PHIC=2.373977E-08
    GRAD=2.156751E-02
    NuBT=2
    CPU =0.002245

ITER: 60
    HPWL=29217.103516
    OVFL=0.285042
    HPWL=(16166.594727, 13050.508789)
    POTN=1.526537E+06
    PHIC=2.492675E-08
    GRAD=2.251778E-02
    NuBT=2
    CPU =0.002253

ITER: 61
    HPWL=29192.318359
    OVFL=0.272205
    HPWL=(16158.956055, 13033.362305)
    POTN=1.522137E+06
    PHIC=2.617309E-08
    GRAD=2.363188E-02
    NuBT=2
    CPU =0.002263

ITER: 62
    HPWL=29169.998047
    OVFL=0.260026
    HPWL=(16152.525391, 13017.472656)
    POTN=1.517619E+06
    PHIC=2.748174E-08
    GRAD=2.488783E-02
    NuBT=2
    CPU =0.002251

ITER: 63
    HPWL=29148.955078
    OVFL=0.248819
    HPWL=(16146.115234, 13002.839844)
    POTN=1.512461E+06
    PHIC=2.885583E-08
    GRAD=2.611683E-02
    NuBT=2
    CPU =0.002242

ITER: 64
    HPWL=29128.214844
    OVFL=0.238973
    HPWL=(16139.378906, 12988.836914)
    POTN=1.507650E+06
    PHIC=3.029862E-08
    GRAD=2.726184E-02
    NuBT=2
    CPU =0.002252

ITER: 65
    HPWL=29109.648438
    OVFL=0.229137
    HPWL=(16133.482422, 12976.166992)
    POTN=1.502620E+06
    PHIC=3.181355E-08
    GRAD=2.827238E-02
    NuBT=2
    CPU =0.002260

ITER: 66
    HPWL=29092.169922
    OVFL=0.219643
    HPWL=(16127.726562, 12964.443359)
    POTN=1.497326E+06
    PHIC=3.340422E-08
    GRAD=2.927067E-02
    NuBT=2
    CPU =0.002246

ITER: 67
    HPWL=29075.738281
    OVFL=0.210066
    HPWL=(16120.897461, 12954.841797)
    POTN=1.491989E+06
    PHIC=3.507443E-08
    GRAD=3.022982E-02
    NuBT=2
    CPU =0.002245

ITER: 68
    HPWL=29058.765625
    OVFL=0.202520
    HPWL=(16112.532227, 12946.232422)
    POTN=1.486491E+06
    PHIC=3.682815E-08
    GRAD=3.117837E-02
    NuBT=2
    CPU =0.002249

ITER: 69
    HPWL=29044.750000
    OVFL=0.194886
    HPWL=(16104.245117, 12940.504883)
    POTN=1.481282E+06
    PHIC=3.866956E-08
    GRAD=3.193261E-02
    NuBT=2
    CPU =0.002248

ITER: 70
    HPWL=29032.234375
    OVFL=0.185623
    HPWL=(16095.204102, 12937.030273)
    POTN=1.475876E+06
    PHIC=4.060303E-08
    GRAD=3.267584E-02
    NuBT=2
    CPU =0.002257

ITER: 71
    HPWL=29020.097656
    OVFL=0.174852
    HPWL=(16085.036133, 12935.060547)
    POTN=1.470495E+06
    PHIC=4.263318E-08
    GRAD=3.355727E-02
    NuBT=2
    CPU =0.002250

ITER: 72
    HPWL=29006.667969
    OVFL=0.162977
    HPWL=(16073.416992, 12933.250977)
    POTN=1.465096E+06
    PHIC=4.476484E-08
    GRAD=3.454914E-02
    NuBT=2
    CPU =0.002250

ITER: 73
    HPWL=28992.531250
    OVFL=0.148923
    HPWL=(16060.596680, 12931.935547)
    POTN=1.459758E+06
    PHIC=4.700308E-08
    GRAD=3.559047E-02
    NuBT=2
    CPU =0.002246

ITER: 74
    HPWL=28977.314453
    OVFL=0.133861
    HPWL=(16046.816406, 12930.498047)
    POTN=1.454463E+06
    PHIC=4.935323E-08
    GRAD=3.673339E-02
    NuBT=2
    CPU =0.002257

ITER: 75
    HPWL=28962.619141
    OVFL=0.117763
    HPWL=(16033.813477, 12928.805664)
    POTN=1.449062E+06
    PHIC=5.182089E-08
    GRAD=3.783908E-02
    NuBT=2
    CPU =0.002246

ITER: 76
    HPWL=28946.625000
    OVFL=0.103701
    HPWL=(16020.637695, 12925.987305)
    POTN=1.443779E+06
    PHIC=5.441193E-08
    GRAD=3.885564E-02
    NuBT=2
    CPU =0.002255

ITER: 77
    HPWL=28929.558594
    OVFL=0.091120
    HPWL=(16007.181641, 12922.377930)
    POTN=1.438389E+06
    PHIC=5.713252E-08
    GRAD=3.961065E-02
    NuBT=2
    CPU =0.002244
[INFO] Nesterov: NumIters = 77
[INFO] Nesterov: ScaledHpwl = 28929.558594
[INFO] Nesterov: Overflow = 0.091120
[INFO] Nesterov: Potential = 1438389.375000
[INFO] Nesterov: xInstScaledHpwl = 28915.582031
[INFO] Nesterov: yInstScaledHpwl = 28929.558594
[INFO] Nesterov: HPWL = 8738.931641
