Mon Aug 31 15:54:25 UTC 2020 - Executing "/openLANE_flow/scripts//padLefMacro.py -s unithd -r 8 -i /openLANE_flow/designs/sb_0__0_/runs/final_pin_placement//tmp//merged_unpadded.lef -o /openLANE_flow/designs/sb_0__0_/runs/final_pin_placement//tmp//merged.lef -e {sky130_fd_sc_hd__tap* sky130_fd_sc_hd__decap* sky130_fd_sc_hd__fill*} |& tee >&@stdout"

Mon Aug 31 15:54:34 UTC 2020 - Executing "sed -i -E {s/CLASS PAD.*$/CLASS PAD ;/g} /openLANE_flow/designs/sb_0__0_/runs/final_pin_placement//tmp//merged.lef"

Mon Aug 31 15:54:34 UTC 2020 - Executing "sed -i -E {s/CLASS PAD.*$/CLASS PAD ;/g} /openLANE_flow/designs/sb_0__0_/runs/final_pin_placement//tmp//merged_unpadded.lef"

Mon Aug 31 15:54:34 UTC 2020 - Executing "/openLANE_flow/scripts//libtrim.pl /home/aa/Desktop/Afify/openlane-rc2/openlane/pdks/sky130A/libs.ref/sky130_fd_sc_hd/lib/sky130_fd_sc_hd__tt_025C_1v80.lib /home/aa/Desktop/Afify/openlane-rc2/openlane/pdks/sky130A/libs.tech/openlane/sky130_fd_sc_hd/no_synth.cells > /openLANE_flow/designs/sb_0__0_/runs/final_pin_placement//tmp//trimmed.lib"

Mon Aug 31 15:54:38 UTC 2020 - Executing "yosys -c /openLANE_flow/scripts//synth.tcl -l /openLANE_flow/designs/sb_0__0_/runs/final_pin_placement//logs/synthesis/yosys.log |& tee >&@stdout"

Mon Aug 31 15:54:39 UTC 2020 - Executing "sta /openLANE_flow/scripts//sta.tcl |& tee >&@stdout /openLANE_flow/designs/sb_0__0_/runs/final_pin_placement//logs/synthesis/opensta.log"

Mon Aug 31 15:54:43 UTC 2020 - Executing "openroad -exit /openLANE_flow/scripts//openroad/or_floorplan.tcl |& tee >&@stdout /openLANE_flow/designs/sb_0__0_/runs/final_pin_placement//logs/floorplan/verilog2def.openroad.log"

Mon Aug 31 15:54:43 UTC 2020 - Executing "openroad -exit /openLANE_flow/scripts//openroad/or_ioplacer.tcl |& tee >&@stdout /openLANE_flow/designs/sb_0__0_/runs/final_pin_placement//logs/floorplan/ioPlacer.log"

Mon Aug 31 15:54:44 UTC 2020 - Executing "openroad -exit /openLANE_flow/scripts//openroad/or_tapcell.tcl |& tee >&@stdout /openLANE_flow/designs/sb_0__0_/runs/final_pin_placement//logs/floorplan/tapcell.log"

Mon Aug 31 15:55:14 UTC 2020 - Executing "replace < /openLANE_flow/scripts//replace_gp.tcl |& tee >&@stdout /openLANE_flow/designs/sb_0__0_/runs/final_pin_placement//logs/placement/replace.log"

Mon Aug 31 15:55:15 UTC 2020 - Executing "cp /openLANE_flow/designs/sb_0__0_/runs/final_pin_placement//tmp/placement/replace_place.def /openLANE_flow/designs/sb_0__0_/runs/final_pin_placement//tmp/placement/replace.def"

Mon Aug 31 15:55:15 UTC 2020 - Executing "opendp -lef /openLANE_flow/designs/sb_0__0_/runs/final_pin_placement//tmp//merged.lef -def /openLANE_flow/designs/sb_0__0_/runs/final_pin_placement//tmp/placement/replace.def -output_def /openLANE_flow/designs/sb_0__0_/runs/final_pin_placement//results/placement/sb_0__0_.placement.def |& tee >&@stdout /openLANE_flow/designs/sb_0__0_/runs/final_pin_placement//logs/placement/opendp.log"

Mon Aug 31 15:55:18 UTC 2020 - Executing "openroad -exit /openLANE_flow/scripts//openroad/or_cts.tcl |& tee >&@stdout /openLANE_flow/designs/sb_0__0_/runs/final_pin_placement//logs/cts/cts.log"

Mon Aug 31 15:58:49 UTC 2020 - Executing "openroad -exit /openLANE_flow/scripts//new_pdn.tcl |& tee >&@stdout /openLANE_flow/designs/sb_0__0_/runs/final_pin_placement//logs/floorplan/pdn.log"

Mon Aug 31 15:58:55 UTC 2020 - Executing "openroad -exit /openLANE_flow/scripts//openroad/or_diodes.tcl |& tee >&@stdout /openLANE_flow/designs/sb_0__0_/runs/final_pin_placement//logs//placement/diodes.log"

Mon Aug 31 15:58:55 UTC 2020 - Executing "openroad -exit /openLANE_flow/scripts//openroad/or_fill.tcl |& tee >&@stdout /openLANE_flow/designs/sb_0__0_/runs/final_pin_placement//logs/routing/addspacers.log"

Mon Aug 31 15:58:56 UTC 2020 - Executing "openroad -exit /openLANE_flow/scripts//openroad/or_write_verilog.tcl |& tee >&@stdout /openLANE_flow/designs/sb_0__0_/runs/final_pin_placement//logs//write_verilog.log"

Mon Aug 31 15:58:56 UTC 2020 - Executing "openroad -exit /openLANE_flow/scripts//openroad/or_route.tcl |& tee >&@stdout /openLANE_flow/designs/sb_0__0_/runs/final_pin_placement//logs/routing/fastroute.log"

Mon Aug 31 15:59:02 UTC 2020 - Executing "envsubst < /openLANE_flow/scripts//tritonRoute.param > /openLANE_flow/designs/sb_0__0_/runs/final_pin_placement//tmp/routing/tritonRoute.param"

Mon Aug 31 15:59:02 UTC 2020 - Executing "TritonRoute /openLANE_flow/designs/sb_0__0_/runs/final_pin_placement//tmp/routing/tritonRoute.param |& tee >&@stdout /openLANE_flow/designs/sb_0__0_/runs/final_pin_placement//logs/routing/tritonRoute.log"

Mon Aug 31 16:20:37 UTC 2020 - Executing "magic -noconsole -dnull -rcfile /openLANE_flow/designs/sb_0__0_/runs/final_pin_placement//tmp//tmp.magicrc /openLANE_flow/designs/sb_0__0_/runs/final_pin_placement//tmp//magic_spice.tcl </dev/null |& tee >&@stdout /openLANE_flow/designs/sb_0__0_/runs/final_pin_placement//logs/magic/magic_spice.log"

Mon Aug 31 16:24:21 UTC 2020 - Executing "vlog2Verilog -v VPWR -g VGND -l /openLANE_flow/designs/sb_0__0_/runs/final_pin_placement//tmp//merged.lef /openLANE_flow/designs/sb_0__0_/runs/final_pin_placement//results/synthesis/sb_0__0_.synthesis_preroute.v |& tee /openLANE_flow/designs/sb_0__0_/runs/final_pin_placement//results/lvs/sb_0__0_.lvs.v"

Mon Aug 31 16:24:21 UTC 2020 - Executing "netgen -batch lvs {/openLANE_flow/designs/sb_0__0_/runs/final_pin_placement//results/magic/sb_0__0_.spice sb_0__0_} {/openLANE_flow/designs/sb_0__0_/runs/final_pin_placement//results/lvs/sb_0__0_.lvs.v sb_0__0_} /home/aa/Desktop/Afify/openlane-rc2/openlane/pdks/sky130A/libs.tech/netgen/sky130A_setup.tcl /openLANE_flow/designs/sb_0__0_/runs/final_pin_placement//results/lvs/sb_0__0_.lvs.log -json |& tee >&@stdout /openLANE_flow/designs/sb_0__0_/runs/final_pin_placement//logs/lvs/lvs.log"

Mon Aug 31 16:24:34 UTC 2020 - Executing "magic -noconsole -dnull -rcfile /openLANE_flow/designs/sb_0__0_/runs/final_pin_placement//tmp//magic_antenna.magicrc /openLANE_flow/designs/sb_0__0_/runs/final_pin_placement//tmp//magic_antenna.tcl </dev/null |& tee >&@stdout /openLANE_flow/designs/sb_0__0_/runs/final_pin_placement//logs/magic/magic_antenna.log"

Mon Aug 31 16:27:04 UTC 2020 - Executing "awk {/Cell:/ {print $2}} /openLANE_flow/designs/sb_0__0_/runs/final_pin_placement//logs/magic/magic_antenna.log > /openLANE_flow/designs/sb_0__0_/runs/final_pin_placement//reports/magic/magic.antenna_violators.rpt"

